[0.142s] Invoking command in '/home/hiro/rust_ws/build/builtin_interfaces': AMENT_PREFIX_PATH=/home/hiro/rust_ws/install/rosidl_default_runtime:/home/hiro/rust_ws/install/rosidl_default_generators:/home/hiro/rust_ws/install/rosidl_generator_rs:/home/hiro/rust_ws/install/rosidl_runtime_rs:${AMENT_PREFIX_PATH} CMAKE_PREFIX_PATH=/home/hiro/rust_ws/install/rosidl_default_runtime:/home/hiro/rust_ws/install/rosidl_default_generators:/home/hiro/rust_ws/install/rosidl_generator_rs:/home/hiro/ws_livox/install/livox_ros_driver2:/opt/ros/humble PYTHONPATH=/home/hiro/rust_ws/install/rosidl_generator_rs/local/lib/python3.10/dist-packages:${PYTHONPATH} /usr/bin/cmake /home/hiro/rust_ws/src/src/ros2/rcl_interfaces/builtin_interfaces -DCMAKE_INSTALL_PREFIX=/home/hiro/rust_ws/install/builtin_interfaces
[0.247s] -- The C compiler identification is GNU 11.4.0
[0.638s] -- The CXX compiler identification is GNU 11.4.0
[1.057s] -- Detecting C compiler ABI info
[1.181s] -- Detecting C compiler ABI info - done
[1.185s] -- Check for working C compiler: /usr/bin/cc - skipped
[1.186s] -- Detecting C compile features
[1.186s] -- Detecting C compile features - done
[1.188s] -- Detecting CXX compiler ABI info
[1.287s] -- Detecting CXX compiler ABI info - done
[1.291s] -- Check for working CXX compiler: /usr/bin/c++ - skipped
[1.291s] -- Detecting CXX compile features
[1.292s] -- Detecting CXX compile features - done
[1.293s] -- Found ament_cmake: 1.3.10 (/opt/ros/humble/share/ament_cmake/cmake)
[1.815s] -- Found Python3: /usr/bin/python3 (found version "3.10.12") found components: Interpreter 
[1.880s] -- Found rosidl_default_generators: 1.2.0 (/home/hiro/rust_ws/install/rosidl_default_generators/share/rosidl_default_generators/cmake)
[1.881s] -- Using all available rosidl_typesupport_c: rosidl_typesupport_fastrtps_c;rosidl_typesupport_introspection_c
[1.885s] -- Found rosidl_adapter: 3.1.5 (/opt/ros/humble/share/rosidl_adapter/cmake)
[2.015s] -- Using all available rosidl_typesupport_cpp: rosidl_typesupport_fastrtps_cpp;rosidl_typesupport_introspection_cpp
[2.225s] -- Found ament_cmake_cppcheck: 0.12.11 (/opt/ros/humble/share/ament_cmake_cppcheck/cmake)
[2.227s] -- Found ament_cmake_cpplint: 0.12.11 (/opt/ros/humble/share/ament_cmake_cpplint/cmake)
[2.228s] -- Found ament_cmake_uncrustify: 0.12.11 (/opt/ros/humble/share/ament_cmake_uncrustify/cmake)
[2.231s] -- Found ament_cmake_ros: 0.10.0 (/opt/ros/humble/share/ament_cmake_ros/cmake)
[2.385s] -- Using all available rosidl_typesupport_c: rosidl_typesupport_fastrtps_c;rosidl_typesupport_introspection_c
[2.569s] -- Using all available rosidl_typesupport_cpp: rosidl_typesupport_fastrtps_cpp;rosidl_typesupport_introspection_cpp
[2.696s] -- Found PythonInterp: /usr/bin/python3 (found suitable version "3.10.12", minimum required is "3.6") 
[2.697s] -- Found python_cmake_module: 0.10.0 (/opt/ros/humble/share/python_cmake_module/cmake)
[2.986s] -- Found PythonLibs: /usr/lib/x86_64-linux-gnu/libpython3.10.so (found suitable version "3.10.12", minimum required is "3.5") 
[2.986s] -- Using PYTHON_EXECUTABLE: /usr/bin/python3
[2.986s] -- Using PYTHON_INCLUDE_DIRS: /usr/include/python3.10
[2.986s] -- Using PYTHON_LIBRARIES: /usr/lib/x86_64-linux-gnu/libpython3.10.so
[3.004s] -- Found PythonExtra: .so  
[3.060s] -- Found ament_cmake_flake8: 0.12.11 (/opt/ros/humble/share/ament_cmake_flake8/cmake)
[3.063s] -- Found ament_cmake_pep257: 0.12.11 (/opt/ros/humble/share/ament_cmake_pep257/cmake)
[3.070s] -- Configuring done
[3.100s] -- Generating done
[3.104s] -- Build files have been written to: /home/hiro/rust_ws/build/builtin_interfaces
[3.114s] Invoked command in '/home/hiro/rust_ws/build/builtin_interfaces' returned '0': AMENT_PREFIX_PATH=/home/hiro/rust_ws/install/rosidl_default_runtime:/home/hiro/rust_ws/install/rosidl_default_generators:/home/hiro/rust_ws/install/rosidl_generator_rs:/home/hiro/rust_ws/install/rosidl_runtime_rs:${AMENT_PREFIX_PATH} CMAKE_PREFIX_PATH=/home/hiro/rust_ws/install/rosidl_default_runtime:/home/hiro/rust_ws/install/rosidl_default_generators:/home/hiro/rust_ws/install/rosidl_generator_rs:/home/hiro/ws_livox/install/livox_ros_driver2:/opt/ros/humble PYTHONPATH=/home/hiro/rust_ws/install/rosidl_generator_rs/local/lib/python3.10/dist-packages:${PYTHONPATH} /usr/bin/cmake /home/hiro/rust_ws/src/src/ros2/rcl_interfaces/builtin_interfaces -DCMAKE_INSTALL_PREFIX=/home/hiro/rust_ws/install/builtin_interfaces
[3.118s] Invoking command in '/home/hiro/rust_ws/build/builtin_interfaces': AMENT_PREFIX_PATH=/home/hiro/rust_ws/install/rosidl_default_runtime:/home/hiro/rust_ws/install/rosidl_default_generators:/home/hiro/rust_ws/install/rosidl_generator_rs:/home/hiro/rust_ws/install/rosidl_runtime_rs:${AMENT_PREFIX_PATH} CMAKE_PREFIX_PATH=/home/hiro/rust_ws/install/rosidl_default_runtime:/home/hiro/rust_ws/install/rosidl_default_generators:/home/hiro/rust_ws/install/rosidl_generator_rs:/home/hiro/ws_livox/install/livox_ros_driver2:/opt/ros/humble PYTHONPATH=/home/hiro/rust_ws/install/rosidl_generator_rs/local/lib/python3.10/dist-packages:${PYTHONPATH} /usr/bin/cmake --build /home/hiro/rust_ws/build/builtin_interfaces -- -j22 -l22
[3.149s] [  2%] [34m[1mGenerating C code for ROS interfaces[0m
[3.159s] [  5%] [34m[1mGenerating Rust code for ROS interfaces[0m
[3.160s] [  7%] [34m[1mGenerating C++ code for ROS interfaces[0m
[3.166s] [  7%] Built target ament_cmake_python_copy_builtin_interfaces
[3.569s] [  7%] Built target builtin_interfaces__rs
[3.615s] [  7%] Built target builtin_interfaces__cpp
[3.626s] [ 12%] [34m[1mGenerating C++ introspection for ROS interfaces[0m
[3.627s] [ 12%] [34m[1mGenerating C++ type support dispatch for ROS interfaces[0m
[3.630s] [ 15%] [34m[1mGenerating C++ type support for eProsima Fast-RTPS[0m
[3.631s] running egg_info
[3.633s] creating builtin_interfaces.egg-info
[3.654s] writing builtin_interfaces.egg-info/PKG-INFO
[3.654s] writing dependency_links to builtin_interfaces.egg-info/dependency_links.txt
[3.655s] writing top-level names to builtin_interfaces.egg-info/top_level.txt
[3.655s] writing manifest file 'builtin_interfaces.egg-info/SOURCES.txt'
[3.713s] reading manifest file 'builtin_interfaces.egg-info/SOURCES.txt'
[3.714s] writing manifest file 'builtin_interfaces.egg-info/SOURCES.txt'
[3.758s] [ 17%] [32mBuilding C object CMakeFiles/builtin_interfaces__rosidl_generator_c.dir/rosidl_generator_c/builtin_interfaces/msg/detail/duration__functions.c.o[0m
[3.776s] [ 20%] [32mBuilding C object CMakeFiles/builtin_interfaces__rosidl_generator_c.dir/rosidl_generator_c/builtin_interfaces/msg/detail/time__functions.c.o[0m
[3.799s] [ 20%] Built target ament_cmake_python_build_builtin_interfaces_egg
[3.831s] [ 22%] [32m[1mLinking C shared library libbuiltin_interfaces__rosidl_generator_c.so[0m
[3.946s] [ 22%] Built target builtin_interfaces__rosidl_generator_c
[3.958s] [ 25%] [34m[1mGenerating C introspection for ROS interfaces[0m
[3.960s] [ 27%] [34m[1mGenerating C type support for eProsima Fast-RTPS[0m
[3.961s] [ 30%] [34m[1mGenerating C type support dispatch for ROS interfaces[0m
[4.057s] [ 32%] [32mBuilding CXX object CMakeFiles/builtin_interfaces__rosidl_typesupport_cpp.dir/rosidl_typesupport_cpp/builtin_interfaces/msg/duration__type_support.cpp.o[0m
[4.062s] [ 35%] [32mBuilding CXX object CMakeFiles/builtin_interfaces__rosidl_typesupport_cpp.dir/rosidl_typesupport_cpp/builtin_interfaces/msg/time__type_support.cpp.o[0m
[4.099s] [ 37%] [32mBuilding CXX object CMakeFiles/builtin_interfaces__rosidl_typesupport_introspection_cpp.dir/rosidl_typesupport_introspection_cpp/builtin_interfaces/msg/detail/duration__type_support.cpp.o[0m
[4.104s] [ 40%] [32mBuilding CXX object CMakeFiles/builtin_interfaces__rosidl_typesupport_introspection_cpp.dir/rosidl_typesupport_introspection_cpp/builtin_interfaces/msg/detail/time__type_support.cpp.o[0m
[4.181s] [ 42%] [32mBuilding CXX object CMakeFiles/builtin_interfaces__rosidl_typesupport_fastrtps_cpp.dir/rosidl_typesupport_fastrtps_cpp/builtin_interfaces/msg/detail/dds_fastrtps/duration__type_support.cpp.o[0m
[4.185s] [ 45%] [32mBuilding CXX object CMakeFiles/builtin_interfaces__rosidl_typesupport_fastrtps_cpp.dir/rosidl_typesupport_fastrtps_cpp/builtin_interfaces/msg/detail/dds_fastrtps/time__type_support.cpp.o[0m
[4.458s] [ 47%] [32mBuilding CXX object CMakeFiles/builtin_interfaces__rosidl_typesupport_c.dir/rosidl_typesupport_c/builtin_interfaces/msg/duration__type_support.cpp.o[0m
[4.459s] [ 50%] [32mBuilding CXX object CMakeFiles/builtin_interfaces__rosidl_typesupport_c.dir/rosidl_typesupport_c/builtin_interfaces/msg/time__type_support.cpp.o[0m
[4.472s] [ 52%] [32mBuilding C object CMakeFiles/builtin_interfaces__rosidl_typesupport_introspection_c.dir/rosidl_typesupport_introspection_c/builtin_interfaces/msg/detail/duration__type_support.c.o[0m
[4.483s] [ 55%] [32mBuilding C object CMakeFiles/builtin_interfaces__rosidl_typesupport_introspection_c.dir/rosidl_typesupport_introspection_c/builtin_interfaces/msg/detail/time__type_support.c.o[0m
[4.494s] [ 57%] [32m[1mLinking CXX shared library libbuiltin_interfaces__rosidl_typesupport_cpp.so[0m
[4.513s] [ 60%] [32m[1mLinking CXX shared library libbuiltin_interfaces__rosidl_typesupport_c.so[0m
[4.542s] [ 62%] [32m[1mLinking C shared library libbuiltin_interfaces__rosidl_typesupport_introspection_c.so[0m
[4.591s] [ 65%] [32mBuilding CXX object CMakeFiles/builtin_interfaces__rosidl_typesupport_fastrtps_c.dir/rosidl_typesupport_fastrtps_c/builtin_interfaces/msg/detail/duration__type_support_c.cpp.o[0m
[4.594s] [ 67%] [32mBuilding CXX object CMakeFiles/builtin_interfaces__rosidl_typesupport_fastrtps_c.dir/rosidl_typesupport_fastrtps_c/builtin_interfaces/msg/detail/time__type_support_c.cpp.o[0m
[4.677s] [ 70%] [32m[1mLinking CXX shared library libbuiltin_interfaces__rosidl_typesupport_introspection_cpp.so[0m
[4.682s] [ 70%] Built target builtin_interfaces__rosidl_typesupport_cpp
[4.683s] [ 70%] Built target builtin_interfaces__rosidl_typesupport_introspection_c
[4.686s] [ 70%] Built target builtin_interfaces__rosidl_typesupport_c
[4.848s] [ 72%] [32m[1mLinking CXX shared library libbuiltin_interfaces__rosidl_typesupport_fastrtps_cpp.so[0m
[4.864s] [ 72%] Built target builtin_interfaces__rosidl_typesupport_introspection_cpp
[5.108s] [ 72%] Built target builtin_interfaces__rosidl_typesupport_fastrtps_cpp
[5.116s] [ 75%] [32m[1mLinking CXX shared library libbuiltin_interfaces__rosidl_typesupport_fastrtps_c.so[0m
[5.292s] [ 75%] Built target builtin_interfaces__rosidl_typesupport_fastrtps_c
[5.311s] [ 75%] Built target builtin_interfaces
[5.337s] [ 77%] [34m[1mGenerating Python code for ROS interfaces[0m
[5.960s] [ 77%] Built target builtin_interfaces__py
[5.980s] [ 80%] [32mBuilding C object CMakeFiles/builtin_interfaces__rosidl_generator_py.dir/rosidl_generator_py/builtin_interfaces/msg/_duration_s.c.o[0m
[5.992s] [ 82%] [32mBuilding C object CMakeFiles/builtin_interfaces__rosidl_generator_py.dir/rosidl_generator_py/builtin_interfaces/msg/_time_s.c.o[0m
[6.116s] [ 85%] [32m[1mLinking C shared library rosidl_generator_py/builtin_interfaces/libbuiltin_interfaces__rosidl_generator_py.so[0m
[6.255s] [ 85%] Built target builtin_interfaces__rosidl_generator_py
[6.277s] [ 87%] [32mBuilding C object CMakeFiles/builtin_interfaces__rosidl_typesupport_fastrtps_c__pyext.dir/rosidl_generator_py/builtin_interfaces/_builtin_interfaces_s.ep.rosidl_typesupport_fastrtps_c.c.o[0m
[6.285s] [ 90%] [32mBuilding C object CMakeFiles/builtin_interfaces__rosidl_typesupport_c__pyext.dir/rosidl_generator_py/builtin_interfaces/_builtin_interfaces_s.ep.rosidl_typesupport_c.c.o[0m
[6.290s] [ 92%] [32mBuilding C object CMakeFiles/builtin_interfaces__rosidl_typesupport_introspection_c__pyext.dir/rosidl_generator_py/builtin_interfaces/_builtin_interfaces_s.ep.rosidl_typesupport_introspection_c.c.o[0m
[6.391s] [ 95%] [32m[1mLinking C shared library rosidl_generator_py/builtin_interfaces/builtin_interfaces_s__rosidl_typesupport_fastrtps_c.cpython-310-x86_64-linux-gnu.so[0m
[6.393s] [ 97%] [32m[1mLinking C shared library rosidl_generator_py/builtin_interfaces/builtin_interfaces_s__rosidl_typesupport_c.cpython-310-x86_64-linux-gnu.so[0m
[6.421s] [100%] [32m[1mLinking C shared library rosidl_generator_py/builtin_interfaces/builtin_interfaces_s__rosidl_typesupport_introspection_c.cpython-310-x86_64-linux-gnu.so[0m
[6.471s] [100%] Built target builtin_interfaces__rosidl_typesupport_fastrtps_c__pyext
[6.476s] [100%] Built target builtin_interfaces__rosidl_typesupport_c__pyext
[6.511s] [100%] Built target builtin_interfaces__rosidl_typesupport_introspection_c__pyext
[6.525s] Invoked command in '/home/hiro/rust_ws/build/builtin_interfaces' returned '0': AMENT_PREFIX_PATH=/home/hiro/rust_ws/install/rosidl_default_runtime:/home/hiro/rust_ws/install/rosidl_default_generators:/home/hiro/rust_ws/install/rosidl_generator_rs:/home/hiro/rust_ws/install/rosidl_runtime_rs:${AMENT_PREFIX_PATH} CMAKE_PREFIX_PATH=/home/hiro/rust_ws/install/rosidl_default_runtime:/home/hiro/rust_ws/install/rosidl_default_generators:/home/hiro/rust_ws/install/rosidl_generator_rs:/home/hiro/ws_livox/install/livox_ros_driver2:/opt/ros/humble PYTHONPATH=/home/hiro/rust_ws/install/rosidl_generator_rs/local/lib/python3.10/dist-packages:${PYTHONPATH} /usr/bin/cmake --build /home/hiro/rust_ws/build/builtin_interfaces -- -j22 -l22
[6.604s] Invoking command in '/home/hiro/rust_ws/build/builtin_interfaces': AMENT_PREFIX_PATH=/home/hiro/rust_ws/install/rosidl_default_runtime:/home/hiro/rust_ws/install/rosidl_default_generators:/home/hiro/rust_ws/install/rosidl_generator_rs:/home/hiro/rust_ws/install/rosidl_runtime_rs:${AMENT_PREFIX_PATH} CMAKE_PREFIX_PATH=/home/hiro/rust_ws/install/rosidl_default_runtime:/home/hiro/rust_ws/install/rosidl_default_generators:/home/hiro/rust_ws/install/rosidl_generator_rs:/home/hiro/ws_livox/install/livox_ros_driver2:/opt/ros/humble PYTHONPATH=/home/hiro/rust_ws/install/rosidl_generator_rs/local/lib/python3.10/dist-packages:${PYTHONPATH} /usr/bin/cmake --install /home/hiro/rust_ws/build/builtin_interfaces
[6.609s] -- Install configuration: ""
[6.610s] -- Installing: /home/hiro/rust_ws/install/builtin_interfaces/share/ament_index/resource_index/rosidl_interfaces/builtin_interfaces
[6.610s] -- Installing: /home/hiro/rust_ws/install/builtin_interfaces/include/builtin_interfaces/builtin_interfaces
[6.610s] -- Installing: /home/hiro/rust_ws/install/builtin_interfaces/include/builtin_interfaces/builtin_interfaces/msg
[6.610s] -- Installing: /home/hiro/rust_ws/install/builtin_interfaces/include/builtin_interfaces/builtin_interfaces/msg/time.h
[6.611s] -- Installing: /home/hiro/rust_ws/install/builtin_interfaces/include/builtin_interfaces/builtin_interfaces/msg/rosidl_generator_c__visibility_control.h
[6.611s] -- Installing: /home/hiro/rust_ws/install/builtin_interfaces/include/builtin_interfaces/builtin_interfaces/msg/detail
[6.611s] -- Installing: /home/hiro/rust_ws/install/builtin_interfaces/include/builtin_interfaces/builtin_interfaces/msg/detail/duration__struct.h
[6.611s] -- Installing: /home/hiro/rust_ws/install/builtin_interfaces/include/builtin_interfaces/builtin_interfaces/msg/detail/duration__functions.h
[6.611s] -- Installing: /home/hiro/rust_ws/install/builtin_interfaces/include/builtin_interfaces/builtin_interfaces/msg/detail/duration__functions.c
[6.611s] -- Installing: /home/hiro/rust_ws/install/builtin_interfaces/include/builtin_interfaces/builtin_interfaces/msg/detail/time__type_support.h
[6.612s] -- Installing: /home/hiro/rust_ws/install/builtin_interfaces/include/builtin_interfaces/builtin_interfaces/msg/detail/time__functions.h
[6.612s] -- Installing: /home/hiro/rust_ws/install/builtin_interfaces/include/builtin_interfaces/builtin_interfaces/msg/detail/time__struct.h
[6.612s] -- Installing: /home/hiro/rust_ws/install/builtin_interfaces/include/builtin_interfaces/builtin_interfaces/msg/detail/duration__type_support.h
[6.612s] -- Installing: /home/hiro/rust_ws/install/builtin_interfaces/include/builtin_interfaces/builtin_interfaces/msg/detail/time__functions.c
[6.612s] -- Installing: /home/hiro/rust_ws/install/builtin_interfaces/include/builtin_interfaces/builtin_interfaces/msg/duration.h
[6.613s] -- Installing: /home/hiro/rust_ws/install/builtin_interfaces/share/builtin_interfaces/environment/library_path.sh
[6.613s] -- Installing: /home/hiro/rust_ws/install/builtin_interfaces/share/builtin_interfaces/environment/library_path.dsv
[6.613s] -- Installing: /home/hiro/rust_ws/install/builtin_interfaces/lib/libbuiltin_interfaces__rosidl_generator_c.so
[6.614s] -- Set runtime path of "/home/hiro/rust_ws/install/builtin_interfaces/lib/libbuiltin_interfaces__rosidl_generator_c.so" to ""
[6.614s] -- Up-to-date: /home/hiro/rust_ws/install/builtin_interfaces/include/builtin_interfaces/builtin_interfaces
[6.614s] -- Up-to-date: /home/hiro/rust_ws/install/builtin_interfaces/include/builtin_interfaces/builtin_interfaces/msg
[6.614s] -- Up-to-date: /home/hiro/rust_ws/install/builtin_interfaces/include/builtin_interfaces/builtin_interfaces/msg/detail
[6.614s] -- Installing: /home/hiro/rust_ws/install/builtin_interfaces/include/builtin_interfaces/builtin_interfaces/msg/detail/duration__rosidl_typesupport_fastrtps_c.h
[6.614s] -- Installing: /home/hiro/rust_ws/install/builtin_interfaces/include/builtin_interfaces/builtin_interfaces/msg/detail/time__rosidl_typesupport_fastrtps_c.h
[6.614s] -- Installing: /home/hiro/rust_ws/install/builtin_interfaces/include/builtin_interfaces/builtin_interfaces/msg/rosidl_typesupport_fastrtps_c__visibility_control.h
[6.615s] -- Installing: /home/hiro/rust_ws/install/builtin_interfaces/lib/libbuiltin_interfaces__rosidl_typesupport_fastrtps_c.so
[6.615s] -- Set runtime path of "/home/hiro/rust_ws/install/builtin_interfaces/lib/libbuiltin_interfaces__rosidl_typesupport_fastrtps_c.so" to ""
[6.615s] -- Up-to-date: /home/hiro/rust_ws/install/builtin_interfaces/include/builtin_interfaces/builtin_interfaces
[6.615s] -- Up-to-date: /home/hiro/rust_ws/install/builtin_interfaces/include/builtin_interfaces/builtin_interfaces/msg
[6.616s] -- Installing: /home/hiro/rust_ws/install/builtin_interfaces/include/builtin_interfaces/builtin_interfaces/msg/rosidl_typesupport_introspection_c__visibility_control.h
[6.616s] -- Up-to-date: /home/hiro/rust_ws/install/builtin_interfaces/include/builtin_interfaces/builtin_interfaces/msg/detail
[6.616s] -- Installing: /home/hiro/rust_ws/install/builtin_interfaces/include/builtin_interfaces/builtin_interfaces/msg/detail/time__rosidl_typesupport_introspection_c.h
[6.616s] -- Installing: /home/hiro/rust_ws/install/builtin_interfaces/include/builtin_interfaces/builtin_interfaces/msg/detail/duration__type_support.c
[6.616s] -- Installing: /home/hiro/rust_ws/install/builtin_interfaces/include/builtin_interfaces/builtin_interfaces/msg/detail/duration__rosidl_typesupport_introspection_c.h
[6.616s] -- Installing: /home/hiro/rust_ws/install/builtin_interfaces/include/builtin_interfaces/builtin_interfaces/msg/detail/time__type_support.c
[6.617s] -- Installing: /home/hiro/rust_ws/install/builtin_interfaces/lib/libbuiltin_interfaces__rosidl_typesupport_introspection_c.so
[6.617s] -- Set runtime path of "/home/hiro/rust_ws/install/builtin_interfaces/lib/libbuiltin_interfaces__rosidl_typesupport_introspection_c.so" to ""
[6.617s] -- Installing: /home/hiro/rust_ws/install/builtin_interfaces/lib/libbuiltin_interfaces__rosidl_typesupport_c.so
[6.617s] -- Set runtime path of "/home/hiro/rust_ws/install/builtin_interfaces/lib/libbuiltin_interfaces__rosidl_typesupport_c.so" to ""
[6.617s] -- Up-to-date: /home/hiro/rust_ws/install/builtin_interfaces/include/builtin_interfaces/builtin_interfaces
[6.617s] -- Up-to-date: /home/hiro/rust_ws/install/builtin_interfaces/include/builtin_interfaces/builtin_interfaces/msg
[6.618s] -- Installing: /home/hiro/rust_ws/install/builtin_interfaces/include/builtin_interfaces/builtin_interfaces/msg/time.hpp
[6.618s] -- Up-to-date: /home/hiro/rust_ws/install/builtin_interfaces/include/builtin_interfaces/builtin_interfaces/msg/detail
[6.618s] -- Installing: /home/hiro/rust_ws/install/builtin_interfaces/include/builtin_interfaces/builtin_interfaces/msg/detail/duration__struct.hpp
[6.618s] -- Installing: /home/hiro/rust_ws/install/builtin_interfaces/include/builtin_interfaces/builtin_interfaces/msg/detail/time__builder.hpp
[6.618s] -- Installing: /home/hiro/rust_ws/install/builtin_interfaces/include/builtin_interfaces/builtin_interfaces/msg/detail/time__traits.hpp
[6.618s] -- Installing: /home/hiro/rust_ws/install/builtin_interfaces/include/builtin_interfaces/builtin_interfaces/msg/detail/time__struct.hpp
[6.619s] -- Installing: /home/hiro/rust_ws/install/builtin_interfaces/include/builtin_interfaces/builtin_interfaces/msg/detail/duration__builder.hpp
[6.619s] -- Installing: /home/hiro/rust_ws/install/builtin_interfaces/include/builtin_interfaces/builtin_interfaces/msg/detail/duration__traits.hpp
[6.619s] -- Installing: /home/hiro/rust_ws/install/builtin_interfaces/include/builtin_interfaces/builtin_interfaces/msg/duration.hpp
[6.619s] -- Up-to-date: /home/hiro/rust_ws/install/builtin_interfaces/include/builtin_interfaces/builtin_interfaces
[6.619s] -- Up-to-date: /home/hiro/rust_ws/install/builtin_interfaces/include/builtin_interfaces/builtin_interfaces/msg
[6.619s] -- Installing: /home/hiro/rust_ws/install/builtin_interfaces/include/builtin_interfaces/builtin_interfaces/msg/rosidl_typesupport_fastrtps_cpp__visibility_control.h
[6.620s] -- Up-to-date: /home/hiro/rust_ws/install/builtin_interfaces/include/builtin_interfaces/builtin_interfaces/msg/detail
[6.620s] -- Installing: /home/hiro/rust_ws/install/builtin_interfaces/include/builtin_interfaces/builtin_interfaces/msg/detail/dds_fastrtps
[6.620s] -- Installing: /home/hiro/rust_ws/install/builtin_interfaces/include/builtin_interfaces/builtin_interfaces/msg/detail/time__rosidl_typesupport_fastrtps_cpp.hpp
[6.620s] -- Installing: /home/hiro/rust_ws/install/builtin_interfaces/include/builtin_interfaces/builtin_interfaces/msg/detail/duration__rosidl_typesupport_fastrtps_cpp.hpp
[6.620s] -- Installing: /home/hiro/rust_ws/install/builtin_interfaces/lib/libbuiltin_interfaces__rosidl_typesupport_fastrtps_cpp.so
[6.620s] -- Set runtime path of "/home/hiro/rust_ws/install/builtin_interfaces/lib/libbuiltin_interfaces__rosidl_typesupport_fastrtps_cpp.so" to ""
[6.620s] -- Up-to-date: /home/hiro/rust_ws/install/builtin_interfaces/include/builtin_interfaces/builtin_interfaces
[6.620s] -- Up-to-date: /home/hiro/rust_ws/install/builtin_interfaces/include/builtin_interfaces/builtin_interfaces/msg
[6.620s] -- Up-to-date: /home/hiro/rust_ws/install/builtin_interfaces/include/builtin_interfaces/builtin_interfaces/msg/detail
[6.620s] -- Installing: /home/hiro/rust_ws/install/builtin_interfaces/include/builtin_interfaces/builtin_interfaces/msg/detail/duration__type_support.cpp
[6.620s] -- Installing: /home/hiro/rust_ws/install/builtin_interfaces/include/builtin_interfaces/builtin_interfaces/msg/detail/duration__rosidl_typesupport_introspection_cpp.hpp
[6.621s] -- Installing: /home/hiro/rust_ws/install/builtin_interfaces/include/builtin_interfaces/builtin_interfaces/msg/detail/time__type_support.cpp
[6.621s] -- Installing: /home/hiro/rust_ws/install/builtin_interfaces/include/builtin_interfaces/builtin_interfaces/msg/detail/time__rosidl_typesupport_introspection_cpp.hpp
[6.621s] -- Installing: /home/hiro/rust_ws/install/builtin_interfaces/lib/libbuiltin_interfaces__rosidl_typesupport_introspection_cpp.so
[6.621s] -- Set runtime path of "/home/hiro/rust_ws/install/builtin_interfaces/lib/libbuiltin_interfaces__rosidl_typesupport_introspection_cpp.so" to ""
[6.621s] -- Installing: /home/hiro/rust_ws/install/builtin_interfaces/lib/libbuiltin_interfaces__rosidl_typesupport_cpp.so
[6.621s] -- Set runtime path of "/home/hiro/rust_ws/install/builtin_interfaces/lib/libbuiltin_interfaces__rosidl_typesupport_cpp.so" to ""
[6.622s] -- Installing: /home/hiro/rust_ws/install/builtin_interfaces/share/ament_index/resource_index/rust_packages/builtin_interfaces
[6.622s] -- Installing: /home/hiro/rust_ws/install/builtin_interfaces/share/builtin_interfaces/rust
[6.622s] -- Installing: /home/hiro/rust_ws/install/builtin_interfaces/share/builtin_interfaces/rust/Cargo.toml
[6.622s] -- Installing: /home/hiro/rust_ws/install/builtin_interfaces/share/builtin_interfaces/rust/build.rs
[6.622s] -- Installing: /home/hiro/rust_ws/install/builtin_interfaces/share/builtin_interfaces/rust/src
[6.622s] -- Installing: /home/hiro/rust_ws/install/builtin_interfaces/share/builtin_interfaces/rust/src/msg.rs
[6.622s] -- Installing: /home/hiro/rust_ws/install/builtin_interfaces/share/builtin_interfaces/rust/src/lib.rs
[6.622s] -- Installing: /home/hiro/rust_ws/install/builtin_interfaces/share/builtin_interfaces/environment/pythonpath.sh
[6.622s] -- Installing: /home/hiro/rust_ws/install/builtin_interfaces/share/builtin_interfaces/environment/pythonpath.dsv
[6.622s] -- Installing: /home/hiro/rust_ws/install/builtin_interfaces/local/lib/python3.10/dist-packages/builtin_interfaces-1.2.1-py3.10.egg-info
[6.622s] -- Installing: /home/hiro/rust_ws/install/builtin_interfaces/local/lib/python3.10/dist-packages/builtin_interfaces-1.2.1-py3.10.egg-info/top_level.txt
[6.622s] -- Installing: /home/hiro/rust_ws/install/builtin_interfaces/local/lib/python3.10/dist-packages/builtin_interfaces-1.2.1-py3.10.egg-info/PKG-INFO
[6.622s] -- Installing: /home/hiro/rust_ws/install/builtin_interfaces/local/lib/python3.10/dist-packages/builtin_interfaces-1.2.1-py3.10.egg-info/SOURCES.txt
[6.622s] -- Installing: /home/hiro/rust_ws/install/builtin_interfaces/local/lib/python3.10/dist-packages/builtin_interfaces-1.2.1-py3.10.egg-info/dependency_links.txt
[6.622s] -- Installing: /home/hiro/rust_ws/install/builtin_interfaces/local/lib/python3.10/dist-packages/builtin_interfaces
[6.622s] -- Installing: /home/hiro/rust_ws/install/builtin_interfaces/local/lib/python3.10/dist-packages/builtin_interfaces/builtin_interfaces_s__rosidl_typesupport_fastrtps_c.cpython-310-x86_64-linux-gnu.so
[6.622s] -- Installing: /home/hiro/rust_ws/install/builtin_interfaces/local/lib/python3.10/dist-packages/builtin_interfaces/builtin_interfaces_s__rosidl_typesupport_c.cpython-310-x86_64-linux-gnu.so
[6.623s] -- Installing: /home/hiro/rust_ws/install/builtin_interfaces/local/lib/python3.10/dist-packages/builtin_interfaces/libbuiltin_interfaces__rosidl_generator_py.so
[6.623s] -- Installing: /home/hiro/rust_ws/install/builtin_interfaces/local/lib/python3.10/dist-packages/builtin_interfaces/_builtin_interfaces_s.ep.rosidl_typesupport_fastrtps_c.c
[6.623s] -- Installing: /home/hiro/rust_ws/install/builtin_interfaces/local/lib/python3.10/dist-packages/builtin_interfaces/builtin_interfaces_s__rosidl_typesupport_introspection_c.cpython-310-x86_64-linux-gnu.so
[6.623s] -- Installing: /home/hiro/rust_ws/install/builtin_interfaces/local/lib/python3.10/dist-packages/builtin_interfaces/_builtin_interfaces_s.ep.rosidl_typesupport_introspection_c.c
[6.623s] -- Installing: /home/hiro/rust_ws/install/builtin_interfaces/local/lib/python3.10/dist-packages/builtin_interfaces/__init__.py
[6.623s] -- Installing: /home/hiro/rust_ws/install/builtin_interfaces/local/lib/python3.10/dist-packages/builtin_interfaces/msg
[6.623s] -- Installing: /home/hiro/rust_ws/install/builtin_interfaces/local/lib/python3.10/dist-packages/builtin_interfaces/msg/_time_s.c
[6.623s] -- Installing: /home/hiro/rust_ws/install/builtin_interfaces/local/lib/python3.10/dist-packages/builtin_interfaces/msg/_duration.py
[6.623s] -- Installing: /home/hiro/rust_ws/install/builtin_interfaces/local/lib/python3.10/dist-packages/builtin_interfaces/msg/_duration_s.c
[6.623s] -- Installing: /home/hiro/rust_ws/install/builtin_interfaces/local/lib/python3.10/dist-packages/builtin_interfaces/msg/__init__.py
[6.623s] -- Installing: /home/hiro/rust_ws/install/builtin_interfaces/local/lib/python3.10/dist-packages/builtin_interfaces/msg/_time.py
[6.623s] -- Installing: /home/hiro/rust_ws/install/builtin_interfaces/local/lib/python3.10/dist-packages/builtin_interfaces/_builtin_interfaces_s.ep.rosidl_typesupport_c.c
[6.659s] Listing '/home/hiro/rust_ws/install/builtin_interfaces/local/lib/python3.10/dist-packages/builtin_interfaces'...
[6.659s] Compiling '/home/hiro/rust_ws/install/builtin_interfaces/local/lib/python3.10/dist-packages/builtin_interfaces/__init__.py'...
[6.659s] Listing '/home/hiro/rust_ws/install/builtin_interfaces/local/lib/python3.10/dist-packages/builtin_interfaces/msg'...
[6.660s] Compiling '/home/hiro/rust_ws/install/builtin_interfaces/local/lib/python3.10/dist-packages/builtin_interfaces/msg/__init__.py'...
[6.660s] Compiling '/home/hiro/rust_ws/install/builtin_interfaces/local/lib/python3.10/dist-packages/builtin_interfaces/msg/_duration.py'...
[6.660s] Compiling '/home/hiro/rust_ws/install/builtin_interfaces/local/lib/python3.10/dist-packages/builtin_interfaces/msg/_time.py'...
[6.666s] -- Installing: /home/hiro/rust_ws/install/builtin_interfaces/local/lib/python3.10/dist-packages/builtin_interfaces/builtin_interfaces_s__rosidl_typesupport_fastrtps_c.cpython-310-x86_64-linux-gnu.so
[6.666s] -- Set runtime path of "/home/hiro/rust_ws/install/builtin_interfaces/local/lib/python3.10/dist-packages/builtin_interfaces/builtin_interfaces_s__rosidl_typesupport_fastrtps_c.cpython-310-x86_64-linux-gnu.so" to ""
[6.666s] -- Installing: /home/hiro/rust_ws/install/builtin_interfaces/local/lib/python3.10/dist-packages/builtin_interfaces/builtin_interfaces_s__rosidl_typesupport_introspection_c.cpython-310-x86_64-linux-gnu.so
[6.666s] -- Set runtime path of "/home/hiro/rust_ws/install/builtin_interfaces/local/lib/python3.10/dist-packages/builtin_interfaces/builtin_interfaces_s__rosidl_typesupport_introspection_c.cpython-310-x86_64-linux-gnu.so" to ""
[6.666s] -- Installing: /home/hiro/rust_ws/install/builtin_interfaces/local/lib/python3.10/dist-packages/builtin_interfaces/builtin_interfaces_s__rosidl_typesupport_c.cpython-310-x86_64-linux-gnu.so
[6.667s] -- Set runtime path of "/home/hiro/rust_ws/install/builtin_interfaces/local/lib/python3.10/dist-packages/builtin_interfaces/builtin_interfaces_s__rosidl_typesupport_c.cpython-310-x86_64-linux-gnu.so" to ""
[6.667s] -- Installing: /home/hiro/rust_ws/install/builtin_interfaces/lib/libbuiltin_interfaces__rosidl_generator_py.so
[6.667s] -- Set runtime path of "/home/hiro/rust_ws/install/builtin_interfaces/lib/libbuiltin_interfaces__rosidl_generator_py.so" to ""
[6.667s] -- Installing: /home/hiro/rust_ws/install/builtin_interfaces/share/builtin_interfaces/msg/Duration.idl
[6.668s] -- Installing: /home/hiro/rust_ws/install/builtin_interfaces/share/builtin_interfaces/msg/Time.idl
[6.668s] -- Installing: /home/hiro/rust_ws/install/builtin_interfaces/share/builtin_interfaces/msg/Duration.msg
[6.668s] -- Installing: /home/hiro/rust_ws/install/builtin_interfaces/share/builtin_interfaces/msg/Time.msg
[6.668s] -- Installing: /home/hiro/rust_ws/install/builtin_interfaces/share/ament_index/resource_index/package_run_dependencies/builtin_interfaces
[6.668s] -- Installing: /home/hiro/rust_ws/install/builtin_interfaces/share/ament_index/resource_index/parent_prefix_path/builtin_interfaces
[6.668s] -- Installing: /home/hiro/rust_ws/install/builtin_interfaces/share/builtin_interfaces/environment/ament_prefix_path.sh
[6.669s] -- Installing: /home/hiro/rust_ws/install/builtin_interfaces/share/builtin_interfaces/environment/ament_prefix_path.dsv
[6.669s] -- Installing: /home/hiro/rust_ws/install/builtin_interfaces/share/builtin_interfaces/environment/path.sh
[6.669s] -- Installing: /home/hiro/rust_ws/install/builtin_interfaces/share/builtin_interfaces/environment/path.dsv
[6.669s] -- Installing: /home/hiro/rust_ws/install/builtin_interfaces/share/builtin_interfaces/local_setup.bash
[6.669s] -- Installing: /home/hiro/rust_ws/install/builtin_interfaces/share/builtin_interfaces/local_setup.sh
[6.669s] -- Installing: /home/hiro/rust_ws/install/builtin_interfaces/share/builtin_interfaces/local_setup.zsh
[6.670s] -- Installing: /home/hiro/rust_ws/install/builtin_interfaces/share/builtin_interfaces/local_setup.dsv
[6.670s] -- Installing: /home/hiro/rust_ws/install/builtin_interfaces/share/builtin_interfaces/package.dsv
[6.670s] -- Installing: /home/hiro/rust_ws/install/builtin_interfaces/share/ament_index/resource_index/packages/builtin_interfaces
[6.670s] -- Installing: /home/hiro/rust_ws/install/builtin_interfaces/share/builtin_interfaces/cmake/export_builtin_interfaces__rosidl_generator_cExport.cmake
[6.671s] -- Installing: /home/hiro/rust_ws/install/builtin_interfaces/share/builtin_interfaces/cmake/export_builtin_interfaces__rosidl_generator_cExport-noconfig.cmake
[6.671s] -- Installing: /home/hiro/rust_ws/install/builtin_interfaces/share/builtin_interfaces/cmake/export_builtin_interfaces__rosidl_typesupport_fastrtps_cExport.cmake
[6.671s] -- Installing: /home/hiro/rust_ws/install/builtin_interfaces/share/builtin_interfaces/cmake/export_builtin_interfaces__rosidl_typesupport_fastrtps_cExport-noconfig.cmake
[6.671s] -- Installing: /home/hiro/rust_ws/install/builtin_interfaces/share/builtin_interfaces/cmake/builtin_interfaces__rosidl_typesupport_introspection_cExport.cmake
[6.671s] -- Installing: /home/hiro/rust_ws/install/builtin_interfaces/share/builtin_interfaces/cmake/builtin_interfaces__rosidl_typesupport_introspection_cExport-noconfig.cmake
[6.672s] -- Installing: /home/hiro/rust_ws/install/builtin_interfaces/share/builtin_interfaces/cmake/builtin_interfaces__rosidl_typesupport_cExport.cmake
[6.672s] -- Installing: /home/hiro/rust_ws/install/builtin_interfaces/share/builtin_interfaces/cmake/builtin_interfaces__rosidl_typesupport_cExport-noconfig.cmake
[6.672s] -- Installing: /home/hiro/rust_ws/install/builtin_interfaces/share/builtin_interfaces/cmake/export_builtin_interfaces__rosidl_generator_cppExport.cmake
[6.673s] -- Installing: /home/hiro/rust_ws/install/builtin_interfaces/share/builtin_interfaces/cmake/export_builtin_interfaces__rosidl_typesupport_fastrtps_cppExport.cmake
[6.673s] -- Installing: /home/hiro/rust_ws/install/builtin_interfaces/share/builtin_interfaces/cmake/export_builtin_interfaces__rosidl_typesupport_fastrtps_cppExport-noconfig.cmake
[6.673s] -- Installing: /home/hiro/rust_ws/install/builtin_interfaces/share/builtin_interfaces/cmake/builtin_interfaces__rosidl_typesupport_introspection_cppExport.cmake
[6.673s] -- Installing: /home/hiro/rust_ws/install/builtin_interfaces/share/builtin_interfaces/cmake/builtin_interfaces__rosidl_typesupport_introspection_cppExport-noconfig.cmake
[6.674s] -- Installing: /home/hiro/rust_ws/install/builtin_interfaces/share/builtin_interfaces/cmake/builtin_interfaces__rosidl_typesupport_cppExport.cmake
[6.674s] -- Installing: /home/hiro/rust_ws/install/builtin_interfaces/share/builtin_interfaces/cmake/builtin_interfaces__rosidl_typesupport_cppExport-noconfig.cmake
[6.674s] -- Installing: /home/hiro/rust_ws/install/builtin_interfaces/share/builtin_interfaces/cmake/export_builtin_interfaces__rosidl_generator_pyExport.cmake
[6.674s] -- Installing: /home/hiro/rust_ws/install/builtin_interfaces/share/builtin_interfaces/cmake/export_builtin_interfaces__rosidl_generator_pyExport-noconfig.cmake
[6.675s] -- Installing: /home/hiro/rust_ws/install/builtin_interfaces/share/builtin_interfaces/cmake/rosidl_cmake-extras.cmake
[6.675s] -- Installing: /home/hiro/rust_ws/install/builtin_interfaces/share/builtin_interfaces/cmake/ament_cmake_export_include_directories-extras.cmake
[6.675s] -- Installing: /home/hiro/rust_ws/install/builtin_interfaces/share/builtin_interfaces/cmake/ament_cmake_export_libraries-extras.cmake
[6.675s] -- Installing: /home/hiro/rust_ws/install/builtin_interfaces/share/builtin_interfaces/cmake/ament_cmake_export_targets-extras.cmake
[6.675s] -- Installing: /home/hiro/rust_ws/install/builtin_interfaces/share/builtin_interfaces/cmake/rosidl_cmake_export_typesupport_targets-extras.cmake
[6.675s] -- Installing: /home/hiro/rust_ws/install/builtin_interfaces/share/builtin_interfaces/cmake/ament_cmake_export_dependencies-extras.cmake
[6.675s] -- Installing: /home/hiro/rust_ws/install/builtin_interfaces/share/builtin_interfaces/cmake/rosidl_cmake_export_typesupport_libraries-extras.cmake
[6.675s] -- Installing: /home/hiro/rust_ws/install/builtin_interfaces/share/builtin_interfaces/cmake/builtin_interfacesConfig.cmake
[6.675s] -- Installing: /home/hiro/rust_ws/install/builtin_interfaces/share/builtin_interfaces/cmake/builtin_interfacesConfig-version.cmake
[6.675s] -- Installing: /home/hiro/rust_ws/install/builtin_interfaces/share/builtin_interfaces/package.xml
[6.679s] Invoked command in '/home/hiro/rust_ws/build/builtin_interfaces' returned '0': AMENT_PREFIX_PATH=/home/hiro/rust_ws/install/rosidl_default_runtime:/home/hiro/rust_ws/install/rosidl_default_generators:/home/hiro/rust_ws/install/rosidl_generator_rs:/home/hiro/rust_ws/install/rosidl_runtime_rs:${AMENT_PREFIX_PATH} CMAKE_PREFIX_PATH=/home/hiro/rust_ws/install/rosidl_default_runtime:/home/hiro/rust_ws/install/rosidl_default_generators:/home/hiro/rust_ws/install/rosidl_generator_rs:/home/hiro/ws_livox/install/livox_ros_driver2:/opt/ros/humble PYTHONPATH=/home/hiro/rust_ws/install/rosidl_generator_rs/local/lib/python3.10/dist-packages:${PYTHONPATH} /usr/bin/cmake --install /home/hiro/rust_ws/build/builtin_interfaces
