[0.025s] Invoking command in '/home/hiromichi/rost2/build/rosgraph_msgs': AMENT_PREFIX_PATH=/home/hiromichi/rost2/install/builtin_interfaces:/home/hiromichi/rost2/install/rosidl_default_runtime:/home/hiromichi/rost2/install/rosidl_default_generators:/home/hiromichi/rost2/install/rosidl_generator_rs:/home/hiromichi/rost2/install/rosidl_runtime_rs:${AMENT_PREFIX_PATH} CMAKE_PREFIX_PATH=/home/hiromichi/rost2/install/builtin_interfaces:/home/hiromichi/rost2/install/rosidl_default_runtime:/home/hiromichi/rost2/install/rosidl_default_generators:/home/hiromichi/rost2/install/rosidl_generator_rs:/opt/ros/humble LD_LIBRARY_PATH=/home/hiromichi/rost2/install/builtin_interfaces/lib:${LD_LIBRARY_PATH} PYTHONPATH=/home/hiromichi/rost2/install/builtin_interfaces/local/lib/python3.10/dist-packages:/home/hiromichi/rost2/install/rosidl_generator_rs/local/lib/python3.10/dist-packages:${PYTHONPATH} /usr/bin/cmake --build /home/hiromichi/rost2/build/rosgraph_msgs -- -j20 -l20
[0.069s] [35m[1mConsolidate compiler generated dependencies of target rosgraph_msgs__rosidl_generator_c[0m
[0.069s] [  3%] Built target rosgraph_msgs__rs
[0.072s] [  6%] Built target rosgraph_msgs__cpp
[0.081s] [ 15%] Built target rosgraph_msgs__rosidl_generator_c
[0.085s] [35m[1mConsolidate compiler generated dependencies of target rosgraph_msgs__rosidl_typesupport_introspection_cpp[0m
[0.087s] [35m[1mConsolidate compiler generated dependencies of target rosgraph_msgs__rosidl_typesupport_fastrtps_cpp[0m
[0.087s] [ 15%] Built target ament_cmake_python_copy_rosgraph_msgs
[0.090s] [35m[1mConsolidate compiler generated dependencies of target rosgraph_msgs__rosidl_typesupport_cpp[0m
[0.093s] [35m[1mConsolidate compiler generated dependencies of target rosgraph_msgs__rosidl_typesupport_fastrtps_c[0m
[0.095s] [ 25%] Built target rosgraph_msgs__rosidl_typesupport_introspection_cpp
[0.099s] [35m[1mConsolidate compiler generated dependencies of target rosgraph_msgs__rosidl_typesupport_introspection_c[0m
[0.101s] [35m[1mConsolidate compiler generated dependencies of target rosgraph_msgs__rosidl_typesupport_c[0m
[0.102s] [ 34%] Built target rosgraph_msgs__rosidl_typesupport_cpp
[0.102s] [ 43%] Built target rosgraph_msgs__rosidl_typesupport_fastrtps_cpp
[0.121s] [ 59%] Built target rosgraph_msgs__rosidl_typesupport_introspection_c
[0.121s] [ 62%] Built target rosgraph_msgs__rosidl_typesupport_fastrtps_c
[0.122s] [ 71%] Built target rosgraph_msgs__rosidl_typesupport_c
[0.147s] [ 71%] Built target rosgraph_msgs
[0.163s] [ 75%] Built target rosgraph_msgs__py
[0.176s] [35m[1mConsolidate compiler generated dependencies of target rosgraph_msgs__rosidl_generator_py[0m
[0.186s] [ 81%] Built target rosgraph_msgs__rosidl_generator_py
[0.196s] [35m[1mConsolidate compiler generated dependencies of target rosgraph_msgs__rosidl_typesupport_fastrtps_c__pyext[0m
[0.197s] [35m[1mConsolidate compiler generated dependencies of target rosgraph_msgs__rosidl_typesupport_introspection_c__pyext[0m
[0.200s] [35m[1mConsolidate compiler generated dependencies of target rosgraph_msgs__rosidl_typesupport_c__pyext[0m
[0.208s] [ 93%] Built target rosgraph_msgs__rosidl_typesupport_fastrtps_c__pyext
[0.208s] [ 93%] Built target rosgraph_msgs__rosidl_typesupport_introspection_c__pyext
[0.213s] [100%] Built target rosgraph_msgs__rosidl_typesupport_c__pyext
[0.313s] running egg_info
[0.314s] writing rosgraph_msgs.egg-info/PKG-INFO
[0.314s] writing dependency_links to rosgraph_msgs.egg-info/dependency_links.txt
[0.314s] writing top-level names to rosgraph_msgs.egg-info/top_level.txt
[0.316s] reading manifest file 'rosgraph_msgs.egg-info/SOURCES.txt'
[0.317s] writing manifest file 'rosgraph_msgs.egg-info/SOURCES.txt'
[0.339s] [100%] Built target ament_cmake_python_build_rosgraph_msgs_egg
[0.347s] Invoked command in '/home/hiromichi/rost2/build/rosgraph_msgs' returned '0': AMENT_PREFIX_PATH=/home/hiromichi/rost2/install/builtin_interfaces:/home/hiromichi/rost2/install/rosidl_default_runtime:/home/hiromichi/rost2/install/rosidl_default_generators:/home/hiromichi/rost2/install/rosidl_generator_rs:/home/hiromichi/rost2/install/rosidl_runtime_rs:${AMENT_PREFIX_PATH} CMAKE_PREFIX_PATH=/home/hiromichi/rost2/install/builtin_interfaces:/home/hiromichi/rost2/install/rosidl_default_runtime:/home/hiromichi/rost2/install/rosidl_default_generators:/home/hiromichi/rost2/install/rosidl_generator_rs:/opt/ros/humble LD_LIBRARY_PATH=/home/hiromichi/rost2/install/builtin_interfaces/lib:${LD_LIBRARY_PATH} PYTHONPATH=/home/hiromichi/rost2/install/builtin_interfaces/local/lib/python3.10/dist-packages:/home/hiromichi/rost2/install/rosidl_generator_rs/local/lib/python3.10/dist-packages:${PYTHONPATH} /usr/bin/cmake --build /home/hiromichi/rost2/build/rosgraph_msgs -- -j20 -l20
[0.386s] Invoking command in '/home/hiromichi/rost2/build/rosgraph_msgs': AMENT_PREFIX_PATH=/home/hiromichi/rost2/install/builtin_interfaces:/home/hiromichi/rost2/install/rosidl_default_runtime:/home/hiromichi/rost2/install/rosidl_default_generators:/home/hiromichi/rost2/install/rosidl_generator_rs:/home/hiromichi/rost2/install/rosidl_runtime_rs:${AMENT_PREFIX_PATH} CMAKE_PREFIX_PATH=/home/hiromichi/rost2/install/builtin_interfaces:/home/hiromichi/rost2/install/rosidl_default_runtime:/home/hiromichi/rost2/install/rosidl_default_generators:/home/hiromichi/rost2/install/rosidl_generator_rs:/opt/ros/humble LD_LIBRARY_PATH=/home/hiromichi/rost2/install/builtin_interfaces/lib:${LD_LIBRARY_PATH} PYTHONPATH=/home/hiromichi/rost2/install/builtin_interfaces/local/lib/python3.10/dist-packages:/home/hiromichi/rost2/install/rosidl_generator_rs/local/lib/python3.10/dist-packages:${PYTHONPATH} /usr/bin/cmake --install /home/hiromichi/rost2/build/rosgraph_msgs
[0.401s] -- Install configuration: ""
[0.402s] -- Up-to-date: /home/hiromichi/rost2/install/rosgraph_msgs/share/ament_index/resource_index/rosidl_interfaces/rosgraph_msgs
[0.403s] -- Up-to-date: /home/hiromichi/rost2/install/rosgraph_msgs/include/rosgraph_msgs/rosgraph_msgs
[0.403s] -- Up-to-date: /home/hiromichi/rost2/install/rosgraph_msgs/include/rosgraph_msgs/rosgraph_msgs/msg
[0.404s] -- Up-to-date: /home/hiromichi/rost2/install/rosgraph_msgs/include/rosgraph_msgs/rosgraph_msgs/msg/clock.h
[0.404s] -- Up-to-date: /home/hiromichi/rost2/install/rosgraph_msgs/include/rosgraph_msgs/rosgraph_msgs/msg/rosidl_generator_c__visibility_control.h
[0.405s] -- Up-to-date: /home/hiromichi/rost2/install/rosgraph_msgs/include/rosgraph_msgs/rosgraph_msgs/msg/detail
[0.405s] -- Up-to-date: /home/hiromichi/rost2/install/rosgraph_msgs/include/rosgraph_msgs/rosgraph_msgs/msg/detail/clock__functions.h
[0.405s] -- Up-to-date: /home/hiromichi/rost2/install/rosgraph_msgs/include/rosgraph_msgs/rosgraph_msgs/msg/detail/clock__struct.h
[0.405s] -- Up-to-date: /home/hiromichi/rost2/install/rosgraph_msgs/include/rosgraph_msgs/rosgraph_msgs/msg/detail/clock__type_support.h
[0.405s] -- Up-to-date: /home/hiromichi/rost2/install/rosgraph_msgs/include/rosgraph_msgs/rosgraph_msgs/msg/detail/clock__functions.c
[0.407s] -- Up-to-date: /home/hiromichi/rost2/install/rosgraph_msgs/share/rosgraph_msgs/environment/library_path.sh
[0.408s] -- Up-to-date: /home/hiromichi/rost2/install/rosgraph_msgs/share/rosgraph_msgs/environment/library_path.dsv
[0.411s] -- Up-to-date: /home/hiromichi/rost2/install/rosgraph_msgs/lib/librosgraph_msgs__rosidl_generator_c.so
[0.412s] -- Up-to-date: /home/hiromichi/rost2/install/rosgraph_msgs/include/rosgraph_msgs/rosgraph_msgs
[0.412s] -- Up-to-date: /home/hiromichi/rost2/install/rosgraph_msgs/include/rosgraph_msgs/rosgraph_msgs/msg
[0.413s] -- Up-to-date: /home/hiromichi/rost2/install/rosgraph_msgs/include/rosgraph_msgs/rosgraph_msgs/msg/rosidl_typesupport_fastrtps_c__visibility_control.h
[0.413s] -- Up-to-date: /home/hiromichi/rost2/install/rosgraph_msgs/include/rosgraph_msgs/rosgraph_msgs/msg/detail
[0.413s] -- Up-to-date: /home/hiromichi/rost2/install/rosgraph_msgs/include/rosgraph_msgs/rosgraph_msgs/msg/detail/clock__rosidl_typesupport_fastrtps_c.h
[0.414s] -- Up-to-date: /home/hiromichi/rost2/install/rosgraph_msgs/lib/librosgraph_msgs__rosidl_typesupport_fastrtps_c.so
[0.414s] -- Up-to-date: /home/hiromichi/rost2/install/rosgraph_msgs/include/rosgraph_msgs/rosgraph_msgs
[0.414s] -- Up-to-date: /home/hiromichi/rost2/install/rosgraph_msgs/include/rosgraph_msgs/rosgraph_msgs/msg
[0.415s] -- Up-to-date: /home/hiromichi/rost2/install/rosgraph_msgs/include/rosgraph_msgs/rosgraph_msgs/msg/clock.hpp
[0.415s] -- Up-to-date: /home/hiromichi/rost2/install/rosgraph_msgs/include/rosgraph_msgs/rosgraph_msgs/msg/detail
[0.415s] -- Up-to-date: /home/hiromichi/rost2/install/rosgraph_msgs/include/rosgraph_msgs/rosgraph_msgs/msg/detail/clock__builder.hpp
[0.415s] -- Up-to-date: /home/hiromichi/rost2/install/rosgraph_msgs/include/rosgraph_msgs/rosgraph_msgs/msg/detail/clock__traits.hpp
[0.415s] -- Up-to-date: /home/hiromichi/rost2/install/rosgraph_msgs/include/rosgraph_msgs/rosgraph_msgs/msg/detail/clock__struct.hpp
[0.415s] -- Up-to-date: /home/hiromichi/rost2/install/rosgraph_msgs/include/rosgraph_msgs/rosgraph_msgs
[0.415s] -- Up-to-date: /home/hiromichi/rost2/install/rosgraph_msgs/include/rosgraph_msgs/rosgraph_msgs/msg
[0.415s] -- Up-to-date: /home/hiromichi/rost2/install/rosgraph_msgs/include/rosgraph_msgs/rosgraph_msgs/msg/rosidl_typesupport_fastrtps_cpp__visibility_control.h
[0.415s] -- Up-to-date: /home/hiromichi/rost2/install/rosgraph_msgs/include/rosgraph_msgs/rosgraph_msgs/msg/detail
[0.415s] -- Up-to-date: /home/hiromichi/rost2/install/rosgraph_msgs/include/rosgraph_msgs/rosgraph_msgs/msg/detail/clock__rosidl_typesupport_fastrtps_cpp.hpp
[0.416s] -- Up-to-date: /home/hiromichi/rost2/install/rosgraph_msgs/include/rosgraph_msgs/rosgraph_msgs/msg/detail/dds_fastrtps
[0.416s] -- Up-to-date: /home/hiromichi/rost2/install/rosgraph_msgs/lib/librosgraph_msgs__rosidl_typesupport_fastrtps_cpp.so
[0.416s] -- Up-to-date: /home/hiromichi/rost2/install/rosgraph_msgs/include/rosgraph_msgs/rosgraph_msgs
[0.416s] -- Up-to-date: /home/hiromichi/rost2/install/rosgraph_msgs/include/rosgraph_msgs/rosgraph_msgs/msg
[0.416s] -- Up-to-date: /home/hiromichi/rost2/install/rosgraph_msgs/include/rosgraph_msgs/rosgraph_msgs/msg/rosidl_typesupport_introspection_c__visibility_control.h
[0.416s] -- Up-to-date: /home/hiromichi/rost2/install/rosgraph_msgs/include/rosgraph_msgs/rosgraph_msgs/msg/detail
[0.416s] -- Up-to-date: /home/hiromichi/rost2/install/rosgraph_msgs/include/rosgraph_msgs/rosgraph_msgs/msg/detail/clock__rosidl_typesupport_introspection_c.h
[0.416s] -- Up-to-date: /home/hiromichi/rost2/install/rosgraph_msgs/include/rosgraph_msgs/rosgraph_msgs/msg/detail/clock__type_support.c
[0.416s] -- Up-to-date: /home/hiromichi/rost2/install/rosgraph_msgs/lib/librosgraph_msgs__rosidl_typesupport_introspection_c.so
[0.416s] -- Up-to-date: /home/hiromichi/rost2/install/rosgraph_msgs/lib/librosgraph_msgs__rosidl_typesupport_c.so
[0.417s] -- Up-to-date: /home/hiromichi/rost2/install/rosgraph_msgs/include/rosgraph_msgs/rosgraph_msgs
[0.417s] -- Up-to-date: /home/hiromichi/rost2/install/rosgraph_msgs/include/rosgraph_msgs/rosgraph_msgs/msg
[0.417s] -- Up-to-date: /home/hiromichi/rost2/install/rosgraph_msgs/include/rosgraph_msgs/rosgraph_msgs/msg/detail
[0.417s] -- Up-to-date: /home/hiromichi/rost2/install/rosgraph_msgs/include/rosgraph_msgs/rosgraph_msgs/msg/detail/clock__rosidl_typesupport_introspection_cpp.hpp
[0.417s] -- Up-to-date: /home/hiromichi/rost2/install/rosgraph_msgs/include/rosgraph_msgs/rosgraph_msgs/msg/detail/clock__type_support.cpp
[0.422s] -- Up-to-date: /home/hiromichi/rost2/install/rosgraph_msgs/lib/librosgraph_msgs__rosidl_typesupport_introspection_cpp.so
[0.423s] -- Up-to-date: /home/hiromichi/rost2/install/rosgraph_msgs/lib/librosgraph_msgs__rosidl_typesupport_cpp.so
[0.424s] -- Up-to-date: /home/hiromichi/rost2/install/rosgraph_msgs/share/ament_index/resource_index/rust_packages/rosgraph_msgs
[0.424s] -- Up-to-date: /home/hiromichi/rost2/install/rosgraph_msgs/share/rosgraph_msgs/rust
[0.424s] -- Up-to-date: /home/hiromichi/rost2/install/rosgraph_msgs/share/rosgraph_msgs/rust/src
[0.424s] -- Up-to-date: /home/hiromichi/rost2/install/rosgraph_msgs/share/rosgraph_msgs/rust/src/msg.rs
[0.424s] -- Up-to-date: /home/hiromichi/rost2/install/rosgraph_msgs/share/rosgraph_msgs/rust/src/lib.rs
[0.424s] -- Up-to-date: /home/hiromichi/rost2/install/rosgraph_msgs/share/rosgraph_msgs/rust/Cargo.toml
[0.424s] -- Up-to-date: /home/hiromichi/rost2/install/rosgraph_msgs/share/rosgraph_msgs/rust/build.rs
[0.424s] -- Up-to-date: /home/hiromichi/rost2/install/rosgraph_msgs/share/rosgraph_msgs/environment/pythonpath.sh
[0.424s] -- Up-to-date: /home/hiromichi/rost2/install/rosgraph_msgs/share/rosgraph_msgs/environment/pythonpath.dsv
[0.426s] -- Up-to-date: /home/hiromichi/rost2/install/rosgraph_msgs/local/lib/python3.10/dist-packages/rosgraph_msgs-1.2.1-py3.10.egg-info
[0.426s] -- Installing: /home/hiromichi/rost2/install/rosgraph_msgs/local/lib/python3.10/dist-packages/rosgraph_msgs-1.2.1-py3.10.egg-info/top_level.txt
[0.426s] -- Installing: /home/hiromichi/rost2/install/rosgraph_msgs/local/lib/python3.10/dist-packages/rosgraph_msgs-1.2.1-py3.10.egg-info/dependency_links.txt
[0.428s] -- Installing: /home/hiromichi/rost2/install/rosgraph_msgs/local/lib/python3.10/dist-packages/rosgraph_msgs-1.2.1-py3.10.egg-info/SOURCES.txt
[0.428s] -- Installing: /home/hiromichi/rost2/install/rosgraph_msgs/local/lib/python3.10/dist-packages/rosgraph_msgs-1.2.1-py3.10.egg-info/PKG-INFO
[0.430s] -- Up-to-date: /home/hiromichi/rost2/install/rosgraph_msgs/local/lib/python3.10/dist-packages/rosgraph_msgs
[0.430s] -- Up-to-date: /home/hiromichi/rost2/install/rosgraph_msgs/local/lib/python3.10/dist-packages/rosgraph_msgs/_rosgraph_msgs_s.ep.rosidl_typesupport_fastrtps_c.c
[0.430s] -- Up-to-date: /home/hiromichi/rost2/install/rosgraph_msgs/local/lib/python3.10/dist-packages/rosgraph_msgs/rosgraph_msgs_s__rosidl_typesupport_c.cpython-310-x86_64-linux-gnu.so
[0.430s] -- Up-to-date: /home/hiromichi/rost2/install/rosgraph_msgs/local/lib/python3.10/dist-packages/rosgraph_msgs/rosgraph_msgs_s__rosidl_typesupport_introspection_c.cpython-310-x86_64-linux-gnu.so
[0.431s] -- Up-to-date: /home/hiromichi/rost2/install/rosgraph_msgs/local/lib/python3.10/dist-packages/rosgraph_msgs/_rosgraph_msgs_s.ep.rosidl_typesupport_c.c
[0.431s] -- Up-to-date: /home/hiromichi/rost2/install/rosgraph_msgs/local/lib/python3.10/dist-packages/rosgraph_msgs/_rosgraph_msgs_s.ep.rosidl_typesupport_introspection_c.c
[0.431s] -- Up-to-date: /home/hiromichi/rost2/install/rosgraph_msgs/local/lib/python3.10/dist-packages/rosgraph_msgs/msg
[0.431s] -- Up-to-date: /home/hiromichi/rost2/install/rosgraph_msgs/local/lib/python3.10/dist-packages/rosgraph_msgs/msg/_clock.py
[0.431s] -- Up-to-date: /home/hiromichi/rost2/install/rosgraph_msgs/local/lib/python3.10/dist-packages/rosgraph_msgs/msg/__init__.py
[0.431s] -- Up-to-date: /home/hiromichi/rost2/install/rosgraph_msgs/local/lib/python3.10/dist-packages/rosgraph_msgs/msg/_clock_s.c
[0.431s] -- Up-to-date: /home/hiromichi/rost2/install/rosgraph_msgs/local/lib/python3.10/dist-packages/rosgraph_msgs/librosgraph_msgs__rosidl_generator_py.so
[0.431s] -- Up-to-date: /home/hiromichi/rost2/install/rosgraph_msgs/local/lib/python3.10/dist-packages/rosgraph_msgs/rosgraph_msgs_s__rosidl_typesupport_fastrtps_c.cpython-310-x86_64-linux-gnu.so
[0.432s] -- Up-to-date: /home/hiromichi/rost2/install/rosgraph_msgs/local/lib/python3.10/dist-packages/rosgraph_msgs/__init__.py
[0.445s] Listing '/home/hiromichi/rost2/install/rosgraph_msgs/local/lib/python3.10/dist-packages/rosgraph_msgs'...
[0.445s] Listing '/home/hiromichi/rost2/install/rosgraph_msgs/local/lib/python3.10/dist-packages/rosgraph_msgs/msg'...
[0.464s] -- Up-to-date: /home/hiromichi/rost2/install/rosgraph_msgs/local/lib/python3.10/dist-packages/rosgraph_msgs/rosgraph_msgs_s__rosidl_typesupport_fastrtps_c.cpython-310-x86_64-linux-gnu.so
[0.464s] -- Up-to-date: /home/hiromichi/rost2/install/rosgraph_msgs/local/lib/python3.10/dist-packages/rosgraph_msgs/rosgraph_msgs_s__rosidl_typesupport_introspection_c.cpython-310-x86_64-linux-gnu.so
[0.464s] -- Up-to-date: /home/hiromichi/rost2/install/rosgraph_msgs/local/lib/python3.10/dist-packages/rosgraph_msgs/rosgraph_msgs_s__rosidl_typesupport_c.cpython-310-x86_64-linux-gnu.so
[0.465s] -- Up-to-date: /home/hiromichi/rost2/install/rosgraph_msgs/lib/librosgraph_msgs__rosidl_generator_py.so
[0.466s] -- Up-to-date: /home/hiromichi/rost2/install/rosgraph_msgs/share/rosgraph_msgs/msg/Clock.idl
[0.466s] -- Up-to-date: /home/hiromichi/rost2/install/rosgraph_msgs/share/rosgraph_msgs/msg/Clock.msg
[0.467s] -- Up-to-date: /home/hiromichi/rost2/install/rosgraph_msgs/share/ament_index/resource_index/package_run_dependencies/rosgraph_msgs
[0.467s] -- Up-to-date: /home/hiromichi/rost2/install/rosgraph_msgs/share/ament_index/resource_index/parent_prefix_path/rosgraph_msgs
[0.467s] -- Up-to-date: /home/hiromichi/rost2/install/rosgraph_msgs/share/rosgraph_msgs/environment/ament_prefix_path.sh
[0.467s] -- Up-to-date: /home/hiromichi/rost2/install/rosgraph_msgs/share/rosgraph_msgs/environment/ament_prefix_path.dsv
[0.468s] -- Up-to-date: /home/hiromichi/rost2/install/rosgraph_msgs/share/rosgraph_msgs/environment/path.sh
[0.468s] -- Up-to-date: /home/hiromichi/rost2/install/rosgraph_msgs/share/rosgraph_msgs/environment/path.dsv
[0.469s] -- Up-to-date: /home/hiromichi/rost2/install/rosgraph_msgs/share/rosgraph_msgs/local_setup.bash
[0.469s] -- Up-to-date: /home/hiromichi/rost2/install/rosgraph_msgs/share/rosgraph_msgs/local_setup.sh
[0.469s] -- Up-to-date: /home/hiromichi/rost2/install/rosgraph_msgs/share/rosgraph_msgs/local_setup.zsh
[0.469s] -- Up-to-date: /home/hiromichi/rost2/install/rosgraph_msgs/share/rosgraph_msgs/local_setup.dsv
[0.469s] -- Installing: /home/hiromichi/rost2/install/rosgraph_msgs/share/rosgraph_msgs/package.dsv
[0.471s] -- Up-to-date: /home/hiromichi/rost2/install/rosgraph_msgs/share/ament_index/resource_index/packages/rosgraph_msgs
[0.475s] -- Up-to-date: /home/hiromichi/rost2/install/rosgraph_msgs/share/rosgraph_msgs/cmake/export_rosgraph_msgs__rosidl_generator_cExport.cmake
[0.476s] -- Up-to-date: /home/hiromichi/rost2/install/rosgraph_msgs/share/rosgraph_msgs/cmake/export_rosgraph_msgs__rosidl_generator_cExport-noconfig.cmake
[0.476s] -- Up-to-date: /home/hiromichi/rost2/install/rosgraph_msgs/share/rosgraph_msgs/cmake/export_rosgraph_msgs__rosidl_typesupport_fastrtps_cExport.cmake
[0.476s] -- Up-to-date: /home/hiromichi/rost2/install/rosgraph_msgs/share/rosgraph_msgs/cmake/export_rosgraph_msgs__rosidl_typesupport_fastrtps_cExport-noconfig.cmake
[0.476s] -- Up-to-date: /home/hiromichi/rost2/install/rosgraph_msgs/share/rosgraph_msgs/cmake/export_rosgraph_msgs__rosidl_generator_cppExport.cmake
[0.476s] -- Up-to-date: /home/hiromichi/rost2/install/rosgraph_msgs/share/rosgraph_msgs/cmake/export_rosgraph_msgs__rosidl_typesupport_fastrtps_cppExport.cmake
[0.476s] -- Up-to-date: /home/hiromichi/rost2/install/rosgraph_msgs/share/rosgraph_msgs/cmake/export_rosgraph_msgs__rosidl_typesupport_fastrtps_cppExport-noconfig.cmake
[0.476s] -- Up-to-date: /home/hiromichi/rost2/install/rosgraph_msgs/share/rosgraph_msgs/cmake/rosgraph_msgs__rosidl_typesupport_introspection_cExport.cmake
[0.476s] -- Up-to-date: /home/hiromichi/rost2/install/rosgraph_msgs/share/rosgraph_msgs/cmake/rosgraph_msgs__rosidl_typesupport_introspection_cExport-noconfig.cmake
[0.476s] -- Up-to-date: /home/hiromichi/rost2/install/rosgraph_msgs/share/rosgraph_msgs/cmake/rosgraph_msgs__rosidl_typesupport_cExport.cmake
[0.477s] -- Up-to-date: /home/hiromichi/rost2/install/rosgraph_msgs/share/rosgraph_msgs/cmake/rosgraph_msgs__rosidl_typesupport_cExport-noconfig.cmake
[0.478s] -- Up-to-date: /home/hiromichi/rost2/install/rosgraph_msgs/share/rosgraph_msgs/cmake/rosgraph_msgs__rosidl_typesupport_introspection_cppExport.cmake
[0.478s] -- Up-to-date: /home/hiromichi/rost2/install/rosgraph_msgs/share/rosgraph_msgs/cmake/rosgraph_msgs__rosidl_typesupport_introspection_cppExport-noconfig.cmake
[0.479s] -- Up-to-date: /home/hiromichi/rost2/install/rosgraph_msgs/share/rosgraph_msgs/cmake/rosgraph_msgs__rosidl_typesupport_cppExport.cmake
[0.479s] -- Up-to-date: /home/hiromichi/rost2/install/rosgraph_msgs/share/rosgraph_msgs/cmake/rosgraph_msgs__rosidl_typesupport_cppExport-noconfig.cmake
[0.479s] -- Up-to-date: /home/hiromichi/rost2/install/rosgraph_msgs/share/rosgraph_msgs/cmake/export_rosgraph_msgs__rosidl_generator_pyExport.cmake
[0.479s] -- Up-to-date: /home/hiromichi/rost2/install/rosgraph_msgs/share/rosgraph_msgs/cmake/export_rosgraph_msgs__rosidl_generator_pyExport-noconfig.cmake
[0.479s] -- Up-to-date: /home/hiromichi/rost2/install/rosgraph_msgs/share/rosgraph_msgs/cmake/rosidl_cmake-extras.cmake
[0.479s] -- Up-to-date: /home/hiromichi/rost2/install/rosgraph_msgs/share/rosgraph_msgs/cmake/ament_cmake_export_dependencies-extras.cmake
[0.479s] -- Up-to-date: /home/hiromichi/rost2/install/rosgraph_msgs/share/rosgraph_msgs/cmake/ament_cmake_export_include_directories-extras.cmake
[0.479s] -- Up-to-date: /home/hiromichi/rost2/install/rosgraph_msgs/share/rosgraph_msgs/cmake/ament_cmake_export_libraries-extras.cmake
[0.480s] -- Up-to-date: /home/hiromichi/rost2/install/rosgraph_msgs/share/rosgraph_msgs/cmake/ament_cmake_export_targets-extras.cmake
[0.480s] -- Up-to-date: /home/hiromichi/rost2/install/rosgraph_msgs/share/rosgraph_msgs/cmake/rosidl_cmake_export_typesupport_targets-extras.cmake
[0.480s] -- Up-to-date: /home/hiromichi/rost2/install/rosgraph_msgs/share/rosgraph_msgs/cmake/rosidl_cmake_export_typesupport_libraries-extras.cmake
[0.480s] -- Up-to-date: /home/hiromichi/rost2/install/rosgraph_msgs/share/rosgraph_msgs/cmake/rosgraph_msgsConfig.cmake
[0.480s] -- Up-to-date: /home/hiromichi/rost2/install/rosgraph_msgs/share/rosgraph_msgs/cmake/rosgraph_msgsConfig-version.cmake
[0.480s] -- Up-to-date: /home/hiromichi/rost2/install/rosgraph_msgs/share/rosgraph_msgs/package.xml
[0.498s] Invoked command in '/home/hiromichi/rost2/build/rosgraph_msgs' returned '0': AMENT_PREFIX_PATH=/home/hiromichi/rost2/install/builtin_interfaces:/home/hiromichi/rost2/install/rosidl_default_runtime:/home/hiromichi/rost2/install/rosidl_default_generators:/home/hiromichi/rost2/install/rosidl_generator_rs:/home/hiromichi/rost2/install/rosidl_runtime_rs:${AMENT_PREFIX_PATH} CMAKE_PREFIX_PATH=/home/hiromichi/rost2/install/builtin_interfaces:/home/hiromichi/rost2/install/rosidl_default_runtime:/home/hiromichi/rost2/install/rosidl_default_generators:/home/hiromichi/rost2/install/rosidl_generator_rs:/opt/ros/humble LD_LIBRARY_PATH=/home/hiromichi/rost2/install/builtin_interfaces/lib:${LD_LIBRARY_PATH} PYTHONPATH=/home/hiromichi/rost2/install/builtin_interfaces/local/lib/python3.10/dist-packages:/home/hiromichi/rost2/install/rosidl_generator_rs/local/lib/python3.10/dist-packages:${PYTHONPATH} /usr/bin/cmake --install /home/hiromichi/rost2/build/rosgraph_msgs
