[0.374s] Invoking command in '/home/hiro/rust_ws/src/build/actionlib_msgs': AMENT_PREFIX_PATH=/home/hiro/rust_ws/src/install/std_msgs:/home/hiro/rust_ws/src/install/builtin_interfaces:/home/hiro/rust_ws/src/install/rosidl_default_runtime:/home/hiro/rust_ws/src/install/rosidl_default_generators:/home/hiro/rust_ws/src/install/rosidl_generator_rs:/home/hiro/rust_ws/src/install/rosidl_runtime_rs:${AMENT_PREFIX_PATH} CMAKE_PREFIX_PATH=/home/hiro/rust_ws/src/install/std_msgs:/home/hiro/rust_ws/src/install/builtin_interfaces:/home/hiro/rust_ws/src/install/rosidl_default_runtime:/home/hiro/rust_ws/src/install/rosidl_default_generators:/home/hiro/rust_ws/src/install/rosidl_generator_rs:/home/hiro/ws_livox/install/livox_ros_driver2:/opt/ros/humble LD_LIBRARY_PATH=/home/hiro/rust_ws/src/install/std_msgs/lib:/home/hiro/rust_ws/src/install/builtin_interfaces/lib:${LD_LIBRARY_PATH} PYTHONPATH=/home/hiro/rust_ws/src/install/std_msgs/local/lib/python3.10/dist-packages:/home/hiro/rust_ws/src/install/builtin_interfaces/local/lib/python3.10/dist-packages:/home/hiro/rust_ws/src/install/rosidl_generator_rs/local/lib/python3.10/dist-packages:${PYTHONPATH} /usr/bin/cmake /home/hiro/rust_ws/src/src/ros2/common_interfaces/actionlib_msgs -DCMAKE_INSTALL_PREFIX=/home/hiro/rust_ws/src/install/actionlib_msgs
[0.529s] -- The C compiler identification is GNU 11.4.0
[0.973s] -- The CXX compiler identification is GNU 11.4.0
[1.490s] -- Detecting C compiler ABI info
[2.041s] -- Detecting C compiler ABI info - done
[2.042s] -- Check for working C compiler: /usr/bin/cc - skipped
[2.042s] -- Detecting C compile features
[2.042s] -- Detecting C compile features - done
[2.058s] -- Detecting CXX compiler ABI info
[2.731s] -- Detecting CXX compiler ABI info - done
[2.731s] -- Check for working CXX compiler: /usr/bin/c++ - skipped
[2.731s] -- Detecting CXX compile features
[2.732s] -- Detecting CXX compile features - done
[2.735s] -- Found ament_cmake: 1.3.10 (/opt/ros/humble/share/ament_cmake/cmake)
[4.190s] -- Found Python3: /usr/bin/python3 (found version "3.10.12") found components: Interpreter 
[4.414s] -- Found builtin_interfaces: 1.2.1 (/home/hiro/rust_ws/src/install/builtin_interfaces/share/builtin_interfaces/cmake)
[4.721s] -- Found rosidl_generator_c: 3.1.5 (/opt/ros/humble/share/rosidl_generator_c/cmake)
[4.746s] -- Found rosidl_adapter: 3.1.5 (/opt/ros/humble/share/rosidl_adapter/cmake)
[4.772s] -- Found rosidl_generator_cpp: 3.1.5 (/opt/ros/humble/share/rosidl_generator_cpp/cmake)
[4.835s] -- Using all available rosidl_typesupport_c: rosidl_typesupport_fastrtps_c;rosidl_typesupport_introspection_c
[4.913s] -- Using all available rosidl_typesupport_cpp: rosidl_typesupport_fastrtps_cpp;rosidl_typesupport_introspection_cpp
[4.964s] -- Found rosidl_default_generators: 1.2.0 (/home/hiro/rust_ws/src/install/rosidl_default_generators/share/rosidl_default_generators/cmake)
[4.982s] -- Found std_msgs: 4.2.4 (/home/hiro/rust_ws/src/install/std_msgs/share/std_msgs/cmake)
[5.883s] -- Found ament_cmake_cppcheck: 0.12.11 (/opt/ros/humble/share/ament_cmake_cppcheck/cmake)
[5.888s] -- Found ament_cmake_cpplint: 0.12.11 (/opt/ros/humble/share/ament_cmake_cpplint/cmake)
[5.908s] -- Found ament_cmake_uncrustify: 0.12.11 (/opt/ros/humble/share/ament_cmake_uncrustify/cmake)
[5.914s] -- Found ament_cmake_ros: 0.10.0 (/opt/ros/humble/share/ament_cmake_ros/cmake)
[7.773s] -- Using all available rosidl_typesupport_c: rosidl_typesupport_fastrtps_c;rosidl_typesupport_introspection_c
[8.627s] -- Using all available rosidl_typesupport_cpp: rosidl_typesupport_fastrtps_cpp;rosidl_typesupport_introspection_cpp
[9.085s] -- Found PythonInterp: /usr/bin/python3 (found suitable version "3.10.12", minimum required is "3.6") 
[9.085s] -- Found python_cmake_module: 0.10.0 (/opt/ros/humble/share/python_cmake_module/cmake)
[9.847s] -- Found PythonLibs: /usr/lib/x86_64-linux-gnu/libpython3.10.so (found suitable version "3.10.12", minimum required is "3.5") 
[9.847s] -- Using PYTHON_EXECUTABLE: /usr/bin/python3
[9.847s] -- Using PYTHON_INCLUDE_DIRS: /usr/include/python3.10
[9.847s] -- Using PYTHON_LIBRARIES: /usr/lib/x86_64-linux-gnu/libpython3.10.so
[9.973s] -- Found PythonExtra: .so  
[10.258s] -- Found ament_cmake_flake8: 0.12.11 (/opt/ros/humble/share/ament_cmake_flake8/cmake)
[10.294s] -- Found ament_cmake_pep257: 0.12.11 (/opt/ros/humble/share/ament_cmake_pep257/cmake)
[10.335s] -- Configuring done
[10.571s] -- Generating done
[10.580s] -- Build files have been written to: /home/hiro/rust_ws/src/build/actionlib_msgs
[10.683s] Invoked command in '/home/hiro/rust_ws/src/build/actionlib_msgs' returned '0': AMENT_PREFIX_PATH=/home/hiro/rust_ws/src/install/std_msgs:/home/hiro/rust_ws/src/install/builtin_interfaces:/home/hiro/rust_ws/src/install/rosidl_default_runtime:/home/hiro/rust_ws/src/install/rosidl_default_generators:/home/hiro/rust_ws/src/install/rosidl_generator_rs:/home/hiro/rust_ws/src/install/rosidl_runtime_rs:${AMENT_PREFIX_PATH} CMAKE_PREFIX_PATH=/home/hiro/rust_ws/src/install/std_msgs:/home/hiro/rust_ws/src/install/builtin_interfaces:/home/hiro/rust_ws/src/install/rosidl_default_runtime:/home/hiro/rust_ws/src/install/rosidl_default_generators:/home/hiro/rust_ws/src/install/rosidl_generator_rs:/home/hiro/ws_livox/install/livox_ros_driver2:/opt/ros/humble LD_LIBRARY_PATH=/home/hiro/rust_ws/src/install/std_msgs/lib:/home/hiro/rust_ws/src/install/builtin_interfaces/lib:${LD_LIBRARY_PATH} PYTHONPATH=/home/hiro/rust_ws/src/install/std_msgs/local/lib/python3.10/dist-packages:/home/hiro/rust_ws/src/install/builtin_interfaces/local/lib/python3.10/dist-packages:/home/hiro/rust_ws/src/install/rosidl_generator_rs/local/lib/python3.10/dist-packages:${PYTHONPATH} /usr/bin/cmake /home/hiro/rust_ws/src/src/ros2/common_interfaces/actionlib_msgs -DCMAKE_INSTALL_PREFIX=/home/hiro/rust_ws/src/install/actionlib_msgs
[10.683s] Invoking command in '/home/hiro/rust_ws/src/build/actionlib_msgs': AMENT_PREFIX_PATH=/home/hiro/rust_ws/src/install/std_msgs:/home/hiro/rust_ws/src/install/builtin_interfaces:/home/hiro/rust_ws/src/install/rosidl_default_runtime:/home/hiro/rust_ws/src/install/rosidl_default_generators:/home/hiro/rust_ws/src/install/rosidl_generator_rs:/home/hiro/rust_ws/src/install/rosidl_runtime_rs:${AMENT_PREFIX_PATH} CMAKE_PREFIX_PATH=/home/hiro/rust_ws/src/install/std_msgs:/home/hiro/rust_ws/src/install/builtin_interfaces:/home/hiro/rust_ws/src/install/rosidl_default_runtime:/home/hiro/rust_ws/src/install/rosidl_default_generators:/home/hiro/rust_ws/src/install/rosidl_generator_rs:/home/hiro/ws_livox/install/livox_ros_driver2:/opt/ros/humble LD_LIBRARY_PATH=/home/hiro/rust_ws/src/install/std_msgs/lib:/home/hiro/rust_ws/src/install/builtin_interfaces/lib:${LD_LIBRARY_PATH} PYTHONPATH=/home/hiro/rust_ws/src/install/std_msgs/local/lib/python3.10/dist-packages:/home/hiro/rust_ws/src/install/builtin_interfaces/local/lib/python3.10/dist-packages:/home/hiro/rust_ws/src/install/rosidl_generator_rs/local/lib/python3.10/dist-packages:${PYTHONPATH} /usr/bin/cmake --build /home/hiro/rust_ws/src/build/actionlib_msgs -- -j22 -l22
[11.048s] [  2%] [34m[1mGenerating Rust code for ROS interfaces[0m
[11.055s] [  4%] [34m[1mGenerating C code for ROS interfaces[0m
[11.097s] [  6%] [34m[1mGenerating C++ code for ROS interfaces[0m
[11.174s] [  6%] Built target ament_cmake_python_copy_actionlib_msgs
[12.321s] running egg_info
[12.321s] creating actionlib_msgs.egg-info
[12.353s] writing actionlib_msgs.egg-info/PKG-INFO
[12.353s] writing dependency_links to actionlib_msgs.egg-info/dependency_links.txt
[12.354s] writing top-level names to actionlib_msgs.egg-info/top_level.txt
[12.354s] writing manifest file 'actionlib_msgs.egg-info/SOURCES.txt'
[12.450s] reading manifest file 'actionlib_msgs.egg-info/SOURCES.txt'
[12.450s] writing manifest file 'actionlib_msgs.egg-info/SOURCES.txt'
[12.595s] [  6%] Built target ament_cmake_python_build_actionlib_msgs_egg
[13.216s] [  6%] Built target actionlib_msgs__rs
[13.386s] [  8%] [32mBuilding C object CMakeFiles/actionlib_msgs__rosidl_generator_c.dir/rosidl_generator_c/actionlib_msgs/msg/detail/goal_id__functions.c.o[0m
[13.386s] [ 10%] [32mBuilding C object CMakeFiles/actionlib_msgs__rosidl_generator_c.dir/rosidl_generator_c/actionlib_msgs/msg/detail/goal_status__functions.c.o[0m
[13.407s] [ 12%] [32mBuilding C object CMakeFiles/actionlib_msgs__rosidl_generator_c.dir/rosidl_generator_c/actionlib_msgs/msg/detail/goal_status_array__functions.c.o[0m
[13.700s] [ 14%] [32m[1mLinking C shared library libactionlib_msgs__rosidl_generator_c.so[0m
[13.783s] [ 14%] Built target actionlib_msgs__cpp
[13.836s] [ 16%] [34m[1mGenerating C++ type support dispatch for ROS interfaces[0m
[13.854s] [ 18%] [34m[1mGenerating C++ type support for eProsima Fast-RTPS[0m
[13.884s] [ 20%] [34m[1mGenerating C++ introspection for ROS interfaces[0m
[14.029s] [ 20%] Built target actionlib_msgs__rosidl_generator_c
[14.070s] [ 22%] [34m[1mGenerating C introspection for ROS interfaces[0m
[14.074s] [ 25%] [34m[1mGenerating C type support dispatch for ROS interfaces[0m
[14.078s] [ 27%] [34m[1mGenerating C type support for eProsima Fast-RTPS[0m
[15.271s] [ 29%] [32mBuilding CXX object CMakeFiles/actionlib_msgs__rosidl_typesupport_introspection_cpp.dir/rosidl_typesupport_introspection_cpp/actionlib_msgs/msg/detail/goal_status__type_support.cpp.o[0m
[15.296s] [ 31%] [32mBuilding CXX object CMakeFiles/actionlib_msgs__rosidl_typesupport_introspection_cpp.dir/rosidl_typesupport_introspection_cpp/actionlib_msgs/msg/detail/goal_id__type_support.cpp.o[0m
[15.296s] [ 33%] [32mBuilding CXX object CMakeFiles/actionlib_msgs__rosidl_typesupport_introspection_cpp.dir/rosidl_typesupport_introspection_cpp/actionlib_msgs/msg/detail/goal_status_array__type_support.cpp.o[0m
[15.498s] [ 35%] [32mBuilding CXX object CMakeFiles/actionlib_msgs__rosidl_typesupport_cpp.dir/rosidl_typesupport_cpp/actionlib_msgs/msg/goal_id__type_support.cpp.o[0m
[15.554s] [ 39%] [32mBuilding CXX object CMakeFiles/actionlib_msgs__rosidl_typesupport_cpp.dir/rosidl_typesupport_cpp/actionlib_msgs/msg/goal_status_array__type_support.cpp.o[0m
[15.554s] [ 39%] [32mBuilding CXX object CMakeFiles/actionlib_msgs__rosidl_typesupport_cpp.dir/rosidl_typesupport_cpp/actionlib_msgs/msg/goal_status__type_support.cpp.o[0m
[15.800s] [ 41%] [32mBuilding CXX object CMakeFiles/actionlib_msgs__rosidl_typesupport_c.dir/rosidl_typesupport_c/actionlib_msgs/msg/goal_status_array__type_support.cpp.o[0m
[15.807s] [ 43%] [32mBuilding CXX object CMakeFiles/actionlib_msgs__rosidl_typesupport_c.dir/rosidl_typesupport_c/actionlib_msgs/msg/goal_id__type_support.cpp.o[0m
[15.815s] [ 45%] [32mBuilding CXX object CMakeFiles/actionlib_msgs__rosidl_typesupport_c.dir/rosidl_typesupport_c/actionlib_msgs/msg/goal_status__type_support.cpp.o[0m
[16.025s] [ 47%] [32m[1mLinking CXX shared library libactionlib_msgs__rosidl_typesupport_c.so[0m
[16.062s] [ 50%] [32mBuilding CXX object CMakeFiles/actionlib_msgs__rosidl_typesupport_fastrtps_c.dir/rosidl_typesupport_fastrtps_c/actionlib_msgs/msg/detail/goal_status__type_support_c.cpp.o[0m
[16.082s] [ 52%] [32mBuilding CXX object CMakeFiles/actionlib_msgs__rosidl_typesupport_fastrtps_c.dir/rosidl_typesupport_fastrtps_c/actionlib_msgs/msg/detail/goal_id__type_support_c.cpp.o[0m
[16.092s] [ 54%] [32mBuilding CXX object CMakeFiles/actionlib_msgs__rosidl_typesupport_fastrtps_c.dir/rosidl_typesupport_fastrtps_c/actionlib_msgs/msg/detail/goal_status_array__type_support_c.cpp.o[0m
[16.359s] [ 56%] [32mBuilding C object CMakeFiles/actionlib_msgs__rosidl_typesupport_introspection_c.dir/rosidl_typesupport_introspection_c/actionlib_msgs/msg/detail/goal_id__type_support.c.o[0m
[16.362s] [ 58%] [32mBuilding C object CMakeFiles/actionlib_msgs__rosidl_typesupport_introspection_c.dir/rosidl_typesupport_introspection_c/actionlib_msgs/msg/detail/goal_status__type_support.c.o[0m
[16.380s] [ 60%] [32mBuilding C object CMakeFiles/actionlib_msgs__rosidl_typesupport_introspection_c.dir/rosidl_typesupport_introspection_c/actionlib_msgs/msg/detail/goal_status_array__type_support.c.o[0m
[16.440s] [ 60%] Built target actionlib_msgs__rosidl_typesupport_c
[16.488s] [ 62%] [32mBuilding CXX object CMakeFiles/actionlib_msgs__rosidl_typesupport_fastrtps_cpp.dir/rosidl_typesupport_fastrtps_cpp/actionlib_msgs/msg/detail/dds_fastrtps/goal_id__type_support.cpp.o[0m
[16.510s] [ 64%] [32mBuilding CXX object CMakeFiles/actionlib_msgs__rosidl_typesupport_fastrtps_cpp.dir/rosidl_typesupport_fastrtps_cpp/actionlib_msgs/msg/detail/dds_fastrtps/goal_status__type_support.cpp.o[0m
[16.530s] [ 66%] [32mBuilding CXX object CMakeFiles/actionlib_msgs__rosidl_typesupport_fastrtps_cpp.dir/rosidl_typesupport_fastrtps_cpp/actionlib_msgs/msg/detail/dds_fastrtps/goal_status_array__type_support.cpp.o[0m
[16.531s] [ 68%] [32m[1mLinking C shared library libactionlib_msgs__rosidl_typesupport_introspection_c.so[0m
[16.606s] [ 70%] [32m[1mLinking CXX shared library libactionlib_msgs__rosidl_typesupport_cpp.so[0m
[16.782s] [ 70%] Built target actionlib_msgs__rosidl_typesupport_introspection_c
[16.855s] [ 70%] Built target actionlib_msgs__rosidl_typesupport_cpp
[16.955s] [ 72%] [32m[1mLinking CXX shared library libactionlib_msgs__rosidl_typesupport_fastrtps_c.so[0m
[17.012s] [ 75%] [32m[1mLinking CXX shared library libactionlib_msgs__rosidl_typesupport_introspection_cpp.so[0m
[17.179s] [ 75%] Built target actionlib_msgs__rosidl_typesupport_fastrtps_c
[17.230s] [ 75%] Built target actionlib_msgs__rosidl_typesupport_introspection_cpp
[17.356s] [ 77%] [32m[1mLinking CXX shared library libactionlib_msgs__rosidl_typesupport_fastrtps_cpp.so[0m
[17.646s] [ 77%] Built target actionlib_msgs__rosidl_typesupport_fastrtps_cpp
[17.714s] [ 77%] Built target actionlib_msgs
[17.766s] [ 79%] [34m[1mGenerating Python code for ROS interfaces[0m
[19.049s] [ 79%] Built target actionlib_msgs__py
[19.071s] [ 81%] [32mBuilding C object CMakeFiles/actionlib_msgs__rosidl_generator_py.dir/rosidl_generator_py/actionlib_msgs/msg/_goal_status_s.c.o[0m
[19.071s] [ 83%] [32mBuilding C object CMakeFiles/actionlib_msgs__rosidl_generator_py.dir/rosidl_generator_py/actionlib_msgs/msg/_goal_id_s.c.o[0m
[19.071s] [ 85%] [32mBuilding C object CMakeFiles/actionlib_msgs__rosidl_generator_py.dir/rosidl_generator_py/actionlib_msgs/msg/_goal_status_array_s.c.o[0m
[19.201s] [ 87%] [32m[1mLinking C shared library rosidl_generator_py/actionlib_msgs/libactionlib_msgs__rosidl_generator_py.so[0m
[19.322s] [ 87%] Built target actionlib_msgs__rosidl_generator_py
[19.343s] [ 89%] [32mBuilding C object CMakeFiles/actionlib_msgs__rosidl_typesupport_introspection_c__pyext.dir/rosidl_generator_py/actionlib_msgs/_actionlib_msgs_s.ep.rosidl_typesupport_introspection_c.c.o[0m
[19.346s] [ 91%] [32mBuilding C object CMakeFiles/actionlib_msgs__rosidl_typesupport_c__pyext.dir/rosidl_generator_py/actionlib_msgs/_actionlib_msgs_s.ep.rosidl_typesupport_c.c.o[0m
[19.347s] [ 93%] [32mBuilding C object CMakeFiles/actionlib_msgs__rosidl_typesupport_fastrtps_c__pyext.dir/rosidl_generator_py/actionlib_msgs/_actionlib_msgs_s.ep.rosidl_typesupport_fastrtps_c.c.o[0m
[19.453s] [ 95%] [32m[1mLinking C shared library rosidl_generator_py/actionlib_msgs/actionlib_msgs_s__rosidl_typesupport_c.cpython-310-x86_64-linux-gnu.so[0m
[19.471s] [ 97%] [32m[1mLinking C shared library rosidl_generator_py/actionlib_msgs/actionlib_msgs_s__rosidl_typesupport_introspection_c.cpython-310-x86_64-linux-gnu.so[0m
[19.482s] [100%] [32m[1mLinking C shared library rosidl_generator_py/actionlib_msgs/actionlib_msgs_s__rosidl_typesupport_fastrtps_c.cpython-310-x86_64-linux-gnu.so[0m
[19.713s] [100%] Built target actionlib_msgs__rosidl_typesupport_introspection_c__pyext
[19.716s] [100%] Built target actionlib_msgs__rosidl_typesupport_c__pyext
[19.751s] [100%] Built target actionlib_msgs__rosidl_typesupport_fastrtps_c__pyext
[19.811s] Invoked command in '/home/hiro/rust_ws/src/build/actionlib_msgs' returned '0': AMENT_PREFIX_PATH=/home/hiro/rust_ws/src/install/std_msgs:/home/hiro/rust_ws/src/install/builtin_interfaces:/home/hiro/rust_ws/src/install/rosidl_default_runtime:/home/hiro/rust_ws/src/install/rosidl_default_generators:/home/hiro/rust_ws/src/install/rosidl_generator_rs:/home/hiro/rust_ws/src/install/rosidl_runtime_rs:${AMENT_PREFIX_PATH} CMAKE_PREFIX_PATH=/home/hiro/rust_ws/src/install/std_msgs:/home/hiro/rust_ws/src/install/builtin_interfaces:/home/hiro/rust_ws/src/install/rosidl_default_runtime:/home/hiro/rust_ws/src/install/rosidl_default_generators:/home/hiro/rust_ws/src/install/rosidl_generator_rs:/home/hiro/ws_livox/install/livox_ros_driver2:/opt/ros/humble LD_LIBRARY_PATH=/home/hiro/rust_ws/src/install/std_msgs/lib:/home/hiro/rust_ws/src/install/builtin_interfaces/lib:${LD_LIBRARY_PATH} PYTHONPATH=/home/hiro/rust_ws/src/install/std_msgs/local/lib/python3.10/dist-packages:/home/hiro/rust_ws/src/install/builtin_interfaces/local/lib/python3.10/dist-packages:/home/hiro/rust_ws/src/install/rosidl_generator_rs/local/lib/python3.10/dist-packages:${PYTHONPATH} /usr/bin/cmake --build /home/hiro/rust_ws/src/build/actionlib_msgs -- -j22 -l22
[20.374s] Invoking command in '/home/hiro/rust_ws/src/build/actionlib_msgs': AMENT_PREFIX_PATH=/home/hiro/rust_ws/src/install/std_msgs:/home/hiro/rust_ws/src/install/builtin_interfaces:/home/hiro/rust_ws/src/install/rosidl_default_runtime:/home/hiro/rust_ws/src/install/rosidl_default_generators:/home/hiro/rust_ws/src/install/rosidl_generator_rs:/home/hiro/rust_ws/src/install/rosidl_runtime_rs:${AMENT_PREFIX_PATH} CMAKE_PREFIX_PATH=/home/hiro/rust_ws/src/install/std_msgs:/home/hiro/rust_ws/src/install/builtin_interfaces:/home/hiro/rust_ws/src/install/rosidl_default_runtime:/home/hiro/rust_ws/src/install/rosidl_default_generators:/home/hiro/rust_ws/src/install/rosidl_generator_rs:/home/hiro/ws_livox/install/livox_ros_driver2:/opt/ros/humble LD_LIBRARY_PATH=/home/hiro/rust_ws/src/install/std_msgs/lib:/home/hiro/rust_ws/src/install/builtin_interfaces/lib:${LD_LIBRARY_PATH} PYTHONPATH=/home/hiro/rust_ws/src/install/std_msgs/local/lib/python3.10/dist-packages:/home/hiro/rust_ws/src/install/builtin_interfaces/local/lib/python3.10/dist-packages:/home/hiro/rust_ws/src/install/rosidl_generator_rs/local/lib/python3.10/dist-packages:${PYTHONPATH} /usr/bin/cmake --install /home/hiro/rust_ws/src/build/actionlib_msgs
[20.416s] -- Install configuration: ""
[20.416s] -- Installing: /home/hiro/rust_ws/src/install/actionlib_msgs/share/ament_index/resource_index/rosidl_interfaces/actionlib_msgs
[20.416s] -- Installing: /home/hiro/rust_ws/src/install/actionlib_msgs/include/actionlib_msgs/actionlib_msgs
[20.416s] -- Installing: /home/hiro/rust_ws/src/install/actionlib_msgs/include/actionlib_msgs/actionlib_msgs/msg
[20.416s] -- Installing: /home/hiro/rust_ws/src/install/actionlib_msgs/include/actionlib_msgs/actionlib_msgs/msg/goal_id.h
[20.416s] -- Installing: /home/hiro/rust_ws/src/install/actionlib_msgs/include/actionlib_msgs/actionlib_msgs/msg/rosidl_generator_c__visibility_control.h
[20.417s] -- Installing: /home/hiro/rust_ws/src/install/actionlib_msgs/include/actionlib_msgs/actionlib_msgs/msg/detail
[20.417s] -- Installing: /home/hiro/rust_ws/src/install/actionlib_msgs/include/actionlib_msgs/actionlib_msgs/msg/detail/goal_status_array__functions.c
[20.417s] -- Installing: /home/hiro/rust_ws/src/install/actionlib_msgs/include/actionlib_msgs/actionlib_msgs/msg/detail/goal_id__struct.h
[20.417s] -- Installing: /home/hiro/rust_ws/src/install/actionlib_msgs/include/actionlib_msgs/actionlib_msgs/msg/detail/goal_status__struct.h
[20.417s] -- Installing: /home/hiro/rust_ws/src/install/actionlib_msgs/include/actionlib_msgs/actionlib_msgs/msg/detail/goal_status__type_support.h
[20.417s] -- Installing: /home/hiro/rust_ws/src/install/actionlib_msgs/include/actionlib_msgs/actionlib_msgs/msg/detail/goal_status__functions.h
[20.417s] -- Installing: /home/hiro/rust_ws/src/install/actionlib_msgs/include/actionlib_msgs/actionlib_msgs/msg/detail/goal_status_array__type_support.h
[20.417s] -- Installing: /home/hiro/rust_ws/src/install/actionlib_msgs/include/actionlib_msgs/actionlib_msgs/msg/detail/goal_status_array__struct.h
[20.417s] -- Installing: /home/hiro/rust_ws/src/install/actionlib_msgs/include/actionlib_msgs/actionlib_msgs/msg/detail/goal_status__functions.c
[20.417s] -- Installing: /home/hiro/rust_ws/src/install/actionlib_msgs/include/actionlib_msgs/actionlib_msgs/msg/detail/goal_status_array__functions.h
[20.417s] -- Installing: /home/hiro/rust_ws/src/install/actionlib_msgs/include/actionlib_msgs/actionlib_msgs/msg/detail/goal_id__type_support.h
[20.417s] -- Installing: /home/hiro/rust_ws/src/install/actionlib_msgs/include/actionlib_msgs/actionlib_msgs/msg/detail/goal_id__functions.c
[20.417s] -- Installing: /home/hiro/rust_ws/src/install/actionlib_msgs/include/actionlib_msgs/actionlib_msgs/msg/detail/goal_id__functions.h
[20.417s] -- Installing: /home/hiro/rust_ws/src/install/actionlib_msgs/include/actionlib_msgs/actionlib_msgs/msg/goal_status_array.h
[20.418s] -- Installing: /home/hiro/rust_ws/src/install/actionlib_msgs/include/actionlib_msgs/actionlib_msgs/msg/goal_status.h
[20.418s] -- Installing: /home/hiro/rust_ws/src/install/actionlib_msgs/share/actionlib_msgs/environment/library_path.sh
[20.418s] -- Installing: /home/hiro/rust_ws/src/install/actionlib_msgs/share/actionlib_msgs/environment/library_path.dsv
[20.418s] -- Installing: /home/hiro/rust_ws/src/install/actionlib_msgs/lib/libactionlib_msgs__rosidl_generator_c.so
[20.418s] -- Set runtime path of "/home/hiro/rust_ws/src/install/actionlib_msgs/lib/libactionlib_msgs__rosidl_generator_c.so" to ""
[20.418s] -- Up-to-date: /home/hiro/rust_ws/src/install/actionlib_msgs/include/actionlib_msgs/actionlib_msgs
[20.418s] -- Up-to-date: /home/hiro/rust_ws/src/install/actionlib_msgs/include/actionlib_msgs/actionlib_msgs/msg
[20.418s] -- Up-to-date: /home/hiro/rust_ws/src/install/actionlib_msgs/include/actionlib_msgs/actionlib_msgs/msg/detail
[20.418s] -- Installing: /home/hiro/rust_ws/src/install/actionlib_msgs/include/actionlib_msgs/actionlib_msgs/msg/detail/goal_status__rosidl_typesupport_fastrtps_c.h
[20.418s] -- Installing: /home/hiro/rust_ws/src/install/actionlib_msgs/include/actionlib_msgs/actionlib_msgs/msg/detail/goal_id__rosidl_typesupport_fastrtps_c.h
[20.418s] -- Installing: /home/hiro/rust_ws/src/install/actionlib_msgs/include/actionlib_msgs/actionlib_msgs/msg/detail/goal_status_array__rosidl_typesupport_fastrtps_c.h
[20.418s] -- Installing: /home/hiro/rust_ws/src/install/actionlib_msgs/include/actionlib_msgs/actionlib_msgs/msg/rosidl_typesupport_fastrtps_c__visibility_control.h
[20.418s] -- Installing: /home/hiro/rust_ws/src/install/actionlib_msgs/lib/libactionlib_msgs__rosidl_typesupport_fastrtps_c.so
[20.419s] -- Set runtime path of "/home/hiro/rust_ws/src/install/actionlib_msgs/lib/libactionlib_msgs__rosidl_typesupport_fastrtps_c.so" to ""
[20.419s] -- Up-to-date: /home/hiro/rust_ws/src/install/actionlib_msgs/include/actionlib_msgs/actionlib_msgs
[20.419s] -- Up-to-date: /home/hiro/rust_ws/src/install/actionlib_msgs/include/actionlib_msgs/actionlib_msgs/msg
[20.419s] -- Installing: /home/hiro/rust_ws/src/install/actionlib_msgs/include/actionlib_msgs/actionlib_msgs/msg/goal_status.hpp
[20.419s] -- Installing: /home/hiro/rust_ws/src/install/actionlib_msgs/include/actionlib_msgs/actionlib_msgs/msg/goal_id.hpp
[20.419s] -- Up-to-date: /home/hiro/rust_ws/src/install/actionlib_msgs/include/actionlib_msgs/actionlib_msgs/msg/detail
[20.419s] -- Installing: /home/hiro/rust_ws/src/install/actionlib_msgs/include/actionlib_msgs/actionlib_msgs/msg/detail/goal_id__builder.hpp
[20.419s] -- Installing: /home/hiro/rust_ws/src/install/actionlib_msgs/include/actionlib_msgs/actionlib_msgs/msg/detail/goal_status__traits.hpp
[20.419s] -- Installing: /home/hiro/rust_ws/src/install/actionlib_msgs/include/actionlib_msgs/actionlib_msgs/msg/detail/goal_status__struct.hpp
[20.419s] -- Installing: /home/hiro/rust_ws/src/install/actionlib_msgs/include/actionlib_msgs/actionlib_msgs/msg/detail/goal_status__builder.hpp
[20.419s] -- Installing: /home/hiro/rust_ws/src/install/actionlib_msgs/include/actionlib_msgs/actionlib_msgs/msg/detail/goal_id__traits.hpp
[20.419s] -- Installing: /home/hiro/rust_ws/src/install/actionlib_msgs/include/actionlib_msgs/actionlib_msgs/msg/detail/goal_status_array__struct.hpp
[20.419s] -- Installing: /home/hiro/rust_ws/src/install/actionlib_msgs/include/actionlib_msgs/actionlib_msgs/msg/detail/goal_id__struct.hpp
[20.419s] -- Installing: /home/hiro/rust_ws/src/install/actionlib_msgs/include/actionlib_msgs/actionlib_msgs/msg/detail/goal_status_array__builder.hpp
[20.419s] -- Installing: /home/hiro/rust_ws/src/install/actionlib_msgs/include/actionlib_msgs/actionlib_msgs/msg/detail/goal_status_array__traits.hpp
[20.420s] -- Installing: /home/hiro/rust_ws/src/install/actionlib_msgs/include/actionlib_msgs/actionlib_msgs/msg/goal_status_array.hpp
[20.420s] -- Up-to-date: /home/hiro/rust_ws/src/install/actionlib_msgs/include/actionlib_msgs/actionlib_msgs
[20.420s] -- Up-to-date: /home/hiro/rust_ws/src/install/actionlib_msgs/include/actionlib_msgs/actionlib_msgs/msg
[20.420s] -- Installing: /home/hiro/rust_ws/src/install/actionlib_msgs/include/actionlib_msgs/actionlib_msgs/msg/rosidl_typesupport_fastrtps_cpp__visibility_control.h
[20.420s] -- Up-to-date: /home/hiro/rust_ws/src/install/actionlib_msgs/include/actionlib_msgs/actionlib_msgs/msg/detail
[20.420s] -- Installing: /home/hiro/rust_ws/src/install/actionlib_msgs/include/actionlib_msgs/actionlib_msgs/msg/detail/goal_status__rosidl_typesupport_fastrtps_cpp.hpp
[20.420s] -- Installing: /home/hiro/rust_ws/src/install/actionlib_msgs/include/actionlib_msgs/actionlib_msgs/msg/detail/dds_fastrtps
[20.420s] -- Installing: /home/hiro/rust_ws/src/install/actionlib_msgs/include/actionlib_msgs/actionlib_msgs/msg/detail/goal_status_array__rosidl_typesupport_fastrtps_cpp.hpp
[20.420s] -- Installing: /home/hiro/rust_ws/src/install/actionlib_msgs/include/actionlib_msgs/actionlib_msgs/msg/detail/goal_id__rosidl_typesupport_fastrtps_cpp.hpp
[20.420s] -- Installing: /home/hiro/rust_ws/src/install/actionlib_msgs/lib/libactionlib_msgs__rosidl_typesupport_fastrtps_cpp.so
[20.420s] -- Set runtime path of "/home/hiro/rust_ws/src/install/actionlib_msgs/lib/libactionlib_msgs__rosidl_typesupport_fastrtps_cpp.so" to ""
[20.420s] -- Up-to-date: /home/hiro/rust_ws/src/install/actionlib_msgs/include/actionlib_msgs/actionlib_msgs
[20.420s] -- Up-to-date: /home/hiro/rust_ws/src/install/actionlib_msgs/include/actionlib_msgs/actionlib_msgs/msg
[20.421s] -- Installing: /home/hiro/rust_ws/src/install/actionlib_msgs/include/actionlib_msgs/actionlib_msgs/msg/rosidl_typesupport_introspection_c__visibility_control.h
[20.421s] -- Up-to-date: /home/hiro/rust_ws/src/install/actionlib_msgs/include/actionlib_msgs/actionlib_msgs/msg/detail
[20.421s] -- Installing: /home/hiro/rust_ws/src/install/actionlib_msgs/include/actionlib_msgs/actionlib_msgs/msg/detail/goal_id__type_support.c
[20.421s] -- Installing: /home/hiro/rust_ws/src/install/actionlib_msgs/include/actionlib_msgs/actionlib_msgs/msg/detail/goal_status_array__type_support.c
[20.421s] -- Installing: /home/hiro/rust_ws/src/install/actionlib_msgs/include/actionlib_msgs/actionlib_msgs/msg/detail/goal_id__rosidl_typesupport_introspection_c.h
[20.421s] -- Installing: /home/hiro/rust_ws/src/install/actionlib_msgs/include/actionlib_msgs/actionlib_msgs/msg/detail/goal_status__type_support.c
[20.421s] -- Installing: /home/hiro/rust_ws/src/install/actionlib_msgs/include/actionlib_msgs/actionlib_msgs/msg/detail/goal_status__rosidl_typesupport_introspection_c.h
[20.421s] -- Installing: /home/hiro/rust_ws/src/install/actionlib_msgs/include/actionlib_msgs/actionlib_msgs/msg/detail/goal_status_array__rosidl_typesupport_introspection_c.h
[20.421s] -- Installing: /home/hiro/rust_ws/src/install/actionlib_msgs/lib/libactionlib_msgs__rosidl_typesupport_introspection_c.so
[20.421s] -- Set runtime path of "/home/hiro/rust_ws/src/install/actionlib_msgs/lib/libactionlib_msgs__rosidl_typesupport_introspection_c.so" to ""
[20.421s] -- Installing: /home/hiro/rust_ws/src/install/actionlib_msgs/lib/libactionlib_msgs__rosidl_typesupport_c.so
[20.422s] -- Set runtime path of "/home/hiro/rust_ws/src/install/actionlib_msgs/lib/libactionlib_msgs__rosidl_typesupport_c.so" to ""
[20.422s] -- Up-to-date: /home/hiro/rust_ws/src/install/actionlib_msgs/include/actionlib_msgs/actionlib_msgs
[20.422s] -- Up-to-date: /home/hiro/rust_ws/src/install/actionlib_msgs/include/actionlib_msgs/actionlib_msgs/msg
[20.422s] -- Up-to-date: /home/hiro/rust_ws/src/install/actionlib_msgs/include/actionlib_msgs/actionlib_msgs/msg/detail
[20.422s] -- Installing: /home/hiro/rust_ws/src/install/actionlib_msgs/include/actionlib_msgs/actionlib_msgs/msg/detail/goal_status__type_support.cpp
[20.422s] -- Installing: /home/hiro/rust_ws/src/install/actionlib_msgs/include/actionlib_msgs/actionlib_msgs/msg/detail/goal_id__rosidl_typesupport_introspection_cpp.hpp
[20.422s] -- Installing: /home/hiro/rust_ws/src/install/actionlib_msgs/include/actionlib_msgs/actionlib_msgs/msg/detail/goal_status__rosidl_typesupport_introspection_cpp.hpp
[20.422s] -- Installing: /home/hiro/rust_ws/src/install/actionlib_msgs/include/actionlib_msgs/actionlib_msgs/msg/detail/goal_id__type_support.cpp
[20.422s] -- Installing: /home/hiro/rust_ws/src/install/actionlib_msgs/include/actionlib_msgs/actionlib_msgs/msg/detail/goal_status_array__type_support.cpp
[20.422s] -- Installing: /home/hiro/rust_ws/src/install/actionlib_msgs/include/actionlib_msgs/actionlib_msgs/msg/detail/goal_status_array__rosidl_typesupport_introspection_cpp.hpp
[20.422s] -- Installing: /home/hiro/rust_ws/src/install/actionlib_msgs/lib/libactionlib_msgs__rosidl_typesupport_introspection_cpp.so
[20.422s] -- Set runtime path of "/home/hiro/rust_ws/src/install/actionlib_msgs/lib/libactionlib_msgs__rosidl_typesupport_introspection_cpp.so" to ""
[20.423s] -- Installing: /home/hiro/rust_ws/src/install/actionlib_msgs/lib/libactionlib_msgs__rosidl_typesupport_cpp.so
[20.423s] -- Set runtime path of "/home/hiro/rust_ws/src/install/actionlib_msgs/lib/libactionlib_msgs__rosidl_typesupport_cpp.so" to ""
[20.423s] -- Installing: /home/hiro/rust_ws/src/install/actionlib_msgs/share/ament_index/resource_index/rust_packages/actionlib_msgs
[20.423s] -- Installing: /home/hiro/rust_ws/src/install/actionlib_msgs/share/actionlib_msgs/rust
[20.423s] -- Installing: /home/hiro/rust_ws/src/install/actionlib_msgs/share/actionlib_msgs/rust/Cargo.toml
[20.423s] -- Installing: /home/hiro/rust_ws/src/install/actionlib_msgs/share/actionlib_msgs/rust/build.rs
[20.423s] -- Installing: /home/hiro/rust_ws/src/install/actionlib_msgs/share/actionlib_msgs/rust/src
[20.423s] -- Installing: /home/hiro/rust_ws/src/install/actionlib_msgs/share/actionlib_msgs/rust/src/msg.rs
[20.423s] -- Installing: /home/hiro/rust_ws/src/install/actionlib_msgs/share/actionlib_msgs/rust/src/lib.rs
[20.423s] -- Installing: /home/hiro/rust_ws/src/install/actionlib_msgs/share/actionlib_msgs/environment/pythonpath.sh
[20.423s] -- Installing: /home/hiro/rust_ws/src/install/actionlib_msgs/share/actionlib_msgs/environment/pythonpath.dsv
[20.423s] -- Installing: /home/hiro/rust_ws/src/install/actionlib_msgs/local/lib/python3.10/dist-packages/actionlib_msgs-4.2.4-py3.10.egg-info
[20.423s] -- Installing: /home/hiro/rust_ws/src/install/actionlib_msgs/local/lib/python3.10/dist-packages/actionlib_msgs-4.2.4-py3.10.egg-info/top_level.txt
[20.423s] -- Installing: /home/hiro/rust_ws/src/install/actionlib_msgs/local/lib/python3.10/dist-packages/actionlib_msgs-4.2.4-py3.10.egg-info/PKG-INFO
[20.424s] -- Installing: /home/hiro/rust_ws/src/install/actionlib_msgs/local/lib/python3.10/dist-packages/actionlib_msgs-4.2.4-py3.10.egg-info/SOURCES.txt
[20.424s] -- Installing: /home/hiro/rust_ws/src/install/actionlib_msgs/local/lib/python3.10/dist-packages/actionlib_msgs-4.2.4-py3.10.egg-info/dependency_links.txt
[20.424s] -- Installing: /home/hiro/rust_ws/src/install/actionlib_msgs/local/lib/python3.10/dist-packages/actionlib_msgs
[20.424s] -- Installing: /home/hiro/rust_ws/src/install/actionlib_msgs/local/lib/python3.10/dist-packages/actionlib_msgs/actionlib_msgs_s__rosidl_typesupport_fastrtps_c.cpython-310-x86_64-linux-gnu.so
[20.424s] -- Installing: /home/hiro/rust_ws/src/install/actionlib_msgs/local/lib/python3.10/dist-packages/actionlib_msgs/_actionlib_msgs_s.ep.rosidl_typesupport_introspection_c.c
[20.424s] -- Installing: /home/hiro/rust_ws/src/install/actionlib_msgs/local/lib/python3.10/dist-packages/actionlib_msgs/_actionlib_msgs_s.ep.rosidl_typesupport_c.c
[20.424s] -- Installing: /home/hiro/rust_ws/src/install/actionlib_msgs/local/lib/python3.10/dist-packages/actionlib_msgs/_actionlib_msgs_s.ep.rosidl_typesupport_fastrtps_c.c
[20.424s] -- Installing: /home/hiro/rust_ws/src/install/actionlib_msgs/local/lib/python3.10/dist-packages/actionlib_msgs/actionlib_msgs_s__rosidl_typesupport_introspection_c.cpython-310-x86_64-linux-gnu.so
[20.424s] -- Installing: /home/hiro/rust_ws/src/install/actionlib_msgs/local/lib/python3.10/dist-packages/actionlib_msgs/libactionlib_msgs__rosidl_generator_py.so
[20.424s] -- Installing: /home/hiro/rust_ws/src/install/actionlib_msgs/local/lib/python3.10/dist-packages/actionlib_msgs/__init__.py
[20.425s] -- Installing: /home/hiro/rust_ws/src/install/actionlib_msgs/local/lib/python3.10/dist-packages/actionlib_msgs/msg
[20.425s] -- Installing: /home/hiro/rust_ws/src/install/actionlib_msgs/local/lib/python3.10/dist-packages/actionlib_msgs/msg/_goal_id.py
[20.425s] -- Installing: /home/hiro/rust_ws/src/install/actionlib_msgs/local/lib/python3.10/dist-packages/actionlib_msgs/msg/_goal_status.py
[20.425s] -- Installing: /home/hiro/rust_ws/src/install/actionlib_msgs/local/lib/python3.10/dist-packages/actionlib_msgs/msg/_goal_id_s.c
[20.425s] -- Installing: /home/hiro/rust_ws/src/install/actionlib_msgs/local/lib/python3.10/dist-packages/actionlib_msgs/msg/__init__.py
[20.425s] -- Installing: /home/hiro/rust_ws/src/install/actionlib_msgs/local/lib/python3.10/dist-packages/actionlib_msgs/msg/_goal_status_s.c
[20.425s] -- Installing: /home/hiro/rust_ws/src/install/actionlib_msgs/local/lib/python3.10/dist-packages/actionlib_msgs/msg/_goal_status_array_s.c
[20.425s] -- Installing: /home/hiro/rust_ws/src/install/actionlib_msgs/local/lib/python3.10/dist-packages/actionlib_msgs/msg/_goal_status_array.py
[20.425s] -- Installing: /home/hiro/rust_ws/src/install/actionlib_msgs/local/lib/python3.10/dist-packages/actionlib_msgs/actionlib_msgs_s__rosidl_typesupport_c.cpython-310-x86_64-linux-gnu.so
[20.525s] Listing '/home/hiro/rust_ws/src/install/actionlib_msgs/local/lib/python3.10/dist-packages/actionlib_msgs'...
[20.526s] Compiling '/home/hiro/rust_ws/src/install/actionlib_msgs/local/lib/python3.10/dist-packages/actionlib_msgs/__init__.py'...
[20.527s] Listing '/home/hiro/rust_ws/src/install/actionlib_msgs/local/lib/python3.10/dist-packages/actionlib_msgs/msg'...
[20.527s] Compiling '/home/hiro/rust_ws/src/install/actionlib_msgs/local/lib/python3.10/dist-packages/actionlib_msgs/msg/__init__.py'...
[20.527s] Compiling '/home/hiro/rust_ws/src/install/actionlib_msgs/local/lib/python3.10/dist-packages/actionlib_msgs/msg/_goal_id.py'...
[20.527s] Compiling '/home/hiro/rust_ws/src/install/actionlib_msgs/local/lib/python3.10/dist-packages/actionlib_msgs/msg/_goal_status.py'...
[20.527s] Compiling '/home/hiro/rust_ws/src/install/actionlib_msgs/local/lib/python3.10/dist-packages/actionlib_msgs/msg/_goal_status_array.py'...
[20.549s] -- Installing: /home/hiro/rust_ws/src/install/actionlib_msgs/local/lib/python3.10/dist-packages/actionlib_msgs/actionlib_msgs_s__rosidl_typesupport_fastrtps_c.cpython-310-x86_64-linux-gnu.so
[20.549s] -- Set runtime path of "/home/hiro/rust_ws/src/install/actionlib_msgs/local/lib/python3.10/dist-packages/actionlib_msgs/actionlib_msgs_s__rosidl_typesupport_fastrtps_c.cpython-310-x86_64-linux-gnu.so" to ""
[20.550s] -- Installing: /home/hiro/rust_ws/src/install/actionlib_msgs/local/lib/python3.10/dist-packages/actionlib_msgs/actionlib_msgs_s__rosidl_typesupport_introspection_c.cpython-310-x86_64-linux-gnu.so
[20.550s] -- Set runtime path of "/home/hiro/rust_ws/src/install/actionlib_msgs/local/lib/python3.10/dist-packages/actionlib_msgs/actionlib_msgs_s__rosidl_typesupport_introspection_c.cpython-310-x86_64-linux-gnu.so" to ""
[20.550s] -- Installing: /home/hiro/rust_ws/src/install/actionlib_msgs/local/lib/python3.10/dist-packages/actionlib_msgs/actionlib_msgs_s__rosidl_typesupport_c.cpython-310-x86_64-linux-gnu.so
[20.550s] -- Set runtime path of "/home/hiro/rust_ws/src/install/actionlib_msgs/local/lib/python3.10/dist-packages/actionlib_msgs/actionlib_msgs_s__rosidl_typesupport_c.cpython-310-x86_64-linux-gnu.so" to ""
[20.550s] -- Installing: /home/hiro/rust_ws/src/install/actionlib_msgs/lib/libactionlib_msgs__rosidl_generator_py.so
[20.550s] -- Set runtime path of "/home/hiro/rust_ws/src/install/actionlib_msgs/lib/libactionlib_msgs__rosidl_generator_py.so" to ""
[20.550s] -- Installing: /home/hiro/rust_ws/src/install/actionlib_msgs/share/actionlib_msgs/msg/GoalID.idl
[20.550s] -- Installing: /home/hiro/rust_ws/src/install/actionlib_msgs/share/actionlib_msgs/msg/GoalStatus.idl
[20.551s] -- Installing: /home/hiro/rust_ws/src/install/actionlib_msgs/share/actionlib_msgs/msg/GoalStatusArray.idl
[20.551s] -- Installing: /home/hiro/rust_ws/src/install/actionlib_msgs/share/actionlib_msgs/msg/GoalID.msg
[20.551s] -- Installing: /home/hiro/rust_ws/src/install/actionlib_msgs/share/actionlib_msgs/msg/GoalStatus.msg
[20.551s] -- Installing: /home/hiro/rust_ws/src/install/actionlib_msgs/share/actionlib_msgs/msg/GoalStatusArray.msg
[20.552s] -- Installing: /home/hiro/rust_ws/src/install/actionlib_msgs/share/ament_index/resource_index/package_run_dependencies/actionlib_msgs
[20.558s] -- Installing: /home/hiro/rust_ws/src/install/actionlib_msgs/share/ament_index/resource_index/parent_prefix_path/actionlib_msgs
[20.559s] -- Installing: /home/hiro/rust_ws/src/install/actionlib_msgs/share/actionlib_msgs/environment/ament_prefix_path.sh
[20.559s] -- Installing: /home/hiro/rust_ws/src/install/actionlib_msgs/share/actionlib_msgs/environment/ament_prefix_path.dsv
[20.559s] -- Installing: /home/hiro/rust_ws/src/install/actionlib_msgs/share/actionlib_msgs/environment/path.sh
[20.559s] -- Installing: /home/hiro/rust_ws/src/install/actionlib_msgs/share/actionlib_msgs/environment/path.dsv
[20.559s] -- Installing: /home/hiro/rust_ws/src/install/actionlib_msgs/share/actionlib_msgs/local_setup.bash
[20.559s] -- Installing: /home/hiro/rust_ws/src/install/actionlib_msgs/share/actionlib_msgs/local_setup.sh
[20.559s] -- Installing: /home/hiro/rust_ws/src/install/actionlib_msgs/share/actionlib_msgs/local_setup.zsh
[20.559s] -- Installing: /home/hiro/rust_ws/src/install/actionlib_msgs/share/actionlib_msgs/local_setup.dsv
[20.559s] -- Installing: /home/hiro/rust_ws/src/install/actionlib_msgs/share/actionlib_msgs/package.dsv
[20.559s] -- Installing: /home/hiro/rust_ws/src/install/actionlib_msgs/share/ament_index/resource_index/packages/actionlib_msgs
[20.559s] -- Installing: /home/hiro/rust_ws/src/install/actionlib_msgs/share/actionlib_msgs/cmake/export_actionlib_msgs__rosidl_generator_cExport.cmake
[20.560s] -- Installing: /home/hiro/rust_ws/src/install/actionlib_msgs/share/actionlib_msgs/cmake/export_actionlib_msgs__rosidl_generator_cExport-noconfig.cmake
[20.560s] -- Installing: /home/hiro/rust_ws/src/install/actionlib_msgs/share/actionlib_msgs/cmake/export_actionlib_msgs__rosidl_typesupport_fastrtps_cExport.cmake
[20.560s] -- Installing: /home/hiro/rust_ws/src/install/actionlib_msgs/share/actionlib_msgs/cmake/export_actionlib_msgs__rosidl_typesupport_fastrtps_cExport-noconfig.cmake
[20.560s] -- Installing: /home/hiro/rust_ws/src/install/actionlib_msgs/share/actionlib_msgs/cmake/export_actionlib_msgs__rosidl_generator_cppExport.cmake
[20.560s] -- Installing: /home/hiro/rust_ws/src/install/actionlib_msgs/share/actionlib_msgs/cmake/export_actionlib_msgs__rosidl_typesupport_fastrtps_cppExport.cmake
[20.560s] -- Installing: /home/hiro/rust_ws/src/install/actionlib_msgs/share/actionlib_msgs/cmake/export_actionlib_msgs__rosidl_typesupport_fastrtps_cppExport-noconfig.cmake
[20.560s] -- Installing: /home/hiro/rust_ws/src/install/actionlib_msgs/share/actionlib_msgs/cmake/actionlib_msgs__rosidl_typesupport_introspection_cExport.cmake
[20.560s] -- Installing: /home/hiro/rust_ws/src/install/actionlib_msgs/share/actionlib_msgs/cmake/actionlib_msgs__rosidl_typesupport_introspection_cExport-noconfig.cmake
[20.560s] -- Installing: /home/hiro/rust_ws/src/install/actionlib_msgs/share/actionlib_msgs/cmake/actionlib_msgs__rosidl_typesupport_cExport.cmake
[20.560s] -- Installing: /home/hiro/rust_ws/src/install/actionlib_msgs/share/actionlib_msgs/cmake/actionlib_msgs__rosidl_typesupport_cExport-noconfig.cmake
[20.565s] -- Installing: /home/hiro/rust_ws/src/install/actionlib_msgs/share/actionlib_msgs/cmake/actionlib_msgs__rosidl_typesupport_introspection_cppExport.cmake
[20.565s] -- Installing: /home/hiro/rust_ws/src/install/actionlib_msgs/share/actionlib_msgs/cmake/actionlib_msgs__rosidl_typesupport_introspection_cppExport-noconfig.cmake
[20.565s] -- Installing: /home/hiro/rust_ws/src/install/actionlib_msgs/share/actionlib_msgs/cmake/actionlib_msgs__rosidl_typesupport_cppExport.cmake
[20.565s] -- Installing: /home/hiro/rust_ws/src/install/actionlib_msgs/share/actionlib_msgs/cmake/actionlib_msgs__rosidl_typesupport_cppExport-noconfig.cmake
[20.565s] -- Installing: /home/hiro/rust_ws/src/install/actionlib_msgs/share/actionlib_msgs/cmake/export_actionlib_msgs__rosidl_generator_pyExport.cmake
[20.565s] -- Installing: /home/hiro/rust_ws/src/install/actionlib_msgs/share/actionlib_msgs/cmake/export_actionlib_msgs__rosidl_generator_pyExport-noconfig.cmake
[20.565s] -- Installing: /home/hiro/rust_ws/src/install/actionlib_msgs/share/actionlib_msgs/cmake/rosidl_cmake-extras.cmake
[20.566s] -- Installing: /home/hiro/rust_ws/src/install/actionlib_msgs/share/actionlib_msgs/cmake/ament_cmake_export_dependencies-extras.cmake
[20.566s] -- Installing: /home/hiro/rust_ws/src/install/actionlib_msgs/share/actionlib_msgs/cmake/ament_cmake_export_include_directories-extras.cmake
[20.566s] -- Installing: /home/hiro/rust_ws/src/install/actionlib_msgs/share/actionlib_msgs/cmake/ament_cmake_export_libraries-extras.cmake
[20.566s] -- Installing: /home/hiro/rust_ws/src/install/actionlib_msgs/share/actionlib_msgs/cmake/ament_cmake_export_targets-extras.cmake
[20.566s] -- Installing: /home/hiro/rust_ws/src/install/actionlib_msgs/share/actionlib_msgs/cmake/rosidl_cmake_export_typesupport_targets-extras.cmake
[20.567s] -- Installing: /home/hiro/rust_ws/src/install/actionlib_msgs/share/actionlib_msgs/cmake/rosidl_cmake_export_typesupport_libraries-extras.cmake
[20.567s] -- Installing: /home/hiro/rust_ws/src/install/actionlib_msgs/share/actionlib_msgs/cmake/actionlib_msgsConfig.cmake
[20.567s] -- Installing: /home/hiro/rust_ws/src/install/actionlib_msgs/share/actionlib_msgs/cmake/actionlib_msgsConfig-version.cmake
[20.567s] -- Installing: /home/hiro/rust_ws/src/install/actionlib_msgs/share/actionlib_msgs/package.xml
[20.585s] Invoked command in '/home/hiro/rust_ws/src/build/actionlib_msgs' returned '0': AMENT_PREFIX_PATH=/home/hiro/rust_ws/src/install/std_msgs:/home/hiro/rust_ws/src/install/builtin_interfaces:/home/hiro/rust_ws/src/install/rosidl_default_runtime:/home/hiro/rust_ws/src/install/rosidl_default_generators:/home/hiro/rust_ws/src/install/rosidl_generator_rs:/home/hiro/rust_ws/src/install/rosidl_runtime_rs:${AMENT_PREFIX_PATH} CMAKE_PREFIX_PATH=/home/hiro/rust_ws/src/install/std_msgs:/home/hiro/rust_ws/src/install/builtin_interfaces:/home/hiro/rust_ws/src/install/rosidl_default_runtime:/home/hiro/rust_ws/src/install/rosidl_default_generators:/home/hiro/rust_ws/src/install/rosidl_generator_rs:/home/hiro/ws_livox/install/livox_ros_driver2:/opt/ros/humble LD_LIBRARY_PATH=/home/hiro/rust_ws/src/install/std_msgs/lib:/home/hiro/rust_ws/src/install/builtin_interfaces/lib:${LD_LIBRARY_PATH} PYTHONPATH=/home/hiro/rust_ws/src/install/std_msgs/local/lib/python3.10/dist-packages:/home/hiro/rust_ws/src/install/builtin_interfaces/local/lib/python3.10/dist-packages:/home/hiro/rust_ws/src/install/rosidl_generator_rs/local/lib/python3.10/dist-packages:${PYTHONPATH} /usr/bin/cmake --install /home/hiro/rust_ws/src/build/actionlib_msgs
