[0.080s] Invoking command in '/home/hiromichi/rost2/build/statistics_msgs': AMENT_PREFIX_PATH=/home/hiromichi/rost2/install/builtin_interfaces:/home/hiromichi/rost2/install/rosidl_default_runtime:/home/hiromichi/rost2/install/rosidl_default_generators:/home/hiromichi/rost2/install/rosidl_generator_rs:/home/hiromichi/rost2/install/rosidl_runtime_rs:${AMENT_PREFIX_PATH} CMAKE_PREFIX_PATH=/home/hiromichi/rost2/install/builtin_interfaces:/home/hiromichi/rost2/install/rosidl_default_runtime:/home/hiromichi/rost2/install/rosidl_default_generators:/home/hiromichi/rost2/install/rosidl_generator_rs:/opt/ros/humble LD_LIBRARY_PATH=/home/hiromichi/rost2/install/builtin_interfaces/lib:${LD_LIBRARY_PATH} PYTHONPATH=/home/hiromichi/rost2/install/builtin_interfaces/local/lib/python3.10/dist-packages:/home/hiromichi/rost2/install/rosidl_generator_rs/local/lib/python3.10/dist-packages:${PYTHONPATH} /usr/bin/cmake /home/hiromichi/rost2/src/ros2/rcl_interfaces/statistics_msgs -DCMAKE_INSTALL_PREFIX=/home/hiromichi/rost2/install/statistics_msgs
[0.155s] -- The C compiler identification is GNU 11.4.0
[0.224s] -- The CXX compiler identification is GNU 11.4.0
[0.236s] -- Detecting C compiler ABI info
[0.340s] -- Detecting C compiler ABI info - done
[0.340s] -- Check for working C compiler: /usr/bin/cc - skipped
[0.340s] -- Detecting C compile features
[0.341s] -- Detecting C compile features - done
[0.341s] -- Detecting CXX compiler ABI info
[0.406s] -- Detecting CXX compiler ABI info - done
[0.415s] -- Check for working CXX compiler: /usr/bin/c++ - skipped
[0.416s] -- Detecting CXX compile features
[0.417s] -- Detecting CXX compile features - done
[0.419s] -- Found ament_cmake: 1.3.2 (/opt/ros/humble/share/ament_cmake/cmake)
[0.589s] -- Found Python3: /usr/bin/python3.10 (found version "3.10.12") found components: Interpreter 
[0.664s] -- Found builtin_interfaces: 1.2.1 (/home/hiromichi/rost2/install/builtin_interfaces/share/builtin_interfaces/cmake)
[0.691s] -- Found rosidl_generator_c: 3.1.3 (/opt/ros/humble/share/rosidl_generator_c/cmake)
[0.694s] -- Found rosidl_adapter: 3.1.3 (/opt/ros/humble/share/rosidl_adapter/cmake)
[0.700s] -- Found rosidl_generator_cpp: 3.1.3 (/opt/ros/humble/share/rosidl_generator_cpp/cmake)
[0.710s] -- Using all available rosidl_typesupport_c: rosidl_typesupport_fastrtps_c;rosidl_typesupport_introspection_c
[0.723s] -- Using all available rosidl_typesupport_cpp: rosidl_typesupport_fastrtps_cpp;rosidl_typesupport_introspection_cpp
[0.739s] -- Found rosidl_default_generators: 1.2.0 (/home/hiromichi/rost2/install/rosidl_default_generators/share/rosidl_default_generators/cmake)
[0.954s] -- Found ament_cmake_ros: 0.10.0 (/opt/ros/humble/share/ament_cmake_ros/cmake)
[1.235s] -- Using all available rosidl_typesupport_c: rosidl_typesupport_fastrtps_c;rosidl_typesupport_introspection_c
[1.344s] -- Using all available rosidl_typesupport_cpp: rosidl_typesupport_fastrtps_cpp;rosidl_typesupport_introspection_cpp
[1.364s] -- Found PythonInterp: /usr/bin/python3 (found suitable version "3.10.12", minimum required is "3.6") 
[1.365s] -- Found python_cmake_module: 0.10.0 (/opt/ros/humble/share/python_cmake_module/cmake)
[1.384s] -- Found PythonLibs: /usr/lib/x86_64-linux-gnu/libpython3.10.so (found suitable version "3.10.12", minimum required is "3.5") 
[1.384s] -- Using PYTHON_EXECUTABLE: /usr/bin/python3
[1.384s] -- Using PYTHON_INCLUDE_DIRS: /usr/include/python3.10
[1.384s] -- Using PYTHON_LIBRARIES: /usr/lib/x86_64-linux-gnu/libpython3.10.so
[1.402s] -- Found PythonExtra: .so  
[1.439s] -- Configuring done
[1.463s] -- Generating done
[1.465s] -- Build files have been written to: /home/hiromichi/rost2/build/statistics_msgs
[1.470s] Invoked command in '/home/hiromichi/rost2/build/statistics_msgs' returned '0': AMENT_PREFIX_PATH=/home/hiromichi/rost2/install/builtin_interfaces:/home/hiromichi/rost2/install/rosidl_default_runtime:/home/hiromichi/rost2/install/rosidl_default_generators:/home/hiromichi/rost2/install/rosidl_generator_rs:/home/hiromichi/rost2/install/rosidl_runtime_rs:${AMENT_PREFIX_PATH} CMAKE_PREFIX_PATH=/home/hiromichi/rost2/install/builtin_interfaces:/home/hiromichi/rost2/install/rosidl_default_runtime:/home/hiromichi/rost2/install/rosidl_default_generators:/home/hiromichi/rost2/install/rosidl_generator_rs:/opt/ros/humble LD_LIBRARY_PATH=/home/hiromichi/rost2/install/builtin_interfaces/lib:${LD_LIBRARY_PATH} PYTHONPATH=/home/hiromichi/rost2/install/builtin_interfaces/local/lib/python3.10/dist-packages:/home/hiromichi/rost2/install/rosidl_generator_rs/local/lib/python3.10/dist-packages:${PYTHONPATH} /usr/bin/cmake /home/hiromichi/rost2/src/ros2/rcl_interfaces/statistics_msgs -DCMAKE_INSTALL_PREFIX=/home/hiromichi/rost2/install/statistics_msgs
[1.473s] Invoking command in '/home/hiromichi/rost2/build/statistics_msgs': AMENT_PREFIX_PATH=/home/hiromichi/rost2/install/builtin_interfaces:/home/hiromichi/rost2/install/rosidl_default_runtime:/home/hiromichi/rost2/install/rosidl_default_generators:/home/hiromichi/rost2/install/rosidl_generator_rs:/home/hiromichi/rost2/install/rosidl_runtime_rs:${AMENT_PREFIX_PATH} CMAKE_PREFIX_PATH=/home/hiromichi/rost2/install/builtin_interfaces:/home/hiromichi/rost2/install/rosidl_default_runtime:/home/hiromichi/rost2/install/rosidl_default_generators:/home/hiromichi/rost2/install/rosidl_generator_rs:/opt/ros/humble LD_LIBRARY_PATH=/home/hiromichi/rost2/install/builtin_interfaces/lib:${LD_LIBRARY_PATH} PYTHONPATH=/home/hiromichi/rost2/install/builtin_interfaces/local/lib/python3.10/dist-packages:/home/hiromichi/rost2/install/rosidl_generator_rs/local/lib/python3.10/dist-packages:${PYTHONPATH} /usr/bin/cmake --build /home/hiromichi/rost2/build/statistics_msgs -- -j20 -l20
[1.504s] [  2%] [34m[1mGenerating C code for ROS interfaces[0m
[1.510s] [  4%] [34m[1mGenerating C++ code for ROS interfaces[0m
[1.511s] [  6%] [34m[1mGenerating Rust code for ROS interfaces[0m
[1.521s] [  6%] Built target ament_cmake_python_copy_statistics_msgs
[1.743s] running egg_info
[1.744s] creating statistics_msgs.egg-info
[1.744s] writing statistics_msgs.egg-info/PKG-INFO
[1.744s] writing dependency_links to statistics_msgs.egg-info/dependency_links.txt
[1.744s] writing top-level names to statistics_msgs.egg-info/top_level.txt
[1.745s] writing manifest file 'statistics_msgs.egg-info/SOURCES.txt'
[1.747s] reading manifest file 'statistics_msgs.egg-info/SOURCES.txt'
[1.747s] writing manifest file 'statistics_msgs.egg-info/SOURCES.txt'
[1.777s] [  6%] Built target ament_cmake_python_build_statistics_msgs_egg
[2.110s] [  6%] Built target statistics_msgs__rs
[2.277s] [  6%] Built target statistics_msgs__cpp
[2.321s] [  8%] [34m[1mGenerating C++ introspection for ROS interfaces[0m
[2.332s] [ 10%] [34m[1mGenerating C++ type support for eProsima Fast-RTPS[0m
[2.333s] [ 12%] [34m[1mGenerating C++ type support dispatch for ROS interfaces[0m
[2.411s] [ 14%] [32mBuilding C object CMakeFiles/statistics_msgs__rosidl_generator_c.dir/rosidl_generator_c/statistics_msgs/msg/detail/metrics_message__functions.c.o[0m
[2.415s] [ 16%] [32mBuilding C object CMakeFiles/statistics_msgs__rosidl_generator_c.dir/rosidl_generator_c/statistics_msgs/msg/detail/statistic_data_point__functions.c.o[0m
[2.454s] [ 18%] [32mBuilding C object CMakeFiles/statistics_msgs__rosidl_generator_c.dir/rosidl_generator_c/statistics_msgs/msg/detail/statistic_data_type__functions.c.o[0m
[2.522s] [ 20%] [32m[1mLinking C shared library libstatistics_msgs__rosidl_generator_c.so[0m
[2.590s] [ 20%] Built target statistics_msgs__rosidl_generator_c
[2.608s] [ 22%] [34m[1mGenerating C introspection for ROS interfaces[0m
[2.616s] [ 25%] [34m[1mGenerating C type support for eProsima Fast-RTPS[0m
[2.620s] [ 27%] [34m[1mGenerating C type support dispatch for ROS interfaces[0m
[2.999s] [ 29%] [32mBuilding CXX object CMakeFiles/statistics_msgs__rosidl_typesupport_cpp.dir/rosidl_typesupport_cpp/statistics_msgs/msg/metrics_message__type_support.cpp.o[0m
[3.006s] [ 31%] [32mBuilding CXX object CMakeFiles/statistics_msgs__rosidl_typesupport_cpp.dir/rosidl_typesupport_cpp/statistics_msgs/msg/statistic_data_type__type_support.cpp.o[0m
[3.008s] [ 33%] [32mBuilding CXX object CMakeFiles/statistics_msgs__rosidl_typesupport_cpp.dir/rosidl_typesupport_cpp/statistics_msgs/msg/statistic_data_point__type_support.cpp.o[0m
[3.028s] [ 35%] [32mBuilding CXX object CMakeFiles/statistics_msgs__rosidl_typesupport_fastrtps_cpp.dir/rosidl_typesupport_fastrtps_cpp/statistics_msgs/msg/detail/dds_fastrtps/statistic_data_point__type_support.cpp.o[0m
[3.031s] [ 37%] [32mBuilding CXX object CMakeFiles/statistics_msgs__rosidl_typesupport_fastrtps_cpp.dir/rosidl_typesupport_fastrtps_cpp/statistics_msgs/msg/detail/dds_fastrtps/statistic_data_type__type_support.cpp.o[0m
[3.031s] [ 39%] [32mBuilding CXX object CMakeFiles/statistics_msgs__rosidl_typesupport_fastrtps_cpp.dir/rosidl_typesupport_fastrtps_cpp/statistics_msgs/msg/detail/dds_fastrtps/metrics_message__type_support.cpp.o[0m
[3.128s] [ 41%] [32mBuilding CXX object CMakeFiles/statistics_msgs__rosidl_typesupport_introspection_cpp.dir/rosidl_typesupport_introspection_cpp/statistics_msgs/msg/detail/metrics_message__type_support.cpp.o[0m
[3.134s] [ 43%] [32mBuilding CXX object CMakeFiles/statistics_msgs__rosidl_typesupport_introspection_cpp.dir/rosidl_typesupport_introspection_cpp/statistics_msgs/msg/detail/statistic_data_type__type_support.cpp.o[0m
[3.142s] [ 45%] [32mBuilding CXX object CMakeFiles/statistics_msgs__rosidl_typesupport_introspection_cpp.dir/rosidl_typesupport_introspection_cpp/statistics_msgs/msg/detail/statistic_data_point__type_support.cpp.o[0m
[3.374s] [ 47%] [32mBuilding CXX object CMakeFiles/statistics_msgs__rosidl_typesupport_c.dir/rosidl_typesupport_c/statistics_msgs/msg/metrics_message__type_support.cpp.o[0m
[3.381s] [ 50%] [32mBuilding CXX object CMakeFiles/statistics_msgs__rosidl_typesupport_c.dir/rosidl_typesupport_c/statistics_msgs/msg/statistic_data_type__type_support.cpp.o[0m
[3.391s] [ 52%] [32mBuilding CXX object CMakeFiles/statistics_msgs__rosidl_typesupport_c.dir/rosidl_typesupport_c/statistics_msgs/msg/statistic_data_point__type_support.cpp.o[0m
[3.435s] [ 54%] [32mBuilding C object CMakeFiles/statistics_msgs__rosidl_typesupport_introspection_c.dir/rosidl_typesupport_introspection_c/statistics_msgs/msg/detail/metrics_message__type_support.c.o[0m
[3.443s] [ 56%] [32mBuilding C object CMakeFiles/statistics_msgs__rosidl_typesupport_introspection_c.dir/rosidl_typesupport_introspection_c/statistics_msgs/msg/detail/statistic_data_point__type_support.c.o[0m
[3.446s] [ 58%] [32mBuilding C object CMakeFiles/statistics_msgs__rosidl_typesupport_introspection_c.dir/rosidl_typesupport_introspection_c/statistics_msgs/msg/detail/statistic_data_type__type_support.c.o[0m
[3.464s] [ 60%] [32mBuilding CXX object CMakeFiles/statistics_msgs__rosidl_typesupport_fastrtps_c.dir/rosidl_typesupport_fastrtps_c/statistics_msgs/msg/detail/metrics_message__type_support_c.cpp.o[0m
[3.484s] [ 62%] [32mBuilding CXX object CMakeFiles/statistics_msgs__rosidl_typesupport_fastrtps_c.dir/rosidl_typesupport_fastrtps_c/statistics_msgs/msg/detail/statistic_data_point__type_support_c.cpp.o[0m
[3.505s] [ 64%] [32m[1mLinking CXX shared library libstatistics_msgs__rosidl_typesupport_c.so[0m
[3.507s] [ 66%] [32mBuilding CXX object CMakeFiles/statistics_msgs__rosidl_typesupport_fastrtps_c.dir/rosidl_typesupport_fastrtps_c/statistics_msgs/msg/detail/statistic_data_type__type_support_c.cpp.o[0m
[3.546s] [ 68%] [32m[1mLinking CXX shared library libstatistics_msgs__rosidl_typesupport_cpp.so[0m
[3.589s] [ 70%] [32m[1mLinking C shared library libstatistics_msgs__rosidl_typesupport_introspection_c.so[0m
[3.609s] [ 70%] Built target statistics_msgs__rosidl_typesupport_c
[3.624s] [ 70%] Built target statistics_msgs__rosidl_typesupport_cpp
[3.667s] [ 70%] Built target statistics_msgs__rosidl_typesupport_introspection_c
[3.762s] [ 72%] [32m[1mLinking CXX shared library libstatistics_msgs__rosidl_typesupport_fastrtps_cpp.so[0m
[3.875s] [ 72%] Built target statistics_msgs__rosidl_typesupport_fastrtps_cpp
[3.958s] [ 75%] [32m[1mLinking CXX shared library libstatistics_msgs__rosidl_typesupport_introspection_cpp.so[0m
[4.075s] [ 77%] [32m[1mLinking CXX shared library libstatistics_msgs__rosidl_typesupport_fastrtps_c.so[0m
[4.091s] [ 77%] Built target statistics_msgs__rosidl_typesupport_introspection_cpp
[4.195s] [ 77%] Built target statistics_msgs__rosidl_typesupport_fastrtps_c
[4.311s] [ 77%] Built target statistics_msgs
[4.359s] [ 79%] [34m[1mGenerating Python code for ROS interfaces[0m
[5.674s] [ 79%] Built target statistics_msgs__py
[5.692s] [ 83%] [32mBuilding C object CMakeFiles/statistics_msgs__rosidl_generator_py.dir/rosidl_generator_py/statistics_msgs/msg/_statistic_data_type_s.c.o[0m
[5.692s] [ 83%] [32mBuilding C object CMakeFiles/statistics_msgs__rosidl_generator_py.dir/rosidl_generator_py/statistics_msgs/msg/_metrics_message_s.c.o[0m
[5.692s] [ 85%] [32mBuilding C object CMakeFiles/statistics_msgs__rosidl_generator_py.dir/rosidl_generator_py/statistics_msgs/msg/_statistic_data_point_s.c.o[0m
[5.809s] [ 87%] [32m[1mLinking C shared library rosidl_generator_py/statistics_msgs/libstatistics_msgs__rosidl_generator_py.so[0m
[5.848s] [ 87%] Built target statistics_msgs__rosidl_generator_py
[5.866s] [ 89%] [32mBuilding C object CMakeFiles/statistics_msgs__rosidl_typesupport_introspection_c__pyext.dir/rosidl_generator_py/statistics_msgs/_statistics_msgs_s.ep.rosidl_typesupport_introspection_c.c.o[0m
[5.868s] [ 93%] [32mBuilding C object CMakeFiles/statistics_msgs__rosidl_typesupport_c__pyext.dir/rosidl_generator_py/statistics_msgs/_statistics_msgs_s.ep.rosidl_typesupport_c.c.o[0m
[5.868s] [ 93%] [32mBuilding C object CMakeFiles/statistics_msgs__rosidl_typesupport_fastrtps_c__pyext.dir/rosidl_generator_py/statistics_msgs/_statistics_msgs_s.ep.rosidl_typesupport_fastrtps_c.c.o[0m
[5.981s] [ 95%] [32m[1mLinking C shared library rosidl_generator_py/statistics_msgs/statistics_msgs_s__rosidl_typesupport_introspection_c.cpython-310-x86_64-linux-gnu.so[0m
[5.982s] [100%] [32m[1mLinking C shared library rosidl_generator_py/statistics_msgs/statistics_msgs_s__rosidl_typesupport_fastrtps_c.cpython-310-x86_64-linux-gnu.so[0m
[5.983s] [100%] [32m[1mLinking C shared library rosidl_generator_py/statistics_msgs/statistics_msgs_s__rosidl_typesupport_c.cpython-310-x86_64-linux-gnu.so[0m
[6.016s] [100%] Built target statistics_msgs__rosidl_typesupport_fastrtps_c__pyext
[6.017s] [100%] Built target statistics_msgs__rosidl_typesupport_introspection_c__pyext
[6.019s] [100%] Built target statistics_msgs__rosidl_typesupport_c__pyext
[6.030s] Invoked command in '/home/hiromichi/rost2/build/statistics_msgs' returned '0': AMENT_PREFIX_PATH=/home/hiromichi/rost2/install/builtin_interfaces:/home/hiromichi/rost2/install/rosidl_default_runtime:/home/hiromichi/rost2/install/rosidl_default_generators:/home/hiromichi/rost2/install/rosidl_generator_rs:/home/hiromichi/rost2/install/rosidl_runtime_rs:${AMENT_PREFIX_PATH} CMAKE_PREFIX_PATH=/home/hiromichi/rost2/install/builtin_interfaces:/home/hiromichi/rost2/install/rosidl_default_runtime:/home/hiromichi/rost2/install/rosidl_default_generators:/home/hiromichi/rost2/install/rosidl_generator_rs:/opt/ros/humble LD_LIBRARY_PATH=/home/hiromichi/rost2/install/builtin_interfaces/lib:${LD_LIBRARY_PATH} PYTHONPATH=/home/hiromichi/rost2/install/builtin_interfaces/local/lib/python3.10/dist-packages:/home/hiromichi/rost2/install/rosidl_generator_rs/local/lib/python3.10/dist-packages:${PYTHONPATH} /usr/bin/cmake --build /home/hiromichi/rost2/build/statistics_msgs -- -j20 -l20
[6.112s] Invoking command in '/home/hiromichi/rost2/build/statistics_msgs': AMENT_PREFIX_PATH=/home/hiromichi/rost2/install/builtin_interfaces:/home/hiromichi/rost2/install/rosidl_default_runtime:/home/hiromichi/rost2/install/rosidl_default_generators:/home/hiromichi/rost2/install/rosidl_generator_rs:/home/hiromichi/rost2/install/rosidl_runtime_rs:${AMENT_PREFIX_PATH} CMAKE_PREFIX_PATH=/home/hiromichi/rost2/install/builtin_interfaces:/home/hiromichi/rost2/install/rosidl_default_runtime:/home/hiromichi/rost2/install/rosidl_default_generators:/home/hiromichi/rost2/install/rosidl_generator_rs:/opt/ros/humble LD_LIBRARY_PATH=/home/hiromichi/rost2/install/builtin_interfaces/lib:${LD_LIBRARY_PATH} PYTHONPATH=/home/hiromichi/rost2/install/builtin_interfaces/local/lib/python3.10/dist-packages:/home/hiromichi/rost2/install/rosidl_generator_rs/local/lib/python3.10/dist-packages:${PYTHONPATH} /usr/bin/cmake --install /home/hiromichi/rost2/build/statistics_msgs
[6.121s] -- Install configuration: ""
[6.121s] -- Installing: /home/hiromichi/rost2/install/statistics_msgs/share/ament_index/resource_index/rosidl_interfaces/statistics_msgs
[6.121s] -- Installing: /home/hiromichi/rost2/install/statistics_msgs/include/statistics_msgs/statistics_msgs
[6.122s] -- Installing: /home/hiromichi/rost2/install/statistics_msgs/include/statistics_msgs/statistics_msgs/msg
[6.122s] -- Installing: /home/hiromichi/rost2/install/statistics_msgs/include/statistics_msgs/statistics_msgs/msg/metrics_message.h
[6.122s] -- Installing: /home/hiromichi/rost2/install/statistics_msgs/include/statistics_msgs/statistics_msgs/msg/statistic_data_point.h
[6.123s] -- Installing: /home/hiromichi/rost2/install/statistics_msgs/include/statistics_msgs/statistics_msgs/msg/statistic_data_type.h
[6.123s] -- Installing: /home/hiromichi/rost2/install/statistics_msgs/include/statistics_msgs/statistics_msgs/msg/rosidl_generator_c__visibility_control.h
[6.123s] -- Installing: /home/hiromichi/rost2/install/statistics_msgs/include/statistics_msgs/statistics_msgs/msg/detail
[6.123s] -- Installing: /home/hiromichi/rost2/install/statistics_msgs/include/statistics_msgs/statistics_msgs/msg/detail/statistic_data_type__struct.h
[6.123s] -- Installing: /home/hiromichi/rost2/install/statistics_msgs/include/statistics_msgs/statistics_msgs/msg/detail/statistic_data_point__functions.c
[6.123s] -- Installing: /home/hiromichi/rost2/install/statistics_msgs/include/statistics_msgs/statistics_msgs/msg/detail/metrics_message__functions.h
[6.124s] -- Installing: /home/hiromichi/rost2/install/statistics_msgs/include/statistics_msgs/statistics_msgs/msg/detail/statistic_data_point__struct.h
[6.124s] -- Installing: /home/hiromichi/rost2/install/statistics_msgs/include/statistics_msgs/statistics_msgs/msg/detail/statistic_data_type__functions.h
[6.124s] -- Installing: /home/hiromichi/rost2/install/statistics_msgs/include/statistics_msgs/statistics_msgs/msg/detail/statistic_data_point__functions.h
[6.124s] -- Installing: /home/hiromichi/rost2/install/statistics_msgs/include/statistics_msgs/statistics_msgs/msg/detail/statistic_data_type__functions.c
[6.124s] -- Installing: /home/hiromichi/rost2/install/statistics_msgs/include/statistics_msgs/statistics_msgs/msg/detail/statistic_data_type__type_support.h
[6.124s] -- Installing: /home/hiromichi/rost2/install/statistics_msgs/include/statistics_msgs/statistics_msgs/msg/detail/metrics_message__struct.h
[6.125s] -- Installing: /home/hiromichi/rost2/install/statistics_msgs/include/statistics_msgs/statistics_msgs/msg/detail/metrics_message__functions.c
[6.125s] -- Installing: /home/hiromichi/rost2/install/statistics_msgs/include/statistics_msgs/statistics_msgs/msg/detail/metrics_message__type_support.h
[6.125s] -- Installing: /home/hiromichi/rost2/install/statistics_msgs/include/statistics_msgs/statistics_msgs/msg/detail/statistic_data_point__type_support.h
[6.126s] -- Installing: /home/hiromichi/rost2/install/statistics_msgs/share/statistics_msgs/environment/library_path.sh
[6.126s] -- Installing: /home/hiromichi/rost2/install/statistics_msgs/share/statistics_msgs/environment/library_path.dsv
[6.126s] -- Installing: /home/hiromichi/rost2/install/statistics_msgs/lib/libstatistics_msgs__rosidl_generator_c.so
[6.126s] -- Set runtime path of "/home/hiromichi/rost2/install/statistics_msgs/lib/libstatistics_msgs__rosidl_generator_c.so" to ""
[6.126s] -- Up-to-date: /home/hiromichi/rost2/install/statistics_msgs/include/statistics_msgs/statistics_msgs
[6.127s] -- Up-to-date: /home/hiromichi/rost2/install/statistics_msgs/include/statistics_msgs/statistics_msgs/msg
[6.127s] -- Installing: /home/hiromichi/rost2/install/statistics_msgs/include/statistics_msgs/statistics_msgs/msg/rosidl_typesupport_fastrtps_c__visibility_control.h
[6.127s] -- Up-to-date: /home/hiromichi/rost2/install/statistics_msgs/include/statistics_msgs/statistics_msgs/msg/detail
[6.127s] -- Installing: /home/hiromichi/rost2/install/statistics_msgs/include/statistics_msgs/statistics_msgs/msg/detail/statistic_data_point__rosidl_typesupport_fastrtps_c.h
[6.127s] -- Installing: /home/hiromichi/rost2/install/statistics_msgs/include/statistics_msgs/statistics_msgs/msg/detail/metrics_message__rosidl_typesupport_fastrtps_c.h
[6.127s] -- Installing: /home/hiromichi/rost2/install/statistics_msgs/include/statistics_msgs/statistics_msgs/msg/detail/statistic_data_type__rosidl_typesupport_fastrtps_c.h
[6.127s] -- Installing: /home/hiromichi/rost2/install/statistics_msgs/lib/libstatistics_msgs__rosidl_typesupport_fastrtps_c.so
[6.128s] -- Set runtime path of "/home/hiromichi/rost2/install/statistics_msgs/lib/libstatistics_msgs__rosidl_typesupport_fastrtps_c.so" to ""
[6.128s] -- Up-to-date: /home/hiromichi/rost2/install/statistics_msgs/include/statistics_msgs/statistics_msgs
[6.128s] -- Up-to-date: /home/hiromichi/rost2/install/statistics_msgs/include/statistics_msgs/statistics_msgs/msg
[6.128s] -- Installing: /home/hiromichi/rost2/install/statistics_msgs/include/statistics_msgs/statistics_msgs/msg/metrics_message.hpp
[6.128s] -- Installing: /home/hiromichi/rost2/install/statistics_msgs/include/statistics_msgs/statistics_msgs/msg/statistic_data_type.hpp
[6.128s] -- Installing: /home/hiromichi/rost2/install/statistics_msgs/include/statistics_msgs/statistics_msgs/msg/statistic_data_point.hpp
[6.128s] -- Up-to-date: /home/hiromichi/rost2/install/statistics_msgs/include/statistics_msgs/statistics_msgs/msg/detail
[6.128s] -- Installing: /home/hiromichi/rost2/install/statistics_msgs/include/statistics_msgs/statistics_msgs/msg/detail/metrics_message__traits.hpp
[6.128s] -- Installing: /home/hiromichi/rost2/install/statistics_msgs/include/statistics_msgs/statistics_msgs/msg/detail/statistic_data_point__builder.hpp
[6.128s] -- Installing: /home/hiromichi/rost2/install/statistics_msgs/include/statistics_msgs/statistics_msgs/msg/detail/metrics_message__builder.hpp
[6.128s] -- Installing: /home/hiromichi/rost2/install/statistics_msgs/include/statistics_msgs/statistics_msgs/msg/detail/statistic_data_point__struct.hpp
[6.128s] -- Installing: /home/hiromichi/rost2/install/statistics_msgs/include/statistics_msgs/statistics_msgs/msg/detail/metrics_message__struct.hpp
[6.128s] -- Installing: /home/hiromichi/rost2/install/statistics_msgs/include/statistics_msgs/statistics_msgs/msg/detail/statistic_data_point__traits.hpp
[6.128s] -- Installing: /home/hiromichi/rost2/install/statistics_msgs/include/statistics_msgs/statistics_msgs/msg/detail/statistic_data_type__traits.hpp
[6.128s] -- Installing: /home/hiromichi/rost2/install/statistics_msgs/include/statistics_msgs/statistics_msgs/msg/detail/statistic_data_type__builder.hpp
[6.128s] -- Installing: /home/hiromichi/rost2/install/statistics_msgs/include/statistics_msgs/statistics_msgs/msg/detail/statistic_data_type__struct.hpp
[6.128s] -- Up-to-date: /home/hiromichi/rost2/install/statistics_msgs/include/statistics_msgs/statistics_msgs
[6.129s] -- Up-to-date: /home/hiromichi/rost2/install/statistics_msgs/include/statistics_msgs/statistics_msgs/msg
[6.129s] -- Installing: /home/hiromichi/rost2/install/statistics_msgs/include/statistics_msgs/statistics_msgs/msg/rosidl_typesupport_fastrtps_cpp__visibility_control.h
[6.129s] -- Up-to-date: /home/hiromichi/rost2/install/statistics_msgs/include/statistics_msgs/statistics_msgs/msg/detail
[6.129s] -- Installing: /home/hiromichi/rost2/install/statistics_msgs/include/statistics_msgs/statistics_msgs/msg/detail/statistic_data_point__rosidl_typesupport_fastrtps_cpp.hpp
[6.129s] -- Installing: /home/hiromichi/rost2/install/statistics_msgs/include/statistics_msgs/statistics_msgs/msg/detail/dds_fastrtps
[6.129s] -- Installing: /home/hiromichi/rost2/install/statistics_msgs/include/statistics_msgs/statistics_msgs/msg/detail/metrics_message__rosidl_typesupport_fastrtps_cpp.hpp
[6.129s] -- Installing: /home/hiromichi/rost2/install/statistics_msgs/include/statistics_msgs/statistics_msgs/msg/detail/statistic_data_type__rosidl_typesupport_fastrtps_cpp.hpp
[6.129s] -- Installing: /home/hiromichi/rost2/install/statistics_msgs/lib/libstatistics_msgs__rosidl_typesupport_fastrtps_cpp.so
[6.130s] -- Set runtime path of "/home/hiromichi/rost2/install/statistics_msgs/lib/libstatistics_msgs__rosidl_typesupport_fastrtps_cpp.so" to ""
[6.130s] -- Up-to-date: /home/hiromichi/rost2/install/statistics_msgs/include/statistics_msgs/statistics_msgs
[6.130s] -- Up-to-date: /home/hiromichi/rost2/install/statistics_msgs/include/statistics_msgs/statistics_msgs/msg
[6.130s] -- Installing: /home/hiromichi/rost2/install/statistics_msgs/include/statistics_msgs/statistics_msgs/msg/rosidl_typesupport_introspection_c__visibility_control.h
[6.130s] -- Up-to-date: /home/hiromichi/rost2/install/statistics_msgs/include/statistics_msgs/statistics_msgs/msg/detail
[6.130s] -- Installing: /home/hiromichi/rost2/install/statistics_msgs/include/statistics_msgs/statistics_msgs/msg/detail/statistic_data_point__type_support.c
[6.130s] -- Installing: /home/hiromichi/rost2/install/statistics_msgs/include/statistics_msgs/statistics_msgs/msg/detail/statistic_data_type__rosidl_typesupport_introspection_c.h
[6.130s] -- Installing: /home/hiromichi/rost2/install/statistics_msgs/include/statistics_msgs/statistics_msgs/msg/detail/statistic_data_type__type_support.c
[6.130s] -- Installing: /home/hiromichi/rost2/install/statistics_msgs/include/statistics_msgs/statistics_msgs/msg/detail/metrics_message__type_support.c
[6.130s] -- Installing: /home/hiromichi/rost2/install/statistics_msgs/include/statistics_msgs/statistics_msgs/msg/detail/metrics_message__rosidl_typesupport_introspection_c.h
[6.131s] -- Installing: /home/hiromichi/rost2/install/statistics_msgs/include/statistics_msgs/statistics_msgs/msg/detail/statistic_data_point__rosidl_typesupport_introspection_c.h
[6.131s] -- Installing: /home/hiromichi/rost2/install/statistics_msgs/lib/libstatistics_msgs__rosidl_typesupport_introspection_c.so
[6.131s] -- Set runtime path of "/home/hiromichi/rost2/install/statistics_msgs/lib/libstatistics_msgs__rosidl_typesupport_introspection_c.so" to ""
[6.131s] -- Installing: /home/hiromichi/rost2/install/statistics_msgs/lib/libstatistics_msgs__rosidl_typesupport_c.so
[6.131s] -- Set runtime path of "/home/hiromichi/rost2/install/statistics_msgs/lib/libstatistics_msgs__rosidl_typesupport_c.so" to ""
[6.132s] -- Up-to-date: /home/hiromichi/rost2/install/statistics_msgs/include/statistics_msgs/statistics_msgs
[6.132s] -- Up-to-date: /home/hiromichi/rost2/install/statistics_msgs/include/statistics_msgs/statistics_msgs/msg
[6.132s] -- Up-to-date: /home/hiromichi/rost2/install/statistics_msgs/include/statistics_msgs/statistics_msgs/msg/detail
[6.132s] -- Installing: /home/hiromichi/rost2/install/statistics_msgs/include/statistics_msgs/statistics_msgs/msg/detail/statistic_data_point__type_support.cpp
[6.132s] -- Installing: /home/hiromichi/rost2/install/statistics_msgs/include/statistics_msgs/statistics_msgs/msg/detail/statistic_data_type__rosidl_typesupport_introspection_cpp.hpp
[6.132s] -- Installing: /home/hiromichi/rost2/install/statistics_msgs/include/statistics_msgs/statistics_msgs/msg/detail/metrics_message__type_support.cpp
[6.132s] -- Installing: /home/hiromichi/rost2/install/statistics_msgs/include/statistics_msgs/statistics_msgs/msg/detail/metrics_message__rosidl_typesupport_introspection_cpp.hpp
[6.132s] -- Installing: /home/hiromichi/rost2/install/statistics_msgs/include/statistics_msgs/statistics_msgs/msg/detail/statistic_data_point__rosidl_typesupport_introspection_cpp.hpp
[6.133s] -- Installing: /home/hiromichi/rost2/install/statistics_msgs/include/statistics_msgs/statistics_msgs/msg/detail/statistic_data_type__type_support.cpp
[6.133s] -- Installing: /home/hiromichi/rost2/install/statistics_msgs/lib/libstatistics_msgs__rosidl_typesupport_introspection_cpp.so
[6.133s] -- Set runtime path of "/home/hiromichi/rost2/install/statistics_msgs/lib/libstatistics_msgs__rosidl_typesupport_introspection_cpp.so" to ""
[6.133s] -- Installing: /home/hiromichi/rost2/install/statistics_msgs/lib/libstatistics_msgs__rosidl_typesupport_cpp.so
[6.133s] -- Set runtime path of "/home/hiromichi/rost2/install/statistics_msgs/lib/libstatistics_msgs__rosidl_typesupport_cpp.so" to ""
[6.133s] -- Installing: /home/hiromichi/rost2/install/statistics_msgs/share/ament_index/resource_index/rust_packages/statistics_msgs
[6.134s] -- Installing: /home/hiromichi/rost2/install/statistics_msgs/share/statistics_msgs/rust
[6.134s] -- Installing: /home/hiromichi/rost2/install/statistics_msgs/share/statistics_msgs/rust/src
[6.134s] -- Installing: /home/hiromichi/rost2/install/statistics_msgs/share/statistics_msgs/rust/src/msg.rs
[6.134s] -- Installing: /home/hiromichi/rost2/install/statistics_msgs/share/statistics_msgs/rust/src/lib.rs
[6.134s] -- Installing: /home/hiromichi/rost2/install/statistics_msgs/share/statistics_msgs/rust/Cargo.toml
[6.134s] -- Installing: /home/hiromichi/rost2/install/statistics_msgs/share/statistics_msgs/rust/build.rs
[6.134s] -- Installing: /home/hiromichi/rost2/install/statistics_msgs/share/statistics_msgs/environment/pythonpath.sh
[6.135s] -- Installing: /home/hiromichi/rost2/install/statistics_msgs/share/statistics_msgs/environment/pythonpath.dsv
[6.135s] -- Installing: /home/hiromichi/rost2/install/statistics_msgs/local/lib/python3.10/dist-packages/statistics_msgs-1.2.1-py3.10.egg-info
[6.135s] -- Installing: /home/hiromichi/rost2/install/statistics_msgs/local/lib/python3.10/dist-packages/statistics_msgs-1.2.1-py3.10.egg-info/top_level.txt
[6.135s] -- Installing: /home/hiromichi/rost2/install/statistics_msgs/local/lib/python3.10/dist-packages/statistics_msgs-1.2.1-py3.10.egg-info/dependency_links.txt
[6.135s] -- Installing: /home/hiromichi/rost2/install/statistics_msgs/local/lib/python3.10/dist-packages/statistics_msgs-1.2.1-py3.10.egg-info/SOURCES.txt
[6.135s] -- Installing: /home/hiromichi/rost2/install/statistics_msgs/local/lib/python3.10/dist-packages/statistics_msgs-1.2.1-py3.10.egg-info/PKG-INFO
[6.135s] -- Installing: /home/hiromichi/rost2/install/statistics_msgs/local/lib/python3.10/dist-packages/statistics_msgs
[6.136s] -- Installing: /home/hiromichi/rost2/install/statistics_msgs/local/lib/python3.10/dist-packages/statistics_msgs/_statistics_msgs_s.ep.rosidl_typesupport_introspection_c.c
[6.136s] -- Installing: /home/hiromichi/rost2/install/statistics_msgs/local/lib/python3.10/dist-packages/statistics_msgs/statistics_msgs_s__rosidl_typesupport_fastrtps_c.cpython-310-x86_64-linux-gnu.so
[6.136s] -- Installing: /home/hiromichi/rost2/install/statistics_msgs/local/lib/python3.10/dist-packages/statistics_msgs/libstatistics_msgs__rosidl_generator_py.so
[6.136s] -- Installing: /home/hiromichi/rost2/install/statistics_msgs/local/lib/python3.10/dist-packages/statistics_msgs/msg
[6.137s] -- Installing: /home/hiromichi/rost2/install/statistics_msgs/local/lib/python3.10/dist-packages/statistics_msgs/msg/_metrics_message.py
[6.137s] -- Installing: /home/hiromichi/rost2/install/statistics_msgs/local/lib/python3.10/dist-packages/statistics_msgs/msg/_statistic_data_point.py
[6.137s] -- Installing: /home/hiromichi/rost2/install/statistics_msgs/local/lib/python3.10/dist-packages/statistics_msgs/msg/_statistic_data_point_s.c
[6.137s] -- Installing: /home/hiromichi/rost2/install/statistics_msgs/local/lib/python3.10/dist-packages/statistics_msgs/msg/_metrics_message_s.c
[6.138s] -- Installing: /home/hiromichi/rost2/install/statistics_msgs/local/lib/python3.10/dist-packages/statistics_msgs/msg/_statistic_data_type_s.c
[6.138s] -- Installing: /home/hiromichi/rost2/install/statistics_msgs/local/lib/python3.10/dist-packages/statistics_msgs/msg/_statistic_data_type.py
[6.138s] -- Installing: /home/hiromichi/rost2/install/statistics_msgs/local/lib/python3.10/dist-packages/statistics_msgs/msg/__init__.py
[6.138s] -- Installing: /home/hiromichi/rost2/install/statistics_msgs/local/lib/python3.10/dist-packages/statistics_msgs/_statistics_msgs_s.ep.rosidl_typesupport_fastrtps_c.c
[6.138s] -- Installing: /home/hiromichi/rost2/install/statistics_msgs/local/lib/python3.10/dist-packages/statistics_msgs/statistics_msgs_s__rosidl_typesupport_introspection_c.cpython-310-x86_64-linux-gnu.so
[6.138s] -- Installing: /home/hiromichi/rost2/install/statistics_msgs/local/lib/python3.10/dist-packages/statistics_msgs/_statistics_msgs_s.ep.rosidl_typesupport_c.c
[6.138s] -- Installing: /home/hiromichi/rost2/install/statistics_msgs/local/lib/python3.10/dist-packages/statistics_msgs/__init__.py
[6.138s] -- Installing: /home/hiromichi/rost2/install/statistics_msgs/local/lib/python3.10/dist-packages/statistics_msgs/statistics_msgs_s__rosidl_typesupport_c.cpython-310-x86_64-linux-gnu.so
[6.174s] Listing '/home/hiromichi/rost2/install/statistics_msgs/local/lib/python3.10/dist-packages/statistics_msgs'...
[6.174s] Compiling '/home/hiromichi/rost2/install/statistics_msgs/local/lib/python3.10/dist-packages/statistics_msgs/__init__.py'...
[6.174s] Listing '/home/hiromichi/rost2/install/statistics_msgs/local/lib/python3.10/dist-packages/statistics_msgs/msg'...
[6.174s] Compiling '/home/hiromichi/rost2/install/statistics_msgs/local/lib/python3.10/dist-packages/statistics_msgs/msg/__init__.py'...
[6.174s] Compiling '/home/hiromichi/rost2/install/statistics_msgs/local/lib/python3.10/dist-packages/statistics_msgs/msg/_metrics_message.py'...
[6.174s] Compiling '/home/hiromichi/rost2/install/statistics_msgs/local/lib/python3.10/dist-packages/statistics_msgs/msg/_statistic_data_point.py'...
[6.175s] Compiling '/home/hiromichi/rost2/install/statistics_msgs/local/lib/python3.10/dist-packages/statistics_msgs/msg/_statistic_data_type.py'...
[6.178s] -- Installing: /home/hiromichi/rost2/install/statistics_msgs/local/lib/python3.10/dist-packages/statistics_msgs/statistics_msgs_s__rosidl_typesupport_fastrtps_c.cpython-310-x86_64-linux-gnu.so
[6.179s] -- Set runtime path of "/home/hiromichi/rost2/install/statistics_msgs/local/lib/python3.10/dist-packages/statistics_msgs/statistics_msgs_s__rosidl_typesupport_fastrtps_c.cpython-310-x86_64-linux-gnu.so" to ""
[6.179s] -- Installing: /home/hiromichi/rost2/install/statistics_msgs/local/lib/python3.10/dist-packages/statistics_msgs/statistics_msgs_s__rosidl_typesupport_introspection_c.cpython-310-x86_64-linux-gnu.so
[6.179s] -- Set runtime path of "/home/hiromichi/rost2/install/statistics_msgs/local/lib/python3.10/dist-packages/statistics_msgs/statistics_msgs_s__rosidl_typesupport_introspection_c.cpython-310-x86_64-linux-gnu.so" to ""
[6.179s] -- Installing: /home/hiromichi/rost2/install/statistics_msgs/local/lib/python3.10/dist-packages/statistics_msgs/statistics_msgs_s__rosidl_typesupport_c.cpython-310-x86_64-linux-gnu.so
[6.180s] -- Set runtime path of "/home/hiromichi/rost2/install/statistics_msgs/local/lib/python3.10/dist-packages/statistics_msgs/statistics_msgs_s__rosidl_typesupport_c.cpython-310-x86_64-linux-gnu.so" to ""
[6.180s] -- Installing: /home/hiromichi/rost2/install/statistics_msgs/lib/libstatistics_msgs__rosidl_generator_py.so
[6.180s] -- Set runtime path of "/home/hiromichi/rost2/install/statistics_msgs/lib/libstatistics_msgs__rosidl_generator_py.so" to ""
[6.181s] -- Installing: /home/hiromichi/rost2/install/statistics_msgs/share/statistics_msgs/msg/MetricsMessage.idl
[6.181s] -- Installing: /home/hiromichi/rost2/install/statistics_msgs/share/statistics_msgs/msg/StatisticDataPoint.idl
[6.181s] -- Installing: /home/hiromichi/rost2/install/statistics_msgs/share/statistics_msgs/msg/StatisticDataType.idl
[6.181s] -- Installing: /home/hiromichi/rost2/install/statistics_msgs/share/statistics_msgs/msg/MetricsMessage.msg
[6.181s] -- Installing: /home/hiromichi/rost2/install/statistics_msgs/share/statistics_msgs/msg/StatisticDataPoint.msg
[6.182s] -- Installing: /home/hiromichi/rost2/install/statistics_msgs/share/statistics_msgs/msg/StatisticDataType.msg
[6.182s] -- Installing: /home/hiromichi/rost2/install/statistics_msgs/share/ament_index/resource_index/package_run_dependencies/statistics_msgs
[6.182s] -- Installing: /home/hiromichi/rost2/install/statistics_msgs/share/ament_index/resource_index/parent_prefix_path/statistics_msgs
[6.182s] -- Installing: /home/hiromichi/rost2/install/statistics_msgs/share/statistics_msgs/environment/ament_prefix_path.sh
[6.183s] -- Installing: /home/hiromichi/rost2/install/statistics_msgs/share/statistics_msgs/environment/ament_prefix_path.dsv
[6.183s] -- Installing: /home/hiromichi/rost2/install/statistics_msgs/share/statistics_msgs/environment/path.sh
[6.183s] -- Installing: /home/hiromichi/rost2/install/statistics_msgs/share/statistics_msgs/environment/path.dsv
[6.183s] -- Installing: /home/hiromichi/rost2/install/statistics_msgs/share/statistics_msgs/local_setup.bash
[6.183s] -- Installing: /home/hiromichi/rost2/install/statistics_msgs/share/statistics_msgs/local_setup.sh
[6.183s] -- Installing: /home/hiromichi/rost2/install/statistics_msgs/share/statistics_msgs/local_setup.zsh
[6.184s] -- Installing: /home/hiromichi/rost2/install/statistics_msgs/share/statistics_msgs/local_setup.dsv
[6.184s] -- Installing: /home/hiromichi/rost2/install/statistics_msgs/share/statistics_msgs/package.dsv
[6.184s] -- Installing: /home/hiromichi/rost2/install/statistics_msgs/share/ament_index/resource_index/packages/statistics_msgs
[6.184s] -- Installing: /home/hiromichi/rost2/install/statistics_msgs/share/statistics_msgs/cmake/export_statistics_msgs__rosidl_generator_cExport.cmake
[6.184s] -- Installing: /home/hiromichi/rost2/install/statistics_msgs/share/statistics_msgs/cmake/export_statistics_msgs__rosidl_generator_cExport-noconfig.cmake
[6.184s] -- Installing: /home/hiromichi/rost2/install/statistics_msgs/share/statistics_msgs/cmake/export_statistics_msgs__rosidl_typesupport_fastrtps_cExport.cmake
[6.184s] -- Installing: /home/hiromichi/rost2/install/statistics_msgs/share/statistics_msgs/cmake/export_statistics_msgs__rosidl_typesupport_fastrtps_cExport-noconfig.cmake
[6.185s] -- Installing: /home/hiromichi/rost2/install/statistics_msgs/share/statistics_msgs/cmake/export_statistics_msgs__rosidl_generator_cppExport.cmake
[6.185s] -- Installing: /home/hiromichi/rost2/install/statistics_msgs/share/statistics_msgs/cmake/export_statistics_msgs__rosidl_typesupport_fastrtps_cppExport.cmake
[6.185s] -- Installing: /home/hiromichi/rost2/install/statistics_msgs/share/statistics_msgs/cmake/export_statistics_msgs__rosidl_typesupport_fastrtps_cppExport-noconfig.cmake
[6.185s] -- Installing: /home/hiromichi/rost2/install/statistics_msgs/share/statistics_msgs/cmake/statistics_msgs__rosidl_typesupport_introspection_cExport.cmake
[6.185s] -- Installing: /home/hiromichi/rost2/install/statistics_msgs/share/statistics_msgs/cmake/statistics_msgs__rosidl_typesupport_introspection_cExport-noconfig.cmake
[6.185s] -- Installing: /home/hiromichi/rost2/install/statistics_msgs/share/statistics_msgs/cmake/statistics_msgs__rosidl_typesupport_cExport.cmake
[6.185s] -- Installing: /home/hiromichi/rost2/install/statistics_msgs/share/statistics_msgs/cmake/statistics_msgs__rosidl_typesupport_cExport-noconfig.cmake
[6.186s] -- Installing: /home/hiromichi/rost2/install/statistics_msgs/share/statistics_msgs/cmake/statistics_msgs__rosidl_typesupport_introspection_cppExport.cmake
[6.186s] -- Installing: /home/hiromichi/rost2/install/statistics_msgs/share/statistics_msgs/cmake/statistics_msgs__rosidl_typesupport_introspection_cppExport-noconfig.cmake
[6.186s] -- Installing: /home/hiromichi/rost2/install/statistics_msgs/share/statistics_msgs/cmake/statistics_msgs__rosidl_typesupport_cppExport.cmake
[6.187s] -- Installing: /home/hiromichi/rost2/install/statistics_msgs/share/statistics_msgs/cmake/statistics_msgs__rosidl_typesupport_cppExport-noconfig.cmake
[6.187s] -- Installing: /home/hiromichi/rost2/install/statistics_msgs/share/statistics_msgs/cmake/export_statistics_msgs__rosidl_generator_pyExport.cmake
[6.187s] -- Installing: /home/hiromichi/rost2/install/statistics_msgs/share/statistics_msgs/cmake/export_statistics_msgs__rosidl_generator_pyExport-noconfig.cmake
[6.187s] -- Installing: /home/hiromichi/rost2/install/statistics_msgs/share/statistics_msgs/cmake/rosidl_cmake-extras.cmake
[6.187s] -- Installing: /home/hiromichi/rost2/install/statistics_msgs/share/statistics_msgs/cmake/ament_cmake_export_dependencies-extras.cmake
[6.188s] -- Installing: /home/hiromichi/rost2/install/statistics_msgs/share/statistics_msgs/cmake/ament_cmake_export_include_directories-extras.cmake
[6.188s] -- Installing: /home/hiromichi/rost2/install/statistics_msgs/share/statistics_msgs/cmake/ament_cmake_export_libraries-extras.cmake
[6.188s] -- Installing: /home/hiromichi/rost2/install/statistics_msgs/share/statistics_msgs/cmake/ament_cmake_export_targets-extras.cmake
[6.188s] -- Installing: /home/hiromichi/rost2/install/statistics_msgs/share/statistics_msgs/cmake/rosidl_cmake_export_typesupport_targets-extras.cmake
[6.189s] -- Installing: /home/hiromichi/rost2/install/statistics_msgs/share/statistics_msgs/cmake/rosidl_cmake_export_typesupport_libraries-extras.cmake
[6.189s] -- Installing: /home/hiromichi/rost2/install/statistics_msgs/share/statistics_msgs/cmake/statistics_msgsConfig.cmake
[6.189s] -- Installing: /home/hiromichi/rost2/install/statistics_msgs/share/statistics_msgs/cmake/statistics_msgsConfig-version.cmake
[6.189s] -- Installing: /home/hiromichi/rost2/install/statistics_msgs/share/statistics_msgs/package.xml
[6.191s] Invoked command in '/home/hiromichi/rost2/build/statistics_msgs' returned '0': AMENT_PREFIX_PATH=/home/hiromichi/rost2/install/builtin_interfaces:/home/hiromichi/rost2/install/rosidl_default_runtime:/home/hiromichi/rost2/install/rosidl_default_generators:/home/hiromichi/rost2/install/rosidl_generator_rs:/home/hiromichi/rost2/install/rosidl_runtime_rs:${AMENT_PREFIX_PATH} CMAKE_PREFIX_PATH=/home/hiromichi/rost2/install/builtin_interfaces:/home/hiromichi/rost2/install/rosidl_default_runtime:/home/hiromichi/rost2/install/rosidl_default_generators:/home/hiromichi/rost2/install/rosidl_generator_rs:/opt/ros/humble LD_LIBRARY_PATH=/home/hiromichi/rost2/install/builtin_interfaces/lib:${LD_LIBRARY_PATH} PYTHONPATH=/home/hiromichi/rost2/install/builtin_interfaces/local/lib/python3.10/dist-packages:/home/hiromichi/rost2/install/rosidl_generator_rs/local/lib/python3.10/dist-packages:${PYTHONPATH} /usr/bin/cmake --install /home/hiromichi/rost2/build/statistics_msgs
