[0.028s] Invoking command in '/home/hiromichi/rost2/build/nav_msgs': AMENT_PREFIX_PATH=/home/hiromichi/rost2/install/geometry_msgs:/home/hiromichi/rost2/install/std_msgs:/home/hiromichi/rost2/install/builtin_interfaces:/home/hiromichi/rost2/install/rosidl_default_runtime:/home/hiromichi/rost2/install/rosidl_default_generators:/home/hiromichi/rost2/install/rosidl_generator_rs:/home/hiromichi/rost2/install/rosidl_runtime_rs:${AMENT_PREFIX_PATH} CMAKE_PREFIX_PATH=/home/hiromichi/rost2/install/geometry_msgs:/home/hiromichi/rost2/install/std_msgs:/home/hiromichi/rost2/install/builtin_interfaces:/home/hiromichi/rost2/install/rosidl_default_runtime:/home/hiromichi/rost2/install/rosidl_default_generators:/home/hiromichi/rost2/install/rosidl_generator_rs:/opt/ros/humble LD_LIBRARY_PATH=/home/hiromichi/rost2/install/geometry_msgs/lib:/home/hiromichi/rost2/install/std_msgs/lib:/home/hiromichi/rost2/install/builtin_interfaces/lib:${LD_LIBRARY_PATH} PYTHONPATH=/home/hiromichi/rost2/install/geometry_msgs/local/lib/python3.10/dist-packages:/home/hiromichi/rost2/install/std_msgs/local/lib/python3.10/dist-packages:/home/hiromichi/rost2/install/builtin_interfaces/local/lib/python3.10/dist-packages:/home/hiromichi/rost2/install/rosidl_generator_rs/local/lib/python3.10/dist-packages:${PYTHONPATH} /usr/bin/cmake --build /home/hiromichi/rost2/build/nav_msgs -- -j20 -l20
[0.095s] [ 11%] Built target nav_msgs__rosidl_generator_c
[0.098s] [ 12%] Built target nav_msgs__cpp
[0.100s] [ 13%] Built target nav_msgs__rs
[0.140s] [ 13%] Built target ament_cmake_python_copy_nav_msgs
[0.143s] [ 25%] Built target nav_msgs__rosidl_typesupport_fastrtps_c
[0.170s] [ 36%] Built target nav_msgs__rosidl_typesupport_introspection_c
[0.173s] [ 47%] Built target nav_msgs__rosidl_typesupport_fastrtps_cpp
[0.176s] [ 59%] Built target nav_msgs__rosidl_typesupport_c
[0.176s] [ 70%] Built target nav_msgs__rosidl_typesupport_cpp
[0.183s] [ 82%] Built target nav_msgs__rosidl_typesupport_introspection_cpp
[0.205s] [ 82%] Built target nav_msgs
[0.233s] [ 83%] Built target nav_msgs__py
[0.278s] [ 93%] Built target nav_msgs__rosidl_generator_py
[0.301s] [ 95%] Built target nav_msgs__rosidl_typesupport_fastrtps_c__pyext
[0.302s] [ 97%] Built target nav_msgs__rosidl_typesupport_c__pyext
[0.313s] [100%] Built target nav_msgs__rosidl_typesupport_introspection_c__pyext
[0.392s] running egg_info
[0.392s] writing nav_msgs.egg-info/PKG-INFO
[0.393s] writing dependency_links to nav_msgs.egg-info/dependency_links.txt
[0.393s] writing top-level names to nav_msgs.egg-info/top_level.txt
[0.396s] reading manifest file 'nav_msgs.egg-info/SOURCES.txt'
[0.397s] writing manifest file 'nav_msgs.egg-info/SOURCES.txt'
[0.423s] [100%] Built target ament_cmake_python_build_nav_msgs_egg
[0.437s] Invoked command in '/home/hiromichi/rost2/build/nav_msgs' returned '0': AMENT_PREFIX_PATH=/home/hiromichi/rost2/install/geometry_msgs:/home/hiromichi/rost2/install/std_msgs:/home/hiromichi/rost2/install/builtin_interfaces:/home/hiromichi/rost2/install/rosidl_default_runtime:/home/hiromichi/rost2/install/rosidl_default_generators:/home/hiromichi/rost2/install/rosidl_generator_rs:/home/hiromichi/rost2/install/rosidl_runtime_rs:${AMENT_PREFIX_PATH} CMAKE_PREFIX_PATH=/home/hiromichi/rost2/install/geometry_msgs:/home/hiromichi/rost2/install/std_msgs:/home/hiromichi/rost2/install/builtin_interfaces:/home/hiromichi/rost2/install/rosidl_default_runtime:/home/hiromichi/rost2/install/rosidl_default_generators:/home/hiromichi/rost2/install/rosidl_generator_rs:/opt/ros/humble LD_LIBRARY_PATH=/home/hiromichi/rost2/install/geometry_msgs/lib:/home/hiromichi/rost2/install/std_msgs/lib:/home/hiromichi/rost2/install/builtin_interfaces/lib:${LD_LIBRARY_PATH} PYTHONPATH=/home/hiromichi/rost2/install/geometry_msgs/local/lib/python3.10/dist-packages:/home/hiromichi/rost2/install/std_msgs/local/lib/python3.10/dist-packages:/home/hiromichi/rost2/install/builtin_interfaces/local/lib/python3.10/dist-packages:/home/hiromichi/rost2/install/rosidl_generator_rs/local/lib/python3.10/dist-packages:${PYTHONPATH} /usr/bin/cmake --build /home/hiromichi/rost2/build/nav_msgs -- -j20 -l20
[0.651s] Invoking command in '/home/hiromichi/rost2/build/nav_msgs': AMENT_PREFIX_PATH=/home/hiromichi/rost2/install/geometry_msgs:/home/hiromichi/rost2/install/std_msgs:/home/hiromichi/rost2/install/builtin_interfaces:/home/hiromichi/rost2/install/rosidl_default_runtime:/home/hiromichi/rost2/install/rosidl_default_generators:/home/hiromichi/rost2/install/rosidl_generator_rs:/home/hiromichi/rost2/install/rosidl_runtime_rs:${AMENT_PREFIX_PATH} CMAKE_PREFIX_PATH=/home/hiromichi/rost2/install/geometry_msgs:/home/hiromichi/rost2/install/std_msgs:/home/hiromichi/rost2/install/builtin_interfaces:/home/hiromichi/rost2/install/rosidl_default_runtime:/home/hiromichi/rost2/install/rosidl_default_generators:/home/hiromichi/rost2/install/rosidl_generator_rs:/opt/ros/humble LD_LIBRARY_PATH=/home/hiromichi/rost2/install/geometry_msgs/lib:/home/hiromichi/rost2/install/std_msgs/lib:/home/hiromichi/rost2/install/builtin_interfaces/lib:${LD_LIBRARY_PATH} PYTHONPATH=/home/hiromichi/rost2/install/geometry_msgs/local/lib/python3.10/dist-packages:/home/hiromichi/rost2/install/std_msgs/local/lib/python3.10/dist-packages:/home/hiromichi/rost2/install/builtin_interfaces/local/lib/python3.10/dist-packages:/home/hiromichi/rost2/install/rosidl_generator_rs/local/lib/python3.10/dist-packages:${PYTHONPATH} /usr/bin/cmake --install /home/hiromichi/rost2/build/nav_msgs
[0.656s] -- Install configuration: ""
[0.656s] -- Up-to-date: /home/hiromichi/rost2/install/nav_msgs/share/ament_index/resource_index/rosidl_interfaces/nav_msgs
[0.656s] -- Up-to-date: /home/hiromichi/rost2/install/nav_msgs/include/nav_msgs/nav_msgs
[0.657s] -- Up-to-date: /home/hiromichi/rost2/install/nav_msgs/include/nav_msgs/nav_msgs/srv
[0.657s] -- Up-to-date: /home/hiromichi/rost2/install/nav_msgs/include/nav_msgs/nav_msgs/srv/get_map.h
[0.657s] -- Up-to-date: /home/hiromichi/rost2/install/nav_msgs/include/nav_msgs/nav_msgs/srv/get_plan.h
[0.657s] -- Up-to-date: /home/hiromichi/rost2/install/nav_msgs/include/nav_msgs/nav_msgs/srv/load_map.h
[0.657s] -- Up-to-date: /home/hiromichi/rost2/install/nav_msgs/include/nav_msgs/nav_msgs/srv/set_map.h
[0.658s] -- Up-to-date: /home/hiromichi/rost2/install/nav_msgs/include/nav_msgs/nav_msgs/srv/detail
[0.658s] -- Up-to-date: /home/hiromichi/rost2/install/nav_msgs/include/nav_msgs/nav_msgs/srv/detail/load_map__functions.c
[0.658s] -- Up-to-date: /home/hiromichi/rost2/install/nav_msgs/include/nav_msgs/nav_msgs/srv/detail/get_plan__struct.h
[0.658s] -- Up-to-date: /home/hiromichi/rost2/install/nav_msgs/include/nav_msgs/nav_msgs/srv/detail/load_map__struct.h
[0.658s] -- Up-to-date: /home/hiromichi/rost2/install/nav_msgs/include/nav_msgs/nav_msgs/srv/detail/get_map__functions.h
[0.658s] -- Up-to-date: /home/hiromichi/rost2/install/nav_msgs/include/nav_msgs/nav_msgs/srv/detail/get_plan__functions.c
[0.658s] -- Up-to-date: /home/hiromichi/rost2/install/nav_msgs/include/nav_msgs/nav_msgs/srv/detail/get_map__functions.c
[0.658s] -- Up-to-date: /home/hiromichi/rost2/install/nav_msgs/include/nav_msgs/nav_msgs/srv/detail/load_map__functions.h
[0.658s] -- Up-to-date: /home/hiromichi/rost2/install/nav_msgs/include/nav_msgs/nav_msgs/srv/detail/get_plan__type_support.h
[0.659s] -- Up-to-date: /home/hiromichi/rost2/install/nav_msgs/include/nav_msgs/nav_msgs/srv/detail/load_map__type_support.h
[0.659s] -- Up-to-date: /home/hiromichi/rost2/install/nav_msgs/include/nav_msgs/nav_msgs/srv/detail/get_map__struct.h
[0.659s] -- Up-to-date: /home/hiromichi/rost2/install/nav_msgs/include/nav_msgs/nav_msgs/srv/detail/set_map__functions.c
[0.659s] -- Up-to-date: /home/hiromichi/rost2/install/nav_msgs/include/nav_msgs/nav_msgs/srv/detail/set_map__functions.h
[0.659s] -- Up-to-date: /home/hiromichi/rost2/install/nav_msgs/include/nav_msgs/nav_msgs/srv/detail/get_map__type_support.h
[0.659s] -- Up-to-date: /home/hiromichi/rost2/install/nav_msgs/include/nav_msgs/nav_msgs/srv/detail/set_map__struct.h
[0.659s] -- Up-to-date: /home/hiromichi/rost2/install/nav_msgs/include/nav_msgs/nav_msgs/srv/detail/set_map__type_support.h
[0.660s] -- Up-to-date: /home/hiromichi/rost2/install/nav_msgs/include/nav_msgs/nav_msgs/srv/detail/get_plan__functions.h
[0.660s] -- Up-to-date: /home/hiromichi/rost2/install/nav_msgs/include/nav_msgs/nav_msgs/msg
[0.660s] -- Up-to-date: /home/hiromichi/rost2/install/nav_msgs/include/nav_msgs/nav_msgs/msg/occupancy_grid.h
[0.660s] -- Up-to-date: /home/hiromichi/rost2/install/nav_msgs/include/nav_msgs/nav_msgs/msg/odometry.h
[0.660s] -- Up-to-date: /home/hiromichi/rost2/install/nav_msgs/include/nav_msgs/nav_msgs/msg/map_meta_data.h
[0.660s] -- Up-to-date: /home/hiromichi/rost2/install/nav_msgs/include/nav_msgs/nav_msgs/msg/path.h
[0.660s] -- Up-to-date: /home/hiromichi/rost2/install/nav_msgs/include/nav_msgs/nav_msgs/msg/rosidl_generator_c__visibility_control.h
[0.660s] -- Up-to-date: /home/hiromichi/rost2/install/nav_msgs/include/nav_msgs/nav_msgs/msg/detail
[0.660s] -- Up-to-date: /home/hiromichi/rost2/install/nav_msgs/include/nav_msgs/nav_msgs/msg/detail/map_meta_data__functions.c
[0.661s] -- Up-to-date: /home/hiromichi/rost2/install/nav_msgs/include/nav_msgs/nav_msgs/msg/detail/path__struct.h
[0.661s] -- Up-to-date: /home/hiromichi/rost2/install/nav_msgs/include/nav_msgs/nav_msgs/msg/detail/map_meta_data__functions.h
[0.661s] -- Up-to-date: /home/hiromichi/rost2/install/nav_msgs/include/nav_msgs/nav_msgs/msg/detail/map_meta_data__type_support.h
[0.661s] -- Up-to-date: /home/hiromichi/rost2/install/nav_msgs/include/nav_msgs/nav_msgs/msg/detail/odometry__functions.c
[0.661s] -- Up-to-date: /home/hiromichi/rost2/install/nav_msgs/include/nav_msgs/nav_msgs/msg/detail/occupancy_grid__functions.c
[0.662s] -- Up-to-date: /home/hiromichi/rost2/install/nav_msgs/include/nav_msgs/nav_msgs/msg/detail/map_meta_data__struct.h
[0.662s] -- Up-to-date: /home/hiromichi/rost2/install/nav_msgs/include/nav_msgs/nav_msgs/msg/detail/grid_cells__type_support.h
[0.662s] -- Up-to-date: /home/hiromichi/rost2/install/nav_msgs/include/nav_msgs/nav_msgs/msg/detail/odometry__struct.h
[0.662s] -- Up-to-date: /home/hiromichi/rost2/install/nav_msgs/include/nav_msgs/nav_msgs/msg/detail/occupancy_grid__functions.h
[0.662s] -- Up-to-date: /home/hiromichi/rost2/install/nav_msgs/include/nav_msgs/nav_msgs/msg/detail/grid_cells__struct.h
[0.662s] -- Up-to-date: /home/hiromichi/rost2/install/nav_msgs/include/nav_msgs/nav_msgs/msg/detail/path__functions.c
[0.662s] -- Up-to-date: /home/hiromichi/rost2/install/nav_msgs/include/nav_msgs/nav_msgs/msg/detail/grid_cells__functions.c
[0.662s] -- Up-to-date: /home/hiromichi/rost2/install/nav_msgs/include/nav_msgs/nav_msgs/msg/detail/occupancy_grid__type_support.h
[0.662s] -- Up-to-date: /home/hiromichi/rost2/install/nav_msgs/include/nav_msgs/nav_msgs/msg/detail/odometry__type_support.h
[0.662s] -- Up-to-date: /home/hiromichi/rost2/install/nav_msgs/include/nav_msgs/nav_msgs/msg/detail/path__type_support.h
[0.663s] -- Up-to-date: /home/hiromichi/rost2/install/nav_msgs/include/nav_msgs/nav_msgs/msg/detail/grid_cells__functions.h
[0.663s] -- Up-to-date: /home/hiromichi/rost2/install/nav_msgs/include/nav_msgs/nav_msgs/msg/detail/odometry__functions.h
[0.663s] -- Up-to-date: /home/hiromichi/rost2/install/nav_msgs/include/nav_msgs/nav_msgs/msg/detail/path__functions.h
[0.663s] -- Up-to-date: /home/hiromichi/rost2/install/nav_msgs/include/nav_msgs/nav_msgs/msg/detail/occupancy_grid__struct.h
[0.663s] -- Up-to-date: /home/hiromichi/rost2/install/nav_msgs/include/nav_msgs/nav_msgs/msg/grid_cells.h
[0.663s] -- Up-to-date: /home/hiromichi/rost2/install/nav_msgs/share/nav_msgs/environment/library_path.sh
[0.663s] -- Up-to-date: /home/hiromichi/rost2/install/nav_msgs/share/nav_msgs/environment/library_path.dsv
[0.663s] -- Up-to-date: /home/hiromichi/rost2/install/nav_msgs/lib/libnav_msgs__rosidl_generator_c.so
[0.663s] -- Up-to-date: /home/hiromichi/rost2/install/nav_msgs/include/nav_msgs/nav_msgs
[0.663s] -- Up-to-date: /home/hiromichi/rost2/install/nav_msgs/include/nav_msgs/nav_msgs/srv
[0.663s] -- Up-to-date: /home/hiromichi/rost2/install/nav_msgs/include/nav_msgs/nav_msgs/srv/detail
[0.663s] -- Up-to-date: /home/hiromichi/rost2/install/nav_msgs/include/nav_msgs/nav_msgs/srv/detail/load_map__rosidl_typesupport_fastrtps_c.h
[0.663s] -- Up-to-date: /home/hiromichi/rost2/install/nav_msgs/include/nav_msgs/nav_msgs/srv/detail/get_plan__rosidl_typesupport_fastrtps_c.h
[0.663s] -- Up-to-date: /home/hiromichi/rost2/install/nav_msgs/include/nav_msgs/nav_msgs/srv/detail/set_map__rosidl_typesupport_fastrtps_c.h
[0.663s] -- Up-to-date: /home/hiromichi/rost2/install/nav_msgs/include/nav_msgs/nav_msgs/srv/detail/get_map__rosidl_typesupport_fastrtps_c.h
[0.663s] -- Up-to-date: /home/hiromichi/rost2/install/nav_msgs/include/nav_msgs/nav_msgs/msg
[0.664s] -- Up-to-date: /home/hiromichi/rost2/install/nav_msgs/include/nav_msgs/nav_msgs/msg/rosidl_typesupport_fastrtps_c__visibility_control.h
[0.664s] -- Up-to-date: /home/hiromichi/rost2/install/nav_msgs/include/nav_msgs/nav_msgs/msg/detail
[0.664s] -- Up-to-date: /home/hiromichi/rost2/install/nav_msgs/include/nav_msgs/nav_msgs/msg/detail/map_meta_data__rosidl_typesupport_fastrtps_c.h
[0.664s] -- Up-to-date: /home/hiromichi/rost2/install/nav_msgs/include/nav_msgs/nav_msgs/msg/detail/odometry__rosidl_typesupport_fastrtps_c.h
[0.664s] -- Up-to-date: /home/hiromichi/rost2/install/nav_msgs/include/nav_msgs/nav_msgs/msg/detail/occupancy_grid__rosidl_typesupport_fastrtps_c.h
[0.664s] -- Up-to-date: /home/hiromichi/rost2/install/nav_msgs/include/nav_msgs/nav_msgs/msg/detail/grid_cells__rosidl_typesupport_fastrtps_c.h
[0.664s] -- Up-to-date: /home/hiromichi/rost2/install/nav_msgs/include/nav_msgs/nav_msgs/msg/detail/path__rosidl_typesupport_fastrtps_c.h
[0.664s] -- Up-to-date: /home/hiromichi/rost2/install/nav_msgs/lib/libnav_msgs__rosidl_typesupport_fastrtps_c.so
[0.664s] -- Up-to-date: /home/hiromichi/rost2/install/nav_msgs/include/nav_msgs/nav_msgs
[0.664s] -- Up-to-date: /home/hiromichi/rost2/install/nav_msgs/include/nav_msgs/nav_msgs/srv
[0.664s] -- Up-to-date: /home/hiromichi/rost2/install/nav_msgs/include/nav_msgs/nav_msgs/srv/get_map.hpp
[0.664s] -- Up-to-date: /home/hiromichi/rost2/install/nav_msgs/include/nav_msgs/nav_msgs/srv/set_map.hpp
[0.664s] -- Up-to-date: /home/hiromichi/rost2/install/nav_msgs/include/nav_msgs/nav_msgs/srv/load_map.hpp
[0.665s] -- Up-to-date: /home/hiromichi/rost2/install/nav_msgs/include/nav_msgs/nav_msgs/srv/get_plan.hpp
[0.665s] -- Up-to-date: /home/hiromichi/rost2/install/nav_msgs/include/nav_msgs/nav_msgs/srv/detail
[0.665s] -- Up-to-date: /home/hiromichi/rost2/install/nav_msgs/include/nav_msgs/nav_msgs/srv/detail/set_map__traits.hpp
[0.665s] -- Up-to-date: /home/hiromichi/rost2/install/nav_msgs/include/nav_msgs/nav_msgs/srv/detail/get_plan__traits.hpp
[0.665s] -- Up-to-date: /home/hiromichi/rost2/install/nav_msgs/include/nav_msgs/nav_msgs/srv/detail/get_plan__struct.hpp
[0.665s] -- Up-to-date: /home/hiromichi/rost2/install/nav_msgs/include/nav_msgs/nav_msgs/srv/detail/set_map__builder.hpp
[0.665s] -- Up-to-date: /home/hiromichi/rost2/install/nav_msgs/include/nav_msgs/nav_msgs/srv/detail/get_map__builder.hpp
[0.665s] -- Up-to-date: /home/hiromichi/rost2/install/nav_msgs/include/nav_msgs/nav_msgs/srv/detail/get_map__struct.hpp
[0.665s] -- Up-to-date: /home/hiromichi/rost2/install/nav_msgs/include/nav_msgs/nav_msgs/srv/detail/load_map__builder.hpp
[0.665s] -- Up-to-date: /home/hiromichi/rost2/install/nav_msgs/include/nav_msgs/nav_msgs/srv/detail/load_map__struct.hpp
[0.665s] -- Up-to-date: /home/hiromichi/rost2/install/nav_msgs/include/nav_msgs/nav_msgs/srv/detail/get_map__traits.hpp
[0.665s] -- Up-to-date: /home/hiromichi/rost2/install/nav_msgs/include/nav_msgs/nav_msgs/srv/detail/load_map__traits.hpp
[0.665s] -- Up-to-date: /home/hiromichi/rost2/install/nav_msgs/include/nav_msgs/nav_msgs/srv/detail/get_plan__builder.hpp
[0.665s] -- Up-to-date: /home/hiromichi/rost2/install/nav_msgs/include/nav_msgs/nav_msgs/srv/detail/set_map__struct.hpp
[0.665s] -- Up-to-date: /home/hiromichi/rost2/install/nav_msgs/include/nav_msgs/nav_msgs/msg
[0.665s] -- Up-to-date: /home/hiromichi/rost2/install/nav_msgs/include/nav_msgs/nav_msgs/msg/occupancy_grid.hpp
[0.665s] -- Up-to-date: /home/hiromichi/rost2/install/nav_msgs/include/nav_msgs/nav_msgs/msg/map_meta_data.hpp
[0.665s] -- Up-to-date: /home/hiromichi/rost2/install/nav_msgs/include/nav_msgs/nav_msgs/msg/grid_cells.hpp
[0.666s] -- Up-to-date: /home/hiromichi/rost2/install/nav_msgs/include/nav_msgs/nav_msgs/msg/odometry.hpp
[0.666s] -- Up-to-date: /home/hiromichi/rost2/install/nav_msgs/include/nav_msgs/nav_msgs/msg/detail
[0.666s] -- Up-to-date: /home/hiromichi/rost2/install/nav_msgs/include/nav_msgs/nav_msgs/msg/detail/path__struct.hpp
[0.666s] -- Up-to-date: /home/hiromichi/rost2/install/nav_msgs/include/nav_msgs/nav_msgs/msg/detail/odometry__struct.hpp
[0.667s] -- Up-to-date: /home/hiromichi/rost2/install/nav_msgs/include/nav_msgs/nav_msgs/msg/detail/map_meta_data__builder.hpp
[0.667s] -- Up-to-date: /home/hiromichi/rost2/install/nav_msgs/include/nav_msgs/nav_msgs/msg/detail/path__builder.hpp
[0.667s] -- Up-to-date: /home/hiromichi/rost2/install/nav_msgs/include/nav_msgs/nav_msgs/msg/detail/odometry__traits.hpp
[0.667s] -- Up-to-date: /home/hiromichi/rost2/install/nav_msgs/include/nav_msgs/nav_msgs/msg/detail/path__traits.hpp
[0.669s] -- Up-to-date: /home/hiromichi/rost2/install/nav_msgs/include/nav_msgs/nav_msgs/msg/detail/occupancy_grid__struct.hpp
[0.669s] -- Up-to-date: /home/hiromichi/rost2/install/nav_msgs/include/nav_msgs/nav_msgs/msg/detail/occupancy_grid__builder.hpp
[0.669s] -- Up-to-date: /home/hiromichi/rost2/install/nav_msgs/include/nav_msgs/nav_msgs/msg/detail/grid_cells__traits.hpp
[0.669s] -- Up-to-date: /home/hiromichi/rost2/install/nav_msgs/include/nav_msgs/nav_msgs/msg/detail/map_meta_data__traits.hpp
[0.669s] -- Up-to-date: /home/hiromichi/rost2/install/nav_msgs/include/nav_msgs/nav_msgs/msg/detail/grid_cells__builder.hpp
[0.669s] -- Up-to-date: /home/hiromichi/rost2/install/nav_msgs/include/nav_msgs/nav_msgs/msg/detail/grid_cells__struct.hpp
[0.670s] -- Up-to-date: /home/hiromichi/rost2/install/nav_msgs/include/nav_msgs/nav_msgs/msg/detail/map_meta_data__struct.hpp
[0.670s] -- Up-to-date: /home/hiromichi/rost2/install/nav_msgs/include/nav_msgs/nav_msgs/msg/detail/odometry__builder.hpp
[0.670s] -- Up-to-date: /home/hiromichi/rost2/install/nav_msgs/include/nav_msgs/nav_msgs/msg/detail/occupancy_grid__traits.hpp
[0.670s] -- Up-to-date: /home/hiromichi/rost2/install/nav_msgs/include/nav_msgs/nav_msgs/msg/path.hpp
[0.671s] -- Up-to-date: /home/hiromichi/rost2/install/nav_msgs/include/nav_msgs/nav_msgs
[0.671s] -- Up-to-date: /home/hiromichi/rost2/install/nav_msgs/include/nav_msgs/nav_msgs/srv
[0.672s] -- Up-to-date: /home/hiromichi/rost2/install/nav_msgs/include/nav_msgs/nav_msgs/srv/detail
[0.672s] -- Up-to-date: /home/hiromichi/rost2/install/nav_msgs/include/nav_msgs/nav_msgs/srv/detail/get_plan__rosidl_typesupport_fastrtps_cpp.hpp
[0.673s] -- Up-to-date: /home/hiromichi/rost2/install/nav_msgs/include/nav_msgs/nav_msgs/srv/detail/get_map__rosidl_typesupport_fastrtps_cpp.hpp
[0.673s] -- Up-to-date: /home/hiromichi/rost2/install/nav_msgs/include/nav_msgs/nav_msgs/srv/detail/dds_fastrtps
[0.675s] -- Up-to-date: /home/hiromichi/rost2/install/nav_msgs/include/nav_msgs/nav_msgs/srv/detail/load_map__rosidl_typesupport_fastrtps_cpp.hpp
[0.675s] -- Up-to-date: /home/hiromichi/rost2/install/nav_msgs/include/nav_msgs/nav_msgs/srv/detail/set_map__rosidl_typesupport_fastrtps_cpp.hpp
[0.676s] -- Up-to-date: /home/hiromichi/rost2/install/nav_msgs/include/nav_msgs/nav_msgs/msg
[0.676s] -- Up-to-date: /home/hiromichi/rost2/install/nav_msgs/include/nav_msgs/nav_msgs/msg/rosidl_typesupport_fastrtps_cpp__visibility_control.h
[0.676s] -- Up-to-date: /home/hiromichi/rost2/install/nav_msgs/include/nav_msgs/nav_msgs/msg/detail
[0.677s] -- Up-to-date: /home/hiromichi/rost2/install/nav_msgs/include/nav_msgs/nav_msgs/msg/detail/odometry__rosidl_typesupport_fastrtps_cpp.hpp
[0.680s] -- Up-to-date: /home/hiromichi/rost2/install/nav_msgs/include/nav_msgs/nav_msgs/msg/detail/path__rosidl_typesupport_fastrtps_cpp.hpp
[0.680s] -- Up-to-date: /home/hiromichi/rost2/install/nav_msgs/include/nav_msgs/nav_msgs/msg/detail/occupancy_grid__rosidl_typesupport_fastrtps_cpp.hpp
[0.680s] -- Up-to-date: /home/hiromichi/rost2/install/nav_msgs/include/nav_msgs/nav_msgs/msg/detail/dds_fastrtps
[0.681s] -- Up-to-date: /home/hiromichi/rost2/install/nav_msgs/include/nav_msgs/nav_msgs/msg/detail/grid_cells__rosidl_typesupport_fastrtps_cpp.hpp
[0.681s] -- Up-to-date: /home/hiromichi/rost2/install/nav_msgs/include/nav_msgs/nav_msgs/msg/detail/map_meta_data__rosidl_typesupport_fastrtps_cpp.hpp
[0.685s] -- Up-to-date: /home/hiromichi/rost2/install/nav_msgs/lib/libnav_msgs__rosidl_typesupport_fastrtps_cpp.so
[0.685s] -- Up-to-date: /home/hiromichi/rost2/install/nav_msgs/include/nav_msgs/nav_msgs
[0.685s] -- Up-to-date: /home/hiromichi/rost2/install/nav_msgs/include/nav_msgs/nav_msgs/srv
[0.685s] -- Up-to-date: /home/hiromichi/rost2/install/nav_msgs/include/nav_msgs/nav_msgs/srv/detail
[0.685s] -- Up-to-date: /home/hiromichi/rost2/install/nav_msgs/include/nav_msgs/nav_msgs/srv/detail/set_map__rosidl_typesupport_introspection_c.h
[0.686s] -- Up-to-date: /home/hiromichi/rost2/install/nav_msgs/include/nav_msgs/nav_msgs/srv/detail/get_plan__rosidl_typesupport_introspection_c.h
[0.686s] -- Up-to-date: /home/hiromichi/rost2/install/nav_msgs/include/nav_msgs/nav_msgs/srv/detail/get_map__type_support.c
[0.687s] -- Up-to-date: /home/hiromichi/rost2/install/nav_msgs/include/nav_msgs/nav_msgs/srv/detail/get_map__rosidl_typesupport_introspection_c.h
[0.687s] -- Up-to-date: /home/hiromichi/rost2/install/nav_msgs/include/nav_msgs/nav_msgs/srv/detail/get_plan__type_support.c
[0.687s] -- Up-to-date: /home/hiromichi/rost2/install/nav_msgs/include/nav_msgs/nav_msgs/srv/detail/set_map__type_support.c
[0.687s] -- Up-to-date: /home/hiromichi/rost2/install/nav_msgs/include/nav_msgs/nav_msgs/srv/detail/load_map__type_support.c
[0.687s] -- Up-to-date: /home/hiromichi/rost2/install/nav_msgs/include/nav_msgs/nav_msgs/srv/detail/load_map__rosidl_typesupport_introspection_c.h
[0.688s] -- Up-to-date: /home/hiromichi/rost2/install/nav_msgs/include/nav_msgs/nav_msgs/msg
[0.688s] -- Up-to-date: /home/hiromichi/rost2/install/nav_msgs/include/nav_msgs/nav_msgs/msg/rosidl_typesupport_introspection_c__visibility_control.h
[0.688s] -- Up-to-date: /home/hiromichi/rost2/install/nav_msgs/include/nav_msgs/nav_msgs/msg/detail
[0.688s] -- Up-to-date: /home/hiromichi/rost2/install/nav_msgs/include/nav_msgs/nav_msgs/msg/detail/odometry__type_support.c
[0.688s] -- Up-to-date: /home/hiromichi/rost2/install/nav_msgs/include/nav_msgs/nav_msgs/msg/detail/occupancy_grid__type_support.c
[0.688s] -- Up-to-date: /home/hiromichi/rost2/install/nav_msgs/include/nav_msgs/nav_msgs/msg/detail/map_meta_data__rosidl_typesupport_introspection_c.h
[0.689s] -- Up-to-date: /home/hiromichi/rost2/install/nav_msgs/include/nav_msgs/nav_msgs/msg/detail/grid_cells__type_support.c
[0.689s] -- Up-to-date: /home/hiromichi/rost2/install/nav_msgs/include/nav_msgs/nav_msgs/msg/detail/grid_cells__rosidl_typesupport_introspection_c.h
[0.689s] -- Up-to-date: /home/hiromichi/rost2/install/nav_msgs/include/nav_msgs/nav_msgs/msg/detail/map_meta_data__type_support.c
[0.689s] -- Up-to-date: /home/hiromichi/rost2/install/nav_msgs/include/nav_msgs/nav_msgs/msg/detail/path__type_support.c
[0.689s] -- Up-to-date: /home/hiromichi/rost2/install/nav_msgs/include/nav_msgs/nav_msgs/msg/detail/occupancy_grid__rosidl_typesupport_introspection_c.h
[0.690s] -- Up-to-date: /home/hiromichi/rost2/install/nav_msgs/include/nav_msgs/nav_msgs/msg/detail/path__rosidl_typesupport_introspection_c.h
[0.690s] -- Up-to-date: /home/hiromichi/rost2/install/nav_msgs/include/nav_msgs/nav_msgs/msg/detail/odometry__rosidl_typesupport_introspection_c.h
[0.692s] -- Up-to-date: /home/hiromichi/rost2/install/nav_msgs/lib/libnav_msgs__rosidl_typesupport_introspection_c.so
[0.694s] -- Up-to-date: /home/hiromichi/rost2/install/nav_msgs/lib/libnav_msgs__rosidl_typesupport_c.so
[0.694s] -- Up-to-date: /home/hiromichi/rost2/install/nav_msgs/include/nav_msgs/nav_msgs
[0.694s] -- Up-to-date: /home/hiromichi/rost2/install/nav_msgs/include/nav_msgs/nav_msgs/srv
[0.694s] -- Up-to-date: /home/hiromichi/rost2/install/nav_msgs/include/nav_msgs/nav_msgs/srv/detail
[0.694s] -- Up-to-date: /home/hiromichi/rost2/install/nav_msgs/include/nav_msgs/nav_msgs/srv/detail/get_plan__rosidl_typesupport_introspection_cpp.hpp
[0.694s] -- Up-to-date: /home/hiromichi/rost2/install/nav_msgs/include/nav_msgs/nav_msgs/srv/detail/get_map__type_support.cpp
[0.695s] -- Up-to-date: /home/hiromichi/rost2/install/nav_msgs/include/nav_msgs/nav_msgs/srv/detail/get_plan__type_support.cpp
[0.695s] -- Up-to-date: /home/hiromichi/rost2/install/nav_msgs/include/nav_msgs/nav_msgs/srv/detail/set_map__type_support.cpp
[0.695s] -- Up-to-date: /home/hiromichi/rost2/install/nav_msgs/include/nav_msgs/nav_msgs/srv/detail/load_map__rosidl_typesupport_introspection_cpp.hpp
[0.695s] -- Up-to-date: /home/hiromichi/rost2/install/nav_msgs/include/nav_msgs/nav_msgs/srv/detail/set_map__rosidl_typesupport_introspection_cpp.hpp
[0.695s] -- Up-to-date: /home/hiromichi/rost2/install/nav_msgs/include/nav_msgs/nav_msgs/srv/detail/get_map__rosidl_typesupport_introspection_cpp.hpp
[0.695s] -- Up-to-date: /home/hiromichi/rost2/install/nav_msgs/include/nav_msgs/nav_msgs/srv/detail/load_map__type_support.cpp
[0.695s] -- Up-to-date: /home/hiromichi/rost2/install/nav_msgs/include/nav_msgs/nav_msgs/msg
[0.695s] -- Up-to-date: /home/hiromichi/rost2/install/nav_msgs/include/nav_msgs/nav_msgs/msg/detail
[0.695s] -- Up-to-date: /home/hiromichi/rost2/install/nav_msgs/include/nav_msgs/nav_msgs/msg/detail/map_meta_data__rosidl_typesupport_introspection_cpp.hpp
[0.695s] -- Up-to-date: /home/hiromichi/rost2/install/nav_msgs/include/nav_msgs/nav_msgs/msg/detail/occupancy_grid__type_support.cpp
[0.695s] -- Up-to-date: /home/hiromichi/rost2/install/nav_msgs/include/nav_msgs/nav_msgs/msg/detail/occupancy_grid__rosidl_typesupport_introspection_cpp.hpp
[0.695s] -- Up-to-date: /home/hiromichi/rost2/install/nav_msgs/include/nav_msgs/nav_msgs/msg/detail/grid_cells__rosidl_typesupport_introspection_cpp.hpp
[0.695s] -- Up-to-date: /home/hiromichi/rost2/install/nav_msgs/include/nav_msgs/nav_msgs/msg/detail/path__rosidl_typesupport_introspection_cpp.hpp
[0.695s] -- Up-to-date: /home/hiromichi/rost2/install/nav_msgs/include/nav_msgs/nav_msgs/msg/detail/grid_cells__type_support.cpp
[0.696s] -- Up-to-date: /home/hiromichi/rost2/install/nav_msgs/include/nav_msgs/nav_msgs/msg/detail/odometry__rosidl_typesupport_introspection_cpp.hpp
[0.696s] -- Up-to-date: /home/hiromichi/rost2/install/nav_msgs/include/nav_msgs/nav_msgs/msg/detail/path__type_support.cpp
[0.696s] -- Up-to-date: /home/hiromichi/rost2/install/nav_msgs/include/nav_msgs/nav_msgs/msg/detail/map_meta_data__type_support.cpp
[0.696s] -- Up-to-date: /home/hiromichi/rost2/install/nav_msgs/include/nav_msgs/nav_msgs/msg/detail/odometry__type_support.cpp
[0.696s] -- Up-to-date: /home/hiromichi/rost2/install/nav_msgs/lib/libnav_msgs__rosidl_typesupport_introspection_cpp.so
[0.701s] -- Up-to-date: /home/hiromichi/rost2/install/nav_msgs/lib/libnav_msgs__rosidl_typesupport_cpp.so
[0.701s] -- Up-to-date: /home/hiromichi/rost2/install/nav_msgs/share/ament_index/resource_index/rust_packages/nav_msgs
[0.702s] -- Up-to-date: /home/hiromichi/rost2/install/nav_msgs/share/nav_msgs/rust
[0.702s] -- Up-to-date: /home/hiromichi/rost2/install/nav_msgs/share/nav_msgs/rust/src
[0.703s] -- Up-to-date: /home/hiromichi/rost2/install/nav_msgs/share/nav_msgs/rust/src/msg.rs
[0.703s] -- Up-to-date: /home/hiromichi/rost2/install/nav_msgs/share/nav_msgs/rust/src/srv.rs
[0.703s] -- Up-to-date: /home/hiromichi/rost2/install/nav_msgs/share/nav_msgs/rust/src/lib.rs
[0.704s] -- Up-to-date: /home/hiromichi/rost2/install/nav_msgs/share/nav_msgs/rust/Cargo.toml
[0.705s] -- Up-to-date: /home/hiromichi/rost2/install/nav_msgs/share/nav_msgs/rust/build.rs
[0.705s] -- Up-to-date: /home/hiromichi/rost2/install/nav_msgs/share/nav_msgs/environment/pythonpath.sh
[0.705s] -- Up-to-date: /home/hiromichi/rost2/install/nav_msgs/share/nav_msgs/environment/pythonpath.dsv
[0.706s] -- Up-to-date: /home/hiromichi/rost2/install/nav_msgs/local/lib/python3.10/dist-packages/nav_msgs-4.2.4-py3.10.egg-info
[0.706s] -- Installing: /home/hiromichi/rost2/install/nav_msgs/local/lib/python3.10/dist-packages/nav_msgs-4.2.4-py3.10.egg-info/top_level.txt
[0.706s] -- Installing: /home/hiromichi/rost2/install/nav_msgs/local/lib/python3.10/dist-packages/nav_msgs-4.2.4-py3.10.egg-info/dependency_links.txt
[0.706s] -- Installing: /home/hiromichi/rost2/install/nav_msgs/local/lib/python3.10/dist-packages/nav_msgs-4.2.4-py3.10.egg-info/SOURCES.txt
[0.706s] -- Installing: /home/hiromichi/rost2/install/nav_msgs/local/lib/python3.10/dist-packages/nav_msgs-4.2.4-py3.10.egg-info/PKG-INFO
[0.706s] -- Up-to-date: /home/hiromichi/rost2/install/nav_msgs/local/lib/python3.10/dist-packages/nav_msgs
[0.707s] -- Up-to-date: /home/hiromichi/rost2/install/nav_msgs/local/lib/python3.10/dist-packages/nav_msgs/srv
[0.707s] -- Up-to-date: /home/hiromichi/rost2/install/nav_msgs/local/lib/python3.10/dist-packages/nav_msgs/srv/_get_map_s.c
[0.707s] -- Up-to-date: /home/hiromichi/rost2/install/nav_msgs/local/lib/python3.10/dist-packages/nav_msgs/srv/_load_map_s.c
[0.707s] -- Up-to-date: /home/hiromichi/rost2/install/nav_msgs/local/lib/python3.10/dist-packages/nav_msgs/srv/_get_plan.py
[0.707s] -- Up-to-date: /home/hiromichi/rost2/install/nav_msgs/local/lib/python3.10/dist-packages/nav_msgs/srv/_load_map.py
[0.707s] -- Up-to-date: /home/hiromichi/rost2/install/nav_msgs/local/lib/python3.10/dist-packages/nav_msgs/srv/_set_map_s.c
[0.707s] -- Up-to-date: /home/hiromichi/rost2/install/nav_msgs/local/lib/python3.10/dist-packages/nav_msgs/srv/_get_map.py
[0.707s] -- Up-to-date: /home/hiromichi/rost2/install/nav_msgs/local/lib/python3.10/dist-packages/nav_msgs/srv/_get_plan_s.c
[0.707s] -- Up-to-date: /home/hiromichi/rost2/install/nav_msgs/local/lib/python3.10/dist-packages/nav_msgs/srv/__init__.py
[0.707s] -- Up-to-date: /home/hiromichi/rost2/install/nav_msgs/local/lib/python3.10/dist-packages/nav_msgs/srv/_set_map.py
[0.707s] -- Up-to-date: /home/hiromichi/rost2/install/nav_msgs/local/lib/python3.10/dist-packages/nav_msgs/libnav_msgs__rosidl_generator_py.so
[0.707s] -- Up-to-date: /home/hiromichi/rost2/install/nav_msgs/local/lib/python3.10/dist-packages/nav_msgs/msg
[0.708s] -- Up-to-date: /home/hiromichi/rost2/install/nav_msgs/local/lib/python3.10/dist-packages/nav_msgs/msg/_occupancy_grid.py
[0.708s] -- Up-to-date: /home/hiromichi/rost2/install/nav_msgs/local/lib/python3.10/dist-packages/nav_msgs/msg/_path.py
[0.708s] -- Up-to-date: /home/hiromichi/rost2/install/nav_msgs/local/lib/python3.10/dist-packages/nav_msgs/msg/_path_s.c
[0.708s] -- Up-to-date: /home/hiromichi/rost2/install/nav_msgs/local/lib/python3.10/dist-packages/nav_msgs/msg/_occupancy_grid_s.c
[0.708s] -- Up-to-date: /home/hiromichi/rost2/install/nav_msgs/local/lib/python3.10/dist-packages/nav_msgs/msg/_map_meta_data.py
[0.708s] -- Up-to-date: /home/hiromichi/rost2/install/nav_msgs/local/lib/python3.10/dist-packages/nav_msgs/msg/_odometry.py
[0.708s] -- Up-to-date: /home/hiromichi/rost2/install/nav_msgs/local/lib/python3.10/dist-packages/nav_msgs/msg/_grid_cells_s.c
[0.708s] -- Up-to-date: /home/hiromichi/rost2/install/nav_msgs/local/lib/python3.10/dist-packages/nav_msgs/msg/_map_meta_data_s.c
[0.708s] -- Up-to-date: /home/hiromichi/rost2/install/nav_msgs/local/lib/python3.10/dist-packages/nav_msgs/msg/_odometry_s.c
[0.708s] -- Up-to-date: /home/hiromichi/rost2/install/nav_msgs/local/lib/python3.10/dist-packages/nav_msgs/msg/__init__.py
[0.708s] -- Up-to-date: /home/hiromichi/rost2/install/nav_msgs/local/lib/python3.10/dist-packages/nav_msgs/msg/_grid_cells.py
[0.708s] -- Up-to-date: /home/hiromichi/rost2/install/nav_msgs/local/lib/python3.10/dist-packages/nav_msgs/nav_msgs_s__rosidl_typesupport_fastrtps_c.cpython-310-x86_64-linux-gnu.so
[0.708s] -- Up-to-date: /home/hiromichi/rost2/install/nav_msgs/local/lib/python3.10/dist-packages/nav_msgs/nav_msgs_s__rosidl_typesupport_introspection_c.cpython-310-x86_64-linux-gnu.so
[0.708s] -- Up-to-date: /home/hiromichi/rost2/install/nav_msgs/local/lib/python3.10/dist-packages/nav_msgs/nav_msgs_s__rosidl_typesupport_c.cpython-310-x86_64-linux-gnu.so
[0.708s] -- Up-to-date: /home/hiromichi/rost2/install/nav_msgs/local/lib/python3.10/dist-packages/nav_msgs/_nav_msgs_s.ep.rosidl_typesupport_fastrtps_c.c
[0.708s] -- Up-to-date: /home/hiromichi/rost2/install/nav_msgs/local/lib/python3.10/dist-packages/nav_msgs/_nav_msgs_s.ep.rosidl_typesupport_c.c
[0.708s] -- Up-to-date: /home/hiromichi/rost2/install/nav_msgs/local/lib/python3.10/dist-packages/nav_msgs/__init__.py
[0.708s] -- Up-to-date: /home/hiromichi/rost2/install/nav_msgs/local/lib/python3.10/dist-packages/nav_msgs/_nav_msgs_s.ep.rosidl_typesupport_introspection_c.c
[0.711s] Listing '/home/hiromichi/rost2/install/nav_msgs/local/lib/python3.10/dist-packages/nav_msgs'...
[0.711s] Listing '/home/hiromichi/rost2/install/nav_msgs/local/lib/python3.10/dist-packages/nav_msgs/msg'...
[0.711s] Listing '/home/hiromichi/rost2/install/nav_msgs/local/lib/python3.10/dist-packages/nav_msgs/srv'...
[0.711s] -- Up-to-date: /home/hiromichi/rost2/install/nav_msgs/local/lib/python3.10/dist-packages/nav_msgs/nav_msgs_s__rosidl_typesupport_fastrtps_c.cpython-310-x86_64-linux-gnu.so
[0.711s] -- Up-to-date: /home/hiromichi/rost2/install/nav_msgs/local/lib/python3.10/dist-packages/nav_msgs/nav_msgs_s__rosidl_typesupport_introspection_c.cpython-310-x86_64-linux-gnu.so
[0.711s] -- Up-to-date: /home/hiromichi/rost2/install/nav_msgs/local/lib/python3.10/dist-packages/nav_msgs/nav_msgs_s__rosidl_typesupport_c.cpython-310-x86_64-linux-gnu.so
[0.711s] -- Up-to-date: /home/hiromichi/rost2/install/nav_msgs/lib/libnav_msgs__rosidl_generator_py.so
[0.712s] -- Up-to-date: /home/hiromichi/rost2/install/nav_msgs/share/nav_msgs/msg/GridCells.idl
[0.712s] -- Up-to-date: /home/hiromichi/rost2/install/nav_msgs/share/nav_msgs/msg/MapMetaData.idl
[0.712s] -- Up-to-date: /home/hiromichi/rost2/install/nav_msgs/share/nav_msgs/msg/OccupancyGrid.idl
[0.712s] -- Up-to-date: /home/hiromichi/rost2/install/nav_msgs/share/nav_msgs/msg/Odometry.idl
[0.712s] -- Up-to-date: /home/hiromichi/rost2/install/nav_msgs/share/nav_msgs/msg/Path.idl
[0.712s] -- Up-to-date: /home/hiromichi/rost2/install/nav_msgs/share/nav_msgs/srv/GetMap.idl
[0.712s] -- Up-to-date: /home/hiromichi/rost2/install/nav_msgs/share/nav_msgs/srv/GetPlan.idl
[0.712s] -- Up-to-date: /home/hiromichi/rost2/install/nav_msgs/share/nav_msgs/srv/LoadMap.idl
[0.712s] -- Up-to-date: /home/hiromichi/rost2/install/nav_msgs/share/nav_msgs/srv/SetMap.idl
[0.712s] -- Up-to-date: /home/hiromichi/rost2/install/nav_msgs/share/nav_msgs/msg/GridCells.msg
[0.712s] -- Up-to-date: /home/hiromichi/rost2/install/nav_msgs/share/nav_msgs/msg/MapMetaData.msg
[0.712s] -- Up-to-date: /home/hiromichi/rost2/install/nav_msgs/share/nav_msgs/msg/OccupancyGrid.msg
[0.712s] -- Up-to-date: /home/hiromichi/rost2/install/nav_msgs/share/nav_msgs/msg/Odometry.msg
[0.712s] -- Up-to-date: /home/hiromichi/rost2/install/nav_msgs/share/nav_msgs/msg/Path.msg
[0.712s] -- Up-to-date: /home/hiromichi/rost2/install/nav_msgs/share/nav_msgs/srv/GetMap.srv
[0.712s] -- Up-to-date: /home/hiromichi/rost2/install/nav_msgs/share/nav_msgs/srv/GetMap_Request.msg
[0.712s] -- Up-to-date: /home/hiromichi/rost2/install/nav_msgs/share/nav_msgs/srv/GetMap_Response.msg
[0.712s] -- Up-to-date: /home/hiromichi/rost2/install/nav_msgs/share/nav_msgs/srv/GetPlan.srv
[0.712s] -- Up-to-date: /home/hiromichi/rost2/install/nav_msgs/share/nav_msgs/srv/GetPlan_Request.msg
[0.712s] -- Up-to-date: /home/hiromichi/rost2/install/nav_msgs/share/nav_msgs/srv/GetPlan_Response.msg
[0.712s] -- Up-to-date: /home/hiromichi/rost2/install/nav_msgs/share/nav_msgs/srv/LoadMap.srv
[0.712s] -- Up-to-date: /home/hiromichi/rost2/install/nav_msgs/share/nav_msgs/srv/LoadMap_Request.msg
[0.712s] -- Up-to-date: /home/hiromichi/rost2/install/nav_msgs/share/nav_msgs/srv/LoadMap_Response.msg
[0.712s] -- Up-to-date: /home/hiromichi/rost2/install/nav_msgs/share/nav_msgs/srv/SetMap.srv
[0.712s] -- Up-to-date: /home/hiromichi/rost2/install/nav_msgs/share/nav_msgs/srv/SetMap_Request.msg
[0.712s] -- Up-to-date: /home/hiromichi/rost2/install/nav_msgs/share/nav_msgs/srv/SetMap_Response.msg
[0.712s] -- Up-to-date: /home/hiromichi/rost2/install/nav_msgs/share/ament_index/resource_index/package_run_dependencies/nav_msgs
[0.712s] -- Up-to-date: /home/hiromichi/rost2/install/nav_msgs/share/ament_index/resource_index/parent_prefix_path/nav_msgs
[0.713s] -- Up-to-date: /home/hiromichi/rost2/install/nav_msgs/share/nav_msgs/environment/ament_prefix_path.sh
[0.713s] -- Up-to-date: /home/hiromichi/rost2/install/nav_msgs/share/nav_msgs/environment/ament_prefix_path.dsv
[0.713s] -- Up-to-date: /home/hiromichi/rost2/install/nav_msgs/share/nav_msgs/environment/path.sh
[0.713s] -- Up-to-date: /home/hiromichi/rost2/install/nav_msgs/share/nav_msgs/environment/path.dsv
[0.713s] -- Up-to-date: /home/hiromichi/rost2/install/nav_msgs/share/nav_msgs/local_setup.bash
[0.713s] -- Up-to-date: /home/hiromichi/rost2/install/nav_msgs/share/nav_msgs/local_setup.sh
[0.713s] -- Up-to-date: /home/hiromichi/rost2/install/nav_msgs/share/nav_msgs/local_setup.zsh
[0.713s] -- Up-to-date: /home/hiromichi/rost2/install/nav_msgs/share/nav_msgs/local_setup.dsv
[0.713s] -- Installing: /home/hiromichi/rost2/install/nav_msgs/share/nav_msgs/package.dsv
[0.713s] -- Up-to-date: /home/hiromichi/rost2/install/nav_msgs/share/ament_index/resource_index/packages/nav_msgs
[0.713s] -- Up-to-date: /home/hiromichi/rost2/install/nav_msgs/share/nav_msgs/cmake/export_nav_msgs__rosidl_generator_cExport.cmake
[0.713s] -- Up-to-date: /home/hiromichi/rost2/install/nav_msgs/share/nav_msgs/cmake/export_nav_msgs__rosidl_generator_cExport-noconfig.cmake
[0.713s] -- Up-to-date: /home/hiromichi/rost2/install/nav_msgs/share/nav_msgs/cmake/export_nav_msgs__rosidl_typesupport_fastrtps_cExport.cmake
[0.713s] -- Up-to-date: /home/hiromichi/rost2/install/nav_msgs/share/nav_msgs/cmake/export_nav_msgs__rosidl_typesupport_fastrtps_cExport-noconfig.cmake
[0.713s] -- Up-to-date: /home/hiromichi/rost2/install/nav_msgs/share/nav_msgs/cmake/export_nav_msgs__rosidl_generator_cppExport.cmake
[0.713s] -- Up-to-date: /home/hiromichi/rost2/install/nav_msgs/share/nav_msgs/cmake/export_nav_msgs__rosidl_typesupport_fastrtps_cppExport.cmake
[0.713s] -- Up-to-date: /home/hiromichi/rost2/install/nav_msgs/share/nav_msgs/cmake/export_nav_msgs__rosidl_typesupport_fastrtps_cppExport-noconfig.cmake
[0.713s] -- Up-to-date: /home/hiromichi/rost2/install/nav_msgs/share/nav_msgs/cmake/nav_msgs__rosidl_typesupport_introspection_cExport.cmake
[0.713s] -- Up-to-date: /home/hiromichi/rost2/install/nav_msgs/share/nav_msgs/cmake/nav_msgs__rosidl_typesupport_introspection_cExport-noconfig.cmake
[0.713s] -- Up-to-date: /home/hiromichi/rost2/install/nav_msgs/share/nav_msgs/cmake/nav_msgs__rosidl_typesupport_cExport.cmake
[0.713s] -- Up-to-date: /home/hiromichi/rost2/install/nav_msgs/share/nav_msgs/cmake/nav_msgs__rosidl_typesupport_cExport-noconfig.cmake
[0.713s] -- Up-to-date: /home/hiromichi/rost2/install/nav_msgs/share/nav_msgs/cmake/nav_msgs__rosidl_typesupport_introspection_cppExport.cmake
[0.713s] -- Up-to-date: /home/hiromichi/rost2/install/nav_msgs/share/nav_msgs/cmake/nav_msgs__rosidl_typesupport_introspection_cppExport-noconfig.cmake
[0.713s] -- Up-to-date: /home/hiromichi/rost2/install/nav_msgs/share/nav_msgs/cmake/nav_msgs__rosidl_typesupport_cppExport.cmake
[0.713s] -- Up-to-date: /home/hiromichi/rost2/install/nav_msgs/share/nav_msgs/cmake/nav_msgs__rosidl_typesupport_cppExport-noconfig.cmake
[0.713s] -- Up-to-date: /home/hiromichi/rost2/install/nav_msgs/share/nav_msgs/cmake/export_nav_msgs__rosidl_generator_pyExport.cmake
[0.714s] -- Up-to-date: /home/hiromichi/rost2/install/nav_msgs/share/nav_msgs/cmake/export_nav_msgs__rosidl_generator_pyExport-noconfig.cmake
[0.714s] -- Up-to-date: /home/hiromichi/rost2/install/nav_msgs/share/nav_msgs/cmake/rosidl_cmake-extras.cmake
[0.714s] -- Up-to-date: /home/hiromichi/rost2/install/nav_msgs/share/nav_msgs/cmake/ament_cmake_export_dependencies-extras.cmake
[0.714s] -- Up-to-date: /home/hiromichi/rost2/install/nav_msgs/share/nav_msgs/cmake/ament_cmake_export_include_directories-extras.cmake
[0.714s] -- Up-to-date: /home/hiromichi/rost2/install/nav_msgs/share/nav_msgs/cmake/ament_cmake_export_libraries-extras.cmake
[0.714s] -- Up-to-date: /home/hiromichi/rost2/install/nav_msgs/share/nav_msgs/cmake/ament_cmake_export_targets-extras.cmake
[0.714s] -- Up-to-date: /home/hiromichi/rost2/install/nav_msgs/share/nav_msgs/cmake/rosidl_cmake_export_typesupport_targets-extras.cmake
[0.714s] -- Up-to-date: /home/hiromichi/rost2/install/nav_msgs/share/nav_msgs/cmake/rosidl_cmake_export_typesupport_libraries-extras.cmake
[0.714s] -- Up-to-date: /home/hiromichi/rost2/install/nav_msgs/share/nav_msgs/cmake/nav_msgsConfig.cmake
[0.714s] -- Up-to-date: /home/hiromichi/rost2/install/nav_msgs/share/nav_msgs/cmake/nav_msgsConfig-version.cmake
[0.714s] -- Up-to-date: /home/hiromichi/rost2/install/nav_msgs/share/nav_msgs/package.xml
[0.721s] Invoked command in '/home/hiromichi/rost2/build/nav_msgs' returned '0': AMENT_PREFIX_PATH=/home/hiromichi/rost2/install/geometry_msgs:/home/hiromichi/rost2/install/std_msgs:/home/hiromichi/rost2/install/builtin_interfaces:/home/hiromichi/rost2/install/rosidl_default_runtime:/home/hiromichi/rost2/install/rosidl_default_generators:/home/hiromichi/rost2/install/rosidl_generator_rs:/home/hiromichi/rost2/install/rosidl_runtime_rs:${AMENT_PREFIX_PATH} CMAKE_PREFIX_PATH=/home/hiromichi/rost2/install/geometry_msgs:/home/hiromichi/rost2/install/std_msgs:/home/hiromichi/rost2/install/builtin_interfaces:/home/hiromichi/rost2/install/rosidl_default_runtime:/home/hiromichi/rost2/install/rosidl_default_generators:/home/hiromichi/rost2/install/rosidl_generator_rs:/opt/ros/humble LD_LIBRARY_PATH=/home/hiromichi/rost2/install/geometry_msgs/lib:/home/hiromichi/rost2/install/std_msgs/lib:/home/hiromichi/rost2/install/builtin_interfaces/lib:${LD_LIBRARY_PATH} PYTHONPATH=/home/hiromichi/rost2/install/geometry_msgs/local/lib/python3.10/dist-packages:/home/hiromichi/rost2/install/std_msgs/local/lib/python3.10/dist-packages:/home/hiromichi/rost2/install/builtin_interfaces/local/lib/python3.10/dist-packages:/home/hiromichi/rost2/install/rosidl_generator_rs/local/lib/python3.10/dist-packages:${PYTHONPATH} /usr/bin/cmake --install /home/hiromichi/rost2/build/nav_msgs
