[0.375s] Invoking command in '/home/hiro/rust_ws/build/stereo_msgs': AMENT_PREFIX_PATH=/home/hiro/rust_ws/install/rosidl_runtime_rs:/home/hiro/rust_ws/install/common_interfaces:/home/hiro/rust_ws/install/visualization_msgs:/home/hiro/rust_ws/install/test_msgs:/home/hiro/rust_ws/install/examples_rclrs_minimal_client_service:/home/hiro/rust_ws/install/example_interfaces:/home/hiro/rust_ws/install/action_msgs:/home/hiro/rust_ws/install/unique_identifier_msgs:/home/hiro/rust_ws/install/trajectory_msgs:/home/hiro/rust_ws/install/test_interface_files:/home/hiro/rust_ws/install/stereo_msgs:/home/hiro/rust_ws/install/std_srvs:/home/hiro/rust_ws/install/shape_msgs:/home/hiro/rust_ws/install/sensor_msgs_py:/home/hiro/rust_ws/install/sensor_msgs:/home/hiro/rust_ws/install/rust_pubsub:/home/hiro/rust_ws/install/nav_msgs:/home/hiro/rust_ws/install/diagnostic_msgs:/home/hiro/rust_ws/install/geometry_msgs:/home/hiro/rust_ws/install/examples_rclrs_minimal_pub_sub:/home/hiro/rust_ws/install/actionlib_msgs:/home/hiro/rust_ws/install/std_msgs:/home/hiro/rust_ws/install/statistics_msgs:/home/hiro/rust_ws/install/examples_rclrs_message_demo:/home/hiro/rust_ws/install/rclrs:/home/hiro/rust_ws/install/rosgraph_msgs:/home/hiro/rust_ws/install/rclrs_example_msgs:/home/hiro/rust_ws/install/composition_interfaces:/home/hiro/rust_ws/install/rcl_interfaces:/home/hiro/rust_ws/install/lifecycle_msgs:/home/hiro/rust_ws/install/builtin_interfaces:/home/hiro/rust_ws/install/rosidl_default_runtime:/home/hiro/rust_ws/install/rosidl_default_generators:/home/hiro/rust_ws/install/rosidl_generator_rs:/home/hiro/ws_livox/install/livox_ros_driver2:/opt/ros/humble CMAKE_PREFIX_PATH=/home/hiro/rust_ws/install/sensor_msgs:/home/hiro/rust_ws/install/geometry_msgs:/home/hiro/rust_ws/install/std_msgs:/home/hiro/rust_ws/install/builtin_interfaces:/home/hiro/rust_ws/install/rosidl_default_runtime:/home/hiro/rust_ws/install/rosidl_default_generators:/home/hiro/rust_ws/install/rosidl_generator_rs:/home/hiro/rust_ws/install/common_interfaces:/home/hiro/rust_ws/install/visualization_msgs:/home/hiro/rust_ws/install/test_msgs:/home/hiro/rust_ws/install/example_interfaces:/home/hiro/rust_ws/install/action_msgs:/home/hiro/rust_ws/install/unique_identifier_msgs:/home/hiro/rust_ws/install/trajectory_msgs:/home/hiro/rust_ws/install/test_interface_files:/home/hiro/rust_ws/install/stereo_msgs:/home/hiro/rust_ws/install/std_srvs:/home/hiro/rust_ws/install/shape_msgs:/home/hiro/rust_ws/install/nav_msgs:/home/hiro/rust_ws/install/diagnostic_msgs:/home/hiro/rust_ws/install/actionlib_msgs:/home/hiro/rust_ws/install/statistics_msgs:/home/hiro/rust_ws/install/rosgraph_msgs:/home/hiro/rust_ws/install/rclrs_example_msgs:/home/hiro/rust_ws/install/composition_interfaces:/home/hiro/rust_ws/install/rcl_interfaces:/home/hiro/rust_ws/install/lifecycle_msgs:/home/hiro/ws_livox/install/livox_ros_driver2:/home/hiro/rust_ws/install/examples_rclrs_minimal_client_service:/home/hiro/rust_ws/install/sensor_msgs_py:/home/hiro/rust_ws/install/rust_pubsub:/home/hiro/rust_ws/install/examples_rclrs_minimal_pub_sub:/home/hiro/rust_ws/install/examples_rclrs_message_demo:/home/hiro/rust_ws/install/rclrs:/home/hiro/rust_ws/install/rosidl_runtime_rs:/opt/ros/humble LD_LIBRARY_PATH=/home/hiro/rust_ws/install/sensor_msgs/lib:/home/hiro/rust_ws/install/geometry_msgs/lib:/home/hiro/rust_ws/install/std_msgs/lib:/home/hiro/rust_ws/install/builtin_interfaces/lib:/home/hiro/rust_ws/install/visualization_msgs/lib:/home/hiro/rust_ws/install/test_msgs/lib:/home/hiro/rust_ws/install/example_interfaces/lib:/home/hiro/rust_ws/install/action_msgs/lib:/home/hiro/rust_ws/install/unique_identifier_msgs/lib:/home/hiro/rust_ws/install/trajectory_msgs/lib:/home/hiro/rust_ws/install/stereo_msgs/lib:/home/hiro/rust_ws/install/std_srvs/lib:/home/hiro/rust_ws/install/shape_msgs/lib:/home/hiro/rust_ws/install/nav_msgs/lib:/home/hiro/rust_ws/install/diagnostic_msgs/lib:/home/hiro/rust_ws/install/actionlib_msgs/lib:/home/hiro/rust_ws/install/statistics_msgs/lib:/home/hiro/rust_ws/install/rosgraph_msgs/lib:/home/hiro/rust_ws/install/rclrs_example_msgs/lib:/home/hiro/rust_ws/install/composition_interfaces/lib:/home/hiro/rust_ws/install/rcl_interfaces/lib:/home/hiro/rust_ws/install/lifecycle_msgs/lib:/home/hiro/ws_livox/install/livox_ros_driver2/lib:/opt/ros/humble/opt/rviz_ogre_vendor/lib:/opt/ros/humble/lib/x86_64-linux-gnu:/opt/ros/humble/lib /usr/bin/cmake /home/hiro/rust_ws/src/ros2/common_interfaces/stereo_msgs -DCMAKE_INSTALL_PREFIX=/home/hiro/rust_ws/install/stereo_msgs
[0.491s] -- The C compiler identification is GNU 11.4.0
[0.917s] -- The CXX compiler identification is GNU 11.4.0
[1.256s] -- Detecting C compiler ABI info
[1.381s] -- Detecting C compiler ABI info - done
[1.386s] -- Check for working C compiler: /usr/bin/cc - skipped
[1.387s] -- Detecting C compile features
[1.387s] -- Detecting C compile features - done
[1.389s] -- Detecting CXX compiler ABI info
[1.526s] -- Detecting CXX compiler ABI info - done
[1.534s] -- Check for working CXX compiler: /usr/bin/c++ - skipped
[1.535s] -- Detecting CXX compile features
[1.535s] -- Detecting CXX compile features - done
[1.539s] -- Found ament_cmake: 1.3.10 (/opt/ros/humble/share/ament_cmake/cmake)
[2.316s] -- Found Python3: /usr/bin/python3 (found version "3.10.12") found components: Interpreter 
[2.458s] -- Found rosidl_default_generators: 1.2.0 (/home/hiro/rust_ws/install/rosidl_default_generators/share/rosidl_default_generators/cmake)
[2.466s] -- Using all available rosidl_typesupport_c: rosidl_typesupport_fastrtps_c;rosidl_typesupport_introspection_c
[2.477s] -- Found rosidl_adapter: 3.1.5 (/opt/ros/humble/share/rosidl_adapter/cmake)
[2.654s] -- Using all available rosidl_typesupport_cpp: rosidl_typesupport_fastrtps_cpp;rosidl_typesupport_introspection_cpp
[2.706s] -- Found sensor_msgs: 4.2.4 (/home/hiro/rust_ws/install/sensor_msgs/share/sensor_msgs/cmake)
[3.110s] -- Found ament_cmake_cppcheck: 0.12.11 (/opt/ros/humble/share/ament_cmake_cppcheck/cmake)
[3.116s] -- Found ament_cmake_cpplint: 0.12.11 (/opt/ros/humble/share/ament_cmake_cpplint/cmake)
[3.120s] -- Found ament_cmake_uncrustify: 0.12.11 (/opt/ros/humble/share/ament_cmake_uncrustify/cmake)
[3.124s] -- Found ament_cmake_ros: 0.10.0 (/opt/ros/humble/share/ament_cmake_ros/cmake)
[3.439s] -- Using all available rosidl_typesupport_c: rosidl_typesupport_fastrtps_c;rosidl_typesupport_introspection_c
[3.807s] -- Using all available rosidl_typesupport_cpp: rosidl_typesupport_fastrtps_cpp;rosidl_typesupport_introspection_cpp
[3.955s] -- Found PythonInterp: /usr/bin/python3 (found suitable version "3.10.12", minimum required is "3.6") 
[3.957s] -- Found python_cmake_module: 0.10.0 (/opt/ros/humble/share/python_cmake_module/cmake)
[4.304s] -- Found PythonLibs: /usr/lib/x86_64-linux-gnu/libpython3.10.so (found suitable version "3.10.12", minimum required is "3.5") 
[4.304s] -- Using PYTHON_EXECUTABLE: /usr/bin/python3
[4.304s] -- Using PYTHON_INCLUDE_DIRS: /usr/include/python3.10
[4.304s] -- Using PYTHON_LIBRARIES: /usr/lib/x86_64-linux-gnu/libpython3.10.so
[4.331s] -- Found PythonExtra: .so  
[4.449s] -- Found ament_cmake_flake8: 0.12.11 (/opt/ros/humble/share/ament_cmake_flake8/cmake)
[4.452s] -- Found ament_cmake_pep257: 0.12.11 (/opt/ros/humble/share/ament_cmake_pep257/cmake)
[4.458s] -- Configuring done
[4.493s] -- Generating done
[4.495s] -- Build files have been written to: /home/hiro/rust_ws/build/stereo_msgs
[4.507s] Invoked command in '/home/hiro/rust_ws/build/stereo_msgs' returned '0': AMENT_PREFIX_PATH=/home/hiro/rust_ws/install/rosidl_runtime_rs:/home/hiro/rust_ws/install/common_interfaces:/home/hiro/rust_ws/install/visualization_msgs:/home/hiro/rust_ws/install/test_msgs:/home/hiro/rust_ws/install/examples_rclrs_minimal_client_service:/home/hiro/rust_ws/install/example_interfaces:/home/hiro/rust_ws/install/action_msgs:/home/hiro/rust_ws/install/unique_identifier_msgs:/home/hiro/rust_ws/install/trajectory_msgs:/home/hiro/rust_ws/install/test_interface_files:/home/hiro/rust_ws/install/stereo_msgs:/home/hiro/rust_ws/install/std_srvs:/home/hiro/rust_ws/install/shape_msgs:/home/hiro/rust_ws/install/sensor_msgs_py:/home/hiro/rust_ws/install/sensor_msgs:/home/hiro/rust_ws/install/rust_pubsub:/home/hiro/rust_ws/install/nav_msgs:/home/hiro/rust_ws/install/diagnostic_msgs:/home/hiro/rust_ws/install/geometry_msgs:/home/hiro/rust_ws/install/examples_rclrs_minimal_pub_sub:/home/hiro/rust_ws/install/actionlib_msgs:/home/hiro/rust_ws/install/std_msgs:/home/hiro/rust_ws/install/statistics_msgs:/home/hiro/rust_ws/install/examples_rclrs_message_demo:/home/hiro/rust_ws/install/rclrs:/home/hiro/rust_ws/install/rosgraph_msgs:/home/hiro/rust_ws/install/rclrs_example_msgs:/home/hiro/rust_ws/install/composition_interfaces:/home/hiro/rust_ws/install/rcl_interfaces:/home/hiro/rust_ws/install/lifecycle_msgs:/home/hiro/rust_ws/install/builtin_interfaces:/home/hiro/rust_ws/install/rosidl_default_runtime:/home/hiro/rust_ws/install/rosidl_default_generators:/home/hiro/rust_ws/install/rosidl_generator_rs:/home/hiro/ws_livox/install/livox_ros_driver2:/opt/ros/humble CMAKE_PREFIX_PATH=/home/hiro/rust_ws/install/sensor_msgs:/home/hiro/rust_ws/install/geometry_msgs:/home/hiro/rust_ws/install/std_msgs:/home/hiro/rust_ws/install/builtin_interfaces:/home/hiro/rust_ws/install/rosidl_default_runtime:/home/hiro/rust_ws/install/rosidl_default_generators:/home/hiro/rust_ws/install/rosidl_generator_rs:/home/hiro/rust_ws/install/common_interfaces:/home/hiro/rust_ws/install/visualization_msgs:/home/hiro/rust_ws/install/test_msgs:/home/hiro/rust_ws/install/example_interfaces:/home/hiro/rust_ws/install/action_msgs:/home/hiro/rust_ws/install/unique_identifier_msgs:/home/hiro/rust_ws/install/trajectory_msgs:/home/hiro/rust_ws/install/test_interface_files:/home/hiro/rust_ws/install/stereo_msgs:/home/hiro/rust_ws/install/std_srvs:/home/hiro/rust_ws/install/shape_msgs:/home/hiro/rust_ws/install/nav_msgs:/home/hiro/rust_ws/install/diagnostic_msgs:/home/hiro/rust_ws/install/actionlib_msgs:/home/hiro/rust_ws/install/statistics_msgs:/home/hiro/rust_ws/install/rosgraph_msgs:/home/hiro/rust_ws/install/rclrs_example_msgs:/home/hiro/rust_ws/install/composition_interfaces:/home/hiro/rust_ws/install/rcl_interfaces:/home/hiro/rust_ws/install/lifecycle_msgs:/home/hiro/ws_livox/install/livox_ros_driver2:/home/hiro/rust_ws/install/examples_rclrs_minimal_client_service:/home/hiro/rust_ws/install/sensor_msgs_py:/home/hiro/rust_ws/install/rust_pubsub:/home/hiro/rust_ws/install/examples_rclrs_minimal_pub_sub:/home/hiro/rust_ws/install/examples_rclrs_message_demo:/home/hiro/rust_ws/install/rclrs:/home/hiro/rust_ws/install/rosidl_runtime_rs:/opt/ros/humble LD_LIBRARY_PATH=/home/hiro/rust_ws/install/sensor_msgs/lib:/home/hiro/rust_ws/install/geometry_msgs/lib:/home/hiro/rust_ws/install/std_msgs/lib:/home/hiro/rust_ws/install/builtin_interfaces/lib:/home/hiro/rust_ws/install/visualization_msgs/lib:/home/hiro/rust_ws/install/test_msgs/lib:/home/hiro/rust_ws/install/example_interfaces/lib:/home/hiro/rust_ws/install/action_msgs/lib:/home/hiro/rust_ws/install/unique_identifier_msgs/lib:/home/hiro/rust_ws/install/trajectory_msgs/lib:/home/hiro/rust_ws/install/stereo_msgs/lib:/home/hiro/rust_ws/install/std_srvs/lib:/home/hiro/rust_ws/install/shape_msgs/lib:/home/hiro/rust_ws/install/nav_msgs/lib:/home/hiro/rust_ws/install/diagnostic_msgs/lib:/home/hiro/rust_ws/install/actionlib_msgs/lib:/home/hiro/rust_ws/install/statistics_msgs/lib:/home/hiro/rust_ws/install/rosgraph_msgs/lib:/home/hiro/rust_ws/install/rclrs_example_msgs/lib:/home/hiro/rust_ws/install/composition_interfaces/lib:/home/hiro/rust_ws/install/rcl_interfaces/lib:/home/hiro/rust_ws/install/lifecycle_msgs/lib:/home/hiro/ws_livox/install/livox_ros_driver2/lib:/opt/ros/humble/opt/rviz_ogre_vendor/lib:/opt/ros/humble/lib/x86_64-linux-gnu:/opt/ros/humble/lib /usr/bin/cmake /home/hiro/rust_ws/src/ros2/common_interfaces/stereo_msgs -DCMAKE_INSTALL_PREFIX=/home/hiro/rust_ws/install/stereo_msgs
[4.509s] Invoking command in '/home/hiro/rust_ws/build/stereo_msgs': AMENT_PREFIX_PATH=/home/hiro/rust_ws/install/rosidl_runtime_rs:/home/hiro/rust_ws/install/common_interfaces:/home/hiro/rust_ws/install/visualization_msgs:/home/hiro/rust_ws/install/test_msgs:/home/hiro/rust_ws/install/examples_rclrs_minimal_client_service:/home/hiro/rust_ws/install/example_interfaces:/home/hiro/rust_ws/install/action_msgs:/home/hiro/rust_ws/install/unique_identifier_msgs:/home/hiro/rust_ws/install/trajectory_msgs:/home/hiro/rust_ws/install/test_interface_files:/home/hiro/rust_ws/install/stereo_msgs:/home/hiro/rust_ws/install/std_srvs:/home/hiro/rust_ws/install/shape_msgs:/home/hiro/rust_ws/install/sensor_msgs_py:/home/hiro/rust_ws/install/sensor_msgs:/home/hiro/rust_ws/install/rust_pubsub:/home/hiro/rust_ws/install/nav_msgs:/home/hiro/rust_ws/install/diagnostic_msgs:/home/hiro/rust_ws/install/geometry_msgs:/home/hiro/rust_ws/install/examples_rclrs_minimal_pub_sub:/home/hiro/rust_ws/install/actionlib_msgs:/home/hiro/rust_ws/install/std_msgs:/home/hiro/rust_ws/install/statistics_msgs:/home/hiro/rust_ws/install/examples_rclrs_message_demo:/home/hiro/rust_ws/install/rclrs:/home/hiro/rust_ws/install/rosgraph_msgs:/home/hiro/rust_ws/install/rclrs_example_msgs:/home/hiro/rust_ws/install/composition_interfaces:/home/hiro/rust_ws/install/rcl_interfaces:/home/hiro/rust_ws/install/lifecycle_msgs:/home/hiro/rust_ws/install/builtin_interfaces:/home/hiro/rust_ws/install/rosidl_default_runtime:/home/hiro/rust_ws/install/rosidl_default_generators:/home/hiro/rust_ws/install/rosidl_generator_rs:/home/hiro/ws_livox/install/livox_ros_driver2:/opt/ros/humble CMAKE_PREFIX_PATH=/home/hiro/rust_ws/install/sensor_msgs:/home/hiro/rust_ws/install/geometry_msgs:/home/hiro/rust_ws/install/std_msgs:/home/hiro/rust_ws/install/builtin_interfaces:/home/hiro/rust_ws/install/rosidl_default_runtime:/home/hiro/rust_ws/install/rosidl_default_generators:/home/hiro/rust_ws/install/rosidl_generator_rs:/home/hiro/rust_ws/install/common_interfaces:/home/hiro/rust_ws/install/visualization_msgs:/home/hiro/rust_ws/install/test_msgs:/home/hiro/rust_ws/install/example_interfaces:/home/hiro/rust_ws/install/action_msgs:/home/hiro/rust_ws/install/unique_identifier_msgs:/home/hiro/rust_ws/install/trajectory_msgs:/home/hiro/rust_ws/install/test_interface_files:/home/hiro/rust_ws/install/stereo_msgs:/home/hiro/rust_ws/install/std_srvs:/home/hiro/rust_ws/install/shape_msgs:/home/hiro/rust_ws/install/nav_msgs:/home/hiro/rust_ws/install/diagnostic_msgs:/home/hiro/rust_ws/install/actionlib_msgs:/home/hiro/rust_ws/install/statistics_msgs:/home/hiro/rust_ws/install/rosgraph_msgs:/home/hiro/rust_ws/install/rclrs_example_msgs:/home/hiro/rust_ws/install/composition_interfaces:/home/hiro/rust_ws/install/rcl_interfaces:/home/hiro/rust_ws/install/lifecycle_msgs:/home/hiro/ws_livox/install/livox_ros_driver2:/home/hiro/rust_ws/install/examples_rclrs_minimal_client_service:/home/hiro/rust_ws/install/sensor_msgs_py:/home/hiro/rust_ws/install/rust_pubsub:/home/hiro/rust_ws/install/examples_rclrs_minimal_pub_sub:/home/hiro/rust_ws/install/examples_rclrs_message_demo:/home/hiro/rust_ws/install/rclrs:/home/hiro/rust_ws/install/rosidl_runtime_rs:/opt/ros/humble LD_LIBRARY_PATH=/home/hiro/rust_ws/install/sensor_msgs/lib:/home/hiro/rust_ws/install/geometry_msgs/lib:/home/hiro/rust_ws/install/std_msgs/lib:/home/hiro/rust_ws/install/builtin_interfaces/lib:/home/hiro/rust_ws/install/visualization_msgs/lib:/home/hiro/rust_ws/install/test_msgs/lib:/home/hiro/rust_ws/install/example_interfaces/lib:/home/hiro/rust_ws/install/action_msgs/lib:/home/hiro/rust_ws/install/unique_identifier_msgs/lib:/home/hiro/rust_ws/install/trajectory_msgs/lib:/home/hiro/rust_ws/install/stereo_msgs/lib:/home/hiro/rust_ws/install/std_srvs/lib:/home/hiro/rust_ws/install/shape_msgs/lib:/home/hiro/rust_ws/install/nav_msgs/lib:/home/hiro/rust_ws/install/diagnostic_msgs/lib:/home/hiro/rust_ws/install/actionlib_msgs/lib:/home/hiro/rust_ws/install/statistics_msgs/lib:/home/hiro/rust_ws/install/rosgraph_msgs/lib:/home/hiro/rust_ws/install/rclrs_example_msgs/lib:/home/hiro/rust_ws/install/composition_interfaces/lib:/home/hiro/rust_ws/install/rcl_interfaces/lib:/home/hiro/rust_ws/install/lifecycle_msgs/lib:/home/hiro/ws_livox/install/livox_ros_driver2/lib:/opt/ros/humble/opt/rviz_ogre_vendor/lib:/opt/ros/humble/lib/x86_64-linux-gnu:/opt/ros/humble/lib /usr/bin/cmake --build /home/hiro/rust_ws/build/stereo_msgs -- -j22 -l22
[4.542s] [  3%] [34m[1mGenerating C code for ROS interfaces[0m
[4.549s] [  6%] [34m[1mGenerating Rust code for ROS interfaces[0m
[4.551s] [  9%] [34m[1mGenerating C++ code for ROS interfaces[0m
[4.555s] [  9%] Built target ament_cmake_python_copy_stereo_msgs
[4.915s] [  9%] Built target stereo_msgs__rs
[4.942s] running egg_info
[4.943s] creating stereo_msgs.egg-info
[4.958s] [ 12%] [32mBuilding C object CMakeFiles/stereo_msgs__rosidl_generator_c.dir/rosidl_generator_c/stereo_msgs/msg/detail/disparity_image__functions.c.o[0m
[4.958s] writing stereo_msgs.egg-info/PKG-INFO
[4.959s] writing dependency_links to stereo_msgs.egg-info/dependency_links.txt
[4.959s] writing top-level names to stereo_msgs.egg-info/top_level.txt
[4.960s] writing manifest file 'stereo_msgs.egg-info/SOURCES.txt'
[4.981s] [ 12%] Built target stereo_msgs__cpp
[4.992s] [ 18%] [34m[1mGenerating C++ type support dispatch for ROS interfaces[0m
[4.992s] [ 18%] [34m[1mGenerating C++ introspection for ROS interfaces[0m
[4.994s] [ 21%] [34m[1mGenerating C++ type support for eProsima Fast-RTPS[0m
[5.003s] reading manifest file 'stereo_msgs.egg-info/SOURCES.txt'
[5.003s] writing manifest file 'stereo_msgs.egg-info/SOURCES.txt'
[5.016s] [ 25%] [32m[1mLinking C shared library libstereo_msgs__rosidl_generator_c.so[0m
[5.060s] [ 25%] Built target ament_cmake_python_build_stereo_msgs_egg
[5.129s] [ 25%] Built target stereo_msgs__rosidl_generator_c
[5.141s] [ 31%] [34m[1mGenerating C type support dispatch for ROS interfaces[0m
[5.141s] [ 31%] [34m[1mGenerating C introspection for ROS interfaces[0m
[5.142s] [ 34%] [34m[1mGenerating C type support for eProsima Fast-RTPS[0m
[5.501s] [ 37%] [32mBuilding CXX object CMakeFiles/stereo_msgs__rosidl_typesupport_cpp.dir/rosidl_typesupport_cpp/stereo_msgs/msg/disparity_image__type_support.cpp.o[0m
[5.517s] [ 40%] [32mBuilding CXX object CMakeFiles/stereo_msgs__rosidl_typesupport_introspection_cpp.dir/rosidl_typesupport_introspection_cpp/stereo_msgs/msg/detail/disparity_image__type_support.cpp.o[0m
[5.517s] [ 43%] [32mBuilding CXX object CMakeFiles/stereo_msgs__rosidl_typesupport_fastrtps_cpp.dir/rosidl_typesupport_fastrtps_cpp/stereo_msgs/msg/detail/dds_fastrtps/disparity_image__type_support.cpp.o[0m
[5.664s] [ 46%] [32mBuilding CXX object CMakeFiles/stereo_msgs__rosidl_typesupport_c.dir/rosidl_typesupport_c/stereo_msgs/msg/disparity_image__type_support.cpp.o[0m
[5.701s] [ 50%] [32mBuilding C object CMakeFiles/stereo_msgs__rosidl_typesupport_introspection_c.dir/rosidl_typesupport_introspection_c/stereo_msgs/msg/detail/disparity_image__type_support.c.o[0m
[5.716s] [ 53%] [32m[1mLinking CXX shared library libstereo_msgs__rosidl_typesupport_c.so[0m
[5.719s] [ 56%] [32mBuilding CXX object CMakeFiles/stereo_msgs__rosidl_typesupport_fastrtps_c.dir/rosidl_typesupport_fastrtps_c/stereo_msgs/msg/detail/disparity_image__type_support_c.cpp.o[0m
[5.749s] [ 59%] [32m[1mLinking C shared library libstereo_msgs__rosidl_typesupport_introspection_c.so[0m
[5.843s] [ 62%] [32m[1mLinking CXX shared library libstereo_msgs__rosidl_typesupport_cpp.so[0m
[5.869s] [ 62%] Built target stereo_msgs__rosidl_typesupport_c
[5.897s] [ 62%] Built target stereo_msgs__rosidl_typesupport_introspection_c
[5.990s] [ 62%] Built target stereo_msgs__rosidl_typesupport_cpp
[6.021s] [ 65%] [32m[1mLinking CXX shared library libstereo_msgs__rosidl_typesupport_introspection_cpp.so[0m
[6.029s] [ 68%] [32m[1mLinking CXX shared library libstereo_msgs__rosidl_typesupport_fastrtps_cpp.so[0m
[6.164s] [ 71%] [32m[1mLinking CXX shared library libstereo_msgs__rosidl_typesupport_fastrtps_c.so[0m
[6.199s] [ 71%] Built target stereo_msgs__rosidl_typesupport_introspection_cpp
[6.208s] [ 71%] Built target stereo_msgs__rosidl_typesupport_fastrtps_cpp
[6.370s] [ 71%] Built target stereo_msgs__rosidl_typesupport_fastrtps_c
[6.396s] [ 71%] Built target stereo_msgs
[6.422s] [ 75%] [34m[1mGenerating Python code for ROS interfaces[0m
[7.135s] [ 75%] Built target stereo_msgs__py
[7.157s] [ 78%] [32mBuilding C object CMakeFiles/stereo_msgs__rosidl_generator_py.dir/rosidl_generator_py/stereo_msgs/msg/_disparity_image_s.c.o[0m
[7.267s] [ 81%] [32m[1mLinking C shared library rosidl_generator_py/stereo_msgs/libstereo_msgs__rosidl_generator_py.so[0m
[7.395s] [ 81%] Built target stereo_msgs__rosidl_generator_py
[7.418s] [ 84%] [32mBuilding C object CMakeFiles/stereo_msgs__rosidl_typesupport_introspection_c__pyext.dir/rosidl_generator_py/stereo_msgs/_stereo_msgs_s.ep.rosidl_typesupport_introspection_c.c.o[0m
[7.418s] [ 87%] [32mBuilding C object CMakeFiles/stereo_msgs__rosidl_typesupport_fastrtps_c__pyext.dir/rosidl_generator_py/stereo_msgs/_stereo_msgs_s.ep.rosidl_typesupport_fastrtps_c.c.o[0m
[7.420s] [ 90%] [32mBuilding C object CMakeFiles/stereo_msgs__rosidl_typesupport_c__pyext.dir/rosidl_generator_py/stereo_msgs/_stereo_msgs_s.ep.rosidl_typesupport_c.c.o[0m
[7.511s] [ 93%] [32m[1mLinking C shared library rosidl_generator_py/stereo_msgs/stereo_msgs_s__rosidl_typesupport_fastrtps_c.cpython-310-x86_64-linux-gnu.so[0m
[7.513s] [ 96%] [32m[1mLinking C shared library rosidl_generator_py/stereo_msgs/stereo_msgs_s__rosidl_typesupport_c.cpython-310-x86_64-linux-gnu.so[0m
[7.523s] [100%] [32m[1mLinking C shared library rosidl_generator_py/stereo_msgs/stereo_msgs_s__rosidl_typesupport_introspection_c.cpython-310-x86_64-linux-gnu.so[0m
[7.617s] [100%] Built target stereo_msgs__rosidl_typesupport_c__pyext
[7.618s] [100%] Built target stereo_msgs__rosidl_typesupport_fastrtps_c__pyext
[7.669s] [100%] Built target stereo_msgs__rosidl_typesupport_introspection_c__pyext
[7.679s] Invoked command in '/home/hiro/rust_ws/build/stereo_msgs' returned '0': AMENT_PREFIX_PATH=/home/hiro/rust_ws/install/rosidl_runtime_rs:/home/hiro/rust_ws/install/common_interfaces:/home/hiro/rust_ws/install/visualization_msgs:/home/hiro/rust_ws/install/test_msgs:/home/hiro/rust_ws/install/examples_rclrs_minimal_client_service:/home/hiro/rust_ws/install/example_interfaces:/home/hiro/rust_ws/install/action_msgs:/home/hiro/rust_ws/install/unique_identifier_msgs:/home/hiro/rust_ws/install/trajectory_msgs:/home/hiro/rust_ws/install/test_interface_files:/home/hiro/rust_ws/install/stereo_msgs:/home/hiro/rust_ws/install/std_srvs:/home/hiro/rust_ws/install/shape_msgs:/home/hiro/rust_ws/install/sensor_msgs_py:/home/hiro/rust_ws/install/sensor_msgs:/home/hiro/rust_ws/install/rust_pubsub:/home/hiro/rust_ws/install/nav_msgs:/home/hiro/rust_ws/install/diagnostic_msgs:/home/hiro/rust_ws/install/geometry_msgs:/home/hiro/rust_ws/install/examples_rclrs_minimal_pub_sub:/home/hiro/rust_ws/install/actionlib_msgs:/home/hiro/rust_ws/install/std_msgs:/home/hiro/rust_ws/install/statistics_msgs:/home/hiro/rust_ws/install/examples_rclrs_message_demo:/home/hiro/rust_ws/install/rclrs:/home/hiro/rust_ws/install/rosgraph_msgs:/home/hiro/rust_ws/install/rclrs_example_msgs:/home/hiro/rust_ws/install/composition_interfaces:/home/hiro/rust_ws/install/rcl_interfaces:/home/hiro/rust_ws/install/lifecycle_msgs:/home/hiro/rust_ws/install/builtin_interfaces:/home/hiro/rust_ws/install/rosidl_default_runtime:/home/hiro/rust_ws/install/rosidl_default_generators:/home/hiro/rust_ws/install/rosidl_generator_rs:/home/hiro/ws_livox/install/livox_ros_driver2:/opt/ros/humble CMAKE_PREFIX_PATH=/home/hiro/rust_ws/install/sensor_msgs:/home/hiro/rust_ws/install/geometry_msgs:/home/hiro/rust_ws/install/std_msgs:/home/hiro/rust_ws/install/builtin_interfaces:/home/hiro/rust_ws/install/rosidl_default_runtime:/home/hiro/rust_ws/install/rosidl_default_generators:/home/hiro/rust_ws/install/rosidl_generator_rs:/home/hiro/rust_ws/install/common_interfaces:/home/hiro/rust_ws/install/visualization_msgs:/home/hiro/rust_ws/install/test_msgs:/home/hiro/rust_ws/install/example_interfaces:/home/hiro/rust_ws/install/action_msgs:/home/hiro/rust_ws/install/unique_identifier_msgs:/home/hiro/rust_ws/install/trajectory_msgs:/home/hiro/rust_ws/install/test_interface_files:/home/hiro/rust_ws/install/stereo_msgs:/home/hiro/rust_ws/install/std_srvs:/home/hiro/rust_ws/install/shape_msgs:/home/hiro/rust_ws/install/nav_msgs:/home/hiro/rust_ws/install/diagnostic_msgs:/home/hiro/rust_ws/install/actionlib_msgs:/home/hiro/rust_ws/install/statistics_msgs:/home/hiro/rust_ws/install/rosgraph_msgs:/home/hiro/rust_ws/install/rclrs_example_msgs:/home/hiro/rust_ws/install/composition_interfaces:/home/hiro/rust_ws/install/rcl_interfaces:/home/hiro/rust_ws/install/lifecycle_msgs:/home/hiro/ws_livox/install/livox_ros_driver2:/home/hiro/rust_ws/install/examples_rclrs_minimal_client_service:/home/hiro/rust_ws/install/sensor_msgs_py:/home/hiro/rust_ws/install/rust_pubsub:/home/hiro/rust_ws/install/examples_rclrs_minimal_pub_sub:/home/hiro/rust_ws/install/examples_rclrs_message_demo:/home/hiro/rust_ws/install/rclrs:/home/hiro/rust_ws/install/rosidl_runtime_rs:/opt/ros/humble LD_LIBRARY_PATH=/home/hiro/rust_ws/install/sensor_msgs/lib:/home/hiro/rust_ws/install/geometry_msgs/lib:/home/hiro/rust_ws/install/std_msgs/lib:/home/hiro/rust_ws/install/builtin_interfaces/lib:/home/hiro/rust_ws/install/visualization_msgs/lib:/home/hiro/rust_ws/install/test_msgs/lib:/home/hiro/rust_ws/install/example_interfaces/lib:/home/hiro/rust_ws/install/action_msgs/lib:/home/hiro/rust_ws/install/unique_identifier_msgs/lib:/home/hiro/rust_ws/install/trajectory_msgs/lib:/home/hiro/rust_ws/install/stereo_msgs/lib:/home/hiro/rust_ws/install/std_srvs/lib:/home/hiro/rust_ws/install/shape_msgs/lib:/home/hiro/rust_ws/install/nav_msgs/lib:/home/hiro/rust_ws/install/diagnostic_msgs/lib:/home/hiro/rust_ws/install/actionlib_msgs/lib:/home/hiro/rust_ws/install/statistics_msgs/lib:/home/hiro/rust_ws/install/rosgraph_msgs/lib:/home/hiro/rust_ws/install/rclrs_example_msgs/lib:/home/hiro/rust_ws/install/composition_interfaces/lib:/home/hiro/rust_ws/install/rcl_interfaces/lib:/home/hiro/rust_ws/install/lifecycle_msgs/lib:/home/hiro/ws_livox/install/livox_ros_driver2/lib:/opt/ros/humble/opt/rviz_ogre_vendor/lib:/opt/ros/humble/lib/x86_64-linux-gnu:/opt/ros/humble/lib /usr/bin/cmake --build /home/hiro/rust_ws/build/stereo_msgs -- -j22 -l22
[7.753s] Invoking command in '/home/hiro/rust_ws/build/stereo_msgs': AMENT_PREFIX_PATH=/home/hiro/rust_ws/install/rosidl_runtime_rs:/home/hiro/rust_ws/install/common_interfaces:/home/hiro/rust_ws/install/visualization_msgs:/home/hiro/rust_ws/install/test_msgs:/home/hiro/rust_ws/install/examples_rclrs_minimal_client_service:/home/hiro/rust_ws/install/example_interfaces:/home/hiro/rust_ws/install/action_msgs:/home/hiro/rust_ws/install/unique_identifier_msgs:/home/hiro/rust_ws/install/trajectory_msgs:/home/hiro/rust_ws/install/test_interface_files:/home/hiro/rust_ws/install/stereo_msgs:/home/hiro/rust_ws/install/std_srvs:/home/hiro/rust_ws/install/shape_msgs:/home/hiro/rust_ws/install/sensor_msgs_py:/home/hiro/rust_ws/install/sensor_msgs:/home/hiro/rust_ws/install/rust_pubsub:/home/hiro/rust_ws/install/nav_msgs:/home/hiro/rust_ws/install/diagnostic_msgs:/home/hiro/rust_ws/install/geometry_msgs:/home/hiro/rust_ws/install/examples_rclrs_minimal_pub_sub:/home/hiro/rust_ws/install/actionlib_msgs:/home/hiro/rust_ws/install/std_msgs:/home/hiro/rust_ws/install/statistics_msgs:/home/hiro/rust_ws/install/examples_rclrs_message_demo:/home/hiro/rust_ws/install/rclrs:/home/hiro/rust_ws/install/rosgraph_msgs:/home/hiro/rust_ws/install/rclrs_example_msgs:/home/hiro/rust_ws/install/composition_interfaces:/home/hiro/rust_ws/install/rcl_interfaces:/home/hiro/rust_ws/install/lifecycle_msgs:/home/hiro/rust_ws/install/builtin_interfaces:/home/hiro/rust_ws/install/rosidl_default_runtime:/home/hiro/rust_ws/install/rosidl_default_generators:/home/hiro/rust_ws/install/rosidl_generator_rs:/home/hiro/ws_livox/install/livox_ros_driver2:/opt/ros/humble CMAKE_PREFIX_PATH=/home/hiro/rust_ws/install/sensor_msgs:/home/hiro/rust_ws/install/geometry_msgs:/home/hiro/rust_ws/install/std_msgs:/home/hiro/rust_ws/install/builtin_interfaces:/home/hiro/rust_ws/install/rosidl_default_runtime:/home/hiro/rust_ws/install/rosidl_default_generators:/home/hiro/rust_ws/install/rosidl_generator_rs:/home/hiro/rust_ws/install/common_interfaces:/home/hiro/rust_ws/install/visualization_msgs:/home/hiro/rust_ws/install/test_msgs:/home/hiro/rust_ws/install/example_interfaces:/home/hiro/rust_ws/install/action_msgs:/home/hiro/rust_ws/install/unique_identifier_msgs:/home/hiro/rust_ws/install/trajectory_msgs:/home/hiro/rust_ws/install/test_interface_files:/home/hiro/rust_ws/install/stereo_msgs:/home/hiro/rust_ws/install/std_srvs:/home/hiro/rust_ws/install/shape_msgs:/home/hiro/rust_ws/install/nav_msgs:/home/hiro/rust_ws/install/diagnostic_msgs:/home/hiro/rust_ws/install/actionlib_msgs:/home/hiro/rust_ws/install/statistics_msgs:/home/hiro/rust_ws/install/rosgraph_msgs:/home/hiro/rust_ws/install/rclrs_example_msgs:/home/hiro/rust_ws/install/composition_interfaces:/home/hiro/rust_ws/install/rcl_interfaces:/home/hiro/rust_ws/install/lifecycle_msgs:/home/hiro/ws_livox/install/livox_ros_driver2:/home/hiro/rust_ws/install/examples_rclrs_minimal_client_service:/home/hiro/rust_ws/install/sensor_msgs_py:/home/hiro/rust_ws/install/rust_pubsub:/home/hiro/rust_ws/install/examples_rclrs_minimal_pub_sub:/home/hiro/rust_ws/install/examples_rclrs_message_demo:/home/hiro/rust_ws/install/rclrs:/home/hiro/rust_ws/install/rosidl_runtime_rs:/opt/ros/humble LD_LIBRARY_PATH=/home/hiro/rust_ws/install/sensor_msgs/lib:/home/hiro/rust_ws/install/geometry_msgs/lib:/home/hiro/rust_ws/install/std_msgs/lib:/home/hiro/rust_ws/install/builtin_interfaces/lib:/home/hiro/rust_ws/install/visualization_msgs/lib:/home/hiro/rust_ws/install/test_msgs/lib:/home/hiro/rust_ws/install/example_interfaces/lib:/home/hiro/rust_ws/install/action_msgs/lib:/home/hiro/rust_ws/install/unique_identifier_msgs/lib:/home/hiro/rust_ws/install/trajectory_msgs/lib:/home/hiro/rust_ws/install/stereo_msgs/lib:/home/hiro/rust_ws/install/std_srvs/lib:/home/hiro/rust_ws/install/shape_msgs/lib:/home/hiro/rust_ws/install/nav_msgs/lib:/home/hiro/rust_ws/install/diagnostic_msgs/lib:/home/hiro/rust_ws/install/actionlib_msgs/lib:/home/hiro/rust_ws/install/statistics_msgs/lib:/home/hiro/rust_ws/install/rosgraph_msgs/lib:/home/hiro/rust_ws/install/rclrs_example_msgs/lib:/home/hiro/rust_ws/install/composition_interfaces/lib:/home/hiro/rust_ws/install/rcl_interfaces/lib:/home/hiro/rust_ws/install/lifecycle_msgs/lib:/home/hiro/ws_livox/install/livox_ros_driver2/lib:/opt/ros/humble/opt/rviz_ogre_vendor/lib:/opt/ros/humble/lib/x86_64-linux-gnu:/opt/ros/humble/lib /usr/bin/cmake --install /home/hiro/rust_ws/build/stereo_msgs
[7.761s] -- Install configuration: ""
[7.761s] -- Installing: /home/hiro/rust_ws/install/stereo_msgs/share/ament_index/resource_index/rosidl_interfaces/stereo_msgs
[7.762s] -- Installing: /home/hiro/rust_ws/install/stereo_msgs/include/stereo_msgs/stereo_msgs
[7.762s] -- Installing: /home/hiro/rust_ws/install/stereo_msgs/include/stereo_msgs/stereo_msgs/msg
[7.762s] -- Installing: /home/hiro/rust_ws/install/stereo_msgs/include/stereo_msgs/stereo_msgs/msg/rosidl_generator_c__visibility_control.h
[7.763s] -- Installing: /home/hiro/rust_ws/install/stereo_msgs/include/stereo_msgs/stereo_msgs/msg/detail
[7.763s] -- Installing: /home/hiro/rust_ws/install/stereo_msgs/include/stereo_msgs/stereo_msgs/msg/detail/disparity_image__struct.h
[7.763s] -- Installing: /home/hiro/rust_ws/install/stereo_msgs/include/stereo_msgs/stereo_msgs/msg/detail/disparity_image__type_support.h
[7.763s] -- Installing: /home/hiro/rust_ws/install/stereo_msgs/include/stereo_msgs/stereo_msgs/msg/detail/disparity_image__functions.h
[7.763s] -- Installing: /home/hiro/rust_ws/install/stereo_msgs/include/stereo_msgs/stereo_msgs/msg/detail/disparity_image__functions.c
[7.763s] -- Installing: /home/hiro/rust_ws/install/stereo_msgs/include/stereo_msgs/stereo_msgs/msg/disparity_image.h
[7.763s] -- Installing: /home/hiro/rust_ws/install/stereo_msgs/share/stereo_msgs/environment/library_path.sh
[7.763s] -- Installing: /home/hiro/rust_ws/install/stereo_msgs/share/stereo_msgs/environment/library_path.dsv
[7.764s] -- Installing: /home/hiro/rust_ws/install/stereo_msgs/lib/libstereo_msgs__rosidl_generator_c.so
[7.764s] -- Set runtime path of "/home/hiro/rust_ws/install/stereo_msgs/lib/libstereo_msgs__rosidl_generator_c.so" to ""
[7.764s] -- Up-to-date: /home/hiro/rust_ws/install/stereo_msgs/include/stereo_msgs/stereo_msgs
[7.765s] -- Up-to-date: /home/hiro/rust_ws/install/stereo_msgs/include/stereo_msgs/stereo_msgs/msg
[7.765s] -- Up-to-date: /home/hiro/rust_ws/install/stereo_msgs/include/stereo_msgs/stereo_msgs/msg/detail
[7.765s] -- Installing: /home/hiro/rust_ws/install/stereo_msgs/include/stereo_msgs/stereo_msgs/msg/detail/disparity_image__rosidl_typesupport_fastrtps_c.h
[7.765s] -- Installing: /home/hiro/rust_ws/install/stereo_msgs/include/stereo_msgs/stereo_msgs/msg/rosidl_typesupport_fastrtps_c__visibility_control.h
[7.765s] -- Installing: /home/hiro/rust_ws/install/stereo_msgs/lib/libstereo_msgs__rosidl_typesupport_fastrtps_c.so
[7.765s] -- Set runtime path of "/home/hiro/rust_ws/install/stereo_msgs/lib/libstereo_msgs__rosidl_typesupport_fastrtps_c.so" to ""
[7.765s] -- Up-to-date: /home/hiro/rust_ws/install/stereo_msgs/include/stereo_msgs/stereo_msgs
[7.765s] -- Up-to-date: /home/hiro/rust_ws/install/stereo_msgs/include/stereo_msgs/stereo_msgs/msg
[7.766s] -- Installing: /home/hiro/rust_ws/install/stereo_msgs/include/stereo_msgs/stereo_msgs/msg/rosidl_typesupport_introspection_c__visibility_control.h
[7.766s] -- Up-to-date: /home/hiro/rust_ws/install/stereo_msgs/include/stereo_msgs/stereo_msgs/msg/detail
[7.766s] -- Installing: /home/hiro/rust_ws/install/stereo_msgs/include/stereo_msgs/stereo_msgs/msg/detail/disparity_image__rosidl_typesupport_introspection_c.h
[7.766s] -- Installing: /home/hiro/rust_ws/install/stereo_msgs/include/stereo_msgs/stereo_msgs/msg/detail/disparity_image__type_support.c
[7.766s] -- Installing: /home/hiro/rust_ws/install/stereo_msgs/lib/libstereo_msgs__rosidl_typesupport_introspection_c.so
[7.766s] -- Set runtime path of "/home/hiro/rust_ws/install/stereo_msgs/lib/libstereo_msgs__rosidl_typesupport_introspection_c.so" to ""
[7.766s] -- Installing: /home/hiro/rust_ws/install/stereo_msgs/lib/libstereo_msgs__rosidl_typesupport_c.so
[7.767s] -- Set runtime path of "/home/hiro/rust_ws/install/stereo_msgs/lib/libstereo_msgs__rosidl_typesupport_c.so" to ""
[7.767s] -- Up-to-date: /home/hiro/rust_ws/install/stereo_msgs/include/stereo_msgs/stereo_msgs
[7.767s] -- Up-to-date: /home/hiro/rust_ws/install/stereo_msgs/include/stereo_msgs/stereo_msgs/msg
[7.767s] -- Installing: /home/hiro/rust_ws/install/stereo_msgs/include/stereo_msgs/stereo_msgs/msg/disparity_image.hpp
[7.767s] -- Up-to-date: /home/hiro/rust_ws/install/stereo_msgs/include/stereo_msgs/stereo_msgs/msg/detail
[7.768s] -- Installing: /home/hiro/rust_ws/install/stereo_msgs/include/stereo_msgs/stereo_msgs/msg/detail/disparity_image__traits.hpp
[7.768s] -- Installing: /home/hiro/rust_ws/install/stereo_msgs/include/stereo_msgs/stereo_msgs/msg/detail/disparity_image__struct.hpp
[7.768s] -- Installing: /home/hiro/rust_ws/install/stereo_msgs/include/stereo_msgs/stereo_msgs/msg/detail/disparity_image__builder.hpp
[7.768s] -- Up-to-date: /home/hiro/rust_ws/install/stereo_msgs/include/stereo_msgs/stereo_msgs
[7.768s] -- Up-to-date: /home/hiro/rust_ws/install/stereo_msgs/include/stereo_msgs/stereo_msgs/msg
[7.769s] -- Installing: /home/hiro/rust_ws/install/stereo_msgs/include/stereo_msgs/stereo_msgs/msg/rosidl_typesupport_fastrtps_cpp__visibility_control.h
[7.769s] -- Up-to-date: /home/hiro/rust_ws/install/stereo_msgs/include/stereo_msgs/stereo_msgs/msg/detail
[7.769s] -- Installing: /home/hiro/rust_ws/install/stereo_msgs/include/stereo_msgs/stereo_msgs/msg/detail/dds_fastrtps
[7.769s] -- Installing: /home/hiro/rust_ws/install/stereo_msgs/include/stereo_msgs/stereo_msgs/msg/detail/disparity_image__rosidl_typesupport_fastrtps_cpp.hpp
[7.769s] -- Installing: /home/hiro/rust_ws/install/stereo_msgs/lib/libstereo_msgs__rosidl_typesupport_fastrtps_cpp.so
[7.769s] -- Set runtime path of "/home/hiro/rust_ws/install/stereo_msgs/lib/libstereo_msgs__rosidl_typesupport_fastrtps_cpp.so" to ""
[7.769s] -- Up-to-date: /home/hiro/rust_ws/install/stereo_msgs/include/stereo_msgs/stereo_msgs
[7.770s] -- Up-to-date: /home/hiro/rust_ws/install/stereo_msgs/include/stereo_msgs/stereo_msgs/msg
[7.770s] -- Up-to-date: /home/hiro/rust_ws/install/stereo_msgs/include/stereo_msgs/stereo_msgs/msg/detail
[7.770s] -- Installing: /home/hiro/rust_ws/install/stereo_msgs/include/stereo_msgs/stereo_msgs/msg/detail/disparity_image__type_support.cpp
[7.770s] -- Installing: /home/hiro/rust_ws/install/stereo_msgs/include/stereo_msgs/stereo_msgs/msg/detail/disparity_image__rosidl_typesupport_introspection_cpp.hpp
[7.770s] -- Installing: /home/hiro/rust_ws/install/stereo_msgs/lib/libstereo_msgs__rosidl_typesupport_introspection_cpp.so
[7.770s] -- Set runtime path of "/home/hiro/rust_ws/install/stereo_msgs/lib/libstereo_msgs__rosidl_typesupport_introspection_cpp.so" to ""
[7.770s] -- Installing: /home/hiro/rust_ws/install/stereo_msgs/lib/libstereo_msgs__rosidl_typesupport_cpp.so
[7.771s] -- Set runtime path of "/home/hiro/rust_ws/install/stereo_msgs/lib/libstereo_msgs__rosidl_typesupport_cpp.so" to ""
[7.771s] -- Installing: /home/hiro/rust_ws/install/stereo_msgs/share/ament_index/resource_index/rust_packages/stereo_msgs
[7.771s] -- Installing: /home/hiro/rust_ws/install/stereo_msgs/share/stereo_msgs/rust
[7.771s] -- Installing: /home/hiro/rust_ws/install/stereo_msgs/share/stereo_msgs/rust/Cargo.toml
[7.771s] -- Installing: /home/hiro/rust_ws/install/stereo_msgs/share/stereo_msgs/rust/build.rs
[7.771s] -- Installing: /home/hiro/rust_ws/install/stereo_msgs/share/stereo_msgs/rust/src
[7.772s] -- Installing: /home/hiro/rust_ws/install/stereo_msgs/share/stereo_msgs/rust/src/msg.rs
[7.772s] -- Installing: /home/hiro/rust_ws/install/stereo_msgs/share/stereo_msgs/rust/src/lib.rs
[7.772s] -- Installing: /home/hiro/rust_ws/install/stereo_msgs/share/stereo_msgs/environment/pythonpath.sh
[7.772s] -- Installing: /home/hiro/rust_ws/install/stereo_msgs/share/stereo_msgs/environment/pythonpath.dsv
[7.772s] -- Installing: /home/hiro/rust_ws/install/stereo_msgs/local/lib/python3.10/dist-packages/stereo_msgs-4.2.4-py3.10.egg-info
[7.772s] -- Installing: /home/hiro/rust_ws/install/stereo_msgs/local/lib/python3.10/dist-packages/stereo_msgs-4.2.4-py3.10.egg-info/top_level.txt
[7.772s] -- Installing: /home/hiro/rust_ws/install/stereo_msgs/local/lib/python3.10/dist-packages/stereo_msgs-4.2.4-py3.10.egg-info/PKG-INFO
[7.773s] -- Installing: /home/hiro/rust_ws/install/stereo_msgs/local/lib/python3.10/dist-packages/stereo_msgs-4.2.4-py3.10.egg-info/SOURCES.txt
[7.773s] -- Installing: /home/hiro/rust_ws/install/stereo_msgs/local/lib/python3.10/dist-packages/stereo_msgs-4.2.4-py3.10.egg-info/dependency_links.txt
[7.773s] -- Installing: /home/hiro/rust_ws/install/stereo_msgs/local/lib/python3.10/dist-packages/stereo_msgs
[7.773s] -- Installing: /home/hiro/rust_ws/install/stereo_msgs/local/lib/python3.10/dist-packages/stereo_msgs/stereo_msgs_s__rosidl_typesupport_c.cpython-310-x86_64-linux-gnu.so
[7.773s] -- Installing: /home/hiro/rust_ws/install/stereo_msgs/local/lib/python3.10/dist-packages/stereo_msgs/_stereo_msgs_s.ep.rosidl_typesupport_introspection_c.c
[7.773s] -- Installing: /home/hiro/rust_ws/install/stereo_msgs/local/lib/python3.10/dist-packages/stereo_msgs/stereo_msgs_s__rosidl_typesupport_introspection_c.cpython-310-x86_64-linux-gnu.so
[7.773s] -- Installing: /home/hiro/rust_ws/install/stereo_msgs/local/lib/python3.10/dist-packages/stereo_msgs/stereo_msgs_s__rosidl_typesupport_fastrtps_c.cpython-310-x86_64-linux-gnu.so
[7.773s] -- Installing: /home/hiro/rust_ws/install/stereo_msgs/local/lib/python3.10/dist-packages/stereo_msgs/_stereo_msgs_s.ep.rosidl_typesupport_fastrtps_c.c
[7.773s] -- Installing: /home/hiro/rust_ws/install/stereo_msgs/local/lib/python3.10/dist-packages/stereo_msgs/__init__.py
[7.773s] -- Installing: /home/hiro/rust_ws/install/stereo_msgs/local/lib/python3.10/dist-packages/stereo_msgs/msg
[7.774s] -- Installing: /home/hiro/rust_ws/install/stereo_msgs/local/lib/python3.10/dist-packages/stereo_msgs/msg/_disparity_image.py
[7.774s] -- Installing: /home/hiro/rust_ws/install/stereo_msgs/local/lib/python3.10/dist-packages/stereo_msgs/msg/_disparity_image_s.c
[7.774s] -- Installing: /home/hiro/rust_ws/install/stereo_msgs/local/lib/python3.10/dist-packages/stereo_msgs/msg/__init__.py
[7.774s] -- Installing: /home/hiro/rust_ws/install/stereo_msgs/local/lib/python3.10/dist-packages/stereo_msgs/_stereo_msgs_s.ep.rosidl_typesupport_c.c
[7.774s] -- Installing: /home/hiro/rust_ws/install/stereo_msgs/local/lib/python3.10/dist-packages/stereo_msgs/libstereo_msgs__rosidl_generator_py.so
[7.824s] Listing '/home/hiro/rust_ws/install/stereo_msgs/local/lib/python3.10/dist-packages/stereo_msgs'...
[7.824s] Compiling '/home/hiro/rust_ws/install/stereo_msgs/local/lib/python3.10/dist-packages/stereo_msgs/__init__.py'...
[7.824s] Listing '/home/hiro/rust_ws/install/stereo_msgs/local/lib/python3.10/dist-packages/stereo_msgs/msg'...
[7.824s] Compiling '/home/hiro/rust_ws/install/stereo_msgs/local/lib/python3.10/dist-packages/stereo_msgs/msg/__init__.py'...
[7.824s] Compiling '/home/hiro/rust_ws/install/stereo_msgs/local/lib/python3.10/dist-packages/stereo_msgs/msg/_disparity_image.py'...
[7.830s] -- Installing: /home/hiro/rust_ws/install/stereo_msgs/local/lib/python3.10/dist-packages/stereo_msgs/stereo_msgs_s__rosidl_typesupport_fastrtps_c.cpython-310-x86_64-linux-gnu.so
[7.830s] -- Set runtime path of "/home/hiro/rust_ws/install/stereo_msgs/local/lib/python3.10/dist-packages/stereo_msgs/stereo_msgs_s__rosidl_typesupport_fastrtps_c.cpython-310-x86_64-linux-gnu.so" to ""
[7.830s] -- Installing: /home/hiro/rust_ws/install/stereo_msgs/local/lib/python3.10/dist-packages/stereo_msgs/stereo_msgs_s__rosidl_typesupport_introspection_c.cpython-310-x86_64-linux-gnu.so
[7.830s] -- Set runtime path of "/home/hiro/rust_ws/install/stereo_msgs/local/lib/python3.10/dist-packages/stereo_msgs/stereo_msgs_s__rosidl_typesupport_introspection_c.cpython-310-x86_64-linux-gnu.so" to ""
[7.831s] -- Installing: /home/hiro/rust_ws/install/stereo_msgs/local/lib/python3.10/dist-packages/stereo_msgs/stereo_msgs_s__rosidl_typesupport_c.cpython-310-x86_64-linux-gnu.so
[7.831s] -- Set runtime path of "/home/hiro/rust_ws/install/stereo_msgs/local/lib/python3.10/dist-packages/stereo_msgs/stereo_msgs_s__rosidl_typesupport_c.cpython-310-x86_64-linux-gnu.so" to ""
[7.831s] -- Installing: /home/hiro/rust_ws/install/stereo_msgs/lib/libstereo_msgs__rosidl_generator_py.so
[7.831s] -- Set runtime path of "/home/hiro/rust_ws/install/stereo_msgs/lib/libstereo_msgs__rosidl_generator_py.so" to ""
[7.831s] -- Installing: /home/hiro/rust_ws/install/stereo_msgs/share/stereo_msgs/msg/DisparityImage.idl
[7.832s] -- Installing: /home/hiro/rust_ws/install/stereo_msgs/share/stereo_msgs/msg/DisparityImage.msg
[7.832s] -- Installing: /home/hiro/rust_ws/install/stereo_msgs/share/ament_index/resource_index/package_run_dependencies/stereo_msgs
[7.832s] -- Installing: /home/hiro/rust_ws/install/stereo_msgs/share/ament_index/resource_index/parent_prefix_path/stereo_msgs
[7.832s] -- Installing: /home/hiro/rust_ws/install/stereo_msgs/share/stereo_msgs/environment/ament_prefix_path.sh
[7.832s] -- Installing: /home/hiro/rust_ws/install/stereo_msgs/share/stereo_msgs/environment/ament_prefix_path.dsv
[7.832s] -- Installing: /home/hiro/rust_ws/install/stereo_msgs/share/stereo_msgs/environment/path.sh
[7.833s] -- Installing: /home/hiro/rust_ws/install/stereo_msgs/share/stereo_msgs/environment/path.dsv
[7.833s] -- Installing: /home/hiro/rust_ws/install/stereo_msgs/share/stereo_msgs/local_setup.bash
[7.833s] -- Installing: /home/hiro/rust_ws/install/stereo_msgs/share/stereo_msgs/local_setup.sh
[7.833s] -- Installing: /home/hiro/rust_ws/install/stereo_msgs/share/stereo_msgs/local_setup.zsh
[7.833s] -- Installing: /home/hiro/rust_ws/install/stereo_msgs/share/stereo_msgs/local_setup.dsv
[7.833s] -- Installing: /home/hiro/rust_ws/install/stereo_msgs/share/stereo_msgs/package.dsv
[7.834s] -- Installing: /home/hiro/rust_ws/install/stereo_msgs/share/ament_index/resource_index/packages/stereo_msgs
[7.834s] -- Installing: /home/hiro/rust_ws/install/stereo_msgs/share/stereo_msgs/cmake/export_stereo_msgs__rosidl_generator_cExport.cmake
[7.834s] -- Installing: /home/hiro/rust_ws/install/stereo_msgs/share/stereo_msgs/cmake/export_stereo_msgs__rosidl_generator_cExport-noconfig.cmake
[7.834s] -- Installing: /home/hiro/rust_ws/install/stereo_msgs/share/stereo_msgs/cmake/export_stereo_msgs__rosidl_typesupport_fastrtps_cExport.cmake
[7.834s] -- Installing: /home/hiro/rust_ws/install/stereo_msgs/share/stereo_msgs/cmake/export_stereo_msgs__rosidl_typesupport_fastrtps_cExport-noconfig.cmake
[7.834s] -- Installing: /home/hiro/rust_ws/install/stereo_msgs/share/stereo_msgs/cmake/stereo_msgs__rosidl_typesupport_introspection_cExport.cmake
[7.834s] -- Installing: /home/hiro/rust_ws/install/stereo_msgs/share/stereo_msgs/cmake/stereo_msgs__rosidl_typesupport_introspection_cExport-noconfig.cmake
[7.835s] -- Installing: /home/hiro/rust_ws/install/stereo_msgs/share/stereo_msgs/cmake/stereo_msgs__rosidl_typesupport_cExport.cmake
[7.835s] -- Installing: /home/hiro/rust_ws/install/stereo_msgs/share/stereo_msgs/cmake/stereo_msgs__rosidl_typesupport_cExport-noconfig.cmake
[7.835s] -- Installing: /home/hiro/rust_ws/install/stereo_msgs/share/stereo_msgs/cmake/export_stereo_msgs__rosidl_generator_cppExport.cmake
[7.835s] -- Installing: /home/hiro/rust_ws/install/stereo_msgs/share/stereo_msgs/cmake/export_stereo_msgs__rosidl_typesupport_fastrtps_cppExport.cmake
[7.835s] -- Installing: /home/hiro/rust_ws/install/stereo_msgs/share/stereo_msgs/cmake/export_stereo_msgs__rosidl_typesupport_fastrtps_cppExport-noconfig.cmake
[7.835s] -- Installing: /home/hiro/rust_ws/install/stereo_msgs/share/stereo_msgs/cmake/stereo_msgs__rosidl_typesupport_introspection_cppExport.cmake
[7.836s] -- Installing: /home/hiro/rust_ws/install/stereo_msgs/share/stereo_msgs/cmake/stereo_msgs__rosidl_typesupport_introspection_cppExport-noconfig.cmake
[7.836s] -- Installing: /home/hiro/rust_ws/install/stereo_msgs/share/stereo_msgs/cmake/stereo_msgs__rosidl_typesupport_cppExport.cmake
[7.836s] -- Installing: /home/hiro/rust_ws/install/stereo_msgs/share/stereo_msgs/cmake/stereo_msgs__rosidl_typesupport_cppExport-noconfig.cmake
[7.836s] -- Installing: /home/hiro/rust_ws/install/stereo_msgs/share/stereo_msgs/cmake/export_stereo_msgs__rosidl_generator_pyExport.cmake
[7.836s] -- Installing: /home/hiro/rust_ws/install/stereo_msgs/share/stereo_msgs/cmake/export_stereo_msgs__rosidl_generator_pyExport-noconfig.cmake
[7.836s] -- Installing: /home/hiro/rust_ws/install/stereo_msgs/share/stereo_msgs/cmake/rosidl_cmake-extras.cmake
[7.836s] -- Installing: /home/hiro/rust_ws/install/stereo_msgs/share/stereo_msgs/cmake/ament_cmake_export_dependencies-extras.cmake
[7.836s] -- Installing: /home/hiro/rust_ws/install/stereo_msgs/share/stereo_msgs/cmake/ament_cmake_export_include_directories-extras.cmake
[7.836s] -- Installing: /home/hiro/rust_ws/install/stereo_msgs/share/stereo_msgs/cmake/ament_cmake_export_libraries-extras.cmake
[7.836s] -- Installing: /home/hiro/rust_ws/install/stereo_msgs/share/stereo_msgs/cmake/ament_cmake_export_targets-extras.cmake
[7.836s] -- Installing: /home/hiro/rust_ws/install/stereo_msgs/share/stereo_msgs/cmake/rosidl_cmake_export_typesupport_targets-extras.cmake
[7.837s] -- Installing: /home/hiro/rust_ws/install/stereo_msgs/share/stereo_msgs/cmake/rosidl_cmake_export_typesupport_libraries-extras.cmake
[7.837s] -- Installing: /home/hiro/rust_ws/install/stereo_msgs/share/stereo_msgs/cmake/stereo_msgsConfig.cmake
[7.837s] -- Installing: /home/hiro/rust_ws/install/stereo_msgs/share/stereo_msgs/cmake/stereo_msgsConfig-version.cmake
[7.837s] -- Installing: /home/hiro/rust_ws/install/stereo_msgs/share/stereo_msgs/package.xml
[7.839s] Invoked command in '/home/hiro/rust_ws/build/stereo_msgs' returned '0': AMENT_PREFIX_PATH=/home/hiro/rust_ws/install/rosidl_runtime_rs:/home/hiro/rust_ws/install/common_interfaces:/home/hiro/rust_ws/install/visualization_msgs:/home/hiro/rust_ws/install/test_msgs:/home/hiro/rust_ws/install/examples_rclrs_minimal_client_service:/home/hiro/rust_ws/install/example_interfaces:/home/hiro/rust_ws/install/action_msgs:/home/hiro/rust_ws/install/unique_identifier_msgs:/home/hiro/rust_ws/install/trajectory_msgs:/home/hiro/rust_ws/install/test_interface_files:/home/hiro/rust_ws/install/stereo_msgs:/home/hiro/rust_ws/install/std_srvs:/home/hiro/rust_ws/install/shape_msgs:/home/hiro/rust_ws/install/sensor_msgs_py:/home/hiro/rust_ws/install/sensor_msgs:/home/hiro/rust_ws/install/rust_pubsub:/home/hiro/rust_ws/install/nav_msgs:/home/hiro/rust_ws/install/diagnostic_msgs:/home/hiro/rust_ws/install/geometry_msgs:/home/hiro/rust_ws/install/examples_rclrs_minimal_pub_sub:/home/hiro/rust_ws/install/actionlib_msgs:/home/hiro/rust_ws/install/std_msgs:/home/hiro/rust_ws/install/statistics_msgs:/home/hiro/rust_ws/install/examples_rclrs_message_demo:/home/hiro/rust_ws/install/rclrs:/home/hiro/rust_ws/install/rosgraph_msgs:/home/hiro/rust_ws/install/rclrs_example_msgs:/home/hiro/rust_ws/install/composition_interfaces:/home/hiro/rust_ws/install/rcl_interfaces:/home/hiro/rust_ws/install/lifecycle_msgs:/home/hiro/rust_ws/install/builtin_interfaces:/home/hiro/rust_ws/install/rosidl_default_runtime:/home/hiro/rust_ws/install/rosidl_default_generators:/home/hiro/rust_ws/install/rosidl_generator_rs:/home/hiro/ws_livox/install/livox_ros_driver2:/opt/ros/humble CMAKE_PREFIX_PATH=/home/hiro/rust_ws/install/sensor_msgs:/home/hiro/rust_ws/install/geometry_msgs:/home/hiro/rust_ws/install/std_msgs:/home/hiro/rust_ws/install/builtin_interfaces:/home/hiro/rust_ws/install/rosidl_default_runtime:/home/hiro/rust_ws/install/rosidl_default_generators:/home/hiro/rust_ws/install/rosidl_generator_rs:/home/hiro/rust_ws/install/common_interfaces:/home/hiro/rust_ws/install/visualization_msgs:/home/hiro/rust_ws/install/test_msgs:/home/hiro/rust_ws/install/example_interfaces:/home/hiro/rust_ws/install/action_msgs:/home/hiro/rust_ws/install/unique_identifier_msgs:/home/hiro/rust_ws/install/trajectory_msgs:/home/hiro/rust_ws/install/test_interface_files:/home/hiro/rust_ws/install/stereo_msgs:/home/hiro/rust_ws/install/std_srvs:/home/hiro/rust_ws/install/shape_msgs:/home/hiro/rust_ws/install/nav_msgs:/home/hiro/rust_ws/install/diagnostic_msgs:/home/hiro/rust_ws/install/actionlib_msgs:/home/hiro/rust_ws/install/statistics_msgs:/home/hiro/rust_ws/install/rosgraph_msgs:/home/hiro/rust_ws/install/rclrs_example_msgs:/home/hiro/rust_ws/install/composition_interfaces:/home/hiro/rust_ws/install/rcl_interfaces:/home/hiro/rust_ws/install/lifecycle_msgs:/home/hiro/ws_livox/install/livox_ros_driver2:/home/hiro/rust_ws/install/examples_rclrs_minimal_client_service:/home/hiro/rust_ws/install/sensor_msgs_py:/home/hiro/rust_ws/install/rust_pubsub:/home/hiro/rust_ws/install/examples_rclrs_minimal_pub_sub:/home/hiro/rust_ws/install/examples_rclrs_message_demo:/home/hiro/rust_ws/install/rclrs:/home/hiro/rust_ws/install/rosidl_runtime_rs:/opt/ros/humble LD_LIBRARY_PATH=/home/hiro/rust_ws/install/sensor_msgs/lib:/home/hiro/rust_ws/install/geometry_msgs/lib:/home/hiro/rust_ws/install/std_msgs/lib:/home/hiro/rust_ws/install/builtin_interfaces/lib:/home/hiro/rust_ws/install/visualization_msgs/lib:/home/hiro/rust_ws/install/test_msgs/lib:/home/hiro/rust_ws/install/example_interfaces/lib:/home/hiro/rust_ws/install/action_msgs/lib:/home/hiro/rust_ws/install/unique_identifier_msgs/lib:/home/hiro/rust_ws/install/trajectory_msgs/lib:/home/hiro/rust_ws/install/stereo_msgs/lib:/home/hiro/rust_ws/install/std_srvs/lib:/home/hiro/rust_ws/install/shape_msgs/lib:/home/hiro/rust_ws/install/nav_msgs/lib:/home/hiro/rust_ws/install/diagnostic_msgs/lib:/home/hiro/rust_ws/install/actionlib_msgs/lib:/home/hiro/rust_ws/install/statistics_msgs/lib:/home/hiro/rust_ws/install/rosgraph_msgs/lib:/home/hiro/rust_ws/install/rclrs_example_msgs/lib:/home/hiro/rust_ws/install/composition_interfaces/lib:/home/hiro/rust_ws/install/rcl_interfaces/lib:/home/hiro/rust_ws/install/lifecycle_msgs/lib:/home/hiro/ws_livox/install/livox_ros_driver2/lib:/opt/ros/humble/opt/rviz_ogre_vendor/lib:/opt/ros/humble/lib/x86_64-linux-gnu:/opt/ros/humble/lib /usr/bin/cmake --install /home/hiro/rust_ws/build/stereo_msgs
