[0.146s] Invoking command in '/home/hiro/rust_ws/build/unique_identifier_msgs': AMENT_PREFIX_PATH=/home/hiro/rust_ws/install/rosidl_default_runtime:/home/hiro/rust_ws/install/rosidl_default_generators:/home/hiro/rust_ws/install/rosidl_generator_rs:/home/hiro/rust_ws/install/rosidl_runtime_rs:${AMENT_PREFIX_PATH} CMAKE_PREFIX_PATH=/home/hiro/rust_ws/install/rosidl_default_runtime:/home/hiro/rust_ws/install/rosidl_default_generators:/home/hiro/rust_ws/install/rosidl_generator_rs:/home/hiro/ws_livox/install/livox_ros_driver2:/opt/ros/humble PYTHONPATH=/home/hiro/rust_ws/install/rosidl_generator_rs/local/lib/python3.10/dist-packages:${PYTHONPATH} /usr/bin/cmake /home/hiro/rust_ws/src/src/ros2/unique_identifier_msgs -DCMAKE_INSTALL_PREFIX=/home/hiro/rust_ws/install/unique_identifier_msgs
[0.244s] -- The C compiler identification is GNU 11.4.0
[0.665s] -- The CXX compiler identification is GNU 11.4.0
[1.065s] -- Detecting C compiler ABI info
[1.194s] -- Detecting C compiler ABI info - done
[1.202s] -- Check for working C compiler: /usr/bin/cc - skipped
[1.202s] -- Detecting C compile features
[1.202s] -- Detecting C compile features - done
[1.205s] -- Detecting CXX compiler ABI info
[1.317s] -- Detecting CXX compiler ABI info - done
[1.322s] -- Check for working CXX compiler: /usr/bin/c++ - skipped
[1.322s] -- Detecting CXX compile features
[1.323s] -- Detecting CXX compile features - done
[1.324s] -- Found ament_cmake: 1.3.10 (/opt/ros/humble/share/ament_cmake/cmake)
[1.825s] -- Found Python3: /usr/bin/python3 (found version "3.10.12") found components: Interpreter 
[1.895s] -- Found rosidl_default_generators: 1.2.0 (/home/hiro/rust_ws/install/rosidl_default_generators/share/rosidl_default_generators/cmake)
[1.896s] -- Using all available rosidl_typesupport_c: rosidl_typesupport_fastrtps_c;rosidl_typesupport_introspection_c
[1.900s] -- Found rosidl_adapter: 3.1.5 (/opt/ros/humble/share/rosidl_adapter/cmake)
[2.012s] -- Using all available rosidl_typesupport_cpp: rosidl_typesupport_fastrtps_cpp;rosidl_typesupport_introspection_cpp
[2.230s] -- Found ament_cmake_ros: 0.10.0 (/opt/ros/humble/share/ament_cmake_ros/cmake)
[2.374s] -- Using all available rosidl_typesupport_c: rosidl_typesupport_fastrtps_c;rosidl_typesupport_introspection_c
[2.550s] -- Using all available rosidl_typesupport_cpp: rosidl_typesupport_fastrtps_cpp;rosidl_typesupport_introspection_cpp
[2.692s] -- Found PythonInterp: /usr/bin/python3 (found suitable version "3.10.12", minimum required is "3.6") 
[2.693s] -- Found python_cmake_module: 0.10.0 (/opt/ros/humble/share/python_cmake_module/cmake)
[2.914s] -- Found PythonLibs: /usr/lib/x86_64-linux-gnu/libpython3.10.so (found suitable version "3.10.12", minimum required is "3.5") 
[2.914s] -- Using PYTHON_EXECUTABLE: /usr/bin/python3
[2.914s] -- Using PYTHON_INCLUDE_DIRS: /usr/include/python3.10
[2.914s] -- Using PYTHON_LIBRARIES: /usr/lib/x86_64-linux-gnu/libpython3.10.so
[2.929s] -- Found PythonExtra: .so  
[2.991s] -- Found ament_lint_auto: 0.12.11 (/opt/ros/humble/share/ament_lint_auto/cmake)
[3.004s] -- Added test 'copyright' to check source files copyright and LICENSE
[3.007s] -- Added test 'lint_cmake' to check CMake code style
[3.008s] -- Added test 'xmllint' to check XML markup files
[3.010s] -- Configuring done
[3.032s] -- Generating done
[3.034s] -- Build files have been written to: /home/hiro/rust_ws/build/unique_identifier_msgs
[3.044s] Invoked command in '/home/hiro/rust_ws/build/unique_identifier_msgs' returned '0': AMENT_PREFIX_PATH=/home/hiro/rust_ws/install/rosidl_default_runtime:/home/hiro/rust_ws/install/rosidl_default_generators:/home/hiro/rust_ws/install/rosidl_generator_rs:/home/hiro/rust_ws/install/rosidl_runtime_rs:${AMENT_PREFIX_PATH} CMAKE_PREFIX_PATH=/home/hiro/rust_ws/install/rosidl_default_runtime:/home/hiro/rust_ws/install/rosidl_default_generators:/home/hiro/rust_ws/install/rosidl_generator_rs:/home/hiro/ws_livox/install/livox_ros_driver2:/opt/ros/humble PYTHONPATH=/home/hiro/rust_ws/install/rosidl_generator_rs/local/lib/python3.10/dist-packages:${PYTHONPATH} /usr/bin/cmake /home/hiro/rust_ws/src/src/ros2/unique_identifier_msgs -DCMAKE_INSTALL_PREFIX=/home/hiro/rust_ws/install/unique_identifier_msgs
[3.045s] Invoking command in '/home/hiro/rust_ws/build/unique_identifier_msgs': AMENT_PREFIX_PATH=/home/hiro/rust_ws/install/rosidl_default_runtime:/home/hiro/rust_ws/install/rosidl_default_generators:/home/hiro/rust_ws/install/rosidl_generator_rs:/home/hiro/rust_ws/install/rosidl_runtime_rs:${AMENT_PREFIX_PATH} CMAKE_PREFIX_PATH=/home/hiro/rust_ws/install/rosidl_default_runtime:/home/hiro/rust_ws/install/rosidl_default_generators:/home/hiro/rust_ws/install/rosidl_generator_rs:/home/hiro/ws_livox/install/livox_ros_driver2:/opt/ros/humble PYTHONPATH=/home/hiro/rust_ws/install/rosidl_generator_rs/local/lib/python3.10/dist-packages:${PYTHONPATH} /usr/bin/cmake --build /home/hiro/rust_ws/build/unique_identifier_msgs -- -j22 -l22
[3.073s] [  3%] [34m[1mGenerating C code for ROS interfaces[0m
[3.081s] [  6%] [34m[1mGenerating C++ code for ROS interfaces[0m
[3.084s] [  9%] [34m[1mGenerating Rust code for ROS interfaces[0m
[3.090s] [  9%] Built target ament_cmake_python_copy_unique_identifier_msgs
[3.408s] [  9%] Built target unique_identifier_msgs__cpp
[3.409s] [  9%] Built target unique_identifier_msgs__rs
[3.423s] [ 12%] [34m[1mGenerating C++ introspection for ROS interfaces[0m
[3.426s] [ 15%] [34m[1mGenerating C++ type support dispatch for ROS interfaces[0m
[3.429s] [ 18%] [34m[1mGenerating C++ type support for eProsima Fast-RTPS[0m
[3.449s] [ 21%] [32mBuilding C object CMakeFiles/unique_identifier_msgs__rosidl_generator_c.dir/rosidl_generator_c/unique_identifier_msgs/msg/detail/uuid__functions.c.o[0m
[3.506s] running egg_info
[3.506s] [ 25%] [32m[1mLinking C shared library libunique_identifier_msgs__rosidl_generator_c.so[0m
[3.507s] creating unique_identifier_msgs.egg-info
[3.525s] writing unique_identifier_msgs.egg-info/PKG-INFO
[3.526s] writing dependency_links to unique_identifier_msgs.egg-info/dependency_links.txt
[3.526s] writing top-level names to unique_identifier_msgs.egg-info/top_level.txt
[3.526s] writing manifest file 'unique_identifier_msgs.egg-info/SOURCES.txt'
[3.581s] reading manifest file 'unique_identifier_msgs.egg-info/SOURCES.txt'
[3.582s] writing manifest file 'unique_identifier_msgs.egg-info/SOURCES.txt'
[3.650s] [ 25%] Built target unique_identifier_msgs__rosidl_generator_c
[3.662s] [ 28%] [34m[1mGenerating C type support for eProsima Fast-RTPS[0m
[3.666s] [ 28%] Built target ament_cmake_python_build_unique_identifier_msgs_egg
[3.668s] [ 31%] [34m[1mGenerating C type support dispatch for ROS interfaces[0m
[3.700s] [ 34%] [34m[1mGenerating C introspection for ROS interfaces[0m
[3.778s] [ 37%] [32mBuilding CXX object CMakeFiles/unique_identifier_msgs__rosidl_typesupport_introspection_cpp.dir/rosidl_typesupport_introspection_cpp/unique_identifier_msgs/msg/detail/uuid__type_support.cpp.o[0m
[3.809s] [ 40%] [32mBuilding CXX object CMakeFiles/unique_identifier_msgs__rosidl_typesupport_cpp.dir/rosidl_typesupport_cpp/unique_identifier_msgs/msg/uuid__type_support.cpp.o[0m
[3.859s] [ 43%] [32mBuilding CXX object CMakeFiles/unique_identifier_msgs__rosidl_typesupport_fastrtps_cpp.dir/rosidl_typesupport_fastrtps_cpp/unique_identifier_msgs/msg/detail/dds_fastrtps/uuid__type_support.cpp.o[0m
[4.004s] [ 46%] [32mBuilding CXX object CMakeFiles/unique_identifier_msgs__rosidl_typesupport_c.dir/rosidl_typesupport_c/unique_identifier_msgs/msg/uuid__type_support.cpp.o[0m
[4.035s] [ 50%] [32m[1mLinking CXX shared library libunique_identifier_msgs__rosidl_typesupport_c.so[0m
[4.052s] [ 53%] [32mBuilding CXX object CMakeFiles/unique_identifier_msgs__rosidl_typesupport_fastrtps_c.dir/rosidl_typesupport_fastrtps_c/unique_identifier_msgs/msg/detail/uuid__type_support_c.cpp.o[0m
[4.130s] [ 56%] [32mBuilding C object CMakeFiles/unique_identifier_msgs__rosidl_typesupport_introspection_c.dir/rosidl_typesupport_introspection_c/unique_identifier_msgs/msg/detail/uuid__type_support.c.o[0m
[4.192s] [ 56%] Built target unique_identifier_msgs__rosidl_typesupport_c
[4.202s] [ 59%] [32m[1mLinking C shared library libunique_identifier_msgs__rosidl_typesupport_introspection_c.so[0m
[4.219s] [ 62%] [32m[1mLinking CXX shared library libunique_identifier_msgs__rosidl_typesupport_cpp.so[0m
[4.336s] [ 65%] [32m[1mLinking CXX shared library libunique_identifier_msgs__rosidl_typesupport_introspection_cpp.so[0m
[4.400s] [ 65%] Built target unique_identifier_msgs__rosidl_typesupport_introspection_c
[4.426s] [ 68%] [32m[1mLinking CXX shared library libunique_identifier_msgs__rosidl_typesupport_fastrtps_cpp.so[0m
[4.431s] [ 68%] Built target unique_identifier_msgs__rosidl_typesupport_cpp
[4.553s] [ 71%] [32m[1mLinking CXX shared library libunique_identifier_msgs__rosidl_typesupport_fastrtps_c.so[0m
[4.609s] [ 71%] Built target unique_identifier_msgs__rosidl_typesupport_introspection_cpp
[4.661s] [ 71%] Built target unique_identifier_msgs__rosidl_typesupport_fastrtps_cpp
[4.816s] [ 71%] Built target unique_identifier_msgs__rosidl_typesupport_fastrtps_c
[4.854s] [ 71%] Built target unique_identifier_msgs
[4.887s] [ 75%] [34m[1mGenerating Python code for ROS interfaces[0m
[5.351s] [ 75%] Built target unique_identifier_msgs__py
[5.370s] [ 78%] [32mBuilding C object CMakeFiles/unique_identifier_msgs__rosidl_generator_py.dir/rosidl_generator_py/unique_identifier_msgs/msg/_uuid_s.c.o[0m
[5.487s] [ 81%] [32m[1mLinking C shared library rosidl_generator_py/unique_identifier_msgs/libunique_identifier_msgs__rosidl_generator_py.so[0m
[5.569s] [ 81%] Built target unique_identifier_msgs__rosidl_generator_py
[5.587s] [ 84%] [32mBuilding C object CMakeFiles/unique_identifier_msgs__rosidl_typesupport_fastrtps_c__pyext.dir/rosidl_generator_py/unique_identifier_msgs/_unique_identifier_msgs_s.ep.rosidl_typesupport_fastrtps_c.c.o[0m
[5.587s] [ 87%] [32mBuilding C object CMakeFiles/unique_identifier_msgs__rosidl_typesupport_introspection_c__pyext.dir/rosidl_generator_py/unique_identifier_msgs/_unique_identifier_msgs_s.ep.rosidl_typesupport_introspection_c.c.o[0m
[5.588s] [ 90%] [32mBuilding C object CMakeFiles/unique_identifier_msgs__rosidl_typesupport_c__pyext.dir/rosidl_generator_py/unique_identifier_msgs/_unique_identifier_msgs_s.ep.rosidl_typesupport_c.c.o[0m
[5.668s] [ 93%] [32m[1mLinking C shared library rosidl_generator_py/unique_identifier_msgs/unique_identifier_msgs_s__rosidl_typesupport_c.cpython-310-x86_64-linux-gnu.so[0m
[5.668s] [ 96%] [32m[1mLinking C shared library rosidl_generator_py/unique_identifier_msgs/unique_identifier_msgs_s__rosidl_typesupport_introspection_c.cpython-310-x86_64-linux-gnu.so[0m
[5.675s] [100%] [32m[1mLinking C shared library rosidl_generator_py/unique_identifier_msgs/unique_identifier_msgs_s__rosidl_typesupport_fastrtps_c.cpython-310-x86_64-linux-gnu.so[0m
[5.739s] [100%] Built target unique_identifier_msgs__rosidl_typesupport_introspection_c__pyext
[5.743s] [100%] Built target unique_identifier_msgs__rosidl_typesupport_c__pyext
[5.767s] [100%] Built target unique_identifier_msgs__rosidl_typesupport_fastrtps_c__pyext
[5.780s] Invoked command in '/home/hiro/rust_ws/build/unique_identifier_msgs' returned '0': AMENT_PREFIX_PATH=/home/hiro/rust_ws/install/rosidl_default_runtime:/home/hiro/rust_ws/install/rosidl_default_generators:/home/hiro/rust_ws/install/rosidl_generator_rs:/home/hiro/rust_ws/install/rosidl_runtime_rs:${AMENT_PREFIX_PATH} CMAKE_PREFIX_PATH=/home/hiro/rust_ws/install/rosidl_default_runtime:/home/hiro/rust_ws/install/rosidl_default_generators:/home/hiro/rust_ws/install/rosidl_generator_rs:/home/hiro/ws_livox/install/livox_ros_driver2:/opt/ros/humble PYTHONPATH=/home/hiro/rust_ws/install/rosidl_generator_rs/local/lib/python3.10/dist-packages:${PYTHONPATH} /usr/bin/cmake --build /home/hiro/rust_ws/build/unique_identifier_msgs -- -j22 -l22
[5.832s] Invoking command in '/home/hiro/rust_ws/build/unique_identifier_msgs': AMENT_PREFIX_PATH=/home/hiro/rust_ws/install/rosidl_default_runtime:/home/hiro/rust_ws/install/rosidl_default_generators:/home/hiro/rust_ws/install/rosidl_generator_rs:/home/hiro/rust_ws/install/rosidl_runtime_rs:${AMENT_PREFIX_PATH} CMAKE_PREFIX_PATH=/home/hiro/rust_ws/install/rosidl_default_runtime:/home/hiro/rust_ws/install/rosidl_default_generators:/home/hiro/rust_ws/install/rosidl_generator_rs:/home/hiro/ws_livox/install/livox_ros_driver2:/opt/ros/humble PYTHONPATH=/home/hiro/rust_ws/install/rosidl_generator_rs/local/lib/python3.10/dist-packages:${PYTHONPATH} /usr/bin/cmake --install /home/hiro/rust_ws/build/unique_identifier_msgs
[5.839s] -- Install configuration: ""
[5.840s] -- Installing: /home/hiro/rust_ws/install/unique_identifier_msgs/share/ament_index/resource_index/rosidl_interfaces/unique_identifier_msgs
[5.840s] -- Installing: /home/hiro/rust_ws/install/unique_identifier_msgs/include/unique_identifier_msgs/unique_identifier_msgs
[5.841s] -- Installing: /home/hiro/rust_ws/install/unique_identifier_msgs/include/unique_identifier_msgs/unique_identifier_msgs/msg
[5.841s] -- Installing: /home/hiro/rust_ws/install/unique_identifier_msgs/include/unique_identifier_msgs/unique_identifier_msgs/msg/rosidl_generator_c__visibility_control.h
[5.841s] -- Installing: /home/hiro/rust_ws/install/unique_identifier_msgs/include/unique_identifier_msgs/unique_identifier_msgs/msg/detail
[5.841s] -- Installing: /home/hiro/rust_ws/install/unique_identifier_msgs/include/unique_identifier_msgs/unique_identifier_msgs/msg/detail/uuid__struct.h
[5.842s] -- Installing: /home/hiro/rust_ws/install/unique_identifier_msgs/include/unique_identifier_msgs/unique_identifier_msgs/msg/detail/uuid__functions.h
[5.842s] -- Installing: /home/hiro/rust_ws/install/unique_identifier_msgs/include/unique_identifier_msgs/unique_identifier_msgs/msg/detail/uuid__functions.c
[5.842s] -- Installing: /home/hiro/rust_ws/install/unique_identifier_msgs/include/unique_identifier_msgs/unique_identifier_msgs/msg/detail/uuid__type_support.h
[5.842s] -- Installing: /home/hiro/rust_ws/install/unique_identifier_msgs/include/unique_identifier_msgs/unique_identifier_msgs/msg/uuid.h
[5.842s] -- Installing: /home/hiro/rust_ws/install/unique_identifier_msgs/share/unique_identifier_msgs/environment/library_path.sh
[5.842s] -- Installing: /home/hiro/rust_ws/install/unique_identifier_msgs/share/unique_identifier_msgs/environment/library_path.dsv
[5.842s] -- Installing: /home/hiro/rust_ws/install/unique_identifier_msgs/lib/libunique_identifier_msgs__rosidl_generator_c.so
[5.843s] -- Set runtime path of "/home/hiro/rust_ws/install/unique_identifier_msgs/lib/libunique_identifier_msgs__rosidl_generator_c.so" to ""
[5.843s] -- Up-to-date: /home/hiro/rust_ws/install/unique_identifier_msgs/include/unique_identifier_msgs/unique_identifier_msgs
[5.843s] -- Up-to-date: /home/hiro/rust_ws/install/unique_identifier_msgs/include/unique_identifier_msgs/unique_identifier_msgs/msg
[5.843s] -- Up-to-date: /home/hiro/rust_ws/install/unique_identifier_msgs/include/unique_identifier_msgs/unique_identifier_msgs/msg/detail
[5.844s] -- Installing: /home/hiro/rust_ws/install/unique_identifier_msgs/include/unique_identifier_msgs/unique_identifier_msgs/msg/detail/uuid__rosidl_typesupport_fastrtps_c.h
[5.844s] -- Installing: /home/hiro/rust_ws/install/unique_identifier_msgs/include/unique_identifier_msgs/unique_identifier_msgs/msg/rosidl_typesupport_fastrtps_c__visibility_control.h
[5.844s] -- Installing: /home/hiro/rust_ws/install/unique_identifier_msgs/lib/libunique_identifier_msgs__rosidl_typesupport_fastrtps_c.so
[5.844s] -- Set runtime path of "/home/hiro/rust_ws/install/unique_identifier_msgs/lib/libunique_identifier_msgs__rosidl_typesupport_fastrtps_c.so" to ""
[5.844s] -- Up-to-date: /home/hiro/rust_ws/install/unique_identifier_msgs/include/unique_identifier_msgs/unique_identifier_msgs
[5.844s] -- Up-to-date: /home/hiro/rust_ws/install/unique_identifier_msgs/include/unique_identifier_msgs/unique_identifier_msgs/msg
[5.844s] -- Installing: /home/hiro/rust_ws/install/unique_identifier_msgs/include/unique_identifier_msgs/unique_identifier_msgs/msg/rosidl_typesupport_introspection_c__visibility_control.h
[5.845s] -- Up-to-date: /home/hiro/rust_ws/install/unique_identifier_msgs/include/unique_identifier_msgs/unique_identifier_msgs/msg/detail
[5.845s] -- Installing: /home/hiro/rust_ws/install/unique_identifier_msgs/include/unique_identifier_msgs/unique_identifier_msgs/msg/detail/uuid__rosidl_typesupport_introspection_c.h
[5.845s] -- Installing: /home/hiro/rust_ws/install/unique_identifier_msgs/include/unique_identifier_msgs/unique_identifier_msgs/msg/detail/uuid__type_support.c
[5.845s] -- Installing: /home/hiro/rust_ws/install/unique_identifier_msgs/lib/libunique_identifier_msgs__rosidl_typesupport_introspection_c.so
[5.845s] -- Set runtime path of "/home/hiro/rust_ws/install/unique_identifier_msgs/lib/libunique_identifier_msgs__rosidl_typesupport_introspection_c.so" to ""
[5.845s] -- Installing: /home/hiro/rust_ws/install/unique_identifier_msgs/lib/libunique_identifier_msgs__rosidl_typesupport_c.so
[5.846s] -- Set runtime path of "/home/hiro/rust_ws/install/unique_identifier_msgs/lib/libunique_identifier_msgs__rosidl_typesupport_c.so" to ""
[5.846s] -- Up-to-date: /home/hiro/rust_ws/install/unique_identifier_msgs/include/unique_identifier_msgs/unique_identifier_msgs
[5.846s] -- Up-to-date: /home/hiro/rust_ws/install/unique_identifier_msgs/include/unique_identifier_msgs/unique_identifier_msgs/msg
[5.846s] -- Installing: /home/hiro/rust_ws/install/unique_identifier_msgs/include/unique_identifier_msgs/unique_identifier_msgs/msg/uuid.hpp
[5.847s] -- Up-to-date: /home/hiro/rust_ws/install/unique_identifier_msgs/include/unique_identifier_msgs/unique_identifier_msgs/msg/detail
[5.847s] -- Installing: /home/hiro/rust_ws/install/unique_identifier_msgs/include/unique_identifier_msgs/unique_identifier_msgs/msg/detail/uuid__traits.hpp
[5.847s] -- Installing: /home/hiro/rust_ws/install/unique_identifier_msgs/include/unique_identifier_msgs/unique_identifier_msgs/msg/detail/uuid__builder.hpp
[5.847s] -- Installing: /home/hiro/rust_ws/install/unique_identifier_msgs/include/unique_identifier_msgs/unique_identifier_msgs/msg/detail/uuid__struct.hpp
[5.847s] -- Up-to-date: /home/hiro/rust_ws/install/unique_identifier_msgs/include/unique_identifier_msgs/unique_identifier_msgs
[5.847s] -- Up-to-date: /home/hiro/rust_ws/install/unique_identifier_msgs/include/unique_identifier_msgs/unique_identifier_msgs/msg
[5.847s] -- Installing: /home/hiro/rust_ws/install/unique_identifier_msgs/include/unique_identifier_msgs/unique_identifier_msgs/msg/rosidl_typesupport_fastrtps_cpp__visibility_control.h
[5.847s] -- Up-to-date: /home/hiro/rust_ws/install/unique_identifier_msgs/include/unique_identifier_msgs/unique_identifier_msgs/msg/detail
[5.848s] -- Installing: /home/hiro/rust_ws/install/unique_identifier_msgs/include/unique_identifier_msgs/unique_identifier_msgs/msg/detail/dds_fastrtps
[5.848s] -- Installing: /home/hiro/rust_ws/install/unique_identifier_msgs/include/unique_identifier_msgs/unique_identifier_msgs/msg/detail/uuid__rosidl_typesupport_fastrtps_cpp.hpp
[5.848s] -- Installing: /home/hiro/rust_ws/install/unique_identifier_msgs/lib/libunique_identifier_msgs__rosidl_typesupport_fastrtps_cpp.so
[5.848s] -- Set runtime path of "/home/hiro/rust_ws/install/unique_identifier_msgs/lib/libunique_identifier_msgs__rosidl_typesupport_fastrtps_cpp.so" to ""
[5.848s] -- Up-to-date: /home/hiro/rust_ws/install/unique_identifier_msgs/include/unique_identifier_msgs/unique_identifier_msgs
[5.849s] -- Up-to-date: /home/hiro/rust_ws/install/unique_identifier_msgs/include/unique_identifier_msgs/unique_identifier_msgs/msg
[5.849s] -- Up-to-date: /home/hiro/rust_ws/install/unique_identifier_msgs/include/unique_identifier_msgs/unique_identifier_msgs/msg/detail
[5.849s] -- Installing: /home/hiro/rust_ws/install/unique_identifier_msgs/include/unique_identifier_msgs/unique_identifier_msgs/msg/detail/uuid__rosidl_typesupport_introspection_cpp.hpp
[5.849s] -- Installing: /home/hiro/rust_ws/install/unique_identifier_msgs/include/unique_identifier_msgs/unique_identifier_msgs/msg/detail/uuid__type_support.cpp
[5.849s] -- Installing: /home/hiro/rust_ws/install/unique_identifier_msgs/lib/libunique_identifier_msgs__rosidl_typesupport_introspection_cpp.so
[5.849s] -- Set runtime path of "/home/hiro/rust_ws/install/unique_identifier_msgs/lib/libunique_identifier_msgs__rosidl_typesupport_introspection_cpp.so" to ""
[5.849s] -- Installing: /home/hiro/rust_ws/install/unique_identifier_msgs/lib/libunique_identifier_msgs__rosidl_typesupport_cpp.so
[5.849s] -- Set runtime path of "/home/hiro/rust_ws/install/unique_identifier_msgs/lib/libunique_identifier_msgs__rosidl_typesupport_cpp.so" to ""
[5.849s] -- Installing: /home/hiro/rust_ws/install/unique_identifier_msgs/share/ament_index/resource_index/rust_packages/unique_identifier_msgs
[5.849s] -- Installing: /home/hiro/rust_ws/install/unique_identifier_msgs/share/unique_identifier_msgs/rust
[5.850s] -- Installing: /home/hiro/rust_ws/install/unique_identifier_msgs/share/unique_identifier_msgs/rust/Cargo.toml
[5.850s] -- Installing: /home/hiro/rust_ws/install/unique_identifier_msgs/share/unique_identifier_msgs/rust/build.rs
[5.850s] -- Installing: /home/hiro/rust_ws/install/unique_identifier_msgs/share/unique_identifier_msgs/rust/src
[5.850s] -- Installing: /home/hiro/rust_ws/install/unique_identifier_msgs/share/unique_identifier_msgs/rust/src/msg.rs
[5.850s] -- Installing: /home/hiro/rust_ws/install/unique_identifier_msgs/share/unique_identifier_msgs/rust/src/lib.rs
[5.850s] -- Installing: /home/hiro/rust_ws/install/unique_identifier_msgs/share/unique_identifier_msgs/environment/pythonpath.sh
[5.850s] -- Installing: /home/hiro/rust_ws/install/unique_identifier_msgs/share/unique_identifier_msgs/environment/pythonpath.dsv
[5.850s] -- Installing: /home/hiro/rust_ws/install/unique_identifier_msgs/local/lib/python3.10/dist-packages/unique_identifier_msgs-2.2.1-py3.10.egg-info
[5.851s] -- Installing: /home/hiro/rust_ws/install/unique_identifier_msgs/local/lib/python3.10/dist-packages/unique_identifier_msgs-2.2.1-py3.10.egg-info/top_level.txt
[5.851s] -- Installing: /home/hiro/rust_ws/install/unique_identifier_msgs/local/lib/python3.10/dist-packages/unique_identifier_msgs-2.2.1-py3.10.egg-info/PKG-INFO
[5.851s] -- Installing: /home/hiro/rust_ws/install/unique_identifier_msgs/local/lib/python3.10/dist-packages/unique_identifier_msgs-2.2.1-py3.10.egg-info/SOURCES.txt
[5.851s] -- Installing: /home/hiro/rust_ws/install/unique_identifier_msgs/local/lib/python3.10/dist-packages/unique_identifier_msgs-2.2.1-py3.10.egg-info/dependency_links.txt
[5.851s] -- Installing: /home/hiro/rust_ws/install/unique_identifier_msgs/local/lib/python3.10/dist-packages/unique_identifier_msgs
[5.851s] -- Installing: /home/hiro/rust_ws/install/unique_identifier_msgs/local/lib/python3.10/dist-packages/unique_identifier_msgs/unique_identifier_msgs_s__rosidl_typesupport_fastrtps_c.cpython-310-x86_64-linux-gnu.so
[5.851s] -- Installing: /home/hiro/rust_ws/install/unique_identifier_msgs/local/lib/python3.10/dist-packages/unique_identifier_msgs/_unique_identifier_msgs_s.ep.rosidl_typesupport_c.c
[5.851s] -- Installing: /home/hiro/rust_ws/install/unique_identifier_msgs/local/lib/python3.10/dist-packages/unique_identifier_msgs/_unique_identifier_msgs_s.ep.rosidl_typesupport_fastrtps_c.c
[5.852s] -- Installing: /home/hiro/rust_ws/install/unique_identifier_msgs/local/lib/python3.10/dist-packages/unique_identifier_msgs/__init__.py
[5.852s] -- Installing: /home/hiro/rust_ws/install/unique_identifier_msgs/local/lib/python3.10/dist-packages/unique_identifier_msgs/unique_identifier_msgs_s__rosidl_typesupport_introspection_c.cpython-310-x86_64-linux-gnu.so
[5.852s] -- Installing: /home/hiro/rust_ws/install/unique_identifier_msgs/local/lib/python3.10/dist-packages/unique_identifier_msgs/msg
[5.852s] -- Installing: /home/hiro/rust_ws/install/unique_identifier_msgs/local/lib/python3.10/dist-packages/unique_identifier_msgs/msg/__init__.py
[5.852s] -- Installing: /home/hiro/rust_ws/install/unique_identifier_msgs/local/lib/python3.10/dist-packages/unique_identifier_msgs/msg/_uuid.py
[5.852s] -- Installing: /home/hiro/rust_ws/install/unique_identifier_msgs/local/lib/python3.10/dist-packages/unique_identifier_msgs/msg/_uuid_s.c
[5.852s] -- Installing: /home/hiro/rust_ws/install/unique_identifier_msgs/local/lib/python3.10/dist-packages/unique_identifier_msgs/libunique_identifier_msgs__rosidl_generator_py.so
[5.852s] -- Installing: /home/hiro/rust_ws/install/unique_identifier_msgs/local/lib/python3.10/dist-packages/unique_identifier_msgs/_unique_identifier_msgs_s.ep.rosidl_typesupport_introspection_c.c
[5.852s] -- Installing: /home/hiro/rust_ws/install/unique_identifier_msgs/local/lib/python3.10/dist-packages/unique_identifier_msgs/unique_identifier_msgs_s__rosidl_typesupport_c.cpython-310-x86_64-linux-gnu.so
[5.885s] Listing '/home/hiro/rust_ws/install/unique_identifier_msgs/local/lib/python3.10/dist-packages/unique_identifier_msgs'...
[5.885s] Compiling '/home/hiro/rust_ws/install/unique_identifier_msgs/local/lib/python3.10/dist-packages/unique_identifier_msgs/__init__.py'...
[5.885s] Listing '/home/hiro/rust_ws/install/unique_identifier_msgs/local/lib/python3.10/dist-packages/unique_identifier_msgs/msg'...
[5.885s] Compiling '/home/hiro/rust_ws/install/unique_identifier_msgs/local/lib/python3.10/dist-packages/unique_identifier_msgs/msg/__init__.py'...
[5.885s] Compiling '/home/hiro/rust_ws/install/unique_identifier_msgs/local/lib/python3.10/dist-packages/unique_identifier_msgs/msg/_uuid.py'...
[5.891s] -- Installing: /home/hiro/rust_ws/install/unique_identifier_msgs/local/lib/python3.10/dist-packages/unique_identifier_msgs/unique_identifier_msgs_s__rosidl_typesupport_fastrtps_c.cpython-310-x86_64-linux-gnu.so
[5.899s] -- Set runtime path of "/home/hiro/rust_ws/install/unique_identifier_msgs/local/lib/python3.10/dist-packages/unique_identifier_msgs/unique_identifier_msgs_s__rosidl_typesupport_fastrtps_c.cpython-310-x86_64-linux-gnu.so" to ""
[5.899s] -- Installing: /home/hiro/rust_ws/install/unique_identifier_msgs/local/lib/python3.10/dist-packages/unique_identifier_msgs/unique_identifier_msgs_s__rosidl_typesupport_introspection_c.cpython-310-x86_64-linux-gnu.so
[5.900s] -- Set runtime path of "/home/hiro/rust_ws/install/unique_identifier_msgs/local/lib/python3.10/dist-packages/unique_identifier_msgs/unique_identifier_msgs_s__rosidl_typesupport_introspection_c.cpython-310-x86_64-linux-gnu.so" to ""
[5.900s] -- Installing: /home/hiro/rust_ws/install/unique_identifier_msgs/local/lib/python3.10/dist-packages/unique_identifier_msgs/unique_identifier_msgs_s__rosidl_typesupport_c.cpython-310-x86_64-linux-gnu.so
[5.900s] -- Set runtime path of "/home/hiro/rust_ws/install/unique_identifier_msgs/local/lib/python3.10/dist-packages/unique_identifier_msgs/unique_identifier_msgs_s__rosidl_typesupport_c.cpython-310-x86_64-linux-gnu.so" to ""
[5.900s] -- Installing: /home/hiro/rust_ws/install/unique_identifier_msgs/lib/libunique_identifier_msgs__rosidl_generator_py.so
[5.900s] -- Set runtime path of "/home/hiro/rust_ws/install/unique_identifier_msgs/lib/libunique_identifier_msgs__rosidl_generator_py.so" to ""
[5.900s] -- Installing: /home/hiro/rust_ws/install/unique_identifier_msgs/share/unique_identifier_msgs/msg/UUID.idl
[5.901s] -- Installing: /home/hiro/rust_ws/install/unique_identifier_msgs/share/unique_identifier_msgs/msg/UUID.msg
[5.901s] -- Installing: /home/hiro/rust_ws/install/unique_identifier_msgs/share/ament_index/resource_index/package_run_dependencies/unique_identifier_msgs
[5.901s] -- Installing: /home/hiro/rust_ws/install/unique_identifier_msgs/share/ament_index/resource_index/parent_prefix_path/unique_identifier_msgs
[5.901s] -- Installing: /home/hiro/rust_ws/install/unique_identifier_msgs/share/unique_identifier_msgs/environment/ament_prefix_path.sh
[5.901s] -- Installing: /home/hiro/rust_ws/install/unique_identifier_msgs/share/unique_identifier_msgs/environment/ament_prefix_path.dsv
[5.901s] -- Installing: /home/hiro/rust_ws/install/unique_identifier_msgs/share/unique_identifier_msgs/environment/path.sh
[5.901s] -- Installing: /home/hiro/rust_ws/install/unique_identifier_msgs/share/unique_identifier_msgs/environment/path.dsv
[5.902s] -- Installing: /home/hiro/rust_ws/install/unique_identifier_msgs/share/unique_identifier_msgs/local_setup.bash
[5.902s] -- Installing: /home/hiro/rust_ws/install/unique_identifier_msgs/share/unique_identifier_msgs/local_setup.sh
[5.902s] -- Installing: /home/hiro/rust_ws/install/unique_identifier_msgs/share/unique_identifier_msgs/local_setup.zsh
[5.902s] -- Installing: /home/hiro/rust_ws/install/unique_identifier_msgs/share/unique_identifier_msgs/local_setup.dsv
[5.902s] -- Installing: /home/hiro/rust_ws/install/unique_identifier_msgs/share/unique_identifier_msgs/package.dsv
[5.903s] -- Installing: /home/hiro/rust_ws/install/unique_identifier_msgs/share/ament_index/resource_index/packages/unique_identifier_msgs
[5.903s] -- Installing: /home/hiro/rust_ws/install/unique_identifier_msgs/share/unique_identifier_msgs/cmake/export_unique_identifier_msgs__rosidl_generator_cExport.cmake
[5.903s] -- Installing: /home/hiro/rust_ws/install/unique_identifier_msgs/share/unique_identifier_msgs/cmake/export_unique_identifier_msgs__rosidl_generator_cExport-noconfig.cmake
[5.903s] -- Installing: /home/hiro/rust_ws/install/unique_identifier_msgs/share/unique_identifier_msgs/cmake/export_unique_identifier_msgs__rosidl_typesupport_fastrtps_cExport.cmake
[5.903s] -- Installing: /home/hiro/rust_ws/install/unique_identifier_msgs/share/unique_identifier_msgs/cmake/export_unique_identifier_msgs__rosidl_typesupport_fastrtps_cExport-noconfig.cmake
[5.903s] -- Installing: /home/hiro/rust_ws/install/unique_identifier_msgs/share/unique_identifier_msgs/cmake/unique_identifier_msgs__rosidl_typesupport_introspection_cExport.cmake
[5.904s] -- Installing: /home/hiro/rust_ws/install/unique_identifier_msgs/share/unique_identifier_msgs/cmake/unique_identifier_msgs__rosidl_typesupport_introspection_cExport-noconfig.cmake
[5.904s] -- Installing: /home/hiro/rust_ws/install/unique_identifier_msgs/share/unique_identifier_msgs/cmake/unique_identifier_msgs__rosidl_typesupport_cExport.cmake
[5.904s] -- Installing: /home/hiro/rust_ws/install/unique_identifier_msgs/share/unique_identifier_msgs/cmake/unique_identifier_msgs__rosidl_typesupport_cExport-noconfig.cmake
[5.904s] -- Installing: /home/hiro/rust_ws/install/unique_identifier_msgs/share/unique_identifier_msgs/cmake/export_unique_identifier_msgs__rosidl_generator_cppExport.cmake
[5.905s] -- Installing: /home/hiro/rust_ws/install/unique_identifier_msgs/share/unique_identifier_msgs/cmake/export_unique_identifier_msgs__rosidl_typesupport_fastrtps_cppExport.cmake
[5.905s] -- Installing: /home/hiro/rust_ws/install/unique_identifier_msgs/share/unique_identifier_msgs/cmake/export_unique_identifier_msgs__rosidl_typesupport_fastrtps_cppExport-noconfig.cmake
[5.905s] -- Installing: /home/hiro/rust_ws/install/unique_identifier_msgs/share/unique_identifier_msgs/cmake/unique_identifier_msgs__rosidl_typesupport_introspection_cppExport.cmake
[5.905s] -- Installing: /home/hiro/rust_ws/install/unique_identifier_msgs/share/unique_identifier_msgs/cmake/unique_identifier_msgs__rosidl_typesupport_introspection_cppExport-noconfig.cmake
[5.905s] -- Installing: /home/hiro/rust_ws/install/unique_identifier_msgs/share/unique_identifier_msgs/cmake/unique_identifier_msgs__rosidl_typesupport_cppExport.cmake
[5.905s] -- Installing: /home/hiro/rust_ws/install/unique_identifier_msgs/share/unique_identifier_msgs/cmake/unique_identifier_msgs__rosidl_typesupport_cppExport-noconfig.cmake
[5.905s] -- Installing: /home/hiro/rust_ws/install/unique_identifier_msgs/share/unique_identifier_msgs/cmake/export_unique_identifier_msgs__rosidl_generator_pyExport.cmake
[5.906s] -- Installing: /home/hiro/rust_ws/install/unique_identifier_msgs/share/unique_identifier_msgs/cmake/export_unique_identifier_msgs__rosidl_generator_pyExport-noconfig.cmake
[5.906s] -- Installing: /home/hiro/rust_ws/install/unique_identifier_msgs/share/unique_identifier_msgs/cmake/rosidl_cmake-extras.cmake
[5.906s] -- Installing: /home/hiro/rust_ws/install/unique_identifier_msgs/share/unique_identifier_msgs/cmake/ament_cmake_export_include_directories-extras.cmake
[5.906s] -- Installing: /home/hiro/rust_ws/install/unique_identifier_msgs/share/unique_identifier_msgs/cmake/ament_cmake_export_libraries-extras.cmake
[5.906s] -- Installing: /home/hiro/rust_ws/install/unique_identifier_msgs/share/unique_identifier_msgs/cmake/ament_cmake_export_targets-extras.cmake
[5.907s] -- Installing: /home/hiro/rust_ws/install/unique_identifier_msgs/share/unique_identifier_msgs/cmake/rosidl_cmake_export_typesupport_targets-extras.cmake
[5.908s] -- Installing: /home/hiro/rust_ws/install/unique_identifier_msgs/share/unique_identifier_msgs/cmake/ament_cmake_export_dependencies-extras.cmake
[5.908s] -- Installing: /home/hiro/rust_ws/install/unique_identifier_msgs/share/unique_identifier_msgs/cmake/rosidl_cmake_export_typesupport_libraries-extras.cmake
[5.908s] -- Installing: /home/hiro/rust_ws/install/unique_identifier_msgs/share/unique_identifier_msgs/cmake/unique_identifier_msgsConfig.cmake
[5.908s] -- Installing: /home/hiro/rust_ws/install/unique_identifier_msgs/share/unique_identifier_msgs/cmake/unique_identifier_msgsConfig-version.cmake
[5.908s] -- Installing: /home/hiro/rust_ws/install/unique_identifier_msgs/share/unique_identifier_msgs/package.xml
[5.909s] -- Installing: /home/hiro/rust_ws/install/unique_identifier_msgs/share/unique_identifier_msgs/mapping_rules.yaml
[5.909s] Invoked command in '/home/hiro/rust_ws/build/unique_identifier_msgs' returned '0': AMENT_PREFIX_PATH=/home/hiro/rust_ws/install/rosidl_default_runtime:/home/hiro/rust_ws/install/rosidl_default_generators:/home/hiro/rust_ws/install/rosidl_generator_rs:/home/hiro/rust_ws/install/rosidl_runtime_rs:${AMENT_PREFIX_PATH} CMAKE_PREFIX_PATH=/home/hiro/rust_ws/install/rosidl_default_runtime:/home/hiro/rust_ws/install/rosidl_default_generators:/home/hiro/rust_ws/install/rosidl_generator_rs:/home/hiro/ws_livox/install/livox_ros_driver2:/opt/ros/humble PYTHONPATH=/home/hiro/rust_ws/install/rosidl_generator_rs/local/lib/python3.10/dist-packages:${PYTHONPATH} /usr/bin/cmake --install /home/hiro/rust_ws/build/unique_identifier_msgs
