[0.156s] Invoking command in '/home/hiro/rust_ws/src/build/lifecycle_msgs': AMENT_PREFIX_PATH=/home/hiro/rust_ws/src/install/rosidl_default_runtime:/home/hiro/rust_ws/src/install/rosidl_default_generators:/home/hiro/rust_ws/src/install/rosidl_generator_rs:/home/hiro/rust_ws/src/install/rosidl_runtime_rs:${AMENT_PREFIX_PATH} CMAKE_PREFIX_PATH=/home/hiro/rust_ws/src/install/rosidl_default_runtime:/home/hiro/rust_ws/src/install/rosidl_default_generators:/home/hiro/rust_ws/src/install/rosidl_generator_rs:/home/hiro/ws_livox/install/livox_ros_driver2:/opt/ros/humble PYTHONPATH=/home/hiro/rust_ws/src/install/rosidl_generator_rs/local/lib/python3.10/dist-packages:${PYTHONPATH} /usr/bin/cmake /home/hiro/rust_ws/src/src/ros2/rcl_interfaces/lifecycle_msgs -DCMAKE_INSTALL_PREFIX=/home/hiro/rust_ws/src/install/lifecycle_msgs
[0.288s] -- The C compiler identification is GNU 11.4.0
[0.679s] -- The CXX compiler identification is GNU 11.4.0
[1.092s] -- Detecting C compiler ABI info
[1.210s] -- Detecting C compiler ABI info - done
[1.214s] -- Check for working C compiler: /usr/bin/cc - skipped
[1.215s] -- Detecting C compile features
[1.215s] -- Detecting C compile features - done
[1.217s] -- Detecting CXX compiler ABI info
[1.342s] -- Detecting CXX compiler ABI info - done
[1.347s] -- Check for working CXX compiler: /usr/bin/c++ - skipped
[1.348s] -- Detecting CXX compile features
[1.348s] -- Detecting CXX compile features - done
[1.350s] -- Found ament_cmake: 1.3.10 (/opt/ros/humble/share/ament_cmake/cmake)
[1.820s] -- Found Python3: /usr/bin/python3 (found version "3.10.12") found components: Interpreter 
[1.878s] -- Found rosidl_default_generators: 1.2.0 (/home/hiro/rust_ws/src/install/rosidl_default_generators/share/rosidl_default_generators/cmake)
[1.880s] -- Using all available rosidl_typesupport_c: rosidl_typesupport_fastrtps_c;rosidl_typesupport_introspection_c
[1.883s] -- Found rosidl_adapter: 3.1.5 (/opt/ros/humble/share/rosidl_adapter/cmake)
[2.023s] -- Using all available rosidl_typesupport_cpp: rosidl_typesupport_fastrtps_cpp;rosidl_typesupport_introspection_cpp
[2.284s] -- Found ament_cmake_cppcheck: 0.12.11 (/opt/ros/humble/share/ament_cmake_cppcheck/cmake)
[2.286s] -- Found ament_cmake_cpplint: 0.12.11 (/opt/ros/humble/share/ament_cmake_cpplint/cmake)
[2.289s] -- Found ament_cmake_uncrustify: 0.12.11 (/opt/ros/humble/share/ament_cmake_uncrustify/cmake)
[2.291s] -- Found ament_cmake_ros: 0.10.0 (/opt/ros/humble/share/ament_cmake_ros/cmake)
[2.428s] -- Using all available rosidl_typesupport_c: rosidl_typesupport_fastrtps_c;rosidl_typesupport_introspection_c
[2.607s] -- Using all available rosidl_typesupport_cpp: rosidl_typesupport_fastrtps_cpp;rosidl_typesupport_introspection_cpp
[2.763s] -- Found PythonInterp: /usr/bin/python3 (found suitable version "3.10.12", minimum required is "3.6") 
[2.764s] -- Found python_cmake_module: 0.10.0 (/opt/ros/humble/share/python_cmake_module/cmake)
[3.151s] -- Found PythonLibs: /usr/lib/x86_64-linux-gnu/libpython3.10.so (found suitable version "3.10.12", minimum required is "3.5") 
[3.151s] -- Using PYTHON_EXECUTABLE: /usr/bin/python3
[3.151s] -- Using PYTHON_INCLUDE_DIRS: /usr/include/python3.10
[3.151s] -- Using PYTHON_LIBRARIES: /usr/lib/x86_64-linux-gnu/libpython3.10.so
[3.176s] -- Found PythonExtra: .so  
[3.275s] -- Found ament_cmake_flake8: 0.12.11 (/opt/ros/humble/share/ament_cmake_flake8/cmake)
[3.278s] -- Found ament_cmake_pep257: 0.12.11 (/opt/ros/humble/share/ament_cmake_pep257/cmake)
[3.283s] -- Found ament_lint_auto: 0.12.11 (/opt/ros/humble/share/ament_lint_auto/cmake)
[3.298s] -- Added test 'copyright' to check source files copyright and LICENSE
[3.299s] -- Added test 'lint_cmake' to check CMake code style
[3.299s] -- Added test 'xmllint' to check XML markup files
[3.303s] -- Configuring done
[3.361s] -- Generating done
[3.364s] -- Build files have been written to: /home/hiro/rust_ws/src/build/lifecycle_msgs
[3.375s] Invoked command in '/home/hiro/rust_ws/src/build/lifecycle_msgs' returned '0': AMENT_PREFIX_PATH=/home/hiro/rust_ws/src/install/rosidl_default_runtime:/home/hiro/rust_ws/src/install/rosidl_default_generators:/home/hiro/rust_ws/src/install/rosidl_generator_rs:/home/hiro/rust_ws/src/install/rosidl_runtime_rs:${AMENT_PREFIX_PATH} CMAKE_PREFIX_PATH=/home/hiro/rust_ws/src/install/rosidl_default_runtime:/home/hiro/rust_ws/src/install/rosidl_default_generators:/home/hiro/rust_ws/src/install/rosidl_generator_rs:/home/hiro/ws_livox/install/livox_ros_driver2:/opt/ros/humble PYTHONPATH=/home/hiro/rust_ws/src/install/rosidl_generator_rs/local/lib/python3.10/dist-packages:${PYTHONPATH} /usr/bin/cmake /home/hiro/rust_ws/src/src/ros2/rcl_interfaces/lifecycle_msgs -DCMAKE_INSTALL_PREFIX=/home/hiro/rust_ws/src/install/lifecycle_msgs
[3.375s] Invoking command in '/home/hiro/rust_ws/src/build/lifecycle_msgs': AMENT_PREFIX_PATH=/home/hiro/rust_ws/src/install/rosidl_default_runtime:/home/hiro/rust_ws/src/install/rosidl_default_generators:/home/hiro/rust_ws/src/install/rosidl_generator_rs:/home/hiro/rust_ws/src/install/rosidl_runtime_rs:${AMENT_PREFIX_PATH} CMAKE_PREFIX_PATH=/home/hiro/rust_ws/src/install/rosidl_default_runtime:/home/hiro/rust_ws/src/install/rosidl_default_generators:/home/hiro/rust_ws/src/install/rosidl_generator_rs:/home/hiro/ws_livox/install/livox_ros_driver2:/opt/ros/humble PYTHONPATH=/home/hiro/rust_ws/src/install/rosidl_generator_rs/local/lib/python3.10/dist-packages:${PYTHONPATH} /usr/bin/cmake --build /home/hiro/rust_ws/src/build/lifecycle_msgs -- -j22 -l22
[3.413s] [  1%] [34m[1mGenerating C code for ROS interfaces[0m
[3.423s] [  2%] [34m[1mGenerating Rust code for ROS interfaces[0m
[3.423s] [  3%] [34m[1mGenerating C++ code for ROS interfaces[0m
[3.430s] [  3%] Built target ament_cmake_python_copy_lifecycle_msgs
[3.913s] running egg_info
[3.914s] creating lifecycle_msgs.egg-info
[3.933s] writing lifecycle_msgs.egg-info/PKG-INFO
[3.934s] writing dependency_links to lifecycle_msgs.egg-info/dependency_links.txt
[3.934s] writing top-level names to lifecycle_msgs.egg-info/top_level.txt
[3.935s] writing manifest file 'lifecycle_msgs.egg-info/SOURCES.txt'
[4.007s] reading manifest file 'lifecycle_msgs.egg-info/SOURCES.txt'
[4.007s] writing manifest file 'lifecycle_msgs.egg-info/SOURCES.txt'
[4.128s] [  3%] Built target ament_cmake_python_build_lifecycle_msgs_egg
[4.993s] [  3%] Built target lifecycle_msgs__rs
[5.417s] [  3%] Built target lifecycle_msgs__cpp
[5.425s] [  6%] [34m[1mGenerating C++ type support dispatch for ROS interfaces[0m
[5.425s] [  6%] [34m[1mGenerating C++ introspection for ROS interfaces[0m
[5.425s] [  6%] [34m[1mGenerating C++ type support for eProsima Fast-RTPS[0m
[5.437s] [ 10%] [32mBuilding C object CMakeFiles/lifecycle_msgs__rosidl_generator_c.dir/rosidl_generator_c/lifecycle_msgs/msg/detail/transition_description__functions.c.o[0m
[5.437s] [ 10%] [32mBuilding C object CMakeFiles/lifecycle_msgs__rosidl_generator_c.dir/rosidl_generator_c/lifecycle_msgs/msg/detail/transition__functions.c.o[0m
[5.437s] [ 10%] [32mBuilding C object CMakeFiles/lifecycle_msgs__rosidl_generator_c.dir/rosidl_generator_c/lifecycle_msgs/msg/detail/state__functions.c.o[0m
[5.437s] [ 13%] [32mBuilding C object CMakeFiles/lifecycle_msgs__rosidl_generator_c.dir/rosidl_generator_c/lifecycle_msgs/srv/detail/get_state__functions.c.o[0m
[5.437s] [ 11%] [32mBuilding C object CMakeFiles/lifecycle_msgs__rosidl_generator_c.dir/rosidl_generator_c/lifecycle_msgs/srv/detail/change_state__functions.c.o[0m
[5.437s] [ 12%] [32mBuilding C object CMakeFiles/lifecycle_msgs__rosidl_generator_c.dir/rosidl_generator_c/lifecycle_msgs/srv/detail/get_available_transitions__functions.c.o[0m
[5.438s] [ 14%] [32mBuilding C object CMakeFiles/lifecycle_msgs__rosidl_generator_c.dir/rosidl_generator_c/lifecycle_msgs/msg/detail/transition_event__functions.c.o[0m
[5.439s] [ 15%] [32mBuilding C object CMakeFiles/lifecycle_msgs__rosidl_generator_c.dir/rosidl_generator_c/lifecycle_msgs/srv/detail/get_available_states__functions.c.o[0m
[5.520s] [ 17%] [32m[1mLinking C shared library liblifecycle_msgs__rosidl_generator_c.so[0m
[5.624s] [ 17%] Built target lifecycle_msgs__rosidl_generator_c
[5.633s] [ 19%] [34m[1mGenerating C introspection for ROS interfaces[0m
[5.633s] [ 19%] [34m[1mGenerating C type support dispatch for ROS interfaces[0m
[5.634s] [ 20%] [34m[1mGenerating C type support for eProsima Fast-RTPS[0m
[6.762s] [ 22%] [32mBuilding CXX object CMakeFiles/lifecycle_msgs__rosidl_typesupport_cpp.dir/rosidl_typesupport_cpp/lifecycle_msgs/msg/transition_event__type_support.cpp.o[0m
[6.762s] [ 23%] [32mBuilding CXX object CMakeFiles/lifecycle_msgs__rosidl_typesupport_cpp.dir/rosidl_typesupport_cpp/lifecycle_msgs/msg/state__type_support.cpp.o[0m
[6.762s] [ 23%] [32mBuilding CXX object CMakeFiles/lifecycle_msgs__rosidl_typesupport_cpp.dir/rosidl_typesupport_cpp/lifecycle_msgs/msg/transition__type_support.cpp.o[0m
[6.762s] [ 25%] [32mBuilding CXX object CMakeFiles/lifecycle_msgs__rosidl_typesupport_cpp.dir/rosidl_typesupport_cpp/lifecycle_msgs/msg/transition_description__type_support.cpp.o[0m
[6.763s] [ 26%] [32mBuilding CXX object CMakeFiles/lifecycle_msgs__rosidl_typesupport_cpp.dir/rosidl_typesupport_cpp/lifecycle_msgs/srv/get_available_states__type_support.cpp.o[0m
[6.765s] [ 27%] [32mBuilding CXX object CMakeFiles/lifecycle_msgs__rosidl_typesupport_cpp.dir/rosidl_typesupport_cpp/lifecycle_msgs/srv/change_state__type_support.cpp.o[0m
[6.765s] [ 28%] [32mBuilding CXX object CMakeFiles/lifecycle_msgs__rosidl_typesupport_cpp.dir/rosidl_typesupport_cpp/lifecycle_msgs/srv/get_available_transitions__type_support.cpp.o[0m
[6.771s] [ 29%] [32mBuilding CXX object CMakeFiles/lifecycle_msgs__rosidl_typesupport_cpp.dir/rosidl_typesupport_cpp/lifecycle_msgs/srv/get_state__type_support.cpp.o[0m
[7.079s] [ 30%] [32mBuilding CXX object CMakeFiles/lifecycle_msgs__rosidl_typesupport_introspection_cpp.dir/rosidl_typesupport_introspection_cpp/lifecycle_msgs/msg/detail/state__type_support.cpp.o[0m
[7.090s] [ 34%] [32mBuilding CXX object CMakeFiles/lifecycle_msgs__rosidl_typesupport_introspection_cpp.dir/rosidl_typesupport_introspection_cpp/lifecycle_msgs/msg/detail/transition_description__type_support.cpp.o[0m
[7.090s] [ 34%] [32mBuilding CXX object CMakeFiles/lifecycle_msgs__rosidl_typesupport_introspection_cpp.dir/rosidl_typesupport_introspection_cpp/lifecycle_msgs/srv/detail/change_state__type_support.cpp.o[0m
[7.090s] [ 34%] [32mBuilding CXX object CMakeFiles/lifecycle_msgs__rosidl_typesupport_introspection_cpp.dir/rosidl_typesupport_introspection_cpp/lifecycle_msgs/msg/detail/transition__type_support.cpp.o[0m
[7.092s] [ 35%] [32mBuilding CXX object CMakeFiles/lifecycle_msgs__rosidl_typesupport_introspection_cpp.dir/rosidl_typesupport_introspection_cpp/lifecycle_msgs/srv/detail/get_available_states__type_support.cpp.o[0m
[7.094s] [ 37%] [32mBuilding CXX object CMakeFiles/lifecycle_msgs__rosidl_typesupport_introspection_cpp.dir/rosidl_typesupport_introspection_cpp/lifecycle_msgs/srv/detail/get_available_transitions__type_support.cpp.o[0m
[7.095s] [ 37%] [32mBuilding CXX object CMakeFiles/lifecycle_msgs__rosidl_typesupport_introspection_cpp.dir/rosidl_typesupport_introspection_cpp/lifecycle_msgs/msg/detail/transition_event__type_support.cpp.o[0m
[7.100s] [ 38%] [32mBuilding CXX object CMakeFiles/lifecycle_msgs__rosidl_typesupport_introspection_cpp.dir/rosidl_typesupport_introspection_cpp/lifecycle_msgs/srv/detail/get_state__type_support.cpp.o[0m
[7.117s] [ 39%] [32mBuilding CXX object CMakeFiles/lifecycle_msgs__rosidl_typesupport_c.dir/rosidl_typesupport_c/lifecycle_msgs/msg/state__type_support.cpp.o[0m
[7.117s] [ 40%] [32mBuilding CXX object CMakeFiles/lifecycle_msgs__rosidl_typesupport_c.dir/rosidl_typesupport_c/lifecycle_msgs/msg/transition__type_support.cpp.o[0m
[7.117s] [ 42%] [32mBuilding CXX object CMakeFiles/lifecycle_msgs__rosidl_typesupport_c.dir/rosidl_typesupport_c/lifecycle_msgs/msg/transition_event__type_support.cpp.o[0m
[7.129s] [ 43%] [32mBuilding CXX object CMakeFiles/lifecycle_msgs__rosidl_typesupport_c.dir/rosidl_typesupport_c/lifecycle_msgs/srv/change_state__type_support.cpp.o[0m
[7.129s] [ 44%] [32mBuilding CXX object CMakeFiles/lifecycle_msgs__rosidl_typesupport_c.dir/rosidl_typesupport_c/lifecycle_msgs/srv/get_available_states__type_support.cpp.o[0m
[7.129s] [ 45%] [32mBuilding CXX object CMakeFiles/lifecycle_msgs__rosidl_typesupport_c.dir/rosidl_typesupport_c/lifecycle_msgs/msg/transition_description__type_support.cpp.o[0m
[7.144s] [ 46%] [32mBuilding CXX object CMakeFiles/lifecycle_msgs__rosidl_typesupport_c.dir/rosidl_typesupport_c/lifecycle_msgs/srv/get_available_transitions__type_support.cpp.o[0m
[7.147s] [ 47%] [32m[1mLinking CXX shared library liblifecycle_msgs__rosidl_typesupport_cpp.so[0m
[7.157s] [ 48%] [32mBuilding CXX object CMakeFiles/lifecycle_msgs__rosidl_typesupport_c.dir/rosidl_typesupport_c/lifecycle_msgs/srv/get_state__type_support.cpp.o[0m
[7.195s] [ 50%] [32m[1mLinking CXX shared library liblifecycle_msgs__rosidl_typesupport_c.so[0m
[7.235s] [ 51%] [32mBuilding CXX object CMakeFiles/lifecycle_msgs__rosidl_typesupport_fastrtps_cpp.dir/rosidl_typesupport_fastrtps_cpp/lifecycle_msgs/srv/detail/dds_fastrtps/change_state__type_support.cpp.o[0m
[7.235s] [ 52%] [32mBuilding CXX object CMakeFiles/lifecycle_msgs__rosidl_typesupport_fastrtps_cpp.dir/rosidl_typesupport_fastrtps_cpp/lifecycle_msgs/msg/detail/dds_fastrtps/transition__type_support.cpp.o[0m
[7.235s] [ 53%] [32mBuilding CXX object CMakeFiles/lifecycle_msgs__rosidl_typesupport_fastrtps_cpp.dir/rosidl_typesupport_fastrtps_cpp/lifecycle_msgs/msg/detail/dds_fastrtps/transition_description__type_support.cpp.o[0m
[7.235s] [ 54%] [32mBuilding CXX object CMakeFiles/lifecycle_msgs__rosidl_typesupport_fastrtps_cpp.dir/rosidl_typesupport_fastrtps_cpp/lifecycle_msgs/msg/detail/dds_fastrtps/state__type_support.cpp.o[0m
[7.239s] [ 55%] [32mBuilding CXX object CMakeFiles/lifecycle_msgs__rosidl_typesupport_fastrtps_cpp.dir/rosidl_typesupport_fastrtps_cpp/lifecycle_msgs/srv/detail/dds_fastrtps/get_available_states__type_support.cpp.o[0m
[7.240s] [ 56%] [32mBuilding CXX object CMakeFiles/lifecycle_msgs__rosidl_typesupport_fastrtps_cpp.dir/rosidl_typesupport_fastrtps_cpp/lifecycle_msgs/msg/detail/dds_fastrtps/transition_event__type_support.cpp.o[0m
[7.243s] [ 57%] [32mBuilding CXX object CMakeFiles/lifecycle_msgs__rosidl_typesupport_fastrtps_cpp.dir/rosidl_typesupport_fastrtps_cpp/lifecycle_msgs/srv/detail/dds_fastrtps/get_state__type_support.cpp.o[0m
[7.244s] [ 59%] [32mBuilding CXX object CMakeFiles/lifecycle_msgs__rosidl_typesupport_fastrtps_cpp.dir/rosidl_typesupport_fastrtps_cpp/lifecycle_msgs/srv/detail/dds_fastrtps/get_available_transitions__type_support.cpp.o[0m
[7.309s] [ 59%] Built target lifecycle_msgs__rosidl_typesupport_cpp
[7.399s] [ 59%] Built target lifecycle_msgs__rosidl_typesupport_c
[7.445s] [ 60%] [32mBuilding C object CMakeFiles/lifecycle_msgs__rosidl_typesupport_introspection_c.dir/rosidl_typesupport_introspection_c/lifecycle_msgs/msg/detail/transition__type_support.c.o[0m
[7.447s] [ 61%] [32mBuilding C object CMakeFiles/lifecycle_msgs__rosidl_typesupport_introspection_c.dir/rosidl_typesupport_introspection_c/lifecycle_msgs/msg/detail/state__type_support.c.o[0m
[7.456s] [ 62%] [32mBuilding C object CMakeFiles/lifecycle_msgs__rosidl_typesupport_introspection_c.dir/rosidl_typesupport_introspection_c/lifecycle_msgs/msg/detail/transition_description__type_support.c.o[0m
[7.465s] [ 63%] [32mBuilding C object CMakeFiles/lifecycle_msgs__rosidl_typesupport_introspection_c.dir/rosidl_typesupport_introspection_c/lifecycle_msgs/msg/detail/transition_event__type_support.c.o[0m
[7.522s] [ 64%] [32mBuilding C object CMakeFiles/lifecycle_msgs__rosidl_typesupport_introspection_c.dir/rosidl_typesupport_introspection_c/lifecycle_msgs/srv/detail/change_state__type_support.c.o[0m
[7.530s] [ 65%] [32mBuilding C object CMakeFiles/lifecycle_msgs__rosidl_typesupport_introspection_c.dir/rosidl_typesupport_introspection_c/lifecycle_msgs/srv/detail/get_available_transitions__type_support.c.o[0m
[7.542s] [ 67%] [32mBuilding C object CMakeFiles/lifecycle_msgs__rosidl_typesupport_introspection_c.dir/rosidl_typesupport_introspection_c/lifecycle_msgs/srv/detail/get_available_states__type_support.c.o[0m
[7.566s] [ 68%] [32mBuilding C object CMakeFiles/lifecycle_msgs__rosidl_typesupport_introspection_c.dir/rosidl_typesupport_introspection_c/lifecycle_msgs/srv/detail/get_state__type_support.c.o[0m
[7.590s] [ 69%] [32mBuilding CXX object CMakeFiles/lifecycle_msgs__rosidl_typesupport_fastrtps_c.dir/rosidl_typesupport_fastrtps_c/lifecycle_msgs/msg/detail/state__type_support_c.cpp.o[0m
[7.607s] [ 70%] [32mBuilding CXX object CMakeFiles/lifecycle_msgs__rosidl_typesupport_fastrtps_c.dir/rosidl_typesupport_fastrtps_c/lifecycle_msgs/msg/detail/transition__type_support_c.cpp.o[0m
[7.638s] [ 71%] [32mBuilding CXX object CMakeFiles/lifecycle_msgs__rosidl_typesupport_fastrtps_c.dir/rosidl_typesupport_fastrtps_c/lifecycle_msgs/msg/detail/transition_event__type_support_c.cpp.o[0m
[7.645s] [ 72%] [32mBuilding CXX object CMakeFiles/lifecycle_msgs__rosidl_typesupport_fastrtps_c.dir/rosidl_typesupport_fastrtps_c/lifecycle_msgs/srv/detail/change_state__type_support_c.cpp.o[0m
[7.653s] [ 73%] [32mBuilding CXX object CMakeFiles/lifecycle_msgs__rosidl_typesupport_fastrtps_c.dir/rosidl_typesupport_fastrtps_c/lifecycle_msgs/msg/detail/transition_description__type_support_c.cpp.o[0m
[7.657s] [ 75%] [32mBuilding CXX object CMakeFiles/lifecycle_msgs__rosidl_typesupport_fastrtps_c.dir/rosidl_typesupport_fastrtps_c/lifecycle_msgs/srv/detail/get_available_states__type_support_c.cpp.o[0m
[7.677s] [ 76%] [32m[1mLinking C shared library liblifecycle_msgs__rosidl_typesupport_introspection_c.so[0m
[7.723s] [ 77%] [32mBuilding CXX object CMakeFiles/lifecycle_msgs__rosidl_typesupport_fastrtps_c.dir/rosidl_typesupport_fastrtps_c/lifecycle_msgs/srv/detail/get_available_transitions__type_support_c.cpp.o[0m
[7.741s] [ 78%] [32mBuilding CXX object CMakeFiles/lifecycle_msgs__rosidl_typesupport_fastrtps_c.dir/rosidl_typesupport_fastrtps_c/lifecycle_msgs/srv/detail/get_state__type_support_c.cpp.o[0m
[7.830s] [ 79%] [32m[1mLinking CXX shared library liblifecycle_msgs__rosidl_typesupport_introspection_cpp.so[0m
[7.884s] [ 79%] Built target lifecycle_msgs__rosidl_typesupport_introspection_c
[8.019s] [ 80%] [32m[1mLinking CXX shared library liblifecycle_msgs__rosidl_typesupport_fastrtps_cpp.so[0m
[8.074s] [ 80%] Built target lifecycle_msgs__rosidl_typesupport_introspection_cpp
[8.148s] [ 81%] [32m[1mLinking CXX shared library liblifecycle_msgs__rosidl_typesupport_fastrtps_c.so[0m
[8.177s] [ 81%] Built target lifecycle_msgs__rosidl_typesupport_fastrtps_cpp
[8.316s] [ 81%] Built target lifecycle_msgs__rosidl_typesupport_fastrtps_c
[8.329s] [ 81%] Built target lifecycle_msgs
[8.348s] [ 82%] [34m[1mGenerating Python code for ROS interfaces[0m
[11.027s] [ 82%] Built target lifecycle_msgs__py
[11.048s] [ 84%] [32mBuilding C object CMakeFiles/lifecycle_msgs__rosidl_generator_py.dir/rosidl_generator_py/lifecycle_msgs/msg/_state_s.c.o[0m
[11.050s] [ 86%] [32mBuilding C object CMakeFiles/lifecycle_msgs__rosidl_generator_py.dir/rosidl_generator_py/lifecycle_msgs/msg/_transition_s.c.o[0m
[11.050s] [ 86%] [32mBuilding C object CMakeFiles/lifecycle_msgs__rosidl_generator_py.dir/rosidl_generator_py/lifecycle_msgs/msg/_transition_description_s.c.o[0m
[11.052s] [ 87%] [32mBuilding C object CMakeFiles/lifecycle_msgs__rosidl_generator_py.dir/rosidl_generator_py/lifecycle_msgs/msg/_transition_event_s.c.o[0m
[11.052s] [ 88%] [32mBuilding C object CMakeFiles/lifecycle_msgs__rosidl_generator_py.dir/rosidl_generator_py/lifecycle_msgs/srv/_get_state_s.c.o[0m
[11.057s] [ 89%] [32mBuilding C object CMakeFiles/lifecycle_msgs__rosidl_generator_py.dir/rosidl_generator_py/lifecycle_msgs/srv/_get_available_transitions_s.c.o[0m
[11.057s] [ 90%] [32mBuilding C object CMakeFiles/lifecycle_msgs__rosidl_generator_py.dir/rosidl_generator_py/lifecycle_msgs/srv/_get_available_states_s.c.o[0m
[11.059s] [ 92%] [32mBuilding C object CMakeFiles/lifecycle_msgs__rosidl_generator_py.dir/rosidl_generator_py/lifecycle_msgs/srv/_change_state_s.c.o[0m
[11.278s] [ 93%] [32m[1mLinking C shared library rosidl_generator_py/lifecycle_msgs/liblifecycle_msgs__rosidl_generator_py.so[0m
[11.487s] [ 93%] Built target lifecycle_msgs__rosidl_generator_py
[11.539s] [ 94%] [32mBuilding C object CMakeFiles/lifecycle_msgs__rosidl_typesupport_fastrtps_c__pyext.dir/rosidl_generator_py/lifecycle_msgs/_lifecycle_msgs_s.ep.rosidl_typesupport_fastrtps_c.c.o[0m
[11.542s] [ 95%] [32mBuilding C object CMakeFiles/lifecycle_msgs__rosidl_typesupport_introspection_c__pyext.dir/rosidl_generator_py/lifecycle_msgs/_lifecycle_msgs_s.ep.rosidl_typesupport_introspection_c.c.o[0m
[11.560s] [ 96%] [32mBuilding C object CMakeFiles/lifecycle_msgs__rosidl_typesupport_c__pyext.dir/rosidl_generator_py/lifecycle_msgs/_lifecycle_msgs_s.ep.rosidl_typesupport_c.c.o[0m
[11.803s] [ 97%] [32m[1mLinking C shared library rosidl_generator_py/lifecycle_msgs/lifecycle_msgs_s__rosidl_typesupport_fastrtps_c.cpython-310-x86_64-linux-gnu.so[0m
[11.809s] [ 98%] [32m[1mLinking C shared library rosidl_generator_py/lifecycle_msgs/lifecycle_msgs_s__rosidl_typesupport_introspection_c.cpython-310-x86_64-linux-gnu.so[0m
[11.982s] [ 98%] Built target lifecycle_msgs__rosidl_typesupport_fastrtps_c__pyext
[12.022s] [ 98%] Built target lifecycle_msgs__rosidl_typesupport_introspection_c__pyext
[12.028s] [100%] [32m[1mLinking C shared library rosidl_generator_py/lifecycle_msgs/lifecycle_msgs_s__rosidl_typesupport_c.cpython-310-x86_64-linux-gnu.so[0m
[12.221s] [100%] Built target lifecycle_msgs__rosidl_typesupport_c__pyext
[12.256s] Invoked command in '/home/hiro/rust_ws/src/build/lifecycle_msgs' returned '0': AMENT_PREFIX_PATH=/home/hiro/rust_ws/src/install/rosidl_default_runtime:/home/hiro/rust_ws/src/install/rosidl_default_generators:/home/hiro/rust_ws/src/install/rosidl_generator_rs:/home/hiro/rust_ws/src/install/rosidl_runtime_rs:${AMENT_PREFIX_PATH} CMAKE_PREFIX_PATH=/home/hiro/rust_ws/src/install/rosidl_default_runtime:/home/hiro/rust_ws/src/install/rosidl_default_generators:/home/hiro/rust_ws/src/install/rosidl_generator_rs:/home/hiro/ws_livox/install/livox_ros_driver2:/opt/ros/humble PYTHONPATH=/home/hiro/rust_ws/src/install/rosidl_generator_rs/local/lib/python3.10/dist-packages:${PYTHONPATH} /usr/bin/cmake --build /home/hiro/rust_ws/src/build/lifecycle_msgs -- -j22 -l22
[12.633s] Invoking command in '/home/hiro/rust_ws/src/build/lifecycle_msgs': AMENT_PREFIX_PATH=/home/hiro/rust_ws/src/install/rosidl_default_runtime:/home/hiro/rust_ws/src/install/rosidl_default_generators:/home/hiro/rust_ws/src/install/rosidl_generator_rs:/home/hiro/rust_ws/src/install/rosidl_runtime_rs:${AMENT_PREFIX_PATH} CMAKE_PREFIX_PATH=/home/hiro/rust_ws/src/install/rosidl_default_runtime:/home/hiro/rust_ws/src/install/rosidl_default_generators:/home/hiro/rust_ws/src/install/rosidl_generator_rs:/home/hiro/ws_livox/install/livox_ros_driver2:/opt/ros/humble PYTHONPATH=/home/hiro/rust_ws/src/install/rosidl_generator_rs/local/lib/python3.10/dist-packages:${PYTHONPATH} /usr/bin/cmake --install /home/hiro/rust_ws/src/build/lifecycle_msgs
[12.645s] -- Install configuration: ""
[12.646s] -- Installing: /home/hiro/rust_ws/src/install/lifecycle_msgs/share/ament_index/resource_index/rosidl_interfaces/lifecycle_msgs
[12.647s] -- Installing: /home/hiro/rust_ws/src/install/lifecycle_msgs/include/lifecycle_msgs/lifecycle_msgs
[12.648s] -- Installing: /home/hiro/rust_ws/src/install/lifecycle_msgs/include/lifecycle_msgs/lifecycle_msgs/msg
[12.649s] -- Installing: /home/hiro/rust_ws/src/install/lifecycle_msgs/include/lifecycle_msgs/lifecycle_msgs/msg/state.h
[12.649s] -- Installing: /home/hiro/rust_ws/src/install/lifecycle_msgs/include/lifecycle_msgs/lifecycle_msgs/msg/transition_event.h
[12.649s] -- Installing: /home/hiro/rust_ws/src/install/lifecycle_msgs/include/lifecycle_msgs/lifecycle_msgs/msg/rosidl_generator_c__visibility_control.h
[12.649s] -- Installing: /home/hiro/rust_ws/src/install/lifecycle_msgs/include/lifecycle_msgs/lifecycle_msgs/msg/detail
[12.650s] -- Installing: /home/hiro/rust_ws/src/install/lifecycle_msgs/include/lifecycle_msgs/lifecycle_msgs/msg/detail/transition_event__struct.h
[12.651s] -- Installing: /home/hiro/rust_ws/src/install/lifecycle_msgs/include/lifecycle_msgs/lifecycle_msgs/msg/detail/transition__functions.h
[12.651s] -- Installing: /home/hiro/rust_ws/src/install/lifecycle_msgs/include/lifecycle_msgs/lifecycle_msgs/msg/detail/transition_event__functions.c
[12.651s] -- Installing: /home/hiro/rust_ws/src/install/lifecycle_msgs/include/lifecycle_msgs/lifecycle_msgs/msg/detail/state__struct.h
[12.651s] -- Installing: /home/hiro/rust_ws/src/install/lifecycle_msgs/include/lifecycle_msgs/lifecycle_msgs/msg/detail/transition__struct.h
[12.652s] -- Installing: /home/hiro/rust_ws/src/install/lifecycle_msgs/include/lifecycle_msgs/lifecycle_msgs/msg/detail/transition_description__functions.h
[12.652s] -- Installing: /home/hiro/rust_ws/src/install/lifecycle_msgs/include/lifecycle_msgs/lifecycle_msgs/msg/detail/state__functions.h
[12.652s] -- Installing: /home/hiro/rust_ws/src/install/lifecycle_msgs/include/lifecycle_msgs/lifecycle_msgs/msg/detail/transition__functions.c
[12.652s] -- Installing: /home/hiro/rust_ws/src/install/lifecycle_msgs/include/lifecycle_msgs/lifecycle_msgs/msg/detail/transition__type_support.h
[12.653s] -- Installing: /home/hiro/rust_ws/src/install/lifecycle_msgs/include/lifecycle_msgs/lifecycle_msgs/msg/detail/state__type_support.h
[12.653s] -- Installing: /home/hiro/rust_ws/src/install/lifecycle_msgs/include/lifecycle_msgs/lifecycle_msgs/msg/detail/state__functions.c
[12.653s] -- Installing: /home/hiro/rust_ws/src/install/lifecycle_msgs/include/lifecycle_msgs/lifecycle_msgs/msg/detail/transition_description__functions.c
[12.653s] -- Installing: /home/hiro/rust_ws/src/install/lifecycle_msgs/include/lifecycle_msgs/lifecycle_msgs/msg/detail/transition_event__functions.h
[12.653s] -- Installing: /home/hiro/rust_ws/src/install/lifecycle_msgs/include/lifecycle_msgs/lifecycle_msgs/msg/detail/transition_description__struct.h
[12.654s] -- Installing: /home/hiro/rust_ws/src/install/lifecycle_msgs/include/lifecycle_msgs/lifecycle_msgs/msg/detail/transition_event__type_support.h
[12.654s] -- Installing: /home/hiro/rust_ws/src/install/lifecycle_msgs/include/lifecycle_msgs/lifecycle_msgs/msg/detail/transition_description__type_support.h
[12.654s] -- Installing: /home/hiro/rust_ws/src/install/lifecycle_msgs/include/lifecycle_msgs/lifecycle_msgs/msg/transition.h
[12.654s] -- Installing: /home/hiro/rust_ws/src/install/lifecycle_msgs/include/lifecycle_msgs/lifecycle_msgs/msg/transition_description.h
[12.654s] -- Installing: /home/hiro/rust_ws/src/install/lifecycle_msgs/include/lifecycle_msgs/lifecycle_msgs/srv
[12.654s] -- Installing: /home/hiro/rust_ws/src/install/lifecycle_msgs/include/lifecycle_msgs/lifecycle_msgs/srv/get_available_states.h
[12.655s] -- Installing: /home/hiro/rust_ws/src/install/lifecycle_msgs/include/lifecycle_msgs/lifecycle_msgs/srv/get_available_transitions.h
[12.655s] -- Installing: /home/hiro/rust_ws/src/install/lifecycle_msgs/include/lifecycle_msgs/lifecycle_msgs/srv/change_state.h
[12.655s] -- Installing: /home/hiro/rust_ws/src/install/lifecycle_msgs/include/lifecycle_msgs/lifecycle_msgs/srv/detail
[12.656s] -- Installing: /home/hiro/rust_ws/src/install/lifecycle_msgs/include/lifecycle_msgs/lifecycle_msgs/srv/detail/get_state__struct.h
[12.656s] -- Installing: /home/hiro/rust_ws/src/install/lifecycle_msgs/include/lifecycle_msgs/lifecycle_msgs/srv/detail/change_state__struct.h
[12.656s] -- Installing: /home/hiro/rust_ws/src/install/lifecycle_msgs/include/lifecycle_msgs/lifecycle_msgs/srv/detail/change_state__type_support.h
[12.656s] -- Installing: /home/hiro/rust_ws/src/install/lifecycle_msgs/include/lifecycle_msgs/lifecycle_msgs/srv/detail/change_state__functions.h
[12.656s] -- Installing: /home/hiro/rust_ws/src/install/lifecycle_msgs/include/lifecycle_msgs/lifecycle_msgs/srv/detail/get_state__functions.c
[12.656s] -- Installing: /home/hiro/rust_ws/src/install/lifecycle_msgs/include/lifecycle_msgs/lifecycle_msgs/srv/detail/get_available_states__functions.c
[12.657s] -- Installing: /home/hiro/rust_ws/src/install/lifecycle_msgs/include/lifecycle_msgs/lifecycle_msgs/srv/detail/get_available_states__struct.h
[12.657s] -- Installing: /home/hiro/rust_ws/src/install/lifecycle_msgs/include/lifecycle_msgs/lifecycle_msgs/srv/detail/get_available_states__type_support.h
[12.657s] -- Installing: /home/hiro/rust_ws/src/install/lifecycle_msgs/include/lifecycle_msgs/lifecycle_msgs/srv/detail/get_available_states__functions.h
[12.657s] -- Installing: /home/hiro/rust_ws/src/install/lifecycle_msgs/include/lifecycle_msgs/lifecycle_msgs/srv/detail/get_state__functions.h
[12.657s] -- Installing: /home/hiro/rust_ws/src/install/lifecycle_msgs/include/lifecycle_msgs/lifecycle_msgs/srv/detail/get_state__type_support.h
[12.657s] -- Installing: /home/hiro/rust_ws/src/install/lifecycle_msgs/include/lifecycle_msgs/lifecycle_msgs/srv/detail/get_available_transitions__type_support.h
[12.658s] -- Installing: /home/hiro/rust_ws/src/install/lifecycle_msgs/include/lifecycle_msgs/lifecycle_msgs/srv/detail/get_available_transitions__functions.h
[12.658s] -- Installing: /home/hiro/rust_ws/src/install/lifecycle_msgs/include/lifecycle_msgs/lifecycle_msgs/srv/detail/change_state__functions.c
[12.658s] -- Installing: /home/hiro/rust_ws/src/install/lifecycle_msgs/include/lifecycle_msgs/lifecycle_msgs/srv/detail/get_available_transitions__functions.c
[12.658s] -- Installing: /home/hiro/rust_ws/src/install/lifecycle_msgs/include/lifecycle_msgs/lifecycle_msgs/srv/detail/get_available_transitions__struct.h
[12.658s] -- Installing: /home/hiro/rust_ws/src/install/lifecycle_msgs/include/lifecycle_msgs/lifecycle_msgs/srv/get_state.h
[12.658s] -- Installing: /home/hiro/rust_ws/src/install/lifecycle_msgs/share/lifecycle_msgs/environment/library_path.sh
[12.658s] -- Installing: /home/hiro/rust_ws/src/install/lifecycle_msgs/share/lifecycle_msgs/environment/library_path.dsv
[12.659s] -- Installing: /home/hiro/rust_ws/src/install/lifecycle_msgs/lib/liblifecycle_msgs__rosidl_generator_c.so
[12.659s] -- Set runtime path of "/home/hiro/rust_ws/src/install/lifecycle_msgs/lib/liblifecycle_msgs__rosidl_generator_c.so" to ""
[12.659s] -- Up-to-date: /home/hiro/rust_ws/src/install/lifecycle_msgs/include/lifecycle_msgs/lifecycle_msgs
[12.659s] -- Up-to-date: /home/hiro/rust_ws/src/install/lifecycle_msgs/include/lifecycle_msgs/lifecycle_msgs/msg
[12.659s] -- Up-to-date: /home/hiro/rust_ws/src/install/lifecycle_msgs/include/lifecycle_msgs/lifecycle_msgs/msg/detail
[12.660s] -- Installing: /home/hiro/rust_ws/src/install/lifecycle_msgs/include/lifecycle_msgs/lifecycle_msgs/msg/detail/transition_description__rosidl_typesupport_fastrtps_c.h
[12.660s] -- Installing: /home/hiro/rust_ws/src/install/lifecycle_msgs/include/lifecycle_msgs/lifecycle_msgs/msg/detail/transition_event__rosidl_typesupport_fastrtps_c.h
[12.660s] -- Installing: /home/hiro/rust_ws/src/install/lifecycle_msgs/include/lifecycle_msgs/lifecycle_msgs/msg/detail/state__rosidl_typesupport_fastrtps_c.h
[12.661s] -- Installing: /home/hiro/rust_ws/src/install/lifecycle_msgs/include/lifecycle_msgs/lifecycle_msgs/msg/detail/transition__rosidl_typesupport_fastrtps_c.h
[12.662s] -- Installing: /home/hiro/rust_ws/src/install/lifecycle_msgs/include/lifecycle_msgs/lifecycle_msgs/msg/rosidl_typesupport_fastrtps_c__visibility_control.h
[12.663s] -- Up-to-date: /home/hiro/rust_ws/src/install/lifecycle_msgs/include/lifecycle_msgs/lifecycle_msgs/srv
[12.663s] -- Up-to-date: /home/hiro/rust_ws/src/install/lifecycle_msgs/include/lifecycle_msgs/lifecycle_msgs/srv/detail
[12.663s] -- Installing: /home/hiro/rust_ws/src/install/lifecycle_msgs/include/lifecycle_msgs/lifecycle_msgs/srv/detail/get_available_transitions__rosidl_typesupport_fastrtps_c.h
[12.663s] -- Installing: /home/hiro/rust_ws/src/install/lifecycle_msgs/include/lifecycle_msgs/lifecycle_msgs/srv/detail/get_state__rosidl_typesupport_fastrtps_c.h
[12.663s] -- Installing: /home/hiro/rust_ws/src/install/lifecycle_msgs/include/lifecycle_msgs/lifecycle_msgs/srv/detail/change_state__rosidl_typesupport_fastrtps_c.h
[12.663s] -- Installing: /home/hiro/rust_ws/src/install/lifecycle_msgs/include/lifecycle_msgs/lifecycle_msgs/srv/detail/get_available_states__rosidl_typesupport_fastrtps_c.h
[12.663s] -- Installing: /home/hiro/rust_ws/src/install/lifecycle_msgs/lib/liblifecycle_msgs__rosidl_typesupport_fastrtps_c.so
[12.664s] -- Set runtime path of "/home/hiro/rust_ws/src/install/lifecycle_msgs/lib/liblifecycle_msgs__rosidl_typesupport_fastrtps_c.so" to ""
[12.664s] -- Up-to-date: /home/hiro/rust_ws/src/install/lifecycle_msgs/include/lifecycle_msgs/lifecycle_msgs
[12.664s] -- Up-to-date: /home/hiro/rust_ws/src/install/lifecycle_msgs/include/lifecycle_msgs/lifecycle_msgs/msg
[12.664s] -- Installing: /home/hiro/rust_ws/src/install/lifecycle_msgs/include/lifecycle_msgs/lifecycle_msgs/msg/rosidl_typesupport_introspection_c__visibility_control.h
[12.666s] -- Up-to-date: /home/hiro/rust_ws/src/install/lifecycle_msgs/include/lifecycle_msgs/lifecycle_msgs/msg/detail
[12.666s] -- Installing: /home/hiro/rust_ws/src/install/lifecycle_msgs/include/lifecycle_msgs/lifecycle_msgs/msg/detail/transition__rosidl_typesupport_introspection_c.h
[12.666s] -- Installing: /home/hiro/rust_ws/src/install/lifecycle_msgs/include/lifecycle_msgs/lifecycle_msgs/msg/detail/state__type_support.c
[12.666s] -- Installing: /home/hiro/rust_ws/src/install/lifecycle_msgs/include/lifecycle_msgs/lifecycle_msgs/msg/detail/transition_event__type_support.c
[12.666s] -- Installing: /home/hiro/rust_ws/src/install/lifecycle_msgs/include/lifecycle_msgs/lifecycle_msgs/msg/detail/transition_description__type_support.c
[12.667s] -- Installing: /home/hiro/rust_ws/src/install/lifecycle_msgs/include/lifecycle_msgs/lifecycle_msgs/msg/detail/transition_event__rosidl_typesupport_introspection_c.h
[12.667s] -- Installing: /home/hiro/rust_ws/src/install/lifecycle_msgs/include/lifecycle_msgs/lifecycle_msgs/msg/detail/transition__type_support.c
[12.667s] -- Installing: /home/hiro/rust_ws/src/install/lifecycle_msgs/include/lifecycle_msgs/lifecycle_msgs/msg/detail/transition_description__rosidl_typesupport_introspection_c.h
[12.667s] -- Installing: /home/hiro/rust_ws/src/install/lifecycle_msgs/include/lifecycle_msgs/lifecycle_msgs/msg/detail/state__rosidl_typesupport_introspection_c.h
[12.667s] -- Up-to-date: /home/hiro/rust_ws/src/install/lifecycle_msgs/include/lifecycle_msgs/lifecycle_msgs/srv
[12.667s] -- Up-to-date: /home/hiro/rust_ws/src/install/lifecycle_msgs/include/lifecycle_msgs/lifecycle_msgs/srv/detail
[12.668s] -- Installing: /home/hiro/rust_ws/src/install/lifecycle_msgs/include/lifecycle_msgs/lifecycle_msgs/srv/detail/get_available_transitions__rosidl_typesupport_introspection_c.h
[12.668s] -- Installing: /home/hiro/rust_ws/src/install/lifecycle_msgs/include/lifecycle_msgs/lifecycle_msgs/srv/detail/get_available_states__rosidl_typesupport_introspection_c.h
[12.668s] -- Installing: /home/hiro/rust_ws/src/install/lifecycle_msgs/include/lifecycle_msgs/lifecycle_msgs/srv/detail/get_available_transitions__type_support.c
[12.668s] -- Installing: /home/hiro/rust_ws/src/install/lifecycle_msgs/include/lifecycle_msgs/lifecycle_msgs/srv/detail/change_state__rosidl_typesupport_introspection_c.h
[12.668s] -- Installing: /home/hiro/rust_ws/src/install/lifecycle_msgs/include/lifecycle_msgs/lifecycle_msgs/srv/detail/get_available_states__type_support.c
[12.668s] -- Installing: /home/hiro/rust_ws/src/install/lifecycle_msgs/include/lifecycle_msgs/lifecycle_msgs/srv/detail/get_state__type_support.c
[12.669s] -- Installing: /home/hiro/rust_ws/src/install/lifecycle_msgs/include/lifecycle_msgs/lifecycle_msgs/srv/detail/change_state__type_support.c
[12.669s] -- Installing: /home/hiro/rust_ws/src/install/lifecycle_msgs/include/lifecycle_msgs/lifecycle_msgs/srv/detail/get_state__rosidl_typesupport_introspection_c.h
[12.669s] -- Installing: /home/hiro/rust_ws/src/install/lifecycle_msgs/lib/liblifecycle_msgs__rosidl_typesupport_introspection_c.so
[12.669s] -- Set runtime path of "/home/hiro/rust_ws/src/install/lifecycle_msgs/lib/liblifecycle_msgs__rosidl_typesupport_introspection_c.so" to ""
[12.669s] -- Installing: /home/hiro/rust_ws/src/install/lifecycle_msgs/lib/liblifecycle_msgs__rosidl_typesupport_c.so
[12.669s] -- Set runtime path of "/home/hiro/rust_ws/src/install/lifecycle_msgs/lib/liblifecycle_msgs__rosidl_typesupport_c.so" to ""
[12.670s] -- Up-to-date: /home/hiro/rust_ws/src/install/lifecycle_msgs/include/lifecycle_msgs/lifecycle_msgs
[12.670s] -- Up-to-date: /home/hiro/rust_ws/src/install/lifecycle_msgs/include/lifecycle_msgs/lifecycle_msgs/msg
[12.670s] -- Installing: /home/hiro/rust_ws/src/install/lifecycle_msgs/include/lifecycle_msgs/lifecycle_msgs/msg/state.hpp
[12.670s] -- Installing: /home/hiro/rust_ws/src/install/lifecycle_msgs/include/lifecycle_msgs/lifecycle_msgs/msg/transition_description.hpp
[12.670s] -- Installing: /home/hiro/rust_ws/src/install/lifecycle_msgs/include/lifecycle_msgs/lifecycle_msgs/msg/transition.hpp
[12.670s] -- Up-to-date: /home/hiro/rust_ws/src/install/lifecycle_msgs/include/lifecycle_msgs/lifecycle_msgs/msg/detail
[12.671s] -- Installing: /home/hiro/rust_ws/src/install/lifecycle_msgs/include/lifecycle_msgs/lifecycle_msgs/msg/detail/transition_description__traits.hpp
[12.671s] -- Installing: /home/hiro/rust_ws/src/install/lifecycle_msgs/include/lifecycle_msgs/lifecycle_msgs/msg/detail/transition_description__builder.hpp
[12.671s] -- Installing: /home/hiro/rust_ws/src/install/lifecycle_msgs/include/lifecycle_msgs/lifecycle_msgs/msg/detail/state__traits.hpp
[12.671s] -- Installing: /home/hiro/rust_ws/src/install/lifecycle_msgs/include/lifecycle_msgs/lifecycle_msgs/msg/detail/transition_event__struct.hpp
[12.671s] -- Installing: /home/hiro/rust_ws/src/install/lifecycle_msgs/include/lifecycle_msgs/lifecycle_msgs/msg/detail/transition__struct.hpp
[12.671s] -- Installing: /home/hiro/rust_ws/src/install/lifecycle_msgs/include/lifecycle_msgs/lifecycle_msgs/msg/detail/state__struct.hpp
[12.672s] -- Installing: /home/hiro/rust_ws/src/install/lifecycle_msgs/include/lifecycle_msgs/lifecycle_msgs/msg/detail/transition_event__builder.hpp
[12.672s] -- Installing: /home/hiro/rust_ws/src/install/lifecycle_msgs/include/lifecycle_msgs/lifecycle_msgs/msg/detail/transition__builder.hpp
[12.672s] -- Installing: /home/hiro/rust_ws/src/install/lifecycle_msgs/include/lifecycle_msgs/lifecycle_msgs/msg/detail/transition__traits.hpp
[12.672s] -- Installing: /home/hiro/rust_ws/src/install/lifecycle_msgs/include/lifecycle_msgs/lifecycle_msgs/msg/detail/transition_description__struct.hpp
[12.672s] -- Installing: /home/hiro/rust_ws/src/install/lifecycle_msgs/include/lifecycle_msgs/lifecycle_msgs/msg/detail/state__builder.hpp
[12.672s] -- Installing: /home/hiro/rust_ws/src/install/lifecycle_msgs/include/lifecycle_msgs/lifecycle_msgs/msg/detail/transition_event__traits.hpp
[12.673s] -- Installing: /home/hiro/rust_ws/src/install/lifecycle_msgs/include/lifecycle_msgs/lifecycle_msgs/msg/transition_event.hpp
[12.674s] -- Up-to-date: /home/hiro/rust_ws/src/install/lifecycle_msgs/include/lifecycle_msgs/lifecycle_msgs/srv
[12.674s] -- Installing: /home/hiro/rust_ws/src/install/lifecycle_msgs/include/lifecycle_msgs/lifecycle_msgs/srv/get_state.hpp
[12.674s] -- Up-to-date: /home/hiro/rust_ws/src/install/lifecycle_msgs/include/lifecycle_msgs/lifecycle_msgs/srv/detail
[12.675s] -- Installing: /home/hiro/rust_ws/src/install/lifecycle_msgs/include/lifecycle_msgs/lifecycle_msgs/srv/detail/get_state__builder.hpp
[12.675s] -- Installing: /home/hiro/rust_ws/src/install/lifecycle_msgs/include/lifecycle_msgs/lifecycle_msgs/srv/detail/get_state__struct.hpp
[12.675s] -- Installing: /home/hiro/rust_ws/src/install/lifecycle_msgs/include/lifecycle_msgs/lifecycle_msgs/srv/detail/change_state__builder.hpp
[12.676s] -- Installing: /home/hiro/rust_ws/src/install/lifecycle_msgs/include/lifecycle_msgs/lifecycle_msgs/srv/detail/change_state__struct.hpp
[12.676s] -- Installing: /home/hiro/rust_ws/src/install/lifecycle_msgs/include/lifecycle_msgs/lifecycle_msgs/srv/detail/get_available_transitions__traits.hpp
[12.676s] -- Installing: /home/hiro/rust_ws/src/install/lifecycle_msgs/include/lifecycle_msgs/lifecycle_msgs/srv/detail/get_available_transitions__struct.hpp
[12.676s] -- Installing: /home/hiro/rust_ws/src/install/lifecycle_msgs/include/lifecycle_msgs/lifecycle_msgs/srv/detail/change_state__traits.hpp
[12.676s] -- Installing: /home/hiro/rust_ws/src/install/lifecycle_msgs/include/lifecycle_msgs/lifecycle_msgs/srv/detail/get_state__traits.hpp
[12.676s] -- Installing: /home/hiro/rust_ws/src/install/lifecycle_msgs/include/lifecycle_msgs/lifecycle_msgs/srv/detail/get_available_states__traits.hpp
[12.676s] -- Installing: /home/hiro/rust_ws/src/install/lifecycle_msgs/include/lifecycle_msgs/lifecycle_msgs/srv/detail/get_available_states__builder.hpp
[12.677s] -- Installing: /home/hiro/rust_ws/src/install/lifecycle_msgs/include/lifecycle_msgs/lifecycle_msgs/srv/detail/get_available_states__struct.hpp
[12.677s] -- Installing: /home/hiro/rust_ws/src/install/lifecycle_msgs/include/lifecycle_msgs/lifecycle_msgs/srv/detail/get_available_transitions__builder.hpp
[12.677s] -- Installing: /home/hiro/rust_ws/src/install/lifecycle_msgs/include/lifecycle_msgs/lifecycle_msgs/srv/change_state.hpp
[12.677s] -- Installing: /home/hiro/rust_ws/src/install/lifecycle_msgs/include/lifecycle_msgs/lifecycle_msgs/srv/get_available_transitions.hpp
[12.677s] -- Installing: /home/hiro/rust_ws/src/install/lifecycle_msgs/include/lifecycle_msgs/lifecycle_msgs/srv/get_available_states.hpp
[12.683s] -- Up-to-date: /home/hiro/rust_ws/src/install/lifecycle_msgs/include/lifecycle_msgs/lifecycle_msgs
[12.683s] -- Up-to-date: /home/hiro/rust_ws/src/install/lifecycle_msgs/include/lifecycle_msgs/lifecycle_msgs/msg
[12.683s] -- Installing: /home/hiro/rust_ws/src/install/lifecycle_msgs/include/lifecycle_msgs/lifecycle_msgs/msg/rosidl_typesupport_fastrtps_cpp__visibility_control.h
[12.684s] -- Up-to-date: /home/hiro/rust_ws/src/install/lifecycle_msgs/include/lifecycle_msgs/lifecycle_msgs/msg/detail
[12.684s] -- Installing: /home/hiro/rust_ws/src/install/lifecycle_msgs/include/lifecycle_msgs/lifecycle_msgs/msg/detail/dds_fastrtps
[12.684s] -- Installing: /home/hiro/rust_ws/src/install/lifecycle_msgs/include/lifecycle_msgs/lifecycle_msgs/msg/detail/state__rosidl_typesupport_fastrtps_cpp.hpp
[12.684s] -- Installing: /home/hiro/rust_ws/src/install/lifecycle_msgs/include/lifecycle_msgs/lifecycle_msgs/msg/detail/transition_description__rosidl_typesupport_fastrtps_cpp.hpp
[12.684s] -- Installing: /home/hiro/rust_ws/src/install/lifecycle_msgs/include/lifecycle_msgs/lifecycle_msgs/msg/detail/transition_event__rosidl_typesupport_fastrtps_cpp.hpp
[12.684s] -- Installing: /home/hiro/rust_ws/src/install/lifecycle_msgs/include/lifecycle_msgs/lifecycle_msgs/msg/detail/transition__rosidl_typesupport_fastrtps_cpp.hpp
[12.684s] -- Up-to-date: /home/hiro/rust_ws/src/install/lifecycle_msgs/include/lifecycle_msgs/lifecycle_msgs/srv
[12.685s] -- Up-to-date: /home/hiro/rust_ws/src/install/lifecycle_msgs/include/lifecycle_msgs/lifecycle_msgs/srv/detail
[12.685s] -- Installing: /home/hiro/rust_ws/src/install/lifecycle_msgs/include/lifecycle_msgs/lifecycle_msgs/srv/detail/dds_fastrtps
[12.685s] -- Installing: /home/hiro/rust_ws/src/install/lifecycle_msgs/include/lifecycle_msgs/lifecycle_msgs/srv/detail/change_state__rosidl_typesupport_fastrtps_cpp.hpp
[12.685s] -- Installing: /home/hiro/rust_ws/src/install/lifecycle_msgs/include/lifecycle_msgs/lifecycle_msgs/srv/detail/get_available_states__rosidl_typesupport_fastrtps_cpp.hpp
[12.685s] -- Installing: /home/hiro/rust_ws/src/install/lifecycle_msgs/include/lifecycle_msgs/lifecycle_msgs/srv/detail/get_available_transitions__rosidl_typesupport_fastrtps_cpp.hpp
[12.685s] -- Installing: /home/hiro/rust_ws/src/install/lifecycle_msgs/include/lifecycle_msgs/lifecycle_msgs/srv/detail/get_state__rosidl_typesupport_fastrtps_cpp.hpp
[12.685s] -- Installing: /home/hiro/rust_ws/src/install/lifecycle_msgs/lib/liblifecycle_msgs__rosidl_typesupport_fastrtps_cpp.so
[12.685s] -- Set runtime path of "/home/hiro/rust_ws/src/install/lifecycle_msgs/lib/liblifecycle_msgs__rosidl_typesupport_fastrtps_cpp.so" to ""
[12.686s] -- Up-to-date: /home/hiro/rust_ws/src/install/lifecycle_msgs/include/lifecycle_msgs/lifecycle_msgs
[12.686s] -- Up-to-date: /home/hiro/rust_ws/src/install/lifecycle_msgs/include/lifecycle_msgs/lifecycle_msgs/msg
[12.686s] -- Up-to-date: /home/hiro/rust_ws/src/install/lifecycle_msgs/include/lifecycle_msgs/lifecycle_msgs/msg/detail
[12.686s] -- Installing: /home/hiro/rust_ws/src/install/lifecycle_msgs/include/lifecycle_msgs/lifecycle_msgs/msg/detail/state__rosidl_typesupport_introspection_cpp.hpp
[12.686s] -- Installing: /home/hiro/rust_ws/src/install/lifecycle_msgs/include/lifecycle_msgs/lifecycle_msgs/msg/detail/transition__rosidl_typesupport_introspection_cpp.hpp
[12.686s] -- Installing: /home/hiro/rust_ws/src/install/lifecycle_msgs/include/lifecycle_msgs/lifecycle_msgs/msg/detail/transition_event__type_support.cpp
[12.686s] -- Installing: /home/hiro/rust_ws/src/install/lifecycle_msgs/include/lifecycle_msgs/lifecycle_msgs/msg/detail/state__type_support.cpp
[12.686s] -- Installing: /home/hiro/rust_ws/src/install/lifecycle_msgs/include/lifecycle_msgs/lifecycle_msgs/msg/detail/transition_description__type_support.cpp
[12.687s] -- Installing: /home/hiro/rust_ws/src/install/lifecycle_msgs/include/lifecycle_msgs/lifecycle_msgs/msg/detail/transition__type_support.cpp
[12.687s] -- Installing: /home/hiro/rust_ws/src/install/lifecycle_msgs/include/lifecycle_msgs/lifecycle_msgs/msg/detail/transition_description__rosidl_typesupport_introspection_cpp.hpp
[12.687s] -- Installing: /home/hiro/rust_ws/src/install/lifecycle_msgs/include/lifecycle_msgs/lifecycle_msgs/msg/detail/transition_event__rosidl_typesupport_introspection_cpp.hpp
[12.687s] -- Up-to-date: /home/hiro/rust_ws/src/install/lifecycle_msgs/include/lifecycle_msgs/lifecycle_msgs/srv
[12.687s] -- Up-to-date: /home/hiro/rust_ws/src/install/lifecycle_msgs/include/lifecycle_msgs/lifecycle_msgs/srv/detail
[12.687s] -- Installing: /home/hiro/rust_ws/src/install/lifecycle_msgs/include/lifecycle_msgs/lifecycle_msgs/srv/detail/change_state__rosidl_typesupport_introspection_cpp.hpp
[12.688s] -- Installing: /home/hiro/rust_ws/src/install/lifecycle_msgs/include/lifecycle_msgs/lifecycle_msgs/srv/detail/get_available_states__rosidl_typesupport_introspection_cpp.hpp
[12.688s] -- Installing: /home/hiro/rust_ws/src/install/lifecycle_msgs/include/lifecycle_msgs/lifecycle_msgs/srv/detail/get_state__rosidl_typesupport_introspection_cpp.hpp
[12.688s] -- Installing: /home/hiro/rust_ws/src/install/lifecycle_msgs/include/lifecycle_msgs/lifecycle_msgs/srv/detail/get_available_transitions__rosidl_typesupport_introspection_cpp.hpp
[12.688s] -- Installing: /home/hiro/rust_ws/src/install/lifecycle_msgs/include/lifecycle_msgs/lifecycle_msgs/srv/detail/get_available_transitions__type_support.cpp
[12.689s] -- Installing: /home/hiro/rust_ws/src/install/lifecycle_msgs/include/lifecycle_msgs/lifecycle_msgs/srv/detail/change_state__type_support.cpp
[12.689s] -- Installing: /home/hiro/rust_ws/src/install/lifecycle_msgs/include/lifecycle_msgs/lifecycle_msgs/srv/detail/get_state__type_support.cpp
[12.689s] -- Installing: /home/hiro/rust_ws/src/install/lifecycle_msgs/include/lifecycle_msgs/lifecycle_msgs/srv/detail/get_available_states__type_support.cpp
[12.689s] -- Installing: /home/hiro/rust_ws/src/install/lifecycle_msgs/lib/liblifecycle_msgs__rosidl_typesupport_introspection_cpp.so
[12.689s] -- Set runtime path of "/home/hiro/rust_ws/src/install/lifecycle_msgs/lib/liblifecycle_msgs__rosidl_typesupport_introspection_cpp.so" to ""
[12.689s] -- Installing: /home/hiro/rust_ws/src/install/lifecycle_msgs/lib/liblifecycle_msgs__rosidl_typesupport_cpp.so
[12.689s] -- Set runtime path of "/home/hiro/rust_ws/src/install/lifecycle_msgs/lib/liblifecycle_msgs__rosidl_typesupport_cpp.so" to ""
[12.689s] -- Installing: /home/hiro/rust_ws/src/install/lifecycle_msgs/share/ament_index/resource_index/rust_packages/lifecycle_msgs
[12.689s] -- Installing: /home/hiro/rust_ws/src/install/lifecycle_msgs/share/lifecycle_msgs/rust
[12.689s] -- Installing: /home/hiro/rust_ws/src/install/lifecycle_msgs/share/lifecycle_msgs/rust/Cargo.toml
[12.690s] -- Installing: /home/hiro/rust_ws/src/install/lifecycle_msgs/share/lifecycle_msgs/rust/build.rs
[12.690s] -- Installing: /home/hiro/rust_ws/src/install/lifecycle_msgs/share/lifecycle_msgs/rust/src
[12.690s] -- Installing: /home/hiro/rust_ws/src/install/lifecycle_msgs/share/lifecycle_msgs/rust/src/msg.rs
[12.690s] -- Installing: /home/hiro/rust_ws/src/install/lifecycle_msgs/share/lifecycle_msgs/rust/src/srv.rs
[12.690s] -- Installing: /home/hiro/rust_ws/src/install/lifecycle_msgs/share/lifecycle_msgs/rust/src/lib.rs
[12.690s] -- Installing: /home/hiro/rust_ws/src/install/lifecycle_msgs/share/lifecycle_msgs/environment/pythonpath.sh
[12.690s] -- Installing: /home/hiro/rust_ws/src/install/lifecycle_msgs/share/lifecycle_msgs/environment/pythonpath.dsv
[12.690s] -- Installing: /home/hiro/rust_ws/src/install/lifecycle_msgs/local/lib/python3.10/dist-packages/lifecycle_msgs-1.2.1-py3.10.egg-info
[12.690s] -- Installing: /home/hiro/rust_ws/src/install/lifecycle_msgs/local/lib/python3.10/dist-packages/lifecycle_msgs-1.2.1-py3.10.egg-info/top_level.txt
[12.691s] -- Installing: /home/hiro/rust_ws/src/install/lifecycle_msgs/local/lib/python3.10/dist-packages/lifecycle_msgs-1.2.1-py3.10.egg-info/PKG-INFO
[12.691s] -- Installing: /home/hiro/rust_ws/src/install/lifecycle_msgs/local/lib/python3.10/dist-packages/lifecycle_msgs-1.2.1-py3.10.egg-info/SOURCES.txt
[12.691s] -- Installing: /home/hiro/rust_ws/src/install/lifecycle_msgs/local/lib/python3.10/dist-packages/lifecycle_msgs-1.2.1-py3.10.egg-info/dependency_links.txt
[12.691s] -- Installing: /home/hiro/rust_ws/src/install/lifecycle_msgs/local/lib/python3.10/dist-packages/lifecycle_msgs
[12.691s] -- Installing: /home/hiro/rust_ws/src/install/lifecycle_msgs/local/lib/python3.10/dist-packages/lifecycle_msgs/_lifecycle_msgs_s.ep.rosidl_typesupport_fastrtps_c.c
[12.691s] -- Installing: /home/hiro/rust_ws/src/install/lifecycle_msgs/local/lib/python3.10/dist-packages/lifecycle_msgs/lifecycle_msgs_s__rosidl_typesupport_introspection_c.cpython-310-x86_64-linux-gnu.so
[12.691s] -- Installing: /home/hiro/rust_ws/src/install/lifecycle_msgs/local/lib/python3.10/dist-packages/lifecycle_msgs/lifecycle_msgs_s__rosidl_typesupport_fastrtps_c.cpython-310-x86_64-linux-gnu.so
[12.691s] -- Installing: /home/hiro/rust_ws/src/install/lifecycle_msgs/local/lib/python3.10/dist-packages/lifecycle_msgs/__init__.py
[12.691s] -- Installing: /home/hiro/rust_ws/src/install/lifecycle_msgs/local/lib/python3.10/dist-packages/lifecycle_msgs/_lifecycle_msgs_s.ep.rosidl_typesupport_c.c
[12.692s] -- Installing: /home/hiro/rust_ws/src/install/lifecycle_msgs/local/lib/python3.10/dist-packages/lifecycle_msgs/_lifecycle_msgs_s.ep.rosidl_typesupport_introspection_c.c
[12.692s] -- Installing: /home/hiro/rust_ws/src/install/lifecycle_msgs/local/lib/python3.10/dist-packages/lifecycle_msgs/msg
[12.692s] -- Installing: /home/hiro/rust_ws/src/install/lifecycle_msgs/local/lib/python3.10/dist-packages/lifecycle_msgs/msg/_transition_description.py
[12.692s] -- Installing: /home/hiro/rust_ws/src/install/lifecycle_msgs/local/lib/python3.10/dist-packages/lifecycle_msgs/msg/_state.py
[12.692s] -- Installing: /home/hiro/rust_ws/src/install/lifecycle_msgs/local/lib/python3.10/dist-packages/lifecycle_msgs/msg/_transition_event.py
[12.693s] -- Installing: /home/hiro/rust_ws/src/install/lifecycle_msgs/local/lib/python3.10/dist-packages/lifecycle_msgs/msg/_transition.py
[12.693s] -- Installing: /home/hiro/rust_ws/src/install/lifecycle_msgs/local/lib/python3.10/dist-packages/lifecycle_msgs/msg/_transition_event_s.c
[12.693s] -- Installing: /home/hiro/rust_ws/src/install/lifecycle_msgs/local/lib/python3.10/dist-packages/lifecycle_msgs/msg/_transition_s.c
[12.693s] -- Installing: /home/hiro/rust_ws/src/install/lifecycle_msgs/local/lib/python3.10/dist-packages/lifecycle_msgs/msg/__init__.py
[12.693s] -- Installing: /home/hiro/rust_ws/src/install/lifecycle_msgs/local/lib/python3.10/dist-packages/lifecycle_msgs/msg/_state_s.c
[12.694s] -- Installing: /home/hiro/rust_ws/src/install/lifecycle_msgs/local/lib/python3.10/dist-packages/lifecycle_msgs/msg/_transition_description_s.c
[12.694s] -- Installing: /home/hiro/rust_ws/src/install/lifecycle_msgs/local/lib/python3.10/dist-packages/lifecycle_msgs/srv
[12.694s] -- Installing: /home/hiro/rust_ws/src/install/lifecycle_msgs/local/lib/python3.10/dist-packages/lifecycle_msgs/srv/_change_state_s.c
[12.694s] -- Installing: /home/hiro/rust_ws/src/install/lifecycle_msgs/local/lib/python3.10/dist-packages/lifecycle_msgs/srv/_get_available_transitions.py
[12.694s] -- Installing: /home/hiro/rust_ws/src/install/lifecycle_msgs/local/lib/python3.10/dist-packages/lifecycle_msgs/srv/_get_state_s.c
[12.694s] -- Installing: /home/hiro/rust_ws/src/install/lifecycle_msgs/local/lib/python3.10/dist-packages/lifecycle_msgs/srv/_get_state.py
[12.694s] -- Installing: /home/hiro/rust_ws/src/install/lifecycle_msgs/local/lib/python3.10/dist-packages/lifecycle_msgs/srv/_get_available_states_s.c
[12.694s] -- Installing: /home/hiro/rust_ws/src/install/lifecycle_msgs/local/lib/python3.10/dist-packages/lifecycle_msgs/srv/_get_available_transitions_s.c
[12.694s] -- Installing: /home/hiro/rust_ws/src/install/lifecycle_msgs/local/lib/python3.10/dist-packages/lifecycle_msgs/srv/_change_state.py
[12.694s] -- Installing: /home/hiro/rust_ws/src/install/lifecycle_msgs/local/lib/python3.10/dist-packages/lifecycle_msgs/srv/__init__.py
[12.695s] -- Installing: /home/hiro/rust_ws/src/install/lifecycle_msgs/local/lib/python3.10/dist-packages/lifecycle_msgs/srv/_get_available_states.py
[12.695s] -- Installing: /home/hiro/rust_ws/src/install/lifecycle_msgs/local/lib/python3.10/dist-packages/lifecycle_msgs/liblifecycle_msgs__rosidl_generator_py.so
[12.695s] -- Installing: /home/hiro/rust_ws/src/install/lifecycle_msgs/local/lib/python3.10/dist-packages/lifecycle_msgs/lifecycle_msgs_s__rosidl_typesupport_c.cpython-310-x86_64-linux-gnu.so
[12.792s] Listing '/home/hiro/rust_ws/src/install/lifecycle_msgs/local/lib/python3.10/dist-packages/lifecycle_msgs'...
[12.792s] Compiling '/home/hiro/rust_ws/src/install/lifecycle_msgs/local/lib/python3.10/dist-packages/lifecycle_msgs/__init__.py'...
[12.792s] Listing '/home/hiro/rust_ws/src/install/lifecycle_msgs/local/lib/python3.10/dist-packages/lifecycle_msgs/msg'...
[12.793s] Compiling '/home/hiro/rust_ws/src/install/lifecycle_msgs/local/lib/python3.10/dist-packages/lifecycle_msgs/msg/__init__.py'...
[12.793s] Compiling '/home/hiro/rust_ws/src/install/lifecycle_msgs/local/lib/python3.10/dist-packages/lifecycle_msgs/msg/_state.py'...
[12.793s] Compiling '/home/hiro/rust_ws/src/install/lifecycle_msgs/local/lib/python3.10/dist-packages/lifecycle_msgs/msg/_transition.py'...
[12.793s] Compiling '/home/hiro/rust_ws/src/install/lifecycle_msgs/local/lib/python3.10/dist-packages/lifecycle_msgs/msg/_transition_description.py'...
[12.793s] Compiling '/home/hiro/rust_ws/src/install/lifecycle_msgs/local/lib/python3.10/dist-packages/lifecycle_msgs/msg/_transition_event.py'...
[12.793s] Listing '/home/hiro/rust_ws/src/install/lifecycle_msgs/local/lib/python3.10/dist-packages/lifecycle_msgs/srv'...
[12.793s] Compiling '/home/hiro/rust_ws/src/install/lifecycle_msgs/local/lib/python3.10/dist-packages/lifecycle_msgs/srv/__init__.py'...
[12.793s] Compiling '/home/hiro/rust_ws/src/install/lifecycle_msgs/local/lib/python3.10/dist-packages/lifecycle_msgs/srv/_change_state.py'...
[12.793s] Compiling '/home/hiro/rust_ws/src/install/lifecycle_msgs/local/lib/python3.10/dist-packages/lifecycle_msgs/srv/_get_available_states.py'...
[12.794s] Compiling '/home/hiro/rust_ws/src/install/lifecycle_msgs/local/lib/python3.10/dist-packages/lifecycle_msgs/srv/_get_available_transitions.py'...
[12.794s] Compiling '/home/hiro/rust_ws/src/install/lifecycle_msgs/local/lib/python3.10/dist-packages/lifecycle_msgs/srv/_get_state.py'...
[12.801s] -- Installing: /home/hiro/rust_ws/src/install/lifecycle_msgs/local/lib/python3.10/dist-packages/lifecycle_msgs/lifecycle_msgs_s__rosidl_typesupport_fastrtps_c.cpython-310-x86_64-linux-gnu.so
[12.803s] -- Set runtime path of "/home/hiro/rust_ws/src/install/lifecycle_msgs/local/lib/python3.10/dist-packages/lifecycle_msgs/lifecycle_msgs_s__rosidl_typesupport_fastrtps_c.cpython-310-x86_64-linux-gnu.so" to ""
[12.803s] -- Installing: /home/hiro/rust_ws/src/install/lifecycle_msgs/local/lib/python3.10/dist-packages/lifecycle_msgs/lifecycle_msgs_s__rosidl_typesupport_introspection_c.cpython-310-x86_64-linux-gnu.so
[12.804s] -- Set runtime path of "/home/hiro/rust_ws/src/install/lifecycle_msgs/local/lib/python3.10/dist-packages/lifecycle_msgs/lifecycle_msgs_s__rosidl_typesupport_introspection_c.cpython-310-x86_64-linux-gnu.so" to ""
[12.804s] -- Installing: /home/hiro/rust_ws/src/install/lifecycle_msgs/local/lib/python3.10/dist-packages/lifecycle_msgs/lifecycle_msgs_s__rosidl_typesupport_c.cpython-310-x86_64-linux-gnu.so
[12.823s] -- Set runtime path of "/home/hiro/rust_ws/src/install/lifecycle_msgs/local/lib/python3.10/dist-packages/lifecycle_msgs/lifecycle_msgs_s__rosidl_typesupport_c.cpython-310-x86_64-linux-gnu.so" to ""
[12.829s] -- Installing: /home/hiro/rust_ws/src/install/lifecycle_msgs/lib/liblifecycle_msgs__rosidl_generator_py.so
[12.829s] -- Set runtime path of "/home/hiro/rust_ws/src/install/lifecycle_msgs/lib/liblifecycle_msgs__rosidl_generator_py.so" to ""
[12.829s] -- Installing: /home/hiro/rust_ws/src/install/lifecycle_msgs/share/lifecycle_msgs/msg/State.idl
[12.829s] -- Installing: /home/hiro/rust_ws/src/install/lifecycle_msgs/share/lifecycle_msgs/msg/Transition.idl
[12.829s] -- Installing: /home/hiro/rust_ws/src/install/lifecycle_msgs/share/lifecycle_msgs/msg/TransitionDescription.idl
[12.831s] -- Installing: /home/hiro/rust_ws/src/install/lifecycle_msgs/share/lifecycle_msgs/msg/TransitionEvent.idl
[12.831s] -- Installing: /home/hiro/rust_ws/src/install/lifecycle_msgs/share/lifecycle_msgs/srv/ChangeState.idl
[12.834s] -- Installing: /home/hiro/rust_ws/src/install/lifecycle_msgs/share/lifecycle_msgs/srv/GetAvailableStates.idl
[12.834s] -- Installing: /home/hiro/rust_ws/src/install/lifecycle_msgs/share/lifecycle_msgs/srv/GetAvailableTransitions.idl
[12.834s] -- Installing: /home/hiro/rust_ws/src/install/lifecycle_msgs/share/lifecycle_msgs/srv/GetState.idl
[12.834s] -- Installing: /home/hiro/rust_ws/src/install/lifecycle_msgs/share/lifecycle_msgs/msg/State.msg
[12.834s] -- Installing: /home/hiro/rust_ws/src/install/lifecycle_msgs/share/lifecycle_msgs/msg/Transition.msg
[12.834s] -- Installing: /home/hiro/rust_ws/src/install/lifecycle_msgs/share/lifecycle_msgs/msg/TransitionDescription.msg
[12.834s] -- Installing: /home/hiro/rust_ws/src/install/lifecycle_msgs/share/lifecycle_msgs/msg/TransitionEvent.msg
[12.835s] -- Installing: /home/hiro/rust_ws/src/install/lifecycle_msgs/share/lifecycle_msgs/srv/ChangeState.srv
[12.835s] -- Installing: /home/hiro/rust_ws/src/install/lifecycle_msgs/share/lifecycle_msgs/srv/ChangeState_Request.msg
[12.835s] -- Installing: /home/hiro/rust_ws/src/install/lifecycle_msgs/share/lifecycle_msgs/srv/ChangeState_Response.msg
[12.835s] -- Installing: /home/hiro/rust_ws/src/install/lifecycle_msgs/share/lifecycle_msgs/srv/GetAvailableStates.srv
[12.835s] -- Installing: /home/hiro/rust_ws/src/install/lifecycle_msgs/share/lifecycle_msgs/srv/GetAvailableStates_Request.msg
[12.835s] -- Installing: /home/hiro/rust_ws/src/install/lifecycle_msgs/share/lifecycle_msgs/srv/GetAvailableStates_Response.msg
[12.835s] -- Installing: /home/hiro/rust_ws/src/install/lifecycle_msgs/share/lifecycle_msgs/srv/GetAvailableTransitions.srv
[12.836s] -- Installing: /home/hiro/rust_ws/src/install/lifecycle_msgs/share/lifecycle_msgs/srv/GetAvailableTransitions_Request.msg
[12.837s] -- Installing: /home/hiro/rust_ws/src/install/lifecycle_msgs/share/lifecycle_msgs/srv/GetAvailableTransitions_Response.msg
[12.837s] -- Installing: /home/hiro/rust_ws/src/install/lifecycle_msgs/share/lifecycle_msgs/srv/GetState.srv
[12.837s] -- Installing: /home/hiro/rust_ws/src/install/lifecycle_msgs/share/lifecycle_msgs/srv/GetState_Request.msg
[12.837s] -- Installing: /home/hiro/rust_ws/src/install/lifecycle_msgs/share/lifecycle_msgs/srv/GetState_Response.msg
[12.838s] -- Installing: /home/hiro/rust_ws/src/install/lifecycle_msgs/share/ament_index/resource_index/package_run_dependencies/lifecycle_msgs
[12.838s] -- Installing: /home/hiro/rust_ws/src/install/lifecycle_msgs/share/ament_index/resource_index/parent_prefix_path/lifecycle_msgs
[12.838s] -- Installing: /home/hiro/rust_ws/src/install/lifecycle_msgs/share/lifecycle_msgs/environment/ament_prefix_path.sh
[12.838s] -- Installing: /home/hiro/rust_ws/src/install/lifecycle_msgs/share/lifecycle_msgs/environment/ament_prefix_path.dsv
[12.839s] -- Installing: /home/hiro/rust_ws/src/install/lifecycle_msgs/share/lifecycle_msgs/environment/path.sh
[12.839s] -- Installing: /home/hiro/rust_ws/src/install/lifecycle_msgs/share/lifecycle_msgs/environment/path.dsv
[12.839s] -- Installing: /home/hiro/rust_ws/src/install/lifecycle_msgs/share/lifecycle_msgs/local_setup.bash
[12.839s] -- Installing: /home/hiro/rust_ws/src/install/lifecycle_msgs/share/lifecycle_msgs/local_setup.sh
[12.839s] -- Installing: /home/hiro/rust_ws/src/install/lifecycle_msgs/share/lifecycle_msgs/local_setup.zsh
[12.839s] -- Installing: /home/hiro/rust_ws/src/install/lifecycle_msgs/share/lifecycle_msgs/local_setup.dsv
[12.839s] -- Installing: /home/hiro/rust_ws/src/install/lifecycle_msgs/share/lifecycle_msgs/package.dsv
[12.839s] -- Installing: /home/hiro/rust_ws/src/install/lifecycle_msgs/share/ament_index/resource_index/packages/lifecycle_msgs
[12.840s] -- Installing: /home/hiro/rust_ws/src/install/lifecycle_msgs/share/lifecycle_msgs/cmake/export_lifecycle_msgs__rosidl_generator_cExport.cmake
[12.840s] -- Installing: /home/hiro/rust_ws/src/install/lifecycle_msgs/share/lifecycle_msgs/cmake/export_lifecycle_msgs__rosidl_generator_cExport-noconfig.cmake
[12.840s] -- Installing: /home/hiro/rust_ws/src/install/lifecycle_msgs/share/lifecycle_msgs/cmake/export_lifecycle_msgs__rosidl_typesupport_fastrtps_cExport.cmake
[12.840s] -- Installing: /home/hiro/rust_ws/src/install/lifecycle_msgs/share/lifecycle_msgs/cmake/export_lifecycle_msgs__rosidl_typesupport_fastrtps_cExport-noconfig.cmake
[12.840s] -- Installing: /home/hiro/rust_ws/src/install/lifecycle_msgs/share/lifecycle_msgs/cmake/lifecycle_msgs__rosidl_typesupport_introspection_cExport.cmake
[12.840s] -- Installing: /home/hiro/rust_ws/src/install/lifecycle_msgs/share/lifecycle_msgs/cmake/lifecycle_msgs__rosidl_typesupport_introspection_cExport-noconfig.cmake
[12.840s] -- Installing: /home/hiro/rust_ws/src/install/lifecycle_msgs/share/lifecycle_msgs/cmake/lifecycle_msgs__rosidl_typesupport_cExport.cmake
[12.840s] -- Installing: /home/hiro/rust_ws/src/install/lifecycle_msgs/share/lifecycle_msgs/cmake/lifecycle_msgs__rosidl_typesupport_cExport-noconfig.cmake
[12.841s] -- Installing: /home/hiro/rust_ws/src/install/lifecycle_msgs/share/lifecycle_msgs/cmake/export_lifecycle_msgs__rosidl_generator_cppExport.cmake
[12.841s] -- Installing: /home/hiro/rust_ws/src/install/lifecycle_msgs/share/lifecycle_msgs/cmake/export_lifecycle_msgs__rosidl_typesupport_fastrtps_cppExport.cmake
[12.841s] -- Installing: /home/hiro/rust_ws/src/install/lifecycle_msgs/share/lifecycle_msgs/cmake/export_lifecycle_msgs__rosidl_typesupport_fastrtps_cppExport-noconfig.cmake
[12.841s] -- Installing: /home/hiro/rust_ws/src/install/lifecycle_msgs/share/lifecycle_msgs/cmake/lifecycle_msgs__rosidl_typesupport_introspection_cppExport.cmake
[12.841s] -- Installing: /home/hiro/rust_ws/src/install/lifecycle_msgs/share/lifecycle_msgs/cmake/lifecycle_msgs__rosidl_typesupport_introspection_cppExport-noconfig.cmake
[12.841s] -- Installing: /home/hiro/rust_ws/src/install/lifecycle_msgs/share/lifecycle_msgs/cmake/lifecycle_msgs__rosidl_typesupport_cppExport.cmake
[12.841s] -- Installing: /home/hiro/rust_ws/src/install/lifecycle_msgs/share/lifecycle_msgs/cmake/lifecycle_msgs__rosidl_typesupport_cppExport-noconfig.cmake
[12.841s] -- Installing: /home/hiro/rust_ws/src/install/lifecycle_msgs/share/lifecycle_msgs/cmake/export_lifecycle_msgs__rosidl_generator_pyExport.cmake
[12.841s] -- Installing: /home/hiro/rust_ws/src/install/lifecycle_msgs/share/lifecycle_msgs/cmake/export_lifecycle_msgs__rosidl_generator_pyExport-noconfig.cmake
[12.842s] -- Installing: /home/hiro/rust_ws/src/install/lifecycle_msgs/share/lifecycle_msgs/cmake/rosidl_cmake-extras.cmake
[12.842s] -- Installing: /home/hiro/rust_ws/src/install/lifecycle_msgs/share/lifecycle_msgs/cmake/ament_cmake_export_include_directories-extras.cmake
[12.842s] -- Installing: /home/hiro/rust_ws/src/install/lifecycle_msgs/share/lifecycle_msgs/cmake/ament_cmake_export_libraries-extras.cmake
[12.842s] -- Installing: /home/hiro/rust_ws/src/install/lifecycle_msgs/share/lifecycle_msgs/cmake/ament_cmake_export_targets-extras.cmake
[12.842s] -- Installing: /home/hiro/rust_ws/src/install/lifecycle_msgs/share/lifecycle_msgs/cmake/rosidl_cmake_export_typesupport_targets-extras.cmake
[12.842s] -- Installing: /home/hiro/rust_ws/src/install/lifecycle_msgs/share/lifecycle_msgs/cmake/ament_cmake_export_dependencies-extras.cmake
[12.842s] -- Installing: /home/hiro/rust_ws/src/install/lifecycle_msgs/share/lifecycle_msgs/cmake/rosidl_cmake_export_typesupport_libraries-extras.cmake
[12.842s] -- Installing: /home/hiro/rust_ws/src/install/lifecycle_msgs/share/lifecycle_msgs/cmake/lifecycle_msgsConfig.cmake
[12.842s] -- Installing: /home/hiro/rust_ws/src/install/lifecycle_msgs/share/lifecycle_msgs/cmake/lifecycle_msgsConfig-version.cmake
[12.842s] -- Installing: /home/hiro/rust_ws/src/install/lifecycle_msgs/share/lifecycle_msgs/package.xml
[12.856s] Invoked command in '/home/hiro/rust_ws/src/build/lifecycle_msgs' returned '0': AMENT_PREFIX_PATH=/home/hiro/rust_ws/src/install/rosidl_default_runtime:/home/hiro/rust_ws/src/install/rosidl_default_generators:/home/hiro/rust_ws/src/install/rosidl_generator_rs:/home/hiro/rust_ws/src/install/rosidl_runtime_rs:${AMENT_PREFIX_PATH} CMAKE_PREFIX_PATH=/home/hiro/rust_ws/src/install/rosidl_default_runtime:/home/hiro/rust_ws/src/install/rosidl_default_generators:/home/hiro/rust_ws/src/install/rosidl_generator_rs:/home/hiro/ws_livox/install/livox_ros_driver2:/opt/ros/humble PYTHONPATH=/home/hiro/rust_ws/src/install/rosidl_generator_rs/local/lib/python3.10/dist-packages:${PYTHONPATH} /usr/bin/cmake --install /home/hiro/rust_ws/src/build/lifecycle_msgs
