[0.243s] Invoking command in '/home/hiro/rust_ws/src/build/rosgraph_msgs': AMENT_PREFIX_PATH=/home/hiro/rust_ws/src/install/builtin_interfaces:/home/hiro/rust_ws/src/install/rosidl_default_runtime:/home/hiro/rust_ws/src/install/rosidl_default_generators:/home/hiro/rust_ws/src/install/rosidl_generator_rs:/home/hiro/rust_ws/src/install/rosidl_runtime_rs:${AMENT_PREFIX_PATH} CMAKE_PREFIX_PATH=/home/hiro/rust_ws/src/install/builtin_interfaces:/home/hiro/rust_ws/src/install/rosidl_default_runtime:/home/hiro/rust_ws/src/install/rosidl_default_generators:/home/hiro/rust_ws/src/install/rosidl_generator_rs:/home/hiro/ws_livox/install/livox_ros_driver2:/opt/ros/humble LD_LIBRARY_PATH=/home/hiro/rust_ws/src/install/builtin_interfaces/lib:${LD_LIBRARY_PATH} PYTHONPATH=/home/hiro/rust_ws/src/install/builtin_interfaces/local/lib/python3.10/dist-packages:/home/hiro/rust_ws/src/install/rosidl_generator_rs/local/lib/python3.10/dist-packages:${PYTHONPATH} /usr/bin/cmake --build /home/hiro/rust_ws/src/build/rosgraph_msgs -- -j22 -l22
[0.295s] [  9%] Built target rosgraph_msgs__rosidl_generator_c
[0.295s] [ 12%] Built target rosgraph_msgs__rs
[0.296s] [ 15%] Built target rosgraph_msgs__cpp
[0.312s] [ 15%] Built target ament_cmake_python_copy_rosgraph_msgs
[0.337s] [ 25%] Built target rosgraph_msgs__rosidl_typesupport_fastrtps_c
[0.344s] [ 34%] Built target rosgraph_msgs__rosidl_typesupport_c
[0.347s] [ 43%] Built target rosgraph_msgs__rosidl_typesupport_cpp
[0.347s] [ 53%] Built target rosgraph_msgs__rosidl_typesupport_introspection_cpp
[0.349s] [ 62%] Built target rosgraph_msgs__rosidl_typesupport_fastrtps_cpp
[0.357s] [ 71%] Built target rosgraph_msgs__rosidl_typesupport_introspection_c
[0.393s] [ 71%] Built target rosgraph_msgs
[0.424s] [ 75%] Built target rosgraph_msgs__py
[0.447s] [ 81%] Built target rosgraph_msgs__rosidl_generator_py
[0.475s] [ 87%] Built target rosgraph_msgs__rosidl_typesupport_introspection_c__pyext
[0.479s] [ 93%] Built target rosgraph_msgs__rosidl_typesupport_c__pyext
[0.481s] [100%] Built target rosgraph_msgs__rosidl_typesupport_fastrtps_c__pyext
[0.777s] running egg_info
[0.789s] writing rosgraph_msgs.egg-info/PKG-INFO
[0.789s] writing dependency_links to rosgraph_msgs.egg-info/dependency_links.txt
[0.789s] writing top-level names to rosgraph_msgs.egg-info/top_level.txt
[0.832s] reading manifest file 'rosgraph_msgs.egg-info/SOURCES.txt'
[0.832s] writing manifest file 'rosgraph_msgs.egg-info/SOURCES.txt'
[0.901s] [100%] Built target ament_cmake_python_build_rosgraph_msgs_egg
[0.912s] Invoked command in '/home/hiro/rust_ws/src/build/rosgraph_msgs' returned '0': AMENT_PREFIX_PATH=/home/hiro/rust_ws/src/install/builtin_interfaces:/home/hiro/rust_ws/src/install/rosidl_default_runtime:/home/hiro/rust_ws/src/install/rosidl_default_generators:/home/hiro/rust_ws/src/install/rosidl_generator_rs:/home/hiro/rust_ws/src/install/rosidl_runtime_rs:${AMENT_PREFIX_PATH} CMAKE_PREFIX_PATH=/home/hiro/rust_ws/src/install/builtin_interfaces:/home/hiro/rust_ws/src/install/rosidl_default_runtime:/home/hiro/rust_ws/src/install/rosidl_default_generators:/home/hiro/rust_ws/src/install/rosidl_generator_rs:/home/hiro/ws_livox/install/livox_ros_driver2:/opt/ros/humble LD_LIBRARY_PATH=/home/hiro/rust_ws/src/install/builtin_interfaces/lib:${LD_LIBRARY_PATH} PYTHONPATH=/home/hiro/rust_ws/src/install/builtin_interfaces/local/lib/python3.10/dist-packages:/home/hiro/rust_ws/src/install/rosidl_generator_rs/local/lib/python3.10/dist-packages:${PYTHONPATH} /usr/bin/cmake --build /home/hiro/rust_ws/src/build/rosgraph_msgs -- -j22 -l22
[0.985s] Invoking command in '/home/hiro/rust_ws/src/build/rosgraph_msgs': AMENT_PREFIX_PATH=/home/hiro/rust_ws/src/install/builtin_interfaces:/home/hiro/rust_ws/src/install/rosidl_default_runtime:/home/hiro/rust_ws/src/install/rosidl_default_generators:/home/hiro/rust_ws/src/install/rosidl_generator_rs:/home/hiro/rust_ws/src/install/rosidl_runtime_rs:${AMENT_PREFIX_PATH} CMAKE_PREFIX_PATH=/home/hiro/rust_ws/src/install/builtin_interfaces:/home/hiro/rust_ws/src/install/rosidl_default_runtime:/home/hiro/rust_ws/src/install/rosidl_default_generators:/home/hiro/rust_ws/src/install/rosidl_generator_rs:/home/hiro/ws_livox/install/livox_ros_driver2:/opt/ros/humble LD_LIBRARY_PATH=/home/hiro/rust_ws/src/install/builtin_interfaces/lib:${LD_LIBRARY_PATH} PYTHONPATH=/home/hiro/rust_ws/src/install/builtin_interfaces/local/lib/python3.10/dist-packages:/home/hiro/rust_ws/src/install/rosidl_generator_rs/local/lib/python3.10/dist-packages:${PYTHONPATH} /usr/bin/cmake --install /home/hiro/rust_ws/src/build/rosgraph_msgs
[0.991s] -- Install configuration: ""
[0.992s] -- Up-to-date: /home/hiro/rust_ws/src/install/rosgraph_msgs/share/ament_index/resource_index/rosidl_interfaces/rosgraph_msgs
[0.993s] -- Up-to-date: /home/hiro/rust_ws/src/install/rosgraph_msgs/include/rosgraph_msgs/rosgraph_msgs
[0.994s] -- Up-to-date: /home/hiro/rust_ws/src/install/rosgraph_msgs/include/rosgraph_msgs/rosgraph_msgs/msg
[0.995s] -- Up-to-date: /home/hiro/rust_ws/src/install/rosgraph_msgs/include/rosgraph_msgs/rosgraph_msgs/msg/rosidl_generator_c__visibility_control.h
[0.995s] -- Up-to-date: /home/hiro/rust_ws/src/install/rosgraph_msgs/include/rosgraph_msgs/rosgraph_msgs/msg/clock.h
[0.996s] -- Up-to-date: /home/hiro/rust_ws/src/install/rosgraph_msgs/include/rosgraph_msgs/rosgraph_msgs/msg/detail
[0.999s] -- Up-to-date: /home/hiro/rust_ws/src/install/rosgraph_msgs/include/rosgraph_msgs/rosgraph_msgs/msg/detail/clock__functions.h
[1.001s] -- Up-to-date: /home/hiro/rust_ws/src/install/rosgraph_msgs/include/rosgraph_msgs/rosgraph_msgs/msg/detail/clock__type_support.h
[1.002s] -- Up-to-date: /home/hiro/rust_ws/src/install/rosgraph_msgs/include/rosgraph_msgs/rosgraph_msgs/msg/detail/clock__functions.c
[1.004s] -- Up-to-date: /home/hiro/rust_ws/src/install/rosgraph_msgs/include/rosgraph_msgs/rosgraph_msgs/msg/detail/clock__struct.h
[1.005s] -- Up-to-date: /home/hiro/rust_ws/src/install/rosgraph_msgs/share/rosgraph_msgs/environment/library_path.sh
[1.006s] -- Up-to-date: /home/hiro/rust_ws/src/install/rosgraph_msgs/share/rosgraph_msgs/environment/library_path.dsv
[1.006s] -- Up-to-date: /home/hiro/rust_ws/src/install/rosgraph_msgs/lib/librosgraph_msgs__rosidl_generator_c.so
[1.007s] -- Up-to-date: /home/hiro/rust_ws/src/install/rosgraph_msgs/include/rosgraph_msgs/rosgraph_msgs
[1.007s] -- Up-to-date: /home/hiro/rust_ws/src/install/rosgraph_msgs/include/rosgraph_msgs/rosgraph_msgs/msg
[1.007s] -- Up-to-date: /home/hiro/rust_ws/src/install/rosgraph_msgs/include/rosgraph_msgs/rosgraph_msgs/msg/detail
[1.007s] -- Up-to-date: /home/hiro/rust_ws/src/install/rosgraph_msgs/include/rosgraph_msgs/rosgraph_msgs/msg/detail/clock__rosidl_typesupport_fastrtps_c.h
[1.007s] -- Up-to-date: /home/hiro/rust_ws/src/install/rosgraph_msgs/include/rosgraph_msgs/rosgraph_msgs/msg/rosidl_typesupport_fastrtps_c__visibility_control.h
[1.008s] -- Up-to-date: /home/hiro/rust_ws/src/install/rosgraph_msgs/lib/librosgraph_msgs__rosidl_typesupport_fastrtps_c.so
[1.008s] -- Up-to-date: /home/hiro/rust_ws/src/install/rosgraph_msgs/include/rosgraph_msgs/rosgraph_msgs
[1.008s] -- Up-to-date: /home/hiro/rust_ws/src/install/rosgraph_msgs/include/rosgraph_msgs/rosgraph_msgs/msg
[1.009s] -- Up-to-date: /home/hiro/rust_ws/src/install/rosgraph_msgs/include/rosgraph_msgs/rosgraph_msgs/msg/clock.hpp
[1.009s] -- Up-to-date: /home/hiro/rust_ws/src/install/rosgraph_msgs/include/rosgraph_msgs/rosgraph_msgs/msg/detail
[1.009s] -- Up-to-date: /home/hiro/rust_ws/src/install/rosgraph_msgs/include/rosgraph_msgs/rosgraph_msgs/msg/detail/clock__struct.hpp
[1.009s] -- Up-to-date: /home/hiro/rust_ws/src/install/rosgraph_msgs/include/rosgraph_msgs/rosgraph_msgs/msg/detail/clock__traits.hpp
[1.009s] -- Up-to-date: /home/hiro/rust_ws/src/install/rosgraph_msgs/include/rosgraph_msgs/rosgraph_msgs/msg/detail/clock__builder.hpp
[1.009s] -- Up-to-date: /home/hiro/rust_ws/src/install/rosgraph_msgs/include/rosgraph_msgs/rosgraph_msgs
[1.010s] -- Up-to-date: /home/hiro/rust_ws/src/install/rosgraph_msgs/include/rosgraph_msgs/rosgraph_msgs/msg
[1.010s] -- Up-to-date: /home/hiro/rust_ws/src/install/rosgraph_msgs/include/rosgraph_msgs/rosgraph_msgs/msg/rosidl_typesupport_fastrtps_cpp__visibility_control.h
[1.010s] -- Up-to-date: /home/hiro/rust_ws/src/install/rosgraph_msgs/include/rosgraph_msgs/rosgraph_msgs/msg/detail
[1.010s] -- Up-to-date: /home/hiro/rust_ws/src/install/rosgraph_msgs/include/rosgraph_msgs/rosgraph_msgs/msg/detail/clock__rosidl_typesupport_fastrtps_cpp.hpp
[1.011s] -- Up-to-date: /home/hiro/rust_ws/src/install/rosgraph_msgs/include/rosgraph_msgs/rosgraph_msgs/msg/detail/dds_fastrtps
[1.011s] -- Up-to-date: /home/hiro/rust_ws/src/install/rosgraph_msgs/lib/librosgraph_msgs__rosidl_typesupport_fastrtps_cpp.so
[1.011s] -- Up-to-date: /home/hiro/rust_ws/src/install/rosgraph_msgs/include/rosgraph_msgs/rosgraph_msgs
[1.012s] -- Up-to-date: /home/hiro/rust_ws/src/install/rosgraph_msgs/include/rosgraph_msgs/rosgraph_msgs/msg
[1.012s] -- Up-to-date: /home/hiro/rust_ws/src/install/rosgraph_msgs/include/rosgraph_msgs/rosgraph_msgs/msg/rosidl_typesupport_introspection_c__visibility_control.h
[1.012s] -- Up-to-date: /home/hiro/rust_ws/src/install/rosgraph_msgs/include/rosgraph_msgs/rosgraph_msgs/msg/detail
[1.013s] -- Up-to-date: /home/hiro/rust_ws/src/install/rosgraph_msgs/include/rosgraph_msgs/rosgraph_msgs/msg/detail/clock__type_support.c
[1.013s] -- Up-to-date: /home/hiro/rust_ws/src/install/rosgraph_msgs/include/rosgraph_msgs/rosgraph_msgs/msg/detail/clock__rosidl_typesupport_introspection_c.h
[1.013s] -- Up-to-date: /home/hiro/rust_ws/src/install/rosgraph_msgs/lib/librosgraph_msgs__rosidl_typesupport_introspection_c.so
[1.013s] -- Up-to-date: /home/hiro/rust_ws/src/install/rosgraph_msgs/lib/librosgraph_msgs__rosidl_typesupport_c.so
[1.014s] -- Up-to-date: /home/hiro/rust_ws/src/install/rosgraph_msgs/include/rosgraph_msgs/rosgraph_msgs
[1.014s] -- Up-to-date: /home/hiro/rust_ws/src/install/rosgraph_msgs/include/rosgraph_msgs/rosgraph_msgs/msg
[1.014s] -- Up-to-date: /home/hiro/rust_ws/src/install/rosgraph_msgs/include/rosgraph_msgs/rosgraph_msgs/msg/detail
[1.014s] -- Up-to-date: /home/hiro/rust_ws/src/install/rosgraph_msgs/include/rosgraph_msgs/rosgraph_msgs/msg/detail/clock__rosidl_typesupport_introspection_cpp.hpp
[1.014s] -- Up-to-date: /home/hiro/rust_ws/src/install/rosgraph_msgs/include/rosgraph_msgs/rosgraph_msgs/msg/detail/clock__type_support.cpp
[1.015s] -- Up-to-date: /home/hiro/rust_ws/src/install/rosgraph_msgs/lib/librosgraph_msgs__rosidl_typesupport_introspection_cpp.so
[1.015s] -- Up-to-date: /home/hiro/rust_ws/src/install/rosgraph_msgs/lib/librosgraph_msgs__rosidl_typesupport_cpp.so
[1.016s] -- Up-to-date: /home/hiro/rust_ws/src/install/rosgraph_msgs/share/ament_index/resource_index/rust_packages/rosgraph_msgs
[1.016s] -- Up-to-date: /home/hiro/rust_ws/src/install/rosgraph_msgs/share/rosgraph_msgs/rust
[1.017s] -- Up-to-date: /home/hiro/rust_ws/src/install/rosgraph_msgs/share/rosgraph_msgs/rust/Cargo.toml
[1.017s] -- Up-to-date: /home/hiro/rust_ws/src/install/rosgraph_msgs/share/rosgraph_msgs/rust/build.rs
[1.017s] -- Up-to-date: /home/hiro/rust_ws/src/install/rosgraph_msgs/share/rosgraph_msgs/rust/src
[1.017s] -- Up-to-date: /home/hiro/rust_ws/src/install/rosgraph_msgs/share/rosgraph_msgs/rust/src/msg.rs
[1.017s] -- Up-to-date: /home/hiro/rust_ws/src/install/rosgraph_msgs/share/rosgraph_msgs/rust/src/lib.rs
[1.018s] -- Up-to-date: /home/hiro/rust_ws/src/install/rosgraph_msgs/share/rosgraph_msgs/environment/pythonpath.sh
[1.018s] -- Up-to-date: /home/hiro/rust_ws/src/install/rosgraph_msgs/share/rosgraph_msgs/environment/pythonpath.dsv
[1.018s] -- Up-to-date: /home/hiro/rust_ws/src/install/rosgraph_msgs/local/lib/python3.10/dist-packages/rosgraph_msgs-1.2.1-py3.10.egg-info
[1.023s] -- Installing: /home/hiro/rust_ws/src/install/rosgraph_msgs/local/lib/python3.10/dist-packages/rosgraph_msgs-1.2.1-py3.10.egg-info/top_level.txt
[1.023s] -- Installing: /home/hiro/rust_ws/src/install/rosgraph_msgs/local/lib/python3.10/dist-packages/rosgraph_msgs-1.2.1-py3.10.egg-info/PKG-INFO
[1.026s] -- Installing: /home/hiro/rust_ws/src/install/rosgraph_msgs/local/lib/python3.10/dist-packages/rosgraph_msgs-1.2.1-py3.10.egg-info/SOURCES.txt
[1.026s] -- Installing: /home/hiro/rust_ws/src/install/rosgraph_msgs/local/lib/python3.10/dist-packages/rosgraph_msgs-1.2.1-py3.10.egg-info/dependency_links.txt
[1.026s] -- Up-to-date: /home/hiro/rust_ws/src/install/rosgraph_msgs/local/lib/python3.10/dist-packages/rosgraph_msgs
[1.028s] -- Up-to-date: /home/hiro/rust_ws/src/install/rosgraph_msgs/local/lib/python3.10/dist-packages/rosgraph_msgs/rosgraph_msgs_s__rosidl_typesupport_c.cpython-310-x86_64-linux-gnu.so
[1.029s] -- Up-to-date: /home/hiro/rust_ws/src/install/rosgraph_msgs/local/lib/python3.10/dist-packages/rosgraph_msgs/rosgraph_msgs_s__rosidl_typesupport_fastrtps_c.cpython-310-x86_64-linux-gnu.so
[1.029s] -- Up-to-date: /home/hiro/rust_ws/src/install/rosgraph_msgs/local/lib/python3.10/dist-packages/rosgraph_msgs/rosgraph_msgs_s__rosidl_typesupport_introspection_c.cpython-310-x86_64-linux-gnu.so
[1.029s] -- Up-to-date: /home/hiro/rust_ws/src/install/rosgraph_msgs/local/lib/python3.10/dist-packages/rosgraph_msgs/librosgraph_msgs__rosidl_generator_py.so
[1.029s] -- Up-to-date: /home/hiro/rust_ws/src/install/rosgraph_msgs/local/lib/python3.10/dist-packages/rosgraph_msgs/_rosgraph_msgs_s.ep.rosidl_typesupport_c.c
[1.029s] -- Up-to-date: /home/hiro/rust_ws/src/install/rosgraph_msgs/local/lib/python3.10/dist-packages/rosgraph_msgs/_rosgraph_msgs_s.ep.rosidl_typesupport_fastrtps_c.c
[1.030s] -- Up-to-date: /home/hiro/rust_ws/src/install/rosgraph_msgs/local/lib/python3.10/dist-packages/rosgraph_msgs/_rosgraph_msgs_s.ep.rosidl_typesupport_introspection_c.c
[1.030s] -- Up-to-date: /home/hiro/rust_ws/src/install/rosgraph_msgs/local/lib/python3.10/dist-packages/rosgraph_msgs/__init__.py
[1.030s] -- Up-to-date: /home/hiro/rust_ws/src/install/rosgraph_msgs/local/lib/python3.10/dist-packages/rosgraph_msgs/msg
[1.030s] -- Up-to-date: /home/hiro/rust_ws/src/install/rosgraph_msgs/local/lib/python3.10/dist-packages/rosgraph_msgs/msg/_clock_s.c
[1.031s] -- Up-to-date: /home/hiro/rust_ws/src/install/rosgraph_msgs/local/lib/python3.10/dist-packages/rosgraph_msgs/msg/__init__.py
[1.031s] -- Up-to-date: /home/hiro/rust_ws/src/install/rosgraph_msgs/local/lib/python3.10/dist-packages/rosgraph_msgs/msg/_clock.py
[1.054s] Listing '/home/hiro/rust_ws/src/install/rosgraph_msgs/local/lib/python3.10/dist-packages/rosgraph_msgs'...
[1.056s] Listing '/home/hiro/rust_ws/src/install/rosgraph_msgs/local/lib/python3.10/dist-packages/rosgraph_msgs/msg'...
[1.058s] -- Up-to-date: /home/hiro/rust_ws/src/install/rosgraph_msgs/local/lib/python3.10/dist-packages/rosgraph_msgs/rosgraph_msgs_s__rosidl_typesupport_fastrtps_c.cpython-310-x86_64-linux-gnu.so
[1.058s] -- Up-to-date: /home/hiro/rust_ws/src/install/rosgraph_msgs/local/lib/python3.10/dist-packages/rosgraph_msgs/rosgraph_msgs_s__rosidl_typesupport_introspection_c.cpython-310-x86_64-linux-gnu.so
[1.060s] -- Up-to-date: /home/hiro/rust_ws/src/install/rosgraph_msgs/local/lib/python3.10/dist-packages/rosgraph_msgs/rosgraph_msgs_s__rosidl_typesupport_c.cpython-310-x86_64-linux-gnu.so
[1.060s] -- Up-to-date: /home/hiro/rust_ws/src/install/rosgraph_msgs/lib/librosgraph_msgs__rosidl_generator_py.so
[1.061s] -- Up-to-date: /home/hiro/rust_ws/src/install/rosgraph_msgs/share/rosgraph_msgs/msg/Clock.idl
[1.061s] -- Up-to-date: /home/hiro/rust_ws/src/install/rosgraph_msgs/share/rosgraph_msgs/msg/Clock.msg
[1.061s] -- Up-to-date: /home/hiro/rust_ws/src/install/rosgraph_msgs/share/ament_index/resource_index/package_run_dependencies/rosgraph_msgs
[1.061s] -- Up-to-date: /home/hiro/rust_ws/src/install/rosgraph_msgs/share/ament_index/resource_index/parent_prefix_path/rosgraph_msgs
[1.061s] -- Up-to-date: /home/hiro/rust_ws/src/install/rosgraph_msgs/share/rosgraph_msgs/environment/ament_prefix_path.sh
[1.062s] -- Up-to-date: /home/hiro/rust_ws/src/install/rosgraph_msgs/share/rosgraph_msgs/environment/ament_prefix_path.dsv
[1.062s] -- Up-to-date: /home/hiro/rust_ws/src/install/rosgraph_msgs/share/rosgraph_msgs/environment/path.sh
[1.063s] -- Up-to-date: /home/hiro/rust_ws/src/install/rosgraph_msgs/share/rosgraph_msgs/environment/path.dsv
[1.063s] -- Up-to-date: /home/hiro/rust_ws/src/install/rosgraph_msgs/share/rosgraph_msgs/local_setup.bash
[1.063s] -- Up-to-date: /home/hiro/rust_ws/src/install/rosgraph_msgs/share/rosgraph_msgs/local_setup.sh
[1.064s] -- Up-to-date: /home/hiro/rust_ws/src/install/rosgraph_msgs/share/rosgraph_msgs/local_setup.zsh
[1.064s] -- Up-to-date: /home/hiro/rust_ws/src/install/rosgraph_msgs/share/rosgraph_msgs/local_setup.dsv
[1.066s] -- Installing: /home/hiro/rust_ws/src/install/rosgraph_msgs/share/rosgraph_msgs/package.dsv
[1.066s] -- Up-to-date: /home/hiro/rust_ws/src/install/rosgraph_msgs/share/ament_index/resource_index/packages/rosgraph_msgs
[1.069s] -- Up-to-date: /home/hiro/rust_ws/src/install/rosgraph_msgs/share/rosgraph_msgs/cmake/export_rosgraph_msgs__rosidl_generator_cExport.cmake
[1.069s] -- Up-to-date: /home/hiro/rust_ws/src/install/rosgraph_msgs/share/rosgraph_msgs/cmake/export_rosgraph_msgs__rosidl_generator_cExport-noconfig.cmake
[1.069s] -- Up-to-date: /home/hiro/rust_ws/src/install/rosgraph_msgs/share/rosgraph_msgs/cmake/export_rosgraph_msgs__rosidl_typesupport_fastrtps_cExport.cmake
[1.069s] -- Up-to-date: /home/hiro/rust_ws/src/install/rosgraph_msgs/share/rosgraph_msgs/cmake/export_rosgraph_msgs__rosidl_typesupport_fastrtps_cExport-noconfig.cmake
[1.069s] -- Up-to-date: /home/hiro/rust_ws/src/install/rosgraph_msgs/share/rosgraph_msgs/cmake/export_rosgraph_msgs__rosidl_generator_cppExport.cmake
[1.070s] -- Up-to-date: /home/hiro/rust_ws/src/install/rosgraph_msgs/share/rosgraph_msgs/cmake/export_rosgraph_msgs__rosidl_typesupport_fastrtps_cppExport.cmake
[1.071s] -- Up-to-date: /home/hiro/rust_ws/src/install/rosgraph_msgs/share/rosgraph_msgs/cmake/export_rosgraph_msgs__rosidl_typesupport_fastrtps_cppExport-noconfig.cmake
[1.071s] -- Up-to-date: /home/hiro/rust_ws/src/install/rosgraph_msgs/share/rosgraph_msgs/cmake/rosgraph_msgs__rosidl_typesupport_introspection_cExport.cmake
[1.071s] -- Up-to-date: /home/hiro/rust_ws/src/install/rosgraph_msgs/share/rosgraph_msgs/cmake/rosgraph_msgs__rosidl_typesupport_introspection_cExport-noconfig.cmake
[1.071s] -- Up-to-date: /home/hiro/rust_ws/src/install/rosgraph_msgs/share/rosgraph_msgs/cmake/rosgraph_msgs__rosidl_typesupport_cExport.cmake
[1.072s] -- Up-to-date: /home/hiro/rust_ws/src/install/rosgraph_msgs/share/rosgraph_msgs/cmake/rosgraph_msgs__rosidl_typesupport_cExport-noconfig.cmake
[1.072s] -- Up-to-date: /home/hiro/rust_ws/src/install/rosgraph_msgs/share/rosgraph_msgs/cmake/rosgraph_msgs__rosidl_typesupport_introspection_cppExport.cmake
[1.073s] -- Up-to-date: /home/hiro/rust_ws/src/install/rosgraph_msgs/share/rosgraph_msgs/cmake/rosgraph_msgs__rosidl_typesupport_introspection_cppExport-noconfig.cmake
[1.073s] -- Up-to-date: /home/hiro/rust_ws/src/install/rosgraph_msgs/share/rosgraph_msgs/cmake/rosgraph_msgs__rosidl_typesupport_cppExport.cmake
[1.074s] -- Up-to-date: /home/hiro/rust_ws/src/install/rosgraph_msgs/share/rosgraph_msgs/cmake/rosgraph_msgs__rosidl_typesupport_cppExport-noconfig.cmake
[1.075s] -- Up-to-date: /home/hiro/rust_ws/src/install/rosgraph_msgs/share/rosgraph_msgs/cmake/export_rosgraph_msgs__rosidl_generator_pyExport.cmake
[1.075s] -- Up-to-date: /home/hiro/rust_ws/src/install/rosgraph_msgs/share/rosgraph_msgs/cmake/export_rosgraph_msgs__rosidl_generator_pyExport-noconfig.cmake
[1.075s] -- Up-to-date: /home/hiro/rust_ws/src/install/rosgraph_msgs/share/rosgraph_msgs/cmake/rosidl_cmake-extras.cmake
[1.075s] -- Up-to-date: /home/hiro/rust_ws/src/install/rosgraph_msgs/share/rosgraph_msgs/cmake/ament_cmake_export_dependencies-extras.cmake
[1.075s] -- Up-to-date: /home/hiro/rust_ws/src/install/rosgraph_msgs/share/rosgraph_msgs/cmake/ament_cmake_export_include_directories-extras.cmake
[1.075s] -- Up-to-date: /home/hiro/rust_ws/src/install/rosgraph_msgs/share/rosgraph_msgs/cmake/ament_cmake_export_libraries-extras.cmake
[1.075s] -- Up-to-date: /home/hiro/rust_ws/src/install/rosgraph_msgs/share/rosgraph_msgs/cmake/ament_cmake_export_targets-extras.cmake
[1.075s] -- Up-to-date: /home/hiro/rust_ws/src/install/rosgraph_msgs/share/rosgraph_msgs/cmake/rosidl_cmake_export_typesupport_targets-extras.cmake
[1.076s] -- Up-to-date: /home/hiro/rust_ws/src/install/rosgraph_msgs/share/rosgraph_msgs/cmake/rosidl_cmake_export_typesupport_libraries-extras.cmake
[1.076s] -- Up-to-date: /home/hiro/rust_ws/src/install/rosgraph_msgs/share/rosgraph_msgs/cmake/rosgraph_msgsConfig.cmake
[1.076s] -- Up-to-date: /home/hiro/rust_ws/src/install/rosgraph_msgs/share/rosgraph_msgs/cmake/rosgraph_msgsConfig-version.cmake
[1.076s] -- Up-to-date: /home/hiro/rust_ws/src/install/rosgraph_msgs/share/rosgraph_msgs/package.xml
[1.086s] Invoked command in '/home/hiro/rust_ws/src/build/rosgraph_msgs' returned '0': AMENT_PREFIX_PATH=/home/hiro/rust_ws/src/install/builtin_interfaces:/home/hiro/rust_ws/src/install/rosidl_default_runtime:/home/hiro/rust_ws/src/install/rosidl_default_generators:/home/hiro/rust_ws/src/install/rosidl_generator_rs:/home/hiro/rust_ws/src/install/rosidl_runtime_rs:${AMENT_PREFIX_PATH} CMAKE_PREFIX_PATH=/home/hiro/rust_ws/src/install/builtin_interfaces:/home/hiro/rust_ws/src/install/rosidl_default_runtime:/home/hiro/rust_ws/src/install/rosidl_default_generators:/home/hiro/rust_ws/src/install/rosidl_generator_rs:/home/hiro/ws_livox/install/livox_ros_driver2:/opt/ros/humble LD_LIBRARY_PATH=/home/hiro/rust_ws/src/install/builtin_interfaces/lib:${LD_LIBRARY_PATH} PYTHONPATH=/home/hiro/rust_ws/src/install/builtin_interfaces/local/lib/python3.10/dist-packages:/home/hiro/rust_ws/src/install/rosidl_generator_rs/local/lib/python3.10/dist-packages:${PYTHONPATH} /usr/bin/cmake --install /home/hiro/rust_ws/src/build/rosgraph_msgs
