[0.343s] Invoking command in '/home/hiro/rust_ws/build/shape_msgs': AMENT_PREFIX_PATH=/home/hiro/rust_ws/install/rosidl_runtime_rs:/home/hiro/rust_ws/install/common_interfaces:/home/hiro/rust_ws/install/visualization_msgs:/home/hiro/rust_ws/install/test_msgs:/home/hiro/rust_ws/install/examples_rclrs_minimal_client_service:/home/hiro/rust_ws/install/example_interfaces:/home/hiro/rust_ws/install/action_msgs:/home/hiro/rust_ws/install/unique_identifier_msgs:/home/hiro/rust_ws/install/trajectory_msgs:/home/hiro/rust_ws/install/test_interface_files:/home/hiro/rust_ws/install/stereo_msgs:/home/hiro/rust_ws/install/std_srvs:/home/hiro/rust_ws/install/shape_msgs:/home/hiro/rust_ws/install/sensor_msgs_py:/home/hiro/rust_ws/install/sensor_msgs:/home/hiro/rust_ws/install/rust_pubsub:/home/hiro/rust_ws/install/nav_msgs:/home/hiro/rust_ws/install/diagnostic_msgs:/home/hiro/rust_ws/install/geometry_msgs:/home/hiro/rust_ws/install/examples_rclrs_minimal_pub_sub:/home/hiro/rust_ws/install/actionlib_msgs:/home/hiro/rust_ws/install/std_msgs:/home/hiro/rust_ws/install/statistics_msgs:/home/hiro/rust_ws/install/examples_rclrs_message_demo:/home/hiro/rust_ws/install/rclrs:/home/hiro/rust_ws/install/rosgraph_msgs:/home/hiro/rust_ws/install/rclrs_example_msgs:/home/hiro/rust_ws/install/composition_interfaces:/home/hiro/rust_ws/install/rcl_interfaces:/home/hiro/rust_ws/install/lifecycle_msgs:/home/hiro/rust_ws/install/builtin_interfaces:/home/hiro/rust_ws/install/rosidl_default_runtime:/home/hiro/rust_ws/install/rosidl_default_generators:/home/hiro/rust_ws/install/rosidl_generator_rs:/home/hiro/ws_livox/install/livox_ros_driver2:/opt/ros/humble CMAKE_PREFIX_PATH=/home/hiro/rust_ws/install/geometry_msgs:/home/hiro/rust_ws/install/std_msgs:/home/hiro/rust_ws/install/builtin_interfaces:/home/hiro/rust_ws/install/rosidl_default_runtime:/home/hiro/rust_ws/install/rosidl_default_generators:/home/hiro/rust_ws/install/rosidl_generator_rs:/home/hiro/rust_ws/install/common_interfaces:/home/hiro/rust_ws/install/visualization_msgs:/home/hiro/rust_ws/install/test_msgs:/home/hiro/rust_ws/install/example_interfaces:/home/hiro/rust_ws/install/action_msgs:/home/hiro/rust_ws/install/unique_identifier_msgs:/home/hiro/rust_ws/install/trajectory_msgs:/home/hiro/rust_ws/install/test_interface_files:/home/hiro/rust_ws/install/stereo_msgs:/home/hiro/rust_ws/install/std_srvs:/home/hiro/rust_ws/install/shape_msgs:/home/hiro/rust_ws/install/sensor_msgs:/home/hiro/rust_ws/install/nav_msgs:/home/hiro/rust_ws/install/diagnostic_msgs:/home/hiro/rust_ws/install/actionlib_msgs:/home/hiro/rust_ws/install/statistics_msgs:/home/hiro/rust_ws/install/rosgraph_msgs:/home/hiro/rust_ws/install/rclrs_example_msgs:/home/hiro/rust_ws/install/composition_interfaces:/home/hiro/rust_ws/install/rcl_interfaces:/home/hiro/rust_ws/install/lifecycle_msgs:/home/hiro/ws_livox/install/livox_ros_driver2:/home/hiro/rust_ws/install/examples_rclrs_minimal_client_service:/home/hiro/rust_ws/install/sensor_msgs_py:/home/hiro/rust_ws/install/rust_pubsub:/home/hiro/rust_ws/install/examples_rclrs_minimal_pub_sub:/home/hiro/rust_ws/install/examples_rclrs_message_demo:/home/hiro/rust_ws/install/rclrs:/home/hiro/rust_ws/install/rosidl_runtime_rs:/opt/ros/humble LD_LIBRARY_PATH=/home/hiro/rust_ws/install/geometry_msgs/lib:/home/hiro/rust_ws/install/std_msgs/lib:/home/hiro/rust_ws/install/builtin_interfaces/lib:/home/hiro/rust_ws/install/visualization_msgs/lib:/home/hiro/rust_ws/install/test_msgs/lib:/home/hiro/rust_ws/install/example_interfaces/lib:/home/hiro/rust_ws/install/action_msgs/lib:/home/hiro/rust_ws/install/unique_identifier_msgs/lib:/home/hiro/rust_ws/install/trajectory_msgs/lib:/home/hiro/rust_ws/install/stereo_msgs/lib:/home/hiro/rust_ws/install/std_srvs/lib:/home/hiro/rust_ws/install/shape_msgs/lib:/home/hiro/rust_ws/install/sensor_msgs/lib:/home/hiro/rust_ws/install/nav_msgs/lib:/home/hiro/rust_ws/install/diagnostic_msgs/lib:/home/hiro/rust_ws/install/actionlib_msgs/lib:/home/hiro/rust_ws/install/statistics_msgs/lib:/home/hiro/rust_ws/install/rosgraph_msgs/lib:/home/hiro/rust_ws/install/rclrs_example_msgs/lib:/home/hiro/rust_ws/install/composition_interfaces/lib:/home/hiro/rust_ws/install/rcl_interfaces/lib:/home/hiro/rust_ws/install/lifecycle_msgs/lib:/home/hiro/ws_livox/install/livox_ros_driver2/lib:/opt/ros/humble/opt/rviz_ogre_vendor/lib:/opt/ros/humble/lib/x86_64-linux-gnu:/opt/ros/humble/lib /usr/bin/cmake --build /home/hiro/rust_ws/build/shape_msgs -- -j22 -l22
[0.395s] [35m[1mConsolidate compiler generated dependencies of target shape_msgs__rosidl_generator_c[0m
[0.413s] [  3%] Built target shape_msgs__rs
[0.413s] [  3%] Built target shape_msgs__cpp
[0.419s] [ 14%] Built target shape_msgs__rosidl_generator_c
[0.432s] [ 14%] Built target ament_cmake_python_copy_shape_msgs
[0.434s] [35m[1mConsolidate compiler generated dependencies of target shape_msgs__rosidl_typesupport_fastrtps_cpp[0m
[0.440s] [35m[1mConsolidate compiler generated dependencies of target shape_msgs__rosidl_typesupport_introspection_cpp[0m
[0.449s] [35m[1mConsolidate compiler generated dependencies of target shape_msgs__rosidl_typesupport_fastrtps_c[0m
[0.456s] [35m[1mConsolidate compiler generated dependencies of target shape_msgs__rosidl_typesupport_introspection_c[0m
[0.460s] [35m[1mConsolidate compiler generated dependencies of target shape_msgs__rosidl_typesupport_cpp[0m
[0.466s] [ 25%] Built target shape_msgs__rosidl_typesupport_introspection_cpp
[0.471s] [ 35%] Built target shape_msgs__rosidl_typesupport_fastrtps_cpp
[0.471s] [35m[1mConsolidate compiler generated dependencies of target shape_msgs__rosidl_typesupport_c[0m
[0.476s] [ 46%] Built target shape_msgs__rosidl_typesupport_fastrtps_c
[0.482s] [ 57%] Built target shape_msgs__rosidl_typesupport_introspection_c
[0.495s] [ 67%] Built target shape_msgs__rosidl_typesupport_cpp
[0.497s] [ 78%] Built target shape_msgs__rosidl_typesupport_c
[0.538s] [ 78%] Built target shape_msgs
[0.572s] [ 80%] Built target shape_msgs__py
[0.590s] [35m[1mConsolidate compiler generated dependencies of target shape_msgs__rosidl_generator_py[0m
[0.615s] [ 89%] Built target shape_msgs__rosidl_generator_py
[0.630s] [35m[1mConsolidate compiler generated dependencies of target shape_msgs__rosidl_typesupport_introspection_c__pyext[0m
[0.630s] [35m[1mConsolidate compiler generated dependencies of target shape_msgs__rosidl_typesupport_fastrtps_c__pyext[0m
[0.631s] [35m[1mConsolidate compiler generated dependencies of target shape_msgs__rosidl_typesupport_c__pyext[0m
[0.647s] [ 92%] Built target shape_msgs__rosidl_typesupport_introspection_c__pyext
[0.648s] [ 96%] Built target shape_msgs__rosidl_typesupport_fastrtps_c__pyext
[0.650s] [100%] Built target shape_msgs__rosidl_typesupport_c__pyext
[0.967s] running egg_info
[0.979s] writing shape_msgs.egg-info/PKG-INFO
[0.979s] writing dependency_links to shape_msgs.egg-info/dependency_links.txt
[0.979s] writing top-level names to shape_msgs.egg-info/top_level.txt
[1.029s] reading manifest file 'shape_msgs.egg-info/SOURCES.txt'
[1.030s] writing manifest file 'shape_msgs.egg-info/SOURCES.txt'
[1.087s] [100%] Built target ament_cmake_python_build_shape_msgs_egg
[1.099s] Invoked command in '/home/hiro/rust_ws/build/shape_msgs' returned '0': AMENT_PREFIX_PATH=/home/hiro/rust_ws/install/rosidl_runtime_rs:/home/hiro/rust_ws/install/common_interfaces:/home/hiro/rust_ws/install/visualization_msgs:/home/hiro/rust_ws/install/test_msgs:/home/hiro/rust_ws/install/examples_rclrs_minimal_client_service:/home/hiro/rust_ws/install/example_interfaces:/home/hiro/rust_ws/install/action_msgs:/home/hiro/rust_ws/install/unique_identifier_msgs:/home/hiro/rust_ws/install/trajectory_msgs:/home/hiro/rust_ws/install/test_interface_files:/home/hiro/rust_ws/install/stereo_msgs:/home/hiro/rust_ws/install/std_srvs:/home/hiro/rust_ws/install/shape_msgs:/home/hiro/rust_ws/install/sensor_msgs_py:/home/hiro/rust_ws/install/sensor_msgs:/home/hiro/rust_ws/install/rust_pubsub:/home/hiro/rust_ws/install/nav_msgs:/home/hiro/rust_ws/install/diagnostic_msgs:/home/hiro/rust_ws/install/geometry_msgs:/home/hiro/rust_ws/install/examples_rclrs_minimal_pub_sub:/home/hiro/rust_ws/install/actionlib_msgs:/home/hiro/rust_ws/install/std_msgs:/home/hiro/rust_ws/install/statistics_msgs:/home/hiro/rust_ws/install/examples_rclrs_message_demo:/home/hiro/rust_ws/install/rclrs:/home/hiro/rust_ws/install/rosgraph_msgs:/home/hiro/rust_ws/install/rclrs_example_msgs:/home/hiro/rust_ws/install/composition_interfaces:/home/hiro/rust_ws/install/rcl_interfaces:/home/hiro/rust_ws/install/lifecycle_msgs:/home/hiro/rust_ws/install/builtin_interfaces:/home/hiro/rust_ws/install/rosidl_default_runtime:/home/hiro/rust_ws/install/rosidl_default_generators:/home/hiro/rust_ws/install/rosidl_generator_rs:/home/hiro/ws_livox/install/livox_ros_driver2:/opt/ros/humble CMAKE_PREFIX_PATH=/home/hiro/rust_ws/install/geometry_msgs:/home/hiro/rust_ws/install/std_msgs:/home/hiro/rust_ws/install/builtin_interfaces:/home/hiro/rust_ws/install/rosidl_default_runtime:/home/hiro/rust_ws/install/rosidl_default_generators:/home/hiro/rust_ws/install/rosidl_generator_rs:/home/hiro/rust_ws/install/common_interfaces:/home/hiro/rust_ws/install/visualization_msgs:/home/hiro/rust_ws/install/test_msgs:/home/hiro/rust_ws/install/example_interfaces:/home/hiro/rust_ws/install/action_msgs:/home/hiro/rust_ws/install/unique_identifier_msgs:/home/hiro/rust_ws/install/trajectory_msgs:/home/hiro/rust_ws/install/test_interface_files:/home/hiro/rust_ws/install/stereo_msgs:/home/hiro/rust_ws/install/std_srvs:/home/hiro/rust_ws/install/shape_msgs:/home/hiro/rust_ws/install/sensor_msgs:/home/hiro/rust_ws/install/nav_msgs:/home/hiro/rust_ws/install/diagnostic_msgs:/home/hiro/rust_ws/install/actionlib_msgs:/home/hiro/rust_ws/install/statistics_msgs:/home/hiro/rust_ws/install/rosgraph_msgs:/home/hiro/rust_ws/install/rclrs_example_msgs:/home/hiro/rust_ws/install/composition_interfaces:/home/hiro/rust_ws/install/rcl_interfaces:/home/hiro/rust_ws/install/lifecycle_msgs:/home/hiro/ws_livox/install/livox_ros_driver2:/home/hiro/rust_ws/install/examples_rclrs_minimal_client_service:/home/hiro/rust_ws/install/sensor_msgs_py:/home/hiro/rust_ws/install/rust_pubsub:/home/hiro/rust_ws/install/examples_rclrs_minimal_pub_sub:/home/hiro/rust_ws/install/examples_rclrs_message_demo:/home/hiro/rust_ws/install/rclrs:/home/hiro/rust_ws/install/rosidl_runtime_rs:/opt/ros/humble LD_LIBRARY_PATH=/home/hiro/rust_ws/install/geometry_msgs/lib:/home/hiro/rust_ws/install/std_msgs/lib:/home/hiro/rust_ws/install/builtin_interfaces/lib:/home/hiro/rust_ws/install/visualization_msgs/lib:/home/hiro/rust_ws/install/test_msgs/lib:/home/hiro/rust_ws/install/example_interfaces/lib:/home/hiro/rust_ws/install/action_msgs/lib:/home/hiro/rust_ws/install/unique_identifier_msgs/lib:/home/hiro/rust_ws/install/trajectory_msgs/lib:/home/hiro/rust_ws/install/stereo_msgs/lib:/home/hiro/rust_ws/install/std_srvs/lib:/home/hiro/rust_ws/install/shape_msgs/lib:/home/hiro/rust_ws/install/sensor_msgs/lib:/home/hiro/rust_ws/install/nav_msgs/lib:/home/hiro/rust_ws/install/diagnostic_msgs/lib:/home/hiro/rust_ws/install/actionlib_msgs/lib:/home/hiro/rust_ws/install/statistics_msgs/lib:/home/hiro/rust_ws/install/rosgraph_msgs/lib:/home/hiro/rust_ws/install/rclrs_example_msgs/lib:/home/hiro/rust_ws/install/composition_interfaces/lib:/home/hiro/rust_ws/install/rcl_interfaces/lib:/home/hiro/rust_ws/install/lifecycle_msgs/lib:/home/hiro/ws_livox/install/livox_ros_driver2/lib:/opt/ros/humble/opt/rviz_ogre_vendor/lib:/opt/ros/humble/lib/x86_64-linux-gnu:/opt/ros/humble/lib /usr/bin/cmake --build /home/hiro/rust_ws/build/shape_msgs -- -j22 -l22
[1.265s] Invoking command in '/home/hiro/rust_ws/build/shape_msgs': AMENT_PREFIX_PATH=/home/hiro/rust_ws/install/rosidl_runtime_rs:/home/hiro/rust_ws/install/common_interfaces:/home/hiro/rust_ws/install/visualization_msgs:/home/hiro/rust_ws/install/test_msgs:/home/hiro/rust_ws/install/examples_rclrs_minimal_client_service:/home/hiro/rust_ws/install/example_interfaces:/home/hiro/rust_ws/install/action_msgs:/home/hiro/rust_ws/install/unique_identifier_msgs:/home/hiro/rust_ws/install/trajectory_msgs:/home/hiro/rust_ws/install/test_interface_files:/home/hiro/rust_ws/install/stereo_msgs:/home/hiro/rust_ws/install/std_srvs:/home/hiro/rust_ws/install/shape_msgs:/home/hiro/rust_ws/install/sensor_msgs_py:/home/hiro/rust_ws/install/sensor_msgs:/home/hiro/rust_ws/install/rust_pubsub:/home/hiro/rust_ws/install/nav_msgs:/home/hiro/rust_ws/install/diagnostic_msgs:/home/hiro/rust_ws/install/geometry_msgs:/home/hiro/rust_ws/install/examples_rclrs_minimal_pub_sub:/home/hiro/rust_ws/install/actionlib_msgs:/home/hiro/rust_ws/install/std_msgs:/home/hiro/rust_ws/install/statistics_msgs:/home/hiro/rust_ws/install/examples_rclrs_message_demo:/home/hiro/rust_ws/install/rclrs:/home/hiro/rust_ws/install/rosgraph_msgs:/home/hiro/rust_ws/install/rclrs_example_msgs:/home/hiro/rust_ws/install/composition_interfaces:/home/hiro/rust_ws/install/rcl_interfaces:/home/hiro/rust_ws/install/lifecycle_msgs:/home/hiro/rust_ws/install/builtin_interfaces:/home/hiro/rust_ws/install/rosidl_default_runtime:/home/hiro/rust_ws/install/rosidl_default_generators:/home/hiro/rust_ws/install/rosidl_generator_rs:/home/hiro/ws_livox/install/livox_ros_driver2:/opt/ros/humble CMAKE_PREFIX_PATH=/home/hiro/rust_ws/install/geometry_msgs:/home/hiro/rust_ws/install/std_msgs:/home/hiro/rust_ws/install/builtin_interfaces:/home/hiro/rust_ws/install/rosidl_default_runtime:/home/hiro/rust_ws/install/rosidl_default_generators:/home/hiro/rust_ws/install/rosidl_generator_rs:/home/hiro/rust_ws/install/common_interfaces:/home/hiro/rust_ws/install/visualization_msgs:/home/hiro/rust_ws/install/test_msgs:/home/hiro/rust_ws/install/example_interfaces:/home/hiro/rust_ws/install/action_msgs:/home/hiro/rust_ws/install/unique_identifier_msgs:/home/hiro/rust_ws/install/trajectory_msgs:/home/hiro/rust_ws/install/test_interface_files:/home/hiro/rust_ws/install/stereo_msgs:/home/hiro/rust_ws/install/std_srvs:/home/hiro/rust_ws/install/shape_msgs:/home/hiro/rust_ws/install/sensor_msgs:/home/hiro/rust_ws/install/nav_msgs:/home/hiro/rust_ws/install/diagnostic_msgs:/home/hiro/rust_ws/install/actionlib_msgs:/home/hiro/rust_ws/install/statistics_msgs:/home/hiro/rust_ws/install/rosgraph_msgs:/home/hiro/rust_ws/install/rclrs_example_msgs:/home/hiro/rust_ws/install/composition_interfaces:/home/hiro/rust_ws/install/rcl_interfaces:/home/hiro/rust_ws/install/lifecycle_msgs:/home/hiro/ws_livox/install/livox_ros_driver2:/home/hiro/rust_ws/install/examples_rclrs_minimal_client_service:/home/hiro/rust_ws/install/sensor_msgs_py:/home/hiro/rust_ws/install/rust_pubsub:/home/hiro/rust_ws/install/examples_rclrs_minimal_pub_sub:/home/hiro/rust_ws/install/examples_rclrs_message_demo:/home/hiro/rust_ws/install/rclrs:/home/hiro/rust_ws/install/rosidl_runtime_rs:/opt/ros/humble LD_LIBRARY_PATH=/home/hiro/rust_ws/install/geometry_msgs/lib:/home/hiro/rust_ws/install/std_msgs/lib:/home/hiro/rust_ws/install/builtin_interfaces/lib:/home/hiro/rust_ws/install/visualization_msgs/lib:/home/hiro/rust_ws/install/test_msgs/lib:/home/hiro/rust_ws/install/example_interfaces/lib:/home/hiro/rust_ws/install/action_msgs/lib:/home/hiro/rust_ws/install/unique_identifier_msgs/lib:/home/hiro/rust_ws/install/trajectory_msgs/lib:/home/hiro/rust_ws/install/stereo_msgs/lib:/home/hiro/rust_ws/install/std_srvs/lib:/home/hiro/rust_ws/install/shape_msgs/lib:/home/hiro/rust_ws/install/sensor_msgs/lib:/home/hiro/rust_ws/install/nav_msgs/lib:/home/hiro/rust_ws/install/diagnostic_msgs/lib:/home/hiro/rust_ws/install/actionlib_msgs/lib:/home/hiro/rust_ws/install/statistics_msgs/lib:/home/hiro/rust_ws/install/rosgraph_msgs/lib:/home/hiro/rust_ws/install/rclrs_example_msgs/lib:/home/hiro/rust_ws/install/composition_interfaces/lib:/home/hiro/rust_ws/install/rcl_interfaces/lib:/home/hiro/rust_ws/install/lifecycle_msgs/lib:/home/hiro/ws_livox/install/livox_ros_driver2/lib:/opt/ros/humble/opt/rviz_ogre_vendor/lib:/opt/ros/humble/lib/x86_64-linux-gnu:/opt/ros/humble/lib /usr/bin/cmake --install /home/hiro/rust_ws/build/shape_msgs
[1.313s] -- Install configuration: ""
[1.314s] -- Up-to-date: /home/hiro/rust_ws/install/shape_msgs/share/ament_index/resource_index/rosidl_interfaces/shape_msgs
[1.314s] -- Up-to-date: /home/hiro/rust_ws/install/shape_msgs/include/shape_msgs/shape_msgs
[1.314s] -- Up-to-date: /home/hiro/rust_ws/install/shape_msgs/include/shape_msgs/shape_msgs/msg
[1.314s] -- Up-to-date: /home/hiro/rust_ws/install/shape_msgs/include/shape_msgs/shape_msgs/msg/rosidl_generator_c__visibility_control.h
[1.314s] -- Up-to-date: /home/hiro/rust_ws/install/shape_msgs/include/shape_msgs/shape_msgs/msg/mesh.h
[1.314s] -- Up-to-date: /home/hiro/rust_ws/install/shape_msgs/include/shape_msgs/shape_msgs/msg/solid_primitive.h
[1.314s] -- Up-to-date: /home/hiro/rust_ws/install/shape_msgs/include/shape_msgs/shape_msgs/msg/detail
[1.315s] -- Up-to-date: /home/hiro/rust_ws/install/shape_msgs/include/shape_msgs/shape_msgs/msg/detail/solid_primitive__struct.h
[1.315s] -- Up-to-date: /home/hiro/rust_ws/install/shape_msgs/include/shape_msgs/shape_msgs/msg/detail/mesh_triangle__functions.h
[1.315s] -- Up-to-date: /home/hiro/rust_ws/install/shape_msgs/include/shape_msgs/shape_msgs/msg/detail/mesh_triangle__struct.h
[1.315s] -- Up-to-date: /home/hiro/rust_ws/install/shape_msgs/include/shape_msgs/shape_msgs/msg/detail/plane__struct.h
[1.317s] -- Up-to-date: /home/hiro/rust_ws/install/shape_msgs/include/shape_msgs/shape_msgs/msg/detail/solid_primitive__type_support.h
[1.318s] -- Up-to-date: /home/hiro/rust_ws/install/shape_msgs/include/shape_msgs/shape_msgs/msg/detail/mesh__struct.h
[1.318s] -- Up-to-date: /home/hiro/rust_ws/install/shape_msgs/include/shape_msgs/shape_msgs/msg/detail/solid_primitive__functions.c
[1.318s] -- Up-to-date: /home/hiro/rust_ws/install/shape_msgs/include/shape_msgs/shape_msgs/msg/detail/mesh__functions.h
[1.319s] -- Up-to-date: /home/hiro/rust_ws/install/shape_msgs/include/shape_msgs/shape_msgs/msg/detail/mesh_triangle__functions.c
[1.319s] -- Up-to-date: /home/hiro/rust_ws/install/shape_msgs/include/shape_msgs/shape_msgs/msg/detail/plane__functions.c
[1.319s] -- Up-to-date: /home/hiro/rust_ws/install/shape_msgs/include/shape_msgs/shape_msgs/msg/detail/mesh__type_support.h
[1.319s] -- Up-to-date: /home/hiro/rust_ws/install/shape_msgs/include/shape_msgs/shape_msgs/msg/detail/mesh_triangle__type_support.h
[1.320s] -- Up-to-date: /home/hiro/rust_ws/install/shape_msgs/include/shape_msgs/shape_msgs/msg/detail/plane__type_support.h
[1.320s] -- Up-to-date: /home/hiro/rust_ws/install/shape_msgs/include/shape_msgs/shape_msgs/msg/detail/solid_primitive__functions.h
[1.320s] -- Up-to-date: /home/hiro/rust_ws/install/shape_msgs/include/shape_msgs/shape_msgs/msg/detail/mesh__functions.c
[1.320s] -- Up-to-date: /home/hiro/rust_ws/install/shape_msgs/include/shape_msgs/shape_msgs/msg/detail/plane__functions.h
[1.321s] -- Up-to-date: /home/hiro/rust_ws/install/shape_msgs/include/shape_msgs/shape_msgs/msg/plane.h
[1.321s] -- Up-to-date: /home/hiro/rust_ws/install/shape_msgs/include/shape_msgs/shape_msgs/msg/mesh_triangle.h
[1.321s] -- Up-to-date: /home/hiro/rust_ws/install/shape_msgs/share/shape_msgs/environment/library_path.sh
[1.321s] -- Up-to-date: /home/hiro/rust_ws/install/shape_msgs/share/shape_msgs/environment/library_path.dsv
[1.322s] -- Up-to-date: /home/hiro/rust_ws/install/shape_msgs/lib/libshape_msgs__rosidl_generator_c.so
[1.322s] -- Up-to-date: /home/hiro/rust_ws/install/shape_msgs/include/shape_msgs/shape_msgs
[1.322s] -- Up-to-date: /home/hiro/rust_ws/install/shape_msgs/include/shape_msgs/shape_msgs/msg
[1.322s] -- Up-to-date: /home/hiro/rust_ws/install/shape_msgs/include/shape_msgs/shape_msgs/msg/detail
[1.323s] -- Up-to-date: /home/hiro/rust_ws/install/shape_msgs/include/shape_msgs/shape_msgs/msg/detail/plane__rosidl_typesupport_fastrtps_c.h
[1.323s] -- Up-to-date: /home/hiro/rust_ws/install/shape_msgs/include/shape_msgs/shape_msgs/msg/detail/mesh_triangle__rosidl_typesupport_fastrtps_c.h
[1.323s] -- Up-to-date: /home/hiro/rust_ws/install/shape_msgs/include/shape_msgs/shape_msgs/msg/detail/mesh__rosidl_typesupport_fastrtps_c.h
[1.323s] -- Up-to-date: /home/hiro/rust_ws/install/shape_msgs/include/shape_msgs/shape_msgs/msg/detail/solid_primitive__rosidl_typesupport_fastrtps_c.h
[1.324s] -- Up-to-date: /home/hiro/rust_ws/install/shape_msgs/include/shape_msgs/shape_msgs/msg/rosidl_typesupport_fastrtps_c__visibility_control.h
[1.324s] -- Up-to-date: /home/hiro/rust_ws/install/shape_msgs/lib/libshape_msgs__rosidl_typesupport_fastrtps_c.so
[1.324s] -- Up-to-date: /home/hiro/rust_ws/install/shape_msgs/include/shape_msgs/shape_msgs
[1.324s] -- Up-to-date: /home/hiro/rust_ws/install/shape_msgs/include/shape_msgs/shape_msgs/msg
[1.324s] -- Up-to-date: /home/hiro/rust_ws/install/shape_msgs/include/shape_msgs/shape_msgs/msg/plane.hpp
[1.324s] -- Up-to-date: /home/hiro/rust_ws/install/shape_msgs/include/shape_msgs/shape_msgs/msg/mesh_triangle.hpp
[1.325s] -- Up-to-date: /home/hiro/rust_ws/install/shape_msgs/include/shape_msgs/shape_msgs/msg/mesh.hpp
[1.325s] -- Up-to-date: /home/hiro/rust_ws/install/shape_msgs/include/shape_msgs/shape_msgs/msg/detail
[1.325s] -- Up-to-date: /home/hiro/rust_ws/install/shape_msgs/include/shape_msgs/shape_msgs/msg/detail/mesh_triangle__traits.hpp
[1.325s] -- Up-to-date: /home/hiro/rust_ws/install/shape_msgs/include/shape_msgs/shape_msgs/msg/detail/mesh__builder.hpp
[1.325s] -- Up-to-date: /home/hiro/rust_ws/install/shape_msgs/include/shape_msgs/shape_msgs/msg/detail/mesh_triangle__struct.hpp
[1.326s] -- Up-to-date: /home/hiro/rust_ws/install/shape_msgs/include/shape_msgs/shape_msgs/msg/detail/solid_primitive__struct.hpp
[1.326s] -- Up-to-date: /home/hiro/rust_ws/install/shape_msgs/include/shape_msgs/shape_msgs/msg/detail/plane__traits.hpp
[1.326s] -- Up-to-date: /home/hiro/rust_ws/install/shape_msgs/include/shape_msgs/shape_msgs/msg/detail/solid_primitive__builder.hpp
[1.326s] -- Up-to-date: /home/hiro/rust_ws/install/shape_msgs/include/shape_msgs/shape_msgs/msg/detail/mesh__traits.hpp
[1.326s] -- Up-to-date: /home/hiro/rust_ws/install/shape_msgs/include/shape_msgs/shape_msgs/msg/detail/solid_primitive__traits.hpp
[1.326s] -- Up-to-date: /home/hiro/rust_ws/install/shape_msgs/include/shape_msgs/shape_msgs/msg/detail/mesh_triangle__builder.hpp
[1.326s] -- Up-to-date: /home/hiro/rust_ws/install/shape_msgs/include/shape_msgs/shape_msgs/msg/detail/plane__builder.hpp
[1.326s] -- Up-to-date: /home/hiro/rust_ws/install/shape_msgs/include/shape_msgs/shape_msgs/msg/detail/mesh__struct.hpp
[1.327s] -- Up-to-date: /home/hiro/rust_ws/install/shape_msgs/include/shape_msgs/shape_msgs/msg/detail/plane__struct.hpp
[1.327s] -- Up-to-date: /home/hiro/rust_ws/install/shape_msgs/include/shape_msgs/shape_msgs/msg/solid_primitive.hpp
[1.327s] -- Up-to-date: /home/hiro/rust_ws/install/shape_msgs/include/shape_msgs/shape_msgs
[1.327s] -- Up-to-date: /home/hiro/rust_ws/install/shape_msgs/include/shape_msgs/shape_msgs/msg
[1.328s] -- Up-to-date: /home/hiro/rust_ws/install/shape_msgs/include/shape_msgs/shape_msgs/msg/rosidl_typesupport_fastrtps_cpp__visibility_control.h
[1.328s] -- Up-to-date: /home/hiro/rust_ws/install/shape_msgs/include/shape_msgs/shape_msgs/msg/detail
[1.328s] -- Up-to-date: /home/hiro/rust_ws/install/shape_msgs/include/shape_msgs/shape_msgs/msg/detail/mesh__rosidl_typesupport_fastrtps_cpp.hpp
[1.328s] -- Up-to-date: /home/hiro/rust_ws/install/shape_msgs/include/shape_msgs/shape_msgs/msg/detail/dds_fastrtps
[1.328s] -- Up-to-date: /home/hiro/rust_ws/install/shape_msgs/include/shape_msgs/shape_msgs/msg/detail/plane__rosidl_typesupport_fastrtps_cpp.hpp
[1.328s] -- Up-to-date: /home/hiro/rust_ws/install/shape_msgs/include/shape_msgs/shape_msgs/msg/detail/solid_primitive__rosidl_typesupport_fastrtps_cpp.hpp
[1.328s] -- Up-to-date: /home/hiro/rust_ws/install/shape_msgs/include/shape_msgs/shape_msgs/msg/detail/mesh_triangle__rosidl_typesupport_fastrtps_cpp.hpp
[1.328s] -- Up-to-date: /home/hiro/rust_ws/install/shape_msgs/lib/libshape_msgs__rosidl_typesupport_fastrtps_cpp.so
[1.328s] -- Up-to-date: /home/hiro/rust_ws/install/shape_msgs/include/shape_msgs/shape_msgs
[1.328s] -- Up-to-date: /home/hiro/rust_ws/install/shape_msgs/include/shape_msgs/shape_msgs/msg
[1.329s] -- Up-to-date: /home/hiro/rust_ws/install/shape_msgs/include/shape_msgs/shape_msgs/msg/rosidl_typesupport_introspection_c__visibility_control.h
[1.329s] -- Up-to-date: /home/hiro/rust_ws/install/shape_msgs/include/shape_msgs/shape_msgs/msg/detail
[1.329s] -- Up-to-date: /home/hiro/rust_ws/install/shape_msgs/include/shape_msgs/shape_msgs/msg/detail/mesh__type_support.c
[1.329s] -- Up-to-date: /home/hiro/rust_ws/install/shape_msgs/include/shape_msgs/shape_msgs/msg/detail/solid_primitive__type_support.c
[1.329s] -- Up-to-date: /home/hiro/rust_ws/install/shape_msgs/include/shape_msgs/shape_msgs/msg/detail/plane__rosidl_typesupport_introspection_c.h
[1.329s] -- Up-to-date: /home/hiro/rust_ws/install/shape_msgs/include/shape_msgs/shape_msgs/msg/detail/mesh__rosidl_typesupport_introspection_c.h
[1.329s] -- Up-to-date: /home/hiro/rust_ws/install/shape_msgs/include/shape_msgs/shape_msgs/msg/detail/solid_primitive__rosidl_typesupport_introspection_c.h
[1.329s] -- Up-to-date: /home/hiro/rust_ws/install/shape_msgs/include/shape_msgs/shape_msgs/msg/detail/mesh_triangle__rosidl_typesupport_introspection_c.h
[1.330s] -- Up-to-date: /home/hiro/rust_ws/install/shape_msgs/include/shape_msgs/shape_msgs/msg/detail/mesh_triangle__type_support.c
[1.330s] -- Up-to-date: /home/hiro/rust_ws/install/shape_msgs/include/shape_msgs/shape_msgs/msg/detail/plane__type_support.c
[1.330s] -- Up-to-date: /home/hiro/rust_ws/install/shape_msgs/lib/libshape_msgs__rosidl_typesupport_introspection_c.so
[1.330s] -- Up-to-date: /home/hiro/rust_ws/install/shape_msgs/lib/libshape_msgs__rosidl_typesupport_c.so
[1.330s] -- Up-to-date: /home/hiro/rust_ws/install/shape_msgs/include/shape_msgs/shape_msgs
[1.330s] -- Up-to-date: /home/hiro/rust_ws/install/shape_msgs/include/shape_msgs/shape_msgs/msg
[1.330s] -- Up-to-date: /home/hiro/rust_ws/install/shape_msgs/include/shape_msgs/shape_msgs/msg/detail
[1.330s] -- Up-to-date: /home/hiro/rust_ws/install/shape_msgs/include/shape_msgs/shape_msgs/msg/detail/mesh__type_support.cpp
[1.330s] -- Up-to-date: /home/hiro/rust_ws/install/shape_msgs/include/shape_msgs/shape_msgs/msg/detail/solid_primitive__rosidl_typesupport_introspection_cpp.hpp
[1.330s] -- Up-to-date: /home/hiro/rust_ws/install/shape_msgs/include/shape_msgs/shape_msgs/msg/detail/solid_primitive__type_support.cpp
[1.330s] -- Up-to-date: /home/hiro/rust_ws/install/shape_msgs/include/shape_msgs/shape_msgs/msg/detail/plane__rosidl_typesupport_introspection_cpp.hpp
[1.330s] -- Up-to-date: /home/hiro/rust_ws/install/shape_msgs/include/shape_msgs/shape_msgs/msg/detail/mesh__rosidl_typesupport_introspection_cpp.hpp
[1.330s] -- Up-to-date: /home/hiro/rust_ws/install/shape_msgs/include/shape_msgs/shape_msgs/msg/detail/plane__type_support.cpp
[1.331s] -- Up-to-date: /home/hiro/rust_ws/install/shape_msgs/include/shape_msgs/shape_msgs/msg/detail/mesh_triangle__type_support.cpp
[1.331s] -- Up-to-date: /home/hiro/rust_ws/install/shape_msgs/include/shape_msgs/shape_msgs/msg/detail/mesh_triangle__rosidl_typesupport_introspection_cpp.hpp
[1.331s] -- Up-to-date: /home/hiro/rust_ws/install/shape_msgs/lib/libshape_msgs__rosidl_typesupport_introspection_cpp.so
[1.331s] -- Up-to-date: /home/hiro/rust_ws/install/shape_msgs/lib/libshape_msgs__rosidl_typesupport_cpp.so
[1.331s] -- Up-to-date: /home/hiro/rust_ws/install/shape_msgs/share/ament_index/resource_index/rust_packages/shape_msgs
[1.331s] -- Up-to-date: /home/hiro/rust_ws/install/shape_msgs/share/shape_msgs/rust
[1.331s] -- Up-to-date: /home/hiro/rust_ws/install/shape_msgs/share/shape_msgs/rust/Cargo.toml
[1.331s] -- Up-to-date: /home/hiro/rust_ws/install/shape_msgs/share/shape_msgs/rust/build.rs
[1.331s] -- Up-to-date: /home/hiro/rust_ws/install/shape_msgs/share/shape_msgs/rust/src
[1.331s] -- Up-to-date: /home/hiro/rust_ws/install/shape_msgs/share/shape_msgs/rust/src/msg.rs
[1.332s] -- Up-to-date: /home/hiro/rust_ws/install/shape_msgs/share/shape_msgs/rust/src/lib.rs
[1.332s] -- Up-to-date: /home/hiro/rust_ws/install/shape_msgs/share/shape_msgs/environment/pythonpath.sh
[1.332s] -- Up-to-date: /home/hiro/rust_ws/install/shape_msgs/share/shape_msgs/environment/pythonpath.dsv
[1.332s] -- Up-to-date: /home/hiro/rust_ws/install/shape_msgs/local/lib/python3.10/dist-packages/shape_msgs-4.2.4-py3.10.egg-info
[1.332s] -- Installing: /home/hiro/rust_ws/install/shape_msgs/local/lib/python3.10/dist-packages/shape_msgs-4.2.4-py3.10.egg-info/top_level.txt
[1.332s] -- Installing: /home/hiro/rust_ws/install/shape_msgs/local/lib/python3.10/dist-packages/shape_msgs-4.2.4-py3.10.egg-info/PKG-INFO
[1.332s] -- Installing: /home/hiro/rust_ws/install/shape_msgs/local/lib/python3.10/dist-packages/shape_msgs-4.2.4-py3.10.egg-info/SOURCES.txt
[1.332s] -- Installing: /home/hiro/rust_ws/install/shape_msgs/local/lib/python3.10/dist-packages/shape_msgs-4.2.4-py3.10.egg-info/dependency_links.txt
[1.332s] -- Up-to-date: /home/hiro/rust_ws/install/shape_msgs/local/lib/python3.10/dist-packages/shape_msgs
[1.332s] -- Up-to-date: /home/hiro/rust_ws/install/shape_msgs/local/lib/python3.10/dist-packages/shape_msgs/shape_msgs_s__rosidl_typesupport_fastrtps_c.cpython-310-x86_64-linux-gnu.so
[1.332s] -- Up-to-date: /home/hiro/rust_ws/install/shape_msgs/local/lib/python3.10/dist-packages/shape_msgs/_shape_msgs_s.ep.rosidl_typesupport_c.c
[1.332s] -- Up-to-date: /home/hiro/rust_ws/install/shape_msgs/local/lib/python3.10/dist-packages/shape_msgs/_shape_msgs_s.ep.rosidl_typesupport_introspection_c.c
[1.333s] -- Up-to-date: /home/hiro/rust_ws/install/shape_msgs/local/lib/python3.10/dist-packages/shape_msgs/libshape_msgs__rosidl_generator_py.so
[1.333s] -- Up-to-date: /home/hiro/rust_ws/install/shape_msgs/local/lib/python3.10/dist-packages/shape_msgs/shape_msgs_s__rosidl_typesupport_introspection_c.cpython-310-x86_64-linux-gnu.so
[1.333s] -- Up-to-date: /home/hiro/rust_ws/install/shape_msgs/local/lib/python3.10/dist-packages/shape_msgs/_shape_msgs_s.ep.rosidl_typesupport_fastrtps_c.c
[1.333s] -- Up-to-date: /home/hiro/rust_ws/install/shape_msgs/local/lib/python3.10/dist-packages/shape_msgs/__init__.py
[1.333s] -- Up-to-date: /home/hiro/rust_ws/install/shape_msgs/local/lib/python3.10/dist-packages/shape_msgs/shape_msgs_s__rosidl_typesupport_c.cpython-310-x86_64-linux-gnu.so
[1.333s] -- Up-to-date: /home/hiro/rust_ws/install/shape_msgs/local/lib/python3.10/dist-packages/shape_msgs/msg
[1.334s] -- Up-to-date: /home/hiro/rust_ws/install/shape_msgs/local/lib/python3.10/dist-packages/shape_msgs/msg/_mesh.py
[1.334s] -- Up-to-date: /home/hiro/rust_ws/install/shape_msgs/local/lib/python3.10/dist-packages/shape_msgs/msg/_solid_primitive.py
[1.334s] -- Up-to-date: /home/hiro/rust_ws/install/shape_msgs/local/lib/python3.10/dist-packages/shape_msgs/msg/_mesh_triangle_s.c
[1.334s] -- Up-to-date: /home/hiro/rust_ws/install/shape_msgs/local/lib/python3.10/dist-packages/shape_msgs/msg/_mesh_s.c
[1.335s] -- Up-to-date: /home/hiro/rust_ws/install/shape_msgs/local/lib/python3.10/dist-packages/shape_msgs/msg/_plane.py
[1.335s] -- Up-to-date: /home/hiro/rust_ws/install/shape_msgs/local/lib/python3.10/dist-packages/shape_msgs/msg/_plane_s.c
[1.335s] -- Up-to-date: /home/hiro/rust_ws/install/shape_msgs/local/lib/python3.10/dist-packages/shape_msgs/msg/__init__.py
[1.335s] -- Up-to-date: /home/hiro/rust_ws/install/shape_msgs/local/lib/python3.10/dist-packages/shape_msgs/msg/_mesh_triangle.py
[1.335s] -- Up-to-date: /home/hiro/rust_ws/install/shape_msgs/local/lib/python3.10/dist-packages/shape_msgs/msg/_solid_primitive_s.c
[1.384s] Listing '/home/hiro/rust_ws/install/shape_msgs/local/lib/python3.10/dist-packages/shape_msgs'...
[1.384s] Listing '/home/hiro/rust_ws/install/shape_msgs/local/lib/python3.10/dist-packages/shape_msgs/msg'...
[1.385s] -- Up-to-date: /home/hiro/rust_ws/install/shape_msgs/local/lib/python3.10/dist-packages/shape_msgs/shape_msgs_s__rosidl_typesupport_fastrtps_c.cpython-310-x86_64-linux-gnu.so
[1.386s] -- Up-to-date: /home/hiro/rust_ws/install/shape_msgs/local/lib/python3.10/dist-packages/shape_msgs/shape_msgs_s__rosidl_typesupport_introspection_c.cpython-310-x86_64-linux-gnu.so
[1.386s] -- Up-to-date: /home/hiro/rust_ws/install/shape_msgs/local/lib/python3.10/dist-packages/shape_msgs/shape_msgs_s__rosidl_typesupport_c.cpython-310-x86_64-linux-gnu.so
[1.387s] -- Up-to-date: /home/hiro/rust_ws/install/shape_msgs/lib/libshape_msgs__rosidl_generator_py.so
[1.388s] -- Up-to-date: /home/hiro/rust_ws/install/shape_msgs/share/shape_msgs/msg/Mesh.idl
[1.388s] -- Up-to-date: /home/hiro/rust_ws/install/shape_msgs/share/shape_msgs/msg/MeshTriangle.idl
[1.390s] -- Up-to-date: /home/hiro/rust_ws/install/shape_msgs/share/shape_msgs/msg/Plane.idl
[1.390s] -- Up-to-date: /home/hiro/rust_ws/install/shape_msgs/share/shape_msgs/msg/SolidPrimitive.idl
[1.390s] -- Up-to-date: /home/hiro/rust_ws/install/shape_msgs/share/shape_msgs/msg/Mesh.msg
[1.390s] -- Up-to-date: /home/hiro/rust_ws/install/shape_msgs/share/shape_msgs/msg/MeshTriangle.msg
[1.390s] -- Up-to-date: /home/hiro/rust_ws/install/shape_msgs/share/shape_msgs/msg/Plane.msg
[1.390s] -- Up-to-date: /home/hiro/rust_ws/install/shape_msgs/share/shape_msgs/msg/SolidPrimitive.msg
[1.392s] -- Up-to-date: /home/hiro/rust_ws/install/shape_msgs/share/ament_index/resource_index/package_run_dependencies/shape_msgs
[1.392s] -- Up-to-date: /home/hiro/rust_ws/install/shape_msgs/share/ament_index/resource_index/parent_prefix_path/shape_msgs
[1.392s] -- Up-to-date: /home/hiro/rust_ws/install/shape_msgs/share/shape_msgs/environment/ament_prefix_path.sh
[1.392s] -- Up-to-date: /home/hiro/rust_ws/install/shape_msgs/share/shape_msgs/environment/ament_prefix_path.dsv
[1.393s] -- Up-to-date: /home/hiro/rust_ws/install/shape_msgs/share/shape_msgs/environment/path.sh
[1.393s] -- Up-to-date: /home/hiro/rust_ws/install/shape_msgs/share/shape_msgs/environment/path.dsv
[1.393s] -- Up-to-date: /home/hiro/rust_ws/install/shape_msgs/share/shape_msgs/local_setup.bash
[1.393s] -- Up-to-date: /home/hiro/rust_ws/install/shape_msgs/share/shape_msgs/local_setup.sh
[1.393s] -- Up-to-date: /home/hiro/rust_ws/install/shape_msgs/share/shape_msgs/local_setup.zsh
[1.393s] -- Up-to-date: /home/hiro/rust_ws/install/shape_msgs/share/shape_msgs/local_setup.dsv
[1.393s] -- Installing: /home/hiro/rust_ws/install/shape_msgs/share/shape_msgs/package.dsv
[1.394s] -- Up-to-date: /home/hiro/rust_ws/install/shape_msgs/share/ament_index/resource_index/packages/shape_msgs
[1.394s] -- Up-to-date: /home/hiro/rust_ws/install/shape_msgs/share/shape_msgs/cmake/export_shape_msgs__rosidl_generator_cExport.cmake
[1.394s] -- Up-to-date: /home/hiro/rust_ws/install/shape_msgs/share/shape_msgs/cmake/export_shape_msgs__rosidl_generator_cExport-noconfig.cmake
[1.394s] -- Up-to-date: /home/hiro/rust_ws/install/shape_msgs/share/shape_msgs/cmake/export_shape_msgs__rosidl_typesupport_fastrtps_cExport.cmake
[1.395s] -- Up-to-date: /home/hiro/rust_ws/install/shape_msgs/share/shape_msgs/cmake/export_shape_msgs__rosidl_typesupport_fastrtps_cExport-noconfig.cmake
[1.395s] -- Up-to-date: /home/hiro/rust_ws/install/shape_msgs/share/shape_msgs/cmake/export_shape_msgs__rosidl_generator_cppExport.cmake
[1.395s] -- Up-to-date: /home/hiro/rust_ws/install/shape_msgs/share/shape_msgs/cmake/export_shape_msgs__rosidl_typesupport_fastrtps_cppExport.cmake
[1.396s] -- Up-to-date: /home/hiro/rust_ws/install/shape_msgs/share/shape_msgs/cmake/export_shape_msgs__rosidl_typesupport_fastrtps_cppExport-noconfig.cmake
[1.396s] -- Up-to-date: /home/hiro/rust_ws/install/shape_msgs/share/shape_msgs/cmake/shape_msgs__rosidl_typesupport_introspection_cExport.cmake
[1.396s] -- Up-to-date: /home/hiro/rust_ws/install/shape_msgs/share/shape_msgs/cmake/shape_msgs__rosidl_typesupport_introspection_cExport-noconfig.cmake
[1.396s] -- Up-to-date: /home/hiro/rust_ws/install/shape_msgs/share/shape_msgs/cmake/shape_msgs__rosidl_typesupport_cExport.cmake
[1.396s] -- Up-to-date: /home/hiro/rust_ws/install/shape_msgs/share/shape_msgs/cmake/shape_msgs__rosidl_typesupport_cExport-noconfig.cmake
[1.396s] -- Up-to-date: /home/hiro/rust_ws/install/shape_msgs/share/shape_msgs/cmake/shape_msgs__rosidl_typesupport_introspection_cppExport.cmake
[1.397s] -- Up-to-date: /home/hiro/rust_ws/install/shape_msgs/share/shape_msgs/cmake/shape_msgs__rosidl_typesupport_introspection_cppExport-noconfig.cmake
[1.397s] -- Up-to-date: /home/hiro/rust_ws/install/shape_msgs/share/shape_msgs/cmake/shape_msgs__rosidl_typesupport_cppExport.cmake
[1.397s] -- Up-to-date: /home/hiro/rust_ws/install/shape_msgs/share/shape_msgs/cmake/shape_msgs__rosidl_typesupport_cppExport-noconfig.cmake
[1.397s] -- Up-to-date: /home/hiro/rust_ws/install/shape_msgs/share/shape_msgs/cmake/export_shape_msgs__rosidl_generator_pyExport.cmake
[1.397s] -- Up-to-date: /home/hiro/rust_ws/install/shape_msgs/share/shape_msgs/cmake/export_shape_msgs__rosidl_generator_pyExport-noconfig.cmake
[1.397s] -- Up-to-date: /home/hiro/rust_ws/install/shape_msgs/share/shape_msgs/cmake/rosidl_cmake-extras.cmake
[1.398s] -- Up-to-date: /home/hiro/rust_ws/install/shape_msgs/share/shape_msgs/cmake/ament_cmake_export_dependencies-extras.cmake
[1.398s] -- Up-to-date: /home/hiro/rust_ws/install/shape_msgs/share/shape_msgs/cmake/ament_cmake_export_include_directories-extras.cmake
[1.398s] -- Up-to-date: /home/hiro/rust_ws/install/shape_msgs/share/shape_msgs/cmake/ament_cmake_export_libraries-extras.cmake
[1.399s] -- Up-to-date: /home/hiro/rust_ws/install/shape_msgs/share/shape_msgs/cmake/ament_cmake_export_targets-extras.cmake
[1.399s] -- Up-to-date: /home/hiro/rust_ws/install/shape_msgs/share/shape_msgs/cmake/rosidl_cmake_export_typesupport_targets-extras.cmake
[1.399s] -- Up-to-date: /home/hiro/rust_ws/install/shape_msgs/share/shape_msgs/cmake/rosidl_cmake_export_typesupport_libraries-extras.cmake
[1.400s] -- Up-to-date: /home/hiro/rust_ws/install/shape_msgs/share/shape_msgs/cmake/shape_msgsConfig.cmake
[1.400s] -- Up-to-date: /home/hiro/rust_ws/install/shape_msgs/share/shape_msgs/cmake/shape_msgsConfig-version.cmake
[1.400s] -- Up-to-date: /home/hiro/rust_ws/install/shape_msgs/share/shape_msgs/package.xml
[1.421s] Invoked command in '/home/hiro/rust_ws/build/shape_msgs' returned '0': AMENT_PREFIX_PATH=/home/hiro/rust_ws/install/rosidl_runtime_rs:/home/hiro/rust_ws/install/common_interfaces:/home/hiro/rust_ws/install/visualization_msgs:/home/hiro/rust_ws/install/test_msgs:/home/hiro/rust_ws/install/examples_rclrs_minimal_client_service:/home/hiro/rust_ws/install/example_interfaces:/home/hiro/rust_ws/install/action_msgs:/home/hiro/rust_ws/install/unique_identifier_msgs:/home/hiro/rust_ws/install/trajectory_msgs:/home/hiro/rust_ws/install/test_interface_files:/home/hiro/rust_ws/install/stereo_msgs:/home/hiro/rust_ws/install/std_srvs:/home/hiro/rust_ws/install/shape_msgs:/home/hiro/rust_ws/install/sensor_msgs_py:/home/hiro/rust_ws/install/sensor_msgs:/home/hiro/rust_ws/install/rust_pubsub:/home/hiro/rust_ws/install/nav_msgs:/home/hiro/rust_ws/install/diagnostic_msgs:/home/hiro/rust_ws/install/geometry_msgs:/home/hiro/rust_ws/install/examples_rclrs_minimal_pub_sub:/home/hiro/rust_ws/install/actionlib_msgs:/home/hiro/rust_ws/install/std_msgs:/home/hiro/rust_ws/install/statistics_msgs:/home/hiro/rust_ws/install/examples_rclrs_message_demo:/home/hiro/rust_ws/install/rclrs:/home/hiro/rust_ws/install/rosgraph_msgs:/home/hiro/rust_ws/install/rclrs_example_msgs:/home/hiro/rust_ws/install/composition_interfaces:/home/hiro/rust_ws/install/rcl_interfaces:/home/hiro/rust_ws/install/lifecycle_msgs:/home/hiro/rust_ws/install/builtin_interfaces:/home/hiro/rust_ws/install/rosidl_default_runtime:/home/hiro/rust_ws/install/rosidl_default_generators:/home/hiro/rust_ws/install/rosidl_generator_rs:/home/hiro/ws_livox/install/livox_ros_driver2:/opt/ros/humble CMAKE_PREFIX_PATH=/home/hiro/rust_ws/install/geometry_msgs:/home/hiro/rust_ws/install/std_msgs:/home/hiro/rust_ws/install/builtin_interfaces:/home/hiro/rust_ws/install/rosidl_default_runtime:/home/hiro/rust_ws/install/rosidl_default_generators:/home/hiro/rust_ws/install/rosidl_generator_rs:/home/hiro/rust_ws/install/common_interfaces:/home/hiro/rust_ws/install/visualization_msgs:/home/hiro/rust_ws/install/test_msgs:/home/hiro/rust_ws/install/example_interfaces:/home/hiro/rust_ws/install/action_msgs:/home/hiro/rust_ws/install/unique_identifier_msgs:/home/hiro/rust_ws/install/trajectory_msgs:/home/hiro/rust_ws/install/test_interface_files:/home/hiro/rust_ws/install/stereo_msgs:/home/hiro/rust_ws/install/std_srvs:/home/hiro/rust_ws/install/shape_msgs:/home/hiro/rust_ws/install/sensor_msgs:/home/hiro/rust_ws/install/nav_msgs:/home/hiro/rust_ws/install/diagnostic_msgs:/home/hiro/rust_ws/install/actionlib_msgs:/home/hiro/rust_ws/install/statistics_msgs:/home/hiro/rust_ws/install/rosgraph_msgs:/home/hiro/rust_ws/install/rclrs_example_msgs:/home/hiro/rust_ws/install/composition_interfaces:/home/hiro/rust_ws/install/rcl_interfaces:/home/hiro/rust_ws/install/lifecycle_msgs:/home/hiro/ws_livox/install/livox_ros_driver2:/home/hiro/rust_ws/install/examples_rclrs_minimal_client_service:/home/hiro/rust_ws/install/sensor_msgs_py:/home/hiro/rust_ws/install/rust_pubsub:/home/hiro/rust_ws/install/examples_rclrs_minimal_pub_sub:/home/hiro/rust_ws/install/examples_rclrs_message_demo:/home/hiro/rust_ws/install/rclrs:/home/hiro/rust_ws/install/rosidl_runtime_rs:/opt/ros/humble LD_LIBRARY_PATH=/home/hiro/rust_ws/install/geometry_msgs/lib:/home/hiro/rust_ws/install/std_msgs/lib:/home/hiro/rust_ws/install/builtin_interfaces/lib:/home/hiro/rust_ws/install/visualization_msgs/lib:/home/hiro/rust_ws/install/test_msgs/lib:/home/hiro/rust_ws/install/example_interfaces/lib:/home/hiro/rust_ws/install/action_msgs/lib:/home/hiro/rust_ws/install/unique_identifier_msgs/lib:/home/hiro/rust_ws/install/trajectory_msgs/lib:/home/hiro/rust_ws/install/stereo_msgs/lib:/home/hiro/rust_ws/install/std_srvs/lib:/home/hiro/rust_ws/install/shape_msgs/lib:/home/hiro/rust_ws/install/sensor_msgs/lib:/home/hiro/rust_ws/install/nav_msgs/lib:/home/hiro/rust_ws/install/diagnostic_msgs/lib:/home/hiro/rust_ws/install/actionlib_msgs/lib:/home/hiro/rust_ws/install/statistics_msgs/lib:/home/hiro/rust_ws/install/rosgraph_msgs/lib:/home/hiro/rust_ws/install/rclrs_example_msgs/lib:/home/hiro/rust_ws/install/composition_interfaces/lib:/home/hiro/rust_ws/install/rcl_interfaces/lib:/home/hiro/rust_ws/install/lifecycle_msgs/lib:/home/hiro/ws_livox/install/livox_ros_driver2/lib:/opt/ros/humble/opt/rviz_ogre_vendor/lib:/opt/ros/humble/lib/x86_64-linux-gnu:/opt/ros/humble/lib /usr/bin/cmake --install /home/hiro/rust_ws/build/shape_msgs
