[0.361s] Invoking command in '/home/hiro/rust_ws/src/build/composition_interfaces': AMENT_PREFIX_PATH=/home/hiro/rust_ws/src/install/rcl_interfaces:/home/hiro/rust_ws/src/install/builtin_interfaces:/home/hiro/rust_ws/src/install/rosidl_default_runtime:/home/hiro/rust_ws/src/install/rosidl_default_generators:/home/hiro/rust_ws/src/install/rosidl_generator_rs:/home/hiro/rust_ws/src/install/rosidl_runtime_rs:${AMENT_PREFIX_PATH} CMAKE_PREFIX_PATH=/home/hiro/rust_ws/src/install/rcl_interfaces:/home/hiro/rust_ws/src/install/builtin_interfaces:/home/hiro/rust_ws/src/install/rosidl_default_runtime:/home/hiro/rust_ws/src/install/rosidl_default_generators:/home/hiro/rust_ws/src/install/rosidl_generator_rs:/home/hiro/ws_livox/install/livox_ros_driver2:/opt/ros/humble LD_LIBRARY_PATH=/home/hiro/rust_ws/src/install/rcl_interfaces/lib:/home/hiro/rust_ws/src/install/builtin_interfaces/lib:${LD_LIBRARY_PATH} PYTHONPATH=/home/hiro/rust_ws/src/install/rcl_interfaces/local/lib/python3.10/dist-packages:/home/hiro/rust_ws/src/install/builtin_interfaces/local/lib/python3.10/dist-packages:/home/hiro/rust_ws/src/install/rosidl_generator_rs/local/lib/python3.10/dist-packages:${PYTHONPATH} /usr/bin/cmake --build /home/hiro/rust_ws/src/build/composition_interfaces -- -j22 -l22
[0.405s] [  2%] Built target composition_interfaces__cpp
[0.406s] [  4%] Built target composition_interfaces__rs
[0.406s] [ 14%] Built target composition_interfaces__rosidl_generator_c
[0.419s] [ 14%] Built target ament_cmake_python_copy_composition_interfaces
[0.429s] [ 25%] Built target composition_interfaces__rosidl_typesupport_c
[0.433s] [ 35%] Built target composition_interfaces__rosidl_typesupport_cpp
[0.433s] [ 60%] Built target composition_interfaces__rosidl_typesupport_introspection_cpp
[0.433s] [ 62%] Built target composition_interfaces__rosidl_typesupport_fastrtps_cpp
[0.433s] [ 66%] Built target composition_interfaces__rosidl_typesupport_introspection_c
[0.436s] [ 77%] Built target composition_interfaces__rosidl_typesupport_fastrtps_c
[0.454s] [ 77%] Built target composition_interfaces
[0.473s] [ 79%] Built target composition_interfaces__py
[0.492s] [ 87%] Built target composition_interfaces__rosidl_generator_py
[0.515s] [ 91%] Built target composition_interfaces__rosidl_typesupport_fastrtps_c__pyext
[0.516s] [ 95%] Built target composition_interfaces__rosidl_typesupport_c__pyext
[0.517s] [100%] Built target composition_interfaces__rosidl_typesupport_introspection_c__pyext
[0.831s] running egg_info
[0.852s] writing composition_interfaces.egg-info/PKG-INFO
[0.853s] writing dependency_links to composition_interfaces.egg-info/dependency_links.txt
[0.853s] writing top-level names to composition_interfaces.egg-info/top_level.txt
[0.914s] reading manifest file 'composition_interfaces.egg-info/SOURCES.txt'
[0.915s] writing manifest file 'composition_interfaces.egg-info/SOURCES.txt'
[0.970s] [100%] Built target ament_cmake_python_build_composition_interfaces_egg
[0.982s] Invoked command in '/home/hiro/rust_ws/src/build/composition_interfaces' returned '0': AMENT_PREFIX_PATH=/home/hiro/rust_ws/src/install/rcl_interfaces:/home/hiro/rust_ws/src/install/builtin_interfaces:/home/hiro/rust_ws/src/install/rosidl_default_runtime:/home/hiro/rust_ws/src/install/rosidl_default_generators:/home/hiro/rust_ws/src/install/rosidl_generator_rs:/home/hiro/rust_ws/src/install/rosidl_runtime_rs:${AMENT_PREFIX_PATH} CMAKE_PREFIX_PATH=/home/hiro/rust_ws/src/install/rcl_interfaces:/home/hiro/rust_ws/src/install/builtin_interfaces:/home/hiro/rust_ws/src/install/rosidl_default_runtime:/home/hiro/rust_ws/src/install/rosidl_default_generators:/home/hiro/rust_ws/src/install/rosidl_generator_rs:/home/hiro/ws_livox/install/livox_ros_driver2:/opt/ros/humble LD_LIBRARY_PATH=/home/hiro/rust_ws/src/install/rcl_interfaces/lib:/home/hiro/rust_ws/src/install/builtin_interfaces/lib:${LD_LIBRARY_PATH} PYTHONPATH=/home/hiro/rust_ws/src/install/rcl_interfaces/local/lib/python3.10/dist-packages:/home/hiro/rust_ws/src/install/builtin_interfaces/local/lib/python3.10/dist-packages:/home/hiro/rust_ws/src/install/rosidl_generator_rs/local/lib/python3.10/dist-packages:${PYTHONPATH} /usr/bin/cmake --build /home/hiro/rust_ws/src/build/composition_interfaces -- -j22 -l22
[1.124s] Invoking command in '/home/hiro/rust_ws/src/build/composition_interfaces': AMENT_PREFIX_PATH=/home/hiro/rust_ws/src/install/rcl_interfaces:/home/hiro/rust_ws/src/install/builtin_interfaces:/home/hiro/rust_ws/src/install/rosidl_default_runtime:/home/hiro/rust_ws/src/install/rosidl_default_generators:/home/hiro/rust_ws/src/install/rosidl_generator_rs:/home/hiro/rust_ws/src/install/rosidl_runtime_rs:${AMENT_PREFIX_PATH} CMAKE_PREFIX_PATH=/home/hiro/rust_ws/src/install/rcl_interfaces:/home/hiro/rust_ws/src/install/builtin_interfaces:/home/hiro/rust_ws/src/install/rosidl_default_runtime:/home/hiro/rust_ws/src/install/rosidl_default_generators:/home/hiro/rust_ws/src/install/rosidl_generator_rs:/home/hiro/ws_livox/install/livox_ros_driver2:/opt/ros/humble LD_LIBRARY_PATH=/home/hiro/rust_ws/src/install/rcl_interfaces/lib:/home/hiro/rust_ws/src/install/builtin_interfaces/lib:${LD_LIBRARY_PATH} PYTHONPATH=/home/hiro/rust_ws/src/install/rcl_interfaces/local/lib/python3.10/dist-packages:/home/hiro/rust_ws/src/install/builtin_interfaces/local/lib/python3.10/dist-packages:/home/hiro/rust_ws/src/install/rosidl_generator_rs/local/lib/python3.10/dist-packages:${PYTHONPATH} /usr/bin/cmake --install /home/hiro/rust_ws/src/build/composition_interfaces
[1.125s] -- Install configuration: ""
[1.126s] -- Up-to-date: /home/hiro/rust_ws/src/install/composition_interfaces/share/ament_index/resource_index/rosidl_interfaces/composition_interfaces
[1.126s] -- Up-to-date: /home/hiro/rust_ws/src/install/composition_interfaces/include/composition_interfaces/composition_interfaces
[1.126s] -- Up-to-date: /home/hiro/rust_ws/src/install/composition_interfaces/include/composition_interfaces/composition_interfaces/msg
[1.126s] -- Up-to-date: /home/hiro/rust_ws/src/install/composition_interfaces/include/composition_interfaces/composition_interfaces/msg/rosidl_generator_c__visibility_control.h
[1.126s] -- Up-to-date: /home/hiro/rust_ws/src/install/composition_interfaces/include/composition_interfaces/composition_interfaces/srv
[1.126s] -- Up-to-date: /home/hiro/rust_ws/src/install/composition_interfaces/include/composition_interfaces/composition_interfaces/srv/unload_node.h
[1.127s] -- Up-to-date: /home/hiro/rust_ws/src/install/composition_interfaces/include/composition_interfaces/composition_interfaces/srv/list_nodes.h
[1.127s] -- Up-to-date: /home/hiro/rust_ws/src/install/composition_interfaces/include/composition_interfaces/composition_interfaces/srv/detail
[1.127s] -- Up-to-date: /home/hiro/rust_ws/src/install/composition_interfaces/include/composition_interfaces/composition_interfaces/srv/detail/load_node__functions.c
[1.127s] -- Up-to-date: /home/hiro/rust_ws/src/install/composition_interfaces/include/composition_interfaces/composition_interfaces/srv/detail/unload_node__functions.h
[1.127s] -- Up-to-date: /home/hiro/rust_ws/src/install/composition_interfaces/include/composition_interfaces/composition_interfaces/srv/detail/unload_node__struct.h
[1.127s] -- Up-to-date: /home/hiro/rust_ws/src/install/composition_interfaces/include/composition_interfaces/composition_interfaces/srv/detail/list_nodes__functions.h
[1.128s] -- Up-to-date: /home/hiro/rust_ws/src/install/composition_interfaces/include/composition_interfaces/composition_interfaces/srv/detail/load_node__type_support.h
[1.128s] -- Up-to-date: /home/hiro/rust_ws/src/install/composition_interfaces/include/composition_interfaces/composition_interfaces/srv/detail/load_node__functions.h
[1.128s] -- Up-to-date: /home/hiro/rust_ws/src/install/composition_interfaces/include/composition_interfaces/composition_interfaces/srv/detail/unload_node__functions.c
[1.128s] -- Up-to-date: /home/hiro/rust_ws/src/install/composition_interfaces/include/composition_interfaces/composition_interfaces/srv/detail/list_nodes__functions.c
[1.128s] -- Up-to-date: /home/hiro/rust_ws/src/install/composition_interfaces/include/composition_interfaces/composition_interfaces/srv/detail/load_node__struct.h
[1.128s] -- Up-to-date: /home/hiro/rust_ws/src/install/composition_interfaces/include/composition_interfaces/composition_interfaces/srv/detail/unload_node__type_support.h
[1.128s] -- Up-to-date: /home/hiro/rust_ws/src/install/composition_interfaces/include/composition_interfaces/composition_interfaces/srv/detail/list_nodes__type_support.h
[1.129s] -- Up-to-date: /home/hiro/rust_ws/src/install/composition_interfaces/include/composition_interfaces/composition_interfaces/srv/detail/list_nodes__struct.h
[1.129s] -- Up-to-date: /home/hiro/rust_ws/src/install/composition_interfaces/include/composition_interfaces/composition_interfaces/srv/load_node.h
[1.129s] -- Up-to-date: /home/hiro/rust_ws/src/install/composition_interfaces/share/composition_interfaces/environment/library_path.sh
[1.129s] -- Up-to-date: /home/hiro/rust_ws/src/install/composition_interfaces/share/composition_interfaces/environment/library_path.dsv
[1.130s] -- Up-to-date: /home/hiro/rust_ws/src/install/composition_interfaces/lib/libcomposition_interfaces__rosidl_generator_c.so
[1.130s] -- Up-to-date: /home/hiro/rust_ws/src/install/composition_interfaces/include/composition_interfaces/composition_interfaces
[1.130s] -- Up-to-date: /home/hiro/rust_ws/src/install/composition_interfaces/include/composition_interfaces/composition_interfaces/msg
[1.130s] -- Up-to-date: /home/hiro/rust_ws/src/install/composition_interfaces/include/composition_interfaces/composition_interfaces/msg/rosidl_typesupport_fastrtps_c__visibility_control.h
[1.130s] -- Up-to-date: /home/hiro/rust_ws/src/install/composition_interfaces/include/composition_interfaces/composition_interfaces/srv
[1.131s] -- Up-to-date: /home/hiro/rust_ws/src/install/composition_interfaces/include/composition_interfaces/composition_interfaces/srv/detail
[1.131s] -- Up-to-date: /home/hiro/rust_ws/src/install/composition_interfaces/include/composition_interfaces/composition_interfaces/srv/detail/load_node__rosidl_typesupport_fastrtps_c.h
[1.131s] -- Up-to-date: /home/hiro/rust_ws/src/install/composition_interfaces/include/composition_interfaces/composition_interfaces/srv/detail/list_nodes__rosidl_typesupport_fastrtps_c.h
[1.131s] -- Up-to-date: /home/hiro/rust_ws/src/install/composition_interfaces/include/composition_interfaces/composition_interfaces/srv/detail/unload_node__rosidl_typesupport_fastrtps_c.h
[1.131s] -- Up-to-date: /home/hiro/rust_ws/src/install/composition_interfaces/lib/libcomposition_interfaces__rosidl_typesupport_fastrtps_c.so
[1.132s] -- Up-to-date: /home/hiro/rust_ws/src/install/composition_interfaces/include/composition_interfaces/composition_interfaces
[1.132s] -- Up-to-date: /home/hiro/rust_ws/src/install/composition_interfaces/include/composition_interfaces/composition_interfaces/msg
[1.132s] -- Up-to-date: /home/hiro/rust_ws/src/install/composition_interfaces/include/composition_interfaces/composition_interfaces/msg/rosidl_typesupport_introspection_c__visibility_control.h
[1.132s] -- Up-to-date: /home/hiro/rust_ws/src/install/composition_interfaces/include/composition_interfaces/composition_interfaces/srv
[1.132s] -- Up-to-date: /home/hiro/rust_ws/src/install/composition_interfaces/include/composition_interfaces/composition_interfaces/srv/detail
[1.132s] -- Up-to-date: /home/hiro/rust_ws/src/install/composition_interfaces/include/composition_interfaces/composition_interfaces/srv/detail/load_node__rosidl_typesupport_introspection_c.h
[1.133s] -- Up-to-date: /home/hiro/rust_ws/src/install/composition_interfaces/include/composition_interfaces/composition_interfaces/srv/detail/unload_node__rosidl_typesupport_introspection_c.h
[1.133s] -- Up-to-date: /home/hiro/rust_ws/src/install/composition_interfaces/include/composition_interfaces/composition_interfaces/srv/detail/list_nodes__type_support.c
[1.133s] -- Up-to-date: /home/hiro/rust_ws/src/install/composition_interfaces/include/composition_interfaces/composition_interfaces/srv/detail/list_nodes__rosidl_typesupport_introspection_c.h
[1.133s] -- Up-to-date: /home/hiro/rust_ws/src/install/composition_interfaces/include/composition_interfaces/composition_interfaces/srv/detail/unload_node__type_support.c
[1.134s] -- Up-to-date: /home/hiro/rust_ws/src/install/composition_interfaces/include/composition_interfaces/composition_interfaces/srv/detail/load_node__type_support.c
[1.134s] -- Up-to-date: /home/hiro/rust_ws/src/install/composition_interfaces/lib/libcomposition_interfaces__rosidl_typesupport_introspection_c.so
[1.134s] -- Up-to-date: /home/hiro/rust_ws/src/install/composition_interfaces/lib/libcomposition_interfaces__rosidl_typesupport_c.so
[1.134s] -- Up-to-date: /home/hiro/rust_ws/src/install/composition_interfaces/include/composition_interfaces/composition_interfaces
[1.134s] -- Up-to-date: /home/hiro/rust_ws/src/install/composition_interfaces/include/composition_interfaces/composition_interfaces/srv
[1.135s] -- Up-to-date: /home/hiro/rust_ws/src/install/composition_interfaces/include/composition_interfaces/composition_interfaces/srv/list_nodes.hpp
[1.135s] -- Up-to-date: /home/hiro/rust_ws/src/install/composition_interfaces/include/composition_interfaces/composition_interfaces/srv/load_node.hpp
[1.135s] -- Up-to-date: /home/hiro/rust_ws/src/install/composition_interfaces/include/composition_interfaces/composition_interfaces/srv/unload_node.hpp
[1.135s] -- Up-to-date: /home/hiro/rust_ws/src/install/composition_interfaces/include/composition_interfaces/composition_interfaces/srv/detail
[1.136s] -- Up-to-date: /home/hiro/rust_ws/src/install/composition_interfaces/include/composition_interfaces/composition_interfaces/srv/detail/list_nodes__traits.hpp
[1.136s] -- Up-to-date: /home/hiro/rust_ws/src/install/composition_interfaces/include/composition_interfaces/composition_interfaces/srv/detail/load_node__struct.hpp
[1.136s] -- Up-to-date: /home/hiro/rust_ws/src/install/composition_interfaces/include/composition_interfaces/composition_interfaces/srv/detail/list_nodes__struct.hpp
[1.136s] -- Up-to-date: /home/hiro/rust_ws/src/install/composition_interfaces/include/composition_interfaces/composition_interfaces/srv/detail/list_nodes__builder.hpp
[1.136s] -- Up-to-date: /home/hiro/rust_ws/src/install/composition_interfaces/include/composition_interfaces/composition_interfaces/srv/detail/unload_node__traits.hpp
[1.137s] -- Up-to-date: /home/hiro/rust_ws/src/install/composition_interfaces/include/composition_interfaces/composition_interfaces/srv/detail/unload_node__builder.hpp
[1.137s] -- Up-to-date: /home/hiro/rust_ws/src/install/composition_interfaces/include/composition_interfaces/composition_interfaces/srv/detail/unload_node__struct.hpp
[1.137s] -- Up-to-date: /home/hiro/rust_ws/src/install/composition_interfaces/include/composition_interfaces/composition_interfaces/srv/detail/load_node__traits.hpp
[1.137s] -- Up-to-date: /home/hiro/rust_ws/src/install/composition_interfaces/include/composition_interfaces/composition_interfaces/srv/detail/load_node__builder.hpp
[1.138s] -- Up-to-date: /home/hiro/rust_ws/src/install/composition_interfaces/include/composition_interfaces/composition_interfaces
[1.138s] -- Up-to-date: /home/hiro/rust_ws/src/install/composition_interfaces/include/composition_interfaces/composition_interfaces/msg
[1.138s] -- Up-to-date: /home/hiro/rust_ws/src/install/composition_interfaces/include/composition_interfaces/composition_interfaces/msg/rosidl_typesupport_fastrtps_cpp__visibility_control.h
[1.138s] -- Up-to-date: /home/hiro/rust_ws/src/install/composition_interfaces/include/composition_interfaces/composition_interfaces/srv
[1.139s] -- Up-to-date: /home/hiro/rust_ws/src/install/composition_interfaces/include/composition_interfaces/composition_interfaces/srv/detail
[1.139s] -- Up-to-date: /home/hiro/rust_ws/src/install/composition_interfaces/include/composition_interfaces/composition_interfaces/srv/detail/dds_fastrtps
[1.139s] -- Up-to-date: /home/hiro/rust_ws/src/install/composition_interfaces/include/composition_interfaces/composition_interfaces/srv/detail/list_nodes__rosidl_typesupport_fastrtps_cpp.hpp
[1.139s] -- Up-to-date: /home/hiro/rust_ws/src/install/composition_interfaces/include/composition_interfaces/composition_interfaces/srv/detail/load_node__rosidl_typesupport_fastrtps_cpp.hpp
[1.140s] -- Up-to-date: /home/hiro/rust_ws/src/install/composition_interfaces/include/composition_interfaces/composition_interfaces/srv/detail/unload_node__rosidl_typesupport_fastrtps_cpp.hpp
[1.140s] -- Up-to-date: /home/hiro/rust_ws/src/install/composition_interfaces/lib/libcomposition_interfaces__rosidl_typesupport_fastrtps_cpp.so
[1.140s] -- Up-to-date: /home/hiro/rust_ws/src/install/composition_interfaces/include/composition_interfaces/composition_interfaces
[1.140s] -- Up-to-date: /home/hiro/rust_ws/src/install/composition_interfaces/include/composition_interfaces/composition_interfaces/srv
[1.140s] -- Up-to-date: /home/hiro/rust_ws/src/install/composition_interfaces/include/composition_interfaces/composition_interfaces/srv/detail
[1.140s] -- Up-to-date: /home/hiro/rust_ws/src/install/composition_interfaces/include/composition_interfaces/composition_interfaces/srv/detail/unload_node__rosidl_typesupport_introspection_cpp.hpp
[1.140s] -- Up-to-date: /home/hiro/rust_ws/src/install/composition_interfaces/include/composition_interfaces/composition_interfaces/srv/detail/load_node__rosidl_typesupport_introspection_cpp.hpp
[1.140s] -- Up-to-date: /home/hiro/rust_ws/src/install/composition_interfaces/include/composition_interfaces/composition_interfaces/srv/detail/load_node__type_support.cpp
[1.141s] -- Up-to-date: /home/hiro/rust_ws/src/install/composition_interfaces/include/composition_interfaces/composition_interfaces/srv/detail/unload_node__type_support.cpp
[1.141s] -- Up-to-date: /home/hiro/rust_ws/src/install/composition_interfaces/include/composition_interfaces/composition_interfaces/srv/detail/list_nodes__rosidl_typesupport_introspection_cpp.hpp
[1.141s] -- Up-to-date: /home/hiro/rust_ws/src/install/composition_interfaces/include/composition_interfaces/composition_interfaces/srv/detail/list_nodes__type_support.cpp
[1.141s] -- Up-to-date: /home/hiro/rust_ws/src/install/composition_interfaces/lib/libcomposition_interfaces__rosidl_typesupport_introspection_cpp.so
[1.141s] -- Up-to-date: /home/hiro/rust_ws/src/install/composition_interfaces/lib/libcomposition_interfaces__rosidl_typesupport_cpp.so
[1.141s] -- Up-to-date: /home/hiro/rust_ws/src/install/composition_interfaces/share/ament_index/resource_index/rust_packages/composition_interfaces
[1.141s] -- Up-to-date: /home/hiro/rust_ws/src/install/composition_interfaces/share/composition_interfaces/rust
[1.141s] -- Up-to-date: /home/hiro/rust_ws/src/install/composition_interfaces/share/composition_interfaces/rust/Cargo.toml
[1.141s] -- Up-to-date: /home/hiro/rust_ws/src/install/composition_interfaces/share/composition_interfaces/rust/build.rs
[1.142s] -- Up-to-date: /home/hiro/rust_ws/src/install/composition_interfaces/share/composition_interfaces/rust/src
[1.142s] -- Up-to-date: /home/hiro/rust_ws/src/install/composition_interfaces/share/composition_interfaces/rust/src/srv.rs
[1.142s] -- Up-to-date: /home/hiro/rust_ws/src/install/composition_interfaces/share/composition_interfaces/rust/src/lib.rs
[1.142s] -- Up-to-date: /home/hiro/rust_ws/src/install/composition_interfaces/share/composition_interfaces/environment/pythonpath.sh
[1.142s] -- Up-to-date: /home/hiro/rust_ws/src/install/composition_interfaces/share/composition_interfaces/environment/pythonpath.dsv
[1.142s] -- Up-to-date: /home/hiro/rust_ws/src/install/composition_interfaces/local/lib/python3.10/dist-packages/composition_interfaces-1.2.1-py3.10.egg-info
[1.142s] -- Installing: /home/hiro/rust_ws/src/install/composition_interfaces/local/lib/python3.10/dist-packages/composition_interfaces-1.2.1-py3.10.egg-info/top_level.txt
[1.142s] -- Installing: /home/hiro/rust_ws/src/install/composition_interfaces/local/lib/python3.10/dist-packages/composition_interfaces-1.2.1-py3.10.egg-info/PKG-INFO
[1.143s] -- Installing: /home/hiro/rust_ws/src/install/composition_interfaces/local/lib/python3.10/dist-packages/composition_interfaces-1.2.1-py3.10.egg-info/SOURCES.txt
[1.143s] -- Installing: /home/hiro/rust_ws/src/install/composition_interfaces/local/lib/python3.10/dist-packages/composition_interfaces-1.2.1-py3.10.egg-info/dependency_links.txt
[1.143s] -- Up-to-date: /home/hiro/rust_ws/src/install/composition_interfaces/local/lib/python3.10/dist-packages/composition_interfaces
[1.143s] -- Up-to-date: /home/hiro/rust_ws/src/install/composition_interfaces/local/lib/python3.10/dist-packages/composition_interfaces/composition_interfaces_s__rosidl_typesupport_introspection_c.cpython-310-x86_64-linux-gnu.so
[1.143s] -- Up-to-date: /home/hiro/rust_ws/src/install/composition_interfaces/local/lib/python3.10/dist-packages/composition_interfaces/composition_interfaces_s__rosidl_typesupport_c.cpython-310-x86_64-linux-gnu.so
[1.143s] -- Up-to-date: /home/hiro/rust_ws/src/install/composition_interfaces/local/lib/python3.10/dist-packages/composition_interfaces/_composition_interfaces_s.ep.rosidl_typesupport_c.c
[1.144s] -- Up-to-date: /home/hiro/rust_ws/src/install/composition_interfaces/local/lib/python3.10/dist-packages/composition_interfaces/composition_interfaces_s__rosidl_typesupport_fastrtps_c.cpython-310-x86_64-linux-gnu.so
[1.144s] -- Up-to-date: /home/hiro/rust_ws/src/install/composition_interfaces/local/lib/python3.10/dist-packages/composition_interfaces/_composition_interfaces_s.ep.rosidl_typesupport_introspection_c.c
[1.144s] -- Up-to-date: /home/hiro/rust_ws/src/install/composition_interfaces/local/lib/python3.10/dist-packages/composition_interfaces/__init__.py
[1.144s] -- Up-to-date: /home/hiro/rust_ws/src/install/composition_interfaces/local/lib/python3.10/dist-packages/composition_interfaces/libcomposition_interfaces__rosidl_generator_py.so
[1.144s] -- Up-to-date: /home/hiro/rust_ws/src/install/composition_interfaces/local/lib/python3.10/dist-packages/composition_interfaces/srv
[1.144s] -- Up-to-date: /home/hiro/rust_ws/src/install/composition_interfaces/local/lib/python3.10/dist-packages/composition_interfaces/srv/_load_node.py
[1.144s] -- Up-to-date: /home/hiro/rust_ws/src/install/composition_interfaces/local/lib/python3.10/dist-packages/composition_interfaces/srv/_load_node_s.c
[1.145s] -- Up-to-date: /home/hiro/rust_ws/src/install/composition_interfaces/local/lib/python3.10/dist-packages/composition_interfaces/srv/_list_nodes_s.c
[1.145s] -- Up-to-date: /home/hiro/rust_ws/src/install/composition_interfaces/local/lib/python3.10/dist-packages/composition_interfaces/srv/_list_nodes.py
[1.145s] -- Up-to-date: /home/hiro/rust_ws/src/install/composition_interfaces/local/lib/python3.10/dist-packages/composition_interfaces/srv/_unload_node_s.c
[1.145s] -- Up-to-date: /home/hiro/rust_ws/src/install/composition_interfaces/local/lib/python3.10/dist-packages/composition_interfaces/srv/__init__.py
[1.145s] -- Up-to-date: /home/hiro/rust_ws/src/install/composition_interfaces/local/lib/python3.10/dist-packages/composition_interfaces/srv/_unload_node.py
[1.145s] -- Up-to-date: /home/hiro/rust_ws/src/install/composition_interfaces/local/lib/python3.10/dist-packages/composition_interfaces/_composition_interfaces_s.ep.rosidl_typesupport_fastrtps_c.c
[1.169s] Listing '/home/hiro/rust_ws/src/install/composition_interfaces/local/lib/python3.10/dist-packages/composition_interfaces'...
[1.171s] Listing '/home/hiro/rust_ws/src/install/composition_interfaces/local/lib/python3.10/dist-packages/composition_interfaces/srv'...
[1.172s] -- Up-to-date: /home/hiro/rust_ws/src/install/composition_interfaces/local/lib/python3.10/dist-packages/composition_interfaces/composition_interfaces_s__rosidl_typesupport_fastrtps_c.cpython-310-x86_64-linux-gnu.so
[1.172s] -- Up-to-date: /home/hiro/rust_ws/src/install/composition_interfaces/local/lib/python3.10/dist-packages/composition_interfaces/composition_interfaces_s__rosidl_typesupport_introspection_c.cpython-310-x86_64-linux-gnu.so
[1.172s] -- Up-to-date: /home/hiro/rust_ws/src/install/composition_interfaces/local/lib/python3.10/dist-packages/composition_interfaces/composition_interfaces_s__rosidl_typesupport_c.cpython-310-x86_64-linux-gnu.so
[1.172s] -- Up-to-date: /home/hiro/rust_ws/src/install/composition_interfaces/lib/libcomposition_interfaces__rosidl_generator_py.so
[1.172s] -- Up-to-date: /home/hiro/rust_ws/src/install/composition_interfaces/share/composition_interfaces/srv/LoadNode.idl
[1.172s] -- Up-to-date: /home/hiro/rust_ws/src/install/composition_interfaces/share/composition_interfaces/srv/ListNodes.idl
[1.173s] -- Up-to-date: /home/hiro/rust_ws/src/install/composition_interfaces/share/composition_interfaces/srv/UnloadNode.idl
[1.173s] -- Up-to-date: /home/hiro/rust_ws/src/install/composition_interfaces/share/composition_interfaces/srv/LoadNode.srv
[1.173s] -- Up-to-date: /home/hiro/rust_ws/src/install/composition_interfaces/share/composition_interfaces/srv/LoadNode_Request.msg
[1.173s] -- Up-to-date: /home/hiro/rust_ws/src/install/composition_interfaces/share/composition_interfaces/srv/LoadNode_Response.msg
[1.174s] -- Up-to-date: /home/hiro/rust_ws/src/install/composition_interfaces/share/composition_interfaces/srv/ListNodes.srv
[1.174s] -- Up-to-date: /home/hiro/rust_ws/src/install/composition_interfaces/share/composition_interfaces/srv/ListNodes_Request.msg
[1.174s] -- Up-to-date: /home/hiro/rust_ws/src/install/composition_interfaces/share/composition_interfaces/srv/ListNodes_Response.msg
[1.175s] -- Up-to-date: /home/hiro/rust_ws/src/install/composition_interfaces/share/composition_interfaces/srv/UnloadNode.srv
[1.175s] -- Up-to-date: /home/hiro/rust_ws/src/install/composition_interfaces/share/composition_interfaces/srv/UnloadNode_Request.msg
[1.175s] -- Up-to-date: /home/hiro/rust_ws/src/install/composition_interfaces/share/composition_interfaces/srv/UnloadNode_Response.msg
[1.175s] -- Up-to-date: /home/hiro/rust_ws/src/install/composition_interfaces/share/ament_index/resource_index/package_run_dependencies/composition_interfaces
[1.175s] -- Up-to-date: /home/hiro/rust_ws/src/install/composition_interfaces/share/ament_index/resource_index/parent_prefix_path/composition_interfaces
[1.175s] -- Up-to-date: /home/hiro/rust_ws/src/install/composition_interfaces/share/composition_interfaces/environment/ament_prefix_path.sh
[1.176s] -- Up-to-date: /home/hiro/rust_ws/src/install/composition_interfaces/share/composition_interfaces/environment/ament_prefix_path.dsv
[1.176s] -- Up-to-date: /home/hiro/rust_ws/src/install/composition_interfaces/share/composition_interfaces/environment/path.sh
[1.176s] -- Up-to-date: /home/hiro/rust_ws/src/install/composition_interfaces/share/composition_interfaces/environment/path.dsv
[1.176s] -- Up-to-date: /home/hiro/rust_ws/src/install/composition_interfaces/share/composition_interfaces/local_setup.bash
[1.176s] -- Up-to-date: /home/hiro/rust_ws/src/install/composition_interfaces/share/composition_interfaces/local_setup.sh
[1.176s] -- Up-to-date: /home/hiro/rust_ws/src/install/composition_interfaces/share/composition_interfaces/local_setup.zsh
[1.176s] -- Up-to-date: /home/hiro/rust_ws/src/install/composition_interfaces/share/composition_interfaces/local_setup.dsv
[1.177s] -- Installing: /home/hiro/rust_ws/src/install/composition_interfaces/share/composition_interfaces/package.dsv
[1.177s] -- Up-to-date: /home/hiro/rust_ws/src/install/composition_interfaces/share/ament_index/resource_index/packages/composition_interfaces
[1.177s] -- Up-to-date: /home/hiro/rust_ws/src/install/composition_interfaces/share/composition_interfaces/cmake/export_composition_interfaces__rosidl_generator_cExport.cmake
[1.177s] -- Up-to-date: /home/hiro/rust_ws/src/install/composition_interfaces/share/composition_interfaces/cmake/export_composition_interfaces__rosidl_generator_cExport-noconfig.cmake
[1.177s] -- Up-to-date: /home/hiro/rust_ws/src/install/composition_interfaces/share/composition_interfaces/cmake/export_composition_interfaces__rosidl_typesupport_fastrtps_cExport.cmake
[1.177s] -- Up-to-date: /home/hiro/rust_ws/src/install/composition_interfaces/share/composition_interfaces/cmake/export_composition_interfaces__rosidl_typesupport_fastrtps_cExport-noconfig.cmake
[1.177s] -- Up-to-date: /home/hiro/rust_ws/src/install/composition_interfaces/share/composition_interfaces/cmake/composition_interfaces__rosidl_typesupport_introspection_cExport.cmake
[1.178s] -- Up-to-date: /home/hiro/rust_ws/src/install/composition_interfaces/share/composition_interfaces/cmake/composition_interfaces__rosidl_typesupport_introspection_cExport-noconfig.cmake
[1.178s] -- Up-to-date: /home/hiro/rust_ws/src/install/composition_interfaces/share/composition_interfaces/cmake/composition_interfaces__rosidl_typesupport_cExport.cmake
[1.178s] -- Up-to-date: /home/hiro/rust_ws/src/install/composition_interfaces/share/composition_interfaces/cmake/composition_interfaces__rosidl_typesupport_cExport-noconfig.cmake
[1.178s] -- Up-to-date: /home/hiro/rust_ws/src/install/composition_interfaces/share/composition_interfaces/cmake/export_composition_interfaces__rosidl_generator_cppExport.cmake
[1.178s] -- Up-to-date: /home/hiro/rust_ws/src/install/composition_interfaces/share/composition_interfaces/cmake/export_composition_interfaces__rosidl_typesupport_fastrtps_cppExport.cmake
[1.178s] -- Up-to-date: /home/hiro/rust_ws/src/install/composition_interfaces/share/composition_interfaces/cmake/export_composition_interfaces__rosidl_typesupport_fastrtps_cppExport-noconfig.cmake
[1.178s] -- Up-to-date: /home/hiro/rust_ws/src/install/composition_interfaces/share/composition_interfaces/cmake/composition_interfaces__rosidl_typesupport_introspection_cppExport.cmake
[1.179s] -- Up-to-date: /home/hiro/rust_ws/src/install/composition_interfaces/share/composition_interfaces/cmake/composition_interfaces__rosidl_typesupport_introspection_cppExport-noconfig.cmake
[1.179s] -- Up-to-date: /home/hiro/rust_ws/src/install/composition_interfaces/share/composition_interfaces/cmake/composition_interfaces__rosidl_typesupport_cppExport.cmake
[1.179s] -- Up-to-date: /home/hiro/rust_ws/src/install/composition_interfaces/share/composition_interfaces/cmake/composition_interfaces__rosidl_typesupport_cppExport-noconfig.cmake
[1.179s] -- Up-to-date: /home/hiro/rust_ws/src/install/composition_interfaces/share/composition_interfaces/cmake/export_composition_interfaces__rosidl_generator_pyExport.cmake
[1.179s] -- Up-to-date: /home/hiro/rust_ws/src/install/composition_interfaces/share/composition_interfaces/cmake/export_composition_interfaces__rosidl_generator_pyExport-noconfig.cmake
[1.179s] -- Up-to-date: /home/hiro/rust_ws/src/install/composition_interfaces/share/composition_interfaces/cmake/rosidl_cmake-extras.cmake
[1.179s] -- Up-to-date: /home/hiro/rust_ws/src/install/composition_interfaces/share/composition_interfaces/cmake/ament_cmake_export_dependencies-extras.cmake
[1.180s] -- Up-to-date: /home/hiro/rust_ws/src/install/composition_interfaces/share/composition_interfaces/cmake/ament_cmake_export_include_directories-extras.cmake
[1.180s] -- Up-to-date: /home/hiro/rust_ws/src/install/composition_interfaces/share/composition_interfaces/cmake/ament_cmake_export_libraries-extras.cmake
[1.180s] -- Up-to-date: /home/hiro/rust_ws/src/install/composition_interfaces/share/composition_interfaces/cmake/ament_cmake_export_targets-extras.cmake
[1.180s] -- Up-to-date: /home/hiro/rust_ws/src/install/composition_interfaces/share/composition_interfaces/cmake/rosidl_cmake_export_typesupport_targets-extras.cmake
[1.180s] -- Up-to-date: /home/hiro/rust_ws/src/install/composition_interfaces/share/composition_interfaces/cmake/rosidl_cmake_export_typesupport_libraries-extras.cmake
[1.181s] -- Up-to-date: /home/hiro/rust_ws/src/install/composition_interfaces/share/composition_interfaces/cmake/composition_interfacesConfig.cmake
[1.181s] -- Up-to-date: /home/hiro/rust_ws/src/install/composition_interfaces/share/composition_interfaces/cmake/composition_interfacesConfig-version.cmake
[1.181s] -- Up-to-date: /home/hiro/rust_ws/src/install/composition_interfaces/share/composition_interfaces/package.xml
[1.185s] Invoked command in '/home/hiro/rust_ws/src/build/composition_interfaces' returned '0': AMENT_PREFIX_PATH=/home/hiro/rust_ws/src/install/rcl_interfaces:/home/hiro/rust_ws/src/install/builtin_interfaces:/home/hiro/rust_ws/src/install/rosidl_default_runtime:/home/hiro/rust_ws/src/install/rosidl_default_generators:/home/hiro/rust_ws/src/install/rosidl_generator_rs:/home/hiro/rust_ws/src/install/rosidl_runtime_rs:${AMENT_PREFIX_PATH} CMAKE_PREFIX_PATH=/home/hiro/rust_ws/src/install/rcl_interfaces:/home/hiro/rust_ws/src/install/builtin_interfaces:/home/hiro/rust_ws/src/install/rosidl_default_runtime:/home/hiro/rust_ws/src/install/rosidl_default_generators:/home/hiro/rust_ws/src/install/rosidl_generator_rs:/home/hiro/ws_livox/install/livox_ros_driver2:/opt/ros/humble LD_LIBRARY_PATH=/home/hiro/rust_ws/src/install/rcl_interfaces/lib:/home/hiro/rust_ws/src/install/builtin_interfaces/lib:${LD_LIBRARY_PATH} PYTHONPATH=/home/hiro/rust_ws/src/install/rcl_interfaces/local/lib/python3.10/dist-packages:/home/hiro/rust_ws/src/install/builtin_interfaces/local/lib/python3.10/dist-packages:/home/hiro/rust_ws/src/install/rosidl_generator_rs/local/lib/python3.10/dist-packages:${PYTHONPATH} /usr/bin/cmake --install /home/hiro/rust_ws/src/build/composition_interfaces
