[0.227s] Invoking command in '/home/hiro/rust_ws/build/rcl_interfaces': AMENT_PREFIX_PATH=/home/hiro/rust_ws/install/rosidl_runtime_rs:/home/hiro/rust_ws/install/common_interfaces:/home/hiro/rust_ws/install/visualization_msgs:/home/hiro/rust_ws/install/test_msgs:/home/hiro/rust_ws/install/examples_rclrs_minimal_client_service:/home/hiro/rust_ws/install/example_interfaces:/home/hiro/rust_ws/install/action_msgs:/home/hiro/rust_ws/install/unique_identifier_msgs:/home/hiro/rust_ws/install/trajectory_msgs:/home/hiro/rust_ws/install/test_interface_files:/home/hiro/rust_ws/install/stereo_msgs:/home/hiro/rust_ws/install/std_srvs:/home/hiro/rust_ws/install/shape_msgs:/home/hiro/rust_ws/install/sensor_msgs_py:/home/hiro/rust_ws/install/sensor_msgs:/home/hiro/rust_ws/install/rust_pubsub:/home/hiro/rust_ws/install/nav_msgs:/home/hiro/rust_ws/install/diagnostic_msgs:/home/hiro/rust_ws/install/geometry_msgs:/home/hiro/rust_ws/install/examples_rclrs_minimal_pub_sub:/home/hiro/rust_ws/install/actionlib_msgs:/home/hiro/rust_ws/install/std_msgs:/home/hiro/rust_ws/install/statistics_msgs:/home/hiro/rust_ws/install/examples_rclrs_message_demo:/home/hiro/rust_ws/install/rclrs:/home/hiro/rust_ws/install/rosgraph_msgs:/home/hiro/rust_ws/install/rclrs_example_msgs:/home/hiro/rust_ws/install/composition_interfaces:/home/hiro/rust_ws/install/rcl_interfaces:/home/hiro/rust_ws/install/lifecycle_msgs:/home/hiro/rust_ws/install/builtin_interfaces:/home/hiro/rust_ws/install/rosidl_default_runtime:/home/hiro/rust_ws/install/rosidl_default_generators:/home/hiro/rust_ws/install/rosidl_generator_rs:/home/hiro/ws_livox/install/livox_ros_driver2:/opt/ros/humble CMAKE_PREFIX_PATH=/home/hiro/rust_ws/install/builtin_interfaces:/home/hiro/rust_ws/install/rosidl_default_runtime:/home/hiro/rust_ws/install/rosidl_default_generators:/home/hiro/rust_ws/install/rosidl_generator_rs:/home/hiro/rust_ws/install/common_interfaces:/home/hiro/rust_ws/install/visualization_msgs:/home/hiro/rust_ws/install/test_msgs:/home/hiro/rust_ws/install/example_interfaces:/home/hiro/rust_ws/install/action_msgs:/home/hiro/rust_ws/install/unique_identifier_msgs:/home/hiro/rust_ws/install/trajectory_msgs:/home/hiro/rust_ws/install/test_interface_files:/home/hiro/rust_ws/install/stereo_msgs:/home/hiro/rust_ws/install/std_srvs:/home/hiro/rust_ws/install/shape_msgs:/home/hiro/rust_ws/install/sensor_msgs:/home/hiro/rust_ws/install/nav_msgs:/home/hiro/rust_ws/install/diagnostic_msgs:/home/hiro/rust_ws/install/geometry_msgs:/home/hiro/rust_ws/install/actionlib_msgs:/home/hiro/rust_ws/install/std_msgs:/home/hiro/rust_ws/install/statistics_msgs:/home/hiro/rust_ws/install/rosgraph_msgs:/home/hiro/rust_ws/install/rclrs_example_msgs:/home/hiro/rust_ws/install/composition_interfaces:/home/hiro/rust_ws/install/rcl_interfaces:/home/hiro/rust_ws/install/lifecycle_msgs:/home/hiro/ws_livox/install/livox_ros_driver2:/home/hiro/rust_ws/install/examples_rclrs_minimal_client_service:/home/hiro/rust_ws/install/sensor_msgs_py:/home/hiro/rust_ws/install/rust_pubsub:/home/hiro/rust_ws/install/examples_rclrs_minimal_pub_sub:/home/hiro/rust_ws/install/examples_rclrs_message_demo:/home/hiro/rust_ws/install/rclrs:/home/hiro/rust_ws/install/rosidl_runtime_rs:/opt/ros/humble LD_LIBRARY_PATH=/home/hiro/rust_ws/install/builtin_interfaces/lib:/home/hiro/rust_ws/install/visualization_msgs/lib:/home/hiro/rust_ws/install/test_msgs/lib:/home/hiro/rust_ws/install/example_interfaces/lib:/home/hiro/rust_ws/install/action_msgs/lib:/home/hiro/rust_ws/install/unique_identifier_msgs/lib:/home/hiro/rust_ws/install/trajectory_msgs/lib:/home/hiro/rust_ws/install/stereo_msgs/lib:/home/hiro/rust_ws/install/std_srvs/lib:/home/hiro/rust_ws/install/shape_msgs/lib:/home/hiro/rust_ws/install/sensor_msgs/lib:/home/hiro/rust_ws/install/nav_msgs/lib:/home/hiro/rust_ws/install/diagnostic_msgs/lib:/home/hiro/rust_ws/install/geometry_msgs/lib:/home/hiro/rust_ws/install/actionlib_msgs/lib:/home/hiro/rust_ws/install/std_msgs/lib:/home/hiro/rust_ws/install/statistics_msgs/lib:/home/hiro/rust_ws/install/rosgraph_msgs/lib:/home/hiro/rust_ws/install/rclrs_example_msgs/lib:/home/hiro/rust_ws/install/composition_interfaces/lib:/home/hiro/rust_ws/install/rcl_interfaces/lib:/home/hiro/rust_ws/install/lifecycle_msgs/lib:/home/hiro/ws_livox/install/livox_ros_driver2/lib:/opt/ros/humble/opt/rviz_ogre_vendor/lib:/opt/ros/humble/lib/x86_64-linux-gnu:/opt/ros/humble/lib /usr/bin/cmake --build /home/hiro/rust_ws/build/rcl_interfaces -- -j22 -l22
[0.280s] [  1%] Built target rcl_interfaces__rs
[0.281s] [  1%] Built target rcl_interfaces__cpp
[0.287s] [ 13%] Built target rcl_interfaces__rosidl_generator_c
[0.299s] [ 13%] Built target ament_cmake_python_copy_rcl_interfaces
[0.321s] [ 25%] Built target rcl_interfaces__rosidl_typesupport_introspection_cpp
[0.327s] [ 37%] Built target rcl_interfaces__rosidl_typesupport_fastrtps_cpp
[0.330s] [ 49%] Built target rcl_interfaces__rosidl_typesupport_cpp
[0.331s] [ 61%] Built target rcl_interfaces__rosidl_typesupport_introspection_c
[0.335s] [ 73%] Built target rcl_interfaces__rosidl_typesupport_c
[0.339s] [ 85%] Built target rcl_interfaces__rosidl_typesupport_fastrtps_c
[0.371s] [ 85%] Built target rcl_interfaces
[0.395s] [ 86%] Built target rcl_interfaces__py
[0.424s] [ 97%] Built target rcl_interfaces__rosidl_generator_py
[0.452s] [ 98%] Built target rcl_interfaces__rosidl_typesupport_introspection_c__pyext
[0.453s] [ 99%] Built target rcl_interfaces__rosidl_typesupport_c__pyext
[0.453s] [100%] Built target rcl_interfaces__rosidl_typesupport_fastrtps_c__pyext
[0.715s] running egg_info
[0.727s] writing rcl_interfaces.egg-info/PKG-INFO
[0.727s] writing dependency_links to rcl_interfaces.egg-info/dependency_links.txt
[0.727s] writing top-level names to rcl_interfaces.egg-info/top_level.txt
[0.762s] reading manifest file 'rcl_interfaces.egg-info/SOURCES.txt'
[0.762s] writing manifest file 'rcl_interfaces.egg-info/SOURCES.txt'
[0.835s] [100%] Built target ament_cmake_python_build_rcl_interfaces_egg
[0.849s] Invoked command in '/home/hiro/rust_ws/build/rcl_interfaces' returned '0': AMENT_PREFIX_PATH=/home/hiro/rust_ws/install/rosidl_runtime_rs:/home/hiro/rust_ws/install/common_interfaces:/home/hiro/rust_ws/install/visualization_msgs:/home/hiro/rust_ws/install/test_msgs:/home/hiro/rust_ws/install/examples_rclrs_minimal_client_service:/home/hiro/rust_ws/install/example_interfaces:/home/hiro/rust_ws/install/action_msgs:/home/hiro/rust_ws/install/unique_identifier_msgs:/home/hiro/rust_ws/install/trajectory_msgs:/home/hiro/rust_ws/install/test_interface_files:/home/hiro/rust_ws/install/stereo_msgs:/home/hiro/rust_ws/install/std_srvs:/home/hiro/rust_ws/install/shape_msgs:/home/hiro/rust_ws/install/sensor_msgs_py:/home/hiro/rust_ws/install/sensor_msgs:/home/hiro/rust_ws/install/rust_pubsub:/home/hiro/rust_ws/install/nav_msgs:/home/hiro/rust_ws/install/diagnostic_msgs:/home/hiro/rust_ws/install/geometry_msgs:/home/hiro/rust_ws/install/examples_rclrs_minimal_pub_sub:/home/hiro/rust_ws/install/actionlib_msgs:/home/hiro/rust_ws/install/std_msgs:/home/hiro/rust_ws/install/statistics_msgs:/home/hiro/rust_ws/install/examples_rclrs_message_demo:/home/hiro/rust_ws/install/rclrs:/home/hiro/rust_ws/install/rosgraph_msgs:/home/hiro/rust_ws/install/rclrs_example_msgs:/home/hiro/rust_ws/install/composition_interfaces:/home/hiro/rust_ws/install/rcl_interfaces:/home/hiro/rust_ws/install/lifecycle_msgs:/home/hiro/rust_ws/install/builtin_interfaces:/home/hiro/rust_ws/install/rosidl_default_runtime:/home/hiro/rust_ws/install/rosidl_default_generators:/home/hiro/rust_ws/install/rosidl_generator_rs:/home/hiro/ws_livox/install/livox_ros_driver2:/opt/ros/humble CMAKE_PREFIX_PATH=/home/hiro/rust_ws/install/builtin_interfaces:/home/hiro/rust_ws/install/rosidl_default_runtime:/home/hiro/rust_ws/install/rosidl_default_generators:/home/hiro/rust_ws/install/rosidl_generator_rs:/home/hiro/rust_ws/install/common_interfaces:/home/hiro/rust_ws/install/visualization_msgs:/home/hiro/rust_ws/install/test_msgs:/home/hiro/rust_ws/install/example_interfaces:/home/hiro/rust_ws/install/action_msgs:/home/hiro/rust_ws/install/unique_identifier_msgs:/home/hiro/rust_ws/install/trajectory_msgs:/home/hiro/rust_ws/install/test_interface_files:/home/hiro/rust_ws/install/stereo_msgs:/home/hiro/rust_ws/install/std_srvs:/home/hiro/rust_ws/install/shape_msgs:/home/hiro/rust_ws/install/sensor_msgs:/home/hiro/rust_ws/install/nav_msgs:/home/hiro/rust_ws/install/diagnostic_msgs:/home/hiro/rust_ws/install/geometry_msgs:/home/hiro/rust_ws/install/actionlib_msgs:/home/hiro/rust_ws/install/std_msgs:/home/hiro/rust_ws/install/statistics_msgs:/home/hiro/rust_ws/install/rosgraph_msgs:/home/hiro/rust_ws/install/rclrs_example_msgs:/home/hiro/rust_ws/install/composition_interfaces:/home/hiro/rust_ws/install/rcl_interfaces:/home/hiro/rust_ws/install/lifecycle_msgs:/home/hiro/ws_livox/install/livox_ros_driver2:/home/hiro/rust_ws/install/examples_rclrs_minimal_client_service:/home/hiro/rust_ws/install/sensor_msgs_py:/home/hiro/rust_ws/install/rust_pubsub:/home/hiro/rust_ws/install/examples_rclrs_minimal_pub_sub:/home/hiro/rust_ws/install/examples_rclrs_message_demo:/home/hiro/rust_ws/install/rclrs:/home/hiro/rust_ws/install/rosidl_runtime_rs:/opt/ros/humble LD_LIBRARY_PATH=/home/hiro/rust_ws/install/builtin_interfaces/lib:/home/hiro/rust_ws/install/visualization_msgs/lib:/home/hiro/rust_ws/install/test_msgs/lib:/home/hiro/rust_ws/install/example_interfaces/lib:/home/hiro/rust_ws/install/action_msgs/lib:/home/hiro/rust_ws/install/unique_identifier_msgs/lib:/home/hiro/rust_ws/install/trajectory_msgs/lib:/home/hiro/rust_ws/install/stereo_msgs/lib:/home/hiro/rust_ws/install/std_srvs/lib:/home/hiro/rust_ws/install/shape_msgs/lib:/home/hiro/rust_ws/install/sensor_msgs/lib:/home/hiro/rust_ws/install/nav_msgs/lib:/home/hiro/rust_ws/install/diagnostic_msgs/lib:/home/hiro/rust_ws/install/geometry_msgs/lib:/home/hiro/rust_ws/install/actionlib_msgs/lib:/home/hiro/rust_ws/install/std_msgs/lib:/home/hiro/rust_ws/install/statistics_msgs/lib:/home/hiro/rust_ws/install/rosgraph_msgs/lib:/home/hiro/rust_ws/install/rclrs_example_msgs/lib:/home/hiro/rust_ws/install/composition_interfaces/lib:/home/hiro/rust_ws/install/rcl_interfaces/lib:/home/hiro/rust_ws/install/lifecycle_msgs/lib:/home/hiro/ws_livox/install/livox_ros_driver2/lib:/opt/ros/humble/opt/rviz_ogre_vendor/lib:/opt/ros/humble/lib/x86_64-linux-gnu:/opt/ros/humble/lib /usr/bin/cmake --build /home/hiro/rust_ws/build/rcl_interfaces -- -j22 -l22
[1.246s] Invoking command in '/home/hiro/rust_ws/build/rcl_interfaces': AMENT_PREFIX_PATH=/home/hiro/rust_ws/install/rosidl_runtime_rs:/home/hiro/rust_ws/install/common_interfaces:/home/hiro/rust_ws/install/visualization_msgs:/home/hiro/rust_ws/install/test_msgs:/home/hiro/rust_ws/install/examples_rclrs_minimal_client_service:/home/hiro/rust_ws/install/example_interfaces:/home/hiro/rust_ws/install/action_msgs:/home/hiro/rust_ws/install/unique_identifier_msgs:/home/hiro/rust_ws/install/trajectory_msgs:/home/hiro/rust_ws/install/test_interface_files:/home/hiro/rust_ws/install/stereo_msgs:/home/hiro/rust_ws/install/std_srvs:/home/hiro/rust_ws/install/shape_msgs:/home/hiro/rust_ws/install/sensor_msgs_py:/home/hiro/rust_ws/install/sensor_msgs:/home/hiro/rust_ws/install/rust_pubsub:/home/hiro/rust_ws/install/nav_msgs:/home/hiro/rust_ws/install/diagnostic_msgs:/home/hiro/rust_ws/install/geometry_msgs:/home/hiro/rust_ws/install/examples_rclrs_minimal_pub_sub:/home/hiro/rust_ws/install/actionlib_msgs:/home/hiro/rust_ws/install/std_msgs:/home/hiro/rust_ws/install/statistics_msgs:/home/hiro/rust_ws/install/examples_rclrs_message_demo:/home/hiro/rust_ws/install/rclrs:/home/hiro/rust_ws/install/rosgraph_msgs:/home/hiro/rust_ws/install/rclrs_example_msgs:/home/hiro/rust_ws/install/composition_interfaces:/home/hiro/rust_ws/install/rcl_interfaces:/home/hiro/rust_ws/install/lifecycle_msgs:/home/hiro/rust_ws/install/builtin_interfaces:/home/hiro/rust_ws/install/rosidl_default_runtime:/home/hiro/rust_ws/install/rosidl_default_generators:/home/hiro/rust_ws/install/rosidl_generator_rs:/home/hiro/ws_livox/install/livox_ros_driver2:/opt/ros/humble CMAKE_PREFIX_PATH=/home/hiro/rust_ws/install/builtin_interfaces:/home/hiro/rust_ws/install/rosidl_default_runtime:/home/hiro/rust_ws/install/rosidl_default_generators:/home/hiro/rust_ws/install/rosidl_generator_rs:/home/hiro/rust_ws/install/common_interfaces:/home/hiro/rust_ws/install/visualization_msgs:/home/hiro/rust_ws/install/test_msgs:/home/hiro/rust_ws/install/example_interfaces:/home/hiro/rust_ws/install/action_msgs:/home/hiro/rust_ws/install/unique_identifier_msgs:/home/hiro/rust_ws/install/trajectory_msgs:/home/hiro/rust_ws/install/test_interface_files:/home/hiro/rust_ws/install/stereo_msgs:/home/hiro/rust_ws/install/std_srvs:/home/hiro/rust_ws/install/shape_msgs:/home/hiro/rust_ws/install/sensor_msgs:/home/hiro/rust_ws/install/nav_msgs:/home/hiro/rust_ws/install/diagnostic_msgs:/home/hiro/rust_ws/install/geometry_msgs:/home/hiro/rust_ws/install/actionlib_msgs:/home/hiro/rust_ws/install/std_msgs:/home/hiro/rust_ws/install/statistics_msgs:/home/hiro/rust_ws/install/rosgraph_msgs:/home/hiro/rust_ws/install/rclrs_example_msgs:/home/hiro/rust_ws/install/composition_interfaces:/home/hiro/rust_ws/install/rcl_interfaces:/home/hiro/rust_ws/install/lifecycle_msgs:/home/hiro/ws_livox/install/livox_ros_driver2:/home/hiro/rust_ws/install/examples_rclrs_minimal_client_service:/home/hiro/rust_ws/install/sensor_msgs_py:/home/hiro/rust_ws/install/rust_pubsub:/home/hiro/rust_ws/install/examples_rclrs_minimal_pub_sub:/home/hiro/rust_ws/install/examples_rclrs_message_demo:/home/hiro/rust_ws/install/rclrs:/home/hiro/rust_ws/install/rosidl_runtime_rs:/opt/ros/humble LD_LIBRARY_PATH=/home/hiro/rust_ws/install/builtin_interfaces/lib:/home/hiro/rust_ws/install/visualization_msgs/lib:/home/hiro/rust_ws/install/test_msgs/lib:/home/hiro/rust_ws/install/example_interfaces/lib:/home/hiro/rust_ws/install/action_msgs/lib:/home/hiro/rust_ws/install/unique_identifier_msgs/lib:/home/hiro/rust_ws/install/trajectory_msgs/lib:/home/hiro/rust_ws/install/stereo_msgs/lib:/home/hiro/rust_ws/install/std_srvs/lib:/home/hiro/rust_ws/install/shape_msgs/lib:/home/hiro/rust_ws/install/sensor_msgs/lib:/home/hiro/rust_ws/install/nav_msgs/lib:/home/hiro/rust_ws/install/diagnostic_msgs/lib:/home/hiro/rust_ws/install/geometry_msgs/lib:/home/hiro/rust_ws/install/actionlib_msgs/lib:/home/hiro/rust_ws/install/std_msgs/lib:/home/hiro/rust_ws/install/statistics_msgs/lib:/home/hiro/rust_ws/install/rosgraph_msgs/lib:/home/hiro/rust_ws/install/rclrs_example_msgs/lib:/home/hiro/rust_ws/install/composition_interfaces/lib:/home/hiro/rust_ws/install/rcl_interfaces/lib:/home/hiro/rust_ws/install/lifecycle_msgs/lib:/home/hiro/ws_livox/install/livox_ros_driver2/lib:/opt/ros/humble/opt/rviz_ogre_vendor/lib:/opt/ros/humble/lib/x86_64-linux-gnu:/opt/ros/humble/lib /usr/bin/cmake --install /home/hiro/rust_ws/build/rcl_interfaces
[1.256s] -- Install configuration: ""
[1.256s] -- Up-to-date: /home/hiro/rust_ws/install/rcl_interfaces/share/ament_index/resource_index/rosidl_interfaces/rcl_interfaces
[1.257s] -- Up-to-date: /home/hiro/rust_ws/install/rcl_interfaces/include/rcl_interfaces/rcl_interfaces
[1.258s] -- Up-to-date: /home/hiro/rust_ws/install/rcl_interfaces/include/rcl_interfaces/rcl_interfaces/msg
[1.258s] -- Up-to-date: /home/hiro/rust_ws/install/rcl_interfaces/include/rcl_interfaces/rcl_interfaces/msg/floating_point_range.h
[1.259s] -- Up-to-date: /home/hiro/rust_ws/install/rcl_interfaces/include/rcl_interfaces/rcl_interfaces/msg/integer_range.h
[1.259s] -- Up-to-date: /home/hiro/rust_ws/install/rcl_interfaces/include/rcl_interfaces/rcl_interfaces/msg/parameter.h
[1.260s] -- Up-to-date: /home/hiro/rust_ws/install/rcl_interfaces/include/rcl_interfaces/rcl_interfaces/msg/list_parameters_result.h
[1.260s] -- Up-to-date: /home/hiro/rust_ws/install/rcl_interfaces/include/rcl_interfaces/rcl_interfaces/msg/parameter_descriptor.h
[1.260s] -- Up-to-date: /home/hiro/rust_ws/install/rcl_interfaces/include/rcl_interfaces/rcl_interfaces/msg/log.h
[1.261s] -- Up-to-date: /home/hiro/rust_ws/install/rcl_interfaces/include/rcl_interfaces/rcl_interfaces/msg/rosidl_generator_c__visibility_control.h
[1.261s] -- Up-to-date: /home/hiro/rust_ws/install/rcl_interfaces/include/rcl_interfaces/rcl_interfaces/msg/parameter_type.h
[1.261s] -- Up-to-date: /home/hiro/rust_ws/install/rcl_interfaces/include/rcl_interfaces/rcl_interfaces/msg/parameter_event_descriptors.h
[1.262s] -- Up-to-date: /home/hiro/rust_ws/install/rcl_interfaces/include/rcl_interfaces/rcl_interfaces/msg/detail
[1.262s] -- Up-to-date: /home/hiro/rust_ws/install/rcl_interfaces/include/rcl_interfaces/rcl_interfaces/msg/detail/list_parameters_result__struct.h
[1.262s] -- Up-to-date: /home/hiro/rust_ws/install/rcl_interfaces/include/rcl_interfaces/rcl_interfaces/msg/detail/parameter_type__functions.h
[1.262s] -- Up-to-date: /home/hiro/rust_ws/install/rcl_interfaces/include/rcl_interfaces/rcl_interfaces/msg/detail/set_parameters_result__type_support.h
[1.263s] -- Up-to-date: /home/hiro/rust_ws/install/rcl_interfaces/include/rcl_interfaces/rcl_interfaces/msg/detail/parameter_event__type_support.h
[1.264s] -- Up-to-date: /home/hiro/rust_ws/install/rcl_interfaces/include/rcl_interfaces/rcl_interfaces/msg/detail/integer_range__type_support.h
[1.265s] -- Up-to-date: /home/hiro/rust_ws/install/rcl_interfaces/include/rcl_interfaces/rcl_interfaces/msg/detail/parameter_descriptor__functions.c
[1.266s] -- Up-to-date: /home/hiro/rust_ws/install/rcl_interfaces/include/rcl_interfaces/rcl_interfaces/msg/detail/parameter_value__type_support.h
[1.270s] -- Up-to-date: /home/hiro/rust_ws/install/rcl_interfaces/include/rcl_interfaces/rcl_interfaces/msg/detail/parameter_value__functions.h
[1.270s] -- Up-to-date: /home/hiro/rust_ws/install/rcl_interfaces/include/rcl_interfaces/rcl_interfaces/msg/detail/parameter_descriptor__struct.h
[1.271s] -- Up-to-date: /home/hiro/rust_ws/install/rcl_interfaces/include/rcl_interfaces/rcl_interfaces/msg/detail/list_parameters_result__type_support.h
[1.271s] -- Up-to-date: /home/hiro/rust_ws/install/rcl_interfaces/include/rcl_interfaces/rcl_interfaces/msg/detail/parameter__functions.c
[1.271s] -- Up-to-date: /home/hiro/rust_ws/install/rcl_interfaces/include/rcl_interfaces/rcl_interfaces/msg/detail/integer_range__functions.h
[1.272s] -- Up-to-date: /home/hiro/rust_ws/install/rcl_interfaces/include/rcl_interfaces/rcl_interfaces/msg/detail/parameter__type_support.h
[1.272s] -- Up-to-date: /home/hiro/rust_ws/install/rcl_interfaces/include/rcl_interfaces/rcl_interfaces/msg/detail/parameter_type__type_support.h
[1.272s] -- Up-to-date: /home/hiro/rust_ws/install/rcl_interfaces/include/rcl_interfaces/rcl_interfaces/msg/detail/parameter_value__struct.h
[1.272s] -- Up-to-date: /home/hiro/rust_ws/install/rcl_interfaces/include/rcl_interfaces/rcl_interfaces/msg/detail/parameter_event_descriptors__functions.h
[1.272s] -- Up-to-date: /home/hiro/rust_ws/install/rcl_interfaces/include/rcl_interfaces/rcl_interfaces/msg/detail/parameter__functions.h
[1.273s] -- Up-to-date: /home/hiro/rust_ws/install/rcl_interfaces/include/rcl_interfaces/rcl_interfaces/msg/detail/set_parameters_result__functions.h
[1.273s] -- Up-to-date: /home/hiro/rust_ws/install/rcl_interfaces/include/rcl_interfaces/rcl_interfaces/msg/detail/parameter_event__struct.h
[1.273s] -- Up-to-date: /home/hiro/rust_ws/install/rcl_interfaces/include/rcl_interfaces/rcl_interfaces/msg/detail/list_parameters_result__functions.c
[1.273s] -- Up-to-date: /home/hiro/rust_ws/install/rcl_interfaces/include/rcl_interfaces/rcl_interfaces/msg/detail/set_parameters_result__struct.h
[1.274s] -- Up-to-date: /home/hiro/rust_ws/install/rcl_interfaces/include/rcl_interfaces/rcl_interfaces/msg/detail/set_parameters_result__functions.c
[1.274s] -- Up-to-date: /home/hiro/rust_ws/install/rcl_interfaces/include/rcl_interfaces/rcl_interfaces/msg/detail/parameter_descriptor__type_support.h
[1.274s] -- Up-to-date: /home/hiro/rust_ws/install/rcl_interfaces/include/rcl_interfaces/rcl_interfaces/msg/detail/log__struct.h
[1.275s] -- Up-to-date: /home/hiro/rust_ws/install/rcl_interfaces/include/rcl_interfaces/rcl_interfaces/msg/detail/integer_range__functions.c
[1.275s] -- Up-to-date: /home/hiro/rust_ws/install/rcl_interfaces/include/rcl_interfaces/rcl_interfaces/msg/detail/list_parameters_result__functions.h
[1.275s] -- Up-to-date: /home/hiro/rust_ws/install/rcl_interfaces/include/rcl_interfaces/rcl_interfaces/msg/detail/parameter_event_descriptors__struct.h
[1.275s] -- Up-to-date: /home/hiro/rust_ws/install/rcl_interfaces/include/rcl_interfaces/rcl_interfaces/msg/detail/parameter__struct.h
[1.275s] -- Up-to-date: /home/hiro/rust_ws/install/rcl_interfaces/include/rcl_interfaces/rcl_interfaces/msg/detail/parameter_event_descriptors__type_support.h
[1.275s] -- Up-to-date: /home/hiro/rust_ws/install/rcl_interfaces/include/rcl_interfaces/rcl_interfaces/msg/detail/floating_point_range__struct.h
[1.275s] -- Up-to-date: /home/hiro/rust_ws/install/rcl_interfaces/include/rcl_interfaces/rcl_interfaces/msg/detail/parameter_type__functions.c
[1.275s] -- Up-to-date: /home/hiro/rust_ws/install/rcl_interfaces/include/rcl_interfaces/rcl_interfaces/msg/detail/log__type_support.h
[1.275s] -- Up-to-date: /home/hiro/rust_ws/install/rcl_interfaces/include/rcl_interfaces/rcl_interfaces/msg/detail/floating_point_range__functions.h
[1.275s] -- Up-to-date: /home/hiro/rust_ws/install/rcl_interfaces/include/rcl_interfaces/rcl_interfaces/msg/detail/parameter_type__struct.h
[1.275s] -- Up-to-date: /home/hiro/rust_ws/install/rcl_interfaces/include/rcl_interfaces/rcl_interfaces/msg/detail/floating_point_range__type_support.h
[1.276s] -- Up-to-date: /home/hiro/rust_ws/install/rcl_interfaces/include/rcl_interfaces/rcl_interfaces/msg/detail/log__functions.c
[1.276s] -- Up-to-date: /home/hiro/rust_ws/install/rcl_interfaces/include/rcl_interfaces/rcl_interfaces/msg/detail/parameter_descriptor__functions.h
[1.276s] -- Up-to-date: /home/hiro/rust_ws/install/rcl_interfaces/include/rcl_interfaces/rcl_interfaces/msg/detail/log__functions.h
[1.276s] -- Up-to-date: /home/hiro/rust_ws/install/rcl_interfaces/include/rcl_interfaces/rcl_interfaces/msg/detail/parameter_event__functions.h
[1.276s] -- Up-to-date: /home/hiro/rust_ws/install/rcl_interfaces/include/rcl_interfaces/rcl_interfaces/msg/detail/floating_point_range__functions.c
[1.276s] -- Up-to-date: /home/hiro/rust_ws/install/rcl_interfaces/include/rcl_interfaces/rcl_interfaces/msg/detail/parameter_value__functions.c
[1.276s] -- Up-to-date: /home/hiro/rust_ws/install/rcl_interfaces/include/rcl_interfaces/rcl_interfaces/msg/detail/parameter_event__functions.c
[1.276s] -- Up-to-date: /home/hiro/rust_ws/install/rcl_interfaces/include/rcl_interfaces/rcl_interfaces/msg/detail/integer_range__struct.h
[1.276s] -- Up-to-date: /home/hiro/rust_ws/install/rcl_interfaces/include/rcl_interfaces/rcl_interfaces/msg/detail/parameter_event_descriptors__functions.c
[1.276s] -- Up-to-date: /home/hiro/rust_ws/install/rcl_interfaces/include/rcl_interfaces/rcl_interfaces/msg/parameter_event.h
[1.277s] -- Up-to-date: /home/hiro/rust_ws/install/rcl_interfaces/include/rcl_interfaces/rcl_interfaces/msg/set_parameters_result.h
[1.277s] -- Up-to-date: /home/hiro/rust_ws/install/rcl_interfaces/include/rcl_interfaces/rcl_interfaces/msg/parameter_value.h
[1.277s] -- Up-to-date: /home/hiro/rust_ws/install/rcl_interfaces/include/rcl_interfaces/rcl_interfaces/srv
[1.277s] -- Up-to-date: /home/hiro/rust_ws/install/rcl_interfaces/include/rcl_interfaces/rcl_interfaces/srv/describe_parameters.h
[1.277s] -- Up-to-date: /home/hiro/rust_ws/install/rcl_interfaces/include/rcl_interfaces/rcl_interfaces/srv/get_parameter_types.h
[1.277s] -- Up-to-date: /home/hiro/rust_ws/install/rcl_interfaces/include/rcl_interfaces/rcl_interfaces/srv/list_parameters.h
[1.277s] -- Up-to-date: /home/hiro/rust_ws/install/rcl_interfaces/include/rcl_interfaces/rcl_interfaces/srv/set_parameters.h
[1.277s] -- Up-to-date: /home/hiro/rust_ws/install/rcl_interfaces/include/rcl_interfaces/rcl_interfaces/srv/detail
[1.277s] -- Up-to-date: /home/hiro/rust_ws/install/rcl_interfaces/include/rcl_interfaces/rcl_interfaces/srv/detail/set_parameters__functions.c
[1.278s] -- Up-to-date: /home/hiro/rust_ws/install/rcl_interfaces/include/rcl_interfaces/rcl_interfaces/srv/detail/set_parameters__functions.h
[1.278s] -- Up-to-date: /home/hiro/rust_ws/install/rcl_interfaces/include/rcl_interfaces/rcl_interfaces/srv/detail/set_parameters__struct.h
[1.278s] -- Up-to-date: /home/hiro/rust_ws/install/rcl_interfaces/include/rcl_interfaces/rcl_interfaces/srv/detail/set_parameters_atomically__struct.h
[1.278s] -- Up-to-date: /home/hiro/rust_ws/install/rcl_interfaces/include/rcl_interfaces/rcl_interfaces/srv/detail/describe_parameters__type_support.h
[1.278s] -- Up-to-date: /home/hiro/rust_ws/install/rcl_interfaces/include/rcl_interfaces/rcl_interfaces/srv/detail/list_parameters__functions.c
[1.279s] -- Up-to-date: /home/hiro/rust_ws/install/rcl_interfaces/include/rcl_interfaces/rcl_interfaces/srv/detail/describe_parameters__functions.h
[1.279s] -- Up-to-date: /home/hiro/rust_ws/install/rcl_interfaces/include/rcl_interfaces/rcl_interfaces/srv/detail/describe_parameters__functions.c
[1.279s] -- Up-to-date: /home/hiro/rust_ws/install/rcl_interfaces/include/rcl_interfaces/rcl_interfaces/srv/detail/get_parameters__functions.h
[1.279s] -- Up-to-date: /home/hiro/rust_ws/install/rcl_interfaces/include/rcl_interfaces/rcl_interfaces/srv/detail/set_parameters_atomically__type_support.h
[1.279s] -- Up-to-date: /home/hiro/rust_ws/install/rcl_interfaces/include/rcl_interfaces/rcl_interfaces/srv/detail/list_parameters__struct.h
[1.279s] -- Up-to-date: /home/hiro/rust_ws/install/rcl_interfaces/include/rcl_interfaces/rcl_interfaces/srv/detail/set_parameters_atomically__functions.h
[1.279s] -- Up-to-date: /home/hiro/rust_ws/install/rcl_interfaces/include/rcl_interfaces/rcl_interfaces/srv/detail/set_parameters__type_support.h
[1.279s] -- Up-to-date: /home/hiro/rust_ws/install/rcl_interfaces/include/rcl_interfaces/rcl_interfaces/srv/detail/describe_parameters__struct.h
[1.279s] -- Up-to-date: /home/hiro/rust_ws/install/rcl_interfaces/include/rcl_interfaces/rcl_interfaces/srv/detail/list_parameters__functions.h
[1.280s] -- Up-to-date: /home/hiro/rust_ws/install/rcl_interfaces/include/rcl_interfaces/rcl_interfaces/srv/detail/list_parameters__type_support.h
[1.280s] -- Up-to-date: /home/hiro/rust_ws/install/rcl_interfaces/include/rcl_interfaces/rcl_interfaces/srv/detail/get_parameters__type_support.h
[1.280s] -- Up-to-date: /home/hiro/rust_ws/install/rcl_interfaces/include/rcl_interfaces/rcl_interfaces/srv/detail/get_parameter_types__functions.h
[1.280s] -- Up-to-date: /home/hiro/rust_ws/install/rcl_interfaces/include/rcl_interfaces/rcl_interfaces/srv/detail/get_parameter_types__struct.h
[1.280s] -- Up-to-date: /home/hiro/rust_ws/install/rcl_interfaces/include/rcl_interfaces/rcl_interfaces/srv/detail/get_parameter_types__type_support.h
[1.280s] -- Up-to-date: /home/hiro/rust_ws/install/rcl_interfaces/include/rcl_interfaces/rcl_interfaces/srv/detail/set_parameters_atomically__functions.c
[1.280s] -- Up-to-date: /home/hiro/rust_ws/install/rcl_interfaces/include/rcl_interfaces/rcl_interfaces/srv/detail/get_parameters__functions.c
[1.281s] -- Up-to-date: /home/hiro/rust_ws/install/rcl_interfaces/include/rcl_interfaces/rcl_interfaces/srv/detail/get_parameters__struct.h
[1.281s] -- Up-to-date: /home/hiro/rust_ws/install/rcl_interfaces/include/rcl_interfaces/rcl_interfaces/srv/detail/get_parameter_types__functions.c
[1.281s] -- Up-to-date: /home/hiro/rust_ws/install/rcl_interfaces/include/rcl_interfaces/rcl_interfaces/srv/get_parameters.h
[1.281s] -- Up-to-date: /home/hiro/rust_ws/install/rcl_interfaces/include/rcl_interfaces/rcl_interfaces/srv/set_parameters_atomically.h
[1.281s] -- Up-to-date: /home/hiro/rust_ws/install/rcl_interfaces/share/rcl_interfaces/environment/library_path.sh
[1.281s] -- Up-to-date: /home/hiro/rust_ws/install/rcl_interfaces/share/rcl_interfaces/environment/library_path.dsv
[1.281s] -- Up-to-date: /home/hiro/rust_ws/install/rcl_interfaces/lib/librcl_interfaces__rosidl_generator_c.so
[1.282s] -- Up-to-date: /home/hiro/rust_ws/install/rcl_interfaces/include/rcl_interfaces/rcl_interfaces
[1.282s] -- Up-to-date: /home/hiro/rust_ws/install/rcl_interfaces/include/rcl_interfaces/rcl_interfaces/msg
[1.282s] -- Up-to-date: /home/hiro/rust_ws/install/rcl_interfaces/include/rcl_interfaces/rcl_interfaces/msg/detail
[1.282s] -- Up-to-date: /home/hiro/rust_ws/install/rcl_interfaces/include/rcl_interfaces/rcl_interfaces/msg/detail/floating_point_range__rosidl_typesupport_fastrtps_c.h
[1.282s] -- Up-to-date: /home/hiro/rust_ws/install/rcl_interfaces/include/rcl_interfaces/rcl_interfaces/msg/detail/parameter__rosidl_typesupport_fastrtps_c.h
[1.282s] -- Up-to-date: /home/hiro/rust_ws/install/rcl_interfaces/include/rcl_interfaces/rcl_interfaces/msg/detail/parameter_type__rosidl_typesupport_fastrtps_c.h
[1.282s] -- Up-to-date: /home/hiro/rust_ws/install/rcl_interfaces/include/rcl_interfaces/rcl_interfaces/msg/detail/parameter_descriptor__rosidl_typesupport_fastrtps_c.h
[1.282s] -- Up-to-date: /home/hiro/rust_ws/install/rcl_interfaces/include/rcl_interfaces/rcl_interfaces/msg/detail/list_parameters_result__rosidl_typesupport_fastrtps_c.h
[1.282s] -- Up-to-date: /home/hiro/rust_ws/install/rcl_interfaces/include/rcl_interfaces/rcl_interfaces/msg/detail/log__rosidl_typesupport_fastrtps_c.h
[1.283s] -- Up-to-date: /home/hiro/rust_ws/install/rcl_interfaces/include/rcl_interfaces/rcl_interfaces/msg/detail/parameter_value__rosidl_typesupport_fastrtps_c.h
[1.283s] -- Up-to-date: /home/hiro/rust_ws/install/rcl_interfaces/include/rcl_interfaces/rcl_interfaces/msg/detail/parameter_event__rosidl_typesupport_fastrtps_c.h
[1.283s] -- Up-to-date: /home/hiro/rust_ws/install/rcl_interfaces/include/rcl_interfaces/rcl_interfaces/msg/detail/parameter_event_descriptors__rosidl_typesupport_fastrtps_c.h
[1.283s] -- Up-to-date: /home/hiro/rust_ws/install/rcl_interfaces/include/rcl_interfaces/rcl_interfaces/msg/detail/set_parameters_result__rosidl_typesupport_fastrtps_c.h
[1.283s] -- Up-to-date: /home/hiro/rust_ws/install/rcl_interfaces/include/rcl_interfaces/rcl_interfaces/msg/detail/integer_range__rosidl_typesupport_fastrtps_c.h
[1.283s] -- Up-to-date: /home/hiro/rust_ws/install/rcl_interfaces/include/rcl_interfaces/rcl_interfaces/msg/rosidl_typesupport_fastrtps_c__visibility_control.h
[1.283s] -- Up-to-date: /home/hiro/rust_ws/install/rcl_interfaces/include/rcl_interfaces/rcl_interfaces/srv
[1.283s] -- Up-to-date: /home/hiro/rust_ws/install/rcl_interfaces/include/rcl_interfaces/rcl_interfaces/srv/detail
[1.283s] -- Up-to-date: /home/hiro/rust_ws/install/rcl_interfaces/include/rcl_interfaces/rcl_interfaces/srv/detail/set_parameters_atomically__rosidl_typesupport_fastrtps_c.h
[1.283s] -- Up-to-date: /home/hiro/rust_ws/install/rcl_interfaces/include/rcl_interfaces/rcl_interfaces/srv/detail/get_parameters__rosidl_typesupport_fastrtps_c.h
[1.283s] -- Up-to-date: /home/hiro/rust_ws/install/rcl_interfaces/include/rcl_interfaces/rcl_interfaces/srv/detail/list_parameters__rosidl_typesupport_fastrtps_c.h
[1.283s] -- Up-to-date: /home/hiro/rust_ws/install/rcl_interfaces/include/rcl_interfaces/rcl_interfaces/srv/detail/get_parameter_types__rosidl_typesupport_fastrtps_c.h
[1.284s] -- Up-to-date: /home/hiro/rust_ws/install/rcl_interfaces/include/rcl_interfaces/rcl_interfaces/srv/detail/describe_parameters__rosidl_typesupport_fastrtps_c.h
[1.284s] -- Up-to-date: /home/hiro/rust_ws/install/rcl_interfaces/include/rcl_interfaces/rcl_interfaces/srv/detail/set_parameters__rosidl_typesupport_fastrtps_c.h
[1.284s] -- Up-to-date: /home/hiro/rust_ws/install/rcl_interfaces/lib/librcl_interfaces__rosidl_typesupport_fastrtps_c.so
[1.284s] -- Up-to-date: /home/hiro/rust_ws/install/rcl_interfaces/include/rcl_interfaces/rcl_interfaces
[1.284s] -- Up-to-date: /home/hiro/rust_ws/install/rcl_interfaces/include/rcl_interfaces/rcl_interfaces/msg
[1.284s] -- Up-to-date: /home/hiro/rust_ws/install/rcl_interfaces/include/rcl_interfaces/rcl_interfaces/msg/rosidl_typesupport_introspection_c__visibility_control.h
[1.284s] -- Up-to-date: /home/hiro/rust_ws/install/rcl_interfaces/include/rcl_interfaces/rcl_interfaces/msg/detail
[1.284s] -- Up-to-date: /home/hiro/rust_ws/install/rcl_interfaces/include/rcl_interfaces/rcl_interfaces/msg/detail/parameter__type_support.c
[1.284s] -- Up-to-date: /home/hiro/rust_ws/install/rcl_interfaces/include/rcl_interfaces/rcl_interfaces/msg/detail/parameter__rosidl_typesupport_introspection_c.h
[1.284s] -- Up-to-date: /home/hiro/rust_ws/install/rcl_interfaces/include/rcl_interfaces/rcl_interfaces/msg/detail/integer_range__rosidl_typesupport_introspection_c.h
[1.284s] -- Up-to-date: /home/hiro/rust_ws/install/rcl_interfaces/include/rcl_interfaces/rcl_interfaces/msg/detail/set_parameters_result__type_support.c
[1.284s] -- Up-to-date: /home/hiro/rust_ws/install/rcl_interfaces/include/rcl_interfaces/rcl_interfaces/msg/detail/parameter_type__type_support.c
[1.285s] -- Up-to-date: /home/hiro/rust_ws/install/rcl_interfaces/include/rcl_interfaces/rcl_interfaces/msg/detail/parameter_value__rosidl_typesupport_introspection_c.h
[1.285s] -- Up-to-date: /home/hiro/rust_ws/install/rcl_interfaces/include/rcl_interfaces/rcl_interfaces/msg/detail/log__rosidl_typesupport_introspection_c.h
[1.285s] -- Up-to-date: /home/hiro/rust_ws/install/rcl_interfaces/include/rcl_interfaces/rcl_interfaces/msg/detail/parameter_value__type_support.c
[1.285s] -- Up-to-date: /home/hiro/rust_ws/install/rcl_interfaces/include/rcl_interfaces/rcl_interfaces/msg/detail/floating_point_range__rosidl_typesupport_introspection_c.h
[1.285s] -- Up-to-date: /home/hiro/rust_ws/install/rcl_interfaces/include/rcl_interfaces/rcl_interfaces/msg/detail/parameter_type__rosidl_typesupport_introspection_c.h
[1.285s] -- Up-to-date: /home/hiro/rust_ws/install/rcl_interfaces/include/rcl_interfaces/rcl_interfaces/msg/detail/parameter_descriptor__type_support.c
[1.285s] -- Up-to-date: /home/hiro/rust_ws/install/rcl_interfaces/include/rcl_interfaces/rcl_interfaces/msg/detail/parameter_event_descriptors__type_support.c
[1.285s] -- Up-to-date: /home/hiro/rust_ws/install/rcl_interfaces/include/rcl_interfaces/rcl_interfaces/msg/detail/parameter_event__rosidl_typesupport_introspection_c.h
[1.286s] -- Up-to-date: /home/hiro/rust_ws/install/rcl_interfaces/include/rcl_interfaces/rcl_interfaces/msg/detail/parameter_event__type_support.c
[1.286s] -- Up-to-date: /home/hiro/rust_ws/install/rcl_interfaces/include/rcl_interfaces/rcl_interfaces/msg/detail/parameter_descriptor__rosidl_typesupport_introspection_c.h
[1.286s] -- Up-to-date: /home/hiro/rust_ws/install/rcl_interfaces/include/rcl_interfaces/rcl_interfaces/msg/detail/log__type_support.c
[1.286s] -- Up-to-date: /home/hiro/rust_ws/install/rcl_interfaces/include/rcl_interfaces/rcl_interfaces/msg/detail/parameter_event_descriptors__rosidl_typesupport_introspection_c.h
[1.286s] -- Up-to-date: /home/hiro/rust_ws/install/rcl_interfaces/include/rcl_interfaces/rcl_interfaces/msg/detail/floating_point_range__type_support.c
[1.286s] -- Up-to-date: /home/hiro/rust_ws/install/rcl_interfaces/include/rcl_interfaces/rcl_interfaces/msg/detail/list_parameters_result__rosidl_typesupport_introspection_c.h
[1.286s] -- Up-to-date: /home/hiro/rust_ws/install/rcl_interfaces/include/rcl_interfaces/rcl_interfaces/msg/detail/list_parameters_result__type_support.c
[1.286s] -- Up-to-date: /home/hiro/rust_ws/install/rcl_interfaces/include/rcl_interfaces/rcl_interfaces/msg/detail/set_parameters_result__rosidl_typesupport_introspection_c.h
[1.286s] -- Up-to-date: /home/hiro/rust_ws/install/rcl_interfaces/include/rcl_interfaces/rcl_interfaces/msg/detail/integer_range__type_support.c
[1.286s] -- Up-to-date: /home/hiro/rust_ws/install/rcl_interfaces/include/rcl_interfaces/rcl_interfaces/srv
[1.287s] -- Up-to-date: /home/hiro/rust_ws/install/rcl_interfaces/include/rcl_interfaces/rcl_interfaces/srv/detail
[1.287s] -- Up-to-date: /home/hiro/rust_ws/install/rcl_interfaces/include/rcl_interfaces/rcl_interfaces/srv/detail/get_parameter_types__rosidl_typesupport_introspection_c.h
[1.287s] -- Up-to-date: /home/hiro/rust_ws/install/rcl_interfaces/include/rcl_interfaces/rcl_interfaces/srv/detail/describe_parameters__rosidl_typesupport_introspection_c.h
[1.287s] -- Up-to-date: /home/hiro/rust_ws/install/rcl_interfaces/include/rcl_interfaces/rcl_interfaces/srv/detail/get_parameters__type_support.c
[1.288s] -- Up-to-date: /home/hiro/rust_ws/install/rcl_interfaces/include/rcl_interfaces/rcl_interfaces/srv/detail/list_parameters__rosidl_typesupport_introspection_c.h
[1.288s] -- Up-to-date: /home/hiro/rust_ws/install/rcl_interfaces/include/rcl_interfaces/rcl_interfaces/srv/detail/set_parameters__rosidl_typesupport_introspection_c.h
[1.288s] -- Up-to-date: /home/hiro/rust_ws/install/rcl_interfaces/include/rcl_interfaces/rcl_interfaces/srv/detail/set_parameters_atomically__type_support.c
[1.288s] -- Up-to-date: /home/hiro/rust_ws/install/rcl_interfaces/include/rcl_interfaces/rcl_interfaces/srv/detail/set_parameters__type_support.c
[1.288s] -- Up-to-date: /home/hiro/rust_ws/install/rcl_interfaces/include/rcl_interfaces/rcl_interfaces/srv/detail/set_parameters_atomically__rosidl_typesupport_introspection_c.h
[1.288s] -- Up-to-date: /home/hiro/rust_ws/install/rcl_interfaces/include/rcl_interfaces/rcl_interfaces/srv/detail/describe_parameters__type_support.c
[1.289s] -- Up-to-date: /home/hiro/rust_ws/install/rcl_interfaces/include/rcl_interfaces/rcl_interfaces/srv/detail/get_parameters__rosidl_typesupport_introspection_c.h
[1.289s] -- Up-to-date: /home/hiro/rust_ws/install/rcl_interfaces/include/rcl_interfaces/rcl_interfaces/srv/detail/list_parameters__type_support.c
[1.289s] -- Up-to-date: /home/hiro/rust_ws/install/rcl_interfaces/include/rcl_interfaces/rcl_interfaces/srv/detail/get_parameter_types__type_support.c
[1.289s] -- Up-to-date: /home/hiro/rust_ws/install/rcl_interfaces/lib/librcl_interfaces__rosidl_typesupport_introspection_c.so
[1.289s] -- Up-to-date: /home/hiro/rust_ws/install/rcl_interfaces/lib/librcl_interfaces__rosidl_typesupport_c.so
[1.289s] -- Up-to-date: /home/hiro/rust_ws/install/rcl_interfaces/include/rcl_interfaces/rcl_interfaces
[1.289s] -- Up-to-date: /home/hiro/rust_ws/install/rcl_interfaces/include/rcl_interfaces/rcl_interfaces/msg
[1.289s] -- Up-to-date: /home/hiro/rust_ws/install/rcl_interfaces/include/rcl_interfaces/rcl_interfaces/msg/list_parameters_result.hpp
[1.289s] -- Up-to-date: /home/hiro/rust_ws/install/rcl_interfaces/include/rcl_interfaces/rcl_interfaces/msg/parameter_event_descriptors.hpp
[1.289s] -- Up-to-date: /home/hiro/rust_ws/install/rcl_interfaces/include/rcl_interfaces/rcl_interfaces/msg/parameter.hpp
[1.289s] -- Up-to-date: /home/hiro/rust_ws/install/rcl_interfaces/include/rcl_interfaces/rcl_interfaces/msg/parameter_event.hpp
[1.289s] -- Up-to-date: /home/hiro/rust_ws/install/rcl_interfaces/include/rcl_interfaces/rcl_interfaces/msg/integer_range.hpp
[1.289s] -- Up-to-date: /home/hiro/rust_ws/install/rcl_interfaces/include/rcl_interfaces/rcl_interfaces/msg/floating_point_range.hpp
[1.289s] -- Up-to-date: /home/hiro/rust_ws/install/rcl_interfaces/include/rcl_interfaces/rcl_interfaces/msg/parameter_descriptor.hpp
[1.289s] -- Up-to-date: /home/hiro/rust_ws/install/rcl_interfaces/include/rcl_interfaces/rcl_interfaces/msg/log.hpp
[1.289s] -- Up-to-date: /home/hiro/rust_ws/install/rcl_interfaces/include/rcl_interfaces/rcl_interfaces/msg/parameter_value.hpp
[1.290s] -- Up-to-date: /home/hiro/rust_ws/install/rcl_interfaces/include/rcl_interfaces/rcl_interfaces/msg/set_parameters_result.hpp
[1.290s] -- Up-to-date: /home/hiro/rust_ws/install/rcl_interfaces/include/rcl_interfaces/rcl_interfaces/msg/detail
[1.290s] -- Up-to-date: /home/hiro/rust_ws/install/rcl_interfaces/include/rcl_interfaces/rcl_interfaces/msg/detail/parameter_descriptor__builder.hpp
[1.290s] -- Up-to-date: /home/hiro/rust_ws/install/rcl_interfaces/include/rcl_interfaces/rcl_interfaces/msg/detail/parameter_value__traits.hpp
[1.290s] -- Up-to-date: /home/hiro/rust_ws/install/rcl_interfaces/include/rcl_interfaces/rcl_interfaces/msg/detail/parameter_type__traits.hpp
[1.290s] -- Up-to-date: /home/hiro/rust_ws/install/rcl_interfaces/include/rcl_interfaces/rcl_interfaces/msg/detail/integer_range__traits.hpp
[1.290s] -- Up-to-date: /home/hiro/rust_ws/install/rcl_interfaces/include/rcl_interfaces/rcl_interfaces/msg/detail/parameter_descriptor__struct.hpp
[1.290s] -- Up-to-date: /home/hiro/rust_ws/install/rcl_interfaces/include/rcl_interfaces/rcl_interfaces/msg/detail/parameter__traits.hpp
[1.290s] -- Up-to-date: /home/hiro/rust_ws/install/rcl_interfaces/include/rcl_interfaces/rcl_interfaces/msg/detail/parameter_event__traits.hpp
[1.290s] -- Up-to-date: /home/hiro/rust_ws/install/rcl_interfaces/include/rcl_interfaces/rcl_interfaces/msg/detail/log__struct.hpp
[1.291s] -- Up-to-date: /home/hiro/rust_ws/install/rcl_interfaces/include/rcl_interfaces/rcl_interfaces/msg/detail/set_parameters_result__builder.hpp
[1.291s] -- Up-to-date: /home/hiro/rust_ws/install/rcl_interfaces/include/rcl_interfaces/rcl_interfaces/msg/detail/integer_range__builder.hpp
[1.291s] -- Up-to-date: /home/hiro/rust_ws/install/rcl_interfaces/include/rcl_interfaces/rcl_interfaces/msg/detail/parameter_event__struct.hpp
[1.291s] -- Up-to-date: /home/hiro/rust_ws/install/rcl_interfaces/include/rcl_interfaces/rcl_interfaces/msg/detail/list_parameters_result__traits.hpp
[1.291s] -- Up-to-date: /home/hiro/rust_ws/install/rcl_interfaces/include/rcl_interfaces/rcl_interfaces/msg/detail/parameter_event_descriptors__traits.hpp
[1.291s] -- Up-to-date: /home/hiro/rust_ws/install/rcl_interfaces/include/rcl_interfaces/rcl_interfaces/msg/detail/parameter__struct.hpp
[1.291s] -- Up-to-date: /home/hiro/rust_ws/install/rcl_interfaces/include/rcl_interfaces/rcl_interfaces/msg/detail/list_parameters_result__builder.hpp
[1.291s] -- Up-to-date: /home/hiro/rust_ws/install/rcl_interfaces/include/rcl_interfaces/rcl_interfaces/msg/detail/log__traits.hpp
[1.291s] -- Up-to-date: /home/hiro/rust_ws/install/rcl_interfaces/include/rcl_interfaces/rcl_interfaces/msg/detail/floating_point_range__struct.hpp
[1.291s] -- Up-to-date: /home/hiro/rust_ws/install/rcl_interfaces/include/rcl_interfaces/rcl_interfaces/msg/detail/parameter_type__builder.hpp
[1.291s] -- Up-to-date: /home/hiro/rust_ws/install/rcl_interfaces/include/rcl_interfaces/rcl_interfaces/msg/detail/floating_point_range__traits.hpp
[1.291s] -- Up-to-date: /home/hiro/rust_ws/install/rcl_interfaces/include/rcl_interfaces/rcl_interfaces/msg/detail/parameter_event_descriptors__builder.hpp
[1.291s] -- Up-to-date: /home/hiro/rust_ws/install/rcl_interfaces/include/rcl_interfaces/rcl_interfaces/msg/detail/parameter_event__builder.hpp
[1.292s] -- Up-to-date: /home/hiro/rust_ws/install/rcl_interfaces/include/rcl_interfaces/rcl_interfaces/msg/detail/floating_point_range__builder.hpp
[1.292s] -- Up-to-date: /home/hiro/rust_ws/install/rcl_interfaces/include/rcl_interfaces/rcl_interfaces/msg/detail/parameter__builder.hpp
[1.292s] -- Up-to-date: /home/hiro/rust_ws/install/rcl_interfaces/include/rcl_interfaces/rcl_interfaces/msg/detail/list_parameters_result__struct.hpp
[1.292s] -- Up-to-date: /home/hiro/rust_ws/install/rcl_interfaces/include/rcl_interfaces/rcl_interfaces/msg/detail/set_parameters_result__traits.hpp
[1.292s] -- Up-to-date: /home/hiro/rust_ws/install/rcl_interfaces/include/rcl_interfaces/rcl_interfaces/msg/detail/set_parameters_result__struct.hpp
[1.292s] -- Up-to-date: /home/hiro/rust_ws/install/rcl_interfaces/include/rcl_interfaces/rcl_interfaces/msg/detail/parameter_descriptor__traits.hpp
[1.292s] -- Up-to-date: /home/hiro/rust_ws/install/rcl_interfaces/include/rcl_interfaces/rcl_interfaces/msg/detail/parameter_value__struct.hpp
[1.292s] -- Up-to-date: /home/hiro/rust_ws/install/rcl_interfaces/include/rcl_interfaces/rcl_interfaces/msg/detail/integer_range__struct.hpp
[1.292s] -- Up-to-date: /home/hiro/rust_ws/install/rcl_interfaces/include/rcl_interfaces/rcl_interfaces/msg/detail/parameter_value__builder.hpp
[1.292s] -- Up-to-date: /home/hiro/rust_ws/install/rcl_interfaces/include/rcl_interfaces/rcl_interfaces/msg/detail/parameter_event_descriptors__struct.hpp
[1.293s] -- Up-to-date: /home/hiro/rust_ws/install/rcl_interfaces/include/rcl_interfaces/rcl_interfaces/msg/detail/parameter_type__struct.hpp
[1.293s] -- Up-to-date: /home/hiro/rust_ws/install/rcl_interfaces/include/rcl_interfaces/rcl_interfaces/msg/detail/log__builder.hpp
[1.293s] -- Up-to-date: /home/hiro/rust_ws/install/rcl_interfaces/include/rcl_interfaces/rcl_interfaces/msg/parameter_type.hpp
[1.293s] -- Up-to-date: /home/hiro/rust_ws/install/rcl_interfaces/include/rcl_interfaces/rcl_interfaces/srv
[1.293s] -- Up-to-date: /home/hiro/rust_ws/install/rcl_interfaces/include/rcl_interfaces/rcl_interfaces/srv/list_parameters.hpp
[1.293s] -- Up-to-date: /home/hiro/rust_ws/install/rcl_interfaces/include/rcl_interfaces/rcl_interfaces/srv/set_parameters.hpp
[1.293s] -- Up-to-date: /home/hiro/rust_ws/install/rcl_interfaces/include/rcl_interfaces/rcl_interfaces/srv/describe_parameters.hpp
[1.293s] -- Up-to-date: /home/hiro/rust_ws/install/rcl_interfaces/include/rcl_interfaces/rcl_interfaces/srv/get_parameter_types.hpp
[1.293s] -- Up-to-date: /home/hiro/rust_ws/install/rcl_interfaces/include/rcl_interfaces/rcl_interfaces/srv/detail
[1.293s] -- Up-to-date: /home/hiro/rust_ws/install/rcl_interfaces/include/rcl_interfaces/rcl_interfaces/srv/detail/describe_parameters__struct.hpp
[1.293s] -- Up-to-date: /home/hiro/rust_ws/install/rcl_interfaces/include/rcl_interfaces/rcl_interfaces/srv/detail/set_parameters_atomically__builder.hpp
[1.294s] -- Up-to-date: /home/hiro/rust_ws/install/rcl_interfaces/include/rcl_interfaces/rcl_interfaces/srv/detail/set_parameters_atomically__traits.hpp
[1.294s] -- Up-to-date: /home/hiro/rust_ws/install/rcl_interfaces/include/rcl_interfaces/rcl_interfaces/srv/detail/get_parameters__builder.hpp
[1.294s] -- Up-to-date: /home/hiro/rust_ws/install/rcl_interfaces/include/rcl_interfaces/rcl_interfaces/srv/detail/describe_parameters__traits.hpp
[1.294s] -- Up-to-date: /home/hiro/rust_ws/install/rcl_interfaces/include/rcl_interfaces/rcl_interfaces/srv/detail/get_parameter_types__struct.hpp
[1.294s] -- Up-to-date: /home/hiro/rust_ws/install/rcl_interfaces/include/rcl_interfaces/rcl_interfaces/srv/detail/list_parameters__traits.hpp
[1.294s] -- Up-to-date: /home/hiro/rust_ws/install/rcl_interfaces/include/rcl_interfaces/rcl_interfaces/srv/detail/get_parameters__struct.hpp
[1.294s] -- Up-to-date: /home/hiro/rust_ws/install/rcl_interfaces/include/rcl_interfaces/rcl_interfaces/srv/detail/set_parameters_atomically__struct.hpp
[1.294s] -- Up-to-date: /home/hiro/rust_ws/install/rcl_interfaces/include/rcl_interfaces/rcl_interfaces/srv/detail/get_parameters__traits.hpp
[1.294s] -- Up-to-date: /home/hiro/rust_ws/install/rcl_interfaces/include/rcl_interfaces/rcl_interfaces/srv/detail/list_parameters__builder.hpp
[1.294s] -- Up-to-date: /home/hiro/rust_ws/install/rcl_interfaces/include/rcl_interfaces/rcl_interfaces/srv/detail/set_parameters__struct.hpp
[1.294s] -- Up-to-date: /home/hiro/rust_ws/install/rcl_interfaces/include/rcl_interfaces/rcl_interfaces/srv/detail/describe_parameters__builder.hpp
[1.294s] -- Up-to-date: /home/hiro/rust_ws/install/rcl_interfaces/include/rcl_interfaces/rcl_interfaces/srv/detail/list_parameters__struct.hpp
[1.294s] -- Up-to-date: /home/hiro/rust_ws/install/rcl_interfaces/include/rcl_interfaces/rcl_interfaces/srv/detail/get_parameter_types__builder.hpp
[1.294s] -- Up-to-date: /home/hiro/rust_ws/install/rcl_interfaces/include/rcl_interfaces/rcl_interfaces/srv/detail/set_parameters__builder.hpp
[1.295s] -- Up-to-date: /home/hiro/rust_ws/install/rcl_interfaces/include/rcl_interfaces/rcl_interfaces/srv/detail/get_parameter_types__traits.hpp
[1.295s] -- Up-to-date: /home/hiro/rust_ws/install/rcl_interfaces/include/rcl_interfaces/rcl_interfaces/srv/detail/set_parameters__traits.hpp
[1.295s] -- Up-to-date: /home/hiro/rust_ws/install/rcl_interfaces/include/rcl_interfaces/rcl_interfaces/srv/set_parameters_atomically.hpp
[1.295s] -- Up-to-date: /home/hiro/rust_ws/install/rcl_interfaces/include/rcl_interfaces/rcl_interfaces/srv/get_parameters.hpp
[1.295s] -- Up-to-date: /home/hiro/rust_ws/install/rcl_interfaces/include/rcl_interfaces/rcl_interfaces
[1.295s] -- Up-to-date: /home/hiro/rust_ws/install/rcl_interfaces/include/rcl_interfaces/rcl_interfaces/msg
[1.295s] -- Up-to-date: /home/hiro/rust_ws/install/rcl_interfaces/include/rcl_interfaces/rcl_interfaces/msg/rosidl_typesupport_fastrtps_cpp__visibility_control.h
[1.295s] -- Up-to-date: /home/hiro/rust_ws/install/rcl_interfaces/include/rcl_interfaces/rcl_interfaces/msg/detail
[1.295s] -- Up-to-date: /home/hiro/rust_ws/install/rcl_interfaces/include/rcl_interfaces/rcl_interfaces/msg/detail/dds_fastrtps
[1.295s] -- Up-to-date: /home/hiro/rust_ws/install/rcl_interfaces/include/rcl_interfaces/rcl_interfaces/msg/detail/log__rosidl_typesupport_fastrtps_cpp.hpp
[1.295s] -- Up-to-date: /home/hiro/rust_ws/install/rcl_interfaces/include/rcl_interfaces/rcl_interfaces/msg/detail/floating_point_range__rosidl_typesupport_fastrtps_cpp.hpp
[1.295s] -- Up-to-date: /home/hiro/rust_ws/install/rcl_interfaces/include/rcl_interfaces/rcl_interfaces/msg/detail/parameter_event_descriptors__rosidl_typesupport_fastrtps_cpp.hpp
[1.295s] -- Up-to-date: /home/hiro/rust_ws/install/rcl_interfaces/include/rcl_interfaces/rcl_interfaces/msg/detail/integer_range__rosidl_typesupport_fastrtps_cpp.hpp
[1.295s] -- Up-to-date: /home/hiro/rust_ws/install/rcl_interfaces/include/rcl_interfaces/rcl_interfaces/msg/detail/parameter__rosidl_typesupport_fastrtps_cpp.hpp
[1.295s] -- Up-to-date: /home/hiro/rust_ws/install/rcl_interfaces/include/rcl_interfaces/rcl_interfaces/msg/detail/parameter_descriptor__rosidl_typesupport_fastrtps_cpp.hpp
[1.296s] -- Up-to-date: /home/hiro/rust_ws/install/rcl_interfaces/include/rcl_interfaces/rcl_interfaces/msg/detail/set_parameters_result__rosidl_typesupport_fastrtps_cpp.hpp
[1.296s] -- Up-to-date: /home/hiro/rust_ws/install/rcl_interfaces/include/rcl_interfaces/rcl_interfaces/msg/detail/list_parameters_result__rosidl_typesupport_fastrtps_cpp.hpp
[1.296s] -- Up-to-date: /home/hiro/rust_ws/install/rcl_interfaces/include/rcl_interfaces/rcl_interfaces/msg/detail/parameter_value__rosidl_typesupport_fastrtps_cpp.hpp
[1.296s] -- Up-to-date: /home/hiro/rust_ws/install/rcl_interfaces/include/rcl_interfaces/rcl_interfaces/msg/detail/parameter_event__rosidl_typesupport_fastrtps_cpp.hpp
[1.296s] -- Up-to-date: /home/hiro/rust_ws/install/rcl_interfaces/include/rcl_interfaces/rcl_interfaces/msg/detail/parameter_type__rosidl_typesupport_fastrtps_cpp.hpp
[1.296s] -- Up-to-date: /home/hiro/rust_ws/install/rcl_interfaces/include/rcl_interfaces/rcl_interfaces/srv
[1.296s] -- Up-to-date: /home/hiro/rust_ws/install/rcl_interfaces/include/rcl_interfaces/rcl_interfaces/srv/detail
[1.296s] -- Up-to-date: /home/hiro/rust_ws/install/rcl_interfaces/include/rcl_interfaces/rcl_interfaces/srv/detail/dds_fastrtps
[1.296s] -- Up-to-date: /home/hiro/rust_ws/install/rcl_interfaces/include/rcl_interfaces/rcl_interfaces/srv/detail/get_parameters__rosidl_typesupport_fastrtps_cpp.hpp
[1.297s] -- Up-to-date: /home/hiro/rust_ws/install/rcl_interfaces/include/rcl_interfaces/rcl_interfaces/srv/detail/set_parameters__rosidl_typesupport_fastrtps_cpp.hpp
[1.297s] -- Up-to-date: /home/hiro/rust_ws/install/rcl_interfaces/include/rcl_interfaces/rcl_interfaces/srv/detail/set_parameters_atomically__rosidl_typesupport_fastrtps_cpp.hpp
[1.297s] -- Up-to-date: /home/hiro/rust_ws/install/rcl_interfaces/include/rcl_interfaces/rcl_interfaces/srv/detail/get_parameter_types__rosidl_typesupport_fastrtps_cpp.hpp
[1.297s] -- Up-to-date: /home/hiro/rust_ws/install/rcl_interfaces/include/rcl_interfaces/rcl_interfaces/srv/detail/list_parameters__rosidl_typesupport_fastrtps_cpp.hpp
[1.297s] -- Up-to-date: /home/hiro/rust_ws/install/rcl_interfaces/include/rcl_interfaces/rcl_interfaces/srv/detail/describe_parameters__rosidl_typesupport_fastrtps_cpp.hpp
[1.297s] -- Up-to-date: /home/hiro/rust_ws/install/rcl_interfaces/lib/librcl_interfaces__rosidl_typesupport_fastrtps_cpp.so
[1.297s] -- Up-to-date: /home/hiro/rust_ws/install/rcl_interfaces/include/rcl_interfaces/rcl_interfaces
[1.297s] -- Up-to-date: /home/hiro/rust_ws/install/rcl_interfaces/include/rcl_interfaces/rcl_interfaces/msg
[1.297s] -- Up-to-date: /home/hiro/rust_ws/install/rcl_interfaces/include/rcl_interfaces/rcl_interfaces/msg/detail
[1.298s] -- Up-to-date: /home/hiro/rust_ws/install/rcl_interfaces/include/rcl_interfaces/rcl_interfaces/msg/detail/parameter_value__rosidl_typesupport_introspection_cpp.hpp
[1.298s] -- Up-to-date: /home/hiro/rust_ws/install/rcl_interfaces/include/rcl_interfaces/rcl_interfaces/msg/detail/parameter_event__rosidl_typesupport_introspection_cpp.hpp
[1.298s] -- Up-to-date: /home/hiro/rust_ws/install/rcl_interfaces/include/rcl_interfaces/rcl_interfaces/msg/detail/parameter_descriptor__rosidl_typesupport_introspection_cpp.hpp
[1.298s] -- Up-to-date: /home/hiro/rust_ws/install/rcl_interfaces/include/rcl_interfaces/rcl_interfaces/msg/detail/list_parameters_result__type_support.cpp
[1.298s] -- Up-to-date: /home/hiro/rust_ws/install/rcl_interfaces/include/rcl_interfaces/rcl_interfaces/msg/detail/parameter_type__type_support.cpp
[1.298s] -- Up-to-date: /home/hiro/rust_ws/install/rcl_interfaces/include/rcl_interfaces/rcl_interfaces/msg/detail/set_parameters_result__type_support.cpp
[1.298s] -- Up-to-date: /home/hiro/rust_ws/install/rcl_interfaces/include/rcl_interfaces/rcl_interfaces/msg/detail/parameter_event__type_support.cpp
[1.298s] -- Up-to-date: /home/hiro/rust_ws/install/rcl_interfaces/include/rcl_interfaces/rcl_interfaces/msg/detail/parameter_value__type_support.cpp
[1.299s] -- Up-to-date: /home/hiro/rust_ws/install/rcl_interfaces/include/rcl_interfaces/rcl_interfaces/msg/detail/floating_point_range__rosidl_typesupport_introspection_cpp.hpp
[1.299s] -- Up-to-date: /home/hiro/rust_ws/install/rcl_interfaces/include/rcl_interfaces/rcl_interfaces/msg/detail/parameter_event_descriptors__type_support.cpp
[1.299s] -- Up-to-date: /home/hiro/rust_ws/install/rcl_interfaces/include/rcl_interfaces/rcl_interfaces/msg/detail/list_parameters_result__rosidl_typesupport_introspection_cpp.hpp
[1.299s] -- Up-to-date: /home/hiro/rust_ws/install/rcl_interfaces/include/rcl_interfaces/rcl_interfaces/msg/detail/floating_point_range__type_support.cpp
[1.299s] -- Up-to-date: /home/hiro/rust_ws/install/rcl_interfaces/include/rcl_interfaces/rcl_interfaces/msg/detail/parameter_event_descriptors__rosidl_typesupport_introspection_cpp.hpp
[1.299s] -- Up-to-date: /home/hiro/rust_ws/install/rcl_interfaces/include/rcl_interfaces/rcl_interfaces/msg/detail/parameter__type_support.cpp
[1.299s] -- Up-to-date: /home/hiro/rust_ws/install/rcl_interfaces/include/rcl_interfaces/rcl_interfaces/msg/detail/log__rosidl_typesupport_introspection_cpp.hpp
[1.299s] -- Up-to-date: /home/hiro/rust_ws/install/rcl_interfaces/include/rcl_interfaces/rcl_interfaces/msg/detail/log__type_support.cpp
[1.299s] -- Up-to-date: /home/hiro/rust_ws/install/rcl_interfaces/include/rcl_interfaces/rcl_interfaces/msg/detail/parameter__rosidl_typesupport_introspection_cpp.hpp
[1.299s] -- Up-to-date: /home/hiro/rust_ws/install/rcl_interfaces/include/rcl_interfaces/rcl_interfaces/msg/detail/parameter_type__rosidl_typesupport_introspection_cpp.hpp
[1.300s] -- Up-to-date: /home/hiro/rust_ws/install/rcl_interfaces/include/rcl_interfaces/rcl_interfaces/msg/detail/integer_range__type_support.cpp
[1.300s] -- Up-to-date: /home/hiro/rust_ws/install/rcl_interfaces/include/rcl_interfaces/rcl_interfaces/msg/detail/set_parameters_result__rosidl_typesupport_introspection_cpp.hpp
[1.300s] -- Up-to-date: /home/hiro/rust_ws/install/rcl_interfaces/include/rcl_interfaces/rcl_interfaces/msg/detail/integer_range__rosidl_typesupport_introspection_cpp.hpp
[1.300s] -- Up-to-date: /home/hiro/rust_ws/install/rcl_interfaces/include/rcl_interfaces/rcl_interfaces/msg/detail/parameter_descriptor__type_support.cpp
[1.300s] -- Up-to-date: /home/hiro/rust_ws/install/rcl_interfaces/include/rcl_interfaces/rcl_interfaces/srv
[1.300s] -- Up-to-date: /home/hiro/rust_ws/install/rcl_interfaces/include/rcl_interfaces/rcl_interfaces/srv/detail
[1.300s] -- Up-to-date: /home/hiro/rust_ws/install/rcl_interfaces/include/rcl_interfaces/rcl_interfaces/srv/detail/set_parameters__type_support.cpp
[1.301s] -- Up-to-date: /home/hiro/rust_ws/install/rcl_interfaces/include/rcl_interfaces/rcl_interfaces/srv/detail/get_parameters__rosidl_typesupport_introspection_cpp.hpp
[1.301s] -- Up-to-date: /home/hiro/rust_ws/install/rcl_interfaces/include/rcl_interfaces/rcl_interfaces/srv/detail/set_parameters__rosidl_typesupport_introspection_cpp.hpp
[1.301s] -- Up-to-date: /home/hiro/rust_ws/install/rcl_interfaces/include/rcl_interfaces/rcl_interfaces/srv/detail/list_parameters__rosidl_typesupport_introspection_cpp.hpp
[1.302s] -- Up-to-date: /home/hiro/rust_ws/install/rcl_interfaces/include/rcl_interfaces/rcl_interfaces/srv/detail/get_parameters__type_support.cpp
[1.302s] -- Up-to-date: /home/hiro/rust_ws/install/rcl_interfaces/include/rcl_interfaces/rcl_interfaces/srv/detail/set_parameters_atomically__type_support.cpp
[1.302s] -- Up-to-date: /home/hiro/rust_ws/install/rcl_interfaces/include/rcl_interfaces/rcl_interfaces/srv/detail/describe_parameters__type_support.cpp
[1.302s] -- Up-to-date: /home/hiro/rust_ws/install/rcl_interfaces/include/rcl_interfaces/rcl_interfaces/srv/detail/list_parameters__type_support.cpp
[1.302s] -- Up-to-date: /home/hiro/rust_ws/install/rcl_interfaces/include/rcl_interfaces/rcl_interfaces/srv/detail/describe_parameters__rosidl_typesupport_introspection_cpp.hpp
[1.302s] -- Up-to-date: /home/hiro/rust_ws/install/rcl_interfaces/include/rcl_interfaces/rcl_interfaces/srv/detail/get_parameter_types__type_support.cpp
[1.302s] -- Up-to-date: /home/hiro/rust_ws/install/rcl_interfaces/include/rcl_interfaces/rcl_interfaces/srv/detail/set_parameters_atomically__rosidl_typesupport_introspection_cpp.hpp
[1.302s] -- Up-to-date: /home/hiro/rust_ws/install/rcl_interfaces/include/rcl_interfaces/rcl_interfaces/srv/detail/get_parameter_types__rosidl_typesupport_introspection_cpp.hpp
[1.302s] -- Up-to-date: /home/hiro/rust_ws/install/rcl_interfaces/lib/librcl_interfaces__rosidl_typesupport_introspection_cpp.so
[1.302s] -- Up-to-date: /home/hiro/rust_ws/install/rcl_interfaces/lib/librcl_interfaces__rosidl_typesupport_cpp.so
[1.302s] -- Up-to-date: /home/hiro/rust_ws/install/rcl_interfaces/share/ament_index/resource_index/rust_packages/rcl_interfaces
[1.302s] -- Up-to-date: /home/hiro/rust_ws/install/rcl_interfaces/share/rcl_interfaces/rust
[1.302s] -- Up-to-date: /home/hiro/rust_ws/install/rcl_interfaces/share/rcl_interfaces/rust/Cargo.toml
[1.302s] -- Up-to-date: /home/hiro/rust_ws/install/rcl_interfaces/share/rcl_interfaces/rust/build.rs
[1.303s] -- Up-to-date: /home/hiro/rust_ws/install/rcl_interfaces/share/rcl_interfaces/rust/src
[1.303s] -- Up-to-date: /home/hiro/rust_ws/install/rcl_interfaces/share/rcl_interfaces/rust/src/msg.rs
[1.303s] -- Up-to-date: /home/hiro/rust_ws/install/rcl_interfaces/share/rcl_interfaces/rust/src/srv.rs
[1.303s] -- Up-to-date: /home/hiro/rust_ws/install/rcl_interfaces/share/rcl_interfaces/rust/src/lib.rs
[1.303s] -- Up-to-date: /home/hiro/rust_ws/install/rcl_interfaces/share/rcl_interfaces/environment/pythonpath.sh
[1.303s] -- Up-to-date: /home/hiro/rust_ws/install/rcl_interfaces/share/rcl_interfaces/environment/pythonpath.dsv
[1.303s] -- Up-to-date: /home/hiro/rust_ws/install/rcl_interfaces/local/lib/python3.10/dist-packages/rcl_interfaces-1.2.1-py3.10.egg-info
[1.303s] -- Installing: /home/hiro/rust_ws/install/rcl_interfaces/local/lib/python3.10/dist-packages/rcl_interfaces-1.2.1-py3.10.egg-info/top_level.txt
[1.303s] -- Installing: /home/hiro/rust_ws/install/rcl_interfaces/local/lib/python3.10/dist-packages/rcl_interfaces-1.2.1-py3.10.egg-info/PKG-INFO
[1.303s] -- Installing: /home/hiro/rust_ws/install/rcl_interfaces/local/lib/python3.10/dist-packages/rcl_interfaces-1.2.1-py3.10.egg-info/SOURCES.txt
[1.303s] -- Installing: /home/hiro/rust_ws/install/rcl_interfaces/local/lib/python3.10/dist-packages/rcl_interfaces-1.2.1-py3.10.egg-info/dependency_links.txt
[1.303s] -- Up-to-date: /home/hiro/rust_ws/install/rcl_interfaces/local/lib/python3.10/dist-packages/rcl_interfaces
[1.303s] -- Up-to-date: /home/hiro/rust_ws/install/rcl_interfaces/local/lib/python3.10/dist-packages/rcl_interfaces/_rcl_interfaces_s.ep.rosidl_typesupport_introspection_c.c
[1.304s] -- Up-to-date: /home/hiro/rust_ws/install/rcl_interfaces/local/lib/python3.10/dist-packages/rcl_interfaces/rcl_interfaces_s__rosidl_typesupport_introspection_c.cpython-310-x86_64-linux-gnu.so
[1.304s] -- Up-to-date: /home/hiro/rust_ws/install/rcl_interfaces/local/lib/python3.10/dist-packages/rcl_interfaces/librcl_interfaces__rosidl_generator_py.so
[1.304s] -- Up-to-date: /home/hiro/rust_ws/install/rcl_interfaces/local/lib/python3.10/dist-packages/rcl_interfaces/rcl_interfaces_s__rosidl_typesupport_fastrtps_c.cpython-310-x86_64-linux-gnu.so
[1.304s] -- Up-to-date: /home/hiro/rust_ws/install/rcl_interfaces/local/lib/python3.10/dist-packages/rcl_interfaces/rcl_interfaces_s__rosidl_typesupport_c.cpython-310-x86_64-linux-gnu.so
[1.304s] -- Up-to-date: /home/hiro/rust_ws/install/rcl_interfaces/local/lib/python3.10/dist-packages/rcl_interfaces/__init__.py
[1.304s] -- Up-to-date: /home/hiro/rust_ws/install/rcl_interfaces/local/lib/python3.10/dist-packages/rcl_interfaces/msg
[1.305s] -- Up-to-date: /home/hiro/rust_ws/install/rcl_interfaces/local/lib/python3.10/dist-packages/rcl_interfaces/msg/_parameter_value_s.c
[1.305s] -- Up-to-date: /home/hiro/rust_ws/install/rcl_interfaces/local/lib/python3.10/dist-packages/rcl_interfaces/msg/_parameter_event_s.c
[1.305s] -- Up-to-date: /home/hiro/rust_ws/install/rcl_interfaces/local/lib/python3.10/dist-packages/rcl_interfaces/msg/_parameter_descriptor.py
[1.305s] -- Up-to-date: /home/hiro/rust_ws/install/rcl_interfaces/local/lib/python3.10/dist-packages/rcl_interfaces/msg/_list_parameters_result_s.c
[1.305s] -- Up-to-date: /home/hiro/rust_ws/install/rcl_interfaces/local/lib/python3.10/dist-packages/rcl_interfaces/msg/_integer_range.py
[1.305s] -- Up-to-date: /home/hiro/rust_ws/install/rcl_interfaces/local/lib/python3.10/dist-packages/rcl_interfaces/msg/_set_parameters_result.py
[1.305s] -- Up-to-date: /home/hiro/rust_ws/install/rcl_interfaces/local/lib/python3.10/dist-packages/rcl_interfaces/msg/_list_parameters_result.py
[1.305s] -- Up-to-date: /home/hiro/rust_ws/install/rcl_interfaces/local/lib/python3.10/dist-packages/rcl_interfaces/msg/_integer_range_s.c
[1.305s] -- Up-to-date: /home/hiro/rust_ws/install/rcl_interfaces/local/lib/python3.10/dist-packages/rcl_interfaces/msg/_parameter_s.c
[1.305s] -- Up-to-date: /home/hiro/rust_ws/install/rcl_interfaces/local/lib/python3.10/dist-packages/rcl_interfaces/msg/_log.py
[1.305s] -- Up-to-date: /home/hiro/rust_ws/install/rcl_interfaces/local/lib/python3.10/dist-packages/rcl_interfaces/msg/_parameter_type_s.c
[1.305s] -- Up-to-date: /home/hiro/rust_ws/install/rcl_interfaces/local/lib/python3.10/dist-packages/rcl_interfaces/msg/_parameter.py
[1.305s] -- Up-to-date: /home/hiro/rust_ws/install/rcl_interfaces/local/lib/python3.10/dist-packages/rcl_interfaces/msg/_parameter_event.py
[1.305s] -- Up-to-date: /home/hiro/rust_ws/install/rcl_interfaces/local/lib/python3.10/dist-packages/rcl_interfaces/msg/_set_parameters_result_s.c
[1.305s] -- Up-to-date: /home/hiro/rust_ws/install/rcl_interfaces/local/lib/python3.10/dist-packages/rcl_interfaces/msg/_parameter_event_descriptors.py
[1.305s] -- Up-to-date: /home/hiro/rust_ws/install/rcl_interfaces/local/lib/python3.10/dist-packages/rcl_interfaces/msg/_floating_point_range_s.c
[1.305s] -- Up-to-date: /home/hiro/rust_ws/install/rcl_interfaces/local/lib/python3.10/dist-packages/rcl_interfaces/msg/_parameter_descriptor_s.c
[1.305s] -- Up-to-date: /home/hiro/rust_ws/install/rcl_interfaces/local/lib/python3.10/dist-packages/rcl_interfaces/msg/__init__.py
[1.306s] -- Up-to-date: /home/hiro/rust_ws/install/rcl_interfaces/local/lib/python3.10/dist-packages/rcl_interfaces/msg/_log_s.c
[1.306s] -- Up-to-date: /home/hiro/rust_ws/install/rcl_interfaces/local/lib/python3.10/dist-packages/rcl_interfaces/msg/_parameter_value.py
[1.306s] -- Up-to-date: /home/hiro/rust_ws/install/rcl_interfaces/local/lib/python3.10/dist-packages/rcl_interfaces/msg/_parameter_type.py
[1.306s] -- Up-to-date: /home/hiro/rust_ws/install/rcl_interfaces/local/lib/python3.10/dist-packages/rcl_interfaces/msg/_parameter_event_descriptors_s.c
[1.307s] -- Up-to-date: /home/hiro/rust_ws/install/rcl_interfaces/local/lib/python3.10/dist-packages/rcl_interfaces/msg/_floating_point_range.py
[1.307s] -- Up-to-date: /home/hiro/rust_ws/install/rcl_interfaces/local/lib/python3.10/dist-packages/rcl_interfaces/srv
[1.307s] -- Up-to-date: /home/hiro/rust_ws/install/rcl_interfaces/local/lib/python3.10/dist-packages/rcl_interfaces/srv/_set_parameters.py
[1.307s] -- Up-to-date: /home/hiro/rust_ws/install/rcl_interfaces/local/lib/python3.10/dist-packages/rcl_interfaces/srv/_list_parameters.py
[1.308s] -- Up-to-date: /home/hiro/rust_ws/install/rcl_interfaces/local/lib/python3.10/dist-packages/rcl_interfaces/srv/_describe_parameters_s.c
[1.308s] -- Up-to-date: /home/hiro/rust_ws/install/rcl_interfaces/local/lib/python3.10/dist-packages/rcl_interfaces/srv/_get_parameter_types.py
[1.308s] -- Up-to-date: /home/hiro/rust_ws/install/rcl_interfaces/local/lib/python3.10/dist-packages/rcl_interfaces/srv/_list_parameters_s.c
[1.308s] -- Up-to-date: /home/hiro/rust_ws/install/rcl_interfaces/local/lib/python3.10/dist-packages/rcl_interfaces/srv/_set_parameters_atomically.py
[1.308s] -- Up-to-date: /home/hiro/rust_ws/install/rcl_interfaces/local/lib/python3.10/dist-packages/rcl_interfaces/srv/_get_parameters.py
[1.308s] -- Up-to-date: /home/hiro/rust_ws/install/rcl_interfaces/local/lib/python3.10/dist-packages/rcl_interfaces/srv/_get_parameter_types_s.c
[1.308s] -- Up-to-date: /home/hiro/rust_ws/install/rcl_interfaces/local/lib/python3.10/dist-packages/rcl_interfaces/srv/_get_parameters_s.c
[1.308s] -- Up-to-date: /home/hiro/rust_ws/install/rcl_interfaces/local/lib/python3.10/dist-packages/rcl_interfaces/srv/_set_parameters_s.c
[1.308s] -- Up-to-date: /home/hiro/rust_ws/install/rcl_interfaces/local/lib/python3.10/dist-packages/rcl_interfaces/srv/__init__.py
[1.308s] -- Up-to-date: /home/hiro/rust_ws/install/rcl_interfaces/local/lib/python3.10/dist-packages/rcl_interfaces/srv/_set_parameters_atomically_s.c
[1.309s] -- Up-to-date: /home/hiro/rust_ws/install/rcl_interfaces/local/lib/python3.10/dist-packages/rcl_interfaces/srv/_describe_parameters.py
[1.309s] -- Up-to-date: /home/hiro/rust_ws/install/rcl_interfaces/local/lib/python3.10/dist-packages/rcl_interfaces/_rcl_interfaces_s.ep.rosidl_typesupport_fastrtps_c.c
[1.309s] -- Up-to-date: /home/hiro/rust_ws/install/rcl_interfaces/local/lib/python3.10/dist-packages/rcl_interfaces/_rcl_interfaces_s.ep.rosidl_typesupport_c.c
[1.334s] Listing '/home/hiro/rust_ws/install/rcl_interfaces/local/lib/python3.10/dist-packages/rcl_interfaces'...
[1.334s] Listing '/home/hiro/rust_ws/install/rcl_interfaces/local/lib/python3.10/dist-packages/rcl_interfaces/msg'...
[1.334s] Listing '/home/hiro/rust_ws/install/rcl_interfaces/local/lib/python3.10/dist-packages/rcl_interfaces/srv'...
[1.339s] -- Up-to-date: /home/hiro/rust_ws/install/rcl_interfaces/local/lib/python3.10/dist-packages/rcl_interfaces/rcl_interfaces_s__rosidl_typesupport_fastrtps_c.cpython-310-x86_64-linux-gnu.so
[1.339s] -- Up-to-date: /home/hiro/rust_ws/install/rcl_interfaces/local/lib/python3.10/dist-packages/rcl_interfaces/rcl_interfaces_s__rosidl_typesupport_introspection_c.cpython-310-x86_64-linux-gnu.so
[1.339s] -- Up-to-date: /home/hiro/rust_ws/install/rcl_interfaces/local/lib/python3.10/dist-packages/rcl_interfaces/rcl_interfaces_s__rosidl_typesupport_c.cpython-310-x86_64-linux-gnu.so
[1.340s] -- Up-to-date: /home/hiro/rust_ws/install/rcl_interfaces/lib/librcl_interfaces__rosidl_generator_py.so
[1.340s] -- Up-to-date: /home/hiro/rust_ws/install/rcl_interfaces/share/rcl_interfaces/msg/FloatingPointRange.idl
[1.340s] -- Up-to-date: /home/hiro/rust_ws/install/rcl_interfaces/share/rcl_interfaces/msg/IntegerRange.idl
[1.341s] -- Up-to-date: /home/hiro/rust_ws/install/rcl_interfaces/share/rcl_interfaces/msg/ListParametersResult.idl
[1.342s] -- Up-to-date: /home/hiro/rust_ws/install/rcl_interfaces/share/rcl_interfaces/msg/Log.idl
[1.342s] -- Up-to-date: /home/hiro/rust_ws/install/rcl_interfaces/share/rcl_interfaces/msg/ParameterDescriptor.idl
[1.342s] -- Up-to-date: /home/hiro/rust_ws/install/rcl_interfaces/share/rcl_interfaces/msg/ParameterEventDescriptors.idl
[1.343s] -- Up-to-date: /home/hiro/rust_ws/install/rcl_interfaces/share/rcl_interfaces/msg/ParameterEvent.idl
[1.343s] -- Up-to-date: /home/hiro/rust_ws/install/rcl_interfaces/share/rcl_interfaces/msg/Parameter.idl
[1.343s] -- Up-to-date: /home/hiro/rust_ws/install/rcl_interfaces/share/rcl_interfaces/msg/ParameterType.idl
[1.344s] -- Up-to-date: /home/hiro/rust_ws/install/rcl_interfaces/share/rcl_interfaces/msg/ParameterValue.idl
[1.344s] -- Up-to-date: /home/hiro/rust_ws/install/rcl_interfaces/share/rcl_interfaces/msg/SetParametersResult.idl
[1.345s] -- Up-to-date: /home/hiro/rust_ws/install/rcl_interfaces/share/rcl_interfaces/srv/DescribeParameters.idl
[1.345s] -- Up-to-date: /home/hiro/rust_ws/install/rcl_interfaces/share/rcl_interfaces/srv/GetParameters.idl
[1.345s] -- Up-to-date: /home/hiro/rust_ws/install/rcl_interfaces/share/rcl_interfaces/srv/GetParameterTypes.idl
[1.345s] -- Up-to-date: /home/hiro/rust_ws/install/rcl_interfaces/share/rcl_interfaces/srv/ListParameters.idl
[1.345s] -- Up-to-date: /home/hiro/rust_ws/install/rcl_interfaces/share/rcl_interfaces/srv/SetParametersAtomically.idl
[1.345s] -- Up-to-date: /home/hiro/rust_ws/install/rcl_interfaces/share/rcl_interfaces/srv/SetParameters.idl
[1.345s] -- Up-to-date: /home/hiro/rust_ws/install/rcl_interfaces/share/rcl_interfaces/msg/FloatingPointRange.msg
[1.345s] -- Up-to-date: /home/hiro/rust_ws/install/rcl_interfaces/share/rcl_interfaces/msg/IntegerRange.msg
[1.345s] -- Up-to-date: /home/hiro/rust_ws/install/rcl_interfaces/share/rcl_interfaces/msg/ListParametersResult.msg
[1.345s] -- Up-to-date: /home/hiro/rust_ws/install/rcl_interfaces/share/rcl_interfaces/msg/Log.msg
[1.345s] -- Up-to-date: /home/hiro/rust_ws/install/rcl_interfaces/share/rcl_interfaces/msg/ParameterDescriptor.msg
[1.345s] -- Up-to-date: /home/hiro/rust_ws/install/rcl_interfaces/share/rcl_interfaces/msg/ParameterEventDescriptors.msg
[1.345s] -- Up-to-date: /home/hiro/rust_ws/install/rcl_interfaces/share/rcl_interfaces/msg/ParameterEvent.msg
[1.346s] -- Up-to-date: /home/hiro/rust_ws/install/rcl_interfaces/share/rcl_interfaces/msg/Parameter.msg
[1.346s] -- Up-to-date: /home/hiro/rust_ws/install/rcl_interfaces/share/rcl_interfaces/msg/ParameterType.msg
[1.346s] -- Up-to-date: /home/hiro/rust_ws/install/rcl_interfaces/share/rcl_interfaces/msg/ParameterValue.msg
[1.346s] -- Up-to-date: /home/hiro/rust_ws/install/rcl_interfaces/share/rcl_interfaces/msg/SetParametersResult.msg
[1.346s] -- Up-to-date: /home/hiro/rust_ws/install/rcl_interfaces/share/rcl_interfaces/srv/DescribeParameters.srv
[1.346s] -- Up-to-date: /home/hiro/rust_ws/install/rcl_interfaces/share/rcl_interfaces/srv/DescribeParameters_Request.msg
[1.346s] -- Up-to-date: /home/hiro/rust_ws/install/rcl_interfaces/share/rcl_interfaces/srv/DescribeParameters_Response.msg
[1.346s] -- Up-to-date: /home/hiro/rust_ws/install/rcl_interfaces/share/rcl_interfaces/srv/GetParameters.srv
[1.346s] -- Up-to-date: /home/hiro/rust_ws/install/rcl_interfaces/share/rcl_interfaces/srv/GetParameters_Request.msg
[1.347s] -- Up-to-date: /home/hiro/rust_ws/install/rcl_interfaces/share/rcl_interfaces/srv/GetParameters_Response.msg
[1.347s] -- Up-to-date: /home/hiro/rust_ws/install/rcl_interfaces/share/rcl_interfaces/srv/GetParameterTypes.srv
[1.348s] -- Up-to-date: /home/hiro/rust_ws/install/rcl_interfaces/share/rcl_interfaces/srv/GetParameterTypes_Request.msg
[1.348s] -- Up-to-date: /home/hiro/rust_ws/install/rcl_interfaces/share/rcl_interfaces/srv/GetParameterTypes_Response.msg
[1.348s] -- Up-to-date: /home/hiro/rust_ws/install/rcl_interfaces/share/rcl_interfaces/srv/ListParameters.srv
[1.348s] -- Up-to-date: /home/hiro/rust_ws/install/rcl_interfaces/share/rcl_interfaces/srv/ListParameters_Request.msg
[1.348s] -- Up-to-date: /home/hiro/rust_ws/install/rcl_interfaces/share/rcl_interfaces/srv/ListParameters_Response.msg
[1.348s] -- Up-to-date: /home/hiro/rust_ws/install/rcl_interfaces/share/rcl_interfaces/srv/SetParametersAtomically.srv
[1.349s] -- Up-to-date: /home/hiro/rust_ws/install/rcl_interfaces/share/rcl_interfaces/srv/SetParametersAtomically_Request.msg
[1.349s] -- Up-to-date: /home/hiro/rust_ws/install/rcl_interfaces/share/rcl_interfaces/srv/SetParametersAtomically_Response.msg
[1.349s] -- Up-to-date: /home/hiro/rust_ws/install/rcl_interfaces/share/rcl_interfaces/srv/SetParameters.srv
[1.351s] -- Up-to-date: /home/hiro/rust_ws/install/rcl_interfaces/share/rcl_interfaces/srv/SetParameters_Request.msg
[1.352s] -- Up-to-date: /home/hiro/rust_ws/install/rcl_interfaces/share/rcl_interfaces/srv/SetParameters_Response.msg
[1.352s] -- Up-to-date: /home/hiro/rust_ws/install/rcl_interfaces/share/rcl_interfaces/mapping_rules.yaml
[1.352s] -- Up-to-date: /home/hiro/rust_ws/install/rcl_interfaces/share/ament_index/resource_index/package_run_dependencies/rcl_interfaces
[1.353s] -- Up-to-date: /home/hiro/rust_ws/install/rcl_interfaces/share/ament_index/resource_index/parent_prefix_path/rcl_interfaces
[1.353s] -- Up-to-date: /home/hiro/rust_ws/install/rcl_interfaces/share/rcl_interfaces/environment/ament_prefix_path.sh
[1.353s] -- Up-to-date: /home/hiro/rust_ws/install/rcl_interfaces/share/rcl_interfaces/environment/ament_prefix_path.dsv
[1.353s] -- Up-to-date: /home/hiro/rust_ws/install/rcl_interfaces/share/rcl_interfaces/environment/path.sh
[1.353s] -- Up-to-date: /home/hiro/rust_ws/install/rcl_interfaces/share/rcl_interfaces/environment/path.dsv
[1.353s] -- Up-to-date: /home/hiro/rust_ws/install/rcl_interfaces/share/rcl_interfaces/local_setup.bash
[1.353s] -- Up-to-date: /home/hiro/rust_ws/install/rcl_interfaces/share/rcl_interfaces/local_setup.sh
[1.353s] -- Up-to-date: /home/hiro/rust_ws/install/rcl_interfaces/share/rcl_interfaces/local_setup.zsh
[1.354s] -- Up-to-date: /home/hiro/rust_ws/install/rcl_interfaces/share/rcl_interfaces/local_setup.dsv
[1.354s] -- Installing: /home/hiro/rust_ws/install/rcl_interfaces/share/rcl_interfaces/package.dsv
[1.354s] -- Up-to-date: /home/hiro/rust_ws/install/rcl_interfaces/share/ament_index/resource_index/packages/rcl_interfaces
[1.354s] -- Up-to-date: /home/hiro/rust_ws/install/rcl_interfaces/share/rcl_interfaces/cmake/export_rcl_interfaces__rosidl_generator_cExport.cmake
[1.354s] -- Up-to-date: /home/hiro/rust_ws/install/rcl_interfaces/share/rcl_interfaces/cmake/export_rcl_interfaces__rosidl_generator_cExport-noconfig.cmake
[1.355s] -- Up-to-date: /home/hiro/rust_ws/install/rcl_interfaces/share/rcl_interfaces/cmake/export_rcl_interfaces__rosidl_typesupport_fastrtps_cExport.cmake
[1.355s] -- Up-to-date: /home/hiro/rust_ws/install/rcl_interfaces/share/rcl_interfaces/cmake/export_rcl_interfaces__rosidl_typesupport_fastrtps_cExport-noconfig.cmake
[1.355s] -- Up-to-date: /home/hiro/rust_ws/install/rcl_interfaces/share/rcl_interfaces/cmake/rcl_interfaces__rosidl_typesupport_introspection_cExport.cmake
[1.355s] -- Up-to-date: /home/hiro/rust_ws/install/rcl_interfaces/share/rcl_interfaces/cmake/rcl_interfaces__rosidl_typesupport_introspection_cExport-noconfig.cmake
[1.355s] -- Up-to-date: /home/hiro/rust_ws/install/rcl_interfaces/share/rcl_interfaces/cmake/rcl_interfaces__rosidl_typesupport_cExport.cmake
[1.355s] -- Up-to-date: /home/hiro/rust_ws/install/rcl_interfaces/share/rcl_interfaces/cmake/rcl_interfaces__rosidl_typesupport_cExport-noconfig.cmake
[1.355s] -- Up-to-date: /home/hiro/rust_ws/install/rcl_interfaces/share/rcl_interfaces/cmake/export_rcl_interfaces__rosidl_generator_cppExport.cmake
[1.355s] -- Up-to-date: /home/hiro/rust_ws/install/rcl_interfaces/share/rcl_interfaces/cmake/export_rcl_interfaces__rosidl_typesupport_fastrtps_cppExport.cmake
[1.355s] -- Up-to-date: /home/hiro/rust_ws/install/rcl_interfaces/share/rcl_interfaces/cmake/export_rcl_interfaces__rosidl_typesupport_fastrtps_cppExport-noconfig.cmake
[1.356s] -- Up-to-date: /home/hiro/rust_ws/install/rcl_interfaces/share/rcl_interfaces/cmake/rcl_interfaces__rosidl_typesupport_introspection_cppExport.cmake
[1.356s] -- Up-to-date: /home/hiro/rust_ws/install/rcl_interfaces/share/rcl_interfaces/cmake/rcl_interfaces__rosidl_typesupport_introspection_cppExport-noconfig.cmake
[1.356s] -- Up-to-date: /home/hiro/rust_ws/install/rcl_interfaces/share/rcl_interfaces/cmake/rcl_interfaces__rosidl_typesupport_cppExport.cmake
[1.356s] -- Up-to-date: /home/hiro/rust_ws/install/rcl_interfaces/share/rcl_interfaces/cmake/rcl_interfaces__rosidl_typesupport_cppExport-noconfig.cmake
[1.356s] -- Up-to-date: /home/hiro/rust_ws/install/rcl_interfaces/share/rcl_interfaces/cmake/export_rcl_interfaces__rosidl_generator_pyExport.cmake
[1.357s] -- Up-to-date: /home/hiro/rust_ws/install/rcl_interfaces/share/rcl_interfaces/cmake/export_rcl_interfaces__rosidl_generator_pyExport-noconfig.cmake
[1.357s] -- Up-to-date: /home/hiro/rust_ws/install/rcl_interfaces/share/rcl_interfaces/cmake/rosidl_cmake-extras.cmake
[1.357s] -- Up-to-date: /home/hiro/rust_ws/install/rcl_interfaces/share/rcl_interfaces/cmake/ament_cmake_export_dependencies-extras.cmake
[1.357s] -- Up-to-date: /home/hiro/rust_ws/install/rcl_interfaces/share/rcl_interfaces/cmake/ament_cmake_export_include_directories-extras.cmake
[1.357s] -- Up-to-date: /home/hiro/rust_ws/install/rcl_interfaces/share/rcl_interfaces/cmake/ament_cmake_export_libraries-extras.cmake
[1.357s] -- Up-to-date: /home/hiro/rust_ws/install/rcl_interfaces/share/rcl_interfaces/cmake/ament_cmake_export_targets-extras.cmake
[1.357s] -- Up-to-date: /home/hiro/rust_ws/install/rcl_interfaces/share/rcl_interfaces/cmake/rosidl_cmake_export_typesupport_targets-extras.cmake
[1.357s] -- Up-to-date: /home/hiro/rust_ws/install/rcl_interfaces/share/rcl_interfaces/cmake/rosidl_cmake_export_typesupport_libraries-extras.cmake
[1.358s] -- Up-to-date: /home/hiro/rust_ws/install/rcl_interfaces/share/rcl_interfaces/cmake/rcl_interfacesConfig.cmake
[1.359s] -- Up-to-date: /home/hiro/rust_ws/install/rcl_interfaces/share/rcl_interfaces/cmake/rcl_interfacesConfig-version.cmake
[1.359s] -- Up-to-date: /home/hiro/rust_ws/install/rcl_interfaces/share/rcl_interfaces/package.xml
[1.359s] Invoked command in '/home/hiro/rust_ws/build/rcl_interfaces' returned '0': AMENT_PREFIX_PATH=/home/hiro/rust_ws/install/rosidl_runtime_rs:/home/hiro/rust_ws/install/common_interfaces:/home/hiro/rust_ws/install/visualization_msgs:/home/hiro/rust_ws/install/test_msgs:/home/hiro/rust_ws/install/examples_rclrs_minimal_client_service:/home/hiro/rust_ws/install/example_interfaces:/home/hiro/rust_ws/install/action_msgs:/home/hiro/rust_ws/install/unique_identifier_msgs:/home/hiro/rust_ws/install/trajectory_msgs:/home/hiro/rust_ws/install/test_interface_files:/home/hiro/rust_ws/install/stereo_msgs:/home/hiro/rust_ws/install/std_srvs:/home/hiro/rust_ws/install/shape_msgs:/home/hiro/rust_ws/install/sensor_msgs_py:/home/hiro/rust_ws/install/sensor_msgs:/home/hiro/rust_ws/install/rust_pubsub:/home/hiro/rust_ws/install/nav_msgs:/home/hiro/rust_ws/install/diagnostic_msgs:/home/hiro/rust_ws/install/geometry_msgs:/home/hiro/rust_ws/install/examples_rclrs_minimal_pub_sub:/home/hiro/rust_ws/install/actionlib_msgs:/home/hiro/rust_ws/install/std_msgs:/home/hiro/rust_ws/install/statistics_msgs:/home/hiro/rust_ws/install/examples_rclrs_message_demo:/home/hiro/rust_ws/install/rclrs:/home/hiro/rust_ws/install/rosgraph_msgs:/home/hiro/rust_ws/install/rclrs_example_msgs:/home/hiro/rust_ws/install/composition_interfaces:/home/hiro/rust_ws/install/rcl_interfaces:/home/hiro/rust_ws/install/lifecycle_msgs:/home/hiro/rust_ws/install/builtin_interfaces:/home/hiro/rust_ws/install/rosidl_default_runtime:/home/hiro/rust_ws/install/rosidl_default_generators:/home/hiro/rust_ws/install/rosidl_generator_rs:/home/hiro/ws_livox/install/livox_ros_driver2:/opt/ros/humble CMAKE_PREFIX_PATH=/home/hiro/rust_ws/install/builtin_interfaces:/home/hiro/rust_ws/install/rosidl_default_runtime:/home/hiro/rust_ws/install/rosidl_default_generators:/home/hiro/rust_ws/install/rosidl_generator_rs:/home/hiro/rust_ws/install/common_interfaces:/home/hiro/rust_ws/install/visualization_msgs:/home/hiro/rust_ws/install/test_msgs:/home/hiro/rust_ws/install/example_interfaces:/home/hiro/rust_ws/install/action_msgs:/home/hiro/rust_ws/install/unique_identifier_msgs:/home/hiro/rust_ws/install/trajectory_msgs:/home/hiro/rust_ws/install/test_interface_files:/home/hiro/rust_ws/install/stereo_msgs:/home/hiro/rust_ws/install/std_srvs:/home/hiro/rust_ws/install/shape_msgs:/home/hiro/rust_ws/install/sensor_msgs:/home/hiro/rust_ws/install/nav_msgs:/home/hiro/rust_ws/install/diagnostic_msgs:/home/hiro/rust_ws/install/geometry_msgs:/home/hiro/rust_ws/install/actionlib_msgs:/home/hiro/rust_ws/install/std_msgs:/home/hiro/rust_ws/install/statistics_msgs:/home/hiro/rust_ws/install/rosgraph_msgs:/home/hiro/rust_ws/install/rclrs_example_msgs:/home/hiro/rust_ws/install/composition_interfaces:/home/hiro/rust_ws/install/rcl_interfaces:/home/hiro/rust_ws/install/lifecycle_msgs:/home/hiro/ws_livox/install/livox_ros_driver2:/home/hiro/rust_ws/install/examples_rclrs_minimal_client_service:/home/hiro/rust_ws/install/sensor_msgs_py:/home/hiro/rust_ws/install/rust_pubsub:/home/hiro/rust_ws/install/examples_rclrs_minimal_pub_sub:/home/hiro/rust_ws/install/examples_rclrs_message_demo:/home/hiro/rust_ws/install/rclrs:/home/hiro/rust_ws/install/rosidl_runtime_rs:/opt/ros/humble LD_LIBRARY_PATH=/home/hiro/rust_ws/install/builtin_interfaces/lib:/home/hiro/rust_ws/install/visualization_msgs/lib:/home/hiro/rust_ws/install/test_msgs/lib:/home/hiro/rust_ws/install/example_interfaces/lib:/home/hiro/rust_ws/install/action_msgs/lib:/home/hiro/rust_ws/install/unique_identifier_msgs/lib:/home/hiro/rust_ws/install/trajectory_msgs/lib:/home/hiro/rust_ws/install/stereo_msgs/lib:/home/hiro/rust_ws/install/std_srvs/lib:/home/hiro/rust_ws/install/shape_msgs/lib:/home/hiro/rust_ws/install/sensor_msgs/lib:/home/hiro/rust_ws/install/nav_msgs/lib:/home/hiro/rust_ws/install/diagnostic_msgs/lib:/home/hiro/rust_ws/install/geometry_msgs/lib:/home/hiro/rust_ws/install/actionlib_msgs/lib:/home/hiro/rust_ws/install/std_msgs/lib:/home/hiro/rust_ws/install/statistics_msgs/lib:/home/hiro/rust_ws/install/rosgraph_msgs/lib:/home/hiro/rust_ws/install/rclrs_example_msgs/lib:/home/hiro/rust_ws/install/composition_interfaces/lib:/home/hiro/rust_ws/install/rcl_interfaces/lib:/home/hiro/rust_ws/install/lifecycle_msgs/lib:/home/hiro/ws_livox/install/livox_ros_driver2/lib:/opt/ros/humble/opt/rviz_ogre_vendor/lib:/opt/ros/humble/lib/x86_64-linux-gnu:/opt/ros/humble/lib /usr/bin/cmake --install /home/hiro/rust_ws/build/rcl_interfaces
