[0.053s] Invoking command in '/home/hiro/rust_ws/src/build/rosidl_default_runtime': AMENT_PREFIX_PATH=/home/hiro/rust_ws/src/install/rosidl_generator_rs:/home/hiro/rust_ws/src/install/rosidl_runtime_rs:${AMENT_PREFIX_PATH} CMAKE_PREFIX_PATH=/home/hiro/rust_ws/src/install/rosidl_generator_rs:/home/hiro/ws_livox/install/livox_ros_driver2:/opt/ros/humble PYTHONPATH=/home/hiro/rust_ws/src/install/rosidl_generator_rs/local/lib/python3.10/dist-packages:${PYTHONPATH} /usr/bin/cmake --build /home/hiro/rust_ws/src/build/rosidl_default_runtime -- -j22 -l22
[0.073s] Invoked command in '/home/hiro/rust_ws/src/build/rosidl_default_runtime' returned '0': AMENT_PREFIX_PATH=/home/hiro/rust_ws/src/install/rosidl_generator_rs:/home/hiro/rust_ws/src/install/rosidl_runtime_rs:${AMENT_PREFIX_PATH} CMAKE_PREFIX_PATH=/home/hiro/rust_ws/src/install/rosidl_generator_rs:/home/hiro/ws_livox/install/livox_ros_driver2:/opt/ros/humble PYTHONPATH=/home/hiro/rust_ws/src/install/rosidl_generator_rs/local/lib/python3.10/dist-packages:${PYTHONPATH} /usr/bin/cmake --build /home/hiro/rust_ws/src/build/rosidl_default_runtime -- -j22 -l22
[0.085s] Invoking command in '/home/hiro/rust_ws/src/build/rosidl_default_runtime': AMENT_PREFIX_PATH=/home/hiro/rust_ws/src/install/rosidl_generator_rs:/home/hiro/rust_ws/src/install/rosidl_runtime_rs:${AMENT_PREFIX_PATH} CMAKE_PREFIX_PATH=/home/hiro/rust_ws/src/install/rosidl_generator_rs:/home/hiro/ws_livox/install/livox_ros_driver2:/opt/ros/humble PYTHONPATH=/home/hiro/rust_ws/src/install/rosidl_generator_rs/local/lib/python3.10/dist-packages:${PYTHONPATH} /usr/bin/cmake --install /home/hiro/rust_ws/src/build/rosidl_default_runtime
[0.089s] -- Install configuration: ""
[0.090s] -- Up-to-date: /home/hiro/rust_ws/src/install/rosidl_default_runtime/share/ament_index/resource_index/package_run_dependencies/rosidl_default_runtime
[0.090s] -- Up-to-date: /home/hiro/rust_ws/src/install/rosidl_default_runtime/share/ament_index/resource_index/parent_prefix_path/rosidl_default_runtime
[0.090s] -- Up-to-date: /home/hiro/rust_ws/src/install/rosidl_default_runtime/share/rosidl_default_runtime/environment/ament_prefix_path.sh
[0.091s] -- Up-to-date: /home/hiro/rust_ws/src/install/rosidl_default_runtime/share/rosidl_default_runtime/environment/ament_prefix_path.dsv
[0.091s] -- Up-to-date: /home/hiro/rust_ws/src/install/rosidl_default_runtime/share/rosidl_default_runtime/environment/path.sh
[0.091s] -- Up-to-date: /home/hiro/rust_ws/src/install/rosidl_default_runtime/share/rosidl_default_runtime/environment/path.dsv
[0.091s] -- Up-to-date: /home/hiro/rust_ws/src/install/rosidl_default_runtime/share/rosidl_default_runtime/local_setup.bash
[0.091s] -- Up-to-date: /home/hiro/rust_ws/src/install/rosidl_default_runtime/share/rosidl_default_runtime/local_setup.sh
[0.091s] -- Up-to-date: /home/hiro/rust_ws/src/install/rosidl_default_runtime/share/rosidl_default_runtime/local_setup.zsh
[0.091s] -- Up-to-date: /home/hiro/rust_ws/src/install/rosidl_default_runtime/share/rosidl_default_runtime/local_setup.dsv
[0.091s] -- Up-to-date: /home/hiro/rust_ws/src/install/rosidl_default_runtime/share/rosidl_default_runtime/package.dsv
[0.091s] -- Up-to-date: /home/hiro/rust_ws/src/install/rosidl_default_runtime/share/ament_index/resource_index/packages/rosidl_default_runtime
[0.091s] -- Up-to-date: /home/hiro/rust_ws/src/install/rosidl_default_runtime/share/rosidl_default_runtime/cmake/rosidl_default_runtime-extras.cmake
[0.092s] -- Up-to-date: /home/hiro/rust_ws/src/install/rosidl_default_runtime/share/rosidl_default_runtime/cmake/rosidl_default_runtimeConfig.cmake
[0.092s] -- Up-to-date: /home/hiro/rust_ws/src/install/rosidl_default_runtime/share/rosidl_default_runtime/cmake/rosidl_default_runtimeConfig-version.cmake
[0.092s] -- Up-to-date: /home/hiro/rust_ws/src/install/rosidl_default_runtime/share/rosidl_default_runtime/package.xml
[0.098s] Invoked command in '/home/hiro/rust_ws/src/build/rosidl_default_runtime' returned '0': AMENT_PREFIX_PATH=/home/hiro/rust_ws/src/install/rosidl_generator_rs:/home/hiro/rust_ws/src/install/rosidl_runtime_rs:${AMENT_PREFIX_PATH} CMAKE_PREFIX_PATH=/home/hiro/rust_ws/src/install/rosidl_generator_rs:/home/hiro/ws_livox/install/livox_ros_driver2:/opt/ros/humble PYTHONPATH=/home/hiro/rust_ws/src/install/rosidl_generator_rs/local/lib/python3.10/dist-packages:${PYTHONPATH} /usr/bin/cmake --install /home/hiro/rust_ws/src/build/rosidl_default_runtime
