[0.130s] Invoking command in '/home/hiro/rust_ws/src/build/std_srvs': AMENT_PREFIX_PATH=/home/hiro/rust_ws/src/install/rosidl_default_runtime:/home/hiro/rust_ws/src/install/rosidl_default_generators:/home/hiro/rust_ws/src/install/rosidl_generator_rs:/home/hiro/rust_ws/src/install/rosidl_runtime_rs:${AMENT_PREFIX_PATH} CMAKE_PREFIX_PATH=/home/hiro/rust_ws/src/install/rosidl_default_runtime:/home/hiro/rust_ws/src/install/rosidl_default_generators:/home/hiro/rust_ws/src/install/rosidl_generator_rs:/home/hiro/ws_livox/install/livox_ros_driver2:/opt/ros/humble PYTHONPATH=/home/hiro/rust_ws/src/install/rosidl_generator_rs/local/lib/python3.10/dist-packages:${PYTHONPATH} /usr/bin/cmake /home/hiro/rust_ws/src/src/ros2/common_interfaces/std_srvs -DCMAKE_INSTALL_PREFIX=/home/hiro/rust_ws/src/install/std_srvs
[0.245s] -- The C compiler identification is GNU 11.4.0
[0.710s] -- The CXX compiler identification is GNU 11.4.0
[1.070s] -- Detecting C compiler ABI info
[1.170s] -- Detecting C compiler ABI info - done
[1.175s] -- Check for working C compiler: /usr/bin/cc - skipped
[1.176s] -- Detecting C compile features
[1.176s] -- Detecting C compile features - done
[1.178s] -- Detecting CXX compiler ABI info
[1.286s] -- Detecting CXX compiler ABI info - done
[1.290s] -- Check for working CXX compiler: /usr/bin/c++ - skipped
[1.290s] -- Detecting CXX compile features
[1.291s] -- Detecting CXX compile features - done
[1.292s] -- Found ament_cmake: 1.3.10 (/opt/ros/humble/share/ament_cmake/cmake)
[1.765s] -- Found Python3: /usr/bin/python3 (found version "3.10.12") found components: Interpreter 
[1.827s] -- Found rosidl_default_generators: 1.2.0 (/home/hiro/rust_ws/src/install/rosidl_default_generators/share/rosidl_default_generators/cmake)
[1.828s] -- Using all available rosidl_typesupport_c: rosidl_typesupport_fastrtps_c;rosidl_typesupport_introspection_c
[1.832s] -- Found rosidl_adapter: 3.1.5 (/opt/ros/humble/share/rosidl_adapter/cmake)
[1.946s] -- Using all available rosidl_typesupport_cpp: rosidl_typesupport_fastrtps_cpp;rosidl_typesupport_introspection_cpp
[2.180s] -- Found ament_cmake_cppcheck: 0.12.11 (/opt/ros/humble/share/ament_cmake_cppcheck/cmake)
[2.181s] -- Found ament_cmake_cpplint: 0.12.11 (/opt/ros/humble/share/ament_cmake_cpplint/cmake)
[2.182s] -- Found ament_cmake_uncrustify: 0.12.11 (/opt/ros/humble/share/ament_cmake_uncrustify/cmake)
[2.184s] -- Found ament_cmake_ros: 0.10.0 (/opt/ros/humble/share/ament_cmake_ros/cmake)
[2.320s] -- Using all available rosidl_typesupport_c: rosidl_typesupport_fastrtps_c;rosidl_typesupport_introspection_c
[2.509s] -- Using all available rosidl_typesupport_cpp: rosidl_typesupport_fastrtps_cpp;rosidl_typesupport_introspection_cpp
[2.625s] -- Found PythonInterp: /usr/bin/python3 (found suitable version "3.10.12", minimum required is "3.6") 
[2.626s] -- Found python_cmake_module: 0.10.0 (/opt/ros/humble/share/python_cmake_module/cmake)
[2.987s] -- Found PythonLibs: /usr/lib/x86_64-linux-gnu/libpython3.10.so (found suitable version "3.10.12", minimum required is "3.5") 
[2.987s] -- Using PYTHON_EXECUTABLE: /usr/bin/python3
[2.987s] -- Using PYTHON_INCLUDE_DIRS: /usr/include/python3.10
[2.987s] -- Using PYTHON_LIBRARIES: /usr/lib/x86_64-linux-gnu/libpython3.10.so
[3.005s] -- Found PythonExtra: .so  
[3.077s] -- Found ament_cmake_flake8: 0.12.11 (/opt/ros/humble/share/ament_cmake_flake8/cmake)
[3.079s] -- Found ament_cmake_pep257: 0.12.11 (/opt/ros/humble/share/ament_cmake_pep257/cmake)
[3.085s] -- Configuring done
[3.113s] -- Generating done
[3.115s] -- Build files have been written to: /home/hiro/rust_ws/src/build/std_srvs
[3.125s] Invoked command in '/home/hiro/rust_ws/src/build/std_srvs' returned '0': AMENT_PREFIX_PATH=/home/hiro/rust_ws/src/install/rosidl_default_runtime:/home/hiro/rust_ws/src/install/rosidl_default_generators:/home/hiro/rust_ws/src/install/rosidl_generator_rs:/home/hiro/rust_ws/src/install/rosidl_runtime_rs:${AMENT_PREFIX_PATH} CMAKE_PREFIX_PATH=/home/hiro/rust_ws/src/install/rosidl_default_runtime:/home/hiro/rust_ws/src/install/rosidl_default_generators:/home/hiro/rust_ws/src/install/rosidl_generator_rs:/home/hiro/ws_livox/install/livox_ros_driver2:/opt/ros/humble PYTHONPATH=/home/hiro/rust_ws/src/install/rosidl_generator_rs/local/lib/python3.10/dist-packages:${PYTHONPATH} /usr/bin/cmake /home/hiro/rust_ws/src/src/ros2/common_interfaces/std_srvs -DCMAKE_INSTALL_PREFIX=/home/hiro/rust_ws/src/install/std_srvs
[3.127s] Invoking command in '/home/hiro/rust_ws/src/build/std_srvs': AMENT_PREFIX_PATH=/home/hiro/rust_ws/src/install/rosidl_default_runtime:/home/hiro/rust_ws/src/install/rosidl_default_generators:/home/hiro/rust_ws/src/install/rosidl_generator_rs:/home/hiro/rust_ws/src/install/rosidl_runtime_rs:${AMENT_PREFIX_PATH} CMAKE_PREFIX_PATH=/home/hiro/rust_ws/src/install/rosidl_default_runtime:/home/hiro/rust_ws/src/install/rosidl_default_generators:/home/hiro/rust_ws/src/install/rosidl_generator_rs:/home/hiro/ws_livox/install/livox_ros_driver2:/opt/ros/humble PYTHONPATH=/home/hiro/rust_ws/src/install/rosidl_generator_rs/local/lib/python3.10/dist-packages:${PYTHONPATH} /usr/bin/cmake --build /home/hiro/rust_ws/src/build/std_srvs -- -j22 -l22
[3.155s] [  2%] [34m[1mGenerating C code for ROS interfaces[0m
[3.163s] [  4%] [34m[1mGenerating Rust code for ROS interfaces[0m
[3.164s] [  6%] [34m[1mGenerating C++ code for ROS interfaces[0m
[3.169s] [  6%] Built target ament_cmake_python_copy_std_srvs
[3.551s] [  6%] Built target std_srvs__rs
[3.565s] running egg_info
[3.567s] creating std_srvs.egg-info
[3.587s] writing std_srvs.egg-info/PKG-INFO
[3.587s] writing dependency_links to std_srvs.egg-info/dependency_links.txt
[3.587s] writing top-level names to std_srvs.egg-info/top_level.txt
[3.587s] writing manifest file 'std_srvs.egg-info/SOURCES.txt'
[3.641s] reading manifest file 'std_srvs.egg-info/SOURCES.txt'
[3.642s] writing manifest file 'std_srvs.egg-info/SOURCES.txt'
[3.732s] [  6%] Built target ament_cmake_python_build_std_srvs_egg
[3.811s] [  6%] Built target std_srvs__cpp
[3.822s] [  8%] [34m[1mGenerating C++ type support for eProsima Fast-RTPS[0m
[3.822s] [ 12%] [34m[1mGenerating C++ introspection for ROS interfaces[0m
[3.822s] [ 12%] [34m[1mGenerating C++ type support dispatch for ROS interfaces[0m
[3.832s] [ 14%] [32mBuilding C object CMakeFiles/std_srvs__rosidl_generator_c.dir/rosidl_generator_c/std_srvs/srv/detail/empty__functions.c.o[0m
[3.856s] [ 16%] [32mBuilding C object CMakeFiles/std_srvs__rosidl_generator_c.dir/rosidl_generator_c/std_srvs/srv/detail/set_bool__functions.c.o[0m
[3.868s] [ 18%] [32mBuilding C object CMakeFiles/std_srvs__rosidl_generator_c.dir/rosidl_generator_c/std_srvs/srv/detail/trigger__functions.c.o[0m
[4.013s] [ 20%] [32m[1mLinking C shared library libstd_srvs__rosidl_generator_c.so[0m
[4.142s] [ 20%] Built target std_srvs__rosidl_generator_c
[4.157s] [ 22%] [34m[1mGenerating C type support for eProsima Fast-RTPS[0m
[4.184s] [ 25%] [34m[1mGenerating C introspection for ROS interfaces[0m
[4.205s] [ 27%] [34m[1mGenerating C type support dispatch for ROS interfaces[0m
[4.375s] [ 29%] [32mBuilding CXX object CMakeFiles/std_srvs__rosidl_typesupport_cpp.dir/rosidl_typesupport_cpp/std_srvs/srv/empty__type_support.cpp.o[0m
[4.375s] [ 31%] [32mBuilding CXX object CMakeFiles/std_srvs__rosidl_typesupport_cpp.dir/rosidl_typesupport_cpp/std_srvs/srv/trigger__type_support.cpp.o[0m
[4.395s] [ 33%] [32mBuilding CXX object CMakeFiles/std_srvs__rosidl_typesupport_cpp.dir/rosidl_typesupport_cpp/std_srvs/srv/set_bool__type_support.cpp.o[0m
[4.590s] [ 35%] [32mBuilding CXX object CMakeFiles/std_srvs__rosidl_typesupport_fastrtps_cpp.dir/rosidl_typesupport_fastrtps_cpp/std_srvs/srv/detail/dds_fastrtps/empty__type_support.cpp.o[0m
[4.603s] [ 39%] [32mBuilding CXX object CMakeFiles/std_srvs__rosidl_typesupport_introspection_cpp.dir/rosidl_typesupport_introspection_cpp/std_srvs/srv/detail/set_bool__type_support.cpp.o[0m
[4.603s] [ 39%] [32mBuilding CXX object CMakeFiles/std_srvs__rosidl_typesupport_fastrtps_cpp.dir/rosidl_typesupport_fastrtps_cpp/std_srvs/srv/detail/dds_fastrtps/set_bool__type_support.cpp.o[0m
[4.623s] [ 43%] [32mBuilding CXX object CMakeFiles/std_srvs__rosidl_typesupport_introspection_cpp.dir/rosidl_typesupport_introspection_cpp/std_srvs/srv/detail/empty__type_support.cpp.o[0m
[4.623s] [ 43%] [32mBuilding CXX object CMakeFiles/std_srvs__rosidl_typesupport_introspection_cpp.dir/rosidl_typesupport_introspection_cpp/std_srvs/srv/detail/trigger__type_support.cpp.o[0m
[4.623s] [ 45%] [32mBuilding CXX object CMakeFiles/std_srvs__rosidl_typesupport_fastrtps_cpp.dir/rosidl_typesupport_fastrtps_cpp/std_srvs/srv/detail/dds_fastrtps/trigger__type_support.cpp.o[0m
[4.843s] [ 47%] [32mBuilding CXX object CMakeFiles/std_srvs__rosidl_typesupport_fastrtps_c.dir/rosidl_typesupport_fastrtps_c/std_srvs/srv/detail/set_bool__type_support_c.cpp.o[0m
[4.843s] [ 50%] [32mBuilding CXX object CMakeFiles/std_srvs__rosidl_typesupport_fastrtps_c.dir/rosidl_typesupport_fastrtps_c/std_srvs/srv/detail/empty__type_support_c.cpp.o[0m
[4.849s] [ 52%] [32mBuilding CXX object CMakeFiles/std_srvs__rosidl_typesupport_c.dir/rosidl_typesupport_c/std_srvs/srv/set_bool__type_support.cpp.o[0m
[4.859s] [ 54%] [32mBuilding CXX object CMakeFiles/std_srvs__rosidl_typesupport_c.dir/rosidl_typesupport_c/std_srvs/srv/trigger__type_support.cpp.o[0m
[4.861s] [ 56%] [32mBuilding CXX object CMakeFiles/std_srvs__rosidl_typesupport_c.dir/rosidl_typesupport_c/std_srvs/srv/empty__type_support.cpp.o[0m
[4.866s] [ 58%] [32mBuilding CXX object CMakeFiles/std_srvs__rosidl_typesupport_fastrtps_c.dir/rosidl_typesupport_fastrtps_c/std_srvs/srv/detail/trigger__type_support_c.cpp.o[0m
[4.953s] [ 60%] [32m[1mLinking CXX shared library libstd_srvs__rosidl_typesupport_cpp.so[0m
[4.966s] [ 62%] [32m[1mLinking CXX shared library libstd_srvs__rosidl_typesupport_c.so[0m
[5.119s] [ 66%] [32mBuilding C object CMakeFiles/std_srvs__rosidl_typesupport_introspection_c.dir/rosidl_typesupport_introspection_c/std_srvs/srv/detail/set_bool__type_support.c.o[0m
[5.119s] [ 66%] [32mBuilding C object CMakeFiles/std_srvs__rosidl_typesupport_introspection_c.dir/rosidl_typesupport_introspection_c/std_srvs/srv/detail/trigger__type_support.c.o[0m
[5.119s] [ 68%] [32mBuilding C object CMakeFiles/std_srvs__rosidl_typesupport_introspection_c.dir/rosidl_typesupport_introspection_c/std_srvs/srv/detail/empty__type_support.c.o[0m
[5.133s] [ 68%] Built target std_srvs__rosidl_typesupport_cpp
[5.139s] [ 68%] Built target std_srvs__rosidl_typesupport_c
[5.162s] [ 70%] [32m[1mLinking C shared library libstd_srvs__rosidl_typesupport_introspection_c.so[0m
[5.226s] [ 72%] [32m[1mLinking CXX shared library libstd_srvs__rosidl_typesupport_introspection_cpp.so[0m
[5.261s] [ 75%] [32m[1mLinking CXX shared library libstd_srvs__rosidl_typesupport_fastrtps_cpp.so[0m
[5.263s] [ 75%] Built target std_srvs__rosidl_typesupport_introspection_c
[5.329s] [ 77%] [32m[1mLinking CXX shared library libstd_srvs__rosidl_typesupport_fastrtps_c.so[0m
[5.363s] [ 77%] Built target std_srvs__rosidl_typesupport_introspection_cpp
[5.421s] [ 77%] Built target std_srvs__rosidl_typesupport_fastrtps_cpp
[5.504s] [ 77%] Built target std_srvs__rosidl_typesupport_fastrtps_c
[5.524s] [ 77%] Built target std_srvs
[5.539s] [ 79%] [34m[1mGenerating Python code for ROS interfaces[0m
[6.603s] [ 79%] Built target std_srvs__py
[6.622s] [ 83%] [32mBuilding C object CMakeFiles/std_srvs__rosidl_generator_py.dir/rosidl_generator_py/std_srvs/srv/_empty_s.c.o[0m
[6.622s] [ 83%] [32mBuilding C object CMakeFiles/std_srvs__rosidl_generator_py.dir/rosidl_generator_py/std_srvs/srv/_trigger_s.c.o[0m
[6.624s] [ 85%] [32mBuilding C object CMakeFiles/std_srvs__rosidl_generator_py.dir/rosidl_generator_py/std_srvs/srv/_set_bool_s.c.o[0m
[6.734s] [ 87%] [32m[1mLinking C shared library rosidl_generator_py/std_srvs/libstd_srvs__rosidl_generator_py.so[0m
[6.902s] [ 87%] Built target std_srvs__rosidl_generator_py
[6.926s] [ 89%] [32mBuilding C object CMakeFiles/std_srvs__rosidl_typesupport_introspection_c__pyext.dir/rosidl_generator_py/std_srvs/_std_srvs_s.ep.rosidl_typesupport_introspection_c.c.o[0m
[6.934s] [ 91%] [32mBuilding C object CMakeFiles/std_srvs__rosidl_typesupport_fastrtps_c__pyext.dir/rosidl_generator_py/std_srvs/_std_srvs_s.ep.rosidl_typesupport_fastrtps_c.c.o[0m
[6.940s] [ 93%] [32mBuilding C object CMakeFiles/std_srvs__rosidl_typesupport_c__pyext.dir/rosidl_generator_py/std_srvs/_std_srvs_s.ep.rosidl_typesupport_c.c.o[0m
[7.063s] [ 95%] [32m[1mLinking C shared library rosidl_generator_py/std_srvs/std_srvs_s__rosidl_typesupport_introspection_c.cpython-310-x86_64-linux-gnu.so[0m
[7.073s] [ 97%] [32m[1mLinking C shared library rosidl_generator_py/std_srvs/std_srvs_s__rosidl_typesupport_fastrtps_c.cpython-310-x86_64-linux-gnu.so[0m
[7.104s] [100%] [32m[1mLinking C shared library rosidl_generator_py/std_srvs/std_srvs_s__rosidl_typesupport_c.cpython-310-x86_64-linux-gnu.so[0m
[7.230s] [100%] Built target std_srvs__rosidl_typesupport_introspection_c__pyext
[7.242s] [100%] Built target std_srvs__rosidl_typesupport_fastrtps_c__pyext
[7.244s] [100%] Built target std_srvs__rosidl_typesupport_c__pyext
[7.258s] Invoked command in '/home/hiro/rust_ws/src/build/std_srvs' returned '0': AMENT_PREFIX_PATH=/home/hiro/rust_ws/src/install/rosidl_default_runtime:/home/hiro/rust_ws/src/install/rosidl_default_generators:/home/hiro/rust_ws/src/install/rosidl_generator_rs:/home/hiro/rust_ws/src/install/rosidl_runtime_rs:${AMENT_PREFIX_PATH} CMAKE_PREFIX_PATH=/home/hiro/rust_ws/src/install/rosidl_default_runtime:/home/hiro/rust_ws/src/install/rosidl_default_generators:/home/hiro/rust_ws/src/install/rosidl_generator_rs:/home/hiro/ws_livox/install/livox_ros_driver2:/opt/ros/humble PYTHONPATH=/home/hiro/rust_ws/src/install/rosidl_generator_rs/local/lib/python3.10/dist-packages:${PYTHONPATH} /usr/bin/cmake --build /home/hiro/rust_ws/src/build/std_srvs -- -j22 -l22
[7.434s] Invoking command in '/home/hiro/rust_ws/src/build/std_srvs': AMENT_PREFIX_PATH=/home/hiro/rust_ws/src/install/rosidl_default_runtime:/home/hiro/rust_ws/src/install/rosidl_default_generators:/home/hiro/rust_ws/src/install/rosidl_generator_rs:/home/hiro/rust_ws/src/install/rosidl_runtime_rs:${AMENT_PREFIX_PATH} CMAKE_PREFIX_PATH=/home/hiro/rust_ws/src/install/rosidl_default_runtime:/home/hiro/rust_ws/src/install/rosidl_default_generators:/home/hiro/rust_ws/src/install/rosidl_generator_rs:/home/hiro/ws_livox/install/livox_ros_driver2:/opt/ros/humble PYTHONPATH=/home/hiro/rust_ws/src/install/rosidl_generator_rs/local/lib/python3.10/dist-packages:${PYTHONPATH} /usr/bin/cmake --install /home/hiro/rust_ws/src/build/std_srvs
[7.443s] -- Install configuration: ""
[7.445s] -- Installing: /home/hiro/rust_ws/src/install/std_srvs/share/ament_index/resource_index/rosidl_interfaces/std_srvs
[7.446s] -- Installing: /home/hiro/rust_ws/src/install/std_srvs/include/std_srvs/std_srvs
[7.446s] -- Installing: /home/hiro/rust_ws/src/install/std_srvs/include/std_srvs/std_srvs/msg
[7.447s] -- Installing: /home/hiro/rust_ws/src/install/std_srvs/include/std_srvs/std_srvs/msg/rosidl_generator_c__visibility_control.h
[7.447s] -- Installing: /home/hiro/rust_ws/src/install/std_srvs/include/std_srvs/std_srvs/srv
[7.447s] -- Installing: /home/hiro/rust_ws/src/install/std_srvs/include/std_srvs/std_srvs/srv/trigger.h
[7.448s] -- Installing: /home/hiro/rust_ws/src/install/std_srvs/include/std_srvs/std_srvs/srv/set_bool.h
[7.448s] -- Installing: /home/hiro/rust_ws/src/install/std_srvs/include/std_srvs/std_srvs/srv/detail
[7.448s] -- Installing: /home/hiro/rust_ws/src/install/std_srvs/include/std_srvs/std_srvs/srv/detail/trigger__struct.h
[7.448s] -- Installing: /home/hiro/rust_ws/src/install/std_srvs/include/std_srvs/std_srvs/srv/detail/empty__type_support.h
[7.448s] -- Installing: /home/hiro/rust_ws/src/install/std_srvs/include/std_srvs/std_srvs/srv/detail/trigger__functions.c
[7.448s] -- Installing: /home/hiro/rust_ws/src/install/std_srvs/include/std_srvs/std_srvs/srv/detail/set_bool__functions.c
[7.448s] -- Installing: /home/hiro/rust_ws/src/install/std_srvs/include/std_srvs/std_srvs/srv/detail/trigger__type_support.h
[7.448s] -- Installing: /home/hiro/rust_ws/src/install/std_srvs/include/std_srvs/std_srvs/srv/detail/set_bool__functions.h
[7.448s] -- Installing: /home/hiro/rust_ws/src/install/std_srvs/include/std_srvs/std_srvs/srv/detail/trigger__functions.h
[7.449s] -- Installing: /home/hiro/rust_ws/src/install/std_srvs/include/std_srvs/std_srvs/srv/detail/set_bool__type_support.h
[7.449s] -- Installing: /home/hiro/rust_ws/src/install/std_srvs/include/std_srvs/std_srvs/srv/detail/empty__functions.c
[7.449s] -- Installing: /home/hiro/rust_ws/src/install/std_srvs/include/std_srvs/std_srvs/srv/detail/set_bool__struct.h
[7.449s] -- Installing: /home/hiro/rust_ws/src/install/std_srvs/include/std_srvs/std_srvs/srv/detail/empty__functions.h
[7.449s] -- Installing: /home/hiro/rust_ws/src/install/std_srvs/include/std_srvs/std_srvs/srv/detail/empty__struct.h
[7.449s] -- Installing: /home/hiro/rust_ws/src/install/std_srvs/include/std_srvs/std_srvs/srv/empty.h
[7.449s] -- Installing: /home/hiro/rust_ws/src/install/std_srvs/share/std_srvs/environment/library_path.sh
[7.449s] -- Installing: /home/hiro/rust_ws/src/install/std_srvs/share/std_srvs/environment/library_path.dsv
[7.450s] -- Installing: /home/hiro/rust_ws/src/install/std_srvs/lib/libstd_srvs__rosidl_generator_c.so
[7.452s] -- Set runtime path of "/home/hiro/rust_ws/src/install/std_srvs/lib/libstd_srvs__rosidl_generator_c.so" to ""
[7.452s] -- Up-to-date: /home/hiro/rust_ws/src/install/std_srvs/include/std_srvs/std_srvs
[7.452s] -- Up-to-date: /home/hiro/rust_ws/src/install/std_srvs/include/std_srvs/std_srvs/msg
[7.452s] -- Installing: /home/hiro/rust_ws/src/install/std_srvs/include/std_srvs/std_srvs/msg/rosidl_typesupport_fastrtps_c__visibility_control.h
[7.452s] -- Up-to-date: /home/hiro/rust_ws/src/install/std_srvs/include/std_srvs/std_srvs/srv
[7.452s] -- Up-to-date: /home/hiro/rust_ws/src/install/std_srvs/include/std_srvs/std_srvs/srv/detail
[7.452s] -- Installing: /home/hiro/rust_ws/src/install/std_srvs/include/std_srvs/std_srvs/srv/detail/empty__rosidl_typesupport_fastrtps_c.h
[7.452s] -- Installing: /home/hiro/rust_ws/src/install/std_srvs/include/std_srvs/std_srvs/srv/detail/trigger__rosidl_typesupport_fastrtps_c.h
[7.452s] -- Installing: /home/hiro/rust_ws/src/install/std_srvs/include/std_srvs/std_srvs/srv/detail/set_bool__rosidl_typesupport_fastrtps_c.h
[7.454s] -- Installing: /home/hiro/rust_ws/src/install/std_srvs/lib/libstd_srvs__rosidl_typesupport_fastrtps_c.so
[7.457s] -- Set runtime path of "/home/hiro/rust_ws/src/install/std_srvs/lib/libstd_srvs__rosidl_typesupport_fastrtps_c.so" to ""
[7.458s] -- Up-to-date: /home/hiro/rust_ws/src/install/std_srvs/include/std_srvs/std_srvs
[7.458s] -- Up-to-date: /home/hiro/rust_ws/src/install/std_srvs/include/std_srvs/std_srvs/msg
[7.459s] -- Installing: /home/hiro/rust_ws/src/install/std_srvs/include/std_srvs/std_srvs/msg/rosidl_typesupport_introspection_c__visibility_control.h
[7.459s] -- Up-to-date: /home/hiro/rust_ws/src/install/std_srvs/include/std_srvs/std_srvs/srv
[7.459s] -- Up-to-date: /home/hiro/rust_ws/src/install/std_srvs/include/std_srvs/std_srvs/srv/detail
[7.459s] -- Installing: /home/hiro/rust_ws/src/install/std_srvs/include/std_srvs/std_srvs/srv/detail/set_bool__type_support.c
[7.459s] -- Installing: /home/hiro/rust_ws/src/install/std_srvs/include/std_srvs/std_srvs/srv/detail/trigger__rosidl_typesupport_introspection_c.h
[7.459s] -- Installing: /home/hiro/rust_ws/src/install/std_srvs/include/std_srvs/std_srvs/srv/detail/trigger__type_support.c
[7.459s] -- Installing: /home/hiro/rust_ws/src/install/std_srvs/include/std_srvs/std_srvs/srv/detail/set_bool__rosidl_typesupport_introspection_c.h
[7.459s] -- Installing: /home/hiro/rust_ws/src/install/std_srvs/include/std_srvs/std_srvs/srv/detail/empty__type_support.c
[7.460s] -- Installing: /home/hiro/rust_ws/src/install/std_srvs/include/std_srvs/std_srvs/srv/detail/empty__rosidl_typesupport_introspection_c.h
[7.460s] -- Installing: /home/hiro/rust_ws/src/install/std_srvs/lib/libstd_srvs__rosidl_typesupport_introspection_c.so
[7.465s] -- Set runtime path of "/home/hiro/rust_ws/src/install/std_srvs/lib/libstd_srvs__rosidl_typesupport_introspection_c.so" to ""
[7.465s] -- Installing: /home/hiro/rust_ws/src/install/std_srvs/lib/libstd_srvs__rosidl_typesupport_c.so
[7.467s] -- Set runtime path of "/home/hiro/rust_ws/src/install/std_srvs/lib/libstd_srvs__rosidl_typesupport_c.so" to ""
[7.467s] -- Up-to-date: /home/hiro/rust_ws/src/install/std_srvs/include/std_srvs/std_srvs
[7.467s] -- Up-to-date: /home/hiro/rust_ws/src/install/std_srvs/include/std_srvs/std_srvs/srv
[7.467s] -- Installing: /home/hiro/rust_ws/src/install/std_srvs/include/std_srvs/std_srvs/srv/empty.hpp
[7.467s] -- Installing: /home/hiro/rust_ws/src/install/std_srvs/include/std_srvs/std_srvs/srv/set_bool.hpp
[7.467s] -- Installing: /home/hiro/rust_ws/src/install/std_srvs/include/std_srvs/std_srvs/srv/trigger.hpp
[7.467s] -- Up-to-date: /home/hiro/rust_ws/src/install/std_srvs/include/std_srvs/std_srvs/srv/detail
[7.468s] -- Installing: /home/hiro/rust_ws/src/install/std_srvs/include/std_srvs/std_srvs/srv/detail/empty__struct.hpp
[7.468s] -- Installing: /home/hiro/rust_ws/src/install/std_srvs/include/std_srvs/std_srvs/srv/detail/set_bool__builder.hpp
[7.468s] -- Installing: /home/hiro/rust_ws/src/install/std_srvs/include/std_srvs/std_srvs/srv/detail/set_bool__struct.hpp
[7.468s] -- Installing: /home/hiro/rust_ws/src/install/std_srvs/include/std_srvs/std_srvs/srv/detail/empty__builder.hpp
[7.468s] -- Installing: /home/hiro/rust_ws/src/install/std_srvs/include/std_srvs/std_srvs/srv/detail/trigger__struct.hpp
[7.468s] -- Installing: /home/hiro/rust_ws/src/install/std_srvs/include/std_srvs/std_srvs/srv/detail/set_bool__traits.hpp
[7.468s] -- Installing: /home/hiro/rust_ws/src/install/std_srvs/include/std_srvs/std_srvs/srv/detail/trigger__builder.hpp
[7.468s] -- Installing: /home/hiro/rust_ws/src/install/std_srvs/include/std_srvs/std_srvs/srv/detail/trigger__traits.hpp
[7.468s] -- Installing: /home/hiro/rust_ws/src/install/std_srvs/include/std_srvs/std_srvs/srv/detail/empty__traits.hpp
[7.468s] -- Up-to-date: /home/hiro/rust_ws/src/install/std_srvs/include/std_srvs/std_srvs
[7.468s] -- Up-to-date: /home/hiro/rust_ws/src/install/std_srvs/include/std_srvs/std_srvs/msg
[7.468s] -- Installing: /home/hiro/rust_ws/src/install/std_srvs/include/std_srvs/std_srvs/msg/rosidl_typesupport_fastrtps_cpp__visibility_control.h
[7.469s] -- Up-to-date: /home/hiro/rust_ws/src/install/std_srvs/include/std_srvs/std_srvs/srv
[7.469s] -- Up-to-date: /home/hiro/rust_ws/src/install/std_srvs/include/std_srvs/std_srvs/srv/detail
[7.469s] -- Installing: /home/hiro/rust_ws/src/install/std_srvs/include/std_srvs/std_srvs/srv/detail/dds_fastrtps
[7.469s] -- Installing: /home/hiro/rust_ws/src/install/std_srvs/include/std_srvs/std_srvs/srv/detail/set_bool__rosidl_typesupport_fastrtps_cpp.hpp
[7.471s] -- Installing: /home/hiro/rust_ws/src/install/std_srvs/include/std_srvs/std_srvs/srv/detail/empty__rosidl_typesupport_fastrtps_cpp.hpp
[7.471s] -- Installing: /home/hiro/rust_ws/src/install/std_srvs/include/std_srvs/std_srvs/srv/detail/trigger__rosidl_typesupport_fastrtps_cpp.hpp
[7.472s] -- Installing: /home/hiro/rust_ws/src/install/std_srvs/lib/libstd_srvs__rosidl_typesupport_fastrtps_cpp.so
[7.477s] -- Set runtime path of "/home/hiro/rust_ws/src/install/std_srvs/lib/libstd_srvs__rosidl_typesupport_fastrtps_cpp.so" to ""
[7.478s] -- Up-to-date: /home/hiro/rust_ws/src/install/std_srvs/include/std_srvs/std_srvs
[7.478s] -- Up-to-date: /home/hiro/rust_ws/src/install/std_srvs/include/std_srvs/std_srvs/srv
[7.478s] -- Up-to-date: /home/hiro/rust_ws/src/install/std_srvs/include/std_srvs/std_srvs/srv/detail
[7.478s] -- Installing: /home/hiro/rust_ws/src/install/std_srvs/include/std_srvs/std_srvs/srv/detail/set_bool__rosidl_typesupport_introspection_cpp.hpp
[7.478s] -- Installing: /home/hiro/rust_ws/src/install/std_srvs/include/std_srvs/std_srvs/srv/detail/empty__rosidl_typesupport_introspection_cpp.hpp
[7.478s] -- Installing: /home/hiro/rust_ws/src/install/std_srvs/include/std_srvs/std_srvs/srv/detail/set_bool__type_support.cpp
[7.478s] -- Installing: /home/hiro/rust_ws/src/install/std_srvs/include/std_srvs/std_srvs/srv/detail/trigger__type_support.cpp
[7.479s] -- Installing: /home/hiro/rust_ws/src/install/std_srvs/include/std_srvs/std_srvs/srv/detail/trigger__rosidl_typesupport_introspection_cpp.hpp
[7.479s] -- Installing: /home/hiro/rust_ws/src/install/std_srvs/include/std_srvs/std_srvs/srv/detail/empty__type_support.cpp
[7.479s] -- Installing: /home/hiro/rust_ws/src/install/std_srvs/lib/libstd_srvs__rosidl_typesupport_introspection_cpp.so
[7.483s] -- Set runtime path of "/home/hiro/rust_ws/src/install/std_srvs/lib/libstd_srvs__rosidl_typesupport_introspection_cpp.so" to ""
[7.483s] -- Installing: /home/hiro/rust_ws/src/install/std_srvs/lib/libstd_srvs__rosidl_typesupport_cpp.so
[7.486s] -- Set runtime path of "/home/hiro/rust_ws/src/install/std_srvs/lib/libstd_srvs__rosidl_typesupport_cpp.so" to ""
[7.486s] -- Installing: /home/hiro/rust_ws/src/install/std_srvs/share/ament_index/resource_index/rust_packages/std_srvs
[7.487s] -- Installing: /home/hiro/rust_ws/src/install/std_srvs/share/std_srvs/rust
[7.488s] -- Installing: /home/hiro/rust_ws/src/install/std_srvs/share/std_srvs/rust/Cargo.toml
[7.489s] -- Installing: /home/hiro/rust_ws/src/install/std_srvs/share/std_srvs/rust/build.rs
[7.490s] -- Installing: /home/hiro/rust_ws/src/install/std_srvs/share/std_srvs/rust/src
[7.495s] -- Installing: /home/hiro/rust_ws/src/install/std_srvs/share/std_srvs/rust/src/srv.rs
[7.496s] -- Installing: /home/hiro/rust_ws/src/install/std_srvs/share/std_srvs/rust/src/lib.rs
[7.497s] -- Installing: /home/hiro/rust_ws/src/install/std_srvs/share/std_srvs/environment/pythonpath.sh
[7.499s] -- Installing: /home/hiro/rust_ws/src/install/std_srvs/share/std_srvs/environment/pythonpath.dsv
[7.500s] -- Installing: /home/hiro/rust_ws/src/install/std_srvs/local/lib/python3.10/dist-packages/std_srvs-4.2.4-py3.10.egg-info
[7.501s] -- Installing: /home/hiro/rust_ws/src/install/std_srvs/local/lib/python3.10/dist-packages/std_srvs-4.2.4-py3.10.egg-info/top_level.txt
[7.503s] -- Installing: /home/hiro/rust_ws/src/install/std_srvs/local/lib/python3.10/dist-packages/std_srvs-4.2.4-py3.10.egg-info/PKG-INFO
[7.503s] -- Installing: /home/hiro/rust_ws/src/install/std_srvs/local/lib/python3.10/dist-packages/std_srvs-4.2.4-py3.10.egg-info/SOURCES.txt
[7.503s] -- Installing: /home/hiro/rust_ws/src/install/std_srvs/local/lib/python3.10/dist-packages/std_srvs-4.2.4-py3.10.egg-info/dependency_links.txt
[7.503s] -- Installing: /home/hiro/rust_ws/src/install/std_srvs/local/lib/python3.10/dist-packages/std_srvs
[7.504s] -- Installing: /home/hiro/rust_ws/src/install/std_srvs/local/lib/python3.10/dist-packages/std_srvs/std_srvs_s__rosidl_typesupport_fastrtps_c.cpython-310-x86_64-linux-gnu.so
[7.504s] -- Installing: /home/hiro/rust_ws/src/install/std_srvs/local/lib/python3.10/dist-packages/std_srvs/std_srvs_s__rosidl_typesupport_c.cpython-310-x86_64-linux-gnu.so
[7.504s] -- Installing: /home/hiro/rust_ws/src/install/std_srvs/local/lib/python3.10/dist-packages/std_srvs/_std_srvs_s.ep.rosidl_typesupport_c.c
[7.504s] -- Installing: /home/hiro/rust_ws/src/install/std_srvs/local/lib/python3.10/dist-packages/std_srvs/libstd_srvs__rosidl_generator_py.so
[7.504s] -- Installing: /home/hiro/rust_ws/src/install/std_srvs/local/lib/python3.10/dist-packages/std_srvs/_std_srvs_s.ep.rosidl_typesupport_fastrtps_c.c
[7.504s] -- Installing: /home/hiro/rust_ws/src/install/std_srvs/local/lib/python3.10/dist-packages/std_srvs/__init__.py
[7.504s] -- Installing: /home/hiro/rust_ws/src/install/std_srvs/local/lib/python3.10/dist-packages/std_srvs/std_srvs_s__rosidl_typesupport_introspection_c.cpython-310-x86_64-linux-gnu.so
[7.505s] -- Installing: /home/hiro/rust_ws/src/install/std_srvs/local/lib/python3.10/dist-packages/std_srvs/srv
[7.505s] -- Installing: /home/hiro/rust_ws/src/install/std_srvs/local/lib/python3.10/dist-packages/std_srvs/srv/_empty.py
[7.505s] -- Installing: /home/hiro/rust_ws/src/install/std_srvs/local/lib/python3.10/dist-packages/std_srvs/srv/_set_bool_s.c
[7.505s] -- Installing: /home/hiro/rust_ws/src/install/std_srvs/local/lib/python3.10/dist-packages/std_srvs/srv/_trigger_s.c
[7.505s] -- Installing: /home/hiro/rust_ws/src/install/std_srvs/local/lib/python3.10/dist-packages/std_srvs/srv/_trigger.py
[7.505s] -- Installing: /home/hiro/rust_ws/src/install/std_srvs/local/lib/python3.10/dist-packages/std_srvs/srv/_empty_s.c
[7.506s] -- Installing: /home/hiro/rust_ws/src/install/std_srvs/local/lib/python3.10/dist-packages/std_srvs/srv/__init__.py
[7.506s] -- Installing: /home/hiro/rust_ws/src/install/std_srvs/local/lib/python3.10/dist-packages/std_srvs/srv/_set_bool.py
[7.506s] -- Installing: /home/hiro/rust_ws/src/install/std_srvs/local/lib/python3.10/dist-packages/std_srvs/_std_srvs_s.ep.rosidl_typesupport_introspection_c.c
[7.569s] Listing '/home/hiro/rust_ws/src/install/std_srvs/local/lib/python3.10/dist-packages/std_srvs'...
[7.569s] Compiling '/home/hiro/rust_ws/src/install/std_srvs/local/lib/python3.10/dist-packages/std_srvs/__init__.py'...
[7.569s] Listing '/home/hiro/rust_ws/src/install/std_srvs/local/lib/python3.10/dist-packages/std_srvs/srv'...
[7.569s] Compiling '/home/hiro/rust_ws/src/install/std_srvs/local/lib/python3.10/dist-packages/std_srvs/srv/__init__.py'...
[7.569s] Compiling '/home/hiro/rust_ws/src/install/std_srvs/local/lib/python3.10/dist-packages/std_srvs/srv/_empty.py'...
[7.569s] Compiling '/home/hiro/rust_ws/src/install/std_srvs/local/lib/python3.10/dist-packages/std_srvs/srv/_set_bool.py'...
[7.569s] Compiling '/home/hiro/rust_ws/src/install/std_srvs/local/lib/python3.10/dist-packages/std_srvs/srv/_trigger.py'...
[7.591s] -- Installing: /home/hiro/rust_ws/src/install/std_srvs/local/lib/python3.10/dist-packages/std_srvs/std_srvs_s__rosidl_typesupport_fastrtps_c.cpython-310-x86_64-linux-gnu.so
[7.591s] -- Set runtime path of "/home/hiro/rust_ws/src/install/std_srvs/local/lib/python3.10/dist-packages/std_srvs/std_srvs_s__rosidl_typesupport_fastrtps_c.cpython-310-x86_64-linux-gnu.so" to ""
[7.591s] -- Installing: /home/hiro/rust_ws/src/install/std_srvs/local/lib/python3.10/dist-packages/std_srvs/std_srvs_s__rosidl_typesupport_introspection_c.cpython-310-x86_64-linux-gnu.so
[7.591s] -- Set runtime path of "/home/hiro/rust_ws/src/install/std_srvs/local/lib/python3.10/dist-packages/std_srvs/std_srvs_s__rosidl_typesupport_introspection_c.cpython-310-x86_64-linux-gnu.so" to ""
[7.592s] -- Installing: /home/hiro/rust_ws/src/install/std_srvs/local/lib/python3.10/dist-packages/std_srvs/std_srvs_s__rosidl_typesupport_c.cpython-310-x86_64-linux-gnu.so
[7.592s] -- Set runtime path of "/home/hiro/rust_ws/src/install/std_srvs/local/lib/python3.10/dist-packages/std_srvs/std_srvs_s__rosidl_typesupport_c.cpython-310-x86_64-linux-gnu.so" to ""
[7.592s] -- Installing: /home/hiro/rust_ws/src/install/std_srvs/lib/libstd_srvs__rosidl_generator_py.so
[7.592s] -- Set runtime path of "/home/hiro/rust_ws/src/install/std_srvs/lib/libstd_srvs__rosidl_generator_py.so" to ""
[7.592s] -- Installing: /home/hiro/rust_ws/src/install/std_srvs/share/std_srvs/srv/Empty.idl
[7.592s] -- Installing: /home/hiro/rust_ws/src/install/std_srvs/share/std_srvs/srv/SetBool.idl
[7.592s] -- Installing: /home/hiro/rust_ws/src/install/std_srvs/share/std_srvs/srv/Trigger.idl
[7.592s] -- Installing: /home/hiro/rust_ws/src/install/std_srvs/share/std_srvs/srv/Empty.srv
[7.592s] -- Installing: /home/hiro/rust_ws/src/install/std_srvs/share/std_srvs/srv/Empty_Request.msg
[7.592s] -- Installing: /home/hiro/rust_ws/src/install/std_srvs/share/std_srvs/srv/Empty_Response.msg
[7.592s] -- Installing: /home/hiro/rust_ws/src/install/std_srvs/share/std_srvs/srv/SetBool.srv
[7.592s] -- Installing: /home/hiro/rust_ws/src/install/std_srvs/share/std_srvs/srv/SetBool_Request.msg
[7.592s] -- Installing: /home/hiro/rust_ws/src/install/std_srvs/share/std_srvs/srv/SetBool_Response.msg
[7.592s] -- Installing: /home/hiro/rust_ws/src/install/std_srvs/share/std_srvs/srv/Trigger.srv
[7.592s] -- Installing: /home/hiro/rust_ws/src/install/std_srvs/share/std_srvs/srv/Trigger_Request.msg
[7.593s] -- Installing: /home/hiro/rust_ws/src/install/std_srvs/share/std_srvs/srv/Trigger_Response.msg
[7.593s] -- Installing: /home/hiro/rust_ws/src/install/std_srvs/share/ament_index/resource_index/package_run_dependencies/std_srvs
[7.593s] -- Installing: /home/hiro/rust_ws/src/install/std_srvs/share/ament_index/resource_index/parent_prefix_path/std_srvs
[7.593s] -- Installing: /home/hiro/rust_ws/src/install/std_srvs/share/std_srvs/environment/ament_prefix_path.sh
[7.593s] -- Installing: /home/hiro/rust_ws/src/install/std_srvs/share/std_srvs/environment/ament_prefix_path.dsv
[7.593s] -- Installing: /home/hiro/rust_ws/src/install/std_srvs/share/std_srvs/environment/path.sh
[7.593s] -- Installing: /home/hiro/rust_ws/src/install/std_srvs/share/std_srvs/environment/path.dsv
[7.593s] -- Installing: /home/hiro/rust_ws/src/install/std_srvs/share/std_srvs/local_setup.bash
[7.593s] -- Installing: /home/hiro/rust_ws/src/install/std_srvs/share/std_srvs/local_setup.sh
[7.593s] -- Installing: /home/hiro/rust_ws/src/install/std_srvs/share/std_srvs/local_setup.zsh
[7.593s] -- Installing: /home/hiro/rust_ws/src/install/std_srvs/share/std_srvs/local_setup.dsv
[7.594s] -- Installing: /home/hiro/rust_ws/src/install/std_srvs/share/std_srvs/package.dsv
[7.594s] -- Installing: /home/hiro/rust_ws/src/install/std_srvs/share/ament_index/resource_index/packages/std_srvs
[7.594s] -- Installing: /home/hiro/rust_ws/src/install/std_srvs/share/std_srvs/cmake/export_std_srvs__rosidl_generator_cExport.cmake
[7.594s] -- Installing: /home/hiro/rust_ws/src/install/std_srvs/share/std_srvs/cmake/export_std_srvs__rosidl_generator_cExport-noconfig.cmake
[7.594s] -- Installing: /home/hiro/rust_ws/src/install/std_srvs/share/std_srvs/cmake/export_std_srvs__rosidl_typesupport_fastrtps_cExport.cmake
[7.594s] -- Installing: /home/hiro/rust_ws/src/install/std_srvs/share/std_srvs/cmake/export_std_srvs__rosidl_typesupport_fastrtps_cExport-noconfig.cmake
[7.594s] -- Installing: /home/hiro/rust_ws/src/install/std_srvs/share/std_srvs/cmake/std_srvs__rosidl_typesupport_introspection_cExport.cmake
[7.594s] -- Installing: /home/hiro/rust_ws/src/install/std_srvs/share/std_srvs/cmake/std_srvs__rosidl_typesupport_introspection_cExport-noconfig.cmake
[7.594s] -- Installing: /home/hiro/rust_ws/src/install/std_srvs/share/std_srvs/cmake/std_srvs__rosidl_typesupport_cExport.cmake
[7.594s] -- Installing: /home/hiro/rust_ws/src/install/std_srvs/share/std_srvs/cmake/std_srvs__rosidl_typesupport_cExport-noconfig.cmake
[7.595s] -- Installing: /home/hiro/rust_ws/src/install/std_srvs/share/std_srvs/cmake/export_std_srvs__rosidl_generator_cppExport.cmake
[7.595s] -- Installing: /home/hiro/rust_ws/src/install/std_srvs/share/std_srvs/cmake/export_std_srvs__rosidl_typesupport_fastrtps_cppExport.cmake
[7.595s] -- Installing: /home/hiro/rust_ws/src/install/std_srvs/share/std_srvs/cmake/export_std_srvs__rosidl_typesupport_fastrtps_cppExport-noconfig.cmake
[7.595s] -- Installing: /home/hiro/rust_ws/src/install/std_srvs/share/std_srvs/cmake/std_srvs__rosidl_typesupport_introspection_cppExport.cmake
[7.595s] -- Installing: /home/hiro/rust_ws/src/install/std_srvs/share/std_srvs/cmake/std_srvs__rosidl_typesupport_introspection_cppExport-noconfig.cmake
[7.595s] -- Installing: /home/hiro/rust_ws/src/install/std_srvs/share/std_srvs/cmake/std_srvs__rosidl_typesupport_cppExport.cmake
[7.596s] -- Installing: /home/hiro/rust_ws/src/install/std_srvs/share/std_srvs/cmake/std_srvs__rosidl_typesupport_cppExport-noconfig.cmake
[7.596s] -- Installing: /home/hiro/rust_ws/src/install/std_srvs/share/std_srvs/cmake/export_std_srvs__rosidl_generator_pyExport.cmake
[7.596s] -- Installing: /home/hiro/rust_ws/src/install/std_srvs/share/std_srvs/cmake/export_std_srvs__rosidl_generator_pyExport-noconfig.cmake
[7.596s] -- Installing: /home/hiro/rust_ws/src/install/std_srvs/share/std_srvs/cmake/rosidl_cmake-extras.cmake
[7.599s] -- Installing: /home/hiro/rust_ws/src/install/std_srvs/share/std_srvs/cmake/ament_cmake_export_include_directories-extras.cmake
[7.599s] -- Installing: /home/hiro/rust_ws/src/install/std_srvs/share/std_srvs/cmake/ament_cmake_export_libraries-extras.cmake
[7.599s] -- Installing: /home/hiro/rust_ws/src/install/std_srvs/share/std_srvs/cmake/ament_cmake_export_targets-extras.cmake
[7.599s] -- Installing: /home/hiro/rust_ws/src/install/std_srvs/share/std_srvs/cmake/rosidl_cmake_export_typesupport_targets-extras.cmake
[7.599s] -- Installing: /home/hiro/rust_ws/src/install/std_srvs/share/std_srvs/cmake/ament_cmake_export_dependencies-extras.cmake
[7.599s] -- Installing: /home/hiro/rust_ws/src/install/std_srvs/share/std_srvs/cmake/rosidl_cmake_export_typesupport_libraries-extras.cmake
[7.599s] -- Installing: /home/hiro/rust_ws/src/install/std_srvs/share/std_srvs/cmake/std_srvsConfig.cmake
[7.600s] -- Installing: /home/hiro/rust_ws/src/install/std_srvs/share/std_srvs/cmake/std_srvsConfig-version.cmake
[7.600s] -- Installing: /home/hiro/rust_ws/src/install/std_srvs/share/std_srvs/package.xml
[7.612s] Invoked command in '/home/hiro/rust_ws/src/build/std_srvs' returned '0': AMENT_PREFIX_PATH=/home/hiro/rust_ws/src/install/rosidl_default_runtime:/home/hiro/rust_ws/src/install/rosidl_default_generators:/home/hiro/rust_ws/src/install/rosidl_generator_rs:/home/hiro/rust_ws/src/install/rosidl_runtime_rs:${AMENT_PREFIX_PATH} CMAKE_PREFIX_PATH=/home/hiro/rust_ws/src/install/rosidl_default_runtime:/home/hiro/rust_ws/src/install/rosidl_default_generators:/home/hiro/rust_ws/src/install/rosidl_generator_rs:/home/hiro/ws_livox/install/livox_ros_driver2:/opt/ros/humble PYTHONPATH=/home/hiro/rust_ws/src/install/rosidl_generator_rs/local/lib/python3.10/dist-packages:${PYTHONPATH} /usr/bin/cmake --install /home/hiro/rust_ws/src/build/std_srvs
