[0.348s] Invoking command in '/home/hiro/rust_ws/src/build/actionlib_msgs': AMENT_PREFIX_PATH=/home/hiro/rust_ws/src/install/std_msgs:/home/hiro/rust_ws/src/install/builtin_interfaces:/home/hiro/rust_ws/src/install/rosidl_default_runtime:/home/hiro/rust_ws/src/install/rosidl_default_generators:/home/hiro/rust_ws/src/install/rosidl_generator_rs:/home/hiro/rust_ws/src/install/rosidl_runtime_rs:${AMENT_PREFIX_PATH} CMAKE_PREFIX_PATH=/home/hiro/rust_ws/src/install/std_msgs:/home/hiro/rust_ws/src/install/builtin_interfaces:/home/hiro/rust_ws/src/install/rosidl_default_runtime:/home/hiro/rust_ws/src/install/rosidl_default_generators:/home/hiro/rust_ws/src/install/rosidl_generator_rs:/home/hiro/ws_livox/install/livox_ros_driver2:/opt/ros/humble LD_LIBRARY_PATH=/home/hiro/rust_ws/src/install/std_msgs/lib:/home/hiro/rust_ws/src/install/builtin_interfaces/lib:${LD_LIBRARY_PATH} PYTHONPATH=/home/hiro/rust_ws/src/install/std_msgs/local/lib/python3.10/dist-packages:/home/hiro/rust_ws/src/install/builtin_interfaces/local/lib/python3.10/dist-packages:/home/hiro/rust_ws/src/install/rosidl_generator_rs/local/lib/python3.10/dist-packages:${PYTHONPATH} /usr/bin/cmake --build /home/hiro/rust_ws/src/build/actionlib_msgs -- -j22 -l22
[0.384s] [35m[1mConsolidate compiler generated dependencies of target actionlib_msgs__rosidl_generator_c[0m
[0.392s] [  2%] Built target actionlib_msgs__rs
[0.395s] [  4%] Built target actionlib_msgs__cpp
[0.428s] [ 14%] Built target actionlib_msgs__rosidl_generator_c
[0.450s] [ 14%] Built target ament_cmake_python_copy_actionlib_msgs
[0.465s] [35m[1mConsolidate compiler generated dependencies of target actionlib_msgs__rosidl_typesupport_fastrtps_cpp[0m
[0.475s] [35m[1mConsolidate compiler generated dependencies of target actionlib_msgs__rosidl_typesupport_introspection_cpp[0m
[0.484s] [35m[1mConsolidate compiler generated dependencies of target actionlib_msgs__rosidl_typesupport_cpp[0m
[0.484s] [35m[1mConsolidate compiler generated dependencies of target actionlib_msgs__rosidl_typesupport_introspection_c[0m
[0.484s] [35m[1mConsolidate compiler generated dependencies of target actionlib_msgs__rosidl_typesupport_fastrtps_c[0m
[0.486s] [35m[1mConsolidate compiler generated dependencies of target actionlib_msgs__rosidl_typesupport_c[0m
[0.524s] [ 35%] Built target actionlib_msgs__rosidl_typesupport_c
[0.525s] [ 35%] Built target actionlib_msgs__rosidl_typesupport_introspection_c
[0.525s] [ 56%] Built target actionlib_msgs__rosidl_typesupport_fastrtps_cpp
[0.525s] [ 56%] Built target actionlib_msgs__rosidl_typesupport_introspection_cpp
[0.526s] [ 66%] Built target actionlib_msgs__rosidl_typesupport_fastrtps_c
[0.526s] [ 77%] Built target actionlib_msgs__rosidl_typesupport_cpp
[0.528s] [ 77%] Built target actionlib_msgs
[0.565s] [ 79%] Built target actionlib_msgs__py
[0.569s] [35m[1mConsolidate compiler generated dependencies of target actionlib_msgs__rosidl_generator_py[0m
[0.598s] [ 87%] Built target actionlib_msgs__rosidl_generator_py
[0.598s] [35m[1mConsolidate compiler generated dependencies of target actionlib_msgs__rosidl_typesupport_fastrtps_c__pyext[0m
[0.599s] [35m[1mConsolidate compiler generated dependencies of target actionlib_msgs__rosidl_typesupport_introspection_c__pyext[0m
[0.599s] [35m[1mConsolidate compiler generated dependencies of target actionlib_msgs__rosidl_typesupport_c__pyext[0m
[0.604s] [ 91%] Built target actionlib_msgs__rosidl_typesupport_fastrtps_c__pyext
[0.606s] [ 95%] Built target actionlib_msgs__rosidl_typesupport_introspection_c__pyext
[0.610s] [100%] Built target actionlib_msgs__rosidl_typesupport_c__pyext
[0.841s] running egg_info
[0.842s] writing actionlib_msgs.egg-info/PKG-INFO
[0.842s] writing dependency_links to actionlib_msgs.egg-info/dependency_links.txt
[0.842s] writing top-level names to actionlib_msgs.egg-info/top_level.txt
[0.859s] reading manifest file 'actionlib_msgs.egg-info/SOURCES.txt'
[0.860s] writing manifest file 'actionlib_msgs.egg-info/SOURCES.txt'
[0.907s] [100%] Built target ament_cmake_python_build_actionlib_msgs_egg
[0.919s] Invoked command in '/home/hiro/rust_ws/src/build/actionlib_msgs' returned '0': AMENT_PREFIX_PATH=/home/hiro/rust_ws/src/install/std_msgs:/home/hiro/rust_ws/src/install/builtin_interfaces:/home/hiro/rust_ws/src/install/rosidl_default_runtime:/home/hiro/rust_ws/src/install/rosidl_default_generators:/home/hiro/rust_ws/src/install/rosidl_generator_rs:/home/hiro/rust_ws/src/install/rosidl_runtime_rs:${AMENT_PREFIX_PATH} CMAKE_PREFIX_PATH=/home/hiro/rust_ws/src/install/std_msgs:/home/hiro/rust_ws/src/install/builtin_interfaces:/home/hiro/rust_ws/src/install/rosidl_default_runtime:/home/hiro/rust_ws/src/install/rosidl_default_generators:/home/hiro/rust_ws/src/install/rosidl_generator_rs:/home/hiro/ws_livox/install/livox_ros_driver2:/opt/ros/humble LD_LIBRARY_PATH=/home/hiro/rust_ws/src/install/std_msgs/lib:/home/hiro/rust_ws/src/install/builtin_interfaces/lib:${LD_LIBRARY_PATH} PYTHONPATH=/home/hiro/rust_ws/src/install/std_msgs/local/lib/python3.10/dist-packages:/home/hiro/rust_ws/src/install/builtin_interfaces/local/lib/python3.10/dist-packages:/home/hiro/rust_ws/src/install/rosidl_generator_rs/local/lib/python3.10/dist-packages:${PYTHONPATH} /usr/bin/cmake --build /home/hiro/rust_ws/src/build/actionlib_msgs -- -j22 -l22
[0.991s] Invoking command in '/home/hiro/rust_ws/src/build/actionlib_msgs': AMENT_PREFIX_PATH=/home/hiro/rust_ws/src/install/std_msgs:/home/hiro/rust_ws/src/install/builtin_interfaces:/home/hiro/rust_ws/src/install/rosidl_default_runtime:/home/hiro/rust_ws/src/install/rosidl_default_generators:/home/hiro/rust_ws/src/install/rosidl_generator_rs:/home/hiro/rust_ws/src/install/rosidl_runtime_rs:${AMENT_PREFIX_PATH} CMAKE_PREFIX_PATH=/home/hiro/rust_ws/src/install/std_msgs:/home/hiro/rust_ws/src/install/builtin_interfaces:/home/hiro/rust_ws/src/install/rosidl_default_runtime:/home/hiro/rust_ws/src/install/rosidl_default_generators:/home/hiro/rust_ws/src/install/rosidl_generator_rs:/home/hiro/ws_livox/install/livox_ros_driver2:/opt/ros/humble LD_LIBRARY_PATH=/home/hiro/rust_ws/src/install/std_msgs/lib:/home/hiro/rust_ws/src/install/builtin_interfaces/lib:${LD_LIBRARY_PATH} PYTHONPATH=/home/hiro/rust_ws/src/install/std_msgs/local/lib/python3.10/dist-packages:/home/hiro/rust_ws/src/install/builtin_interfaces/local/lib/python3.10/dist-packages:/home/hiro/rust_ws/src/install/rosidl_generator_rs/local/lib/python3.10/dist-packages:${PYTHONPATH} /usr/bin/cmake --install /home/hiro/rust_ws/src/build/actionlib_msgs
[0.999s] -- Install configuration: ""
[0.999s] -- Up-to-date: /home/hiro/rust_ws/src/install/actionlib_msgs/share/ament_index/resource_index/rosidl_interfaces/actionlib_msgs
[0.999s] -- Up-to-date: /home/hiro/rust_ws/src/install/actionlib_msgs/include/actionlib_msgs/actionlib_msgs
[0.999s] -- Up-to-date: /home/hiro/rust_ws/src/install/actionlib_msgs/include/actionlib_msgs/actionlib_msgs/msg
[1.000s] -- Up-to-date: /home/hiro/rust_ws/src/install/actionlib_msgs/include/actionlib_msgs/actionlib_msgs/msg/goal_id.h
[1.001s] -- Up-to-date: /home/hiro/rust_ws/src/install/actionlib_msgs/include/actionlib_msgs/actionlib_msgs/msg/rosidl_generator_c__visibility_control.h
[1.001s] -- Up-to-date: /home/hiro/rust_ws/src/install/actionlib_msgs/include/actionlib_msgs/actionlib_msgs/msg/detail
[1.002s] -- Up-to-date: /home/hiro/rust_ws/src/install/actionlib_msgs/include/actionlib_msgs/actionlib_msgs/msg/detail/goal_status_array__functions.c
[1.002s] -- Up-to-date: /home/hiro/rust_ws/src/install/actionlib_msgs/include/actionlib_msgs/actionlib_msgs/msg/detail/goal_id__struct.h
[1.003s] -- Up-to-date: /home/hiro/rust_ws/src/install/actionlib_msgs/include/actionlib_msgs/actionlib_msgs/msg/detail/goal_status__struct.h
[1.003s] -- Up-to-date: /home/hiro/rust_ws/src/install/actionlib_msgs/include/actionlib_msgs/actionlib_msgs/msg/detail/goal_status__type_support.h
[1.003s] -- Up-to-date: /home/hiro/rust_ws/src/install/actionlib_msgs/include/actionlib_msgs/actionlib_msgs/msg/detail/goal_status__functions.h
[1.004s] -- Up-to-date: /home/hiro/rust_ws/src/install/actionlib_msgs/include/actionlib_msgs/actionlib_msgs/msg/detail/goal_status_array__type_support.h
[1.005s] -- Up-to-date: /home/hiro/rust_ws/src/install/actionlib_msgs/include/actionlib_msgs/actionlib_msgs/msg/detail/goal_status_array__struct.h
[1.005s] -- Up-to-date: /home/hiro/rust_ws/src/install/actionlib_msgs/include/actionlib_msgs/actionlib_msgs/msg/detail/goal_status__functions.c
[1.006s] -- Up-to-date: /home/hiro/rust_ws/src/install/actionlib_msgs/include/actionlib_msgs/actionlib_msgs/msg/detail/goal_status_array__functions.h
[1.006s] -- Up-to-date: /home/hiro/rust_ws/src/install/actionlib_msgs/include/actionlib_msgs/actionlib_msgs/msg/detail/goal_id__type_support.h
[1.006s] -- Up-to-date: /home/hiro/rust_ws/src/install/actionlib_msgs/include/actionlib_msgs/actionlib_msgs/msg/detail/goal_id__functions.c
[1.006s] -- Up-to-date: /home/hiro/rust_ws/src/install/actionlib_msgs/include/actionlib_msgs/actionlib_msgs/msg/detail/goal_id__functions.h
[1.006s] -- Up-to-date: /home/hiro/rust_ws/src/install/actionlib_msgs/include/actionlib_msgs/actionlib_msgs/msg/goal_status_array.h
[1.006s] -- Up-to-date: /home/hiro/rust_ws/src/install/actionlib_msgs/include/actionlib_msgs/actionlib_msgs/msg/goal_status.h
[1.006s] -- Up-to-date: /home/hiro/rust_ws/src/install/actionlib_msgs/share/actionlib_msgs/environment/library_path.sh
[1.006s] -- Up-to-date: /home/hiro/rust_ws/src/install/actionlib_msgs/share/actionlib_msgs/environment/library_path.dsv
[1.006s] -- Up-to-date: /home/hiro/rust_ws/src/install/actionlib_msgs/lib/libactionlib_msgs__rosidl_generator_c.so
[1.006s] -- Up-to-date: /home/hiro/rust_ws/src/install/actionlib_msgs/include/actionlib_msgs/actionlib_msgs
[1.006s] -- Up-to-date: /home/hiro/rust_ws/src/install/actionlib_msgs/include/actionlib_msgs/actionlib_msgs/msg
[1.006s] -- Up-to-date: /home/hiro/rust_ws/src/install/actionlib_msgs/include/actionlib_msgs/actionlib_msgs/msg/detail
[1.006s] -- Up-to-date: /home/hiro/rust_ws/src/install/actionlib_msgs/include/actionlib_msgs/actionlib_msgs/msg/detail/goal_status__rosidl_typesupport_fastrtps_c.h
[1.006s] -- Up-to-date: /home/hiro/rust_ws/src/install/actionlib_msgs/include/actionlib_msgs/actionlib_msgs/msg/detail/goal_id__rosidl_typesupport_fastrtps_c.h
[1.007s] -- Up-to-date: /home/hiro/rust_ws/src/install/actionlib_msgs/include/actionlib_msgs/actionlib_msgs/msg/detail/goal_status_array__rosidl_typesupport_fastrtps_c.h
[1.007s] -- Up-to-date: /home/hiro/rust_ws/src/install/actionlib_msgs/include/actionlib_msgs/actionlib_msgs/msg/rosidl_typesupport_fastrtps_c__visibility_control.h
[1.007s] -- Up-to-date: /home/hiro/rust_ws/src/install/actionlib_msgs/lib/libactionlib_msgs__rosidl_typesupport_fastrtps_c.so
[1.008s] -- Up-to-date: /home/hiro/rust_ws/src/install/actionlib_msgs/include/actionlib_msgs/actionlib_msgs
[1.008s] -- Up-to-date: /home/hiro/rust_ws/src/install/actionlib_msgs/include/actionlib_msgs/actionlib_msgs/msg
[1.008s] -- Up-to-date: /home/hiro/rust_ws/src/install/actionlib_msgs/include/actionlib_msgs/actionlib_msgs/msg/goal_status.hpp
[1.008s] -- Up-to-date: /home/hiro/rust_ws/src/install/actionlib_msgs/include/actionlib_msgs/actionlib_msgs/msg/goal_id.hpp
[1.008s] -- Up-to-date: /home/hiro/rust_ws/src/install/actionlib_msgs/include/actionlib_msgs/actionlib_msgs/msg/detail
[1.009s] -- Up-to-date: /home/hiro/rust_ws/src/install/actionlib_msgs/include/actionlib_msgs/actionlib_msgs/msg/detail/goal_id__builder.hpp
[1.009s] -- Up-to-date: /home/hiro/rust_ws/src/install/actionlib_msgs/include/actionlib_msgs/actionlib_msgs/msg/detail/goal_status__traits.hpp
[1.009s] -- Up-to-date: /home/hiro/rust_ws/src/install/actionlib_msgs/include/actionlib_msgs/actionlib_msgs/msg/detail/goal_status__struct.hpp
[1.009s] -- Up-to-date: /home/hiro/rust_ws/src/install/actionlib_msgs/include/actionlib_msgs/actionlib_msgs/msg/detail/goal_status__builder.hpp
[1.009s] -- Up-to-date: /home/hiro/rust_ws/src/install/actionlib_msgs/include/actionlib_msgs/actionlib_msgs/msg/detail/goal_id__traits.hpp
[1.009s] -- Up-to-date: /home/hiro/rust_ws/src/install/actionlib_msgs/include/actionlib_msgs/actionlib_msgs/msg/detail/goal_status_array__struct.hpp
[1.009s] -- Up-to-date: /home/hiro/rust_ws/src/install/actionlib_msgs/include/actionlib_msgs/actionlib_msgs/msg/detail/goal_id__struct.hpp
[1.009s] -- Up-to-date: /home/hiro/rust_ws/src/install/actionlib_msgs/include/actionlib_msgs/actionlib_msgs/msg/detail/goal_status_array__builder.hpp
[1.009s] -- Up-to-date: /home/hiro/rust_ws/src/install/actionlib_msgs/include/actionlib_msgs/actionlib_msgs/msg/detail/goal_status_array__traits.hpp
[1.009s] -- Up-to-date: /home/hiro/rust_ws/src/install/actionlib_msgs/include/actionlib_msgs/actionlib_msgs/msg/goal_status_array.hpp
[1.010s] -- Up-to-date: /home/hiro/rust_ws/src/install/actionlib_msgs/include/actionlib_msgs/actionlib_msgs
[1.010s] -- Up-to-date: /home/hiro/rust_ws/src/install/actionlib_msgs/include/actionlib_msgs/actionlib_msgs/msg
[1.010s] -- Up-to-date: /home/hiro/rust_ws/src/install/actionlib_msgs/include/actionlib_msgs/actionlib_msgs/msg/rosidl_typesupport_fastrtps_cpp__visibility_control.h
[1.010s] -- Up-to-date: /home/hiro/rust_ws/src/install/actionlib_msgs/include/actionlib_msgs/actionlib_msgs/msg/detail
[1.010s] -- Up-to-date: /home/hiro/rust_ws/src/install/actionlib_msgs/include/actionlib_msgs/actionlib_msgs/msg/detail/goal_status__rosidl_typesupport_fastrtps_cpp.hpp
[1.010s] -- Up-to-date: /home/hiro/rust_ws/src/install/actionlib_msgs/include/actionlib_msgs/actionlib_msgs/msg/detail/dds_fastrtps
[1.011s] -- Up-to-date: /home/hiro/rust_ws/src/install/actionlib_msgs/include/actionlib_msgs/actionlib_msgs/msg/detail/goal_status_array__rosidl_typesupport_fastrtps_cpp.hpp
[1.011s] -- Up-to-date: /home/hiro/rust_ws/src/install/actionlib_msgs/include/actionlib_msgs/actionlib_msgs/msg/detail/goal_id__rosidl_typesupport_fastrtps_cpp.hpp
[1.011s] -- Up-to-date: /home/hiro/rust_ws/src/install/actionlib_msgs/lib/libactionlib_msgs__rosidl_typesupport_fastrtps_cpp.so
[1.011s] -- Up-to-date: /home/hiro/rust_ws/src/install/actionlib_msgs/include/actionlib_msgs/actionlib_msgs
[1.011s] -- Up-to-date: /home/hiro/rust_ws/src/install/actionlib_msgs/include/actionlib_msgs/actionlib_msgs/msg
[1.011s] -- Up-to-date: /home/hiro/rust_ws/src/install/actionlib_msgs/include/actionlib_msgs/actionlib_msgs/msg/rosidl_typesupport_introspection_c__visibility_control.h
[1.011s] -- Up-to-date: /home/hiro/rust_ws/src/install/actionlib_msgs/include/actionlib_msgs/actionlib_msgs/msg/detail
[1.011s] -- Up-to-date: /home/hiro/rust_ws/src/install/actionlib_msgs/include/actionlib_msgs/actionlib_msgs/msg/detail/goal_id__type_support.c
[1.012s] -- Up-to-date: /home/hiro/rust_ws/src/install/actionlib_msgs/include/actionlib_msgs/actionlib_msgs/msg/detail/goal_status_array__type_support.c
[1.012s] -- Up-to-date: /home/hiro/rust_ws/src/install/actionlib_msgs/include/actionlib_msgs/actionlib_msgs/msg/detail/goal_id__rosidl_typesupport_introspection_c.h
[1.012s] -- Up-to-date: /home/hiro/rust_ws/src/install/actionlib_msgs/include/actionlib_msgs/actionlib_msgs/msg/detail/goal_status__type_support.c
[1.012s] -- Up-to-date: /home/hiro/rust_ws/src/install/actionlib_msgs/include/actionlib_msgs/actionlib_msgs/msg/detail/goal_status__rosidl_typesupport_introspection_c.h
[1.012s] -- Up-to-date: /home/hiro/rust_ws/src/install/actionlib_msgs/include/actionlib_msgs/actionlib_msgs/msg/detail/goal_status_array__rosidl_typesupport_introspection_c.h
[1.012s] -- Up-to-date: /home/hiro/rust_ws/src/install/actionlib_msgs/lib/libactionlib_msgs__rosidl_typesupport_introspection_c.so
[1.012s] -- Up-to-date: /home/hiro/rust_ws/src/install/actionlib_msgs/lib/libactionlib_msgs__rosidl_typesupport_c.so
[1.012s] -- Up-to-date: /home/hiro/rust_ws/src/install/actionlib_msgs/include/actionlib_msgs/actionlib_msgs
[1.012s] -- Up-to-date: /home/hiro/rust_ws/src/install/actionlib_msgs/include/actionlib_msgs/actionlib_msgs/msg
[1.013s] -- Up-to-date: /home/hiro/rust_ws/src/install/actionlib_msgs/include/actionlib_msgs/actionlib_msgs/msg/detail
[1.013s] -- Up-to-date: /home/hiro/rust_ws/src/install/actionlib_msgs/include/actionlib_msgs/actionlib_msgs/msg/detail/goal_status__type_support.cpp
[1.013s] -- Up-to-date: /home/hiro/rust_ws/src/install/actionlib_msgs/include/actionlib_msgs/actionlib_msgs/msg/detail/goal_id__rosidl_typesupport_introspection_cpp.hpp
[1.013s] -- Up-to-date: /home/hiro/rust_ws/src/install/actionlib_msgs/include/actionlib_msgs/actionlib_msgs/msg/detail/goal_status__rosidl_typesupport_introspection_cpp.hpp
[1.013s] -- Up-to-date: /home/hiro/rust_ws/src/install/actionlib_msgs/include/actionlib_msgs/actionlib_msgs/msg/detail/goal_id__type_support.cpp
[1.014s] -- Up-to-date: /home/hiro/rust_ws/src/install/actionlib_msgs/include/actionlib_msgs/actionlib_msgs/msg/detail/goal_status_array__type_support.cpp
[1.014s] -- Up-to-date: /home/hiro/rust_ws/src/install/actionlib_msgs/include/actionlib_msgs/actionlib_msgs/msg/detail/goal_status_array__rosidl_typesupport_introspection_cpp.hpp
[1.014s] -- Up-to-date: /home/hiro/rust_ws/src/install/actionlib_msgs/lib/libactionlib_msgs__rosidl_typesupport_introspection_cpp.so
[1.014s] -- Up-to-date: /home/hiro/rust_ws/src/install/actionlib_msgs/lib/libactionlib_msgs__rosidl_typesupport_cpp.so
[1.014s] -- Up-to-date: /home/hiro/rust_ws/src/install/actionlib_msgs/share/ament_index/resource_index/rust_packages/actionlib_msgs
[1.015s] -- Up-to-date: /home/hiro/rust_ws/src/install/actionlib_msgs/share/actionlib_msgs/rust
[1.015s] -- Up-to-date: /home/hiro/rust_ws/src/install/actionlib_msgs/share/actionlib_msgs/rust/Cargo.toml
[1.015s] -- Up-to-date: /home/hiro/rust_ws/src/install/actionlib_msgs/share/actionlib_msgs/rust/build.rs
[1.015s] -- Up-to-date: /home/hiro/rust_ws/src/install/actionlib_msgs/share/actionlib_msgs/rust/src
[1.015s] -- Up-to-date: /home/hiro/rust_ws/src/install/actionlib_msgs/share/actionlib_msgs/rust/src/msg.rs
[1.015s] -- Up-to-date: /home/hiro/rust_ws/src/install/actionlib_msgs/share/actionlib_msgs/rust/src/lib.rs
[1.015s] -- Up-to-date: /home/hiro/rust_ws/src/install/actionlib_msgs/share/actionlib_msgs/environment/pythonpath.sh
[1.015s] -- Up-to-date: /home/hiro/rust_ws/src/install/actionlib_msgs/share/actionlib_msgs/environment/pythonpath.dsv
[1.015s] -- Up-to-date: /home/hiro/rust_ws/src/install/actionlib_msgs/local/lib/python3.10/dist-packages/actionlib_msgs-4.2.4-py3.10.egg-info
[1.016s] -- Installing: /home/hiro/rust_ws/src/install/actionlib_msgs/local/lib/python3.10/dist-packages/actionlib_msgs-4.2.4-py3.10.egg-info/top_level.txt
[1.016s] -- Installing: /home/hiro/rust_ws/src/install/actionlib_msgs/local/lib/python3.10/dist-packages/actionlib_msgs-4.2.4-py3.10.egg-info/PKG-INFO
[1.016s] -- Installing: /home/hiro/rust_ws/src/install/actionlib_msgs/local/lib/python3.10/dist-packages/actionlib_msgs-4.2.4-py3.10.egg-info/SOURCES.txt
[1.016s] -- Installing: /home/hiro/rust_ws/src/install/actionlib_msgs/local/lib/python3.10/dist-packages/actionlib_msgs-4.2.4-py3.10.egg-info/dependency_links.txt
[1.016s] -- Up-to-date: /home/hiro/rust_ws/src/install/actionlib_msgs/local/lib/python3.10/dist-packages/actionlib_msgs
[1.016s] -- Up-to-date: /home/hiro/rust_ws/src/install/actionlib_msgs/local/lib/python3.10/dist-packages/actionlib_msgs/actionlib_msgs_s__rosidl_typesupport_fastrtps_c.cpython-310-x86_64-linux-gnu.so
[1.016s] -- Up-to-date: /home/hiro/rust_ws/src/install/actionlib_msgs/local/lib/python3.10/dist-packages/actionlib_msgs/_actionlib_msgs_s.ep.rosidl_typesupport_introspection_c.c
[1.017s] -- Up-to-date: /home/hiro/rust_ws/src/install/actionlib_msgs/local/lib/python3.10/dist-packages/actionlib_msgs/_actionlib_msgs_s.ep.rosidl_typesupport_c.c
[1.017s] -- Up-to-date: /home/hiro/rust_ws/src/install/actionlib_msgs/local/lib/python3.10/dist-packages/actionlib_msgs/_actionlib_msgs_s.ep.rosidl_typesupport_fastrtps_c.c
[1.017s] -- Up-to-date: /home/hiro/rust_ws/src/install/actionlib_msgs/local/lib/python3.10/dist-packages/actionlib_msgs/actionlib_msgs_s__rosidl_typesupport_introspection_c.cpython-310-x86_64-linux-gnu.so
[1.017s] -- Up-to-date: /home/hiro/rust_ws/src/install/actionlib_msgs/local/lib/python3.10/dist-packages/actionlib_msgs/libactionlib_msgs__rosidl_generator_py.so
[1.017s] -- Up-to-date: /home/hiro/rust_ws/src/install/actionlib_msgs/local/lib/python3.10/dist-packages/actionlib_msgs/__init__.py
[1.017s] -- Up-to-date: /home/hiro/rust_ws/src/install/actionlib_msgs/local/lib/python3.10/dist-packages/actionlib_msgs/msg
[1.018s] -- Up-to-date: /home/hiro/rust_ws/src/install/actionlib_msgs/local/lib/python3.10/dist-packages/actionlib_msgs/msg/_goal_id.py
[1.018s] -- Up-to-date: /home/hiro/rust_ws/src/install/actionlib_msgs/local/lib/python3.10/dist-packages/actionlib_msgs/msg/_goal_status.py
[1.018s] -- Up-to-date: /home/hiro/rust_ws/src/install/actionlib_msgs/local/lib/python3.10/dist-packages/actionlib_msgs/msg/_goal_id_s.c
[1.018s] -- Up-to-date: /home/hiro/rust_ws/src/install/actionlib_msgs/local/lib/python3.10/dist-packages/actionlib_msgs/msg/__init__.py
[1.018s] -- Up-to-date: /home/hiro/rust_ws/src/install/actionlib_msgs/local/lib/python3.10/dist-packages/actionlib_msgs/msg/_goal_status_s.c
[1.018s] -- Up-to-date: /home/hiro/rust_ws/src/install/actionlib_msgs/local/lib/python3.10/dist-packages/actionlib_msgs/msg/_goal_status_array_s.c
[1.018s] -- Up-to-date: /home/hiro/rust_ws/src/install/actionlib_msgs/local/lib/python3.10/dist-packages/actionlib_msgs/msg/_goal_status_array.py
[1.018s] -- Up-to-date: /home/hiro/rust_ws/src/install/actionlib_msgs/local/lib/python3.10/dist-packages/actionlib_msgs/actionlib_msgs_s__rosidl_typesupport_c.cpython-310-x86_64-linux-gnu.so
[1.038s] Listing '/home/hiro/rust_ws/src/install/actionlib_msgs/local/lib/python3.10/dist-packages/actionlib_msgs'...
[1.039s] Listing '/home/hiro/rust_ws/src/install/actionlib_msgs/local/lib/python3.10/dist-packages/actionlib_msgs/msg'...
[1.044s] -- Up-to-date: /home/hiro/rust_ws/src/install/actionlib_msgs/local/lib/python3.10/dist-packages/actionlib_msgs/actionlib_msgs_s__rosidl_typesupport_fastrtps_c.cpython-310-x86_64-linux-gnu.so
[1.044s] -- Up-to-date: /home/hiro/rust_ws/src/install/actionlib_msgs/local/lib/python3.10/dist-packages/actionlib_msgs/actionlib_msgs_s__rosidl_typesupport_introspection_c.cpython-310-x86_64-linux-gnu.so
[1.044s] -- Up-to-date: /home/hiro/rust_ws/src/install/actionlib_msgs/local/lib/python3.10/dist-packages/actionlib_msgs/actionlib_msgs_s__rosidl_typesupport_c.cpython-310-x86_64-linux-gnu.so
[1.046s] -- Up-to-date: /home/hiro/rust_ws/src/install/actionlib_msgs/lib/libactionlib_msgs__rosidl_generator_py.so
[1.047s] -- Up-to-date: /home/hiro/rust_ws/src/install/actionlib_msgs/share/actionlib_msgs/msg/GoalID.idl
[1.047s] -- Up-to-date: /home/hiro/rust_ws/src/install/actionlib_msgs/share/actionlib_msgs/msg/GoalStatus.idl
[1.047s] -- Up-to-date: /home/hiro/rust_ws/src/install/actionlib_msgs/share/actionlib_msgs/msg/GoalStatusArray.idl
[1.047s] -- Up-to-date: /home/hiro/rust_ws/src/install/actionlib_msgs/share/actionlib_msgs/msg/GoalID.msg
[1.047s] -- Up-to-date: /home/hiro/rust_ws/src/install/actionlib_msgs/share/actionlib_msgs/msg/GoalStatus.msg
[1.048s] -- Up-to-date: /home/hiro/rust_ws/src/install/actionlib_msgs/share/actionlib_msgs/msg/GoalStatusArray.msg
[1.048s] -- Up-to-date: /home/hiro/rust_ws/src/install/actionlib_msgs/share/ament_index/resource_index/package_run_dependencies/actionlib_msgs
[1.048s] -- Up-to-date: /home/hiro/rust_ws/src/install/actionlib_msgs/share/ament_index/resource_index/parent_prefix_path/actionlib_msgs
[1.048s] -- Up-to-date: /home/hiro/rust_ws/src/install/actionlib_msgs/share/actionlib_msgs/environment/ament_prefix_path.sh
[1.048s] -- Up-to-date: /home/hiro/rust_ws/src/install/actionlib_msgs/share/actionlib_msgs/environment/ament_prefix_path.dsv
[1.048s] -- Up-to-date: /home/hiro/rust_ws/src/install/actionlib_msgs/share/actionlib_msgs/environment/path.sh
[1.048s] -- Up-to-date: /home/hiro/rust_ws/src/install/actionlib_msgs/share/actionlib_msgs/environment/path.dsv
[1.049s] -- Up-to-date: /home/hiro/rust_ws/src/install/actionlib_msgs/share/actionlib_msgs/local_setup.bash
[1.049s] -- Up-to-date: /home/hiro/rust_ws/src/install/actionlib_msgs/share/actionlib_msgs/local_setup.sh
[1.049s] -- Up-to-date: /home/hiro/rust_ws/src/install/actionlib_msgs/share/actionlib_msgs/local_setup.zsh
[1.049s] -- Up-to-date: /home/hiro/rust_ws/src/install/actionlib_msgs/share/actionlib_msgs/local_setup.dsv
[1.050s] -- Installing: /home/hiro/rust_ws/src/install/actionlib_msgs/share/actionlib_msgs/package.dsv
[1.052s] -- Up-to-date: /home/hiro/rust_ws/src/install/actionlib_msgs/share/ament_index/resource_index/packages/actionlib_msgs
[1.052s] -- Up-to-date: /home/hiro/rust_ws/src/install/actionlib_msgs/share/actionlib_msgs/cmake/export_actionlib_msgs__rosidl_generator_cExport.cmake
[1.052s] -- Up-to-date: /home/hiro/rust_ws/src/install/actionlib_msgs/share/actionlib_msgs/cmake/export_actionlib_msgs__rosidl_generator_cExport-noconfig.cmake
[1.052s] -- Up-to-date: /home/hiro/rust_ws/src/install/actionlib_msgs/share/actionlib_msgs/cmake/export_actionlib_msgs__rosidl_typesupport_fastrtps_cExport.cmake
[1.052s] -- Up-to-date: /home/hiro/rust_ws/src/install/actionlib_msgs/share/actionlib_msgs/cmake/export_actionlib_msgs__rosidl_typesupport_fastrtps_cExport-noconfig.cmake
[1.053s] -- Up-to-date: /home/hiro/rust_ws/src/install/actionlib_msgs/share/actionlib_msgs/cmake/export_actionlib_msgs__rosidl_generator_cppExport.cmake
[1.053s] -- Up-to-date: /home/hiro/rust_ws/src/install/actionlib_msgs/share/actionlib_msgs/cmake/export_actionlib_msgs__rosidl_typesupport_fastrtps_cppExport.cmake
[1.053s] -- Up-to-date: /home/hiro/rust_ws/src/install/actionlib_msgs/share/actionlib_msgs/cmake/export_actionlib_msgs__rosidl_typesupport_fastrtps_cppExport-noconfig.cmake
[1.053s] -- Up-to-date: /home/hiro/rust_ws/src/install/actionlib_msgs/share/actionlib_msgs/cmake/actionlib_msgs__rosidl_typesupport_introspection_cExport.cmake
[1.053s] -- Up-to-date: /home/hiro/rust_ws/src/install/actionlib_msgs/share/actionlib_msgs/cmake/actionlib_msgs__rosidl_typesupport_introspection_cExport-noconfig.cmake
[1.053s] -- Up-to-date: /home/hiro/rust_ws/src/install/actionlib_msgs/share/actionlib_msgs/cmake/actionlib_msgs__rosidl_typesupport_cExport.cmake
[1.054s] -- Up-to-date: /home/hiro/rust_ws/src/install/actionlib_msgs/share/actionlib_msgs/cmake/actionlib_msgs__rosidl_typesupport_cExport-noconfig.cmake
[1.054s] -- Up-to-date: /home/hiro/rust_ws/src/install/actionlib_msgs/share/actionlib_msgs/cmake/actionlib_msgs__rosidl_typesupport_introspection_cppExport.cmake
[1.054s] -- Up-to-date: /home/hiro/rust_ws/src/install/actionlib_msgs/share/actionlib_msgs/cmake/actionlib_msgs__rosidl_typesupport_introspection_cppExport-noconfig.cmake
[1.054s] -- Up-to-date: /home/hiro/rust_ws/src/install/actionlib_msgs/share/actionlib_msgs/cmake/actionlib_msgs__rosidl_typesupport_cppExport.cmake
[1.054s] -- Up-to-date: /home/hiro/rust_ws/src/install/actionlib_msgs/share/actionlib_msgs/cmake/actionlib_msgs__rosidl_typesupport_cppExport-noconfig.cmake
[1.055s] -- Up-to-date: /home/hiro/rust_ws/src/install/actionlib_msgs/share/actionlib_msgs/cmake/export_actionlib_msgs__rosidl_generator_pyExport.cmake
[1.055s] -- Up-to-date: /home/hiro/rust_ws/src/install/actionlib_msgs/share/actionlib_msgs/cmake/export_actionlib_msgs__rosidl_generator_pyExport-noconfig.cmake
[1.055s] -- Up-to-date: /home/hiro/rust_ws/src/install/actionlib_msgs/share/actionlib_msgs/cmake/rosidl_cmake-extras.cmake
[1.055s] -- Up-to-date: /home/hiro/rust_ws/src/install/actionlib_msgs/share/actionlib_msgs/cmake/ament_cmake_export_dependencies-extras.cmake
[1.055s] -- Up-to-date: /home/hiro/rust_ws/src/install/actionlib_msgs/share/actionlib_msgs/cmake/ament_cmake_export_include_directories-extras.cmake
[1.056s] -- Up-to-date: /home/hiro/rust_ws/src/install/actionlib_msgs/share/actionlib_msgs/cmake/ament_cmake_export_libraries-extras.cmake
[1.056s] -- Up-to-date: /home/hiro/rust_ws/src/install/actionlib_msgs/share/actionlib_msgs/cmake/ament_cmake_export_targets-extras.cmake
[1.056s] -- Up-to-date: /home/hiro/rust_ws/src/install/actionlib_msgs/share/actionlib_msgs/cmake/rosidl_cmake_export_typesupport_targets-extras.cmake
[1.056s] -- Up-to-date: /home/hiro/rust_ws/src/install/actionlib_msgs/share/actionlib_msgs/cmake/rosidl_cmake_export_typesupport_libraries-extras.cmake
[1.056s] -- Up-to-date: /home/hiro/rust_ws/src/install/actionlib_msgs/share/actionlib_msgs/cmake/actionlib_msgsConfig.cmake
[1.057s] -- Up-to-date: /home/hiro/rust_ws/src/install/actionlib_msgs/share/actionlib_msgs/cmake/actionlib_msgsConfig-version.cmake
[1.057s] -- Up-to-date: /home/hiro/rust_ws/src/install/actionlib_msgs/share/actionlib_msgs/package.xml
[1.057s] Invoked command in '/home/hiro/rust_ws/src/build/actionlib_msgs' returned '0': AMENT_PREFIX_PATH=/home/hiro/rust_ws/src/install/std_msgs:/home/hiro/rust_ws/src/install/builtin_interfaces:/home/hiro/rust_ws/src/install/rosidl_default_runtime:/home/hiro/rust_ws/src/install/rosidl_default_generators:/home/hiro/rust_ws/src/install/rosidl_generator_rs:/home/hiro/rust_ws/src/install/rosidl_runtime_rs:${AMENT_PREFIX_PATH} CMAKE_PREFIX_PATH=/home/hiro/rust_ws/src/install/std_msgs:/home/hiro/rust_ws/src/install/builtin_interfaces:/home/hiro/rust_ws/src/install/rosidl_default_runtime:/home/hiro/rust_ws/src/install/rosidl_default_generators:/home/hiro/rust_ws/src/install/rosidl_generator_rs:/home/hiro/ws_livox/install/livox_ros_driver2:/opt/ros/humble LD_LIBRARY_PATH=/home/hiro/rust_ws/src/install/std_msgs/lib:/home/hiro/rust_ws/src/install/builtin_interfaces/lib:${LD_LIBRARY_PATH} PYTHONPATH=/home/hiro/rust_ws/src/install/std_msgs/local/lib/python3.10/dist-packages:/home/hiro/rust_ws/src/install/builtin_interfaces/local/lib/python3.10/dist-packages:/home/hiro/rust_ws/src/install/rosidl_generator_rs/local/lib/python3.10/dist-packages:${PYTHONPATH} /usr/bin/cmake --install /home/hiro/rust_ws/src/build/actionlib_msgs
