[0.050s] Invoking command in '/home/hiro/rust_ws/build/rosidl_default_generators': AMENT_PREFIX_PATH=/home/hiro/rust_ws/install/rosidl_generator_rs:/home/hiro/rust_ws/install/rosidl_runtime_rs:${AMENT_PREFIX_PATH} CMAKE_PREFIX_PATH=/home/hiro/rust_ws/install/rosidl_generator_rs:/home/hiro/ws_livox/install/livox_ros_driver2:/opt/ros/humble PYTHONPATH=/home/hiro/rust_ws/install/rosidl_generator_rs/local/lib/python3.10/dist-packages:${PYTHONPATH} /usr/bin/cmake /home/hiro/rust_ws/src/src/ros2/rosidl_defaults/rosidl_default_generators -DCMAKE_INSTALL_PREFIX=/home/hiro/rust_ws/install/rosidl_default_generators
[0.058s] -- Found ament_cmake: 1.3.10 (/opt/ros/humble/share/ament_cmake/cmake)
[0.525s] -- Found Python3: /usr/bin/python3 (found version "3.10.12") found components: Interpreter 
[0.580s] -- Found ament_lint_auto: 0.12.11 (/opt/ros/humble/share/ament_lint_auto/cmake)
[0.630s] -- Added test 'copyright' to check source files copyright and LICENSE
[0.630s] -- Added test 'lint_cmake' to check CMake code style
[0.631s] -- Added test 'xmllint' to check XML markup files
[0.632s] -- Configuring done
[0.634s] -- Generating done
[0.634s] -- Build files have been written to: /home/hiro/rust_ws/build/rosidl_default_generators
[0.637s] Invoked command in '/home/hiro/rust_ws/build/rosidl_default_generators' returned '0': AMENT_PREFIX_PATH=/home/hiro/rust_ws/install/rosidl_generator_rs:/home/hiro/rust_ws/install/rosidl_runtime_rs:${AMENT_PREFIX_PATH} CMAKE_PREFIX_PATH=/home/hiro/rust_ws/install/rosidl_generator_rs:/home/hiro/ws_livox/install/livox_ros_driver2:/opt/ros/humble PYTHONPATH=/home/hiro/rust_ws/install/rosidl_generator_rs/local/lib/python3.10/dist-packages:${PYTHONPATH} /usr/bin/cmake /home/hiro/rust_ws/src/src/ros2/rosidl_defaults/rosidl_default_generators -DCMAKE_INSTALL_PREFIX=/home/hiro/rust_ws/install/rosidl_default_generators
[0.638s] Invoking command in '/home/hiro/rust_ws/build/rosidl_default_generators': AMENT_PREFIX_PATH=/home/hiro/rust_ws/install/rosidl_generator_rs:/home/hiro/rust_ws/install/rosidl_runtime_rs:${AMENT_PREFIX_PATH} CMAKE_PREFIX_PATH=/home/hiro/rust_ws/install/rosidl_generator_rs:/home/hiro/ws_livox/install/livox_ros_driver2:/opt/ros/humble PYTHONPATH=/home/hiro/rust_ws/install/rosidl_generator_rs/local/lib/python3.10/dist-packages:${PYTHONPATH} /usr/bin/cmake --build /home/hiro/rust_ws/build/rosidl_default_generators -- -j22 -l22
[0.659s] Invoked command in '/home/hiro/rust_ws/build/rosidl_default_generators' returned '0': AMENT_PREFIX_PATH=/home/hiro/rust_ws/install/rosidl_generator_rs:/home/hiro/rust_ws/install/rosidl_runtime_rs:${AMENT_PREFIX_PATH} CMAKE_PREFIX_PATH=/home/hiro/rust_ws/install/rosidl_generator_rs:/home/hiro/ws_livox/install/livox_ros_driver2:/opt/ros/humble PYTHONPATH=/home/hiro/rust_ws/install/rosidl_generator_rs/local/lib/python3.10/dist-packages:${PYTHONPATH} /usr/bin/cmake --build /home/hiro/rust_ws/build/rosidl_default_generators -- -j22 -l22
[0.671s] Invoking command in '/home/hiro/rust_ws/build/rosidl_default_generators': AMENT_PREFIX_PATH=/home/hiro/rust_ws/install/rosidl_generator_rs:/home/hiro/rust_ws/install/rosidl_runtime_rs:${AMENT_PREFIX_PATH} CMAKE_PREFIX_PATH=/home/hiro/rust_ws/install/rosidl_generator_rs:/home/hiro/ws_livox/install/livox_ros_driver2:/opt/ros/humble PYTHONPATH=/home/hiro/rust_ws/install/rosidl_generator_rs/local/lib/python3.10/dist-packages:${PYTHONPATH} /usr/bin/cmake --install /home/hiro/rust_ws/build/rosidl_default_generators
[0.675s] -- Install configuration: ""
[0.676s] -- Installing: /home/hiro/rust_ws/install/rosidl_default_generators/share/ament_index/resource_index/package_run_dependencies/rosidl_default_generators
[0.676s] -- Installing: /home/hiro/rust_ws/install/rosidl_default_generators/share/ament_index/resource_index/parent_prefix_path/rosidl_default_generators
[0.676s] -- Installing: /home/hiro/rust_ws/install/rosidl_default_generators/share/rosidl_default_generators/environment/ament_prefix_path.sh
[0.676s] -- Installing: /home/hiro/rust_ws/install/rosidl_default_generators/share/rosidl_default_generators/environment/ament_prefix_path.dsv
[0.676s] -- Installing: /home/hiro/rust_ws/install/rosidl_default_generators/share/rosidl_default_generators/environment/path.sh
[0.676s] -- Installing: /home/hiro/rust_ws/install/rosidl_default_generators/share/rosidl_default_generators/environment/path.dsv
[0.677s] -- Installing: /home/hiro/rust_ws/install/rosidl_default_generators/share/rosidl_default_generators/local_setup.bash
[0.677s] -- Installing: /home/hiro/rust_ws/install/rosidl_default_generators/share/rosidl_default_generators/local_setup.sh
[0.677s] -- Installing: /home/hiro/rust_ws/install/rosidl_default_generators/share/rosidl_default_generators/local_setup.zsh
[0.677s] -- Installing: /home/hiro/rust_ws/install/rosidl_default_generators/share/rosidl_default_generators/local_setup.dsv
[0.677s] -- Installing: /home/hiro/rust_ws/install/rosidl_default_generators/share/rosidl_default_generators/package.dsv
[0.677s] -- Installing: /home/hiro/rust_ws/install/rosidl_default_generators/share/ament_index/resource_index/packages/rosidl_default_generators
[0.677s] -- Installing: /home/hiro/rust_ws/install/rosidl_default_generators/share/rosidl_default_generators/cmake/rosidl_default_generators-extras.cmake
[0.677s] -- Installing: /home/hiro/rust_ws/install/rosidl_default_generators/share/rosidl_default_generators/cmake/ament_cmake_export_dependencies-extras.cmake
[0.677s] -- Installing: /home/hiro/rust_ws/install/rosidl_default_generators/share/rosidl_default_generators/cmake/rosidl_default_generatorsConfig.cmake
[0.678s] -- Installing: /home/hiro/rust_ws/install/rosidl_default_generators/share/rosidl_default_generators/cmake/rosidl_default_generatorsConfig-version.cmake
[0.678s] -- Installing: /home/hiro/rust_ws/install/rosidl_default_generators/share/rosidl_default_generators/package.xml
[0.679s] Invoked command in '/home/hiro/rust_ws/build/rosidl_default_generators' returned '0': AMENT_PREFIX_PATH=/home/hiro/rust_ws/install/rosidl_generator_rs:/home/hiro/rust_ws/install/rosidl_runtime_rs:${AMENT_PREFIX_PATH} CMAKE_PREFIX_PATH=/home/hiro/rust_ws/install/rosidl_generator_rs:/home/hiro/ws_livox/install/livox_ros_driver2:/opt/ros/humble PYTHONPATH=/home/hiro/rust_ws/install/rosidl_generator_rs/local/lib/python3.10/dist-packages:${PYTHONPATH} /usr/bin/cmake --install /home/hiro/rust_ws/build/rosidl_default_generators
