[0.018s] Invoking command in '/home/hiromichi/rost2/build/builtin_interfaces': AMENT_PREFIX_PATH=/home/hiromichi/rost2/install/rosidl_default_runtime:/home/hiromichi/rost2/install/rosidl_default_generators:/home/hiromichi/rost2/install/rosidl_generator_rs:/home/hiromichi/rost2/install/rosidl_runtime_rs:${AMENT_PREFIX_PATH} CMAKE_PREFIX_PATH=/home/hiromichi/rost2/install/rosidl_default_runtime:/home/hiromichi/rost2/install/rosidl_default_generators:/home/hiromichi/rost2/install/rosidl_generator_rs:/opt/ros/humble PYTHONPATH=/home/hiromichi/rost2/install/rosidl_generator_rs/local/lib/python3.10/dist-packages:${PYTHONPATH} /usr/bin/cmake --build /home/hiromichi/rost2/build/builtin_interfaces -- -j20 -l20
[0.058s] [  2%] Built target builtin_interfaces__rs
[0.061s] [  5%] Built target builtin_interfaces__cpp
[0.071s] [  5%] Built target ament_cmake_python_copy_builtin_interfaces
[0.077s] [ 15%] Built target builtin_interfaces__rosidl_generator_c
[0.103s] [ 25%] Built target builtin_interfaces__rosidl_typesupport_cpp
[0.106s] [ 35%] Built target builtin_interfaces__rosidl_typesupport_introspection_cpp
[0.111s] [ 45%] Built target builtin_interfaces__rosidl_typesupport_fastrtps_cpp
[0.120s] [ 65%] Built target builtin_interfaces__rosidl_typesupport_introspection_c
[0.120s] [ 65%] Built target builtin_interfaces__rosidl_typesupport_fastrtps_c
[0.121s] [ 75%] Built target builtin_interfaces__rosidl_typesupport_c
[0.139s] [ 75%] Built target builtin_interfaces
[0.154s] [ 77%] Built target builtin_interfaces__py
[0.174s] [ 85%] Built target builtin_interfaces__rosidl_generator_py
[0.194s] [ 90%] Built target builtin_interfaces__rosidl_typesupport_fastrtps_c__pyext
[0.196s] [ 95%] Built target builtin_interfaces__rosidl_typesupport_introspection_c__pyext
[0.198s] [100%] Built target builtin_interfaces__rosidl_typesupport_c__pyext
[0.284s] running egg_info
[0.285s] writing builtin_interfaces.egg-info/PKG-INFO
[0.285s] writing dependency_links to builtin_interfaces.egg-info/dependency_links.txt
[0.286s] writing top-level names to builtin_interfaces.egg-info/top_level.txt
[0.287s] reading manifest file 'builtin_interfaces.egg-info/SOURCES.txt'
[0.288s] writing manifest file 'builtin_interfaces.egg-info/SOURCES.txt'
[0.310s] [100%] Built target ament_cmake_python_build_builtin_interfaces_egg
[0.318s] Invoked command in '/home/hiromichi/rost2/build/builtin_interfaces' returned '0': AMENT_PREFIX_PATH=/home/hiromichi/rost2/install/rosidl_default_runtime:/home/hiromichi/rost2/install/rosidl_default_generators:/home/hiromichi/rost2/install/rosidl_generator_rs:/home/hiromichi/rost2/install/rosidl_runtime_rs:${AMENT_PREFIX_PATH} CMAKE_PREFIX_PATH=/home/hiromichi/rost2/install/rosidl_default_runtime:/home/hiromichi/rost2/install/rosidl_default_generators:/home/hiromichi/rost2/install/rosidl_generator_rs:/opt/ros/humble PYTHONPATH=/home/hiromichi/rost2/install/rosidl_generator_rs/local/lib/python3.10/dist-packages:${PYTHONPATH} /usr/bin/cmake --build /home/hiromichi/rost2/build/builtin_interfaces -- -j20 -l20
[0.390s] Invoking command in '/home/hiromichi/rost2/build/builtin_interfaces': AMENT_PREFIX_PATH=/home/hiromichi/rost2/install/rosidl_default_runtime:/home/hiromichi/rost2/install/rosidl_default_generators:/home/hiromichi/rost2/install/rosidl_generator_rs:/home/hiromichi/rost2/install/rosidl_runtime_rs:${AMENT_PREFIX_PATH} CMAKE_PREFIX_PATH=/home/hiromichi/rost2/install/rosidl_default_runtime:/home/hiromichi/rost2/install/rosidl_default_generators:/home/hiromichi/rost2/install/rosidl_generator_rs:/opt/ros/humble PYTHONPATH=/home/hiromichi/rost2/install/rosidl_generator_rs/local/lib/python3.10/dist-packages:${PYTHONPATH} /usr/bin/cmake --install /home/hiromichi/rost2/build/builtin_interfaces
[0.396s] -- Install configuration: ""
[0.396s] -- Up-to-date: /home/hiromichi/rost2/install/builtin_interfaces/share/ament_index/resource_index/rosidl_interfaces/builtin_interfaces
[0.396s] -- Up-to-date: /home/hiromichi/rost2/install/builtin_interfaces/include/builtin_interfaces/builtin_interfaces
[0.397s] -- Up-to-date: /home/hiromichi/rost2/install/builtin_interfaces/include/builtin_interfaces/builtin_interfaces/msg
[0.397s] -- Up-to-date: /home/hiromichi/rost2/install/builtin_interfaces/include/builtin_interfaces/builtin_interfaces/msg/duration.h
[0.397s] -- Up-to-date: /home/hiromichi/rost2/install/builtin_interfaces/include/builtin_interfaces/builtin_interfaces/msg/rosidl_generator_c__visibility_control.h
[0.397s] -- Up-to-date: /home/hiromichi/rost2/install/builtin_interfaces/include/builtin_interfaces/builtin_interfaces/msg/detail
[0.397s] -- Up-to-date: /home/hiromichi/rost2/install/builtin_interfaces/include/builtin_interfaces/builtin_interfaces/msg/detail/time__type_support.h
[0.397s] -- Up-to-date: /home/hiromichi/rost2/install/builtin_interfaces/include/builtin_interfaces/builtin_interfaces/msg/detail/time__functions.h
[0.398s] -- Up-to-date: /home/hiromichi/rost2/install/builtin_interfaces/include/builtin_interfaces/builtin_interfaces/msg/detail/time__functions.c
[0.398s] -- Up-to-date: /home/hiromichi/rost2/install/builtin_interfaces/include/builtin_interfaces/builtin_interfaces/msg/detail/duration__type_support.h
[0.398s] -- Up-to-date: /home/hiromichi/rost2/install/builtin_interfaces/include/builtin_interfaces/builtin_interfaces/msg/detail/time__struct.h
[0.398s] -- Up-to-date: /home/hiromichi/rost2/install/builtin_interfaces/include/builtin_interfaces/builtin_interfaces/msg/detail/duration__struct.h
[0.398s] -- Up-to-date: /home/hiromichi/rost2/install/builtin_interfaces/include/builtin_interfaces/builtin_interfaces/msg/detail/duration__functions.h
[0.399s] -- Up-to-date: /home/hiromichi/rost2/install/builtin_interfaces/include/builtin_interfaces/builtin_interfaces/msg/detail/duration__functions.c
[0.399s] -- Up-to-date: /home/hiromichi/rost2/install/builtin_interfaces/include/builtin_interfaces/builtin_interfaces/msg/time.h
[0.399s] -- Up-to-date: /home/hiromichi/rost2/install/builtin_interfaces/share/builtin_interfaces/environment/library_path.sh
[0.399s] -- Up-to-date: /home/hiromichi/rost2/install/builtin_interfaces/share/builtin_interfaces/environment/library_path.dsv
[0.400s] -- Up-to-date: /home/hiromichi/rost2/install/builtin_interfaces/lib/libbuiltin_interfaces__rosidl_generator_c.so
[0.400s] -- Up-to-date: /home/hiromichi/rost2/install/builtin_interfaces/include/builtin_interfaces/builtin_interfaces
[0.401s] -- Up-to-date: /home/hiromichi/rost2/install/builtin_interfaces/include/builtin_interfaces/builtin_interfaces/msg
[0.402s] -- Up-to-date: /home/hiromichi/rost2/install/builtin_interfaces/include/builtin_interfaces/builtin_interfaces/msg/rosidl_typesupport_fastrtps_c__visibility_control.h
[0.402s] -- Up-to-date: /home/hiromichi/rost2/install/builtin_interfaces/include/builtin_interfaces/builtin_interfaces/msg/detail
[0.402s] -- Up-to-date: /home/hiromichi/rost2/install/builtin_interfaces/include/builtin_interfaces/builtin_interfaces/msg/detail/duration__rosidl_typesupport_fastrtps_c.h
[0.404s] -- Up-to-date: /home/hiromichi/rost2/install/builtin_interfaces/include/builtin_interfaces/builtin_interfaces/msg/detail/time__rosidl_typesupport_fastrtps_c.h
[0.405s] -- Up-to-date: /home/hiromichi/rost2/install/builtin_interfaces/lib/libbuiltin_interfaces__rosidl_typesupport_fastrtps_c.so
[0.405s] -- Up-to-date: /home/hiromichi/rost2/install/builtin_interfaces/include/builtin_interfaces/builtin_interfaces
[0.406s] -- Up-to-date: /home/hiromichi/rost2/install/builtin_interfaces/include/builtin_interfaces/builtin_interfaces/msg
[0.406s] -- Up-to-date: /home/hiromichi/rost2/install/builtin_interfaces/include/builtin_interfaces/builtin_interfaces/msg/rosidl_typesupport_introspection_c__visibility_control.h
[0.406s] -- Up-to-date: /home/hiromichi/rost2/install/builtin_interfaces/include/builtin_interfaces/builtin_interfaces/msg/detail
[0.406s] -- Up-to-date: /home/hiromichi/rost2/install/builtin_interfaces/include/builtin_interfaces/builtin_interfaces/msg/detail/duration__rosidl_typesupport_introspection_c.h
[0.406s] -- Up-to-date: /home/hiromichi/rost2/install/builtin_interfaces/include/builtin_interfaces/builtin_interfaces/msg/detail/time__rosidl_typesupport_introspection_c.h
[0.406s] -- Up-to-date: /home/hiromichi/rost2/install/builtin_interfaces/include/builtin_interfaces/builtin_interfaces/msg/detail/time__type_support.c
[0.406s] -- Up-to-date: /home/hiromichi/rost2/install/builtin_interfaces/include/builtin_interfaces/builtin_interfaces/msg/detail/duration__type_support.c
[0.406s] -- Up-to-date: /home/hiromichi/rost2/install/builtin_interfaces/lib/libbuiltin_interfaces__rosidl_typesupport_introspection_c.so
[0.406s] -- Up-to-date: /home/hiromichi/rost2/install/builtin_interfaces/lib/libbuiltin_interfaces__rosidl_typesupport_c.so
[0.407s] -- Up-to-date: /home/hiromichi/rost2/install/builtin_interfaces/include/builtin_interfaces/builtin_interfaces
[0.407s] -- Up-to-date: /home/hiromichi/rost2/install/builtin_interfaces/include/builtin_interfaces/builtin_interfaces/msg
[0.407s] -- Up-to-date: /home/hiromichi/rost2/install/builtin_interfaces/include/builtin_interfaces/builtin_interfaces/msg/duration.hpp
[0.407s] -- Up-to-date: /home/hiromichi/rost2/install/builtin_interfaces/include/builtin_interfaces/builtin_interfaces/msg/time.hpp
[0.407s] -- Up-to-date: /home/hiromichi/rost2/install/builtin_interfaces/include/builtin_interfaces/builtin_interfaces/msg/detail
[0.407s] -- Up-to-date: /home/hiromichi/rost2/install/builtin_interfaces/include/builtin_interfaces/builtin_interfaces/msg/detail/time__builder.hpp
[0.407s] -- Up-to-date: /home/hiromichi/rost2/install/builtin_interfaces/include/builtin_interfaces/builtin_interfaces/msg/detail/duration__traits.hpp
[0.407s] -- Up-to-date: /home/hiromichi/rost2/install/builtin_interfaces/include/builtin_interfaces/builtin_interfaces/msg/detail/duration__struct.hpp
[0.408s] -- Up-to-date: /home/hiromichi/rost2/install/builtin_interfaces/include/builtin_interfaces/builtin_interfaces/msg/detail/duration__builder.hpp
[0.408s] -- Up-to-date: /home/hiromichi/rost2/install/builtin_interfaces/include/builtin_interfaces/builtin_interfaces/msg/detail/time__traits.hpp
[0.408s] -- Up-to-date: /home/hiromichi/rost2/install/builtin_interfaces/include/builtin_interfaces/builtin_interfaces/msg/detail/time__struct.hpp
[0.409s] -- Up-to-date: /home/hiromichi/rost2/install/builtin_interfaces/include/builtin_interfaces/builtin_interfaces
[0.409s] -- Up-to-date: /home/hiromichi/rost2/install/builtin_interfaces/include/builtin_interfaces/builtin_interfaces/msg
[0.409s] -- Up-to-date: /home/hiromichi/rost2/install/builtin_interfaces/include/builtin_interfaces/builtin_interfaces/msg/rosidl_typesupport_fastrtps_cpp__visibility_control.h
[0.409s] -- Up-to-date: /home/hiromichi/rost2/install/builtin_interfaces/include/builtin_interfaces/builtin_interfaces/msg/detail
[0.410s] -- Up-to-date: /home/hiromichi/rost2/install/builtin_interfaces/include/builtin_interfaces/builtin_interfaces/msg/detail/duration__rosidl_typesupport_fastrtps_cpp.hpp
[0.410s] -- Up-to-date: /home/hiromichi/rost2/install/builtin_interfaces/include/builtin_interfaces/builtin_interfaces/msg/detail/dds_fastrtps
[0.411s] -- Up-to-date: /home/hiromichi/rost2/install/builtin_interfaces/include/builtin_interfaces/builtin_interfaces/msg/detail/time__rosidl_typesupport_fastrtps_cpp.hpp
[0.411s] -- Up-to-date: /home/hiromichi/rost2/install/builtin_interfaces/lib/libbuiltin_interfaces__rosidl_typesupport_fastrtps_cpp.so
[0.411s] -- Up-to-date: /home/hiromichi/rost2/install/builtin_interfaces/include/builtin_interfaces/builtin_interfaces
[0.411s] -- Up-to-date: /home/hiromichi/rost2/install/builtin_interfaces/include/builtin_interfaces/builtin_interfaces/msg
[0.412s] -- Up-to-date: /home/hiromichi/rost2/install/builtin_interfaces/include/builtin_interfaces/builtin_interfaces/msg/detail
[0.412s] -- Up-to-date: /home/hiromichi/rost2/install/builtin_interfaces/include/builtin_interfaces/builtin_interfaces/msg/detail/duration__rosidl_typesupport_introspection_cpp.hpp
[0.412s] -- Up-to-date: /home/hiromichi/rost2/install/builtin_interfaces/include/builtin_interfaces/builtin_interfaces/msg/detail/time__rosidl_typesupport_introspection_cpp.hpp
[0.413s] -- Up-to-date: /home/hiromichi/rost2/install/builtin_interfaces/include/builtin_interfaces/builtin_interfaces/msg/detail/time__type_support.cpp
[0.413s] -- Up-to-date: /home/hiromichi/rost2/install/builtin_interfaces/include/builtin_interfaces/builtin_interfaces/msg/detail/duration__type_support.cpp
[0.413s] -- Up-to-date: /home/hiromichi/rost2/install/builtin_interfaces/lib/libbuiltin_interfaces__rosidl_typesupport_introspection_cpp.so
[0.413s] -- Up-to-date: /home/hiromichi/rost2/install/builtin_interfaces/lib/libbuiltin_interfaces__rosidl_typesupport_cpp.so
[0.414s] -- Up-to-date: /home/hiromichi/rost2/install/builtin_interfaces/share/ament_index/resource_index/rust_packages/builtin_interfaces
[0.414s] -- Up-to-date: /home/hiromichi/rost2/install/builtin_interfaces/share/builtin_interfaces/rust
[0.414s] -- Up-to-date: /home/hiromichi/rost2/install/builtin_interfaces/share/builtin_interfaces/rust/src
[0.414s] -- Up-to-date: /home/hiromichi/rost2/install/builtin_interfaces/share/builtin_interfaces/rust/src/msg.rs
[0.414s] -- Up-to-date: /home/hiromichi/rost2/install/builtin_interfaces/share/builtin_interfaces/rust/src/lib.rs
[0.415s] -- Up-to-date: /home/hiromichi/rost2/install/builtin_interfaces/share/builtin_interfaces/rust/Cargo.toml
[0.415s] -- Up-to-date: /home/hiromichi/rost2/install/builtin_interfaces/share/builtin_interfaces/rust/build.rs
[0.417s] -- Up-to-date: /home/hiromichi/rost2/install/builtin_interfaces/share/builtin_interfaces/environment/pythonpath.sh
[0.417s] -- Up-to-date: /home/hiromichi/rost2/install/builtin_interfaces/share/builtin_interfaces/environment/pythonpath.dsv
[0.418s] -- Up-to-date: /home/hiromichi/rost2/install/builtin_interfaces/local/lib/python3.10/dist-packages/builtin_interfaces-1.2.1-py3.10.egg-info
[0.418s] -- Installing: /home/hiromichi/rost2/install/builtin_interfaces/local/lib/python3.10/dist-packages/builtin_interfaces-1.2.1-py3.10.egg-info/top_level.txt
[0.418s] -- Installing: /home/hiromichi/rost2/install/builtin_interfaces/local/lib/python3.10/dist-packages/builtin_interfaces-1.2.1-py3.10.egg-info/dependency_links.txt
[0.418s] -- Installing: /home/hiromichi/rost2/install/builtin_interfaces/local/lib/python3.10/dist-packages/builtin_interfaces-1.2.1-py3.10.egg-info/SOURCES.txt
[0.419s] -- Installing: /home/hiromichi/rost2/install/builtin_interfaces/local/lib/python3.10/dist-packages/builtin_interfaces-1.2.1-py3.10.egg-info/PKG-INFO
[0.419s] -- Up-to-date: /home/hiromichi/rost2/install/builtin_interfaces/local/lib/python3.10/dist-packages/builtin_interfaces
[0.419s] -- Up-to-date: /home/hiromichi/rost2/install/builtin_interfaces/local/lib/python3.10/dist-packages/builtin_interfaces/libbuiltin_interfaces__rosidl_generator_py.so
[0.420s] -- Up-to-date: /home/hiromichi/rost2/install/builtin_interfaces/local/lib/python3.10/dist-packages/builtin_interfaces/builtin_interfaces_s__rosidl_typesupport_introspection_c.cpython-310-x86_64-linux-gnu.so
[0.420s] -- Up-to-date: /home/hiromichi/rost2/install/builtin_interfaces/local/lib/python3.10/dist-packages/builtin_interfaces/builtin_interfaces_s__rosidl_typesupport_fastrtps_c.cpython-310-x86_64-linux-gnu.so
[0.421s] -- Up-to-date: /home/hiromichi/rost2/install/builtin_interfaces/local/lib/python3.10/dist-packages/builtin_interfaces/_builtin_interfaces_s.ep.rosidl_typesupport_fastrtps_c.c
[0.421s] -- Up-to-date: /home/hiromichi/rost2/install/builtin_interfaces/local/lib/python3.10/dist-packages/builtin_interfaces/msg
[0.421s] -- Up-to-date: /home/hiromichi/rost2/install/builtin_interfaces/local/lib/python3.10/dist-packages/builtin_interfaces/msg/_time.py
[0.421s] -- Up-to-date: /home/hiromichi/rost2/install/builtin_interfaces/local/lib/python3.10/dist-packages/builtin_interfaces/msg/_duration_s.c
[0.422s] -- Up-to-date: /home/hiromichi/rost2/install/builtin_interfaces/local/lib/python3.10/dist-packages/builtin_interfaces/msg/_duration.py
[0.422s] -- Up-to-date: /home/hiromichi/rost2/install/builtin_interfaces/local/lib/python3.10/dist-packages/builtin_interfaces/msg/_time_s.c
[0.422s] -- Up-to-date: /home/hiromichi/rost2/install/builtin_interfaces/local/lib/python3.10/dist-packages/builtin_interfaces/msg/__init__.py
[0.422s] -- Up-to-date: /home/hiromichi/rost2/install/builtin_interfaces/local/lib/python3.10/dist-packages/builtin_interfaces/_builtin_interfaces_s.ep.rosidl_typesupport_introspection_c.c
[0.423s] -- Up-to-date: /home/hiromichi/rost2/install/builtin_interfaces/local/lib/python3.10/dist-packages/builtin_interfaces/_builtin_interfaces_s.ep.rosidl_typesupport_c.c
[0.423s] -- Up-to-date: /home/hiromichi/rost2/install/builtin_interfaces/local/lib/python3.10/dist-packages/builtin_interfaces/builtin_interfaces_s__rosidl_typesupport_c.cpython-310-x86_64-linux-gnu.so
[0.423s] -- Up-to-date: /home/hiromichi/rost2/install/builtin_interfaces/local/lib/python3.10/dist-packages/builtin_interfaces/__init__.py
[0.476s] Listing '/home/hiromichi/rost2/install/builtin_interfaces/local/lib/python3.10/dist-packages/builtin_interfaces'...
[0.476s] Listing '/home/hiromichi/rost2/install/builtin_interfaces/local/lib/python3.10/dist-packages/builtin_interfaces/msg'...
[0.476s] -- Up-to-date: /home/hiromichi/rost2/install/builtin_interfaces/local/lib/python3.10/dist-packages/builtin_interfaces/builtin_interfaces_s__rosidl_typesupport_fastrtps_c.cpython-310-x86_64-linux-gnu.so
[0.476s] -- Up-to-date: /home/hiromichi/rost2/install/builtin_interfaces/local/lib/python3.10/dist-packages/builtin_interfaces/builtin_interfaces_s__rosidl_typesupport_introspection_c.cpython-310-x86_64-linux-gnu.so
[0.476s] -- Up-to-date: /home/hiromichi/rost2/install/builtin_interfaces/local/lib/python3.10/dist-packages/builtin_interfaces/builtin_interfaces_s__rosidl_typesupport_c.cpython-310-x86_64-linux-gnu.so
[0.477s] -- Up-to-date: /home/hiromichi/rost2/install/builtin_interfaces/lib/libbuiltin_interfaces__rosidl_generator_py.so
[0.477s] -- Up-to-date: /home/hiromichi/rost2/install/builtin_interfaces/share/builtin_interfaces/msg/Duration.idl
[0.477s] -- Up-to-date: /home/hiromichi/rost2/install/builtin_interfaces/share/builtin_interfaces/msg/Time.idl
[0.477s] -- Up-to-date: /home/hiromichi/rost2/install/builtin_interfaces/share/builtin_interfaces/msg/Duration.msg
[0.478s] -- Up-to-date: /home/hiromichi/rost2/install/builtin_interfaces/share/builtin_interfaces/msg/Time.msg
[0.478s] -- Up-to-date: /home/hiromichi/rost2/install/builtin_interfaces/share/ament_index/resource_index/package_run_dependencies/builtin_interfaces
[0.478s] -- Up-to-date: /home/hiromichi/rost2/install/builtin_interfaces/share/ament_index/resource_index/parent_prefix_path/builtin_interfaces
[0.478s] -- Up-to-date: /home/hiromichi/rost2/install/builtin_interfaces/share/builtin_interfaces/environment/ament_prefix_path.sh
[0.478s] -- Up-to-date: /home/hiromichi/rost2/install/builtin_interfaces/share/builtin_interfaces/environment/ament_prefix_path.dsv
[0.478s] -- Up-to-date: /home/hiromichi/rost2/install/builtin_interfaces/share/builtin_interfaces/environment/path.sh
[0.478s] -- Up-to-date: /home/hiromichi/rost2/install/builtin_interfaces/share/builtin_interfaces/environment/path.dsv
[0.478s] -- Up-to-date: /home/hiromichi/rost2/install/builtin_interfaces/share/builtin_interfaces/local_setup.bash
[0.478s] -- Up-to-date: /home/hiromichi/rost2/install/builtin_interfaces/share/builtin_interfaces/local_setup.sh
[0.478s] -- Up-to-date: /home/hiromichi/rost2/install/builtin_interfaces/share/builtin_interfaces/local_setup.zsh
[0.478s] -- Up-to-date: /home/hiromichi/rost2/install/builtin_interfaces/share/builtin_interfaces/local_setup.dsv
[0.478s] -- Installing: /home/hiromichi/rost2/install/builtin_interfaces/share/builtin_interfaces/package.dsv
[0.478s] -- Up-to-date: /home/hiromichi/rost2/install/builtin_interfaces/share/ament_index/resource_index/packages/builtin_interfaces
[0.479s] -- Up-to-date: /home/hiromichi/rost2/install/builtin_interfaces/share/builtin_interfaces/cmake/export_builtin_interfaces__rosidl_generator_cExport.cmake
[0.479s] -- Up-to-date: /home/hiromichi/rost2/install/builtin_interfaces/share/builtin_interfaces/cmake/export_builtin_interfaces__rosidl_generator_cExport-noconfig.cmake
[0.479s] -- Up-to-date: /home/hiromichi/rost2/install/builtin_interfaces/share/builtin_interfaces/cmake/export_builtin_interfaces__rosidl_typesupport_fastrtps_cExport.cmake
[0.479s] -- Up-to-date: /home/hiromichi/rost2/install/builtin_interfaces/share/builtin_interfaces/cmake/export_builtin_interfaces__rosidl_typesupport_fastrtps_cExport-noconfig.cmake
[0.479s] -- Up-to-date: /home/hiromichi/rost2/install/builtin_interfaces/share/builtin_interfaces/cmake/builtin_interfaces__rosidl_typesupport_introspection_cExport.cmake
[0.479s] -- Up-to-date: /home/hiromichi/rost2/install/builtin_interfaces/share/builtin_interfaces/cmake/builtin_interfaces__rosidl_typesupport_introspection_cExport-noconfig.cmake
[0.479s] -- Up-to-date: /home/hiromichi/rost2/install/builtin_interfaces/share/builtin_interfaces/cmake/builtin_interfaces__rosidl_typesupport_cExport.cmake
[0.479s] -- Up-to-date: /home/hiromichi/rost2/install/builtin_interfaces/share/builtin_interfaces/cmake/builtin_interfaces__rosidl_typesupport_cExport-noconfig.cmake
[0.479s] -- Up-to-date: /home/hiromichi/rost2/install/builtin_interfaces/share/builtin_interfaces/cmake/export_builtin_interfaces__rosidl_generator_cppExport.cmake
[0.479s] -- Up-to-date: /home/hiromichi/rost2/install/builtin_interfaces/share/builtin_interfaces/cmake/export_builtin_interfaces__rosidl_typesupport_fastrtps_cppExport.cmake
[0.479s] -- Up-to-date: /home/hiromichi/rost2/install/builtin_interfaces/share/builtin_interfaces/cmake/export_builtin_interfaces__rosidl_typesupport_fastrtps_cppExport-noconfig.cmake
[0.480s] -- Up-to-date: /home/hiromichi/rost2/install/builtin_interfaces/share/builtin_interfaces/cmake/builtin_interfaces__rosidl_typesupport_introspection_cppExport.cmake
[0.480s] -- Up-to-date: /home/hiromichi/rost2/install/builtin_interfaces/share/builtin_interfaces/cmake/builtin_interfaces__rosidl_typesupport_introspection_cppExport-noconfig.cmake
[0.480s] -- Up-to-date: /home/hiromichi/rost2/install/builtin_interfaces/share/builtin_interfaces/cmake/builtin_interfaces__rosidl_typesupport_cppExport.cmake
[0.480s] -- Up-to-date: /home/hiromichi/rost2/install/builtin_interfaces/share/builtin_interfaces/cmake/builtin_interfaces__rosidl_typesupport_cppExport-noconfig.cmake
[0.480s] -- Up-to-date: /home/hiromichi/rost2/install/builtin_interfaces/share/builtin_interfaces/cmake/export_builtin_interfaces__rosidl_generator_pyExport.cmake
[0.480s] -- Up-to-date: /home/hiromichi/rost2/install/builtin_interfaces/share/builtin_interfaces/cmake/export_builtin_interfaces__rosidl_generator_pyExport-noconfig.cmake
[0.480s] -- Up-to-date: /home/hiromichi/rost2/install/builtin_interfaces/share/builtin_interfaces/cmake/rosidl_cmake-extras.cmake
[0.480s] -- Up-to-date: /home/hiromichi/rost2/install/builtin_interfaces/share/builtin_interfaces/cmake/ament_cmake_export_include_directories-extras.cmake
[0.480s] -- Up-to-date: /home/hiromichi/rost2/install/builtin_interfaces/share/builtin_interfaces/cmake/ament_cmake_export_libraries-extras.cmake
[0.480s] -- Up-to-date: /home/hiromichi/rost2/install/builtin_interfaces/share/builtin_interfaces/cmake/ament_cmake_export_targets-extras.cmake
[0.480s] -- Up-to-date: /home/hiromichi/rost2/install/builtin_interfaces/share/builtin_interfaces/cmake/rosidl_cmake_export_typesupport_targets-extras.cmake
[0.481s] -- Up-to-date: /home/hiromichi/rost2/install/builtin_interfaces/share/builtin_interfaces/cmake/ament_cmake_export_dependencies-extras.cmake
[0.481s] -- Up-to-date: /home/hiromichi/rost2/install/builtin_interfaces/share/builtin_interfaces/cmake/rosidl_cmake_export_typesupport_libraries-extras.cmake
[0.481s] -- Up-to-date: /home/hiromichi/rost2/install/builtin_interfaces/share/builtin_interfaces/cmake/builtin_interfacesConfig.cmake
[0.481s] -- Up-to-date: /home/hiromichi/rost2/install/builtin_interfaces/share/builtin_interfaces/cmake/builtin_interfacesConfig-version.cmake
[0.481s] -- Up-to-date: /home/hiromichi/rost2/install/builtin_interfaces/share/builtin_interfaces/package.xml
[0.496s] Invoked command in '/home/hiromichi/rost2/build/builtin_interfaces' returned '0': AMENT_PREFIX_PATH=/home/hiromichi/rost2/install/rosidl_default_runtime:/home/hiromichi/rost2/install/rosidl_default_generators:/home/hiromichi/rost2/install/rosidl_generator_rs:/home/hiromichi/rost2/install/rosidl_runtime_rs:${AMENT_PREFIX_PATH} CMAKE_PREFIX_PATH=/home/hiromichi/rost2/install/rosidl_default_runtime:/home/hiromichi/rost2/install/rosidl_default_generators:/home/hiromichi/rost2/install/rosidl_generator_rs:/opt/ros/humble PYTHONPATH=/home/hiromichi/rost2/install/rosidl_generator_rs/local/lib/python3.10/dist-packages:${PYTHONPATH} /usr/bin/cmake --install /home/hiromichi/rost2/build/builtin_interfaces
