[0.268s] Invoking command in '/home/hiro/rust_ws/build/statistics_msgs': AMENT_PREFIX_PATH=/home/hiro/rust_ws/install/builtin_interfaces:/home/hiro/rust_ws/install/rosidl_default_runtime:/home/hiro/rust_ws/install/rosidl_default_generators:/home/hiro/rust_ws/install/rosidl_generator_rs:/home/hiro/rust_ws/install/rosidl_runtime_rs:${AMENT_PREFIX_PATH} CMAKE_PREFIX_PATH=/home/hiro/rust_ws/install/builtin_interfaces:/home/hiro/rust_ws/install/rosidl_default_runtime:/home/hiro/rust_ws/install/rosidl_default_generators:/home/hiro/rust_ws/install/rosidl_generator_rs:/home/hiro/ws_livox/install/livox_ros_driver2:/opt/ros/humble LD_LIBRARY_PATH=/home/hiro/rust_ws/install/builtin_interfaces/lib:${LD_LIBRARY_PATH} PYTHONPATH=/home/hiro/rust_ws/install/builtin_interfaces/local/lib/python3.10/dist-packages:/home/hiro/rust_ws/install/rosidl_generator_rs/local/lib/python3.10/dist-packages:${PYTHONPATH} /usr/bin/cmake /home/hiro/rust_ws/src/src/ros2/rcl_interfaces/statistics_msgs -DCMAKE_INSTALL_PREFIX=/home/hiro/rust_ws/install/statistics_msgs
[0.484s] -- The C compiler identification is GNU 11.4.0
[1.289s] -- The CXX compiler identification is GNU 11.4.0
[1.840s] -- Detecting C compiler ABI info
[1.949s] -- Detecting C compiler ABI info - done
[1.956s] -- Check for working C compiler: /usr/bin/cc - skipped
[1.956s] -- Detecting C compile features
[1.956s] -- Detecting C compile features - done
[1.959s] -- Detecting CXX compiler ABI info
[2.121s] -- Detecting CXX compiler ABI info - done
[2.128s] -- Check for working CXX compiler: /usr/bin/c++ - skipped
[2.128s] -- Detecting CXX compile features
[2.129s] -- Detecting CXX compile features - done
[2.132s] -- Found ament_cmake: 1.3.10 (/opt/ros/humble/share/ament_cmake/cmake)
[2.967s] -- Found Python3: /usr/bin/python3 (found version "3.10.12") found components: Interpreter 
[3.057s] -- Found builtin_interfaces: 1.2.1 (/home/hiro/rust_ws/install/builtin_interfaces/share/builtin_interfaces/cmake)
[3.176s] -- Found rosidl_generator_c: 3.1.5 (/opt/ros/humble/share/rosidl_generator_c/cmake)
[3.181s] -- Found rosidl_adapter: 3.1.5 (/opt/ros/humble/share/rosidl_adapter/cmake)
[3.192s] -- Found rosidl_generator_cpp: 3.1.5 (/opt/ros/humble/share/rosidl_generator_cpp/cmake)
[3.203s] -- Using all available rosidl_typesupport_c: rosidl_typesupport_fastrtps_c;rosidl_typesupport_introspection_c
[3.217s] -- Using all available rosidl_typesupport_cpp: rosidl_typesupport_fastrtps_cpp;rosidl_typesupport_introspection_cpp
[3.232s] -- Found rosidl_default_generators: 1.2.0 (/home/hiro/rust_ws/install/rosidl_default_generators/share/rosidl_default_generators/cmake)
[3.549s] -- Found ament_cmake_ros: 0.10.0 (/opt/ros/humble/share/ament_cmake_ros/cmake)
[3.909s] -- Using all available rosidl_typesupport_c: rosidl_typesupport_fastrtps_c;rosidl_typesupport_introspection_c
[4.023s] -- Using all available rosidl_typesupport_cpp: rosidl_typesupport_fastrtps_cpp;rosidl_typesupport_introspection_cpp
[4.170s] -- Found PythonInterp: /usr/bin/python3 (found suitable version "3.10.12", minimum required is "3.6") 
[4.171s] -- Found python_cmake_module: 0.10.0 (/opt/ros/humble/share/python_cmake_module/cmake)
[4.492s] -- Found PythonLibs: /usr/lib/x86_64-linux-gnu/libpython3.10.so (found suitable version "3.10.12", minimum required is "3.5") 
[4.493s] -- Using PYTHON_EXECUTABLE: /usr/bin/python3
[4.493s] -- Using PYTHON_INCLUDE_DIRS: /usr/include/python3.10
[4.493s] -- Using PYTHON_LIBRARIES: /usr/lib/x86_64-linux-gnu/libpython3.10.so
[4.516s] -- Found PythonExtra: .so  
[4.615s] -- Configuring done
[4.681s] -- Generating done
[4.686s] -- Build files have been written to: /home/hiro/rust_ws/build/statistics_msgs
[4.700s] Invoked command in '/home/hiro/rust_ws/build/statistics_msgs' returned '0': AMENT_PREFIX_PATH=/home/hiro/rust_ws/install/builtin_interfaces:/home/hiro/rust_ws/install/rosidl_default_runtime:/home/hiro/rust_ws/install/rosidl_default_generators:/home/hiro/rust_ws/install/rosidl_generator_rs:/home/hiro/rust_ws/install/rosidl_runtime_rs:${AMENT_PREFIX_PATH} CMAKE_PREFIX_PATH=/home/hiro/rust_ws/install/builtin_interfaces:/home/hiro/rust_ws/install/rosidl_default_runtime:/home/hiro/rust_ws/install/rosidl_default_generators:/home/hiro/rust_ws/install/rosidl_generator_rs:/home/hiro/ws_livox/install/livox_ros_driver2:/opt/ros/humble LD_LIBRARY_PATH=/home/hiro/rust_ws/install/builtin_interfaces/lib:${LD_LIBRARY_PATH} PYTHONPATH=/home/hiro/rust_ws/install/builtin_interfaces/local/lib/python3.10/dist-packages:/home/hiro/rust_ws/install/rosidl_generator_rs/local/lib/python3.10/dist-packages:${PYTHONPATH} /usr/bin/cmake /home/hiro/rust_ws/src/src/ros2/rcl_interfaces/statistics_msgs -DCMAKE_INSTALL_PREFIX=/home/hiro/rust_ws/install/statistics_msgs
[4.702s] Invoking command in '/home/hiro/rust_ws/build/statistics_msgs': AMENT_PREFIX_PATH=/home/hiro/rust_ws/install/builtin_interfaces:/home/hiro/rust_ws/install/rosidl_default_runtime:/home/hiro/rust_ws/install/rosidl_default_generators:/home/hiro/rust_ws/install/rosidl_generator_rs:/home/hiro/rust_ws/install/rosidl_runtime_rs:${AMENT_PREFIX_PATH} CMAKE_PREFIX_PATH=/home/hiro/rust_ws/install/builtin_interfaces:/home/hiro/rust_ws/install/rosidl_default_runtime:/home/hiro/rust_ws/install/rosidl_default_generators:/home/hiro/rust_ws/install/rosidl_generator_rs:/home/hiro/ws_livox/install/livox_ros_driver2:/opt/ros/humble LD_LIBRARY_PATH=/home/hiro/rust_ws/install/builtin_interfaces/lib:${LD_LIBRARY_PATH} PYTHONPATH=/home/hiro/rust_ws/install/builtin_interfaces/local/lib/python3.10/dist-packages:/home/hiro/rust_ws/install/rosidl_generator_rs/local/lib/python3.10/dist-packages:${PYTHONPATH} /usr/bin/cmake --build /home/hiro/rust_ws/build/statistics_msgs -- -j22 -l22
[4.761s] [  2%] [34m[1mGenerating C code for ROS interfaces[0m
[4.774s] [  4%] [34m[1mGenerating C++ code for ROS interfaces[0m
[4.785s] [  6%] [34m[1mGenerating Rust code for ROS interfaces[0m
[4.805s] [  6%] Built target ament_cmake_python_copy_statistics_msgs
[5.781s] running egg_info
[5.789s] creating statistics_msgs.egg-info
[5.829s] writing statistics_msgs.egg-info/PKG-INFO
[5.831s] writing dependency_links to statistics_msgs.egg-info/dependency_links.txt
[5.833s] writing top-level names to statistics_msgs.egg-info/top_level.txt
[5.834s] writing manifest file 'statistics_msgs.egg-info/SOURCES.txt'
[5.938s] [  6%] Built target statistics_msgs__rs
[5.949s] reading manifest file 'statistics_msgs.egg-info/SOURCES.txt'
[5.951s] writing manifest file 'statistics_msgs.egg-info/SOURCES.txt'
[6.058s] [  6%] Built target ament_cmake_python_build_statistics_msgs_egg
[6.133s] [  8%] [32mBuilding C object CMakeFiles/statistics_msgs__rosidl_generator_c.dir/rosidl_generator_c/statistics_msgs/msg/detail/statistic_data_point__functions.c.o[0m
[6.133s] [ 10%] [32mBuilding C object CMakeFiles/statistics_msgs__rosidl_generator_c.dir/rosidl_generator_c/statistics_msgs/msg/detail/metrics_message__functions.c.o[0m
[6.134s] [ 12%] [32mBuilding C object CMakeFiles/statistics_msgs__rosidl_generator_c.dir/rosidl_generator_c/statistics_msgs/msg/detail/statistic_data_type__functions.c.o[0m
[6.163s] [ 12%] Built target statistics_msgs__cpp
[6.180s] [ 14%] [34m[1mGenerating C++ type support for eProsima Fast-RTPS[0m
[6.181s] [ 16%] [34m[1mGenerating C++ type support dispatch for ROS interfaces[0m
[6.193s] [ 18%] [34m[1mGenerating C++ introspection for ROS interfaces[0m
[6.226s] [ 20%] [32m[1mLinking C shared library libstatistics_msgs__rosidl_generator_c.so[0m
[6.381s] [ 20%] Built target statistics_msgs__rosidl_generator_c
[6.401s] [ 22%] [34m[1mGenerating C type support dispatch for ROS interfaces[0m
[6.402s] [ 25%] [34m[1mGenerating C type support for eProsima Fast-RTPS[0m
[6.403s] [ 27%] [34m[1mGenerating C introspection for ROS interfaces[0m
[7.256s] [ 29%] [32mBuilding CXX object CMakeFiles/statistics_msgs__rosidl_typesupport_cpp.dir/rosidl_typesupport_cpp/statistics_msgs/msg/statistic_data_point__type_support.cpp.o[0m
[7.257s] [ 31%] [32mBuilding CXX object CMakeFiles/statistics_msgs__rosidl_typesupport_cpp.dir/rosidl_typesupport_cpp/statistics_msgs/msg/statistic_data_type__type_support.cpp.o[0m
[7.264s] [ 33%] [32mBuilding CXX object CMakeFiles/statistics_msgs__rosidl_typesupport_cpp.dir/rosidl_typesupport_cpp/statistics_msgs/msg/metrics_message__type_support.cpp.o[0m
[7.312s] [ 35%] [32mBuilding CXX object CMakeFiles/statistics_msgs__rosidl_typesupport_introspection_cpp.dir/rosidl_typesupport_introspection_cpp/statistics_msgs/msg/detail/statistic_data_point__type_support.cpp.o[0m
[7.317s] [ 37%] [32mBuilding CXX object CMakeFiles/statistics_msgs__rosidl_typesupport_introspection_cpp.dir/rosidl_typesupport_introspection_cpp/statistics_msgs/msg/detail/metrics_message__type_support.cpp.o[0m
[7.335s] [ 39%] [32mBuilding CXX object CMakeFiles/statistics_msgs__rosidl_typesupport_introspection_cpp.dir/rosidl_typesupport_introspection_cpp/statistics_msgs/msg/detail/statistic_data_type__type_support.cpp.o[0m
[7.514s] [ 41%] [32mBuilding CXX object CMakeFiles/statistics_msgs__rosidl_typesupport_fastrtps_cpp.dir/rosidl_typesupport_fastrtps_cpp/statistics_msgs/msg/detail/dds_fastrtps/statistic_data_point__type_support.cpp.o[0m
[7.526s] [ 43%] [32mBuilding CXX object CMakeFiles/statistics_msgs__rosidl_typesupport_fastrtps_cpp.dir/rosidl_typesupport_fastrtps_cpp/statistics_msgs/msg/detail/dds_fastrtps/metrics_message__type_support.cpp.o[0m
[7.538s] [ 45%] [32mBuilding CXX object CMakeFiles/statistics_msgs__rosidl_typesupport_fastrtps_cpp.dir/rosidl_typesupport_fastrtps_cpp/statistics_msgs/msg/detail/dds_fastrtps/statistic_data_type__type_support.cpp.o[0m
[7.590s] [ 47%] [32mBuilding C object CMakeFiles/statistics_msgs__rosidl_typesupport_introspection_c.dir/rosidl_typesupport_introspection_c/statistics_msgs/msg/detail/statistic_data_point__type_support.c.o[0m
[7.599s] [ 52%] [32mBuilding CXX object CMakeFiles/statistics_msgs__rosidl_typesupport_c.dir/rosidl_typesupport_c/statistics_msgs/msg/metrics_message__type_support.cpp.o[0m
[7.599s] [ 52%] [32mBuilding C object CMakeFiles/statistics_msgs__rosidl_typesupport_introspection_c.dir/rosidl_typesupport_introspection_c/statistics_msgs/msg/detail/metrics_message__type_support.c.o[0m
[7.613s] [ 54%] [32mBuilding CXX object CMakeFiles/statistics_msgs__rosidl_typesupport_c.dir/rosidl_typesupport_c/statistics_msgs/msg/statistic_data_point__type_support.cpp.o[0m
[7.617s] [ 56%] [32mBuilding CXX object CMakeFiles/statistics_msgs__rosidl_typesupport_c.dir/rosidl_typesupport_c/statistics_msgs/msg/statistic_data_type__type_support.cpp.o[0m
[7.629s] [ 58%] [32mBuilding C object CMakeFiles/statistics_msgs__rosidl_typesupport_introspection_c.dir/rosidl_typesupport_introspection_c/statistics_msgs/msg/detail/statistic_data_type__type_support.c.o[0m
[7.750s] [ 60%] [32mBuilding CXX object CMakeFiles/statistics_msgs__rosidl_typesupport_fastrtps_c.dir/rosidl_typesupport_fastrtps_c/statistics_msgs/msg/detail/metrics_message__type_support_c.cpp.o[0m
[7.758s] [ 62%] [32mBuilding CXX object CMakeFiles/statistics_msgs__rosidl_typesupport_fastrtps_c.dir/rosidl_typesupport_fastrtps_c/statistics_msgs/msg/detail/statistic_data_type__type_support_c.cpp.o[0m
[7.760s] [ 64%] [32mBuilding CXX object CMakeFiles/statistics_msgs__rosidl_typesupport_fastrtps_c.dir/rosidl_typesupport_fastrtps_c/statistics_msgs/msg/detail/statistic_data_point__type_support_c.cpp.o[0m
[7.792s] [ 66%] [32m[1mLinking CXX shared library libstatistics_msgs__rosidl_typesupport_c.so[0m
[7.851s] [ 68%] [32m[1mLinking C shared library libstatistics_msgs__rosidl_typesupport_introspection_c.so[0m
[7.954s] [ 70%] [32m[1mLinking CXX shared library libstatistics_msgs__rosidl_typesupport_cpp.so[0m
[8.064s] [ 70%] Built target statistics_msgs__rosidl_typesupport_introspection_c
[8.072s] [ 70%] Built target statistics_msgs__rosidl_typesupport_c
[8.212s] [ 70%] Built target statistics_msgs__rosidl_typesupport_cpp
[8.485s] [ 72%] [32m[1mLinking CXX shared library libstatistics_msgs__rosidl_typesupport_introspection_cpp.so[0m
[8.615s] [ 75%] [32m[1mLinking CXX shared library libstatistics_msgs__rosidl_typesupport_fastrtps_cpp.so[0m
[8.803s] [ 75%] Built target statistics_msgs__rosidl_typesupport_introspection_cpp
[8.814s] [ 77%] [32m[1mLinking CXX shared library libstatistics_msgs__rosidl_typesupport_fastrtps_c.so[0m
[8.955s] [ 77%] Built target statistics_msgs__rosidl_typesupport_fastrtps_cpp
[9.083s] [ 77%] Built target statistics_msgs__rosidl_typesupport_fastrtps_c
[9.111s] [ 77%] Built target statistics_msgs
[9.144s] [ 79%] [34m[1mGenerating Python code for ROS interfaces[0m
[10.756s] [ 79%] Built target statistics_msgs__py
[10.783s] [ 81%] [32mBuilding C object CMakeFiles/statistics_msgs__rosidl_generator_py.dir/rosidl_generator_py/statistics_msgs/msg/_statistic_data_point_s.c.o[0m
[10.784s] [ 83%] [32mBuilding C object CMakeFiles/statistics_msgs__rosidl_generator_py.dir/rosidl_generator_py/statistics_msgs/msg/_metrics_message_s.c.o[0m
[10.785s] [ 85%] [32mBuilding C object CMakeFiles/statistics_msgs__rosidl_generator_py.dir/rosidl_generator_py/statistics_msgs/msg/_statistic_data_type_s.c.o[0m
[10.941s] [ 87%] [32m[1mLinking C shared library rosidl_generator_py/statistics_msgs/libstatistics_msgs__rosidl_generator_py.so[0m
[11.107s] [ 87%] Built target statistics_msgs__rosidl_generator_py
[11.135s] [ 89%] [32mBuilding C object CMakeFiles/statistics_msgs__rosidl_typesupport_fastrtps_c__pyext.dir/rosidl_generator_py/statistics_msgs/_statistics_msgs_s.ep.rosidl_typesupport_fastrtps_c.c.o[0m
[11.137s] [ 91%] [32mBuilding C object CMakeFiles/statistics_msgs__rosidl_typesupport_c__pyext.dir/rosidl_generator_py/statistics_msgs/_statistics_msgs_s.ep.rosidl_typesupport_c.c.o[0m
[11.137s] [ 93%] [32mBuilding C object CMakeFiles/statistics_msgs__rosidl_typesupport_introspection_c__pyext.dir/rosidl_generator_py/statistics_msgs/_statistics_msgs_s.ep.rosidl_typesupport_introspection_c.c.o[0m
[11.286s] [ 95%] [32m[1mLinking C shared library rosidl_generator_py/statistics_msgs/statistics_msgs_s__rosidl_typesupport_introspection_c.cpython-310-x86_64-linux-gnu.so[0m
[11.290s] [ 97%] [32m[1mLinking C shared library rosidl_generator_py/statistics_msgs/statistics_msgs_s__rosidl_typesupport_fastrtps_c.cpython-310-x86_64-linux-gnu.so[0m
[11.311s] [100%] [32m[1mLinking C shared library rosidl_generator_py/statistics_msgs/statistics_msgs_s__rosidl_typesupport_c.cpython-310-x86_64-linux-gnu.so[0m
[11.409s] [100%] Built target statistics_msgs__rosidl_typesupport_fastrtps_c__pyext
[11.413s] [100%] Built target statistics_msgs__rosidl_typesupport_introspection_c__pyext
[11.465s] [100%] Built target statistics_msgs__rosidl_typesupport_c__pyext
[11.485s] Invoked command in '/home/hiro/rust_ws/build/statistics_msgs' returned '0': AMENT_PREFIX_PATH=/home/hiro/rust_ws/install/builtin_interfaces:/home/hiro/rust_ws/install/rosidl_default_runtime:/home/hiro/rust_ws/install/rosidl_default_generators:/home/hiro/rust_ws/install/rosidl_generator_rs:/home/hiro/rust_ws/install/rosidl_runtime_rs:${AMENT_PREFIX_PATH} CMAKE_PREFIX_PATH=/home/hiro/rust_ws/install/builtin_interfaces:/home/hiro/rust_ws/install/rosidl_default_runtime:/home/hiro/rust_ws/install/rosidl_default_generators:/home/hiro/rust_ws/install/rosidl_generator_rs:/home/hiro/ws_livox/install/livox_ros_driver2:/opt/ros/humble LD_LIBRARY_PATH=/home/hiro/rust_ws/install/builtin_interfaces/lib:${LD_LIBRARY_PATH} PYTHONPATH=/home/hiro/rust_ws/install/builtin_interfaces/local/lib/python3.10/dist-packages:/home/hiro/rust_ws/install/rosidl_generator_rs/local/lib/python3.10/dist-packages:${PYTHONPATH} /usr/bin/cmake --build /home/hiro/rust_ws/build/statistics_msgs -- -j22 -l22
[11.616s] Invoking command in '/home/hiro/rust_ws/build/statistics_msgs': AMENT_PREFIX_PATH=/home/hiro/rust_ws/install/builtin_interfaces:/home/hiro/rust_ws/install/rosidl_default_runtime:/home/hiro/rust_ws/install/rosidl_default_generators:/home/hiro/rust_ws/install/rosidl_generator_rs:/home/hiro/rust_ws/install/rosidl_runtime_rs:${AMENT_PREFIX_PATH} CMAKE_PREFIX_PATH=/home/hiro/rust_ws/install/builtin_interfaces:/home/hiro/rust_ws/install/rosidl_default_runtime:/home/hiro/rust_ws/install/rosidl_default_generators:/home/hiro/rust_ws/install/rosidl_generator_rs:/home/hiro/ws_livox/install/livox_ros_driver2:/opt/ros/humble LD_LIBRARY_PATH=/home/hiro/rust_ws/install/builtin_interfaces/lib:${LD_LIBRARY_PATH} PYTHONPATH=/home/hiro/rust_ws/install/builtin_interfaces/local/lib/python3.10/dist-packages:/home/hiro/rust_ws/install/rosidl_generator_rs/local/lib/python3.10/dist-packages:${PYTHONPATH} /usr/bin/cmake --install /home/hiro/rust_ws/build/statistics_msgs
[11.623s] -- Install configuration: ""
[11.624s] -- Installing: /home/hiro/rust_ws/install/statistics_msgs/share/ament_index/resource_index/rosidl_interfaces/statistics_msgs
[11.624s] -- Installing: /home/hiro/rust_ws/install/statistics_msgs/include/statistics_msgs/statistics_msgs
[11.625s] -- Installing: /home/hiro/rust_ws/install/statistics_msgs/include/statistics_msgs/statistics_msgs/msg
[11.625s] -- Installing: /home/hiro/rust_ws/install/statistics_msgs/include/statistics_msgs/statistics_msgs/msg/metrics_message.h
[11.625s] -- Installing: /home/hiro/rust_ws/install/statistics_msgs/include/statistics_msgs/statistics_msgs/msg/statistic_data_point.h
[11.626s] -- Installing: /home/hiro/rust_ws/install/statistics_msgs/include/statistics_msgs/statistics_msgs/msg/rosidl_generator_c__visibility_control.h
[11.626s] -- Installing: /home/hiro/rust_ws/install/statistics_msgs/include/statistics_msgs/statistics_msgs/msg/statistic_data_type.h
[11.626s] -- Installing: /home/hiro/rust_ws/install/statistics_msgs/include/statistics_msgs/statistics_msgs/msg/detail
[11.627s] -- Installing: /home/hiro/rust_ws/install/statistics_msgs/include/statistics_msgs/statistics_msgs/msg/detail/statistic_data_type__type_support.h
[11.627s] -- Installing: /home/hiro/rust_ws/install/statistics_msgs/include/statistics_msgs/statistics_msgs/msg/detail/statistic_data_type__functions.h
[11.627s] -- Installing: /home/hiro/rust_ws/install/statistics_msgs/include/statistics_msgs/statistics_msgs/msg/detail/metrics_message__type_support.h
[11.627s] -- Installing: /home/hiro/rust_ws/install/statistics_msgs/include/statistics_msgs/statistics_msgs/msg/detail/metrics_message__functions.c
[11.627s] -- Installing: /home/hiro/rust_ws/install/statistics_msgs/include/statistics_msgs/statistics_msgs/msg/detail/statistic_data_type__struct.h
[11.628s] -- Installing: /home/hiro/rust_ws/install/statistics_msgs/include/statistics_msgs/statistics_msgs/msg/detail/statistic_data_point__type_support.h
[11.628s] -- Installing: /home/hiro/rust_ws/install/statistics_msgs/include/statistics_msgs/statistics_msgs/msg/detail/statistic_data_point__functions.c
[11.628s] -- Installing: /home/hiro/rust_ws/install/statistics_msgs/include/statistics_msgs/statistics_msgs/msg/detail/metrics_message__functions.h
[11.628s] -- Installing: /home/hiro/rust_ws/install/statistics_msgs/include/statistics_msgs/statistics_msgs/msg/detail/statistic_data_type__functions.c
[11.629s] -- Installing: /home/hiro/rust_ws/install/statistics_msgs/include/statistics_msgs/statistics_msgs/msg/detail/statistic_data_point__struct.h
[11.629s] -- Installing: /home/hiro/rust_ws/install/statistics_msgs/include/statistics_msgs/statistics_msgs/msg/detail/statistic_data_point__functions.h
[11.629s] -- Installing: /home/hiro/rust_ws/install/statistics_msgs/include/statistics_msgs/statistics_msgs/msg/detail/metrics_message__struct.h
[11.629s] -- Installing: /home/hiro/rust_ws/install/statistics_msgs/share/statistics_msgs/environment/library_path.sh
[11.630s] -- Installing: /home/hiro/rust_ws/install/statistics_msgs/share/statistics_msgs/environment/library_path.dsv
[11.630s] -- Installing: /home/hiro/rust_ws/install/statistics_msgs/lib/libstatistics_msgs__rosidl_generator_c.so
[11.630s] -- Set runtime path of "/home/hiro/rust_ws/install/statistics_msgs/lib/libstatistics_msgs__rosidl_generator_c.so" to ""
[11.631s] -- Up-to-date: /home/hiro/rust_ws/install/statistics_msgs/include/statistics_msgs/statistics_msgs
[11.631s] -- Up-to-date: /home/hiro/rust_ws/install/statistics_msgs/include/statistics_msgs/statistics_msgs/msg
[11.631s] -- Up-to-date: /home/hiro/rust_ws/install/statistics_msgs/include/statistics_msgs/statistics_msgs/msg/detail
[11.632s] -- Installing: /home/hiro/rust_ws/install/statistics_msgs/include/statistics_msgs/statistics_msgs/msg/detail/metrics_message__rosidl_typesupport_fastrtps_c.h
[11.632s] -- Installing: /home/hiro/rust_ws/install/statistics_msgs/include/statistics_msgs/statistics_msgs/msg/detail/statistic_data_point__rosidl_typesupport_fastrtps_c.h
[11.632s] -- Installing: /home/hiro/rust_ws/install/statistics_msgs/include/statistics_msgs/statistics_msgs/msg/detail/statistic_data_type__rosidl_typesupport_fastrtps_c.h
[11.632s] -- Installing: /home/hiro/rust_ws/install/statistics_msgs/include/statistics_msgs/statistics_msgs/msg/rosidl_typesupport_fastrtps_c__visibility_control.h
[11.632s] -- Installing: /home/hiro/rust_ws/install/statistics_msgs/lib/libstatistics_msgs__rosidl_typesupport_fastrtps_c.so
[11.632s] -- Set runtime path of "/home/hiro/rust_ws/install/statistics_msgs/lib/libstatistics_msgs__rosidl_typesupport_fastrtps_c.so" to ""
[11.633s] -- Up-to-date: /home/hiro/rust_ws/install/statistics_msgs/include/statistics_msgs/statistics_msgs
[11.633s] -- Up-to-date: /home/hiro/rust_ws/install/statistics_msgs/include/statistics_msgs/statistics_msgs/msg
[11.633s] -- Installing: /home/hiro/rust_ws/install/statistics_msgs/include/statistics_msgs/statistics_msgs/msg/statistic_data_point.hpp
[11.633s] -- Installing: /home/hiro/rust_ws/install/statistics_msgs/include/statistics_msgs/statistics_msgs/msg/statistic_data_type.hpp
[11.634s] -- Installing: /home/hiro/rust_ws/install/statistics_msgs/include/statistics_msgs/statistics_msgs/msg/metrics_message.hpp
[11.634s] -- Up-to-date: /home/hiro/rust_ws/install/statistics_msgs/include/statistics_msgs/statistics_msgs/msg/detail
[11.634s] -- Installing: /home/hiro/rust_ws/install/statistics_msgs/include/statistics_msgs/statistics_msgs/msg/detail/statistic_data_point__traits.hpp
[11.634s] -- Installing: /home/hiro/rust_ws/install/statistics_msgs/include/statistics_msgs/statistics_msgs/msg/detail/metrics_message__traits.hpp
[11.635s] -- Installing: /home/hiro/rust_ws/install/statistics_msgs/include/statistics_msgs/statistics_msgs/msg/detail/statistic_data_type__struct.hpp
[11.635s] -- Installing: /home/hiro/rust_ws/install/statistics_msgs/include/statistics_msgs/statistics_msgs/msg/detail/statistic_data_point__struct.hpp
[11.635s] -- Installing: /home/hiro/rust_ws/install/statistics_msgs/include/statistics_msgs/statistics_msgs/msg/detail/statistic_data_type__traits.hpp
[11.635s] -- Installing: /home/hiro/rust_ws/install/statistics_msgs/include/statistics_msgs/statistics_msgs/msg/detail/statistic_data_type__builder.hpp
[11.636s] -- Installing: /home/hiro/rust_ws/install/statistics_msgs/include/statistics_msgs/statistics_msgs/msg/detail/metrics_message__builder.hpp
[11.636s] -- Installing: /home/hiro/rust_ws/install/statistics_msgs/include/statistics_msgs/statistics_msgs/msg/detail/metrics_message__struct.hpp
[11.636s] -- Installing: /home/hiro/rust_ws/install/statistics_msgs/include/statistics_msgs/statistics_msgs/msg/detail/statistic_data_point__builder.hpp
[11.637s] -- Up-to-date: /home/hiro/rust_ws/install/statistics_msgs/include/statistics_msgs/statistics_msgs
[11.637s] -- Up-to-date: /home/hiro/rust_ws/install/statistics_msgs/include/statistics_msgs/statistics_msgs/msg
[11.637s] -- Installing: /home/hiro/rust_ws/install/statistics_msgs/include/statistics_msgs/statistics_msgs/msg/rosidl_typesupport_fastrtps_cpp__visibility_control.h
[11.637s] -- Up-to-date: /home/hiro/rust_ws/install/statistics_msgs/include/statistics_msgs/statistics_msgs/msg/detail
[11.638s] -- Installing: /home/hiro/rust_ws/install/statistics_msgs/include/statistics_msgs/statistics_msgs/msg/detail/dds_fastrtps
[11.638s] -- Installing: /home/hiro/rust_ws/install/statistics_msgs/include/statistics_msgs/statistics_msgs/msg/detail/statistic_data_type__rosidl_typesupport_fastrtps_cpp.hpp
[11.639s] -- Installing: /home/hiro/rust_ws/install/statistics_msgs/include/statistics_msgs/statistics_msgs/msg/detail/statistic_data_point__rosidl_typesupport_fastrtps_cpp.hpp
[11.639s] -- Installing: /home/hiro/rust_ws/install/statistics_msgs/include/statistics_msgs/statistics_msgs/msg/detail/metrics_message__rosidl_typesupport_fastrtps_cpp.hpp
[11.639s] -- Installing: /home/hiro/rust_ws/install/statistics_msgs/lib/libstatistics_msgs__rosidl_typesupport_fastrtps_cpp.so
[11.640s] -- Set runtime path of "/home/hiro/rust_ws/install/statistics_msgs/lib/libstatistics_msgs__rosidl_typesupport_fastrtps_cpp.so" to ""
[11.640s] -- Up-to-date: /home/hiro/rust_ws/install/statistics_msgs/include/statistics_msgs/statistics_msgs
[11.640s] -- Up-to-date: /home/hiro/rust_ws/install/statistics_msgs/include/statistics_msgs/statistics_msgs/msg
[11.640s] -- Installing: /home/hiro/rust_ws/install/statistics_msgs/include/statistics_msgs/statistics_msgs/msg/rosidl_typesupport_introspection_c__visibility_control.h
[11.640s] -- Up-to-date: /home/hiro/rust_ws/install/statistics_msgs/include/statistics_msgs/statistics_msgs/msg/detail
[11.640s] -- Installing: /home/hiro/rust_ws/install/statistics_msgs/include/statistics_msgs/statistics_msgs/msg/detail/metrics_message__type_support.c
[11.640s] -- Installing: /home/hiro/rust_ws/install/statistics_msgs/include/statistics_msgs/statistics_msgs/msg/detail/statistic_data_type__rosidl_typesupport_introspection_c.h
[11.641s] -- Installing: /home/hiro/rust_ws/install/statistics_msgs/include/statistics_msgs/statistics_msgs/msg/detail/statistic_data_type__type_support.c
[11.641s] -- Installing: /home/hiro/rust_ws/install/statistics_msgs/include/statistics_msgs/statistics_msgs/msg/detail/metrics_message__rosidl_typesupport_introspection_c.h
[11.641s] -- Installing: /home/hiro/rust_ws/install/statistics_msgs/include/statistics_msgs/statistics_msgs/msg/detail/statistic_data_point__rosidl_typesupport_introspection_c.h
[11.641s] -- Installing: /home/hiro/rust_ws/install/statistics_msgs/include/statistics_msgs/statistics_msgs/msg/detail/statistic_data_point__type_support.c
[11.642s] -- Installing: /home/hiro/rust_ws/install/statistics_msgs/lib/libstatistics_msgs__rosidl_typesupport_introspection_c.so
[11.642s] -- Set runtime path of "/home/hiro/rust_ws/install/statistics_msgs/lib/libstatistics_msgs__rosidl_typesupport_introspection_c.so" to ""
[11.642s] -- Installing: /home/hiro/rust_ws/install/statistics_msgs/lib/libstatistics_msgs__rosidl_typesupport_c.so
[11.642s] -- Set runtime path of "/home/hiro/rust_ws/install/statistics_msgs/lib/libstatistics_msgs__rosidl_typesupport_c.so" to ""
[11.643s] -- Up-to-date: /home/hiro/rust_ws/install/statistics_msgs/include/statistics_msgs/statistics_msgs
[11.643s] -- Up-to-date: /home/hiro/rust_ws/install/statistics_msgs/include/statistics_msgs/statistics_msgs/msg
[11.643s] -- Up-to-date: /home/hiro/rust_ws/install/statistics_msgs/include/statistics_msgs/statistics_msgs/msg/detail
[11.644s] -- Installing: /home/hiro/rust_ws/install/statistics_msgs/include/statistics_msgs/statistics_msgs/msg/detail/statistic_data_type__rosidl_typesupport_introspection_cpp.hpp
[11.644s] -- Installing: /home/hiro/rust_ws/install/statistics_msgs/include/statistics_msgs/statistics_msgs/msg/detail/statistic_data_type__type_support.cpp
[11.644s] -- Installing: /home/hiro/rust_ws/install/statistics_msgs/include/statistics_msgs/statistics_msgs/msg/detail/metrics_message__rosidl_typesupport_introspection_cpp.hpp
[11.644s] -- Installing: /home/hiro/rust_ws/install/statistics_msgs/include/statistics_msgs/statistics_msgs/msg/detail/statistic_data_point__type_support.cpp
[11.644s] -- Installing: /home/hiro/rust_ws/install/statistics_msgs/include/statistics_msgs/statistics_msgs/msg/detail/statistic_data_point__rosidl_typesupport_introspection_cpp.hpp
[11.644s] -- Installing: /home/hiro/rust_ws/install/statistics_msgs/include/statistics_msgs/statistics_msgs/msg/detail/metrics_message__type_support.cpp
[11.644s] -- Installing: /home/hiro/rust_ws/install/statistics_msgs/lib/libstatistics_msgs__rosidl_typesupport_introspection_cpp.so
[11.644s] -- Set runtime path of "/home/hiro/rust_ws/install/statistics_msgs/lib/libstatistics_msgs__rosidl_typesupport_introspection_cpp.so" to ""
[11.645s] -- Installing: /home/hiro/rust_ws/install/statistics_msgs/lib/libstatistics_msgs__rosidl_typesupport_cpp.so
[11.645s] -- Set runtime path of "/home/hiro/rust_ws/install/statistics_msgs/lib/libstatistics_msgs__rosidl_typesupport_cpp.so" to ""
[11.645s] -- Installing: /home/hiro/rust_ws/install/statistics_msgs/share/ament_index/resource_index/rust_packages/statistics_msgs
[11.646s] -- Installing: /home/hiro/rust_ws/install/statistics_msgs/share/statistics_msgs/rust
[11.646s] -- Installing: /home/hiro/rust_ws/install/statistics_msgs/share/statistics_msgs/rust/Cargo.toml
[11.646s] -- Installing: /home/hiro/rust_ws/install/statistics_msgs/share/statistics_msgs/rust/build.rs
[11.646s] -- Installing: /home/hiro/rust_ws/install/statistics_msgs/share/statistics_msgs/rust/src
[11.647s] -- Installing: /home/hiro/rust_ws/install/statistics_msgs/share/statistics_msgs/rust/src/msg.rs
[11.647s] -- Installing: /home/hiro/rust_ws/install/statistics_msgs/share/statistics_msgs/rust/src/lib.rs
[11.647s] -- Installing: /home/hiro/rust_ws/install/statistics_msgs/share/statistics_msgs/environment/pythonpath.sh
[11.647s] -- Installing: /home/hiro/rust_ws/install/statistics_msgs/share/statistics_msgs/environment/pythonpath.dsv
[11.647s] -- Installing: /home/hiro/rust_ws/install/statistics_msgs/local/lib/python3.10/dist-packages/statistics_msgs-1.2.1-py3.10.egg-info
[11.648s] -- Installing: /home/hiro/rust_ws/install/statistics_msgs/local/lib/python3.10/dist-packages/statistics_msgs-1.2.1-py3.10.egg-info/top_level.txt
[11.648s] -- Installing: /home/hiro/rust_ws/install/statistics_msgs/local/lib/python3.10/dist-packages/statistics_msgs-1.2.1-py3.10.egg-info/PKG-INFO
[11.648s] -- Installing: /home/hiro/rust_ws/install/statistics_msgs/local/lib/python3.10/dist-packages/statistics_msgs-1.2.1-py3.10.egg-info/SOURCES.txt
[11.648s] -- Installing: /home/hiro/rust_ws/install/statistics_msgs/local/lib/python3.10/dist-packages/statistics_msgs-1.2.1-py3.10.egg-info/dependency_links.txt
[11.649s] -- Installing: /home/hiro/rust_ws/install/statistics_msgs/local/lib/python3.10/dist-packages/statistics_msgs
[11.649s] -- Installing: /home/hiro/rust_ws/install/statistics_msgs/local/lib/python3.10/dist-packages/statistics_msgs/statistics_msgs_s__rosidl_typesupport_introspection_c.cpython-310-x86_64-linux-gnu.so
[11.650s] -- Installing: /home/hiro/rust_ws/install/statistics_msgs/local/lib/python3.10/dist-packages/statistics_msgs/libstatistics_msgs__rosidl_generator_py.so
[11.650s] -- Installing: /home/hiro/rust_ws/install/statistics_msgs/local/lib/python3.10/dist-packages/statistics_msgs/_statistics_msgs_s.ep.rosidl_typesupport_c.c
[11.650s] -- Installing: /home/hiro/rust_ws/install/statistics_msgs/local/lib/python3.10/dist-packages/statistics_msgs/_statistics_msgs_s.ep.rosidl_typesupport_introspection_c.c
[11.651s] -- Installing: /home/hiro/rust_ws/install/statistics_msgs/local/lib/python3.10/dist-packages/statistics_msgs/_statistics_msgs_s.ep.rosidl_typesupport_fastrtps_c.c
[11.651s] -- Installing: /home/hiro/rust_ws/install/statistics_msgs/local/lib/python3.10/dist-packages/statistics_msgs/__init__.py
[11.651s] -- Installing: /home/hiro/rust_ws/install/statistics_msgs/local/lib/python3.10/dist-packages/statistics_msgs/msg
[11.651s] -- Installing: /home/hiro/rust_ws/install/statistics_msgs/local/lib/python3.10/dist-packages/statistics_msgs/msg/_statistic_data_type_s.c
[11.652s] -- Installing: /home/hiro/rust_ws/install/statistics_msgs/local/lib/python3.10/dist-packages/statistics_msgs/msg/_metrics_message_s.c
[11.652s] -- Installing: /home/hiro/rust_ws/install/statistics_msgs/local/lib/python3.10/dist-packages/statistics_msgs/msg/_statistic_data_type.py
[11.652s] -- Installing: /home/hiro/rust_ws/install/statistics_msgs/local/lib/python3.10/dist-packages/statistics_msgs/msg/_statistic_data_point_s.c
[11.652s] -- Installing: /home/hiro/rust_ws/install/statistics_msgs/local/lib/python3.10/dist-packages/statistics_msgs/msg/_metrics_message.py
[11.652s] -- Installing: /home/hiro/rust_ws/install/statistics_msgs/local/lib/python3.10/dist-packages/statistics_msgs/msg/__init__.py
[11.652s] -- Installing: /home/hiro/rust_ws/install/statistics_msgs/local/lib/python3.10/dist-packages/statistics_msgs/msg/_statistic_data_point.py
[11.652s] -- Installing: /home/hiro/rust_ws/install/statistics_msgs/local/lib/python3.10/dist-packages/statistics_msgs/statistics_msgs_s__rosidl_typesupport_c.cpython-310-x86_64-linux-gnu.so
[11.652s] -- Installing: /home/hiro/rust_ws/install/statistics_msgs/local/lib/python3.10/dist-packages/statistics_msgs/statistics_msgs_s__rosidl_typesupport_fastrtps_c.cpython-310-x86_64-linux-gnu.so
[11.715s] Listing '/home/hiro/rust_ws/install/statistics_msgs/local/lib/python3.10/dist-packages/statistics_msgs'...
[11.715s] Compiling '/home/hiro/rust_ws/install/statistics_msgs/local/lib/python3.10/dist-packages/statistics_msgs/__init__.py'...
[11.715s] Listing '/home/hiro/rust_ws/install/statistics_msgs/local/lib/python3.10/dist-packages/statistics_msgs/msg'...
[11.715s] Compiling '/home/hiro/rust_ws/install/statistics_msgs/local/lib/python3.10/dist-packages/statistics_msgs/msg/__init__.py'...
[11.715s] Compiling '/home/hiro/rust_ws/install/statistics_msgs/local/lib/python3.10/dist-packages/statistics_msgs/msg/_metrics_message.py'...
[11.715s] Compiling '/home/hiro/rust_ws/install/statistics_msgs/local/lib/python3.10/dist-packages/statistics_msgs/msg/_statistic_data_point.py'...
[11.715s] Compiling '/home/hiro/rust_ws/install/statistics_msgs/local/lib/python3.10/dist-packages/statistics_msgs/msg/_statistic_data_type.py'...
[11.724s] -- Installing: /home/hiro/rust_ws/install/statistics_msgs/local/lib/python3.10/dist-packages/statistics_msgs/statistics_msgs_s__rosidl_typesupport_fastrtps_c.cpython-310-x86_64-linux-gnu.so
[11.725s] -- Set runtime path of "/home/hiro/rust_ws/install/statistics_msgs/local/lib/python3.10/dist-packages/statistics_msgs/statistics_msgs_s__rosidl_typesupport_fastrtps_c.cpython-310-x86_64-linux-gnu.so" to ""
[11.725s] -- Installing: /home/hiro/rust_ws/install/statistics_msgs/local/lib/python3.10/dist-packages/statistics_msgs/statistics_msgs_s__rosidl_typesupport_introspection_c.cpython-310-x86_64-linux-gnu.so
[11.726s] -- Set runtime path of "/home/hiro/rust_ws/install/statistics_msgs/local/lib/python3.10/dist-packages/statistics_msgs/statistics_msgs_s__rosidl_typesupport_introspection_c.cpython-310-x86_64-linux-gnu.so" to ""
[11.726s] -- Installing: /home/hiro/rust_ws/install/statistics_msgs/local/lib/python3.10/dist-packages/statistics_msgs/statistics_msgs_s__rosidl_typesupport_c.cpython-310-x86_64-linux-gnu.so
[11.726s] -- Set runtime path of "/home/hiro/rust_ws/install/statistics_msgs/local/lib/python3.10/dist-packages/statistics_msgs/statistics_msgs_s__rosidl_typesupport_c.cpython-310-x86_64-linux-gnu.so" to ""
[11.727s] -- Installing: /home/hiro/rust_ws/install/statistics_msgs/lib/libstatistics_msgs__rosidl_generator_py.so
[11.727s] -- Set runtime path of "/home/hiro/rust_ws/install/statistics_msgs/lib/libstatistics_msgs__rosidl_generator_py.so" to ""
[11.727s] -- Installing: /home/hiro/rust_ws/install/statistics_msgs/share/statistics_msgs/msg/MetricsMessage.idl
[11.727s] -- Installing: /home/hiro/rust_ws/install/statistics_msgs/share/statistics_msgs/msg/StatisticDataPoint.idl
[11.728s] -- Installing: /home/hiro/rust_ws/install/statistics_msgs/share/statistics_msgs/msg/StatisticDataType.idl
[11.728s] -- Installing: /home/hiro/rust_ws/install/statistics_msgs/share/statistics_msgs/msg/MetricsMessage.msg
[11.728s] -- Installing: /home/hiro/rust_ws/install/statistics_msgs/share/statistics_msgs/msg/StatisticDataPoint.msg
[11.729s] -- Installing: /home/hiro/rust_ws/install/statistics_msgs/share/statistics_msgs/msg/StatisticDataType.msg
[11.729s] -- Installing: /home/hiro/rust_ws/install/statistics_msgs/share/ament_index/resource_index/package_run_dependencies/statistics_msgs
[11.729s] -- Installing: /home/hiro/rust_ws/install/statistics_msgs/share/ament_index/resource_index/parent_prefix_path/statistics_msgs
[11.730s] -- Installing: /home/hiro/rust_ws/install/statistics_msgs/share/statistics_msgs/environment/ament_prefix_path.sh
[11.730s] -- Installing: /home/hiro/rust_ws/install/statistics_msgs/share/statistics_msgs/environment/ament_prefix_path.dsv
[11.730s] -- Installing: /home/hiro/rust_ws/install/statistics_msgs/share/statistics_msgs/environment/path.sh
[11.730s] -- Installing: /home/hiro/rust_ws/install/statistics_msgs/share/statistics_msgs/environment/path.dsv
[11.731s] -- Installing: /home/hiro/rust_ws/install/statistics_msgs/share/statistics_msgs/local_setup.bash
[11.731s] -- Installing: /home/hiro/rust_ws/install/statistics_msgs/share/statistics_msgs/local_setup.sh
[11.731s] -- Installing: /home/hiro/rust_ws/install/statistics_msgs/share/statistics_msgs/local_setup.zsh
[11.731s] -- Installing: /home/hiro/rust_ws/install/statistics_msgs/share/statistics_msgs/local_setup.dsv
[11.731s] -- Installing: /home/hiro/rust_ws/install/statistics_msgs/share/statistics_msgs/package.dsv
[11.732s] -- Installing: /home/hiro/rust_ws/install/statistics_msgs/share/ament_index/resource_index/packages/statistics_msgs
[11.732s] -- Installing: /home/hiro/rust_ws/install/statistics_msgs/share/statistics_msgs/cmake/export_statistics_msgs__rosidl_generator_cExport.cmake
[11.733s] -- Installing: /home/hiro/rust_ws/install/statistics_msgs/share/statistics_msgs/cmake/export_statistics_msgs__rosidl_generator_cExport-noconfig.cmake
[11.733s] -- Installing: /home/hiro/rust_ws/install/statistics_msgs/share/statistics_msgs/cmake/export_statistics_msgs__rosidl_typesupport_fastrtps_cExport.cmake
[11.733s] -- Installing: /home/hiro/rust_ws/install/statistics_msgs/share/statistics_msgs/cmake/export_statistics_msgs__rosidl_typesupport_fastrtps_cExport-noconfig.cmake
[11.734s] -- Installing: /home/hiro/rust_ws/install/statistics_msgs/share/statistics_msgs/cmake/export_statistics_msgs__rosidl_generator_cppExport.cmake
[11.734s] -- Installing: /home/hiro/rust_ws/install/statistics_msgs/share/statistics_msgs/cmake/export_statistics_msgs__rosidl_typesupport_fastrtps_cppExport.cmake
[11.734s] -- Installing: /home/hiro/rust_ws/install/statistics_msgs/share/statistics_msgs/cmake/export_statistics_msgs__rosidl_typesupport_fastrtps_cppExport-noconfig.cmake
[11.735s] -- Installing: /home/hiro/rust_ws/install/statistics_msgs/share/statistics_msgs/cmake/statistics_msgs__rosidl_typesupport_introspection_cExport.cmake
[11.735s] -- Installing: /home/hiro/rust_ws/install/statistics_msgs/share/statistics_msgs/cmake/statistics_msgs__rosidl_typesupport_introspection_cExport-noconfig.cmake
[11.735s] -- Installing: /home/hiro/rust_ws/install/statistics_msgs/share/statistics_msgs/cmake/statistics_msgs__rosidl_typesupport_cExport.cmake
[11.736s] -- Installing: /home/hiro/rust_ws/install/statistics_msgs/share/statistics_msgs/cmake/statistics_msgs__rosidl_typesupport_cExport-noconfig.cmake
[11.736s] -- Installing: /home/hiro/rust_ws/install/statistics_msgs/share/statistics_msgs/cmake/statistics_msgs__rosidl_typesupport_introspection_cppExport.cmake
[11.736s] -- Installing: /home/hiro/rust_ws/install/statistics_msgs/share/statistics_msgs/cmake/statistics_msgs__rosidl_typesupport_introspection_cppExport-noconfig.cmake
[11.737s] -- Installing: /home/hiro/rust_ws/install/statistics_msgs/share/statistics_msgs/cmake/statistics_msgs__rosidl_typesupport_cppExport.cmake
[11.737s] -- Installing: /home/hiro/rust_ws/install/statistics_msgs/share/statistics_msgs/cmake/statistics_msgs__rosidl_typesupport_cppExport-noconfig.cmake
[11.738s] -- Installing: /home/hiro/rust_ws/install/statistics_msgs/share/statistics_msgs/cmake/export_statistics_msgs__rosidl_generator_pyExport.cmake
[11.738s] -- Installing: /home/hiro/rust_ws/install/statistics_msgs/share/statistics_msgs/cmake/export_statistics_msgs__rosidl_generator_pyExport-noconfig.cmake
[11.739s] -- Installing: /home/hiro/rust_ws/install/statistics_msgs/share/statistics_msgs/cmake/rosidl_cmake-extras.cmake
[11.739s] -- Installing: /home/hiro/rust_ws/install/statistics_msgs/share/statistics_msgs/cmake/ament_cmake_export_dependencies-extras.cmake
[11.739s] -- Installing: /home/hiro/rust_ws/install/statistics_msgs/share/statistics_msgs/cmake/ament_cmake_export_include_directories-extras.cmake
[11.739s] -- Installing: /home/hiro/rust_ws/install/statistics_msgs/share/statistics_msgs/cmake/ament_cmake_export_libraries-extras.cmake
[11.740s] -- Installing: /home/hiro/rust_ws/install/statistics_msgs/share/statistics_msgs/cmake/ament_cmake_export_targets-extras.cmake
[11.740s] -- Installing: /home/hiro/rust_ws/install/statistics_msgs/share/statistics_msgs/cmake/rosidl_cmake_export_typesupport_targets-extras.cmake
[11.740s] -- Installing: /home/hiro/rust_ws/install/statistics_msgs/share/statistics_msgs/cmake/rosidl_cmake_export_typesupport_libraries-extras.cmake
[11.740s] -- Installing: /home/hiro/rust_ws/install/statistics_msgs/share/statistics_msgs/cmake/statistics_msgsConfig.cmake
[11.740s] -- Installing: /home/hiro/rust_ws/install/statistics_msgs/share/statistics_msgs/cmake/statistics_msgsConfig-version.cmake
[11.740s] -- Installing: /home/hiro/rust_ws/install/statistics_msgs/share/statistics_msgs/package.xml
[11.743s] Invoked command in '/home/hiro/rust_ws/build/statistics_msgs' returned '0': AMENT_PREFIX_PATH=/home/hiro/rust_ws/install/builtin_interfaces:/home/hiro/rust_ws/install/rosidl_default_runtime:/home/hiro/rust_ws/install/rosidl_default_generators:/home/hiro/rust_ws/install/rosidl_generator_rs:/home/hiro/rust_ws/install/rosidl_runtime_rs:${AMENT_PREFIX_PATH} CMAKE_PREFIX_PATH=/home/hiro/rust_ws/install/builtin_interfaces:/home/hiro/rust_ws/install/rosidl_default_runtime:/home/hiro/rust_ws/install/rosidl_default_generators:/home/hiro/rust_ws/install/rosidl_generator_rs:/home/hiro/ws_livox/install/livox_ros_driver2:/opt/ros/humble LD_LIBRARY_PATH=/home/hiro/rust_ws/install/builtin_interfaces/lib:${LD_LIBRARY_PATH} PYTHONPATH=/home/hiro/rust_ws/install/builtin_interfaces/local/lib/python3.10/dist-packages:/home/hiro/rust_ws/install/rosidl_generator_rs/local/lib/python3.10/dist-packages:${PYTHONPATH} /usr/bin/cmake --install /home/hiro/rust_ws/build/statistics_msgs
