[0.198s] Invoking command in '/home/hiro/rust_ws/build/rcl_interfaces': AMENT_PREFIX_PATH=/home/hiro/rust_ws/install/builtin_interfaces:/home/hiro/rust_ws/install/rosidl_default_runtime:/home/hiro/rust_ws/install/rosidl_default_generators:/home/hiro/rust_ws/install/rosidl_generator_rs:/home/hiro/rust_ws/install/rosidl_runtime_rs:${AMENT_PREFIX_PATH} CMAKE_PREFIX_PATH=/home/hiro/rust_ws/install/builtin_interfaces:/home/hiro/rust_ws/install/rosidl_default_runtime:/home/hiro/rust_ws/install/rosidl_default_generators:/home/hiro/rust_ws/install/rosidl_generator_rs:/home/hiro/ws_livox/install/livox_ros_driver2:/opt/ros/humble LD_LIBRARY_PATH=/home/hiro/rust_ws/install/builtin_interfaces/lib:${LD_LIBRARY_PATH} PYTHONPATH=/home/hiro/rust_ws/install/builtin_interfaces/local/lib/python3.10/dist-packages:/home/hiro/rust_ws/install/rosidl_generator_rs/local/lib/python3.10/dist-packages:${PYTHONPATH} /usr/bin/cmake --build /home/hiro/rust_ws/build/rcl_interfaces -- -j22 -l22
[0.239s] [35m[1mConsolidate compiler generated dependencies of target rcl_interfaces__rosidl_generator_c[0m
[0.244s] [  1%] Built target rcl_interfaces__rs
[0.245s] [  1%] Built target rcl_interfaces__cpp
[0.253s] [  1%] Built target ament_cmake_python_copy_rcl_interfaces
[0.257s] [ 13%] Built target rcl_interfaces__rosidl_generator_c
[0.257s] [35m[1mConsolidate compiler generated dependencies of target rcl_interfaces__rosidl_typesupport_cpp[0m
[0.259s] [35m[1mConsolidate compiler generated dependencies of target rcl_interfaces__rosidl_typesupport_fastrtps_cpp[0m
[0.261s] [35m[1mConsolidate compiler generated dependencies of target rcl_interfaces__rosidl_typesupport_introspection_cpp[0m
[0.277s] [35m[1mConsolidate compiler generated dependencies of target rcl_interfaces__rosidl_typesupport_introspection_c[0m
[0.279s] [35m[1mConsolidate compiler generated dependencies of target rcl_interfaces__rosidl_typesupport_c[0m
[0.280s] [35m[1mConsolidate compiler generated dependencies of target rcl_interfaces__rosidl_typesupport_fastrtps_c[0m
[0.280s] [ 25%] Built target rcl_interfaces__rosidl_typesupport_cpp
[0.291s] [ 37%] Built target rcl_interfaces__rosidl_typesupport_fastrtps_cpp
[0.293s] [ 49%] Built target rcl_interfaces__rosidl_typesupport_introspection_cpp
[0.294s] [ 63%] Built target rcl_interfaces__rosidl_typesupport_introspection_c
[0.295s] [ 73%] Built target rcl_interfaces__rosidl_typesupport_c
[0.307s] [ 85%] Built target rcl_interfaces__rosidl_typesupport_fastrtps_c
[0.329s] [ 85%] Built target rcl_interfaces
[0.351s] [ 86%] Built target rcl_interfaces__py
[0.365s] [35m[1mConsolidate compiler generated dependencies of target rcl_interfaces__rosidl_generator_py[0m
[0.385s] [ 97%] Built target rcl_interfaces__rosidl_generator_py
[0.394s] [35m[1mConsolidate compiler generated dependencies of target rcl_interfaces__rosidl_typesupport_fastrtps_c__pyext[0m
[0.394s] [35m[1mConsolidate compiler generated dependencies of target rcl_interfaces__rosidl_typesupport_c__pyext[0m
[0.396s] [35m[1mConsolidate compiler generated dependencies of target rcl_interfaces__rosidl_typesupport_introspection_c__pyext[0m
[0.405s] [ 98%] Built target rcl_interfaces__rosidl_typesupport_c__pyext
[0.406s] [ 99%] Built target rcl_interfaces__rosidl_typesupport_fastrtps_c__pyext
[0.406s] [100%] Built target rcl_interfaces__rosidl_typesupport_introspection_c__pyext
[0.609s] running egg_info
[0.624s] writing rcl_interfaces.egg-info/PKG-INFO
[0.624s] writing dependency_links to rcl_interfaces.egg-info/dependency_links.txt
[0.624s] writing top-level names to rcl_interfaces.egg-info/top_level.txt
[0.661s] reading manifest file 'rcl_interfaces.egg-info/SOURCES.txt'
[0.661s] writing manifest file 'rcl_interfaces.egg-info/SOURCES.txt'
[0.715s] [100%] Built target ament_cmake_python_build_rcl_interfaces_egg
[0.726s] Invoked command in '/home/hiro/rust_ws/build/rcl_interfaces' returned '0': AMENT_PREFIX_PATH=/home/hiro/rust_ws/install/builtin_interfaces:/home/hiro/rust_ws/install/rosidl_default_runtime:/home/hiro/rust_ws/install/rosidl_default_generators:/home/hiro/rust_ws/install/rosidl_generator_rs:/home/hiro/rust_ws/install/rosidl_runtime_rs:${AMENT_PREFIX_PATH} CMAKE_PREFIX_PATH=/home/hiro/rust_ws/install/builtin_interfaces:/home/hiro/rust_ws/install/rosidl_default_runtime:/home/hiro/rust_ws/install/rosidl_default_generators:/home/hiro/rust_ws/install/rosidl_generator_rs:/home/hiro/ws_livox/install/livox_ros_driver2:/opt/ros/humble LD_LIBRARY_PATH=/home/hiro/rust_ws/install/builtin_interfaces/lib:${LD_LIBRARY_PATH} PYTHONPATH=/home/hiro/rust_ws/install/builtin_interfaces/local/lib/python3.10/dist-packages:/home/hiro/rust_ws/install/rosidl_generator_rs/local/lib/python3.10/dist-packages:${PYTHONPATH} /usr/bin/cmake --build /home/hiro/rust_ws/build/rcl_interfaces -- -j22 -l22
[0.972s] Invoking command in '/home/hiro/rust_ws/build/rcl_interfaces': AMENT_PREFIX_PATH=/home/hiro/rust_ws/install/builtin_interfaces:/home/hiro/rust_ws/install/rosidl_default_runtime:/home/hiro/rust_ws/install/rosidl_default_generators:/home/hiro/rust_ws/install/rosidl_generator_rs:/home/hiro/rust_ws/install/rosidl_runtime_rs:${AMENT_PREFIX_PATH} CMAKE_PREFIX_PATH=/home/hiro/rust_ws/install/builtin_interfaces:/home/hiro/rust_ws/install/rosidl_default_runtime:/home/hiro/rust_ws/install/rosidl_default_generators:/home/hiro/rust_ws/install/rosidl_generator_rs:/home/hiro/ws_livox/install/livox_ros_driver2:/opt/ros/humble LD_LIBRARY_PATH=/home/hiro/rust_ws/install/builtin_interfaces/lib:${LD_LIBRARY_PATH} PYTHONPATH=/home/hiro/rust_ws/install/builtin_interfaces/local/lib/python3.10/dist-packages:/home/hiro/rust_ws/install/rosidl_generator_rs/local/lib/python3.10/dist-packages:${PYTHONPATH} /usr/bin/cmake --install /home/hiro/rust_ws/build/rcl_interfaces
[0.977s] -- Install configuration: ""
[0.978s] -- Up-to-date: /home/hiro/rust_ws/install/rcl_interfaces/share/ament_index/resource_index/rosidl_interfaces/rcl_interfaces
[0.978s] -- Up-to-date: /home/hiro/rust_ws/install/rcl_interfaces/include/rcl_interfaces/rcl_interfaces
[0.978s] -- Up-to-date: /home/hiro/rust_ws/install/rcl_interfaces/include/rcl_interfaces/rcl_interfaces/msg
[0.979s] -- Up-to-date: /home/hiro/rust_ws/install/rcl_interfaces/include/rcl_interfaces/rcl_interfaces/msg/floating_point_range.h
[0.979s] -- Up-to-date: /home/hiro/rust_ws/install/rcl_interfaces/include/rcl_interfaces/rcl_interfaces/msg/integer_range.h
[0.979s] -- Up-to-date: /home/hiro/rust_ws/install/rcl_interfaces/include/rcl_interfaces/rcl_interfaces/msg/parameter.h
[0.979s] -- Up-to-date: /home/hiro/rust_ws/install/rcl_interfaces/include/rcl_interfaces/rcl_interfaces/msg/list_parameters_result.h
[0.979s] -- Up-to-date: /home/hiro/rust_ws/install/rcl_interfaces/include/rcl_interfaces/rcl_interfaces/msg/parameter_descriptor.h
[0.980s] -- Up-to-date: /home/hiro/rust_ws/install/rcl_interfaces/include/rcl_interfaces/rcl_interfaces/msg/log.h
[0.980s] -- Up-to-date: /home/hiro/rust_ws/install/rcl_interfaces/include/rcl_interfaces/rcl_interfaces/msg/rosidl_generator_c__visibility_control.h
[0.980s] -- Up-to-date: /home/hiro/rust_ws/install/rcl_interfaces/include/rcl_interfaces/rcl_interfaces/msg/parameter_type.h
[0.980s] -- Up-to-date: /home/hiro/rust_ws/install/rcl_interfaces/include/rcl_interfaces/rcl_interfaces/msg/parameter_event_descriptors.h
[0.981s] -- Up-to-date: /home/hiro/rust_ws/install/rcl_interfaces/include/rcl_interfaces/rcl_interfaces/msg/detail
[0.981s] -- Up-to-date: /home/hiro/rust_ws/install/rcl_interfaces/include/rcl_interfaces/rcl_interfaces/msg/detail/list_parameters_result__struct.h
[0.981s] -- Up-to-date: /home/hiro/rust_ws/install/rcl_interfaces/include/rcl_interfaces/rcl_interfaces/msg/detail/parameter_type__functions.h
[0.981s] -- Up-to-date: /home/hiro/rust_ws/install/rcl_interfaces/include/rcl_interfaces/rcl_interfaces/msg/detail/set_parameters_result__type_support.h
[0.982s] -- Up-to-date: /home/hiro/rust_ws/install/rcl_interfaces/include/rcl_interfaces/rcl_interfaces/msg/detail/parameter_event__type_support.h
[0.982s] -- Up-to-date: /home/hiro/rust_ws/install/rcl_interfaces/include/rcl_interfaces/rcl_interfaces/msg/detail/integer_range__type_support.h
[0.982s] -- Up-to-date: /home/hiro/rust_ws/install/rcl_interfaces/include/rcl_interfaces/rcl_interfaces/msg/detail/parameter_descriptor__functions.c
[0.982s] -- Up-to-date: /home/hiro/rust_ws/install/rcl_interfaces/include/rcl_interfaces/rcl_interfaces/msg/detail/parameter_value__type_support.h
[0.982s] -- Up-to-date: /home/hiro/rust_ws/install/rcl_interfaces/include/rcl_interfaces/rcl_interfaces/msg/detail/parameter_value__functions.h
[0.983s] -- Up-to-date: /home/hiro/rust_ws/install/rcl_interfaces/include/rcl_interfaces/rcl_interfaces/msg/detail/parameter_descriptor__struct.h
[0.984s] -- Up-to-date: /home/hiro/rust_ws/install/rcl_interfaces/include/rcl_interfaces/rcl_interfaces/msg/detail/list_parameters_result__type_support.h
[0.984s] -- Up-to-date: /home/hiro/rust_ws/install/rcl_interfaces/include/rcl_interfaces/rcl_interfaces/msg/detail/parameter__functions.c
[0.984s] -- Up-to-date: /home/hiro/rust_ws/install/rcl_interfaces/include/rcl_interfaces/rcl_interfaces/msg/detail/integer_range__functions.h
[0.984s] -- Up-to-date: /home/hiro/rust_ws/install/rcl_interfaces/include/rcl_interfaces/rcl_interfaces/msg/detail/parameter__type_support.h
[0.984s] -- Up-to-date: /home/hiro/rust_ws/install/rcl_interfaces/include/rcl_interfaces/rcl_interfaces/msg/detail/parameter_type__type_support.h
[0.985s] -- Up-to-date: /home/hiro/rust_ws/install/rcl_interfaces/include/rcl_interfaces/rcl_interfaces/msg/detail/parameter_value__struct.h
[0.985s] -- Up-to-date: /home/hiro/rust_ws/install/rcl_interfaces/include/rcl_interfaces/rcl_interfaces/msg/detail/parameter_event_descriptors__functions.h
[0.985s] -- Up-to-date: /home/hiro/rust_ws/install/rcl_interfaces/include/rcl_interfaces/rcl_interfaces/msg/detail/parameter__functions.h
[0.985s] -- Up-to-date: /home/hiro/rust_ws/install/rcl_interfaces/include/rcl_interfaces/rcl_interfaces/msg/detail/set_parameters_result__functions.h
[0.986s] -- Up-to-date: /home/hiro/rust_ws/install/rcl_interfaces/include/rcl_interfaces/rcl_interfaces/msg/detail/parameter_event__struct.h
[0.986s] -- Up-to-date: /home/hiro/rust_ws/install/rcl_interfaces/include/rcl_interfaces/rcl_interfaces/msg/detail/list_parameters_result__functions.c
[0.986s] -- Up-to-date: /home/hiro/rust_ws/install/rcl_interfaces/include/rcl_interfaces/rcl_interfaces/msg/detail/set_parameters_result__struct.h
[0.988s] -- Up-to-date: /home/hiro/rust_ws/install/rcl_interfaces/include/rcl_interfaces/rcl_interfaces/msg/detail/set_parameters_result__functions.c
[0.988s] -- Up-to-date: /home/hiro/rust_ws/install/rcl_interfaces/include/rcl_interfaces/rcl_interfaces/msg/detail/parameter_descriptor__type_support.h
[0.989s] -- Up-to-date: /home/hiro/rust_ws/install/rcl_interfaces/include/rcl_interfaces/rcl_interfaces/msg/detail/log__struct.h
[0.989s] -- Up-to-date: /home/hiro/rust_ws/install/rcl_interfaces/include/rcl_interfaces/rcl_interfaces/msg/detail/integer_range__functions.c
[0.989s] -- Up-to-date: /home/hiro/rust_ws/install/rcl_interfaces/include/rcl_interfaces/rcl_interfaces/msg/detail/list_parameters_result__functions.h
[0.989s] -- Up-to-date: /home/hiro/rust_ws/install/rcl_interfaces/include/rcl_interfaces/rcl_interfaces/msg/detail/parameter_event_descriptors__struct.h
[0.989s] -- Up-to-date: /home/hiro/rust_ws/install/rcl_interfaces/include/rcl_interfaces/rcl_interfaces/msg/detail/parameter__struct.h
[0.989s] -- Up-to-date: /home/hiro/rust_ws/install/rcl_interfaces/include/rcl_interfaces/rcl_interfaces/msg/detail/parameter_event_descriptors__type_support.h
[0.990s] -- Up-to-date: /home/hiro/rust_ws/install/rcl_interfaces/include/rcl_interfaces/rcl_interfaces/msg/detail/floating_point_range__struct.h
[0.990s] -- Up-to-date: /home/hiro/rust_ws/install/rcl_interfaces/include/rcl_interfaces/rcl_interfaces/msg/detail/parameter_type__functions.c
[0.990s] -- Up-to-date: /home/hiro/rust_ws/install/rcl_interfaces/include/rcl_interfaces/rcl_interfaces/msg/detail/log__type_support.h
[0.991s] -- Up-to-date: /home/hiro/rust_ws/install/rcl_interfaces/include/rcl_interfaces/rcl_interfaces/msg/detail/floating_point_range__functions.h
[0.991s] -- Up-to-date: /home/hiro/rust_ws/install/rcl_interfaces/include/rcl_interfaces/rcl_interfaces/msg/detail/parameter_type__struct.h
[0.991s] -- Up-to-date: /home/hiro/rust_ws/install/rcl_interfaces/include/rcl_interfaces/rcl_interfaces/msg/detail/floating_point_range__type_support.h
[0.991s] -- Up-to-date: /home/hiro/rust_ws/install/rcl_interfaces/include/rcl_interfaces/rcl_interfaces/msg/detail/log__functions.c
[0.991s] -- Up-to-date: /home/hiro/rust_ws/install/rcl_interfaces/include/rcl_interfaces/rcl_interfaces/msg/detail/parameter_descriptor__functions.h
[0.991s] -- Up-to-date: /home/hiro/rust_ws/install/rcl_interfaces/include/rcl_interfaces/rcl_interfaces/msg/detail/log__functions.h
[0.991s] -- Up-to-date: /home/hiro/rust_ws/install/rcl_interfaces/include/rcl_interfaces/rcl_interfaces/msg/detail/parameter_event__functions.h
[0.991s] -- Up-to-date: /home/hiro/rust_ws/install/rcl_interfaces/include/rcl_interfaces/rcl_interfaces/msg/detail/floating_point_range__functions.c
[0.992s] -- Up-to-date: /home/hiro/rust_ws/install/rcl_interfaces/include/rcl_interfaces/rcl_interfaces/msg/detail/parameter_value__functions.c
[0.992s] -- Up-to-date: /home/hiro/rust_ws/install/rcl_interfaces/include/rcl_interfaces/rcl_interfaces/msg/detail/parameter_event__functions.c
[0.992s] -- Up-to-date: /home/hiro/rust_ws/install/rcl_interfaces/include/rcl_interfaces/rcl_interfaces/msg/detail/integer_range__struct.h
[0.992s] -- Up-to-date: /home/hiro/rust_ws/install/rcl_interfaces/include/rcl_interfaces/rcl_interfaces/msg/detail/parameter_event_descriptors__functions.c
[0.992s] -- Up-to-date: /home/hiro/rust_ws/install/rcl_interfaces/include/rcl_interfaces/rcl_interfaces/msg/parameter_event.h
[0.992s] -- Up-to-date: /home/hiro/rust_ws/install/rcl_interfaces/include/rcl_interfaces/rcl_interfaces/msg/set_parameters_result.h
[0.993s] -- Up-to-date: /home/hiro/rust_ws/install/rcl_interfaces/include/rcl_interfaces/rcl_interfaces/msg/parameter_value.h
[0.993s] -- Up-to-date: /home/hiro/rust_ws/install/rcl_interfaces/include/rcl_interfaces/rcl_interfaces/srv
[0.993s] -- Up-to-date: /home/hiro/rust_ws/install/rcl_interfaces/include/rcl_interfaces/rcl_interfaces/srv/describe_parameters.h
[0.993s] -- Up-to-date: /home/hiro/rust_ws/install/rcl_interfaces/include/rcl_interfaces/rcl_interfaces/srv/get_parameter_types.h
[0.993s] -- Up-to-date: /home/hiro/rust_ws/install/rcl_interfaces/include/rcl_interfaces/rcl_interfaces/srv/list_parameters.h
[0.993s] -- Up-to-date: /home/hiro/rust_ws/install/rcl_interfaces/include/rcl_interfaces/rcl_interfaces/srv/set_parameters.h
[0.993s] -- Up-to-date: /home/hiro/rust_ws/install/rcl_interfaces/include/rcl_interfaces/rcl_interfaces/srv/detail
[0.994s] -- Up-to-date: /home/hiro/rust_ws/install/rcl_interfaces/include/rcl_interfaces/rcl_interfaces/srv/detail/set_parameters__functions.c
[0.994s] -- Up-to-date: /home/hiro/rust_ws/install/rcl_interfaces/include/rcl_interfaces/rcl_interfaces/srv/detail/set_parameters__functions.h
[0.994s] -- Up-to-date: /home/hiro/rust_ws/install/rcl_interfaces/include/rcl_interfaces/rcl_interfaces/srv/detail/set_parameters__struct.h
[0.994s] -- Up-to-date: /home/hiro/rust_ws/install/rcl_interfaces/include/rcl_interfaces/rcl_interfaces/srv/detail/set_parameters_atomically__struct.h
[0.994s] -- Up-to-date: /home/hiro/rust_ws/install/rcl_interfaces/include/rcl_interfaces/rcl_interfaces/srv/detail/describe_parameters__type_support.h
[0.994s] -- Up-to-date: /home/hiro/rust_ws/install/rcl_interfaces/include/rcl_interfaces/rcl_interfaces/srv/detail/list_parameters__functions.c
[0.994s] -- Up-to-date: /home/hiro/rust_ws/install/rcl_interfaces/include/rcl_interfaces/rcl_interfaces/srv/detail/describe_parameters__functions.h
[0.994s] -- Up-to-date: /home/hiro/rust_ws/install/rcl_interfaces/include/rcl_interfaces/rcl_interfaces/srv/detail/describe_parameters__functions.c
[0.994s] -- Up-to-date: /home/hiro/rust_ws/install/rcl_interfaces/include/rcl_interfaces/rcl_interfaces/srv/detail/get_parameters__functions.h
[0.994s] -- Up-to-date: /home/hiro/rust_ws/install/rcl_interfaces/include/rcl_interfaces/rcl_interfaces/srv/detail/set_parameters_atomically__type_support.h
[0.995s] -- Up-to-date: /home/hiro/rust_ws/install/rcl_interfaces/include/rcl_interfaces/rcl_interfaces/srv/detail/list_parameters__struct.h
[0.995s] -- Up-to-date: /home/hiro/rust_ws/install/rcl_interfaces/include/rcl_interfaces/rcl_interfaces/srv/detail/set_parameters_atomically__functions.h
[0.995s] -- Up-to-date: /home/hiro/rust_ws/install/rcl_interfaces/include/rcl_interfaces/rcl_interfaces/srv/detail/set_parameters__type_support.h
[0.995s] -- Up-to-date: /home/hiro/rust_ws/install/rcl_interfaces/include/rcl_interfaces/rcl_interfaces/srv/detail/describe_parameters__struct.h
[0.995s] -- Up-to-date: /home/hiro/rust_ws/install/rcl_interfaces/include/rcl_interfaces/rcl_interfaces/srv/detail/list_parameters__functions.h
[0.995s] -- Up-to-date: /home/hiro/rust_ws/install/rcl_interfaces/include/rcl_interfaces/rcl_interfaces/srv/detail/list_parameters__type_support.h
[0.995s] -- Up-to-date: /home/hiro/rust_ws/install/rcl_interfaces/include/rcl_interfaces/rcl_interfaces/srv/detail/get_parameters__type_support.h
[0.995s] -- Up-to-date: /home/hiro/rust_ws/install/rcl_interfaces/include/rcl_interfaces/rcl_interfaces/srv/detail/get_parameter_types__functions.h
[0.995s] -- Up-to-date: /home/hiro/rust_ws/install/rcl_interfaces/include/rcl_interfaces/rcl_interfaces/srv/detail/get_parameter_types__struct.h
[0.996s] -- Up-to-date: /home/hiro/rust_ws/install/rcl_interfaces/include/rcl_interfaces/rcl_interfaces/srv/detail/get_parameter_types__type_support.h
[0.996s] -- Up-to-date: /home/hiro/rust_ws/install/rcl_interfaces/include/rcl_interfaces/rcl_interfaces/srv/detail/set_parameters_atomically__functions.c
[0.996s] -- Up-to-date: /home/hiro/rust_ws/install/rcl_interfaces/include/rcl_interfaces/rcl_interfaces/srv/detail/get_parameters__functions.c
[0.996s] -- Up-to-date: /home/hiro/rust_ws/install/rcl_interfaces/include/rcl_interfaces/rcl_interfaces/srv/detail/get_parameters__struct.h
[0.996s] -- Up-to-date: /home/hiro/rust_ws/install/rcl_interfaces/include/rcl_interfaces/rcl_interfaces/srv/detail/get_parameter_types__functions.c
[0.996s] -- Up-to-date: /home/hiro/rust_ws/install/rcl_interfaces/include/rcl_interfaces/rcl_interfaces/srv/get_parameters.h
[0.996s] -- Up-to-date: /home/hiro/rust_ws/install/rcl_interfaces/include/rcl_interfaces/rcl_interfaces/srv/set_parameters_atomically.h
[0.996s] -- Up-to-date: /home/hiro/rust_ws/install/rcl_interfaces/share/rcl_interfaces/environment/library_path.sh
[0.996s] -- Up-to-date: /home/hiro/rust_ws/install/rcl_interfaces/share/rcl_interfaces/environment/library_path.dsv
[0.997s] -- Up-to-date: /home/hiro/rust_ws/install/rcl_interfaces/lib/librcl_interfaces__rosidl_generator_c.so
[0.997s] -- Up-to-date: /home/hiro/rust_ws/install/rcl_interfaces/include/rcl_interfaces/rcl_interfaces
[0.997s] -- Up-to-date: /home/hiro/rust_ws/install/rcl_interfaces/include/rcl_interfaces/rcl_interfaces/msg
[0.997s] -- Up-to-date: /home/hiro/rust_ws/install/rcl_interfaces/include/rcl_interfaces/rcl_interfaces/msg/detail
[0.997s] -- Up-to-date: /home/hiro/rust_ws/install/rcl_interfaces/include/rcl_interfaces/rcl_interfaces/msg/detail/floating_point_range__rosidl_typesupport_fastrtps_c.h
[0.997s] -- Up-to-date: /home/hiro/rust_ws/install/rcl_interfaces/include/rcl_interfaces/rcl_interfaces/msg/detail/parameter__rosidl_typesupport_fastrtps_c.h
[0.997s] -- Up-to-date: /home/hiro/rust_ws/install/rcl_interfaces/include/rcl_interfaces/rcl_interfaces/msg/detail/parameter_type__rosidl_typesupport_fastrtps_c.h
[0.998s] -- Up-to-date: /home/hiro/rust_ws/install/rcl_interfaces/include/rcl_interfaces/rcl_interfaces/msg/detail/parameter_descriptor__rosidl_typesupport_fastrtps_c.h
[0.998s] -- Up-to-date: /home/hiro/rust_ws/install/rcl_interfaces/include/rcl_interfaces/rcl_interfaces/msg/detail/list_parameters_result__rosidl_typesupport_fastrtps_c.h
[0.998s] -- Up-to-date: /home/hiro/rust_ws/install/rcl_interfaces/include/rcl_interfaces/rcl_interfaces/msg/detail/log__rosidl_typesupport_fastrtps_c.h
[0.998s] -- Up-to-date: /home/hiro/rust_ws/install/rcl_interfaces/include/rcl_interfaces/rcl_interfaces/msg/detail/parameter_value__rosidl_typesupport_fastrtps_c.h
[0.998s] -- Up-to-date: /home/hiro/rust_ws/install/rcl_interfaces/include/rcl_interfaces/rcl_interfaces/msg/detail/parameter_event__rosidl_typesupport_fastrtps_c.h
[0.998s] -- Up-to-date: /home/hiro/rust_ws/install/rcl_interfaces/include/rcl_interfaces/rcl_interfaces/msg/detail/parameter_event_descriptors__rosidl_typesupport_fastrtps_c.h
[0.999s] -- Up-to-date: /home/hiro/rust_ws/install/rcl_interfaces/include/rcl_interfaces/rcl_interfaces/msg/detail/set_parameters_result__rosidl_typesupport_fastrtps_c.h
[0.999s] -- Up-to-date: /home/hiro/rust_ws/install/rcl_interfaces/include/rcl_interfaces/rcl_interfaces/msg/detail/integer_range__rosidl_typesupport_fastrtps_c.h
[0.999s] -- Up-to-date: /home/hiro/rust_ws/install/rcl_interfaces/include/rcl_interfaces/rcl_interfaces/msg/rosidl_typesupport_fastrtps_c__visibility_control.h
[0.999s] -- Up-to-date: /home/hiro/rust_ws/install/rcl_interfaces/include/rcl_interfaces/rcl_interfaces/srv
[0.999s] -- Up-to-date: /home/hiro/rust_ws/install/rcl_interfaces/include/rcl_interfaces/rcl_interfaces/srv/detail
[0.999s] -- Up-to-date: /home/hiro/rust_ws/install/rcl_interfaces/include/rcl_interfaces/rcl_interfaces/srv/detail/set_parameters_atomically__rosidl_typesupport_fastrtps_c.h
[0.999s] -- Up-to-date: /home/hiro/rust_ws/install/rcl_interfaces/include/rcl_interfaces/rcl_interfaces/srv/detail/get_parameters__rosidl_typesupport_fastrtps_c.h
[0.999s] -- Up-to-date: /home/hiro/rust_ws/install/rcl_interfaces/include/rcl_interfaces/rcl_interfaces/srv/detail/list_parameters__rosidl_typesupport_fastrtps_c.h
[0.999s] -- Up-to-date: /home/hiro/rust_ws/install/rcl_interfaces/include/rcl_interfaces/rcl_interfaces/srv/detail/get_parameter_types__rosidl_typesupport_fastrtps_c.h
[0.999s] -- Up-to-date: /home/hiro/rust_ws/install/rcl_interfaces/include/rcl_interfaces/rcl_interfaces/srv/detail/describe_parameters__rosidl_typesupport_fastrtps_c.h
[1.000s] -- Up-to-date: /home/hiro/rust_ws/install/rcl_interfaces/include/rcl_interfaces/rcl_interfaces/srv/detail/set_parameters__rosidl_typesupport_fastrtps_c.h
[1.000s] -- Up-to-date: /home/hiro/rust_ws/install/rcl_interfaces/lib/librcl_interfaces__rosidl_typesupport_fastrtps_c.so
[1.000s] -- Up-to-date: /home/hiro/rust_ws/install/rcl_interfaces/include/rcl_interfaces/rcl_interfaces
[1.000s] -- Up-to-date: /home/hiro/rust_ws/install/rcl_interfaces/include/rcl_interfaces/rcl_interfaces/msg
[1.000s] -- Up-to-date: /home/hiro/rust_ws/install/rcl_interfaces/include/rcl_interfaces/rcl_interfaces/msg/rosidl_typesupport_introspection_c__visibility_control.h
[1.000s] -- Up-to-date: /home/hiro/rust_ws/install/rcl_interfaces/include/rcl_interfaces/rcl_interfaces/msg/detail
[1.000s] -- Up-to-date: /home/hiro/rust_ws/install/rcl_interfaces/include/rcl_interfaces/rcl_interfaces/msg/detail/parameter__type_support.c
[1.000s] -- Up-to-date: /home/hiro/rust_ws/install/rcl_interfaces/include/rcl_interfaces/rcl_interfaces/msg/detail/parameter__rosidl_typesupport_introspection_c.h
[1.000s] -- Up-to-date: /home/hiro/rust_ws/install/rcl_interfaces/include/rcl_interfaces/rcl_interfaces/msg/detail/integer_range__rosidl_typesupport_introspection_c.h
[1.000s] -- Up-to-date: /home/hiro/rust_ws/install/rcl_interfaces/include/rcl_interfaces/rcl_interfaces/msg/detail/set_parameters_result__type_support.c
[1.001s] -- Up-to-date: /home/hiro/rust_ws/install/rcl_interfaces/include/rcl_interfaces/rcl_interfaces/msg/detail/parameter_type__type_support.c
[1.001s] -- Up-to-date: /home/hiro/rust_ws/install/rcl_interfaces/include/rcl_interfaces/rcl_interfaces/msg/detail/parameter_value__rosidl_typesupport_introspection_c.h
[1.001s] -- Up-to-date: /home/hiro/rust_ws/install/rcl_interfaces/include/rcl_interfaces/rcl_interfaces/msg/detail/log__rosidl_typesupport_introspection_c.h
[1.001s] -- Up-to-date: /home/hiro/rust_ws/install/rcl_interfaces/include/rcl_interfaces/rcl_interfaces/msg/detail/parameter_value__type_support.c
[1.001s] -- Up-to-date: /home/hiro/rust_ws/install/rcl_interfaces/include/rcl_interfaces/rcl_interfaces/msg/detail/floating_point_range__rosidl_typesupport_introspection_c.h
[1.001s] -- Up-to-date: /home/hiro/rust_ws/install/rcl_interfaces/include/rcl_interfaces/rcl_interfaces/msg/detail/parameter_type__rosidl_typesupport_introspection_c.h
[1.002s] -- Up-to-date: /home/hiro/rust_ws/install/rcl_interfaces/include/rcl_interfaces/rcl_interfaces/msg/detail/parameter_descriptor__type_support.c
[1.002s] -- Up-to-date: /home/hiro/rust_ws/install/rcl_interfaces/include/rcl_interfaces/rcl_interfaces/msg/detail/parameter_event_descriptors__type_support.c
[1.002s] -- Up-to-date: /home/hiro/rust_ws/install/rcl_interfaces/include/rcl_interfaces/rcl_interfaces/msg/detail/parameter_event__rosidl_typesupport_introspection_c.h
[1.002s] -- Up-to-date: /home/hiro/rust_ws/install/rcl_interfaces/include/rcl_interfaces/rcl_interfaces/msg/detail/parameter_event__type_support.c
[1.002s] -- Up-to-date: /home/hiro/rust_ws/install/rcl_interfaces/include/rcl_interfaces/rcl_interfaces/msg/detail/parameter_descriptor__rosidl_typesupport_introspection_c.h
[1.002s] -- Up-to-date: /home/hiro/rust_ws/install/rcl_interfaces/include/rcl_interfaces/rcl_interfaces/msg/detail/log__type_support.c
[1.002s] -- Up-to-date: /home/hiro/rust_ws/install/rcl_interfaces/include/rcl_interfaces/rcl_interfaces/msg/detail/parameter_event_descriptors__rosidl_typesupport_introspection_c.h
[1.002s] -- Up-to-date: /home/hiro/rust_ws/install/rcl_interfaces/include/rcl_interfaces/rcl_interfaces/msg/detail/floating_point_range__type_support.c
[1.003s] -- Up-to-date: /home/hiro/rust_ws/install/rcl_interfaces/include/rcl_interfaces/rcl_interfaces/msg/detail/list_parameters_result__rosidl_typesupport_introspection_c.h
[1.003s] -- Up-to-date: /home/hiro/rust_ws/install/rcl_interfaces/include/rcl_interfaces/rcl_interfaces/msg/detail/list_parameters_result__type_support.c
[1.003s] -- Up-to-date: /home/hiro/rust_ws/install/rcl_interfaces/include/rcl_interfaces/rcl_interfaces/msg/detail/set_parameters_result__rosidl_typesupport_introspection_c.h
[1.003s] -- Up-to-date: /home/hiro/rust_ws/install/rcl_interfaces/include/rcl_interfaces/rcl_interfaces/msg/detail/integer_range__type_support.c
[1.003s] -- Up-to-date: /home/hiro/rust_ws/install/rcl_interfaces/include/rcl_interfaces/rcl_interfaces/srv
[1.003s] -- Up-to-date: /home/hiro/rust_ws/install/rcl_interfaces/include/rcl_interfaces/rcl_interfaces/srv/detail
[1.003s] -- Up-to-date: /home/hiro/rust_ws/install/rcl_interfaces/include/rcl_interfaces/rcl_interfaces/srv/detail/get_parameter_types__rosidl_typesupport_introspection_c.h
[1.003s] -- Up-to-date: /home/hiro/rust_ws/install/rcl_interfaces/include/rcl_interfaces/rcl_interfaces/srv/detail/describe_parameters__rosidl_typesupport_introspection_c.h
[1.003s] -- Up-to-date: /home/hiro/rust_ws/install/rcl_interfaces/include/rcl_interfaces/rcl_interfaces/srv/detail/get_parameters__type_support.c
[1.004s] -- Up-to-date: /home/hiro/rust_ws/install/rcl_interfaces/include/rcl_interfaces/rcl_interfaces/srv/detail/list_parameters__rosidl_typesupport_introspection_c.h
[1.004s] -- Up-to-date: /home/hiro/rust_ws/install/rcl_interfaces/include/rcl_interfaces/rcl_interfaces/srv/detail/set_parameters__rosidl_typesupport_introspection_c.h
[1.004s] -- Up-to-date: /home/hiro/rust_ws/install/rcl_interfaces/include/rcl_interfaces/rcl_interfaces/srv/detail/set_parameters_atomically__type_support.c
[1.004s] -- Up-to-date: /home/hiro/rust_ws/install/rcl_interfaces/include/rcl_interfaces/rcl_interfaces/srv/detail/set_parameters__type_support.c
[1.004s] -- Up-to-date: /home/hiro/rust_ws/install/rcl_interfaces/include/rcl_interfaces/rcl_interfaces/srv/detail/set_parameters_atomically__rosidl_typesupport_introspection_c.h
[1.004s] -- Up-to-date: /home/hiro/rust_ws/install/rcl_interfaces/include/rcl_interfaces/rcl_interfaces/srv/detail/describe_parameters__type_support.c
[1.004s] -- Up-to-date: /home/hiro/rust_ws/install/rcl_interfaces/include/rcl_interfaces/rcl_interfaces/srv/detail/get_parameters__rosidl_typesupport_introspection_c.h
[1.004s] -- Up-to-date: /home/hiro/rust_ws/install/rcl_interfaces/include/rcl_interfaces/rcl_interfaces/srv/detail/list_parameters__type_support.c
[1.004s] -- Up-to-date: /home/hiro/rust_ws/install/rcl_interfaces/include/rcl_interfaces/rcl_interfaces/srv/detail/get_parameter_types__type_support.c
[1.005s] -- Up-to-date: /home/hiro/rust_ws/install/rcl_interfaces/lib/librcl_interfaces__rosidl_typesupport_introspection_c.so
[1.005s] -- Up-to-date: /home/hiro/rust_ws/install/rcl_interfaces/lib/librcl_interfaces__rosidl_typesupport_c.so
[1.005s] -- Up-to-date: /home/hiro/rust_ws/install/rcl_interfaces/include/rcl_interfaces/rcl_interfaces
[1.005s] -- Up-to-date: /home/hiro/rust_ws/install/rcl_interfaces/include/rcl_interfaces/rcl_interfaces/msg
[1.005s] -- Up-to-date: /home/hiro/rust_ws/install/rcl_interfaces/include/rcl_interfaces/rcl_interfaces/msg/list_parameters_result.hpp
[1.005s] -- Up-to-date: /home/hiro/rust_ws/install/rcl_interfaces/include/rcl_interfaces/rcl_interfaces/msg/parameter_event_descriptors.hpp
[1.006s] -- Up-to-date: /home/hiro/rust_ws/install/rcl_interfaces/include/rcl_interfaces/rcl_interfaces/msg/parameter.hpp
[1.006s] -- Up-to-date: /home/hiro/rust_ws/install/rcl_interfaces/include/rcl_interfaces/rcl_interfaces/msg/parameter_event.hpp
[1.006s] -- Up-to-date: /home/hiro/rust_ws/install/rcl_interfaces/include/rcl_interfaces/rcl_interfaces/msg/integer_range.hpp
[1.006s] -- Up-to-date: /home/hiro/rust_ws/install/rcl_interfaces/include/rcl_interfaces/rcl_interfaces/msg/floating_point_range.hpp
[1.006s] -- Up-to-date: /home/hiro/rust_ws/install/rcl_interfaces/include/rcl_interfaces/rcl_interfaces/msg/parameter_descriptor.hpp
[1.006s] -- Up-to-date: /home/hiro/rust_ws/install/rcl_interfaces/include/rcl_interfaces/rcl_interfaces/msg/log.hpp
[1.006s] -- Up-to-date: /home/hiro/rust_ws/install/rcl_interfaces/include/rcl_interfaces/rcl_interfaces/msg/parameter_value.hpp
[1.006s] -- Up-to-date: /home/hiro/rust_ws/install/rcl_interfaces/include/rcl_interfaces/rcl_interfaces/msg/set_parameters_result.hpp
[1.006s] -- Up-to-date: /home/hiro/rust_ws/install/rcl_interfaces/include/rcl_interfaces/rcl_interfaces/msg/detail
[1.006s] -- Up-to-date: /home/hiro/rust_ws/install/rcl_interfaces/include/rcl_interfaces/rcl_interfaces/msg/detail/parameter_descriptor__builder.hpp
[1.006s] -- Up-to-date: /home/hiro/rust_ws/install/rcl_interfaces/include/rcl_interfaces/rcl_interfaces/msg/detail/parameter_value__traits.hpp
[1.007s] -- Up-to-date: /home/hiro/rust_ws/install/rcl_interfaces/include/rcl_interfaces/rcl_interfaces/msg/detail/parameter_type__traits.hpp
[1.007s] -- Up-to-date: /home/hiro/rust_ws/install/rcl_interfaces/include/rcl_interfaces/rcl_interfaces/msg/detail/integer_range__traits.hpp
[1.007s] -- Up-to-date: /home/hiro/rust_ws/install/rcl_interfaces/include/rcl_interfaces/rcl_interfaces/msg/detail/parameter_descriptor__struct.hpp
[1.007s] -- Up-to-date: /home/hiro/rust_ws/install/rcl_interfaces/include/rcl_interfaces/rcl_interfaces/msg/detail/parameter__traits.hpp
[1.007s] -- Up-to-date: /home/hiro/rust_ws/install/rcl_interfaces/include/rcl_interfaces/rcl_interfaces/msg/detail/parameter_event__traits.hpp
[1.007s] -- Up-to-date: /home/hiro/rust_ws/install/rcl_interfaces/include/rcl_interfaces/rcl_interfaces/msg/detail/log__struct.hpp
[1.007s] -- Up-to-date: /home/hiro/rust_ws/install/rcl_interfaces/include/rcl_interfaces/rcl_interfaces/msg/detail/set_parameters_result__builder.hpp
[1.008s] -- Up-to-date: /home/hiro/rust_ws/install/rcl_interfaces/include/rcl_interfaces/rcl_interfaces/msg/detail/integer_range__builder.hpp
[1.008s] -- Up-to-date: /home/hiro/rust_ws/install/rcl_interfaces/include/rcl_interfaces/rcl_interfaces/msg/detail/parameter_event__struct.hpp
[1.008s] -- Up-to-date: /home/hiro/rust_ws/install/rcl_interfaces/include/rcl_interfaces/rcl_interfaces/msg/detail/list_parameters_result__traits.hpp
[1.008s] -- Up-to-date: /home/hiro/rust_ws/install/rcl_interfaces/include/rcl_interfaces/rcl_interfaces/msg/detail/parameter_event_descriptors__traits.hpp
[1.008s] -- Up-to-date: /home/hiro/rust_ws/install/rcl_interfaces/include/rcl_interfaces/rcl_interfaces/msg/detail/parameter__struct.hpp
[1.008s] -- Up-to-date: /home/hiro/rust_ws/install/rcl_interfaces/include/rcl_interfaces/rcl_interfaces/msg/detail/list_parameters_result__builder.hpp
[1.009s] -- Up-to-date: /home/hiro/rust_ws/install/rcl_interfaces/include/rcl_interfaces/rcl_interfaces/msg/detail/log__traits.hpp
[1.009s] -- Up-to-date: /home/hiro/rust_ws/install/rcl_interfaces/include/rcl_interfaces/rcl_interfaces/msg/detail/floating_point_range__struct.hpp
[1.009s] -- Up-to-date: /home/hiro/rust_ws/install/rcl_interfaces/include/rcl_interfaces/rcl_interfaces/msg/detail/parameter_type__builder.hpp
[1.009s] -- Up-to-date: /home/hiro/rust_ws/install/rcl_interfaces/include/rcl_interfaces/rcl_interfaces/msg/detail/floating_point_range__traits.hpp
[1.009s] -- Up-to-date: /home/hiro/rust_ws/install/rcl_interfaces/include/rcl_interfaces/rcl_interfaces/msg/detail/parameter_event_descriptors__builder.hpp
[1.010s] -- Up-to-date: /home/hiro/rust_ws/install/rcl_interfaces/include/rcl_interfaces/rcl_interfaces/msg/detail/parameter_event__builder.hpp
[1.011s] -- Up-to-date: /home/hiro/rust_ws/install/rcl_interfaces/include/rcl_interfaces/rcl_interfaces/msg/detail/floating_point_range__builder.hpp
[1.011s] -- Up-to-date: /home/hiro/rust_ws/install/rcl_interfaces/include/rcl_interfaces/rcl_interfaces/msg/detail/parameter__builder.hpp
[1.011s] -- Up-to-date: /home/hiro/rust_ws/install/rcl_interfaces/include/rcl_interfaces/rcl_interfaces/msg/detail/list_parameters_result__struct.hpp
[1.011s] -- Up-to-date: /home/hiro/rust_ws/install/rcl_interfaces/include/rcl_interfaces/rcl_interfaces/msg/detail/set_parameters_result__traits.hpp
[1.011s] -- Up-to-date: /home/hiro/rust_ws/install/rcl_interfaces/include/rcl_interfaces/rcl_interfaces/msg/detail/set_parameters_result__struct.hpp
[1.012s] -- Up-to-date: /home/hiro/rust_ws/install/rcl_interfaces/include/rcl_interfaces/rcl_interfaces/msg/detail/parameter_descriptor__traits.hpp
[1.012s] -- Up-to-date: /home/hiro/rust_ws/install/rcl_interfaces/include/rcl_interfaces/rcl_interfaces/msg/detail/parameter_value__struct.hpp
[1.012s] -- Up-to-date: /home/hiro/rust_ws/install/rcl_interfaces/include/rcl_interfaces/rcl_interfaces/msg/detail/integer_range__struct.hpp
[1.012s] -- Up-to-date: /home/hiro/rust_ws/install/rcl_interfaces/include/rcl_interfaces/rcl_interfaces/msg/detail/parameter_value__builder.hpp
[1.012s] -- Up-to-date: /home/hiro/rust_ws/install/rcl_interfaces/include/rcl_interfaces/rcl_interfaces/msg/detail/parameter_event_descriptors__struct.hpp
[1.012s] -- Up-to-date: /home/hiro/rust_ws/install/rcl_interfaces/include/rcl_interfaces/rcl_interfaces/msg/detail/parameter_type__struct.hpp
[1.012s] -- Up-to-date: /home/hiro/rust_ws/install/rcl_interfaces/include/rcl_interfaces/rcl_interfaces/msg/detail/log__builder.hpp
[1.012s] -- Up-to-date: /home/hiro/rust_ws/install/rcl_interfaces/include/rcl_interfaces/rcl_interfaces/msg/parameter_type.hpp
[1.012s] -- Up-to-date: /home/hiro/rust_ws/install/rcl_interfaces/include/rcl_interfaces/rcl_interfaces/srv
[1.012s] -- Up-to-date: /home/hiro/rust_ws/install/rcl_interfaces/include/rcl_interfaces/rcl_interfaces/srv/list_parameters.hpp
[1.013s] -- Up-to-date: /home/hiro/rust_ws/install/rcl_interfaces/include/rcl_interfaces/rcl_interfaces/srv/set_parameters.hpp
[1.013s] -- Up-to-date: /home/hiro/rust_ws/install/rcl_interfaces/include/rcl_interfaces/rcl_interfaces/srv/describe_parameters.hpp
[1.013s] -- Up-to-date: /home/hiro/rust_ws/install/rcl_interfaces/include/rcl_interfaces/rcl_interfaces/srv/get_parameter_types.hpp
[1.013s] -- Up-to-date: /home/hiro/rust_ws/install/rcl_interfaces/include/rcl_interfaces/rcl_interfaces/srv/detail
[1.013s] -- Up-to-date: /home/hiro/rust_ws/install/rcl_interfaces/include/rcl_interfaces/rcl_interfaces/srv/detail/describe_parameters__struct.hpp
[1.013s] -- Up-to-date: /home/hiro/rust_ws/install/rcl_interfaces/include/rcl_interfaces/rcl_interfaces/srv/detail/set_parameters_atomically__builder.hpp
[1.013s] -- Up-to-date: /home/hiro/rust_ws/install/rcl_interfaces/include/rcl_interfaces/rcl_interfaces/srv/detail/set_parameters_atomically__traits.hpp
[1.014s] -- Up-to-date: /home/hiro/rust_ws/install/rcl_interfaces/include/rcl_interfaces/rcl_interfaces/srv/detail/get_parameters__builder.hpp
[1.014s] -- Up-to-date: /home/hiro/rust_ws/install/rcl_interfaces/include/rcl_interfaces/rcl_interfaces/srv/detail/describe_parameters__traits.hpp
[1.014s] -- Up-to-date: /home/hiro/rust_ws/install/rcl_interfaces/include/rcl_interfaces/rcl_interfaces/srv/detail/get_parameter_types__struct.hpp
[1.015s] -- Up-to-date: /home/hiro/rust_ws/install/rcl_interfaces/include/rcl_interfaces/rcl_interfaces/srv/detail/list_parameters__traits.hpp
[1.015s] -- Up-to-date: /home/hiro/rust_ws/install/rcl_interfaces/include/rcl_interfaces/rcl_interfaces/srv/detail/get_parameters__struct.hpp
[1.015s] -- Up-to-date: /home/hiro/rust_ws/install/rcl_interfaces/include/rcl_interfaces/rcl_interfaces/srv/detail/set_parameters_atomically__struct.hpp
[1.015s] -- Up-to-date: /home/hiro/rust_ws/install/rcl_interfaces/include/rcl_interfaces/rcl_interfaces/srv/detail/get_parameters__traits.hpp
[1.015s] -- Up-to-date: /home/hiro/rust_ws/install/rcl_interfaces/include/rcl_interfaces/rcl_interfaces/srv/detail/list_parameters__builder.hpp
[1.015s] -- Up-to-date: /home/hiro/rust_ws/install/rcl_interfaces/include/rcl_interfaces/rcl_interfaces/srv/detail/set_parameters__struct.hpp
[1.015s] -- Up-to-date: /home/hiro/rust_ws/install/rcl_interfaces/include/rcl_interfaces/rcl_interfaces/srv/detail/describe_parameters__builder.hpp
[1.015s] -- Up-to-date: /home/hiro/rust_ws/install/rcl_interfaces/include/rcl_interfaces/rcl_interfaces/srv/detail/list_parameters__struct.hpp
[1.016s] -- Up-to-date: /home/hiro/rust_ws/install/rcl_interfaces/include/rcl_interfaces/rcl_interfaces/srv/detail/get_parameter_types__builder.hpp
[1.016s] -- Up-to-date: /home/hiro/rust_ws/install/rcl_interfaces/include/rcl_interfaces/rcl_interfaces/srv/detail/set_parameters__builder.hpp
[1.016s] -- Up-to-date: /home/hiro/rust_ws/install/rcl_interfaces/include/rcl_interfaces/rcl_interfaces/srv/detail/get_parameter_types__traits.hpp
[1.016s] -- Up-to-date: /home/hiro/rust_ws/install/rcl_interfaces/include/rcl_interfaces/rcl_interfaces/srv/detail/set_parameters__traits.hpp
[1.016s] -- Up-to-date: /home/hiro/rust_ws/install/rcl_interfaces/include/rcl_interfaces/rcl_interfaces/srv/set_parameters_atomically.hpp
[1.017s] -- Up-to-date: /home/hiro/rust_ws/install/rcl_interfaces/include/rcl_interfaces/rcl_interfaces/srv/get_parameters.hpp
[1.017s] -- Up-to-date: /home/hiro/rust_ws/install/rcl_interfaces/include/rcl_interfaces/rcl_interfaces
[1.017s] -- Up-to-date: /home/hiro/rust_ws/install/rcl_interfaces/include/rcl_interfaces/rcl_interfaces/msg
[1.017s] -- Up-to-date: /home/hiro/rust_ws/install/rcl_interfaces/include/rcl_interfaces/rcl_interfaces/msg/rosidl_typesupport_fastrtps_cpp__visibility_control.h
[1.017s] -- Up-to-date: /home/hiro/rust_ws/install/rcl_interfaces/include/rcl_interfaces/rcl_interfaces/msg/detail
[1.017s] -- Up-to-date: /home/hiro/rust_ws/install/rcl_interfaces/include/rcl_interfaces/rcl_interfaces/msg/detail/dds_fastrtps
[1.017s] -- Up-to-date: /home/hiro/rust_ws/install/rcl_interfaces/include/rcl_interfaces/rcl_interfaces/msg/detail/log__rosidl_typesupport_fastrtps_cpp.hpp
[1.017s] -- Up-to-date: /home/hiro/rust_ws/install/rcl_interfaces/include/rcl_interfaces/rcl_interfaces/msg/detail/floating_point_range__rosidl_typesupport_fastrtps_cpp.hpp
[1.017s] -- Up-to-date: /home/hiro/rust_ws/install/rcl_interfaces/include/rcl_interfaces/rcl_interfaces/msg/detail/parameter_event_descriptors__rosidl_typesupport_fastrtps_cpp.hpp
[1.018s] -- Up-to-date: /home/hiro/rust_ws/install/rcl_interfaces/include/rcl_interfaces/rcl_interfaces/msg/detail/integer_range__rosidl_typesupport_fastrtps_cpp.hpp
[1.018s] -- Up-to-date: /home/hiro/rust_ws/install/rcl_interfaces/include/rcl_interfaces/rcl_interfaces/msg/detail/parameter__rosidl_typesupport_fastrtps_cpp.hpp
[1.018s] -- Up-to-date: /home/hiro/rust_ws/install/rcl_interfaces/include/rcl_interfaces/rcl_interfaces/msg/detail/parameter_descriptor__rosidl_typesupport_fastrtps_cpp.hpp
[1.018s] -- Up-to-date: /home/hiro/rust_ws/install/rcl_interfaces/include/rcl_interfaces/rcl_interfaces/msg/detail/set_parameters_result__rosidl_typesupport_fastrtps_cpp.hpp
[1.018s] -- Up-to-date: /home/hiro/rust_ws/install/rcl_interfaces/include/rcl_interfaces/rcl_interfaces/msg/detail/list_parameters_result__rosidl_typesupport_fastrtps_cpp.hpp
[1.018s] -- Up-to-date: /home/hiro/rust_ws/install/rcl_interfaces/include/rcl_interfaces/rcl_interfaces/msg/detail/parameter_value__rosidl_typesupport_fastrtps_cpp.hpp
[1.019s] -- Up-to-date: /home/hiro/rust_ws/install/rcl_interfaces/include/rcl_interfaces/rcl_interfaces/msg/detail/parameter_event__rosidl_typesupport_fastrtps_cpp.hpp
[1.019s] -- Up-to-date: /home/hiro/rust_ws/install/rcl_interfaces/include/rcl_interfaces/rcl_interfaces/msg/detail/parameter_type__rosidl_typesupport_fastrtps_cpp.hpp
[1.019s] -- Up-to-date: /home/hiro/rust_ws/install/rcl_interfaces/include/rcl_interfaces/rcl_interfaces/srv
[1.019s] -- Up-to-date: /home/hiro/rust_ws/install/rcl_interfaces/include/rcl_interfaces/rcl_interfaces/srv/detail
[1.019s] -- Up-to-date: /home/hiro/rust_ws/install/rcl_interfaces/include/rcl_interfaces/rcl_interfaces/srv/detail/dds_fastrtps
[1.019s] -- Up-to-date: /home/hiro/rust_ws/install/rcl_interfaces/include/rcl_interfaces/rcl_interfaces/srv/detail/get_parameters__rosidl_typesupport_fastrtps_cpp.hpp
[1.019s] -- Up-to-date: /home/hiro/rust_ws/install/rcl_interfaces/include/rcl_interfaces/rcl_interfaces/srv/detail/set_parameters__rosidl_typesupport_fastrtps_cpp.hpp
[1.020s] -- Up-to-date: /home/hiro/rust_ws/install/rcl_interfaces/include/rcl_interfaces/rcl_interfaces/srv/detail/set_parameters_atomically__rosidl_typesupport_fastrtps_cpp.hpp
[1.020s] -- Up-to-date: /home/hiro/rust_ws/install/rcl_interfaces/include/rcl_interfaces/rcl_interfaces/srv/detail/get_parameter_types__rosidl_typesupport_fastrtps_cpp.hpp
[1.020s] -- Up-to-date: /home/hiro/rust_ws/install/rcl_interfaces/include/rcl_interfaces/rcl_interfaces/srv/detail/list_parameters__rosidl_typesupport_fastrtps_cpp.hpp
[1.020s] -- Up-to-date: /home/hiro/rust_ws/install/rcl_interfaces/include/rcl_interfaces/rcl_interfaces/srv/detail/describe_parameters__rosidl_typesupport_fastrtps_cpp.hpp
[1.020s] -- Up-to-date: /home/hiro/rust_ws/install/rcl_interfaces/lib/librcl_interfaces__rosidl_typesupport_fastrtps_cpp.so
[1.020s] -- Up-to-date: /home/hiro/rust_ws/install/rcl_interfaces/include/rcl_interfaces/rcl_interfaces
[1.020s] -- Up-to-date: /home/hiro/rust_ws/install/rcl_interfaces/include/rcl_interfaces/rcl_interfaces/msg
[1.021s] -- Up-to-date: /home/hiro/rust_ws/install/rcl_interfaces/include/rcl_interfaces/rcl_interfaces/msg/detail
[1.021s] -- Up-to-date: /home/hiro/rust_ws/install/rcl_interfaces/include/rcl_interfaces/rcl_interfaces/msg/detail/parameter_value__rosidl_typesupport_introspection_cpp.hpp
[1.021s] -- Up-to-date: /home/hiro/rust_ws/install/rcl_interfaces/include/rcl_interfaces/rcl_interfaces/msg/detail/parameter_event__rosidl_typesupport_introspection_cpp.hpp
[1.022s] -- Up-to-date: /home/hiro/rust_ws/install/rcl_interfaces/include/rcl_interfaces/rcl_interfaces/msg/detail/parameter_descriptor__rosidl_typesupport_introspection_cpp.hpp
[1.023s] -- Up-to-date: /home/hiro/rust_ws/install/rcl_interfaces/include/rcl_interfaces/rcl_interfaces/msg/detail/list_parameters_result__type_support.cpp
[1.023s] -- Up-to-date: /home/hiro/rust_ws/install/rcl_interfaces/include/rcl_interfaces/rcl_interfaces/msg/detail/parameter_type__type_support.cpp
[1.023s] -- Up-to-date: /home/hiro/rust_ws/install/rcl_interfaces/include/rcl_interfaces/rcl_interfaces/msg/detail/set_parameters_result__type_support.cpp
[1.024s] -- Up-to-date: /home/hiro/rust_ws/install/rcl_interfaces/include/rcl_interfaces/rcl_interfaces/msg/detail/parameter_event__type_support.cpp
[1.024s] -- Up-to-date: /home/hiro/rust_ws/install/rcl_interfaces/include/rcl_interfaces/rcl_interfaces/msg/detail/parameter_value__type_support.cpp
[1.024s] -- Up-to-date: /home/hiro/rust_ws/install/rcl_interfaces/include/rcl_interfaces/rcl_interfaces/msg/detail/floating_point_range__rosidl_typesupport_introspection_cpp.hpp
[1.024s] -- Up-to-date: /home/hiro/rust_ws/install/rcl_interfaces/include/rcl_interfaces/rcl_interfaces/msg/detail/parameter_event_descriptors__type_support.cpp
[1.024s] -- Up-to-date: /home/hiro/rust_ws/install/rcl_interfaces/include/rcl_interfaces/rcl_interfaces/msg/detail/list_parameters_result__rosidl_typesupport_introspection_cpp.hpp
[1.024s] -- Up-to-date: /home/hiro/rust_ws/install/rcl_interfaces/include/rcl_interfaces/rcl_interfaces/msg/detail/floating_point_range__type_support.cpp
[1.024s] -- Up-to-date: /home/hiro/rust_ws/install/rcl_interfaces/include/rcl_interfaces/rcl_interfaces/msg/detail/parameter_event_descriptors__rosidl_typesupport_introspection_cpp.hpp
[1.024s] -- Up-to-date: /home/hiro/rust_ws/install/rcl_interfaces/include/rcl_interfaces/rcl_interfaces/msg/detail/parameter__type_support.cpp
[1.024s] -- Up-to-date: /home/hiro/rust_ws/install/rcl_interfaces/include/rcl_interfaces/rcl_interfaces/msg/detail/log__rosidl_typesupport_introspection_cpp.hpp
[1.025s] -- Up-to-date: /home/hiro/rust_ws/install/rcl_interfaces/include/rcl_interfaces/rcl_interfaces/msg/detail/log__type_support.cpp
[1.025s] -- Up-to-date: /home/hiro/rust_ws/install/rcl_interfaces/include/rcl_interfaces/rcl_interfaces/msg/detail/parameter__rosidl_typesupport_introspection_cpp.hpp
[1.025s] -- Up-to-date: /home/hiro/rust_ws/install/rcl_interfaces/include/rcl_interfaces/rcl_interfaces/msg/detail/parameter_type__rosidl_typesupport_introspection_cpp.hpp
[1.025s] -- Up-to-date: /home/hiro/rust_ws/install/rcl_interfaces/include/rcl_interfaces/rcl_interfaces/msg/detail/integer_range__type_support.cpp
[1.025s] -- Up-to-date: /home/hiro/rust_ws/install/rcl_interfaces/include/rcl_interfaces/rcl_interfaces/msg/detail/set_parameters_result__rosidl_typesupport_introspection_cpp.hpp
[1.026s] -- Up-to-date: /home/hiro/rust_ws/install/rcl_interfaces/include/rcl_interfaces/rcl_interfaces/msg/detail/integer_range__rosidl_typesupport_introspection_cpp.hpp
[1.026s] -- Up-to-date: /home/hiro/rust_ws/install/rcl_interfaces/include/rcl_interfaces/rcl_interfaces/msg/detail/parameter_descriptor__type_support.cpp
[1.026s] -- Up-to-date: /home/hiro/rust_ws/install/rcl_interfaces/include/rcl_interfaces/rcl_interfaces/srv
[1.026s] -- Up-to-date: /home/hiro/rust_ws/install/rcl_interfaces/include/rcl_interfaces/rcl_interfaces/srv/detail
[1.026s] -- Up-to-date: /home/hiro/rust_ws/install/rcl_interfaces/include/rcl_interfaces/rcl_interfaces/srv/detail/set_parameters__type_support.cpp
[1.026s] -- Up-to-date: /home/hiro/rust_ws/install/rcl_interfaces/include/rcl_interfaces/rcl_interfaces/srv/detail/get_parameters__rosidl_typesupport_introspection_cpp.hpp
[1.026s] -- Up-to-date: /home/hiro/rust_ws/install/rcl_interfaces/include/rcl_interfaces/rcl_interfaces/srv/detail/set_parameters__rosidl_typesupport_introspection_cpp.hpp
[1.026s] -- Up-to-date: /home/hiro/rust_ws/install/rcl_interfaces/include/rcl_interfaces/rcl_interfaces/srv/detail/list_parameters__rosidl_typesupport_introspection_cpp.hpp
[1.026s] -- Up-to-date: /home/hiro/rust_ws/install/rcl_interfaces/include/rcl_interfaces/rcl_interfaces/srv/detail/get_parameters__type_support.cpp
[1.027s] -- Up-to-date: /home/hiro/rust_ws/install/rcl_interfaces/include/rcl_interfaces/rcl_interfaces/srv/detail/set_parameters_atomically__type_support.cpp
[1.027s] -- Up-to-date: /home/hiro/rust_ws/install/rcl_interfaces/include/rcl_interfaces/rcl_interfaces/srv/detail/describe_parameters__type_support.cpp
[1.027s] -- Up-to-date: /home/hiro/rust_ws/install/rcl_interfaces/include/rcl_interfaces/rcl_interfaces/srv/detail/list_parameters__type_support.cpp
[1.027s] -- Up-to-date: /home/hiro/rust_ws/install/rcl_interfaces/include/rcl_interfaces/rcl_interfaces/srv/detail/describe_parameters__rosidl_typesupport_introspection_cpp.hpp
[1.027s] -- Up-to-date: /home/hiro/rust_ws/install/rcl_interfaces/include/rcl_interfaces/rcl_interfaces/srv/detail/get_parameter_types__type_support.cpp
[1.027s] -- Up-to-date: /home/hiro/rust_ws/install/rcl_interfaces/include/rcl_interfaces/rcl_interfaces/srv/detail/set_parameters_atomically__rosidl_typesupport_introspection_cpp.hpp
[1.027s] -- Up-to-date: /home/hiro/rust_ws/install/rcl_interfaces/include/rcl_interfaces/rcl_interfaces/srv/detail/get_parameter_types__rosidl_typesupport_introspection_cpp.hpp
[1.027s] -- Up-to-date: /home/hiro/rust_ws/install/rcl_interfaces/lib/librcl_interfaces__rosidl_typesupport_introspection_cpp.so
[1.027s] -- Up-to-date: /home/hiro/rust_ws/install/rcl_interfaces/lib/librcl_interfaces__rosidl_typesupport_cpp.so
[1.028s] -- Up-to-date: /home/hiro/rust_ws/install/rcl_interfaces/share/ament_index/resource_index/rust_packages/rcl_interfaces
[1.028s] -- Up-to-date: /home/hiro/rust_ws/install/rcl_interfaces/share/rcl_interfaces/rust
[1.028s] -- Up-to-date: /home/hiro/rust_ws/install/rcl_interfaces/share/rcl_interfaces/rust/Cargo.toml
[1.028s] -- Up-to-date: /home/hiro/rust_ws/install/rcl_interfaces/share/rcl_interfaces/rust/build.rs
[1.028s] -- Up-to-date: /home/hiro/rust_ws/install/rcl_interfaces/share/rcl_interfaces/rust/src
[1.028s] -- Up-to-date: /home/hiro/rust_ws/install/rcl_interfaces/share/rcl_interfaces/rust/src/msg.rs
[1.029s] -- Up-to-date: /home/hiro/rust_ws/install/rcl_interfaces/share/rcl_interfaces/rust/src/srv.rs
[1.029s] -- Up-to-date: /home/hiro/rust_ws/install/rcl_interfaces/share/rcl_interfaces/rust/src/lib.rs
[1.029s] -- Up-to-date: /home/hiro/rust_ws/install/rcl_interfaces/share/rcl_interfaces/environment/pythonpath.sh
[1.029s] -- Up-to-date: /home/hiro/rust_ws/install/rcl_interfaces/share/rcl_interfaces/environment/pythonpath.dsv
[1.029s] -- Up-to-date: /home/hiro/rust_ws/install/rcl_interfaces/local/lib/python3.10/dist-packages/rcl_interfaces-1.2.1-py3.10.egg-info
[1.029s] -- Installing: /home/hiro/rust_ws/install/rcl_interfaces/local/lib/python3.10/dist-packages/rcl_interfaces-1.2.1-py3.10.egg-info/top_level.txt
[1.029s] -- Installing: /home/hiro/rust_ws/install/rcl_interfaces/local/lib/python3.10/dist-packages/rcl_interfaces-1.2.1-py3.10.egg-info/PKG-INFO
[1.029s] -- Installing: /home/hiro/rust_ws/install/rcl_interfaces/local/lib/python3.10/dist-packages/rcl_interfaces-1.2.1-py3.10.egg-info/SOURCES.txt
[1.029s] -- Installing: /home/hiro/rust_ws/install/rcl_interfaces/local/lib/python3.10/dist-packages/rcl_interfaces-1.2.1-py3.10.egg-info/dependency_links.txt
[1.030s] -- Up-to-date: /home/hiro/rust_ws/install/rcl_interfaces/local/lib/python3.10/dist-packages/rcl_interfaces
[1.030s] -- Up-to-date: /home/hiro/rust_ws/install/rcl_interfaces/local/lib/python3.10/dist-packages/rcl_interfaces/_rcl_interfaces_s.ep.rosidl_typesupport_introspection_c.c
[1.030s] -- Up-to-date: /home/hiro/rust_ws/install/rcl_interfaces/local/lib/python3.10/dist-packages/rcl_interfaces/rcl_interfaces_s__rosidl_typesupport_introspection_c.cpython-310-x86_64-linux-gnu.so
[1.030s] -- Up-to-date: /home/hiro/rust_ws/install/rcl_interfaces/local/lib/python3.10/dist-packages/rcl_interfaces/librcl_interfaces__rosidl_generator_py.so
[1.030s] -- Up-to-date: /home/hiro/rust_ws/install/rcl_interfaces/local/lib/python3.10/dist-packages/rcl_interfaces/rcl_interfaces_s__rosidl_typesupport_fastrtps_c.cpython-310-x86_64-linux-gnu.so
[1.030s] -- Up-to-date: /home/hiro/rust_ws/install/rcl_interfaces/local/lib/python3.10/dist-packages/rcl_interfaces/rcl_interfaces_s__rosidl_typesupport_c.cpython-310-x86_64-linux-gnu.so
[1.030s] -- Up-to-date: /home/hiro/rust_ws/install/rcl_interfaces/local/lib/python3.10/dist-packages/rcl_interfaces/__init__.py
[1.030s] -- Up-to-date: /home/hiro/rust_ws/install/rcl_interfaces/local/lib/python3.10/dist-packages/rcl_interfaces/msg
[1.030s] -- Up-to-date: /home/hiro/rust_ws/install/rcl_interfaces/local/lib/python3.10/dist-packages/rcl_interfaces/msg/_parameter_value_s.c
[1.030s] -- Up-to-date: /home/hiro/rust_ws/install/rcl_interfaces/local/lib/python3.10/dist-packages/rcl_interfaces/msg/_parameter_event_s.c
[1.031s] -- Up-to-date: /home/hiro/rust_ws/install/rcl_interfaces/local/lib/python3.10/dist-packages/rcl_interfaces/msg/_parameter_descriptor.py
[1.031s] -- Up-to-date: /home/hiro/rust_ws/install/rcl_interfaces/local/lib/python3.10/dist-packages/rcl_interfaces/msg/_list_parameters_result_s.c
[1.031s] -- Up-to-date: /home/hiro/rust_ws/install/rcl_interfaces/local/lib/python3.10/dist-packages/rcl_interfaces/msg/_integer_range.py
[1.031s] -- Up-to-date: /home/hiro/rust_ws/install/rcl_interfaces/local/lib/python3.10/dist-packages/rcl_interfaces/msg/_set_parameters_result.py
[1.031s] -- Up-to-date: /home/hiro/rust_ws/install/rcl_interfaces/local/lib/python3.10/dist-packages/rcl_interfaces/msg/_list_parameters_result.py
[1.031s] -- Up-to-date: /home/hiro/rust_ws/install/rcl_interfaces/local/lib/python3.10/dist-packages/rcl_interfaces/msg/_integer_range_s.c
[1.031s] -- Up-to-date: /home/hiro/rust_ws/install/rcl_interfaces/local/lib/python3.10/dist-packages/rcl_interfaces/msg/_parameter_s.c
[1.031s] -- Up-to-date: /home/hiro/rust_ws/install/rcl_interfaces/local/lib/python3.10/dist-packages/rcl_interfaces/msg/_log.py
[1.032s] -- Up-to-date: /home/hiro/rust_ws/install/rcl_interfaces/local/lib/python3.10/dist-packages/rcl_interfaces/msg/_parameter_type_s.c
[1.032s] -- Up-to-date: /home/hiro/rust_ws/install/rcl_interfaces/local/lib/python3.10/dist-packages/rcl_interfaces/msg/_parameter.py
[1.032s] -- Up-to-date: /home/hiro/rust_ws/install/rcl_interfaces/local/lib/python3.10/dist-packages/rcl_interfaces/msg/_parameter_event.py
[1.032s] -- Up-to-date: /home/hiro/rust_ws/install/rcl_interfaces/local/lib/python3.10/dist-packages/rcl_interfaces/msg/_set_parameters_result_s.c
[1.032s] -- Up-to-date: /home/hiro/rust_ws/install/rcl_interfaces/local/lib/python3.10/dist-packages/rcl_interfaces/msg/_parameter_event_descriptors.py
[1.032s] -- Up-to-date: /home/hiro/rust_ws/install/rcl_interfaces/local/lib/python3.10/dist-packages/rcl_interfaces/msg/_floating_point_range_s.c
[1.032s] -- Up-to-date: /home/hiro/rust_ws/install/rcl_interfaces/local/lib/python3.10/dist-packages/rcl_interfaces/msg/_parameter_descriptor_s.c
[1.032s] -- Up-to-date: /home/hiro/rust_ws/install/rcl_interfaces/local/lib/python3.10/dist-packages/rcl_interfaces/msg/__init__.py
[1.032s] -- Up-to-date: /home/hiro/rust_ws/install/rcl_interfaces/local/lib/python3.10/dist-packages/rcl_interfaces/msg/_log_s.c
[1.032s] -- Up-to-date: /home/hiro/rust_ws/install/rcl_interfaces/local/lib/python3.10/dist-packages/rcl_interfaces/msg/_parameter_value.py
[1.033s] -- Up-to-date: /home/hiro/rust_ws/install/rcl_interfaces/local/lib/python3.10/dist-packages/rcl_interfaces/msg/_parameter_type.py
[1.033s] -- Up-to-date: /home/hiro/rust_ws/install/rcl_interfaces/local/lib/python3.10/dist-packages/rcl_interfaces/msg/_parameter_event_descriptors_s.c
[1.033s] -- Up-to-date: /home/hiro/rust_ws/install/rcl_interfaces/local/lib/python3.10/dist-packages/rcl_interfaces/msg/_floating_point_range.py
[1.033s] -- Up-to-date: /home/hiro/rust_ws/install/rcl_interfaces/local/lib/python3.10/dist-packages/rcl_interfaces/srv
[1.033s] -- Up-to-date: /home/hiro/rust_ws/install/rcl_interfaces/local/lib/python3.10/dist-packages/rcl_interfaces/srv/_set_parameters.py
[1.033s] -- Up-to-date: /home/hiro/rust_ws/install/rcl_interfaces/local/lib/python3.10/dist-packages/rcl_interfaces/srv/_list_parameters.py
[1.033s] -- Up-to-date: /home/hiro/rust_ws/install/rcl_interfaces/local/lib/python3.10/dist-packages/rcl_interfaces/srv/_describe_parameters_s.c
[1.033s] -- Up-to-date: /home/hiro/rust_ws/install/rcl_interfaces/local/lib/python3.10/dist-packages/rcl_interfaces/srv/_get_parameter_types.py
[1.033s] -- Up-to-date: /home/hiro/rust_ws/install/rcl_interfaces/local/lib/python3.10/dist-packages/rcl_interfaces/srv/_list_parameters_s.c
[1.034s] -- Up-to-date: /home/hiro/rust_ws/install/rcl_interfaces/local/lib/python3.10/dist-packages/rcl_interfaces/srv/_set_parameters_atomically.py
[1.034s] -- Up-to-date: /home/hiro/rust_ws/install/rcl_interfaces/local/lib/python3.10/dist-packages/rcl_interfaces/srv/_get_parameters.py
[1.034s] -- Up-to-date: /home/hiro/rust_ws/install/rcl_interfaces/local/lib/python3.10/dist-packages/rcl_interfaces/srv/_get_parameter_types_s.c
[1.034s] -- Up-to-date: /home/hiro/rust_ws/install/rcl_interfaces/local/lib/python3.10/dist-packages/rcl_interfaces/srv/_get_parameters_s.c
[1.034s] -- Up-to-date: /home/hiro/rust_ws/install/rcl_interfaces/local/lib/python3.10/dist-packages/rcl_interfaces/srv/_set_parameters_s.c
[1.034s] -- Up-to-date: /home/hiro/rust_ws/install/rcl_interfaces/local/lib/python3.10/dist-packages/rcl_interfaces/srv/__init__.py
[1.034s] -- Up-to-date: /home/hiro/rust_ws/install/rcl_interfaces/local/lib/python3.10/dist-packages/rcl_interfaces/srv/_set_parameters_atomically_s.c
[1.035s] -- Up-to-date: /home/hiro/rust_ws/install/rcl_interfaces/local/lib/python3.10/dist-packages/rcl_interfaces/srv/_describe_parameters.py
[1.035s] -- Up-to-date: /home/hiro/rust_ws/install/rcl_interfaces/local/lib/python3.10/dist-packages/rcl_interfaces/_rcl_interfaces_s.ep.rosidl_typesupport_fastrtps_c.c
[1.035s] -- Up-to-date: /home/hiro/rust_ws/install/rcl_interfaces/local/lib/python3.10/dist-packages/rcl_interfaces/_rcl_interfaces_s.ep.rosidl_typesupport_c.c
[1.038s] Listing '/home/hiro/rust_ws/install/rcl_interfaces/local/lib/python3.10/dist-packages/rcl_interfaces'...
[1.038s] Listing '/home/hiro/rust_ws/install/rcl_interfaces/local/lib/python3.10/dist-packages/rcl_interfaces/msg'...
[1.038s] Listing '/home/hiro/rust_ws/install/rcl_interfaces/local/lib/python3.10/dist-packages/rcl_interfaces/srv'...
[1.038s] -- Up-to-date: /home/hiro/rust_ws/install/rcl_interfaces/local/lib/python3.10/dist-packages/rcl_interfaces/rcl_interfaces_s__rosidl_typesupport_fastrtps_c.cpython-310-x86_64-linux-gnu.so
[1.038s] -- Up-to-date: /home/hiro/rust_ws/install/rcl_interfaces/local/lib/python3.10/dist-packages/rcl_interfaces/rcl_interfaces_s__rosidl_typesupport_introspection_c.cpython-310-x86_64-linux-gnu.so
[1.038s] -- Up-to-date: /home/hiro/rust_ws/install/rcl_interfaces/local/lib/python3.10/dist-packages/rcl_interfaces/rcl_interfaces_s__rosidl_typesupport_c.cpython-310-x86_64-linux-gnu.so
[1.038s] -- Up-to-date: /home/hiro/rust_ws/install/rcl_interfaces/lib/librcl_interfaces__rosidl_generator_py.so
[1.038s] -- Up-to-date: /home/hiro/rust_ws/install/rcl_interfaces/share/rcl_interfaces/msg/FloatingPointRange.idl
[1.039s] -- Up-to-date: /home/hiro/rust_ws/install/rcl_interfaces/share/rcl_interfaces/msg/IntegerRange.idl
[1.039s] -- Up-to-date: /home/hiro/rust_ws/install/rcl_interfaces/share/rcl_interfaces/msg/ListParametersResult.idl
[1.039s] -- Up-to-date: /home/hiro/rust_ws/install/rcl_interfaces/share/rcl_interfaces/msg/Log.idl
[1.039s] -- Up-to-date: /home/hiro/rust_ws/install/rcl_interfaces/share/rcl_interfaces/msg/ParameterDescriptor.idl
[1.039s] -- Up-to-date: /home/hiro/rust_ws/install/rcl_interfaces/share/rcl_interfaces/msg/ParameterEventDescriptors.idl
[1.039s] -- Up-to-date: /home/hiro/rust_ws/install/rcl_interfaces/share/rcl_interfaces/msg/ParameterEvent.idl
[1.039s] -- Up-to-date: /home/hiro/rust_ws/install/rcl_interfaces/share/rcl_interfaces/msg/Parameter.idl
[1.039s] -- Up-to-date: /home/hiro/rust_ws/install/rcl_interfaces/share/rcl_interfaces/msg/ParameterType.idl
[1.039s] -- Up-to-date: /home/hiro/rust_ws/install/rcl_interfaces/share/rcl_interfaces/msg/ParameterValue.idl
[1.039s] -- Up-to-date: /home/hiro/rust_ws/install/rcl_interfaces/share/rcl_interfaces/msg/SetParametersResult.idl
[1.040s] -- Up-to-date: /home/hiro/rust_ws/install/rcl_interfaces/share/rcl_interfaces/srv/DescribeParameters.idl
[1.040s] -- Up-to-date: /home/hiro/rust_ws/install/rcl_interfaces/share/rcl_interfaces/srv/GetParameters.idl
[1.040s] -- Up-to-date: /home/hiro/rust_ws/install/rcl_interfaces/share/rcl_interfaces/srv/GetParameterTypes.idl
[1.040s] -- Up-to-date: /home/hiro/rust_ws/install/rcl_interfaces/share/rcl_interfaces/srv/ListParameters.idl
[1.040s] -- Up-to-date: /home/hiro/rust_ws/install/rcl_interfaces/share/rcl_interfaces/srv/SetParametersAtomically.idl
[1.040s] -- Up-to-date: /home/hiro/rust_ws/install/rcl_interfaces/share/rcl_interfaces/srv/SetParameters.idl
[1.040s] -- Up-to-date: /home/hiro/rust_ws/install/rcl_interfaces/share/rcl_interfaces/msg/FloatingPointRange.msg
[1.040s] -- Up-to-date: /home/hiro/rust_ws/install/rcl_interfaces/share/rcl_interfaces/msg/IntegerRange.msg
[1.041s] -- Up-to-date: /home/hiro/rust_ws/install/rcl_interfaces/share/rcl_interfaces/msg/ListParametersResult.msg
[1.041s] -- Up-to-date: /home/hiro/rust_ws/install/rcl_interfaces/share/rcl_interfaces/msg/Log.msg
[1.041s] -- Up-to-date: /home/hiro/rust_ws/install/rcl_interfaces/share/rcl_interfaces/msg/ParameterDescriptor.msg
[1.041s] -- Up-to-date: /home/hiro/rust_ws/install/rcl_interfaces/share/rcl_interfaces/msg/ParameterEventDescriptors.msg
[1.041s] -- Up-to-date: /home/hiro/rust_ws/install/rcl_interfaces/share/rcl_interfaces/msg/ParameterEvent.msg
[1.041s] -- Up-to-date: /home/hiro/rust_ws/install/rcl_interfaces/share/rcl_interfaces/msg/Parameter.msg
[1.041s] -- Up-to-date: /home/hiro/rust_ws/install/rcl_interfaces/share/rcl_interfaces/msg/ParameterType.msg
[1.042s] -- Up-to-date: /home/hiro/rust_ws/install/rcl_interfaces/share/rcl_interfaces/msg/ParameterValue.msg
[1.042s] -- Up-to-date: /home/hiro/rust_ws/install/rcl_interfaces/share/rcl_interfaces/msg/SetParametersResult.msg
[1.043s] -- Up-to-date: /home/hiro/rust_ws/install/rcl_interfaces/share/rcl_interfaces/srv/DescribeParameters.srv
[1.043s] -- Up-to-date: /home/hiro/rust_ws/install/rcl_interfaces/share/rcl_interfaces/srv/DescribeParameters_Request.msg
[1.043s] -- Up-to-date: /home/hiro/rust_ws/install/rcl_interfaces/share/rcl_interfaces/srv/DescribeParameters_Response.msg
[1.043s] -- Up-to-date: /home/hiro/rust_ws/install/rcl_interfaces/share/rcl_interfaces/srv/GetParameters.srv
[1.043s] -- Up-to-date: /home/hiro/rust_ws/install/rcl_interfaces/share/rcl_interfaces/srv/GetParameters_Request.msg
[1.043s] -- Up-to-date: /home/hiro/rust_ws/install/rcl_interfaces/share/rcl_interfaces/srv/GetParameters_Response.msg
[1.043s] -- Up-to-date: /home/hiro/rust_ws/install/rcl_interfaces/share/rcl_interfaces/srv/GetParameterTypes.srv
[1.043s] -- Up-to-date: /home/hiro/rust_ws/install/rcl_interfaces/share/rcl_interfaces/srv/GetParameterTypes_Request.msg
[1.043s] -- Up-to-date: /home/hiro/rust_ws/install/rcl_interfaces/share/rcl_interfaces/srv/GetParameterTypes_Response.msg
[1.044s] -- Up-to-date: /home/hiro/rust_ws/install/rcl_interfaces/share/rcl_interfaces/srv/ListParameters.srv
[1.044s] -- Up-to-date: /home/hiro/rust_ws/install/rcl_interfaces/share/rcl_interfaces/srv/ListParameters_Request.msg
[1.044s] -- Up-to-date: /home/hiro/rust_ws/install/rcl_interfaces/share/rcl_interfaces/srv/ListParameters_Response.msg
[1.044s] -- Up-to-date: /home/hiro/rust_ws/install/rcl_interfaces/share/rcl_interfaces/srv/SetParametersAtomically.srv
[1.045s] -- Up-to-date: /home/hiro/rust_ws/install/rcl_interfaces/share/rcl_interfaces/srv/SetParametersAtomically_Request.msg
[1.045s] -- Up-to-date: /home/hiro/rust_ws/install/rcl_interfaces/share/rcl_interfaces/srv/SetParametersAtomically_Response.msg
[1.045s] -- Up-to-date: /home/hiro/rust_ws/install/rcl_interfaces/share/rcl_interfaces/srv/SetParameters.srv
[1.046s] -- Up-to-date: /home/hiro/rust_ws/install/rcl_interfaces/share/rcl_interfaces/srv/SetParameters_Request.msg
[1.046s] -- Up-to-date: /home/hiro/rust_ws/install/rcl_interfaces/share/rcl_interfaces/srv/SetParameters_Response.msg
[1.046s] -- Up-to-date: /home/hiro/rust_ws/install/rcl_interfaces/share/rcl_interfaces/mapping_rules.yaml
[1.046s] -- Up-to-date: /home/hiro/rust_ws/install/rcl_interfaces/share/ament_index/resource_index/package_run_dependencies/rcl_interfaces
[1.046s] -- Up-to-date: /home/hiro/rust_ws/install/rcl_interfaces/share/ament_index/resource_index/parent_prefix_path/rcl_interfaces
[1.046s] -- Up-to-date: /home/hiro/rust_ws/install/rcl_interfaces/share/rcl_interfaces/environment/ament_prefix_path.sh
[1.046s] -- Up-to-date: /home/hiro/rust_ws/install/rcl_interfaces/share/rcl_interfaces/environment/ament_prefix_path.dsv
[1.046s] -- Up-to-date: /home/hiro/rust_ws/install/rcl_interfaces/share/rcl_interfaces/environment/path.sh
[1.046s] -- Up-to-date: /home/hiro/rust_ws/install/rcl_interfaces/share/rcl_interfaces/environment/path.dsv
[1.046s] -- Up-to-date: /home/hiro/rust_ws/install/rcl_interfaces/share/rcl_interfaces/local_setup.bash
[1.047s] -- Up-to-date: /home/hiro/rust_ws/install/rcl_interfaces/share/rcl_interfaces/local_setup.sh
[1.047s] -- Up-to-date: /home/hiro/rust_ws/install/rcl_interfaces/share/rcl_interfaces/local_setup.zsh
[1.047s] -- Up-to-date: /home/hiro/rust_ws/install/rcl_interfaces/share/rcl_interfaces/local_setup.dsv
[1.047s] -- Installing: /home/hiro/rust_ws/install/rcl_interfaces/share/rcl_interfaces/package.dsv
[1.047s] -- Up-to-date: /home/hiro/rust_ws/install/rcl_interfaces/share/ament_index/resource_index/packages/rcl_interfaces
[1.047s] -- Up-to-date: /home/hiro/rust_ws/install/rcl_interfaces/share/rcl_interfaces/cmake/export_rcl_interfaces__rosidl_generator_cExport.cmake
[1.047s] -- Up-to-date: /home/hiro/rust_ws/install/rcl_interfaces/share/rcl_interfaces/cmake/export_rcl_interfaces__rosidl_generator_cExport-noconfig.cmake
[1.047s] -- Up-to-date: /home/hiro/rust_ws/install/rcl_interfaces/share/rcl_interfaces/cmake/export_rcl_interfaces__rosidl_typesupport_fastrtps_cExport.cmake
[1.047s] -- Up-to-date: /home/hiro/rust_ws/install/rcl_interfaces/share/rcl_interfaces/cmake/export_rcl_interfaces__rosidl_typesupport_fastrtps_cExport-noconfig.cmake
[1.047s] -- Up-to-date: /home/hiro/rust_ws/install/rcl_interfaces/share/rcl_interfaces/cmake/rcl_interfaces__rosidl_typesupport_introspection_cExport.cmake
[1.047s] -- Up-to-date: /home/hiro/rust_ws/install/rcl_interfaces/share/rcl_interfaces/cmake/rcl_interfaces__rosidl_typesupport_introspection_cExport-noconfig.cmake
[1.048s] -- Up-to-date: /home/hiro/rust_ws/install/rcl_interfaces/share/rcl_interfaces/cmake/rcl_interfaces__rosidl_typesupport_cExport.cmake
[1.048s] -- Up-to-date: /home/hiro/rust_ws/install/rcl_interfaces/share/rcl_interfaces/cmake/rcl_interfaces__rosidl_typesupport_cExport-noconfig.cmake
[1.048s] -- Up-to-date: /home/hiro/rust_ws/install/rcl_interfaces/share/rcl_interfaces/cmake/export_rcl_interfaces__rosidl_generator_cppExport.cmake
[1.048s] -- Up-to-date: /home/hiro/rust_ws/install/rcl_interfaces/share/rcl_interfaces/cmake/export_rcl_interfaces__rosidl_typesupport_fastrtps_cppExport.cmake
[1.048s] -- Up-to-date: /home/hiro/rust_ws/install/rcl_interfaces/share/rcl_interfaces/cmake/export_rcl_interfaces__rosidl_typesupport_fastrtps_cppExport-noconfig.cmake
[1.048s] -- Up-to-date: /home/hiro/rust_ws/install/rcl_interfaces/share/rcl_interfaces/cmake/rcl_interfaces__rosidl_typesupport_introspection_cppExport.cmake
[1.048s] -- Up-to-date: /home/hiro/rust_ws/install/rcl_interfaces/share/rcl_interfaces/cmake/rcl_interfaces__rosidl_typesupport_introspection_cppExport-noconfig.cmake
[1.048s] -- Up-to-date: /home/hiro/rust_ws/install/rcl_interfaces/share/rcl_interfaces/cmake/rcl_interfaces__rosidl_typesupport_cppExport.cmake
[1.048s] -- Up-to-date: /home/hiro/rust_ws/install/rcl_interfaces/share/rcl_interfaces/cmake/rcl_interfaces__rosidl_typesupport_cppExport-noconfig.cmake
[1.048s] -- Up-to-date: /home/hiro/rust_ws/install/rcl_interfaces/share/rcl_interfaces/cmake/export_rcl_interfaces__rosidl_generator_pyExport.cmake
[1.048s] -- Up-to-date: /home/hiro/rust_ws/install/rcl_interfaces/share/rcl_interfaces/cmake/export_rcl_interfaces__rosidl_generator_pyExport-noconfig.cmake
[1.048s] -- Up-to-date: /home/hiro/rust_ws/install/rcl_interfaces/share/rcl_interfaces/cmake/rosidl_cmake-extras.cmake
[1.048s] -- Up-to-date: /home/hiro/rust_ws/install/rcl_interfaces/share/rcl_interfaces/cmake/ament_cmake_export_dependencies-extras.cmake
[1.048s] -- Up-to-date: /home/hiro/rust_ws/install/rcl_interfaces/share/rcl_interfaces/cmake/ament_cmake_export_include_directories-extras.cmake
[1.049s] -- Up-to-date: /home/hiro/rust_ws/install/rcl_interfaces/share/rcl_interfaces/cmake/ament_cmake_export_libraries-extras.cmake
[1.049s] -- Up-to-date: /home/hiro/rust_ws/install/rcl_interfaces/share/rcl_interfaces/cmake/ament_cmake_export_targets-extras.cmake
[1.049s] -- Up-to-date: /home/hiro/rust_ws/install/rcl_interfaces/share/rcl_interfaces/cmake/rosidl_cmake_export_typesupport_targets-extras.cmake
[1.049s] -- Up-to-date: /home/hiro/rust_ws/install/rcl_interfaces/share/rcl_interfaces/cmake/rosidl_cmake_export_typesupport_libraries-extras.cmake
[1.049s] -- Up-to-date: /home/hiro/rust_ws/install/rcl_interfaces/share/rcl_interfaces/cmake/rcl_interfacesConfig.cmake
[1.049s] -- Up-to-date: /home/hiro/rust_ws/install/rcl_interfaces/share/rcl_interfaces/cmake/rcl_interfacesConfig-version.cmake
[1.049s] -- Up-to-date: /home/hiro/rust_ws/install/rcl_interfaces/share/rcl_interfaces/package.xml
[1.064s] Invoked command in '/home/hiro/rust_ws/build/rcl_interfaces' returned '0': AMENT_PREFIX_PATH=/home/hiro/rust_ws/install/builtin_interfaces:/home/hiro/rust_ws/install/rosidl_default_runtime:/home/hiro/rust_ws/install/rosidl_default_generators:/home/hiro/rust_ws/install/rosidl_generator_rs:/home/hiro/rust_ws/install/rosidl_runtime_rs:${AMENT_PREFIX_PATH} CMAKE_PREFIX_PATH=/home/hiro/rust_ws/install/builtin_interfaces:/home/hiro/rust_ws/install/rosidl_default_runtime:/home/hiro/rust_ws/install/rosidl_default_generators:/home/hiro/rust_ws/install/rosidl_generator_rs:/home/hiro/ws_livox/install/livox_ros_driver2:/opt/ros/humble LD_LIBRARY_PATH=/home/hiro/rust_ws/install/builtin_interfaces/lib:${LD_LIBRARY_PATH} PYTHONPATH=/home/hiro/rust_ws/install/builtin_interfaces/local/lib/python3.10/dist-packages:/home/hiro/rust_ws/install/rosidl_generator_rs/local/lib/python3.10/dist-packages:${PYTHONPATH} /usr/bin/cmake --install /home/hiro/rust_ws/build/rcl_interfaces
