[0.016s] Invoking command in '/home/hiromichi/rost2/build/composition_interfaces': AMENT_PREFIX_PATH=/home/hiromichi/rost2/install/rcl_interfaces:/home/hiromichi/rost2/install/builtin_interfaces:/home/hiromichi/rost2/install/rosidl_default_runtime:/home/hiromichi/rost2/install/rosidl_default_generators:/home/hiromichi/rost2/install/rosidl_generator_rs:/home/hiromichi/rost2/install/rosidl_runtime_rs:${AMENT_PREFIX_PATH} CMAKE_PREFIX_PATH=/home/hiromichi/rost2/install/rcl_interfaces:/home/hiromichi/rost2/install/builtin_interfaces:/home/hiromichi/rost2/install/rosidl_default_runtime:/home/hiromichi/rost2/install/rosidl_default_generators:/home/hiromichi/rost2/install/rosidl_generator_rs:/opt/ros/humble LD_LIBRARY_PATH=/home/hiromichi/rost2/install/rcl_interfaces/lib:/home/hiromichi/rost2/install/builtin_interfaces/lib:${LD_LIBRARY_PATH} PYTHONPATH=/home/hiromichi/rost2/install/rcl_interfaces/local/lib/python3.10/dist-packages:/home/hiromichi/rost2/install/builtin_interfaces/local/lib/python3.10/dist-packages:/home/hiromichi/rost2/install/rosidl_generator_rs/local/lib/python3.10/dist-packages:${PYTHONPATH} /usr/bin/cmake --build /home/hiromichi/rost2/build/composition_interfaces -- -j20 -l20
[0.046s] [  2%] Built target composition_interfaces__cpp
[0.048s] [  4%] Built target composition_interfaces__rs
[0.048s] [ 14%] Built target composition_interfaces__rosidl_generator_c
[0.060s] [ 14%] Built target ament_cmake_python_copy_composition_interfaces
[0.064s] [ 33%] Built target composition_interfaces__rosidl_typesupport_cpp
[0.064s] [ 35%] Built target composition_interfaces__rosidl_typesupport_introspection_cpp
[0.066s] [ 52%] Built target composition_interfaces__rosidl_typesupport_fastrtps_cpp
[0.066s] [ 56%] Built target composition_interfaces__rosidl_typesupport_c
[0.067s] [ 70%] Built target composition_interfaces__rosidl_typesupport_fastrtps_c
[0.067s] [ 77%] Built target composition_interfaces__rosidl_typesupport_introspection_c
[0.080s] [ 77%] Built target composition_interfaces
[0.094s] [ 79%] Built target composition_interfaces__py
[0.108s] [ 87%] Built target composition_interfaces__rosidl_generator_py
[0.125s] [ 91%] Built target composition_interfaces__rosidl_typesupport_fastrtps_c__pyext
[0.125s] [ 95%] Built target composition_interfaces__rosidl_typesupport_c__pyext
[0.125s] [100%] Built target composition_interfaces__rosidl_typesupport_introspection_c__pyext
[0.203s] running egg_info
[0.204s] writing composition_interfaces.egg-info/PKG-INFO
[0.204s] writing dependency_links to composition_interfaces.egg-info/dependency_links.txt
[0.205s] writing top-level names to composition_interfaces.egg-info/top_level.txt
[0.206s] reading manifest file 'composition_interfaces.egg-info/SOURCES.txt'
[0.206s] writing manifest file 'composition_interfaces.egg-info/SOURCES.txt'
[0.224s] [100%] Built target ament_cmake_python_build_composition_interfaces_egg
[0.231s] Invoked command in '/home/hiromichi/rost2/build/composition_interfaces' returned '0': AMENT_PREFIX_PATH=/home/hiromichi/rost2/install/rcl_interfaces:/home/hiromichi/rost2/install/builtin_interfaces:/home/hiromichi/rost2/install/rosidl_default_runtime:/home/hiromichi/rost2/install/rosidl_default_generators:/home/hiromichi/rost2/install/rosidl_generator_rs:/home/hiromichi/rost2/install/rosidl_runtime_rs:${AMENT_PREFIX_PATH} CMAKE_PREFIX_PATH=/home/hiromichi/rost2/install/rcl_interfaces:/home/hiromichi/rost2/install/builtin_interfaces:/home/hiromichi/rost2/install/rosidl_default_runtime:/home/hiromichi/rost2/install/rosidl_default_generators:/home/hiromichi/rost2/install/rosidl_generator_rs:/opt/ros/humble LD_LIBRARY_PATH=/home/hiromichi/rost2/install/rcl_interfaces/lib:/home/hiromichi/rost2/install/builtin_interfaces/lib:${LD_LIBRARY_PATH} PYTHONPATH=/home/hiromichi/rost2/install/rcl_interfaces/local/lib/python3.10/dist-packages:/home/hiromichi/rost2/install/builtin_interfaces/local/lib/python3.10/dist-packages:/home/hiromichi/rost2/install/rosidl_generator_rs/local/lib/python3.10/dist-packages:${PYTHONPATH} /usr/bin/cmake --build /home/hiromichi/rost2/build/composition_interfaces -- -j20 -l20
[0.334s] Invoking command in '/home/hiromichi/rost2/build/composition_interfaces': AMENT_PREFIX_PATH=/home/hiromichi/rost2/install/rcl_interfaces:/home/hiromichi/rost2/install/builtin_interfaces:/home/hiromichi/rost2/install/rosidl_default_runtime:/home/hiromichi/rost2/install/rosidl_default_generators:/home/hiromichi/rost2/install/rosidl_generator_rs:/home/hiromichi/rost2/install/rosidl_runtime_rs:${AMENT_PREFIX_PATH} CMAKE_PREFIX_PATH=/home/hiromichi/rost2/install/rcl_interfaces:/home/hiromichi/rost2/install/builtin_interfaces:/home/hiromichi/rost2/install/rosidl_default_runtime:/home/hiromichi/rost2/install/rosidl_default_generators:/home/hiromichi/rost2/install/rosidl_generator_rs:/opt/ros/humble LD_LIBRARY_PATH=/home/hiromichi/rost2/install/rcl_interfaces/lib:/home/hiromichi/rost2/install/builtin_interfaces/lib:${LD_LIBRARY_PATH} PYTHONPATH=/home/hiromichi/rost2/install/rcl_interfaces/local/lib/python3.10/dist-packages:/home/hiromichi/rost2/install/builtin_interfaces/local/lib/python3.10/dist-packages:/home/hiromichi/rost2/install/rosidl_generator_rs/local/lib/python3.10/dist-packages:${PYTHONPATH} /usr/bin/cmake --install /home/hiromichi/rost2/build/composition_interfaces
[0.350s] -- Install configuration: ""
[0.350s] -- Up-to-date: /home/hiromichi/rost2/install/composition_interfaces/share/ament_index/resource_index/rosidl_interfaces/composition_interfaces
[0.350s] -- Up-to-date: /home/hiromichi/rost2/install/composition_interfaces/include/composition_interfaces/composition_interfaces
[0.350s] -- Up-to-date: /home/hiromichi/rost2/install/composition_interfaces/include/composition_interfaces/composition_interfaces/srv
[0.350s] -- Up-to-date: /home/hiromichi/rost2/install/composition_interfaces/include/composition_interfaces/composition_interfaces/srv/unload_node.h
[0.350s] -- Up-to-date: /home/hiromichi/rost2/install/composition_interfaces/include/composition_interfaces/composition_interfaces/srv/list_nodes.h
[0.351s] -- Up-to-date: /home/hiromichi/rost2/install/composition_interfaces/include/composition_interfaces/composition_interfaces/srv/load_node.h
[0.351s] -- Up-to-date: /home/hiromichi/rost2/install/composition_interfaces/include/composition_interfaces/composition_interfaces/srv/detail
[0.351s] -- Up-to-date: /home/hiromichi/rost2/install/composition_interfaces/include/composition_interfaces/composition_interfaces/srv/detail/load_node__functions.c
[0.351s] -- Up-to-date: /home/hiromichi/rost2/install/composition_interfaces/include/composition_interfaces/composition_interfaces/srv/detail/load_node__type_support.h
[0.351s] -- Up-to-date: /home/hiromichi/rost2/install/composition_interfaces/include/composition_interfaces/composition_interfaces/srv/detail/unload_node__functions.h
[0.351s] -- Up-to-date: /home/hiromichi/rost2/install/composition_interfaces/include/composition_interfaces/composition_interfaces/srv/detail/list_nodes__functions.h
[0.351s] -- Up-to-date: /home/hiromichi/rost2/install/composition_interfaces/include/composition_interfaces/composition_interfaces/srv/detail/list_nodes__functions.c
[0.351s] -- Up-to-date: /home/hiromichi/rost2/install/composition_interfaces/include/composition_interfaces/composition_interfaces/srv/detail/list_nodes__struct.h
[0.352s] -- Up-to-date: /home/hiromichi/rost2/install/composition_interfaces/include/composition_interfaces/composition_interfaces/srv/detail/unload_node__type_support.h
[0.352s] -- Up-to-date: /home/hiromichi/rost2/install/composition_interfaces/include/composition_interfaces/composition_interfaces/srv/detail/unload_node__functions.c
[0.352s] -- Up-to-date: /home/hiromichi/rost2/install/composition_interfaces/include/composition_interfaces/composition_interfaces/srv/detail/list_nodes__type_support.h
[0.352s] -- Up-to-date: /home/hiromichi/rost2/install/composition_interfaces/include/composition_interfaces/composition_interfaces/srv/detail/unload_node__struct.h
[0.352s] -- Up-to-date: /home/hiromichi/rost2/install/composition_interfaces/include/composition_interfaces/composition_interfaces/srv/detail/load_node__functions.h
[0.353s] -- Up-to-date: /home/hiromichi/rost2/install/composition_interfaces/include/composition_interfaces/composition_interfaces/srv/detail/load_node__struct.h
[0.353s] -- Up-to-date: /home/hiromichi/rost2/install/composition_interfaces/include/composition_interfaces/composition_interfaces/msg
[0.353s] -- Up-to-date: /home/hiromichi/rost2/install/composition_interfaces/include/composition_interfaces/composition_interfaces/msg/rosidl_generator_c__visibility_control.h
[0.353s] -- Up-to-date: /home/hiromichi/rost2/install/composition_interfaces/share/composition_interfaces/environment/library_path.sh
[0.354s] -- Up-to-date: /home/hiromichi/rost2/install/composition_interfaces/share/composition_interfaces/environment/library_path.dsv
[0.361s] -- Up-to-date: /home/hiromichi/rost2/install/composition_interfaces/lib/libcomposition_interfaces__rosidl_generator_c.so
[0.361s] -- Up-to-date: /home/hiromichi/rost2/install/composition_interfaces/include/composition_interfaces/composition_interfaces
[0.361s] -- Up-to-date: /home/hiromichi/rost2/install/composition_interfaces/include/composition_interfaces/composition_interfaces/srv
[0.362s] -- Up-to-date: /home/hiromichi/rost2/install/composition_interfaces/include/composition_interfaces/composition_interfaces/srv/detail
[0.362s] -- Up-to-date: /home/hiromichi/rost2/install/composition_interfaces/include/composition_interfaces/composition_interfaces/srv/detail/unload_node__rosidl_typesupport_fastrtps_c.h
[0.362s] -- Up-to-date: /home/hiromichi/rost2/install/composition_interfaces/include/composition_interfaces/composition_interfaces/srv/detail/load_node__rosidl_typesupport_fastrtps_c.h
[0.363s] -- Up-to-date: /home/hiromichi/rost2/install/composition_interfaces/include/composition_interfaces/composition_interfaces/srv/detail/list_nodes__rosidl_typesupport_fastrtps_c.h
[0.363s] -- Up-to-date: /home/hiromichi/rost2/install/composition_interfaces/include/composition_interfaces/composition_interfaces/msg
[0.364s] -- Up-to-date: /home/hiromichi/rost2/install/composition_interfaces/include/composition_interfaces/composition_interfaces/msg/rosidl_typesupport_fastrtps_c__visibility_control.h
[0.364s] -- Up-to-date: /home/hiromichi/rost2/install/composition_interfaces/lib/libcomposition_interfaces__rosidl_typesupport_fastrtps_c.so
[0.364s] -- Up-to-date: /home/hiromichi/rost2/install/composition_interfaces/include/composition_interfaces/composition_interfaces
[0.364s] -- Up-to-date: /home/hiromichi/rost2/install/composition_interfaces/include/composition_interfaces/composition_interfaces/srv
[0.365s] -- Up-to-date: /home/hiromichi/rost2/install/composition_interfaces/include/composition_interfaces/composition_interfaces/srv/detail
[0.365s] -- Up-to-date: /home/hiromichi/rost2/install/composition_interfaces/include/composition_interfaces/composition_interfaces/srv/detail/unload_node__rosidl_typesupport_introspection_c.h
[0.365s] -- Up-to-date: /home/hiromichi/rost2/install/composition_interfaces/include/composition_interfaces/composition_interfaces/srv/detail/load_node__rosidl_typesupport_introspection_c.h
[0.366s] -- Up-to-date: /home/hiromichi/rost2/install/composition_interfaces/include/composition_interfaces/composition_interfaces/srv/detail/unload_node__type_support.c
[0.366s] -- Up-to-date: /home/hiromichi/rost2/install/composition_interfaces/include/composition_interfaces/composition_interfaces/srv/detail/load_node__type_support.c
[0.366s] -- Up-to-date: /home/hiromichi/rost2/install/composition_interfaces/include/composition_interfaces/composition_interfaces/srv/detail/list_nodes__type_support.c
[0.366s] -- Up-to-date: /home/hiromichi/rost2/install/composition_interfaces/include/composition_interfaces/composition_interfaces/srv/detail/list_nodes__rosidl_typesupport_introspection_c.h
[0.366s] -- Up-to-date: /home/hiromichi/rost2/install/composition_interfaces/include/composition_interfaces/composition_interfaces/msg
[0.366s] -- Up-to-date: /home/hiromichi/rost2/install/composition_interfaces/include/composition_interfaces/composition_interfaces/msg/rosidl_typesupport_introspection_c__visibility_control.h
[0.366s] -- Up-to-date: /home/hiromichi/rost2/install/composition_interfaces/lib/libcomposition_interfaces__rosidl_typesupport_introspection_c.so
[0.367s] -- Up-to-date: /home/hiromichi/rost2/install/composition_interfaces/lib/libcomposition_interfaces__rosidl_typesupport_c.so
[0.367s] -- Up-to-date: /home/hiromichi/rost2/install/composition_interfaces/include/composition_interfaces/composition_interfaces
[0.367s] -- Up-to-date: /home/hiromichi/rost2/install/composition_interfaces/include/composition_interfaces/composition_interfaces/srv
[0.367s] -- Up-to-date: /home/hiromichi/rost2/install/composition_interfaces/include/composition_interfaces/composition_interfaces/srv/load_node.hpp
[0.367s] -- Up-to-date: /home/hiromichi/rost2/install/composition_interfaces/include/composition_interfaces/composition_interfaces/srv/unload_node.hpp
[0.367s] -- Up-to-date: /home/hiromichi/rost2/install/composition_interfaces/include/composition_interfaces/composition_interfaces/srv/list_nodes.hpp
[0.367s] -- Up-to-date: /home/hiromichi/rost2/install/composition_interfaces/include/composition_interfaces/composition_interfaces/srv/detail
[0.367s] -- Up-to-date: /home/hiromichi/rost2/install/composition_interfaces/include/composition_interfaces/composition_interfaces/srv/detail/unload_node__builder.hpp
[0.367s] -- Up-to-date: /home/hiromichi/rost2/install/composition_interfaces/include/composition_interfaces/composition_interfaces/srv/detail/list_nodes__struct.hpp
[0.367s] -- Up-to-date: /home/hiromichi/rost2/install/composition_interfaces/include/composition_interfaces/composition_interfaces/srv/detail/unload_node__traits.hpp
[0.368s] -- Up-to-date: /home/hiromichi/rost2/install/composition_interfaces/include/composition_interfaces/composition_interfaces/srv/detail/unload_node__struct.hpp
[0.368s] -- Up-to-date: /home/hiromichi/rost2/install/composition_interfaces/include/composition_interfaces/composition_interfaces/srv/detail/load_node__traits.hpp
[0.368s] -- Up-to-date: /home/hiromichi/rost2/install/composition_interfaces/include/composition_interfaces/composition_interfaces/srv/detail/load_node__builder.hpp
[0.368s] -- Up-to-date: /home/hiromichi/rost2/install/composition_interfaces/include/composition_interfaces/composition_interfaces/srv/detail/load_node__struct.hpp
[0.368s] -- Up-to-date: /home/hiromichi/rost2/install/composition_interfaces/include/composition_interfaces/composition_interfaces/srv/detail/list_nodes__builder.hpp
[0.368s] -- Up-to-date: /home/hiromichi/rost2/install/composition_interfaces/include/composition_interfaces/composition_interfaces/srv/detail/list_nodes__traits.hpp
[0.368s] -- Up-to-date: /home/hiromichi/rost2/install/composition_interfaces/include/composition_interfaces/composition_interfaces
[0.369s] -- Up-to-date: /home/hiromichi/rost2/install/composition_interfaces/include/composition_interfaces/composition_interfaces/srv
[0.369s] -- Up-to-date: /home/hiromichi/rost2/install/composition_interfaces/include/composition_interfaces/composition_interfaces/srv/detail
[0.372s] -- Up-to-date: /home/hiromichi/rost2/install/composition_interfaces/include/composition_interfaces/composition_interfaces/srv/detail/unload_node__rosidl_typesupport_fastrtps_cpp.hpp
[0.372s] -- Up-to-date: /home/hiromichi/rost2/install/composition_interfaces/include/composition_interfaces/composition_interfaces/srv/detail/list_nodes__rosidl_typesupport_fastrtps_cpp.hpp
[0.372s] -- Up-to-date: /home/hiromichi/rost2/install/composition_interfaces/include/composition_interfaces/composition_interfaces/srv/detail/dds_fastrtps
[0.372s] -- Up-to-date: /home/hiromichi/rost2/install/composition_interfaces/include/composition_interfaces/composition_interfaces/srv/detail/load_node__rosidl_typesupport_fastrtps_cpp.hpp
[0.372s] -- Up-to-date: /home/hiromichi/rost2/install/composition_interfaces/include/composition_interfaces/composition_interfaces/msg
[0.372s] -- Up-to-date: /home/hiromichi/rost2/install/composition_interfaces/include/composition_interfaces/composition_interfaces/msg/rosidl_typesupport_fastrtps_cpp__visibility_control.h
[0.373s] -- Up-to-date: /home/hiromichi/rost2/install/composition_interfaces/lib/libcomposition_interfaces__rosidl_typesupport_fastrtps_cpp.so
[0.376s] -- Up-to-date: /home/hiromichi/rost2/install/composition_interfaces/include/composition_interfaces/composition_interfaces
[0.376s] -- Up-to-date: /home/hiromichi/rost2/install/composition_interfaces/include/composition_interfaces/composition_interfaces/srv
[0.376s] -- Up-to-date: /home/hiromichi/rost2/install/composition_interfaces/include/composition_interfaces/composition_interfaces/srv/detail
[0.376s] -- Up-to-date: /home/hiromichi/rost2/install/composition_interfaces/include/composition_interfaces/composition_interfaces/srv/detail/load_node__type_support.cpp
[0.377s] -- Up-to-date: /home/hiromichi/rost2/install/composition_interfaces/include/composition_interfaces/composition_interfaces/srv/detail/unload_node__rosidl_typesupport_introspection_cpp.hpp
[0.377s] -- Up-to-date: /home/hiromichi/rost2/install/composition_interfaces/include/composition_interfaces/composition_interfaces/srv/detail/list_nodes__rosidl_typesupport_introspection_cpp.hpp
[0.377s] -- Up-to-date: /home/hiromichi/rost2/install/composition_interfaces/include/composition_interfaces/composition_interfaces/srv/detail/load_node__rosidl_typesupport_introspection_cpp.hpp
[0.377s] -- Up-to-date: /home/hiromichi/rost2/install/composition_interfaces/include/composition_interfaces/composition_interfaces/srv/detail/list_nodes__type_support.cpp
[0.377s] -- Up-to-date: /home/hiromichi/rost2/install/composition_interfaces/include/composition_interfaces/composition_interfaces/srv/detail/unload_node__type_support.cpp
[0.379s] -- Up-to-date: /home/hiromichi/rost2/install/composition_interfaces/lib/libcomposition_interfaces__rosidl_typesupport_introspection_cpp.so
[0.379s] -- Up-to-date: /home/hiromichi/rost2/install/composition_interfaces/lib/libcomposition_interfaces__rosidl_typesupport_cpp.so
[0.380s] -- Up-to-date: /home/hiromichi/rost2/install/composition_interfaces/share/ament_index/resource_index/rust_packages/composition_interfaces
[0.380s] -- Up-to-date: /home/hiromichi/rost2/install/composition_interfaces/share/composition_interfaces/rust
[0.380s] -- Up-to-date: /home/hiromichi/rost2/install/composition_interfaces/share/composition_interfaces/rust/src
[0.380s] -- Up-to-date: /home/hiromichi/rost2/install/composition_interfaces/share/composition_interfaces/rust/src/srv.rs
[0.380s] -- Up-to-date: /home/hiromichi/rost2/install/composition_interfaces/share/composition_interfaces/rust/src/lib.rs
[0.380s] -- Up-to-date: /home/hiromichi/rost2/install/composition_interfaces/share/composition_interfaces/rust/Cargo.toml
[0.380s] -- Up-to-date: /home/hiromichi/rost2/install/composition_interfaces/share/composition_interfaces/rust/build.rs
[0.380s] -- Up-to-date: /home/hiromichi/rost2/install/composition_interfaces/share/composition_interfaces/environment/pythonpath.sh
[0.380s] -- Up-to-date: /home/hiromichi/rost2/install/composition_interfaces/share/composition_interfaces/environment/pythonpath.dsv
[0.380s] -- Up-to-date: /home/hiromichi/rost2/install/composition_interfaces/local/lib/python3.10/dist-packages/composition_interfaces-1.2.1-py3.10.egg-info
[0.380s] -- Installing: /home/hiromichi/rost2/install/composition_interfaces/local/lib/python3.10/dist-packages/composition_interfaces-1.2.1-py3.10.egg-info/top_level.txt
[0.381s] -- Installing: /home/hiromichi/rost2/install/composition_interfaces/local/lib/python3.10/dist-packages/composition_interfaces-1.2.1-py3.10.egg-info/dependency_links.txt
[0.381s] -- Installing: /home/hiromichi/rost2/install/composition_interfaces/local/lib/python3.10/dist-packages/composition_interfaces-1.2.1-py3.10.egg-info/SOURCES.txt
[0.381s] -- Installing: /home/hiromichi/rost2/install/composition_interfaces/local/lib/python3.10/dist-packages/composition_interfaces-1.2.1-py3.10.egg-info/PKG-INFO
[0.381s] -- Up-to-date: /home/hiromichi/rost2/install/composition_interfaces/local/lib/python3.10/dist-packages/composition_interfaces
[0.381s] -- Up-to-date: /home/hiromichi/rost2/install/composition_interfaces/local/lib/python3.10/dist-packages/composition_interfaces/srv
[0.381s] -- Up-to-date: /home/hiromichi/rost2/install/composition_interfaces/local/lib/python3.10/dist-packages/composition_interfaces/srv/_unload_node.py
[0.381s] -- Up-to-date: /home/hiromichi/rost2/install/composition_interfaces/local/lib/python3.10/dist-packages/composition_interfaces/srv/_load_node.py
[0.381s] -- Up-to-date: /home/hiromichi/rost2/install/composition_interfaces/local/lib/python3.10/dist-packages/composition_interfaces/srv/_list_nodes.py
[0.381s] -- Up-to-date: /home/hiromichi/rost2/install/composition_interfaces/local/lib/python3.10/dist-packages/composition_interfaces/srv/_list_nodes_s.c
[0.381s] -- Up-to-date: /home/hiromichi/rost2/install/composition_interfaces/local/lib/python3.10/dist-packages/composition_interfaces/srv/_unload_node_s.c
[0.381s] -- Up-to-date: /home/hiromichi/rost2/install/composition_interfaces/local/lib/python3.10/dist-packages/composition_interfaces/srv/__init__.py
[0.381s] -- Up-to-date: /home/hiromichi/rost2/install/composition_interfaces/local/lib/python3.10/dist-packages/composition_interfaces/srv/_load_node_s.c
[0.382s] -- Up-to-date: /home/hiromichi/rost2/install/composition_interfaces/local/lib/python3.10/dist-packages/composition_interfaces/_composition_interfaces_s.ep.rosidl_typesupport_fastrtps_c.c
[0.382s] -- Up-to-date: /home/hiromichi/rost2/install/composition_interfaces/local/lib/python3.10/dist-packages/composition_interfaces/_composition_interfaces_s.ep.rosidl_typesupport_introspection_c.c
[0.382s] -- Up-to-date: /home/hiromichi/rost2/install/composition_interfaces/local/lib/python3.10/dist-packages/composition_interfaces/composition_interfaces_s__rosidl_typesupport_fastrtps_c.cpython-310-x86_64-linux-gnu.so
[0.382s] -- Up-to-date: /home/hiromichi/rost2/install/composition_interfaces/local/lib/python3.10/dist-packages/composition_interfaces/composition_interfaces_s__rosidl_typesupport_c.cpython-310-x86_64-linux-gnu.so
[0.382s] -- Up-to-date: /home/hiromichi/rost2/install/composition_interfaces/local/lib/python3.10/dist-packages/composition_interfaces/_composition_interfaces_s.ep.rosidl_typesupport_c.c
[0.382s] -- Up-to-date: /home/hiromichi/rost2/install/composition_interfaces/local/lib/python3.10/dist-packages/composition_interfaces/composition_interfaces_s__rosidl_typesupport_introspection_c.cpython-310-x86_64-linux-gnu.so
[0.383s] -- Up-to-date: /home/hiromichi/rost2/install/composition_interfaces/local/lib/python3.10/dist-packages/composition_interfaces/libcomposition_interfaces__rosidl_generator_py.so
[0.383s] -- Up-to-date: /home/hiromichi/rost2/install/composition_interfaces/local/lib/python3.10/dist-packages/composition_interfaces/__init__.py
[0.383s] Listing '/home/hiromichi/rost2/install/composition_interfaces/local/lib/python3.10/dist-packages/composition_interfaces'...
[0.383s] Listing '/home/hiromichi/rost2/install/composition_interfaces/local/lib/python3.10/dist-packages/composition_interfaces/srv'...
[0.383s] -- Up-to-date: /home/hiromichi/rost2/install/composition_interfaces/local/lib/python3.10/dist-packages/composition_interfaces/composition_interfaces_s__rosidl_typesupport_fastrtps_c.cpython-310-x86_64-linux-gnu.so
[0.383s] -- Up-to-date: /home/hiromichi/rost2/install/composition_interfaces/local/lib/python3.10/dist-packages/composition_interfaces/composition_interfaces_s__rosidl_typesupport_introspection_c.cpython-310-x86_64-linux-gnu.so
[0.383s] -- Up-to-date: /home/hiromichi/rost2/install/composition_interfaces/local/lib/python3.10/dist-packages/composition_interfaces/composition_interfaces_s__rosidl_typesupport_c.cpython-310-x86_64-linux-gnu.so
[0.383s] -- Up-to-date: /home/hiromichi/rost2/install/composition_interfaces/lib/libcomposition_interfaces__rosidl_generator_py.so
[0.384s] -- Up-to-date: /home/hiromichi/rost2/install/composition_interfaces/share/composition_interfaces/srv/LoadNode.idl
[0.384s] -- Up-to-date: /home/hiromichi/rost2/install/composition_interfaces/share/composition_interfaces/srv/ListNodes.idl
[0.384s] -- Up-to-date: /home/hiromichi/rost2/install/composition_interfaces/share/composition_interfaces/srv/UnloadNode.idl
[0.384s] -- Up-to-date: /home/hiromichi/rost2/install/composition_interfaces/share/composition_interfaces/srv/LoadNode.srv
[0.384s] -- Up-to-date: /home/hiromichi/rost2/install/composition_interfaces/share/composition_interfaces/srv/LoadNode_Request.msg
[0.384s] -- Up-to-date: /home/hiromichi/rost2/install/composition_interfaces/share/composition_interfaces/srv/LoadNode_Response.msg
[0.384s] -- Up-to-date: /home/hiromichi/rost2/install/composition_interfaces/share/composition_interfaces/srv/ListNodes.srv
[0.384s] -- Up-to-date: /home/hiromichi/rost2/install/composition_interfaces/share/composition_interfaces/srv/ListNodes_Request.msg
[0.384s] -- Up-to-date: /home/hiromichi/rost2/install/composition_interfaces/share/composition_interfaces/srv/ListNodes_Response.msg
[0.384s] -- Up-to-date: /home/hiromichi/rost2/install/composition_interfaces/share/composition_interfaces/srv/UnloadNode.srv
[0.384s] -- Up-to-date: /home/hiromichi/rost2/install/composition_interfaces/share/composition_interfaces/srv/UnloadNode_Request.msg
[0.384s] -- Up-to-date: /home/hiromichi/rost2/install/composition_interfaces/share/composition_interfaces/srv/UnloadNode_Response.msg
[0.385s] -- Up-to-date: /home/hiromichi/rost2/install/composition_interfaces/share/ament_index/resource_index/package_run_dependencies/composition_interfaces
[0.385s] -- Up-to-date: /home/hiromichi/rost2/install/composition_interfaces/share/ament_index/resource_index/parent_prefix_path/composition_interfaces
[0.385s] -- Up-to-date: /home/hiromichi/rost2/install/composition_interfaces/share/composition_interfaces/environment/ament_prefix_path.sh
[0.385s] -- Up-to-date: /home/hiromichi/rost2/install/composition_interfaces/share/composition_interfaces/environment/ament_prefix_path.dsv
[0.385s] -- Up-to-date: /home/hiromichi/rost2/install/composition_interfaces/share/composition_interfaces/environment/path.sh
[0.385s] -- Up-to-date: /home/hiromichi/rost2/install/composition_interfaces/share/composition_interfaces/environment/path.dsv
[0.385s] -- Up-to-date: /home/hiromichi/rost2/install/composition_interfaces/share/composition_interfaces/local_setup.bash
[0.385s] -- Up-to-date: /home/hiromichi/rost2/install/composition_interfaces/share/composition_interfaces/local_setup.sh
[0.385s] -- Up-to-date: /home/hiromichi/rost2/install/composition_interfaces/share/composition_interfaces/local_setup.zsh
[0.385s] -- Up-to-date: /home/hiromichi/rost2/install/composition_interfaces/share/composition_interfaces/local_setup.dsv
[0.386s] -- Installing: /home/hiromichi/rost2/install/composition_interfaces/share/composition_interfaces/package.dsv
[0.386s] -- Up-to-date: /home/hiromichi/rost2/install/composition_interfaces/share/ament_index/resource_index/packages/composition_interfaces
[0.386s] -- Up-to-date: /home/hiromichi/rost2/install/composition_interfaces/share/composition_interfaces/cmake/export_composition_interfaces__rosidl_generator_cExport.cmake
[0.386s] -- Up-to-date: /home/hiromichi/rost2/install/composition_interfaces/share/composition_interfaces/cmake/export_composition_interfaces__rosidl_generator_cExport-noconfig.cmake
[0.386s] -- Up-to-date: /home/hiromichi/rost2/install/composition_interfaces/share/composition_interfaces/cmake/export_composition_interfaces__rosidl_typesupport_fastrtps_cExport.cmake
[0.386s] -- Up-to-date: /home/hiromichi/rost2/install/composition_interfaces/share/composition_interfaces/cmake/export_composition_interfaces__rosidl_typesupport_fastrtps_cExport-noconfig.cmake
[0.386s] -- Up-to-date: /home/hiromichi/rost2/install/composition_interfaces/share/composition_interfaces/cmake/composition_interfaces__rosidl_typesupport_introspection_cExport.cmake
[0.386s] -- Up-to-date: /home/hiromichi/rost2/install/composition_interfaces/share/composition_interfaces/cmake/composition_interfaces__rosidl_typesupport_introspection_cExport-noconfig.cmake
[0.386s] -- Up-to-date: /home/hiromichi/rost2/install/composition_interfaces/share/composition_interfaces/cmake/composition_interfaces__rosidl_typesupport_cExport.cmake
[0.387s] -- Up-to-date: /home/hiromichi/rost2/install/composition_interfaces/share/composition_interfaces/cmake/composition_interfaces__rosidl_typesupport_cExport-noconfig.cmake
[0.387s] -- Up-to-date: /home/hiromichi/rost2/install/composition_interfaces/share/composition_interfaces/cmake/export_composition_interfaces__rosidl_generator_cppExport.cmake
[0.387s] -- Up-to-date: /home/hiromichi/rost2/install/composition_interfaces/share/composition_interfaces/cmake/export_composition_interfaces__rosidl_typesupport_fastrtps_cppExport.cmake
[0.387s] -- Up-to-date: /home/hiromichi/rost2/install/composition_interfaces/share/composition_interfaces/cmake/export_composition_interfaces__rosidl_typesupport_fastrtps_cppExport-noconfig.cmake
[0.387s] -- Up-to-date: /home/hiromichi/rost2/install/composition_interfaces/share/composition_interfaces/cmake/composition_interfaces__rosidl_typesupport_introspection_cppExport.cmake
[0.387s] -- Up-to-date: /home/hiromichi/rost2/install/composition_interfaces/share/composition_interfaces/cmake/composition_interfaces__rosidl_typesupport_introspection_cppExport-noconfig.cmake
[0.387s] -- Up-to-date: /home/hiromichi/rost2/install/composition_interfaces/share/composition_interfaces/cmake/composition_interfaces__rosidl_typesupport_cppExport.cmake
[0.388s] -- Up-to-date: /home/hiromichi/rost2/install/composition_interfaces/share/composition_interfaces/cmake/composition_interfaces__rosidl_typesupport_cppExport-noconfig.cmake
[0.391s] -- Up-to-date: /home/hiromichi/rost2/install/composition_interfaces/share/composition_interfaces/cmake/export_composition_interfaces__rosidl_generator_pyExport.cmake
[0.391s] -- Up-to-date: /home/hiromichi/rost2/install/composition_interfaces/share/composition_interfaces/cmake/export_composition_interfaces__rosidl_generator_pyExport-noconfig.cmake
[0.392s] -- Up-to-date: /home/hiromichi/rost2/install/composition_interfaces/share/composition_interfaces/cmake/rosidl_cmake-extras.cmake
[0.392s] -- Up-to-date: /home/hiromichi/rost2/install/composition_interfaces/share/composition_interfaces/cmake/ament_cmake_export_dependencies-extras.cmake
[0.392s] -- Up-to-date: /home/hiromichi/rost2/install/composition_interfaces/share/composition_interfaces/cmake/ament_cmake_export_include_directories-extras.cmake
[0.392s] -- Up-to-date: /home/hiromichi/rost2/install/composition_interfaces/share/composition_interfaces/cmake/ament_cmake_export_libraries-extras.cmake
[0.392s] -- Up-to-date: /home/hiromichi/rost2/install/composition_interfaces/share/composition_interfaces/cmake/ament_cmake_export_targets-extras.cmake
[0.392s] -- Up-to-date: /home/hiromichi/rost2/install/composition_interfaces/share/composition_interfaces/cmake/rosidl_cmake_export_typesupport_targets-extras.cmake
[0.392s] -- Up-to-date: /home/hiromichi/rost2/install/composition_interfaces/share/composition_interfaces/cmake/rosidl_cmake_export_typesupport_libraries-extras.cmake
[0.392s] -- Up-to-date: /home/hiromichi/rost2/install/composition_interfaces/share/composition_interfaces/cmake/composition_interfacesConfig.cmake
[0.392s] -- Up-to-date: /home/hiromichi/rost2/install/composition_interfaces/share/composition_interfaces/cmake/composition_interfacesConfig-version.cmake
[0.392s] -- Up-to-date: /home/hiromichi/rost2/install/composition_interfaces/share/composition_interfaces/package.xml
[0.406s] Invoked command in '/home/hiromichi/rost2/build/composition_interfaces' returned '0': AMENT_PREFIX_PATH=/home/hiromichi/rost2/install/rcl_interfaces:/home/hiromichi/rost2/install/builtin_interfaces:/home/hiromichi/rost2/install/rosidl_default_runtime:/home/hiromichi/rost2/install/rosidl_default_generators:/home/hiromichi/rost2/install/rosidl_generator_rs:/home/hiromichi/rost2/install/rosidl_runtime_rs:${AMENT_PREFIX_PATH} CMAKE_PREFIX_PATH=/home/hiromichi/rost2/install/rcl_interfaces:/home/hiromichi/rost2/install/builtin_interfaces:/home/hiromichi/rost2/install/rosidl_default_runtime:/home/hiromichi/rost2/install/rosidl_default_generators:/home/hiromichi/rost2/install/rosidl_generator_rs:/opt/ros/humble LD_LIBRARY_PATH=/home/hiromichi/rost2/install/rcl_interfaces/lib:/home/hiromichi/rost2/install/builtin_interfaces/lib:${LD_LIBRARY_PATH} PYTHONPATH=/home/hiromichi/rost2/install/rcl_interfaces/local/lib/python3.10/dist-packages:/home/hiromichi/rost2/install/builtin_interfaces/local/lib/python3.10/dist-packages:/home/hiromichi/rost2/install/rosidl_generator_rs/local/lib/python3.10/dist-packages:${PYTHONPATH} /usr/bin/cmake --install /home/hiromichi/rost2/build/composition_interfaces
