[0.046s] Invoking command in '/home/hiro/rust_ws/build/rosidl_default_runtime': AMENT_PREFIX_PATH=/home/hiro/rust_ws/install/rosidl_generator_rs:/home/hiro/rust_ws/install/rosidl_runtime_rs:${AMENT_PREFIX_PATH} CMAKE_PREFIX_PATH=/home/hiro/rust_ws/install/rosidl_generator_rs:/home/hiro/ws_livox/install/livox_ros_driver2:/opt/ros/humble PYTHONPATH=/home/hiro/rust_ws/install/rosidl_generator_rs/local/lib/python3.10/dist-packages:${PYTHONPATH} /usr/bin/cmake /home/hiro/rust_ws/src/src/ros2/rosidl_defaults/rosidl_default_runtime -DCMAKE_INSTALL_PREFIX=/home/hiro/rust_ws/install/rosidl_default_runtime
[0.054s] -- Found ament_cmake: 1.3.10 (/opt/ros/humble/share/ament_cmake/cmake)
[0.529s] -- Found Python3: /usr/bin/python3 (found version "3.10.12") found components: Interpreter 
[0.584s] -- Found ament_lint_auto: 0.12.11 (/opt/ros/humble/share/ament_lint_auto/cmake)
[0.639s] -- Added test 'copyright' to check source files copyright and LICENSE
[0.640s] -- Added test 'lint_cmake' to check CMake code style
[0.641s] -- Added test 'xmllint' to check XML markup files
[0.643s] -- Configuring done
[0.644s] -- Generating done
[0.645s] -- Build files have been written to: /home/hiro/rust_ws/build/rosidl_default_runtime
[0.647s] Invoked command in '/home/hiro/rust_ws/build/rosidl_default_runtime' returned '0': AMENT_PREFIX_PATH=/home/hiro/rust_ws/install/rosidl_generator_rs:/home/hiro/rust_ws/install/rosidl_runtime_rs:${AMENT_PREFIX_PATH} CMAKE_PREFIX_PATH=/home/hiro/rust_ws/install/rosidl_generator_rs:/home/hiro/ws_livox/install/livox_ros_driver2:/opt/ros/humble PYTHONPATH=/home/hiro/rust_ws/install/rosidl_generator_rs/local/lib/python3.10/dist-packages:${PYTHONPATH} /usr/bin/cmake /home/hiro/rust_ws/src/src/ros2/rosidl_defaults/rosidl_default_runtime -DCMAKE_INSTALL_PREFIX=/home/hiro/rust_ws/install/rosidl_default_runtime
[0.648s] Invoking command in '/home/hiro/rust_ws/build/rosidl_default_runtime': AMENT_PREFIX_PATH=/home/hiro/rust_ws/install/rosidl_generator_rs:/home/hiro/rust_ws/install/rosidl_runtime_rs:${AMENT_PREFIX_PATH} CMAKE_PREFIX_PATH=/home/hiro/rust_ws/install/rosidl_generator_rs:/home/hiro/ws_livox/install/livox_ros_driver2:/opt/ros/humble PYTHONPATH=/home/hiro/rust_ws/install/rosidl_generator_rs/local/lib/python3.10/dist-packages:${PYTHONPATH} /usr/bin/cmake --build /home/hiro/rust_ws/build/rosidl_default_runtime -- -j22 -l22
[0.667s] Invoked command in '/home/hiro/rust_ws/build/rosidl_default_runtime' returned '0': AMENT_PREFIX_PATH=/home/hiro/rust_ws/install/rosidl_generator_rs:/home/hiro/rust_ws/install/rosidl_runtime_rs:${AMENT_PREFIX_PATH} CMAKE_PREFIX_PATH=/home/hiro/rust_ws/install/rosidl_generator_rs:/home/hiro/ws_livox/install/livox_ros_driver2:/opt/ros/humble PYTHONPATH=/home/hiro/rust_ws/install/rosidl_generator_rs/local/lib/python3.10/dist-packages:${PYTHONPATH} /usr/bin/cmake --build /home/hiro/rust_ws/build/rosidl_default_runtime -- -j22 -l22
[0.682s] Invoking command in '/home/hiro/rust_ws/build/rosidl_default_runtime': AMENT_PREFIX_PATH=/home/hiro/rust_ws/install/rosidl_generator_rs:/home/hiro/rust_ws/install/rosidl_runtime_rs:${AMENT_PREFIX_PATH} CMAKE_PREFIX_PATH=/home/hiro/rust_ws/install/rosidl_generator_rs:/home/hiro/ws_livox/install/livox_ros_driver2:/opt/ros/humble PYTHONPATH=/home/hiro/rust_ws/install/rosidl_generator_rs/local/lib/python3.10/dist-packages:${PYTHONPATH} /usr/bin/cmake --install /home/hiro/rust_ws/build/rosidl_default_runtime
[0.686s] -- Install configuration: ""
[0.686s] -- Installing: /home/hiro/rust_ws/install/rosidl_default_runtime/share/ament_index/resource_index/package_run_dependencies/rosidl_default_runtime
[0.686s] -- Installing: /home/hiro/rust_ws/install/rosidl_default_runtime/share/ament_index/resource_index/parent_prefix_path/rosidl_default_runtime
[0.686s] -- Installing: /home/hiro/rust_ws/install/rosidl_default_runtime/share/rosidl_default_runtime/environment/ament_prefix_path.sh
[0.687s] -- Installing: /home/hiro/rust_ws/install/rosidl_default_runtime/share/rosidl_default_runtime/environment/ament_prefix_path.dsv
[0.687s] -- Installing: /home/hiro/rust_ws/install/rosidl_default_runtime/share/rosidl_default_runtime/environment/path.sh
[0.687s] -- Installing: /home/hiro/rust_ws/install/rosidl_default_runtime/share/rosidl_default_runtime/environment/path.dsv
[0.687s] -- Installing: /home/hiro/rust_ws/install/rosidl_default_runtime/share/rosidl_default_runtime/local_setup.bash
[0.687s] -- Installing: /home/hiro/rust_ws/install/rosidl_default_runtime/share/rosidl_default_runtime/local_setup.sh
[0.688s] -- Installing: /home/hiro/rust_ws/install/rosidl_default_runtime/share/rosidl_default_runtime/local_setup.zsh
[0.688s] -- Installing: /home/hiro/rust_ws/install/rosidl_default_runtime/share/rosidl_default_runtime/local_setup.dsv
[0.688s] -- Installing: /home/hiro/rust_ws/install/rosidl_default_runtime/share/rosidl_default_runtime/package.dsv
[0.688s] -- Installing: /home/hiro/rust_ws/install/rosidl_default_runtime/share/ament_index/resource_index/packages/rosidl_default_runtime
[0.688s] -- Installing: /home/hiro/rust_ws/install/rosidl_default_runtime/share/rosidl_default_runtime/cmake/rosidl_default_runtime-extras.cmake
[0.688s] -- Installing: /home/hiro/rust_ws/install/rosidl_default_runtime/share/rosidl_default_runtime/cmake/rosidl_default_runtimeConfig.cmake
[0.688s] -- Installing: /home/hiro/rust_ws/install/rosidl_default_runtime/share/rosidl_default_runtime/cmake/rosidl_default_runtimeConfig-version.cmake
[0.688s] -- Installing: /home/hiro/rust_ws/install/rosidl_default_runtime/share/rosidl_default_runtime/package.xml
[0.689s] Invoked command in '/home/hiro/rust_ws/build/rosidl_default_runtime' returned '0': AMENT_PREFIX_PATH=/home/hiro/rust_ws/install/rosidl_generator_rs:/home/hiro/rust_ws/install/rosidl_runtime_rs:${AMENT_PREFIX_PATH} CMAKE_PREFIX_PATH=/home/hiro/rust_ws/install/rosidl_generator_rs:/home/hiro/ws_livox/install/livox_ros_driver2:/opt/ros/humble PYTHONPATH=/home/hiro/rust_ws/install/rosidl_generator_rs/local/lib/python3.10/dist-packages:${PYTHONPATH} /usr/bin/cmake --install /home/hiro/rust_ws/build/rosidl_default_runtime
