[0.384s] Invoking command in '/home/hiro/rust_ws/build/composition_interfaces': AMENT_PREFIX_PATH=/home/hiro/rust_ws/install/rosidl_runtime_rs:/home/hiro/rust_ws/install/common_interfaces:/home/hiro/rust_ws/install/visualization_msgs:/home/hiro/rust_ws/install/test_msgs:/home/hiro/rust_ws/install/examples_rclrs_minimal_client_service:/home/hiro/rust_ws/install/example_interfaces:/home/hiro/rust_ws/install/action_msgs:/home/hiro/rust_ws/install/unique_identifier_msgs:/home/hiro/rust_ws/install/trajectory_msgs:/home/hiro/rust_ws/install/test_interface_files:/home/hiro/rust_ws/install/stereo_msgs:/home/hiro/rust_ws/install/std_srvs:/home/hiro/rust_ws/install/shape_msgs:/home/hiro/rust_ws/install/sensor_msgs_py:/home/hiro/rust_ws/install/sensor_msgs:/home/hiro/rust_ws/install/rust_pubsub:/home/hiro/rust_ws/install/nav_msgs:/home/hiro/rust_ws/install/diagnostic_msgs:/home/hiro/rust_ws/install/geometry_msgs:/home/hiro/rust_ws/install/examples_rclrs_minimal_pub_sub:/home/hiro/rust_ws/install/actionlib_msgs:/home/hiro/rust_ws/install/std_msgs:/home/hiro/rust_ws/install/statistics_msgs:/home/hiro/rust_ws/install/examples_rclrs_message_demo:/home/hiro/rust_ws/install/rclrs:/home/hiro/rust_ws/install/rosgraph_msgs:/home/hiro/rust_ws/install/rclrs_example_msgs:/home/hiro/rust_ws/install/composition_interfaces:/home/hiro/rust_ws/install/rcl_interfaces:/home/hiro/rust_ws/install/lifecycle_msgs:/home/hiro/rust_ws/install/builtin_interfaces:/home/hiro/rust_ws/install/rosidl_default_runtime:/home/hiro/rust_ws/install/rosidl_default_generators:/home/hiro/rust_ws/install/rosidl_generator_rs:/home/hiro/ws_livox/install/livox_ros_driver2:/opt/ros/humble CMAKE_PREFIX_PATH=/home/hiro/rust_ws/install/rcl_interfaces:/home/hiro/rust_ws/install/builtin_interfaces:/home/hiro/rust_ws/install/rosidl_default_runtime:/home/hiro/rust_ws/install/rosidl_default_generators:/home/hiro/rust_ws/install/rosidl_generator_rs:/home/hiro/rust_ws/install/common_interfaces:/home/hiro/rust_ws/install/visualization_msgs:/home/hiro/rust_ws/install/test_msgs:/home/hiro/rust_ws/install/example_interfaces:/home/hiro/rust_ws/install/action_msgs:/home/hiro/rust_ws/install/unique_identifier_msgs:/home/hiro/rust_ws/install/trajectory_msgs:/home/hiro/rust_ws/install/test_interface_files:/home/hiro/rust_ws/install/stereo_msgs:/home/hiro/rust_ws/install/std_srvs:/home/hiro/rust_ws/install/shape_msgs:/home/hiro/rust_ws/install/sensor_msgs:/home/hiro/rust_ws/install/nav_msgs:/home/hiro/rust_ws/install/diagnostic_msgs:/home/hiro/rust_ws/install/geometry_msgs:/home/hiro/rust_ws/install/actionlib_msgs:/home/hiro/rust_ws/install/std_msgs:/home/hiro/rust_ws/install/statistics_msgs:/home/hiro/rust_ws/install/rosgraph_msgs:/home/hiro/rust_ws/install/rclrs_example_msgs:/home/hiro/rust_ws/install/composition_interfaces:/home/hiro/rust_ws/install/lifecycle_msgs:/home/hiro/ws_livox/install/livox_ros_driver2:/home/hiro/rust_ws/install/examples_rclrs_minimal_client_service:/home/hiro/rust_ws/install/sensor_msgs_py:/home/hiro/rust_ws/install/rust_pubsub:/home/hiro/rust_ws/install/examples_rclrs_minimal_pub_sub:/home/hiro/rust_ws/install/examples_rclrs_message_demo:/home/hiro/rust_ws/install/rclrs:/home/hiro/rust_ws/install/rosidl_runtime_rs:/opt/ros/humble LD_LIBRARY_PATH=/home/hiro/rust_ws/install/rcl_interfaces/lib:/home/hiro/rust_ws/install/builtin_interfaces/lib:/home/hiro/rust_ws/install/visualization_msgs/lib:/home/hiro/rust_ws/install/test_msgs/lib:/home/hiro/rust_ws/install/example_interfaces/lib:/home/hiro/rust_ws/install/action_msgs/lib:/home/hiro/rust_ws/install/unique_identifier_msgs/lib:/home/hiro/rust_ws/install/trajectory_msgs/lib:/home/hiro/rust_ws/install/stereo_msgs/lib:/home/hiro/rust_ws/install/std_srvs/lib:/home/hiro/rust_ws/install/shape_msgs/lib:/home/hiro/rust_ws/install/sensor_msgs/lib:/home/hiro/rust_ws/install/nav_msgs/lib:/home/hiro/rust_ws/install/diagnostic_msgs/lib:/home/hiro/rust_ws/install/geometry_msgs/lib:/home/hiro/rust_ws/install/actionlib_msgs/lib:/home/hiro/rust_ws/install/std_msgs/lib:/home/hiro/rust_ws/install/statistics_msgs/lib:/home/hiro/rust_ws/install/rosgraph_msgs/lib:/home/hiro/rust_ws/install/rclrs_example_msgs/lib:/home/hiro/rust_ws/install/composition_interfaces/lib:/home/hiro/rust_ws/install/lifecycle_msgs/lib:/home/hiro/ws_livox/install/livox_ros_driver2/lib:/opt/ros/humble/opt/rviz_ogre_vendor/lib:/opt/ros/humble/lib/x86_64-linux-gnu:/opt/ros/humble/lib /usr/bin/cmake --build /home/hiro/rust_ws/build/composition_interfaces -- -j22 -l22
[0.428s] [35m[1mConsolidate compiler generated dependencies of target composition_interfaces__rosidl_generator_c[0m
[0.438s] [  2%] Built target composition_interfaces__rs
[0.440s] [  4%] Built target composition_interfaces__cpp
[0.443s] [ 14%] Built target composition_interfaces__rosidl_generator_c
[0.452s] [35m[1mConsolidate compiler generated dependencies of target composition_interfaces__rosidl_typesupport_cpp[0m
[0.452s] [35m[1mConsolidate compiler generated dependencies of target composition_interfaces__rosidl_typesupport_fastrtps_cpp[0m
[0.454s] [ 14%] Built target ament_cmake_python_copy_composition_interfaces
[0.455s] [35m[1mConsolidate compiler generated dependencies of target composition_interfaces__rosidl_typesupport_introspection_c[0m
[0.455s] [35m[1mConsolidate compiler generated dependencies of target composition_interfaces__rosidl_typesupport_introspection_cpp[0m
[0.455s] [35m[1mConsolidate compiler generated dependencies of target composition_interfaces__rosidl_typesupport_c[0m
[0.456s] [35m[1mConsolidate compiler generated dependencies of target composition_interfaces__rosidl_typesupport_fastrtps_c[0m
[0.470s] [ 31%] Built target composition_interfaces__rosidl_typesupport_introspection_c
[0.471s] [ 37%] Built target composition_interfaces__rosidl_typesupport_cpp
[0.471s] [ 45%] Built target composition_interfaces__rosidl_typesupport_c
[0.472s] [ 56%] Built target composition_interfaces__rosidl_typesupport_fastrtps_cpp
[0.475s] [ 66%] Built target composition_interfaces__rosidl_typesupport_introspection_cpp
[0.478s] [ 77%] Built target composition_interfaces__rosidl_typesupport_fastrtps_c
[0.500s] [ 77%] Built target composition_interfaces
[0.523s] [ 79%] Built target composition_interfaces__py
[0.534s] [35m[1mConsolidate compiler generated dependencies of target composition_interfaces__rosidl_generator_py[0m
[0.553s] [ 87%] Built target composition_interfaces__rosidl_generator_py
[0.567s] [35m[1mConsolidate compiler generated dependencies of target composition_interfaces__rosidl_typesupport_introspection_c__pyext[0m
[0.567s] [35m[1mConsolidate compiler generated dependencies of target composition_interfaces__rosidl_typesupport_fastrtps_c__pyext[0m
[0.567s] [35m[1mConsolidate compiler generated dependencies of target composition_interfaces__rosidl_typesupport_c__pyext[0m
[0.577s] [ 91%] Built target composition_interfaces__rosidl_typesupport_introspection_c__pyext
[0.581s] [ 95%] Built target composition_interfaces__rosidl_typesupport_fastrtps_c__pyext
[0.582s] [100%] Built target composition_interfaces__rosidl_typesupport_c__pyext
[0.874s] running egg_info
[0.885s] writing composition_interfaces.egg-info/PKG-INFO
[0.886s] writing dependency_links to composition_interfaces.egg-info/dependency_links.txt
[0.886s] writing top-level names to composition_interfaces.egg-info/top_level.txt
[0.928s] reading manifest file 'composition_interfaces.egg-info/SOURCES.txt'
[0.928s] writing manifest file 'composition_interfaces.egg-info/SOURCES.txt'
[0.982s] [100%] Built target ament_cmake_python_build_composition_interfaces_egg
[0.994s] Invoked command in '/home/hiro/rust_ws/build/composition_interfaces' returned '0': AMENT_PREFIX_PATH=/home/hiro/rust_ws/install/rosidl_runtime_rs:/home/hiro/rust_ws/install/common_interfaces:/home/hiro/rust_ws/install/visualization_msgs:/home/hiro/rust_ws/install/test_msgs:/home/hiro/rust_ws/install/examples_rclrs_minimal_client_service:/home/hiro/rust_ws/install/example_interfaces:/home/hiro/rust_ws/install/action_msgs:/home/hiro/rust_ws/install/unique_identifier_msgs:/home/hiro/rust_ws/install/trajectory_msgs:/home/hiro/rust_ws/install/test_interface_files:/home/hiro/rust_ws/install/stereo_msgs:/home/hiro/rust_ws/install/std_srvs:/home/hiro/rust_ws/install/shape_msgs:/home/hiro/rust_ws/install/sensor_msgs_py:/home/hiro/rust_ws/install/sensor_msgs:/home/hiro/rust_ws/install/rust_pubsub:/home/hiro/rust_ws/install/nav_msgs:/home/hiro/rust_ws/install/diagnostic_msgs:/home/hiro/rust_ws/install/geometry_msgs:/home/hiro/rust_ws/install/examples_rclrs_minimal_pub_sub:/home/hiro/rust_ws/install/actionlib_msgs:/home/hiro/rust_ws/install/std_msgs:/home/hiro/rust_ws/install/statistics_msgs:/home/hiro/rust_ws/install/examples_rclrs_message_demo:/home/hiro/rust_ws/install/rclrs:/home/hiro/rust_ws/install/rosgraph_msgs:/home/hiro/rust_ws/install/rclrs_example_msgs:/home/hiro/rust_ws/install/composition_interfaces:/home/hiro/rust_ws/install/rcl_interfaces:/home/hiro/rust_ws/install/lifecycle_msgs:/home/hiro/rust_ws/install/builtin_interfaces:/home/hiro/rust_ws/install/rosidl_default_runtime:/home/hiro/rust_ws/install/rosidl_default_generators:/home/hiro/rust_ws/install/rosidl_generator_rs:/home/hiro/ws_livox/install/livox_ros_driver2:/opt/ros/humble CMAKE_PREFIX_PATH=/home/hiro/rust_ws/install/rcl_interfaces:/home/hiro/rust_ws/install/builtin_interfaces:/home/hiro/rust_ws/install/rosidl_default_runtime:/home/hiro/rust_ws/install/rosidl_default_generators:/home/hiro/rust_ws/install/rosidl_generator_rs:/home/hiro/rust_ws/install/common_interfaces:/home/hiro/rust_ws/install/visualization_msgs:/home/hiro/rust_ws/install/test_msgs:/home/hiro/rust_ws/install/example_interfaces:/home/hiro/rust_ws/install/action_msgs:/home/hiro/rust_ws/install/unique_identifier_msgs:/home/hiro/rust_ws/install/trajectory_msgs:/home/hiro/rust_ws/install/test_interface_files:/home/hiro/rust_ws/install/stereo_msgs:/home/hiro/rust_ws/install/std_srvs:/home/hiro/rust_ws/install/shape_msgs:/home/hiro/rust_ws/install/sensor_msgs:/home/hiro/rust_ws/install/nav_msgs:/home/hiro/rust_ws/install/diagnostic_msgs:/home/hiro/rust_ws/install/geometry_msgs:/home/hiro/rust_ws/install/actionlib_msgs:/home/hiro/rust_ws/install/std_msgs:/home/hiro/rust_ws/install/statistics_msgs:/home/hiro/rust_ws/install/rosgraph_msgs:/home/hiro/rust_ws/install/rclrs_example_msgs:/home/hiro/rust_ws/install/composition_interfaces:/home/hiro/rust_ws/install/lifecycle_msgs:/home/hiro/ws_livox/install/livox_ros_driver2:/home/hiro/rust_ws/install/examples_rclrs_minimal_client_service:/home/hiro/rust_ws/install/sensor_msgs_py:/home/hiro/rust_ws/install/rust_pubsub:/home/hiro/rust_ws/install/examples_rclrs_minimal_pub_sub:/home/hiro/rust_ws/install/examples_rclrs_message_demo:/home/hiro/rust_ws/install/rclrs:/home/hiro/rust_ws/install/rosidl_runtime_rs:/opt/ros/humble LD_LIBRARY_PATH=/home/hiro/rust_ws/install/rcl_interfaces/lib:/home/hiro/rust_ws/install/builtin_interfaces/lib:/home/hiro/rust_ws/install/visualization_msgs/lib:/home/hiro/rust_ws/install/test_msgs/lib:/home/hiro/rust_ws/install/example_interfaces/lib:/home/hiro/rust_ws/install/action_msgs/lib:/home/hiro/rust_ws/install/unique_identifier_msgs/lib:/home/hiro/rust_ws/install/trajectory_msgs/lib:/home/hiro/rust_ws/install/stereo_msgs/lib:/home/hiro/rust_ws/install/std_srvs/lib:/home/hiro/rust_ws/install/shape_msgs/lib:/home/hiro/rust_ws/install/sensor_msgs/lib:/home/hiro/rust_ws/install/nav_msgs/lib:/home/hiro/rust_ws/install/diagnostic_msgs/lib:/home/hiro/rust_ws/install/geometry_msgs/lib:/home/hiro/rust_ws/install/actionlib_msgs/lib:/home/hiro/rust_ws/install/std_msgs/lib:/home/hiro/rust_ws/install/statistics_msgs/lib:/home/hiro/rust_ws/install/rosgraph_msgs/lib:/home/hiro/rust_ws/install/rclrs_example_msgs/lib:/home/hiro/rust_ws/install/composition_interfaces/lib:/home/hiro/rust_ws/install/lifecycle_msgs/lib:/home/hiro/ws_livox/install/livox_ros_driver2/lib:/opt/ros/humble/opt/rviz_ogre_vendor/lib:/opt/ros/humble/lib/x86_64-linux-gnu:/opt/ros/humble/lib /usr/bin/cmake --build /home/hiro/rust_ws/build/composition_interfaces -- -j22 -l22
[1.189s] Invoking command in '/home/hiro/rust_ws/build/composition_interfaces': AMENT_PREFIX_PATH=/home/hiro/rust_ws/install/rosidl_runtime_rs:/home/hiro/rust_ws/install/common_interfaces:/home/hiro/rust_ws/install/visualization_msgs:/home/hiro/rust_ws/install/test_msgs:/home/hiro/rust_ws/install/examples_rclrs_minimal_client_service:/home/hiro/rust_ws/install/example_interfaces:/home/hiro/rust_ws/install/action_msgs:/home/hiro/rust_ws/install/unique_identifier_msgs:/home/hiro/rust_ws/install/trajectory_msgs:/home/hiro/rust_ws/install/test_interface_files:/home/hiro/rust_ws/install/stereo_msgs:/home/hiro/rust_ws/install/std_srvs:/home/hiro/rust_ws/install/shape_msgs:/home/hiro/rust_ws/install/sensor_msgs_py:/home/hiro/rust_ws/install/sensor_msgs:/home/hiro/rust_ws/install/rust_pubsub:/home/hiro/rust_ws/install/nav_msgs:/home/hiro/rust_ws/install/diagnostic_msgs:/home/hiro/rust_ws/install/geometry_msgs:/home/hiro/rust_ws/install/examples_rclrs_minimal_pub_sub:/home/hiro/rust_ws/install/actionlib_msgs:/home/hiro/rust_ws/install/std_msgs:/home/hiro/rust_ws/install/statistics_msgs:/home/hiro/rust_ws/install/examples_rclrs_message_demo:/home/hiro/rust_ws/install/rclrs:/home/hiro/rust_ws/install/rosgraph_msgs:/home/hiro/rust_ws/install/rclrs_example_msgs:/home/hiro/rust_ws/install/composition_interfaces:/home/hiro/rust_ws/install/rcl_interfaces:/home/hiro/rust_ws/install/lifecycle_msgs:/home/hiro/rust_ws/install/builtin_interfaces:/home/hiro/rust_ws/install/rosidl_default_runtime:/home/hiro/rust_ws/install/rosidl_default_generators:/home/hiro/rust_ws/install/rosidl_generator_rs:/home/hiro/ws_livox/install/livox_ros_driver2:/opt/ros/humble CMAKE_PREFIX_PATH=/home/hiro/rust_ws/install/rcl_interfaces:/home/hiro/rust_ws/install/builtin_interfaces:/home/hiro/rust_ws/install/rosidl_default_runtime:/home/hiro/rust_ws/install/rosidl_default_generators:/home/hiro/rust_ws/install/rosidl_generator_rs:/home/hiro/rust_ws/install/common_interfaces:/home/hiro/rust_ws/install/visualization_msgs:/home/hiro/rust_ws/install/test_msgs:/home/hiro/rust_ws/install/example_interfaces:/home/hiro/rust_ws/install/action_msgs:/home/hiro/rust_ws/install/unique_identifier_msgs:/home/hiro/rust_ws/install/trajectory_msgs:/home/hiro/rust_ws/install/test_interface_files:/home/hiro/rust_ws/install/stereo_msgs:/home/hiro/rust_ws/install/std_srvs:/home/hiro/rust_ws/install/shape_msgs:/home/hiro/rust_ws/install/sensor_msgs:/home/hiro/rust_ws/install/nav_msgs:/home/hiro/rust_ws/install/diagnostic_msgs:/home/hiro/rust_ws/install/geometry_msgs:/home/hiro/rust_ws/install/actionlib_msgs:/home/hiro/rust_ws/install/std_msgs:/home/hiro/rust_ws/install/statistics_msgs:/home/hiro/rust_ws/install/rosgraph_msgs:/home/hiro/rust_ws/install/rclrs_example_msgs:/home/hiro/rust_ws/install/composition_interfaces:/home/hiro/rust_ws/install/lifecycle_msgs:/home/hiro/ws_livox/install/livox_ros_driver2:/home/hiro/rust_ws/install/examples_rclrs_minimal_client_service:/home/hiro/rust_ws/install/sensor_msgs_py:/home/hiro/rust_ws/install/rust_pubsub:/home/hiro/rust_ws/install/examples_rclrs_minimal_pub_sub:/home/hiro/rust_ws/install/examples_rclrs_message_demo:/home/hiro/rust_ws/install/rclrs:/home/hiro/rust_ws/install/rosidl_runtime_rs:/opt/ros/humble LD_LIBRARY_PATH=/home/hiro/rust_ws/install/rcl_interfaces/lib:/home/hiro/rust_ws/install/builtin_interfaces/lib:/home/hiro/rust_ws/install/visualization_msgs/lib:/home/hiro/rust_ws/install/test_msgs/lib:/home/hiro/rust_ws/install/example_interfaces/lib:/home/hiro/rust_ws/install/action_msgs/lib:/home/hiro/rust_ws/install/unique_identifier_msgs/lib:/home/hiro/rust_ws/install/trajectory_msgs/lib:/home/hiro/rust_ws/install/stereo_msgs/lib:/home/hiro/rust_ws/install/std_srvs/lib:/home/hiro/rust_ws/install/shape_msgs/lib:/home/hiro/rust_ws/install/sensor_msgs/lib:/home/hiro/rust_ws/install/nav_msgs/lib:/home/hiro/rust_ws/install/diagnostic_msgs/lib:/home/hiro/rust_ws/install/geometry_msgs/lib:/home/hiro/rust_ws/install/actionlib_msgs/lib:/home/hiro/rust_ws/install/std_msgs/lib:/home/hiro/rust_ws/install/statistics_msgs/lib:/home/hiro/rust_ws/install/rosgraph_msgs/lib:/home/hiro/rust_ws/install/rclrs_example_msgs/lib:/home/hiro/rust_ws/install/composition_interfaces/lib:/home/hiro/rust_ws/install/lifecycle_msgs/lib:/home/hiro/ws_livox/install/livox_ros_driver2/lib:/opt/ros/humble/opt/rviz_ogre_vendor/lib:/opt/ros/humble/lib/x86_64-linux-gnu:/opt/ros/humble/lib /usr/bin/cmake --install /home/hiro/rust_ws/build/composition_interfaces
[1.190s] -- Install configuration: ""
[1.191s] -- Up-to-date: /home/hiro/rust_ws/install/composition_interfaces/share/ament_index/resource_index/rosidl_interfaces/composition_interfaces
[1.191s] -- Up-to-date: /home/hiro/rust_ws/install/composition_interfaces/include/composition_interfaces/composition_interfaces
[1.191s] -- Up-to-date: /home/hiro/rust_ws/install/composition_interfaces/include/composition_interfaces/composition_interfaces/msg
[1.192s] -- Up-to-date: /home/hiro/rust_ws/install/composition_interfaces/include/composition_interfaces/composition_interfaces/msg/rosidl_generator_c__visibility_control.h
[1.192s] -- Up-to-date: /home/hiro/rust_ws/install/composition_interfaces/include/composition_interfaces/composition_interfaces/srv
[1.192s] -- Up-to-date: /home/hiro/rust_ws/install/composition_interfaces/include/composition_interfaces/composition_interfaces/srv/unload_node.h
[1.192s] -- Up-to-date: /home/hiro/rust_ws/install/composition_interfaces/include/composition_interfaces/composition_interfaces/srv/list_nodes.h
[1.192s] -- Up-to-date: /home/hiro/rust_ws/install/composition_interfaces/include/composition_interfaces/composition_interfaces/srv/detail
[1.192s] -- Up-to-date: /home/hiro/rust_ws/install/composition_interfaces/include/composition_interfaces/composition_interfaces/srv/detail/load_node__functions.c
[1.192s] -- Up-to-date: /home/hiro/rust_ws/install/composition_interfaces/include/composition_interfaces/composition_interfaces/srv/detail/unload_node__functions.h
[1.193s] -- Up-to-date: /home/hiro/rust_ws/install/composition_interfaces/include/composition_interfaces/composition_interfaces/srv/detail/unload_node__struct.h
[1.193s] -- Up-to-date: /home/hiro/rust_ws/install/composition_interfaces/include/composition_interfaces/composition_interfaces/srv/detail/list_nodes__functions.h
[1.193s] -- Up-to-date: /home/hiro/rust_ws/install/composition_interfaces/include/composition_interfaces/composition_interfaces/srv/detail/load_node__type_support.h
[1.193s] -- Up-to-date: /home/hiro/rust_ws/install/composition_interfaces/include/composition_interfaces/composition_interfaces/srv/detail/load_node__functions.h
[1.193s] -- Up-to-date: /home/hiro/rust_ws/install/composition_interfaces/include/composition_interfaces/composition_interfaces/srv/detail/unload_node__functions.c
[1.193s] -- Up-to-date: /home/hiro/rust_ws/install/composition_interfaces/include/composition_interfaces/composition_interfaces/srv/detail/list_nodes__functions.c
[1.193s] -- Up-to-date: /home/hiro/rust_ws/install/composition_interfaces/include/composition_interfaces/composition_interfaces/srv/detail/load_node__struct.h
[1.193s] -- Up-to-date: /home/hiro/rust_ws/install/composition_interfaces/include/composition_interfaces/composition_interfaces/srv/detail/unload_node__type_support.h
[1.193s] -- Up-to-date: /home/hiro/rust_ws/install/composition_interfaces/include/composition_interfaces/composition_interfaces/srv/detail/list_nodes__type_support.h
[1.193s] -- Up-to-date: /home/hiro/rust_ws/install/composition_interfaces/include/composition_interfaces/composition_interfaces/srv/detail/list_nodes__struct.h
[1.193s] -- Up-to-date: /home/hiro/rust_ws/install/composition_interfaces/include/composition_interfaces/composition_interfaces/srv/load_node.h
[1.193s] -- Up-to-date: /home/hiro/rust_ws/install/composition_interfaces/share/composition_interfaces/environment/library_path.sh
[1.193s] -- Up-to-date: /home/hiro/rust_ws/install/composition_interfaces/share/composition_interfaces/environment/library_path.dsv
[1.193s] -- Up-to-date: /home/hiro/rust_ws/install/composition_interfaces/lib/libcomposition_interfaces__rosidl_generator_c.so
[1.194s] -- Up-to-date: /home/hiro/rust_ws/install/composition_interfaces/include/composition_interfaces/composition_interfaces
[1.195s] -- Up-to-date: /home/hiro/rust_ws/install/composition_interfaces/include/composition_interfaces/composition_interfaces/msg
[1.195s] -- Up-to-date: /home/hiro/rust_ws/install/composition_interfaces/include/composition_interfaces/composition_interfaces/msg/rosidl_typesupport_fastrtps_c__visibility_control.h
[1.195s] -- Up-to-date: /home/hiro/rust_ws/install/composition_interfaces/include/composition_interfaces/composition_interfaces/srv
[1.195s] -- Up-to-date: /home/hiro/rust_ws/install/composition_interfaces/include/composition_interfaces/composition_interfaces/srv/detail
[1.196s] -- Up-to-date: /home/hiro/rust_ws/install/composition_interfaces/include/composition_interfaces/composition_interfaces/srv/detail/load_node__rosidl_typesupport_fastrtps_c.h
[1.196s] -- Up-to-date: /home/hiro/rust_ws/install/composition_interfaces/include/composition_interfaces/composition_interfaces/srv/detail/list_nodes__rosidl_typesupport_fastrtps_c.h
[1.197s] -- Up-to-date: /home/hiro/rust_ws/install/composition_interfaces/include/composition_interfaces/composition_interfaces/srv/detail/unload_node__rosidl_typesupport_fastrtps_c.h
[1.197s] -- Up-to-date: /home/hiro/rust_ws/install/composition_interfaces/lib/libcomposition_interfaces__rosidl_typesupport_fastrtps_c.so
[1.197s] -- Up-to-date: /home/hiro/rust_ws/install/composition_interfaces/include/composition_interfaces/composition_interfaces
[1.198s] -- Up-to-date: /home/hiro/rust_ws/install/composition_interfaces/include/composition_interfaces/composition_interfaces/msg
[1.198s] -- Up-to-date: /home/hiro/rust_ws/install/composition_interfaces/include/composition_interfaces/composition_interfaces/msg/rosidl_typesupport_introspection_c__visibility_control.h
[1.198s] -- Up-to-date: /home/hiro/rust_ws/install/composition_interfaces/include/composition_interfaces/composition_interfaces/srv
[1.199s] -- Up-to-date: /home/hiro/rust_ws/install/composition_interfaces/include/composition_interfaces/composition_interfaces/srv/detail
[1.199s] -- Up-to-date: /home/hiro/rust_ws/install/composition_interfaces/include/composition_interfaces/composition_interfaces/srv/detail/load_node__rosidl_typesupport_introspection_c.h
[1.200s] -- Up-to-date: /home/hiro/rust_ws/install/composition_interfaces/include/composition_interfaces/composition_interfaces/srv/detail/unload_node__rosidl_typesupport_introspection_c.h
[1.200s] -- Up-to-date: /home/hiro/rust_ws/install/composition_interfaces/include/composition_interfaces/composition_interfaces/srv/detail/list_nodes__type_support.c
[1.200s] -- Up-to-date: /home/hiro/rust_ws/install/composition_interfaces/include/composition_interfaces/composition_interfaces/srv/detail/list_nodes__rosidl_typesupport_introspection_c.h
[1.201s] -- Up-to-date: /home/hiro/rust_ws/install/composition_interfaces/include/composition_interfaces/composition_interfaces/srv/detail/unload_node__type_support.c
[1.201s] -- Up-to-date: /home/hiro/rust_ws/install/composition_interfaces/include/composition_interfaces/composition_interfaces/srv/detail/load_node__type_support.c
[1.201s] -- Up-to-date: /home/hiro/rust_ws/install/composition_interfaces/lib/libcomposition_interfaces__rosidl_typesupport_introspection_c.so
[1.203s] -- Up-to-date: /home/hiro/rust_ws/install/composition_interfaces/lib/libcomposition_interfaces__rosidl_typesupport_c.so
[1.204s] -- Up-to-date: /home/hiro/rust_ws/install/composition_interfaces/include/composition_interfaces/composition_interfaces
[1.204s] -- Up-to-date: /home/hiro/rust_ws/install/composition_interfaces/include/composition_interfaces/composition_interfaces/srv
[1.204s] -- Up-to-date: /home/hiro/rust_ws/install/composition_interfaces/include/composition_interfaces/composition_interfaces/srv/list_nodes.hpp
[1.204s] -- Up-to-date: /home/hiro/rust_ws/install/composition_interfaces/include/composition_interfaces/composition_interfaces/srv/load_node.hpp
[1.205s] -- Up-to-date: /home/hiro/rust_ws/install/composition_interfaces/include/composition_interfaces/composition_interfaces/srv/unload_node.hpp
[1.205s] -- Up-to-date: /home/hiro/rust_ws/install/composition_interfaces/include/composition_interfaces/composition_interfaces/srv/detail
[1.205s] -- Up-to-date: /home/hiro/rust_ws/install/composition_interfaces/include/composition_interfaces/composition_interfaces/srv/detail/list_nodes__traits.hpp
[1.205s] -- Up-to-date: /home/hiro/rust_ws/install/composition_interfaces/include/composition_interfaces/composition_interfaces/srv/detail/load_node__struct.hpp
[1.205s] -- Up-to-date: /home/hiro/rust_ws/install/composition_interfaces/include/composition_interfaces/composition_interfaces/srv/detail/list_nodes__struct.hpp
[1.205s] -- Up-to-date: /home/hiro/rust_ws/install/composition_interfaces/include/composition_interfaces/composition_interfaces/srv/detail/list_nodes__builder.hpp
[1.205s] -- Up-to-date: /home/hiro/rust_ws/install/composition_interfaces/include/composition_interfaces/composition_interfaces/srv/detail/unload_node__traits.hpp
[1.206s] -- Up-to-date: /home/hiro/rust_ws/install/composition_interfaces/include/composition_interfaces/composition_interfaces/srv/detail/unload_node__builder.hpp
[1.206s] -- Up-to-date: /home/hiro/rust_ws/install/composition_interfaces/include/composition_interfaces/composition_interfaces/srv/detail/unload_node__struct.hpp
[1.206s] -- Up-to-date: /home/hiro/rust_ws/install/composition_interfaces/include/composition_interfaces/composition_interfaces/srv/detail/load_node__traits.hpp
[1.206s] -- Up-to-date: /home/hiro/rust_ws/install/composition_interfaces/include/composition_interfaces/composition_interfaces/srv/detail/load_node__builder.hpp
[1.206s] -- Up-to-date: /home/hiro/rust_ws/install/composition_interfaces/include/composition_interfaces/composition_interfaces
[1.206s] -- Up-to-date: /home/hiro/rust_ws/install/composition_interfaces/include/composition_interfaces/composition_interfaces/msg
[1.206s] -- Up-to-date: /home/hiro/rust_ws/install/composition_interfaces/include/composition_interfaces/composition_interfaces/msg/rosidl_typesupport_fastrtps_cpp__visibility_control.h
[1.206s] -- Up-to-date: /home/hiro/rust_ws/install/composition_interfaces/include/composition_interfaces/composition_interfaces/srv
[1.206s] -- Up-to-date: /home/hiro/rust_ws/install/composition_interfaces/include/composition_interfaces/composition_interfaces/srv/detail
[1.206s] -- Up-to-date: /home/hiro/rust_ws/install/composition_interfaces/include/composition_interfaces/composition_interfaces/srv/detail/dds_fastrtps
[1.206s] -- Up-to-date: /home/hiro/rust_ws/install/composition_interfaces/include/composition_interfaces/composition_interfaces/srv/detail/list_nodes__rosidl_typesupport_fastrtps_cpp.hpp
[1.207s] -- Up-to-date: /home/hiro/rust_ws/install/composition_interfaces/include/composition_interfaces/composition_interfaces/srv/detail/load_node__rosidl_typesupport_fastrtps_cpp.hpp
[1.207s] -- Up-to-date: /home/hiro/rust_ws/install/composition_interfaces/include/composition_interfaces/composition_interfaces/srv/detail/unload_node__rosidl_typesupport_fastrtps_cpp.hpp
[1.207s] -- Up-to-date: /home/hiro/rust_ws/install/composition_interfaces/lib/libcomposition_interfaces__rosidl_typesupport_fastrtps_cpp.so
[1.207s] -- Up-to-date: /home/hiro/rust_ws/install/composition_interfaces/include/composition_interfaces/composition_interfaces
[1.207s] -- Up-to-date: /home/hiro/rust_ws/install/composition_interfaces/include/composition_interfaces/composition_interfaces/srv
[1.207s] -- Up-to-date: /home/hiro/rust_ws/install/composition_interfaces/include/composition_interfaces/composition_interfaces/srv/detail
[1.207s] -- Up-to-date: /home/hiro/rust_ws/install/composition_interfaces/include/composition_interfaces/composition_interfaces/srv/detail/unload_node__rosidl_typesupport_introspection_cpp.hpp
[1.207s] -- Up-to-date: /home/hiro/rust_ws/install/composition_interfaces/include/composition_interfaces/composition_interfaces/srv/detail/load_node__rosidl_typesupport_introspection_cpp.hpp
[1.207s] -- Up-to-date: /home/hiro/rust_ws/install/composition_interfaces/include/composition_interfaces/composition_interfaces/srv/detail/load_node__type_support.cpp
[1.207s] -- Up-to-date: /home/hiro/rust_ws/install/composition_interfaces/include/composition_interfaces/composition_interfaces/srv/detail/unload_node__type_support.cpp
[1.208s] -- Up-to-date: /home/hiro/rust_ws/install/composition_interfaces/include/composition_interfaces/composition_interfaces/srv/detail/list_nodes__rosidl_typesupport_introspection_cpp.hpp
[1.209s] -- Up-to-date: /home/hiro/rust_ws/install/composition_interfaces/include/composition_interfaces/composition_interfaces/srv/detail/list_nodes__type_support.cpp
[1.210s] -- Up-to-date: /home/hiro/rust_ws/install/composition_interfaces/lib/libcomposition_interfaces__rosidl_typesupport_introspection_cpp.so
[1.210s] -- Up-to-date: /home/hiro/rust_ws/install/composition_interfaces/lib/libcomposition_interfaces__rosidl_typesupport_cpp.so
[1.210s] -- Up-to-date: /home/hiro/rust_ws/install/composition_interfaces/share/ament_index/resource_index/rust_packages/composition_interfaces
[1.210s] -- Up-to-date: /home/hiro/rust_ws/install/composition_interfaces/share/composition_interfaces/rust
[1.210s] -- Up-to-date: /home/hiro/rust_ws/install/composition_interfaces/share/composition_interfaces/rust/Cargo.toml
[1.211s] -- Up-to-date: /home/hiro/rust_ws/install/composition_interfaces/share/composition_interfaces/rust/build.rs
[1.212s] -- Up-to-date: /home/hiro/rust_ws/install/composition_interfaces/share/composition_interfaces/rust/src
[1.212s] -- Up-to-date: /home/hiro/rust_ws/install/composition_interfaces/share/composition_interfaces/rust/src/srv.rs
[1.212s] -- Up-to-date: /home/hiro/rust_ws/install/composition_interfaces/share/composition_interfaces/rust/src/lib.rs
[1.212s] -- Up-to-date: /home/hiro/rust_ws/install/composition_interfaces/share/composition_interfaces/environment/pythonpath.sh
[1.213s] -- Up-to-date: /home/hiro/rust_ws/install/composition_interfaces/share/composition_interfaces/environment/pythonpath.dsv
[1.213s] -- Up-to-date: /home/hiro/rust_ws/install/composition_interfaces/local/lib/python3.10/dist-packages/composition_interfaces-1.2.1-py3.10.egg-info
[1.213s] -- Installing: /home/hiro/rust_ws/install/composition_interfaces/local/lib/python3.10/dist-packages/composition_interfaces-1.2.1-py3.10.egg-info/top_level.txt
[1.213s] -- Installing: /home/hiro/rust_ws/install/composition_interfaces/local/lib/python3.10/dist-packages/composition_interfaces-1.2.1-py3.10.egg-info/PKG-INFO
[1.213s] -- Installing: /home/hiro/rust_ws/install/composition_interfaces/local/lib/python3.10/dist-packages/composition_interfaces-1.2.1-py3.10.egg-info/SOURCES.txt
[1.213s] -- Installing: /home/hiro/rust_ws/install/composition_interfaces/local/lib/python3.10/dist-packages/composition_interfaces-1.2.1-py3.10.egg-info/dependency_links.txt
[1.214s] -- Up-to-date: /home/hiro/rust_ws/install/composition_interfaces/local/lib/python3.10/dist-packages/composition_interfaces
[1.214s] -- Up-to-date: /home/hiro/rust_ws/install/composition_interfaces/local/lib/python3.10/dist-packages/composition_interfaces/composition_interfaces_s__rosidl_typesupport_introspection_c.cpython-310-x86_64-linux-gnu.so
[1.214s] -- Up-to-date: /home/hiro/rust_ws/install/composition_interfaces/local/lib/python3.10/dist-packages/composition_interfaces/composition_interfaces_s__rosidl_typesupport_c.cpython-310-x86_64-linux-gnu.so
[1.214s] -- Up-to-date: /home/hiro/rust_ws/install/composition_interfaces/local/lib/python3.10/dist-packages/composition_interfaces/_composition_interfaces_s.ep.rosidl_typesupport_c.c
[1.214s] -- Up-to-date: /home/hiro/rust_ws/install/composition_interfaces/local/lib/python3.10/dist-packages/composition_interfaces/composition_interfaces_s__rosidl_typesupport_fastrtps_c.cpython-310-x86_64-linux-gnu.so
[1.214s] -- Up-to-date: /home/hiro/rust_ws/install/composition_interfaces/local/lib/python3.10/dist-packages/composition_interfaces/_composition_interfaces_s.ep.rosidl_typesupport_introspection_c.c
[1.215s] -- Up-to-date: /home/hiro/rust_ws/install/composition_interfaces/local/lib/python3.10/dist-packages/composition_interfaces/__init__.py
[1.215s] -- Up-to-date: /home/hiro/rust_ws/install/composition_interfaces/local/lib/python3.10/dist-packages/composition_interfaces/libcomposition_interfaces__rosidl_generator_py.so
[1.215s] -- Up-to-date: /home/hiro/rust_ws/install/composition_interfaces/local/lib/python3.10/dist-packages/composition_interfaces/srv
[1.215s] -- Up-to-date: /home/hiro/rust_ws/install/composition_interfaces/local/lib/python3.10/dist-packages/composition_interfaces/srv/_load_node.py
[1.216s] -- Up-to-date: /home/hiro/rust_ws/install/composition_interfaces/local/lib/python3.10/dist-packages/composition_interfaces/srv/_load_node_s.c
[1.216s] -- Up-to-date: /home/hiro/rust_ws/install/composition_interfaces/local/lib/python3.10/dist-packages/composition_interfaces/srv/_list_nodes_s.c
[1.217s] -- Up-to-date: /home/hiro/rust_ws/install/composition_interfaces/local/lib/python3.10/dist-packages/composition_interfaces/srv/_list_nodes.py
[1.217s] -- Up-to-date: /home/hiro/rust_ws/install/composition_interfaces/local/lib/python3.10/dist-packages/composition_interfaces/srv/_unload_node_s.c
[1.217s] -- Up-to-date: /home/hiro/rust_ws/install/composition_interfaces/local/lib/python3.10/dist-packages/composition_interfaces/srv/__init__.py
[1.218s] -- Up-to-date: /home/hiro/rust_ws/install/composition_interfaces/local/lib/python3.10/dist-packages/composition_interfaces/srv/_unload_node.py
[1.218s] -- Up-to-date: /home/hiro/rust_ws/install/composition_interfaces/local/lib/python3.10/dist-packages/composition_interfaces/_composition_interfaces_s.ep.rosidl_typesupport_fastrtps_c.c
[1.259s] Listing '/home/hiro/rust_ws/install/composition_interfaces/local/lib/python3.10/dist-packages/composition_interfaces'...
[1.260s] Listing '/home/hiro/rust_ws/install/composition_interfaces/local/lib/python3.10/dist-packages/composition_interfaces/srv'...
[1.266s] -- Up-to-date: /home/hiro/rust_ws/install/composition_interfaces/local/lib/python3.10/dist-packages/composition_interfaces/composition_interfaces_s__rosidl_typesupport_fastrtps_c.cpython-310-x86_64-linux-gnu.so
[1.267s] -- Up-to-date: /home/hiro/rust_ws/install/composition_interfaces/local/lib/python3.10/dist-packages/composition_interfaces/composition_interfaces_s__rosidl_typesupport_introspection_c.cpython-310-x86_64-linux-gnu.so
[1.267s] -- Up-to-date: /home/hiro/rust_ws/install/composition_interfaces/local/lib/python3.10/dist-packages/composition_interfaces/composition_interfaces_s__rosidl_typesupport_c.cpython-310-x86_64-linux-gnu.so
[1.267s] -- Up-to-date: /home/hiro/rust_ws/install/composition_interfaces/lib/libcomposition_interfaces__rosidl_generator_py.so
[1.268s] -- Up-to-date: /home/hiro/rust_ws/install/composition_interfaces/share/composition_interfaces/srv/LoadNode.idl
[1.269s] -- Up-to-date: /home/hiro/rust_ws/install/composition_interfaces/share/composition_interfaces/srv/ListNodes.idl
[1.269s] -- Up-to-date: /home/hiro/rust_ws/install/composition_interfaces/share/composition_interfaces/srv/UnloadNode.idl
[1.270s] -- Up-to-date: /home/hiro/rust_ws/install/composition_interfaces/share/composition_interfaces/srv/LoadNode.srv
[1.270s] -- Up-to-date: /home/hiro/rust_ws/install/composition_interfaces/share/composition_interfaces/srv/LoadNode_Request.msg
[1.270s] -- Up-to-date: /home/hiro/rust_ws/install/composition_interfaces/share/composition_interfaces/srv/LoadNode_Response.msg
[1.271s] -- Up-to-date: /home/hiro/rust_ws/install/composition_interfaces/share/composition_interfaces/srv/ListNodes.srv
[1.271s] -- Up-to-date: /home/hiro/rust_ws/install/composition_interfaces/share/composition_interfaces/srv/ListNodes_Request.msg
[1.272s] -- Up-to-date: /home/hiro/rust_ws/install/composition_interfaces/share/composition_interfaces/srv/ListNodes_Response.msg
[1.272s] -- Up-to-date: /home/hiro/rust_ws/install/composition_interfaces/share/composition_interfaces/srv/UnloadNode.srv
[1.272s] -- Up-to-date: /home/hiro/rust_ws/install/composition_interfaces/share/composition_interfaces/srv/UnloadNode_Request.msg
[1.272s] -- Up-to-date: /home/hiro/rust_ws/install/composition_interfaces/share/composition_interfaces/srv/UnloadNode_Response.msg
[1.273s] -- Up-to-date: /home/hiro/rust_ws/install/composition_interfaces/share/ament_index/resource_index/package_run_dependencies/composition_interfaces
[1.273s] -- Up-to-date: /home/hiro/rust_ws/install/composition_interfaces/share/ament_index/resource_index/parent_prefix_path/composition_interfaces
[1.273s] -- Up-to-date: /home/hiro/rust_ws/install/composition_interfaces/share/composition_interfaces/environment/ament_prefix_path.sh
[1.273s] -- Up-to-date: /home/hiro/rust_ws/install/composition_interfaces/share/composition_interfaces/environment/ament_prefix_path.dsv
[1.274s] -- Up-to-date: /home/hiro/rust_ws/install/composition_interfaces/share/composition_interfaces/environment/path.sh
[1.274s] -- Up-to-date: /home/hiro/rust_ws/install/composition_interfaces/share/composition_interfaces/environment/path.dsv
[1.274s] -- Up-to-date: /home/hiro/rust_ws/install/composition_interfaces/share/composition_interfaces/local_setup.bash
[1.274s] -- Up-to-date: /home/hiro/rust_ws/install/composition_interfaces/share/composition_interfaces/local_setup.sh
[1.275s] -- Up-to-date: /home/hiro/rust_ws/install/composition_interfaces/share/composition_interfaces/local_setup.zsh
[1.275s] -- Up-to-date: /home/hiro/rust_ws/install/composition_interfaces/share/composition_interfaces/local_setup.dsv
[1.275s] -- Installing: /home/hiro/rust_ws/install/composition_interfaces/share/composition_interfaces/package.dsv
[1.275s] -- Up-to-date: /home/hiro/rust_ws/install/composition_interfaces/share/ament_index/resource_index/packages/composition_interfaces
[1.275s] -- Up-to-date: /home/hiro/rust_ws/install/composition_interfaces/share/composition_interfaces/cmake/export_composition_interfaces__rosidl_generator_cExport.cmake
[1.276s] -- Up-to-date: /home/hiro/rust_ws/install/composition_interfaces/share/composition_interfaces/cmake/export_composition_interfaces__rosidl_generator_cExport-noconfig.cmake
[1.276s] -- Up-to-date: /home/hiro/rust_ws/install/composition_interfaces/share/composition_interfaces/cmake/export_composition_interfaces__rosidl_typesupport_fastrtps_cExport.cmake
[1.277s] -- Up-to-date: /home/hiro/rust_ws/install/composition_interfaces/share/composition_interfaces/cmake/export_composition_interfaces__rosidl_typesupport_fastrtps_cExport-noconfig.cmake
[1.277s] -- Up-to-date: /home/hiro/rust_ws/install/composition_interfaces/share/composition_interfaces/cmake/composition_interfaces__rosidl_typesupport_introspection_cExport.cmake
[1.277s] -- Up-to-date: /home/hiro/rust_ws/install/composition_interfaces/share/composition_interfaces/cmake/composition_interfaces__rosidl_typesupport_introspection_cExport-noconfig.cmake
[1.277s] -- Up-to-date: /home/hiro/rust_ws/install/composition_interfaces/share/composition_interfaces/cmake/composition_interfaces__rosidl_typesupport_cExport.cmake
[1.278s] -- Up-to-date: /home/hiro/rust_ws/install/composition_interfaces/share/composition_interfaces/cmake/composition_interfaces__rosidl_typesupport_cExport-noconfig.cmake
[1.278s] -- Up-to-date: /home/hiro/rust_ws/install/composition_interfaces/share/composition_interfaces/cmake/export_composition_interfaces__rosidl_generator_cppExport.cmake
[1.278s] -- Up-to-date: /home/hiro/rust_ws/install/composition_interfaces/share/composition_interfaces/cmake/export_composition_interfaces__rosidl_typesupport_fastrtps_cppExport.cmake
[1.278s] -- Up-to-date: /home/hiro/rust_ws/install/composition_interfaces/share/composition_interfaces/cmake/export_composition_interfaces__rosidl_typesupport_fastrtps_cppExport-noconfig.cmake
[1.279s] -- Up-to-date: /home/hiro/rust_ws/install/composition_interfaces/share/composition_interfaces/cmake/composition_interfaces__rosidl_typesupport_introspection_cppExport.cmake
[1.279s] -- Up-to-date: /home/hiro/rust_ws/install/composition_interfaces/share/composition_interfaces/cmake/composition_interfaces__rosidl_typesupport_introspection_cppExport-noconfig.cmake
[1.279s] -- Up-to-date: /home/hiro/rust_ws/install/composition_interfaces/share/composition_interfaces/cmake/composition_interfaces__rosidl_typesupport_cppExport.cmake
[1.279s] -- Up-to-date: /home/hiro/rust_ws/install/composition_interfaces/share/composition_interfaces/cmake/composition_interfaces__rosidl_typesupport_cppExport-noconfig.cmake
[1.279s] -- Up-to-date: /home/hiro/rust_ws/install/composition_interfaces/share/composition_interfaces/cmake/export_composition_interfaces__rosidl_generator_pyExport.cmake
[1.279s] -- Up-to-date: /home/hiro/rust_ws/install/composition_interfaces/share/composition_interfaces/cmake/export_composition_interfaces__rosidl_generator_pyExport-noconfig.cmake
[1.279s] -- Up-to-date: /home/hiro/rust_ws/install/composition_interfaces/share/composition_interfaces/cmake/rosidl_cmake-extras.cmake
[1.280s] -- Up-to-date: /home/hiro/rust_ws/install/composition_interfaces/share/composition_interfaces/cmake/ament_cmake_export_dependencies-extras.cmake
[1.280s] -- Up-to-date: /home/hiro/rust_ws/install/composition_interfaces/share/composition_interfaces/cmake/ament_cmake_export_include_directories-extras.cmake
[1.280s] -- Up-to-date: /home/hiro/rust_ws/install/composition_interfaces/share/composition_interfaces/cmake/ament_cmake_export_libraries-extras.cmake
[1.280s] -- Up-to-date: /home/hiro/rust_ws/install/composition_interfaces/share/composition_interfaces/cmake/ament_cmake_export_targets-extras.cmake
[1.280s] -- Up-to-date: /home/hiro/rust_ws/install/composition_interfaces/share/composition_interfaces/cmake/rosidl_cmake_export_typesupport_targets-extras.cmake
[1.282s] -- Up-to-date: /home/hiro/rust_ws/install/composition_interfaces/share/composition_interfaces/cmake/rosidl_cmake_export_typesupport_libraries-extras.cmake
[1.282s] -- Up-to-date: /home/hiro/rust_ws/install/composition_interfaces/share/composition_interfaces/cmake/composition_interfacesConfig.cmake
[1.282s] -- Up-to-date: /home/hiro/rust_ws/install/composition_interfaces/share/composition_interfaces/cmake/composition_interfacesConfig-version.cmake
[1.283s] -- Up-to-date: /home/hiro/rust_ws/install/composition_interfaces/share/composition_interfaces/package.xml
[1.283s] Invoked command in '/home/hiro/rust_ws/build/composition_interfaces' returned '0': AMENT_PREFIX_PATH=/home/hiro/rust_ws/install/rosidl_runtime_rs:/home/hiro/rust_ws/install/common_interfaces:/home/hiro/rust_ws/install/visualization_msgs:/home/hiro/rust_ws/install/test_msgs:/home/hiro/rust_ws/install/examples_rclrs_minimal_client_service:/home/hiro/rust_ws/install/example_interfaces:/home/hiro/rust_ws/install/action_msgs:/home/hiro/rust_ws/install/unique_identifier_msgs:/home/hiro/rust_ws/install/trajectory_msgs:/home/hiro/rust_ws/install/test_interface_files:/home/hiro/rust_ws/install/stereo_msgs:/home/hiro/rust_ws/install/std_srvs:/home/hiro/rust_ws/install/shape_msgs:/home/hiro/rust_ws/install/sensor_msgs_py:/home/hiro/rust_ws/install/sensor_msgs:/home/hiro/rust_ws/install/rust_pubsub:/home/hiro/rust_ws/install/nav_msgs:/home/hiro/rust_ws/install/diagnostic_msgs:/home/hiro/rust_ws/install/geometry_msgs:/home/hiro/rust_ws/install/examples_rclrs_minimal_pub_sub:/home/hiro/rust_ws/install/actionlib_msgs:/home/hiro/rust_ws/install/std_msgs:/home/hiro/rust_ws/install/statistics_msgs:/home/hiro/rust_ws/install/examples_rclrs_message_demo:/home/hiro/rust_ws/install/rclrs:/home/hiro/rust_ws/install/rosgraph_msgs:/home/hiro/rust_ws/install/rclrs_example_msgs:/home/hiro/rust_ws/install/composition_interfaces:/home/hiro/rust_ws/install/rcl_interfaces:/home/hiro/rust_ws/install/lifecycle_msgs:/home/hiro/rust_ws/install/builtin_interfaces:/home/hiro/rust_ws/install/rosidl_default_runtime:/home/hiro/rust_ws/install/rosidl_default_generators:/home/hiro/rust_ws/install/rosidl_generator_rs:/home/hiro/ws_livox/install/livox_ros_driver2:/opt/ros/humble CMAKE_PREFIX_PATH=/home/hiro/rust_ws/install/rcl_interfaces:/home/hiro/rust_ws/install/builtin_interfaces:/home/hiro/rust_ws/install/rosidl_default_runtime:/home/hiro/rust_ws/install/rosidl_default_generators:/home/hiro/rust_ws/install/rosidl_generator_rs:/home/hiro/rust_ws/install/common_interfaces:/home/hiro/rust_ws/install/visualization_msgs:/home/hiro/rust_ws/install/test_msgs:/home/hiro/rust_ws/install/example_interfaces:/home/hiro/rust_ws/install/action_msgs:/home/hiro/rust_ws/install/unique_identifier_msgs:/home/hiro/rust_ws/install/trajectory_msgs:/home/hiro/rust_ws/install/test_interface_files:/home/hiro/rust_ws/install/stereo_msgs:/home/hiro/rust_ws/install/std_srvs:/home/hiro/rust_ws/install/shape_msgs:/home/hiro/rust_ws/install/sensor_msgs:/home/hiro/rust_ws/install/nav_msgs:/home/hiro/rust_ws/install/diagnostic_msgs:/home/hiro/rust_ws/install/geometry_msgs:/home/hiro/rust_ws/install/actionlib_msgs:/home/hiro/rust_ws/install/std_msgs:/home/hiro/rust_ws/install/statistics_msgs:/home/hiro/rust_ws/install/rosgraph_msgs:/home/hiro/rust_ws/install/rclrs_example_msgs:/home/hiro/rust_ws/install/composition_interfaces:/home/hiro/rust_ws/install/lifecycle_msgs:/home/hiro/ws_livox/install/livox_ros_driver2:/home/hiro/rust_ws/install/examples_rclrs_minimal_client_service:/home/hiro/rust_ws/install/sensor_msgs_py:/home/hiro/rust_ws/install/rust_pubsub:/home/hiro/rust_ws/install/examples_rclrs_minimal_pub_sub:/home/hiro/rust_ws/install/examples_rclrs_message_demo:/home/hiro/rust_ws/install/rclrs:/home/hiro/rust_ws/install/rosidl_runtime_rs:/opt/ros/humble LD_LIBRARY_PATH=/home/hiro/rust_ws/install/rcl_interfaces/lib:/home/hiro/rust_ws/install/builtin_interfaces/lib:/home/hiro/rust_ws/install/visualization_msgs/lib:/home/hiro/rust_ws/install/test_msgs/lib:/home/hiro/rust_ws/install/example_interfaces/lib:/home/hiro/rust_ws/install/action_msgs/lib:/home/hiro/rust_ws/install/unique_identifier_msgs/lib:/home/hiro/rust_ws/install/trajectory_msgs/lib:/home/hiro/rust_ws/install/stereo_msgs/lib:/home/hiro/rust_ws/install/std_srvs/lib:/home/hiro/rust_ws/install/shape_msgs/lib:/home/hiro/rust_ws/install/sensor_msgs/lib:/home/hiro/rust_ws/install/nav_msgs/lib:/home/hiro/rust_ws/install/diagnostic_msgs/lib:/home/hiro/rust_ws/install/geometry_msgs/lib:/home/hiro/rust_ws/install/actionlib_msgs/lib:/home/hiro/rust_ws/install/std_msgs/lib:/home/hiro/rust_ws/install/statistics_msgs/lib:/home/hiro/rust_ws/install/rosgraph_msgs/lib:/home/hiro/rust_ws/install/rclrs_example_msgs/lib:/home/hiro/rust_ws/install/composition_interfaces/lib:/home/hiro/rust_ws/install/lifecycle_msgs/lib:/home/hiro/ws_livox/install/livox_ros_driver2/lib:/opt/ros/humble/opt/rviz_ogre_vendor/lib:/opt/ros/humble/lib/x86_64-linux-gnu:/opt/ros/humble/lib /usr/bin/cmake --install /home/hiro/rust_ws/build/composition_interfaces
