[0.137s] Invoking command in '/home/hiro/rust_ws/src/build/rclrs_example_msgs': AMENT_PREFIX_PATH=/home/hiro/rust_ws/src/install/rosidl_default_runtime:/home/hiro/rust_ws/src/install/rosidl_default_generators:/home/hiro/rust_ws/src/install/rosidl_generator_rs:/home/hiro/rust_ws/src/install/rosidl_runtime_rs:${AMENT_PREFIX_PATH} CMAKE_PREFIX_PATH=/home/hiro/rust_ws/src/install/rosidl_default_runtime:/home/hiro/rust_ws/src/install/rosidl_default_generators:/home/hiro/rust_ws/src/install/rosidl_generator_rs:/home/hiro/ws_livox/install/livox_ros_driver2:/opt/ros/humble PYTHONPATH=/home/hiro/rust_ws/src/install/rosidl_generator_rs/local/lib/python3.10/dist-packages:${PYTHONPATH} /usr/bin/cmake /home/hiro/rust_ws/src/src/ros2_rust/examples/rclrs_example_msgs -DCMAKE_INSTALL_PREFIX=/home/hiro/rust_ws/src/install/rclrs_example_msgs
[0.234s] -- The C compiler identification is GNU 11.4.0
[0.656s] -- The CXX compiler identification is GNU 11.4.0
[1.070s] -- Detecting C compiler ABI info
[1.205s] -- Detecting C compiler ABI info - done
[1.210s] -- Check for working C compiler: /usr/bin/cc - skipped
[1.210s] -- Detecting C compile features
[1.210s] -- Detecting C compile features - done
[1.212s] -- Detecting CXX compiler ABI info
[1.329s] -- Detecting CXX compiler ABI info - done
[1.334s] -- Check for working CXX compiler: /usr/bin/c++ - skipped
[1.334s] -- Detecting CXX compile features
[1.334s] -- Detecting CXX compile features - done
[1.335s] -- Found ament_cmake: 1.3.10 (/opt/ros/humble/share/ament_cmake/cmake)
[1.812s] -- Found Python3: /usr/bin/python3 (found version "3.10.12") found components: Interpreter 
[1.872s] -- Found rosidl_default_generators: 1.2.0 (/home/hiro/rust_ws/src/install/rosidl_default_generators/share/rosidl_default_generators/cmake)
[1.874s] -- Using all available rosidl_typesupport_c: rosidl_typesupport_fastrtps_c;rosidl_typesupport_introspection_c
[1.877s] -- Found rosidl_adapter: 3.1.5 (/opt/ros/humble/share/rosidl_adapter/cmake)
[1.982s] -- Using all available rosidl_typesupport_cpp: rosidl_typesupport_fastrtps_cpp;rosidl_typesupport_introspection_cpp
[2.186s] -- Found ament_cmake_ros: 0.10.0 (/opt/ros/humble/share/ament_cmake_ros/cmake)
[2.327s] -- Using all available rosidl_typesupport_c: rosidl_typesupport_fastrtps_c;rosidl_typesupport_introspection_c
[2.516s] -- Using all available rosidl_typesupport_cpp: rosidl_typesupport_fastrtps_cpp;rosidl_typesupport_introspection_cpp
[2.656s] -- Found PythonInterp: /usr/bin/python3 (found suitable version "3.10.12", minimum required is "3.6") 
[2.657s] -- Found python_cmake_module: 0.10.0 (/opt/ros/humble/share/python_cmake_module/cmake)
[2.998s] -- Found PythonLibs: /usr/lib/x86_64-linux-gnu/libpython3.10.so (found suitable version "3.10.12", minimum required is "3.5") 
[2.998s] -- Using PYTHON_EXECUTABLE: /usr/bin/python3
[2.998s] -- Using PYTHON_INCLUDE_DIRS: /usr/include/python3.10
[2.998s] -- Using PYTHON_LIBRARIES: /usr/lib/x86_64-linux-gnu/libpython3.10.so
[3.016s] -- Found PythonExtra: .so  
[3.093s] -- Configuring done
[3.122s] -- Generating done
[3.124s] -- Build files have been written to: /home/hiro/rust_ws/src/build/rclrs_example_msgs
[3.137s] Invoked command in '/home/hiro/rust_ws/src/build/rclrs_example_msgs' returned '0': AMENT_PREFIX_PATH=/home/hiro/rust_ws/src/install/rosidl_default_runtime:/home/hiro/rust_ws/src/install/rosidl_default_generators:/home/hiro/rust_ws/src/install/rosidl_generator_rs:/home/hiro/rust_ws/src/install/rosidl_runtime_rs:${AMENT_PREFIX_PATH} CMAKE_PREFIX_PATH=/home/hiro/rust_ws/src/install/rosidl_default_runtime:/home/hiro/rust_ws/src/install/rosidl_default_generators:/home/hiro/rust_ws/src/install/rosidl_generator_rs:/home/hiro/ws_livox/install/livox_ros_driver2:/opt/ros/humble PYTHONPATH=/home/hiro/rust_ws/src/install/rosidl_generator_rs/local/lib/python3.10/dist-packages:${PYTHONPATH} /usr/bin/cmake /home/hiro/rust_ws/src/src/ros2_rust/examples/rclrs_example_msgs -DCMAKE_INSTALL_PREFIX=/home/hiro/rust_ws/src/install/rclrs_example_msgs
[3.139s] Invoking command in '/home/hiro/rust_ws/src/build/rclrs_example_msgs': AMENT_PREFIX_PATH=/home/hiro/rust_ws/src/install/rosidl_default_runtime:/home/hiro/rust_ws/src/install/rosidl_default_generators:/home/hiro/rust_ws/src/install/rosidl_generator_rs:/home/hiro/rust_ws/src/install/rosidl_runtime_rs:${AMENT_PREFIX_PATH} CMAKE_PREFIX_PATH=/home/hiro/rust_ws/src/install/rosidl_default_runtime:/home/hiro/rust_ws/src/install/rosidl_default_generators:/home/hiro/rust_ws/src/install/rosidl_generator_rs:/home/hiro/ws_livox/install/livox_ros_driver2:/opt/ros/humble PYTHONPATH=/home/hiro/rust_ws/src/install/rosidl_generator_rs/local/lib/python3.10/dist-packages:${PYTHONPATH} /usr/bin/cmake --build /home/hiro/rust_ws/src/build/rclrs_example_msgs -- -j22 -l22
[3.173s] [  2%] [34m[1mGenerating C code for ROS interfaces[0m
[3.181s] [  4%] [34m[1mGenerating C++ code for ROS interfaces[0m
[3.184s] [  6%] [34m[1mGenerating Rust code for ROS interfaces[0m
[3.186s] [  6%] Built target ament_cmake_python_copy_rclrs_example_msgs
[3.598s] running egg_info
[3.599s] creating rclrs_example_msgs.egg-info
[3.616s] writing rclrs_example_msgs.egg-info/PKG-INFO
[3.617s] writing dependency_links to rclrs_example_msgs.egg-info/dependency_links.txt
[3.617s] writing top-level names to rclrs_example_msgs.egg-info/top_level.txt
[3.620s] writing manifest file 'rclrs_example_msgs.egg-info/SOURCES.txt'
[3.675s] reading manifest file 'rclrs_example_msgs.egg-info/SOURCES.txt'
[3.675s] writing manifest file 'rclrs_example_msgs.egg-info/SOURCES.txt'
[3.783s] [  6%] Built target ament_cmake_python_build_rclrs_example_msgs_egg
[4.698s] [  6%] Built target rclrs_example_msgs__rs
[4.800s] [  6%] Built target rclrs_example_msgs__cpp
[4.825s] [  8%] [34m[1mGenerating C++ type support dispatch for ROS interfaces[0m
[4.826s] [ 10%] [34m[1mGenerating C++ type support for eProsima Fast-RTPS[0m
[4.840s] [ 12%] [34m[1mGenerating C++ introspection for ROS interfaces[0m
[4.888s] [ 14%] [32mBuilding C object CMakeFiles/rclrs_example_msgs__rosidl_generator_c.dir/rosidl_generator_c/rclrs_example_msgs/msg/detail/my_message__functions.c.o[0m
[4.907s] [ 16%] [32mBuilding C object CMakeFiles/rclrs_example_msgs__rosidl_generator_c.dir/rosidl_generator_c/rclrs_example_msgs/msg/detail/nested_type__functions.c.o[0m
[4.909s] [ 18%] [32mBuilding C object CMakeFiles/rclrs_example_msgs__rosidl_generator_c.dir/rosidl_generator_c/rclrs_example_msgs/msg/detail/various_types__functions.c.o[0m
[5.067s] [ 20%] [32m[1mLinking C shared library librclrs_example_msgs__rosidl_generator_c.so[0m
[5.157s] [ 20%] Built target rclrs_example_msgs__rosidl_generator_c
[5.167s] [ 25%] [34m[1mGenerating C type support for eProsima Fast-RTPS[0m
[5.167s] [ 25%] [34m[1mGenerating C introspection for ROS interfaces[0m
[5.167s] [ 27%] [34m[1mGenerating C type support dispatch for ROS interfaces[0m
[5.924s] [ 33%] [32mBuilding CXX object CMakeFiles/rclrs_example_msgs__rosidl_typesupport_cpp.dir/rosidl_typesupport_cpp/rclrs_example_msgs/msg/my_message__type_support.cpp.o[0m
[5.925s] [ 33%] [32mBuilding CXX object CMakeFiles/rclrs_example_msgs__rosidl_typesupport_cpp.dir/rosidl_typesupport_cpp/rclrs_example_msgs/msg/nested_type__type_support.cpp.o[0m
[5.925s] [ 33%] [32mBuilding CXX object CMakeFiles/rclrs_example_msgs__rosidl_typesupport_cpp.dir/rosidl_typesupport_cpp/rclrs_example_msgs/msg/various_types__type_support.cpp.o[0m
[5.983s] [ 37%] [32mBuilding CXX object CMakeFiles/rclrs_example_msgs__rosidl_typesupport_introspection_cpp.dir/rosidl_typesupport_introspection_cpp/rclrs_example_msgs/msg/detail/nested_type__type_support.cpp.o[0m
[5.983s] [ 37%] [32mBuilding CXX object CMakeFiles/rclrs_example_msgs__rosidl_typesupport_introspection_cpp.dir/rosidl_typesupport_introspection_cpp/rclrs_example_msgs/msg/detail/various_types__type_support.cpp.o[0m
[5.984s] [ 39%] [32mBuilding CXX object CMakeFiles/rclrs_example_msgs__rosidl_typesupport_introspection_cpp.dir/rosidl_typesupport_introspection_cpp/rclrs_example_msgs/msg/detail/my_message__type_support.cpp.o[0m
[6.058s] [ 41%] [32mBuilding CXX object CMakeFiles/rclrs_example_msgs__rosidl_typesupport_fastrtps_cpp.dir/rosidl_typesupport_fastrtps_cpp/rclrs_example_msgs/msg/detail/dds_fastrtps/my_message__type_support.cpp.o[0m
[6.062s] [ 43%] [32mBuilding CXX object CMakeFiles/rclrs_example_msgs__rosidl_typesupport_fastrtps_cpp.dir/rosidl_typesupport_fastrtps_cpp/rclrs_example_msgs/msg/detail/dds_fastrtps/various_types__type_support.cpp.o[0m
[6.070s] [ 45%] [32mBuilding CXX object CMakeFiles/rclrs_example_msgs__rosidl_typesupport_fastrtps_cpp.dir/rosidl_typesupport_fastrtps_cpp/rclrs_example_msgs/msg/detail/dds_fastrtps/nested_type__type_support.cpp.o[0m
[6.285s] [ 47%] [32mBuilding CXX object CMakeFiles/rclrs_example_msgs__rosidl_typesupport_c.dir/rosidl_typesupport_c/rclrs_example_msgs/msg/my_message__type_support.cpp.o[0m
[6.300s] [ 50%] [32mBuilding CXX object CMakeFiles/rclrs_example_msgs__rosidl_typesupport_c.dir/rosidl_typesupport_c/rclrs_example_msgs/msg/nested_type__type_support.cpp.o[0m
[6.301s] [ 52%] [32mBuilding CXX object CMakeFiles/rclrs_example_msgs__rosidl_typesupport_c.dir/rosidl_typesupport_c/rclrs_example_msgs/msg/various_types__type_support.cpp.o[0m
[6.329s] [ 54%] [32mBuilding C object CMakeFiles/rclrs_example_msgs__rosidl_typesupport_introspection_c.dir/rosidl_typesupport_introspection_c/rclrs_example_msgs/msg/detail/my_message__type_support.c.o[0m
[6.333s] [ 56%] [32mBuilding C object CMakeFiles/rclrs_example_msgs__rosidl_typesupport_introspection_c.dir/rosidl_typesupport_introspection_c/rclrs_example_msgs/msg/detail/nested_type__type_support.c.o[0m
[6.356s] [ 58%] [32mBuilding C object CMakeFiles/rclrs_example_msgs__rosidl_typesupport_introspection_c.dir/rosidl_typesupport_introspection_c/rclrs_example_msgs/msg/detail/various_types__type_support.c.o[0m
[6.370s] [ 60%] [32m[1mLinking CXX shared library librclrs_example_msgs__rosidl_typesupport_c.so[0m
[6.377s] [ 62%] [32mBuilding CXX object CMakeFiles/rclrs_example_msgs__rosidl_typesupport_fastrtps_c.dir/rosidl_typesupport_fastrtps_c/rclrs_example_msgs/msg/detail/various_types__type_support_c.cpp.o[0m
[6.378s] [ 64%] [32mBuilding CXX object CMakeFiles/rclrs_example_msgs__rosidl_typesupport_fastrtps_c.dir/rosidl_typesupport_fastrtps_c/rclrs_example_msgs/msg/detail/my_message__type_support_c.cpp.o[0m
[6.379s] [ 66%] [32mBuilding CXX object CMakeFiles/rclrs_example_msgs__rosidl_typesupport_fastrtps_c.dir/rosidl_typesupport_fastrtps_c/rclrs_example_msgs/msg/detail/nested_type__type_support_c.cpp.o[0m
[6.443s] [ 68%] [32m[1mLinking C shared library librclrs_example_msgs__rosidl_typesupport_introspection_c.so[0m
[6.457s] [ 70%] [32m[1mLinking CXX shared library librclrs_example_msgs__rosidl_typesupport_cpp.so[0m
[6.498s] [ 70%] Built target rclrs_example_msgs__rosidl_typesupport_c
[6.594s] [ 70%] Built target rclrs_example_msgs__rosidl_typesupport_introspection_c
[6.618s] [ 70%] Built target rclrs_example_msgs__rosidl_typesupport_cpp
[6.809s] [ 72%] [32m[1mLinking CXX shared library librclrs_example_msgs__rosidl_typesupport_fastrtps_cpp.so[0m
[6.846s] [ 75%] [32m[1mLinking CXX shared library librclrs_example_msgs__rosidl_typesupport_introspection_cpp.so[0m
[6.902s] [ 77%] [32m[1mLinking CXX shared library librclrs_example_msgs__rosidl_typesupport_fastrtps_c.so[0m
[7.011s] [ 77%] Built target rclrs_example_msgs__rosidl_typesupport_fastrtps_cpp
[7.087s] [ 77%] Built target rclrs_example_msgs__rosidl_typesupport_introspection_cpp
[7.164s] [ 77%] Built target rclrs_example_msgs__rosidl_typesupport_fastrtps_c
[7.203s] [ 77%] Built target rclrs_example_msgs
[7.226s] [ 79%] [34m[1mGenerating Python code for ROS interfaces[0m
[9.204s] [ 79%] Built target rclrs_example_msgs__py
[9.223s] [ 81%] [32mBuilding C object CMakeFiles/rclrs_example_msgs__rosidl_generator_py.dir/rosidl_generator_py/rclrs_example_msgs/msg/_my_message_s.c.o[0m
[9.223s] [ 85%] [32mBuilding C object CMakeFiles/rclrs_example_msgs__rosidl_generator_py.dir/rosidl_generator_py/rclrs_example_msgs/msg/_various_types_s.c.o[0m
[9.223s] [ 85%] [32mBuilding C object CMakeFiles/rclrs_example_msgs__rosidl_generator_py.dir/rosidl_generator_py/rclrs_example_msgs/msg/_nested_type_s.c.o[0m
[9.356s] [ 87%] [32m[1mLinking C shared library rosidl_generator_py/rclrs_example_msgs/librclrs_example_msgs__rosidl_generator_py.so[0m
[9.458s] [ 87%] Built target rclrs_example_msgs__rosidl_generator_py
[9.474s] [ 89%] [32mBuilding C object CMakeFiles/rclrs_example_msgs__rosidl_typesupport_introspection_c__pyext.dir/rosidl_generator_py/rclrs_example_msgs/_rclrs_example_msgs_s.ep.rosidl_typesupport_introspection_c.c.o[0m
[9.475s] [ 91%] [32mBuilding C object CMakeFiles/rclrs_example_msgs__rosidl_typesupport_fastrtps_c__pyext.dir/rosidl_generator_py/rclrs_example_msgs/_rclrs_example_msgs_s.ep.rosidl_typesupport_fastrtps_c.c.o[0m
[9.475s] [ 93%] [32mBuilding C object CMakeFiles/rclrs_example_msgs__rosidl_typesupport_c__pyext.dir/rosidl_generator_py/rclrs_example_msgs/_rclrs_example_msgs_s.ep.rosidl_typesupport_c.c.o[0m
[9.554s] [ 95%] [32m[1mLinking C shared library rosidl_generator_py/rclrs_example_msgs/rclrs_example_msgs_s__rosidl_typesupport_fastrtps_c.cpython-310-x86_64-linux-gnu.so[0m
[9.555s] [ 97%] [32m[1mLinking C shared library rosidl_generator_py/rclrs_example_msgs/rclrs_example_msgs_s__rosidl_typesupport_introspection_c.cpython-310-x86_64-linux-gnu.so[0m
[9.556s] [100%] [32m[1mLinking C shared library rosidl_generator_py/rclrs_example_msgs/rclrs_example_msgs_s__rosidl_typesupport_c.cpython-310-x86_64-linux-gnu.so[0m
[9.637s] [100%] Built target rclrs_example_msgs__rosidl_typesupport_introspection_c__pyext
[9.642s] [100%] Built target rclrs_example_msgs__rosidl_typesupport_fastrtps_c__pyext
[9.660s] [100%] Built target rclrs_example_msgs__rosidl_typesupport_c__pyext
[9.673s] Invoked command in '/home/hiro/rust_ws/src/build/rclrs_example_msgs' returned '0': AMENT_PREFIX_PATH=/home/hiro/rust_ws/src/install/rosidl_default_runtime:/home/hiro/rust_ws/src/install/rosidl_default_generators:/home/hiro/rust_ws/src/install/rosidl_generator_rs:/home/hiro/rust_ws/src/install/rosidl_runtime_rs:${AMENT_PREFIX_PATH} CMAKE_PREFIX_PATH=/home/hiro/rust_ws/src/install/rosidl_default_runtime:/home/hiro/rust_ws/src/install/rosidl_default_generators:/home/hiro/rust_ws/src/install/rosidl_generator_rs:/home/hiro/ws_livox/install/livox_ros_driver2:/opt/ros/humble PYTHONPATH=/home/hiro/rust_ws/src/install/rosidl_generator_rs/local/lib/python3.10/dist-packages:${PYTHONPATH} /usr/bin/cmake --build /home/hiro/rust_ws/src/build/rclrs_example_msgs -- -j22 -l22
[9.740s] Invoking command in '/home/hiro/rust_ws/src/build/rclrs_example_msgs': AMENT_PREFIX_PATH=/home/hiro/rust_ws/src/install/rosidl_default_runtime:/home/hiro/rust_ws/src/install/rosidl_default_generators:/home/hiro/rust_ws/src/install/rosidl_generator_rs:/home/hiro/rust_ws/src/install/rosidl_runtime_rs:${AMENT_PREFIX_PATH} CMAKE_PREFIX_PATH=/home/hiro/rust_ws/src/install/rosidl_default_runtime:/home/hiro/rust_ws/src/install/rosidl_default_generators:/home/hiro/rust_ws/src/install/rosidl_generator_rs:/home/hiro/ws_livox/install/livox_ros_driver2:/opt/ros/humble PYTHONPATH=/home/hiro/rust_ws/src/install/rosidl_generator_rs/local/lib/python3.10/dist-packages:${PYTHONPATH} /usr/bin/cmake --install /home/hiro/rust_ws/src/build/rclrs_example_msgs
[9.746s] -- Install configuration: ""
[9.746s] -- Installing: /home/hiro/rust_ws/src/install/rclrs_example_msgs/share/ament_index/resource_index/rosidl_interfaces/rclrs_example_msgs
[9.747s] -- Installing: /home/hiro/rust_ws/src/install/rclrs_example_msgs/include/rclrs_example_msgs/rclrs_example_msgs
[9.747s] -- Installing: /home/hiro/rust_ws/src/install/rclrs_example_msgs/include/rclrs_example_msgs/rclrs_example_msgs/msg
[9.747s] -- Installing: /home/hiro/rust_ws/src/install/rclrs_example_msgs/include/rclrs_example_msgs/rclrs_example_msgs/msg/my_message.h
[9.748s] -- Installing: /home/hiro/rust_ws/src/install/rclrs_example_msgs/include/rclrs_example_msgs/rclrs_example_msgs/msg/nested_type.h
[9.748s] -- Installing: /home/hiro/rust_ws/src/install/rclrs_example_msgs/include/rclrs_example_msgs/rclrs_example_msgs/msg/rosidl_generator_c__visibility_control.h
[9.748s] -- Installing: /home/hiro/rust_ws/src/install/rclrs_example_msgs/include/rclrs_example_msgs/rclrs_example_msgs/msg/detail
[9.748s] -- Installing: /home/hiro/rust_ws/src/install/rclrs_example_msgs/include/rclrs_example_msgs/rclrs_example_msgs/msg/detail/my_message__functions.c
[9.748s] -- Installing: /home/hiro/rust_ws/src/install/rclrs_example_msgs/include/rclrs_example_msgs/rclrs_example_msgs/msg/detail/my_message__type_support.h
[9.748s] -- Installing: /home/hiro/rust_ws/src/install/rclrs_example_msgs/include/rclrs_example_msgs/rclrs_example_msgs/msg/detail/nested_type__functions.c
[9.748s] -- Installing: /home/hiro/rust_ws/src/install/rclrs_example_msgs/include/rclrs_example_msgs/rclrs_example_msgs/msg/detail/nested_type__type_support.h
[9.749s] -- Installing: /home/hiro/rust_ws/src/install/rclrs_example_msgs/include/rclrs_example_msgs/rclrs_example_msgs/msg/detail/my_message__struct.h
[9.749s] -- Installing: /home/hiro/rust_ws/src/install/rclrs_example_msgs/include/rclrs_example_msgs/rclrs_example_msgs/msg/detail/various_types__struct.h
[9.749s] -- Installing: /home/hiro/rust_ws/src/install/rclrs_example_msgs/include/rclrs_example_msgs/rclrs_example_msgs/msg/detail/various_types__functions.h
[9.749s] -- Installing: /home/hiro/rust_ws/src/install/rclrs_example_msgs/include/rclrs_example_msgs/rclrs_example_msgs/msg/detail/various_types__functions.c
[9.749s] -- Installing: /home/hiro/rust_ws/src/install/rclrs_example_msgs/include/rclrs_example_msgs/rclrs_example_msgs/msg/detail/nested_type__struct.h
[9.749s] -- Installing: /home/hiro/rust_ws/src/install/rclrs_example_msgs/include/rclrs_example_msgs/rclrs_example_msgs/msg/detail/nested_type__functions.h
[9.749s] -- Installing: /home/hiro/rust_ws/src/install/rclrs_example_msgs/include/rclrs_example_msgs/rclrs_example_msgs/msg/detail/my_message__functions.h
[9.749s] -- Installing: /home/hiro/rust_ws/src/install/rclrs_example_msgs/include/rclrs_example_msgs/rclrs_example_msgs/msg/detail/various_types__type_support.h
[9.750s] -- Installing: /home/hiro/rust_ws/src/install/rclrs_example_msgs/include/rclrs_example_msgs/rclrs_example_msgs/msg/various_types.h
[9.750s] -- Installing: /home/hiro/rust_ws/src/install/rclrs_example_msgs/share/rclrs_example_msgs/environment/library_path.sh
[9.750s] -- Installing: /home/hiro/rust_ws/src/install/rclrs_example_msgs/share/rclrs_example_msgs/environment/library_path.dsv
[9.750s] -- Installing: /home/hiro/rust_ws/src/install/rclrs_example_msgs/lib/librclrs_example_msgs__rosidl_generator_c.so
[9.750s] -- Set runtime path of "/home/hiro/rust_ws/src/install/rclrs_example_msgs/lib/librclrs_example_msgs__rosidl_generator_c.so" to ""
[9.750s] -- Up-to-date: /home/hiro/rust_ws/src/install/rclrs_example_msgs/include/rclrs_example_msgs/rclrs_example_msgs
[9.750s] -- Up-to-date: /home/hiro/rust_ws/src/install/rclrs_example_msgs/include/rclrs_example_msgs/rclrs_example_msgs/msg
[9.751s] -- Up-to-date: /home/hiro/rust_ws/src/install/rclrs_example_msgs/include/rclrs_example_msgs/rclrs_example_msgs/msg/detail
[9.751s] -- Installing: /home/hiro/rust_ws/src/install/rclrs_example_msgs/include/rclrs_example_msgs/rclrs_example_msgs/msg/detail/nested_type__rosidl_typesupport_fastrtps_c.h
[9.751s] -- Installing: /home/hiro/rust_ws/src/install/rclrs_example_msgs/include/rclrs_example_msgs/rclrs_example_msgs/msg/detail/various_types__rosidl_typesupport_fastrtps_c.h
[9.751s] -- Installing: /home/hiro/rust_ws/src/install/rclrs_example_msgs/include/rclrs_example_msgs/rclrs_example_msgs/msg/detail/my_message__rosidl_typesupport_fastrtps_c.h
[9.752s] -- Installing: /home/hiro/rust_ws/src/install/rclrs_example_msgs/include/rclrs_example_msgs/rclrs_example_msgs/msg/rosidl_typesupport_fastrtps_c__visibility_control.h
[9.752s] -- Installing: /home/hiro/rust_ws/src/install/rclrs_example_msgs/lib/librclrs_example_msgs__rosidl_typesupport_fastrtps_c.so
[9.752s] -- Set runtime path of "/home/hiro/rust_ws/src/install/rclrs_example_msgs/lib/librclrs_example_msgs__rosidl_typesupport_fastrtps_c.so" to ""
[9.752s] -- Up-to-date: /home/hiro/rust_ws/src/install/rclrs_example_msgs/include/rclrs_example_msgs/rclrs_example_msgs
[9.752s] -- Up-to-date: /home/hiro/rust_ws/src/install/rclrs_example_msgs/include/rclrs_example_msgs/rclrs_example_msgs/msg
[9.752s] -- Installing: /home/hiro/rust_ws/src/install/rclrs_example_msgs/include/rclrs_example_msgs/rclrs_example_msgs/msg/rosidl_typesupport_introspection_c__visibility_control.h
[9.752s] -- Up-to-date: /home/hiro/rust_ws/src/install/rclrs_example_msgs/include/rclrs_example_msgs/rclrs_example_msgs/msg/detail
[9.752s] -- Installing: /home/hiro/rust_ws/src/install/rclrs_example_msgs/include/rclrs_example_msgs/rclrs_example_msgs/msg/detail/my_message__rosidl_typesupport_introspection_c.h
[9.752s] -- Installing: /home/hiro/rust_ws/src/install/rclrs_example_msgs/include/rclrs_example_msgs/rclrs_example_msgs/msg/detail/various_types__rosidl_typesupport_introspection_c.h
[9.752s] -- Installing: /home/hiro/rust_ws/src/install/rclrs_example_msgs/include/rclrs_example_msgs/rclrs_example_msgs/msg/detail/my_message__type_support.c
[9.753s] -- Installing: /home/hiro/rust_ws/src/install/rclrs_example_msgs/include/rclrs_example_msgs/rclrs_example_msgs/msg/detail/various_types__type_support.c
[9.753s] -- Installing: /home/hiro/rust_ws/src/install/rclrs_example_msgs/include/rclrs_example_msgs/rclrs_example_msgs/msg/detail/nested_type__type_support.c
[9.753s] -- Installing: /home/hiro/rust_ws/src/install/rclrs_example_msgs/include/rclrs_example_msgs/rclrs_example_msgs/msg/detail/nested_type__rosidl_typesupport_introspection_c.h
[9.753s] -- Installing: /home/hiro/rust_ws/src/install/rclrs_example_msgs/lib/librclrs_example_msgs__rosidl_typesupport_introspection_c.so
[9.753s] -- Set runtime path of "/home/hiro/rust_ws/src/install/rclrs_example_msgs/lib/librclrs_example_msgs__rosidl_typesupport_introspection_c.so" to ""
[9.753s] -- Installing: /home/hiro/rust_ws/src/install/rclrs_example_msgs/lib/librclrs_example_msgs__rosidl_typesupport_c.so
[9.753s] -- Set runtime path of "/home/hiro/rust_ws/src/install/rclrs_example_msgs/lib/librclrs_example_msgs__rosidl_typesupport_c.so" to ""
[9.754s] -- Up-to-date: /home/hiro/rust_ws/src/install/rclrs_example_msgs/include/rclrs_example_msgs/rclrs_example_msgs
[9.754s] -- Up-to-date: /home/hiro/rust_ws/src/install/rclrs_example_msgs/include/rclrs_example_msgs/rclrs_example_msgs/msg
[9.754s] -- Installing: /home/hiro/rust_ws/src/install/rclrs_example_msgs/include/rclrs_example_msgs/rclrs_example_msgs/msg/nested_type.hpp
[9.754s] -- Up-to-date: /home/hiro/rust_ws/src/install/rclrs_example_msgs/include/rclrs_example_msgs/rclrs_example_msgs/msg/detail
[9.754s] -- Installing: /home/hiro/rust_ws/src/install/rclrs_example_msgs/include/rclrs_example_msgs/rclrs_example_msgs/msg/detail/my_message__struct.hpp
[9.754s] -- Installing: /home/hiro/rust_ws/src/install/rclrs_example_msgs/include/rclrs_example_msgs/rclrs_example_msgs/msg/detail/various_types__struct.hpp
[9.754s] -- Installing: /home/hiro/rust_ws/src/install/rclrs_example_msgs/include/rclrs_example_msgs/rclrs_example_msgs/msg/detail/nested_type__builder.hpp
[9.754s] -- Installing: /home/hiro/rust_ws/src/install/rclrs_example_msgs/include/rclrs_example_msgs/rclrs_example_msgs/msg/detail/various_types__builder.hpp
[9.754s] -- Installing: /home/hiro/rust_ws/src/install/rclrs_example_msgs/include/rclrs_example_msgs/rclrs_example_msgs/msg/detail/nested_type__struct.hpp
[9.754s] -- Installing: /home/hiro/rust_ws/src/install/rclrs_example_msgs/include/rclrs_example_msgs/rclrs_example_msgs/msg/detail/various_types__traits.hpp
[9.755s] -- Installing: /home/hiro/rust_ws/src/install/rclrs_example_msgs/include/rclrs_example_msgs/rclrs_example_msgs/msg/detail/nested_type__traits.hpp
[9.755s] -- Installing: /home/hiro/rust_ws/src/install/rclrs_example_msgs/include/rclrs_example_msgs/rclrs_example_msgs/msg/detail/my_message__builder.hpp
[9.755s] -- Installing: /home/hiro/rust_ws/src/install/rclrs_example_msgs/include/rclrs_example_msgs/rclrs_example_msgs/msg/detail/my_message__traits.hpp
[9.755s] -- Installing: /home/hiro/rust_ws/src/install/rclrs_example_msgs/include/rclrs_example_msgs/rclrs_example_msgs/msg/various_types.hpp
[9.755s] -- Installing: /home/hiro/rust_ws/src/install/rclrs_example_msgs/include/rclrs_example_msgs/rclrs_example_msgs/msg/my_message.hpp
[9.755s] -- Up-to-date: /home/hiro/rust_ws/src/install/rclrs_example_msgs/include/rclrs_example_msgs/rclrs_example_msgs
[9.755s] -- Up-to-date: /home/hiro/rust_ws/src/install/rclrs_example_msgs/include/rclrs_example_msgs/rclrs_example_msgs/msg
[9.755s] -- Installing: /home/hiro/rust_ws/src/install/rclrs_example_msgs/include/rclrs_example_msgs/rclrs_example_msgs/msg/rosidl_typesupport_fastrtps_cpp__visibility_control.h
[9.756s] -- Up-to-date: /home/hiro/rust_ws/src/install/rclrs_example_msgs/include/rclrs_example_msgs/rclrs_example_msgs/msg/detail
[9.756s] -- Installing: /home/hiro/rust_ws/src/install/rclrs_example_msgs/include/rclrs_example_msgs/rclrs_example_msgs/msg/detail/dds_fastrtps
[9.756s] -- Installing: /home/hiro/rust_ws/src/install/rclrs_example_msgs/include/rclrs_example_msgs/rclrs_example_msgs/msg/detail/my_message__rosidl_typesupport_fastrtps_cpp.hpp
[9.756s] -- Installing: /home/hiro/rust_ws/src/install/rclrs_example_msgs/include/rclrs_example_msgs/rclrs_example_msgs/msg/detail/various_types__rosidl_typesupport_fastrtps_cpp.hpp
[9.756s] -- Installing: /home/hiro/rust_ws/src/install/rclrs_example_msgs/include/rclrs_example_msgs/rclrs_example_msgs/msg/detail/nested_type__rosidl_typesupport_fastrtps_cpp.hpp
[9.756s] -- Installing: /home/hiro/rust_ws/src/install/rclrs_example_msgs/lib/librclrs_example_msgs__rosidl_typesupport_fastrtps_cpp.so
[9.756s] -- Set runtime path of "/home/hiro/rust_ws/src/install/rclrs_example_msgs/lib/librclrs_example_msgs__rosidl_typesupport_fastrtps_cpp.so" to ""
[9.756s] -- Up-to-date: /home/hiro/rust_ws/src/install/rclrs_example_msgs/include/rclrs_example_msgs/rclrs_example_msgs
[9.756s] -- Up-to-date: /home/hiro/rust_ws/src/install/rclrs_example_msgs/include/rclrs_example_msgs/rclrs_example_msgs/msg
[9.756s] -- Up-to-date: /home/hiro/rust_ws/src/install/rclrs_example_msgs/include/rclrs_example_msgs/rclrs_example_msgs/msg/detail
[9.756s] -- Installing: /home/hiro/rust_ws/src/install/rclrs_example_msgs/include/rclrs_example_msgs/rclrs_example_msgs/msg/detail/nested_type__rosidl_typesupport_introspection_cpp.hpp
[9.756s] -- Installing: /home/hiro/rust_ws/src/install/rclrs_example_msgs/include/rclrs_example_msgs/rclrs_example_msgs/msg/detail/my_message__type_support.cpp
[9.757s] -- Installing: /home/hiro/rust_ws/src/install/rclrs_example_msgs/include/rclrs_example_msgs/rclrs_example_msgs/msg/detail/various_types__rosidl_typesupport_introspection_cpp.hpp
[9.757s] -- Installing: /home/hiro/rust_ws/src/install/rclrs_example_msgs/include/rclrs_example_msgs/rclrs_example_msgs/msg/detail/various_types__type_support.cpp
[9.757s] -- Installing: /home/hiro/rust_ws/src/install/rclrs_example_msgs/include/rclrs_example_msgs/rclrs_example_msgs/msg/detail/my_message__rosidl_typesupport_introspection_cpp.hpp
[9.757s] -- Installing: /home/hiro/rust_ws/src/install/rclrs_example_msgs/include/rclrs_example_msgs/rclrs_example_msgs/msg/detail/nested_type__type_support.cpp
[9.757s] -- Installing: /home/hiro/rust_ws/src/install/rclrs_example_msgs/lib/librclrs_example_msgs__rosidl_typesupport_introspection_cpp.so
[9.757s] -- Set runtime path of "/home/hiro/rust_ws/src/install/rclrs_example_msgs/lib/librclrs_example_msgs__rosidl_typesupport_introspection_cpp.so" to ""
[9.757s] -- Installing: /home/hiro/rust_ws/src/install/rclrs_example_msgs/lib/librclrs_example_msgs__rosidl_typesupport_cpp.so
[9.757s] -- Set runtime path of "/home/hiro/rust_ws/src/install/rclrs_example_msgs/lib/librclrs_example_msgs__rosidl_typesupport_cpp.so" to ""
[9.758s] -- Installing: /home/hiro/rust_ws/src/install/rclrs_example_msgs/share/ament_index/resource_index/rust_packages/rclrs_example_msgs
[9.758s] -- Installing: /home/hiro/rust_ws/src/install/rclrs_example_msgs/share/rclrs_example_msgs/rust
[9.758s] -- Installing: /home/hiro/rust_ws/src/install/rclrs_example_msgs/share/rclrs_example_msgs/rust/Cargo.toml
[9.758s] -- Installing: /home/hiro/rust_ws/src/install/rclrs_example_msgs/share/rclrs_example_msgs/rust/build.rs
[9.758s] -- Installing: /home/hiro/rust_ws/src/install/rclrs_example_msgs/share/rclrs_example_msgs/rust/src
[9.758s] -- Installing: /home/hiro/rust_ws/src/install/rclrs_example_msgs/share/rclrs_example_msgs/rust/src/msg.rs
[9.759s] -- Installing: /home/hiro/rust_ws/src/install/rclrs_example_msgs/share/rclrs_example_msgs/rust/src/lib.rs
[9.759s] -- Installing: /home/hiro/rust_ws/src/install/rclrs_example_msgs/share/rclrs_example_msgs/environment/pythonpath.sh
[9.759s] -- Installing: /home/hiro/rust_ws/src/install/rclrs_example_msgs/share/rclrs_example_msgs/environment/pythonpath.dsv
[9.759s] -- Installing: /home/hiro/rust_ws/src/install/rclrs_example_msgs/local/lib/python3.10/dist-packages/rclrs_example_msgs-0.4.1-py3.10.egg-info
[9.759s] -- Installing: /home/hiro/rust_ws/src/install/rclrs_example_msgs/local/lib/python3.10/dist-packages/rclrs_example_msgs-0.4.1-py3.10.egg-info/top_level.txt
[9.759s] -- Installing: /home/hiro/rust_ws/src/install/rclrs_example_msgs/local/lib/python3.10/dist-packages/rclrs_example_msgs-0.4.1-py3.10.egg-info/PKG-INFO
[9.759s] -- Installing: /home/hiro/rust_ws/src/install/rclrs_example_msgs/local/lib/python3.10/dist-packages/rclrs_example_msgs-0.4.1-py3.10.egg-info/SOURCES.txt
[9.759s] -- Installing: /home/hiro/rust_ws/src/install/rclrs_example_msgs/local/lib/python3.10/dist-packages/rclrs_example_msgs-0.4.1-py3.10.egg-info/dependency_links.txt
[9.759s] -- Installing: /home/hiro/rust_ws/src/install/rclrs_example_msgs/local/lib/python3.10/dist-packages/rclrs_example_msgs
[9.760s] -- Installing: /home/hiro/rust_ws/src/install/rclrs_example_msgs/local/lib/python3.10/dist-packages/rclrs_example_msgs/librclrs_example_msgs__rosidl_generator_py.so
[9.760s] -- Installing: /home/hiro/rust_ws/src/install/rclrs_example_msgs/local/lib/python3.10/dist-packages/rclrs_example_msgs/rclrs_example_msgs_s__rosidl_typesupport_c.cpython-310-x86_64-linux-gnu.so
[9.760s] -- Installing: /home/hiro/rust_ws/src/install/rclrs_example_msgs/local/lib/python3.10/dist-packages/rclrs_example_msgs/rclrs_example_msgs_s__rosidl_typesupport_fastrtps_c.cpython-310-x86_64-linux-gnu.so
[9.760s] -- Installing: /home/hiro/rust_ws/src/install/rclrs_example_msgs/local/lib/python3.10/dist-packages/rclrs_example_msgs/rclrs_example_msgs_s__rosidl_typesupport_introspection_c.cpython-310-x86_64-linux-gnu.so
[9.760s] -- Installing: /home/hiro/rust_ws/src/install/rclrs_example_msgs/local/lib/python3.10/dist-packages/rclrs_example_msgs/_rclrs_example_msgs_s.ep.rosidl_typesupport_fastrtps_c.c
[9.760s] -- Installing: /home/hiro/rust_ws/src/install/rclrs_example_msgs/local/lib/python3.10/dist-packages/rclrs_example_msgs/__init__.py
[9.760s] -- Installing: /home/hiro/rust_ws/src/install/rclrs_example_msgs/local/lib/python3.10/dist-packages/rclrs_example_msgs/msg
[9.760s] -- Installing: /home/hiro/rust_ws/src/install/rclrs_example_msgs/local/lib/python3.10/dist-packages/rclrs_example_msgs/msg/_nested_type.py
[9.760s] -- Installing: /home/hiro/rust_ws/src/install/rclrs_example_msgs/local/lib/python3.10/dist-packages/rclrs_example_msgs/msg/_various_types_s.c
[9.760s] -- Installing: /home/hiro/rust_ws/src/install/rclrs_example_msgs/local/lib/python3.10/dist-packages/rclrs_example_msgs/msg/_nested_type_s.c
[9.761s] -- Installing: /home/hiro/rust_ws/src/install/rclrs_example_msgs/local/lib/python3.10/dist-packages/rclrs_example_msgs/msg/_various_types.py
[9.761s] -- Installing: /home/hiro/rust_ws/src/install/rclrs_example_msgs/local/lib/python3.10/dist-packages/rclrs_example_msgs/msg/_my_message.py
[9.761s] -- Installing: /home/hiro/rust_ws/src/install/rclrs_example_msgs/local/lib/python3.10/dist-packages/rclrs_example_msgs/msg/_my_message_s.c
[9.761s] -- Installing: /home/hiro/rust_ws/src/install/rclrs_example_msgs/local/lib/python3.10/dist-packages/rclrs_example_msgs/msg/__init__.py
[9.761s] -- Installing: /home/hiro/rust_ws/src/install/rclrs_example_msgs/local/lib/python3.10/dist-packages/rclrs_example_msgs/_rclrs_example_msgs_s.ep.rosidl_typesupport_introspection_c.c
[9.761s] -- Installing: /home/hiro/rust_ws/src/install/rclrs_example_msgs/local/lib/python3.10/dist-packages/rclrs_example_msgs/_rclrs_example_msgs_s.ep.rosidl_typesupport_c.c
[9.820s] Listing '/home/hiro/rust_ws/src/install/rclrs_example_msgs/local/lib/python3.10/dist-packages/rclrs_example_msgs'...
[9.820s] Compiling '/home/hiro/rust_ws/src/install/rclrs_example_msgs/local/lib/python3.10/dist-packages/rclrs_example_msgs/__init__.py'...
[9.820s] Listing '/home/hiro/rust_ws/src/install/rclrs_example_msgs/local/lib/python3.10/dist-packages/rclrs_example_msgs/msg'...
[9.820s] Compiling '/home/hiro/rust_ws/src/install/rclrs_example_msgs/local/lib/python3.10/dist-packages/rclrs_example_msgs/msg/__init__.py'...
[9.820s] Compiling '/home/hiro/rust_ws/src/install/rclrs_example_msgs/local/lib/python3.10/dist-packages/rclrs_example_msgs/msg/_my_message.py'...
[9.820s] Compiling '/home/hiro/rust_ws/src/install/rclrs_example_msgs/local/lib/python3.10/dist-packages/rclrs_example_msgs/msg/_nested_type.py'...
[9.820s] Compiling '/home/hiro/rust_ws/src/install/rclrs_example_msgs/local/lib/python3.10/dist-packages/rclrs_example_msgs/msg/_various_types.py'...
[9.825s] -- Installing: /home/hiro/rust_ws/src/install/rclrs_example_msgs/local/lib/python3.10/dist-packages/rclrs_example_msgs/rclrs_example_msgs_s__rosidl_typesupport_fastrtps_c.cpython-310-x86_64-linux-gnu.so
[9.826s] -- Set runtime path of "/home/hiro/rust_ws/src/install/rclrs_example_msgs/local/lib/python3.10/dist-packages/rclrs_example_msgs/rclrs_example_msgs_s__rosidl_typesupport_fastrtps_c.cpython-310-x86_64-linux-gnu.so" to ""
[9.826s] -- Installing: /home/hiro/rust_ws/src/install/rclrs_example_msgs/local/lib/python3.10/dist-packages/rclrs_example_msgs/rclrs_example_msgs_s__rosidl_typesupport_introspection_c.cpython-310-x86_64-linux-gnu.so
[9.826s] -- Set runtime path of "/home/hiro/rust_ws/src/install/rclrs_example_msgs/local/lib/python3.10/dist-packages/rclrs_example_msgs/rclrs_example_msgs_s__rosidl_typesupport_introspection_c.cpython-310-x86_64-linux-gnu.so" to ""
[9.826s] -- Installing: /home/hiro/rust_ws/src/install/rclrs_example_msgs/local/lib/python3.10/dist-packages/rclrs_example_msgs/rclrs_example_msgs_s__rosidl_typesupport_c.cpython-310-x86_64-linux-gnu.so
[9.826s] -- Set runtime path of "/home/hiro/rust_ws/src/install/rclrs_example_msgs/local/lib/python3.10/dist-packages/rclrs_example_msgs/rclrs_example_msgs_s__rosidl_typesupport_c.cpython-310-x86_64-linux-gnu.so" to ""
[9.827s] -- Installing: /home/hiro/rust_ws/src/install/rclrs_example_msgs/lib/librclrs_example_msgs__rosidl_generator_py.so
[9.827s] -- Set runtime path of "/home/hiro/rust_ws/src/install/rclrs_example_msgs/lib/librclrs_example_msgs__rosidl_generator_py.so" to ""
[9.827s] -- Installing: /home/hiro/rust_ws/src/install/rclrs_example_msgs/share/rclrs_example_msgs/msg/MyMessage.idl
[9.827s] -- Installing: /home/hiro/rust_ws/src/install/rclrs_example_msgs/share/rclrs_example_msgs/msg/NestedType.idl
[9.827s] -- Installing: /home/hiro/rust_ws/src/install/rclrs_example_msgs/share/rclrs_example_msgs/msg/VariousTypes.idl
[9.827s] -- Installing: /home/hiro/rust_ws/src/install/rclrs_example_msgs/share/rclrs_example_msgs/msg/NestedType.msg
[9.827s] -- Installing: /home/hiro/rust_ws/src/install/rclrs_example_msgs/share/rclrs_example_msgs/msg/VariousTypes.msg
[9.828s] -- Installing: /home/hiro/rust_ws/src/install/rclrs_example_msgs/share/ament_index/resource_index/package_run_dependencies/rclrs_example_msgs
[9.828s] -- Installing: /home/hiro/rust_ws/src/install/rclrs_example_msgs/share/ament_index/resource_index/parent_prefix_path/rclrs_example_msgs
[9.828s] -- Installing: /home/hiro/rust_ws/src/install/rclrs_example_msgs/share/rclrs_example_msgs/environment/ament_prefix_path.sh
[9.828s] -- Installing: /home/hiro/rust_ws/src/install/rclrs_example_msgs/share/rclrs_example_msgs/environment/ament_prefix_path.dsv
[9.828s] -- Installing: /home/hiro/rust_ws/src/install/rclrs_example_msgs/share/rclrs_example_msgs/environment/path.sh
[9.828s] -- Installing: /home/hiro/rust_ws/src/install/rclrs_example_msgs/share/rclrs_example_msgs/environment/path.dsv
[9.828s] -- Installing: /home/hiro/rust_ws/src/install/rclrs_example_msgs/share/rclrs_example_msgs/local_setup.bash
[9.828s] -- Installing: /home/hiro/rust_ws/src/install/rclrs_example_msgs/share/rclrs_example_msgs/local_setup.sh
[9.828s] -- Installing: /home/hiro/rust_ws/src/install/rclrs_example_msgs/share/rclrs_example_msgs/local_setup.zsh
[9.828s] -- Installing: /home/hiro/rust_ws/src/install/rclrs_example_msgs/share/rclrs_example_msgs/local_setup.dsv
[9.828s] -- Installing: /home/hiro/rust_ws/src/install/rclrs_example_msgs/share/rclrs_example_msgs/package.dsv
[9.829s] -- Installing: /home/hiro/rust_ws/src/install/rclrs_example_msgs/share/ament_index/resource_index/packages/rclrs_example_msgs
[9.829s] -- Installing: /home/hiro/rust_ws/src/install/rclrs_example_msgs/share/rclrs_example_msgs/cmake/export_rclrs_example_msgs__rosidl_generator_cExport.cmake
[9.829s] -- Installing: /home/hiro/rust_ws/src/install/rclrs_example_msgs/share/rclrs_example_msgs/cmake/export_rclrs_example_msgs__rosidl_generator_cExport-noconfig.cmake
[9.829s] -- Installing: /home/hiro/rust_ws/src/install/rclrs_example_msgs/share/rclrs_example_msgs/cmake/export_rclrs_example_msgs__rosidl_typesupport_fastrtps_cExport.cmake
[9.829s] -- Installing: /home/hiro/rust_ws/src/install/rclrs_example_msgs/share/rclrs_example_msgs/cmake/export_rclrs_example_msgs__rosidl_typesupport_fastrtps_cExport-noconfig.cmake
[9.829s] -- Installing: /home/hiro/rust_ws/src/install/rclrs_example_msgs/share/rclrs_example_msgs/cmake/rclrs_example_msgs__rosidl_typesupport_introspection_cExport.cmake
[9.829s] -- Installing: /home/hiro/rust_ws/src/install/rclrs_example_msgs/share/rclrs_example_msgs/cmake/rclrs_example_msgs__rosidl_typesupport_introspection_cExport-noconfig.cmake
[9.829s] -- Installing: /home/hiro/rust_ws/src/install/rclrs_example_msgs/share/rclrs_example_msgs/cmake/rclrs_example_msgs__rosidl_typesupport_cExport.cmake
[9.829s] -- Installing: /home/hiro/rust_ws/src/install/rclrs_example_msgs/share/rclrs_example_msgs/cmake/rclrs_example_msgs__rosidl_typesupport_cExport-noconfig.cmake
[9.829s] -- Installing: /home/hiro/rust_ws/src/install/rclrs_example_msgs/share/rclrs_example_msgs/cmake/export_rclrs_example_msgs__rosidl_generator_cppExport.cmake
[9.829s] -- Installing: /home/hiro/rust_ws/src/install/rclrs_example_msgs/share/rclrs_example_msgs/cmake/export_rclrs_example_msgs__rosidl_typesupport_fastrtps_cppExport.cmake
[9.829s] -- Installing: /home/hiro/rust_ws/src/install/rclrs_example_msgs/share/rclrs_example_msgs/cmake/export_rclrs_example_msgs__rosidl_typesupport_fastrtps_cppExport-noconfig.cmake
[9.830s] -- Installing: /home/hiro/rust_ws/src/install/rclrs_example_msgs/share/rclrs_example_msgs/cmake/rclrs_example_msgs__rosidl_typesupport_introspection_cppExport.cmake
[9.830s] -- Installing: /home/hiro/rust_ws/src/install/rclrs_example_msgs/share/rclrs_example_msgs/cmake/rclrs_example_msgs__rosidl_typesupport_introspection_cppExport-noconfig.cmake
[9.830s] -- Installing: /home/hiro/rust_ws/src/install/rclrs_example_msgs/share/rclrs_example_msgs/cmake/rclrs_example_msgs__rosidl_typesupport_cppExport.cmake
[9.830s] -- Installing: /home/hiro/rust_ws/src/install/rclrs_example_msgs/share/rclrs_example_msgs/cmake/rclrs_example_msgs__rosidl_typesupport_cppExport-noconfig.cmake
[9.830s] -- Installing: /home/hiro/rust_ws/src/install/rclrs_example_msgs/share/rclrs_example_msgs/cmake/export_rclrs_example_msgs__rosidl_generator_pyExport.cmake
[9.830s] -- Installing: /home/hiro/rust_ws/src/install/rclrs_example_msgs/share/rclrs_example_msgs/cmake/export_rclrs_example_msgs__rosidl_generator_pyExport-noconfig.cmake
[9.830s] -- Installing: /home/hiro/rust_ws/src/install/rclrs_example_msgs/share/rclrs_example_msgs/cmake/rosidl_cmake-extras.cmake
[9.830s] -- Installing: /home/hiro/rust_ws/src/install/rclrs_example_msgs/share/rclrs_example_msgs/cmake/ament_cmake_export_include_directories-extras.cmake
[9.830s] -- Installing: /home/hiro/rust_ws/src/install/rclrs_example_msgs/share/rclrs_example_msgs/cmake/ament_cmake_export_libraries-extras.cmake
[9.830s] -- Installing: /home/hiro/rust_ws/src/install/rclrs_example_msgs/share/rclrs_example_msgs/cmake/ament_cmake_export_targets-extras.cmake
[9.830s] -- Installing: /home/hiro/rust_ws/src/install/rclrs_example_msgs/share/rclrs_example_msgs/cmake/rosidl_cmake_export_typesupport_targets-extras.cmake
[9.830s] -- Installing: /home/hiro/rust_ws/src/install/rclrs_example_msgs/share/rclrs_example_msgs/cmake/ament_cmake_export_dependencies-extras.cmake
[9.830s] -- Installing: /home/hiro/rust_ws/src/install/rclrs_example_msgs/share/rclrs_example_msgs/cmake/rosidl_cmake_export_typesupport_libraries-extras.cmake
[9.831s] -- Installing: /home/hiro/rust_ws/src/install/rclrs_example_msgs/share/rclrs_example_msgs/cmake/rclrs_example_msgsConfig.cmake
[9.831s] -- Installing: /home/hiro/rust_ws/src/install/rclrs_example_msgs/share/rclrs_example_msgs/cmake/rclrs_example_msgsConfig-version.cmake
[9.831s] -- Installing: /home/hiro/rust_ws/src/install/rclrs_example_msgs/share/rclrs_example_msgs/package.xml
[9.834s] Invoked command in '/home/hiro/rust_ws/src/build/rclrs_example_msgs' returned '0': AMENT_PREFIX_PATH=/home/hiro/rust_ws/src/install/rosidl_default_runtime:/home/hiro/rust_ws/src/install/rosidl_default_generators:/home/hiro/rust_ws/src/install/rosidl_generator_rs:/home/hiro/rust_ws/src/install/rosidl_runtime_rs:${AMENT_PREFIX_PATH} CMAKE_PREFIX_PATH=/home/hiro/rust_ws/src/install/rosidl_default_runtime:/home/hiro/rust_ws/src/install/rosidl_default_generators:/home/hiro/rust_ws/src/install/rosidl_generator_rs:/home/hiro/ws_livox/install/livox_ros_driver2:/opt/ros/humble PYTHONPATH=/home/hiro/rust_ws/src/install/rosidl_generator_rs/local/lib/python3.10/dist-packages:${PYTHONPATH} /usr/bin/cmake --install /home/hiro/rust_ws/src/build/rclrs_example_msgs
