[0.018s] Invoking command in '/home/hiromichi/rost2/build/rclrs_example_msgs': AMENT_PREFIX_PATH=/home/hiromichi/rost2/install/rosidl_default_runtime:/home/hiromichi/rost2/install/rosidl_default_generators:/home/hiromichi/rost2/install/rosidl_generator_rs:/home/hiromichi/rost2/install/rosidl_runtime_rs:${AMENT_PREFIX_PATH} CMAKE_PREFIX_PATH=/home/hiromichi/rost2/install/rosidl_default_runtime:/home/hiromichi/rost2/install/rosidl_default_generators:/home/hiromichi/rost2/install/rosidl_generator_rs:/opt/ros/humble PYTHONPATH=/home/hiromichi/rost2/install/rosidl_generator_rs/local/lib/python3.10/dist-packages:${PYTHONPATH} /usr/bin/cmake --build /home/hiromichi/rost2/build/rclrs_example_msgs -- -j20 -l20
[0.061s] [35m[1mConsolidate compiler generated dependencies of target rclrs_example_msgs__rosidl_generator_c[0m
[0.062s] [  2%] Built target rclrs_example_msgs__cpp
[0.062s] [  4%] Built target rclrs_example_msgs__rs
[0.072s] [ 14%] Built target rclrs_example_msgs__rosidl_generator_c
[0.077s] [35m[1mConsolidate compiler generated dependencies of target rclrs_example_msgs__rosidl_typesupport_cpp[0m
[0.079s] [ 14%] Built target ament_cmake_python_copy_rclrs_example_msgs
[0.081s] [35m[1mConsolidate compiler generated dependencies of target rclrs_example_msgs__rosidl_typesupport_introspection_cpp[0m
[0.084s] [35m[1mConsolidate compiler generated dependencies of target rclrs_example_msgs__rosidl_typesupport_fastrtps_cpp[0m
[0.088s] [35m[1mConsolidate compiler generated dependencies of target rclrs_example_msgs__rosidl_typesupport_c[0m
[0.089s] [35m[1mConsolidate compiler generated dependencies of target rclrs_example_msgs__rosidl_typesupport_fastrtps_c[0m
[0.093s] [ 25%] Built target rclrs_example_msgs__rosidl_typesupport_cpp
[0.095s] [35m[1mConsolidate compiler generated dependencies of target rclrs_example_msgs__rosidl_typesupport_introspection_c[0m
[0.097s] [ 35%] Built target rclrs_example_msgs__rosidl_typesupport_fastrtps_cpp
[0.098s] [ 45%] Built target rclrs_example_msgs__rosidl_typesupport_introspection_cpp
[0.101s] [ 56%] Built target rclrs_example_msgs__rosidl_typesupport_c
[0.102s] [ 66%] Built target rclrs_example_msgs__rosidl_typesupport_fastrtps_c
[0.106s] [ 77%] Built target rclrs_example_msgs__rosidl_typesupport_introspection_c
[0.121s] [ 77%] Built target rclrs_example_msgs
[0.136s] [ 79%] Built target rclrs_example_msgs__py
[0.147s] [35m[1mConsolidate compiler generated dependencies of target rclrs_example_msgs__rosidl_generator_py[0m
[0.160s] [ 87%] Built target rclrs_example_msgs__rosidl_generator_py
[0.171s] [35m[1mConsolidate compiler generated dependencies of target rclrs_example_msgs__rosidl_typesupport_fastrtps_c__pyext[0m
[0.171s] [35m[1mConsolidate compiler generated dependencies of target rclrs_example_msgs__rosidl_typesupport_introspection_c__pyext[0m
[0.172s] [35m[1mConsolidate compiler generated dependencies of target rclrs_example_msgs__rosidl_typesupport_c__pyext[0m
[0.181s] [ 91%] Built target rclrs_example_msgs__rosidl_typesupport_fastrtps_c__pyext
[0.185s] [ 95%] Built target rclrs_example_msgs__rosidl_typesupport_introspection_c__pyext
[0.190s] [100%] Built target rclrs_example_msgs__rosidl_typesupport_c__pyext
[0.266s] running egg_info
[0.267s] writing rclrs_example_msgs.egg-info/PKG-INFO
[0.267s] writing dependency_links to rclrs_example_msgs.egg-info/dependency_links.txt
[0.267s] writing top-level names to rclrs_example_msgs.egg-info/top_level.txt
[0.269s] reading manifest file 'rclrs_example_msgs.egg-info/SOURCES.txt'
[0.269s] writing manifest file 'rclrs_example_msgs.egg-info/SOURCES.txt'
[0.288s] [100%] Built target ament_cmake_python_build_rclrs_example_msgs_egg
[0.297s] Invoked command in '/home/hiromichi/rost2/build/rclrs_example_msgs' returned '0': AMENT_PREFIX_PATH=/home/hiromichi/rost2/install/rosidl_default_runtime:/home/hiromichi/rost2/install/rosidl_default_generators:/home/hiromichi/rost2/install/rosidl_generator_rs:/home/hiromichi/rost2/install/rosidl_runtime_rs:${AMENT_PREFIX_PATH} CMAKE_PREFIX_PATH=/home/hiromichi/rost2/install/rosidl_default_runtime:/home/hiromichi/rost2/install/rosidl_default_generators:/home/hiromichi/rost2/install/rosidl_generator_rs:/opt/ros/humble PYTHONPATH=/home/hiromichi/rost2/install/rosidl_generator_rs/local/lib/python3.10/dist-packages:${PYTHONPATH} /usr/bin/cmake --build /home/hiromichi/rost2/build/rclrs_example_msgs -- -j20 -l20
[0.364s] Invoking command in '/home/hiromichi/rost2/build/rclrs_example_msgs': AMENT_PREFIX_PATH=/home/hiromichi/rost2/install/rosidl_default_runtime:/home/hiromichi/rost2/install/rosidl_default_generators:/home/hiromichi/rost2/install/rosidl_generator_rs:/home/hiromichi/rost2/install/rosidl_runtime_rs:${AMENT_PREFIX_PATH} CMAKE_PREFIX_PATH=/home/hiromichi/rost2/install/rosidl_default_runtime:/home/hiromichi/rost2/install/rosidl_default_generators:/home/hiromichi/rost2/install/rosidl_generator_rs:/opt/ros/humble PYTHONPATH=/home/hiromichi/rost2/install/rosidl_generator_rs/local/lib/python3.10/dist-packages:${PYTHONPATH} /usr/bin/cmake --install /home/hiromichi/rost2/build/rclrs_example_msgs
[0.366s] -- Install configuration: ""
[0.366s] -- Up-to-date: /home/hiromichi/rost2/install/rclrs_example_msgs/share/ament_index/resource_index/rosidl_interfaces/rclrs_example_msgs
[0.367s] -- Up-to-date: /home/hiromichi/rost2/install/rclrs_example_msgs/include/rclrs_example_msgs/rclrs_example_msgs
[0.367s] -- Up-to-date: /home/hiromichi/rost2/install/rclrs_example_msgs/include/rclrs_example_msgs/rclrs_example_msgs/msg
[0.368s] -- Up-to-date: /home/hiromichi/rost2/install/rclrs_example_msgs/include/rclrs_example_msgs/rclrs_example_msgs/msg/various_types.h
[0.368s] -- Up-to-date: /home/hiromichi/rost2/install/rclrs_example_msgs/include/rclrs_example_msgs/rclrs_example_msgs/msg/my_message.h
[0.368s] -- Up-to-date: /home/hiromichi/rost2/install/rclrs_example_msgs/include/rclrs_example_msgs/rclrs_example_msgs/msg/nested_type.h
[0.368s] -- Up-to-date: /home/hiromichi/rost2/install/rclrs_example_msgs/include/rclrs_example_msgs/rclrs_example_msgs/msg/rosidl_generator_c__visibility_control.h
[0.368s] -- Up-to-date: /home/hiromichi/rost2/install/rclrs_example_msgs/include/rclrs_example_msgs/rclrs_example_msgs/msg/detail
[0.369s] -- Up-to-date: /home/hiromichi/rost2/install/rclrs_example_msgs/include/rclrs_example_msgs/rclrs_example_msgs/msg/detail/my_message__functions.c
[0.369s] -- Up-to-date: /home/hiromichi/rost2/install/rclrs_example_msgs/include/rclrs_example_msgs/rclrs_example_msgs/msg/detail/various_types__functions.c
[0.369s] -- Up-to-date: /home/hiromichi/rost2/install/rclrs_example_msgs/include/rclrs_example_msgs/rclrs_example_msgs/msg/detail/nested_type__functions.h
[0.370s] -- Up-to-date: /home/hiromichi/rost2/install/rclrs_example_msgs/include/rclrs_example_msgs/rclrs_example_msgs/msg/detail/nested_type__struct.h
[0.370s] -- Up-to-date: /home/hiromichi/rost2/install/rclrs_example_msgs/include/rclrs_example_msgs/rclrs_example_msgs/msg/detail/my_message__struct.h
[0.370s] -- Up-to-date: /home/hiromichi/rost2/install/rclrs_example_msgs/include/rclrs_example_msgs/rclrs_example_msgs/msg/detail/nested_type__type_support.h
[0.370s] -- Up-to-date: /home/hiromichi/rost2/install/rclrs_example_msgs/include/rclrs_example_msgs/rclrs_example_msgs/msg/detail/my_message__type_support.h
[0.371s] -- Up-to-date: /home/hiromichi/rost2/install/rclrs_example_msgs/include/rclrs_example_msgs/rclrs_example_msgs/msg/detail/nested_type__functions.c
[0.372s] -- Up-to-date: /home/hiromichi/rost2/install/rclrs_example_msgs/include/rclrs_example_msgs/rclrs_example_msgs/msg/detail/various_types__type_support.h
[0.372s] -- Up-to-date: /home/hiromichi/rost2/install/rclrs_example_msgs/include/rclrs_example_msgs/rclrs_example_msgs/msg/detail/my_message__functions.h
[0.372s] -- Up-to-date: /home/hiromichi/rost2/install/rclrs_example_msgs/include/rclrs_example_msgs/rclrs_example_msgs/msg/detail/various_types__functions.h
[0.373s] -- Up-to-date: /home/hiromichi/rost2/install/rclrs_example_msgs/include/rclrs_example_msgs/rclrs_example_msgs/msg/detail/various_types__struct.h
[0.373s] -- Up-to-date: /home/hiromichi/rost2/install/rclrs_example_msgs/share/rclrs_example_msgs/environment/library_path.sh
[0.373s] -- Up-to-date: /home/hiromichi/rost2/install/rclrs_example_msgs/share/rclrs_example_msgs/environment/library_path.dsv
[0.373s] -- Up-to-date: /home/hiromichi/rost2/install/rclrs_example_msgs/lib/librclrs_example_msgs__rosidl_generator_c.so
[0.374s] -- Up-to-date: /home/hiromichi/rost2/install/rclrs_example_msgs/include/rclrs_example_msgs/rclrs_example_msgs
[0.374s] -- Up-to-date: /home/hiromichi/rost2/install/rclrs_example_msgs/include/rclrs_example_msgs/rclrs_example_msgs/msg
[0.374s] -- Up-to-date: /home/hiromichi/rost2/install/rclrs_example_msgs/include/rclrs_example_msgs/rclrs_example_msgs/msg/rosidl_typesupport_fastrtps_c__visibility_control.h
[0.374s] -- Up-to-date: /home/hiromichi/rost2/install/rclrs_example_msgs/include/rclrs_example_msgs/rclrs_example_msgs/msg/detail
[0.375s] -- Up-to-date: /home/hiromichi/rost2/install/rclrs_example_msgs/include/rclrs_example_msgs/rclrs_example_msgs/msg/detail/my_message__rosidl_typesupport_fastrtps_c.h
[0.375s] -- Up-to-date: /home/hiromichi/rost2/install/rclrs_example_msgs/include/rclrs_example_msgs/rclrs_example_msgs/msg/detail/nested_type__rosidl_typesupport_fastrtps_c.h
[0.375s] -- Up-to-date: /home/hiromichi/rost2/install/rclrs_example_msgs/include/rclrs_example_msgs/rclrs_example_msgs/msg/detail/various_types__rosidl_typesupport_fastrtps_c.h
[0.376s] -- Up-to-date: /home/hiromichi/rost2/install/rclrs_example_msgs/lib/librclrs_example_msgs__rosidl_typesupport_fastrtps_c.so
[0.376s] -- Up-to-date: /home/hiromichi/rost2/install/rclrs_example_msgs/include/rclrs_example_msgs/rclrs_example_msgs
[0.377s] -- Up-to-date: /home/hiromichi/rost2/install/rclrs_example_msgs/include/rclrs_example_msgs/rclrs_example_msgs/msg
[0.378s] -- Up-to-date: /home/hiromichi/rost2/install/rclrs_example_msgs/include/rclrs_example_msgs/rclrs_example_msgs/msg/rosidl_typesupport_introspection_c__visibility_control.h
[0.379s] -- Up-to-date: /home/hiromichi/rost2/install/rclrs_example_msgs/include/rclrs_example_msgs/rclrs_example_msgs/msg/detail
[0.379s] -- Up-to-date: /home/hiromichi/rost2/install/rclrs_example_msgs/include/rclrs_example_msgs/rclrs_example_msgs/msg/detail/various_types__rosidl_typesupport_introspection_c.h
[0.379s] -- Up-to-date: /home/hiromichi/rost2/install/rclrs_example_msgs/include/rclrs_example_msgs/rclrs_example_msgs/msg/detail/nested_type__type_support.c
[0.379s] -- Up-to-date: /home/hiromichi/rost2/install/rclrs_example_msgs/include/rclrs_example_msgs/rclrs_example_msgs/msg/detail/various_types__type_support.c
[0.379s] -- Up-to-date: /home/hiromichi/rost2/install/rclrs_example_msgs/include/rclrs_example_msgs/rclrs_example_msgs/msg/detail/my_message__rosidl_typesupport_introspection_c.h
[0.380s] -- Up-to-date: /home/hiromichi/rost2/install/rclrs_example_msgs/include/rclrs_example_msgs/rclrs_example_msgs/msg/detail/my_message__type_support.c
[0.380s] -- Up-to-date: /home/hiromichi/rost2/install/rclrs_example_msgs/include/rclrs_example_msgs/rclrs_example_msgs/msg/detail/nested_type__rosidl_typesupport_introspection_c.h
[0.381s] -- Up-to-date: /home/hiromichi/rost2/install/rclrs_example_msgs/lib/librclrs_example_msgs__rosidl_typesupport_introspection_c.so
[0.382s] -- Up-to-date: /home/hiromichi/rost2/install/rclrs_example_msgs/lib/librclrs_example_msgs__rosidl_typesupport_c.so
[0.382s] -- Up-to-date: /home/hiromichi/rost2/install/rclrs_example_msgs/include/rclrs_example_msgs/rclrs_example_msgs
[0.382s] -- Up-to-date: /home/hiromichi/rost2/install/rclrs_example_msgs/include/rclrs_example_msgs/rclrs_example_msgs/msg
[0.383s] -- Up-to-date: /home/hiromichi/rost2/install/rclrs_example_msgs/include/rclrs_example_msgs/rclrs_example_msgs/msg/my_message.hpp
[0.383s] -- Up-to-date: /home/hiromichi/rost2/install/rclrs_example_msgs/include/rclrs_example_msgs/rclrs_example_msgs/msg/nested_type.hpp
[0.383s] -- Up-to-date: /home/hiromichi/rost2/install/rclrs_example_msgs/include/rclrs_example_msgs/rclrs_example_msgs/msg/various_types.hpp
[0.383s] -- Up-to-date: /home/hiromichi/rost2/install/rclrs_example_msgs/include/rclrs_example_msgs/rclrs_example_msgs/msg/detail
[0.383s] -- Up-to-date: /home/hiromichi/rost2/install/rclrs_example_msgs/include/rclrs_example_msgs/rclrs_example_msgs/msg/detail/various_types__traits.hpp
[0.383s] -- Up-to-date: /home/hiromichi/rost2/install/rclrs_example_msgs/include/rclrs_example_msgs/rclrs_example_msgs/msg/detail/my_message__struct.hpp
[0.383s] -- Up-to-date: /home/hiromichi/rost2/install/rclrs_example_msgs/include/rclrs_example_msgs/rclrs_example_msgs/msg/detail/various_types__struct.hpp
[0.384s] -- Up-to-date: /home/hiromichi/rost2/install/rclrs_example_msgs/include/rclrs_example_msgs/rclrs_example_msgs/msg/detail/nested_type__builder.hpp
[0.386s] -- Up-to-date: /home/hiromichi/rost2/install/rclrs_example_msgs/include/rclrs_example_msgs/rclrs_example_msgs/msg/detail/nested_type__struct.hpp
[0.386s] -- Up-to-date: /home/hiromichi/rost2/install/rclrs_example_msgs/include/rclrs_example_msgs/rclrs_example_msgs/msg/detail/my_message__traits.hpp
[0.386s] -- Up-to-date: /home/hiromichi/rost2/install/rclrs_example_msgs/include/rclrs_example_msgs/rclrs_example_msgs/msg/detail/my_message__builder.hpp
[0.386s] -- Up-to-date: /home/hiromichi/rost2/install/rclrs_example_msgs/include/rclrs_example_msgs/rclrs_example_msgs/msg/detail/nested_type__traits.hpp
[0.386s] -- Up-to-date: /home/hiromichi/rost2/install/rclrs_example_msgs/include/rclrs_example_msgs/rclrs_example_msgs/msg/detail/various_types__builder.hpp
[0.386s] -- Up-to-date: /home/hiromichi/rost2/install/rclrs_example_msgs/include/rclrs_example_msgs/rclrs_example_msgs
[0.386s] -- Up-to-date: /home/hiromichi/rost2/install/rclrs_example_msgs/include/rclrs_example_msgs/rclrs_example_msgs/msg
[0.388s] -- Up-to-date: /home/hiromichi/rost2/install/rclrs_example_msgs/include/rclrs_example_msgs/rclrs_example_msgs/msg/rosidl_typesupport_fastrtps_cpp__visibility_control.h
[0.388s] -- Up-to-date: /home/hiromichi/rost2/install/rclrs_example_msgs/include/rclrs_example_msgs/rclrs_example_msgs/msg/detail
[0.388s] -- Up-to-date: /home/hiromichi/rost2/install/rclrs_example_msgs/include/rclrs_example_msgs/rclrs_example_msgs/msg/detail/various_types__rosidl_typesupport_fastrtps_cpp.hpp
[0.389s] -- Up-to-date: /home/hiromichi/rost2/install/rclrs_example_msgs/include/rclrs_example_msgs/rclrs_example_msgs/msg/detail/nested_type__rosidl_typesupport_fastrtps_cpp.hpp
[0.389s] -- Up-to-date: /home/hiromichi/rost2/install/rclrs_example_msgs/include/rclrs_example_msgs/rclrs_example_msgs/msg/detail/dds_fastrtps
[0.389s] -- Up-to-date: /home/hiromichi/rost2/install/rclrs_example_msgs/include/rclrs_example_msgs/rclrs_example_msgs/msg/detail/my_message__rosidl_typesupport_fastrtps_cpp.hpp
[0.389s] -- Up-to-date: /home/hiromichi/rost2/install/rclrs_example_msgs/lib/librclrs_example_msgs__rosidl_typesupport_fastrtps_cpp.so
[0.389s] -- Up-to-date: /home/hiromichi/rost2/install/rclrs_example_msgs/include/rclrs_example_msgs/rclrs_example_msgs
[0.389s] -- Up-to-date: /home/hiromichi/rost2/install/rclrs_example_msgs/include/rclrs_example_msgs/rclrs_example_msgs/msg
[0.389s] -- Up-to-date: /home/hiromichi/rost2/install/rclrs_example_msgs/include/rclrs_example_msgs/rclrs_example_msgs/msg/detail
[0.389s] -- Up-to-date: /home/hiromichi/rost2/install/rclrs_example_msgs/include/rclrs_example_msgs/rclrs_example_msgs/msg/detail/my_message__type_support.cpp
[0.390s] -- Up-to-date: /home/hiromichi/rost2/install/rclrs_example_msgs/include/rclrs_example_msgs/rclrs_example_msgs/msg/detail/various_types__type_support.cpp
[0.390s] -- Up-to-date: /home/hiromichi/rost2/install/rclrs_example_msgs/include/rclrs_example_msgs/rclrs_example_msgs/msg/detail/nested_type__rosidl_typesupport_introspection_cpp.hpp
[0.390s] -- Up-to-date: /home/hiromichi/rost2/install/rclrs_example_msgs/include/rclrs_example_msgs/rclrs_example_msgs/msg/detail/nested_type__type_support.cpp
[0.390s] -- Up-to-date: /home/hiromichi/rost2/install/rclrs_example_msgs/include/rclrs_example_msgs/rclrs_example_msgs/msg/detail/my_message__rosidl_typesupport_introspection_cpp.hpp
[0.390s] -- Up-to-date: /home/hiromichi/rost2/install/rclrs_example_msgs/include/rclrs_example_msgs/rclrs_example_msgs/msg/detail/various_types__rosidl_typesupport_introspection_cpp.hpp
[0.391s] -- Up-to-date: /home/hiromichi/rost2/install/rclrs_example_msgs/lib/librclrs_example_msgs__rosidl_typesupport_introspection_cpp.so
[0.392s] -- Up-to-date: /home/hiromichi/rost2/install/rclrs_example_msgs/lib/librclrs_example_msgs__rosidl_typesupport_cpp.so
[0.392s] -- Up-to-date: /home/hiromichi/rost2/install/rclrs_example_msgs/share/ament_index/resource_index/rust_packages/rclrs_example_msgs
[0.392s] -- Up-to-date: /home/hiromichi/rost2/install/rclrs_example_msgs/share/rclrs_example_msgs/rust
[0.392s] -- Up-to-date: /home/hiromichi/rost2/install/rclrs_example_msgs/share/rclrs_example_msgs/rust/src
[0.392s] -- Up-to-date: /home/hiromichi/rost2/install/rclrs_example_msgs/share/rclrs_example_msgs/rust/src/msg.rs
[0.392s] -- Up-to-date: /home/hiromichi/rost2/install/rclrs_example_msgs/share/rclrs_example_msgs/rust/src/lib.rs
[0.392s] -- Up-to-date: /home/hiromichi/rost2/install/rclrs_example_msgs/share/rclrs_example_msgs/rust/Cargo.toml
[0.392s] -- Up-to-date: /home/hiromichi/rost2/install/rclrs_example_msgs/share/rclrs_example_msgs/rust/build.rs
[0.393s] -- Up-to-date: /home/hiromichi/rost2/install/rclrs_example_msgs/share/rclrs_example_msgs/environment/pythonpath.sh
[0.393s] -- Up-to-date: /home/hiromichi/rost2/install/rclrs_example_msgs/share/rclrs_example_msgs/environment/pythonpath.dsv
[0.393s] -- Up-to-date: /home/hiromichi/rost2/install/rclrs_example_msgs/local/lib/python3.10/dist-packages/rclrs_example_msgs-0.4.1-py3.10.egg-info
[0.393s] -- Installing: /home/hiromichi/rost2/install/rclrs_example_msgs/local/lib/python3.10/dist-packages/rclrs_example_msgs-0.4.1-py3.10.egg-info/top_level.txt
[0.393s] -- Installing: /home/hiromichi/rost2/install/rclrs_example_msgs/local/lib/python3.10/dist-packages/rclrs_example_msgs-0.4.1-py3.10.egg-info/dependency_links.txt
[0.393s] -- Installing: /home/hiromichi/rost2/install/rclrs_example_msgs/local/lib/python3.10/dist-packages/rclrs_example_msgs-0.4.1-py3.10.egg-info/SOURCES.txt
[0.394s] -- Installing: /home/hiromichi/rost2/install/rclrs_example_msgs/local/lib/python3.10/dist-packages/rclrs_example_msgs-0.4.1-py3.10.egg-info/PKG-INFO
[0.394s] -- Up-to-date: /home/hiromichi/rost2/install/rclrs_example_msgs/local/lib/python3.10/dist-packages/rclrs_example_msgs
[0.394s] -- Up-to-date: /home/hiromichi/rost2/install/rclrs_example_msgs/local/lib/python3.10/dist-packages/rclrs_example_msgs/rclrs_example_msgs_s__rosidl_typesupport_introspection_c.cpython-310-x86_64-linux-gnu.so
[0.394s] -- Up-to-date: /home/hiromichi/rost2/install/rclrs_example_msgs/local/lib/python3.10/dist-packages/rclrs_example_msgs/rclrs_example_msgs_s__rosidl_typesupport_fastrtps_c.cpython-310-x86_64-linux-gnu.so
[0.394s] -- Up-to-date: /home/hiromichi/rost2/install/rclrs_example_msgs/local/lib/python3.10/dist-packages/rclrs_example_msgs/rclrs_example_msgs_s__rosidl_typesupport_c.cpython-310-x86_64-linux-gnu.so
[0.394s] -- Up-to-date: /home/hiromichi/rost2/install/rclrs_example_msgs/local/lib/python3.10/dist-packages/rclrs_example_msgs/librclrs_example_msgs__rosidl_generator_py.so
[0.395s] -- Up-to-date: /home/hiromichi/rost2/install/rclrs_example_msgs/local/lib/python3.10/dist-packages/rclrs_example_msgs/msg
[0.395s] -- Up-to-date: /home/hiromichi/rost2/install/rclrs_example_msgs/local/lib/python3.10/dist-packages/rclrs_example_msgs/msg/_nested_type.py
[0.395s] -- Up-to-date: /home/hiromichi/rost2/install/rclrs_example_msgs/local/lib/python3.10/dist-packages/rclrs_example_msgs/msg/_my_message.py
[0.395s] -- Up-to-date: /home/hiromichi/rost2/install/rclrs_example_msgs/local/lib/python3.10/dist-packages/rclrs_example_msgs/msg/_my_message_s.c
[0.395s] -- Up-to-date: /home/hiromichi/rost2/install/rclrs_example_msgs/local/lib/python3.10/dist-packages/rclrs_example_msgs/msg/_various_types.py
[0.395s] -- Up-to-date: /home/hiromichi/rost2/install/rclrs_example_msgs/local/lib/python3.10/dist-packages/rclrs_example_msgs/msg/_various_types_s.c
[0.395s] -- Up-to-date: /home/hiromichi/rost2/install/rclrs_example_msgs/local/lib/python3.10/dist-packages/rclrs_example_msgs/msg/__init__.py
[0.395s] -- Up-to-date: /home/hiromichi/rost2/install/rclrs_example_msgs/local/lib/python3.10/dist-packages/rclrs_example_msgs/msg/_nested_type_s.c
[0.395s] -- Up-to-date: /home/hiromichi/rost2/install/rclrs_example_msgs/local/lib/python3.10/dist-packages/rclrs_example_msgs/_rclrs_example_msgs_s.ep.rosidl_typesupport_fastrtps_c.c
[0.396s] -- Up-to-date: /home/hiromichi/rost2/install/rclrs_example_msgs/local/lib/python3.10/dist-packages/rclrs_example_msgs/_rclrs_example_msgs_s.ep.rosidl_typesupport_introspection_c.c
[0.396s] -- Up-to-date: /home/hiromichi/rost2/install/rclrs_example_msgs/local/lib/python3.10/dist-packages/rclrs_example_msgs/_rclrs_example_msgs_s.ep.rosidl_typesupport_c.c
[0.396s] -- Up-to-date: /home/hiromichi/rost2/install/rclrs_example_msgs/local/lib/python3.10/dist-packages/rclrs_example_msgs/__init__.py
[0.404s] Listing '/home/hiromichi/rost2/install/rclrs_example_msgs/local/lib/python3.10/dist-packages/rclrs_example_msgs'...
[0.404s] Listing '/home/hiromichi/rost2/install/rclrs_example_msgs/local/lib/python3.10/dist-packages/rclrs_example_msgs/msg'...
[0.405s] -- Up-to-date: /home/hiromichi/rost2/install/rclrs_example_msgs/local/lib/python3.10/dist-packages/rclrs_example_msgs/rclrs_example_msgs_s__rosidl_typesupport_fastrtps_c.cpython-310-x86_64-linux-gnu.so
[0.406s] -- Up-to-date: /home/hiromichi/rost2/install/rclrs_example_msgs/local/lib/python3.10/dist-packages/rclrs_example_msgs/rclrs_example_msgs_s__rosidl_typesupport_introspection_c.cpython-310-x86_64-linux-gnu.so
[0.406s] -- Up-to-date: /home/hiromichi/rost2/install/rclrs_example_msgs/local/lib/python3.10/dist-packages/rclrs_example_msgs/rclrs_example_msgs_s__rosidl_typesupport_c.cpython-310-x86_64-linux-gnu.so
[0.407s] -- Up-to-date: /home/hiromichi/rost2/install/rclrs_example_msgs/lib/librclrs_example_msgs__rosidl_generator_py.so
[0.408s] -- Up-to-date: /home/hiromichi/rost2/install/rclrs_example_msgs/share/rclrs_example_msgs/msg/MyMessage.idl
[0.408s] -- Up-to-date: /home/hiromichi/rost2/install/rclrs_example_msgs/share/rclrs_example_msgs/msg/NestedType.idl
[0.408s] -- Up-to-date: /home/hiromichi/rost2/install/rclrs_example_msgs/share/rclrs_example_msgs/msg/VariousTypes.idl
[0.408s] -- Up-to-date: /home/hiromichi/rost2/install/rclrs_example_msgs/share/rclrs_example_msgs/msg/NestedType.msg
[0.408s] -- Up-to-date: /home/hiromichi/rost2/install/rclrs_example_msgs/share/rclrs_example_msgs/msg/VariousTypes.msg
[0.408s] -- Up-to-date: /home/hiromichi/rost2/install/rclrs_example_msgs/share/ament_index/resource_index/package_run_dependencies/rclrs_example_msgs
[0.408s] -- Up-to-date: /home/hiromichi/rost2/install/rclrs_example_msgs/share/ament_index/resource_index/parent_prefix_path/rclrs_example_msgs
[0.408s] -- Up-to-date: /home/hiromichi/rost2/install/rclrs_example_msgs/share/rclrs_example_msgs/environment/ament_prefix_path.sh
[0.409s] -- Up-to-date: /home/hiromichi/rost2/install/rclrs_example_msgs/share/rclrs_example_msgs/environment/ament_prefix_path.dsv
[0.409s] -- Up-to-date: /home/hiromichi/rost2/install/rclrs_example_msgs/share/rclrs_example_msgs/environment/path.sh
[0.409s] -- Up-to-date: /home/hiromichi/rost2/install/rclrs_example_msgs/share/rclrs_example_msgs/environment/path.dsv
[0.409s] -- Up-to-date: /home/hiromichi/rost2/install/rclrs_example_msgs/share/rclrs_example_msgs/local_setup.bash
[0.409s] -- Up-to-date: /home/hiromichi/rost2/install/rclrs_example_msgs/share/rclrs_example_msgs/local_setup.sh
[0.409s] -- Up-to-date: /home/hiromichi/rost2/install/rclrs_example_msgs/share/rclrs_example_msgs/local_setup.zsh
[0.409s] -- Up-to-date: /home/hiromichi/rost2/install/rclrs_example_msgs/share/rclrs_example_msgs/local_setup.dsv
[0.410s] -- Installing: /home/hiromichi/rost2/install/rclrs_example_msgs/share/rclrs_example_msgs/package.dsv
[0.410s] -- Up-to-date: /home/hiromichi/rost2/install/rclrs_example_msgs/share/ament_index/resource_index/packages/rclrs_example_msgs
[0.410s] -- Up-to-date: /home/hiromichi/rost2/install/rclrs_example_msgs/share/rclrs_example_msgs/cmake/export_rclrs_example_msgs__rosidl_generator_cExport.cmake
[0.410s] -- Up-to-date: /home/hiromichi/rost2/install/rclrs_example_msgs/share/rclrs_example_msgs/cmake/export_rclrs_example_msgs__rosidl_generator_cExport-noconfig.cmake
[0.410s] -- Up-to-date: /home/hiromichi/rost2/install/rclrs_example_msgs/share/rclrs_example_msgs/cmake/export_rclrs_example_msgs__rosidl_typesupport_fastrtps_cExport.cmake
[0.410s] -- Up-to-date: /home/hiromichi/rost2/install/rclrs_example_msgs/share/rclrs_example_msgs/cmake/export_rclrs_example_msgs__rosidl_typesupport_fastrtps_cExport-noconfig.cmake
[0.410s] -- Up-to-date: /home/hiromichi/rost2/install/rclrs_example_msgs/share/rclrs_example_msgs/cmake/rclrs_example_msgs__rosidl_typesupport_introspection_cExport.cmake
[0.411s] -- Up-to-date: /home/hiromichi/rost2/install/rclrs_example_msgs/share/rclrs_example_msgs/cmake/rclrs_example_msgs__rosidl_typesupport_introspection_cExport-noconfig.cmake
[0.411s] -- Up-to-date: /home/hiromichi/rost2/install/rclrs_example_msgs/share/rclrs_example_msgs/cmake/rclrs_example_msgs__rosidl_typesupport_cExport.cmake
[0.411s] -- Up-to-date: /home/hiromichi/rost2/install/rclrs_example_msgs/share/rclrs_example_msgs/cmake/rclrs_example_msgs__rosidl_typesupport_cExport-noconfig.cmake
[0.412s] -- Up-to-date: /home/hiromichi/rost2/install/rclrs_example_msgs/share/rclrs_example_msgs/cmake/export_rclrs_example_msgs__rosidl_generator_cppExport.cmake
[0.413s] -- Up-to-date: /home/hiromichi/rost2/install/rclrs_example_msgs/share/rclrs_example_msgs/cmake/export_rclrs_example_msgs__rosidl_typesupport_fastrtps_cppExport.cmake
[0.413s] -- Up-to-date: /home/hiromichi/rost2/install/rclrs_example_msgs/share/rclrs_example_msgs/cmake/export_rclrs_example_msgs__rosidl_typesupport_fastrtps_cppExport-noconfig.cmake
[0.413s] -- Up-to-date: /home/hiromichi/rost2/install/rclrs_example_msgs/share/rclrs_example_msgs/cmake/rclrs_example_msgs__rosidl_typesupport_introspection_cppExport.cmake
[0.413s] -- Up-to-date: /home/hiromichi/rost2/install/rclrs_example_msgs/share/rclrs_example_msgs/cmake/rclrs_example_msgs__rosidl_typesupport_introspection_cppExport-noconfig.cmake
[0.413s] -- Up-to-date: /home/hiromichi/rost2/install/rclrs_example_msgs/share/rclrs_example_msgs/cmake/rclrs_example_msgs__rosidl_typesupport_cppExport.cmake
[0.414s] -- Up-to-date: /home/hiromichi/rost2/install/rclrs_example_msgs/share/rclrs_example_msgs/cmake/rclrs_example_msgs__rosidl_typesupport_cppExport-noconfig.cmake
[0.414s] -- Up-to-date: /home/hiromichi/rost2/install/rclrs_example_msgs/share/rclrs_example_msgs/cmake/export_rclrs_example_msgs__rosidl_generator_pyExport.cmake
[0.414s] -- Up-to-date: /home/hiromichi/rost2/install/rclrs_example_msgs/share/rclrs_example_msgs/cmake/export_rclrs_example_msgs__rosidl_generator_pyExport-noconfig.cmake
[0.414s] -- Up-to-date: /home/hiromichi/rost2/install/rclrs_example_msgs/share/rclrs_example_msgs/cmake/rosidl_cmake-extras.cmake
[0.414s] -- Up-to-date: /home/hiromichi/rost2/install/rclrs_example_msgs/share/rclrs_example_msgs/cmake/ament_cmake_export_include_directories-extras.cmake
[0.414s] -- Up-to-date: /home/hiromichi/rost2/install/rclrs_example_msgs/share/rclrs_example_msgs/cmake/ament_cmake_export_libraries-extras.cmake
[0.414s] -- Up-to-date: /home/hiromichi/rost2/install/rclrs_example_msgs/share/rclrs_example_msgs/cmake/ament_cmake_export_targets-extras.cmake
[0.414s] -- Up-to-date: /home/hiromichi/rost2/install/rclrs_example_msgs/share/rclrs_example_msgs/cmake/rosidl_cmake_export_typesupport_targets-extras.cmake
[0.414s] -- Up-to-date: /home/hiromichi/rost2/install/rclrs_example_msgs/share/rclrs_example_msgs/cmake/ament_cmake_export_dependencies-extras.cmake
[0.415s] -- Up-to-date: /home/hiromichi/rost2/install/rclrs_example_msgs/share/rclrs_example_msgs/cmake/rosidl_cmake_export_typesupport_libraries-extras.cmake
[0.415s] -- Up-to-date: /home/hiromichi/rost2/install/rclrs_example_msgs/share/rclrs_example_msgs/cmake/rclrs_example_msgsConfig.cmake
[0.415s] -- Up-to-date: /home/hiromichi/rost2/install/rclrs_example_msgs/share/rclrs_example_msgs/cmake/rclrs_example_msgsConfig-version.cmake
[0.415s] -- Up-to-date: /home/hiromichi/rost2/install/rclrs_example_msgs/share/rclrs_example_msgs/package.xml
[0.426s] Invoked command in '/home/hiromichi/rost2/build/rclrs_example_msgs' returned '0': AMENT_PREFIX_PATH=/home/hiromichi/rost2/install/rosidl_default_runtime:/home/hiromichi/rost2/install/rosidl_default_generators:/home/hiromichi/rost2/install/rosidl_generator_rs:/home/hiromichi/rost2/install/rosidl_runtime_rs:${AMENT_PREFIX_PATH} CMAKE_PREFIX_PATH=/home/hiromichi/rost2/install/rosidl_default_runtime:/home/hiromichi/rost2/install/rosidl_default_generators:/home/hiromichi/rost2/install/rosidl_generator_rs:/opt/ros/humble PYTHONPATH=/home/hiromichi/rost2/install/rosidl_generator_rs/local/lib/python3.10/dist-packages:${PYTHONPATH} /usr/bin/cmake --install /home/hiromichi/rost2/build/rclrs_example_msgs
