[0.184s] Invoking command in '/home/hiro/rust_ws/build/lifecycle_msgs': AMENT_PREFIX_PATH=/home/hiro/rust_ws/install/rosidl_runtime_rs:/home/hiro/rust_ws/install/common_interfaces:/home/hiro/rust_ws/install/visualization_msgs:/home/hiro/rust_ws/install/test_msgs:/home/hiro/rust_ws/install/examples_rclrs_minimal_client_service:/home/hiro/rust_ws/install/example_interfaces:/home/hiro/rust_ws/install/action_msgs:/home/hiro/rust_ws/install/unique_identifier_msgs:/home/hiro/rust_ws/install/trajectory_msgs:/home/hiro/rust_ws/install/test_interface_files:/home/hiro/rust_ws/install/stereo_msgs:/home/hiro/rust_ws/install/std_srvs:/home/hiro/rust_ws/install/shape_msgs:/home/hiro/rust_ws/install/sensor_msgs_py:/home/hiro/rust_ws/install/sensor_msgs:/home/hiro/rust_ws/install/rust_pubsub:/home/hiro/rust_ws/install/nav_msgs:/home/hiro/rust_ws/install/diagnostic_msgs:/home/hiro/rust_ws/install/geometry_msgs:/home/hiro/rust_ws/install/examples_rclrs_minimal_pub_sub:/home/hiro/rust_ws/install/actionlib_msgs:/home/hiro/rust_ws/install/std_msgs:/home/hiro/rust_ws/install/statistics_msgs:/home/hiro/rust_ws/install/examples_rclrs_message_demo:/home/hiro/rust_ws/install/rclrs:/home/hiro/rust_ws/install/rosgraph_msgs:/home/hiro/rust_ws/install/rclrs_example_msgs:/home/hiro/rust_ws/install/composition_interfaces:/home/hiro/rust_ws/install/rcl_interfaces:/home/hiro/rust_ws/install/lifecycle_msgs:/home/hiro/rust_ws/install/builtin_interfaces:/home/hiro/rust_ws/install/rosidl_default_runtime:/home/hiro/rust_ws/install/rosidl_default_generators:/home/hiro/rust_ws/install/rosidl_generator_rs:/home/hiro/ws_livox/install/livox_ros_driver2:/opt/ros/humble CMAKE_PREFIX_PATH=/home/hiro/rust_ws/install/rosidl_default_runtime:/home/hiro/rust_ws/install/rosidl_default_generators:/home/hiro/rust_ws/install/rosidl_generator_rs:/home/hiro/rust_ws/install/common_interfaces:/home/hiro/rust_ws/install/visualization_msgs:/home/hiro/rust_ws/install/test_msgs:/home/hiro/rust_ws/install/example_interfaces:/home/hiro/rust_ws/install/action_msgs:/home/hiro/rust_ws/install/unique_identifier_msgs:/home/hiro/rust_ws/install/trajectory_msgs:/home/hiro/rust_ws/install/test_interface_files:/home/hiro/rust_ws/install/stereo_msgs:/home/hiro/rust_ws/install/std_srvs:/home/hiro/rust_ws/install/shape_msgs:/home/hiro/rust_ws/install/sensor_msgs:/home/hiro/rust_ws/install/nav_msgs:/home/hiro/rust_ws/install/diagnostic_msgs:/home/hiro/rust_ws/install/geometry_msgs:/home/hiro/rust_ws/install/actionlib_msgs:/home/hiro/rust_ws/install/std_msgs:/home/hiro/rust_ws/install/statistics_msgs:/home/hiro/rust_ws/install/rosgraph_msgs:/home/hiro/rust_ws/install/rclrs_example_msgs:/home/hiro/rust_ws/install/composition_interfaces:/home/hiro/rust_ws/install/rcl_interfaces:/home/hiro/rust_ws/install/lifecycle_msgs:/home/hiro/rust_ws/install/builtin_interfaces:/home/hiro/ws_livox/install/livox_ros_driver2:/home/hiro/rust_ws/install/examples_rclrs_minimal_client_service:/home/hiro/rust_ws/install/sensor_msgs_py:/home/hiro/rust_ws/install/rust_pubsub:/home/hiro/rust_ws/install/examples_rclrs_minimal_pub_sub:/home/hiro/rust_ws/install/examples_rclrs_message_demo:/home/hiro/rust_ws/install/rclrs:/home/hiro/rust_ws/install/rosidl_runtime_rs:/opt/ros/humble /usr/bin/cmake --build /home/hiro/rust_ws/build/lifecycle_msgs -- -j22 -l22
[0.251s] [35m[1mConsolidate compiler generated dependencies of target lifecycle_msgs__rosidl_generator_c[0m
[0.270s] [  1%] Built target lifecycle_msgs__rs
[0.272s] [  2%] Built target lifecycle_msgs__cpp
[0.281s] [ 13%] Built target lifecycle_msgs__rosidl_generator_c
[0.284s] [ 13%] Built target ament_cmake_python_copy_lifecycle_msgs
[0.293s] [35m[1mConsolidate compiler generated dependencies of target lifecycle_msgs__rosidl_typesupport_fastrtps_cpp[0m
[0.298s] [35m[1mConsolidate compiler generated dependencies of target lifecycle_msgs__rosidl_typesupport_cpp[0m
[0.299s] [35m[1mConsolidate compiler generated dependencies of target lifecycle_msgs__rosidl_typesupport_c[0m
[0.299s] [35m[1mConsolidate compiler generated dependencies of target lifecycle_msgs__rosidl_typesupport_introspection_cpp[0m
[0.301s] [35m[1mConsolidate compiler generated dependencies of target lifecycle_msgs__rosidl_typesupport_introspection_c[0m
[0.305s] [35m[1mConsolidate compiler generated dependencies of target lifecycle_msgs__rosidl_typesupport_fastrtps_c[0m
[0.324s] [ 25%] Built target lifecycle_msgs__rosidl_typesupport_c
[0.324s] [ 36%] Built target lifecycle_msgs__rosidl_typesupport_cpp
[0.327s] [ 59%] Built target lifecycle_msgs__rosidl_typesupport_introspection_c
[0.327s] [ 59%] Built target lifecycle_msgs__rosidl_typesupport_fastrtps_cpp
[0.330s] [ 70%] Built target lifecycle_msgs__rosidl_typesupport_introspection_cpp
[0.338s] [ 81%] Built target lifecycle_msgs__rosidl_typesupport_fastrtps_c
[0.367s] [ 81%] Built target lifecycle_msgs
[0.391s] [ 82%] Built target lifecycle_msgs__py
[0.408s] [35m[1mConsolidate compiler generated dependencies of target lifecycle_msgs__rosidl_generator_py[0m
[0.439s] [ 93%] Built target lifecycle_msgs__rosidl_generator_py
[0.452s] [35m[1mConsolidate compiler generated dependencies of target lifecycle_msgs__rosidl_typesupport_c__pyext[0m
[0.452s] [35m[1mConsolidate compiler generated dependencies of target lifecycle_msgs__rosidl_typesupport_introspection_c__pyext[0m
[0.452s] [35m[1mConsolidate compiler generated dependencies of target lifecycle_msgs__rosidl_typesupport_fastrtps_c__pyext[0m
[0.467s] [ 95%] Built target lifecycle_msgs__rosidl_typesupport_introspection_c__pyext
[0.468s] [ 97%] Built target lifecycle_msgs__rosidl_typesupport_c__pyext
[0.468s] [100%] Built target lifecycle_msgs__rosidl_typesupport_fastrtps_c__pyext
[0.767s] running egg_info
[0.781s] writing lifecycle_msgs.egg-info/PKG-INFO
[0.782s] writing dependency_links to lifecycle_msgs.egg-info/dependency_links.txt
[0.782s] writing top-level names to lifecycle_msgs.egg-info/top_level.txt
[0.822s] reading manifest file 'lifecycle_msgs.egg-info/SOURCES.txt'
[0.823s] writing manifest file 'lifecycle_msgs.egg-info/SOURCES.txt'
[0.882s] [100%] Built target ament_cmake_python_build_lifecycle_msgs_egg
[0.893s] Invoked command in '/home/hiro/rust_ws/build/lifecycle_msgs' returned '0': AMENT_PREFIX_PATH=/home/hiro/rust_ws/install/rosidl_runtime_rs:/home/hiro/rust_ws/install/common_interfaces:/home/hiro/rust_ws/install/visualization_msgs:/home/hiro/rust_ws/install/test_msgs:/home/hiro/rust_ws/install/examples_rclrs_minimal_client_service:/home/hiro/rust_ws/install/example_interfaces:/home/hiro/rust_ws/install/action_msgs:/home/hiro/rust_ws/install/unique_identifier_msgs:/home/hiro/rust_ws/install/trajectory_msgs:/home/hiro/rust_ws/install/test_interface_files:/home/hiro/rust_ws/install/stereo_msgs:/home/hiro/rust_ws/install/std_srvs:/home/hiro/rust_ws/install/shape_msgs:/home/hiro/rust_ws/install/sensor_msgs_py:/home/hiro/rust_ws/install/sensor_msgs:/home/hiro/rust_ws/install/rust_pubsub:/home/hiro/rust_ws/install/nav_msgs:/home/hiro/rust_ws/install/diagnostic_msgs:/home/hiro/rust_ws/install/geometry_msgs:/home/hiro/rust_ws/install/examples_rclrs_minimal_pub_sub:/home/hiro/rust_ws/install/actionlib_msgs:/home/hiro/rust_ws/install/std_msgs:/home/hiro/rust_ws/install/statistics_msgs:/home/hiro/rust_ws/install/examples_rclrs_message_demo:/home/hiro/rust_ws/install/rclrs:/home/hiro/rust_ws/install/rosgraph_msgs:/home/hiro/rust_ws/install/rclrs_example_msgs:/home/hiro/rust_ws/install/composition_interfaces:/home/hiro/rust_ws/install/rcl_interfaces:/home/hiro/rust_ws/install/lifecycle_msgs:/home/hiro/rust_ws/install/builtin_interfaces:/home/hiro/rust_ws/install/rosidl_default_runtime:/home/hiro/rust_ws/install/rosidl_default_generators:/home/hiro/rust_ws/install/rosidl_generator_rs:/home/hiro/ws_livox/install/livox_ros_driver2:/opt/ros/humble CMAKE_PREFIX_PATH=/home/hiro/rust_ws/install/rosidl_default_runtime:/home/hiro/rust_ws/install/rosidl_default_generators:/home/hiro/rust_ws/install/rosidl_generator_rs:/home/hiro/rust_ws/install/common_interfaces:/home/hiro/rust_ws/install/visualization_msgs:/home/hiro/rust_ws/install/test_msgs:/home/hiro/rust_ws/install/example_interfaces:/home/hiro/rust_ws/install/action_msgs:/home/hiro/rust_ws/install/unique_identifier_msgs:/home/hiro/rust_ws/install/trajectory_msgs:/home/hiro/rust_ws/install/test_interface_files:/home/hiro/rust_ws/install/stereo_msgs:/home/hiro/rust_ws/install/std_srvs:/home/hiro/rust_ws/install/shape_msgs:/home/hiro/rust_ws/install/sensor_msgs:/home/hiro/rust_ws/install/nav_msgs:/home/hiro/rust_ws/install/diagnostic_msgs:/home/hiro/rust_ws/install/geometry_msgs:/home/hiro/rust_ws/install/actionlib_msgs:/home/hiro/rust_ws/install/std_msgs:/home/hiro/rust_ws/install/statistics_msgs:/home/hiro/rust_ws/install/rosgraph_msgs:/home/hiro/rust_ws/install/rclrs_example_msgs:/home/hiro/rust_ws/install/composition_interfaces:/home/hiro/rust_ws/install/rcl_interfaces:/home/hiro/rust_ws/install/lifecycle_msgs:/home/hiro/rust_ws/install/builtin_interfaces:/home/hiro/ws_livox/install/livox_ros_driver2:/home/hiro/rust_ws/install/examples_rclrs_minimal_client_service:/home/hiro/rust_ws/install/sensor_msgs_py:/home/hiro/rust_ws/install/rust_pubsub:/home/hiro/rust_ws/install/examples_rclrs_minimal_pub_sub:/home/hiro/rust_ws/install/examples_rclrs_message_demo:/home/hiro/rust_ws/install/rclrs:/home/hiro/rust_ws/install/rosidl_runtime_rs:/opt/ros/humble /usr/bin/cmake --build /home/hiro/rust_ws/build/lifecycle_msgs -- -j22 -l22
[1.123s] Invoking command in '/home/hiro/rust_ws/build/lifecycle_msgs': AMENT_PREFIX_PATH=/home/hiro/rust_ws/install/rosidl_runtime_rs:/home/hiro/rust_ws/install/common_interfaces:/home/hiro/rust_ws/install/visualization_msgs:/home/hiro/rust_ws/install/test_msgs:/home/hiro/rust_ws/install/examples_rclrs_minimal_client_service:/home/hiro/rust_ws/install/example_interfaces:/home/hiro/rust_ws/install/action_msgs:/home/hiro/rust_ws/install/unique_identifier_msgs:/home/hiro/rust_ws/install/trajectory_msgs:/home/hiro/rust_ws/install/test_interface_files:/home/hiro/rust_ws/install/stereo_msgs:/home/hiro/rust_ws/install/std_srvs:/home/hiro/rust_ws/install/shape_msgs:/home/hiro/rust_ws/install/sensor_msgs_py:/home/hiro/rust_ws/install/sensor_msgs:/home/hiro/rust_ws/install/rust_pubsub:/home/hiro/rust_ws/install/nav_msgs:/home/hiro/rust_ws/install/diagnostic_msgs:/home/hiro/rust_ws/install/geometry_msgs:/home/hiro/rust_ws/install/examples_rclrs_minimal_pub_sub:/home/hiro/rust_ws/install/actionlib_msgs:/home/hiro/rust_ws/install/std_msgs:/home/hiro/rust_ws/install/statistics_msgs:/home/hiro/rust_ws/install/examples_rclrs_message_demo:/home/hiro/rust_ws/install/rclrs:/home/hiro/rust_ws/install/rosgraph_msgs:/home/hiro/rust_ws/install/rclrs_example_msgs:/home/hiro/rust_ws/install/composition_interfaces:/home/hiro/rust_ws/install/rcl_interfaces:/home/hiro/rust_ws/install/lifecycle_msgs:/home/hiro/rust_ws/install/builtin_interfaces:/home/hiro/rust_ws/install/rosidl_default_runtime:/home/hiro/rust_ws/install/rosidl_default_generators:/home/hiro/rust_ws/install/rosidl_generator_rs:/home/hiro/ws_livox/install/livox_ros_driver2:/opt/ros/humble CMAKE_PREFIX_PATH=/home/hiro/rust_ws/install/rosidl_default_runtime:/home/hiro/rust_ws/install/rosidl_default_generators:/home/hiro/rust_ws/install/rosidl_generator_rs:/home/hiro/rust_ws/install/common_interfaces:/home/hiro/rust_ws/install/visualization_msgs:/home/hiro/rust_ws/install/test_msgs:/home/hiro/rust_ws/install/example_interfaces:/home/hiro/rust_ws/install/action_msgs:/home/hiro/rust_ws/install/unique_identifier_msgs:/home/hiro/rust_ws/install/trajectory_msgs:/home/hiro/rust_ws/install/test_interface_files:/home/hiro/rust_ws/install/stereo_msgs:/home/hiro/rust_ws/install/std_srvs:/home/hiro/rust_ws/install/shape_msgs:/home/hiro/rust_ws/install/sensor_msgs:/home/hiro/rust_ws/install/nav_msgs:/home/hiro/rust_ws/install/diagnostic_msgs:/home/hiro/rust_ws/install/geometry_msgs:/home/hiro/rust_ws/install/actionlib_msgs:/home/hiro/rust_ws/install/std_msgs:/home/hiro/rust_ws/install/statistics_msgs:/home/hiro/rust_ws/install/rosgraph_msgs:/home/hiro/rust_ws/install/rclrs_example_msgs:/home/hiro/rust_ws/install/composition_interfaces:/home/hiro/rust_ws/install/rcl_interfaces:/home/hiro/rust_ws/install/lifecycle_msgs:/home/hiro/rust_ws/install/builtin_interfaces:/home/hiro/ws_livox/install/livox_ros_driver2:/home/hiro/rust_ws/install/examples_rclrs_minimal_client_service:/home/hiro/rust_ws/install/sensor_msgs_py:/home/hiro/rust_ws/install/rust_pubsub:/home/hiro/rust_ws/install/examples_rclrs_minimal_pub_sub:/home/hiro/rust_ws/install/examples_rclrs_message_demo:/home/hiro/rust_ws/install/rclrs:/home/hiro/rust_ws/install/rosidl_runtime_rs:/opt/ros/humble /usr/bin/cmake --install /home/hiro/rust_ws/build/lifecycle_msgs
[1.132s] -- Install configuration: ""
[1.134s] -- Up-to-date: /home/hiro/rust_ws/install/lifecycle_msgs/share/ament_index/resource_index/rosidl_interfaces/lifecycle_msgs
[1.134s] -- Up-to-date: /home/hiro/rust_ws/install/lifecycle_msgs/include/lifecycle_msgs/lifecycle_msgs
[1.134s] -- Up-to-date: /home/hiro/rust_ws/install/lifecycle_msgs/include/lifecycle_msgs/lifecycle_msgs/msg
[1.134s] -- Up-to-date: /home/hiro/rust_ws/install/lifecycle_msgs/include/lifecycle_msgs/lifecycle_msgs/msg/state.h
[1.136s] -- Up-to-date: /home/hiro/rust_ws/install/lifecycle_msgs/include/lifecycle_msgs/lifecycle_msgs/msg/transition_event.h
[1.137s] -- Up-to-date: /home/hiro/rust_ws/install/lifecycle_msgs/include/lifecycle_msgs/lifecycle_msgs/msg/rosidl_generator_c__visibility_control.h
[1.139s] -- Up-to-date: /home/hiro/rust_ws/install/lifecycle_msgs/include/lifecycle_msgs/lifecycle_msgs/msg/detail
[1.139s] -- Up-to-date: /home/hiro/rust_ws/install/lifecycle_msgs/include/lifecycle_msgs/lifecycle_msgs/msg/detail/transition_event__struct.h
[1.139s] -- Up-to-date: /home/hiro/rust_ws/install/lifecycle_msgs/include/lifecycle_msgs/lifecycle_msgs/msg/detail/transition__functions.h
[1.140s] -- Up-to-date: /home/hiro/rust_ws/install/lifecycle_msgs/include/lifecycle_msgs/lifecycle_msgs/msg/detail/transition_event__functions.c
[1.141s] -- Up-to-date: /home/hiro/rust_ws/install/lifecycle_msgs/include/lifecycle_msgs/lifecycle_msgs/msg/detail/state__struct.h
[1.141s] -- Up-to-date: /home/hiro/rust_ws/install/lifecycle_msgs/include/lifecycle_msgs/lifecycle_msgs/msg/detail/transition__struct.h
[1.141s] -- Up-to-date: /home/hiro/rust_ws/install/lifecycle_msgs/include/lifecycle_msgs/lifecycle_msgs/msg/detail/transition_description__functions.h
[1.141s] -- Up-to-date: /home/hiro/rust_ws/install/lifecycle_msgs/include/lifecycle_msgs/lifecycle_msgs/msg/detail/state__functions.h
[1.141s] -- Up-to-date: /home/hiro/rust_ws/install/lifecycle_msgs/include/lifecycle_msgs/lifecycle_msgs/msg/detail/transition__functions.c
[1.142s] -- Up-to-date: /home/hiro/rust_ws/install/lifecycle_msgs/include/lifecycle_msgs/lifecycle_msgs/msg/detail/transition__type_support.h
[1.142s] -- Up-to-date: /home/hiro/rust_ws/install/lifecycle_msgs/include/lifecycle_msgs/lifecycle_msgs/msg/detail/state__type_support.h
[1.142s] -- Up-to-date: /home/hiro/rust_ws/install/lifecycle_msgs/include/lifecycle_msgs/lifecycle_msgs/msg/detail/state__functions.c
[1.143s] -- Up-to-date: /home/hiro/rust_ws/install/lifecycle_msgs/include/lifecycle_msgs/lifecycle_msgs/msg/detail/transition_description__functions.c
[1.143s] -- Up-to-date: /home/hiro/rust_ws/install/lifecycle_msgs/include/lifecycle_msgs/lifecycle_msgs/msg/detail/transition_event__functions.h
[1.143s] -- Up-to-date: /home/hiro/rust_ws/install/lifecycle_msgs/include/lifecycle_msgs/lifecycle_msgs/msg/detail/transition_description__struct.h
[1.143s] -- Up-to-date: /home/hiro/rust_ws/install/lifecycle_msgs/include/lifecycle_msgs/lifecycle_msgs/msg/detail/transition_event__type_support.h
[1.143s] -- Up-to-date: /home/hiro/rust_ws/install/lifecycle_msgs/include/lifecycle_msgs/lifecycle_msgs/msg/detail/transition_description__type_support.h
[1.143s] -- Up-to-date: /home/hiro/rust_ws/install/lifecycle_msgs/include/lifecycle_msgs/lifecycle_msgs/msg/transition.h
[1.143s] -- Up-to-date: /home/hiro/rust_ws/install/lifecycle_msgs/include/lifecycle_msgs/lifecycle_msgs/msg/transition_description.h
[1.144s] -- Up-to-date: /home/hiro/rust_ws/install/lifecycle_msgs/include/lifecycle_msgs/lifecycle_msgs/srv
[1.144s] -- Up-to-date: /home/hiro/rust_ws/install/lifecycle_msgs/include/lifecycle_msgs/lifecycle_msgs/srv/get_available_states.h
[1.144s] -- Up-to-date: /home/hiro/rust_ws/install/lifecycle_msgs/include/lifecycle_msgs/lifecycle_msgs/srv/get_available_transitions.h
[1.144s] -- Up-to-date: /home/hiro/rust_ws/install/lifecycle_msgs/include/lifecycle_msgs/lifecycle_msgs/srv/change_state.h
[1.144s] -- Up-to-date: /home/hiro/rust_ws/install/lifecycle_msgs/include/lifecycle_msgs/lifecycle_msgs/srv/detail
[1.145s] -- Up-to-date: /home/hiro/rust_ws/install/lifecycle_msgs/include/lifecycle_msgs/lifecycle_msgs/srv/detail/get_state__struct.h
[1.145s] -- Up-to-date: /home/hiro/rust_ws/install/lifecycle_msgs/include/lifecycle_msgs/lifecycle_msgs/srv/detail/change_state__struct.h
[1.145s] -- Up-to-date: /home/hiro/rust_ws/install/lifecycle_msgs/include/lifecycle_msgs/lifecycle_msgs/srv/detail/change_state__type_support.h
[1.145s] -- Up-to-date: /home/hiro/rust_ws/install/lifecycle_msgs/include/lifecycle_msgs/lifecycle_msgs/srv/detail/change_state__functions.h
[1.145s] -- Up-to-date: /home/hiro/rust_ws/install/lifecycle_msgs/include/lifecycle_msgs/lifecycle_msgs/srv/detail/get_state__functions.c
[1.145s] -- Up-to-date: /home/hiro/rust_ws/install/lifecycle_msgs/include/lifecycle_msgs/lifecycle_msgs/srv/detail/get_available_states__functions.c
[1.145s] -- Up-to-date: /home/hiro/rust_ws/install/lifecycle_msgs/include/lifecycle_msgs/lifecycle_msgs/srv/detail/get_available_states__struct.h
[1.146s] -- Up-to-date: /home/hiro/rust_ws/install/lifecycle_msgs/include/lifecycle_msgs/lifecycle_msgs/srv/detail/get_available_states__type_support.h
[1.147s] -- Up-to-date: /home/hiro/rust_ws/install/lifecycle_msgs/include/lifecycle_msgs/lifecycle_msgs/srv/detail/get_available_states__functions.h
[1.147s] -- Up-to-date: /home/hiro/rust_ws/install/lifecycle_msgs/include/lifecycle_msgs/lifecycle_msgs/srv/detail/get_state__functions.h
[1.147s] -- Up-to-date: /home/hiro/rust_ws/install/lifecycle_msgs/include/lifecycle_msgs/lifecycle_msgs/srv/detail/get_state__type_support.h
[1.148s] -- Up-to-date: /home/hiro/rust_ws/install/lifecycle_msgs/include/lifecycle_msgs/lifecycle_msgs/srv/detail/get_available_transitions__type_support.h
[1.148s] -- Up-to-date: /home/hiro/rust_ws/install/lifecycle_msgs/include/lifecycle_msgs/lifecycle_msgs/srv/detail/get_available_transitions__functions.h
[1.148s] -- Up-to-date: /home/hiro/rust_ws/install/lifecycle_msgs/include/lifecycle_msgs/lifecycle_msgs/srv/detail/change_state__functions.c
[1.148s] -- Up-to-date: /home/hiro/rust_ws/install/lifecycle_msgs/include/lifecycle_msgs/lifecycle_msgs/srv/detail/get_available_transitions__functions.c
[1.148s] -- Up-to-date: /home/hiro/rust_ws/install/lifecycle_msgs/include/lifecycle_msgs/lifecycle_msgs/srv/detail/get_available_transitions__struct.h
[1.149s] -- Up-to-date: /home/hiro/rust_ws/install/lifecycle_msgs/include/lifecycle_msgs/lifecycle_msgs/srv/get_state.h
[1.149s] -- Up-to-date: /home/hiro/rust_ws/install/lifecycle_msgs/share/lifecycle_msgs/environment/library_path.sh
[1.149s] -- Up-to-date: /home/hiro/rust_ws/install/lifecycle_msgs/share/lifecycle_msgs/environment/library_path.dsv
[1.150s] -- Up-to-date: /home/hiro/rust_ws/install/lifecycle_msgs/lib/liblifecycle_msgs__rosidl_generator_c.so
[1.150s] -- Up-to-date: /home/hiro/rust_ws/install/lifecycle_msgs/include/lifecycle_msgs/lifecycle_msgs
[1.150s] -- Up-to-date: /home/hiro/rust_ws/install/lifecycle_msgs/include/lifecycle_msgs/lifecycle_msgs/msg
[1.150s] -- Up-to-date: /home/hiro/rust_ws/install/lifecycle_msgs/include/lifecycle_msgs/lifecycle_msgs/msg/detail
[1.150s] -- Up-to-date: /home/hiro/rust_ws/install/lifecycle_msgs/include/lifecycle_msgs/lifecycle_msgs/msg/detail/transition_description__rosidl_typesupport_fastrtps_c.h
[1.151s] -- Up-to-date: /home/hiro/rust_ws/install/lifecycle_msgs/include/lifecycle_msgs/lifecycle_msgs/msg/detail/transition_event__rosidl_typesupport_fastrtps_c.h
[1.151s] -- Up-to-date: /home/hiro/rust_ws/install/lifecycle_msgs/include/lifecycle_msgs/lifecycle_msgs/msg/detail/state__rosidl_typesupport_fastrtps_c.h
[1.151s] -- Up-to-date: /home/hiro/rust_ws/install/lifecycle_msgs/include/lifecycle_msgs/lifecycle_msgs/msg/detail/transition__rosidl_typesupport_fastrtps_c.h
[1.152s] -- Up-to-date: /home/hiro/rust_ws/install/lifecycle_msgs/include/lifecycle_msgs/lifecycle_msgs/msg/rosidl_typesupport_fastrtps_c__visibility_control.h
[1.152s] -- Up-to-date: /home/hiro/rust_ws/install/lifecycle_msgs/include/lifecycle_msgs/lifecycle_msgs/srv
[1.152s] -- Up-to-date: /home/hiro/rust_ws/install/lifecycle_msgs/include/lifecycle_msgs/lifecycle_msgs/srv/detail
[1.152s] -- Up-to-date: /home/hiro/rust_ws/install/lifecycle_msgs/include/lifecycle_msgs/lifecycle_msgs/srv/detail/get_available_transitions__rosidl_typesupport_fastrtps_c.h
[1.152s] -- Up-to-date: /home/hiro/rust_ws/install/lifecycle_msgs/include/lifecycle_msgs/lifecycle_msgs/srv/detail/get_state__rosidl_typesupport_fastrtps_c.h
[1.152s] -- Up-to-date: /home/hiro/rust_ws/install/lifecycle_msgs/include/lifecycle_msgs/lifecycle_msgs/srv/detail/change_state__rosidl_typesupport_fastrtps_c.h
[1.153s] -- Up-to-date: /home/hiro/rust_ws/install/lifecycle_msgs/include/lifecycle_msgs/lifecycle_msgs/srv/detail/get_available_states__rosidl_typesupport_fastrtps_c.h
[1.153s] -- Up-to-date: /home/hiro/rust_ws/install/lifecycle_msgs/lib/liblifecycle_msgs__rosidl_typesupport_fastrtps_c.so
[1.153s] -- Up-to-date: /home/hiro/rust_ws/install/lifecycle_msgs/include/lifecycle_msgs/lifecycle_msgs
[1.154s] -- Up-to-date: /home/hiro/rust_ws/install/lifecycle_msgs/include/lifecycle_msgs/lifecycle_msgs/msg
[1.154s] -- Up-to-date: /home/hiro/rust_ws/install/lifecycle_msgs/include/lifecycle_msgs/lifecycle_msgs/msg/rosidl_typesupport_introspection_c__visibility_control.h
[1.154s] -- Up-to-date: /home/hiro/rust_ws/install/lifecycle_msgs/include/lifecycle_msgs/lifecycle_msgs/msg/detail
[1.154s] -- Up-to-date: /home/hiro/rust_ws/install/lifecycle_msgs/include/lifecycle_msgs/lifecycle_msgs/msg/detail/transition__rosidl_typesupport_introspection_c.h
[1.154s] -- Up-to-date: /home/hiro/rust_ws/install/lifecycle_msgs/include/lifecycle_msgs/lifecycle_msgs/msg/detail/state__type_support.c
[1.154s] -- Up-to-date: /home/hiro/rust_ws/install/lifecycle_msgs/include/lifecycle_msgs/lifecycle_msgs/msg/detail/transition_event__type_support.c
[1.155s] -- Up-to-date: /home/hiro/rust_ws/install/lifecycle_msgs/include/lifecycle_msgs/lifecycle_msgs/msg/detail/transition_description__type_support.c
[1.155s] -- Up-to-date: /home/hiro/rust_ws/install/lifecycle_msgs/include/lifecycle_msgs/lifecycle_msgs/msg/detail/transition_event__rosidl_typesupport_introspection_c.h
[1.155s] -- Up-to-date: /home/hiro/rust_ws/install/lifecycle_msgs/include/lifecycle_msgs/lifecycle_msgs/msg/detail/transition__type_support.c
[1.155s] -- Up-to-date: /home/hiro/rust_ws/install/lifecycle_msgs/include/lifecycle_msgs/lifecycle_msgs/msg/detail/transition_description__rosidl_typesupport_introspection_c.h
[1.156s] -- Up-to-date: /home/hiro/rust_ws/install/lifecycle_msgs/include/lifecycle_msgs/lifecycle_msgs/msg/detail/state__rosidl_typesupport_introspection_c.h
[1.156s] -- Up-to-date: /home/hiro/rust_ws/install/lifecycle_msgs/include/lifecycle_msgs/lifecycle_msgs/srv
[1.156s] -- Up-to-date: /home/hiro/rust_ws/install/lifecycle_msgs/include/lifecycle_msgs/lifecycle_msgs/srv/detail
[1.156s] -- Up-to-date: /home/hiro/rust_ws/install/lifecycle_msgs/include/lifecycle_msgs/lifecycle_msgs/srv/detail/get_available_transitions__rosidl_typesupport_introspection_c.h
[1.156s] -- Up-to-date: /home/hiro/rust_ws/install/lifecycle_msgs/include/lifecycle_msgs/lifecycle_msgs/srv/detail/get_available_states__rosidl_typesupport_introspection_c.h
[1.157s] -- Up-to-date: /home/hiro/rust_ws/install/lifecycle_msgs/include/lifecycle_msgs/lifecycle_msgs/srv/detail/get_available_transitions__type_support.c
[1.157s] -- Up-to-date: /home/hiro/rust_ws/install/lifecycle_msgs/include/lifecycle_msgs/lifecycle_msgs/srv/detail/change_state__rosidl_typesupport_introspection_c.h
[1.157s] -- Up-to-date: /home/hiro/rust_ws/install/lifecycle_msgs/include/lifecycle_msgs/lifecycle_msgs/srv/detail/get_available_states__type_support.c
[1.157s] -- Up-to-date: /home/hiro/rust_ws/install/lifecycle_msgs/include/lifecycle_msgs/lifecycle_msgs/srv/detail/get_state__type_support.c
[1.158s] -- Up-to-date: /home/hiro/rust_ws/install/lifecycle_msgs/include/lifecycle_msgs/lifecycle_msgs/srv/detail/change_state__type_support.c
[1.158s] -- Up-to-date: /home/hiro/rust_ws/install/lifecycle_msgs/include/lifecycle_msgs/lifecycle_msgs/srv/detail/get_state__rosidl_typesupport_introspection_c.h
[1.158s] -- Up-to-date: /home/hiro/rust_ws/install/lifecycle_msgs/lib/liblifecycle_msgs__rosidl_typesupport_introspection_c.so
[1.158s] -- Up-to-date: /home/hiro/rust_ws/install/lifecycle_msgs/lib/liblifecycle_msgs__rosidl_typesupport_c.so
[1.158s] -- Up-to-date: /home/hiro/rust_ws/install/lifecycle_msgs/include/lifecycle_msgs/lifecycle_msgs
[1.158s] -- Up-to-date: /home/hiro/rust_ws/install/lifecycle_msgs/include/lifecycle_msgs/lifecycle_msgs/msg
[1.159s] -- Up-to-date: /home/hiro/rust_ws/install/lifecycle_msgs/include/lifecycle_msgs/lifecycle_msgs/msg/state.hpp
[1.159s] -- Up-to-date: /home/hiro/rust_ws/install/lifecycle_msgs/include/lifecycle_msgs/lifecycle_msgs/msg/transition_description.hpp
[1.159s] -- Up-to-date: /home/hiro/rust_ws/install/lifecycle_msgs/include/lifecycle_msgs/lifecycle_msgs/msg/transition.hpp
[1.159s] -- Up-to-date: /home/hiro/rust_ws/install/lifecycle_msgs/include/lifecycle_msgs/lifecycle_msgs/msg/detail
[1.159s] -- Up-to-date: /home/hiro/rust_ws/install/lifecycle_msgs/include/lifecycle_msgs/lifecycle_msgs/msg/detail/transition_description__traits.hpp
[1.160s] -- Up-to-date: /home/hiro/rust_ws/install/lifecycle_msgs/include/lifecycle_msgs/lifecycle_msgs/msg/detail/transition_description__builder.hpp
[1.160s] -- Up-to-date: /home/hiro/rust_ws/install/lifecycle_msgs/include/lifecycle_msgs/lifecycle_msgs/msg/detail/state__traits.hpp
[1.160s] -- Up-to-date: /home/hiro/rust_ws/install/lifecycle_msgs/include/lifecycle_msgs/lifecycle_msgs/msg/detail/transition_event__struct.hpp
[1.160s] -- Up-to-date: /home/hiro/rust_ws/install/lifecycle_msgs/include/lifecycle_msgs/lifecycle_msgs/msg/detail/transition__struct.hpp
[1.160s] -- Up-to-date: /home/hiro/rust_ws/install/lifecycle_msgs/include/lifecycle_msgs/lifecycle_msgs/msg/detail/state__struct.hpp
[1.160s] -- Up-to-date: /home/hiro/rust_ws/install/lifecycle_msgs/include/lifecycle_msgs/lifecycle_msgs/msg/detail/transition_event__builder.hpp
[1.160s] -- Up-to-date: /home/hiro/rust_ws/install/lifecycle_msgs/include/lifecycle_msgs/lifecycle_msgs/msg/detail/transition__builder.hpp
[1.161s] -- Up-to-date: /home/hiro/rust_ws/install/lifecycle_msgs/include/lifecycle_msgs/lifecycle_msgs/msg/detail/transition__traits.hpp
[1.161s] -- Up-to-date: /home/hiro/rust_ws/install/lifecycle_msgs/include/lifecycle_msgs/lifecycle_msgs/msg/detail/transition_description__struct.hpp
[1.161s] -- Up-to-date: /home/hiro/rust_ws/install/lifecycle_msgs/include/lifecycle_msgs/lifecycle_msgs/msg/detail/state__builder.hpp
[1.161s] -- Up-to-date: /home/hiro/rust_ws/install/lifecycle_msgs/include/lifecycle_msgs/lifecycle_msgs/msg/detail/transition_event__traits.hpp
[1.161s] -- Up-to-date: /home/hiro/rust_ws/install/lifecycle_msgs/include/lifecycle_msgs/lifecycle_msgs/msg/transition_event.hpp
[1.161s] -- Up-to-date: /home/hiro/rust_ws/install/lifecycle_msgs/include/lifecycle_msgs/lifecycle_msgs/srv
[1.161s] -- Up-to-date: /home/hiro/rust_ws/install/lifecycle_msgs/include/lifecycle_msgs/lifecycle_msgs/srv/get_state.hpp
[1.162s] -- Up-to-date: /home/hiro/rust_ws/install/lifecycle_msgs/include/lifecycle_msgs/lifecycle_msgs/srv/detail
[1.162s] -- Up-to-date: /home/hiro/rust_ws/install/lifecycle_msgs/include/lifecycle_msgs/lifecycle_msgs/srv/detail/get_state__builder.hpp
[1.162s] -- Up-to-date: /home/hiro/rust_ws/install/lifecycle_msgs/include/lifecycle_msgs/lifecycle_msgs/srv/detail/get_state__struct.hpp
[1.162s] -- Up-to-date: /home/hiro/rust_ws/install/lifecycle_msgs/include/lifecycle_msgs/lifecycle_msgs/srv/detail/change_state__builder.hpp
[1.163s] -- Up-to-date: /home/hiro/rust_ws/install/lifecycle_msgs/include/lifecycle_msgs/lifecycle_msgs/srv/detail/change_state__struct.hpp
[1.163s] -- Up-to-date: /home/hiro/rust_ws/install/lifecycle_msgs/include/lifecycle_msgs/lifecycle_msgs/srv/detail/get_available_transitions__traits.hpp
[1.163s] -- Up-to-date: /home/hiro/rust_ws/install/lifecycle_msgs/include/lifecycle_msgs/lifecycle_msgs/srv/detail/get_available_transitions__struct.hpp
[1.165s] -- Up-to-date: /home/hiro/rust_ws/install/lifecycle_msgs/include/lifecycle_msgs/lifecycle_msgs/srv/detail/change_state__traits.hpp
[1.165s] -- Up-to-date: /home/hiro/rust_ws/install/lifecycle_msgs/include/lifecycle_msgs/lifecycle_msgs/srv/detail/get_state__traits.hpp
[1.166s] -- Up-to-date: /home/hiro/rust_ws/install/lifecycle_msgs/include/lifecycle_msgs/lifecycle_msgs/srv/detail/get_available_states__traits.hpp
[1.166s] -- Up-to-date: /home/hiro/rust_ws/install/lifecycle_msgs/include/lifecycle_msgs/lifecycle_msgs/srv/detail/get_available_states__builder.hpp
[1.167s] -- Up-to-date: /home/hiro/rust_ws/install/lifecycle_msgs/include/lifecycle_msgs/lifecycle_msgs/srv/detail/get_available_states__struct.hpp
[1.167s] -- Up-to-date: /home/hiro/rust_ws/install/lifecycle_msgs/include/lifecycle_msgs/lifecycle_msgs/srv/detail/get_available_transitions__builder.hpp
[1.167s] -- Up-to-date: /home/hiro/rust_ws/install/lifecycle_msgs/include/lifecycle_msgs/lifecycle_msgs/srv/change_state.hpp
[1.168s] -- Up-to-date: /home/hiro/rust_ws/install/lifecycle_msgs/include/lifecycle_msgs/lifecycle_msgs/srv/get_available_transitions.hpp
[1.168s] -- Up-to-date: /home/hiro/rust_ws/install/lifecycle_msgs/include/lifecycle_msgs/lifecycle_msgs/srv/get_available_states.hpp
[1.168s] -- Up-to-date: /home/hiro/rust_ws/install/lifecycle_msgs/include/lifecycle_msgs/lifecycle_msgs
[1.168s] -- Up-to-date: /home/hiro/rust_ws/install/lifecycle_msgs/include/lifecycle_msgs/lifecycle_msgs/msg
[1.168s] -- Up-to-date: /home/hiro/rust_ws/install/lifecycle_msgs/include/lifecycle_msgs/lifecycle_msgs/msg/rosidl_typesupport_fastrtps_cpp__visibility_control.h
[1.168s] -- Up-to-date: /home/hiro/rust_ws/install/lifecycle_msgs/include/lifecycle_msgs/lifecycle_msgs/msg/detail
[1.169s] -- Up-to-date: /home/hiro/rust_ws/install/lifecycle_msgs/include/lifecycle_msgs/lifecycle_msgs/msg/detail/dds_fastrtps
[1.169s] -- Up-to-date: /home/hiro/rust_ws/install/lifecycle_msgs/include/lifecycle_msgs/lifecycle_msgs/msg/detail/state__rosidl_typesupport_fastrtps_cpp.hpp
[1.169s] -- Up-to-date: /home/hiro/rust_ws/install/lifecycle_msgs/include/lifecycle_msgs/lifecycle_msgs/msg/detail/transition_description__rosidl_typesupport_fastrtps_cpp.hpp
[1.169s] -- Up-to-date: /home/hiro/rust_ws/install/lifecycle_msgs/include/lifecycle_msgs/lifecycle_msgs/msg/detail/transition_event__rosidl_typesupport_fastrtps_cpp.hpp
[1.169s] -- Up-to-date: /home/hiro/rust_ws/install/lifecycle_msgs/include/lifecycle_msgs/lifecycle_msgs/msg/detail/transition__rosidl_typesupport_fastrtps_cpp.hpp
[1.170s] -- Up-to-date: /home/hiro/rust_ws/install/lifecycle_msgs/include/lifecycle_msgs/lifecycle_msgs/srv
[1.170s] -- Up-to-date: /home/hiro/rust_ws/install/lifecycle_msgs/include/lifecycle_msgs/lifecycle_msgs/srv/detail
[1.170s] -- Up-to-date: /home/hiro/rust_ws/install/lifecycle_msgs/include/lifecycle_msgs/lifecycle_msgs/srv/detail/dds_fastrtps
[1.171s] -- Up-to-date: /home/hiro/rust_ws/install/lifecycle_msgs/include/lifecycle_msgs/lifecycle_msgs/srv/detail/change_state__rosidl_typesupport_fastrtps_cpp.hpp
[1.171s] -- Up-to-date: /home/hiro/rust_ws/install/lifecycle_msgs/include/lifecycle_msgs/lifecycle_msgs/srv/detail/get_available_states__rosidl_typesupport_fastrtps_cpp.hpp
[1.171s] -- Up-to-date: /home/hiro/rust_ws/install/lifecycle_msgs/include/lifecycle_msgs/lifecycle_msgs/srv/detail/get_available_transitions__rosidl_typesupport_fastrtps_cpp.hpp
[1.171s] -- Up-to-date: /home/hiro/rust_ws/install/lifecycle_msgs/include/lifecycle_msgs/lifecycle_msgs/srv/detail/get_state__rosidl_typesupport_fastrtps_cpp.hpp
[1.172s] -- Up-to-date: /home/hiro/rust_ws/install/lifecycle_msgs/lib/liblifecycle_msgs__rosidl_typesupport_fastrtps_cpp.so
[1.172s] -- Up-to-date: /home/hiro/rust_ws/install/lifecycle_msgs/include/lifecycle_msgs/lifecycle_msgs
[1.172s] -- Up-to-date: /home/hiro/rust_ws/install/lifecycle_msgs/include/lifecycle_msgs/lifecycle_msgs/msg
[1.172s] -- Up-to-date: /home/hiro/rust_ws/install/lifecycle_msgs/include/lifecycle_msgs/lifecycle_msgs/msg/detail
[1.172s] -- Up-to-date: /home/hiro/rust_ws/install/lifecycle_msgs/include/lifecycle_msgs/lifecycle_msgs/msg/detail/state__rosidl_typesupport_introspection_cpp.hpp
[1.172s] -- Up-to-date: /home/hiro/rust_ws/install/lifecycle_msgs/include/lifecycle_msgs/lifecycle_msgs/msg/detail/transition__rosidl_typesupport_introspection_cpp.hpp
[1.173s] -- Up-to-date: /home/hiro/rust_ws/install/lifecycle_msgs/include/lifecycle_msgs/lifecycle_msgs/msg/detail/transition_event__type_support.cpp
[1.173s] -- Up-to-date: /home/hiro/rust_ws/install/lifecycle_msgs/include/lifecycle_msgs/lifecycle_msgs/msg/detail/state__type_support.cpp
[1.173s] -- Up-to-date: /home/hiro/rust_ws/install/lifecycle_msgs/include/lifecycle_msgs/lifecycle_msgs/msg/detail/transition_description__type_support.cpp
[1.173s] -- Up-to-date: /home/hiro/rust_ws/install/lifecycle_msgs/include/lifecycle_msgs/lifecycle_msgs/msg/detail/transition__type_support.cpp
[1.173s] -- Up-to-date: /home/hiro/rust_ws/install/lifecycle_msgs/include/lifecycle_msgs/lifecycle_msgs/msg/detail/transition_description__rosidl_typesupport_introspection_cpp.hpp
[1.173s] -- Up-to-date: /home/hiro/rust_ws/install/lifecycle_msgs/include/lifecycle_msgs/lifecycle_msgs/msg/detail/transition_event__rosidl_typesupport_introspection_cpp.hpp
[1.174s] -- Up-to-date: /home/hiro/rust_ws/install/lifecycle_msgs/include/lifecycle_msgs/lifecycle_msgs/srv
[1.174s] -- Up-to-date: /home/hiro/rust_ws/install/lifecycle_msgs/include/lifecycle_msgs/lifecycle_msgs/srv/detail
[1.174s] -- Up-to-date: /home/hiro/rust_ws/install/lifecycle_msgs/include/lifecycle_msgs/lifecycle_msgs/srv/detail/change_state__rosidl_typesupport_introspection_cpp.hpp
[1.174s] -- Up-to-date: /home/hiro/rust_ws/install/lifecycle_msgs/include/lifecycle_msgs/lifecycle_msgs/srv/detail/get_available_states__rosidl_typesupport_introspection_cpp.hpp
[1.174s] -- Up-to-date: /home/hiro/rust_ws/install/lifecycle_msgs/include/lifecycle_msgs/lifecycle_msgs/srv/detail/get_state__rosidl_typesupport_introspection_cpp.hpp
[1.174s] -- Up-to-date: /home/hiro/rust_ws/install/lifecycle_msgs/include/lifecycle_msgs/lifecycle_msgs/srv/detail/get_available_transitions__rosidl_typesupport_introspection_cpp.hpp
[1.175s] -- Up-to-date: /home/hiro/rust_ws/install/lifecycle_msgs/include/lifecycle_msgs/lifecycle_msgs/srv/detail/get_available_transitions__type_support.cpp
[1.175s] -- Up-to-date: /home/hiro/rust_ws/install/lifecycle_msgs/include/lifecycle_msgs/lifecycle_msgs/srv/detail/change_state__type_support.cpp
[1.175s] -- Up-to-date: /home/hiro/rust_ws/install/lifecycle_msgs/include/lifecycle_msgs/lifecycle_msgs/srv/detail/get_state__type_support.cpp
[1.175s] -- Up-to-date: /home/hiro/rust_ws/install/lifecycle_msgs/include/lifecycle_msgs/lifecycle_msgs/srv/detail/get_available_states__type_support.cpp
[1.175s] -- Up-to-date: /home/hiro/rust_ws/install/lifecycle_msgs/lib/liblifecycle_msgs__rosidl_typesupport_introspection_cpp.so
[1.176s] -- Up-to-date: /home/hiro/rust_ws/install/lifecycle_msgs/lib/liblifecycle_msgs__rosidl_typesupport_cpp.so
[1.176s] -- Up-to-date: /home/hiro/rust_ws/install/lifecycle_msgs/share/ament_index/resource_index/rust_packages/lifecycle_msgs
[1.176s] -- Up-to-date: /home/hiro/rust_ws/install/lifecycle_msgs/share/lifecycle_msgs/rust
[1.177s] -- Up-to-date: /home/hiro/rust_ws/install/lifecycle_msgs/share/lifecycle_msgs/rust/Cargo.toml
[1.177s] -- Up-to-date: /home/hiro/rust_ws/install/lifecycle_msgs/share/lifecycle_msgs/rust/build.rs
[1.177s] -- Up-to-date: /home/hiro/rust_ws/install/lifecycle_msgs/share/lifecycle_msgs/rust/src
[1.177s] -- Up-to-date: /home/hiro/rust_ws/install/lifecycle_msgs/share/lifecycle_msgs/rust/src/msg.rs
[1.177s] -- Up-to-date: /home/hiro/rust_ws/install/lifecycle_msgs/share/lifecycle_msgs/rust/src/srv.rs
[1.178s] -- Up-to-date: /home/hiro/rust_ws/install/lifecycle_msgs/share/lifecycle_msgs/rust/src/lib.rs
[1.178s] -- Up-to-date: /home/hiro/rust_ws/install/lifecycle_msgs/share/lifecycle_msgs/environment/pythonpath.sh
[1.178s] -- Up-to-date: /home/hiro/rust_ws/install/lifecycle_msgs/share/lifecycle_msgs/environment/pythonpath.dsv
[1.178s] -- Up-to-date: /home/hiro/rust_ws/install/lifecycle_msgs/local/lib/python3.10/dist-packages/lifecycle_msgs-1.2.1-py3.10.egg-info
[1.178s] -- Installing: /home/hiro/rust_ws/install/lifecycle_msgs/local/lib/python3.10/dist-packages/lifecycle_msgs-1.2.1-py3.10.egg-info/top_level.txt
[1.179s] -- Installing: /home/hiro/rust_ws/install/lifecycle_msgs/local/lib/python3.10/dist-packages/lifecycle_msgs-1.2.1-py3.10.egg-info/PKG-INFO
[1.179s] -- Installing: /home/hiro/rust_ws/install/lifecycle_msgs/local/lib/python3.10/dist-packages/lifecycle_msgs-1.2.1-py3.10.egg-info/SOURCES.txt
[1.179s] -- Installing: /home/hiro/rust_ws/install/lifecycle_msgs/local/lib/python3.10/dist-packages/lifecycle_msgs-1.2.1-py3.10.egg-info/dependency_links.txt
[1.179s] -- Up-to-date: /home/hiro/rust_ws/install/lifecycle_msgs/local/lib/python3.10/dist-packages/lifecycle_msgs
[1.180s] -- Up-to-date: /home/hiro/rust_ws/install/lifecycle_msgs/local/lib/python3.10/dist-packages/lifecycle_msgs/_lifecycle_msgs_s.ep.rosidl_typesupport_fastrtps_c.c
[1.180s] -- Up-to-date: /home/hiro/rust_ws/install/lifecycle_msgs/local/lib/python3.10/dist-packages/lifecycle_msgs/lifecycle_msgs_s__rosidl_typesupport_introspection_c.cpython-310-x86_64-linux-gnu.so
[1.180s] -- Up-to-date: /home/hiro/rust_ws/install/lifecycle_msgs/local/lib/python3.10/dist-packages/lifecycle_msgs/lifecycle_msgs_s__rosidl_typesupport_fastrtps_c.cpython-310-x86_64-linux-gnu.so
[1.180s] -- Up-to-date: /home/hiro/rust_ws/install/lifecycle_msgs/local/lib/python3.10/dist-packages/lifecycle_msgs/__init__.py
[1.180s] -- Up-to-date: /home/hiro/rust_ws/install/lifecycle_msgs/local/lib/python3.10/dist-packages/lifecycle_msgs/_lifecycle_msgs_s.ep.rosidl_typesupport_c.c
[1.180s] -- Up-to-date: /home/hiro/rust_ws/install/lifecycle_msgs/local/lib/python3.10/dist-packages/lifecycle_msgs/_lifecycle_msgs_s.ep.rosidl_typesupport_introspection_c.c
[1.181s] -- Up-to-date: /home/hiro/rust_ws/install/lifecycle_msgs/local/lib/python3.10/dist-packages/lifecycle_msgs/msg
[1.181s] -- Up-to-date: /home/hiro/rust_ws/install/lifecycle_msgs/local/lib/python3.10/dist-packages/lifecycle_msgs/msg/_transition_description.py
[1.181s] -- Up-to-date: /home/hiro/rust_ws/install/lifecycle_msgs/local/lib/python3.10/dist-packages/lifecycle_msgs/msg/_state.py
[1.181s] -- Up-to-date: /home/hiro/rust_ws/install/lifecycle_msgs/local/lib/python3.10/dist-packages/lifecycle_msgs/msg/_transition_event.py
[1.181s] -- Up-to-date: /home/hiro/rust_ws/install/lifecycle_msgs/local/lib/python3.10/dist-packages/lifecycle_msgs/msg/_transition.py
[1.181s] -- Up-to-date: /home/hiro/rust_ws/install/lifecycle_msgs/local/lib/python3.10/dist-packages/lifecycle_msgs/msg/_transition_event_s.c
[1.182s] -- Up-to-date: /home/hiro/rust_ws/install/lifecycle_msgs/local/lib/python3.10/dist-packages/lifecycle_msgs/msg/_transition_s.c
[1.182s] -- Up-to-date: /home/hiro/rust_ws/install/lifecycle_msgs/local/lib/python3.10/dist-packages/lifecycle_msgs/msg/__init__.py
[1.182s] -- Up-to-date: /home/hiro/rust_ws/install/lifecycle_msgs/local/lib/python3.10/dist-packages/lifecycle_msgs/msg/_state_s.c
[1.182s] -- Up-to-date: /home/hiro/rust_ws/install/lifecycle_msgs/local/lib/python3.10/dist-packages/lifecycle_msgs/msg/_transition_description_s.c
[1.182s] -- Up-to-date: /home/hiro/rust_ws/install/lifecycle_msgs/local/lib/python3.10/dist-packages/lifecycle_msgs/srv
[1.182s] -- Up-to-date: /home/hiro/rust_ws/install/lifecycle_msgs/local/lib/python3.10/dist-packages/lifecycle_msgs/srv/_change_state_s.c
[1.183s] -- Up-to-date: /home/hiro/rust_ws/install/lifecycle_msgs/local/lib/python3.10/dist-packages/lifecycle_msgs/srv/_get_available_transitions.py
[1.183s] -- Up-to-date: /home/hiro/rust_ws/install/lifecycle_msgs/local/lib/python3.10/dist-packages/lifecycle_msgs/srv/_get_state_s.c
[1.183s] -- Up-to-date: /home/hiro/rust_ws/install/lifecycle_msgs/local/lib/python3.10/dist-packages/lifecycle_msgs/srv/_get_state.py
[1.183s] -- Up-to-date: /home/hiro/rust_ws/install/lifecycle_msgs/local/lib/python3.10/dist-packages/lifecycle_msgs/srv/_get_available_states_s.c
[1.183s] -- Up-to-date: /home/hiro/rust_ws/install/lifecycle_msgs/local/lib/python3.10/dist-packages/lifecycle_msgs/srv/_get_available_transitions_s.c
[1.184s] -- Up-to-date: /home/hiro/rust_ws/install/lifecycle_msgs/local/lib/python3.10/dist-packages/lifecycle_msgs/srv/_change_state.py
[1.184s] -- Up-to-date: /home/hiro/rust_ws/install/lifecycle_msgs/local/lib/python3.10/dist-packages/lifecycle_msgs/srv/__init__.py
[1.184s] -- Up-to-date: /home/hiro/rust_ws/install/lifecycle_msgs/local/lib/python3.10/dist-packages/lifecycle_msgs/srv/_get_available_states.py
[1.184s] -- Up-to-date: /home/hiro/rust_ws/install/lifecycle_msgs/local/lib/python3.10/dist-packages/lifecycle_msgs/liblifecycle_msgs__rosidl_generator_py.so
[1.184s] -- Up-to-date: /home/hiro/rust_ws/install/lifecycle_msgs/local/lib/python3.10/dist-packages/lifecycle_msgs/lifecycle_msgs_s__rosidl_typesupport_c.cpython-310-x86_64-linux-gnu.so
[1.191s] Listing '/home/hiro/rust_ws/install/lifecycle_msgs/local/lib/python3.10/dist-packages/lifecycle_msgs'...
[1.191s] Listing '/home/hiro/rust_ws/install/lifecycle_msgs/local/lib/python3.10/dist-packages/lifecycle_msgs/msg'...
[1.191s] Listing '/home/hiro/rust_ws/install/lifecycle_msgs/local/lib/python3.10/dist-packages/lifecycle_msgs/srv'...
[1.196s] -- Up-to-date: /home/hiro/rust_ws/install/lifecycle_msgs/local/lib/python3.10/dist-packages/lifecycle_msgs/lifecycle_msgs_s__rosidl_typesupport_fastrtps_c.cpython-310-x86_64-linux-gnu.so
[1.196s] -- Up-to-date: /home/hiro/rust_ws/install/lifecycle_msgs/local/lib/python3.10/dist-packages/lifecycle_msgs/lifecycle_msgs_s__rosidl_typesupport_introspection_c.cpython-310-x86_64-linux-gnu.so
[1.196s] -- Up-to-date: /home/hiro/rust_ws/install/lifecycle_msgs/local/lib/python3.10/dist-packages/lifecycle_msgs/lifecycle_msgs_s__rosidl_typesupport_c.cpython-310-x86_64-linux-gnu.so
[1.196s] -- Up-to-date: /home/hiro/rust_ws/install/lifecycle_msgs/lib/liblifecycle_msgs__rosidl_generator_py.so
[1.197s] -- Up-to-date: /home/hiro/rust_ws/install/lifecycle_msgs/share/lifecycle_msgs/msg/State.idl
[1.197s] -- Up-to-date: /home/hiro/rust_ws/install/lifecycle_msgs/share/lifecycle_msgs/msg/Transition.idl
[1.197s] -- Up-to-date: /home/hiro/rust_ws/install/lifecycle_msgs/share/lifecycle_msgs/msg/TransitionDescription.idl
[1.198s] -- Up-to-date: /home/hiro/rust_ws/install/lifecycle_msgs/share/lifecycle_msgs/msg/TransitionEvent.idl
[1.198s] -- Up-to-date: /home/hiro/rust_ws/install/lifecycle_msgs/share/lifecycle_msgs/srv/ChangeState.idl
[1.198s] -- Up-to-date: /home/hiro/rust_ws/install/lifecycle_msgs/share/lifecycle_msgs/srv/GetAvailableStates.idl
[1.198s] -- Up-to-date: /home/hiro/rust_ws/install/lifecycle_msgs/share/lifecycle_msgs/srv/GetAvailableTransitions.idl
[1.200s] -- Up-to-date: /home/hiro/rust_ws/install/lifecycle_msgs/share/lifecycle_msgs/srv/GetState.idl
[1.202s] -- Up-to-date: /home/hiro/rust_ws/install/lifecycle_msgs/share/lifecycle_msgs/msg/State.msg
[1.202s] -- Up-to-date: /home/hiro/rust_ws/install/lifecycle_msgs/share/lifecycle_msgs/msg/Transition.msg
[1.202s] -- Up-to-date: /home/hiro/rust_ws/install/lifecycle_msgs/share/lifecycle_msgs/msg/TransitionDescription.msg
[1.202s] -- Up-to-date: /home/hiro/rust_ws/install/lifecycle_msgs/share/lifecycle_msgs/msg/TransitionEvent.msg
[1.203s] -- Up-to-date: /home/hiro/rust_ws/install/lifecycle_msgs/share/lifecycle_msgs/srv/ChangeState.srv
[1.203s] -- Up-to-date: /home/hiro/rust_ws/install/lifecycle_msgs/share/lifecycle_msgs/srv/ChangeState_Request.msg
[1.203s] -- Up-to-date: /home/hiro/rust_ws/install/lifecycle_msgs/share/lifecycle_msgs/srv/ChangeState_Response.msg
[1.203s] -- Up-to-date: /home/hiro/rust_ws/install/lifecycle_msgs/share/lifecycle_msgs/srv/GetAvailableStates.srv
[1.204s] -- Up-to-date: /home/hiro/rust_ws/install/lifecycle_msgs/share/lifecycle_msgs/srv/GetAvailableStates_Request.msg
[1.205s] -- Up-to-date: /home/hiro/rust_ws/install/lifecycle_msgs/share/lifecycle_msgs/srv/GetAvailableStates_Response.msg
[1.205s] -- Up-to-date: /home/hiro/rust_ws/install/lifecycle_msgs/share/lifecycle_msgs/srv/GetAvailableTransitions.srv
[1.205s] -- Up-to-date: /home/hiro/rust_ws/install/lifecycle_msgs/share/lifecycle_msgs/srv/GetAvailableTransitions_Request.msg
[1.206s] -- Up-to-date: /home/hiro/rust_ws/install/lifecycle_msgs/share/lifecycle_msgs/srv/GetAvailableTransitions_Response.msg
[1.206s] -- Up-to-date: /home/hiro/rust_ws/install/lifecycle_msgs/share/lifecycle_msgs/srv/GetState.srv
[1.206s] -- Up-to-date: /home/hiro/rust_ws/install/lifecycle_msgs/share/lifecycle_msgs/srv/GetState_Request.msg
[1.206s] -- Up-to-date: /home/hiro/rust_ws/install/lifecycle_msgs/share/lifecycle_msgs/srv/GetState_Response.msg
[1.206s] -- Up-to-date: /home/hiro/rust_ws/install/lifecycle_msgs/share/ament_index/resource_index/package_run_dependencies/lifecycle_msgs
[1.206s] -- Up-to-date: /home/hiro/rust_ws/install/lifecycle_msgs/share/ament_index/resource_index/parent_prefix_path/lifecycle_msgs
[1.207s] -- Up-to-date: /home/hiro/rust_ws/install/lifecycle_msgs/share/lifecycle_msgs/environment/ament_prefix_path.sh
[1.207s] -- Up-to-date: /home/hiro/rust_ws/install/lifecycle_msgs/share/lifecycle_msgs/environment/ament_prefix_path.dsv
[1.207s] -- Up-to-date: /home/hiro/rust_ws/install/lifecycle_msgs/share/lifecycle_msgs/environment/path.sh
[1.207s] -- Up-to-date: /home/hiro/rust_ws/install/lifecycle_msgs/share/lifecycle_msgs/environment/path.dsv
[1.207s] -- Up-to-date: /home/hiro/rust_ws/install/lifecycle_msgs/share/lifecycle_msgs/local_setup.bash
[1.207s] -- Up-to-date: /home/hiro/rust_ws/install/lifecycle_msgs/share/lifecycle_msgs/local_setup.sh
[1.207s] -- Up-to-date: /home/hiro/rust_ws/install/lifecycle_msgs/share/lifecycle_msgs/local_setup.zsh
[1.207s] -- Up-to-date: /home/hiro/rust_ws/install/lifecycle_msgs/share/lifecycle_msgs/local_setup.dsv
[1.208s] -- Installing: /home/hiro/rust_ws/install/lifecycle_msgs/share/lifecycle_msgs/package.dsv
[1.208s] -- Up-to-date: /home/hiro/rust_ws/install/lifecycle_msgs/share/ament_index/resource_index/packages/lifecycle_msgs
[1.208s] -- Up-to-date: /home/hiro/rust_ws/install/lifecycle_msgs/share/lifecycle_msgs/cmake/export_lifecycle_msgs__rosidl_generator_cExport.cmake
[1.208s] -- Up-to-date: /home/hiro/rust_ws/install/lifecycle_msgs/share/lifecycle_msgs/cmake/export_lifecycle_msgs__rosidl_generator_cExport-noconfig.cmake
[1.209s] -- Up-to-date: /home/hiro/rust_ws/install/lifecycle_msgs/share/lifecycle_msgs/cmake/export_lifecycle_msgs__rosidl_typesupport_fastrtps_cExport.cmake
[1.210s] -- Up-to-date: /home/hiro/rust_ws/install/lifecycle_msgs/share/lifecycle_msgs/cmake/export_lifecycle_msgs__rosidl_typesupport_fastrtps_cExport-noconfig.cmake
[1.210s] -- Up-to-date: /home/hiro/rust_ws/install/lifecycle_msgs/share/lifecycle_msgs/cmake/lifecycle_msgs__rosidl_typesupport_introspection_cExport.cmake
[1.210s] -- Up-to-date: /home/hiro/rust_ws/install/lifecycle_msgs/share/lifecycle_msgs/cmake/lifecycle_msgs__rosidl_typesupport_introspection_cExport-noconfig.cmake
[1.210s] -- Up-to-date: /home/hiro/rust_ws/install/lifecycle_msgs/share/lifecycle_msgs/cmake/lifecycle_msgs__rosidl_typesupport_cExport.cmake
[1.211s] -- Up-to-date: /home/hiro/rust_ws/install/lifecycle_msgs/share/lifecycle_msgs/cmake/lifecycle_msgs__rosidl_typesupport_cExport-noconfig.cmake
[1.211s] -- Up-to-date: /home/hiro/rust_ws/install/lifecycle_msgs/share/lifecycle_msgs/cmake/export_lifecycle_msgs__rosidl_generator_cppExport.cmake
[1.211s] -- Up-to-date: /home/hiro/rust_ws/install/lifecycle_msgs/share/lifecycle_msgs/cmake/export_lifecycle_msgs__rosidl_typesupport_fastrtps_cppExport.cmake
[1.211s] -- Up-to-date: /home/hiro/rust_ws/install/lifecycle_msgs/share/lifecycle_msgs/cmake/export_lifecycle_msgs__rosidl_typesupport_fastrtps_cppExport-noconfig.cmake
[1.211s] -- Up-to-date: /home/hiro/rust_ws/install/lifecycle_msgs/share/lifecycle_msgs/cmake/lifecycle_msgs__rosidl_typesupport_introspection_cppExport.cmake
[1.211s] -- Up-to-date: /home/hiro/rust_ws/install/lifecycle_msgs/share/lifecycle_msgs/cmake/lifecycle_msgs__rosidl_typesupport_introspection_cppExport-noconfig.cmake
[1.211s] -- Up-to-date: /home/hiro/rust_ws/install/lifecycle_msgs/share/lifecycle_msgs/cmake/lifecycle_msgs__rosidl_typesupport_cppExport.cmake
[1.212s] -- Up-to-date: /home/hiro/rust_ws/install/lifecycle_msgs/share/lifecycle_msgs/cmake/lifecycle_msgs__rosidl_typesupport_cppExport-noconfig.cmake
[1.212s] -- Up-to-date: /home/hiro/rust_ws/install/lifecycle_msgs/share/lifecycle_msgs/cmake/export_lifecycle_msgs__rosidl_generator_pyExport.cmake
[1.212s] -- Up-to-date: /home/hiro/rust_ws/install/lifecycle_msgs/share/lifecycle_msgs/cmake/export_lifecycle_msgs__rosidl_generator_pyExport-noconfig.cmake
[1.212s] -- Up-to-date: /home/hiro/rust_ws/install/lifecycle_msgs/share/lifecycle_msgs/cmake/rosidl_cmake-extras.cmake
[1.213s] -- Up-to-date: /home/hiro/rust_ws/install/lifecycle_msgs/share/lifecycle_msgs/cmake/ament_cmake_export_include_directories-extras.cmake
[1.213s] -- Up-to-date: /home/hiro/rust_ws/install/lifecycle_msgs/share/lifecycle_msgs/cmake/ament_cmake_export_libraries-extras.cmake
[1.213s] -- Up-to-date: /home/hiro/rust_ws/install/lifecycle_msgs/share/lifecycle_msgs/cmake/ament_cmake_export_targets-extras.cmake
[1.213s] -- Up-to-date: /home/hiro/rust_ws/install/lifecycle_msgs/share/lifecycle_msgs/cmake/rosidl_cmake_export_typesupport_targets-extras.cmake
[1.213s] -- Up-to-date: /home/hiro/rust_ws/install/lifecycle_msgs/share/lifecycle_msgs/cmake/ament_cmake_export_dependencies-extras.cmake
[1.214s] -- Up-to-date: /home/hiro/rust_ws/install/lifecycle_msgs/share/lifecycle_msgs/cmake/rosidl_cmake_export_typesupport_libraries-extras.cmake
[1.214s] -- Up-to-date: /home/hiro/rust_ws/install/lifecycle_msgs/share/lifecycle_msgs/cmake/lifecycle_msgsConfig.cmake
[1.215s] -- Up-to-date: /home/hiro/rust_ws/install/lifecycle_msgs/share/lifecycle_msgs/cmake/lifecycle_msgsConfig-version.cmake
[1.215s] -- Up-to-date: /home/hiro/rust_ws/install/lifecycle_msgs/share/lifecycle_msgs/package.xml
[1.261s] Invoked command in '/home/hiro/rust_ws/build/lifecycle_msgs' returned '0': AMENT_PREFIX_PATH=/home/hiro/rust_ws/install/rosidl_runtime_rs:/home/hiro/rust_ws/install/common_interfaces:/home/hiro/rust_ws/install/visualization_msgs:/home/hiro/rust_ws/install/test_msgs:/home/hiro/rust_ws/install/examples_rclrs_minimal_client_service:/home/hiro/rust_ws/install/example_interfaces:/home/hiro/rust_ws/install/action_msgs:/home/hiro/rust_ws/install/unique_identifier_msgs:/home/hiro/rust_ws/install/trajectory_msgs:/home/hiro/rust_ws/install/test_interface_files:/home/hiro/rust_ws/install/stereo_msgs:/home/hiro/rust_ws/install/std_srvs:/home/hiro/rust_ws/install/shape_msgs:/home/hiro/rust_ws/install/sensor_msgs_py:/home/hiro/rust_ws/install/sensor_msgs:/home/hiro/rust_ws/install/rust_pubsub:/home/hiro/rust_ws/install/nav_msgs:/home/hiro/rust_ws/install/diagnostic_msgs:/home/hiro/rust_ws/install/geometry_msgs:/home/hiro/rust_ws/install/examples_rclrs_minimal_pub_sub:/home/hiro/rust_ws/install/actionlib_msgs:/home/hiro/rust_ws/install/std_msgs:/home/hiro/rust_ws/install/statistics_msgs:/home/hiro/rust_ws/install/examples_rclrs_message_demo:/home/hiro/rust_ws/install/rclrs:/home/hiro/rust_ws/install/rosgraph_msgs:/home/hiro/rust_ws/install/rclrs_example_msgs:/home/hiro/rust_ws/install/composition_interfaces:/home/hiro/rust_ws/install/rcl_interfaces:/home/hiro/rust_ws/install/lifecycle_msgs:/home/hiro/rust_ws/install/builtin_interfaces:/home/hiro/rust_ws/install/rosidl_default_runtime:/home/hiro/rust_ws/install/rosidl_default_generators:/home/hiro/rust_ws/install/rosidl_generator_rs:/home/hiro/ws_livox/install/livox_ros_driver2:/opt/ros/humble CMAKE_PREFIX_PATH=/home/hiro/rust_ws/install/rosidl_default_runtime:/home/hiro/rust_ws/install/rosidl_default_generators:/home/hiro/rust_ws/install/rosidl_generator_rs:/home/hiro/rust_ws/install/common_interfaces:/home/hiro/rust_ws/install/visualization_msgs:/home/hiro/rust_ws/install/test_msgs:/home/hiro/rust_ws/install/example_interfaces:/home/hiro/rust_ws/install/action_msgs:/home/hiro/rust_ws/install/unique_identifier_msgs:/home/hiro/rust_ws/install/trajectory_msgs:/home/hiro/rust_ws/install/test_interface_files:/home/hiro/rust_ws/install/stereo_msgs:/home/hiro/rust_ws/install/std_srvs:/home/hiro/rust_ws/install/shape_msgs:/home/hiro/rust_ws/install/sensor_msgs:/home/hiro/rust_ws/install/nav_msgs:/home/hiro/rust_ws/install/diagnostic_msgs:/home/hiro/rust_ws/install/geometry_msgs:/home/hiro/rust_ws/install/actionlib_msgs:/home/hiro/rust_ws/install/std_msgs:/home/hiro/rust_ws/install/statistics_msgs:/home/hiro/rust_ws/install/rosgraph_msgs:/home/hiro/rust_ws/install/rclrs_example_msgs:/home/hiro/rust_ws/install/composition_interfaces:/home/hiro/rust_ws/install/rcl_interfaces:/home/hiro/rust_ws/install/lifecycle_msgs:/home/hiro/rust_ws/install/builtin_interfaces:/home/hiro/ws_livox/install/livox_ros_driver2:/home/hiro/rust_ws/install/examples_rclrs_minimal_client_service:/home/hiro/rust_ws/install/sensor_msgs_py:/home/hiro/rust_ws/install/rust_pubsub:/home/hiro/rust_ws/install/examples_rclrs_minimal_pub_sub:/home/hiro/rust_ws/install/examples_rclrs_message_demo:/home/hiro/rust_ws/install/rclrs:/home/hiro/rust_ws/install/rosidl_runtime_rs:/opt/ros/humble /usr/bin/cmake --install /home/hiro/rust_ws/build/lifecycle_msgs
