[0.023s] Invoking command in '/home/hiromichi/rost2/build/visualization_msgs': AMENT_PREFIX_PATH=/home/hiromichi/rost2/install/sensor_msgs:/home/hiromichi/rost2/install/geometry_msgs:/home/hiromichi/rost2/install/std_msgs:/home/hiromichi/rost2/install/builtin_interfaces:/home/hiromichi/rost2/install/rosidl_default_runtime:/home/hiromichi/rost2/install/rosidl_default_generators:/home/hiromichi/rost2/install/rosidl_generator_rs:/home/hiromichi/rost2/install/rosidl_runtime_rs:${AMENT_PREFIX_PATH} CMAKE_PREFIX_PATH=/home/hiromichi/rost2/install/sensor_msgs:/home/hiromichi/rost2/install/geometry_msgs:/home/hiromichi/rost2/install/std_msgs:/home/hiromichi/rost2/install/builtin_interfaces:/home/hiromichi/rost2/install/rosidl_default_runtime:/home/hiromichi/rost2/install/rosidl_default_generators:/home/hiromichi/rost2/install/rosidl_generator_rs:/opt/ros/humble LD_LIBRARY_PATH=/home/hiromichi/rost2/install/sensor_msgs/lib:/home/hiromichi/rost2/install/geometry_msgs/lib:/home/hiromichi/rost2/install/std_msgs/lib:/home/hiromichi/rost2/install/builtin_interfaces/lib:${LD_LIBRARY_PATH} PYTHONPATH=/home/hiromichi/rost2/install/sensor_msgs/local/lib/python3.10/dist-packages:/home/hiromichi/rost2/install/geometry_msgs/local/lib/python3.10/dist-packages:/home/hiromichi/rost2/install/std_msgs/local/lib/python3.10/dist-packages:/home/hiromichi/rost2/install/builtin_interfaces/local/lib/python3.10/dist-packages:/home/hiromichi/rost2/install/rosidl_generator_rs/local/lib/python3.10/dist-packages:${PYTHONPATH} /usr/bin/cmake --build /home/hiromichi/rost2/build/visualization_msgs -- -j20 -l20
[0.080s] [  1%] Built target visualization_msgs__rs
[0.084s] [  1%] Built target visualization_msgs__cpp
[0.087s] [ 13%] Built target visualization_msgs__rosidl_generator_c
[0.119s] [ 13%] Built target ament_cmake_python_copy_visualization_msgs
[0.122s] [ 37%] Built target visualization_msgs__rosidl_typesupport_introspection_cpp
[0.122s] [ 37%] Built target visualization_msgs__rosidl_typesupport_cpp
[0.122s] [ 48%] Built target visualization_msgs__rosidl_typesupport_fastrtps_c
[0.125s] [ 67%] Built target visualization_msgs__rosidl_typesupport_introspection_c
[0.125s] [ 71%] Built target visualization_msgs__rosidl_typesupport_fastrtps_cpp
[0.126s] [ 82%] Built target visualization_msgs__rosidl_typesupport_c
[0.150s] [ 82%] Built target visualization_msgs
[0.171s] [ 83%] Built target visualization_msgs__py
[0.203s] [ 94%] Built target visualization_msgs__rosidl_generator_py
[0.223s] [ 98%] Built target visualization_msgs__rosidl_typesupport_c__pyext
[0.223s] [ 98%] Built target visualization_msgs__rosidl_typesupport_introspection_c__pyext
[0.226s] [100%] Built target visualization_msgs__rosidl_typesupport_fastrtps_c__pyext
[0.317s] running egg_info
[0.318s] writing visualization_msgs.egg-info/PKG-INFO
[0.318s] writing dependency_links to visualization_msgs.egg-info/dependency_links.txt
[0.318s] writing top-level names to visualization_msgs.egg-info/top_level.txt
[0.321s] reading manifest file 'visualization_msgs.egg-info/SOURCES.txt'
[0.322s] writing manifest file 'visualization_msgs.egg-info/SOURCES.txt'
[0.347s] [100%] Built target ament_cmake_python_build_visualization_msgs_egg
[0.355s] Invoked command in '/home/hiromichi/rost2/build/visualization_msgs' returned '0': AMENT_PREFIX_PATH=/home/hiromichi/rost2/install/sensor_msgs:/home/hiromichi/rost2/install/geometry_msgs:/home/hiromichi/rost2/install/std_msgs:/home/hiromichi/rost2/install/builtin_interfaces:/home/hiromichi/rost2/install/rosidl_default_runtime:/home/hiromichi/rost2/install/rosidl_default_generators:/home/hiromichi/rost2/install/rosidl_generator_rs:/home/hiromichi/rost2/install/rosidl_runtime_rs:${AMENT_PREFIX_PATH} CMAKE_PREFIX_PATH=/home/hiromichi/rost2/install/sensor_msgs:/home/hiromichi/rost2/install/geometry_msgs:/home/hiromichi/rost2/install/std_msgs:/home/hiromichi/rost2/install/builtin_interfaces:/home/hiromichi/rost2/install/rosidl_default_runtime:/home/hiromichi/rost2/install/rosidl_default_generators:/home/hiromichi/rost2/install/rosidl_generator_rs:/opt/ros/humble LD_LIBRARY_PATH=/home/hiromichi/rost2/install/sensor_msgs/lib:/home/hiromichi/rost2/install/geometry_msgs/lib:/home/hiromichi/rost2/install/std_msgs/lib:/home/hiromichi/rost2/install/builtin_interfaces/lib:${LD_LIBRARY_PATH} PYTHONPATH=/home/hiromichi/rost2/install/sensor_msgs/local/lib/python3.10/dist-packages:/home/hiromichi/rost2/install/geometry_msgs/local/lib/python3.10/dist-packages:/home/hiromichi/rost2/install/std_msgs/local/lib/python3.10/dist-packages:/home/hiromichi/rost2/install/builtin_interfaces/local/lib/python3.10/dist-packages:/home/hiromichi/rost2/install/rosidl_generator_rs/local/lib/python3.10/dist-packages:${PYTHONPATH} /usr/bin/cmake --build /home/hiromichi/rost2/build/visualization_msgs -- -j20 -l20
[0.569s] Invoking command in '/home/hiromichi/rost2/build/visualization_msgs': AMENT_PREFIX_PATH=/home/hiromichi/rost2/install/sensor_msgs:/home/hiromichi/rost2/install/geometry_msgs:/home/hiromichi/rost2/install/std_msgs:/home/hiromichi/rost2/install/builtin_interfaces:/home/hiromichi/rost2/install/rosidl_default_runtime:/home/hiromichi/rost2/install/rosidl_default_generators:/home/hiromichi/rost2/install/rosidl_generator_rs:/home/hiromichi/rost2/install/rosidl_runtime_rs:${AMENT_PREFIX_PATH} CMAKE_PREFIX_PATH=/home/hiromichi/rost2/install/sensor_msgs:/home/hiromichi/rost2/install/geometry_msgs:/home/hiromichi/rost2/install/std_msgs:/home/hiromichi/rost2/install/builtin_interfaces:/home/hiromichi/rost2/install/rosidl_default_runtime:/home/hiromichi/rost2/install/rosidl_default_generators:/home/hiromichi/rost2/install/rosidl_generator_rs:/opt/ros/humble LD_LIBRARY_PATH=/home/hiromichi/rost2/install/sensor_msgs/lib:/home/hiromichi/rost2/install/geometry_msgs/lib:/home/hiromichi/rost2/install/std_msgs/lib:/home/hiromichi/rost2/install/builtin_interfaces/lib:${LD_LIBRARY_PATH} PYTHONPATH=/home/hiromichi/rost2/install/sensor_msgs/local/lib/python3.10/dist-packages:/home/hiromichi/rost2/install/geometry_msgs/local/lib/python3.10/dist-packages:/home/hiromichi/rost2/install/std_msgs/local/lib/python3.10/dist-packages:/home/hiromichi/rost2/install/builtin_interfaces/local/lib/python3.10/dist-packages:/home/hiromichi/rost2/install/rosidl_generator_rs/local/lib/python3.10/dist-packages:${PYTHONPATH} /usr/bin/cmake --install /home/hiromichi/rost2/build/visualization_msgs
[0.576s] -- Install configuration: ""
[0.577s] -- Up-to-date: /home/hiromichi/rost2/install/visualization_msgs/share/ament_index/resource_index/rosidl_interfaces/visualization_msgs
[0.578s] -- Up-to-date: /home/hiromichi/rost2/install/visualization_msgs/include/visualization_msgs/visualization_msgs
[0.578s] -- Up-to-date: /home/hiromichi/rost2/install/visualization_msgs/include/visualization_msgs/visualization_msgs/srv
[0.578s] -- Up-to-date: /home/hiromichi/rost2/install/visualization_msgs/include/visualization_msgs/visualization_msgs/srv/get_interactive_markers.h
[0.578s] -- Up-to-date: /home/hiromichi/rost2/install/visualization_msgs/include/visualization_msgs/visualization_msgs/srv/detail
[0.578s] -- Up-to-date: /home/hiromichi/rost2/install/visualization_msgs/include/visualization_msgs/visualization_msgs/srv/detail/get_interactive_markers__struct.h
[0.578s] -- Up-to-date: /home/hiromichi/rost2/install/visualization_msgs/include/visualization_msgs/visualization_msgs/srv/detail/get_interactive_markers__functions.c
[0.578s] -- Up-to-date: /home/hiromichi/rost2/install/visualization_msgs/include/visualization_msgs/visualization_msgs/srv/detail/get_interactive_markers__type_support.h
[0.578s] -- Up-to-date: /home/hiromichi/rost2/install/visualization_msgs/include/visualization_msgs/visualization_msgs/srv/detail/get_interactive_markers__functions.h
[0.578s] -- Up-to-date: /home/hiromichi/rost2/install/visualization_msgs/include/visualization_msgs/visualization_msgs/msg
[0.579s] -- Up-to-date: /home/hiromichi/rost2/install/visualization_msgs/include/visualization_msgs/visualization_msgs/msg/marker.h
[0.579s] -- Up-to-date: /home/hiromichi/rost2/install/visualization_msgs/include/visualization_msgs/visualization_msgs/msg/marker_array.h
[0.579s] -- Up-to-date: /home/hiromichi/rost2/install/visualization_msgs/include/visualization_msgs/visualization_msgs/msg/uv_coordinate.h
[0.579s] -- Up-to-date: /home/hiromichi/rost2/install/visualization_msgs/include/visualization_msgs/visualization_msgs/msg/interactive_marker_init.h
[0.579s] -- Up-to-date: /home/hiromichi/rost2/install/visualization_msgs/include/visualization_msgs/visualization_msgs/msg/interactive_marker_feedback.h
[0.579s] -- Up-to-date: /home/hiromichi/rost2/install/visualization_msgs/include/visualization_msgs/visualization_msgs/msg/image_marker.h
[0.579s] -- Up-to-date: /home/hiromichi/rost2/install/visualization_msgs/include/visualization_msgs/visualization_msgs/msg/interactive_marker_pose.h
[0.579s] -- Up-to-date: /home/hiromichi/rost2/install/visualization_msgs/include/visualization_msgs/visualization_msgs/msg/menu_entry.h
[0.580s] -- Up-to-date: /home/hiromichi/rost2/install/visualization_msgs/include/visualization_msgs/visualization_msgs/msg/mesh_file.h
[0.580s] -- Up-to-date: /home/hiromichi/rost2/install/visualization_msgs/include/visualization_msgs/visualization_msgs/msg/interactive_marker.h
[0.580s] -- Up-to-date: /home/hiromichi/rost2/install/visualization_msgs/include/visualization_msgs/visualization_msgs/msg/interactive_marker_update.h
[0.580s] -- Up-to-date: /home/hiromichi/rost2/install/visualization_msgs/include/visualization_msgs/visualization_msgs/msg/rosidl_generator_c__visibility_control.h
[0.580s] -- Up-to-date: /home/hiromichi/rost2/install/visualization_msgs/include/visualization_msgs/visualization_msgs/msg/detail
[0.580s] -- Up-to-date: /home/hiromichi/rost2/install/visualization_msgs/include/visualization_msgs/visualization_msgs/msg/detail/uv_coordinate__struct.h
[0.580s] -- Up-to-date: /home/hiromichi/rost2/install/visualization_msgs/include/visualization_msgs/visualization_msgs/msg/detail/menu_entry__functions.c
[0.580s] -- Up-to-date: /home/hiromichi/rost2/install/visualization_msgs/include/visualization_msgs/visualization_msgs/msg/detail/marker_array__functions.h
[0.580s] -- Up-to-date: /home/hiromichi/rost2/install/visualization_msgs/include/visualization_msgs/visualization_msgs/msg/detail/marker__functions.c
[0.580s] -- Up-to-date: /home/hiromichi/rost2/install/visualization_msgs/include/visualization_msgs/visualization_msgs/msg/detail/menu_entry__functions.h
[0.580s] -- Up-to-date: /home/hiromichi/rost2/install/visualization_msgs/include/visualization_msgs/visualization_msgs/msg/detail/interactive_marker_pose__functions.c
[0.580s] -- Up-to-date: /home/hiromichi/rost2/install/visualization_msgs/include/visualization_msgs/visualization_msgs/msg/detail/interactive_marker_update__struct.h
[0.580s] -- Up-to-date: /home/hiromichi/rost2/install/visualization_msgs/include/visualization_msgs/visualization_msgs/msg/detail/interactive_marker_init__functions.h
[0.580s] -- Up-to-date: /home/hiromichi/rost2/install/visualization_msgs/include/visualization_msgs/visualization_msgs/msg/detail/interactive_marker_feedback__functions.c
[0.580s] -- Up-to-date: /home/hiromichi/rost2/install/visualization_msgs/include/visualization_msgs/visualization_msgs/msg/detail/uv_coordinate__functions.c
[0.580s] -- Up-to-date: /home/hiromichi/rost2/install/visualization_msgs/include/visualization_msgs/visualization_msgs/msg/detail/interactive_marker_pose__functions.h
[0.580s] -- Up-to-date: /home/hiromichi/rost2/install/visualization_msgs/include/visualization_msgs/visualization_msgs/msg/detail/marker_array__struct.h
[0.580s] -- Up-to-date: /home/hiromichi/rost2/install/visualization_msgs/include/visualization_msgs/visualization_msgs/msg/detail/interactive_marker__functions.h
[0.580s] -- Up-to-date: /home/hiromichi/rost2/install/visualization_msgs/include/visualization_msgs/visualization_msgs/msg/detail/marker__struct.h
[0.580s] -- Up-to-date: /home/hiromichi/rost2/install/visualization_msgs/include/visualization_msgs/visualization_msgs/msg/detail/marker__functions.h
[0.581s] -- Up-to-date: /home/hiromichi/rost2/install/visualization_msgs/include/visualization_msgs/visualization_msgs/msg/detail/marker_array__functions.c
[0.581s] -- Up-to-date: /home/hiromichi/rost2/install/visualization_msgs/include/visualization_msgs/visualization_msgs/msg/detail/uv_coordinate__functions.h
[0.581s] -- Up-to-date: /home/hiromichi/rost2/install/visualization_msgs/include/visualization_msgs/visualization_msgs/msg/detail/interactive_marker__functions.c
[0.581s] -- Up-to-date: /home/hiromichi/rost2/install/visualization_msgs/include/visualization_msgs/visualization_msgs/msg/detail/interactive_marker_update__functions.c
[0.581s] -- Up-to-date: /home/hiromichi/rost2/install/visualization_msgs/include/visualization_msgs/visualization_msgs/msg/detail/marker_array__type_support.h
[0.581s] -- Up-to-date: /home/hiromichi/rost2/install/visualization_msgs/include/visualization_msgs/visualization_msgs/msg/detail/interactive_marker__type_support.h
[0.581s] -- Up-to-date: /home/hiromichi/rost2/install/visualization_msgs/include/visualization_msgs/visualization_msgs/msg/detail/menu_entry__type_support.h
[0.582s] -- Up-to-date: /home/hiromichi/rost2/install/visualization_msgs/include/visualization_msgs/visualization_msgs/msg/detail/image_marker__functions.c
[0.582s] -- Up-to-date: /home/hiromichi/rost2/install/visualization_msgs/include/visualization_msgs/visualization_msgs/msg/detail/interactive_marker_update__functions.h
[0.582s] -- Up-to-date: /home/hiromichi/rost2/install/visualization_msgs/include/visualization_msgs/visualization_msgs/msg/detail/interactive_marker_init__type_support.h
[0.582s] -- Up-to-date: /home/hiromichi/rost2/install/visualization_msgs/include/visualization_msgs/visualization_msgs/msg/detail/interactive_marker_pose__type_support.h
[0.582s] -- Up-to-date: /home/hiromichi/rost2/install/visualization_msgs/include/visualization_msgs/visualization_msgs/msg/detail/image_marker__functions.h
[0.582s] -- Up-to-date: /home/hiromichi/rost2/install/visualization_msgs/include/visualization_msgs/visualization_msgs/msg/detail/interactive_marker_control__type_support.h
[0.582s] -- Up-to-date: /home/hiromichi/rost2/install/visualization_msgs/include/visualization_msgs/visualization_msgs/msg/detail/interactive_marker_init__struct.h
[0.582s] -- Up-to-date: /home/hiromichi/rost2/install/visualization_msgs/include/visualization_msgs/visualization_msgs/msg/detail/interactive_marker_update__type_support.h
[0.582s] -- Up-to-date: /home/hiromichi/rost2/install/visualization_msgs/include/visualization_msgs/visualization_msgs/msg/detail/mesh_file__struct.h
[0.582s] -- Up-to-date: /home/hiromichi/rost2/install/visualization_msgs/include/visualization_msgs/visualization_msgs/msg/detail/interactive_marker_init__functions.c
[0.582s] -- Up-to-date: /home/hiromichi/rost2/install/visualization_msgs/include/visualization_msgs/visualization_msgs/msg/detail/mesh_file__type_support.h
[0.582s] -- Up-to-date: /home/hiromichi/rost2/install/visualization_msgs/include/visualization_msgs/visualization_msgs/msg/detail/interactive_marker_feedback__type_support.h
[0.582s] -- Up-to-date: /home/hiromichi/rost2/install/visualization_msgs/include/visualization_msgs/visualization_msgs/msg/detail/interactive_marker__struct.h
[0.582s] -- Up-to-date: /home/hiromichi/rost2/install/visualization_msgs/include/visualization_msgs/visualization_msgs/msg/detail/interactive_marker_control__struct.h
[0.582s] -- Up-to-date: /home/hiromichi/rost2/install/visualization_msgs/include/visualization_msgs/visualization_msgs/msg/detail/interactive_marker_control__functions.c
[0.582s] -- Up-to-date: /home/hiromichi/rost2/install/visualization_msgs/include/visualization_msgs/visualization_msgs/msg/detail/image_marker__struct.h
[0.582s] -- Up-to-date: /home/hiromichi/rost2/install/visualization_msgs/include/visualization_msgs/visualization_msgs/msg/detail/interactive_marker_pose__struct.h
[0.582s] -- Up-to-date: /home/hiromichi/rost2/install/visualization_msgs/include/visualization_msgs/visualization_msgs/msg/detail/marker__type_support.h
[0.582s] -- Up-to-date: /home/hiromichi/rost2/install/visualization_msgs/include/visualization_msgs/visualization_msgs/msg/detail/mesh_file__functions.h
[0.582s] -- Up-to-date: /home/hiromichi/rost2/install/visualization_msgs/include/visualization_msgs/visualization_msgs/msg/detail/interactive_marker_feedback__struct.h
[0.583s] -- Up-to-date: /home/hiromichi/rost2/install/visualization_msgs/include/visualization_msgs/visualization_msgs/msg/detail/menu_entry__struct.h
[0.583s] -- Up-to-date: /home/hiromichi/rost2/install/visualization_msgs/include/visualization_msgs/visualization_msgs/msg/detail/mesh_file__functions.c
[0.583s] -- Up-to-date: /home/hiromichi/rost2/install/visualization_msgs/include/visualization_msgs/visualization_msgs/msg/detail/image_marker__type_support.h
[0.583s] -- Up-to-date: /home/hiromichi/rost2/install/visualization_msgs/include/visualization_msgs/visualization_msgs/msg/detail/interactive_marker_control__functions.h
[0.583s] -- Up-to-date: /home/hiromichi/rost2/install/visualization_msgs/include/visualization_msgs/visualization_msgs/msg/detail/interactive_marker_feedback__functions.h
[0.583s] -- Up-to-date: /home/hiromichi/rost2/install/visualization_msgs/include/visualization_msgs/visualization_msgs/msg/detail/uv_coordinate__type_support.h
[0.583s] -- Up-to-date: /home/hiromichi/rost2/install/visualization_msgs/include/visualization_msgs/visualization_msgs/msg/interactive_marker_control.h
[0.583s] -- Up-to-date: /home/hiromichi/rost2/install/visualization_msgs/share/visualization_msgs/environment/library_path.sh
[0.584s] -- Up-to-date: /home/hiromichi/rost2/install/visualization_msgs/share/visualization_msgs/environment/library_path.dsv
[0.584s] -- Up-to-date: /home/hiromichi/rost2/install/visualization_msgs/lib/libvisualization_msgs__rosidl_generator_c.so
[0.584s] -- Up-to-date: /home/hiromichi/rost2/install/visualization_msgs/include/visualization_msgs/visualization_msgs
[0.584s] -- Up-to-date: /home/hiromichi/rost2/install/visualization_msgs/include/visualization_msgs/visualization_msgs/srv
[0.584s] -- Up-to-date: /home/hiromichi/rost2/install/visualization_msgs/include/visualization_msgs/visualization_msgs/srv/detail
[0.584s] -- Up-to-date: /home/hiromichi/rost2/install/visualization_msgs/include/visualization_msgs/visualization_msgs/srv/detail/get_interactive_markers__rosidl_typesupport_fastrtps_c.h
[0.584s] -- Up-to-date: /home/hiromichi/rost2/install/visualization_msgs/include/visualization_msgs/visualization_msgs/msg
[0.584s] -- Up-to-date: /home/hiromichi/rost2/install/visualization_msgs/include/visualization_msgs/visualization_msgs/msg/rosidl_typesupport_fastrtps_c__visibility_control.h
[0.585s] -- Up-to-date: /home/hiromichi/rost2/install/visualization_msgs/include/visualization_msgs/visualization_msgs/msg/detail
[0.585s] -- Up-to-date: /home/hiromichi/rost2/install/visualization_msgs/include/visualization_msgs/visualization_msgs/msg/detail/mesh_file__rosidl_typesupport_fastrtps_c.h
[0.585s] -- Up-to-date: /home/hiromichi/rost2/install/visualization_msgs/include/visualization_msgs/visualization_msgs/msg/detail/uv_coordinate__rosidl_typesupport_fastrtps_c.h
[0.585s] -- Up-to-date: /home/hiromichi/rost2/install/visualization_msgs/include/visualization_msgs/visualization_msgs/msg/detail/interactive_marker_update__rosidl_typesupport_fastrtps_c.h
[0.585s] -- Up-to-date: /home/hiromichi/rost2/install/visualization_msgs/include/visualization_msgs/visualization_msgs/msg/detail/menu_entry__rosidl_typesupport_fastrtps_c.h
[0.585s] -- Up-to-date: /home/hiromichi/rost2/install/visualization_msgs/include/visualization_msgs/visualization_msgs/msg/detail/interactive_marker_control__rosidl_typesupport_fastrtps_c.h
[0.585s] -- Up-to-date: /home/hiromichi/rost2/install/visualization_msgs/include/visualization_msgs/visualization_msgs/msg/detail/marker_array__rosidl_typesupport_fastrtps_c.h
[0.585s] -- Up-to-date: /home/hiromichi/rost2/install/visualization_msgs/include/visualization_msgs/visualization_msgs/msg/detail/interactive_marker_pose__rosidl_typesupport_fastrtps_c.h
[0.586s] -- Up-to-date: /home/hiromichi/rost2/install/visualization_msgs/include/visualization_msgs/visualization_msgs/msg/detail/image_marker__rosidl_typesupport_fastrtps_c.h
[0.586s] -- Up-to-date: /home/hiromichi/rost2/install/visualization_msgs/include/visualization_msgs/visualization_msgs/msg/detail/interactive_marker__rosidl_typesupport_fastrtps_c.h
[0.586s] -- Up-to-date: /home/hiromichi/rost2/install/visualization_msgs/include/visualization_msgs/visualization_msgs/msg/detail/marker__rosidl_typesupport_fastrtps_c.h
[0.586s] -- Up-to-date: /home/hiromichi/rost2/install/visualization_msgs/include/visualization_msgs/visualization_msgs/msg/detail/interactive_marker_feedback__rosidl_typesupport_fastrtps_c.h
[0.586s] -- Up-to-date: /home/hiromichi/rost2/install/visualization_msgs/include/visualization_msgs/visualization_msgs/msg/detail/interactive_marker_init__rosidl_typesupport_fastrtps_c.h
[0.586s] -- Up-to-date: /home/hiromichi/rost2/install/visualization_msgs/lib/libvisualization_msgs__rosidl_typesupport_fastrtps_c.so
[0.587s] -- Up-to-date: /home/hiromichi/rost2/install/visualization_msgs/include/visualization_msgs/visualization_msgs
[0.587s] -- Up-to-date: /home/hiromichi/rost2/install/visualization_msgs/include/visualization_msgs/visualization_msgs/srv
[0.587s] -- Up-to-date: /home/hiromichi/rost2/install/visualization_msgs/include/visualization_msgs/visualization_msgs/srv/get_interactive_markers.hpp
[0.587s] -- Up-to-date: /home/hiromichi/rost2/install/visualization_msgs/include/visualization_msgs/visualization_msgs/srv/detail
[0.587s] -- Up-to-date: /home/hiromichi/rost2/install/visualization_msgs/include/visualization_msgs/visualization_msgs/srv/detail/get_interactive_markers__struct.hpp
[0.587s] -- Up-to-date: /home/hiromichi/rost2/install/visualization_msgs/include/visualization_msgs/visualization_msgs/srv/detail/get_interactive_markers__builder.hpp
[0.587s] -- Up-to-date: /home/hiromichi/rost2/install/visualization_msgs/include/visualization_msgs/visualization_msgs/srv/detail/get_interactive_markers__traits.hpp
[0.587s] -- Up-to-date: /home/hiromichi/rost2/install/visualization_msgs/include/visualization_msgs/visualization_msgs/msg
[0.587s] -- Up-to-date: /home/hiromichi/rost2/install/visualization_msgs/include/visualization_msgs/visualization_msgs/msg/interactive_marker_feedback.hpp
[0.588s] -- Up-to-date: /home/hiromichi/rost2/install/visualization_msgs/include/visualization_msgs/visualization_msgs/msg/interactive_marker_init.hpp
[0.588s] -- Up-to-date: /home/hiromichi/rost2/install/visualization_msgs/include/visualization_msgs/visualization_msgs/msg/marker_array.hpp
[0.588s] -- Up-to-date: /home/hiromichi/rost2/install/visualization_msgs/include/visualization_msgs/visualization_msgs/msg/uv_coordinate.hpp
[0.588s] -- Up-to-date: /home/hiromichi/rost2/install/visualization_msgs/include/visualization_msgs/visualization_msgs/msg/interactive_marker_control.hpp
[0.588s] -- Up-to-date: /home/hiromichi/rost2/install/visualization_msgs/include/visualization_msgs/visualization_msgs/msg/interactive_marker.hpp
[0.588s] -- Up-to-date: /home/hiromichi/rost2/install/visualization_msgs/include/visualization_msgs/visualization_msgs/msg/menu_entry.hpp
[0.588s] -- Up-to-date: /home/hiromichi/rost2/install/visualization_msgs/include/visualization_msgs/visualization_msgs/msg/image_marker.hpp
[0.588s] -- Up-to-date: /home/hiromichi/rost2/install/visualization_msgs/include/visualization_msgs/visualization_msgs/msg/mesh_file.hpp
[0.588s] -- Up-to-date: /home/hiromichi/rost2/install/visualization_msgs/include/visualization_msgs/visualization_msgs/msg/interactive_marker_pose.hpp
[0.588s] -- Up-to-date: /home/hiromichi/rost2/install/visualization_msgs/include/visualization_msgs/visualization_msgs/msg/interactive_marker_update.hpp
[0.588s] -- Up-to-date: /home/hiromichi/rost2/install/visualization_msgs/include/visualization_msgs/visualization_msgs/msg/marker.hpp
[0.588s] -- Up-to-date: /home/hiromichi/rost2/install/visualization_msgs/include/visualization_msgs/visualization_msgs/msg/detail
[0.588s] -- Up-to-date: /home/hiromichi/rost2/install/visualization_msgs/include/visualization_msgs/visualization_msgs/msg/detail/interactive_marker_pose__builder.hpp
[0.588s] -- Up-to-date: /home/hiromichi/rost2/install/visualization_msgs/include/visualization_msgs/visualization_msgs/msg/detail/marker_array__struct.hpp
[0.588s] -- Up-to-date: /home/hiromichi/rost2/install/visualization_msgs/include/visualization_msgs/visualization_msgs/msg/detail/marker_array__traits.hpp
[0.588s] -- Up-to-date: /home/hiromichi/rost2/install/visualization_msgs/include/visualization_msgs/visualization_msgs/msg/detail/mesh_file__struct.hpp
[0.589s] -- Up-to-date: /home/hiromichi/rost2/install/visualization_msgs/include/visualization_msgs/visualization_msgs/msg/detail/menu_entry__builder.hpp
[0.589s] -- Up-to-date: /home/hiromichi/rost2/install/visualization_msgs/include/visualization_msgs/visualization_msgs/msg/detail/marker__builder.hpp
[0.589s] -- Up-to-date: /home/hiromichi/rost2/install/visualization_msgs/include/visualization_msgs/visualization_msgs/msg/detail/menu_entry__struct.hpp
[0.589s] -- Up-to-date: /home/hiromichi/rost2/install/visualization_msgs/include/visualization_msgs/visualization_msgs/msg/detail/interactive_marker_control__builder.hpp
[0.589s] -- Up-to-date: /home/hiromichi/rost2/install/visualization_msgs/include/visualization_msgs/visualization_msgs/msg/detail/uv_coordinate__struct.hpp
[0.589s] -- Up-to-date: /home/hiromichi/rost2/install/visualization_msgs/include/visualization_msgs/visualization_msgs/msg/detail/image_marker__struct.hpp
[0.589s] -- Up-to-date: /home/hiromichi/rost2/install/visualization_msgs/include/visualization_msgs/visualization_msgs/msg/detail/interactive_marker__builder.hpp
[0.589s] -- Up-to-date: /home/hiromichi/rost2/install/visualization_msgs/include/visualization_msgs/visualization_msgs/msg/detail/marker__struct.hpp
[0.589s] -- Up-to-date: /home/hiromichi/rost2/install/visualization_msgs/include/visualization_msgs/visualization_msgs/msg/detail/interactive_marker_pose__struct.hpp
[0.589s] -- Up-to-date: /home/hiromichi/rost2/install/visualization_msgs/include/visualization_msgs/visualization_msgs/msg/detail/image_marker__traits.hpp
[0.590s] -- Up-to-date: /home/hiromichi/rost2/install/visualization_msgs/include/visualization_msgs/visualization_msgs/msg/detail/marker__traits.hpp
[0.590s] -- Up-to-date: /home/hiromichi/rost2/install/visualization_msgs/include/visualization_msgs/visualization_msgs/msg/detail/interactive_marker_init__traits.hpp
[0.590s] -- Up-to-date: /home/hiromichi/rost2/install/visualization_msgs/include/visualization_msgs/visualization_msgs/msg/detail/interactive_marker__traits.hpp
[0.590s] -- Up-to-date: /home/hiromichi/rost2/install/visualization_msgs/include/visualization_msgs/visualization_msgs/msg/detail/marker_array__builder.hpp
[0.590s] -- Up-to-date: /home/hiromichi/rost2/install/visualization_msgs/include/visualization_msgs/visualization_msgs/msg/detail/interactive_marker_init__struct.hpp
[0.590s] -- Up-to-date: /home/hiromichi/rost2/install/visualization_msgs/include/visualization_msgs/visualization_msgs/msg/detail/interactive_marker_feedback__struct.hpp
[0.590s] -- Up-to-date: /home/hiromichi/rost2/install/visualization_msgs/include/visualization_msgs/visualization_msgs/msg/detail/interactive_marker_update__traits.hpp
[0.590s] -- Up-to-date: /home/hiromichi/rost2/install/visualization_msgs/include/visualization_msgs/visualization_msgs/msg/detail/interactive_marker_control__struct.hpp
[0.590s] -- Up-to-date: /home/hiromichi/rost2/install/visualization_msgs/include/visualization_msgs/visualization_msgs/msg/detail/interactive_marker__struct.hpp
[0.590s] -- Up-to-date: /home/hiromichi/rost2/install/visualization_msgs/include/visualization_msgs/visualization_msgs/msg/detail/mesh_file__builder.hpp
[0.590s] -- Up-to-date: /home/hiromichi/rost2/install/visualization_msgs/include/visualization_msgs/visualization_msgs/msg/detail/interactive_marker_feedback__traits.hpp
[0.590s] -- Up-to-date: /home/hiromichi/rost2/install/visualization_msgs/include/visualization_msgs/visualization_msgs/msg/detail/interactive_marker_update__builder.hpp
[0.590s] -- Up-to-date: /home/hiromichi/rost2/install/visualization_msgs/include/visualization_msgs/visualization_msgs/msg/detail/interactive_marker_init__builder.hpp
[0.590s] -- Up-to-date: /home/hiromichi/rost2/install/visualization_msgs/include/visualization_msgs/visualization_msgs/msg/detail/interactive_marker_pose__traits.hpp
[0.590s] -- Up-to-date: /home/hiromichi/rost2/install/visualization_msgs/include/visualization_msgs/visualization_msgs/msg/detail/interactive_marker_feedback__builder.hpp
[0.590s] -- Up-to-date: /home/hiromichi/rost2/install/visualization_msgs/include/visualization_msgs/visualization_msgs/msg/detail/menu_entry__traits.hpp
[0.590s] -- Up-to-date: /home/hiromichi/rost2/install/visualization_msgs/include/visualization_msgs/visualization_msgs/msg/detail/image_marker__builder.hpp
[0.590s] -- Up-to-date: /home/hiromichi/rost2/install/visualization_msgs/include/visualization_msgs/visualization_msgs/msg/detail/uv_coordinate__builder.hpp
[0.590s] -- Up-to-date: /home/hiromichi/rost2/install/visualization_msgs/include/visualization_msgs/visualization_msgs/msg/detail/mesh_file__traits.hpp
[0.591s] -- Up-to-date: /home/hiromichi/rost2/install/visualization_msgs/include/visualization_msgs/visualization_msgs/msg/detail/interactive_marker_control__traits.hpp
[0.591s] -- Up-to-date: /home/hiromichi/rost2/install/visualization_msgs/include/visualization_msgs/visualization_msgs/msg/detail/interactive_marker_update__struct.hpp
[0.591s] -- Up-to-date: /home/hiromichi/rost2/install/visualization_msgs/include/visualization_msgs/visualization_msgs/msg/detail/uv_coordinate__traits.hpp
[0.591s] -- Up-to-date: /home/hiromichi/rost2/install/visualization_msgs/include/visualization_msgs/visualization_msgs
[0.591s] -- Up-to-date: /home/hiromichi/rost2/install/visualization_msgs/include/visualization_msgs/visualization_msgs/srv
[0.591s] -- Up-to-date: /home/hiromichi/rost2/install/visualization_msgs/include/visualization_msgs/visualization_msgs/srv/detail
[0.591s] -- Up-to-date: /home/hiromichi/rost2/install/visualization_msgs/include/visualization_msgs/visualization_msgs/srv/detail/get_interactive_markers__rosidl_typesupport_fastrtps_cpp.hpp
[0.591s] -- Up-to-date: /home/hiromichi/rost2/install/visualization_msgs/include/visualization_msgs/visualization_msgs/srv/detail/dds_fastrtps
[0.591s] -- Up-to-date: /home/hiromichi/rost2/install/visualization_msgs/include/visualization_msgs/visualization_msgs/msg
[0.591s] -- Up-to-date: /home/hiromichi/rost2/install/visualization_msgs/include/visualization_msgs/visualization_msgs/msg/rosidl_typesupport_fastrtps_cpp__visibility_control.h
[0.591s] -- Up-to-date: /home/hiromichi/rost2/install/visualization_msgs/include/visualization_msgs/visualization_msgs/msg/detail
[0.591s] -- Up-to-date: /home/hiromichi/rost2/install/visualization_msgs/include/visualization_msgs/visualization_msgs/msg/detail/image_marker__rosidl_typesupport_fastrtps_cpp.hpp
[0.592s] -- Up-to-date: /home/hiromichi/rost2/install/visualization_msgs/include/visualization_msgs/visualization_msgs/msg/detail/interactive_marker_pose__rosidl_typesupport_fastrtps_cpp.hpp
[0.592s] -- Up-to-date: /home/hiromichi/rost2/install/visualization_msgs/include/visualization_msgs/visualization_msgs/msg/detail/interactive_marker__rosidl_typesupport_fastrtps_cpp.hpp
[0.592s] -- Up-to-date: /home/hiromichi/rost2/install/visualization_msgs/include/visualization_msgs/visualization_msgs/msg/detail/dds_fastrtps
[0.592s] -- Up-to-date: /home/hiromichi/rost2/install/visualization_msgs/include/visualization_msgs/visualization_msgs/msg/detail/interactive_marker_update__rosidl_typesupport_fastrtps_cpp.hpp
[0.592s] -- Up-to-date: /home/hiromichi/rost2/install/visualization_msgs/include/visualization_msgs/visualization_msgs/msg/detail/marker__rosidl_typesupport_fastrtps_cpp.hpp
[0.592s] -- Up-to-date: /home/hiromichi/rost2/install/visualization_msgs/include/visualization_msgs/visualization_msgs/msg/detail/mesh_file__rosidl_typesupport_fastrtps_cpp.hpp
[0.592s] -- Up-to-date: /home/hiromichi/rost2/install/visualization_msgs/include/visualization_msgs/visualization_msgs/msg/detail/interactive_marker_init__rosidl_typesupport_fastrtps_cpp.hpp
[0.592s] -- Up-to-date: /home/hiromichi/rost2/install/visualization_msgs/include/visualization_msgs/visualization_msgs/msg/detail/marker_array__rosidl_typesupport_fastrtps_cpp.hpp
[0.592s] -- Up-to-date: /home/hiromichi/rost2/install/visualization_msgs/include/visualization_msgs/visualization_msgs/msg/detail/interactive_marker_feedback__rosidl_typesupport_fastrtps_cpp.hpp
[0.592s] -- Up-to-date: /home/hiromichi/rost2/install/visualization_msgs/include/visualization_msgs/visualization_msgs/msg/detail/menu_entry__rosidl_typesupport_fastrtps_cpp.hpp
[0.592s] -- Up-to-date: /home/hiromichi/rost2/install/visualization_msgs/include/visualization_msgs/visualization_msgs/msg/detail/uv_coordinate__rosidl_typesupport_fastrtps_cpp.hpp
[0.592s] -- Up-to-date: /home/hiromichi/rost2/install/visualization_msgs/include/visualization_msgs/visualization_msgs/msg/detail/interactive_marker_control__rosidl_typesupport_fastrtps_cpp.hpp
[0.592s] -- Up-to-date: /home/hiromichi/rost2/install/visualization_msgs/lib/libvisualization_msgs__rosidl_typesupport_fastrtps_cpp.so
[0.592s] -- Up-to-date: /home/hiromichi/rost2/install/visualization_msgs/include/visualization_msgs/visualization_msgs
[0.592s] -- Up-to-date: /home/hiromichi/rost2/install/visualization_msgs/include/visualization_msgs/visualization_msgs/srv
[0.592s] -- Up-to-date: /home/hiromichi/rost2/install/visualization_msgs/include/visualization_msgs/visualization_msgs/srv/detail
[0.592s] -- Up-to-date: /home/hiromichi/rost2/install/visualization_msgs/include/visualization_msgs/visualization_msgs/srv/detail/get_interactive_markers__type_support.c
[0.593s] -- Up-to-date: /home/hiromichi/rost2/install/visualization_msgs/include/visualization_msgs/visualization_msgs/srv/detail/get_interactive_markers__rosidl_typesupport_introspection_c.h
[0.593s] -- Up-to-date: /home/hiromichi/rost2/install/visualization_msgs/include/visualization_msgs/visualization_msgs/msg
[0.593s] -- Up-to-date: /home/hiromichi/rost2/install/visualization_msgs/include/visualization_msgs/visualization_msgs/msg/rosidl_typesupport_introspection_c__visibility_control.h
[0.593s] -- Up-to-date: /home/hiromichi/rost2/install/visualization_msgs/include/visualization_msgs/visualization_msgs/msg/detail
[0.593s] -- Up-to-date: /home/hiromichi/rost2/install/visualization_msgs/include/visualization_msgs/visualization_msgs/msg/detail/interactive_marker_update__type_support.c
[0.595s] -- Up-to-date: /home/hiromichi/rost2/install/visualization_msgs/include/visualization_msgs/visualization_msgs/msg/detail/mesh_file__rosidl_typesupport_introspection_c.h
[0.595s] -- Up-to-date: /home/hiromichi/rost2/install/visualization_msgs/include/visualization_msgs/visualization_msgs/msg/detail/interactive_marker__rosidl_typesupport_introspection_c.h
[0.595s] -- Up-to-date: /home/hiromichi/rost2/install/visualization_msgs/include/visualization_msgs/visualization_msgs/msg/detail/interactive_marker_feedback__rosidl_typesupport_introspection_c.h
[0.595s] -- Up-to-date: /home/hiromichi/rost2/install/visualization_msgs/include/visualization_msgs/visualization_msgs/msg/detail/marker_array__rosidl_typesupport_introspection_c.h
[0.595s] -- Up-to-date: /home/hiromichi/rost2/install/visualization_msgs/include/visualization_msgs/visualization_msgs/msg/detail/marker_array__type_support.c
[0.595s] -- Up-to-date: /home/hiromichi/rost2/install/visualization_msgs/include/visualization_msgs/visualization_msgs/msg/detail/interactive_marker_control__type_support.c
[0.595s] -- Up-to-date: /home/hiromichi/rost2/install/visualization_msgs/include/visualization_msgs/visualization_msgs/msg/detail/interactive_marker_init__rosidl_typesupport_introspection_c.h
[0.595s] -- Up-to-date: /home/hiromichi/rost2/install/visualization_msgs/include/visualization_msgs/visualization_msgs/msg/detail/mesh_file__type_support.c
[0.595s] -- Up-to-date: /home/hiromichi/rost2/install/visualization_msgs/include/visualization_msgs/visualization_msgs/msg/detail/uv_coordinate__rosidl_typesupport_introspection_c.h
[0.595s] -- Up-to-date: /home/hiromichi/rost2/install/visualization_msgs/include/visualization_msgs/visualization_msgs/msg/detail/menu_entry__rosidl_typesupport_introspection_c.h
[0.596s] -- Up-to-date: /home/hiromichi/rost2/install/visualization_msgs/include/visualization_msgs/visualization_msgs/msg/detail/uv_coordinate__type_support.c
[0.596s] -- Up-to-date: /home/hiromichi/rost2/install/visualization_msgs/include/visualization_msgs/visualization_msgs/msg/detail/interactive_marker_update__rosidl_typesupport_introspection_c.h
[0.596s] -- Up-to-date: /home/hiromichi/rost2/install/visualization_msgs/include/visualization_msgs/visualization_msgs/msg/detail/marker__type_support.c
[0.596s] -- Up-to-date: /home/hiromichi/rost2/install/visualization_msgs/include/visualization_msgs/visualization_msgs/msg/detail/interactive_marker_feedback__type_support.c
[0.596s] -- Up-to-date: /home/hiromichi/rost2/install/visualization_msgs/include/visualization_msgs/visualization_msgs/msg/detail/interactive_marker_pose__type_support.c
[0.596s] -- Up-to-date: /home/hiromichi/rost2/install/visualization_msgs/include/visualization_msgs/visualization_msgs/msg/detail/marker__rosidl_typesupport_introspection_c.h
[0.596s] -- Up-to-date: /home/hiromichi/rost2/install/visualization_msgs/include/visualization_msgs/visualization_msgs/msg/detail/interactive_marker__type_support.c
[0.596s] -- Up-to-date: /home/hiromichi/rost2/install/visualization_msgs/include/visualization_msgs/visualization_msgs/msg/detail/menu_entry__type_support.c
[0.597s] -- Up-to-date: /home/hiromichi/rost2/install/visualization_msgs/include/visualization_msgs/visualization_msgs/msg/detail/interactive_marker_pose__rosidl_typesupport_introspection_c.h
[0.597s] -- Up-to-date: /home/hiromichi/rost2/install/visualization_msgs/include/visualization_msgs/visualization_msgs/msg/detail/interactive_marker_control__rosidl_typesupport_introspection_c.h
[0.597s] -- Up-to-date: /home/hiromichi/rost2/install/visualization_msgs/include/visualization_msgs/visualization_msgs/msg/detail/image_marker__rosidl_typesupport_introspection_c.h
[0.597s] -- Up-to-date: /home/hiromichi/rost2/install/visualization_msgs/include/visualization_msgs/visualization_msgs/msg/detail/image_marker__type_support.c
[0.597s] -- Up-to-date: /home/hiromichi/rost2/install/visualization_msgs/include/visualization_msgs/visualization_msgs/msg/detail/interactive_marker_init__type_support.c
[0.597s] -- Up-to-date: /home/hiromichi/rost2/install/visualization_msgs/lib/libvisualization_msgs__rosidl_typesupport_introspection_c.so
[0.597s] -- Up-to-date: /home/hiromichi/rost2/install/visualization_msgs/lib/libvisualization_msgs__rosidl_typesupport_c.so
[0.597s] -- Up-to-date: /home/hiromichi/rost2/install/visualization_msgs/include/visualization_msgs/visualization_msgs
[0.597s] -- Up-to-date: /home/hiromichi/rost2/install/visualization_msgs/include/visualization_msgs/visualization_msgs/srv
[0.597s] -- Up-to-date: /home/hiromichi/rost2/install/visualization_msgs/include/visualization_msgs/visualization_msgs/srv/detail
[0.597s] -- Up-to-date: /home/hiromichi/rost2/install/visualization_msgs/include/visualization_msgs/visualization_msgs/srv/detail/get_interactive_markers__rosidl_typesupport_introspection_cpp.hpp
[0.597s] -- Up-to-date: /home/hiromichi/rost2/install/visualization_msgs/include/visualization_msgs/visualization_msgs/srv/detail/get_interactive_markers__type_support.cpp
[0.597s] -- Up-to-date: /home/hiromichi/rost2/install/visualization_msgs/include/visualization_msgs/visualization_msgs/msg
[0.597s] -- Up-to-date: /home/hiromichi/rost2/install/visualization_msgs/include/visualization_msgs/visualization_msgs/msg/detail
[0.597s] -- Up-to-date: /home/hiromichi/rost2/install/visualization_msgs/include/visualization_msgs/visualization_msgs/msg/detail/marker__type_support.cpp
[0.597s] -- Up-to-date: /home/hiromichi/rost2/install/visualization_msgs/include/visualization_msgs/visualization_msgs/msg/detail/interactive_marker_update__type_support.cpp
[0.597s] -- Up-to-date: /home/hiromichi/rost2/install/visualization_msgs/include/visualization_msgs/visualization_msgs/msg/detail/interactive_marker_pose__type_support.cpp
[0.597s] -- Up-to-date: /home/hiromichi/rost2/install/visualization_msgs/include/visualization_msgs/visualization_msgs/msg/detail/menu_entry__type_support.cpp
[0.598s] -- Up-to-date: /home/hiromichi/rost2/install/visualization_msgs/include/visualization_msgs/visualization_msgs/msg/detail/image_marker__type_support.cpp
[0.598s] -- Up-to-date: /home/hiromichi/rost2/install/visualization_msgs/include/visualization_msgs/visualization_msgs/msg/detail/interactive_marker_feedback__type_support.cpp
[0.598s] -- Up-to-date: /home/hiromichi/rost2/install/visualization_msgs/include/visualization_msgs/visualization_msgs/msg/detail/interactive_marker_init__rosidl_typesupport_introspection_cpp.hpp
[0.598s] -- Up-to-date: /home/hiromichi/rost2/install/visualization_msgs/include/visualization_msgs/visualization_msgs/msg/detail/mesh_file__type_support.cpp
[0.598s] -- Up-to-date: /home/hiromichi/rost2/install/visualization_msgs/include/visualization_msgs/visualization_msgs/msg/detail/mesh_file__rosidl_typesupport_introspection_cpp.hpp
[0.598s] -- Up-to-date: /home/hiromichi/rost2/install/visualization_msgs/include/visualization_msgs/visualization_msgs/msg/detail/uv_coordinate__type_support.cpp
[0.598s] -- Up-to-date: /home/hiromichi/rost2/install/visualization_msgs/include/visualization_msgs/visualization_msgs/msg/detail/menu_entry__rosidl_typesupport_introspection_cpp.hpp
[0.598s] -- Up-to-date: /home/hiromichi/rost2/install/visualization_msgs/include/visualization_msgs/visualization_msgs/msg/detail/marker_array__rosidl_typesupport_introspection_cpp.hpp
[0.598s] -- Up-to-date: /home/hiromichi/rost2/install/visualization_msgs/include/visualization_msgs/visualization_msgs/msg/detail/interactive_marker_pose__rosidl_typesupport_introspection_cpp.hpp
[0.598s] -- Up-to-date: /home/hiromichi/rost2/install/visualization_msgs/include/visualization_msgs/visualization_msgs/msg/detail/interactive_marker__type_support.cpp
[0.598s] -- Up-to-date: /home/hiromichi/rost2/install/visualization_msgs/include/visualization_msgs/visualization_msgs/msg/detail/marker_array__type_support.cpp
[0.598s] -- Up-to-date: /home/hiromichi/rost2/install/visualization_msgs/include/visualization_msgs/visualization_msgs/msg/detail/interactive_marker_control__rosidl_typesupport_introspection_cpp.hpp
[0.598s] -- Up-to-date: /home/hiromichi/rost2/install/visualization_msgs/include/visualization_msgs/visualization_msgs/msg/detail/image_marker__rosidl_typesupport_introspection_cpp.hpp
[0.598s] -- Up-to-date: /home/hiromichi/rost2/install/visualization_msgs/include/visualization_msgs/visualization_msgs/msg/detail/interactive_marker_update__rosidl_typesupport_introspection_cpp.hpp
[0.598s] -- Up-to-date: /home/hiromichi/rost2/install/visualization_msgs/include/visualization_msgs/visualization_msgs/msg/detail/interactive_marker__rosidl_typesupport_introspection_cpp.hpp
[0.598s] -- Up-to-date: /home/hiromichi/rost2/install/visualization_msgs/include/visualization_msgs/visualization_msgs/msg/detail/marker__rosidl_typesupport_introspection_cpp.hpp
[0.598s] -- Up-to-date: /home/hiromichi/rost2/install/visualization_msgs/include/visualization_msgs/visualization_msgs/msg/detail/uv_coordinate__rosidl_typesupport_introspection_cpp.hpp
[0.598s] -- Up-to-date: /home/hiromichi/rost2/install/visualization_msgs/include/visualization_msgs/visualization_msgs/msg/detail/interactive_marker_feedback__rosidl_typesupport_introspection_cpp.hpp
[0.598s] -- Up-to-date: /home/hiromichi/rost2/install/visualization_msgs/include/visualization_msgs/visualization_msgs/msg/detail/interactive_marker_control__type_support.cpp
[0.598s] -- Up-to-date: /home/hiromichi/rost2/install/visualization_msgs/include/visualization_msgs/visualization_msgs/msg/detail/interactive_marker_init__type_support.cpp
[0.598s] -- Up-to-date: /home/hiromichi/rost2/install/visualization_msgs/lib/libvisualization_msgs__rosidl_typesupport_introspection_cpp.so
[0.598s] -- Up-to-date: /home/hiromichi/rost2/install/visualization_msgs/lib/libvisualization_msgs__rosidl_typesupport_cpp.so
[0.598s] -- Up-to-date: /home/hiromichi/rost2/install/visualization_msgs/share/ament_index/resource_index/rust_packages/visualization_msgs
[0.598s] -- Up-to-date: /home/hiromichi/rost2/install/visualization_msgs/share/visualization_msgs/rust
[0.598s] -- Up-to-date: /home/hiromichi/rost2/install/visualization_msgs/share/visualization_msgs/rust/src
[0.598s] -- Up-to-date: /home/hiromichi/rost2/install/visualization_msgs/share/visualization_msgs/rust/src/msg.rs
[0.599s] -- Up-to-date: /home/hiromichi/rost2/install/visualization_msgs/share/visualization_msgs/rust/src/srv.rs
[0.599s] -- Up-to-date: /home/hiromichi/rost2/install/visualization_msgs/share/visualization_msgs/rust/src/lib.rs
[0.599s] -- Up-to-date: /home/hiromichi/rost2/install/visualization_msgs/share/visualization_msgs/rust/Cargo.toml
[0.599s] -- Up-to-date: /home/hiromichi/rost2/install/visualization_msgs/share/visualization_msgs/rust/build.rs
[0.599s] -- Up-to-date: /home/hiromichi/rost2/install/visualization_msgs/share/visualization_msgs/environment/pythonpath.sh
[0.599s] -- Up-to-date: /home/hiromichi/rost2/install/visualization_msgs/share/visualization_msgs/environment/pythonpath.dsv
[0.599s] -- Up-to-date: /home/hiromichi/rost2/install/visualization_msgs/local/lib/python3.10/dist-packages/visualization_msgs-4.2.4-py3.10.egg-info
[0.599s] -- Installing: /home/hiromichi/rost2/install/visualization_msgs/local/lib/python3.10/dist-packages/visualization_msgs-4.2.4-py3.10.egg-info/top_level.txt
[0.599s] -- Installing: /home/hiromichi/rost2/install/visualization_msgs/local/lib/python3.10/dist-packages/visualization_msgs-4.2.4-py3.10.egg-info/dependency_links.txt
[0.600s] -- Installing: /home/hiromichi/rost2/install/visualization_msgs/local/lib/python3.10/dist-packages/visualization_msgs-4.2.4-py3.10.egg-info/SOURCES.txt
[0.600s] -- Installing: /home/hiromichi/rost2/install/visualization_msgs/local/lib/python3.10/dist-packages/visualization_msgs-4.2.4-py3.10.egg-info/PKG-INFO
[0.600s] -- Up-to-date: /home/hiromichi/rost2/install/visualization_msgs/local/lib/python3.10/dist-packages/visualization_msgs
[0.600s] -- Up-to-date: /home/hiromichi/rost2/install/visualization_msgs/local/lib/python3.10/dist-packages/visualization_msgs/srv
[0.600s] -- Up-to-date: /home/hiromichi/rost2/install/visualization_msgs/local/lib/python3.10/dist-packages/visualization_msgs/srv/_get_interactive_markers_s.c
[0.600s] -- Up-to-date: /home/hiromichi/rost2/install/visualization_msgs/local/lib/python3.10/dist-packages/visualization_msgs/srv/_get_interactive_markers.py
[0.600s] -- Up-to-date: /home/hiromichi/rost2/install/visualization_msgs/local/lib/python3.10/dist-packages/visualization_msgs/srv/__init__.py
[0.600s] -- Up-to-date: /home/hiromichi/rost2/install/visualization_msgs/local/lib/python3.10/dist-packages/visualization_msgs/visualization_msgs_s__rosidl_typesupport_introspection_c.cpython-310-x86_64-linux-gnu.so
[0.600s] -- Up-to-date: /home/hiromichi/rost2/install/visualization_msgs/local/lib/python3.10/dist-packages/visualization_msgs/libvisualization_msgs__rosidl_generator_py.so
[0.600s] -- Up-to-date: /home/hiromichi/rost2/install/visualization_msgs/local/lib/python3.10/dist-packages/visualization_msgs/_visualization_msgs_s.ep.rosidl_typesupport_c.c
[0.600s] -- Up-to-date: /home/hiromichi/rost2/install/visualization_msgs/local/lib/python3.10/dist-packages/visualization_msgs/_visualization_msgs_s.ep.rosidl_typesupport_fastrtps_c.c
[0.600s] -- Up-to-date: /home/hiromichi/rost2/install/visualization_msgs/local/lib/python3.10/dist-packages/visualization_msgs/visualization_msgs_s__rosidl_typesupport_fastrtps_c.cpython-310-x86_64-linux-gnu.so
[0.600s] -- Up-to-date: /home/hiromichi/rost2/install/visualization_msgs/local/lib/python3.10/dist-packages/visualization_msgs/_visualization_msgs_s.ep.rosidl_typesupport_introspection_c.c
[0.600s] -- Up-to-date: /home/hiromichi/rost2/install/visualization_msgs/local/lib/python3.10/dist-packages/visualization_msgs/visualization_msgs_s__rosidl_typesupport_c.cpython-310-x86_64-linux-gnu.so
[0.600s] -- Up-to-date: /home/hiromichi/rost2/install/visualization_msgs/local/lib/python3.10/dist-packages/visualization_msgs/msg
[0.600s] -- Up-to-date: /home/hiromichi/rost2/install/visualization_msgs/local/lib/python3.10/dist-packages/visualization_msgs/msg/_menu_entry_s.c
[0.600s] -- Up-to-date: /home/hiromichi/rost2/install/visualization_msgs/local/lib/python3.10/dist-packages/visualization_msgs/msg/_interactive_marker_feedback_s.c
[0.600s] -- Up-to-date: /home/hiromichi/rost2/install/visualization_msgs/local/lib/python3.10/dist-packages/visualization_msgs/msg/_marker_s.c
[0.600s] -- Up-to-date: /home/hiromichi/rost2/install/visualization_msgs/local/lib/python3.10/dist-packages/visualization_msgs/msg/_interactive_marker_s.c
[0.600s] -- Up-to-date: /home/hiromichi/rost2/install/visualization_msgs/local/lib/python3.10/dist-packages/visualization_msgs/msg/_mesh_file_s.c
[0.600s] -- Up-to-date: /home/hiromichi/rost2/install/visualization_msgs/local/lib/python3.10/dist-packages/visualization_msgs/msg/_interactive_marker_control_s.c
[0.600s] -- Up-to-date: /home/hiromichi/rost2/install/visualization_msgs/local/lib/python3.10/dist-packages/visualization_msgs/msg/_mesh_file.py
[0.600s] -- Up-to-date: /home/hiromichi/rost2/install/visualization_msgs/local/lib/python3.10/dist-packages/visualization_msgs/msg/_interactive_marker_control.py
[0.601s] -- Up-to-date: /home/hiromichi/rost2/install/visualization_msgs/local/lib/python3.10/dist-packages/visualization_msgs/msg/_interactive_marker_init.py
[0.601s] -- Up-to-date: /home/hiromichi/rost2/install/visualization_msgs/local/lib/python3.10/dist-packages/visualization_msgs/msg/_uv_coordinate_s.c
[0.601s] -- Up-to-date: /home/hiromichi/rost2/install/visualization_msgs/local/lib/python3.10/dist-packages/visualization_msgs/msg/_marker_array_s.c
[0.601s] -- Up-to-date: /home/hiromichi/rost2/install/visualization_msgs/local/lib/python3.10/dist-packages/visualization_msgs/msg/_image_marker_s.c
[0.601s] -- Up-to-date: /home/hiromichi/rost2/install/visualization_msgs/local/lib/python3.10/dist-packages/visualization_msgs/msg/_marker_array.py
[0.601s] -- Up-to-date: /home/hiromichi/rost2/install/visualization_msgs/local/lib/python3.10/dist-packages/visualization_msgs/msg/_image_marker.py
[0.601s] -- Up-to-date: /home/hiromichi/rost2/install/visualization_msgs/local/lib/python3.10/dist-packages/visualization_msgs/msg/_interactive_marker_update_s.c
[0.601s] -- Up-to-date: /home/hiromichi/rost2/install/visualization_msgs/local/lib/python3.10/dist-packages/visualization_msgs/msg/_interactive_marker_init_s.c
[0.601s] -- Up-to-date: /home/hiromichi/rost2/install/visualization_msgs/local/lib/python3.10/dist-packages/visualization_msgs/msg/_interactive_marker_update.py
[0.601s] -- Up-to-date: /home/hiromichi/rost2/install/visualization_msgs/local/lib/python3.10/dist-packages/visualization_msgs/msg/_interactive_marker_pose_s.c
[0.601s] -- Up-to-date: /home/hiromichi/rost2/install/visualization_msgs/local/lib/python3.10/dist-packages/visualization_msgs/msg/_interactive_marker.py
[0.601s] -- Up-to-date: /home/hiromichi/rost2/install/visualization_msgs/local/lib/python3.10/dist-packages/visualization_msgs/msg/_uv_coordinate.py
[0.601s] -- Up-to-date: /home/hiromichi/rost2/install/visualization_msgs/local/lib/python3.10/dist-packages/visualization_msgs/msg/_menu_entry.py
[0.601s] -- Up-to-date: /home/hiromichi/rost2/install/visualization_msgs/local/lib/python3.10/dist-packages/visualization_msgs/msg/_marker.py
[0.601s] -- Up-to-date: /home/hiromichi/rost2/install/visualization_msgs/local/lib/python3.10/dist-packages/visualization_msgs/msg/_interactive_marker_pose.py
[0.601s] -- Up-to-date: /home/hiromichi/rost2/install/visualization_msgs/local/lib/python3.10/dist-packages/visualization_msgs/msg/__init__.py
[0.601s] -- Up-to-date: /home/hiromichi/rost2/install/visualization_msgs/local/lib/python3.10/dist-packages/visualization_msgs/msg/_interactive_marker_feedback.py
[0.601s] -- Up-to-date: /home/hiromichi/rost2/install/visualization_msgs/local/lib/python3.10/dist-packages/visualization_msgs/__init__.py
[0.635s] Listing '/home/hiromichi/rost2/install/visualization_msgs/local/lib/python3.10/dist-packages/visualization_msgs'...
[0.635s] Listing '/home/hiromichi/rost2/install/visualization_msgs/local/lib/python3.10/dist-packages/visualization_msgs/msg'...
[0.635s] Listing '/home/hiromichi/rost2/install/visualization_msgs/local/lib/python3.10/dist-packages/visualization_msgs/srv'...
[0.639s] -- Up-to-date: /home/hiromichi/rost2/install/visualization_msgs/local/lib/python3.10/dist-packages/visualization_msgs/visualization_msgs_s__rosidl_typesupport_fastrtps_c.cpython-310-x86_64-linux-gnu.so
[0.640s] -- Up-to-date: /home/hiromichi/rost2/install/visualization_msgs/local/lib/python3.10/dist-packages/visualization_msgs/visualization_msgs_s__rosidl_typesupport_introspection_c.cpython-310-x86_64-linux-gnu.so
[0.641s] -- Up-to-date: /home/hiromichi/rost2/install/visualization_msgs/local/lib/python3.10/dist-packages/visualization_msgs/visualization_msgs_s__rosidl_typesupport_c.cpython-310-x86_64-linux-gnu.so
[0.642s] -- Up-to-date: /home/hiromichi/rost2/install/visualization_msgs/lib/libvisualization_msgs__rosidl_generator_py.so
[0.643s] -- Up-to-date: /home/hiromichi/rost2/install/visualization_msgs/share/visualization_msgs/msg/ImageMarker.idl
[0.643s] -- Up-to-date: /home/hiromichi/rost2/install/visualization_msgs/share/visualization_msgs/msg/InteractiveMarker.idl
[0.643s] -- Up-to-date: /home/hiromichi/rost2/install/visualization_msgs/share/visualization_msgs/msg/InteractiveMarkerControl.idl
[0.643s] -- Up-to-date: /home/hiromichi/rost2/install/visualization_msgs/share/visualization_msgs/msg/InteractiveMarkerFeedback.idl
[0.643s] -- Up-to-date: /home/hiromichi/rost2/install/visualization_msgs/share/visualization_msgs/msg/InteractiveMarkerInit.idl
[0.644s] -- Up-to-date: /home/hiromichi/rost2/install/visualization_msgs/share/visualization_msgs/msg/InteractiveMarkerPose.idl
[0.644s] -- Up-to-date: /home/hiromichi/rost2/install/visualization_msgs/share/visualization_msgs/msg/InteractiveMarkerUpdate.idl
[0.644s] -- Up-to-date: /home/hiromichi/rost2/install/visualization_msgs/share/visualization_msgs/msg/Marker.idl
[0.644s] -- Up-to-date: /home/hiromichi/rost2/install/visualization_msgs/share/visualization_msgs/msg/MarkerArray.idl
[0.644s] -- Up-to-date: /home/hiromichi/rost2/install/visualization_msgs/share/visualization_msgs/msg/MenuEntry.idl
[0.645s] -- Up-to-date: /home/hiromichi/rost2/install/visualization_msgs/share/visualization_msgs/msg/MeshFile.idl
[0.645s] -- Up-to-date: /home/hiromichi/rost2/install/visualization_msgs/share/visualization_msgs/msg/UVCoordinate.idl
[0.645s] -- Up-to-date: /home/hiromichi/rost2/install/visualization_msgs/share/visualization_msgs/srv/GetInteractiveMarkers.idl
[0.646s] -- Up-to-date: /home/hiromichi/rost2/install/visualization_msgs/share/visualization_msgs/msg/ImageMarker.msg
[0.646s] -- Up-to-date: /home/hiromichi/rost2/install/visualization_msgs/share/visualization_msgs/msg/InteractiveMarker.msg
[0.646s] -- Up-to-date: /home/hiromichi/rost2/install/visualization_msgs/share/visualization_msgs/msg/InteractiveMarkerControl.msg
[0.646s] -- Up-to-date: /home/hiromichi/rost2/install/visualization_msgs/share/visualization_msgs/msg/InteractiveMarkerFeedback.msg
[0.646s] -- Up-to-date: /home/hiromichi/rost2/install/visualization_msgs/share/visualization_msgs/msg/InteractiveMarkerInit.msg
[0.646s] -- Up-to-date: /home/hiromichi/rost2/install/visualization_msgs/share/visualization_msgs/msg/InteractiveMarkerPose.msg
[0.646s] -- Up-to-date: /home/hiromichi/rost2/install/visualization_msgs/share/visualization_msgs/msg/InteractiveMarkerUpdate.msg
[0.646s] -- Up-to-date: /home/hiromichi/rost2/install/visualization_msgs/share/visualization_msgs/msg/Marker.msg
[0.647s] -- Up-to-date: /home/hiromichi/rost2/install/visualization_msgs/share/visualization_msgs/msg/MarkerArray.msg
[0.647s] -- Up-to-date: /home/hiromichi/rost2/install/visualization_msgs/share/visualization_msgs/msg/MenuEntry.msg
[0.647s] -- Up-to-date: /home/hiromichi/rost2/install/visualization_msgs/share/visualization_msgs/msg/MeshFile.msg
[0.647s] -- Up-to-date: /home/hiromichi/rost2/install/visualization_msgs/share/visualization_msgs/msg/UVCoordinate.msg
[0.647s] -- Up-to-date: /home/hiromichi/rost2/install/visualization_msgs/share/visualization_msgs/srv/GetInteractiveMarkers.srv
[0.647s] -- Up-to-date: /home/hiromichi/rost2/install/visualization_msgs/share/visualization_msgs/srv/GetInteractiveMarkers_Request.msg
[0.647s] -- Up-to-date: /home/hiromichi/rost2/install/visualization_msgs/share/visualization_msgs/srv/GetInteractiveMarkers_Response.msg
[0.647s] -- Up-to-date: /home/hiromichi/rost2/install/visualization_msgs/share/ament_index/resource_index/package_run_dependencies/visualization_msgs
[0.647s] -- Up-to-date: /home/hiromichi/rost2/install/visualization_msgs/share/ament_index/resource_index/parent_prefix_path/visualization_msgs
[0.647s] -- Up-to-date: /home/hiromichi/rost2/install/visualization_msgs/share/visualization_msgs/environment/ament_prefix_path.sh
[0.648s] -- Up-to-date: /home/hiromichi/rost2/install/visualization_msgs/share/visualization_msgs/environment/ament_prefix_path.dsv
[0.648s] -- Up-to-date: /home/hiromichi/rost2/install/visualization_msgs/share/visualization_msgs/environment/path.sh
[0.648s] -- Up-to-date: /home/hiromichi/rost2/install/visualization_msgs/share/visualization_msgs/environment/path.dsv
[0.648s] -- Up-to-date: /home/hiromichi/rost2/install/visualization_msgs/share/visualization_msgs/local_setup.bash
[0.648s] -- Up-to-date: /home/hiromichi/rost2/install/visualization_msgs/share/visualization_msgs/local_setup.sh
[0.648s] -- Up-to-date: /home/hiromichi/rost2/install/visualization_msgs/share/visualization_msgs/local_setup.zsh
[0.648s] -- Up-to-date: /home/hiromichi/rost2/install/visualization_msgs/share/visualization_msgs/local_setup.dsv
[0.649s] -- Installing: /home/hiromichi/rost2/install/visualization_msgs/share/visualization_msgs/package.dsv
[0.649s] -- Up-to-date: /home/hiromichi/rost2/install/visualization_msgs/share/ament_index/resource_index/packages/visualization_msgs
[0.649s] -- Up-to-date: /home/hiromichi/rost2/install/visualization_msgs/share/visualization_msgs/cmake/export_visualization_msgs__rosidl_generator_cExport.cmake
[0.649s] -- Up-to-date: /home/hiromichi/rost2/install/visualization_msgs/share/visualization_msgs/cmake/export_visualization_msgs__rosidl_generator_cExport-noconfig.cmake
[0.649s] -- Up-to-date: /home/hiromichi/rost2/install/visualization_msgs/share/visualization_msgs/cmake/export_visualization_msgs__rosidl_typesupport_fastrtps_cExport.cmake
[0.649s] -- Up-to-date: /home/hiromichi/rost2/install/visualization_msgs/share/visualization_msgs/cmake/export_visualization_msgs__rosidl_typesupport_fastrtps_cExport-noconfig.cmake
[0.649s] -- Up-to-date: /home/hiromichi/rost2/install/visualization_msgs/share/visualization_msgs/cmake/export_visualization_msgs__rosidl_generator_cppExport.cmake
[0.649s] -- Up-to-date: /home/hiromichi/rost2/install/visualization_msgs/share/visualization_msgs/cmake/export_visualization_msgs__rosidl_typesupport_fastrtps_cppExport.cmake
[0.650s] -- Up-to-date: /home/hiromichi/rost2/install/visualization_msgs/share/visualization_msgs/cmake/export_visualization_msgs__rosidl_typesupport_fastrtps_cppExport-noconfig.cmake
[0.650s] -- Up-to-date: /home/hiromichi/rost2/install/visualization_msgs/share/visualization_msgs/cmake/visualization_msgs__rosidl_typesupport_introspection_cExport.cmake
[0.650s] -- Up-to-date: /home/hiromichi/rost2/install/visualization_msgs/share/visualization_msgs/cmake/visualization_msgs__rosidl_typesupport_introspection_cExport-noconfig.cmake
[0.651s] -- Up-to-date: /home/hiromichi/rost2/install/visualization_msgs/share/visualization_msgs/cmake/visualization_msgs__rosidl_typesupport_cExport.cmake
[0.651s] -- Up-to-date: /home/hiromichi/rost2/install/visualization_msgs/share/visualization_msgs/cmake/visualization_msgs__rosidl_typesupport_cExport-noconfig.cmake
[0.651s] -- Up-to-date: /home/hiromichi/rost2/install/visualization_msgs/share/visualization_msgs/cmake/visualization_msgs__rosidl_typesupport_introspection_cppExport.cmake
[0.652s] -- Up-to-date: /home/hiromichi/rost2/install/visualization_msgs/share/visualization_msgs/cmake/visualization_msgs__rosidl_typesupport_introspection_cppExport-noconfig.cmake
[0.652s] -- Up-to-date: /home/hiromichi/rost2/install/visualization_msgs/share/visualization_msgs/cmake/visualization_msgs__rosidl_typesupport_cppExport.cmake
[0.652s] -- Up-to-date: /home/hiromichi/rost2/install/visualization_msgs/share/visualization_msgs/cmake/visualization_msgs__rosidl_typesupport_cppExport-noconfig.cmake
[0.653s] -- Up-to-date: /home/hiromichi/rost2/install/visualization_msgs/share/visualization_msgs/cmake/export_visualization_msgs__rosidl_generator_pyExport.cmake
[0.653s] -- Up-to-date: /home/hiromichi/rost2/install/visualization_msgs/share/visualization_msgs/cmake/export_visualization_msgs__rosidl_generator_pyExport-noconfig.cmake
[0.653s] -- Up-to-date: /home/hiromichi/rost2/install/visualization_msgs/share/visualization_msgs/cmake/rosidl_cmake-extras.cmake
[0.653s] -- Up-to-date: /home/hiromichi/rost2/install/visualization_msgs/share/visualization_msgs/cmake/ament_cmake_export_dependencies-extras.cmake
[0.653s] -- Up-to-date: /home/hiromichi/rost2/install/visualization_msgs/share/visualization_msgs/cmake/ament_cmake_export_include_directories-extras.cmake
[0.654s] -- Up-to-date: /home/hiromichi/rost2/install/visualization_msgs/share/visualization_msgs/cmake/ament_cmake_export_libraries-extras.cmake
[0.654s] -- Up-to-date: /home/hiromichi/rost2/install/visualization_msgs/share/visualization_msgs/cmake/ament_cmake_export_targets-extras.cmake
[0.654s] -- Up-to-date: /home/hiromichi/rost2/install/visualization_msgs/share/visualization_msgs/cmake/rosidl_cmake_export_typesupport_targets-extras.cmake
[0.654s] -- Up-to-date: /home/hiromichi/rost2/install/visualization_msgs/share/visualization_msgs/cmake/rosidl_cmake_export_typesupport_libraries-extras.cmake
[0.654s] -- Up-to-date: /home/hiromichi/rost2/install/visualization_msgs/share/visualization_msgs/cmake/visualization_msgsConfig.cmake
[0.654s] -- Up-to-date: /home/hiromichi/rost2/install/visualization_msgs/share/visualization_msgs/cmake/visualization_msgsConfig-version.cmake
[0.654s] -- Up-to-date: /home/hiromichi/rost2/install/visualization_msgs/share/visualization_msgs/package.xml
[0.658s] Invoked command in '/home/hiromichi/rost2/build/visualization_msgs' returned '0': AMENT_PREFIX_PATH=/home/hiromichi/rost2/install/sensor_msgs:/home/hiromichi/rost2/install/geometry_msgs:/home/hiromichi/rost2/install/std_msgs:/home/hiromichi/rost2/install/builtin_interfaces:/home/hiromichi/rost2/install/rosidl_default_runtime:/home/hiromichi/rost2/install/rosidl_default_generators:/home/hiromichi/rost2/install/rosidl_generator_rs:/home/hiromichi/rost2/install/rosidl_runtime_rs:${AMENT_PREFIX_PATH} CMAKE_PREFIX_PATH=/home/hiromichi/rost2/install/sensor_msgs:/home/hiromichi/rost2/install/geometry_msgs:/home/hiromichi/rost2/install/std_msgs:/home/hiromichi/rost2/install/builtin_interfaces:/home/hiromichi/rost2/install/rosidl_default_runtime:/home/hiromichi/rost2/install/rosidl_default_generators:/home/hiromichi/rost2/install/rosidl_generator_rs:/opt/ros/humble LD_LIBRARY_PATH=/home/hiromichi/rost2/install/sensor_msgs/lib:/home/hiromichi/rost2/install/geometry_msgs/lib:/home/hiromichi/rost2/install/std_msgs/lib:/home/hiromichi/rost2/install/builtin_interfaces/lib:${LD_LIBRARY_PATH} PYTHONPATH=/home/hiromichi/rost2/install/sensor_msgs/local/lib/python3.10/dist-packages:/home/hiromichi/rost2/install/geometry_msgs/local/lib/python3.10/dist-packages:/home/hiromichi/rost2/install/std_msgs/local/lib/python3.10/dist-packages:/home/hiromichi/rost2/install/builtin_interfaces/local/lib/python3.10/dist-packages:/home/hiromichi/rost2/install/rosidl_generator_rs/local/lib/python3.10/dist-packages:${PYTHONPATH} /usr/bin/cmake --install /home/hiromichi/rost2/build/visualization_msgs
