[0.151s] Invoking command in '/home/hiro/rust_ws/build/rclrs_example_msgs': AMENT_PREFIX_PATH=/home/hiro/rust_ws/install/rosidl_runtime_rs:/home/hiro/rust_ws/install/common_interfaces:/home/hiro/rust_ws/install/visualization_msgs:/home/hiro/rust_ws/install/test_msgs:/home/hiro/rust_ws/install/examples_rclrs_minimal_client_service:/home/hiro/rust_ws/install/example_interfaces:/home/hiro/rust_ws/install/action_msgs:/home/hiro/rust_ws/install/unique_identifier_msgs:/home/hiro/rust_ws/install/trajectory_msgs:/home/hiro/rust_ws/install/test_interface_files:/home/hiro/rust_ws/install/stereo_msgs:/home/hiro/rust_ws/install/std_srvs:/home/hiro/rust_ws/install/shape_msgs:/home/hiro/rust_ws/install/sensor_msgs_py:/home/hiro/rust_ws/install/sensor_msgs:/home/hiro/rust_ws/install/rust_pubsub:/home/hiro/rust_ws/install/nav_msgs:/home/hiro/rust_ws/install/diagnostic_msgs:/home/hiro/rust_ws/install/geometry_msgs:/home/hiro/rust_ws/install/examples_rclrs_minimal_pub_sub:/home/hiro/rust_ws/install/actionlib_msgs:/home/hiro/rust_ws/install/std_msgs:/home/hiro/rust_ws/install/statistics_msgs:/home/hiro/rust_ws/install/examples_rclrs_message_demo:/home/hiro/rust_ws/install/rclrs:/home/hiro/rust_ws/install/rosgraph_msgs:/home/hiro/rust_ws/install/rclrs_example_msgs:/home/hiro/rust_ws/install/composition_interfaces:/home/hiro/rust_ws/install/rcl_interfaces:/home/hiro/rust_ws/install/lifecycle_msgs:/home/hiro/rust_ws/install/builtin_interfaces:/home/hiro/rust_ws/install/rosidl_default_runtime:/home/hiro/rust_ws/install/rosidl_default_generators:/home/hiro/rust_ws/install/rosidl_generator_rs:/home/hiro/ws_livox/install/livox_ros_driver2:/opt/ros/humble CMAKE_PREFIX_PATH=/home/hiro/rust_ws/install/rosidl_default_runtime:/home/hiro/rust_ws/install/rosidl_default_generators:/home/hiro/rust_ws/install/rosidl_generator_rs:/home/hiro/rust_ws/install/common_interfaces:/home/hiro/rust_ws/install/visualization_msgs:/home/hiro/rust_ws/install/test_msgs:/home/hiro/rust_ws/install/example_interfaces:/home/hiro/rust_ws/install/action_msgs:/home/hiro/rust_ws/install/unique_identifier_msgs:/home/hiro/rust_ws/install/trajectory_msgs:/home/hiro/rust_ws/install/test_interface_files:/home/hiro/rust_ws/install/stereo_msgs:/home/hiro/rust_ws/install/std_srvs:/home/hiro/rust_ws/install/shape_msgs:/home/hiro/rust_ws/install/sensor_msgs:/home/hiro/rust_ws/install/nav_msgs:/home/hiro/rust_ws/install/diagnostic_msgs:/home/hiro/rust_ws/install/geometry_msgs:/home/hiro/rust_ws/install/actionlib_msgs:/home/hiro/rust_ws/install/std_msgs:/home/hiro/rust_ws/install/statistics_msgs:/home/hiro/rust_ws/install/rosgraph_msgs:/home/hiro/rust_ws/install/rclrs_example_msgs:/home/hiro/rust_ws/install/composition_interfaces:/home/hiro/rust_ws/install/rcl_interfaces:/home/hiro/rust_ws/install/lifecycle_msgs:/home/hiro/rust_ws/install/builtin_interfaces:/home/hiro/ws_livox/install/livox_ros_driver2:/home/hiro/rust_ws/install/examples_rclrs_minimal_client_service:/home/hiro/rust_ws/install/sensor_msgs_py:/home/hiro/rust_ws/install/rust_pubsub:/home/hiro/rust_ws/install/examples_rclrs_minimal_pub_sub:/home/hiro/rust_ws/install/examples_rclrs_message_demo:/home/hiro/rust_ws/install/rclrs:/home/hiro/rust_ws/install/rosidl_runtime_rs:/opt/ros/humble /usr/bin/cmake /home/hiro/rust_ws/src/ros2_rust/examples/rclrs_example_msgs -DCMAKE_INSTALL_PREFIX=/home/hiro/rust_ws/install/rclrs_example_msgs
[0.245s] -- The C compiler identification is GNU 11.4.0
[0.694s] -- The CXX compiler identification is GNU 11.4.0
[1.040s] -- Detecting C compiler ABI info
[1.158s] -- Detecting C compiler ABI info - done
[1.162s] -- Check for working C compiler: /usr/bin/cc - skipped
[1.163s] -- Detecting C compile features
[1.163s] -- Detecting C compile features - done
[1.164s] -- Detecting CXX compiler ABI info
[1.294s] -- Detecting CXX compiler ABI info - done
[1.299s] -- Check for working CXX compiler: /usr/bin/c++ - skipped
[1.299s] -- Detecting CXX compile features
[1.300s] -- Detecting CXX compile features - done
[1.301s] -- Found ament_cmake: 1.3.10 (/opt/ros/humble/share/ament_cmake/cmake)
[1.842s] -- Found Python3: /usr/bin/python3 (found version "3.10.12") found components: Interpreter 
[1.910s] -- Found rosidl_default_generators: 1.2.0 (/home/hiro/rust_ws/install/rosidl_default_generators/share/rosidl_default_generators/cmake)
[1.915s] -- Using all available rosidl_typesupport_c: rosidl_typesupport_fastrtps_c;rosidl_typesupport_introspection_c
[1.919s] -- Found rosidl_adapter: 3.1.5 (/opt/ros/humble/share/rosidl_adapter/cmake)
[2.073s] -- Using all available rosidl_typesupport_cpp: rosidl_typesupport_fastrtps_cpp;rosidl_typesupport_introspection_cpp
[2.300s] -- Found ament_cmake_ros: 0.10.0 (/opt/ros/humble/share/ament_cmake_ros/cmake)
[2.459s] -- Using all available rosidl_typesupport_c: rosidl_typesupport_fastrtps_c;rosidl_typesupport_introspection_c
[2.658s] -- Using all available rosidl_typesupport_cpp: rosidl_typesupport_fastrtps_cpp;rosidl_typesupport_introspection_cpp
[2.740s] -- Found PythonInterp: /usr/bin/python3 (found suitable version "3.10.12", minimum required is "3.6") 
[2.741s] -- Found python_cmake_module: 0.10.0 (/opt/ros/humble/share/python_cmake_module/cmake)
[3.057s] -- Found PythonLibs: /usr/lib/x86_64-linux-gnu/libpython3.10.so (found suitable version "3.10.12", minimum required is "3.5") 
[3.058s] -- Using PYTHON_EXECUTABLE: /usr/bin/python3
[3.058s] -- Using PYTHON_INCLUDE_DIRS: /usr/include/python3.10
[3.058s] -- Using PYTHON_LIBRARIES: /usr/lib/x86_64-linux-gnu/libpython3.10.so
[3.083s] -- Found PythonExtra: .so  
[3.183s] -- Configuring done
[3.222s] -- Generating done
[3.224s] -- Build files have been written to: /home/hiro/rust_ws/build/rclrs_example_msgs
[3.234s] Invoked command in '/home/hiro/rust_ws/build/rclrs_example_msgs' returned '0': AMENT_PREFIX_PATH=/home/hiro/rust_ws/install/rosidl_runtime_rs:/home/hiro/rust_ws/install/common_interfaces:/home/hiro/rust_ws/install/visualization_msgs:/home/hiro/rust_ws/install/test_msgs:/home/hiro/rust_ws/install/examples_rclrs_minimal_client_service:/home/hiro/rust_ws/install/example_interfaces:/home/hiro/rust_ws/install/action_msgs:/home/hiro/rust_ws/install/unique_identifier_msgs:/home/hiro/rust_ws/install/trajectory_msgs:/home/hiro/rust_ws/install/test_interface_files:/home/hiro/rust_ws/install/stereo_msgs:/home/hiro/rust_ws/install/std_srvs:/home/hiro/rust_ws/install/shape_msgs:/home/hiro/rust_ws/install/sensor_msgs_py:/home/hiro/rust_ws/install/sensor_msgs:/home/hiro/rust_ws/install/rust_pubsub:/home/hiro/rust_ws/install/nav_msgs:/home/hiro/rust_ws/install/diagnostic_msgs:/home/hiro/rust_ws/install/geometry_msgs:/home/hiro/rust_ws/install/examples_rclrs_minimal_pub_sub:/home/hiro/rust_ws/install/actionlib_msgs:/home/hiro/rust_ws/install/std_msgs:/home/hiro/rust_ws/install/statistics_msgs:/home/hiro/rust_ws/install/examples_rclrs_message_demo:/home/hiro/rust_ws/install/rclrs:/home/hiro/rust_ws/install/rosgraph_msgs:/home/hiro/rust_ws/install/rclrs_example_msgs:/home/hiro/rust_ws/install/composition_interfaces:/home/hiro/rust_ws/install/rcl_interfaces:/home/hiro/rust_ws/install/lifecycle_msgs:/home/hiro/rust_ws/install/builtin_interfaces:/home/hiro/rust_ws/install/rosidl_default_runtime:/home/hiro/rust_ws/install/rosidl_default_generators:/home/hiro/rust_ws/install/rosidl_generator_rs:/home/hiro/ws_livox/install/livox_ros_driver2:/opt/ros/humble CMAKE_PREFIX_PATH=/home/hiro/rust_ws/install/rosidl_default_runtime:/home/hiro/rust_ws/install/rosidl_default_generators:/home/hiro/rust_ws/install/rosidl_generator_rs:/home/hiro/rust_ws/install/common_interfaces:/home/hiro/rust_ws/install/visualization_msgs:/home/hiro/rust_ws/install/test_msgs:/home/hiro/rust_ws/install/example_interfaces:/home/hiro/rust_ws/install/action_msgs:/home/hiro/rust_ws/install/unique_identifier_msgs:/home/hiro/rust_ws/install/trajectory_msgs:/home/hiro/rust_ws/install/test_interface_files:/home/hiro/rust_ws/install/stereo_msgs:/home/hiro/rust_ws/install/std_srvs:/home/hiro/rust_ws/install/shape_msgs:/home/hiro/rust_ws/install/sensor_msgs:/home/hiro/rust_ws/install/nav_msgs:/home/hiro/rust_ws/install/diagnostic_msgs:/home/hiro/rust_ws/install/geometry_msgs:/home/hiro/rust_ws/install/actionlib_msgs:/home/hiro/rust_ws/install/std_msgs:/home/hiro/rust_ws/install/statistics_msgs:/home/hiro/rust_ws/install/rosgraph_msgs:/home/hiro/rust_ws/install/rclrs_example_msgs:/home/hiro/rust_ws/install/composition_interfaces:/home/hiro/rust_ws/install/rcl_interfaces:/home/hiro/rust_ws/install/lifecycle_msgs:/home/hiro/rust_ws/install/builtin_interfaces:/home/hiro/ws_livox/install/livox_ros_driver2:/home/hiro/rust_ws/install/examples_rclrs_minimal_client_service:/home/hiro/rust_ws/install/sensor_msgs_py:/home/hiro/rust_ws/install/rust_pubsub:/home/hiro/rust_ws/install/examples_rclrs_minimal_pub_sub:/home/hiro/rust_ws/install/examples_rclrs_message_demo:/home/hiro/rust_ws/install/rclrs:/home/hiro/rust_ws/install/rosidl_runtime_rs:/opt/ros/humble /usr/bin/cmake /home/hiro/rust_ws/src/ros2_rust/examples/rclrs_example_msgs -DCMAKE_INSTALL_PREFIX=/home/hiro/rust_ws/install/rclrs_example_msgs
[3.235s] Invoking command in '/home/hiro/rust_ws/build/rclrs_example_msgs': AMENT_PREFIX_PATH=/home/hiro/rust_ws/install/rosidl_runtime_rs:/home/hiro/rust_ws/install/common_interfaces:/home/hiro/rust_ws/install/visualization_msgs:/home/hiro/rust_ws/install/test_msgs:/home/hiro/rust_ws/install/examples_rclrs_minimal_client_service:/home/hiro/rust_ws/install/example_interfaces:/home/hiro/rust_ws/install/action_msgs:/home/hiro/rust_ws/install/unique_identifier_msgs:/home/hiro/rust_ws/install/trajectory_msgs:/home/hiro/rust_ws/install/test_interface_files:/home/hiro/rust_ws/install/stereo_msgs:/home/hiro/rust_ws/install/std_srvs:/home/hiro/rust_ws/install/shape_msgs:/home/hiro/rust_ws/install/sensor_msgs_py:/home/hiro/rust_ws/install/sensor_msgs:/home/hiro/rust_ws/install/rust_pubsub:/home/hiro/rust_ws/install/nav_msgs:/home/hiro/rust_ws/install/diagnostic_msgs:/home/hiro/rust_ws/install/geometry_msgs:/home/hiro/rust_ws/install/examples_rclrs_minimal_pub_sub:/home/hiro/rust_ws/install/actionlib_msgs:/home/hiro/rust_ws/install/std_msgs:/home/hiro/rust_ws/install/statistics_msgs:/home/hiro/rust_ws/install/examples_rclrs_message_demo:/home/hiro/rust_ws/install/rclrs:/home/hiro/rust_ws/install/rosgraph_msgs:/home/hiro/rust_ws/install/rclrs_example_msgs:/home/hiro/rust_ws/install/composition_interfaces:/home/hiro/rust_ws/install/rcl_interfaces:/home/hiro/rust_ws/install/lifecycle_msgs:/home/hiro/rust_ws/install/builtin_interfaces:/home/hiro/rust_ws/install/rosidl_default_runtime:/home/hiro/rust_ws/install/rosidl_default_generators:/home/hiro/rust_ws/install/rosidl_generator_rs:/home/hiro/ws_livox/install/livox_ros_driver2:/opt/ros/humble CMAKE_PREFIX_PATH=/home/hiro/rust_ws/install/rosidl_default_runtime:/home/hiro/rust_ws/install/rosidl_default_generators:/home/hiro/rust_ws/install/rosidl_generator_rs:/home/hiro/rust_ws/install/common_interfaces:/home/hiro/rust_ws/install/visualization_msgs:/home/hiro/rust_ws/install/test_msgs:/home/hiro/rust_ws/install/example_interfaces:/home/hiro/rust_ws/install/action_msgs:/home/hiro/rust_ws/install/unique_identifier_msgs:/home/hiro/rust_ws/install/trajectory_msgs:/home/hiro/rust_ws/install/test_interface_files:/home/hiro/rust_ws/install/stereo_msgs:/home/hiro/rust_ws/install/std_srvs:/home/hiro/rust_ws/install/shape_msgs:/home/hiro/rust_ws/install/sensor_msgs:/home/hiro/rust_ws/install/nav_msgs:/home/hiro/rust_ws/install/diagnostic_msgs:/home/hiro/rust_ws/install/geometry_msgs:/home/hiro/rust_ws/install/actionlib_msgs:/home/hiro/rust_ws/install/std_msgs:/home/hiro/rust_ws/install/statistics_msgs:/home/hiro/rust_ws/install/rosgraph_msgs:/home/hiro/rust_ws/install/rclrs_example_msgs:/home/hiro/rust_ws/install/composition_interfaces:/home/hiro/rust_ws/install/rcl_interfaces:/home/hiro/rust_ws/install/lifecycle_msgs:/home/hiro/rust_ws/install/builtin_interfaces:/home/hiro/ws_livox/install/livox_ros_driver2:/home/hiro/rust_ws/install/examples_rclrs_minimal_client_service:/home/hiro/rust_ws/install/sensor_msgs_py:/home/hiro/rust_ws/install/rust_pubsub:/home/hiro/rust_ws/install/examples_rclrs_minimal_pub_sub:/home/hiro/rust_ws/install/examples_rclrs_message_demo:/home/hiro/rust_ws/install/rclrs:/home/hiro/rust_ws/install/rosidl_runtime_rs:/opt/ros/humble /usr/bin/cmake --build /home/hiro/rust_ws/build/rclrs_example_msgs -- -j22 -l22
[3.267s] [  2%] [34m[1mGenerating C code for ROS interfaces[0m
[3.278s] [  4%] [34m[1mGenerating C++ code for ROS interfaces[0m
[3.278s] [  6%] [34m[1mGenerating Rust code for ROS interfaces[0m
[3.285s] [  6%] Built target ament_cmake_python_copy_rclrs_example_msgs
[3.767s] running egg_info
[3.767s] creating rclrs_example_msgs.egg-info
[3.783s] writing rclrs_example_msgs.egg-info/PKG-INFO
[3.783s] writing dependency_links to rclrs_example_msgs.egg-info/dependency_links.txt
[3.784s] writing top-level names to rclrs_example_msgs.egg-info/top_level.txt
[3.784s] writing manifest file 'rclrs_example_msgs.egg-info/SOURCES.txt'
[3.846s] reading manifest file 'rclrs_example_msgs.egg-info/SOURCES.txt'
[3.849s] writing manifest file 'rclrs_example_msgs.egg-info/SOURCES.txt'
[3.974s] [  6%] Built target ament_cmake_python_build_rclrs_example_msgs_egg
[4.873s] [  6%] Built target rclrs_example_msgs__rs
[5.248s] [  6%] Built target rclrs_example_msgs__cpp
[5.267s] [  8%] [34m[1mGenerating C++ type support for eProsima Fast-RTPS[0m
[5.276s] [ 10%] [34m[1mGenerating C++ introspection for ROS interfaces[0m
[5.337s] [ 12%] [34m[1mGenerating C++ type support dispatch for ROS interfaces[0m
[5.345s] [ 14%] [32mBuilding C object CMakeFiles/rclrs_example_msgs__rosidl_generator_c.dir/rosidl_generator_c/rclrs_example_msgs/msg/detail/my_message__functions.c.o[0m
[5.383s] [ 16%] [32mBuilding C object CMakeFiles/rclrs_example_msgs__rosidl_generator_c.dir/rosidl_generator_c/rclrs_example_msgs/msg/detail/various_types__functions.c.o[0m
[5.393s] [ 18%] [32mBuilding C object CMakeFiles/rclrs_example_msgs__rosidl_generator_c.dir/rosidl_generator_c/rclrs_example_msgs/msg/detail/nested_type__functions.c.o[0m
[5.511s] [ 20%] [32m[1mLinking C shared library librclrs_example_msgs__rosidl_generator_c.so[0m
[5.682s] [ 20%] Built target rclrs_example_msgs__rosidl_generator_c
[5.691s] [ 22%] [34m[1mGenerating C type support dispatch for ROS interfaces[0m
[5.691s] [ 25%] [34m[1mGenerating C introspection for ROS interfaces[0m
[5.691s] [ 27%] [34m[1mGenerating C type support for eProsima Fast-RTPS[0m
[6.519s] [ 31%] [32mBuilding CXX object CMakeFiles/rclrs_example_msgs__rosidl_typesupport_cpp.dir/rosidl_typesupport_cpp/rclrs_example_msgs/msg/my_message__type_support.cpp.o[0m
[6.519s] [ 31%] [32mBuilding CXX object CMakeFiles/rclrs_example_msgs__rosidl_typesupport_cpp.dir/rosidl_typesupport_cpp/rclrs_example_msgs/msg/nested_type__type_support.cpp.o[0m
[6.522s] [ 33%] [32mBuilding CXX object CMakeFiles/rclrs_example_msgs__rosidl_typesupport_cpp.dir/rosidl_typesupport_cpp/rclrs_example_msgs/msg/various_types__type_support.cpp.o[0m
[6.764s] [ 35%] [32mBuilding CXX object CMakeFiles/rclrs_example_msgs__rosidl_typesupport_introspection_cpp.dir/rosidl_typesupport_introspection_cpp/rclrs_example_msgs/msg/detail/my_message__type_support.cpp.o[0m
[6.770s] [ 37%] [32mBuilding CXX object CMakeFiles/rclrs_example_msgs__rosidl_typesupport_introspection_cpp.dir/rosidl_typesupport_introspection_cpp/rclrs_example_msgs/msg/detail/various_types__type_support.cpp.o[0m
[6.772s] [ 39%] [32mBuilding CXX object CMakeFiles/rclrs_example_msgs__rosidl_typesupport_introspection_cpp.dir/rosidl_typesupport_introspection_cpp/rclrs_example_msgs/msg/detail/nested_type__type_support.cpp.o[0m
[6.788s] [ 41%] [32mBuilding CXX object CMakeFiles/rclrs_example_msgs__rosidl_typesupport_fastrtps_cpp.dir/rosidl_typesupport_fastrtps_cpp/rclrs_example_msgs/msg/detail/dds_fastrtps/various_types__type_support.cpp.o[0m
[6.788s] [ 43%] [32mBuilding CXX object CMakeFiles/rclrs_example_msgs__rosidl_typesupport_fastrtps_cpp.dir/rosidl_typesupport_fastrtps_cpp/rclrs_example_msgs/msg/detail/dds_fastrtps/nested_type__type_support.cpp.o[0m
[6.788s] [ 45%] [32mBuilding CXX object CMakeFiles/rclrs_example_msgs__rosidl_typesupport_fastrtps_cpp.dir/rosidl_typesupport_fastrtps_cpp/rclrs_example_msgs/msg/detail/dds_fastrtps/my_message__type_support.cpp.o[0m
[6.878s] [ 50%] [32mBuilding CXX object CMakeFiles/rclrs_example_msgs__rosidl_typesupport_c.dir/rosidl_typesupport_c/rclrs_example_msgs/msg/various_types__type_support.cpp.o[0m
[6.893s] [ 50%] [32mBuilding CXX object CMakeFiles/rclrs_example_msgs__rosidl_typesupport_c.dir/rosidl_typesupport_c/rclrs_example_msgs/msg/nested_type__type_support.cpp.o[0m
[6.894s] [ 52%] [32mBuilding CXX object CMakeFiles/rclrs_example_msgs__rosidl_typesupport_c.dir/rosidl_typesupport_c/rclrs_example_msgs/msg/my_message__type_support.cpp.o[0m
[6.894s] [ 54%] [32m[1mLinking CXX shared library librclrs_example_msgs__rosidl_typesupport_cpp.so[0m
[6.934s] [ 56%] [32m[1mLinking CXX shared library librclrs_example_msgs__rosidl_typesupport_c.so[0m
[7.034s] [ 58%] [32mBuilding CXX object CMakeFiles/rclrs_example_msgs__rosidl_typesupport_fastrtps_c.dir/rosidl_typesupport_fastrtps_c/rclrs_example_msgs/msg/detail/nested_type__type_support_c.cpp.o[0m
[7.034s] [ 60%] [32mBuilding CXX object CMakeFiles/rclrs_example_msgs__rosidl_typesupport_fastrtps_c.dir/rosidl_typesupport_fastrtps_c/rclrs_example_msgs/msg/detail/my_message__type_support_c.cpp.o[0m
[7.048s] [ 62%] [32mBuilding CXX object CMakeFiles/rclrs_example_msgs__rosidl_typesupport_fastrtps_c.dir/rosidl_typesupport_fastrtps_c/rclrs_example_msgs/msg/detail/various_types__type_support_c.cpp.o[0m
[7.078s] [ 62%] Built target rclrs_example_msgs__rosidl_typesupport_cpp
[7.111s] [ 64%] [32mBuilding C object CMakeFiles/rclrs_example_msgs__rosidl_typesupport_introspection_c.dir/rosidl_typesupport_introspection_c/rclrs_example_msgs/msg/detail/my_message__type_support.c.o[0m
[7.115s] [ 66%] [32mBuilding C object CMakeFiles/rclrs_example_msgs__rosidl_typesupport_introspection_c.dir/rosidl_typesupport_introspection_c/rclrs_example_msgs/msg/detail/various_types__type_support.c.o[0m
[7.131s] [ 68%] [32mBuilding C object CMakeFiles/rclrs_example_msgs__rosidl_typesupport_introspection_c.dir/rosidl_typesupport_introspection_c/rclrs_example_msgs/msg/detail/nested_type__type_support.c.o[0m
[7.158s] [ 68%] Built target rclrs_example_msgs__rosidl_typesupport_c
[7.208s] [ 70%] [32m[1mLinking C shared library librclrs_example_msgs__rosidl_typesupport_introspection_c.so[0m
[7.350s] [ 70%] Built target rclrs_example_msgs__rosidl_typesupport_introspection_c
[7.619s] [ 72%] [32m[1mLinking CXX shared library librclrs_example_msgs__rosidl_typesupport_introspection_cpp.so[0m
[7.704s] [ 75%] [32m[1mLinking CXX shared library librclrs_example_msgs__rosidl_typesupport_fastrtps_cpp.so[0m
[7.730s] [ 77%] [32m[1mLinking CXX shared library librclrs_example_msgs__rosidl_typesupport_fastrtps_c.so[0m
[7.839s] [ 77%] Built target rclrs_example_msgs__rosidl_typesupport_introspection_cpp
[8.009s] [ 77%] Built target rclrs_example_msgs__rosidl_typesupport_fastrtps_c
[8.030s] [ 77%] Built target rclrs_example_msgs__rosidl_typesupport_fastrtps_cpp
[8.057s] [ 77%] Built target rclrs_example_msgs
[8.085s] [ 79%] [34m[1mGenerating Python code for ROS interfaces[0m
[10.618s] [ 79%] Built target rclrs_example_msgs__py
[10.638s] [ 83%] [32mBuilding C object CMakeFiles/rclrs_example_msgs__rosidl_generator_py.dir/rosidl_generator_py/rclrs_example_msgs/msg/_various_types_s.c.o[0m
[10.638s] [ 83%] [32mBuilding C object CMakeFiles/rclrs_example_msgs__rosidl_generator_py.dir/rosidl_generator_py/rclrs_example_msgs/msg/_my_message_s.c.o[0m
[10.639s] [ 85%] [32mBuilding C object CMakeFiles/rclrs_example_msgs__rosidl_generator_py.dir/rosidl_generator_py/rclrs_example_msgs/msg/_nested_type_s.c.o[0m
[10.813s] [ 87%] [32m[1mLinking C shared library rosidl_generator_py/rclrs_example_msgs/librclrs_example_msgs__rosidl_generator_py.so[0m
[10.927s] [ 87%] Built target rclrs_example_msgs__rosidl_generator_py
[10.946s] [ 89%] [32mBuilding C object CMakeFiles/rclrs_example_msgs__rosidl_typesupport_fastrtps_c__pyext.dir/rosidl_generator_py/rclrs_example_msgs/_rclrs_example_msgs_s.ep.rosidl_typesupport_fastrtps_c.c.o[0m
[10.947s] [ 91%] [32mBuilding C object CMakeFiles/rclrs_example_msgs__rosidl_typesupport_introspection_c__pyext.dir/rosidl_generator_py/rclrs_example_msgs/_rclrs_example_msgs_s.ep.rosidl_typesupport_introspection_c.c.o[0m
[10.947s] [ 93%] [32mBuilding C object CMakeFiles/rclrs_example_msgs__rosidl_typesupport_c__pyext.dir/rosidl_generator_py/rclrs_example_msgs/_rclrs_example_msgs_s.ep.rosidl_typesupport_c.c.o[0m
[11.067s] [ 95%] [32m[1mLinking C shared library rosidl_generator_py/rclrs_example_msgs/rclrs_example_msgs_s__rosidl_typesupport_c.cpython-310-x86_64-linux-gnu.so[0m
[11.068s] [ 97%] [32m[1mLinking C shared library rosidl_generator_py/rclrs_example_msgs/rclrs_example_msgs_s__rosidl_typesupport_introspection_c.cpython-310-x86_64-linux-gnu.so[0m
[11.076s] [100%] [32m[1mLinking C shared library rosidl_generator_py/rclrs_example_msgs/rclrs_example_msgs_s__rosidl_typesupport_fastrtps_c.cpython-310-x86_64-linux-gnu.so[0m
[11.167s] [100%] Built target rclrs_example_msgs__rosidl_typesupport_introspection_c__pyext
[11.177s] [100%] Built target rclrs_example_msgs__rosidl_typesupport_c__pyext
[11.207s] [100%] Built target rclrs_example_msgs__rosidl_typesupport_fastrtps_c__pyext
[11.220s] Invoked command in '/home/hiro/rust_ws/build/rclrs_example_msgs' returned '0': AMENT_PREFIX_PATH=/home/hiro/rust_ws/install/rosidl_runtime_rs:/home/hiro/rust_ws/install/common_interfaces:/home/hiro/rust_ws/install/visualization_msgs:/home/hiro/rust_ws/install/test_msgs:/home/hiro/rust_ws/install/examples_rclrs_minimal_client_service:/home/hiro/rust_ws/install/example_interfaces:/home/hiro/rust_ws/install/action_msgs:/home/hiro/rust_ws/install/unique_identifier_msgs:/home/hiro/rust_ws/install/trajectory_msgs:/home/hiro/rust_ws/install/test_interface_files:/home/hiro/rust_ws/install/stereo_msgs:/home/hiro/rust_ws/install/std_srvs:/home/hiro/rust_ws/install/shape_msgs:/home/hiro/rust_ws/install/sensor_msgs_py:/home/hiro/rust_ws/install/sensor_msgs:/home/hiro/rust_ws/install/rust_pubsub:/home/hiro/rust_ws/install/nav_msgs:/home/hiro/rust_ws/install/diagnostic_msgs:/home/hiro/rust_ws/install/geometry_msgs:/home/hiro/rust_ws/install/examples_rclrs_minimal_pub_sub:/home/hiro/rust_ws/install/actionlib_msgs:/home/hiro/rust_ws/install/std_msgs:/home/hiro/rust_ws/install/statistics_msgs:/home/hiro/rust_ws/install/examples_rclrs_message_demo:/home/hiro/rust_ws/install/rclrs:/home/hiro/rust_ws/install/rosgraph_msgs:/home/hiro/rust_ws/install/rclrs_example_msgs:/home/hiro/rust_ws/install/composition_interfaces:/home/hiro/rust_ws/install/rcl_interfaces:/home/hiro/rust_ws/install/lifecycle_msgs:/home/hiro/rust_ws/install/builtin_interfaces:/home/hiro/rust_ws/install/rosidl_default_runtime:/home/hiro/rust_ws/install/rosidl_default_generators:/home/hiro/rust_ws/install/rosidl_generator_rs:/home/hiro/ws_livox/install/livox_ros_driver2:/opt/ros/humble CMAKE_PREFIX_PATH=/home/hiro/rust_ws/install/rosidl_default_runtime:/home/hiro/rust_ws/install/rosidl_default_generators:/home/hiro/rust_ws/install/rosidl_generator_rs:/home/hiro/rust_ws/install/common_interfaces:/home/hiro/rust_ws/install/visualization_msgs:/home/hiro/rust_ws/install/test_msgs:/home/hiro/rust_ws/install/example_interfaces:/home/hiro/rust_ws/install/action_msgs:/home/hiro/rust_ws/install/unique_identifier_msgs:/home/hiro/rust_ws/install/trajectory_msgs:/home/hiro/rust_ws/install/test_interface_files:/home/hiro/rust_ws/install/stereo_msgs:/home/hiro/rust_ws/install/std_srvs:/home/hiro/rust_ws/install/shape_msgs:/home/hiro/rust_ws/install/sensor_msgs:/home/hiro/rust_ws/install/nav_msgs:/home/hiro/rust_ws/install/diagnostic_msgs:/home/hiro/rust_ws/install/geometry_msgs:/home/hiro/rust_ws/install/actionlib_msgs:/home/hiro/rust_ws/install/std_msgs:/home/hiro/rust_ws/install/statistics_msgs:/home/hiro/rust_ws/install/rosgraph_msgs:/home/hiro/rust_ws/install/rclrs_example_msgs:/home/hiro/rust_ws/install/composition_interfaces:/home/hiro/rust_ws/install/rcl_interfaces:/home/hiro/rust_ws/install/lifecycle_msgs:/home/hiro/rust_ws/install/builtin_interfaces:/home/hiro/ws_livox/install/livox_ros_driver2:/home/hiro/rust_ws/install/examples_rclrs_minimal_client_service:/home/hiro/rust_ws/install/sensor_msgs_py:/home/hiro/rust_ws/install/rust_pubsub:/home/hiro/rust_ws/install/examples_rclrs_minimal_pub_sub:/home/hiro/rust_ws/install/examples_rclrs_message_demo:/home/hiro/rust_ws/install/rclrs:/home/hiro/rust_ws/install/rosidl_runtime_rs:/opt/ros/humble /usr/bin/cmake --build /home/hiro/rust_ws/build/rclrs_example_msgs -- -j22 -l22
[11.338s] Invoking command in '/home/hiro/rust_ws/build/rclrs_example_msgs': AMENT_PREFIX_PATH=/home/hiro/rust_ws/install/rosidl_runtime_rs:/home/hiro/rust_ws/install/common_interfaces:/home/hiro/rust_ws/install/visualization_msgs:/home/hiro/rust_ws/install/test_msgs:/home/hiro/rust_ws/install/examples_rclrs_minimal_client_service:/home/hiro/rust_ws/install/example_interfaces:/home/hiro/rust_ws/install/action_msgs:/home/hiro/rust_ws/install/unique_identifier_msgs:/home/hiro/rust_ws/install/trajectory_msgs:/home/hiro/rust_ws/install/test_interface_files:/home/hiro/rust_ws/install/stereo_msgs:/home/hiro/rust_ws/install/std_srvs:/home/hiro/rust_ws/install/shape_msgs:/home/hiro/rust_ws/install/sensor_msgs_py:/home/hiro/rust_ws/install/sensor_msgs:/home/hiro/rust_ws/install/rust_pubsub:/home/hiro/rust_ws/install/nav_msgs:/home/hiro/rust_ws/install/diagnostic_msgs:/home/hiro/rust_ws/install/geometry_msgs:/home/hiro/rust_ws/install/examples_rclrs_minimal_pub_sub:/home/hiro/rust_ws/install/actionlib_msgs:/home/hiro/rust_ws/install/std_msgs:/home/hiro/rust_ws/install/statistics_msgs:/home/hiro/rust_ws/install/examples_rclrs_message_demo:/home/hiro/rust_ws/install/rclrs:/home/hiro/rust_ws/install/rosgraph_msgs:/home/hiro/rust_ws/install/rclrs_example_msgs:/home/hiro/rust_ws/install/composition_interfaces:/home/hiro/rust_ws/install/rcl_interfaces:/home/hiro/rust_ws/install/lifecycle_msgs:/home/hiro/rust_ws/install/builtin_interfaces:/home/hiro/rust_ws/install/rosidl_default_runtime:/home/hiro/rust_ws/install/rosidl_default_generators:/home/hiro/rust_ws/install/rosidl_generator_rs:/home/hiro/ws_livox/install/livox_ros_driver2:/opt/ros/humble CMAKE_PREFIX_PATH=/home/hiro/rust_ws/install/rosidl_default_runtime:/home/hiro/rust_ws/install/rosidl_default_generators:/home/hiro/rust_ws/install/rosidl_generator_rs:/home/hiro/rust_ws/install/common_interfaces:/home/hiro/rust_ws/install/visualization_msgs:/home/hiro/rust_ws/install/test_msgs:/home/hiro/rust_ws/install/example_interfaces:/home/hiro/rust_ws/install/action_msgs:/home/hiro/rust_ws/install/unique_identifier_msgs:/home/hiro/rust_ws/install/trajectory_msgs:/home/hiro/rust_ws/install/test_interface_files:/home/hiro/rust_ws/install/stereo_msgs:/home/hiro/rust_ws/install/std_srvs:/home/hiro/rust_ws/install/shape_msgs:/home/hiro/rust_ws/install/sensor_msgs:/home/hiro/rust_ws/install/nav_msgs:/home/hiro/rust_ws/install/diagnostic_msgs:/home/hiro/rust_ws/install/geometry_msgs:/home/hiro/rust_ws/install/actionlib_msgs:/home/hiro/rust_ws/install/std_msgs:/home/hiro/rust_ws/install/statistics_msgs:/home/hiro/rust_ws/install/rosgraph_msgs:/home/hiro/rust_ws/install/rclrs_example_msgs:/home/hiro/rust_ws/install/composition_interfaces:/home/hiro/rust_ws/install/rcl_interfaces:/home/hiro/rust_ws/install/lifecycle_msgs:/home/hiro/rust_ws/install/builtin_interfaces:/home/hiro/ws_livox/install/livox_ros_driver2:/home/hiro/rust_ws/install/examples_rclrs_minimal_client_service:/home/hiro/rust_ws/install/sensor_msgs_py:/home/hiro/rust_ws/install/rust_pubsub:/home/hiro/rust_ws/install/examples_rclrs_minimal_pub_sub:/home/hiro/rust_ws/install/examples_rclrs_message_demo:/home/hiro/rust_ws/install/rclrs:/home/hiro/rust_ws/install/rosidl_runtime_rs:/opt/ros/humble /usr/bin/cmake --install /home/hiro/rust_ws/build/rclrs_example_msgs
[11.345s] -- Install configuration: ""
[11.345s] -- Installing: /home/hiro/rust_ws/install/rclrs_example_msgs/share/ament_index/resource_index/rosidl_interfaces/rclrs_example_msgs
[11.345s] -- Installing: /home/hiro/rust_ws/install/rclrs_example_msgs/include/rclrs_example_msgs/rclrs_example_msgs
[11.346s] -- Installing: /home/hiro/rust_ws/install/rclrs_example_msgs/include/rclrs_example_msgs/rclrs_example_msgs/msg
[11.346s] -- Installing: /home/hiro/rust_ws/install/rclrs_example_msgs/include/rclrs_example_msgs/rclrs_example_msgs/msg/my_message.h
[11.347s] -- Installing: /home/hiro/rust_ws/install/rclrs_example_msgs/include/rclrs_example_msgs/rclrs_example_msgs/msg/nested_type.h
[11.347s] -- Installing: /home/hiro/rust_ws/install/rclrs_example_msgs/include/rclrs_example_msgs/rclrs_example_msgs/msg/rosidl_generator_c__visibility_control.h
[11.347s] -- Installing: /home/hiro/rust_ws/install/rclrs_example_msgs/include/rclrs_example_msgs/rclrs_example_msgs/msg/detail
[11.347s] -- Installing: /home/hiro/rust_ws/install/rclrs_example_msgs/include/rclrs_example_msgs/rclrs_example_msgs/msg/detail/my_message__functions.c
[11.347s] -- Installing: /home/hiro/rust_ws/install/rclrs_example_msgs/include/rclrs_example_msgs/rclrs_example_msgs/msg/detail/my_message__type_support.h
[11.347s] -- Installing: /home/hiro/rust_ws/install/rclrs_example_msgs/include/rclrs_example_msgs/rclrs_example_msgs/msg/detail/nested_type__functions.c
[11.348s] -- Installing: /home/hiro/rust_ws/install/rclrs_example_msgs/include/rclrs_example_msgs/rclrs_example_msgs/msg/detail/nested_type__type_support.h
[11.348s] -- Installing: /home/hiro/rust_ws/install/rclrs_example_msgs/include/rclrs_example_msgs/rclrs_example_msgs/msg/detail/my_message__struct.h
[11.348s] -- Installing: /home/hiro/rust_ws/install/rclrs_example_msgs/include/rclrs_example_msgs/rclrs_example_msgs/msg/detail/various_types__struct.h
[11.349s] -- Installing: /home/hiro/rust_ws/install/rclrs_example_msgs/include/rclrs_example_msgs/rclrs_example_msgs/msg/detail/various_types__functions.h
[11.349s] -- Installing: /home/hiro/rust_ws/install/rclrs_example_msgs/include/rclrs_example_msgs/rclrs_example_msgs/msg/detail/various_types__functions.c
[11.349s] -- Installing: /home/hiro/rust_ws/install/rclrs_example_msgs/include/rclrs_example_msgs/rclrs_example_msgs/msg/detail/nested_type__struct.h
[11.349s] -- Installing: /home/hiro/rust_ws/install/rclrs_example_msgs/include/rclrs_example_msgs/rclrs_example_msgs/msg/detail/nested_type__functions.h
[11.349s] -- Installing: /home/hiro/rust_ws/install/rclrs_example_msgs/include/rclrs_example_msgs/rclrs_example_msgs/msg/detail/my_message__functions.h
[11.349s] -- Installing: /home/hiro/rust_ws/install/rclrs_example_msgs/include/rclrs_example_msgs/rclrs_example_msgs/msg/detail/various_types__type_support.h
[11.350s] -- Installing: /home/hiro/rust_ws/install/rclrs_example_msgs/include/rclrs_example_msgs/rclrs_example_msgs/msg/various_types.h
[11.350s] -- Installing: /home/hiro/rust_ws/install/rclrs_example_msgs/share/rclrs_example_msgs/environment/library_path.sh
[11.350s] -- Installing: /home/hiro/rust_ws/install/rclrs_example_msgs/share/rclrs_example_msgs/environment/library_path.dsv
[11.350s] -- Installing: /home/hiro/rust_ws/install/rclrs_example_msgs/lib/librclrs_example_msgs__rosidl_generator_c.so
[11.350s] -- Set runtime path of "/home/hiro/rust_ws/install/rclrs_example_msgs/lib/librclrs_example_msgs__rosidl_generator_c.so" to ""
[11.350s] -- Up-to-date: /home/hiro/rust_ws/install/rclrs_example_msgs/include/rclrs_example_msgs/rclrs_example_msgs
[11.350s] -- Up-to-date: /home/hiro/rust_ws/install/rclrs_example_msgs/include/rclrs_example_msgs/rclrs_example_msgs/msg
[11.350s] -- Up-to-date: /home/hiro/rust_ws/install/rclrs_example_msgs/include/rclrs_example_msgs/rclrs_example_msgs/msg/detail
[11.350s] -- Installing: /home/hiro/rust_ws/install/rclrs_example_msgs/include/rclrs_example_msgs/rclrs_example_msgs/msg/detail/nested_type__rosidl_typesupport_fastrtps_c.h
[11.351s] -- Installing: /home/hiro/rust_ws/install/rclrs_example_msgs/include/rclrs_example_msgs/rclrs_example_msgs/msg/detail/various_types__rosidl_typesupport_fastrtps_c.h
[11.351s] -- Installing: /home/hiro/rust_ws/install/rclrs_example_msgs/include/rclrs_example_msgs/rclrs_example_msgs/msg/detail/my_message__rosidl_typesupport_fastrtps_c.h
[11.351s] -- Installing: /home/hiro/rust_ws/install/rclrs_example_msgs/include/rclrs_example_msgs/rclrs_example_msgs/msg/rosidl_typesupport_fastrtps_c__visibility_control.h
[11.351s] -- Installing: /home/hiro/rust_ws/install/rclrs_example_msgs/lib/librclrs_example_msgs__rosidl_typesupport_fastrtps_c.so
[11.351s] -- Set runtime path of "/home/hiro/rust_ws/install/rclrs_example_msgs/lib/librclrs_example_msgs__rosidl_typesupport_fastrtps_c.so" to ""
[11.351s] -- Up-to-date: /home/hiro/rust_ws/install/rclrs_example_msgs/include/rclrs_example_msgs/rclrs_example_msgs
[11.351s] -- Up-to-date: /home/hiro/rust_ws/install/rclrs_example_msgs/include/rclrs_example_msgs/rclrs_example_msgs/msg
[11.351s] -- Installing: /home/hiro/rust_ws/install/rclrs_example_msgs/include/rclrs_example_msgs/rclrs_example_msgs/msg/rosidl_typesupport_introspection_c__visibility_control.h
[11.352s] -- Up-to-date: /home/hiro/rust_ws/install/rclrs_example_msgs/include/rclrs_example_msgs/rclrs_example_msgs/msg/detail
[11.352s] -- Installing: /home/hiro/rust_ws/install/rclrs_example_msgs/include/rclrs_example_msgs/rclrs_example_msgs/msg/detail/my_message__rosidl_typesupport_introspection_c.h
[11.352s] -- Installing: /home/hiro/rust_ws/install/rclrs_example_msgs/include/rclrs_example_msgs/rclrs_example_msgs/msg/detail/various_types__rosidl_typesupport_introspection_c.h
[11.353s] -- Installing: /home/hiro/rust_ws/install/rclrs_example_msgs/include/rclrs_example_msgs/rclrs_example_msgs/msg/detail/my_message__type_support.c
[11.353s] -- Installing: /home/hiro/rust_ws/install/rclrs_example_msgs/include/rclrs_example_msgs/rclrs_example_msgs/msg/detail/various_types__type_support.c
[11.353s] -- Installing: /home/hiro/rust_ws/install/rclrs_example_msgs/include/rclrs_example_msgs/rclrs_example_msgs/msg/detail/nested_type__type_support.c
[11.354s] -- Installing: /home/hiro/rust_ws/install/rclrs_example_msgs/include/rclrs_example_msgs/rclrs_example_msgs/msg/detail/nested_type__rosidl_typesupport_introspection_c.h
[11.354s] -- Installing: /home/hiro/rust_ws/install/rclrs_example_msgs/lib/librclrs_example_msgs__rosidl_typesupport_introspection_c.so
[11.355s] -- Set runtime path of "/home/hiro/rust_ws/install/rclrs_example_msgs/lib/librclrs_example_msgs__rosidl_typesupport_introspection_c.so" to ""
[11.355s] -- Installing: /home/hiro/rust_ws/install/rclrs_example_msgs/lib/librclrs_example_msgs__rosidl_typesupport_c.so
[11.355s] -- Set runtime path of "/home/hiro/rust_ws/install/rclrs_example_msgs/lib/librclrs_example_msgs__rosidl_typesupport_c.so" to ""
[11.355s] -- Up-to-date: /home/hiro/rust_ws/install/rclrs_example_msgs/include/rclrs_example_msgs/rclrs_example_msgs
[11.355s] -- Up-to-date: /home/hiro/rust_ws/install/rclrs_example_msgs/include/rclrs_example_msgs/rclrs_example_msgs/msg
[11.355s] -- Installing: /home/hiro/rust_ws/install/rclrs_example_msgs/include/rclrs_example_msgs/rclrs_example_msgs/msg/nested_type.hpp
[11.356s] -- Up-to-date: /home/hiro/rust_ws/install/rclrs_example_msgs/include/rclrs_example_msgs/rclrs_example_msgs/msg/detail
[11.356s] -- Installing: /home/hiro/rust_ws/install/rclrs_example_msgs/include/rclrs_example_msgs/rclrs_example_msgs/msg/detail/my_message__struct.hpp
[11.356s] -- Installing: /home/hiro/rust_ws/install/rclrs_example_msgs/include/rclrs_example_msgs/rclrs_example_msgs/msg/detail/various_types__struct.hpp
[11.356s] -- Installing: /home/hiro/rust_ws/install/rclrs_example_msgs/include/rclrs_example_msgs/rclrs_example_msgs/msg/detail/nested_type__builder.hpp
[11.356s] -- Installing: /home/hiro/rust_ws/install/rclrs_example_msgs/include/rclrs_example_msgs/rclrs_example_msgs/msg/detail/various_types__builder.hpp
[11.356s] -- Installing: /home/hiro/rust_ws/install/rclrs_example_msgs/include/rclrs_example_msgs/rclrs_example_msgs/msg/detail/nested_type__struct.hpp
[11.356s] -- Installing: /home/hiro/rust_ws/install/rclrs_example_msgs/include/rclrs_example_msgs/rclrs_example_msgs/msg/detail/various_types__traits.hpp
[11.356s] -- Installing: /home/hiro/rust_ws/install/rclrs_example_msgs/include/rclrs_example_msgs/rclrs_example_msgs/msg/detail/nested_type__traits.hpp
[11.356s] -- Installing: /home/hiro/rust_ws/install/rclrs_example_msgs/include/rclrs_example_msgs/rclrs_example_msgs/msg/detail/my_message__builder.hpp
[11.357s] -- Installing: /home/hiro/rust_ws/install/rclrs_example_msgs/include/rclrs_example_msgs/rclrs_example_msgs/msg/detail/my_message__traits.hpp
[11.357s] -- Installing: /home/hiro/rust_ws/install/rclrs_example_msgs/include/rclrs_example_msgs/rclrs_example_msgs/msg/various_types.hpp
[11.357s] -- Installing: /home/hiro/rust_ws/install/rclrs_example_msgs/include/rclrs_example_msgs/rclrs_example_msgs/msg/my_message.hpp
[11.357s] -- Up-to-date: /home/hiro/rust_ws/install/rclrs_example_msgs/include/rclrs_example_msgs/rclrs_example_msgs
[11.357s] -- Up-to-date: /home/hiro/rust_ws/install/rclrs_example_msgs/include/rclrs_example_msgs/rclrs_example_msgs/msg
[11.358s] -- Installing: /home/hiro/rust_ws/install/rclrs_example_msgs/include/rclrs_example_msgs/rclrs_example_msgs/msg/rosidl_typesupport_fastrtps_cpp__visibility_control.h
[11.358s] -- Up-to-date: /home/hiro/rust_ws/install/rclrs_example_msgs/include/rclrs_example_msgs/rclrs_example_msgs/msg/detail
[11.358s] -- Installing: /home/hiro/rust_ws/install/rclrs_example_msgs/include/rclrs_example_msgs/rclrs_example_msgs/msg/detail/dds_fastrtps
[11.359s] -- Installing: /home/hiro/rust_ws/install/rclrs_example_msgs/include/rclrs_example_msgs/rclrs_example_msgs/msg/detail/my_message__rosidl_typesupport_fastrtps_cpp.hpp
[11.359s] -- Installing: /home/hiro/rust_ws/install/rclrs_example_msgs/include/rclrs_example_msgs/rclrs_example_msgs/msg/detail/various_types__rosidl_typesupport_fastrtps_cpp.hpp
[11.359s] -- Installing: /home/hiro/rust_ws/install/rclrs_example_msgs/include/rclrs_example_msgs/rclrs_example_msgs/msg/detail/nested_type__rosidl_typesupport_fastrtps_cpp.hpp
[11.359s] -- Installing: /home/hiro/rust_ws/install/rclrs_example_msgs/lib/librclrs_example_msgs__rosidl_typesupport_fastrtps_cpp.so
[11.359s] -- Set runtime path of "/home/hiro/rust_ws/install/rclrs_example_msgs/lib/librclrs_example_msgs__rosidl_typesupport_fastrtps_cpp.so" to ""
[11.359s] -- Up-to-date: /home/hiro/rust_ws/install/rclrs_example_msgs/include/rclrs_example_msgs/rclrs_example_msgs
[11.359s] -- Up-to-date: /home/hiro/rust_ws/install/rclrs_example_msgs/include/rclrs_example_msgs/rclrs_example_msgs/msg
[11.360s] -- Up-to-date: /home/hiro/rust_ws/install/rclrs_example_msgs/include/rclrs_example_msgs/rclrs_example_msgs/msg/detail
[11.360s] -- Installing: /home/hiro/rust_ws/install/rclrs_example_msgs/include/rclrs_example_msgs/rclrs_example_msgs/msg/detail/nested_type__rosidl_typesupport_introspection_cpp.hpp
[11.360s] -- Installing: /home/hiro/rust_ws/install/rclrs_example_msgs/include/rclrs_example_msgs/rclrs_example_msgs/msg/detail/my_message__type_support.cpp
[11.360s] -- Installing: /home/hiro/rust_ws/install/rclrs_example_msgs/include/rclrs_example_msgs/rclrs_example_msgs/msg/detail/various_types__rosidl_typesupport_introspection_cpp.hpp
[11.361s] -- Installing: /home/hiro/rust_ws/install/rclrs_example_msgs/include/rclrs_example_msgs/rclrs_example_msgs/msg/detail/various_types__type_support.cpp
[11.361s] -- Installing: /home/hiro/rust_ws/install/rclrs_example_msgs/include/rclrs_example_msgs/rclrs_example_msgs/msg/detail/my_message__rosidl_typesupport_introspection_cpp.hpp
[11.361s] -- Installing: /home/hiro/rust_ws/install/rclrs_example_msgs/include/rclrs_example_msgs/rclrs_example_msgs/msg/detail/nested_type__type_support.cpp
[11.361s] -- Installing: /home/hiro/rust_ws/install/rclrs_example_msgs/lib/librclrs_example_msgs__rosidl_typesupport_introspection_cpp.so
[11.361s] -- Set runtime path of "/home/hiro/rust_ws/install/rclrs_example_msgs/lib/librclrs_example_msgs__rosidl_typesupport_introspection_cpp.so" to ""
[11.361s] -- Installing: /home/hiro/rust_ws/install/rclrs_example_msgs/lib/librclrs_example_msgs__rosidl_typesupport_cpp.so
[11.361s] -- Set runtime path of "/home/hiro/rust_ws/install/rclrs_example_msgs/lib/librclrs_example_msgs__rosidl_typesupport_cpp.so" to ""
[11.361s] -- Installing: /home/hiro/rust_ws/install/rclrs_example_msgs/share/ament_index/resource_index/rust_packages/rclrs_example_msgs
[11.361s] -- Installing: /home/hiro/rust_ws/install/rclrs_example_msgs/share/rclrs_example_msgs/rust
[11.361s] -- Installing: /home/hiro/rust_ws/install/rclrs_example_msgs/share/rclrs_example_msgs/rust/Cargo.toml
[11.361s] -- Installing: /home/hiro/rust_ws/install/rclrs_example_msgs/share/rclrs_example_msgs/rust/build.rs
[11.361s] -- Installing: /home/hiro/rust_ws/install/rclrs_example_msgs/share/rclrs_example_msgs/rust/src
[11.361s] -- Installing: /home/hiro/rust_ws/install/rclrs_example_msgs/share/rclrs_example_msgs/rust/src/msg.rs
[11.362s] -- Installing: /home/hiro/rust_ws/install/rclrs_example_msgs/share/rclrs_example_msgs/rust/src/lib.rs
[11.362s] -- Installing: /home/hiro/rust_ws/install/rclrs_example_msgs/share/rclrs_example_msgs/environment/pythonpath.sh
[11.362s] -- Installing: /home/hiro/rust_ws/install/rclrs_example_msgs/share/rclrs_example_msgs/environment/pythonpath.dsv
[11.362s] -- Installing: /home/hiro/rust_ws/install/rclrs_example_msgs/local/lib/python3.10/dist-packages/rclrs_example_msgs-0.4.1-py3.10.egg-info
[11.362s] -- Installing: /home/hiro/rust_ws/install/rclrs_example_msgs/local/lib/python3.10/dist-packages/rclrs_example_msgs-0.4.1-py3.10.egg-info/top_level.txt
[11.362s] -- Installing: /home/hiro/rust_ws/install/rclrs_example_msgs/local/lib/python3.10/dist-packages/rclrs_example_msgs-0.4.1-py3.10.egg-info/PKG-INFO
[11.362s] -- Installing: /home/hiro/rust_ws/install/rclrs_example_msgs/local/lib/python3.10/dist-packages/rclrs_example_msgs-0.4.1-py3.10.egg-info/SOURCES.txt
[11.362s] -- Installing: /home/hiro/rust_ws/install/rclrs_example_msgs/local/lib/python3.10/dist-packages/rclrs_example_msgs-0.4.1-py3.10.egg-info/dependency_links.txt
[11.362s] -- Installing: /home/hiro/rust_ws/install/rclrs_example_msgs/local/lib/python3.10/dist-packages/rclrs_example_msgs
[11.362s] -- Installing: /home/hiro/rust_ws/install/rclrs_example_msgs/local/lib/python3.10/dist-packages/rclrs_example_msgs/librclrs_example_msgs__rosidl_generator_py.so
[11.362s] -- Installing: /home/hiro/rust_ws/install/rclrs_example_msgs/local/lib/python3.10/dist-packages/rclrs_example_msgs/rclrs_example_msgs_s__rosidl_typesupport_c.cpython-310-x86_64-linux-gnu.so
[11.362s] -- Installing: /home/hiro/rust_ws/install/rclrs_example_msgs/local/lib/python3.10/dist-packages/rclrs_example_msgs/rclrs_example_msgs_s__rosidl_typesupport_fastrtps_c.cpython-310-x86_64-linux-gnu.so
[11.362s] -- Installing: /home/hiro/rust_ws/install/rclrs_example_msgs/local/lib/python3.10/dist-packages/rclrs_example_msgs/rclrs_example_msgs_s__rosidl_typesupport_introspection_c.cpython-310-x86_64-linux-gnu.so
[11.362s] -- Installing: /home/hiro/rust_ws/install/rclrs_example_msgs/local/lib/python3.10/dist-packages/rclrs_example_msgs/_rclrs_example_msgs_s.ep.rosidl_typesupport_fastrtps_c.c
[11.362s] -- Installing: /home/hiro/rust_ws/install/rclrs_example_msgs/local/lib/python3.10/dist-packages/rclrs_example_msgs/__init__.py
[11.362s] -- Installing: /home/hiro/rust_ws/install/rclrs_example_msgs/local/lib/python3.10/dist-packages/rclrs_example_msgs/msg
[11.362s] -- Installing: /home/hiro/rust_ws/install/rclrs_example_msgs/local/lib/python3.10/dist-packages/rclrs_example_msgs/msg/_nested_type.py
[11.362s] -- Installing: /home/hiro/rust_ws/install/rclrs_example_msgs/local/lib/python3.10/dist-packages/rclrs_example_msgs/msg/_various_types_s.c
[11.362s] -- Installing: /home/hiro/rust_ws/install/rclrs_example_msgs/local/lib/python3.10/dist-packages/rclrs_example_msgs/msg/_nested_type_s.c
[11.362s] -- Installing: /home/hiro/rust_ws/install/rclrs_example_msgs/local/lib/python3.10/dist-packages/rclrs_example_msgs/msg/_various_types.py
[11.362s] -- Installing: /home/hiro/rust_ws/install/rclrs_example_msgs/local/lib/python3.10/dist-packages/rclrs_example_msgs/msg/_my_message.py
[11.362s] -- Installing: /home/hiro/rust_ws/install/rclrs_example_msgs/local/lib/python3.10/dist-packages/rclrs_example_msgs/msg/_my_message_s.c
[11.363s] -- Installing: /home/hiro/rust_ws/install/rclrs_example_msgs/local/lib/python3.10/dist-packages/rclrs_example_msgs/msg/__init__.py
[11.363s] -- Installing: /home/hiro/rust_ws/install/rclrs_example_msgs/local/lib/python3.10/dist-packages/rclrs_example_msgs/_rclrs_example_msgs_s.ep.rosidl_typesupport_introspection_c.c
[11.363s] -- Installing: /home/hiro/rust_ws/install/rclrs_example_msgs/local/lib/python3.10/dist-packages/rclrs_example_msgs/_rclrs_example_msgs_s.ep.rosidl_typesupport_c.c
[11.417s] Listing '/home/hiro/rust_ws/install/rclrs_example_msgs/local/lib/python3.10/dist-packages/rclrs_example_msgs'...
[11.417s] Compiling '/home/hiro/rust_ws/install/rclrs_example_msgs/local/lib/python3.10/dist-packages/rclrs_example_msgs/__init__.py'...
[11.418s] Listing '/home/hiro/rust_ws/install/rclrs_example_msgs/local/lib/python3.10/dist-packages/rclrs_example_msgs/msg'...
[11.418s] Compiling '/home/hiro/rust_ws/install/rclrs_example_msgs/local/lib/python3.10/dist-packages/rclrs_example_msgs/msg/__init__.py'...
[11.418s] Compiling '/home/hiro/rust_ws/install/rclrs_example_msgs/local/lib/python3.10/dist-packages/rclrs_example_msgs/msg/_my_message.py'...
[11.418s] Compiling '/home/hiro/rust_ws/install/rclrs_example_msgs/local/lib/python3.10/dist-packages/rclrs_example_msgs/msg/_nested_type.py'...
[11.418s] Compiling '/home/hiro/rust_ws/install/rclrs_example_msgs/local/lib/python3.10/dist-packages/rclrs_example_msgs/msg/_various_types.py'...
[11.422s] -- Installing: /home/hiro/rust_ws/install/rclrs_example_msgs/local/lib/python3.10/dist-packages/rclrs_example_msgs/rclrs_example_msgs_s__rosidl_typesupport_fastrtps_c.cpython-310-x86_64-linux-gnu.so
[11.422s] -- Set runtime path of "/home/hiro/rust_ws/install/rclrs_example_msgs/local/lib/python3.10/dist-packages/rclrs_example_msgs/rclrs_example_msgs_s__rosidl_typesupport_fastrtps_c.cpython-310-x86_64-linux-gnu.so" to ""
[11.423s] -- Installing: /home/hiro/rust_ws/install/rclrs_example_msgs/local/lib/python3.10/dist-packages/rclrs_example_msgs/rclrs_example_msgs_s__rosidl_typesupport_introspection_c.cpython-310-x86_64-linux-gnu.so
[11.423s] -- Set runtime path of "/home/hiro/rust_ws/install/rclrs_example_msgs/local/lib/python3.10/dist-packages/rclrs_example_msgs/rclrs_example_msgs_s__rosidl_typesupport_introspection_c.cpython-310-x86_64-linux-gnu.so" to ""
[11.423s] -- Installing: /home/hiro/rust_ws/install/rclrs_example_msgs/local/lib/python3.10/dist-packages/rclrs_example_msgs/rclrs_example_msgs_s__rosidl_typesupport_c.cpython-310-x86_64-linux-gnu.so
[11.423s] -- Set runtime path of "/home/hiro/rust_ws/install/rclrs_example_msgs/local/lib/python3.10/dist-packages/rclrs_example_msgs/rclrs_example_msgs_s__rosidl_typesupport_c.cpython-310-x86_64-linux-gnu.so" to ""
[11.423s] -- Installing: /home/hiro/rust_ws/install/rclrs_example_msgs/lib/librclrs_example_msgs__rosidl_generator_py.so
[11.424s] -- Set runtime path of "/home/hiro/rust_ws/install/rclrs_example_msgs/lib/librclrs_example_msgs__rosidl_generator_py.so" to ""
[11.424s] -- Installing: /home/hiro/rust_ws/install/rclrs_example_msgs/share/rclrs_example_msgs/msg/MyMessage.idl
[11.425s] -- Installing: /home/hiro/rust_ws/install/rclrs_example_msgs/share/rclrs_example_msgs/msg/NestedType.idl
[11.425s] -- Installing: /home/hiro/rust_ws/install/rclrs_example_msgs/share/rclrs_example_msgs/msg/VariousTypes.idl
[11.425s] -- Installing: /home/hiro/rust_ws/install/rclrs_example_msgs/share/rclrs_example_msgs/msg/NestedType.msg
[11.425s] -- Installing: /home/hiro/rust_ws/install/rclrs_example_msgs/share/rclrs_example_msgs/msg/VariousTypes.msg
[11.425s] -- Installing: /home/hiro/rust_ws/install/rclrs_example_msgs/share/ament_index/resource_index/package_run_dependencies/rclrs_example_msgs
[11.425s] -- Installing: /home/hiro/rust_ws/install/rclrs_example_msgs/share/ament_index/resource_index/parent_prefix_path/rclrs_example_msgs
[11.426s] -- Installing: /home/hiro/rust_ws/install/rclrs_example_msgs/share/rclrs_example_msgs/environment/ament_prefix_path.sh
[11.426s] -- Installing: /home/hiro/rust_ws/install/rclrs_example_msgs/share/rclrs_example_msgs/environment/ament_prefix_path.dsv
[11.426s] -- Installing: /home/hiro/rust_ws/install/rclrs_example_msgs/share/rclrs_example_msgs/environment/path.sh
[11.426s] -- Installing: /home/hiro/rust_ws/install/rclrs_example_msgs/share/rclrs_example_msgs/environment/path.dsv
[11.426s] -- Installing: /home/hiro/rust_ws/install/rclrs_example_msgs/share/rclrs_example_msgs/local_setup.bash
[11.426s] -- Installing: /home/hiro/rust_ws/install/rclrs_example_msgs/share/rclrs_example_msgs/local_setup.sh
[11.426s] -- Installing: /home/hiro/rust_ws/install/rclrs_example_msgs/share/rclrs_example_msgs/local_setup.zsh
[11.426s] -- Installing: /home/hiro/rust_ws/install/rclrs_example_msgs/share/rclrs_example_msgs/local_setup.dsv
[11.426s] -- Installing: /home/hiro/rust_ws/install/rclrs_example_msgs/share/rclrs_example_msgs/package.dsv
[11.426s] -- Installing: /home/hiro/rust_ws/install/rclrs_example_msgs/share/ament_index/resource_index/packages/rclrs_example_msgs
[11.427s] -- Installing: /home/hiro/rust_ws/install/rclrs_example_msgs/share/rclrs_example_msgs/cmake/export_rclrs_example_msgs__rosidl_generator_cExport.cmake
[11.427s] -- Installing: /home/hiro/rust_ws/install/rclrs_example_msgs/share/rclrs_example_msgs/cmake/export_rclrs_example_msgs__rosidl_generator_cExport-noconfig.cmake
[11.427s] -- Installing: /home/hiro/rust_ws/install/rclrs_example_msgs/share/rclrs_example_msgs/cmake/export_rclrs_example_msgs__rosidl_typesupport_fastrtps_cExport.cmake
[11.427s] -- Installing: /home/hiro/rust_ws/install/rclrs_example_msgs/share/rclrs_example_msgs/cmake/export_rclrs_example_msgs__rosidl_typesupport_fastrtps_cExport-noconfig.cmake
[11.427s] -- Installing: /home/hiro/rust_ws/install/rclrs_example_msgs/share/rclrs_example_msgs/cmake/rclrs_example_msgs__rosidl_typesupport_introspection_cExport.cmake
[11.427s] -- Installing: /home/hiro/rust_ws/install/rclrs_example_msgs/share/rclrs_example_msgs/cmake/rclrs_example_msgs__rosidl_typesupport_introspection_cExport-noconfig.cmake
[11.427s] -- Installing: /home/hiro/rust_ws/install/rclrs_example_msgs/share/rclrs_example_msgs/cmake/rclrs_example_msgs__rosidl_typesupport_cExport.cmake
[11.428s] -- Installing: /home/hiro/rust_ws/install/rclrs_example_msgs/share/rclrs_example_msgs/cmake/rclrs_example_msgs__rosidl_typesupport_cExport-noconfig.cmake
[11.428s] -- Installing: /home/hiro/rust_ws/install/rclrs_example_msgs/share/rclrs_example_msgs/cmake/export_rclrs_example_msgs__rosidl_generator_cppExport.cmake
[11.428s] -- Installing: /home/hiro/rust_ws/install/rclrs_example_msgs/share/rclrs_example_msgs/cmake/export_rclrs_example_msgs__rosidl_typesupport_fastrtps_cppExport.cmake
[11.428s] -- Installing: /home/hiro/rust_ws/install/rclrs_example_msgs/share/rclrs_example_msgs/cmake/export_rclrs_example_msgs__rosidl_typesupport_fastrtps_cppExport-noconfig.cmake
[11.428s] -- Installing: /home/hiro/rust_ws/install/rclrs_example_msgs/share/rclrs_example_msgs/cmake/rclrs_example_msgs__rosidl_typesupport_introspection_cppExport.cmake
[11.428s] -- Installing: /home/hiro/rust_ws/install/rclrs_example_msgs/share/rclrs_example_msgs/cmake/rclrs_example_msgs__rosidl_typesupport_introspection_cppExport-noconfig.cmake
[11.429s] -- Installing: /home/hiro/rust_ws/install/rclrs_example_msgs/share/rclrs_example_msgs/cmake/rclrs_example_msgs__rosidl_typesupport_cppExport.cmake
[11.429s] -- Installing: /home/hiro/rust_ws/install/rclrs_example_msgs/share/rclrs_example_msgs/cmake/rclrs_example_msgs__rosidl_typesupport_cppExport-noconfig.cmake
[11.429s] -- Installing: /home/hiro/rust_ws/install/rclrs_example_msgs/share/rclrs_example_msgs/cmake/export_rclrs_example_msgs__rosidl_generator_pyExport.cmake
[11.429s] -- Installing: /home/hiro/rust_ws/install/rclrs_example_msgs/share/rclrs_example_msgs/cmake/export_rclrs_example_msgs__rosidl_generator_pyExport-noconfig.cmake
[11.430s] -- Installing: /home/hiro/rust_ws/install/rclrs_example_msgs/share/rclrs_example_msgs/cmake/rosidl_cmake-extras.cmake
[11.430s] -- Installing: /home/hiro/rust_ws/install/rclrs_example_msgs/share/rclrs_example_msgs/cmake/ament_cmake_export_include_directories-extras.cmake
[11.430s] -- Installing: /home/hiro/rust_ws/install/rclrs_example_msgs/share/rclrs_example_msgs/cmake/ament_cmake_export_libraries-extras.cmake
[11.431s] -- Installing: /home/hiro/rust_ws/install/rclrs_example_msgs/share/rclrs_example_msgs/cmake/ament_cmake_export_targets-extras.cmake
[11.431s] -- Installing: /home/hiro/rust_ws/install/rclrs_example_msgs/share/rclrs_example_msgs/cmake/rosidl_cmake_export_typesupport_targets-extras.cmake
[11.431s] -- Installing: /home/hiro/rust_ws/install/rclrs_example_msgs/share/rclrs_example_msgs/cmake/ament_cmake_export_dependencies-extras.cmake
[11.431s] -- Installing: /home/hiro/rust_ws/install/rclrs_example_msgs/share/rclrs_example_msgs/cmake/rosidl_cmake_export_typesupport_libraries-extras.cmake
[11.431s] -- Installing: /home/hiro/rust_ws/install/rclrs_example_msgs/share/rclrs_example_msgs/cmake/rclrs_example_msgsConfig.cmake
[11.431s] -- Installing: /home/hiro/rust_ws/install/rclrs_example_msgs/share/rclrs_example_msgs/cmake/rclrs_example_msgsConfig-version.cmake
[11.432s] -- Installing: /home/hiro/rust_ws/install/rclrs_example_msgs/share/rclrs_example_msgs/package.xml
[11.436s] Invoked command in '/home/hiro/rust_ws/build/rclrs_example_msgs' returned '0': AMENT_PREFIX_PATH=/home/hiro/rust_ws/install/rosidl_runtime_rs:/home/hiro/rust_ws/install/common_interfaces:/home/hiro/rust_ws/install/visualization_msgs:/home/hiro/rust_ws/install/test_msgs:/home/hiro/rust_ws/install/examples_rclrs_minimal_client_service:/home/hiro/rust_ws/install/example_interfaces:/home/hiro/rust_ws/install/action_msgs:/home/hiro/rust_ws/install/unique_identifier_msgs:/home/hiro/rust_ws/install/trajectory_msgs:/home/hiro/rust_ws/install/test_interface_files:/home/hiro/rust_ws/install/stereo_msgs:/home/hiro/rust_ws/install/std_srvs:/home/hiro/rust_ws/install/shape_msgs:/home/hiro/rust_ws/install/sensor_msgs_py:/home/hiro/rust_ws/install/sensor_msgs:/home/hiro/rust_ws/install/rust_pubsub:/home/hiro/rust_ws/install/nav_msgs:/home/hiro/rust_ws/install/diagnostic_msgs:/home/hiro/rust_ws/install/geometry_msgs:/home/hiro/rust_ws/install/examples_rclrs_minimal_pub_sub:/home/hiro/rust_ws/install/actionlib_msgs:/home/hiro/rust_ws/install/std_msgs:/home/hiro/rust_ws/install/statistics_msgs:/home/hiro/rust_ws/install/examples_rclrs_message_demo:/home/hiro/rust_ws/install/rclrs:/home/hiro/rust_ws/install/rosgraph_msgs:/home/hiro/rust_ws/install/rclrs_example_msgs:/home/hiro/rust_ws/install/composition_interfaces:/home/hiro/rust_ws/install/rcl_interfaces:/home/hiro/rust_ws/install/lifecycle_msgs:/home/hiro/rust_ws/install/builtin_interfaces:/home/hiro/rust_ws/install/rosidl_default_runtime:/home/hiro/rust_ws/install/rosidl_default_generators:/home/hiro/rust_ws/install/rosidl_generator_rs:/home/hiro/ws_livox/install/livox_ros_driver2:/opt/ros/humble CMAKE_PREFIX_PATH=/home/hiro/rust_ws/install/rosidl_default_runtime:/home/hiro/rust_ws/install/rosidl_default_generators:/home/hiro/rust_ws/install/rosidl_generator_rs:/home/hiro/rust_ws/install/common_interfaces:/home/hiro/rust_ws/install/visualization_msgs:/home/hiro/rust_ws/install/test_msgs:/home/hiro/rust_ws/install/example_interfaces:/home/hiro/rust_ws/install/action_msgs:/home/hiro/rust_ws/install/unique_identifier_msgs:/home/hiro/rust_ws/install/trajectory_msgs:/home/hiro/rust_ws/install/test_interface_files:/home/hiro/rust_ws/install/stereo_msgs:/home/hiro/rust_ws/install/std_srvs:/home/hiro/rust_ws/install/shape_msgs:/home/hiro/rust_ws/install/sensor_msgs:/home/hiro/rust_ws/install/nav_msgs:/home/hiro/rust_ws/install/diagnostic_msgs:/home/hiro/rust_ws/install/geometry_msgs:/home/hiro/rust_ws/install/actionlib_msgs:/home/hiro/rust_ws/install/std_msgs:/home/hiro/rust_ws/install/statistics_msgs:/home/hiro/rust_ws/install/rosgraph_msgs:/home/hiro/rust_ws/install/rclrs_example_msgs:/home/hiro/rust_ws/install/composition_interfaces:/home/hiro/rust_ws/install/rcl_interfaces:/home/hiro/rust_ws/install/lifecycle_msgs:/home/hiro/rust_ws/install/builtin_interfaces:/home/hiro/ws_livox/install/livox_ros_driver2:/home/hiro/rust_ws/install/examples_rclrs_minimal_client_service:/home/hiro/rust_ws/install/sensor_msgs_py:/home/hiro/rust_ws/install/rust_pubsub:/home/hiro/rust_ws/install/examples_rclrs_minimal_pub_sub:/home/hiro/rust_ws/install/examples_rclrs_message_demo:/home/hiro/rust_ws/install/rclrs:/home/hiro/rust_ws/install/rosidl_runtime_rs:/opt/ros/humble /usr/bin/cmake --install /home/hiro/rust_ws/build/rclrs_example_msgs
