[0.025s] Invoking command in '/home/hiromichi/rost2/build/diagnostic_msgs': AMENT_PREFIX_PATH=/home/hiromichi/rost2/install/geometry_msgs:/home/hiromichi/rost2/install/std_msgs:/home/hiromichi/rost2/install/builtin_interfaces:/home/hiromichi/rost2/install/rosidl_default_runtime:/home/hiromichi/rost2/install/rosidl_default_generators:/home/hiromichi/rost2/install/rosidl_generator_rs:/home/hiromichi/rost2/install/rosidl_runtime_rs:${AMENT_PREFIX_PATH} CMAKE_PREFIX_PATH=/home/hiromichi/rost2/install/geometry_msgs:/home/hiromichi/rost2/install/std_msgs:/home/hiromichi/rost2/install/builtin_interfaces:/home/hiromichi/rost2/install/rosidl_default_runtime:/home/hiromichi/rost2/install/rosidl_default_generators:/home/hiromichi/rost2/install/rosidl_generator_rs:/opt/ros/humble LD_LIBRARY_PATH=/home/hiromichi/rost2/install/geometry_msgs/lib:/home/hiromichi/rost2/install/std_msgs/lib:/home/hiromichi/rost2/install/builtin_interfaces/lib:${LD_LIBRARY_PATH} PYTHONPATH=/home/hiromichi/rost2/install/geometry_msgs/local/lib/python3.10/dist-packages:/home/hiromichi/rost2/install/std_msgs/local/lib/python3.10/dist-packages:/home/hiromichi/rost2/install/builtin_interfaces/local/lib/python3.10/dist-packages:/home/hiromichi/rost2/install/rosidl_generator_rs/local/lib/python3.10/dist-packages:${PYTHONPATH} /usr/bin/cmake --build /home/hiromichi/rost2/build/diagnostic_msgs -- -j20 -l20
[0.095s] [ 10%] Built target diagnostic_msgs__rosidl_generator_c
[0.095s] [ 12%] Built target diagnostic_msgs__rs
[0.096s] [ 14%] Built target diagnostic_msgs__cpp
[0.120s] [ 14%] Built target ament_cmake_python_copy_diagnostic_msgs
[0.134s] [ 25%] Built target diagnostic_msgs__rosidl_typesupport_c
[0.143s] [ 35%] Built target diagnostic_msgs__rosidl_typesupport_introspection_c
[0.148s] [ 46%] Built target diagnostic_msgs__rosidl_typesupport_fastrtps_c
[0.148s] [ 57%] Built target diagnostic_msgs__rosidl_typesupport_introspection_cpp
[0.153s] [ 68%] Built target diagnostic_msgs__rosidl_typesupport_cpp
[0.155s] [ 79%] Built target diagnostic_msgs__rosidl_typesupport_fastrtps_cpp
[0.190s] [ 79%] Built target diagnostic_msgs
[0.209s] [ 81%] Built target diagnostic_msgs__py
[0.243s] [ 90%] Built target diagnostic_msgs__rosidl_generator_py
[0.283s] [ 93%] Built target diagnostic_msgs__rosidl_typesupport_c__pyext
[0.284s] [ 96%] Built target diagnostic_msgs__rosidl_typesupport_introspection_c__pyext
[0.285s] [100%] Built target diagnostic_msgs__rosidl_typesupport_fastrtps_c__pyext
[0.397s] running egg_info
[0.397s] writing diagnostic_msgs.egg-info/PKG-INFO
[0.397s] writing dependency_links to diagnostic_msgs.egg-info/dependency_links.txt
[0.398s] writing top-level names to diagnostic_msgs.egg-info/top_level.txt
[0.400s] reading manifest file 'diagnostic_msgs.egg-info/SOURCES.txt'
[0.401s] writing manifest file 'diagnostic_msgs.egg-info/SOURCES.txt'
[0.429s] [100%] Built target ament_cmake_python_build_diagnostic_msgs_egg
[0.445s] Invoked command in '/home/hiromichi/rost2/build/diagnostic_msgs' returned '0': AMENT_PREFIX_PATH=/home/hiromichi/rost2/install/geometry_msgs:/home/hiromichi/rost2/install/std_msgs:/home/hiromichi/rost2/install/builtin_interfaces:/home/hiromichi/rost2/install/rosidl_default_runtime:/home/hiromichi/rost2/install/rosidl_default_generators:/home/hiromichi/rost2/install/rosidl_generator_rs:/home/hiromichi/rost2/install/rosidl_runtime_rs:${AMENT_PREFIX_PATH} CMAKE_PREFIX_PATH=/home/hiromichi/rost2/install/geometry_msgs:/home/hiromichi/rost2/install/std_msgs:/home/hiromichi/rost2/install/builtin_interfaces:/home/hiromichi/rost2/install/rosidl_default_runtime:/home/hiromichi/rost2/install/rosidl_default_generators:/home/hiromichi/rost2/install/rosidl_generator_rs:/opt/ros/humble LD_LIBRARY_PATH=/home/hiromichi/rost2/install/geometry_msgs/lib:/home/hiromichi/rost2/install/std_msgs/lib:/home/hiromichi/rost2/install/builtin_interfaces/lib:${LD_LIBRARY_PATH} PYTHONPATH=/home/hiromichi/rost2/install/geometry_msgs/local/lib/python3.10/dist-packages:/home/hiromichi/rost2/install/std_msgs/local/lib/python3.10/dist-packages:/home/hiromichi/rost2/install/builtin_interfaces/local/lib/python3.10/dist-packages:/home/hiromichi/rost2/install/rosidl_generator_rs/local/lib/python3.10/dist-packages:${PYTHONPATH} /usr/bin/cmake --build /home/hiromichi/rost2/build/diagnostic_msgs -- -j20 -l20
[0.548s] Invoking command in '/home/hiromichi/rost2/build/diagnostic_msgs': AMENT_PREFIX_PATH=/home/hiromichi/rost2/install/geometry_msgs:/home/hiromichi/rost2/install/std_msgs:/home/hiromichi/rost2/install/builtin_interfaces:/home/hiromichi/rost2/install/rosidl_default_runtime:/home/hiromichi/rost2/install/rosidl_default_generators:/home/hiromichi/rost2/install/rosidl_generator_rs:/home/hiromichi/rost2/install/rosidl_runtime_rs:${AMENT_PREFIX_PATH} CMAKE_PREFIX_PATH=/home/hiromichi/rost2/install/geometry_msgs:/home/hiromichi/rost2/install/std_msgs:/home/hiromichi/rost2/install/builtin_interfaces:/home/hiromichi/rost2/install/rosidl_default_runtime:/home/hiromichi/rost2/install/rosidl_default_generators:/home/hiromichi/rost2/install/rosidl_generator_rs:/opt/ros/humble LD_LIBRARY_PATH=/home/hiromichi/rost2/install/geometry_msgs/lib:/home/hiromichi/rost2/install/std_msgs/lib:/home/hiromichi/rost2/install/builtin_interfaces/lib:${LD_LIBRARY_PATH} PYTHONPATH=/home/hiromichi/rost2/install/geometry_msgs/local/lib/python3.10/dist-packages:/home/hiromichi/rost2/install/std_msgs/local/lib/python3.10/dist-packages:/home/hiromichi/rost2/install/builtin_interfaces/local/lib/python3.10/dist-packages:/home/hiromichi/rost2/install/rosidl_generator_rs/local/lib/python3.10/dist-packages:${PYTHONPATH} /usr/bin/cmake --install /home/hiromichi/rost2/build/diagnostic_msgs
[0.556s] -- Install configuration: ""
[0.557s] -- Up-to-date: /home/hiromichi/rost2/install/diagnostic_msgs/share/ament_index/resource_index/rosidl_interfaces/diagnostic_msgs
[0.557s] -- Up-to-date: /home/hiromichi/rost2/install/diagnostic_msgs/include/diagnostic_msgs/diagnostic_msgs
[0.557s] -- Up-to-date: /home/hiromichi/rost2/install/diagnostic_msgs/include/diagnostic_msgs/diagnostic_msgs/srv
[0.557s] -- Up-to-date: /home/hiromichi/rost2/install/diagnostic_msgs/include/diagnostic_msgs/diagnostic_msgs/srv/self_test.h
[0.557s] -- Up-to-date: /home/hiromichi/rost2/install/diagnostic_msgs/include/diagnostic_msgs/diagnostic_msgs/srv/add_diagnostics.h
[0.557s] -- Up-to-date: /home/hiromichi/rost2/install/diagnostic_msgs/include/diagnostic_msgs/diagnostic_msgs/srv/detail
[0.558s] -- Up-to-date: /home/hiromichi/rost2/install/diagnostic_msgs/include/diagnostic_msgs/diagnostic_msgs/srv/detail/add_diagnostics__struct.h
[0.558s] -- Up-to-date: /home/hiromichi/rost2/install/diagnostic_msgs/include/diagnostic_msgs/diagnostic_msgs/srv/detail/add_diagnostics__functions.c
[0.558s] -- Up-to-date: /home/hiromichi/rost2/install/diagnostic_msgs/include/diagnostic_msgs/diagnostic_msgs/srv/detail/add_diagnostics__functions.h
[0.558s] -- Up-to-date: /home/hiromichi/rost2/install/diagnostic_msgs/include/diagnostic_msgs/diagnostic_msgs/srv/detail/self_test__struct.h
[0.558s] -- Up-to-date: /home/hiromichi/rost2/install/diagnostic_msgs/include/diagnostic_msgs/diagnostic_msgs/srv/detail/self_test__functions.c
[0.558s] -- Up-to-date: /home/hiromichi/rost2/install/diagnostic_msgs/include/diagnostic_msgs/diagnostic_msgs/srv/detail/add_diagnostics__type_support.h
[0.558s] -- Up-to-date: /home/hiromichi/rost2/install/diagnostic_msgs/include/diagnostic_msgs/diagnostic_msgs/srv/detail/self_test__type_support.h
[0.558s] -- Up-to-date: /home/hiromichi/rost2/install/diagnostic_msgs/include/diagnostic_msgs/diagnostic_msgs/srv/detail/self_test__functions.h
[0.558s] -- Up-to-date: /home/hiromichi/rost2/install/diagnostic_msgs/include/diagnostic_msgs/diagnostic_msgs/msg
[0.558s] -- Up-to-date: /home/hiromichi/rost2/install/diagnostic_msgs/include/diagnostic_msgs/diagnostic_msgs/msg/diagnostic_array.h
[0.558s] -- Up-to-date: /home/hiromichi/rost2/install/diagnostic_msgs/include/diagnostic_msgs/diagnostic_msgs/msg/diagnostic_status.h
[0.558s] -- Up-to-date: /home/hiromichi/rost2/install/diagnostic_msgs/include/diagnostic_msgs/diagnostic_msgs/msg/key_value.h
[0.558s] -- Up-to-date: /home/hiromichi/rost2/install/diagnostic_msgs/include/diagnostic_msgs/diagnostic_msgs/msg/rosidl_generator_c__visibility_control.h
[0.558s] -- Up-to-date: /home/hiromichi/rost2/install/diagnostic_msgs/include/diagnostic_msgs/diagnostic_msgs/msg/detail
[0.558s] -- Up-to-date: /home/hiromichi/rost2/install/diagnostic_msgs/include/diagnostic_msgs/diagnostic_msgs/msg/detail/diagnostic_status__functions.c
[0.558s] -- Up-to-date: /home/hiromichi/rost2/install/diagnostic_msgs/include/diagnostic_msgs/diagnostic_msgs/msg/detail/diagnostic_status__struct.h
[0.558s] -- Up-to-date: /home/hiromichi/rost2/install/diagnostic_msgs/include/diagnostic_msgs/diagnostic_msgs/msg/detail/key_value__functions.c
[0.558s] -- Up-to-date: /home/hiromichi/rost2/install/diagnostic_msgs/include/diagnostic_msgs/diagnostic_msgs/msg/detail/diagnostic_array__functions.h
[0.558s] -- Up-to-date: /home/hiromichi/rost2/install/diagnostic_msgs/include/diagnostic_msgs/diagnostic_msgs/msg/detail/diagnostic_status__type_support.h
[0.558s] -- Up-to-date: /home/hiromichi/rost2/install/diagnostic_msgs/include/diagnostic_msgs/diagnostic_msgs/msg/detail/key_value__struct.h
[0.558s] -- Up-to-date: /home/hiromichi/rost2/install/diagnostic_msgs/include/diagnostic_msgs/diagnostic_msgs/msg/detail/key_value__functions.h
[0.558s] -- Up-to-date: /home/hiromichi/rost2/install/diagnostic_msgs/include/diagnostic_msgs/diagnostic_msgs/msg/detail/key_value__type_support.h
[0.558s] -- Up-to-date: /home/hiromichi/rost2/install/diagnostic_msgs/include/diagnostic_msgs/diagnostic_msgs/msg/detail/diagnostic_array__functions.c
[0.558s] -- Up-to-date: /home/hiromichi/rost2/install/diagnostic_msgs/include/diagnostic_msgs/diagnostic_msgs/msg/detail/diagnostic_status__functions.h
[0.558s] -- Up-to-date: /home/hiromichi/rost2/install/diagnostic_msgs/include/diagnostic_msgs/diagnostic_msgs/msg/detail/diagnostic_array__struct.h
[0.558s] -- Up-to-date: /home/hiromichi/rost2/install/diagnostic_msgs/include/diagnostic_msgs/diagnostic_msgs/msg/detail/diagnostic_array__type_support.h
[0.558s] -- Up-to-date: /home/hiromichi/rost2/install/diagnostic_msgs/share/diagnostic_msgs/environment/library_path.sh
[0.558s] -- Up-to-date: /home/hiromichi/rost2/install/diagnostic_msgs/share/diagnostic_msgs/environment/library_path.dsv
[0.559s] -- Up-to-date: /home/hiromichi/rost2/install/diagnostic_msgs/lib/libdiagnostic_msgs__rosidl_generator_c.so
[0.560s] -- Up-to-date: /home/hiromichi/rost2/install/diagnostic_msgs/include/diagnostic_msgs/diagnostic_msgs
[0.560s] -- Up-to-date: /home/hiromichi/rost2/install/diagnostic_msgs/include/diagnostic_msgs/diagnostic_msgs/srv
[0.560s] -- Up-to-date: /home/hiromichi/rost2/install/diagnostic_msgs/include/diagnostic_msgs/diagnostic_msgs/srv/detail
[0.561s] -- Up-to-date: /home/hiromichi/rost2/install/diagnostic_msgs/include/diagnostic_msgs/diagnostic_msgs/srv/detail/add_diagnostics__rosidl_typesupport_fastrtps_c.h
[0.561s] -- Up-to-date: /home/hiromichi/rost2/install/diagnostic_msgs/include/diagnostic_msgs/diagnostic_msgs/srv/detail/self_test__rosidl_typesupport_fastrtps_c.h
[0.562s] -- Up-to-date: /home/hiromichi/rost2/install/diagnostic_msgs/include/diagnostic_msgs/diagnostic_msgs/msg
[0.563s] -- Up-to-date: /home/hiromichi/rost2/install/diagnostic_msgs/include/diagnostic_msgs/diagnostic_msgs/msg/rosidl_typesupport_fastrtps_c__visibility_control.h
[0.563s] -- Up-to-date: /home/hiromichi/rost2/install/diagnostic_msgs/include/diagnostic_msgs/diagnostic_msgs/msg/detail
[0.563s] -- Up-to-date: /home/hiromichi/rost2/install/diagnostic_msgs/include/diagnostic_msgs/diagnostic_msgs/msg/detail/diagnostic_array__rosidl_typesupport_fastrtps_c.h
[0.563s] -- Up-to-date: /home/hiromichi/rost2/install/diagnostic_msgs/include/diagnostic_msgs/diagnostic_msgs/msg/detail/diagnostic_status__rosidl_typesupport_fastrtps_c.h
[0.565s] -- Up-to-date: /home/hiromichi/rost2/install/diagnostic_msgs/include/diagnostic_msgs/diagnostic_msgs/msg/detail/key_value__rosidl_typesupport_fastrtps_c.h
[0.566s] -- Up-to-date: /home/hiromichi/rost2/install/diagnostic_msgs/lib/libdiagnostic_msgs__rosidl_typesupport_fastrtps_c.so
[0.566s] -- Up-to-date: /home/hiromichi/rost2/install/diagnostic_msgs/include/diagnostic_msgs/diagnostic_msgs
[0.567s] -- Up-to-date: /home/hiromichi/rost2/install/diagnostic_msgs/include/diagnostic_msgs/diagnostic_msgs/srv
[0.569s] -- Up-to-date: /home/hiromichi/rost2/install/diagnostic_msgs/include/diagnostic_msgs/diagnostic_msgs/srv/detail
[0.569s] -- Up-to-date: /home/hiromichi/rost2/install/diagnostic_msgs/include/diagnostic_msgs/diagnostic_msgs/srv/detail/self_test__rosidl_typesupport_introspection_c.h
[0.569s] -- Up-to-date: /home/hiromichi/rost2/install/diagnostic_msgs/include/diagnostic_msgs/diagnostic_msgs/srv/detail/self_test__type_support.c
[0.570s] -- Up-to-date: /home/hiromichi/rost2/install/diagnostic_msgs/include/diagnostic_msgs/diagnostic_msgs/srv/detail/add_diagnostics__rosidl_typesupport_introspection_c.h
[0.570s] -- Up-to-date: /home/hiromichi/rost2/install/diagnostic_msgs/include/diagnostic_msgs/diagnostic_msgs/srv/detail/add_diagnostics__type_support.c
[0.570s] -- Up-to-date: /home/hiromichi/rost2/install/diagnostic_msgs/include/diagnostic_msgs/diagnostic_msgs/msg
[0.571s] -- Up-to-date: /home/hiromichi/rost2/install/diagnostic_msgs/include/diagnostic_msgs/diagnostic_msgs/msg/rosidl_typesupport_introspection_c__visibility_control.h
[0.571s] -- Up-to-date: /home/hiromichi/rost2/install/diagnostic_msgs/include/diagnostic_msgs/diagnostic_msgs/msg/detail
[0.572s] -- Up-to-date: /home/hiromichi/rost2/install/diagnostic_msgs/include/diagnostic_msgs/diagnostic_msgs/msg/detail/diagnostic_array__rosidl_typesupport_introspection_c.h
[0.572s] -- Up-to-date: /home/hiromichi/rost2/install/diagnostic_msgs/include/diagnostic_msgs/diagnostic_msgs/msg/detail/diagnostic_array__type_support.c
[0.573s] -- Up-to-date: /home/hiromichi/rost2/install/diagnostic_msgs/include/diagnostic_msgs/diagnostic_msgs/msg/detail/diagnostic_status__rosidl_typesupport_introspection_c.h
[0.574s] -- Up-to-date: /home/hiromichi/rost2/install/diagnostic_msgs/include/diagnostic_msgs/diagnostic_msgs/msg/detail/diagnostic_status__type_support.c
[0.574s] -- Up-to-date: /home/hiromichi/rost2/install/diagnostic_msgs/include/diagnostic_msgs/diagnostic_msgs/msg/detail/key_value__type_support.c
[0.574s] -- Up-to-date: /home/hiromichi/rost2/install/diagnostic_msgs/include/diagnostic_msgs/diagnostic_msgs/msg/detail/key_value__rosidl_typesupport_introspection_c.h
[0.574s] -- Up-to-date: /home/hiromichi/rost2/install/diagnostic_msgs/lib/libdiagnostic_msgs__rosidl_typesupport_introspection_c.so
[0.575s] -- Up-to-date: /home/hiromichi/rost2/install/diagnostic_msgs/lib/libdiagnostic_msgs__rosidl_typesupport_c.so
[0.576s] -- Up-to-date: /home/hiromichi/rost2/install/diagnostic_msgs/include/diagnostic_msgs/diagnostic_msgs
[0.576s] -- Up-to-date: /home/hiromichi/rost2/install/diagnostic_msgs/include/diagnostic_msgs/diagnostic_msgs/srv
[0.576s] -- Up-to-date: /home/hiromichi/rost2/install/diagnostic_msgs/include/diagnostic_msgs/diagnostic_msgs/srv/self_test.hpp
[0.576s] -- Up-to-date: /home/hiromichi/rost2/install/diagnostic_msgs/include/diagnostic_msgs/diagnostic_msgs/srv/detail
[0.576s] -- Up-to-date: /home/hiromichi/rost2/install/diagnostic_msgs/include/diagnostic_msgs/diagnostic_msgs/srv/detail/self_test__traits.hpp
[0.577s] -- Up-to-date: /home/hiromichi/rost2/install/diagnostic_msgs/include/diagnostic_msgs/diagnostic_msgs/srv/detail/add_diagnostics__traits.hpp
[0.577s] -- Up-to-date: /home/hiromichi/rost2/install/diagnostic_msgs/include/diagnostic_msgs/diagnostic_msgs/srv/detail/self_test__struct.hpp
[0.577s] -- Up-to-date: /home/hiromichi/rost2/install/diagnostic_msgs/include/diagnostic_msgs/diagnostic_msgs/srv/detail/add_diagnostics__builder.hpp
[0.578s] -- Up-to-date: /home/hiromichi/rost2/install/diagnostic_msgs/include/diagnostic_msgs/diagnostic_msgs/srv/detail/self_test__builder.hpp
[0.579s] -- Up-to-date: /home/hiromichi/rost2/install/diagnostic_msgs/include/diagnostic_msgs/diagnostic_msgs/srv/detail/add_diagnostics__struct.hpp
[0.579s] -- Up-to-date: /home/hiromichi/rost2/install/diagnostic_msgs/include/diagnostic_msgs/diagnostic_msgs/srv/add_diagnostics.hpp
[0.579s] -- Up-to-date: /home/hiromichi/rost2/install/diagnostic_msgs/include/diagnostic_msgs/diagnostic_msgs/msg
[0.579s] -- Up-to-date: /home/hiromichi/rost2/install/diagnostic_msgs/include/diagnostic_msgs/diagnostic_msgs/msg/diagnostic_array.hpp
[0.579s] -- Up-to-date: /home/hiromichi/rost2/install/diagnostic_msgs/include/diagnostic_msgs/diagnostic_msgs/msg/key_value.hpp
[0.580s] -- Up-to-date: /home/hiromichi/rost2/install/diagnostic_msgs/include/diagnostic_msgs/diagnostic_msgs/msg/diagnostic_status.hpp
[0.580s] -- Up-to-date: /home/hiromichi/rost2/install/diagnostic_msgs/include/diagnostic_msgs/diagnostic_msgs/msg/detail
[0.580s] -- Up-to-date: /home/hiromichi/rost2/install/diagnostic_msgs/include/diagnostic_msgs/diagnostic_msgs/msg/detail/diagnostic_array__traits.hpp
[0.581s] -- Up-to-date: /home/hiromichi/rost2/install/diagnostic_msgs/include/diagnostic_msgs/diagnostic_msgs/msg/detail/diagnostic_status__traits.hpp
[0.582s] -- Up-to-date: /home/hiromichi/rost2/install/diagnostic_msgs/include/diagnostic_msgs/diagnostic_msgs/msg/detail/key_value__traits.hpp
[0.582s] -- Up-to-date: /home/hiromichi/rost2/install/diagnostic_msgs/include/diagnostic_msgs/diagnostic_msgs/msg/detail/key_value__builder.hpp
[0.582s] -- Up-to-date: /home/hiromichi/rost2/install/diagnostic_msgs/include/diagnostic_msgs/diagnostic_msgs/msg/detail/diagnostic_status__builder.hpp
[0.583s] -- Up-to-date: /home/hiromichi/rost2/install/diagnostic_msgs/include/diagnostic_msgs/diagnostic_msgs/msg/detail/diagnostic_array__builder.hpp
[0.583s] -- Up-to-date: /home/hiromichi/rost2/install/diagnostic_msgs/include/diagnostic_msgs/diagnostic_msgs/msg/detail/diagnostic_array__struct.hpp
[0.583s] -- Up-to-date: /home/hiromichi/rost2/install/diagnostic_msgs/include/diagnostic_msgs/diagnostic_msgs/msg/detail/diagnostic_status__struct.hpp
[0.583s] -- Up-to-date: /home/hiromichi/rost2/install/diagnostic_msgs/include/diagnostic_msgs/diagnostic_msgs/msg/detail/key_value__struct.hpp
[0.583s] -- Up-to-date: /home/hiromichi/rost2/install/diagnostic_msgs/include/diagnostic_msgs/diagnostic_msgs
[0.584s] -- Up-to-date: /home/hiromichi/rost2/install/diagnostic_msgs/include/diagnostic_msgs/diagnostic_msgs/srv
[0.584s] -- Up-to-date: /home/hiromichi/rost2/install/diagnostic_msgs/include/diagnostic_msgs/diagnostic_msgs/srv/detail
[0.584s] -- Up-to-date: /home/hiromichi/rost2/install/diagnostic_msgs/include/diagnostic_msgs/diagnostic_msgs/srv/detail/dds_fastrtps
[0.584s] -- Up-to-date: /home/hiromichi/rost2/install/diagnostic_msgs/include/diagnostic_msgs/diagnostic_msgs/srv/detail/add_diagnostics__rosidl_typesupport_fastrtps_cpp.hpp
[0.584s] -- Up-to-date: /home/hiromichi/rost2/install/diagnostic_msgs/include/diagnostic_msgs/diagnostic_msgs/srv/detail/self_test__rosidl_typesupport_fastrtps_cpp.hpp
[0.584s] -- Up-to-date: /home/hiromichi/rost2/install/diagnostic_msgs/include/diagnostic_msgs/diagnostic_msgs/msg
[0.585s] -- Up-to-date: /home/hiromichi/rost2/install/diagnostic_msgs/include/diagnostic_msgs/diagnostic_msgs/msg/rosidl_typesupport_fastrtps_cpp__visibility_control.h
[0.585s] -- Up-to-date: /home/hiromichi/rost2/install/diagnostic_msgs/include/diagnostic_msgs/diagnostic_msgs/msg/detail
[0.585s] -- Up-to-date: /home/hiromichi/rost2/install/diagnostic_msgs/include/diagnostic_msgs/diagnostic_msgs/msg/detail/key_value__rosidl_typesupport_fastrtps_cpp.hpp
[0.585s] -- Up-to-date: /home/hiromichi/rost2/install/diagnostic_msgs/include/diagnostic_msgs/diagnostic_msgs/msg/detail/diagnostic_array__rosidl_typesupport_fastrtps_cpp.hpp
[0.585s] -- Up-to-date: /home/hiromichi/rost2/install/diagnostic_msgs/include/diagnostic_msgs/diagnostic_msgs/msg/detail/dds_fastrtps
[0.586s] -- Up-to-date: /home/hiromichi/rost2/install/diagnostic_msgs/include/diagnostic_msgs/diagnostic_msgs/msg/detail/diagnostic_status__rosidl_typesupport_fastrtps_cpp.hpp
[0.586s] -- Up-to-date: /home/hiromichi/rost2/install/diagnostic_msgs/lib/libdiagnostic_msgs__rosidl_typesupport_fastrtps_cpp.so
[0.586s] -- Up-to-date: /home/hiromichi/rost2/install/diagnostic_msgs/include/diagnostic_msgs/diagnostic_msgs
[0.586s] -- Up-to-date: /home/hiromichi/rost2/install/diagnostic_msgs/include/diagnostic_msgs/diagnostic_msgs/srv
[0.586s] -- Up-to-date: /home/hiromichi/rost2/install/diagnostic_msgs/include/diagnostic_msgs/diagnostic_msgs/srv/detail
[0.587s] -- Up-to-date: /home/hiromichi/rost2/install/diagnostic_msgs/include/diagnostic_msgs/diagnostic_msgs/srv/detail/self_test__rosidl_typesupport_introspection_cpp.hpp
[0.587s] -- Up-to-date: /home/hiromichi/rost2/install/diagnostic_msgs/include/diagnostic_msgs/diagnostic_msgs/srv/detail/self_test__type_support.cpp
[0.588s] -- Up-to-date: /home/hiromichi/rost2/install/diagnostic_msgs/include/diagnostic_msgs/diagnostic_msgs/srv/detail/add_diagnostics__rosidl_typesupport_introspection_cpp.hpp
[0.588s] -- Up-to-date: /home/hiromichi/rost2/install/diagnostic_msgs/include/diagnostic_msgs/diagnostic_msgs/srv/detail/add_diagnostics__type_support.cpp
[0.588s] -- Up-to-date: /home/hiromichi/rost2/install/diagnostic_msgs/include/diagnostic_msgs/diagnostic_msgs/msg
[0.588s] -- Up-to-date: /home/hiromichi/rost2/install/diagnostic_msgs/include/diagnostic_msgs/diagnostic_msgs/msg/detail
[0.589s] -- Up-to-date: /home/hiromichi/rost2/install/diagnostic_msgs/include/diagnostic_msgs/diagnostic_msgs/msg/detail/key_value__type_support.cpp
[0.589s] -- Up-to-date: /home/hiromichi/rost2/install/diagnostic_msgs/include/diagnostic_msgs/diagnostic_msgs/msg/detail/key_value__rosidl_typesupport_introspection_cpp.hpp
[0.589s] -- Up-to-date: /home/hiromichi/rost2/install/diagnostic_msgs/include/diagnostic_msgs/diagnostic_msgs/msg/detail/diagnostic_status__type_support.cpp
[0.589s] -- Up-to-date: /home/hiromichi/rost2/install/diagnostic_msgs/include/diagnostic_msgs/diagnostic_msgs/msg/detail/diagnostic_array__type_support.cpp
[0.589s] -- Up-to-date: /home/hiromichi/rost2/install/diagnostic_msgs/include/diagnostic_msgs/diagnostic_msgs/msg/detail/diagnostic_array__rosidl_typesupport_introspection_cpp.hpp
[0.590s] -- Up-to-date: /home/hiromichi/rost2/install/diagnostic_msgs/include/diagnostic_msgs/diagnostic_msgs/msg/detail/diagnostic_status__rosidl_typesupport_introspection_cpp.hpp
[0.590s] -- Up-to-date: /home/hiromichi/rost2/install/diagnostic_msgs/lib/libdiagnostic_msgs__rosidl_typesupport_introspection_cpp.so
[0.590s] -- Up-to-date: /home/hiromichi/rost2/install/diagnostic_msgs/lib/libdiagnostic_msgs__rosidl_typesupport_cpp.so
[0.590s] -- Up-to-date: /home/hiromichi/rost2/install/diagnostic_msgs/share/ament_index/resource_index/rust_packages/diagnostic_msgs
[0.590s] -- Up-to-date: /home/hiromichi/rost2/install/diagnostic_msgs/share/diagnostic_msgs/rust
[0.590s] -- Up-to-date: /home/hiromichi/rost2/install/diagnostic_msgs/share/diagnostic_msgs/rust/src
[0.591s] -- Up-to-date: /home/hiromichi/rost2/install/diagnostic_msgs/share/diagnostic_msgs/rust/src/msg.rs
[0.591s] -- Up-to-date: /home/hiromichi/rost2/install/diagnostic_msgs/share/diagnostic_msgs/rust/src/srv.rs
[0.591s] -- Up-to-date: /home/hiromichi/rost2/install/diagnostic_msgs/share/diagnostic_msgs/rust/src/lib.rs
[0.591s] -- Up-to-date: /home/hiromichi/rost2/install/diagnostic_msgs/share/diagnostic_msgs/rust/Cargo.toml
[0.592s] -- Up-to-date: /home/hiromichi/rost2/install/diagnostic_msgs/share/diagnostic_msgs/rust/build.rs
[0.592s] -- Up-to-date: /home/hiromichi/rost2/install/diagnostic_msgs/share/diagnostic_msgs/environment/pythonpath.sh
[0.592s] -- Up-to-date: /home/hiromichi/rost2/install/diagnostic_msgs/share/diagnostic_msgs/environment/pythonpath.dsv
[0.592s] -- Up-to-date: /home/hiromichi/rost2/install/diagnostic_msgs/local/lib/python3.10/dist-packages/diagnostic_msgs-4.2.4-py3.10.egg-info
[0.592s] -- Installing: /home/hiromichi/rost2/install/diagnostic_msgs/local/lib/python3.10/dist-packages/diagnostic_msgs-4.2.4-py3.10.egg-info/top_level.txt
[0.593s] -- Installing: /home/hiromichi/rost2/install/diagnostic_msgs/local/lib/python3.10/dist-packages/diagnostic_msgs-4.2.4-py3.10.egg-info/dependency_links.txt
[0.593s] -- Installing: /home/hiromichi/rost2/install/diagnostic_msgs/local/lib/python3.10/dist-packages/diagnostic_msgs-4.2.4-py3.10.egg-info/SOURCES.txt
[0.594s] -- Installing: /home/hiromichi/rost2/install/diagnostic_msgs/local/lib/python3.10/dist-packages/diagnostic_msgs-4.2.4-py3.10.egg-info/PKG-INFO
[0.594s] -- Up-to-date: /home/hiromichi/rost2/install/diagnostic_msgs/local/lib/python3.10/dist-packages/diagnostic_msgs
[0.594s] -- Up-to-date: /home/hiromichi/rost2/install/diagnostic_msgs/local/lib/python3.10/dist-packages/diagnostic_msgs/srv
[0.594s] -- Up-to-date: /home/hiromichi/rost2/install/diagnostic_msgs/local/lib/python3.10/dist-packages/diagnostic_msgs/srv/_add_diagnostics.py
[0.595s] -- Up-to-date: /home/hiromichi/rost2/install/diagnostic_msgs/local/lib/python3.10/dist-packages/diagnostic_msgs/srv/__init__.py
[0.595s] -- Up-to-date: /home/hiromichi/rost2/install/diagnostic_msgs/local/lib/python3.10/dist-packages/diagnostic_msgs/srv/_self_test_s.c
[0.595s] -- Up-to-date: /home/hiromichi/rost2/install/diagnostic_msgs/local/lib/python3.10/dist-packages/diagnostic_msgs/srv/_add_diagnostics_s.c
[0.595s] -- Up-to-date: /home/hiromichi/rost2/install/diagnostic_msgs/local/lib/python3.10/dist-packages/diagnostic_msgs/srv/_self_test.py
[0.595s] -- Up-to-date: /home/hiromichi/rost2/install/diagnostic_msgs/local/lib/python3.10/dist-packages/diagnostic_msgs/diagnostic_msgs_s__rosidl_typesupport_introspection_c.cpython-310-x86_64-linux-gnu.so
[0.595s] -- Up-to-date: /home/hiromichi/rost2/install/diagnostic_msgs/local/lib/python3.10/dist-packages/diagnostic_msgs/_diagnostic_msgs_s.ep.rosidl_typesupport_introspection_c.c
[0.596s] -- Up-to-date: /home/hiromichi/rost2/install/diagnostic_msgs/local/lib/python3.10/dist-packages/diagnostic_msgs/diagnostic_msgs_s__rosidl_typesupport_c.cpython-310-x86_64-linux-gnu.so
[0.596s] -- Up-to-date: /home/hiromichi/rost2/install/diagnostic_msgs/local/lib/python3.10/dist-packages/diagnostic_msgs/msg
[0.596s] -- Up-to-date: /home/hiromichi/rost2/install/diagnostic_msgs/local/lib/python3.10/dist-packages/diagnostic_msgs/msg/_key_value.py
[0.596s] -- Up-to-date: /home/hiromichi/rost2/install/diagnostic_msgs/local/lib/python3.10/dist-packages/diagnostic_msgs/msg/_diagnostic_array.py
[0.596s] -- Up-to-date: /home/hiromichi/rost2/install/diagnostic_msgs/local/lib/python3.10/dist-packages/diagnostic_msgs/msg/_diagnostic_status.py
[0.596s] -- Up-to-date: /home/hiromichi/rost2/install/diagnostic_msgs/local/lib/python3.10/dist-packages/diagnostic_msgs/msg/_diagnostic_array_s.c
[0.597s] -- Up-to-date: /home/hiromichi/rost2/install/diagnostic_msgs/local/lib/python3.10/dist-packages/diagnostic_msgs/msg/_key_value_s.c
[0.597s] -- Up-to-date: /home/hiromichi/rost2/install/diagnostic_msgs/local/lib/python3.10/dist-packages/diagnostic_msgs/msg/__init__.py
[0.597s] -- Up-to-date: /home/hiromichi/rost2/install/diagnostic_msgs/local/lib/python3.10/dist-packages/diagnostic_msgs/msg/_diagnostic_status_s.c
[0.597s] -- Up-to-date: /home/hiromichi/rost2/install/diagnostic_msgs/local/lib/python3.10/dist-packages/diagnostic_msgs/_diagnostic_msgs_s.ep.rosidl_typesupport_fastrtps_c.c
[0.597s] -- Up-to-date: /home/hiromichi/rost2/install/diagnostic_msgs/local/lib/python3.10/dist-packages/diagnostic_msgs/libdiagnostic_msgs__rosidl_generator_py.so
[0.597s] -- Up-to-date: /home/hiromichi/rost2/install/diagnostic_msgs/local/lib/python3.10/dist-packages/diagnostic_msgs/diagnostic_msgs_s__rosidl_typesupport_fastrtps_c.cpython-310-x86_64-linux-gnu.so
[0.597s] -- Up-to-date: /home/hiromichi/rost2/install/diagnostic_msgs/local/lib/python3.10/dist-packages/diagnostic_msgs/_diagnostic_msgs_s.ep.rosidl_typesupport_c.c
[0.597s] -- Up-to-date: /home/hiromichi/rost2/install/diagnostic_msgs/local/lib/python3.10/dist-packages/diagnostic_msgs/__init__.py
[0.654s] Listing '/home/hiromichi/rost2/install/diagnostic_msgs/local/lib/python3.10/dist-packages/diagnostic_msgs'...
[0.654s] Listing '/home/hiromichi/rost2/install/diagnostic_msgs/local/lib/python3.10/dist-packages/diagnostic_msgs/msg'...
[0.654s] Listing '/home/hiromichi/rost2/install/diagnostic_msgs/local/lib/python3.10/dist-packages/diagnostic_msgs/srv'...
[0.655s] -- Up-to-date: /home/hiromichi/rost2/install/diagnostic_msgs/local/lib/python3.10/dist-packages/diagnostic_msgs/diagnostic_msgs_s__rosidl_typesupport_fastrtps_c.cpython-310-x86_64-linux-gnu.so
[0.655s] -- Up-to-date: /home/hiromichi/rost2/install/diagnostic_msgs/local/lib/python3.10/dist-packages/diagnostic_msgs/diagnostic_msgs_s__rosidl_typesupport_introspection_c.cpython-310-x86_64-linux-gnu.so
[0.657s] -- Up-to-date: /home/hiromichi/rost2/install/diagnostic_msgs/local/lib/python3.10/dist-packages/diagnostic_msgs/diagnostic_msgs_s__rosidl_typesupport_c.cpython-310-x86_64-linux-gnu.so
[0.657s] -- Up-to-date: /home/hiromichi/rost2/install/diagnostic_msgs/lib/libdiagnostic_msgs__rosidl_generator_py.so
[0.657s] -- Up-to-date: /home/hiromichi/rost2/install/diagnostic_msgs/share/diagnostic_msgs/msg/DiagnosticArray.idl
[0.657s] -- Up-to-date: /home/hiromichi/rost2/install/diagnostic_msgs/share/diagnostic_msgs/msg/DiagnosticStatus.idl
[0.657s] -- Up-to-date: /home/hiromichi/rost2/install/diagnostic_msgs/share/diagnostic_msgs/msg/KeyValue.idl
[0.657s] -- Up-to-date: /home/hiromichi/rost2/install/diagnostic_msgs/share/diagnostic_msgs/srv/AddDiagnostics.idl
[0.657s] -- Up-to-date: /home/hiromichi/rost2/install/diagnostic_msgs/share/diagnostic_msgs/srv/SelfTest.idl
[0.657s] -- Up-to-date: /home/hiromichi/rost2/install/diagnostic_msgs/share/diagnostic_msgs/msg/DiagnosticArray.msg
[0.658s] -- Up-to-date: /home/hiromichi/rost2/install/diagnostic_msgs/share/diagnostic_msgs/msg/DiagnosticStatus.msg
[0.658s] -- Up-to-date: /home/hiromichi/rost2/install/diagnostic_msgs/share/diagnostic_msgs/msg/KeyValue.msg
[0.658s] -- Up-to-date: /home/hiromichi/rost2/install/diagnostic_msgs/share/diagnostic_msgs/srv/AddDiagnostics.srv
[0.658s] -- Up-to-date: /home/hiromichi/rost2/install/diagnostic_msgs/share/diagnostic_msgs/srv/AddDiagnostics_Request.msg
[0.658s] -- Up-to-date: /home/hiromichi/rost2/install/diagnostic_msgs/share/diagnostic_msgs/srv/AddDiagnostics_Response.msg
[0.658s] -- Up-to-date: /home/hiromichi/rost2/install/diagnostic_msgs/share/diagnostic_msgs/srv/SelfTest.srv
[0.658s] -- Up-to-date: /home/hiromichi/rost2/install/diagnostic_msgs/share/diagnostic_msgs/srv/SelfTest_Request.msg
[0.659s] -- Up-to-date: /home/hiromichi/rost2/install/diagnostic_msgs/share/diagnostic_msgs/srv/SelfTest_Response.msg
[0.664s] -- Up-to-date: /home/hiromichi/rost2/install/diagnostic_msgs/share/ament_index/resource_index/package_run_dependencies/diagnostic_msgs
[0.664s] -- Up-to-date: /home/hiromichi/rost2/install/diagnostic_msgs/share/ament_index/resource_index/parent_prefix_path/diagnostic_msgs
[0.664s] -- Up-to-date: /home/hiromichi/rost2/install/diagnostic_msgs/share/diagnostic_msgs/environment/ament_prefix_path.sh
[0.664s] -- Up-to-date: /home/hiromichi/rost2/install/diagnostic_msgs/share/diagnostic_msgs/environment/ament_prefix_path.dsv
[0.664s] -- Up-to-date: /home/hiromichi/rost2/install/diagnostic_msgs/share/diagnostic_msgs/environment/path.sh
[0.664s] -- Up-to-date: /home/hiromichi/rost2/install/diagnostic_msgs/share/diagnostic_msgs/environment/path.dsv
[0.664s] -- Up-to-date: /home/hiromichi/rost2/install/diagnostic_msgs/share/diagnostic_msgs/local_setup.bash
[0.664s] -- Up-to-date: /home/hiromichi/rost2/install/diagnostic_msgs/share/diagnostic_msgs/local_setup.sh
[0.664s] -- Up-to-date: /home/hiromichi/rost2/install/diagnostic_msgs/share/diagnostic_msgs/local_setup.zsh
[0.664s] -- Up-to-date: /home/hiromichi/rost2/install/diagnostic_msgs/share/diagnostic_msgs/local_setup.dsv
[0.664s] -- Installing: /home/hiromichi/rost2/install/diagnostic_msgs/share/diagnostic_msgs/package.dsv
[0.666s] -- Up-to-date: /home/hiromichi/rost2/install/diagnostic_msgs/share/ament_index/resource_index/packages/diagnostic_msgs
[0.666s] -- Up-to-date: /home/hiromichi/rost2/install/diagnostic_msgs/share/diagnostic_msgs/cmake/export_diagnostic_msgs__rosidl_generator_cExport.cmake
[0.666s] -- Up-to-date: /home/hiromichi/rost2/install/diagnostic_msgs/share/diagnostic_msgs/cmake/export_diagnostic_msgs__rosidl_generator_cExport-noconfig.cmake
[0.666s] -- Up-to-date: /home/hiromichi/rost2/install/diagnostic_msgs/share/diagnostic_msgs/cmake/export_diagnostic_msgs__rosidl_typesupport_fastrtps_cExport.cmake
[0.666s] -- Up-to-date: /home/hiromichi/rost2/install/diagnostic_msgs/share/diagnostic_msgs/cmake/export_diagnostic_msgs__rosidl_typesupport_fastrtps_cExport-noconfig.cmake
[0.667s] -- Up-to-date: /home/hiromichi/rost2/install/diagnostic_msgs/share/diagnostic_msgs/cmake/diagnostic_msgs__rosidl_typesupport_introspection_cExport.cmake
[0.667s] -- Up-to-date: /home/hiromichi/rost2/install/diagnostic_msgs/share/diagnostic_msgs/cmake/diagnostic_msgs__rosidl_typesupport_introspection_cExport-noconfig.cmake
[0.667s] -- Up-to-date: /home/hiromichi/rost2/install/diagnostic_msgs/share/diagnostic_msgs/cmake/diagnostic_msgs__rosidl_typesupport_cExport.cmake
[0.667s] -- Up-to-date: /home/hiromichi/rost2/install/diagnostic_msgs/share/diagnostic_msgs/cmake/diagnostic_msgs__rosidl_typesupport_cExport-noconfig.cmake
[0.675s] -- Up-to-date: /home/hiromichi/rost2/install/diagnostic_msgs/share/diagnostic_msgs/cmake/export_diagnostic_msgs__rosidl_generator_cppExport.cmake
[0.677s] -- Up-to-date: /home/hiromichi/rost2/install/diagnostic_msgs/share/diagnostic_msgs/cmake/export_diagnostic_msgs__rosidl_typesupport_fastrtps_cppExport.cmake
[0.677s] -- Up-to-date: /home/hiromichi/rost2/install/diagnostic_msgs/share/diagnostic_msgs/cmake/export_diagnostic_msgs__rosidl_typesupport_fastrtps_cppExport-noconfig.cmake
[0.678s] -- Up-to-date: /home/hiromichi/rost2/install/diagnostic_msgs/share/diagnostic_msgs/cmake/diagnostic_msgs__rosidl_typesupport_introspection_cppExport.cmake
[0.686s] -- Up-to-date: /home/hiromichi/rost2/install/diagnostic_msgs/share/diagnostic_msgs/cmake/diagnostic_msgs__rosidl_typesupport_introspection_cppExport-noconfig.cmake
[0.686s] -- Up-to-date: /home/hiromichi/rost2/install/diagnostic_msgs/share/diagnostic_msgs/cmake/diagnostic_msgs__rosidl_typesupport_cppExport.cmake
[0.693s] -- Up-to-date: /home/hiromichi/rost2/install/diagnostic_msgs/share/diagnostic_msgs/cmake/diagnostic_msgs__rosidl_typesupport_cppExport-noconfig.cmake
[0.694s] -- Up-to-date: /home/hiromichi/rost2/install/diagnostic_msgs/share/diagnostic_msgs/cmake/export_diagnostic_msgs__rosidl_generator_pyExport.cmake
[0.695s] -- Up-to-date: /home/hiromichi/rost2/install/diagnostic_msgs/share/diagnostic_msgs/cmake/export_diagnostic_msgs__rosidl_generator_pyExport-noconfig.cmake
[0.696s] -- Up-to-date: /home/hiromichi/rost2/install/diagnostic_msgs/share/diagnostic_msgs/cmake/rosidl_cmake-extras.cmake
[0.696s] -- Up-to-date: /home/hiromichi/rost2/install/diagnostic_msgs/share/diagnostic_msgs/cmake/ament_cmake_export_dependencies-extras.cmake
[0.696s] -- Up-to-date: /home/hiromichi/rost2/install/diagnostic_msgs/share/diagnostic_msgs/cmake/ament_cmake_export_include_directories-extras.cmake
[0.696s] -- Up-to-date: /home/hiromichi/rost2/install/diagnostic_msgs/share/diagnostic_msgs/cmake/ament_cmake_export_libraries-extras.cmake
[0.696s] -- Up-to-date: /home/hiromichi/rost2/install/diagnostic_msgs/share/diagnostic_msgs/cmake/ament_cmake_export_targets-extras.cmake
[0.696s] -- Up-to-date: /home/hiromichi/rost2/install/diagnostic_msgs/share/diagnostic_msgs/cmake/rosidl_cmake_export_typesupport_targets-extras.cmake
[0.696s] -- Up-to-date: /home/hiromichi/rost2/install/diagnostic_msgs/share/diagnostic_msgs/cmake/rosidl_cmake_export_typesupport_libraries-extras.cmake
[0.696s] -- Up-to-date: /home/hiromichi/rost2/install/diagnostic_msgs/share/diagnostic_msgs/cmake/diagnostic_msgsConfig.cmake
[0.696s] -- Up-to-date: /home/hiromichi/rost2/install/diagnostic_msgs/share/diagnostic_msgs/cmake/diagnostic_msgsConfig-version.cmake
[0.696s] -- Up-to-date: /home/hiromichi/rost2/install/diagnostic_msgs/share/diagnostic_msgs/package.xml
[0.712s] Invoked command in '/home/hiromichi/rost2/build/diagnostic_msgs' returned '0': AMENT_PREFIX_PATH=/home/hiromichi/rost2/install/geometry_msgs:/home/hiromichi/rost2/install/std_msgs:/home/hiromichi/rost2/install/builtin_interfaces:/home/hiromichi/rost2/install/rosidl_default_runtime:/home/hiromichi/rost2/install/rosidl_default_generators:/home/hiromichi/rost2/install/rosidl_generator_rs:/home/hiromichi/rost2/install/rosidl_runtime_rs:${AMENT_PREFIX_PATH} CMAKE_PREFIX_PATH=/home/hiromichi/rost2/install/geometry_msgs:/home/hiromichi/rost2/install/std_msgs:/home/hiromichi/rost2/install/builtin_interfaces:/home/hiromichi/rost2/install/rosidl_default_runtime:/home/hiromichi/rost2/install/rosidl_default_generators:/home/hiromichi/rost2/install/rosidl_generator_rs:/opt/ros/humble LD_LIBRARY_PATH=/home/hiromichi/rost2/install/geometry_msgs/lib:/home/hiromichi/rost2/install/std_msgs/lib:/home/hiromichi/rost2/install/builtin_interfaces/lib:${LD_LIBRARY_PATH} PYTHONPATH=/home/hiromichi/rost2/install/geometry_msgs/local/lib/python3.10/dist-packages:/home/hiromichi/rost2/install/std_msgs/local/lib/python3.10/dist-packages:/home/hiromichi/rost2/install/builtin_interfaces/local/lib/python3.10/dist-packages:/home/hiromichi/rost2/install/rosidl_generator_rs/local/lib/python3.10/dist-packages:${PYTHONPATH} /usr/bin/cmake --install /home/hiromichi/rost2/build/diagnostic_msgs
