[0.341s] Invoking command in '/home/hiro/rust_ws/build/composition_interfaces': AMENT_PREFIX_PATH=/home/hiro/rust_ws/install/rcl_interfaces:/home/hiro/rust_ws/install/builtin_interfaces:/home/hiro/rust_ws/install/rosidl_default_runtime:/home/hiro/rust_ws/install/rosidl_default_generators:/home/hiro/rust_ws/install/rosidl_generator_rs:/home/hiro/rust_ws/install/rosidl_runtime_rs:${AMENT_PREFIX_PATH} CMAKE_PREFIX_PATH=/home/hiro/rust_ws/install/rcl_interfaces:/home/hiro/rust_ws/install/builtin_interfaces:/home/hiro/rust_ws/install/rosidl_default_runtime:/home/hiro/rust_ws/install/rosidl_default_generators:/home/hiro/rust_ws/install/rosidl_generator_rs:/home/hiro/ws_livox/install/livox_ros_driver2:/opt/ros/humble LD_LIBRARY_PATH=/home/hiro/rust_ws/install/rcl_interfaces/lib:/home/hiro/rust_ws/install/builtin_interfaces/lib:${LD_LIBRARY_PATH} PYTHONPATH=/home/hiro/rust_ws/install/rcl_interfaces/local/lib/python3.10/dist-packages:/home/hiro/rust_ws/install/builtin_interfaces/local/lib/python3.10/dist-packages:/home/hiro/rust_ws/install/rosidl_generator_rs/local/lib/python3.10/dist-packages:${PYTHONPATH} /usr/bin/cmake --build /home/hiro/rust_ws/build/composition_interfaces -- -j22 -l22
[0.368s] [35m[1mConsolidate compiler generated dependencies of target composition_interfaces__rosidl_generator_c[0m
[0.374s] [  2%] Built target composition_interfaces__cpp
[0.375s] [  4%] Built target composition_interfaces__rs
[0.378s] [ 14%] Built target composition_interfaces__rosidl_generator_c
[0.384s] [35m[1mConsolidate compiler generated dependencies of target composition_interfaces__rosidl_typesupport_cpp[0m
[0.384s] [ 14%] Built target ament_cmake_python_copy_composition_interfaces
[0.385s] [35m[1mConsolidate compiler generated dependencies of target composition_interfaces__rosidl_typesupport_fastrtps_cpp[0m
[0.386s] [35m[1mConsolidate compiler generated dependencies of target composition_interfaces__rosidl_typesupport_introspection_cpp[0m
[0.388s] [35m[1mConsolidate compiler generated dependencies of target composition_interfaces__rosidl_typesupport_c[0m
[0.390s] [35m[1mConsolidate compiler generated dependencies of target composition_interfaces__rosidl_typesupport_fastrtps_c[0m
[0.390s] [35m[1mConsolidate compiler generated dependencies of target composition_interfaces__rosidl_typesupport_introspection_c[0m
[0.396s] [ 25%] Built target composition_interfaces__rosidl_typesupport_cpp
[0.398s] [ 35%] Built target composition_interfaces__rosidl_typesupport_introspection_cpp
[0.399s] [ 45%] Built target composition_interfaces__rosidl_typesupport_c
[0.399s] [ 56%] Built target composition_interfaces__rosidl_typesupport_fastrtps_cpp
[0.402s] [ 66%] Built target composition_interfaces__rosidl_typesupport_introspection_c
[0.402s] [ 77%] Built target composition_interfaces__rosidl_typesupport_fastrtps_c
[0.417s] [ 77%] Built target composition_interfaces
[0.433s] [ 79%] Built target composition_interfaces__py
[0.440s] [35m[1mConsolidate compiler generated dependencies of target composition_interfaces__rosidl_generator_py[0m
[0.449s] [ 87%] Built target composition_interfaces__rosidl_generator_py
[0.458s] [35m[1mConsolidate compiler generated dependencies of target composition_interfaces__rosidl_typesupport_introspection_c__pyext[0m
[0.460s] [35m[1mConsolidate compiler generated dependencies of target composition_interfaces__rosidl_typesupport_fastrtps_c__pyext[0m
[0.460s] [35m[1mConsolidate compiler generated dependencies of target composition_interfaces__rosidl_typesupport_c__pyext[0m
[0.468s] [ 91%] Built target composition_interfaces__rosidl_typesupport_introspection_c__pyext
[0.471s] [ 95%] Built target composition_interfaces__rosidl_typesupport_c__pyext
[0.471s] [100%] Built target composition_interfaces__rosidl_typesupport_fastrtps_c__pyext
[0.725s] running egg_info
[0.742s] writing composition_interfaces.egg-info/PKG-INFO
[0.742s] writing dependency_links to composition_interfaces.egg-info/dependency_links.txt
[0.742s] writing top-level names to composition_interfaces.egg-info/top_level.txt
[0.779s] reading manifest file 'composition_interfaces.egg-info/SOURCES.txt'
[0.780s] writing manifest file 'composition_interfaces.egg-info/SOURCES.txt'
[0.825s] [100%] Built target ament_cmake_python_build_composition_interfaces_egg
[0.839s] Invoked command in '/home/hiro/rust_ws/build/composition_interfaces' returned '0': AMENT_PREFIX_PATH=/home/hiro/rust_ws/install/rcl_interfaces:/home/hiro/rust_ws/install/builtin_interfaces:/home/hiro/rust_ws/install/rosidl_default_runtime:/home/hiro/rust_ws/install/rosidl_default_generators:/home/hiro/rust_ws/install/rosidl_generator_rs:/home/hiro/rust_ws/install/rosidl_runtime_rs:${AMENT_PREFIX_PATH} CMAKE_PREFIX_PATH=/home/hiro/rust_ws/install/rcl_interfaces:/home/hiro/rust_ws/install/builtin_interfaces:/home/hiro/rust_ws/install/rosidl_default_runtime:/home/hiro/rust_ws/install/rosidl_default_generators:/home/hiro/rust_ws/install/rosidl_generator_rs:/home/hiro/ws_livox/install/livox_ros_driver2:/opt/ros/humble LD_LIBRARY_PATH=/home/hiro/rust_ws/install/rcl_interfaces/lib:/home/hiro/rust_ws/install/builtin_interfaces/lib:${LD_LIBRARY_PATH} PYTHONPATH=/home/hiro/rust_ws/install/rcl_interfaces/local/lib/python3.10/dist-packages:/home/hiro/rust_ws/install/builtin_interfaces/local/lib/python3.10/dist-packages:/home/hiro/rust_ws/install/rosidl_generator_rs/local/lib/python3.10/dist-packages:${PYTHONPATH} /usr/bin/cmake --build /home/hiro/rust_ws/build/composition_interfaces -- -j22 -l22
[0.941s] Invoking command in '/home/hiro/rust_ws/build/composition_interfaces': AMENT_PREFIX_PATH=/home/hiro/rust_ws/install/rcl_interfaces:/home/hiro/rust_ws/install/builtin_interfaces:/home/hiro/rust_ws/install/rosidl_default_runtime:/home/hiro/rust_ws/install/rosidl_default_generators:/home/hiro/rust_ws/install/rosidl_generator_rs:/home/hiro/rust_ws/install/rosidl_runtime_rs:${AMENT_PREFIX_PATH} CMAKE_PREFIX_PATH=/home/hiro/rust_ws/install/rcl_interfaces:/home/hiro/rust_ws/install/builtin_interfaces:/home/hiro/rust_ws/install/rosidl_default_runtime:/home/hiro/rust_ws/install/rosidl_default_generators:/home/hiro/rust_ws/install/rosidl_generator_rs:/home/hiro/ws_livox/install/livox_ros_driver2:/opt/ros/humble LD_LIBRARY_PATH=/home/hiro/rust_ws/install/rcl_interfaces/lib:/home/hiro/rust_ws/install/builtin_interfaces/lib:${LD_LIBRARY_PATH} PYTHONPATH=/home/hiro/rust_ws/install/rcl_interfaces/local/lib/python3.10/dist-packages:/home/hiro/rust_ws/install/builtin_interfaces/local/lib/python3.10/dist-packages:/home/hiro/rust_ws/install/rosidl_generator_rs/local/lib/python3.10/dist-packages:${PYTHONPATH} /usr/bin/cmake --install /home/hiro/rust_ws/build/composition_interfaces
[0.947s] -- Install configuration: ""
[0.947s] -- Up-to-date: /home/hiro/rust_ws/install/composition_interfaces/share/ament_index/resource_index/rosidl_interfaces/composition_interfaces
[0.947s] -- Up-to-date: /home/hiro/rust_ws/install/composition_interfaces/include/composition_interfaces/composition_interfaces
[0.947s] -- Up-to-date: /home/hiro/rust_ws/install/composition_interfaces/include/composition_interfaces/composition_interfaces/msg
[0.947s] -- Up-to-date: /home/hiro/rust_ws/install/composition_interfaces/include/composition_interfaces/composition_interfaces/msg/rosidl_generator_c__visibility_control.h
[0.947s] -- Up-to-date: /home/hiro/rust_ws/install/composition_interfaces/include/composition_interfaces/composition_interfaces/srv
[0.948s] -- Up-to-date: /home/hiro/rust_ws/install/composition_interfaces/include/composition_interfaces/composition_interfaces/srv/unload_node.h
[0.948s] -- Up-to-date: /home/hiro/rust_ws/install/composition_interfaces/include/composition_interfaces/composition_interfaces/srv/list_nodes.h
[0.948s] -- Up-to-date: /home/hiro/rust_ws/install/composition_interfaces/include/composition_interfaces/composition_interfaces/srv/detail
[0.949s] -- Up-to-date: /home/hiro/rust_ws/install/composition_interfaces/include/composition_interfaces/composition_interfaces/srv/detail/load_node__functions.c
[0.949s] -- Up-to-date: /home/hiro/rust_ws/install/composition_interfaces/include/composition_interfaces/composition_interfaces/srv/detail/unload_node__functions.h
[0.950s] -- Up-to-date: /home/hiro/rust_ws/install/composition_interfaces/include/composition_interfaces/composition_interfaces/srv/detail/unload_node__struct.h
[0.950s] -- Up-to-date: /home/hiro/rust_ws/install/composition_interfaces/include/composition_interfaces/composition_interfaces/srv/detail/list_nodes__functions.h
[0.950s] -- Up-to-date: /home/hiro/rust_ws/install/composition_interfaces/include/composition_interfaces/composition_interfaces/srv/detail/load_node__type_support.h
[0.950s] -- Up-to-date: /home/hiro/rust_ws/install/composition_interfaces/include/composition_interfaces/composition_interfaces/srv/detail/load_node__functions.h
[0.951s] -- Up-to-date: /home/hiro/rust_ws/install/composition_interfaces/include/composition_interfaces/composition_interfaces/srv/detail/unload_node__functions.c
[0.951s] -- Up-to-date: /home/hiro/rust_ws/install/composition_interfaces/include/composition_interfaces/composition_interfaces/srv/detail/list_nodes__functions.c
[0.951s] -- Up-to-date: /home/hiro/rust_ws/install/composition_interfaces/include/composition_interfaces/composition_interfaces/srv/detail/load_node__struct.h
[0.951s] -- Up-to-date: /home/hiro/rust_ws/install/composition_interfaces/include/composition_interfaces/composition_interfaces/srv/detail/unload_node__type_support.h
[0.951s] -- Up-to-date: /home/hiro/rust_ws/install/composition_interfaces/include/composition_interfaces/composition_interfaces/srv/detail/list_nodes__type_support.h
[0.951s] -- Up-to-date: /home/hiro/rust_ws/install/composition_interfaces/include/composition_interfaces/composition_interfaces/srv/detail/list_nodes__struct.h
[0.951s] -- Up-to-date: /home/hiro/rust_ws/install/composition_interfaces/include/composition_interfaces/composition_interfaces/srv/load_node.h
[0.951s] -- Up-to-date: /home/hiro/rust_ws/install/composition_interfaces/share/composition_interfaces/environment/library_path.sh
[0.951s] -- Up-to-date: /home/hiro/rust_ws/install/composition_interfaces/share/composition_interfaces/environment/library_path.dsv
[0.951s] -- Up-to-date: /home/hiro/rust_ws/install/composition_interfaces/lib/libcomposition_interfaces__rosidl_generator_c.so
[0.951s] -- Up-to-date: /home/hiro/rust_ws/install/composition_interfaces/include/composition_interfaces/composition_interfaces
[0.951s] -- Up-to-date: /home/hiro/rust_ws/install/composition_interfaces/include/composition_interfaces/composition_interfaces/msg
[0.951s] -- Up-to-date: /home/hiro/rust_ws/install/composition_interfaces/include/composition_interfaces/composition_interfaces/msg/rosidl_typesupport_fastrtps_c__visibility_control.h
[0.951s] -- Up-to-date: /home/hiro/rust_ws/install/composition_interfaces/include/composition_interfaces/composition_interfaces/srv
[0.952s] -- Up-to-date: /home/hiro/rust_ws/install/composition_interfaces/include/composition_interfaces/composition_interfaces/srv/detail
[0.952s] -- Up-to-date: /home/hiro/rust_ws/install/composition_interfaces/include/composition_interfaces/composition_interfaces/srv/detail/load_node__rosidl_typesupport_fastrtps_c.h
[0.952s] -- Up-to-date: /home/hiro/rust_ws/install/composition_interfaces/include/composition_interfaces/composition_interfaces/srv/detail/list_nodes__rosidl_typesupport_fastrtps_c.h
[0.952s] -- Up-to-date: /home/hiro/rust_ws/install/composition_interfaces/include/composition_interfaces/composition_interfaces/srv/detail/unload_node__rosidl_typesupport_fastrtps_c.h
[0.952s] -- Up-to-date: /home/hiro/rust_ws/install/composition_interfaces/lib/libcomposition_interfaces__rosidl_typesupport_fastrtps_c.so
[0.952s] -- Up-to-date: /home/hiro/rust_ws/install/composition_interfaces/include/composition_interfaces/composition_interfaces
[0.953s] -- Up-to-date: /home/hiro/rust_ws/install/composition_interfaces/include/composition_interfaces/composition_interfaces/msg
[0.953s] -- Up-to-date: /home/hiro/rust_ws/install/composition_interfaces/include/composition_interfaces/composition_interfaces/msg/rosidl_typesupport_introspection_c__visibility_control.h
[0.953s] -- Up-to-date: /home/hiro/rust_ws/install/composition_interfaces/include/composition_interfaces/composition_interfaces/srv
[0.953s] -- Up-to-date: /home/hiro/rust_ws/install/composition_interfaces/include/composition_interfaces/composition_interfaces/srv/detail
[0.953s] -- Up-to-date: /home/hiro/rust_ws/install/composition_interfaces/include/composition_interfaces/composition_interfaces/srv/detail/load_node__rosidl_typesupport_introspection_c.h
[0.954s] -- Up-to-date: /home/hiro/rust_ws/install/composition_interfaces/include/composition_interfaces/composition_interfaces/srv/detail/unload_node__rosidl_typesupport_introspection_c.h
[0.954s] -- Up-to-date: /home/hiro/rust_ws/install/composition_interfaces/include/composition_interfaces/composition_interfaces/srv/detail/list_nodes__type_support.c
[0.954s] -- Up-to-date: /home/hiro/rust_ws/install/composition_interfaces/include/composition_interfaces/composition_interfaces/srv/detail/list_nodes__rosidl_typesupport_introspection_c.h
[0.954s] -- Up-to-date: /home/hiro/rust_ws/install/composition_interfaces/include/composition_interfaces/composition_interfaces/srv/detail/unload_node__type_support.c
[0.954s] -- Up-to-date: /home/hiro/rust_ws/install/composition_interfaces/include/composition_interfaces/composition_interfaces/srv/detail/load_node__type_support.c
[0.954s] -- Up-to-date: /home/hiro/rust_ws/install/composition_interfaces/lib/libcomposition_interfaces__rosidl_typesupport_introspection_c.so
[0.954s] -- Up-to-date: /home/hiro/rust_ws/install/composition_interfaces/lib/libcomposition_interfaces__rosidl_typesupport_c.so
[0.954s] -- Up-to-date: /home/hiro/rust_ws/install/composition_interfaces/include/composition_interfaces/composition_interfaces
[0.954s] -- Up-to-date: /home/hiro/rust_ws/install/composition_interfaces/include/composition_interfaces/composition_interfaces/srv
[0.954s] -- Up-to-date: /home/hiro/rust_ws/install/composition_interfaces/include/composition_interfaces/composition_interfaces/srv/list_nodes.hpp
[0.954s] -- Up-to-date: /home/hiro/rust_ws/install/composition_interfaces/include/composition_interfaces/composition_interfaces/srv/load_node.hpp
[0.954s] -- Up-to-date: /home/hiro/rust_ws/install/composition_interfaces/include/composition_interfaces/composition_interfaces/srv/unload_node.hpp
[0.954s] -- Up-to-date: /home/hiro/rust_ws/install/composition_interfaces/include/composition_interfaces/composition_interfaces/srv/detail
[0.955s] -- Up-to-date: /home/hiro/rust_ws/install/composition_interfaces/include/composition_interfaces/composition_interfaces/srv/detail/list_nodes__traits.hpp
[0.955s] -- Up-to-date: /home/hiro/rust_ws/install/composition_interfaces/include/composition_interfaces/composition_interfaces/srv/detail/load_node__struct.hpp
[0.955s] -- Up-to-date: /home/hiro/rust_ws/install/composition_interfaces/include/composition_interfaces/composition_interfaces/srv/detail/list_nodes__struct.hpp
[0.955s] -- Up-to-date: /home/hiro/rust_ws/install/composition_interfaces/include/composition_interfaces/composition_interfaces/srv/detail/list_nodes__builder.hpp
[0.955s] -- Up-to-date: /home/hiro/rust_ws/install/composition_interfaces/include/composition_interfaces/composition_interfaces/srv/detail/unload_node__traits.hpp
[0.955s] -- Up-to-date: /home/hiro/rust_ws/install/composition_interfaces/include/composition_interfaces/composition_interfaces/srv/detail/unload_node__builder.hpp
[0.955s] -- Up-to-date: /home/hiro/rust_ws/install/composition_interfaces/include/composition_interfaces/composition_interfaces/srv/detail/unload_node__struct.hpp
[0.956s] -- Up-to-date: /home/hiro/rust_ws/install/composition_interfaces/include/composition_interfaces/composition_interfaces/srv/detail/load_node__traits.hpp
[0.956s] -- Up-to-date: /home/hiro/rust_ws/install/composition_interfaces/include/composition_interfaces/composition_interfaces/srv/detail/load_node__builder.hpp
[0.956s] -- Up-to-date: /home/hiro/rust_ws/install/composition_interfaces/include/composition_interfaces/composition_interfaces
[0.956s] -- Up-to-date: /home/hiro/rust_ws/install/composition_interfaces/include/composition_interfaces/composition_interfaces/msg
[0.956s] -- Up-to-date: /home/hiro/rust_ws/install/composition_interfaces/include/composition_interfaces/composition_interfaces/msg/rosidl_typesupport_fastrtps_cpp__visibility_control.h
[0.956s] -- Up-to-date: /home/hiro/rust_ws/install/composition_interfaces/include/composition_interfaces/composition_interfaces/srv
[0.956s] -- Up-to-date: /home/hiro/rust_ws/install/composition_interfaces/include/composition_interfaces/composition_interfaces/srv/detail
[0.956s] -- Up-to-date: /home/hiro/rust_ws/install/composition_interfaces/include/composition_interfaces/composition_interfaces/srv/detail/dds_fastrtps
[0.956s] -- Up-to-date: /home/hiro/rust_ws/install/composition_interfaces/include/composition_interfaces/composition_interfaces/srv/detail/list_nodes__rosidl_typesupport_fastrtps_cpp.hpp
[0.956s] -- Up-to-date: /home/hiro/rust_ws/install/composition_interfaces/include/composition_interfaces/composition_interfaces/srv/detail/load_node__rosidl_typesupport_fastrtps_cpp.hpp
[0.957s] -- Up-to-date: /home/hiro/rust_ws/install/composition_interfaces/include/composition_interfaces/composition_interfaces/srv/detail/unload_node__rosidl_typesupport_fastrtps_cpp.hpp
[0.957s] -- Up-to-date: /home/hiro/rust_ws/install/composition_interfaces/lib/libcomposition_interfaces__rosidl_typesupport_fastrtps_cpp.so
[0.957s] -- Up-to-date: /home/hiro/rust_ws/install/composition_interfaces/include/composition_interfaces/composition_interfaces
[0.957s] -- Up-to-date: /home/hiro/rust_ws/install/composition_interfaces/include/composition_interfaces/composition_interfaces/srv
[0.957s] -- Up-to-date: /home/hiro/rust_ws/install/composition_interfaces/include/composition_interfaces/composition_interfaces/srv/detail
[0.958s] -- Up-to-date: /home/hiro/rust_ws/install/composition_interfaces/include/composition_interfaces/composition_interfaces/srv/detail/unload_node__rosidl_typesupport_introspection_cpp.hpp
[0.958s] -- Up-to-date: /home/hiro/rust_ws/install/composition_interfaces/include/composition_interfaces/composition_interfaces/srv/detail/load_node__rosidl_typesupport_introspection_cpp.hpp
[0.959s] -- Up-to-date: /home/hiro/rust_ws/install/composition_interfaces/include/composition_interfaces/composition_interfaces/srv/detail/load_node__type_support.cpp
[0.959s] -- Up-to-date: /home/hiro/rust_ws/install/composition_interfaces/include/composition_interfaces/composition_interfaces/srv/detail/unload_node__type_support.cpp
[0.959s] -- Up-to-date: /home/hiro/rust_ws/install/composition_interfaces/include/composition_interfaces/composition_interfaces/srv/detail/list_nodes__rosidl_typesupport_introspection_cpp.hpp
[0.959s] -- Up-to-date: /home/hiro/rust_ws/install/composition_interfaces/include/composition_interfaces/composition_interfaces/srv/detail/list_nodes__type_support.cpp
[0.959s] -- Up-to-date: /home/hiro/rust_ws/install/composition_interfaces/lib/libcomposition_interfaces__rosidl_typesupport_introspection_cpp.so
[0.959s] -- Up-to-date: /home/hiro/rust_ws/install/composition_interfaces/lib/libcomposition_interfaces__rosidl_typesupport_cpp.so
[0.959s] -- Up-to-date: /home/hiro/rust_ws/install/composition_interfaces/share/ament_index/resource_index/rust_packages/composition_interfaces
[0.959s] -- Up-to-date: /home/hiro/rust_ws/install/composition_interfaces/share/composition_interfaces/rust
[0.959s] -- Up-to-date: /home/hiro/rust_ws/install/composition_interfaces/share/composition_interfaces/rust/Cargo.toml
[0.960s] -- Up-to-date: /home/hiro/rust_ws/install/composition_interfaces/share/composition_interfaces/rust/build.rs
[0.960s] -- Up-to-date: /home/hiro/rust_ws/install/composition_interfaces/share/composition_interfaces/rust/src
[0.960s] -- Up-to-date: /home/hiro/rust_ws/install/composition_interfaces/share/composition_interfaces/rust/src/srv.rs
[0.960s] -- Up-to-date: /home/hiro/rust_ws/install/composition_interfaces/share/composition_interfaces/rust/src/lib.rs
[0.960s] -- Up-to-date: /home/hiro/rust_ws/install/composition_interfaces/share/composition_interfaces/environment/pythonpath.sh
[0.961s] -- Up-to-date: /home/hiro/rust_ws/install/composition_interfaces/share/composition_interfaces/environment/pythonpath.dsv
[0.961s] -- Up-to-date: /home/hiro/rust_ws/install/composition_interfaces/local/lib/python3.10/dist-packages/composition_interfaces-1.2.1-py3.10.egg-info
[0.961s] -- Installing: /home/hiro/rust_ws/install/composition_interfaces/local/lib/python3.10/dist-packages/composition_interfaces-1.2.1-py3.10.egg-info/top_level.txt
[0.961s] -- Installing: /home/hiro/rust_ws/install/composition_interfaces/local/lib/python3.10/dist-packages/composition_interfaces-1.2.1-py3.10.egg-info/PKG-INFO
[0.961s] -- Installing: /home/hiro/rust_ws/install/composition_interfaces/local/lib/python3.10/dist-packages/composition_interfaces-1.2.1-py3.10.egg-info/SOURCES.txt
[0.961s] -- Installing: /home/hiro/rust_ws/install/composition_interfaces/local/lib/python3.10/dist-packages/composition_interfaces-1.2.1-py3.10.egg-info/dependency_links.txt
[0.961s] -- Up-to-date: /home/hiro/rust_ws/install/composition_interfaces/local/lib/python3.10/dist-packages/composition_interfaces
[0.961s] -- Up-to-date: /home/hiro/rust_ws/install/composition_interfaces/local/lib/python3.10/dist-packages/composition_interfaces/composition_interfaces_s__rosidl_typesupport_introspection_c.cpython-310-x86_64-linux-gnu.so
[0.961s] -- Up-to-date: /home/hiro/rust_ws/install/composition_interfaces/local/lib/python3.10/dist-packages/composition_interfaces/composition_interfaces_s__rosidl_typesupport_c.cpython-310-x86_64-linux-gnu.so
[0.961s] -- Up-to-date: /home/hiro/rust_ws/install/composition_interfaces/local/lib/python3.10/dist-packages/composition_interfaces/_composition_interfaces_s.ep.rosidl_typesupport_c.c
[0.962s] -- Up-to-date: /home/hiro/rust_ws/install/composition_interfaces/local/lib/python3.10/dist-packages/composition_interfaces/composition_interfaces_s__rosidl_typesupport_fastrtps_c.cpython-310-x86_64-linux-gnu.so
[0.962s] -- Up-to-date: /home/hiro/rust_ws/install/composition_interfaces/local/lib/python3.10/dist-packages/composition_interfaces/_composition_interfaces_s.ep.rosidl_typesupport_introspection_c.c
[0.962s] -- Up-to-date: /home/hiro/rust_ws/install/composition_interfaces/local/lib/python3.10/dist-packages/composition_interfaces/__init__.py
[0.962s] -- Up-to-date: /home/hiro/rust_ws/install/composition_interfaces/local/lib/python3.10/dist-packages/composition_interfaces/libcomposition_interfaces__rosidl_generator_py.so
[0.962s] -- Up-to-date: /home/hiro/rust_ws/install/composition_interfaces/local/lib/python3.10/dist-packages/composition_interfaces/srv
[0.962s] -- Up-to-date: /home/hiro/rust_ws/install/composition_interfaces/local/lib/python3.10/dist-packages/composition_interfaces/srv/_load_node.py
[0.962s] -- Up-to-date: /home/hiro/rust_ws/install/composition_interfaces/local/lib/python3.10/dist-packages/composition_interfaces/srv/_load_node_s.c
[0.962s] -- Up-to-date: /home/hiro/rust_ws/install/composition_interfaces/local/lib/python3.10/dist-packages/composition_interfaces/srv/_list_nodes_s.c
[0.963s] -- Up-to-date: /home/hiro/rust_ws/install/composition_interfaces/local/lib/python3.10/dist-packages/composition_interfaces/srv/_list_nodes.py
[0.963s] -- Up-to-date: /home/hiro/rust_ws/install/composition_interfaces/local/lib/python3.10/dist-packages/composition_interfaces/srv/_unload_node_s.c
[0.963s] -- Up-to-date: /home/hiro/rust_ws/install/composition_interfaces/local/lib/python3.10/dist-packages/composition_interfaces/srv/__init__.py
[0.963s] -- Up-to-date: /home/hiro/rust_ws/install/composition_interfaces/local/lib/python3.10/dist-packages/composition_interfaces/srv/_unload_node.py
[0.963s] -- Up-to-date: /home/hiro/rust_ws/install/composition_interfaces/local/lib/python3.10/dist-packages/composition_interfaces/_composition_interfaces_s.ep.rosidl_typesupport_fastrtps_c.c
[0.980s] Listing '/home/hiro/rust_ws/install/composition_interfaces/local/lib/python3.10/dist-packages/composition_interfaces'...
[0.980s] Listing '/home/hiro/rust_ws/install/composition_interfaces/local/lib/python3.10/dist-packages/composition_interfaces/srv'...
[0.985s] -- Up-to-date: /home/hiro/rust_ws/install/composition_interfaces/local/lib/python3.10/dist-packages/composition_interfaces/composition_interfaces_s__rosidl_typesupport_fastrtps_c.cpython-310-x86_64-linux-gnu.so
[0.985s] -- Up-to-date: /home/hiro/rust_ws/install/composition_interfaces/local/lib/python3.10/dist-packages/composition_interfaces/composition_interfaces_s__rosidl_typesupport_introspection_c.cpython-310-x86_64-linux-gnu.so
[0.986s] -- Up-to-date: /home/hiro/rust_ws/install/composition_interfaces/local/lib/python3.10/dist-packages/composition_interfaces/composition_interfaces_s__rosidl_typesupport_c.cpython-310-x86_64-linux-gnu.so
[0.988s] -- Up-to-date: /home/hiro/rust_ws/install/composition_interfaces/lib/libcomposition_interfaces__rosidl_generator_py.so
[0.989s] -- Up-to-date: /home/hiro/rust_ws/install/composition_interfaces/share/composition_interfaces/srv/LoadNode.idl
[0.989s] -- Up-to-date: /home/hiro/rust_ws/install/composition_interfaces/share/composition_interfaces/srv/ListNodes.idl
[0.989s] -- Up-to-date: /home/hiro/rust_ws/install/composition_interfaces/share/composition_interfaces/srv/UnloadNode.idl
[0.989s] -- Up-to-date: /home/hiro/rust_ws/install/composition_interfaces/share/composition_interfaces/srv/LoadNode.srv
[0.989s] -- Up-to-date: /home/hiro/rust_ws/install/composition_interfaces/share/composition_interfaces/srv/LoadNode_Request.msg
[0.989s] -- Up-to-date: /home/hiro/rust_ws/install/composition_interfaces/share/composition_interfaces/srv/LoadNode_Response.msg
[0.990s] -- Up-to-date: /home/hiro/rust_ws/install/composition_interfaces/share/composition_interfaces/srv/ListNodes.srv
[0.990s] -- Up-to-date: /home/hiro/rust_ws/install/composition_interfaces/share/composition_interfaces/srv/ListNodes_Request.msg
[0.990s] -- Up-to-date: /home/hiro/rust_ws/install/composition_interfaces/share/composition_interfaces/srv/ListNodes_Response.msg
[0.990s] -- Up-to-date: /home/hiro/rust_ws/install/composition_interfaces/share/composition_interfaces/srv/UnloadNode.srv
[0.990s] -- Up-to-date: /home/hiro/rust_ws/install/composition_interfaces/share/composition_interfaces/srv/UnloadNode_Request.msg
[0.991s] -- Up-to-date: /home/hiro/rust_ws/install/composition_interfaces/share/composition_interfaces/srv/UnloadNode_Response.msg
[0.991s] -- Up-to-date: /home/hiro/rust_ws/install/composition_interfaces/share/ament_index/resource_index/package_run_dependencies/composition_interfaces
[0.991s] -- Up-to-date: /home/hiro/rust_ws/install/composition_interfaces/share/ament_index/resource_index/parent_prefix_path/composition_interfaces
[0.991s] -- Up-to-date: /home/hiro/rust_ws/install/composition_interfaces/share/composition_interfaces/environment/ament_prefix_path.sh
[0.991s] -- Up-to-date: /home/hiro/rust_ws/install/composition_interfaces/share/composition_interfaces/environment/ament_prefix_path.dsv
[0.991s] -- Up-to-date: /home/hiro/rust_ws/install/composition_interfaces/share/composition_interfaces/environment/path.sh
[0.991s] -- Up-to-date: /home/hiro/rust_ws/install/composition_interfaces/share/composition_interfaces/environment/path.dsv
[0.991s] -- Up-to-date: /home/hiro/rust_ws/install/composition_interfaces/share/composition_interfaces/local_setup.bash
[0.991s] -- Up-to-date: /home/hiro/rust_ws/install/composition_interfaces/share/composition_interfaces/local_setup.sh
[0.992s] -- Up-to-date: /home/hiro/rust_ws/install/composition_interfaces/share/composition_interfaces/local_setup.zsh
[0.992s] -- Up-to-date: /home/hiro/rust_ws/install/composition_interfaces/share/composition_interfaces/local_setup.dsv
[0.992s] -- Installing: /home/hiro/rust_ws/install/composition_interfaces/share/composition_interfaces/package.dsv
[0.992s] -- Up-to-date: /home/hiro/rust_ws/install/composition_interfaces/share/ament_index/resource_index/packages/composition_interfaces
[0.992s] -- Up-to-date: /home/hiro/rust_ws/install/composition_interfaces/share/composition_interfaces/cmake/export_composition_interfaces__rosidl_generator_cExport.cmake
[0.992s] -- Up-to-date: /home/hiro/rust_ws/install/composition_interfaces/share/composition_interfaces/cmake/export_composition_interfaces__rosidl_generator_cExport-noconfig.cmake
[0.993s] -- Up-to-date: /home/hiro/rust_ws/install/composition_interfaces/share/composition_interfaces/cmake/export_composition_interfaces__rosidl_typesupport_fastrtps_cExport.cmake
[0.993s] -- Up-to-date: /home/hiro/rust_ws/install/composition_interfaces/share/composition_interfaces/cmake/export_composition_interfaces__rosidl_typesupport_fastrtps_cExport-noconfig.cmake
[0.994s] -- Up-to-date: /home/hiro/rust_ws/install/composition_interfaces/share/composition_interfaces/cmake/composition_interfaces__rosidl_typesupport_introspection_cExport.cmake
[0.994s] -- Up-to-date: /home/hiro/rust_ws/install/composition_interfaces/share/composition_interfaces/cmake/composition_interfaces__rosidl_typesupport_introspection_cExport-noconfig.cmake
[0.994s] -- Up-to-date: /home/hiro/rust_ws/install/composition_interfaces/share/composition_interfaces/cmake/composition_interfaces__rosidl_typesupport_cExport.cmake
[0.994s] -- Up-to-date: /home/hiro/rust_ws/install/composition_interfaces/share/composition_interfaces/cmake/composition_interfaces__rosidl_typesupport_cExport-noconfig.cmake
[0.994s] -- Up-to-date: /home/hiro/rust_ws/install/composition_interfaces/share/composition_interfaces/cmake/export_composition_interfaces__rosidl_generator_cppExport.cmake
[0.994s] -- Up-to-date: /home/hiro/rust_ws/install/composition_interfaces/share/composition_interfaces/cmake/export_composition_interfaces__rosidl_typesupport_fastrtps_cppExport.cmake
[0.994s] -- Up-to-date: /home/hiro/rust_ws/install/composition_interfaces/share/composition_interfaces/cmake/export_composition_interfaces__rosidl_typesupport_fastrtps_cppExport-noconfig.cmake
[0.994s] -- Up-to-date: /home/hiro/rust_ws/install/composition_interfaces/share/composition_interfaces/cmake/composition_interfaces__rosidl_typesupport_introspection_cppExport.cmake
[0.994s] -- Up-to-date: /home/hiro/rust_ws/install/composition_interfaces/share/composition_interfaces/cmake/composition_interfaces__rosidl_typesupport_introspection_cppExport-noconfig.cmake
[0.995s] -- Up-to-date: /home/hiro/rust_ws/install/composition_interfaces/share/composition_interfaces/cmake/composition_interfaces__rosidl_typesupport_cppExport.cmake
[0.995s] -- Up-to-date: /home/hiro/rust_ws/install/composition_interfaces/share/composition_interfaces/cmake/composition_interfaces__rosidl_typesupport_cppExport-noconfig.cmake
[0.996s] -- Up-to-date: /home/hiro/rust_ws/install/composition_interfaces/share/composition_interfaces/cmake/export_composition_interfaces__rosidl_generator_pyExport.cmake
[0.996s] -- Up-to-date: /home/hiro/rust_ws/install/composition_interfaces/share/composition_interfaces/cmake/export_composition_interfaces__rosidl_generator_pyExport-noconfig.cmake
[0.997s] -- Up-to-date: /home/hiro/rust_ws/install/composition_interfaces/share/composition_interfaces/cmake/rosidl_cmake-extras.cmake
[0.997s] -- Up-to-date: /home/hiro/rust_ws/install/composition_interfaces/share/composition_interfaces/cmake/ament_cmake_export_dependencies-extras.cmake
[0.997s] -- Up-to-date: /home/hiro/rust_ws/install/composition_interfaces/share/composition_interfaces/cmake/ament_cmake_export_include_directories-extras.cmake
[0.997s] -- Up-to-date: /home/hiro/rust_ws/install/composition_interfaces/share/composition_interfaces/cmake/ament_cmake_export_libraries-extras.cmake
[0.997s] -- Up-to-date: /home/hiro/rust_ws/install/composition_interfaces/share/composition_interfaces/cmake/ament_cmake_export_targets-extras.cmake
[0.998s] -- Up-to-date: /home/hiro/rust_ws/install/composition_interfaces/share/composition_interfaces/cmake/rosidl_cmake_export_typesupport_targets-extras.cmake
[0.998s] -- Up-to-date: /home/hiro/rust_ws/install/composition_interfaces/share/composition_interfaces/cmake/rosidl_cmake_export_typesupport_libraries-extras.cmake
[0.998s] -- Up-to-date: /home/hiro/rust_ws/install/composition_interfaces/share/composition_interfaces/cmake/composition_interfacesConfig.cmake
[0.998s] -- Up-to-date: /home/hiro/rust_ws/install/composition_interfaces/share/composition_interfaces/cmake/composition_interfacesConfig-version.cmake
[0.998s] -- Up-to-date: /home/hiro/rust_ws/install/composition_interfaces/share/composition_interfaces/package.xml
[0.999s] Invoked command in '/home/hiro/rust_ws/build/composition_interfaces' returned '0': AMENT_PREFIX_PATH=/home/hiro/rust_ws/install/rcl_interfaces:/home/hiro/rust_ws/install/builtin_interfaces:/home/hiro/rust_ws/install/rosidl_default_runtime:/home/hiro/rust_ws/install/rosidl_default_generators:/home/hiro/rust_ws/install/rosidl_generator_rs:/home/hiro/rust_ws/install/rosidl_runtime_rs:${AMENT_PREFIX_PATH} CMAKE_PREFIX_PATH=/home/hiro/rust_ws/install/rcl_interfaces:/home/hiro/rust_ws/install/builtin_interfaces:/home/hiro/rust_ws/install/rosidl_default_runtime:/home/hiro/rust_ws/install/rosidl_default_generators:/home/hiro/rust_ws/install/rosidl_generator_rs:/home/hiro/ws_livox/install/livox_ros_driver2:/opt/ros/humble LD_LIBRARY_PATH=/home/hiro/rust_ws/install/rcl_interfaces/lib:/home/hiro/rust_ws/install/builtin_interfaces/lib:${LD_LIBRARY_PATH} PYTHONPATH=/home/hiro/rust_ws/install/rcl_interfaces/local/lib/python3.10/dist-packages:/home/hiro/rust_ws/install/builtin_interfaces/local/lib/python3.10/dist-packages:/home/hiro/rust_ws/install/rosidl_generator_rs/local/lib/python3.10/dist-packages:${PYTHONPATH} /usr/bin/cmake --install /home/hiro/rust_ws/build/composition_interfaces
