[0.157s] Invoking command in '/home/hiro/rust_ws/src/build/std_srvs': AMENT_PREFIX_PATH=/home/hiro/rust_ws/src/install/rosidl_default_runtime:/home/hiro/rust_ws/src/install/rosidl_default_generators:/home/hiro/rust_ws/src/install/rosidl_generator_rs:/home/hiro/rust_ws/src/install/rosidl_runtime_rs:${AMENT_PREFIX_PATH} CMAKE_PREFIX_PATH=/home/hiro/rust_ws/src/install/rosidl_default_runtime:/home/hiro/rust_ws/src/install/rosidl_default_generators:/home/hiro/rust_ws/src/install/rosidl_generator_rs:/home/hiro/ws_livox/install/livox_ros_driver2:/opt/ros/humble PYTHONPATH=/home/hiro/rust_ws/src/install/rosidl_generator_rs/local/lib/python3.10/dist-packages:${PYTHONPATH} /usr/bin/cmake --build /home/hiro/rust_ws/src/build/std_srvs -- -j22 -l22
[0.220s] [  2%] Built target std_srvs__rs
[0.224s] [ 12%] Built target std_srvs__rosidl_generator_c
[0.225s] [ 14%] Built target std_srvs__cpp
[0.242s] [ 14%] Built target ament_cmake_python_copy_std_srvs
[0.259s] [ 25%] Built target std_srvs__rosidl_typesupport_fastrtps_c
[0.265s] [ 35%] Built target std_srvs__rosidl_typesupport_introspection_c
[0.267s] [ 45%] Built target std_srvs__rosidl_typesupport_c
[0.268s] [ 56%] Built target std_srvs__rosidl_typesupport_fastrtps_cpp
[0.272s] [ 77%] Built target std_srvs__rosidl_typesupport_cpp
[0.272s] [ 77%] Built target std_srvs__rosidl_typesupport_introspection_cpp
[0.297s] [ 77%] Built target std_srvs
[0.327s] [ 79%] Built target std_srvs__py
[0.356s] [ 87%] Built target std_srvs__rosidl_generator_py
[0.380s] [ 95%] Built target std_srvs__rosidl_typesupport_fastrtps_c__pyext
[0.380s] [ 95%] Built target std_srvs__rosidl_typesupport_introspection_c__pyext
[0.381s] [100%] Built target std_srvs__rosidl_typesupport_c__pyext
[0.644s] running egg_info
[0.656s] writing std_srvs.egg-info/PKG-INFO
[0.656s] writing dependency_links to std_srvs.egg-info/dependency_links.txt
[0.656s] writing top-level names to std_srvs.egg-info/top_level.txt
[0.698s] reading manifest file 'std_srvs.egg-info/SOURCES.txt'
[0.700s] writing manifest file 'std_srvs.egg-info/SOURCES.txt'
[0.753s] [100%] Built target ament_cmake_python_build_std_srvs_egg
[0.765s] Invoked command in '/home/hiro/rust_ws/src/build/std_srvs' returned '0': AMENT_PREFIX_PATH=/home/hiro/rust_ws/src/install/rosidl_default_runtime:/home/hiro/rust_ws/src/install/rosidl_default_generators:/home/hiro/rust_ws/src/install/rosidl_generator_rs:/home/hiro/rust_ws/src/install/rosidl_runtime_rs:${AMENT_PREFIX_PATH} CMAKE_PREFIX_PATH=/home/hiro/rust_ws/src/install/rosidl_default_runtime:/home/hiro/rust_ws/src/install/rosidl_default_generators:/home/hiro/rust_ws/src/install/rosidl_generator_rs:/home/hiro/ws_livox/install/livox_ros_driver2:/opt/ros/humble PYTHONPATH=/home/hiro/rust_ws/src/install/rosidl_generator_rs/local/lib/python3.10/dist-packages:${PYTHONPATH} /usr/bin/cmake --build /home/hiro/rust_ws/src/build/std_srvs -- -j22 -l22
[0.889s] Invoking command in '/home/hiro/rust_ws/src/build/std_srvs': AMENT_PREFIX_PATH=/home/hiro/rust_ws/src/install/rosidl_default_runtime:/home/hiro/rust_ws/src/install/rosidl_default_generators:/home/hiro/rust_ws/src/install/rosidl_generator_rs:/home/hiro/rust_ws/src/install/rosidl_runtime_rs:${AMENT_PREFIX_PATH} CMAKE_PREFIX_PATH=/home/hiro/rust_ws/src/install/rosidl_default_runtime:/home/hiro/rust_ws/src/install/rosidl_default_generators:/home/hiro/rust_ws/src/install/rosidl_generator_rs:/home/hiro/ws_livox/install/livox_ros_driver2:/opt/ros/humble PYTHONPATH=/home/hiro/rust_ws/src/install/rosidl_generator_rs/local/lib/python3.10/dist-packages:${PYTHONPATH} /usr/bin/cmake --install /home/hiro/rust_ws/src/build/std_srvs
[0.894s] -- Install configuration: ""
[0.894s] -- Up-to-date: /home/hiro/rust_ws/src/install/std_srvs/share/ament_index/resource_index/rosidl_interfaces/std_srvs
[0.894s] -- Up-to-date: /home/hiro/rust_ws/src/install/std_srvs/include/std_srvs/std_srvs
[0.894s] -- Up-to-date: /home/hiro/rust_ws/src/install/std_srvs/include/std_srvs/std_srvs/msg
[0.894s] -- Up-to-date: /home/hiro/rust_ws/src/install/std_srvs/include/std_srvs/std_srvs/msg/rosidl_generator_c__visibility_control.h
[0.894s] -- Up-to-date: /home/hiro/rust_ws/src/install/std_srvs/include/std_srvs/std_srvs/srv
[0.895s] -- Up-to-date: /home/hiro/rust_ws/src/install/std_srvs/include/std_srvs/std_srvs/srv/trigger.h
[0.895s] -- Up-to-date: /home/hiro/rust_ws/src/install/std_srvs/include/std_srvs/std_srvs/srv/set_bool.h
[0.895s] -- Up-to-date: /home/hiro/rust_ws/src/install/std_srvs/include/std_srvs/std_srvs/srv/detail
[0.895s] -- Up-to-date: /home/hiro/rust_ws/src/install/std_srvs/include/std_srvs/std_srvs/srv/detail/trigger__struct.h
[0.895s] -- Up-to-date: /home/hiro/rust_ws/src/install/std_srvs/include/std_srvs/std_srvs/srv/detail/empty__type_support.h
[0.895s] -- Up-to-date: /home/hiro/rust_ws/src/install/std_srvs/include/std_srvs/std_srvs/srv/detail/trigger__functions.c
[0.895s] -- Up-to-date: /home/hiro/rust_ws/src/install/std_srvs/include/std_srvs/std_srvs/srv/detail/set_bool__functions.c
[0.896s] -- Up-to-date: /home/hiro/rust_ws/src/install/std_srvs/include/std_srvs/std_srvs/srv/detail/trigger__type_support.h
[0.896s] -- Up-to-date: /home/hiro/rust_ws/src/install/std_srvs/include/std_srvs/std_srvs/srv/detail/set_bool__functions.h
[0.896s] -- Up-to-date: /home/hiro/rust_ws/src/install/std_srvs/include/std_srvs/std_srvs/srv/detail/trigger__functions.h
[0.896s] -- Up-to-date: /home/hiro/rust_ws/src/install/std_srvs/include/std_srvs/std_srvs/srv/detail/set_bool__type_support.h
[0.896s] -- Up-to-date: /home/hiro/rust_ws/src/install/std_srvs/include/std_srvs/std_srvs/srv/detail/empty__functions.c
[0.896s] -- Up-to-date: /home/hiro/rust_ws/src/install/std_srvs/include/std_srvs/std_srvs/srv/detail/set_bool__struct.h
[0.896s] -- Up-to-date: /home/hiro/rust_ws/src/install/std_srvs/include/std_srvs/std_srvs/srv/detail/empty__functions.h
[0.897s] -- Up-to-date: /home/hiro/rust_ws/src/install/std_srvs/include/std_srvs/std_srvs/srv/detail/empty__struct.h
[0.897s] -- Up-to-date: /home/hiro/rust_ws/src/install/std_srvs/include/std_srvs/std_srvs/srv/empty.h
[0.897s] -- Up-to-date: /home/hiro/rust_ws/src/install/std_srvs/share/std_srvs/environment/library_path.sh
[0.897s] -- Up-to-date: /home/hiro/rust_ws/src/install/std_srvs/share/std_srvs/environment/library_path.dsv
[0.897s] -- Up-to-date: /home/hiro/rust_ws/src/install/std_srvs/lib/libstd_srvs__rosidl_generator_c.so
[0.898s] -- Up-to-date: /home/hiro/rust_ws/src/install/std_srvs/include/std_srvs/std_srvs
[0.898s] -- Up-to-date: /home/hiro/rust_ws/src/install/std_srvs/include/std_srvs/std_srvs/msg
[0.898s] -- Up-to-date: /home/hiro/rust_ws/src/install/std_srvs/include/std_srvs/std_srvs/msg/rosidl_typesupport_fastrtps_c__visibility_control.h
[0.898s] -- Up-to-date: /home/hiro/rust_ws/src/install/std_srvs/include/std_srvs/std_srvs/srv
[0.900s] -- Up-to-date: /home/hiro/rust_ws/src/install/std_srvs/include/std_srvs/std_srvs/srv/detail
[0.901s] -- Up-to-date: /home/hiro/rust_ws/src/install/std_srvs/include/std_srvs/std_srvs/srv/detail/empty__rosidl_typesupport_fastrtps_c.h
[0.901s] -- Up-to-date: /home/hiro/rust_ws/src/install/std_srvs/include/std_srvs/std_srvs/srv/detail/trigger__rosidl_typesupport_fastrtps_c.h
[0.901s] -- Up-to-date: /home/hiro/rust_ws/src/install/std_srvs/include/std_srvs/std_srvs/srv/detail/set_bool__rosidl_typesupport_fastrtps_c.h
[0.901s] -- Up-to-date: /home/hiro/rust_ws/src/install/std_srvs/lib/libstd_srvs__rosidl_typesupport_fastrtps_c.so
[0.901s] -- Up-to-date: /home/hiro/rust_ws/src/install/std_srvs/include/std_srvs/std_srvs
[0.901s] -- Up-to-date: /home/hiro/rust_ws/src/install/std_srvs/include/std_srvs/std_srvs/msg
[0.901s] -- Up-to-date: /home/hiro/rust_ws/src/install/std_srvs/include/std_srvs/std_srvs/msg/rosidl_typesupport_introspection_c__visibility_control.h
[0.902s] -- Up-to-date: /home/hiro/rust_ws/src/install/std_srvs/include/std_srvs/std_srvs/srv
[0.902s] -- Up-to-date: /home/hiro/rust_ws/src/install/std_srvs/include/std_srvs/std_srvs/srv/detail
[0.902s] -- Up-to-date: /home/hiro/rust_ws/src/install/std_srvs/include/std_srvs/std_srvs/srv/detail/set_bool__type_support.c
[0.902s] -- Up-to-date: /home/hiro/rust_ws/src/install/std_srvs/include/std_srvs/std_srvs/srv/detail/trigger__rosidl_typesupport_introspection_c.h
[0.902s] -- Up-to-date: /home/hiro/rust_ws/src/install/std_srvs/include/std_srvs/std_srvs/srv/detail/trigger__type_support.c
[0.902s] -- Up-to-date: /home/hiro/rust_ws/src/install/std_srvs/include/std_srvs/std_srvs/srv/detail/set_bool__rosidl_typesupport_introspection_c.h
[0.903s] -- Up-to-date: /home/hiro/rust_ws/src/install/std_srvs/include/std_srvs/std_srvs/srv/detail/empty__type_support.c
[0.903s] -- Up-to-date: /home/hiro/rust_ws/src/install/std_srvs/include/std_srvs/std_srvs/srv/detail/empty__rosidl_typesupport_introspection_c.h
[0.903s] -- Up-to-date: /home/hiro/rust_ws/src/install/std_srvs/lib/libstd_srvs__rosidl_typesupport_introspection_c.so
[0.903s] -- Up-to-date: /home/hiro/rust_ws/src/install/std_srvs/lib/libstd_srvs__rosidl_typesupport_c.so
[0.903s] -- Up-to-date: /home/hiro/rust_ws/src/install/std_srvs/include/std_srvs/std_srvs
[0.904s] -- Up-to-date: /home/hiro/rust_ws/src/install/std_srvs/include/std_srvs/std_srvs/srv
[0.904s] -- Up-to-date: /home/hiro/rust_ws/src/install/std_srvs/include/std_srvs/std_srvs/srv/empty.hpp
[0.904s] -- Up-to-date: /home/hiro/rust_ws/src/install/std_srvs/include/std_srvs/std_srvs/srv/set_bool.hpp
[0.904s] -- Up-to-date: /home/hiro/rust_ws/src/install/std_srvs/include/std_srvs/std_srvs/srv/trigger.hpp
[0.905s] -- Up-to-date: /home/hiro/rust_ws/src/install/std_srvs/include/std_srvs/std_srvs/srv/detail
[0.905s] -- Up-to-date: /home/hiro/rust_ws/src/install/std_srvs/include/std_srvs/std_srvs/srv/detail/empty__struct.hpp
[0.905s] -- Up-to-date: /home/hiro/rust_ws/src/install/std_srvs/include/std_srvs/std_srvs/srv/detail/set_bool__builder.hpp
[0.906s] -- Up-to-date: /home/hiro/rust_ws/src/install/std_srvs/include/std_srvs/std_srvs/srv/detail/set_bool__struct.hpp
[0.906s] -- Up-to-date: /home/hiro/rust_ws/src/install/std_srvs/include/std_srvs/std_srvs/srv/detail/empty__builder.hpp
[0.906s] -- Up-to-date: /home/hiro/rust_ws/src/install/std_srvs/include/std_srvs/std_srvs/srv/detail/trigger__struct.hpp
[0.906s] -- Up-to-date: /home/hiro/rust_ws/src/install/std_srvs/include/std_srvs/std_srvs/srv/detail/set_bool__traits.hpp
[0.906s] -- Up-to-date: /home/hiro/rust_ws/src/install/std_srvs/include/std_srvs/std_srvs/srv/detail/trigger__builder.hpp
[0.907s] -- Up-to-date: /home/hiro/rust_ws/src/install/std_srvs/include/std_srvs/std_srvs/srv/detail/trigger__traits.hpp
[0.907s] -- Up-to-date: /home/hiro/rust_ws/src/install/std_srvs/include/std_srvs/std_srvs/srv/detail/empty__traits.hpp
[0.907s] -- Up-to-date: /home/hiro/rust_ws/src/install/std_srvs/include/std_srvs/std_srvs
[0.907s] -- Up-to-date: /home/hiro/rust_ws/src/install/std_srvs/include/std_srvs/std_srvs/msg
[0.907s] -- Up-to-date: /home/hiro/rust_ws/src/install/std_srvs/include/std_srvs/std_srvs/msg/rosidl_typesupport_fastrtps_cpp__visibility_control.h
[0.908s] -- Up-to-date: /home/hiro/rust_ws/src/install/std_srvs/include/std_srvs/std_srvs/srv
[0.908s] -- Up-to-date: /home/hiro/rust_ws/src/install/std_srvs/include/std_srvs/std_srvs/srv/detail
[0.908s] -- Up-to-date: /home/hiro/rust_ws/src/install/std_srvs/include/std_srvs/std_srvs/srv/detail/dds_fastrtps
[0.908s] -- Up-to-date: /home/hiro/rust_ws/src/install/std_srvs/include/std_srvs/std_srvs/srv/detail/set_bool__rosidl_typesupport_fastrtps_cpp.hpp
[0.908s] -- Up-to-date: /home/hiro/rust_ws/src/install/std_srvs/include/std_srvs/std_srvs/srv/detail/empty__rosidl_typesupport_fastrtps_cpp.hpp
[0.909s] -- Up-to-date: /home/hiro/rust_ws/src/install/std_srvs/include/std_srvs/std_srvs/srv/detail/trigger__rosidl_typesupport_fastrtps_cpp.hpp
[0.909s] -- Up-to-date: /home/hiro/rust_ws/src/install/std_srvs/lib/libstd_srvs__rosidl_typesupport_fastrtps_cpp.so
[0.909s] -- Up-to-date: /home/hiro/rust_ws/src/install/std_srvs/include/std_srvs/std_srvs
[0.909s] -- Up-to-date: /home/hiro/rust_ws/src/install/std_srvs/include/std_srvs/std_srvs/srv
[0.909s] -- Up-to-date: /home/hiro/rust_ws/src/install/std_srvs/include/std_srvs/std_srvs/srv/detail
[0.910s] -- Up-to-date: /home/hiro/rust_ws/src/install/std_srvs/include/std_srvs/std_srvs/srv/detail/set_bool__rosidl_typesupport_introspection_cpp.hpp
[0.910s] -- Up-to-date: /home/hiro/rust_ws/src/install/std_srvs/include/std_srvs/std_srvs/srv/detail/empty__rosidl_typesupport_introspection_cpp.hpp
[0.910s] -- Up-to-date: /home/hiro/rust_ws/src/install/std_srvs/include/std_srvs/std_srvs/srv/detail/set_bool__type_support.cpp
[0.910s] -- Up-to-date: /home/hiro/rust_ws/src/install/std_srvs/include/std_srvs/std_srvs/srv/detail/trigger__type_support.cpp
[0.910s] -- Up-to-date: /home/hiro/rust_ws/src/install/std_srvs/include/std_srvs/std_srvs/srv/detail/trigger__rosidl_typesupport_introspection_cpp.hpp
[0.910s] -- Up-to-date: /home/hiro/rust_ws/src/install/std_srvs/include/std_srvs/std_srvs/srv/detail/empty__type_support.cpp
[0.911s] -- Up-to-date: /home/hiro/rust_ws/src/install/std_srvs/lib/libstd_srvs__rosidl_typesupport_introspection_cpp.so
[0.925s] -- Up-to-date: /home/hiro/rust_ws/src/install/std_srvs/lib/libstd_srvs__rosidl_typesupport_cpp.so
[0.927s] -- Up-to-date: /home/hiro/rust_ws/src/install/std_srvs/share/ament_index/resource_index/rust_packages/std_srvs
[0.927s] -- Up-to-date: /home/hiro/rust_ws/src/install/std_srvs/share/std_srvs/rust
[0.927s] -- Up-to-date: /home/hiro/rust_ws/src/install/std_srvs/share/std_srvs/rust/Cargo.toml
[0.927s] -- Up-to-date: /home/hiro/rust_ws/src/install/std_srvs/share/std_srvs/rust/build.rs
[0.927s] -- Up-to-date: /home/hiro/rust_ws/src/install/std_srvs/share/std_srvs/rust/src
[0.927s] -- Up-to-date: /home/hiro/rust_ws/src/install/std_srvs/share/std_srvs/rust/src/srv.rs
[0.927s] -- Up-to-date: /home/hiro/rust_ws/src/install/std_srvs/share/std_srvs/rust/src/lib.rs
[0.928s] -- Up-to-date: /home/hiro/rust_ws/src/install/std_srvs/share/std_srvs/environment/pythonpath.sh
[0.928s] -- Up-to-date: /home/hiro/rust_ws/src/install/std_srvs/share/std_srvs/environment/pythonpath.dsv
[0.928s] -- Up-to-date: /home/hiro/rust_ws/src/install/std_srvs/local/lib/python3.10/dist-packages/std_srvs-4.2.4-py3.10.egg-info
[0.928s] -- Installing: /home/hiro/rust_ws/src/install/std_srvs/local/lib/python3.10/dist-packages/std_srvs-4.2.4-py3.10.egg-info/top_level.txt
[0.928s] -- Installing: /home/hiro/rust_ws/src/install/std_srvs/local/lib/python3.10/dist-packages/std_srvs-4.2.4-py3.10.egg-info/PKG-INFO
[0.928s] -- Installing: /home/hiro/rust_ws/src/install/std_srvs/local/lib/python3.10/dist-packages/std_srvs-4.2.4-py3.10.egg-info/SOURCES.txt
[0.928s] -- Installing: /home/hiro/rust_ws/src/install/std_srvs/local/lib/python3.10/dist-packages/std_srvs-4.2.4-py3.10.egg-info/dependency_links.txt
[0.928s] -- Up-to-date: /home/hiro/rust_ws/src/install/std_srvs/local/lib/python3.10/dist-packages/std_srvs
[0.928s] -- Up-to-date: /home/hiro/rust_ws/src/install/std_srvs/local/lib/python3.10/dist-packages/std_srvs/std_srvs_s__rosidl_typesupport_fastrtps_c.cpython-310-x86_64-linux-gnu.so
[0.928s] -- Up-to-date: /home/hiro/rust_ws/src/install/std_srvs/local/lib/python3.10/dist-packages/std_srvs/std_srvs_s__rosidl_typesupport_c.cpython-310-x86_64-linux-gnu.so
[0.929s] -- Up-to-date: /home/hiro/rust_ws/src/install/std_srvs/local/lib/python3.10/dist-packages/std_srvs/_std_srvs_s.ep.rosidl_typesupport_c.c
[0.929s] -- Up-to-date: /home/hiro/rust_ws/src/install/std_srvs/local/lib/python3.10/dist-packages/std_srvs/libstd_srvs__rosidl_generator_py.so
[0.929s] -- Up-to-date: /home/hiro/rust_ws/src/install/std_srvs/local/lib/python3.10/dist-packages/std_srvs/_std_srvs_s.ep.rosidl_typesupport_fastrtps_c.c
[0.929s] -- Up-to-date: /home/hiro/rust_ws/src/install/std_srvs/local/lib/python3.10/dist-packages/std_srvs/__init__.py
[0.932s] -- Up-to-date: /home/hiro/rust_ws/src/install/std_srvs/local/lib/python3.10/dist-packages/std_srvs/std_srvs_s__rosidl_typesupport_introspection_c.cpython-310-x86_64-linux-gnu.so
[0.932s] -- Up-to-date: /home/hiro/rust_ws/src/install/std_srvs/local/lib/python3.10/dist-packages/std_srvs/srv
[0.932s] -- Up-to-date: /home/hiro/rust_ws/src/install/std_srvs/local/lib/python3.10/dist-packages/std_srvs/srv/_empty.py
[0.932s] -- Up-to-date: /home/hiro/rust_ws/src/install/std_srvs/local/lib/python3.10/dist-packages/std_srvs/srv/_set_bool_s.c
[0.932s] -- Up-to-date: /home/hiro/rust_ws/src/install/std_srvs/local/lib/python3.10/dist-packages/std_srvs/srv/_trigger_s.c
[0.932s] -- Up-to-date: /home/hiro/rust_ws/src/install/std_srvs/local/lib/python3.10/dist-packages/std_srvs/srv/_trigger.py
[0.932s] -- Up-to-date: /home/hiro/rust_ws/src/install/std_srvs/local/lib/python3.10/dist-packages/std_srvs/srv/_empty_s.c
[0.932s] -- Up-to-date: /home/hiro/rust_ws/src/install/std_srvs/local/lib/python3.10/dist-packages/std_srvs/srv/__init__.py
[0.933s] -- Up-to-date: /home/hiro/rust_ws/src/install/std_srvs/local/lib/python3.10/dist-packages/std_srvs/srv/_set_bool.py
[0.933s] -- Up-to-date: /home/hiro/rust_ws/src/install/std_srvs/local/lib/python3.10/dist-packages/std_srvs/_std_srvs_s.ep.rosidl_typesupport_introspection_c.c
[0.941s] Listing '/home/hiro/rust_ws/src/install/std_srvs/local/lib/python3.10/dist-packages/std_srvs'...
[0.942s] Listing '/home/hiro/rust_ws/src/install/std_srvs/local/lib/python3.10/dist-packages/std_srvs/srv'...
[0.943s] -- Up-to-date: /home/hiro/rust_ws/src/install/std_srvs/local/lib/python3.10/dist-packages/std_srvs/std_srvs_s__rosidl_typesupport_fastrtps_c.cpython-310-x86_64-linux-gnu.so
[0.943s] -- Up-to-date: /home/hiro/rust_ws/src/install/std_srvs/local/lib/python3.10/dist-packages/std_srvs/std_srvs_s__rosidl_typesupport_introspection_c.cpython-310-x86_64-linux-gnu.so
[0.943s] -- Up-to-date: /home/hiro/rust_ws/src/install/std_srvs/local/lib/python3.10/dist-packages/std_srvs/std_srvs_s__rosidl_typesupport_c.cpython-310-x86_64-linux-gnu.so
[0.943s] -- Up-to-date: /home/hiro/rust_ws/src/install/std_srvs/lib/libstd_srvs__rosidl_generator_py.so
[0.943s] -- Up-to-date: /home/hiro/rust_ws/src/install/std_srvs/share/std_srvs/srv/Empty.idl
[0.943s] -- Up-to-date: /home/hiro/rust_ws/src/install/std_srvs/share/std_srvs/srv/SetBool.idl
[0.943s] -- Up-to-date: /home/hiro/rust_ws/src/install/std_srvs/share/std_srvs/srv/Trigger.idl
[0.944s] -- Up-to-date: /home/hiro/rust_ws/src/install/std_srvs/share/std_srvs/srv/Empty.srv
[0.944s] -- Up-to-date: /home/hiro/rust_ws/src/install/std_srvs/share/std_srvs/srv/Empty_Request.msg
[0.944s] -- Up-to-date: /home/hiro/rust_ws/src/install/std_srvs/share/std_srvs/srv/Empty_Response.msg
[0.944s] -- Up-to-date: /home/hiro/rust_ws/src/install/std_srvs/share/std_srvs/srv/SetBool.srv
[0.944s] -- Up-to-date: /home/hiro/rust_ws/src/install/std_srvs/share/std_srvs/srv/SetBool_Request.msg
[0.944s] -- Up-to-date: /home/hiro/rust_ws/src/install/std_srvs/share/std_srvs/srv/SetBool_Response.msg
[0.944s] -- Up-to-date: /home/hiro/rust_ws/src/install/std_srvs/share/std_srvs/srv/Trigger.srv
[0.945s] -- Up-to-date: /home/hiro/rust_ws/src/install/std_srvs/share/std_srvs/srv/Trigger_Request.msg
[0.945s] -- Up-to-date: /home/hiro/rust_ws/src/install/std_srvs/share/std_srvs/srv/Trigger_Response.msg
[0.945s] -- Up-to-date: /home/hiro/rust_ws/src/install/std_srvs/share/ament_index/resource_index/package_run_dependencies/std_srvs
[0.945s] -- Up-to-date: /home/hiro/rust_ws/src/install/std_srvs/share/ament_index/resource_index/parent_prefix_path/std_srvs
[0.945s] -- Up-to-date: /home/hiro/rust_ws/src/install/std_srvs/share/std_srvs/environment/ament_prefix_path.sh
[0.945s] -- Up-to-date: /home/hiro/rust_ws/src/install/std_srvs/share/std_srvs/environment/ament_prefix_path.dsv
[0.945s] -- Up-to-date: /home/hiro/rust_ws/src/install/std_srvs/share/std_srvs/environment/path.sh
[0.946s] -- Up-to-date: /home/hiro/rust_ws/src/install/std_srvs/share/std_srvs/environment/path.dsv
[0.946s] -- Up-to-date: /home/hiro/rust_ws/src/install/std_srvs/share/std_srvs/local_setup.bash
[0.946s] -- Up-to-date: /home/hiro/rust_ws/src/install/std_srvs/share/std_srvs/local_setup.sh
[0.946s] -- Up-to-date: /home/hiro/rust_ws/src/install/std_srvs/share/std_srvs/local_setup.zsh
[0.946s] -- Up-to-date: /home/hiro/rust_ws/src/install/std_srvs/share/std_srvs/local_setup.dsv
[0.946s] -- Installing: /home/hiro/rust_ws/src/install/std_srvs/share/std_srvs/package.dsv
[0.948s] -- Up-to-date: /home/hiro/rust_ws/src/install/std_srvs/share/ament_index/resource_index/packages/std_srvs
[0.949s] -- Up-to-date: /home/hiro/rust_ws/src/install/std_srvs/share/std_srvs/cmake/export_std_srvs__rosidl_generator_cExport.cmake
[0.949s] -- Up-to-date: /home/hiro/rust_ws/src/install/std_srvs/share/std_srvs/cmake/export_std_srvs__rosidl_generator_cExport-noconfig.cmake
[0.949s] -- Up-to-date: /home/hiro/rust_ws/src/install/std_srvs/share/std_srvs/cmake/export_std_srvs__rosidl_typesupport_fastrtps_cExport.cmake
[0.949s] -- Up-to-date: /home/hiro/rust_ws/src/install/std_srvs/share/std_srvs/cmake/export_std_srvs__rosidl_typesupport_fastrtps_cExport-noconfig.cmake
[0.949s] -- Up-to-date: /home/hiro/rust_ws/src/install/std_srvs/share/std_srvs/cmake/std_srvs__rosidl_typesupport_introspection_cExport.cmake
[0.950s] -- Up-to-date: /home/hiro/rust_ws/src/install/std_srvs/share/std_srvs/cmake/std_srvs__rosidl_typesupport_introspection_cExport-noconfig.cmake
[0.950s] -- Up-to-date: /home/hiro/rust_ws/src/install/std_srvs/share/std_srvs/cmake/std_srvs__rosidl_typesupport_cExport.cmake
[0.950s] -- Up-to-date: /home/hiro/rust_ws/src/install/std_srvs/share/std_srvs/cmake/std_srvs__rosidl_typesupport_cExport-noconfig.cmake
[0.950s] -- Up-to-date: /home/hiro/rust_ws/src/install/std_srvs/share/std_srvs/cmake/export_std_srvs__rosidl_generator_cppExport.cmake
[0.953s] -- Up-to-date: /home/hiro/rust_ws/src/install/std_srvs/share/std_srvs/cmake/export_std_srvs__rosidl_typesupport_fastrtps_cppExport.cmake
[0.953s] -- Up-to-date: /home/hiro/rust_ws/src/install/std_srvs/share/std_srvs/cmake/export_std_srvs__rosidl_typesupport_fastrtps_cppExport-noconfig.cmake
[0.953s] -- Up-to-date: /home/hiro/rust_ws/src/install/std_srvs/share/std_srvs/cmake/std_srvs__rosidl_typesupport_introspection_cppExport.cmake
[0.953s] -- Up-to-date: /home/hiro/rust_ws/src/install/std_srvs/share/std_srvs/cmake/std_srvs__rosidl_typesupport_introspection_cppExport-noconfig.cmake
[0.954s] -- Up-to-date: /home/hiro/rust_ws/src/install/std_srvs/share/std_srvs/cmake/std_srvs__rosidl_typesupport_cppExport.cmake
[0.954s] -- Up-to-date: /home/hiro/rust_ws/src/install/std_srvs/share/std_srvs/cmake/std_srvs__rosidl_typesupport_cppExport-noconfig.cmake
[0.955s] -- Up-to-date: /home/hiro/rust_ws/src/install/std_srvs/share/std_srvs/cmake/export_std_srvs__rosidl_generator_pyExport.cmake
[0.955s] -- Up-to-date: /home/hiro/rust_ws/src/install/std_srvs/share/std_srvs/cmake/export_std_srvs__rosidl_generator_pyExport-noconfig.cmake
[0.955s] -- Up-to-date: /home/hiro/rust_ws/src/install/std_srvs/share/std_srvs/cmake/rosidl_cmake-extras.cmake
[0.955s] -- Up-to-date: /home/hiro/rust_ws/src/install/std_srvs/share/std_srvs/cmake/ament_cmake_export_include_directories-extras.cmake
[0.956s] -- Up-to-date: /home/hiro/rust_ws/src/install/std_srvs/share/std_srvs/cmake/ament_cmake_export_libraries-extras.cmake
[0.956s] -- Up-to-date: /home/hiro/rust_ws/src/install/std_srvs/share/std_srvs/cmake/ament_cmake_export_targets-extras.cmake
[0.956s] -- Up-to-date: /home/hiro/rust_ws/src/install/std_srvs/share/std_srvs/cmake/rosidl_cmake_export_typesupport_targets-extras.cmake
[0.956s] -- Up-to-date: /home/hiro/rust_ws/src/install/std_srvs/share/std_srvs/cmake/ament_cmake_export_dependencies-extras.cmake
[0.956s] -- Up-to-date: /home/hiro/rust_ws/src/install/std_srvs/share/std_srvs/cmake/rosidl_cmake_export_typesupport_libraries-extras.cmake
[0.956s] -- Up-to-date: /home/hiro/rust_ws/src/install/std_srvs/share/std_srvs/cmake/std_srvsConfig.cmake
[0.956s] -- Up-to-date: /home/hiro/rust_ws/src/install/std_srvs/share/std_srvs/cmake/std_srvsConfig-version.cmake
[0.956s] -- Up-to-date: /home/hiro/rust_ws/src/install/std_srvs/share/std_srvs/package.xml
[0.969s] Invoked command in '/home/hiro/rust_ws/src/build/std_srvs' returned '0': AMENT_PREFIX_PATH=/home/hiro/rust_ws/src/install/rosidl_default_runtime:/home/hiro/rust_ws/src/install/rosidl_default_generators:/home/hiro/rust_ws/src/install/rosidl_generator_rs:/home/hiro/rust_ws/src/install/rosidl_runtime_rs:${AMENT_PREFIX_PATH} CMAKE_PREFIX_PATH=/home/hiro/rust_ws/src/install/rosidl_default_runtime:/home/hiro/rust_ws/src/install/rosidl_default_generators:/home/hiro/rust_ws/src/install/rosidl_generator_rs:/home/hiro/ws_livox/install/livox_ros_driver2:/opt/ros/humble PYTHONPATH=/home/hiro/rust_ws/src/install/rosidl_generator_rs/local/lib/python3.10/dist-packages:${PYTHONPATH} /usr/bin/cmake --install /home/hiro/rust_ws/src/build/std_srvs
