[0.218s] Invoking command in '/home/hiro/rust_ws/src/build/rosgraph_msgs': AMENT_PREFIX_PATH=/home/hiro/rust_ws/src/install/builtin_interfaces:/home/hiro/rust_ws/src/install/rosidl_default_runtime:/home/hiro/rust_ws/src/install/rosidl_default_generators:/home/hiro/rust_ws/src/install/rosidl_generator_rs:/home/hiro/rust_ws/src/install/rosidl_runtime_rs:${AMENT_PREFIX_PATH} CMAKE_PREFIX_PATH=/home/hiro/rust_ws/src/install/builtin_interfaces:/home/hiro/rust_ws/src/install/rosidl_default_runtime:/home/hiro/rust_ws/src/install/rosidl_default_generators:/home/hiro/rust_ws/src/install/rosidl_generator_rs:/home/hiro/ws_livox/install/livox_ros_driver2:/opt/ros/humble LD_LIBRARY_PATH=/home/hiro/rust_ws/src/install/builtin_interfaces/lib:${LD_LIBRARY_PATH} PYTHONPATH=/home/hiro/rust_ws/src/install/builtin_interfaces/local/lib/python3.10/dist-packages:/home/hiro/rust_ws/src/install/rosidl_generator_rs/local/lib/python3.10/dist-packages:${PYTHONPATH} /usr/bin/cmake --build /home/hiro/rust_ws/src/build/rosgraph_msgs -- -j22 -l22
[0.263s] [  6%] Built target rosgraph_msgs__cpp
[0.264s] [ 12%] Built target rosgraph_msgs__rosidl_generator_c
[0.265s] [ 15%] Built target rosgraph_msgs__rs
[0.272s] [ 15%] Built target ament_cmake_python_copy_rosgraph_msgs
[0.299s] [ 25%] Built target rosgraph_msgs__rosidl_typesupport_fastrtps_c
[0.304s] [ 34%] Built target rosgraph_msgs__rosidl_typesupport_c
[0.307s] [ 43%] Built target rosgraph_msgs__rosidl_typesupport_introspection_c
[0.308s] [ 53%] Built target rosgraph_msgs__rosidl_typesupport_cpp
[0.316s] [ 62%] Built target rosgraph_msgs__rosidl_typesupport_fastrtps_cpp
[0.316s] [ 71%] Built target rosgraph_msgs__rosidl_typesupport_introspection_cpp
[0.355s] [ 71%] Built target rosgraph_msgs
[0.378s] [ 75%] Built target rosgraph_msgs__py
[0.403s] [ 81%] Built target rosgraph_msgs__rosidl_generator_py
[0.433s] [ 87%] Built target rosgraph_msgs__rosidl_typesupport_c__pyext
[0.435s] [ 93%] Built target rosgraph_msgs__rosidl_typesupport_fastrtps_c__pyext
[0.440s] [100%] Built target rosgraph_msgs__rosidl_typesupport_introspection_c__pyext
[0.724s] running egg_info
[0.736s] writing rosgraph_msgs.egg-info/PKG-INFO
[0.736s] writing dependency_links to rosgraph_msgs.egg-info/dependency_links.txt
[0.737s] writing top-level names to rosgraph_msgs.egg-info/top_level.txt
[0.786s] reading manifest file 'rosgraph_msgs.egg-info/SOURCES.txt'
[0.787s] writing manifest file 'rosgraph_msgs.egg-info/SOURCES.txt'
[0.834s] [100%] Built target ament_cmake_python_build_rosgraph_msgs_egg
[0.848s] Invoked command in '/home/hiro/rust_ws/src/build/rosgraph_msgs' returned '0': AMENT_PREFIX_PATH=/home/hiro/rust_ws/src/install/builtin_interfaces:/home/hiro/rust_ws/src/install/rosidl_default_runtime:/home/hiro/rust_ws/src/install/rosidl_default_generators:/home/hiro/rust_ws/src/install/rosidl_generator_rs:/home/hiro/rust_ws/src/install/rosidl_runtime_rs:${AMENT_PREFIX_PATH} CMAKE_PREFIX_PATH=/home/hiro/rust_ws/src/install/builtin_interfaces:/home/hiro/rust_ws/src/install/rosidl_default_runtime:/home/hiro/rust_ws/src/install/rosidl_default_generators:/home/hiro/rust_ws/src/install/rosidl_generator_rs:/home/hiro/ws_livox/install/livox_ros_driver2:/opt/ros/humble LD_LIBRARY_PATH=/home/hiro/rust_ws/src/install/builtin_interfaces/lib:${LD_LIBRARY_PATH} PYTHONPATH=/home/hiro/rust_ws/src/install/builtin_interfaces/local/lib/python3.10/dist-packages:/home/hiro/rust_ws/src/install/rosidl_generator_rs/local/lib/python3.10/dist-packages:${PYTHONPATH} /usr/bin/cmake --build /home/hiro/rust_ws/src/build/rosgraph_msgs -- -j22 -l22
[0.909s] Invoking command in '/home/hiro/rust_ws/src/build/rosgraph_msgs': AMENT_PREFIX_PATH=/home/hiro/rust_ws/src/install/builtin_interfaces:/home/hiro/rust_ws/src/install/rosidl_default_runtime:/home/hiro/rust_ws/src/install/rosidl_default_generators:/home/hiro/rust_ws/src/install/rosidl_generator_rs:/home/hiro/rust_ws/src/install/rosidl_runtime_rs:${AMENT_PREFIX_PATH} CMAKE_PREFIX_PATH=/home/hiro/rust_ws/src/install/builtin_interfaces:/home/hiro/rust_ws/src/install/rosidl_default_runtime:/home/hiro/rust_ws/src/install/rosidl_default_generators:/home/hiro/rust_ws/src/install/rosidl_generator_rs:/home/hiro/ws_livox/install/livox_ros_driver2:/opt/ros/humble LD_LIBRARY_PATH=/home/hiro/rust_ws/src/install/builtin_interfaces/lib:${LD_LIBRARY_PATH} PYTHONPATH=/home/hiro/rust_ws/src/install/builtin_interfaces/local/lib/python3.10/dist-packages:/home/hiro/rust_ws/src/install/rosidl_generator_rs/local/lib/python3.10/dist-packages:${PYTHONPATH} /usr/bin/cmake --install /home/hiro/rust_ws/src/build/rosgraph_msgs
[0.916s] -- Install configuration: ""
[0.917s] -- Up-to-date: /home/hiro/rust_ws/src/install/rosgraph_msgs/share/ament_index/resource_index/rosidl_interfaces/rosgraph_msgs
[0.917s] -- Up-to-date: /home/hiro/rust_ws/src/install/rosgraph_msgs/include/rosgraph_msgs/rosgraph_msgs
[0.918s] -- Up-to-date: /home/hiro/rust_ws/src/install/rosgraph_msgs/include/rosgraph_msgs/rosgraph_msgs/msg
[0.920s] -- Up-to-date: /home/hiro/rust_ws/src/install/rosgraph_msgs/include/rosgraph_msgs/rosgraph_msgs/msg/rosidl_generator_c__visibility_control.h
[0.921s] -- Up-to-date: /home/hiro/rust_ws/src/install/rosgraph_msgs/include/rosgraph_msgs/rosgraph_msgs/msg/clock.h
[0.921s] -- Up-to-date: /home/hiro/rust_ws/src/install/rosgraph_msgs/include/rosgraph_msgs/rosgraph_msgs/msg/detail
[0.921s] -- Up-to-date: /home/hiro/rust_ws/src/install/rosgraph_msgs/include/rosgraph_msgs/rosgraph_msgs/msg/detail/clock__functions.h
[0.922s] -- Up-to-date: /home/hiro/rust_ws/src/install/rosgraph_msgs/include/rosgraph_msgs/rosgraph_msgs/msg/detail/clock__type_support.h
[0.923s] -- Up-to-date: /home/hiro/rust_ws/src/install/rosgraph_msgs/include/rosgraph_msgs/rosgraph_msgs/msg/detail/clock__functions.c
[0.925s] -- Up-to-date: /home/hiro/rust_ws/src/install/rosgraph_msgs/include/rosgraph_msgs/rosgraph_msgs/msg/detail/clock__struct.h
[0.926s] -- Up-to-date: /home/hiro/rust_ws/src/install/rosgraph_msgs/share/rosgraph_msgs/environment/library_path.sh
[0.927s] -- Up-to-date: /home/hiro/rust_ws/src/install/rosgraph_msgs/share/rosgraph_msgs/environment/library_path.dsv
[0.928s] -- Up-to-date: /home/hiro/rust_ws/src/install/rosgraph_msgs/lib/librosgraph_msgs__rosidl_generator_c.so
[0.928s] -- Up-to-date: /home/hiro/rust_ws/src/install/rosgraph_msgs/include/rosgraph_msgs/rosgraph_msgs
[0.928s] -- Up-to-date: /home/hiro/rust_ws/src/install/rosgraph_msgs/include/rosgraph_msgs/rosgraph_msgs/msg
[0.929s] -- Up-to-date: /home/hiro/rust_ws/src/install/rosgraph_msgs/include/rosgraph_msgs/rosgraph_msgs/msg/detail
[0.929s] -- Up-to-date: /home/hiro/rust_ws/src/install/rosgraph_msgs/include/rosgraph_msgs/rosgraph_msgs/msg/detail/clock__rosidl_typesupport_fastrtps_c.h
[0.930s] -- Up-to-date: /home/hiro/rust_ws/src/install/rosgraph_msgs/include/rosgraph_msgs/rosgraph_msgs/msg/rosidl_typesupport_fastrtps_c__visibility_control.h
[0.930s] -- Up-to-date: /home/hiro/rust_ws/src/install/rosgraph_msgs/lib/librosgraph_msgs__rosidl_typesupport_fastrtps_c.so
[0.930s] -- Up-to-date: /home/hiro/rust_ws/src/install/rosgraph_msgs/include/rosgraph_msgs/rosgraph_msgs
[0.930s] -- Up-to-date: /home/hiro/rust_ws/src/install/rosgraph_msgs/include/rosgraph_msgs/rosgraph_msgs/msg
[0.930s] -- Up-to-date: /home/hiro/rust_ws/src/install/rosgraph_msgs/include/rosgraph_msgs/rosgraph_msgs/msg/clock.hpp
[0.930s] -- Up-to-date: /home/hiro/rust_ws/src/install/rosgraph_msgs/include/rosgraph_msgs/rosgraph_msgs/msg/detail
[0.930s] -- Up-to-date: /home/hiro/rust_ws/src/install/rosgraph_msgs/include/rosgraph_msgs/rosgraph_msgs/msg/detail/clock__struct.hpp
[0.930s] -- Up-to-date: /home/hiro/rust_ws/src/install/rosgraph_msgs/include/rosgraph_msgs/rosgraph_msgs/msg/detail/clock__traits.hpp
[0.930s] -- Up-to-date: /home/hiro/rust_ws/src/install/rosgraph_msgs/include/rosgraph_msgs/rosgraph_msgs/msg/detail/clock__builder.hpp
[0.930s] -- Up-to-date: /home/hiro/rust_ws/src/install/rosgraph_msgs/include/rosgraph_msgs/rosgraph_msgs
[0.931s] -- Up-to-date: /home/hiro/rust_ws/src/install/rosgraph_msgs/include/rosgraph_msgs/rosgraph_msgs/msg
[0.931s] -- Up-to-date: /home/hiro/rust_ws/src/install/rosgraph_msgs/include/rosgraph_msgs/rosgraph_msgs/msg/rosidl_typesupport_fastrtps_cpp__visibility_control.h
[0.931s] -- Up-to-date: /home/hiro/rust_ws/src/install/rosgraph_msgs/include/rosgraph_msgs/rosgraph_msgs/msg/detail
[0.931s] -- Up-to-date: /home/hiro/rust_ws/src/install/rosgraph_msgs/include/rosgraph_msgs/rosgraph_msgs/msg/detail/clock__rosidl_typesupport_fastrtps_cpp.hpp
[0.931s] -- Up-to-date: /home/hiro/rust_ws/src/install/rosgraph_msgs/include/rosgraph_msgs/rosgraph_msgs/msg/detail/dds_fastrtps
[0.932s] -- Up-to-date: /home/hiro/rust_ws/src/install/rosgraph_msgs/lib/librosgraph_msgs__rosidl_typesupport_fastrtps_cpp.so
[0.932s] -- Up-to-date: /home/hiro/rust_ws/src/install/rosgraph_msgs/include/rosgraph_msgs/rosgraph_msgs
[0.932s] -- Up-to-date: /home/hiro/rust_ws/src/install/rosgraph_msgs/include/rosgraph_msgs/rosgraph_msgs/msg
[0.932s] -- Up-to-date: /home/hiro/rust_ws/src/install/rosgraph_msgs/include/rosgraph_msgs/rosgraph_msgs/msg/rosidl_typesupport_introspection_c__visibility_control.h
[0.932s] -- Up-to-date: /home/hiro/rust_ws/src/install/rosgraph_msgs/include/rosgraph_msgs/rosgraph_msgs/msg/detail
[0.933s] -- Up-to-date: /home/hiro/rust_ws/src/install/rosgraph_msgs/include/rosgraph_msgs/rosgraph_msgs/msg/detail/clock__type_support.c
[0.933s] -- Up-to-date: /home/hiro/rust_ws/src/install/rosgraph_msgs/include/rosgraph_msgs/rosgraph_msgs/msg/detail/clock__rosidl_typesupport_introspection_c.h
[0.934s] -- Up-to-date: /home/hiro/rust_ws/src/install/rosgraph_msgs/lib/librosgraph_msgs__rosidl_typesupport_introspection_c.so
[0.935s] -- Up-to-date: /home/hiro/rust_ws/src/install/rosgraph_msgs/lib/librosgraph_msgs__rosidl_typesupport_c.so
[0.935s] -- Up-to-date: /home/hiro/rust_ws/src/install/rosgraph_msgs/include/rosgraph_msgs/rosgraph_msgs
[0.935s] -- Up-to-date: /home/hiro/rust_ws/src/install/rosgraph_msgs/include/rosgraph_msgs/rosgraph_msgs/msg
[0.936s] -- Up-to-date: /home/hiro/rust_ws/src/install/rosgraph_msgs/include/rosgraph_msgs/rosgraph_msgs/msg/detail
[0.936s] -- Up-to-date: /home/hiro/rust_ws/src/install/rosgraph_msgs/include/rosgraph_msgs/rosgraph_msgs/msg/detail/clock__rosidl_typesupport_introspection_cpp.hpp
[0.936s] -- Up-to-date: /home/hiro/rust_ws/src/install/rosgraph_msgs/include/rosgraph_msgs/rosgraph_msgs/msg/detail/clock__type_support.cpp
[0.936s] -- Up-to-date: /home/hiro/rust_ws/src/install/rosgraph_msgs/lib/librosgraph_msgs__rosidl_typesupport_introspection_cpp.so
[0.937s] -- Up-to-date: /home/hiro/rust_ws/src/install/rosgraph_msgs/lib/librosgraph_msgs__rosidl_typesupport_cpp.so
[0.937s] -- Up-to-date: /home/hiro/rust_ws/src/install/rosgraph_msgs/share/ament_index/resource_index/rust_packages/rosgraph_msgs
[0.938s] -- Up-to-date: /home/hiro/rust_ws/src/install/rosgraph_msgs/share/rosgraph_msgs/rust
[0.938s] -- Up-to-date: /home/hiro/rust_ws/src/install/rosgraph_msgs/share/rosgraph_msgs/rust/Cargo.toml
[0.938s] -- Up-to-date: /home/hiro/rust_ws/src/install/rosgraph_msgs/share/rosgraph_msgs/rust/build.rs
[0.939s] -- Up-to-date: /home/hiro/rust_ws/src/install/rosgraph_msgs/share/rosgraph_msgs/rust/src
[0.939s] -- Up-to-date: /home/hiro/rust_ws/src/install/rosgraph_msgs/share/rosgraph_msgs/rust/src/msg.rs
[0.941s] -- Up-to-date: /home/hiro/rust_ws/src/install/rosgraph_msgs/share/rosgraph_msgs/rust/src/lib.rs
[0.941s] -- Up-to-date: /home/hiro/rust_ws/src/install/rosgraph_msgs/share/rosgraph_msgs/environment/pythonpath.sh
[0.941s] -- Up-to-date: /home/hiro/rust_ws/src/install/rosgraph_msgs/share/rosgraph_msgs/environment/pythonpath.dsv
[0.941s] -- Up-to-date: /home/hiro/rust_ws/src/install/rosgraph_msgs/local/lib/python3.10/dist-packages/rosgraph_msgs-1.2.1-py3.10.egg-info
[0.941s] -- Installing: /home/hiro/rust_ws/src/install/rosgraph_msgs/local/lib/python3.10/dist-packages/rosgraph_msgs-1.2.1-py3.10.egg-info/top_level.txt
[0.942s] -- Installing: /home/hiro/rust_ws/src/install/rosgraph_msgs/local/lib/python3.10/dist-packages/rosgraph_msgs-1.2.1-py3.10.egg-info/PKG-INFO
[0.943s] -- Installing: /home/hiro/rust_ws/src/install/rosgraph_msgs/local/lib/python3.10/dist-packages/rosgraph_msgs-1.2.1-py3.10.egg-info/SOURCES.txt
[0.943s] -- Installing: /home/hiro/rust_ws/src/install/rosgraph_msgs/local/lib/python3.10/dist-packages/rosgraph_msgs-1.2.1-py3.10.egg-info/dependency_links.txt
[0.943s] -- Up-to-date: /home/hiro/rust_ws/src/install/rosgraph_msgs/local/lib/python3.10/dist-packages/rosgraph_msgs
[0.944s] -- Up-to-date: /home/hiro/rust_ws/src/install/rosgraph_msgs/local/lib/python3.10/dist-packages/rosgraph_msgs/rosgraph_msgs_s__rosidl_typesupport_c.cpython-310-x86_64-linux-gnu.so
[0.944s] -- Up-to-date: /home/hiro/rust_ws/src/install/rosgraph_msgs/local/lib/python3.10/dist-packages/rosgraph_msgs/rosgraph_msgs_s__rosidl_typesupport_fastrtps_c.cpython-310-x86_64-linux-gnu.so
[0.944s] -- Up-to-date: /home/hiro/rust_ws/src/install/rosgraph_msgs/local/lib/python3.10/dist-packages/rosgraph_msgs/rosgraph_msgs_s__rosidl_typesupport_introspection_c.cpython-310-x86_64-linux-gnu.so
[0.944s] -- Up-to-date: /home/hiro/rust_ws/src/install/rosgraph_msgs/local/lib/python3.10/dist-packages/rosgraph_msgs/librosgraph_msgs__rosidl_generator_py.so
[0.945s] -- Up-to-date: /home/hiro/rust_ws/src/install/rosgraph_msgs/local/lib/python3.10/dist-packages/rosgraph_msgs/_rosgraph_msgs_s.ep.rosidl_typesupport_c.c
[0.945s] -- Up-to-date: /home/hiro/rust_ws/src/install/rosgraph_msgs/local/lib/python3.10/dist-packages/rosgraph_msgs/_rosgraph_msgs_s.ep.rosidl_typesupport_fastrtps_c.c
[0.946s] -- Up-to-date: /home/hiro/rust_ws/src/install/rosgraph_msgs/local/lib/python3.10/dist-packages/rosgraph_msgs/_rosgraph_msgs_s.ep.rosidl_typesupport_introspection_c.c
[0.946s] -- Up-to-date: /home/hiro/rust_ws/src/install/rosgraph_msgs/local/lib/python3.10/dist-packages/rosgraph_msgs/__init__.py
[0.947s] -- Up-to-date: /home/hiro/rust_ws/src/install/rosgraph_msgs/local/lib/python3.10/dist-packages/rosgraph_msgs/msg
[0.947s] -- Up-to-date: /home/hiro/rust_ws/src/install/rosgraph_msgs/local/lib/python3.10/dist-packages/rosgraph_msgs/msg/_clock_s.c
[0.948s] -- Up-to-date: /home/hiro/rust_ws/src/install/rosgraph_msgs/local/lib/python3.10/dist-packages/rosgraph_msgs/msg/__init__.py
[0.948s] -- Up-to-date: /home/hiro/rust_ws/src/install/rosgraph_msgs/local/lib/python3.10/dist-packages/rosgraph_msgs/msg/_clock.py
[0.962s] Listing '/home/hiro/rust_ws/src/install/rosgraph_msgs/local/lib/python3.10/dist-packages/rosgraph_msgs'...
[0.963s] Listing '/home/hiro/rust_ws/src/install/rosgraph_msgs/local/lib/python3.10/dist-packages/rosgraph_msgs/msg'...
[0.968s] -- Up-to-date: /home/hiro/rust_ws/src/install/rosgraph_msgs/local/lib/python3.10/dist-packages/rosgraph_msgs/rosgraph_msgs_s__rosidl_typesupport_fastrtps_c.cpython-310-x86_64-linux-gnu.so
[0.971s] -- Up-to-date: /home/hiro/rust_ws/src/install/rosgraph_msgs/local/lib/python3.10/dist-packages/rosgraph_msgs/rosgraph_msgs_s__rosidl_typesupport_introspection_c.cpython-310-x86_64-linux-gnu.so
[0.973s] -- Up-to-date: /home/hiro/rust_ws/src/install/rosgraph_msgs/local/lib/python3.10/dist-packages/rosgraph_msgs/rosgraph_msgs_s__rosidl_typesupport_c.cpython-310-x86_64-linux-gnu.so
[0.974s] -- Up-to-date: /home/hiro/rust_ws/src/install/rosgraph_msgs/lib/librosgraph_msgs__rosidl_generator_py.so
[0.975s] -- Up-to-date: /home/hiro/rust_ws/src/install/rosgraph_msgs/share/rosgraph_msgs/msg/Clock.idl
[0.975s] -- Up-to-date: /home/hiro/rust_ws/src/install/rosgraph_msgs/share/rosgraph_msgs/msg/Clock.msg
[0.976s] -- Up-to-date: /home/hiro/rust_ws/src/install/rosgraph_msgs/share/ament_index/resource_index/package_run_dependencies/rosgraph_msgs
[0.976s] -- Up-to-date: /home/hiro/rust_ws/src/install/rosgraph_msgs/share/ament_index/resource_index/parent_prefix_path/rosgraph_msgs
[0.976s] -- Up-to-date: /home/hiro/rust_ws/src/install/rosgraph_msgs/share/rosgraph_msgs/environment/ament_prefix_path.sh
[0.976s] -- Up-to-date: /home/hiro/rust_ws/src/install/rosgraph_msgs/share/rosgraph_msgs/environment/ament_prefix_path.dsv
[0.977s] -- Up-to-date: /home/hiro/rust_ws/src/install/rosgraph_msgs/share/rosgraph_msgs/environment/path.sh
[0.977s] -- Up-to-date: /home/hiro/rust_ws/src/install/rosgraph_msgs/share/rosgraph_msgs/environment/path.dsv
[0.978s] -- Up-to-date: /home/hiro/rust_ws/src/install/rosgraph_msgs/share/rosgraph_msgs/local_setup.bash
[0.980s] -- Up-to-date: /home/hiro/rust_ws/src/install/rosgraph_msgs/share/rosgraph_msgs/local_setup.sh
[0.981s] -- Up-to-date: /home/hiro/rust_ws/src/install/rosgraph_msgs/share/rosgraph_msgs/local_setup.zsh
[0.982s] -- Up-to-date: /home/hiro/rust_ws/src/install/rosgraph_msgs/share/rosgraph_msgs/local_setup.dsv
[0.983s] -- Installing: /home/hiro/rust_ws/src/install/rosgraph_msgs/share/rosgraph_msgs/package.dsv
[0.984s] -- Up-to-date: /home/hiro/rust_ws/src/install/rosgraph_msgs/share/ament_index/resource_index/packages/rosgraph_msgs
[0.985s] -- Up-to-date: /home/hiro/rust_ws/src/install/rosgraph_msgs/share/rosgraph_msgs/cmake/export_rosgraph_msgs__rosidl_generator_cExport.cmake
[0.985s] -- Up-to-date: /home/hiro/rust_ws/src/install/rosgraph_msgs/share/rosgraph_msgs/cmake/export_rosgraph_msgs__rosidl_generator_cExport-noconfig.cmake
[0.985s] -- Up-to-date: /home/hiro/rust_ws/src/install/rosgraph_msgs/share/rosgraph_msgs/cmake/export_rosgraph_msgs__rosidl_typesupport_fastrtps_cExport.cmake
[0.986s] -- Up-to-date: /home/hiro/rust_ws/src/install/rosgraph_msgs/share/rosgraph_msgs/cmake/export_rosgraph_msgs__rosidl_typesupport_fastrtps_cExport-noconfig.cmake
[0.986s] -- Up-to-date: /home/hiro/rust_ws/src/install/rosgraph_msgs/share/rosgraph_msgs/cmake/export_rosgraph_msgs__rosidl_generator_cppExport.cmake
[0.986s] -- Up-to-date: /home/hiro/rust_ws/src/install/rosgraph_msgs/share/rosgraph_msgs/cmake/export_rosgraph_msgs__rosidl_typesupport_fastrtps_cppExport.cmake
[0.986s] -- Up-to-date: /home/hiro/rust_ws/src/install/rosgraph_msgs/share/rosgraph_msgs/cmake/export_rosgraph_msgs__rosidl_typesupport_fastrtps_cppExport-noconfig.cmake
[0.986s] -- Up-to-date: /home/hiro/rust_ws/src/install/rosgraph_msgs/share/rosgraph_msgs/cmake/rosgraph_msgs__rosidl_typesupport_introspection_cExport.cmake
[0.986s] -- Up-to-date: /home/hiro/rust_ws/src/install/rosgraph_msgs/share/rosgraph_msgs/cmake/rosgraph_msgs__rosidl_typesupport_introspection_cExport-noconfig.cmake
[0.986s] -- Up-to-date: /home/hiro/rust_ws/src/install/rosgraph_msgs/share/rosgraph_msgs/cmake/rosgraph_msgs__rosidl_typesupport_cExport.cmake
[0.986s] -- Up-to-date: /home/hiro/rust_ws/src/install/rosgraph_msgs/share/rosgraph_msgs/cmake/rosgraph_msgs__rosidl_typesupport_cExport-noconfig.cmake
[0.987s] -- Up-to-date: /home/hiro/rust_ws/src/install/rosgraph_msgs/share/rosgraph_msgs/cmake/rosgraph_msgs__rosidl_typesupport_introspection_cppExport.cmake
[0.987s] -- Up-to-date: /home/hiro/rust_ws/src/install/rosgraph_msgs/share/rosgraph_msgs/cmake/rosgraph_msgs__rosidl_typesupport_introspection_cppExport-noconfig.cmake
[0.987s] -- Up-to-date: /home/hiro/rust_ws/src/install/rosgraph_msgs/share/rosgraph_msgs/cmake/rosgraph_msgs__rosidl_typesupport_cppExport.cmake
[0.987s] -- Up-to-date: /home/hiro/rust_ws/src/install/rosgraph_msgs/share/rosgraph_msgs/cmake/rosgraph_msgs__rosidl_typesupport_cppExport-noconfig.cmake
[0.987s] -- Up-to-date: /home/hiro/rust_ws/src/install/rosgraph_msgs/share/rosgraph_msgs/cmake/export_rosgraph_msgs__rosidl_generator_pyExport.cmake
[0.988s] -- Up-to-date: /home/hiro/rust_ws/src/install/rosgraph_msgs/share/rosgraph_msgs/cmake/export_rosgraph_msgs__rosidl_generator_pyExport-noconfig.cmake
[0.988s] -- Up-to-date: /home/hiro/rust_ws/src/install/rosgraph_msgs/share/rosgraph_msgs/cmake/rosidl_cmake-extras.cmake
[0.988s] -- Up-to-date: /home/hiro/rust_ws/src/install/rosgraph_msgs/share/rosgraph_msgs/cmake/ament_cmake_export_dependencies-extras.cmake
[0.988s] -- Up-to-date: /home/hiro/rust_ws/src/install/rosgraph_msgs/share/rosgraph_msgs/cmake/ament_cmake_export_include_directories-extras.cmake
[0.988s] -- Up-to-date: /home/hiro/rust_ws/src/install/rosgraph_msgs/share/rosgraph_msgs/cmake/ament_cmake_export_libraries-extras.cmake
[0.988s] -- Up-to-date: /home/hiro/rust_ws/src/install/rosgraph_msgs/share/rosgraph_msgs/cmake/ament_cmake_export_targets-extras.cmake
[0.988s] -- Up-to-date: /home/hiro/rust_ws/src/install/rosgraph_msgs/share/rosgraph_msgs/cmake/rosidl_cmake_export_typesupport_targets-extras.cmake
[0.989s] -- Up-to-date: /home/hiro/rust_ws/src/install/rosgraph_msgs/share/rosgraph_msgs/cmake/rosidl_cmake_export_typesupport_libraries-extras.cmake
[0.989s] -- Up-to-date: /home/hiro/rust_ws/src/install/rosgraph_msgs/share/rosgraph_msgs/cmake/rosgraph_msgsConfig.cmake
[0.989s] -- Up-to-date: /home/hiro/rust_ws/src/install/rosgraph_msgs/share/rosgraph_msgs/cmake/rosgraph_msgsConfig-version.cmake
[0.989s] -- Up-to-date: /home/hiro/rust_ws/src/install/rosgraph_msgs/share/rosgraph_msgs/package.xml
[0.989s] Invoked command in '/home/hiro/rust_ws/src/build/rosgraph_msgs' returned '0': AMENT_PREFIX_PATH=/home/hiro/rust_ws/src/install/builtin_interfaces:/home/hiro/rust_ws/src/install/rosidl_default_runtime:/home/hiro/rust_ws/src/install/rosidl_default_generators:/home/hiro/rust_ws/src/install/rosidl_generator_rs:/home/hiro/rust_ws/src/install/rosidl_runtime_rs:${AMENT_PREFIX_PATH} CMAKE_PREFIX_PATH=/home/hiro/rust_ws/src/install/builtin_interfaces:/home/hiro/rust_ws/src/install/rosidl_default_runtime:/home/hiro/rust_ws/src/install/rosidl_default_generators:/home/hiro/rust_ws/src/install/rosidl_generator_rs:/home/hiro/ws_livox/install/livox_ros_driver2:/opt/ros/humble LD_LIBRARY_PATH=/home/hiro/rust_ws/src/install/builtin_interfaces/lib:${LD_LIBRARY_PATH} PYTHONPATH=/home/hiro/rust_ws/src/install/builtin_interfaces/local/lib/python3.10/dist-packages:/home/hiro/rust_ws/src/install/rosidl_generator_rs/local/lib/python3.10/dist-packages:${PYTHONPATH} /usr/bin/cmake --install /home/hiro/rust_ws/src/build/rosgraph_msgs
