[0.297s] Invoking command in '/home/hiro/rust_ws/src/build/action_msgs': AMENT_PREFIX_PATH=/home/hiro/rust_ws/src/install/unique_identifier_msgs:/home/hiro/rust_ws/src/install/builtin_interfaces:/home/hiro/rust_ws/src/install/rosidl_default_runtime:/home/hiro/rust_ws/src/install/rosidl_default_generators:/home/hiro/rust_ws/src/install/rosidl_generator_rs:/home/hiro/rust_ws/src/install/rosidl_runtime_rs:${AMENT_PREFIX_PATH} CMAKE_PREFIX_PATH=/home/hiro/rust_ws/src/install/unique_identifier_msgs:/home/hiro/rust_ws/src/install/builtin_interfaces:/home/hiro/rust_ws/src/install/rosidl_default_runtime:/home/hiro/rust_ws/src/install/rosidl_default_generators:/home/hiro/rust_ws/src/install/rosidl_generator_rs:/home/hiro/ws_livox/install/livox_ros_driver2:/opt/ros/humble LD_LIBRARY_PATH=/home/hiro/rust_ws/src/install/unique_identifier_msgs/lib:/home/hiro/rust_ws/src/install/builtin_interfaces/lib:${LD_LIBRARY_PATH} PYTHONPATH=/home/hiro/rust_ws/src/install/unique_identifier_msgs/local/lib/python3.10/dist-packages:/home/hiro/rust_ws/src/install/builtin_interfaces/local/lib/python3.10/dist-packages:/home/hiro/rust_ws/src/install/rosidl_generator_rs/local/lib/python3.10/dist-packages:${PYTHONPATH} /usr/bin/cmake --build /home/hiro/rust_ws/src/build/action_msgs -- -j22 -l22
[0.368s] [35m[1mConsolidate compiler generated dependencies of target action_msgs__rosidl_generator_c[0m
[0.380s] [  3%] Built target action_msgs__rs
[0.380s] [  3%] Built target action_msgs__cpp
[0.385s] [ 14%] Built target action_msgs__rosidl_generator_c
[0.388s] [ 14%] Built target ament_cmake_python_copy_action_msgs
[0.393s] [35m[1mConsolidate compiler generated dependencies of target action_msgs__rosidl_typesupport_cpp[0m
[0.395s] [35m[1mConsolidate compiler generated dependencies of target action_msgs__rosidl_typesupport_fastrtps_cpp[0m
[0.395s] [35m[1mConsolidate compiler generated dependencies of target action_msgs__rosidl_typesupport_introspection_cpp[0m
[0.397s] [35m[1mConsolidate compiler generated dependencies of target action_msgs__rosidl_typesupport_c[0m
[0.399s] [35m[1mConsolidate compiler generated dependencies of target action_msgs__rosidl_typesupport_fastrtps_c[0m
[0.401s] [35m[1mConsolidate compiler generated dependencies of target action_msgs__rosidl_typesupport_introspection_c[0m
[0.411s] [ 25%] Built target action_msgs__rosidl_typesupport_cpp
[0.412s] [ 35%] Built target action_msgs__rosidl_typesupport_c
[0.417s] [ 57%] Built target action_msgs__rosidl_typesupport_introspection_cpp
[0.417s] [ 57%] Built target action_msgs__rosidl_typesupport_fastrtps_cpp
[0.418s] [ 67%] Built target action_msgs__rosidl_typesupport_introspection_c
[0.420s] [ 78%] Built target action_msgs__rosidl_typesupport_fastrtps_c
[0.443s] [ 78%] Built target action_msgs
[0.468s] [ 80%] Built target action_msgs__py
[0.482s] [35m[1mConsolidate compiler generated dependencies of target action_msgs__rosidl_generator_py[0m
[0.498s] [ 89%] Built target action_msgs__rosidl_generator_py
[0.507s] [35m[1mConsolidate compiler generated dependencies of target action_msgs__rosidl_typesupport_c__pyext[0m
[0.507s] [35m[1mConsolidate compiler generated dependencies of target action_msgs__rosidl_typesupport_introspection_c__pyext[0m
[0.508s] [35m[1mConsolidate compiler generated dependencies of target action_msgs__rosidl_typesupport_fastrtps_c__pyext[0m
[0.519s] [ 92%] Built target action_msgs__rosidl_typesupport_introspection_c__pyext
[0.519s] [ 96%] Built target action_msgs__rosidl_typesupport_c__pyext
[0.519s] [100%] Built target action_msgs__rosidl_typesupport_fastrtps_c__pyext
[0.756s] running egg_info
[0.767s] writing action_msgs.egg-info/PKG-INFO
[0.767s] writing dependency_links to action_msgs.egg-info/dependency_links.txt
[0.768s] writing top-level names to action_msgs.egg-info/top_level.txt
[0.806s] reading manifest file 'action_msgs.egg-info/SOURCES.txt'
[0.806s] writing manifest file 'action_msgs.egg-info/SOURCES.txt'
[0.857s] [100%] Built target ament_cmake_python_build_action_msgs_egg
[0.867s] Invoked command in '/home/hiro/rust_ws/src/build/action_msgs' returned '0': AMENT_PREFIX_PATH=/home/hiro/rust_ws/src/install/unique_identifier_msgs:/home/hiro/rust_ws/src/install/builtin_interfaces:/home/hiro/rust_ws/src/install/rosidl_default_runtime:/home/hiro/rust_ws/src/install/rosidl_default_generators:/home/hiro/rust_ws/src/install/rosidl_generator_rs:/home/hiro/rust_ws/src/install/rosidl_runtime_rs:${AMENT_PREFIX_PATH} CMAKE_PREFIX_PATH=/home/hiro/rust_ws/src/install/unique_identifier_msgs:/home/hiro/rust_ws/src/install/builtin_interfaces:/home/hiro/rust_ws/src/install/rosidl_default_runtime:/home/hiro/rust_ws/src/install/rosidl_default_generators:/home/hiro/rust_ws/src/install/rosidl_generator_rs:/home/hiro/ws_livox/install/livox_ros_driver2:/opt/ros/humble LD_LIBRARY_PATH=/home/hiro/rust_ws/src/install/unique_identifier_msgs/lib:/home/hiro/rust_ws/src/install/builtin_interfaces/lib:${LD_LIBRARY_PATH} PYTHONPATH=/home/hiro/rust_ws/src/install/unique_identifier_msgs/local/lib/python3.10/dist-packages:/home/hiro/rust_ws/src/install/builtin_interfaces/local/lib/python3.10/dist-packages:/home/hiro/rust_ws/src/install/rosidl_generator_rs/local/lib/python3.10/dist-packages:${PYTHONPATH} /usr/bin/cmake --build /home/hiro/rust_ws/src/build/action_msgs -- -j22 -l22
[1.020s] Invoking command in '/home/hiro/rust_ws/src/build/action_msgs': AMENT_PREFIX_PATH=/home/hiro/rust_ws/src/install/unique_identifier_msgs:/home/hiro/rust_ws/src/install/builtin_interfaces:/home/hiro/rust_ws/src/install/rosidl_default_runtime:/home/hiro/rust_ws/src/install/rosidl_default_generators:/home/hiro/rust_ws/src/install/rosidl_generator_rs:/home/hiro/rust_ws/src/install/rosidl_runtime_rs:${AMENT_PREFIX_PATH} CMAKE_PREFIX_PATH=/home/hiro/rust_ws/src/install/unique_identifier_msgs:/home/hiro/rust_ws/src/install/builtin_interfaces:/home/hiro/rust_ws/src/install/rosidl_default_runtime:/home/hiro/rust_ws/src/install/rosidl_default_generators:/home/hiro/rust_ws/src/install/rosidl_generator_rs:/home/hiro/ws_livox/install/livox_ros_driver2:/opt/ros/humble LD_LIBRARY_PATH=/home/hiro/rust_ws/src/install/unique_identifier_msgs/lib:/home/hiro/rust_ws/src/install/builtin_interfaces/lib:${LD_LIBRARY_PATH} PYTHONPATH=/home/hiro/rust_ws/src/install/unique_identifier_msgs/local/lib/python3.10/dist-packages:/home/hiro/rust_ws/src/install/builtin_interfaces/local/lib/python3.10/dist-packages:/home/hiro/rust_ws/src/install/rosidl_generator_rs/local/lib/python3.10/dist-packages:${PYTHONPATH} /usr/bin/cmake --install /home/hiro/rust_ws/src/build/action_msgs
[1.022s] -- Install configuration: ""
[1.022s] -- Up-to-date: /home/hiro/rust_ws/src/install/action_msgs/share/ament_index/resource_index/rosidl_interfaces/action_msgs
[1.023s] -- Up-to-date: /home/hiro/rust_ws/src/install/action_msgs/include/action_msgs/action_msgs
[1.023s] -- Up-to-date: /home/hiro/rust_ws/src/install/action_msgs/include/action_msgs/action_msgs/msg
[1.023s] -- Up-to-date: /home/hiro/rust_ws/src/install/action_msgs/include/action_msgs/action_msgs/msg/goal_info.h
[1.023s] -- Up-to-date: /home/hiro/rust_ws/src/install/action_msgs/include/action_msgs/action_msgs/msg/rosidl_generator_c__visibility_control.h
[1.023s] -- Up-to-date: /home/hiro/rust_ws/src/install/action_msgs/include/action_msgs/action_msgs/msg/detail
[1.023s] -- Up-to-date: /home/hiro/rust_ws/src/install/action_msgs/include/action_msgs/action_msgs/msg/detail/goal_status_array__functions.c
[1.023s] -- Up-to-date: /home/hiro/rust_ws/src/install/action_msgs/include/action_msgs/action_msgs/msg/detail/goal_info__struct.h
[1.024s] -- Up-to-date: /home/hiro/rust_ws/src/install/action_msgs/include/action_msgs/action_msgs/msg/detail/goal_info__type_support.h
[1.024s] -- Up-to-date: /home/hiro/rust_ws/src/install/action_msgs/include/action_msgs/action_msgs/msg/detail/goal_info__functions.c
[1.024s] -- Up-to-date: /home/hiro/rust_ws/src/install/action_msgs/include/action_msgs/action_msgs/msg/detail/goal_status__struct.h
[1.025s] -- Up-to-date: /home/hiro/rust_ws/src/install/action_msgs/include/action_msgs/action_msgs/msg/detail/goal_status__type_support.h
[1.025s] -- Up-to-date: /home/hiro/rust_ws/src/install/action_msgs/include/action_msgs/action_msgs/msg/detail/goal_status__functions.h
[1.026s] -- Up-to-date: /home/hiro/rust_ws/src/install/action_msgs/include/action_msgs/action_msgs/msg/detail/goal_status_array__type_support.h
[1.026s] -- Up-to-date: /home/hiro/rust_ws/src/install/action_msgs/include/action_msgs/action_msgs/msg/detail/goal_status_array__struct.h
[1.026s] -- Up-to-date: /home/hiro/rust_ws/src/install/action_msgs/include/action_msgs/action_msgs/msg/detail/goal_status__functions.c
[1.026s] -- Up-to-date: /home/hiro/rust_ws/src/install/action_msgs/include/action_msgs/action_msgs/msg/detail/goal_info__functions.h
[1.026s] -- Up-to-date: /home/hiro/rust_ws/src/install/action_msgs/include/action_msgs/action_msgs/msg/detail/goal_status_array__functions.h
[1.026s] -- Up-to-date: /home/hiro/rust_ws/src/install/action_msgs/include/action_msgs/action_msgs/msg/goal_status_array.h
[1.026s] -- Up-to-date: /home/hiro/rust_ws/src/install/action_msgs/include/action_msgs/action_msgs/msg/goal_status.h
[1.027s] -- Up-to-date: /home/hiro/rust_ws/src/install/action_msgs/include/action_msgs/action_msgs/srv
[1.027s] -- Up-to-date: /home/hiro/rust_ws/src/install/action_msgs/include/action_msgs/action_msgs/srv/cancel_goal.h
[1.027s] -- Up-to-date: /home/hiro/rust_ws/src/install/action_msgs/include/action_msgs/action_msgs/srv/detail
[1.027s] -- Up-to-date: /home/hiro/rust_ws/src/install/action_msgs/include/action_msgs/action_msgs/srv/detail/cancel_goal__functions.h
[1.027s] -- Up-to-date: /home/hiro/rust_ws/src/install/action_msgs/include/action_msgs/action_msgs/srv/detail/cancel_goal__functions.c
[1.027s] -- Up-to-date: /home/hiro/rust_ws/src/install/action_msgs/include/action_msgs/action_msgs/srv/detail/cancel_goal__struct.h
[1.028s] -- Up-to-date: /home/hiro/rust_ws/src/install/action_msgs/include/action_msgs/action_msgs/srv/detail/cancel_goal__type_support.h
[1.028s] -- Up-to-date: /home/hiro/rust_ws/src/install/action_msgs/share/action_msgs/environment/library_path.sh
[1.028s] -- Up-to-date: /home/hiro/rust_ws/src/install/action_msgs/share/action_msgs/environment/library_path.dsv
[1.028s] -- Up-to-date: /home/hiro/rust_ws/src/install/action_msgs/lib/libaction_msgs__rosidl_generator_c.so
[1.029s] -- Up-to-date: /home/hiro/rust_ws/src/install/action_msgs/include/action_msgs/action_msgs
[1.029s] -- Up-to-date: /home/hiro/rust_ws/src/install/action_msgs/include/action_msgs/action_msgs/msg
[1.029s] -- Up-to-date: /home/hiro/rust_ws/src/install/action_msgs/include/action_msgs/action_msgs/msg/detail
[1.029s] -- Up-to-date: /home/hiro/rust_ws/src/install/action_msgs/include/action_msgs/action_msgs/msg/detail/goal_status__rosidl_typesupport_fastrtps_c.h
[1.029s] -- Up-to-date: /home/hiro/rust_ws/src/install/action_msgs/include/action_msgs/action_msgs/msg/detail/goal_info__rosidl_typesupport_fastrtps_c.h
[1.029s] -- Up-to-date: /home/hiro/rust_ws/src/install/action_msgs/include/action_msgs/action_msgs/msg/detail/goal_status_array__rosidl_typesupport_fastrtps_c.h
[1.029s] -- Up-to-date: /home/hiro/rust_ws/src/install/action_msgs/include/action_msgs/action_msgs/msg/rosidl_typesupport_fastrtps_c__visibility_control.h
[1.030s] -- Up-to-date: /home/hiro/rust_ws/src/install/action_msgs/include/action_msgs/action_msgs/srv
[1.030s] -- Up-to-date: /home/hiro/rust_ws/src/install/action_msgs/include/action_msgs/action_msgs/srv/detail
[1.030s] -- Up-to-date: /home/hiro/rust_ws/src/install/action_msgs/include/action_msgs/action_msgs/srv/detail/cancel_goal__rosidl_typesupport_fastrtps_c.h
[1.030s] -- Up-to-date: /home/hiro/rust_ws/src/install/action_msgs/lib/libaction_msgs__rosidl_typesupport_fastrtps_c.so
[1.030s] -- Up-to-date: /home/hiro/rust_ws/src/install/action_msgs/include/action_msgs/action_msgs
[1.030s] -- Up-to-date: /home/hiro/rust_ws/src/install/action_msgs/include/action_msgs/action_msgs/msg
[1.030s] -- Up-to-date: /home/hiro/rust_ws/src/install/action_msgs/include/action_msgs/action_msgs/msg/goal_status.hpp
[1.031s] -- Up-to-date: /home/hiro/rust_ws/src/install/action_msgs/include/action_msgs/action_msgs/msg/detail
[1.031s] -- Up-to-date: /home/hiro/rust_ws/src/install/action_msgs/include/action_msgs/action_msgs/msg/detail/goal_status__traits.hpp
[1.031s] -- Up-to-date: /home/hiro/rust_ws/src/install/action_msgs/include/action_msgs/action_msgs/msg/detail/goal_status__struct.hpp
[1.031s] -- Up-to-date: /home/hiro/rust_ws/src/install/action_msgs/include/action_msgs/action_msgs/msg/detail/goal_info__struct.hpp
[1.031s] -- Up-to-date: /home/hiro/rust_ws/src/install/action_msgs/include/action_msgs/action_msgs/msg/detail/goal_status__builder.hpp
[1.032s] -- Up-to-date: /home/hiro/rust_ws/src/install/action_msgs/include/action_msgs/action_msgs/msg/detail/goal_status_array__struct.hpp
[1.032s] -- Up-to-date: /home/hiro/rust_ws/src/install/action_msgs/include/action_msgs/action_msgs/msg/detail/goal_info__builder.hpp
[1.032s] -- Up-to-date: /home/hiro/rust_ws/src/install/action_msgs/include/action_msgs/action_msgs/msg/detail/goal_info__traits.hpp
[1.033s] -- Up-to-date: /home/hiro/rust_ws/src/install/action_msgs/include/action_msgs/action_msgs/msg/detail/goal_status_array__builder.hpp
[1.033s] -- Up-to-date: /home/hiro/rust_ws/src/install/action_msgs/include/action_msgs/action_msgs/msg/detail/goal_status_array__traits.hpp
[1.034s] -- Up-to-date: /home/hiro/rust_ws/src/install/action_msgs/include/action_msgs/action_msgs/msg/goal_info.hpp
[1.034s] -- Up-to-date: /home/hiro/rust_ws/src/install/action_msgs/include/action_msgs/action_msgs/msg/goal_status_array.hpp
[1.034s] -- Up-to-date: /home/hiro/rust_ws/src/install/action_msgs/include/action_msgs/action_msgs/srv
[1.034s] -- Up-to-date: /home/hiro/rust_ws/src/install/action_msgs/include/action_msgs/action_msgs/srv/cancel_goal.hpp
[1.034s] -- Up-to-date: /home/hiro/rust_ws/src/install/action_msgs/include/action_msgs/action_msgs/srv/detail
[1.035s] -- Up-to-date: /home/hiro/rust_ws/src/install/action_msgs/include/action_msgs/action_msgs/srv/detail/cancel_goal__struct.hpp
[1.035s] -- Up-to-date: /home/hiro/rust_ws/src/install/action_msgs/include/action_msgs/action_msgs/srv/detail/cancel_goal__traits.hpp
[1.035s] -- Up-to-date: /home/hiro/rust_ws/src/install/action_msgs/include/action_msgs/action_msgs/srv/detail/cancel_goal__builder.hpp
[1.035s] -- Up-to-date: /home/hiro/rust_ws/src/install/action_msgs/include/action_msgs/action_msgs
[1.035s] -- Up-to-date: /home/hiro/rust_ws/src/install/action_msgs/include/action_msgs/action_msgs/msg
[1.035s] -- Up-to-date: /home/hiro/rust_ws/src/install/action_msgs/include/action_msgs/action_msgs/msg/rosidl_typesupport_fastrtps_cpp__visibility_control.h
[1.035s] -- Up-to-date: /home/hiro/rust_ws/src/install/action_msgs/include/action_msgs/action_msgs/msg/detail
[1.036s] -- Up-to-date: /home/hiro/rust_ws/src/install/action_msgs/include/action_msgs/action_msgs/msg/detail/goal_status__rosidl_typesupport_fastrtps_cpp.hpp
[1.036s] -- Up-to-date: /home/hiro/rust_ws/src/install/action_msgs/include/action_msgs/action_msgs/msg/detail/dds_fastrtps
[1.036s] -- Up-to-date: /home/hiro/rust_ws/src/install/action_msgs/include/action_msgs/action_msgs/msg/detail/goal_status_array__rosidl_typesupport_fastrtps_cpp.hpp
[1.036s] -- Up-to-date: /home/hiro/rust_ws/src/install/action_msgs/include/action_msgs/action_msgs/msg/detail/goal_info__rosidl_typesupport_fastrtps_cpp.hpp
[1.036s] -- Up-to-date: /home/hiro/rust_ws/src/install/action_msgs/include/action_msgs/action_msgs/srv
[1.036s] -- Up-to-date: /home/hiro/rust_ws/src/install/action_msgs/include/action_msgs/action_msgs/srv/detail
[1.036s] -- Up-to-date: /home/hiro/rust_ws/src/install/action_msgs/include/action_msgs/action_msgs/srv/detail/dds_fastrtps
[1.036s] -- Up-to-date: /home/hiro/rust_ws/src/install/action_msgs/include/action_msgs/action_msgs/srv/detail/cancel_goal__rosidl_typesupport_fastrtps_cpp.hpp
[1.037s] -- Up-to-date: /home/hiro/rust_ws/src/install/action_msgs/lib/libaction_msgs__rosidl_typesupport_fastrtps_cpp.so
[1.037s] -- Up-to-date: /home/hiro/rust_ws/src/install/action_msgs/include/action_msgs/action_msgs
[1.037s] -- Up-to-date: /home/hiro/rust_ws/src/install/action_msgs/include/action_msgs/action_msgs/msg
[1.037s] -- Up-to-date: /home/hiro/rust_ws/src/install/action_msgs/include/action_msgs/action_msgs/msg/rosidl_typesupport_introspection_c__visibility_control.h
[1.038s] -- Up-to-date: /home/hiro/rust_ws/src/install/action_msgs/include/action_msgs/action_msgs/msg/detail
[1.038s] -- Up-to-date: /home/hiro/rust_ws/src/install/action_msgs/include/action_msgs/action_msgs/msg/detail/goal_status_array__type_support.c
[1.038s] -- Up-to-date: /home/hiro/rust_ws/src/install/action_msgs/include/action_msgs/action_msgs/msg/detail/goal_info__rosidl_typesupport_introspection_c.h
[1.038s] -- Up-to-date: /home/hiro/rust_ws/src/install/action_msgs/include/action_msgs/action_msgs/msg/detail/goal_status__type_support.c
[1.039s] -- Up-to-date: /home/hiro/rust_ws/src/install/action_msgs/include/action_msgs/action_msgs/msg/detail/goal_status__rosidl_typesupport_introspection_c.h
[1.040s] -- Up-to-date: /home/hiro/rust_ws/src/install/action_msgs/include/action_msgs/action_msgs/msg/detail/goal_status_array__rosidl_typesupport_introspection_c.h
[1.041s] -- Up-to-date: /home/hiro/rust_ws/src/install/action_msgs/include/action_msgs/action_msgs/msg/detail/goal_info__type_support.c
[1.041s] -- Up-to-date: /home/hiro/rust_ws/src/install/action_msgs/include/action_msgs/action_msgs/srv
[1.041s] -- Up-to-date: /home/hiro/rust_ws/src/install/action_msgs/include/action_msgs/action_msgs/srv/detail
[1.041s] -- Up-to-date: /home/hiro/rust_ws/src/install/action_msgs/include/action_msgs/action_msgs/srv/detail/cancel_goal__type_support.c
[1.041s] -- Up-to-date: /home/hiro/rust_ws/src/install/action_msgs/include/action_msgs/action_msgs/srv/detail/cancel_goal__rosidl_typesupport_introspection_c.h
[1.042s] -- Up-to-date: /home/hiro/rust_ws/src/install/action_msgs/lib/libaction_msgs__rosidl_typesupport_introspection_c.so
[1.042s] -- Up-to-date: /home/hiro/rust_ws/src/install/action_msgs/lib/libaction_msgs__rosidl_typesupport_c.so
[1.042s] -- Up-to-date: /home/hiro/rust_ws/src/install/action_msgs/include/action_msgs/action_msgs
[1.042s] -- Up-to-date: /home/hiro/rust_ws/src/install/action_msgs/include/action_msgs/action_msgs/msg
[1.042s] -- Up-to-date: /home/hiro/rust_ws/src/install/action_msgs/include/action_msgs/action_msgs/msg/detail
[1.042s] -- Up-to-date: /home/hiro/rust_ws/src/install/action_msgs/include/action_msgs/action_msgs/msg/detail/goal_info__type_support.cpp
[1.043s] -- Up-to-date: /home/hiro/rust_ws/src/install/action_msgs/include/action_msgs/action_msgs/msg/detail/goal_status__type_support.cpp
[1.043s] -- Up-to-date: /home/hiro/rust_ws/src/install/action_msgs/include/action_msgs/action_msgs/msg/detail/goal_info__rosidl_typesupport_introspection_cpp.hpp
[1.043s] -- Up-to-date: /home/hiro/rust_ws/src/install/action_msgs/include/action_msgs/action_msgs/msg/detail/goal_status__rosidl_typesupport_introspection_cpp.hpp
[1.044s] -- Up-to-date: /home/hiro/rust_ws/src/install/action_msgs/include/action_msgs/action_msgs/msg/detail/goal_status_array__type_support.cpp
[1.044s] -- Up-to-date: /home/hiro/rust_ws/src/install/action_msgs/include/action_msgs/action_msgs/msg/detail/goal_status_array__rosidl_typesupport_introspection_cpp.hpp
[1.044s] -- Up-to-date: /home/hiro/rust_ws/src/install/action_msgs/include/action_msgs/action_msgs/srv
[1.044s] -- Up-to-date: /home/hiro/rust_ws/src/install/action_msgs/include/action_msgs/action_msgs/srv/detail
[1.044s] -- Up-to-date: /home/hiro/rust_ws/src/install/action_msgs/include/action_msgs/action_msgs/srv/detail/cancel_goal__type_support.cpp
[1.044s] -- Up-to-date: /home/hiro/rust_ws/src/install/action_msgs/include/action_msgs/action_msgs/srv/detail/cancel_goal__rosidl_typesupport_introspection_cpp.hpp
[1.044s] -- Up-to-date: /home/hiro/rust_ws/src/install/action_msgs/lib/libaction_msgs__rosidl_typesupport_introspection_cpp.so
[1.045s] -- Up-to-date: /home/hiro/rust_ws/src/install/action_msgs/lib/libaction_msgs__rosidl_typesupport_cpp.so
[1.045s] -- Up-to-date: /home/hiro/rust_ws/src/install/action_msgs/share/ament_index/resource_index/rust_packages/action_msgs
[1.045s] -- Up-to-date: /home/hiro/rust_ws/src/install/action_msgs/share/action_msgs/rust
[1.045s] -- Up-to-date: /home/hiro/rust_ws/src/install/action_msgs/share/action_msgs/rust/Cargo.toml
[1.045s] -- Up-to-date: /home/hiro/rust_ws/src/install/action_msgs/share/action_msgs/rust/build.rs
[1.045s] -- Up-to-date: /home/hiro/rust_ws/src/install/action_msgs/share/action_msgs/rust/src
[1.046s] -- Up-to-date: /home/hiro/rust_ws/src/install/action_msgs/share/action_msgs/rust/src/msg.rs
[1.046s] -- Up-to-date: /home/hiro/rust_ws/src/install/action_msgs/share/action_msgs/rust/src/srv.rs
[1.046s] -- Up-to-date: /home/hiro/rust_ws/src/install/action_msgs/share/action_msgs/rust/src/lib.rs
[1.046s] -- Up-to-date: /home/hiro/rust_ws/src/install/action_msgs/share/action_msgs/environment/pythonpath.sh
[1.046s] -- Up-to-date: /home/hiro/rust_ws/src/install/action_msgs/share/action_msgs/environment/pythonpath.dsv
[1.046s] -- Up-to-date: /home/hiro/rust_ws/src/install/action_msgs/local/lib/python3.10/dist-packages/action_msgs-1.2.1-py3.10.egg-info
[1.046s] -- Installing: /home/hiro/rust_ws/src/install/action_msgs/local/lib/python3.10/dist-packages/action_msgs-1.2.1-py3.10.egg-info/top_level.txt
[1.047s] -- Installing: /home/hiro/rust_ws/src/install/action_msgs/local/lib/python3.10/dist-packages/action_msgs-1.2.1-py3.10.egg-info/PKG-INFO
[1.047s] -- Installing: /home/hiro/rust_ws/src/install/action_msgs/local/lib/python3.10/dist-packages/action_msgs-1.2.1-py3.10.egg-info/SOURCES.txt
[1.048s] -- Installing: /home/hiro/rust_ws/src/install/action_msgs/local/lib/python3.10/dist-packages/action_msgs-1.2.1-py3.10.egg-info/dependency_links.txt
[1.048s] -- Up-to-date: /home/hiro/rust_ws/src/install/action_msgs/local/lib/python3.10/dist-packages/action_msgs
[1.048s] -- Up-to-date: /home/hiro/rust_ws/src/install/action_msgs/local/lib/python3.10/dist-packages/action_msgs/_action_msgs_s.ep.rosidl_typesupport_c.c
[1.049s] -- Up-to-date: /home/hiro/rust_ws/src/install/action_msgs/local/lib/python3.10/dist-packages/action_msgs/action_msgs_s__rosidl_typesupport_c.cpython-310-x86_64-linux-gnu.so
[1.049s] -- Up-to-date: /home/hiro/rust_ws/src/install/action_msgs/local/lib/python3.10/dist-packages/action_msgs/libaction_msgs__rosidl_generator_py.so
[1.049s] -- Up-to-date: /home/hiro/rust_ws/src/install/action_msgs/local/lib/python3.10/dist-packages/action_msgs/__init__.py
[1.049s] -- Up-to-date: /home/hiro/rust_ws/src/install/action_msgs/local/lib/python3.10/dist-packages/action_msgs/action_msgs_s__rosidl_typesupport_introspection_c.cpython-310-x86_64-linux-gnu.so
[1.050s] -- Up-to-date: /home/hiro/rust_ws/src/install/action_msgs/local/lib/python3.10/dist-packages/action_msgs/_action_msgs_s.ep.rosidl_typesupport_introspection_c.c
[1.050s] -- Up-to-date: /home/hiro/rust_ws/src/install/action_msgs/local/lib/python3.10/dist-packages/action_msgs/msg
[1.050s] -- Up-to-date: /home/hiro/rust_ws/src/install/action_msgs/local/lib/python3.10/dist-packages/action_msgs/msg/_goal_status.py
[1.050s] -- Up-to-date: /home/hiro/rust_ws/src/install/action_msgs/local/lib/python3.10/dist-packages/action_msgs/msg/_goal_info_s.c
[1.050s] -- Up-to-date: /home/hiro/rust_ws/src/install/action_msgs/local/lib/python3.10/dist-packages/action_msgs/msg/_goal_info.py
[1.050s] -- Up-to-date: /home/hiro/rust_ws/src/install/action_msgs/local/lib/python3.10/dist-packages/action_msgs/msg/__init__.py
[1.050s] -- Up-to-date: /home/hiro/rust_ws/src/install/action_msgs/local/lib/python3.10/dist-packages/action_msgs/msg/_goal_status_s.c
[1.051s] -- Up-to-date: /home/hiro/rust_ws/src/install/action_msgs/local/lib/python3.10/dist-packages/action_msgs/msg/_goal_status_array_s.c
[1.051s] -- Up-to-date: /home/hiro/rust_ws/src/install/action_msgs/local/lib/python3.10/dist-packages/action_msgs/msg/_goal_status_array.py
[1.051s] -- Up-to-date: /home/hiro/rust_ws/src/install/action_msgs/local/lib/python3.10/dist-packages/action_msgs/srv
[1.051s] -- Up-to-date: /home/hiro/rust_ws/src/install/action_msgs/local/lib/python3.10/dist-packages/action_msgs/srv/_cancel_goal_s.c
[1.052s] -- Up-to-date: /home/hiro/rust_ws/src/install/action_msgs/local/lib/python3.10/dist-packages/action_msgs/srv/__init__.py
[1.052s] -- Up-to-date: /home/hiro/rust_ws/src/install/action_msgs/local/lib/python3.10/dist-packages/action_msgs/srv/_cancel_goal.py
[1.052s] -- Up-to-date: /home/hiro/rust_ws/src/install/action_msgs/local/lib/python3.10/dist-packages/action_msgs/action_msgs_s__rosidl_typesupport_fastrtps_c.cpython-310-x86_64-linux-gnu.so
[1.052s] -- Up-to-date: /home/hiro/rust_ws/src/install/action_msgs/local/lib/python3.10/dist-packages/action_msgs/_action_msgs_s.ep.rosidl_typesupport_fastrtps_c.c
[1.055s] Listing '/home/hiro/rust_ws/src/install/action_msgs/local/lib/python3.10/dist-packages/action_msgs'...
[1.056s] Listing '/home/hiro/rust_ws/src/install/action_msgs/local/lib/python3.10/dist-packages/action_msgs/msg'...
[1.056s] Listing '/home/hiro/rust_ws/src/install/action_msgs/local/lib/python3.10/dist-packages/action_msgs/srv'...
[1.061s] -- Up-to-date: /home/hiro/rust_ws/src/install/action_msgs/local/lib/python3.10/dist-packages/action_msgs/action_msgs_s__rosidl_typesupport_fastrtps_c.cpython-310-x86_64-linux-gnu.so
[1.061s] -- Up-to-date: /home/hiro/rust_ws/src/install/action_msgs/local/lib/python3.10/dist-packages/action_msgs/action_msgs_s__rosidl_typesupport_introspection_c.cpython-310-x86_64-linux-gnu.so
[1.061s] -- Up-to-date: /home/hiro/rust_ws/src/install/action_msgs/local/lib/python3.10/dist-packages/action_msgs/action_msgs_s__rosidl_typesupport_c.cpython-310-x86_64-linux-gnu.so
[1.062s] -- Up-to-date: /home/hiro/rust_ws/src/install/action_msgs/lib/libaction_msgs__rosidl_generator_py.so
[1.062s] -- Up-to-date: /home/hiro/rust_ws/src/install/action_msgs/share/action_msgs/msg/GoalInfo.idl
[1.063s] -- Up-to-date: /home/hiro/rust_ws/src/install/action_msgs/share/action_msgs/msg/GoalStatus.idl
[1.063s] -- Up-to-date: /home/hiro/rust_ws/src/install/action_msgs/share/action_msgs/msg/GoalStatusArray.idl
[1.063s] -- Up-to-date: /home/hiro/rust_ws/src/install/action_msgs/share/action_msgs/srv/CancelGoal.idl
[1.064s] -- Up-to-date: /home/hiro/rust_ws/src/install/action_msgs/share/action_msgs/msg/GoalInfo.msg
[1.065s] -- Up-to-date: /home/hiro/rust_ws/src/install/action_msgs/share/action_msgs/msg/GoalStatus.msg
[1.065s] -- Up-to-date: /home/hiro/rust_ws/src/install/action_msgs/share/action_msgs/msg/GoalStatusArray.msg
[1.067s] -- Up-to-date: /home/hiro/rust_ws/src/install/action_msgs/share/action_msgs/srv/CancelGoal.srv
[1.068s] -- Up-to-date: /home/hiro/rust_ws/src/install/action_msgs/share/action_msgs/srv/CancelGoal_Request.msg
[1.068s] -- Up-to-date: /home/hiro/rust_ws/src/install/action_msgs/share/action_msgs/srv/CancelGoal_Response.msg
[1.068s] -- Up-to-date: /home/hiro/rust_ws/src/install/action_msgs/share/ament_index/resource_index/package_run_dependencies/action_msgs
[1.068s] -- Up-to-date: /home/hiro/rust_ws/src/install/action_msgs/share/ament_index/resource_index/parent_prefix_path/action_msgs
[1.068s] -- Up-to-date: /home/hiro/rust_ws/src/install/action_msgs/share/action_msgs/environment/ament_prefix_path.sh
[1.068s] -- Up-to-date: /home/hiro/rust_ws/src/install/action_msgs/share/action_msgs/environment/ament_prefix_path.dsv
[1.068s] -- Up-to-date: /home/hiro/rust_ws/src/install/action_msgs/share/action_msgs/environment/path.sh
[1.069s] -- Up-to-date: /home/hiro/rust_ws/src/install/action_msgs/share/action_msgs/environment/path.dsv
[1.069s] -- Up-to-date: /home/hiro/rust_ws/src/install/action_msgs/share/action_msgs/local_setup.bash
[1.069s] -- Up-to-date: /home/hiro/rust_ws/src/install/action_msgs/share/action_msgs/local_setup.sh
[1.069s] -- Up-to-date: /home/hiro/rust_ws/src/install/action_msgs/share/action_msgs/local_setup.zsh
[1.069s] -- Up-to-date: /home/hiro/rust_ws/src/install/action_msgs/share/action_msgs/local_setup.dsv
[1.069s] -- Installing: /home/hiro/rust_ws/src/install/action_msgs/share/action_msgs/package.dsv
[1.069s] -- Up-to-date: /home/hiro/rust_ws/src/install/action_msgs/share/ament_index/resource_index/packages/action_msgs
[1.069s] -- Up-to-date: /home/hiro/rust_ws/src/install/action_msgs/share/action_msgs/cmake/export_action_msgs__rosidl_generator_cExport.cmake
[1.069s] -- Up-to-date: /home/hiro/rust_ws/src/install/action_msgs/share/action_msgs/cmake/export_action_msgs__rosidl_generator_cExport-noconfig.cmake
[1.070s] -- Up-to-date: /home/hiro/rust_ws/src/install/action_msgs/share/action_msgs/cmake/export_action_msgs__rosidl_typesupport_fastrtps_cExport.cmake
[1.070s] -- Up-to-date: /home/hiro/rust_ws/src/install/action_msgs/share/action_msgs/cmake/export_action_msgs__rosidl_typesupport_fastrtps_cExport-noconfig.cmake
[1.070s] -- Up-to-date: /home/hiro/rust_ws/src/install/action_msgs/share/action_msgs/cmake/export_action_msgs__rosidl_generator_cppExport.cmake
[1.070s] -- Up-to-date: /home/hiro/rust_ws/src/install/action_msgs/share/action_msgs/cmake/export_action_msgs__rosidl_typesupport_fastrtps_cppExport.cmake
[1.070s] -- Up-to-date: /home/hiro/rust_ws/src/install/action_msgs/share/action_msgs/cmake/export_action_msgs__rosidl_typesupport_fastrtps_cppExport-noconfig.cmake
[1.070s] -- Up-to-date: /home/hiro/rust_ws/src/install/action_msgs/share/action_msgs/cmake/action_msgs__rosidl_typesupport_introspection_cExport.cmake
[1.070s] -- Up-to-date: /home/hiro/rust_ws/src/install/action_msgs/share/action_msgs/cmake/action_msgs__rosidl_typesupport_introspection_cExport-noconfig.cmake
[1.070s] -- Up-to-date: /home/hiro/rust_ws/src/install/action_msgs/share/action_msgs/cmake/action_msgs__rosidl_typesupport_cExport.cmake
[1.071s] -- Up-to-date: /home/hiro/rust_ws/src/install/action_msgs/share/action_msgs/cmake/action_msgs__rosidl_typesupport_cExport-noconfig.cmake
[1.071s] -- Up-to-date: /home/hiro/rust_ws/src/install/action_msgs/share/action_msgs/cmake/action_msgs__rosidl_typesupport_introspection_cppExport.cmake
[1.071s] -- Up-to-date: /home/hiro/rust_ws/src/install/action_msgs/share/action_msgs/cmake/action_msgs__rosidl_typesupport_introspection_cppExport-noconfig.cmake
[1.071s] -- Up-to-date: /home/hiro/rust_ws/src/install/action_msgs/share/action_msgs/cmake/action_msgs__rosidl_typesupport_cppExport.cmake
[1.071s] -- Up-to-date: /home/hiro/rust_ws/src/install/action_msgs/share/action_msgs/cmake/action_msgs__rosidl_typesupport_cppExport-noconfig.cmake
[1.071s] -- Up-to-date: /home/hiro/rust_ws/src/install/action_msgs/share/action_msgs/cmake/export_action_msgs__rosidl_generator_pyExport.cmake
[1.071s] -- Up-to-date: /home/hiro/rust_ws/src/install/action_msgs/share/action_msgs/cmake/export_action_msgs__rosidl_generator_pyExport-noconfig.cmake
[1.072s] -- Up-to-date: /home/hiro/rust_ws/src/install/action_msgs/share/action_msgs/cmake/rosidl_cmake-extras.cmake
[1.072s] -- Up-to-date: /home/hiro/rust_ws/src/install/action_msgs/share/action_msgs/cmake/ament_cmake_export_dependencies-extras.cmake
[1.072s] -- Up-to-date: /home/hiro/rust_ws/src/install/action_msgs/share/action_msgs/cmake/ament_cmake_export_include_directories-extras.cmake
[1.072s] -- Up-to-date: /home/hiro/rust_ws/src/install/action_msgs/share/action_msgs/cmake/ament_cmake_export_libraries-extras.cmake
[1.072s] -- Up-to-date: /home/hiro/rust_ws/src/install/action_msgs/share/action_msgs/cmake/ament_cmake_export_targets-extras.cmake
[1.072s] -- Up-to-date: /home/hiro/rust_ws/src/install/action_msgs/share/action_msgs/cmake/rosidl_cmake_export_typesupport_targets-extras.cmake
[1.072s] -- Up-to-date: /home/hiro/rust_ws/src/install/action_msgs/share/action_msgs/cmake/rosidl_cmake_export_typesupport_libraries-extras.cmake
[1.073s] -- Up-to-date: /home/hiro/rust_ws/src/install/action_msgs/share/action_msgs/cmake/action_msgsConfig.cmake
[1.073s] -- Up-to-date: /home/hiro/rust_ws/src/install/action_msgs/share/action_msgs/cmake/action_msgsConfig-version.cmake
[1.073s] -- Up-to-date: /home/hiro/rust_ws/src/install/action_msgs/share/action_msgs/package.xml
[1.084s] Invoked command in '/home/hiro/rust_ws/src/build/action_msgs' returned '0': AMENT_PREFIX_PATH=/home/hiro/rust_ws/src/install/unique_identifier_msgs:/home/hiro/rust_ws/src/install/builtin_interfaces:/home/hiro/rust_ws/src/install/rosidl_default_runtime:/home/hiro/rust_ws/src/install/rosidl_default_generators:/home/hiro/rust_ws/src/install/rosidl_generator_rs:/home/hiro/rust_ws/src/install/rosidl_runtime_rs:${AMENT_PREFIX_PATH} CMAKE_PREFIX_PATH=/home/hiro/rust_ws/src/install/unique_identifier_msgs:/home/hiro/rust_ws/src/install/builtin_interfaces:/home/hiro/rust_ws/src/install/rosidl_default_runtime:/home/hiro/rust_ws/src/install/rosidl_default_generators:/home/hiro/rust_ws/src/install/rosidl_generator_rs:/home/hiro/ws_livox/install/livox_ros_driver2:/opt/ros/humble LD_LIBRARY_PATH=/home/hiro/rust_ws/src/install/unique_identifier_msgs/lib:/home/hiro/rust_ws/src/install/builtin_interfaces/lib:${LD_LIBRARY_PATH} PYTHONPATH=/home/hiro/rust_ws/src/install/unique_identifier_msgs/local/lib/python3.10/dist-packages:/home/hiro/rust_ws/src/install/builtin_interfaces/local/lib/python3.10/dist-packages:/home/hiro/rust_ws/src/install/rosidl_generator_rs/local/lib/python3.10/dist-packages:${PYTHONPATH} /usr/bin/cmake --install /home/hiro/rust_ws/src/build/action_msgs
