[0.154s] Invoking command in '/home/hiro/rust_ws/build/builtin_interfaces': AMENT_PREFIX_PATH=/home/hiro/rust_ws/install/rosidl_runtime_rs:/home/hiro/rust_ws/install/common_interfaces:/home/hiro/rust_ws/install/visualization_msgs:/home/hiro/rust_ws/install/test_msgs:/home/hiro/rust_ws/install/examples_rclrs_minimal_client_service:/home/hiro/rust_ws/install/example_interfaces:/home/hiro/rust_ws/install/action_msgs:/home/hiro/rust_ws/install/unique_identifier_msgs:/home/hiro/rust_ws/install/trajectory_msgs:/home/hiro/rust_ws/install/test_interface_files:/home/hiro/rust_ws/install/stereo_msgs:/home/hiro/rust_ws/install/std_srvs:/home/hiro/rust_ws/install/shape_msgs:/home/hiro/rust_ws/install/sensor_msgs_py:/home/hiro/rust_ws/install/sensor_msgs:/home/hiro/rust_ws/install/rust_pubsub:/home/hiro/rust_ws/install/nav_msgs:/home/hiro/rust_ws/install/diagnostic_msgs:/home/hiro/rust_ws/install/geometry_msgs:/home/hiro/rust_ws/install/examples_rclrs_minimal_pub_sub:/home/hiro/rust_ws/install/actionlib_msgs:/home/hiro/rust_ws/install/std_msgs:/home/hiro/rust_ws/install/statistics_msgs:/home/hiro/rust_ws/install/examples_rclrs_message_demo:/home/hiro/rust_ws/install/rclrs:/home/hiro/rust_ws/install/rosgraph_msgs:/home/hiro/rust_ws/install/rclrs_example_msgs:/home/hiro/rust_ws/install/composition_interfaces:/home/hiro/rust_ws/install/rcl_interfaces:/home/hiro/rust_ws/install/lifecycle_msgs:/home/hiro/rust_ws/install/builtin_interfaces:/home/hiro/rust_ws/install/rosidl_default_runtime:/home/hiro/rust_ws/install/rosidl_default_generators:/home/hiro/rust_ws/install/rosidl_generator_rs:/home/hiro/ws_livox/install/livox_ros_driver2:/opt/ros/humble CMAKE_PREFIX_PATH=/home/hiro/rust_ws/install/rosidl_default_runtime:/home/hiro/rust_ws/install/rosidl_default_generators:/home/hiro/rust_ws/install/rosidl_generator_rs:/home/hiro/rust_ws/install/common_interfaces:/home/hiro/rust_ws/install/visualization_msgs:/home/hiro/rust_ws/install/test_msgs:/home/hiro/rust_ws/install/example_interfaces:/home/hiro/rust_ws/install/action_msgs:/home/hiro/rust_ws/install/unique_identifier_msgs:/home/hiro/rust_ws/install/trajectory_msgs:/home/hiro/rust_ws/install/test_interface_files:/home/hiro/rust_ws/install/stereo_msgs:/home/hiro/rust_ws/install/std_srvs:/home/hiro/rust_ws/install/shape_msgs:/home/hiro/rust_ws/install/sensor_msgs:/home/hiro/rust_ws/install/nav_msgs:/home/hiro/rust_ws/install/diagnostic_msgs:/home/hiro/rust_ws/install/geometry_msgs:/home/hiro/rust_ws/install/actionlib_msgs:/home/hiro/rust_ws/install/std_msgs:/home/hiro/rust_ws/install/statistics_msgs:/home/hiro/rust_ws/install/rosgraph_msgs:/home/hiro/rust_ws/install/rclrs_example_msgs:/home/hiro/rust_ws/install/composition_interfaces:/home/hiro/rust_ws/install/rcl_interfaces:/home/hiro/rust_ws/install/lifecycle_msgs:/home/hiro/rust_ws/install/builtin_interfaces:/home/hiro/ws_livox/install/livox_ros_driver2:/home/hiro/rust_ws/install/examples_rclrs_minimal_client_service:/home/hiro/rust_ws/install/sensor_msgs_py:/home/hiro/rust_ws/install/rust_pubsub:/home/hiro/rust_ws/install/examples_rclrs_minimal_pub_sub:/home/hiro/rust_ws/install/examples_rclrs_message_demo:/home/hiro/rust_ws/install/rclrs:/home/hiro/rust_ws/install/rosidl_runtime_rs:/opt/ros/humble /usr/bin/cmake --build /home/hiro/rust_ws/build/builtin_interfaces -- -j22 -l22
[0.202s] [  2%] Built target builtin_interfaces__cpp
[0.202s] [  5%] Built target builtin_interfaces__rs
[0.203s] [ 15%] Built target builtin_interfaces__rosidl_generator_c
[0.203s] [ 15%] Built target ament_cmake_python_copy_builtin_interfaces
[0.228s] [ 25%] Built target builtin_interfaces__rosidl_typesupport_fastrtps_cpp
[0.228s] [ 35%] Built target builtin_interfaces__rosidl_typesupport_introspection_cpp
[0.231s] [ 45%] Built target builtin_interfaces__rosidl_typesupport_introspection_c
[0.231s] [ 55%] Built target builtin_interfaces__rosidl_typesupport_cpp
[0.233s] [ 65%] Built target builtin_interfaces__rosidl_typesupport_fastrtps_c
[0.237s] [ 75%] Built target builtin_interfaces__rosidl_typesupport_c
[0.258s] [ 75%] Built target builtin_interfaces
[0.281s] [ 77%] Built target builtin_interfaces__py
[0.299s] [ 85%] Built target builtin_interfaces__rosidl_generator_py
[0.322s] [ 90%] Built target builtin_interfaces__rosidl_typesupport_fastrtps_c__pyext
[0.323s] [ 95%] Built target builtin_interfaces__rosidl_typesupport_c__pyext
[0.323s] [100%] Built target builtin_interfaces__rosidl_typesupport_introspection_c__pyext
[0.589s] running egg_info
[0.606s] writing builtin_interfaces.egg-info/PKG-INFO
[0.606s] writing dependency_links to builtin_interfaces.egg-info/dependency_links.txt
[0.606s] writing top-level names to builtin_interfaces.egg-info/top_level.txt
[0.648s] reading manifest file 'builtin_interfaces.egg-info/SOURCES.txt'
[0.649s] writing manifest file 'builtin_interfaces.egg-info/SOURCES.txt'
[0.695s] [100%] Built target ament_cmake_python_build_builtin_interfaces_egg
[0.705s] Invoked command in '/home/hiro/rust_ws/build/builtin_interfaces' returned '0': AMENT_PREFIX_PATH=/home/hiro/rust_ws/install/rosidl_runtime_rs:/home/hiro/rust_ws/install/common_interfaces:/home/hiro/rust_ws/install/visualization_msgs:/home/hiro/rust_ws/install/test_msgs:/home/hiro/rust_ws/install/examples_rclrs_minimal_client_service:/home/hiro/rust_ws/install/example_interfaces:/home/hiro/rust_ws/install/action_msgs:/home/hiro/rust_ws/install/unique_identifier_msgs:/home/hiro/rust_ws/install/trajectory_msgs:/home/hiro/rust_ws/install/test_interface_files:/home/hiro/rust_ws/install/stereo_msgs:/home/hiro/rust_ws/install/std_srvs:/home/hiro/rust_ws/install/shape_msgs:/home/hiro/rust_ws/install/sensor_msgs_py:/home/hiro/rust_ws/install/sensor_msgs:/home/hiro/rust_ws/install/rust_pubsub:/home/hiro/rust_ws/install/nav_msgs:/home/hiro/rust_ws/install/diagnostic_msgs:/home/hiro/rust_ws/install/geometry_msgs:/home/hiro/rust_ws/install/examples_rclrs_minimal_pub_sub:/home/hiro/rust_ws/install/actionlib_msgs:/home/hiro/rust_ws/install/std_msgs:/home/hiro/rust_ws/install/statistics_msgs:/home/hiro/rust_ws/install/examples_rclrs_message_demo:/home/hiro/rust_ws/install/rclrs:/home/hiro/rust_ws/install/rosgraph_msgs:/home/hiro/rust_ws/install/rclrs_example_msgs:/home/hiro/rust_ws/install/composition_interfaces:/home/hiro/rust_ws/install/rcl_interfaces:/home/hiro/rust_ws/install/lifecycle_msgs:/home/hiro/rust_ws/install/builtin_interfaces:/home/hiro/rust_ws/install/rosidl_default_runtime:/home/hiro/rust_ws/install/rosidl_default_generators:/home/hiro/rust_ws/install/rosidl_generator_rs:/home/hiro/ws_livox/install/livox_ros_driver2:/opt/ros/humble CMAKE_PREFIX_PATH=/home/hiro/rust_ws/install/rosidl_default_runtime:/home/hiro/rust_ws/install/rosidl_default_generators:/home/hiro/rust_ws/install/rosidl_generator_rs:/home/hiro/rust_ws/install/common_interfaces:/home/hiro/rust_ws/install/visualization_msgs:/home/hiro/rust_ws/install/test_msgs:/home/hiro/rust_ws/install/example_interfaces:/home/hiro/rust_ws/install/action_msgs:/home/hiro/rust_ws/install/unique_identifier_msgs:/home/hiro/rust_ws/install/trajectory_msgs:/home/hiro/rust_ws/install/test_interface_files:/home/hiro/rust_ws/install/stereo_msgs:/home/hiro/rust_ws/install/std_srvs:/home/hiro/rust_ws/install/shape_msgs:/home/hiro/rust_ws/install/sensor_msgs:/home/hiro/rust_ws/install/nav_msgs:/home/hiro/rust_ws/install/diagnostic_msgs:/home/hiro/rust_ws/install/geometry_msgs:/home/hiro/rust_ws/install/actionlib_msgs:/home/hiro/rust_ws/install/std_msgs:/home/hiro/rust_ws/install/statistics_msgs:/home/hiro/rust_ws/install/rosgraph_msgs:/home/hiro/rust_ws/install/rclrs_example_msgs:/home/hiro/rust_ws/install/composition_interfaces:/home/hiro/rust_ws/install/rcl_interfaces:/home/hiro/rust_ws/install/lifecycle_msgs:/home/hiro/rust_ws/install/builtin_interfaces:/home/hiro/ws_livox/install/livox_ros_driver2:/home/hiro/rust_ws/install/examples_rclrs_minimal_client_service:/home/hiro/rust_ws/install/sensor_msgs_py:/home/hiro/rust_ws/install/rust_pubsub:/home/hiro/rust_ws/install/examples_rclrs_minimal_pub_sub:/home/hiro/rust_ws/install/examples_rclrs_message_demo:/home/hiro/rust_ws/install/rclrs:/home/hiro/rust_ws/install/rosidl_runtime_rs:/opt/ros/humble /usr/bin/cmake --build /home/hiro/rust_ws/build/builtin_interfaces -- -j22 -l22
[0.800s] Invoking command in '/home/hiro/rust_ws/build/builtin_interfaces': AMENT_PREFIX_PATH=/home/hiro/rust_ws/install/rosidl_runtime_rs:/home/hiro/rust_ws/install/common_interfaces:/home/hiro/rust_ws/install/visualization_msgs:/home/hiro/rust_ws/install/test_msgs:/home/hiro/rust_ws/install/examples_rclrs_minimal_client_service:/home/hiro/rust_ws/install/example_interfaces:/home/hiro/rust_ws/install/action_msgs:/home/hiro/rust_ws/install/unique_identifier_msgs:/home/hiro/rust_ws/install/trajectory_msgs:/home/hiro/rust_ws/install/test_interface_files:/home/hiro/rust_ws/install/stereo_msgs:/home/hiro/rust_ws/install/std_srvs:/home/hiro/rust_ws/install/shape_msgs:/home/hiro/rust_ws/install/sensor_msgs_py:/home/hiro/rust_ws/install/sensor_msgs:/home/hiro/rust_ws/install/rust_pubsub:/home/hiro/rust_ws/install/nav_msgs:/home/hiro/rust_ws/install/diagnostic_msgs:/home/hiro/rust_ws/install/geometry_msgs:/home/hiro/rust_ws/install/examples_rclrs_minimal_pub_sub:/home/hiro/rust_ws/install/actionlib_msgs:/home/hiro/rust_ws/install/std_msgs:/home/hiro/rust_ws/install/statistics_msgs:/home/hiro/rust_ws/install/examples_rclrs_message_demo:/home/hiro/rust_ws/install/rclrs:/home/hiro/rust_ws/install/rosgraph_msgs:/home/hiro/rust_ws/install/rclrs_example_msgs:/home/hiro/rust_ws/install/composition_interfaces:/home/hiro/rust_ws/install/rcl_interfaces:/home/hiro/rust_ws/install/lifecycle_msgs:/home/hiro/rust_ws/install/builtin_interfaces:/home/hiro/rust_ws/install/rosidl_default_runtime:/home/hiro/rust_ws/install/rosidl_default_generators:/home/hiro/rust_ws/install/rosidl_generator_rs:/home/hiro/ws_livox/install/livox_ros_driver2:/opt/ros/humble CMAKE_PREFIX_PATH=/home/hiro/rust_ws/install/rosidl_default_runtime:/home/hiro/rust_ws/install/rosidl_default_generators:/home/hiro/rust_ws/install/rosidl_generator_rs:/home/hiro/rust_ws/install/common_interfaces:/home/hiro/rust_ws/install/visualization_msgs:/home/hiro/rust_ws/install/test_msgs:/home/hiro/rust_ws/install/example_interfaces:/home/hiro/rust_ws/install/action_msgs:/home/hiro/rust_ws/install/unique_identifier_msgs:/home/hiro/rust_ws/install/trajectory_msgs:/home/hiro/rust_ws/install/test_interface_files:/home/hiro/rust_ws/install/stereo_msgs:/home/hiro/rust_ws/install/std_srvs:/home/hiro/rust_ws/install/shape_msgs:/home/hiro/rust_ws/install/sensor_msgs:/home/hiro/rust_ws/install/nav_msgs:/home/hiro/rust_ws/install/diagnostic_msgs:/home/hiro/rust_ws/install/geometry_msgs:/home/hiro/rust_ws/install/actionlib_msgs:/home/hiro/rust_ws/install/std_msgs:/home/hiro/rust_ws/install/statistics_msgs:/home/hiro/rust_ws/install/rosgraph_msgs:/home/hiro/rust_ws/install/rclrs_example_msgs:/home/hiro/rust_ws/install/composition_interfaces:/home/hiro/rust_ws/install/rcl_interfaces:/home/hiro/rust_ws/install/lifecycle_msgs:/home/hiro/rust_ws/install/builtin_interfaces:/home/hiro/ws_livox/install/livox_ros_driver2:/home/hiro/rust_ws/install/examples_rclrs_minimal_client_service:/home/hiro/rust_ws/install/sensor_msgs_py:/home/hiro/rust_ws/install/rust_pubsub:/home/hiro/rust_ws/install/examples_rclrs_minimal_pub_sub:/home/hiro/rust_ws/install/examples_rclrs_message_demo:/home/hiro/rust_ws/install/rclrs:/home/hiro/rust_ws/install/rosidl_runtime_rs:/opt/ros/humble /usr/bin/cmake --install /home/hiro/rust_ws/build/builtin_interfaces
[0.827s] -- Install configuration: ""
[0.830s] -- Up-to-date: /home/hiro/rust_ws/install/builtin_interfaces/share/ament_index/resource_index/rosidl_interfaces/builtin_interfaces
[0.830s] -- Up-to-date: /home/hiro/rust_ws/install/builtin_interfaces/include/builtin_interfaces/builtin_interfaces
[0.830s] -- Up-to-date: /home/hiro/rust_ws/install/builtin_interfaces/include/builtin_interfaces/builtin_interfaces/msg
[0.830s] -- Up-to-date: /home/hiro/rust_ws/install/builtin_interfaces/include/builtin_interfaces/builtin_interfaces/msg/time.h
[0.830s] -- Up-to-date: /home/hiro/rust_ws/install/builtin_interfaces/include/builtin_interfaces/builtin_interfaces/msg/rosidl_generator_c__visibility_control.h
[0.830s] -- Up-to-date: /home/hiro/rust_ws/install/builtin_interfaces/include/builtin_interfaces/builtin_interfaces/msg/detail
[0.830s] -- Up-to-date: /home/hiro/rust_ws/install/builtin_interfaces/include/builtin_interfaces/builtin_interfaces/msg/detail/duration__struct.h
[0.830s] -- Up-to-date: /home/hiro/rust_ws/install/builtin_interfaces/include/builtin_interfaces/builtin_interfaces/msg/detail/duration__functions.h
[0.830s] -- Up-to-date: /home/hiro/rust_ws/install/builtin_interfaces/include/builtin_interfaces/builtin_interfaces/msg/detail/duration__functions.c
[0.830s] -- Up-to-date: /home/hiro/rust_ws/install/builtin_interfaces/include/builtin_interfaces/builtin_interfaces/msg/detail/time__type_support.h
[0.830s] -- Up-to-date: /home/hiro/rust_ws/install/builtin_interfaces/include/builtin_interfaces/builtin_interfaces/msg/detail/time__functions.h
[0.830s] -- Up-to-date: /home/hiro/rust_ws/install/builtin_interfaces/include/builtin_interfaces/builtin_interfaces/msg/detail/time__struct.h
[0.831s] -- Up-to-date: /home/hiro/rust_ws/install/builtin_interfaces/include/builtin_interfaces/builtin_interfaces/msg/detail/duration__type_support.h
[0.831s] -- Up-to-date: /home/hiro/rust_ws/install/builtin_interfaces/include/builtin_interfaces/builtin_interfaces/msg/detail/time__functions.c
[0.831s] -- Up-to-date: /home/hiro/rust_ws/install/builtin_interfaces/include/builtin_interfaces/builtin_interfaces/msg/duration.h
[0.831s] -- Up-to-date: /home/hiro/rust_ws/install/builtin_interfaces/share/builtin_interfaces/environment/library_path.sh
[0.831s] -- Up-to-date: /home/hiro/rust_ws/install/builtin_interfaces/share/builtin_interfaces/environment/library_path.dsv
[0.831s] -- Up-to-date: /home/hiro/rust_ws/install/builtin_interfaces/lib/libbuiltin_interfaces__rosidl_generator_c.so
[0.831s] -- Up-to-date: /home/hiro/rust_ws/install/builtin_interfaces/include/builtin_interfaces/builtin_interfaces
[0.831s] -- Up-to-date: /home/hiro/rust_ws/install/builtin_interfaces/include/builtin_interfaces/builtin_interfaces/msg
[0.831s] -- Up-to-date: /home/hiro/rust_ws/install/builtin_interfaces/include/builtin_interfaces/builtin_interfaces/msg/detail
[0.831s] -- Up-to-date: /home/hiro/rust_ws/install/builtin_interfaces/include/builtin_interfaces/builtin_interfaces/msg/detail/duration__rosidl_typesupport_fastrtps_c.h
[0.831s] -- Up-to-date: /home/hiro/rust_ws/install/builtin_interfaces/include/builtin_interfaces/builtin_interfaces/msg/detail/time__rosidl_typesupport_fastrtps_c.h
[0.832s] -- Up-to-date: /home/hiro/rust_ws/install/builtin_interfaces/include/builtin_interfaces/builtin_interfaces/msg/rosidl_typesupport_fastrtps_c__visibility_control.h
[0.832s] -- Up-to-date: /home/hiro/rust_ws/install/builtin_interfaces/lib/libbuiltin_interfaces__rosidl_typesupport_fastrtps_c.so
[0.832s] -- Up-to-date: /home/hiro/rust_ws/install/builtin_interfaces/include/builtin_interfaces/builtin_interfaces
[0.832s] -- Up-to-date: /home/hiro/rust_ws/install/builtin_interfaces/include/builtin_interfaces/builtin_interfaces/msg
[0.832s] -- Up-to-date: /home/hiro/rust_ws/install/builtin_interfaces/include/builtin_interfaces/builtin_interfaces/msg/rosidl_typesupport_introspection_c__visibility_control.h
[0.832s] -- Up-to-date: /home/hiro/rust_ws/install/builtin_interfaces/include/builtin_interfaces/builtin_interfaces/msg/detail
[0.832s] -- Up-to-date: /home/hiro/rust_ws/install/builtin_interfaces/include/builtin_interfaces/builtin_interfaces/msg/detail/time__rosidl_typesupport_introspection_c.h
[0.832s] -- Up-to-date: /home/hiro/rust_ws/install/builtin_interfaces/include/builtin_interfaces/builtin_interfaces/msg/detail/duration__type_support.c
[0.832s] -- Up-to-date: /home/hiro/rust_ws/install/builtin_interfaces/include/builtin_interfaces/builtin_interfaces/msg/detail/duration__rosidl_typesupport_introspection_c.h
[0.832s] -- Up-to-date: /home/hiro/rust_ws/install/builtin_interfaces/include/builtin_interfaces/builtin_interfaces/msg/detail/time__type_support.c
[0.833s] -- Up-to-date: /home/hiro/rust_ws/install/builtin_interfaces/lib/libbuiltin_interfaces__rosidl_typesupport_introspection_c.so
[0.833s] -- Up-to-date: /home/hiro/rust_ws/install/builtin_interfaces/lib/libbuiltin_interfaces__rosidl_typesupport_c.so
[0.834s] -- Up-to-date: /home/hiro/rust_ws/install/builtin_interfaces/include/builtin_interfaces/builtin_interfaces
[0.835s] -- Up-to-date: /home/hiro/rust_ws/install/builtin_interfaces/include/builtin_interfaces/builtin_interfaces/msg
[0.835s] -- Up-to-date: /home/hiro/rust_ws/install/builtin_interfaces/include/builtin_interfaces/builtin_interfaces/msg/time.hpp
[0.835s] -- Up-to-date: /home/hiro/rust_ws/install/builtin_interfaces/include/builtin_interfaces/builtin_interfaces/msg/detail
[0.835s] -- Up-to-date: /home/hiro/rust_ws/install/builtin_interfaces/include/builtin_interfaces/builtin_interfaces/msg/detail/duration__struct.hpp
[0.835s] -- Up-to-date: /home/hiro/rust_ws/install/builtin_interfaces/include/builtin_interfaces/builtin_interfaces/msg/detail/time__builder.hpp
[0.835s] -- Up-to-date: /home/hiro/rust_ws/install/builtin_interfaces/include/builtin_interfaces/builtin_interfaces/msg/detail/time__traits.hpp
[0.835s] -- Up-to-date: /home/hiro/rust_ws/install/builtin_interfaces/include/builtin_interfaces/builtin_interfaces/msg/detail/time__struct.hpp
[0.836s] -- Up-to-date: /home/hiro/rust_ws/install/builtin_interfaces/include/builtin_interfaces/builtin_interfaces/msg/detail/duration__builder.hpp
[0.836s] -- Up-to-date: /home/hiro/rust_ws/install/builtin_interfaces/include/builtin_interfaces/builtin_interfaces/msg/detail/duration__traits.hpp
[0.837s] -- Up-to-date: /home/hiro/rust_ws/install/builtin_interfaces/include/builtin_interfaces/builtin_interfaces/msg/duration.hpp
[0.837s] -- Up-to-date: /home/hiro/rust_ws/install/builtin_interfaces/include/builtin_interfaces/builtin_interfaces
[0.837s] -- Up-to-date: /home/hiro/rust_ws/install/builtin_interfaces/include/builtin_interfaces/builtin_interfaces/msg
[0.837s] -- Up-to-date: /home/hiro/rust_ws/install/builtin_interfaces/include/builtin_interfaces/builtin_interfaces/msg/rosidl_typesupport_fastrtps_cpp__visibility_control.h
[0.837s] -- Up-to-date: /home/hiro/rust_ws/install/builtin_interfaces/include/builtin_interfaces/builtin_interfaces/msg/detail
[0.838s] -- Up-to-date: /home/hiro/rust_ws/install/builtin_interfaces/include/builtin_interfaces/builtin_interfaces/msg/detail/dds_fastrtps
[0.838s] -- Up-to-date: /home/hiro/rust_ws/install/builtin_interfaces/include/builtin_interfaces/builtin_interfaces/msg/detail/time__rosidl_typesupport_fastrtps_cpp.hpp
[0.838s] -- Up-to-date: /home/hiro/rust_ws/install/builtin_interfaces/include/builtin_interfaces/builtin_interfaces/msg/detail/duration__rosidl_typesupport_fastrtps_cpp.hpp
[0.838s] -- Up-to-date: /home/hiro/rust_ws/install/builtin_interfaces/lib/libbuiltin_interfaces__rosidl_typesupport_fastrtps_cpp.so
[0.838s] -- Up-to-date: /home/hiro/rust_ws/install/builtin_interfaces/include/builtin_interfaces/builtin_interfaces
[0.838s] -- Up-to-date: /home/hiro/rust_ws/install/builtin_interfaces/include/builtin_interfaces/builtin_interfaces/msg
[0.838s] -- Up-to-date: /home/hiro/rust_ws/install/builtin_interfaces/include/builtin_interfaces/builtin_interfaces/msg/detail
[0.838s] -- Up-to-date: /home/hiro/rust_ws/install/builtin_interfaces/include/builtin_interfaces/builtin_interfaces/msg/detail/duration__type_support.cpp
[0.838s] -- Up-to-date: /home/hiro/rust_ws/install/builtin_interfaces/include/builtin_interfaces/builtin_interfaces/msg/detail/duration__rosidl_typesupport_introspection_cpp.hpp
[0.838s] -- Up-to-date: /home/hiro/rust_ws/install/builtin_interfaces/include/builtin_interfaces/builtin_interfaces/msg/detail/time__type_support.cpp
[0.839s] -- Up-to-date: /home/hiro/rust_ws/install/builtin_interfaces/include/builtin_interfaces/builtin_interfaces/msg/detail/time__rosidl_typesupport_introspection_cpp.hpp
[0.839s] -- Up-to-date: /home/hiro/rust_ws/install/builtin_interfaces/lib/libbuiltin_interfaces__rosidl_typesupport_introspection_cpp.so
[0.839s] -- Up-to-date: /home/hiro/rust_ws/install/builtin_interfaces/lib/libbuiltin_interfaces__rosidl_typesupport_cpp.so
[0.839s] -- Up-to-date: /home/hiro/rust_ws/install/builtin_interfaces/share/ament_index/resource_index/rust_packages/builtin_interfaces
[0.840s] -- Up-to-date: /home/hiro/rust_ws/install/builtin_interfaces/share/builtin_interfaces/rust
[0.840s] -- Up-to-date: /home/hiro/rust_ws/install/builtin_interfaces/share/builtin_interfaces/rust/Cargo.toml
[0.840s] -- Up-to-date: /home/hiro/rust_ws/install/builtin_interfaces/share/builtin_interfaces/rust/build.rs
[0.840s] -- Up-to-date: /home/hiro/rust_ws/install/builtin_interfaces/share/builtin_interfaces/rust/src
[0.841s] -- Up-to-date: /home/hiro/rust_ws/install/builtin_interfaces/share/builtin_interfaces/rust/src/msg.rs
[0.841s] -- Up-to-date: /home/hiro/rust_ws/install/builtin_interfaces/share/builtin_interfaces/rust/src/lib.rs
[0.841s] -- Up-to-date: /home/hiro/rust_ws/install/builtin_interfaces/share/builtin_interfaces/environment/pythonpath.sh
[0.841s] -- Up-to-date: /home/hiro/rust_ws/install/builtin_interfaces/share/builtin_interfaces/environment/pythonpath.dsv
[0.842s] -- Up-to-date: /home/hiro/rust_ws/install/builtin_interfaces/local/lib/python3.10/dist-packages/builtin_interfaces-1.2.1-py3.10.egg-info
[0.842s] -- Installing: /home/hiro/rust_ws/install/builtin_interfaces/local/lib/python3.10/dist-packages/builtin_interfaces-1.2.1-py3.10.egg-info/top_level.txt
[0.842s] -- Installing: /home/hiro/rust_ws/install/builtin_interfaces/local/lib/python3.10/dist-packages/builtin_interfaces-1.2.1-py3.10.egg-info/PKG-INFO
[0.843s] -- Installing: /home/hiro/rust_ws/install/builtin_interfaces/local/lib/python3.10/dist-packages/builtin_interfaces-1.2.1-py3.10.egg-info/SOURCES.txt
[0.844s] -- Installing: /home/hiro/rust_ws/install/builtin_interfaces/local/lib/python3.10/dist-packages/builtin_interfaces-1.2.1-py3.10.egg-info/dependency_links.txt
[0.845s] -- Up-to-date: /home/hiro/rust_ws/install/builtin_interfaces/local/lib/python3.10/dist-packages/builtin_interfaces
[0.845s] -- Up-to-date: /home/hiro/rust_ws/install/builtin_interfaces/local/lib/python3.10/dist-packages/builtin_interfaces/builtin_interfaces_s__rosidl_typesupport_fastrtps_c.cpython-310-x86_64-linux-gnu.so
[0.845s] -- Up-to-date: /home/hiro/rust_ws/install/builtin_interfaces/local/lib/python3.10/dist-packages/builtin_interfaces/builtin_interfaces_s__rosidl_typesupport_c.cpython-310-x86_64-linux-gnu.so
[0.845s] -- Up-to-date: /home/hiro/rust_ws/install/builtin_interfaces/local/lib/python3.10/dist-packages/builtin_interfaces/libbuiltin_interfaces__rosidl_generator_py.so
[0.845s] -- Up-to-date: /home/hiro/rust_ws/install/builtin_interfaces/local/lib/python3.10/dist-packages/builtin_interfaces/_builtin_interfaces_s.ep.rosidl_typesupport_fastrtps_c.c
[0.845s] -- Up-to-date: /home/hiro/rust_ws/install/builtin_interfaces/local/lib/python3.10/dist-packages/builtin_interfaces/builtin_interfaces_s__rosidl_typesupport_introspection_c.cpython-310-x86_64-linux-gnu.so
[0.846s] -- Up-to-date: /home/hiro/rust_ws/install/builtin_interfaces/local/lib/python3.10/dist-packages/builtin_interfaces/_builtin_interfaces_s.ep.rosidl_typesupport_introspection_c.c
[0.846s] -- Up-to-date: /home/hiro/rust_ws/install/builtin_interfaces/local/lib/python3.10/dist-packages/builtin_interfaces/__init__.py
[0.846s] -- Up-to-date: /home/hiro/rust_ws/install/builtin_interfaces/local/lib/python3.10/dist-packages/builtin_interfaces/msg
[0.846s] -- Up-to-date: /home/hiro/rust_ws/install/builtin_interfaces/local/lib/python3.10/dist-packages/builtin_interfaces/msg/_time_s.c
[0.846s] -- Up-to-date: /home/hiro/rust_ws/install/builtin_interfaces/local/lib/python3.10/dist-packages/builtin_interfaces/msg/_duration.py
[0.846s] -- Up-to-date: /home/hiro/rust_ws/install/builtin_interfaces/local/lib/python3.10/dist-packages/builtin_interfaces/msg/_duration_s.c
[0.847s] -- Up-to-date: /home/hiro/rust_ws/install/builtin_interfaces/local/lib/python3.10/dist-packages/builtin_interfaces/msg/__init__.py
[0.847s] -- Up-to-date: /home/hiro/rust_ws/install/builtin_interfaces/local/lib/python3.10/dist-packages/builtin_interfaces/msg/_time.py
[0.847s] -- Up-to-date: /home/hiro/rust_ws/install/builtin_interfaces/local/lib/python3.10/dist-packages/builtin_interfaces/_builtin_interfaces_s.ep.rosidl_typesupport_c.c
[0.888s] Listing '/home/hiro/rust_ws/install/builtin_interfaces/local/lib/python3.10/dist-packages/builtin_interfaces'...
[0.889s] Listing '/home/hiro/rust_ws/install/builtin_interfaces/local/lib/python3.10/dist-packages/builtin_interfaces/msg'...
[0.889s] -- Up-to-date: /home/hiro/rust_ws/install/builtin_interfaces/local/lib/python3.10/dist-packages/builtin_interfaces/builtin_interfaces_s__rosidl_typesupport_fastrtps_c.cpython-310-x86_64-linux-gnu.so
[0.889s] -- Up-to-date: /home/hiro/rust_ws/install/builtin_interfaces/local/lib/python3.10/dist-packages/builtin_interfaces/builtin_interfaces_s__rosidl_typesupport_introspection_c.cpython-310-x86_64-linux-gnu.so
[0.889s] -- Up-to-date: /home/hiro/rust_ws/install/builtin_interfaces/local/lib/python3.10/dist-packages/builtin_interfaces/builtin_interfaces_s__rosidl_typesupport_c.cpython-310-x86_64-linux-gnu.so
[0.889s] -- Up-to-date: /home/hiro/rust_ws/install/builtin_interfaces/lib/libbuiltin_interfaces__rosidl_generator_py.so
[0.889s] -- Up-to-date: /home/hiro/rust_ws/install/builtin_interfaces/share/builtin_interfaces/msg/Duration.idl
[0.890s] -- Up-to-date: /home/hiro/rust_ws/install/builtin_interfaces/share/builtin_interfaces/msg/Time.idl
[0.890s] -- Up-to-date: /home/hiro/rust_ws/install/builtin_interfaces/share/builtin_interfaces/msg/Duration.msg
[0.890s] -- Up-to-date: /home/hiro/rust_ws/install/builtin_interfaces/share/builtin_interfaces/msg/Time.msg
[0.890s] -- Up-to-date: /home/hiro/rust_ws/install/builtin_interfaces/share/ament_index/resource_index/package_run_dependencies/builtin_interfaces
[0.890s] -- Up-to-date: /home/hiro/rust_ws/install/builtin_interfaces/share/ament_index/resource_index/parent_prefix_path/builtin_interfaces
[0.890s] -- Up-to-date: /home/hiro/rust_ws/install/builtin_interfaces/share/builtin_interfaces/environment/ament_prefix_path.sh
[0.890s] -- Up-to-date: /home/hiro/rust_ws/install/builtin_interfaces/share/builtin_interfaces/environment/ament_prefix_path.dsv
[0.890s] -- Up-to-date: /home/hiro/rust_ws/install/builtin_interfaces/share/builtin_interfaces/environment/path.sh
[0.890s] -- Up-to-date: /home/hiro/rust_ws/install/builtin_interfaces/share/builtin_interfaces/environment/path.dsv
[0.891s] -- Up-to-date: /home/hiro/rust_ws/install/builtin_interfaces/share/builtin_interfaces/local_setup.bash
[0.892s] -- Up-to-date: /home/hiro/rust_ws/install/builtin_interfaces/share/builtin_interfaces/local_setup.sh
[0.892s] -- Up-to-date: /home/hiro/rust_ws/install/builtin_interfaces/share/builtin_interfaces/local_setup.zsh
[0.892s] -- Up-to-date: /home/hiro/rust_ws/install/builtin_interfaces/share/builtin_interfaces/local_setup.dsv
[0.892s] -- Installing: /home/hiro/rust_ws/install/builtin_interfaces/share/builtin_interfaces/package.dsv
[0.893s] -- Up-to-date: /home/hiro/rust_ws/install/builtin_interfaces/share/ament_index/resource_index/packages/builtin_interfaces
[0.893s] -- Up-to-date: /home/hiro/rust_ws/install/builtin_interfaces/share/builtin_interfaces/cmake/export_builtin_interfaces__rosidl_generator_cExport.cmake
[0.893s] -- Up-to-date: /home/hiro/rust_ws/install/builtin_interfaces/share/builtin_interfaces/cmake/export_builtin_interfaces__rosidl_generator_cExport-noconfig.cmake
[0.893s] -- Up-to-date: /home/hiro/rust_ws/install/builtin_interfaces/share/builtin_interfaces/cmake/export_builtin_interfaces__rosidl_typesupport_fastrtps_cExport.cmake
[0.893s] -- Up-to-date: /home/hiro/rust_ws/install/builtin_interfaces/share/builtin_interfaces/cmake/export_builtin_interfaces__rosidl_typesupport_fastrtps_cExport-noconfig.cmake
[0.893s] -- Up-to-date: /home/hiro/rust_ws/install/builtin_interfaces/share/builtin_interfaces/cmake/builtin_interfaces__rosidl_typesupport_introspection_cExport.cmake
[0.893s] -- Up-to-date: /home/hiro/rust_ws/install/builtin_interfaces/share/builtin_interfaces/cmake/builtin_interfaces__rosidl_typesupport_introspection_cExport-noconfig.cmake
[0.893s] -- Up-to-date: /home/hiro/rust_ws/install/builtin_interfaces/share/builtin_interfaces/cmake/builtin_interfaces__rosidl_typesupport_cExport.cmake
[0.893s] -- Up-to-date: /home/hiro/rust_ws/install/builtin_interfaces/share/builtin_interfaces/cmake/builtin_interfaces__rosidl_typesupport_cExport-noconfig.cmake
[0.894s] -- Up-to-date: /home/hiro/rust_ws/install/builtin_interfaces/share/builtin_interfaces/cmake/export_builtin_interfaces__rosidl_generator_cppExport.cmake
[0.894s] -- Up-to-date: /home/hiro/rust_ws/install/builtin_interfaces/share/builtin_interfaces/cmake/export_builtin_interfaces__rosidl_typesupport_fastrtps_cppExport.cmake
[0.894s] -- Up-to-date: /home/hiro/rust_ws/install/builtin_interfaces/share/builtin_interfaces/cmake/export_builtin_interfaces__rosidl_typesupport_fastrtps_cppExport-noconfig.cmake
[0.894s] -- Up-to-date: /home/hiro/rust_ws/install/builtin_interfaces/share/builtin_interfaces/cmake/builtin_interfaces__rosidl_typesupport_introspection_cppExport.cmake
[0.894s] -- Up-to-date: /home/hiro/rust_ws/install/builtin_interfaces/share/builtin_interfaces/cmake/builtin_interfaces__rosidl_typesupport_introspection_cppExport-noconfig.cmake
[0.894s] -- Up-to-date: /home/hiro/rust_ws/install/builtin_interfaces/share/builtin_interfaces/cmake/builtin_interfaces__rosidl_typesupport_cppExport.cmake
[0.894s] -- Up-to-date: /home/hiro/rust_ws/install/builtin_interfaces/share/builtin_interfaces/cmake/builtin_interfaces__rosidl_typesupport_cppExport-noconfig.cmake
[0.895s] -- Up-to-date: /home/hiro/rust_ws/install/builtin_interfaces/share/builtin_interfaces/cmake/export_builtin_interfaces__rosidl_generator_pyExport.cmake
[0.895s] -- Up-to-date: /home/hiro/rust_ws/install/builtin_interfaces/share/builtin_interfaces/cmake/export_builtin_interfaces__rosidl_generator_pyExport-noconfig.cmake
[0.895s] -- Up-to-date: /home/hiro/rust_ws/install/builtin_interfaces/share/builtin_interfaces/cmake/rosidl_cmake-extras.cmake
[0.895s] -- Up-to-date: /home/hiro/rust_ws/install/builtin_interfaces/share/builtin_interfaces/cmake/ament_cmake_export_include_directories-extras.cmake
[0.895s] -- Up-to-date: /home/hiro/rust_ws/install/builtin_interfaces/share/builtin_interfaces/cmake/ament_cmake_export_libraries-extras.cmake
[0.895s] -- Up-to-date: /home/hiro/rust_ws/install/builtin_interfaces/share/builtin_interfaces/cmake/ament_cmake_export_targets-extras.cmake
[0.895s] -- Up-to-date: /home/hiro/rust_ws/install/builtin_interfaces/share/builtin_interfaces/cmake/rosidl_cmake_export_typesupport_targets-extras.cmake
[0.895s] -- Up-to-date: /home/hiro/rust_ws/install/builtin_interfaces/share/builtin_interfaces/cmake/ament_cmake_export_dependencies-extras.cmake
[0.895s] -- Up-to-date: /home/hiro/rust_ws/install/builtin_interfaces/share/builtin_interfaces/cmake/rosidl_cmake_export_typesupport_libraries-extras.cmake
[0.895s] -- Up-to-date: /home/hiro/rust_ws/install/builtin_interfaces/share/builtin_interfaces/cmake/builtin_interfacesConfig.cmake
[0.896s] -- Up-to-date: /home/hiro/rust_ws/install/builtin_interfaces/share/builtin_interfaces/cmake/builtin_interfacesConfig-version.cmake
[0.896s] -- Up-to-date: /home/hiro/rust_ws/install/builtin_interfaces/share/builtin_interfaces/package.xml
[0.915s] Invoked command in '/home/hiro/rust_ws/build/builtin_interfaces' returned '0': AMENT_PREFIX_PATH=/home/hiro/rust_ws/install/rosidl_runtime_rs:/home/hiro/rust_ws/install/common_interfaces:/home/hiro/rust_ws/install/visualization_msgs:/home/hiro/rust_ws/install/test_msgs:/home/hiro/rust_ws/install/examples_rclrs_minimal_client_service:/home/hiro/rust_ws/install/example_interfaces:/home/hiro/rust_ws/install/action_msgs:/home/hiro/rust_ws/install/unique_identifier_msgs:/home/hiro/rust_ws/install/trajectory_msgs:/home/hiro/rust_ws/install/test_interface_files:/home/hiro/rust_ws/install/stereo_msgs:/home/hiro/rust_ws/install/std_srvs:/home/hiro/rust_ws/install/shape_msgs:/home/hiro/rust_ws/install/sensor_msgs_py:/home/hiro/rust_ws/install/sensor_msgs:/home/hiro/rust_ws/install/rust_pubsub:/home/hiro/rust_ws/install/nav_msgs:/home/hiro/rust_ws/install/diagnostic_msgs:/home/hiro/rust_ws/install/geometry_msgs:/home/hiro/rust_ws/install/examples_rclrs_minimal_pub_sub:/home/hiro/rust_ws/install/actionlib_msgs:/home/hiro/rust_ws/install/std_msgs:/home/hiro/rust_ws/install/statistics_msgs:/home/hiro/rust_ws/install/examples_rclrs_message_demo:/home/hiro/rust_ws/install/rclrs:/home/hiro/rust_ws/install/rosgraph_msgs:/home/hiro/rust_ws/install/rclrs_example_msgs:/home/hiro/rust_ws/install/composition_interfaces:/home/hiro/rust_ws/install/rcl_interfaces:/home/hiro/rust_ws/install/lifecycle_msgs:/home/hiro/rust_ws/install/builtin_interfaces:/home/hiro/rust_ws/install/rosidl_default_runtime:/home/hiro/rust_ws/install/rosidl_default_generators:/home/hiro/rust_ws/install/rosidl_generator_rs:/home/hiro/ws_livox/install/livox_ros_driver2:/opt/ros/humble CMAKE_PREFIX_PATH=/home/hiro/rust_ws/install/rosidl_default_runtime:/home/hiro/rust_ws/install/rosidl_default_generators:/home/hiro/rust_ws/install/rosidl_generator_rs:/home/hiro/rust_ws/install/common_interfaces:/home/hiro/rust_ws/install/visualization_msgs:/home/hiro/rust_ws/install/test_msgs:/home/hiro/rust_ws/install/example_interfaces:/home/hiro/rust_ws/install/action_msgs:/home/hiro/rust_ws/install/unique_identifier_msgs:/home/hiro/rust_ws/install/trajectory_msgs:/home/hiro/rust_ws/install/test_interface_files:/home/hiro/rust_ws/install/stereo_msgs:/home/hiro/rust_ws/install/std_srvs:/home/hiro/rust_ws/install/shape_msgs:/home/hiro/rust_ws/install/sensor_msgs:/home/hiro/rust_ws/install/nav_msgs:/home/hiro/rust_ws/install/diagnostic_msgs:/home/hiro/rust_ws/install/geometry_msgs:/home/hiro/rust_ws/install/actionlib_msgs:/home/hiro/rust_ws/install/std_msgs:/home/hiro/rust_ws/install/statistics_msgs:/home/hiro/rust_ws/install/rosgraph_msgs:/home/hiro/rust_ws/install/rclrs_example_msgs:/home/hiro/rust_ws/install/composition_interfaces:/home/hiro/rust_ws/install/rcl_interfaces:/home/hiro/rust_ws/install/lifecycle_msgs:/home/hiro/rust_ws/install/builtin_interfaces:/home/hiro/ws_livox/install/livox_ros_driver2:/home/hiro/rust_ws/install/examples_rclrs_minimal_client_service:/home/hiro/rust_ws/install/sensor_msgs_py:/home/hiro/rust_ws/install/rust_pubsub:/home/hiro/rust_ws/install/examples_rclrs_minimal_pub_sub:/home/hiro/rust_ws/install/examples_rclrs_message_demo:/home/hiro/rust_ws/install/rclrs:/home/hiro/rust_ws/install/rosidl_runtime_rs:/opt/ros/humble /usr/bin/cmake --install /home/hiro/rust_ws/build/builtin_interfaces
