[0.018s] Invoking command in '/home/hiromichi/rost2/build/unique_identifier_msgs': AMENT_PREFIX_PATH=/home/hiromichi/rost2/install/rosidl_default_runtime:/home/hiromichi/rost2/install/rosidl_default_generators:/home/hiromichi/rost2/install/rosidl_generator_rs:/home/hiromichi/rost2/install/rosidl_runtime_rs:${AMENT_PREFIX_PATH} CMAKE_PREFIX_PATH=/home/hiromichi/rost2/install/rosidl_default_runtime:/home/hiromichi/rost2/install/rosidl_default_generators:/home/hiromichi/rost2/install/rosidl_generator_rs:/opt/ros/humble PYTHONPATH=/home/hiromichi/rost2/install/rosidl_generator_rs/local/lib/python3.10/dist-packages:${PYTHONPATH} /usr/bin/cmake --build /home/hiromichi/rost2/build/unique_identifier_msgs -- -j20 -l20
[0.055s] [  3%] Built target unique_identifier_msgs__rs
[0.057s] [  6%] Built target unique_identifier_msgs__cpp
[0.065s] [  6%] Built target ament_cmake_python_copy_unique_identifier_msgs
[0.076s] [ 15%] Built target unique_identifier_msgs__rosidl_generator_c
[0.098s] [ 34%] Built target unique_identifier_msgs__rosidl_typesupport_fastrtps_cpp
[0.098s] [ 34%] Built target unique_identifier_msgs__rosidl_typesupport_cpp
[0.104s] [ 43%] Built target unique_identifier_msgs__rosidl_typesupport_introspection_cpp
[0.107s] [ 53%] Built target unique_identifier_msgs__rosidl_typesupport_introspection_c
[0.111s] [ 71%] Built target unique_identifier_msgs__rosidl_typesupport_fastrtps_c
[0.111s] [ 71%] Built target unique_identifier_msgs__rosidl_typesupport_c
[0.130s] [ 71%] Built target unique_identifier_msgs
[0.144s] [ 75%] Built target unique_identifier_msgs__py
[0.174s] [ 81%] Built target unique_identifier_msgs__rosidl_generator_py
[0.198s] [ 87%] Built target unique_identifier_msgs__rosidl_typesupport_introspection_c__pyext
[0.199s] [ 93%] Built target unique_identifier_msgs__rosidl_typesupport_fastrtps_c__pyext
[0.201s] [100%] Built target unique_identifier_msgs__rosidl_typesupport_c__pyext
[0.283s] running egg_info
[0.283s] writing unique_identifier_msgs.egg-info/PKG-INFO
[0.284s] writing dependency_links to unique_identifier_msgs.egg-info/dependency_links.txt
[0.284s] writing top-level names to unique_identifier_msgs.egg-info/top_level.txt
[0.285s] reading manifest file 'unique_identifier_msgs.egg-info/SOURCES.txt'
[0.286s] writing manifest file 'unique_identifier_msgs.egg-info/SOURCES.txt'
[0.308s] [100%] Built target ament_cmake_python_build_unique_identifier_msgs_egg
[0.318s] Invoked command in '/home/hiromichi/rost2/build/unique_identifier_msgs' returned '0': AMENT_PREFIX_PATH=/home/hiromichi/rost2/install/rosidl_default_runtime:/home/hiromichi/rost2/install/rosidl_default_generators:/home/hiromichi/rost2/install/rosidl_generator_rs:/home/hiromichi/rost2/install/rosidl_runtime_rs:${AMENT_PREFIX_PATH} CMAKE_PREFIX_PATH=/home/hiromichi/rost2/install/rosidl_default_runtime:/home/hiromichi/rost2/install/rosidl_default_generators:/home/hiromichi/rost2/install/rosidl_generator_rs:/opt/ros/humble PYTHONPATH=/home/hiromichi/rost2/install/rosidl_generator_rs/local/lib/python3.10/dist-packages:${PYTHONPATH} /usr/bin/cmake --build /home/hiromichi/rost2/build/unique_identifier_msgs -- -j20 -l20
[0.363s] Invoking command in '/home/hiromichi/rost2/build/unique_identifier_msgs': AMENT_PREFIX_PATH=/home/hiromichi/rost2/install/rosidl_default_runtime:/home/hiromichi/rost2/install/rosidl_default_generators:/home/hiromichi/rost2/install/rosidl_generator_rs:/home/hiromichi/rost2/install/rosidl_runtime_rs:${AMENT_PREFIX_PATH} CMAKE_PREFIX_PATH=/home/hiromichi/rost2/install/rosidl_default_runtime:/home/hiromichi/rost2/install/rosidl_default_generators:/home/hiromichi/rost2/install/rosidl_generator_rs:/opt/ros/humble PYTHONPATH=/home/hiromichi/rost2/install/rosidl_generator_rs/local/lib/python3.10/dist-packages:${PYTHONPATH} /usr/bin/cmake --install /home/hiromichi/rost2/build/unique_identifier_msgs
[0.370s] -- Install configuration: ""
[0.371s] -- Up-to-date: /home/hiromichi/rost2/install/unique_identifier_msgs/share/ament_index/resource_index/rosidl_interfaces/unique_identifier_msgs
[0.371s] -- Up-to-date: /home/hiromichi/rost2/install/unique_identifier_msgs/include/unique_identifier_msgs/unique_identifier_msgs
[0.371s] -- Up-to-date: /home/hiromichi/rost2/install/unique_identifier_msgs/include/unique_identifier_msgs/unique_identifier_msgs/msg
[0.371s] -- Up-to-date: /home/hiromichi/rost2/install/unique_identifier_msgs/include/unique_identifier_msgs/unique_identifier_msgs/msg/rosidl_generator_c__visibility_control.h
[0.372s] -- Up-to-date: /home/hiromichi/rost2/install/unique_identifier_msgs/include/unique_identifier_msgs/unique_identifier_msgs/msg/detail
[0.372s] -- Up-to-date: /home/hiromichi/rost2/install/unique_identifier_msgs/include/unique_identifier_msgs/unique_identifier_msgs/msg/detail/uuid__type_support.h
[0.372s] -- Up-to-date: /home/hiromichi/rost2/install/unique_identifier_msgs/include/unique_identifier_msgs/unique_identifier_msgs/msg/detail/uuid__functions.h
[0.374s] -- Up-to-date: /home/hiromichi/rost2/install/unique_identifier_msgs/include/unique_identifier_msgs/unique_identifier_msgs/msg/detail/uuid__functions.c
[0.374s] -- Up-to-date: /home/hiromichi/rost2/install/unique_identifier_msgs/include/unique_identifier_msgs/unique_identifier_msgs/msg/detail/uuid__struct.h
[0.374s] -- Up-to-date: /home/hiromichi/rost2/install/unique_identifier_msgs/include/unique_identifier_msgs/unique_identifier_msgs/msg/uuid.h
[0.375s] -- Up-to-date: /home/hiromichi/rost2/install/unique_identifier_msgs/share/unique_identifier_msgs/environment/library_path.sh
[0.375s] -- Up-to-date: /home/hiromichi/rost2/install/unique_identifier_msgs/share/unique_identifier_msgs/environment/library_path.dsv
[0.375s] -- Up-to-date: /home/hiromichi/rost2/install/unique_identifier_msgs/lib/libunique_identifier_msgs__rosidl_generator_c.so
[0.376s] -- Up-to-date: /home/hiromichi/rost2/install/unique_identifier_msgs/include/unique_identifier_msgs/unique_identifier_msgs
[0.376s] -- Up-to-date: /home/hiromichi/rost2/install/unique_identifier_msgs/include/unique_identifier_msgs/unique_identifier_msgs/msg
[0.376s] -- Up-to-date: /home/hiromichi/rost2/install/unique_identifier_msgs/include/unique_identifier_msgs/unique_identifier_msgs/msg/rosidl_typesupport_fastrtps_c__visibility_control.h
[0.377s] -- Up-to-date: /home/hiromichi/rost2/install/unique_identifier_msgs/include/unique_identifier_msgs/unique_identifier_msgs/msg/detail
[0.377s] -- Up-to-date: /home/hiromichi/rost2/install/unique_identifier_msgs/include/unique_identifier_msgs/unique_identifier_msgs/msg/detail/uuid__rosidl_typesupport_fastrtps_c.h
[0.377s] -- Up-to-date: /home/hiromichi/rost2/install/unique_identifier_msgs/lib/libunique_identifier_msgs__rosidl_typesupport_fastrtps_c.so
[0.377s] -- Up-to-date: /home/hiromichi/rost2/install/unique_identifier_msgs/include/unique_identifier_msgs/unique_identifier_msgs
[0.378s] -- Up-to-date: /home/hiromichi/rost2/install/unique_identifier_msgs/include/unique_identifier_msgs/unique_identifier_msgs/msg
[0.380s] -- Up-to-date: /home/hiromichi/rost2/install/unique_identifier_msgs/include/unique_identifier_msgs/unique_identifier_msgs/msg/rosidl_typesupport_introspection_c__visibility_control.h
[0.380s] -- Up-to-date: /home/hiromichi/rost2/install/unique_identifier_msgs/include/unique_identifier_msgs/unique_identifier_msgs/msg/detail
[0.380s] -- Up-to-date: /home/hiromichi/rost2/install/unique_identifier_msgs/include/unique_identifier_msgs/unique_identifier_msgs/msg/detail/uuid__type_support.c
[0.380s] -- Up-to-date: /home/hiromichi/rost2/install/unique_identifier_msgs/include/unique_identifier_msgs/unique_identifier_msgs/msg/detail/uuid__rosidl_typesupport_introspection_c.h
[0.380s] -- Up-to-date: /home/hiromichi/rost2/install/unique_identifier_msgs/lib/libunique_identifier_msgs__rosidl_typesupport_introspection_c.so
[0.380s] -- Up-to-date: /home/hiromichi/rost2/install/unique_identifier_msgs/lib/libunique_identifier_msgs__rosidl_typesupport_c.so
[0.381s] -- Up-to-date: /home/hiromichi/rost2/install/unique_identifier_msgs/include/unique_identifier_msgs/unique_identifier_msgs
[0.382s] -- Up-to-date: /home/hiromichi/rost2/install/unique_identifier_msgs/include/unique_identifier_msgs/unique_identifier_msgs/msg
[0.382s] -- Up-to-date: /home/hiromichi/rost2/install/unique_identifier_msgs/include/unique_identifier_msgs/unique_identifier_msgs/msg/uuid.hpp
[0.383s] -- Up-to-date: /home/hiromichi/rost2/install/unique_identifier_msgs/include/unique_identifier_msgs/unique_identifier_msgs/msg/detail
[0.383s] -- Up-to-date: /home/hiromichi/rost2/install/unique_identifier_msgs/include/unique_identifier_msgs/unique_identifier_msgs/msg/detail/uuid__builder.hpp
[0.383s] -- Up-to-date: /home/hiromichi/rost2/install/unique_identifier_msgs/include/unique_identifier_msgs/unique_identifier_msgs/msg/detail/uuid__struct.hpp
[0.383s] -- Up-to-date: /home/hiromichi/rost2/install/unique_identifier_msgs/include/unique_identifier_msgs/unique_identifier_msgs/msg/detail/uuid__traits.hpp
[0.384s] -- Up-to-date: /home/hiromichi/rost2/install/unique_identifier_msgs/include/unique_identifier_msgs/unique_identifier_msgs
[0.384s] -- Up-to-date: /home/hiromichi/rost2/install/unique_identifier_msgs/include/unique_identifier_msgs/unique_identifier_msgs/msg
[0.384s] -- Up-to-date: /home/hiromichi/rost2/install/unique_identifier_msgs/include/unique_identifier_msgs/unique_identifier_msgs/msg/rosidl_typesupport_fastrtps_cpp__visibility_control.h
[0.384s] -- Up-to-date: /home/hiromichi/rost2/install/unique_identifier_msgs/include/unique_identifier_msgs/unique_identifier_msgs/msg/detail
[0.385s] -- Up-to-date: /home/hiromichi/rost2/install/unique_identifier_msgs/include/unique_identifier_msgs/unique_identifier_msgs/msg/detail/uuid__rosidl_typesupport_fastrtps_cpp.hpp
[0.385s] -- Up-to-date: /home/hiromichi/rost2/install/unique_identifier_msgs/include/unique_identifier_msgs/unique_identifier_msgs/msg/detail/dds_fastrtps
[0.385s] -- Up-to-date: /home/hiromichi/rost2/install/unique_identifier_msgs/lib/libunique_identifier_msgs__rosidl_typesupport_fastrtps_cpp.so
[0.385s] -- Up-to-date: /home/hiromichi/rost2/install/unique_identifier_msgs/include/unique_identifier_msgs/unique_identifier_msgs
[0.385s] -- Up-to-date: /home/hiromichi/rost2/install/unique_identifier_msgs/include/unique_identifier_msgs/unique_identifier_msgs/msg
[0.386s] -- Up-to-date: /home/hiromichi/rost2/install/unique_identifier_msgs/include/unique_identifier_msgs/unique_identifier_msgs/msg/detail
[0.386s] -- Up-to-date: /home/hiromichi/rost2/install/unique_identifier_msgs/include/unique_identifier_msgs/unique_identifier_msgs/msg/detail/uuid__type_support.cpp
[0.386s] -- Up-to-date: /home/hiromichi/rost2/install/unique_identifier_msgs/include/unique_identifier_msgs/unique_identifier_msgs/msg/detail/uuid__rosidl_typesupport_introspection_cpp.hpp
[0.386s] -- Up-to-date: /home/hiromichi/rost2/install/unique_identifier_msgs/lib/libunique_identifier_msgs__rosidl_typesupport_introspection_cpp.so
[0.387s] -- Up-to-date: /home/hiromichi/rost2/install/unique_identifier_msgs/lib/libunique_identifier_msgs__rosidl_typesupport_cpp.so
[0.387s] -- Up-to-date: /home/hiromichi/rost2/install/unique_identifier_msgs/share/ament_index/resource_index/rust_packages/unique_identifier_msgs
[0.387s] -- Up-to-date: /home/hiromichi/rost2/install/unique_identifier_msgs/share/unique_identifier_msgs/rust
[0.387s] -- Up-to-date: /home/hiromichi/rost2/install/unique_identifier_msgs/share/unique_identifier_msgs/rust/src
[0.387s] -- Up-to-date: /home/hiromichi/rost2/install/unique_identifier_msgs/share/unique_identifier_msgs/rust/src/msg.rs
[0.387s] -- Up-to-date: /home/hiromichi/rost2/install/unique_identifier_msgs/share/unique_identifier_msgs/rust/src/lib.rs
[0.387s] -- Up-to-date: /home/hiromichi/rost2/install/unique_identifier_msgs/share/unique_identifier_msgs/rust/Cargo.toml
[0.387s] -- Up-to-date: /home/hiromichi/rost2/install/unique_identifier_msgs/share/unique_identifier_msgs/rust/build.rs
[0.387s] -- Up-to-date: /home/hiromichi/rost2/install/unique_identifier_msgs/share/unique_identifier_msgs/environment/pythonpath.sh
[0.387s] -- Up-to-date: /home/hiromichi/rost2/install/unique_identifier_msgs/share/unique_identifier_msgs/environment/pythonpath.dsv
[0.388s] -- Up-to-date: /home/hiromichi/rost2/install/unique_identifier_msgs/local/lib/python3.10/dist-packages/unique_identifier_msgs-2.2.1-py3.10.egg-info
[0.388s] -- Installing: /home/hiromichi/rost2/install/unique_identifier_msgs/local/lib/python3.10/dist-packages/unique_identifier_msgs-2.2.1-py3.10.egg-info/top_level.txt
[0.390s] -- Installing: /home/hiromichi/rost2/install/unique_identifier_msgs/local/lib/python3.10/dist-packages/unique_identifier_msgs-2.2.1-py3.10.egg-info/dependency_links.txt
[0.390s] -- Installing: /home/hiromichi/rost2/install/unique_identifier_msgs/local/lib/python3.10/dist-packages/unique_identifier_msgs-2.2.1-py3.10.egg-info/SOURCES.txt
[0.390s] -- Installing: /home/hiromichi/rost2/install/unique_identifier_msgs/local/lib/python3.10/dist-packages/unique_identifier_msgs-2.2.1-py3.10.egg-info/PKG-INFO
[0.390s] -- Up-to-date: /home/hiromichi/rost2/install/unique_identifier_msgs/local/lib/python3.10/dist-packages/unique_identifier_msgs
[0.390s] -- Up-to-date: /home/hiromichi/rost2/install/unique_identifier_msgs/local/lib/python3.10/dist-packages/unique_identifier_msgs/unique_identifier_msgs_s__rosidl_typesupport_introspection_c.cpython-310-x86_64-linux-gnu.so
[0.390s] -- Up-to-date: /home/hiromichi/rost2/install/unique_identifier_msgs/local/lib/python3.10/dist-packages/unique_identifier_msgs/_unique_identifier_msgs_s.ep.rosidl_typesupport_fastrtps_c.c
[0.390s] -- Up-to-date: /home/hiromichi/rost2/install/unique_identifier_msgs/local/lib/python3.10/dist-packages/unique_identifier_msgs/_unique_identifier_msgs_s.ep.rosidl_typesupport_c.c
[0.391s] -- Up-to-date: /home/hiromichi/rost2/install/unique_identifier_msgs/local/lib/python3.10/dist-packages/unique_identifier_msgs/libunique_identifier_msgs__rosidl_generator_py.so
[0.391s] -- Up-to-date: /home/hiromichi/rost2/install/unique_identifier_msgs/local/lib/python3.10/dist-packages/unique_identifier_msgs/msg
[0.391s] -- Up-to-date: /home/hiromichi/rost2/install/unique_identifier_msgs/local/lib/python3.10/dist-packages/unique_identifier_msgs/msg/_uuid.py
[0.392s] -- Up-to-date: /home/hiromichi/rost2/install/unique_identifier_msgs/local/lib/python3.10/dist-packages/unique_identifier_msgs/msg/_uuid_s.c
[0.392s] -- Up-to-date: /home/hiromichi/rost2/install/unique_identifier_msgs/local/lib/python3.10/dist-packages/unique_identifier_msgs/msg/__init__.py
[0.393s] -- Up-to-date: /home/hiromichi/rost2/install/unique_identifier_msgs/local/lib/python3.10/dist-packages/unique_identifier_msgs/_unique_identifier_msgs_s.ep.rosidl_typesupport_introspection_c.c
[0.393s] -- Up-to-date: /home/hiromichi/rost2/install/unique_identifier_msgs/local/lib/python3.10/dist-packages/unique_identifier_msgs/unique_identifier_msgs_s__rosidl_typesupport_c.cpython-310-x86_64-linux-gnu.so
[0.393s] -- Up-to-date: /home/hiromichi/rost2/install/unique_identifier_msgs/local/lib/python3.10/dist-packages/unique_identifier_msgs/__init__.py
[0.394s] -- Up-to-date: /home/hiromichi/rost2/install/unique_identifier_msgs/local/lib/python3.10/dist-packages/unique_identifier_msgs/unique_identifier_msgs_s__rosidl_typesupport_fastrtps_c.cpython-310-x86_64-linux-gnu.so
[0.429s] Listing '/home/hiromichi/rost2/install/unique_identifier_msgs/local/lib/python3.10/dist-packages/unique_identifier_msgs'...
[0.429s] Listing '/home/hiromichi/rost2/install/unique_identifier_msgs/local/lib/python3.10/dist-packages/unique_identifier_msgs/msg'...
[0.448s] -- Up-to-date: /home/hiromichi/rost2/install/unique_identifier_msgs/local/lib/python3.10/dist-packages/unique_identifier_msgs/unique_identifier_msgs_s__rosidl_typesupport_fastrtps_c.cpython-310-x86_64-linux-gnu.so
[0.451s] -- Up-to-date: /home/hiromichi/rost2/install/unique_identifier_msgs/local/lib/python3.10/dist-packages/unique_identifier_msgs/unique_identifier_msgs_s__rosidl_typesupport_introspection_c.cpython-310-x86_64-linux-gnu.so
[0.451s] -- Up-to-date: /home/hiromichi/rost2/install/unique_identifier_msgs/local/lib/python3.10/dist-packages/unique_identifier_msgs/unique_identifier_msgs_s__rosidl_typesupport_c.cpython-310-x86_64-linux-gnu.so
[0.451s] -- Up-to-date: /home/hiromichi/rost2/install/unique_identifier_msgs/lib/libunique_identifier_msgs__rosidl_generator_py.so
[0.452s] -- Up-to-date: /home/hiromichi/rost2/install/unique_identifier_msgs/share/unique_identifier_msgs/msg/UUID.idl
[0.452s] -- Up-to-date: /home/hiromichi/rost2/install/unique_identifier_msgs/share/unique_identifier_msgs/msg/UUID.msg
[0.453s] -- Up-to-date: /home/hiromichi/rost2/install/unique_identifier_msgs/share/ament_index/resource_index/package_run_dependencies/unique_identifier_msgs
[0.453s] -- Up-to-date: /home/hiromichi/rost2/install/unique_identifier_msgs/share/ament_index/resource_index/parent_prefix_path/unique_identifier_msgs
[0.453s] -- Up-to-date: /home/hiromichi/rost2/install/unique_identifier_msgs/share/unique_identifier_msgs/environment/ament_prefix_path.sh
[0.453s] -- Up-to-date: /home/hiromichi/rost2/install/unique_identifier_msgs/share/unique_identifier_msgs/environment/ament_prefix_path.dsv
[0.454s] -- Up-to-date: /home/hiromichi/rost2/install/unique_identifier_msgs/share/unique_identifier_msgs/environment/path.sh
[0.454s] -- Up-to-date: /home/hiromichi/rost2/install/unique_identifier_msgs/share/unique_identifier_msgs/environment/path.dsv
[0.454s] -- Up-to-date: /home/hiromichi/rost2/install/unique_identifier_msgs/share/unique_identifier_msgs/local_setup.bash
[0.454s] -- Up-to-date: /home/hiromichi/rost2/install/unique_identifier_msgs/share/unique_identifier_msgs/local_setup.sh
[0.455s] -- Up-to-date: /home/hiromichi/rost2/install/unique_identifier_msgs/share/unique_identifier_msgs/local_setup.zsh
[0.455s] -- Up-to-date: /home/hiromichi/rost2/install/unique_identifier_msgs/share/unique_identifier_msgs/local_setup.dsv
[0.455s] -- Installing: /home/hiromichi/rost2/install/unique_identifier_msgs/share/unique_identifier_msgs/package.dsv
[0.462s] -- Up-to-date: /home/hiromichi/rost2/install/unique_identifier_msgs/share/ament_index/resource_index/packages/unique_identifier_msgs
[0.466s] -- Up-to-date: /home/hiromichi/rost2/install/unique_identifier_msgs/share/unique_identifier_msgs/cmake/export_unique_identifier_msgs__rosidl_generator_cExport.cmake
[0.466s] -- Up-to-date: /home/hiromichi/rost2/install/unique_identifier_msgs/share/unique_identifier_msgs/cmake/export_unique_identifier_msgs__rosidl_generator_cExport-noconfig.cmake
[0.467s] -- Up-to-date: /home/hiromichi/rost2/install/unique_identifier_msgs/share/unique_identifier_msgs/cmake/export_unique_identifier_msgs__rosidl_typesupport_fastrtps_cExport.cmake
[0.467s] -- Up-to-date: /home/hiromichi/rost2/install/unique_identifier_msgs/share/unique_identifier_msgs/cmake/export_unique_identifier_msgs__rosidl_typesupport_fastrtps_cExport-noconfig.cmake
[0.467s] -- Up-to-date: /home/hiromichi/rost2/install/unique_identifier_msgs/share/unique_identifier_msgs/cmake/unique_identifier_msgs__rosidl_typesupport_introspection_cExport.cmake
[0.467s] -- Up-to-date: /home/hiromichi/rost2/install/unique_identifier_msgs/share/unique_identifier_msgs/cmake/unique_identifier_msgs__rosidl_typesupport_introspection_cExport-noconfig.cmake
[0.468s] -- Up-to-date: /home/hiromichi/rost2/install/unique_identifier_msgs/share/unique_identifier_msgs/cmake/unique_identifier_msgs__rosidl_typesupport_cExport.cmake
[0.468s] -- Up-to-date: /home/hiromichi/rost2/install/unique_identifier_msgs/share/unique_identifier_msgs/cmake/unique_identifier_msgs__rosidl_typesupport_cExport-noconfig.cmake
[0.468s] -- Up-to-date: /home/hiromichi/rost2/install/unique_identifier_msgs/share/unique_identifier_msgs/cmake/export_unique_identifier_msgs__rosidl_generator_cppExport.cmake
[0.469s] -- Up-to-date: /home/hiromichi/rost2/install/unique_identifier_msgs/share/unique_identifier_msgs/cmake/export_unique_identifier_msgs__rosidl_typesupport_fastrtps_cppExport.cmake
[0.470s] -- Up-to-date: /home/hiromichi/rost2/install/unique_identifier_msgs/share/unique_identifier_msgs/cmake/export_unique_identifier_msgs__rosidl_typesupport_fastrtps_cppExport-noconfig.cmake
[0.470s] -- Up-to-date: /home/hiromichi/rost2/install/unique_identifier_msgs/share/unique_identifier_msgs/cmake/unique_identifier_msgs__rosidl_typesupport_introspection_cppExport.cmake
[0.471s] -- Up-to-date: /home/hiromichi/rost2/install/unique_identifier_msgs/share/unique_identifier_msgs/cmake/unique_identifier_msgs__rosidl_typesupport_introspection_cppExport-noconfig.cmake
[0.471s] -- Up-to-date: /home/hiromichi/rost2/install/unique_identifier_msgs/share/unique_identifier_msgs/cmake/unique_identifier_msgs__rosidl_typesupport_cppExport.cmake
[0.471s] -- Up-to-date: /home/hiromichi/rost2/install/unique_identifier_msgs/share/unique_identifier_msgs/cmake/unique_identifier_msgs__rosidl_typesupport_cppExport-noconfig.cmake
[0.473s] -- Up-to-date: /home/hiromichi/rost2/install/unique_identifier_msgs/share/unique_identifier_msgs/cmake/export_unique_identifier_msgs__rosidl_generator_pyExport.cmake
[0.473s] -- Up-to-date: /home/hiromichi/rost2/install/unique_identifier_msgs/share/unique_identifier_msgs/cmake/export_unique_identifier_msgs__rosidl_generator_pyExport-noconfig.cmake
[0.473s] -- Up-to-date: /home/hiromichi/rost2/install/unique_identifier_msgs/share/unique_identifier_msgs/cmake/rosidl_cmake-extras.cmake
[0.473s] -- Up-to-date: /home/hiromichi/rost2/install/unique_identifier_msgs/share/unique_identifier_msgs/cmake/ament_cmake_export_include_directories-extras.cmake
[0.473s] -- Up-to-date: /home/hiromichi/rost2/install/unique_identifier_msgs/share/unique_identifier_msgs/cmake/ament_cmake_export_libraries-extras.cmake
[0.473s] -- Up-to-date: /home/hiromichi/rost2/install/unique_identifier_msgs/share/unique_identifier_msgs/cmake/ament_cmake_export_targets-extras.cmake
[0.473s] -- Up-to-date: /home/hiromichi/rost2/install/unique_identifier_msgs/share/unique_identifier_msgs/cmake/rosidl_cmake_export_typesupport_targets-extras.cmake
[0.473s] -- Up-to-date: /home/hiromichi/rost2/install/unique_identifier_msgs/share/unique_identifier_msgs/cmake/ament_cmake_export_dependencies-extras.cmake
[0.473s] -- Up-to-date: /home/hiromichi/rost2/install/unique_identifier_msgs/share/unique_identifier_msgs/cmake/rosidl_cmake_export_typesupport_libraries-extras.cmake
[0.474s] -- Up-to-date: /home/hiromichi/rost2/install/unique_identifier_msgs/share/unique_identifier_msgs/cmake/unique_identifier_msgsConfig.cmake
[0.474s] -- Up-to-date: /home/hiromichi/rost2/install/unique_identifier_msgs/share/unique_identifier_msgs/cmake/unique_identifier_msgsConfig-version.cmake
[0.474s] -- Up-to-date: /home/hiromichi/rost2/install/unique_identifier_msgs/share/unique_identifier_msgs/package.xml
[0.474s] -- Up-to-date: /home/hiromichi/rost2/install/unique_identifier_msgs/share/unique_identifier_msgs/mapping_rules.yaml
[0.474s] Invoked command in '/home/hiromichi/rost2/build/unique_identifier_msgs' returned '0': AMENT_PREFIX_PATH=/home/hiromichi/rost2/install/rosidl_default_runtime:/home/hiromichi/rost2/install/rosidl_default_generators:/home/hiromichi/rost2/install/rosidl_generator_rs:/home/hiromichi/rost2/install/rosidl_runtime_rs:${AMENT_PREFIX_PATH} CMAKE_PREFIX_PATH=/home/hiromichi/rost2/install/rosidl_default_runtime:/home/hiromichi/rost2/install/rosidl_default_generators:/home/hiromichi/rost2/install/rosidl_generator_rs:/opt/ros/humble PYTHONPATH=/home/hiromichi/rost2/install/rosidl_generator_rs/local/lib/python3.10/dist-packages:${PYTHONPATH} /usr/bin/cmake --install /home/hiromichi/rost2/build/unique_identifier_msgs
