[0.332s] Invoking command in '/home/hiro/rust_ws/src/build/composition_interfaces': AMENT_PREFIX_PATH=/home/hiro/rust_ws/src/install/rcl_interfaces:/home/hiro/rust_ws/src/install/builtin_interfaces:/home/hiro/rust_ws/src/install/rosidl_default_runtime:/home/hiro/rust_ws/src/install/rosidl_default_generators:/home/hiro/rust_ws/src/install/rosidl_generator_rs:/home/hiro/rust_ws/src/install/rosidl_runtime_rs:${AMENT_PREFIX_PATH} CMAKE_PREFIX_PATH=/home/hiro/rust_ws/src/install/rcl_interfaces:/home/hiro/rust_ws/src/install/builtin_interfaces:/home/hiro/rust_ws/src/install/rosidl_default_runtime:/home/hiro/rust_ws/src/install/rosidl_default_generators:/home/hiro/rust_ws/src/install/rosidl_generator_rs:/home/hiro/ws_livox/install/livox_ros_driver2:/opt/ros/humble LD_LIBRARY_PATH=/home/hiro/rust_ws/src/install/rcl_interfaces/lib:/home/hiro/rust_ws/src/install/builtin_interfaces/lib:${LD_LIBRARY_PATH} PYTHONPATH=/home/hiro/rust_ws/src/install/rcl_interfaces/local/lib/python3.10/dist-packages:/home/hiro/rust_ws/src/install/builtin_interfaces/local/lib/python3.10/dist-packages:/home/hiro/rust_ws/src/install/rosidl_generator_rs/local/lib/python3.10/dist-packages:${PYTHONPATH} /usr/bin/cmake --build /home/hiro/rust_ws/src/build/composition_interfaces -- -j22 -l22
[0.373s] [  2%] Built target composition_interfaces__rs
[0.373s] [ 12%] Built target composition_interfaces__rosidl_generator_c
[0.374s] [ 14%] Built target composition_interfaces__cpp
[0.379s] [ 14%] Built target ament_cmake_python_copy_composition_interfaces
[0.397s] [ 25%] Built target composition_interfaces__rosidl_typesupport_cpp
[0.398s] [ 35%] Built target composition_interfaces__rosidl_typesupport_introspection_c
[0.399s] [ 45%] Built target composition_interfaces__rosidl_typesupport_c
[0.399s] [ 56%] Built target composition_interfaces__rosidl_typesupport_fastrtps_cpp
[0.400s] [ 66%] Built target composition_interfaces__rosidl_typesupport_introspection_cpp
[0.401s] [ 77%] Built target composition_interfaces__rosidl_typesupport_fastrtps_c
[0.426s] [ 77%] Built target composition_interfaces
[0.443s] [ 79%] Built target composition_interfaces__py
[0.460s] [ 87%] Built target composition_interfaces__rosidl_generator_py
[0.480s] [ 91%] Built target composition_interfaces__rosidl_typesupport_fastrtps_c__pyext
[0.480s] [ 95%] Built target composition_interfaces__rosidl_typesupport_introspection_c__pyext
[0.481s] [100%] Built target composition_interfaces__rosidl_typesupport_c__pyext
[0.747s] running egg_info
[0.768s] writing composition_interfaces.egg-info/PKG-INFO
[0.769s] writing dependency_links to composition_interfaces.egg-info/dependency_links.txt
[0.770s] writing top-level names to composition_interfaces.egg-info/top_level.txt
[0.819s] reading manifest file 'composition_interfaces.egg-info/SOURCES.txt'
[0.820s] writing manifest file 'composition_interfaces.egg-info/SOURCES.txt'
[0.869s] [100%] Built target ament_cmake_python_build_composition_interfaces_egg
[0.878s] Invoked command in '/home/hiro/rust_ws/src/build/composition_interfaces' returned '0': AMENT_PREFIX_PATH=/home/hiro/rust_ws/src/install/rcl_interfaces:/home/hiro/rust_ws/src/install/builtin_interfaces:/home/hiro/rust_ws/src/install/rosidl_default_runtime:/home/hiro/rust_ws/src/install/rosidl_default_generators:/home/hiro/rust_ws/src/install/rosidl_generator_rs:/home/hiro/rust_ws/src/install/rosidl_runtime_rs:${AMENT_PREFIX_PATH} CMAKE_PREFIX_PATH=/home/hiro/rust_ws/src/install/rcl_interfaces:/home/hiro/rust_ws/src/install/builtin_interfaces:/home/hiro/rust_ws/src/install/rosidl_default_runtime:/home/hiro/rust_ws/src/install/rosidl_default_generators:/home/hiro/rust_ws/src/install/rosidl_generator_rs:/home/hiro/ws_livox/install/livox_ros_driver2:/opt/ros/humble LD_LIBRARY_PATH=/home/hiro/rust_ws/src/install/rcl_interfaces/lib:/home/hiro/rust_ws/src/install/builtin_interfaces/lib:${LD_LIBRARY_PATH} PYTHONPATH=/home/hiro/rust_ws/src/install/rcl_interfaces/local/lib/python3.10/dist-packages:/home/hiro/rust_ws/src/install/builtin_interfaces/local/lib/python3.10/dist-packages:/home/hiro/rust_ws/src/install/rosidl_generator_rs/local/lib/python3.10/dist-packages:${PYTHONPATH} /usr/bin/cmake --build /home/hiro/rust_ws/src/build/composition_interfaces -- -j22 -l22
[0.996s] Invoking command in '/home/hiro/rust_ws/src/build/composition_interfaces': AMENT_PREFIX_PATH=/home/hiro/rust_ws/src/install/rcl_interfaces:/home/hiro/rust_ws/src/install/builtin_interfaces:/home/hiro/rust_ws/src/install/rosidl_default_runtime:/home/hiro/rust_ws/src/install/rosidl_default_generators:/home/hiro/rust_ws/src/install/rosidl_generator_rs:/home/hiro/rust_ws/src/install/rosidl_runtime_rs:${AMENT_PREFIX_PATH} CMAKE_PREFIX_PATH=/home/hiro/rust_ws/src/install/rcl_interfaces:/home/hiro/rust_ws/src/install/builtin_interfaces:/home/hiro/rust_ws/src/install/rosidl_default_runtime:/home/hiro/rust_ws/src/install/rosidl_default_generators:/home/hiro/rust_ws/src/install/rosidl_generator_rs:/home/hiro/ws_livox/install/livox_ros_driver2:/opt/ros/humble LD_LIBRARY_PATH=/home/hiro/rust_ws/src/install/rcl_interfaces/lib:/home/hiro/rust_ws/src/install/builtin_interfaces/lib:${LD_LIBRARY_PATH} PYTHONPATH=/home/hiro/rust_ws/src/install/rcl_interfaces/local/lib/python3.10/dist-packages:/home/hiro/rust_ws/src/install/builtin_interfaces/local/lib/python3.10/dist-packages:/home/hiro/rust_ws/src/install/rosidl_generator_rs/local/lib/python3.10/dist-packages:${PYTHONPATH} /usr/bin/cmake --install /home/hiro/rust_ws/src/build/composition_interfaces
[1.026s] -- Install configuration: ""
[1.026s] -- Up-to-date: /home/hiro/rust_ws/src/install/composition_interfaces/share/ament_index/resource_index/rosidl_interfaces/composition_interfaces
[1.026s] -- Up-to-date: /home/hiro/rust_ws/src/install/composition_interfaces/include/composition_interfaces/composition_interfaces
[1.026s] -- Up-to-date: /home/hiro/rust_ws/src/install/composition_interfaces/include/composition_interfaces/composition_interfaces/msg
[1.026s] -- Up-to-date: /home/hiro/rust_ws/src/install/composition_interfaces/include/composition_interfaces/composition_interfaces/msg/rosidl_generator_c__visibility_control.h
[1.027s] -- Up-to-date: /home/hiro/rust_ws/src/install/composition_interfaces/include/composition_interfaces/composition_interfaces/srv
[1.027s] -- Up-to-date: /home/hiro/rust_ws/src/install/composition_interfaces/include/composition_interfaces/composition_interfaces/srv/unload_node.h
[1.027s] -- Up-to-date: /home/hiro/rust_ws/src/install/composition_interfaces/include/composition_interfaces/composition_interfaces/srv/list_nodes.h
[1.027s] -- Up-to-date: /home/hiro/rust_ws/src/install/composition_interfaces/include/composition_interfaces/composition_interfaces/srv/detail
[1.027s] -- Up-to-date: /home/hiro/rust_ws/src/install/composition_interfaces/include/composition_interfaces/composition_interfaces/srv/detail/load_node__functions.c
[1.027s] -- Up-to-date: /home/hiro/rust_ws/src/install/composition_interfaces/include/composition_interfaces/composition_interfaces/srv/detail/unload_node__functions.h
[1.027s] -- Up-to-date: /home/hiro/rust_ws/src/install/composition_interfaces/include/composition_interfaces/composition_interfaces/srv/detail/unload_node__struct.h
[1.027s] -- Up-to-date: /home/hiro/rust_ws/src/install/composition_interfaces/include/composition_interfaces/composition_interfaces/srv/detail/list_nodes__functions.h
[1.027s] -- Up-to-date: /home/hiro/rust_ws/src/install/composition_interfaces/include/composition_interfaces/composition_interfaces/srv/detail/load_node__type_support.h
[1.027s] -- Up-to-date: /home/hiro/rust_ws/src/install/composition_interfaces/include/composition_interfaces/composition_interfaces/srv/detail/load_node__functions.h
[1.028s] -- Up-to-date: /home/hiro/rust_ws/src/install/composition_interfaces/include/composition_interfaces/composition_interfaces/srv/detail/unload_node__functions.c
[1.028s] -- Up-to-date: /home/hiro/rust_ws/src/install/composition_interfaces/include/composition_interfaces/composition_interfaces/srv/detail/list_nodes__functions.c
[1.028s] -- Up-to-date: /home/hiro/rust_ws/src/install/composition_interfaces/include/composition_interfaces/composition_interfaces/srv/detail/load_node__struct.h
[1.028s] -- Up-to-date: /home/hiro/rust_ws/src/install/composition_interfaces/include/composition_interfaces/composition_interfaces/srv/detail/unload_node__type_support.h
[1.028s] -- Up-to-date: /home/hiro/rust_ws/src/install/composition_interfaces/include/composition_interfaces/composition_interfaces/srv/detail/list_nodes__type_support.h
[1.029s] -- Up-to-date: /home/hiro/rust_ws/src/install/composition_interfaces/include/composition_interfaces/composition_interfaces/srv/detail/list_nodes__struct.h
[1.029s] -- Up-to-date: /home/hiro/rust_ws/src/install/composition_interfaces/include/composition_interfaces/composition_interfaces/srv/load_node.h
[1.029s] -- Up-to-date: /home/hiro/rust_ws/src/install/composition_interfaces/share/composition_interfaces/environment/library_path.sh
[1.029s] -- Up-to-date: /home/hiro/rust_ws/src/install/composition_interfaces/share/composition_interfaces/environment/library_path.dsv
[1.029s] -- Up-to-date: /home/hiro/rust_ws/src/install/composition_interfaces/lib/libcomposition_interfaces__rosidl_generator_c.so
[1.029s] -- Up-to-date: /home/hiro/rust_ws/src/install/composition_interfaces/include/composition_interfaces/composition_interfaces
[1.029s] -- Up-to-date: /home/hiro/rust_ws/src/install/composition_interfaces/include/composition_interfaces/composition_interfaces/msg
[1.029s] -- Up-to-date: /home/hiro/rust_ws/src/install/composition_interfaces/include/composition_interfaces/composition_interfaces/msg/rosidl_typesupport_fastrtps_c__visibility_control.h
[1.030s] -- Up-to-date: /home/hiro/rust_ws/src/install/composition_interfaces/include/composition_interfaces/composition_interfaces/srv
[1.030s] -- Up-to-date: /home/hiro/rust_ws/src/install/composition_interfaces/include/composition_interfaces/composition_interfaces/srv/detail
[1.030s] -- Up-to-date: /home/hiro/rust_ws/src/install/composition_interfaces/include/composition_interfaces/composition_interfaces/srv/detail/load_node__rosidl_typesupport_fastrtps_c.h
[1.030s] -- Up-to-date: /home/hiro/rust_ws/src/install/composition_interfaces/include/composition_interfaces/composition_interfaces/srv/detail/list_nodes__rosidl_typesupport_fastrtps_c.h
[1.030s] -- Up-to-date: /home/hiro/rust_ws/src/install/composition_interfaces/include/composition_interfaces/composition_interfaces/srv/detail/unload_node__rosidl_typesupport_fastrtps_c.h
[1.031s] -- Up-to-date: /home/hiro/rust_ws/src/install/composition_interfaces/lib/libcomposition_interfaces__rosidl_typesupport_fastrtps_c.so
[1.032s] -- Up-to-date: /home/hiro/rust_ws/src/install/composition_interfaces/include/composition_interfaces/composition_interfaces
[1.032s] -- Up-to-date: /home/hiro/rust_ws/src/install/composition_interfaces/include/composition_interfaces/composition_interfaces/msg
[1.032s] -- Up-to-date: /home/hiro/rust_ws/src/install/composition_interfaces/include/composition_interfaces/composition_interfaces/msg/rosidl_typesupport_introspection_c__visibility_control.h
[1.032s] -- Up-to-date: /home/hiro/rust_ws/src/install/composition_interfaces/include/composition_interfaces/composition_interfaces/srv
[1.032s] -- Up-to-date: /home/hiro/rust_ws/src/install/composition_interfaces/include/composition_interfaces/composition_interfaces/srv/detail
[1.032s] -- Up-to-date: /home/hiro/rust_ws/src/install/composition_interfaces/include/composition_interfaces/composition_interfaces/srv/detail/load_node__rosidl_typesupport_introspection_c.h
[1.032s] -- Up-to-date: /home/hiro/rust_ws/src/install/composition_interfaces/include/composition_interfaces/composition_interfaces/srv/detail/unload_node__rosidl_typesupport_introspection_c.h
[1.033s] -- Up-to-date: /home/hiro/rust_ws/src/install/composition_interfaces/include/composition_interfaces/composition_interfaces/srv/detail/list_nodes__type_support.c
[1.033s] -- Up-to-date: /home/hiro/rust_ws/src/install/composition_interfaces/include/composition_interfaces/composition_interfaces/srv/detail/list_nodes__rosidl_typesupport_introspection_c.h
[1.033s] -- Up-to-date: /home/hiro/rust_ws/src/install/composition_interfaces/include/composition_interfaces/composition_interfaces/srv/detail/unload_node__type_support.c
[1.033s] -- Up-to-date: /home/hiro/rust_ws/src/install/composition_interfaces/include/composition_interfaces/composition_interfaces/srv/detail/load_node__type_support.c
[1.033s] -- Up-to-date: /home/hiro/rust_ws/src/install/composition_interfaces/lib/libcomposition_interfaces__rosidl_typesupport_introspection_c.so
[1.033s] -- Up-to-date: /home/hiro/rust_ws/src/install/composition_interfaces/lib/libcomposition_interfaces__rosidl_typesupport_c.so
[1.034s] -- Up-to-date: /home/hiro/rust_ws/src/install/composition_interfaces/include/composition_interfaces/composition_interfaces
[1.034s] -- Up-to-date: /home/hiro/rust_ws/src/install/composition_interfaces/include/composition_interfaces/composition_interfaces/srv
[1.034s] -- Up-to-date: /home/hiro/rust_ws/src/install/composition_interfaces/include/composition_interfaces/composition_interfaces/srv/list_nodes.hpp
[1.034s] -- Up-to-date: /home/hiro/rust_ws/src/install/composition_interfaces/include/composition_interfaces/composition_interfaces/srv/load_node.hpp
[1.034s] -- Up-to-date: /home/hiro/rust_ws/src/install/composition_interfaces/include/composition_interfaces/composition_interfaces/srv/unload_node.hpp
[1.034s] -- Up-to-date: /home/hiro/rust_ws/src/install/composition_interfaces/include/composition_interfaces/composition_interfaces/srv/detail
[1.034s] -- Up-to-date: /home/hiro/rust_ws/src/install/composition_interfaces/include/composition_interfaces/composition_interfaces/srv/detail/list_nodes__traits.hpp
[1.035s] -- Up-to-date: /home/hiro/rust_ws/src/install/composition_interfaces/include/composition_interfaces/composition_interfaces/srv/detail/load_node__struct.hpp
[1.035s] -- Up-to-date: /home/hiro/rust_ws/src/install/composition_interfaces/include/composition_interfaces/composition_interfaces/srv/detail/list_nodes__struct.hpp
[1.035s] -- Up-to-date: /home/hiro/rust_ws/src/install/composition_interfaces/include/composition_interfaces/composition_interfaces/srv/detail/list_nodes__builder.hpp
[1.035s] -- Up-to-date: /home/hiro/rust_ws/src/install/composition_interfaces/include/composition_interfaces/composition_interfaces/srv/detail/unload_node__traits.hpp
[1.035s] -- Up-to-date: /home/hiro/rust_ws/src/install/composition_interfaces/include/composition_interfaces/composition_interfaces/srv/detail/unload_node__builder.hpp
[1.035s] -- Up-to-date: /home/hiro/rust_ws/src/install/composition_interfaces/include/composition_interfaces/composition_interfaces/srv/detail/unload_node__struct.hpp
[1.035s] -- Up-to-date: /home/hiro/rust_ws/src/install/composition_interfaces/include/composition_interfaces/composition_interfaces/srv/detail/load_node__traits.hpp
[1.035s] -- Up-to-date: /home/hiro/rust_ws/src/install/composition_interfaces/include/composition_interfaces/composition_interfaces/srv/detail/load_node__builder.hpp
[1.036s] -- Up-to-date: /home/hiro/rust_ws/src/install/composition_interfaces/include/composition_interfaces/composition_interfaces
[1.036s] -- Up-to-date: /home/hiro/rust_ws/src/install/composition_interfaces/include/composition_interfaces/composition_interfaces/msg
[1.036s] -- Up-to-date: /home/hiro/rust_ws/src/install/composition_interfaces/include/composition_interfaces/composition_interfaces/msg/rosidl_typesupport_fastrtps_cpp__visibility_control.h
[1.036s] -- Up-to-date: /home/hiro/rust_ws/src/install/composition_interfaces/include/composition_interfaces/composition_interfaces/srv
[1.036s] -- Up-to-date: /home/hiro/rust_ws/src/install/composition_interfaces/include/composition_interfaces/composition_interfaces/srv/detail
[1.036s] -- Up-to-date: /home/hiro/rust_ws/src/install/composition_interfaces/include/composition_interfaces/composition_interfaces/srv/detail/dds_fastrtps
[1.037s] -- Up-to-date: /home/hiro/rust_ws/src/install/composition_interfaces/include/composition_interfaces/composition_interfaces/srv/detail/list_nodes__rosidl_typesupport_fastrtps_cpp.hpp
[1.037s] -- Up-to-date: /home/hiro/rust_ws/src/install/composition_interfaces/include/composition_interfaces/composition_interfaces/srv/detail/load_node__rosidl_typesupport_fastrtps_cpp.hpp
[1.037s] -- Up-to-date: /home/hiro/rust_ws/src/install/composition_interfaces/include/composition_interfaces/composition_interfaces/srv/detail/unload_node__rosidl_typesupport_fastrtps_cpp.hpp
[1.037s] -- Up-to-date: /home/hiro/rust_ws/src/install/composition_interfaces/lib/libcomposition_interfaces__rosidl_typesupport_fastrtps_cpp.so
[1.037s] -- Up-to-date: /home/hiro/rust_ws/src/install/composition_interfaces/include/composition_interfaces/composition_interfaces
[1.037s] -- Up-to-date: /home/hiro/rust_ws/src/install/composition_interfaces/include/composition_interfaces/composition_interfaces/srv
[1.037s] -- Up-to-date: /home/hiro/rust_ws/src/install/composition_interfaces/include/composition_interfaces/composition_interfaces/srv/detail
[1.038s] -- Up-to-date: /home/hiro/rust_ws/src/install/composition_interfaces/include/composition_interfaces/composition_interfaces/srv/detail/unload_node__rosidl_typesupport_introspection_cpp.hpp
[1.038s] -- Up-to-date: /home/hiro/rust_ws/src/install/composition_interfaces/include/composition_interfaces/composition_interfaces/srv/detail/load_node__rosidl_typesupport_introspection_cpp.hpp
[1.038s] -- Up-to-date: /home/hiro/rust_ws/src/install/composition_interfaces/include/composition_interfaces/composition_interfaces/srv/detail/load_node__type_support.cpp
[1.038s] -- Up-to-date: /home/hiro/rust_ws/src/install/composition_interfaces/include/composition_interfaces/composition_interfaces/srv/detail/unload_node__type_support.cpp
[1.038s] -- Up-to-date: /home/hiro/rust_ws/src/install/composition_interfaces/include/composition_interfaces/composition_interfaces/srv/detail/list_nodes__rosidl_typesupport_introspection_cpp.hpp
[1.038s] -- Up-to-date: /home/hiro/rust_ws/src/install/composition_interfaces/include/composition_interfaces/composition_interfaces/srv/detail/list_nodes__type_support.cpp
[1.038s] -- Up-to-date: /home/hiro/rust_ws/src/install/composition_interfaces/lib/libcomposition_interfaces__rosidl_typesupport_introspection_cpp.so
[1.038s] -- Up-to-date: /home/hiro/rust_ws/src/install/composition_interfaces/lib/libcomposition_interfaces__rosidl_typesupport_cpp.so
[1.039s] -- Up-to-date: /home/hiro/rust_ws/src/install/composition_interfaces/share/ament_index/resource_index/rust_packages/composition_interfaces
[1.039s] -- Up-to-date: /home/hiro/rust_ws/src/install/composition_interfaces/share/composition_interfaces/rust
[1.039s] -- Up-to-date: /home/hiro/rust_ws/src/install/composition_interfaces/share/composition_interfaces/rust/Cargo.toml
[1.039s] -- Up-to-date: /home/hiro/rust_ws/src/install/composition_interfaces/share/composition_interfaces/rust/build.rs
[1.039s] -- Up-to-date: /home/hiro/rust_ws/src/install/composition_interfaces/share/composition_interfaces/rust/src
[1.040s] -- Up-to-date: /home/hiro/rust_ws/src/install/composition_interfaces/share/composition_interfaces/rust/src/srv.rs
[1.040s] -- Up-to-date: /home/hiro/rust_ws/src/install/composition_interfaces/share/composition_interfaces/rust/src/lib.rs
[1.040s] -- Up-to-date: /home/hiro/rust_ws/src/install/composition_interfaces/share/composition_interfaces/environment/pythonpath.sh
[1.040s] -- Up-to-date: /home/hiro/rust_ws/src/install/composition_interfaces/share/composition_interfaces/environment/pythonpath.dsv
[1.040s] -- Up-to-date: /home/hiro/rust_ws/src/install/composition_interfaces/local/lib/python3.10/dist-packages/composition_interfaces-1.2.1-py3.10.egg-info
[1.040s] -- Installing: /home/hiro/rust_ws/src/install/composition_interfaces/local/lib/python3.10/dist-packages/composition_interfaces-1.2.1-py3.10.egg-info/top_level.txt
[1.040s] -- Installing: /home/hiro/rust_ws/src/install/composition_interfaces/local/lib/python3.10/dist-packages/composition_interfaces-1.2.1-py3.10.egg-info/PKG-INFO
[1.041s] -- Installing: /home/hiro/rust_ws/src/install/composition_interfaces/local/lib/python3.10/dist-packages/composition_interfaces-1.2.1-py3.10.egg-info/SOURCES.txt
[1.041s] -- Installing: /home/hiro/rust_ws/src/install/composition_interfaces/local/lib/python3.10/dist-packages/composition_interfaces-1.2.1-py3.10.egg-info/dependency_links.txt
[1.041s] -- Up-to-date: /home/hiro/rust_ws/src/install/composition_interfaces/local/lib/python3.10/dist-packages/composition_interfaces
[1.041s] -- Up-to-date: /home/hiro/rust_ws/src/install/composition_interfaces/local/lib/python3.10/dist-packages/composition_interfaces/composition_interfaces_s__rosidl_typesupport_introspection_c.cpython-310-x86_64-linux-gnu.so
[1.041s] -- Up-to-date: /home/hiro/rust_ws/src/install/composition_interfaces/local/lib/python3.10/dist-packages/composition_interfaces/composition_interfaces_s__rosidl_typesupport_c.cpython-310-x86_64-linux-gnu.so
[1.041s] -- Up-to-date: /home/hiro/rust_ws/src/install/composition_interfaces/local/lib/python3.10/dist-packages/composition_interfaces/_composition_interfaces_s.ep.rosidl_typesupport_c.c
[1.041s] -- Up-to-date: /home/hiro/rust_ws/src/install/composition_interfaces/local/lib/python3.10/dist-packages/composition_interfaces/composition_interfaces_s__rosidl_typesupport_fastrtps_c.cpython-310-x86_64-linux-gnu.so
[1.042s] -- Up-to-date: /home/hiro/rust_ws/src/install/composition_interfaces/local/lib/python3.10/dist-packages/composition_interfaces/_composition_interfaces_s.ep.rosidl_typesupport_introspection_c.c
[1.042s] -- Up-to-date: /home/hiro/rust_ws/src/install/composition_interfaces/local/lib/python3.10/dist-packages/composition_interfaces/__init__.py
[1.042s] -- Up-to-date: /home/hiro/rust_ws/src/install/composition_interfaces/local/lib/python3.10/dist-packages/composition_interfaces/libcomposition_interfaces__rosidl_generator_py.so
[1.042s] -- Up-to-date: /home/hiro/rust_ws/src/install/composition_interfaces/local/lib/python3.10/dist-packages/composition_interfaces/srv
[1.042s] -- Up-to-date: /home/hiro/rust_ws/src/install/composition_interfaces/local/lib/python3.10/dist-packages/composition_interfaces/srv/_load_node.py
[1.042s] -- Up-to-date: /home/hiro/rust_ws/src/install/composition_interfaces/local/lib/python3.10/dist-packages/composition_interfaces/srv/_load_node_s.c
[1.042s] -- Up-to-date: /home/hiro/rust_ws/src/install/composition_interfaces/local/lib/python3.10/dist-packages/composition_interfaces/srv/_list_nodes_s.c
[1.042s] -- Up-to-date: /home/hiro/rust_ws/src/install/composition_interfaces/local/lib/python3.10/dist-packages/composition_interfaces/srv/_list_nodes.py
[1.042s] -- Up-to-date: /home/hiro/rust_ws/src/install/composition_interfaces/local/lib/python3.10/dist-packages/composition_interfaces/srv/_unload_node_s.c
[1.043s] -- Up-to-date: /home/hiro/rust_ws/src/install/composition_interfaces/local/lib/python3.10/dist-packages/composition_interfaces/srv/__init__.py
[1.043s] -- Up-to-date: /home/hiro/rust_ws/src/install/composition_interfaces/local/lib/python3.10/dist-packages/composition_interfaces/srv/_unload_node.py
[1.043s] -- Up-to-date: /home/hiro/rust_ws/src/install/composition_interfaces/local/lib/python3.10/dist-packages/composition_interfaces/_composition_interfaces_s.ep.rosidl_typesupport_fastrtps_c.c
[1.043s] Listing '/home/hiro/rust_ws/src/install/composition_interfaces/local/lib/python3.10/dist-packages/composition_interfaces'...
[1.043s] Listing '/home/hiro/rust_ws/src/install/composition_interfaces/local/lib/python3.10/dist-packages/composition_interfaces/srv'...
[1.044s] -- Up-to-date: /home/hiro/rust_ws/src/install/composition_interfaces/local/lib/python3.10/dist-packages/composition_interfaces/composition_interfaces_s__rosidl_typesupport_fastrtps_c.cpython-310-x86_64-linux-gnu.so
[1.044s] -- Up-to-date: /home/hiro/rust_ws/src/install/composition_interfaces/local/lib/python3.10/dist-packages/composition_interfaces/composition_interfaces_s__rosidl_typesupport_introspection_c.cpython-310-x86_64-linux-gnu.so
[1.044s] -- Up-to-date: /home/hiro/rust_ws/src/install/composition_interfaces/local/lib/python3.10/dist-packages/composition_interfaces/composition_interfaces_s__rosidl_typesupport_c.cpython-310-x86_64-linux-gnu.so
[1.045s] -- Up-to-date: /home/hiro/rust_ws/src/install/composition_interfaces/lib/libcomposition_interfaces__rosidl_generator_py.so
[1.045s] -- Up-to-date: /home/hiro/rust_ws/src/install/composition_interfaces/share/composition_interfaces/srv/LoadNode.idl
[1.045s] -- Up-to-date: /home/hiro/rust_ws/src/install/composition_interfaces/share/composition_interfaces/srv/ListNodes.idl
[1.045s] -- Up-to-date: /home/hiro/rust_ws/src/install/composition_interfaces/share/composition_interfaces/srv/UnloadNode.idl
[1.045s] -- Up-to-date: /home/hiro/rust_ws/src/install/composition_interfaces/share/composition_interfaces/srv/LoadNode.srv
[1.045s] -- Up-to-date: /home/hiro/rust_ws/src/install/composition_interfaces/share/composition_interfaces/srv/LoadNode_Request.msg
[1.045s] -- Up-to-date: /home/hiro/rust_ws/src/install/composition_interfaces/share/composition_interfaces/srv/LoadNode_Response.msg
[1.046s] -- Up-to-date: /home/hiro/rust_ws/src/install/composition_interfaces/share/composition_interfaces/srv/ListNodes.srv
[1.046s] -- Up-to-date: /home/hiro/rust_ws/src/install/composition_interfaces/share/composition_interfaces/srv/ListNodes_Request.msg
[1.046s] -- Up-to-date: /home/hiro/rust_ws/src/install/composition_interfaces/share/composition_interfaces/srv/ListNodes_Response.msg
[1.046s] -- Up-to-date: /home/hiro/rust_ws/src/install/composition_interfaces/share/composition_interfaces/srv/UnloadNode.srv
[1.047s] -- Up-to-date: /home/hiro/rust_ws/src/install/composition_interfaces/share/composition_interfaces/srv/UnloadNode_Request.msg
[1.047s] -- Up-to-date: /home/hiro/rust_ws/src/install/composition_interfaces/share/composition_interfaces/srv/UnloadNode_Response.msg
[1.047s] -- Up-to-date: /home/hiro/rust_ws/src/install/composition_interfaces/share/ament_index/resource_index/package_run_dependencies/composition_interfaces
[1.047s] -- Up-to-date: /home/hiro/rust_ws/src/install/composition_interfaces/share/ament_index/resource_index/parent_prefix_path/composition_interfaces
[1.047s] -- Up-to-date: /home/hiro/rust_ws/src/install/composition_interfaces/share/composition_interfaces/environment/ament_prefix_path.sh
[1.047s] -- Up-to-date: /home/hiro/rust_ws/src/install/composition_interfaces/share/composition_interfaces/environment/ament_prefix_path.dsv
[1.049s] -- Up-to-date: /home/hiro/rust_ws/src/install/composition_interfaces/share/composition_interfaces/environment/path.sh
[1.049s] -- Up-to-date: /home/hiro/rust_ws/src/install/composition_interfaces/share/composition_interfaces/environment/path.dsv
[1.049s] -- Up-to-date: /home/hiro/rust_ws/src/install/composition_interfaces/share/composition_interfaces/local_setup.bash
[1.049s] -- Up-to-date: /home/hiro/rust_ws/src/install/composition_interfaces/share/composition_interfaces/local_setup.sh
[1.051s] -- Up-to-date: /home/hiro/rust_ws/src/install/composition_interfaces/share/composition_interfaces/local_setup.zsh
[1.051s] -- Up-to-date: /home/hiro/rust_ws/src/install/composition_interfaces/share/composition_interfaces/local_setup.dsv
[1.051s] -- Installing: /home/hiro/rust_ws/src/install/composition_interfaces/share/composition_interfaces/package.dsv
[1.051s] -- Up-to-date: /home/hiro/rust_ws/src/install/composition_interfaces/share/ament_index/resource_index/packages/composition_interfaces
[1.052s] -- Up-to-date: /home/hiro/rust_ws/src/install/composition_interfaces/share/composition_interfaces/cmake/export_composition_interfaces__rosidl_generator_cExport.cmake
[1.052s] -- Up-to-date: /home/hiro/rust_ws/src/install/composition_interfaces/share/composition_interfaces/cmake/export_composition_interfaces__rosidl_generator_cExport-noconfig.cmake
[1.052s] -- Up-to-date: /home/hiro/rust_ws/src/install/composition_interfaces/share/composition_interfaces/cmake/export_composition_interfaces__rosidl_typesupport_fastrtps_cExport.cmake
[1.052s] -- Up-to-date: /home/hiro/rust_ws/src/install/composition_interfaces/share/composition_interfaces/cmake/export_composition_interfaces__rosidl_typesupport_fastrtps_cExport-noconfig.cmake
[1.052s] -- Up-to-date: /home/hiro/rust_ws/src/install/composition_interfaces/share/composition_interfaces/cmake/composition_interfaces__rosidl_typesupport_introspection_cExport.cmake
[1.052s] -- Up-to-date: /home/hiro/rust_ws/src/install/composition_interfaces/share/composition_interfaces/cmake/composition_interfaces__rosidl_typesupport_introspection_cExport-noconfig.cmake
[1.052s] -- Up-to-date: /home/hiro/rust_ws/src/install/composition_interfaces/share/composition_interfaces/cmake/composition_interfaces__rosidl_typesupport_cExport.cmake
[1.053s] -- Up-to-date: /home/hiro/rust_ws/src/install/composition_interfaces/share/composition_interfaces/cmake/composition_interfaces__rosidl_typesupport_cExport-noconfig.cmake
[1.053s] -- Up-to-date: /home/hiro/rust_ws/src/install/composition_interfaces/share/composition_interfaces/cmake/export_composition_interfaces__rosidl_generator_cppExport.cmake
[1.053s] -- Up-to-date: /home/hiro/rust_ws/src/install/composition_interfaces/share/composition_interfaces/cmake/export_composition_interfaces__rosidl_typesupport_fastrtps_cppExport.cmake
[1.053s] -- Up-to-date: /home/hiro/rust_ws/src/install/composition_interfaces/share/composition_interfaces/cmake/export_composition_interfaces__rosidl_typesupport_fastrtps_cppExport-noconfig.cmake
[1.054s] -- Up-to-date: /home/hiro/rust_ws/src/install/composition_interfaces/share/composition_interfaces/cmake/composition_interfaces__rosidl_typesupport_introspection_cppExport.cmake
[1.054s] -- Up-to-date: /home/hiro/rust_ws/src/install/composition_interfaces/share/composition_interfaces/cmake/composition_interfaces__rosidl_typesupport_introspection_cppExport-noconfig.cmake
[1.054s] -- Up-to-date: /home/hiro/rust_ws/src/install/composition_interfaces/share/composition_interfaces/cmake/composition_interfaces__rosidl_typesupport_cppExport.cmake
[1.060s] -- Up-to-date: /home/hiro/rust_ws/src/install/composition_interfaces/share/composition_interfaces/cmake/composition_interfaces__rosidl_typesupport_cppExport-noconfig.cmake
[1.060s] -- Up-to-date: /home/hiro/rust_ws/src/install/composition_interfaces/share/composition_interfaces/cmake/export_composition_interfaces__rosidl_generator_pyExport.cmake
[1.061s] -- Up-to-date: /home/hiro/rust_ws/src/install/composition_interfaces/share/composition_interfaces/cmake/export_composition_interfaces__rosidl_generator_pyExport-noconfig.cmake
[1.061s] -- Up-to-date: /home/hiro/rust_ws/src/install/composition_interfaces/share/composition_interfaces/cmake/rosidl_cmake-extras.cmake
[1.061s] -- Up-to-date: /home/hiro/rust_ws/src/install/composition_interfaces/share/composition_interfaces/cmake/ament_cmake_export_dependencies-extras.cmake
[1.061s] -- Up-to-date: /home/hiro/rust_ws/src/install/composition_interfaces/share/composition_interfaces/cmake/ament_cmake_export_include_directories-extras.cmake
[1.061s] -- Up-to-date: /home/hiro/rust_ws/src/install/composition_interfaces/share/composition_interfaces/cmake/ament_cmake_export_libraries-extras.cmake
[1.061s] -- Up-to-date: /home/hiro/rust_ws/src/install/composition_interfaces/share/composition_interfaces/cmake/ament_cmake_export_targets-extras.cmake
[1.061s] -- Up-to-date: /home/hiro/rust_ws/src/install/composition_interfaces/share/composition_interfaces/cmake/rosidl_cmake_export_typesupport_targets-extras.cmake
[1.061s] -- Up-to-date: /home/hiro/rust_ws/src/install/composition_interfaces/share/composition_interfaces/cmake/rosidl_cmake_export_typesupport_libraries-extras.cmake
[1.062s] -- Up-to-date: /home/hiro/rust_ws/src/install/composition_interfaces/share/composition_interfaces/cmake/composition_interfacesConfig.cmake
[1.062s] -- Up-to-date: /home/hiro/rust_ws/src/install/composition_interfaces/share/composition_interfaces/cmake/composition_interfacesConfig-version.cmake
[1.062s] -- Up-to-date: /home/hiro/rust_ws/src/install/composition_interfaces/share/composition_interfaces/package.xml
[1.071s] Invoked command in '/home/hiro/rust_ws/src/build/composition_interfaces' returned '0': AMENT_PREFIX_PATH=/home/hiro/rust_ws/src/install/rcl_interfaces:/home/hiro/rust_ws/src/install/builtin_interfaces:/home/hiro/rust_ws/src/install/rosidl_default_runtime:/home/hiro/rust_ws/src/install/rosidl_default_generators:/home/hiro/rust_ws/src/install/rosidl_generator_rs:/home/hiro/rust_ws/src/install/rosidl_runtime_rs:${AMENT_PREFIX_PATH} CMAKE_PREFIX_PATH=/home/hiro/rust_ws/src/install/rcl_interfaces:/home/hiro/rust_ws/src/install/builtin_interfaces:/home/hiro/rust_ws/src/install/rosidl_default_runtime:/home/hiro/rust_ws/src/install/rosidl_default_generators:/home/hiro/rust_ws/src/install/rosidl_generator_rs:/home/hiro/ws_livox/install/livox_ros_driver2:/opt/ros/humble LD_LIBRARY_PATH=/home/hiro/rust_ws/src/install/rcl_interfaces/lib:/home/hiro/rust_ws/src/install/builtin_interfaces/lib:${LD_LIBRARY_PATH} PYTHONPATH=/home/hiro/rust_ws/src/install/rcl_interfaces/local/lib/python3.10/dist-packages:/home/hiro/rust_ws/src/install/builtin_interfaces/local/lib/python3.10/dist-packages:/home/hiro/rust_ws/src/install/rosidl_generator_rs/local/lib/python3.10/dist-packages:${PYTHONPATH} /usr/bin/cmake --install /home/hiro/rust_ws/src/build/composition_interfaces
