[0.101s] Invoking command in '/home/hiromichi/rost2/build/rosgraph_msgs': AMENT_PREFIX_PATH=/home/hiromichi/rost2/install/builtin_interfaces:/home/hiromichi/rost2/install/rosidl_default_runtime:/home/hiromichi/rost2/install/rosidl_default_generators:/home/hiromichi/rost2/install/rosidl_generator_rs:/home/hiromichi/rost2/install/rosidl_runtime_rs:${AMENT_PREFIX_PATH} CMAKE_PREFIX_PATH=/home/hiromichi/rost2/install/builtin_interfaces:/home/hiromichi/rost2/install/rosidl_default_runtime:/home/hiromichi/rost2/install/rosidl_default_generators:/home/hiromichi/rost2/install/rosidl_generator_rs:/opt/ros/humble LD_LIBRARY_PATH=/home/hiromichi/rost2/install/builtin_interfaces/lib:${LD_LIBRARY_PATH} PYTHONPATH=/home/hiromichi/rost2/install/builtin_interfaces/local/lib/python3.10/dist-packages:/home/hiromichi/rost2/install/rosidl_generator_rs/local/lib/python3.10/dist-packages:${PYTHONPATH} /usr/bin/cmake /home/hiromichi/rost2/src/ros2/rcl_interfaces/rosgraph_msgs -DCMAKE_INSTALL_PREFIX=/home/hiromichi/rost2/install/rosgraph_msgs
[0.207s] -- The C compiler identification is GNU 11.4.0
[0.275s] -- The CXX compiler identification is GNU 11.4.0
[0.292s] -- Detecting C compiler ABI info
[0.363s] -- Detecting C compiler ABI info - done
[0.390s] -- Check for working C compiler: /usr/bin/cc - skipped
[0.390s] -- Detecting C compile features
[0.391s] -- Detecting C compile features - done
[0.391s] -- Detecting CXX compiler ABI info
[0.450s] -- Detecting CXX compiler ABI info - done
[0.460s] -- Check for working CXX compiler: /usr/bin/c++ - skipped
[0.461s] -- Detecting CXX compile features
[0.462s] -- Detecting CXX compile features - done
[0.463s] -- Found ament_cmake: 1.3.2 (/opt/ros/humble/share/ament_cmake/cmake)
[0.610s] -- Found Python3: /usr/bin/python3.10 (found version "3.10.12") found components: Interpreter 
[0.691s] -- Found builtin_interfaces: 1.2.1 (/home/hiromichi/rost2/install/builtin_interfaces/share/builtin_interfaces/cmake)
[0.719s] -- Found rosidl_generator_c: 3.1.3 (/opt/ros/humble/share/rosidl_generator_c/cmake)
[0.723s] -- Found rosidl_adapter: 3.1.3 (/opt/ros/humble/share/rosidl_adapter/cmake)
[0.729s] -- Found rosidl_generator_cpp: 3.1.3 (/opt/ros/humble/share/rosidl_generator_cpp/cmake)
[0.738s] -- Using all available rosidl_typesupport_c: rosidl_typesupport_fastrtps_c;rosidl_typesupport_introspection_c
[0.751s] -- Using all available rosidl_typesupport_cpp: rosidl_typesupport_fastrtps_cpp;rosidl_typesupport_introspection_cpp
[0.768s] -- Found rosidl_default_generators: 1.2.0 (/home/hiromichi/rost2/install/rosidl_default_generators/share/rosidl_default_generators/cmake)
[0.994s] -- Found ament_cmake_cppcheck: 0.12.4 (/opt/ros/humble/share/ament_cmake_cppcheck/cmake)
[0.995s] -- Found ament_cmake_cpplint: 0.12.4 (/opt/ros/humble/share/ament_cmake_cpplint/cmake)
[0.997s] -- Found ament_cmake_uncrustify: 0.12.4 (/opt/ros/humble/share/ament_cmake_uncrustify/cmake)
[0.998s] -- Found ament_cmake_ros: 0.10.0 (/opt/ros/humble/share/ament_cmake_ros/cmake)
[1.258s] -- Using all available rosidl_typesupport_c: rosidl_typesupport_fastrtps_c;rosidl_typesupport_introspection_c
[1.351s] -- Using all available rosidl_typesupport_cpp: rosidl_typesupport_fastrtps_cpp;rosidl_typesupport_introspection_cpp
[1.375s] -- Found PythonInterp: /usr/bin/python3 (found suitable version "3.10.12", minimum required is "3.6") 
[1.376s] -- Found python_cmake_module: 0.10.0 (/opt/ros/humble/share/python_cmake_module/cmake)
[1.398s] -- Found PythonLibs: /usr/lib/x86_64-linux-gnu/libpython3.10.so (found suitable version "3.10.12", minimum required is "3.5") 
[1.398s] -- Using PYTHON_EXECUTABLE: /usr/bin/python3
[1.398s] -- Using PYTHON_INCLUDE_DIRS: /usr/include/python3.10
[1.398s] -- Using PYTHON_LIBRARIES: /usr/lib/x86_64-linux-gnu/libpython3.10.so
[1.414s] -- Found PythonExtra: .so  
[1.447s] -- Found ament_cmake_flake8: 0.12.4 (/opt/ros/humble/share/ament_cmake_flake8/cmake)
[1.449s] -- Found ament_cmake_pep257: 0.12.4 (/opt/ros/humble/share/ament_cmake_pep257/cmake)
[1.453s] -- Configuring done
[1.479s] -- Generating done
[1.481s] -- Build files have been written to: /home/hiromichi/rost2/build/rosgraph_msgs
[1.487s] Invoked command in '/home/hiromichi/rost2/build/rosgraph_msgs' returned '0': AMENT_PREFIX_PATH=/home/hiromichi/rost2/install/builtin_interfaces:/home/hiromichi/rost2/install/rosidl_default_runtime:/home/hiromichi/rost2/install/rosidl_default_generators:/home/hiromichi/rost2/install/rosidl_generator_rs:/home/hiromichi/rost2/install/rosidl_runtime_rs:${AMENT_PREFIX_PATH} CMAKE_PREFIX_PATH=/home/hiromichi/rost2/install/builtin_interfaces:/home/hiromichi/rost2/install/rosidl_default_runtime:/home/hiromichi/rost2/install/rosidl_default_generators:/home/hiromichi/rost2/install/rosidl_generator_rs:/opt/ros/humble LD_LIBRARY_PATH=/home/hiromichi/rost2/install/builtin_interfaces/lib:${LD_LIBRARY_PATH} PYTHONPATH=/home/hiromichi/rost2/install/builtin_interfaces/local/lib/python3.10/dist-packages:/home/hiromichi/rost2/install/rosidl_generator_rs/local/lib/python3.10/dist-packages:${PYTHONPATH} /usr/bin/cmake /home/hiromichi/rost2/src/ros2/rcl_interfaces/rosgraph_msgs -DCMAKE_INSTALL_PREFIX=/home/hiromichi/rost2/install/rosgraph_msgs
[1.488s] Invoking command in '/home/hiromichi/rost2/build/rosgraph_msgs': AMENT_PREFIX_PATH=/home/hiromichi/rost2/install/builtin_interfaces:/home/hiromichi/rost2/install/rosidl_default_runtime:/home/hiromichi/rost2/install/rosidl_default_generators:/home/hiromichi/rost2/install/rosidl_generator_rs:/home/hiromichi/rost2/install/rosidl_runtime_rs:${AMENT_PREFIX_PATH} CMAKE_PREFIX_PATH=/home/hiromichi/rost2/install/builtin_interfaces:/home/hiromichi/rost2/install/rosidl_default_runtime:/home/hiromichi/rost2/install/rosidl_default_generators:/home/hiromichi/rost2/install/rosidl_generator_rs:/opt/ros/humble LD_LIBRARY_PATH=/home/hiromichi/rost2/install/builtin_interfaces/lib:${LD_LIBRARY_PATH} PYTHONPATH=/home/hiromichi/rost2/install/builtin_interfaces/local/lib/python3.10/dist-packages:/home/hiromichi/rost2/install/rosidl_generator_rs/local/lib/python3.10/dist-packages:${PYTHONPATH} /usr/bin/cmake --build /home/hiromichi/rost2/build/rosgraph_msgs -- -j20 -l20
[1.517s] [  3%] [34m[1mGenerating C code for ROS interfaces[0m
[1.524s] [  9%] [34m[1mGenerating Rust code for ROS interfaces[0m
[1.524s] [  9%] [34m[1mGenerating C++ code for ROS interfaces[0m
[1.533s] [  9%] Built target ament_cmake_python_copy_rosgraph_msgs
[1.763s] running egg_info
[1.764s] creating rosgraph_msgs.egg-info
[1.764s] writing rosgraph_msgs.egg-info/PKG-INFO
[1.765s] writing dependency_links to rosgraph_msgs.egg-info/dependency_links.txt
[1.765s] writing top-level names to rosgraph_msgs.egg-info/top_level.txt
[1.765s] writing manifest file 'rosgraph_msgs.egg-info/SOURCES.txt'
[1.767s] reading manifest file 'rosgraph_msgs.egg-info/SOURCES.txt'
[1.767s] writing manifest file 'rosgraph_msgs.egg-info/SOURCES.txt'
[1.784s] [  9%] Built target rosgraph_msgs__rs
[1.798s] [  9%] Built target ament_cmake_python_build_rosgraph_msgs_egg
[1.815s] [  9%] Built target rosgraph_msgs__cpp
[1.828s] [ 12%] [34m[1mGenerating C++ type support for eProsima Fast-RTPS[0m
[1.832s] [ 15%] [34m[1mGenerating C++ introspection for ROS interfaces[0m
[1.840s] [ 18%] [34m[1mGenerating C++ type support dispatch for ROS interfaces[0m
[1.855s] [ 21%] [32mBuilding C object CMakeFiles/rosgraph_msgs__rosidl_generator_c.dir/rosidl_generator_c/rosgraph_msgs/msg/detail/clock__functions.c.o[0m
[2.030s] [ 25%] [32m[1mLinking C shared library librosgraph_msgs__rosidl_generator_c.so[0m
[2.128s] [ 25%] Built target rosgraph_msgs__rosidl_generator_c
[2.140s] [ 28%] [34m[1mGenerating C type support for eProsima Fast-RTPS[0m
[2.148s] [ 34%] [34m[1mGenerating C type support dispatch for ROS interfaces[0m
[2.148s] [ 34%] [32mBuilding CXX object CMakeFiles/rosgraph_msgs__rosidl_typesupport_cpp.dir/rosidl_typesupport_cpp/rosgraph_msgs/msg/clock__type_support.cpp.o[0m
[2.148s] [ 37%] [34m[1mGenerating C introspection for ROS interfaces[0m
[2.185s] [ 40%] [32mBuilding CXX object CMakeFiles/rosgraph_msgs__rosidl_typesupport_fastrtps_cpp.dir/rosidl_typesupport_fastrtps_cpp/rosgraph_msgs/msg/detail/dds_fastrtps/clock__type_support.cpp.o[0m
[2.189s] [ 43%] [32mBuilding CXX object CMakeFiles/rosgraph_msgs__rosidl_typesupport_introspection_cpp.dir/rosidl_typesupport_introspection_cpp/rosgraph_msgs/msg/detail/clock__type_support.cpp.o[0m
[2.525s] [ 46%] [32mBuilding C object CMakeFiles/rosgraph_msgs__rosidl_typesupport_introspection_c.dir/rosidl_typesupport_introspection_c/rosgraph_msgs/msg/detail/clock__type_support.c.o[0m
[2.533s] [ 50%] [32mBuilding CXX object CMakeFiles/rosgraph_msgs__rosidl_typesupport_c.dir/rosidl_typesupport_c/rosgraph_msgs/msg/clock__type_support.cpp.o[0m
[2.545s] [ 53%] [32mBuilding CXX object CMakeFiles/rosgraph_msgs__rosidl_typesupport_fastrtps_c.dir/rosidl_typesupport_fastrtps_c/rosgraph_msgs/msg/detail/clock__type_support_c.cpp.o[0m
[2.567s] [ 56%] [32m[1mLinking CXX shared library librosgraph_msgs__rosidl_typesupport_cpp.so[0m
[2.585s] [ 59%] [32m[1mLinking C shared library librosgraph_msgs__rosidl_typesupport_introspection_c.so[0m
[2.602s] [ 62%] [32m[1mLinking CXX shared library librosgraph_msgs__rosidl_typesupport_c.so[0m
[2.618s] [ 62%] Built target rosgraph_msgs__rosidl_typesupport_cpp
[2.651s] [ 62%] Built target rosgraph_msgs__rosidl_typesupport_introspection_c
[2.653s] [ 62%] Built target rosgraph_msgs__rosidl_typesupport_c
[2.718s] [ 65%] [32m[1mLinking CXX shared library librosgraph_msgs__rosidl_typesupport_fastrtps_cpp.so[0m
[2.817s] [ 68%] [32m[1mLinking CXX shared library librosgraph_msgs__rosidl_typesupport_introspection_cpp.so[0m
[2.846s] [ 68%] Built target rosgraph_msgs__rosidl_typesupport_fastrtps_cpp
[2.903s] [ 68%] Built target rosgraph_msgs__rosidl_typesupport_introspection_cpp
[2.904s] [ 71%] [32m[1mLinking CXX shared library librosgraph_msgs__rosidl_typesupport_fastrtps_c.so[0m
[3.083s] [ 71%] Built target rosgraph_msgs__rosidl_typesupport_fastrtps_c
[3.227s] [ 71%] Built target rosgraph_msgs
[3.358s] [ 75%] [34m[1mGenerating Python code for ROS interfaces[0m
[4.040s] [ 75%] Built target rosgraph_msgs__py
[4.111s] [ 78%] [32mBuilding C object CMakeFiles/rosgraph_msgs__rosidl_generator_py.dir/rosidl_generator_py/rosgraph_msgs/msg/_clock_s.c.o[0m
[4.376s] [ 81%] [32m[1mLinking C shared library rosidl_generator_py/rosgraph_msgs/librosgraph_msgs__rosidl_generator_py.so[0m
[4.499s] [ 81%] Built target rosgraph_msgs__rosidl_generator_py
[4.572s] [ 84%] [32mBuilding C object CMakeFiles/rosgraph_msgs__rosidl_typesupport_introspection_c__pyext.dir/rosidl_generator_py/rosgraph_msgs/_rosgraph_msgs_s.ep.rosidl_typesupport_introspection_c.c.o[0m
[4.578s] [ 87%] [32mBuilding C object CMakeFiles/rosgraph_msgs__rosidl_typesupport_fastrtps_c__pyext.dir/rosidl_generator_py/rosgraph_msgs/_rosgraph_msgs_s.ep.rosidl_typesupport_fastrtps_c.c.o[0m
[4.586s] [ 90%] [32mBuilding C object CMakeFiles/rosgraph_msgs__rosidl_typesupport_c__pyext.dir/rosidl_generator_py/rosgraph_msgs/_rosgraph_msgs_s.ep.rosidl_typesupport_c.c.o[0m
[4.690s] [ 93%] [32m[1mLinking C shared library rosidl_generator_py/rosgraph_msgs/rosgraph_msgs_s__rosidl_typesupport_introspection_c.cpython-310-x86_64-linux-gnu.so[0m
[4.692s] [ 96%] [32m[1mLinking C shared library rosidl_generator_py/rosgraph_msgs/rosgraph_msgs_s__rosidl_typesupport_fastrtps_c.cpython-310-x86_64-linux-gnu.so[0m
[4.711s] [100%] [32m[1mLinking C shared library rosidl_generator_py/rosgraph_msgs/rosgraph_msgs_s__rosidl_typesupport_c.cpython-310-x86_64-linux-gnu.so[0m
[4.726s] [100%] Built target rosgraph_msgs__rosidl_typesupport_introspection_c__pyext
[4.732s] [100%] Built target rosgraph_msgs__rosidl_typesupport_fastrtps_c__pyext
[4.745s] [100%] Built target rosgraph_msgs__rosidl_typesupport_c__pyext
[4.756s] Invoked command in '/home/hiromichi/rost2/build/rosgraph_msgs' returned '0': AMENT_PREFIX_PATH=/home/hiromichi/rost2/install/builtin_interfaces:/home/hiromichi/rost2/install/rosidl_default_runtime:/home/hiromichi/rost2/install/rosidl_default_generators:/home/hiromichi/rost2/install/rosidl_generator_rs:/home/hiromichi/rost2/install/rosidl_runtime_rs:${AMENT_PREFIX_PATH} CMAKE_PREFIX_PATH=/home/hiromichi/rost2/install/builtin_interfaces:/home/hiromichi/rost2/install/rosidl_default_runtime:/home/hiromichi/rost2/install/rosidl_default_generators:/home/hiromichi/rost2/install/rosidl_generator_rs:/opt/ros/humble LD_LIBRARY_PATH=/home/hiromichi/rost2/install/builtin_interfaces/lib:${LD_LIBRARY_PATH} PYTHONPATH=/home/hiromichi/rost2/install/builtin_interfaces/local/lib/python3.10/dist-packages:/home/hiromichi/rost2/install/rosidl_generator_rs/local/lib/python3.10/dist-packages:${PYTHONPATH} /usr/bin/cmake --build /home/hiromichi/rost2/build/rosgraph_msgs -- -j20 -l20
[4.815s] Invoking command in '/home/hiromichi/rost2/build/rosgraph_msgs': AMENT_PREFIX_PATH=/home/hiromichi/rost2/install/builtin_interfaces:/home/hiromichi/rost2/install/rosidl_default_runtime:/home/hiromichi/rost2/install/rosidl_default_generators:/home/hiromichi/rost2/install/rosidl_generator_rs:/home/hiromichi/rost2/install/rosidl_runtime_rs:${AMENT_PREFIX_PATH} CMAKE_PREFIX_PATH=/home/hiromichi/rost2/install/builtin_interfaces:/home/hiromichi/rost2/install/rosidl_default_runtime:/home/hiromichi/rost2/install/rosidl_default_generators:/home/hiromichi/rost2/install/rosidl_generator_rs:/opt/ros/humble LD_LIBRARY_PATH=/home/hiromichi/rost2/install/builtin_interfaces/lib:${LD_LIBRARY_PATH} PYTHONPATH=/home/hiromichi/rost2/install/builtin_interfaces/local/lib/python3.10/dist-packages:/home/hiromichi/rost2/install/rosidl_generator_rs/local/lib/python3.10/dist-packages:${PYTHONPATH} /usr/bin/cmake --install /home/hiromichi/rost2/build/rosgraph_msgs
[4.821s] -- Install configuration: ""
[4.821s] -- Installing: /home/hiromichi/rost2/install/rosgraph_msgs/share/ament_index/resource_index/rosidl_interfaces/rosgraph_msgs
[4.821s] -- Installing: /home/hiromichi/rost2/install/rosgraph_msgs/include/rosgraph_msgs/rosgraph_msgs
[4.821s] -- Installing: /home/hiromichi/rost2/install/rosgraph_msgs/include/rosgraph_msgs/rosgraph_msgs/msg
[4.821s] -- Installing: /home/hiromichi/rost2/install/rosgraph_msgs/include/rosgraph_msgs/rosgraph_msgs/msg/clock.h
[4.821s] -- Installing: /home/hiromichi/rost2/install/rosgraph_msgs/include/rosgraph_msgs/rosgraph_msgs/msg/rosidl_generator_c__visibility_control.h
[4.821s] -- Installing: /home/hiromichi/rost2/install/rosgraph_msgs/include/rosgraph_msgs/rosgraph_msgs/msg/detail
[4.822s] -- Installing: /home/hiromichi/rost2/install/rosgraph_msgs/include/rosgraph_msgs/rosgraph_msgs/msg/detail/clock__functions.h
[4.822s] -- Installing: /home/hiromichi/rost2/install/rosgraph_msgs/include/rosgraph_msgs/rosgraph_msgs/msg/detail/clock__struct.h
[4.822s] -- Installing: /home/hiromichi/rost2/install/rosgraph_msgs/include/rosgraph_msgs/rosgraph_msgs/msg/detail/clock__type_support.h
[4.822s] -- Installing: /home/hiromichi/rost2/install/rosgraph_msgs/include/rosgraph_msgs/rosgraph_msgs/msg/detail/clock__functions.c
[4.822s] -- Installing: /home/hiromichi/rost2/install/rosgraph_msgs/share/rosgraph_msgs/environment/library_path.sh
[4.822s] -- Installing: /home/hiromichi/rost2/install/rosgraph_msgs/share/rosgraph_msgs/environment/library_path.dsv
[4.822s] -- Installing: /home/hiromichi/rost2/install/rosgraph_msgs/lib/librosgraph_msgs__rosidl_generator_c.so
[4.822s] -- Set runtime path of "/home/hiromichi/rost2/install/rosgraph_msgs/lib/librosgraph_msgs__rosidl_generator_c.so" to ""
[4.823s] -- Up-to-date: /home/hiromichi/rost2/install/rosgraph_msgs/include/rosgraph_msgs/rosgraph_msgs
[4.823s] -- Up-to-date: /home/hiromichi/rost2/install/rosgraph_msgs/include/rosgraph_msgs/rosgraph_msgs/msg
[4.823s] -- Installing: /home/hiromichi/rost2/install/rosgraph_msgs/include/rosgraph_msgs/rosgraph_msgs/msg/rosidl_typesupport_fastrtps_c__visibility_control.h
[4.823s] -- Up-to-date: /home/hiromichi/rost2/install/rosgraph_msgs/include/rosgraph_msgs/rosgraph_msgs/msg/detail
[4.823s] -- Installing: /home/hiromichi/rost2/install/rosgraph_msgs/include/rosgraph_msgs/rosgraph_msgs/msg/detail/clock__rosidl_typesupport_fastrtps_c.h
[4.823s] -- Installing: /home/hiromichi/rost2/install/rosgraph_msgs/lib/librosgraph_msgs__rosidl_typesupport_fastrtps_c.so
[4.823s] -- Set runtime path of "/home/hiromichi/rost2/install/rosgraph_msgs/lib/librosgraph_msgs__rosidl_typesupport_fastrtps_c.so" to ""
[4.823s] -- Up-to-date: /home/hiromichi/rost2/install/rosgraph_msgs/include/rosgraph_msgs/rosgraph_msgs
[4.823s] -- Up-to-date: /home/hiromichi/rost2/install/rosgraph_msgs/include/rosgraph_msgs/rosgraph_msgs/msg
[4.823s] -- Installing: /home/hiromichi/rost2/install/rosgraph_msgs/include/rosgraph_msgs/rosgraph_msgs/msg/clock.hpp
[4.823s] -- Up-to-date: /home/hiromichi/rost2/install/rosgraph_msgs/include/rosgraph_msgs/rosgraph_msgs/msg/detail
[4.823s] -- Installing: /home/hiromichi/rost2/install/rosgraph_msgs/include/rosgraph_msgs/rosgraph_msgs/msg/detail/clock__builder.hpp
[4.823s] -- Installing: /home/hiromichi/rost2/install/rosgraph_msgs/include/rosgraph_msgs/rosgraph_msgs/msg/detail/clock__traits.hpp
[4.823s] -- Installing: /home/hiromichi/rost2/install/rosgraph_msgs/include/rosgraph_msgs/rosgraph_msgs/msg/detail/clock__struct.hpp
[4.823s] -- Up-to-date: /home/hiromichi/rost2/install/rosgraph_msgs/include/rosgraph_msgs/rosgraph_msgs
[4.824s] -- Up-to-date: /home/hiromichi/rost2/install/rosgraph_msgs/include/rosgraph_msgs/rosgraph_msgs/msg
[4.824s] -- Installing: /home/hiromichi/rost2/install/rosgraph_msgs/include/rosgraph_msgs/rosgraph_msgs/msg/rosidl_typesupport_fastrtps_cpp__visibility_control.h
[4.824s] -- Up-to-date: /home/hiromichi/rost2/install/rosgraph_msgs/include/rosgraph_msgs/rosgraph_msgs/msg/detail
[4.824s] -- Installing: /home/hiromichi/rost2/install/rosgraph_msgs/include/rosgraph_msgs/rosgraph_msgs/msg/detail/clock__rosidl_typesupport_fastrtps_cpp.hpp
[4.824s] -- Installing: /home/hiromichi/rost2/install/rosgraph_msgs/include/rosgraph_msgs/rosgraph_msgs/msg/detail/dds_fastrtps
[4.824s] -- Installing: /home/hiromichi/rost2/install/rosgraph_msgs/lib/librosgraph_msgs__rosidl_typesupport_fastrtps_cpp.so
[4.825s] -- Set runtime path of "/home/hiromichi/rost2/install/rosgraph_msgs/lib/librosgraph_msgs__rosidl_typesupport_fastrtps_cpp.so" to ""
[4.826s] -- Up-to-date: /home/hiromichi/rost2/install/rosgraph_msgs/include/rosgraph_msgs/rosgraph_msgs
[4.826s] -- Up-to-date: /home/hiromichi/rost2/install/rosgraph_msgs/include/rosgraph_msgs/rosgraph_msgs/msg
[4.826s] -- Installing: /home/hiromichi/rost2/install/rosgraph_msgs/include/rosgraph_msgs/rosgraph_msgs/msg/rosidl_typesupport_introspection_c__visibility_control.h
[4.826s] -- Up-to-date: /home/hiromichi/rost2/install/rosgraph_msgs/include/rosgraph_msgs/rosgraph_msgs/msg/detail
[4.826s] -- Installing: /home/hiromichi/rost2/install/rosgraph_msgs/include/rosgraph_msgs/rosgraph_msgs/msg/detail/clock__rosidl_typesupport_introspection_c.h
[4.827s] -- Installing: /home/hiromichi/rost2/install/rosgraph_msgs/include/rosgraph_msgs/rosgraph_msgs/msg/detail/clock__type_support.c
[4.827s] -- Installing: /home/hiromichi/rost2/install/rosgraph_msgs/lib/librosgraph_msgs__rosidl_typesupport_introspection_c.so
[4.827s] -- Set runtime path of "/home/hiromichi/rost2/install/rosgraph_msgs/lib/librosgraph_msgs__rosidl_typesupport_introspection_c.so" to ""
[4.827s] -- Installing: /home/hiromichi/rost2/install/rosgraph_msgs/lib/librosgraph_msgs__rosidl_typesupport_c.so
[4.827s] -- Set runtime path of "/home/hiromichi/rost2/install/rosgraph_msgs/lib/librosgraph_msgs__rosidl_typesupport_c.so" to ""
[4.827s] -- Up-to-date: /home/hiromichi/rost2/install/rosgraph_msgs/include/rosgraph_msgs/rosgraph_msgs
[4.827s] -- Up-to-date: /home/hiromichi/rost2/install/rosgraph_msgs/include/rosgraph_msgs/rosgraph_msgs/msg
[4.827s] -- Up-to-date: /home/hiromichi/rost2/install/rosgraph_msgs/include/rosgraph_msgs/rosgraph_msgs/msg/detail
[4.827s] -- Installing: /home/hiromichi/rost2/install/rosgraph_msgs/include/rosgraph_msgs/rosgraph_msgs/msg/detail/clock__rosidl_typesupport_introspection_cpp.hpp
[4.827s] -- Installing: /home/hiromichi/rost2/install/rosgraph_msgs/include/rosgraph_msgs/rosgraph_msgs/msg/detail/clock__type_support.cpp
[4.827s] -- Installing: /home/hiromichi/rost2/install/rosgraph_msgs/lib/librosgraph_msgs__rosidl_typesupport_introspection_cpp.so
[4.828s] -- Set runtime path of "/home/hiromichi/rost2/install/rosgraph_msgs/lib/librosgraph_msgs__rosidl_typesupport_introspection_cpp.so" to ""
[4.828s] -- Installing: /home/hiromichi/rost2/install/rosgraph_msgs/lib/librosgraph_msgs__rosidl_typesupport_cpp.so
[4.828s] -- Set runtime path of "/home/hiromichi/rost2/install/rosgraph_msgs/lib/librosgraph_msgs__rosidl_typesupport_cpp.so" to ""
[4.828s] -- Installing: /home/hiromichi/rost2/install/rosgraph_msgs/share/ament_index/resource_index/rust_packages/rosgraph_msgs
[4.828s] -- Installing: /home/hiromichi/rost2/install/rosgraph_msgs/share/rosgraph_msgs/rust
[4.829s] -- Installing: /home/hiromichi/rost2/install/rosgraph_msgs/share/rosgraph_msgs/rust/src
[4.829s] -- Installing: /home/hiromichi/rost2/install/rosgraph_msgs/share/rosgraph_msgs/rust/src/msg.rs
[4.829s] -- Installing: /home/hiromichi/rost2/install/rosgraph_msgs/share/rosgraph_msgs/rust/src/lib.rs
[4.829s] -- Installing: /home/hiromichi/rost2/install/rosgraph_msgs/share/rosgraph_msgs/rust/Cargo.toml
[4.829s] -- Installing: /home/hiromichi/rost2/install/rosgraph_msgs/share/rosgraph_msgs/rust/build.rs
[4.829s] -- Installing: /home/hiromichi/rost2/install/rosgraph_msgs/share/rosgraph_msgs/environment/pythonpath.sh
[4.829s] -- Installing: /home/hiromichi/rost2/install/rosgraph_msgs/share/rosgraph_msgs/environment/pythonpath.dsv
[4.833s] -- Installing: /home/hiromichi/rost2/install/rosgraph_msgs/local/lib/python3.10/dist-packages/rosgraph_msgs-1.2.1-py3.10.egg-info
[4.833s] -- Installing: /home/hiromichi/rost2/install/rosgraph_msgs/local/lib/python3.10/dist-packages/rosgraph_msgs-1.2.1-py3.10.egg-info/top_level.txt
[4.833s] -- Installing: /home/hiromichi/rost2/install/rosgraph_msgs/local/lib/python3.10/dist-packages/rosgraph_msgs-1.2.1-py3.10.egg-info/dependency_links.txt
[4.833s] -- Installing: /home/hiromichi/rost2/install/rosgraph_msgs/local/lib/python3.10/dist-packages/rosgraph_msgs-1.2.1-py3.10.egg-info/SOURCES.txt
[4.833s] -- Installing: /home/hiromichi/rost2/install/rosgraph_msgs/local/lib/python3.10/dist-packages/rosgraph_msgs-1.2.1-py3.10.egg-info/PKG-INFO
[4.834s] -- Installing: /home/hiromichi/rost2/install/rosgraph_msgs/local/lib/python3.10/dist-packages/rosgraph_msgs
[4.834s] -- Installing: /home/hiromichi/rost2/install/rosgraph_msgs/local/lib/python3.10/dist-packages/rosgraph_msgs/_rosgraph_msgs_s.ep.rosidl_typesupport_fastrtps_c.c
[4.834s] -- Installing: /home/hiromichi/rost2/install/rosgraph_msgs/local/lib/python3.10/dist-packages/rosgraph_msgs/rosgraph_msgs_s__rosidl_typesupport_c.cpython-310-x86_64-linux-gnu.so
[4.834s] -- Installing: /home/hiromichi/rost2/install/rosgraph_msgs/local/lib/python3.10/dist-packages/rosgraph_msgs/rosgraph_msgs_s__rosidl_typesupport_introspection_c.cpython-310-x86_64-linux-gnu.so
[4.834s] -- Installing: /home/hiromichi/rost2/install/rosgraph_msgs/local/lib/python3.10/dist-packages/rosgraph_msgs/_rosgraph_msgs_s.ep.rosidl_typesupport_c.c
[4.834s] -- Installing: /home/hiromichi/rost2/install/rosgraph_msgs/local/lib/python3.10/dist-packages/rosgraph_msgs/_rosgraph_msgs_s.ep.rosidl_typesupport_introspection_c.c
[4.834s] -- Installing: /home/hiromichi/rost2/install/rosgraph_msgs/local/lib/python3.10/dist-packages/rosgraph_msgs/msg
[4.834s] -- Installing: /home/hiromichi/rost2/install/rosgraph_msgs/local/lib/python3.10/dist-packages/rosgraph_msgs/msg/_clock.py
[4.834s] -- Installing: /home/hiromichi/rost2/install/rosgraph_msgs/local/lib/python3.10/dist-packages/rosgraph_msgs/msg/__init__.py
[4.835s] -- Installing: /home/hiromichi/rost2/install/rosgraph_msgs/local/lib/python3.10/dist-packages/rosgraph_msgs/msg/_clock_s.c
[4.835s] -- Installing: /home/hiromichi/rost2/install/rosgraph_msgs/local/lib/python3.10/dist-packages/rosgraph_msgs/librosgraph_msgs__rosidl_generator_py.so
[4.835s] -- Installing: /home/hiromichi/rost2/install/rosgraph_msgs/local/lib/python3.10/dist-packages/rosgraph_msgs/rosgraph_msgs_s__rosidl_typesupport_fastrtps_c.cpython-310-x86_64-linux-gnu.so
[4.835s] -- Installing: /home/hiromichi/rost2/install/rosgraph_msgs/local/lib/python3.10/dist-packages/rosgraph_msgs/__init__.py
[4.880s] Listing '/home/hiromichi/rost2/install/rosgraph_msgs/local/lib/python3.10/dist-packages/rosgraph_msgs'...
[4.880s] Compiling '/home/hiromichi/rost2/install/rosgraph_msgs/local/lib/python3.10/dist-packages/rosgraph_msgs/__init__.py'...
[4.880s] Listing '/home/hiromichi/rost2/install/rosgraph_msgs/local/lib/python3.10/dist-packages/rosgraph_msgs/msg'...
[4.880s] Compiling '/home/hiromichi/rost2/install/rosgraph_msgs/local/lib/python3.10/dist-packages/rosgraph_msgs/msg/__init__.py'...
[4.880s] Compiling '/home/hiromichi/rost2/install/rosgraph_msgs/local/lib/python3.10/dist-packages/rosgraph_msgs/msg/_clock.py'...
[4.886s] -- Installing: /home/hiromichi/rost2/install/rosgraph_msgs/local/lib/python3.10/dist-packages/rosgraph_msgs/rosgraph_msgs_s__rosidl_typesupport_fastrtps_c.cpython-310-x86_64-linux-gnu.so
[4.886s] -- Set runtime path of "/home/hiromichi/rost2/install/rosgraph_msgs/local/lib/python3.10/dist-packages/rosgraph_msgs/rosgraph_msgs_s__rosidl_typesupport_fastrtps_c.cpython-310-x86_64-linux-gnu.so" to ""
[4.886s] -- Installing: /home/hiromichi/rost2/install/rosgraph_msgs/local/lib/python3.10/dist-packages/rosgraph_msgs/rosgraph_msgs_s__rosidl_typesupport_introspection_c.cpython-310-x86_64-linux-gnu.so
[4.886s] -- Set runtime path of "/home/hiromichi/rost2/install/rosgraph_msgs/local/lib/python3.10/dist-packages/rosgraph_msgs/rosgraph_msgs_s__rosidl_typesupport_introspection_c.cpython-310-x86_64-linux-gnu.so" to ""
[4.886s] -- Installing: /home/hiromichi/rost2/install/rosgraph_msgs/local/lib/python3.10/dist-packages/rosgraph_msgs/rosgraph_msgs_s__rosidl_typesupport_c.cpython-310-x86_64-linux-gnu.so
[4.886s] -- Set runtime path of "/home/hiromichi/rost2/install/rosgraph_msgs/local/lib/python3.10/dist-packages/rosgraph_msgs/rosgraph_msgs_s__rosidl_typesupport_c.cpython-310-x86_64-linux-gnu.so" to ""
[4.887s] -- Installing: /home/hiromichi/rost2/install/rosgraph_msgs/lib/librosgraph_msgs__rosidl_generator_py.so
[4.887s] -- Set runtime path of "/home/hiromichi/rost2/install/rosgraph_msgs/lib/librosgraph_msgs__rosidl_generator_py.so" to ""
[4.887s] -- Installing: /home/hiromichi/rost2/install/rosgraph_msgs/share/rosgraph_msgs/msg/Clock.idl
[4.887s] -- Installing: /home/hiromichi/rost2/install/rosgraph_msgs/share/rosgraph_msgs/msg/Clock.msg
[4.887s] -- Installing: /home/hiromichi/rost2/install/rosgraph_msgs/share/ament_index/resource_index/package_run_dependencies/rosgraph_msgs
[4.888s] -- Installing: /home/hiromichi/rost2/install/rosgraph_msgs/share/ament_index/resource_index/parent_prefix_path/rosgraph_msgs
[4.888s] -- Installing: /home/hiromichi/rost2/install/rosgraph_msgs/share/rosgraph_msgs/environment/ament_prefix_path.sh
[4.888s] -- Installing: /home/hiromichi/rost2/install/rosgraph_msgs/share/rosgraph_msgs/environment/ament_prefix_path.dsv
[4.888s] -- Installing: /home/hiromichi/rost2/install/rosgraph_msgs/share/rosgraph_msgs/environment/path.sh
[4.888s] -- Installing: /home/hiromichi/rost2/install/rosgraph_msgs/share/rosgraph_msgs/environment/path.dsv
[4.888s] -- Installing: /home/hiromichi/rost2/install/rosgraph_msgs/share/rosgraph_msgs/local_setup.bash
[4.888s] -- Installing: /home/hiromichi/rost2/install/rosgraph_msgs/share/rosgraph_msgs/local_setup.sh
[4.888s] -- Installing: /home/hiromichi/rost2/install/rosgraph_msgs/share/rosgraph_msgs/local_setup.zsh
[4.888s] -- Installing: /home/hiromichi/rost2/install/rosgraph_msgs/share/rosgraph_msgs/local_setup.dsv
[4.889s] -- Installing: /home/hiromichi/rost2/install/rosgraph_msgs/share/rosgraph_msgs/package.dsv
[4.890s] -- Installing: /home/hiromichi/rost2/install/rosgraph_msgs/share/ament_index/resource_index/packages/rosgraph_msgs
[4.890s] -- Installing: /home/hiromichi/rost2/install/rosgraph_msgs/share/rosgraph_msgs/cmake/export_rosgraph_msgs__rosidl_generator_cExport.cmake
[4.890s] -- Installing: /home/hiromichi/rost2/install/rosgraph_msgs/share/rosgraph_msgs/cmake/export_rosgraph_msgs__rosidl_generator_cExport-noconfig.cmake
[4.890s] -- Installing: /home/hiromichi/rost2/install/rosgraph_msgs/share/rosgraph_msgs/cmake/export_rosgraph_msgs__rosidl_typesupport_fastrtps_cExport.cmake
[4.890s] -- Installing: /home/hiromichi/rost2/install/rosgraph_msgs/share/rosgraph_msgs/cmake/export_rosgraph_msgs__rosidl_typesupport_fastrtps_cExport-noconfig.cmake
[4.891s] -- Installing: /home/hiromichi/rost2/install/rosgraph_msgs/share/rosgraph_msgs/cmake/export_rosgraph_msgs__rosidl_generator_cppExport.cmake
[4.891s] -- Installing: /home/hiromichi/rost2/install/rosgraph_msgs/share/rosgraph_msgs/cmake/export_rosgraph_msgs__rosidl_typesupport_fastrtps_cppExport.cmake
[4.891s] -- Installing: /home/hiromichi/rost2/install/rosgraph_msgs/share/rosgraph_msgs/cmake/export_rosgraph_msgs__rosidl_typesupport_fastrtps_cppExport-noconfig.cmake
[4.892s] -- Installing: /home/hiromichi/rost2/install/rosgraph_msgs/share/rosgraph_msgs/cmake/rosgraph_msgs__rosidl_typesupport_introspection_cExport.cmake
[4.892s] -- Installing: /home/hiromichi/rost2/install/rosgraph_msgs/share/rosgraph_msgs/cmake/rosgraph_msgs__rosidl_typesupport_introspection_cExport-noconfig.cmake
[4.892s] -- Installing: /home/hiromichi/rost2/install/rosgraph_msgs/share/rosgraph_msgs/cmake/rosgraph_msgs__rosidl_typesupport_cExport.cmake
[4.892s] -- Installing: /home/hiromichi/rost2/install/rosgraph_msgs/share/rosgraph_msgs/cmake/rosgraph_msgs__rosidl_typesupport_cExport-noconfig.cmake
[4.892s] -- Installing: /home/hiromichi/rost2/install/rosgraph_msgs/share/rosgraph_msgs/cmake/rosgraph_msgs__rosidl_typesupport_introspection_cppExport.cmake
[4.892s] -- Installing: /home/hiromichi/rost2/install/rosgraph_msgs/share/rosgraph_msgs/cmake/rosgraph_msgs__rosidl_typesupport_introspection_cppExport-noconfig.cmake
[4.892s] -- Installing: /home/hiromichi/rost2/install/rosgraph_msgs/share/rosgraph_msgs/cmake/rosgraph_msgs__rosidl_typesupport_cppExport.cmake
[4.892s] -- Installing: /home/hiromichi/rost2/install/rosgraph_msgs/share/rosgraph_msgs/cmake/rosgraph_msgs__rosidl_typesupport_cppExport-noconfig.cmake
[4.893s] -- Installing: /home/hiromichi/rost2/install/rosgraph_msgs/share/rosgraph_msgs/cmake/export_rosgraph_msgs__rosidl_generator_pyExport.cmake
[4.894s] -- Installing: /home/hiromichi/rost2/install/rosgraph_msgs/share/rosgraph_msgs/cmake/export_rosgraph_msgs__rosidl_generator_pyExport-noconfig.cmake
[4.894s] -- Installing: /home/hiromichi/rost2/install/rosgraph_msgs/share/rosgraph_msgs/cmake/rosidl_cmake-extras.cmake
[4.894s] -- Installing: /home/hiromichi/rost2/install/rosgraph_msgs/share/rosgraph_msgs/cmake/ament_cmake_export_dependencies-extras.cmake
[4.894s] -- Installing: /home/hiromichi/rost2/install/rosgraph_msgs/share/rosgraph_msgs/cmake/ament_cmake_export_include_directories-extras.cmake
[4.894s] -- Installing: /home/hiromichi/rost2/install/rosgraph_msgs/share/rosgraph_msgs/cmake/ament_cmake_export_libraries-extras.cmake
[4.894s] -- Installing: /home/hiromichi/rost2/install/rosgraph_msgs/share/rosgraph_msgs/cmake/ament_cmake_export_targets-extras.cmake
[4.894s] -- Installing: /home/hiromichi/rost2/install/rosgraph_msgs/share/rosgraph_msgs/cmake/rosidl_cmake_export_typesupport_targets-extras.cmake
[4.894s] -- Installing: /home/hiromichi/rost2/install/rosgraph_msgs/share/rosgraph_msgs/cmake/rosidl_cmake_export_typesupport_libraries-extras.cmake
[4.895s] -- Installing: /home/hiromichi/rost2/install/rosgraph_msgs/share/rosgraph_msgs/cmake/rosgraph_msgsConfig.cmake
[4.895s] -- Installing: /home/hiromichi/rost2/install/rosgraph_msgs/share/rosgraph_msgs/cmake/rosgraph_msgsConfig-version.cmake
[4.895s] -- Installing: /home/hiromichi/rost2/install/rosgraph_msgs/share/rosgraph_msgs/package.xml
[4.902s] Invoked command in '/home/hiromichi/rost2/build/rosgraph_msgs' returned '0': AMENT_PREFIX_PATH=/home/hiromichi/rost2/install/builtin_interfaces:/home/hiromichi/rost2/install/rosidl_default_runtime:/home/hiromichi/rost2/install/rosidl_default_generators:/home/hiromichi/rost2/install/rosidl_generator_rs:/home/hiromichi/rost2/install/rosidl_runtime_rs:${AMENT_PREFIX_PATH} CMAKE_PREFIX_PATH=/home/hiromichi/rost2/install/builtin_interfaces:/home/hiromichi/rost2/install/rosidl_default_runtime:/home/hiromichi/rost2/install/rosidl_default_generators:/home/hiromichi/rost2/install/rosidl_generator_rs:/opt/ros/humble LD_LIBRARY_PATH=/home/hiromichi/rost2/install/builtin_interfaces/lib:${LD_LIBRARY_PATH} PYTHONPATH=/home/hiromichi/rost2/install/builtin_interfaces/local/lib/python3.10/dist-packages:/home/hiromichi/rost2/install/rosidl_generator_rs/local/lib/python3.10/dist-packages:${PYTHONPATH} /usr/bin/cmake --install /home/hiromichi/rost2/build/rosgraph_msgs
