[0.020s] Invoking command in '/home/hiromichi/rost2/build/std_srvs': AMENT_PREFIX_PATH=/home/hiromichi/rost2/install/rosidl_default_runtime:/home/hiromichi/rost2/install/rosidl_default_generators:/home/hiromichi/rost2/install/rosidl_generator_rs:/home/hiromichi/rost2/install/rosidl_runtime_rs:${AMENT_PREFIX_PATH} CMAKE_PREFIX_PATH=/home/hiromichi/rost2/install/rosidl_default_runtime:/home/hiromichi/rost2/install/rosidl_default_generators:/home/hiromichi/rost2/install/rosidl_generator_rs:/opt/ros/humble PYTHONPATH=/home/hiromichi/rost2/install/rosidl_generator_rs/local/lib/python3.10/dist-packages:${PYTHONPATH} /usr/bin/cmake --build /home/hiromichi/rost2/build/std_srvs -- -j20 -l20
[0.054s] [35m[1mConsolidate compiler generated dependencies of target std_srvs__rosidl_generator_c[0m
[0.061s] [  2%] Built target std_srvs__rs
[0.061s] [  4%] Built target std_srvs__cpp
[0.067s] [ 14%] Built target std_srvs__rosidl_generator_c
[0.076s] [35m[1mConsolidate compiler generated dependencies of target std_srvs__rosidl_typesupport_introspection_cpp[0m
[0.078s] [35m[1mConsolidate compiler generated dependencies of target std_srvs__rosidl_typesupport_cpp[0m
[0.083s] [35m[1mConsolidate compiler generated dependencies of target std_srvs__rosidl_typesupport_fastrtps_cpp[0m
[0.090s] [35m[1mConsolidate compiler generated dependencies of target std_srvs__rosidl_typesupport_c[0m
[0.093s] [35m[1mConsolidate compiler generated dependencies of target std_srvs__rosidl_typesupport_introspection_c[0m
[0.094s] [35m[1mConsolidate compiler generated dependencies of target std_srvs__rosidl_typesupport_fastrtps_c[0m
[0.097s] [ 14%] Built target ament_cmake_python_copy_std_srvs
[0.105s] [ 25%] Built target std_srvs__rosidl_typesupport_introspection_cpp
[0.105s] [ 37%] Built target std_srvs__rosidl_typesupport_fastrtps_cpp
[0.105s] [ 45%] Built target std_srvs__rosidl_typesupport_cpp
[0.110s] [ 56%] Built target std_srvs__rosidl_typesupport_c
[0.111s] [ 66%] Built target std_srvs__rosidl_typesupport_fastrtps_c
[0.113s] [ 77%] Built target std_srvs__rosidl_typesupport_introspection_c
[0.128s] [ 77%] Built target std_srvs
[0.144s] [ 79%] Built target std_srvs__py
[0.154s] [35m[1mConsolidate compiler generated dependencies of target std_srvs__rosidl_generator_py[0m
[0.168s] [ 87%] Built target std_srvs__rosidl_generator_py
[0.180s] [35m[1mConsolidate compiler generated dependencies of target std_srvs__rosidl_typesupport_fastrtps_c__pyext[0m
[0.180s] [35m[1mConsolidate compiler generated dependencies of target std_srvs__rosidl_typesupport_introspection_c__pyext[0m
[0.192s] [ 91%] Built target std_srvs__rosidl_typesupport_fastrtps_c__pyext
[0.193s] [ 95%] Built target std_srvs__rosidl_typesupport_introspection_c__pyext
[0.194s] [35m[1mConsolidate compiler generated dependencies of target std_srvs__rosidl_typesupport_c__pyext[0m
[0.205s] [100%] Built target std_srvs__rosidl_typesupport_c__pyext
[0.296s] running egg_info
[0.297s] writing std_srvs.egg-info/PKG-INFO
[0.297s] writing dependency_links to std_srvs.egg-info/dependency_links.txt
[0.297s] writing top-level names to std_srvs.egg-info/top_level.txt
[0.298s] reading manifest file 'std_srvs.egg-info/SOURCES.txt'
[0.299s] writing manifest file 'std_srvs.egg-info/SOURCES.txt'
[0.317s] [100%] Built target ament_cmake_python_build_std_srvs_egg
[0.324s] Invoked command in '/home/hiromichi/rost2/build/std_srvs' returned '0': AMENT_PREFIX_PATH=/home/hiromichi/rost2/install/rosidl_default_runtime:/home/hiromichi/rost2/install/rosidl_default_generators:/home/hiromichi/rost2/install/rosidl_generator_rs:/home/hiromichi/rost2/install/rosidl_runtime_rs:${AMENT_PREFIX_PATH} CMAKE_PREFIX_PATH=/home/hiromichi/rost2/install/rosidl_default_runtime:/home/hiromichi/rost2/install/rosidl_default_generators:/home/hiromichi/rost2/install/rosidl_generator_rs:/opt/ros/humble PYTHONPATH=/home/hiromichi/rost2/install/rosidl_generator_rs/local/lib/python3.10/dist-packages:${PYTHONPATH} /usr/bin/cmake --build /home/hiromichi/rost2/build/std_srvs -- -j20 -l20
[0.430s] Invoking command in '/home/hiromichi/rost2/build/std_srvs': AMENT_PREFIX_PATH=/home/hiromichi/rost2/install/rosidl_default_runtime:/home/hiromichi/rost2/install/rosidl_default_generators:/home/hiromichi/rost2/install/rosidl_generator_rs:/home/hiromichi/rost2/install/rosidl_runtime_rs:${AMENT_PREFIX_PATH} CMAKE_PREFIX_PATH=/home/hiromichi/rost2/install/rosidl_default_runtime:/home/hiromichi/rost2/install/rosidl_default_generators:/home/hiromichi/rost2/install/rosidl_generator_rs:/opt/ros/humble PYTHONPATH=/home/hiromichi/rost2/install/rosidl_generator_rs/local/lib/python3.10/dist-packages:${PYTHONPATH} /usr/bin/cmake --install /home/hiromichi/rost2/build/std_srvs
[0.435s] -- Install configuration: ""
[0.435s] -- Up-to-date: /home/hiromichi/rost2/install/std_srvs/share/ament_index/resource_index/rosidl_interfaces/std_srvs
[0.436s] -- Up-to-date: /home/hiromichi/rost2/install/std_srvs/include/std_srvs/std_srvs
[0.436s] -- Up-to-date: /home/hiromichi/rost2/install/std_srvs/include/std_srvs/std_srvs/srv
[0.436s] -- Up-to-date: /home/hiromichi/rost2/install/std_srvs/include/std_srvs/std_srvs/srv/trigger.h
[0.436s] -- Up-to-date: /home/hiromichi/rost2/install/std_srvs/include/std_srvs/std_srvs/srv/empty.h
[0.436s] -- Up-to-date: /home/hiromichi/rost2/install/std_srvs/include/std_srvs/std_srvs/srv/detail
[0.437s] -- Up-to-date: /home/hiromichi/rost2/install/std_srvs/include/std_srvs/std_srvs/srv/detail/set_bool__functions.h
[0.437s] -- Up-to-date: /home/hiromichi/rost2/install/std_srvs/include/std_srvs/std_srvs/srv/detail/trigger__functions.c
[0.437s] -- Up-to-date: /home/hiromichi/rost2/install/std_srvs/include/std_srvs/std_srvs/srv/detail/trigger__functions.h
[0.437s] -- Up-to-date: /home/hiromichi/rost2/install/std_srvs/include/std_srvs/std_srvs/srv/detail/trigger__type_support.h
[0.437s] -- Up-to-date: /home/hiromichi/rost2/install/std_srvs/include/std_srvs/std_srvs/srv/detail/empty__functions.c
[0.437s] -- Up-to-date: /home/hiromichi/rost2/install/std_srvs/include/std_srvs/std_srvs/srv/detail/set_bool__type_support.h
[0.437s] -- Up-to-date: /home/hiromichi/rost2/install/std_srvs/include/std_srvs/std_srvs/srv/detail/set_bool__struct.h
[0.438s] -- Up-to-date: /home/hiromichi/rost2/install/std_srvs/include/std_srvs/std_srvs/srv/detail/empty__functions.h
[0.438s] -- Up-to-date: /home/hiromichi/rost2/install/std_srvs/include/std_srvs/std_srvs/srv/detail/trigger__struct.h
[0.438s] -- Up-to-date: /home/hiromichi/rost2/install/std_srvs/include/std_srvs/std_srvs/srv/detail/empty__type_support.h
[0.438s] -- Up-to-date: /home/hiromichi/rost2/install/std_srvs/include/std_srvs/std_srvs/srv/detail/empty__struct.h
[0.438s] -- Up-to-date: /home/hiromichi/rost2/install/std_srvs/include/std_srvs/std_srvs/srv/detail/set_bool__functions.c
[0.439s] -- Up-to-date: /home/hiromichi/rost2/install/std_srvs/include/std_srvs/std_srvs/srv/set_bool.h
[0.439s] -- Up-to-date: /home/hiromichi/rost2/install/std_srvs/include/std_srvs/std_srvs/msg
[0.439s] -- Up-to-date: /home/hiromichi/rost2/install/std_srvs/include/std_srvs/std_srvs/msg/rosidl_generator_c__visibility_control.h
[0.439s] -- Up-to-date: /home/hiromichi/rost2/install/std_srvs/share/std_srvs/environment/library_path.sh
[0.439s] -- Up-to-date: /home/hiromichi/rost2/install/std_srvs/share/std_srvs/environment/library_path.dsv
[0.439s] -- Up-to-date: /home/hiromichi/rost2/install/std_srvs/lib/libstd_srvs__rosidl_generator_c.so
[0.439s] -- Up-to-date: /home/hiromichi/rost2/install/std_srvs/include/std_srvs/std_srvs
[0.439s] -- Up-to-date: /home/hiromichi/rost2/install/std_srvs/include/std_srvs/std_srvs/srv
[0.439s] -- Up-to-date: /home/hiromichi/rost2/install/std_srvs/include/std_srvs/std_srvs/srv/detail
[0.439s] -- Up-to-date: /home/hiromichi/rost2/install/std_srvs/include/std_srvs/std_srvs/srv/detail/set_bool__rosidl_typesupport_fastrtps_c.h
[0.439s] -- Up-to-date: /home/hiromichi/rost2/install/std_srvs/include/std_srvs/std_srvs/srv/detail/empty__rosidl_typesupport_fastrtps_c.h
[0.440s] -- Up-to-date: /home/hiromichi/rost2/install/std_srvs/include/std_srvs/std_srvs/srv/detail/trigger__rosidl_typesupport_fastrtps_c.h
[0.440s] -- Up-to-date: /home/hiromichi/rost2/install/std_srvs/include/std_srvs/std_srvs/msg
[0.440s] -- Up-to-date: /home/hiromichi/rost2/install/std_srvs/include/std_srvs/std_srvs/msg/rosidl_typesupport_fastrtps_c__visibility_control.h
[0.440s] -- Up-to-date: /home/hiromichi/rost2/install/std_srvs/lib/libstd_srvs__rosidl_typesupport_fastrtps_c.so
[0.441s] -- Up-to-date: /home/hiromichi/rost2/install/std_srvs/include/std_srvs/std_srvs
[0.441s] -- Up-to-date: /home/hiromichi/rost2/install/std_srvs/include/std_srvs/std_srvs/srv
[0.441s] -- Up-to-date: /home/hiromichi/rost2/install/std_srvs/include/std_srvs/std_srvs/srv/detail
[0.443s] -- Up-to-date: /home/hiromichi/rost2/install/std_srvs/include/std_srvs/std_srvs/srv/detail/trigger__rosidl_typesupport_introspection_c.h
[0.443s] -- Up-to-date: /home/hiromichi/rost2/install/std_srvs/include/std_srvs/std_srvs/srv/detail/empty__rosidl_typesupport_introspection_c.h
[0.444s] -- Up-to-date: /home/hiromichi/rost2/install/std_srvs/include/std_srvs/std_srvs/srv/detail/empty__type_support.c
[0.444s] -- Up-to-date: /home/hiromichi/rost2/install/std_srvs/include/std_srvs/std_srvs/srv/detail/trigger__type_support.c
[0.445s] -- Up-to-date: /home/hiromichi/rost2/install/std_srvs/include/std_srvs/std_srvs/srv/detail/set_bool__type_support.c
[0.446s] -- Up-to-date: /home/hiromichi/rost2/install/std_srvs/include/std_srvs/std_srvs/srv/detail/set_bool__rosidl_typesupport_introspection_c.h
[0.447s] -- Up-to-date: /home/hiromichi/rost2/install/std_srvs/include/std_srvs/std_srvs/msg
[0.447s] -- Up-to-date: /home/hiromichi/rost2/install/std_srvs/include/std_srvs/std_srvs/msg/rosidl_typesupport_introspection_c__visibility_control.h
[0.447s] -- Up-to-date: /home/hiromichi/rost2/install/std_srvs/lib/libstd_srvs__rosidl_typesupport_introspection_c.so
[0.448s] -- Up-to-date: /home/hiromichi/rost2/install/std_srvs/lib/libstd_srvs__rosidl_typesupport_c.so
[0.448s] -- Up-to-date: /home/hiromichi/rost2/install/std_srvs/include/std_srvs/std_srvs
[0.448s] -- Up-to-date: /home/hiromichi/rost2/install/std_srvs/include/std_srvs/std_srvs/srv
[0.448s] -- Up-to-date: /home/hiromichi/rost2/install/std_srvs/include/std_srvs/std_srvs/srv/empty.hpp
[0.448s] -- Up-to-date: /home/hiromichi/rost2/install/std_srvs/include/std_srvs/std_srvs/srv/set_bool.hpp
[0.449s] -- Up-to-date: /home/hiromichi/rost2/install/std_srvs/include/std_srvs/std_srvs/srv/trigger.hpp
[0.449s] -- Up-to-date: /home/hiromichi/rost2/install/std_srvs/include/std_srvs/std_srvs/srv/detail
[0.449s] -- Up-to-date: /home/hiromichi/rost2/install/std_srvs/include/std_srvs/std_srvs/srv/detail/empty__traits.hpp
[0.449s] -- Up-to-date: /home/hiromichi/rost2/install/std_srvs/include/std_srvs/std_srvs/srv/detail/set_bool__builder.hpp
[0.449s] -- Up-to-date: /home/hiromichi/rost2/install/std_srvs/include/std_srvs/std_srvs/srv/detail/set_bool__traits.hpp
[0.450s] -- Up-to-date: /home/hiromichi/rost2/install/std_srvs/include/std_srvs/std_srvs/srv/detail/trigger__traits.hpp
[0.451s] -- Up-to-date: /home/hiromichi/rost2/install/std_srvs/include/std_srvs/std_srvs/srv/detail/empty__builder.hpp
[0.451s] -- Up-to-date: /home/hiromichi/rost2/install/std_srvs/include/std_srvs/std_srvs/srv/detail/empty__struct.hpp
[0.451s] -- Up-to-date: /home/hiromichi/rost2/install/std_srvs/include/std_srvs/std_srvs/srv/detail/trigger__builder.hpp
[0.451s] -- Up-to-date: /home/hiromichi/rost2/install/std_srvs/include/std_srvs/std_srvs/srv/detail/trigger__struct.hpp
[0.451s] -- Up-to-date: /home/hiromichi/rost2/install/std_srvs/include/std_srvs/std_srvs/srv/detail/set_bool__struct.hpp
[0.457s] -- Up-to-date: /home/hiromichi/rost2/install/std_srvs/include/std_srvs/std_srvs
[0.457s] -- Up-to-date: /home/hiromichi/rost2/install/std_srvs/include/std_srvs/std_srvs/srv
[0.457s] -- Up-to-date: /home/hiromichi/rost2/install/std_srvs/include/std_srvs/std_srvs/srv/detail
[0.457s] -- Up-to-date: /home/hiromichi/rost2/install/std_srvs/include/std_srvs/std_srvs/srv/detail/empty__rosidl_typesupport_fastrtps_cpp.hpp
[0.458s] -- Up-to-date: /home/hiromichi/rost2/install/std_srvs/include/std_srvs/std_srvs/srv/detail/dds_fastrtps
[0.458s] -- Up-to-date: /home/hiromichi/rost2/install/std_srvs/include/std_srvs/std_srvs/srv/detail/set_bool__rosidl_typesupport_fastrtps_cpp.hpp
[0.458s] -- Up-to-date: /home/hiromichi/rost2/install/std_srvs/include/std_srvs/std_srvs/srv/detail/trigger__rosidl_typesupport_fastrtps_cpp.hpp
[0.458s] -- Up-to-date: /home/hiromichi/rost2/install/std_srvs/include/std_srvs/std_srvs/msg
[0.459s] -- Up-to-date: /home/hiromichi/rost2/install/std_srvs/include/std_srvs/std_srvs/msg/rosidl_typesupport_fastrtps_cpp__visibility_control.h
[0.462s] -- Up-to-date: /home/hiromichi/rost2/install/std_srvs/lib/libstd_srvs__rosidl_typesupport_fastrtps_cpp.so
[0.463s] -- Up-to-date: /home/hiromichi/rost2/install/std_srvs/include/std_srvs/std_srvs
[0.463s] -- Up-to-date: /home/hiromichi/rost2/install/std_srvs/include/std_srvs/std_srvs/srv
[0.463s] -- Up-to-date: /home/hiromichi/rost2/install/std_srvs/include/std_srvs/std_srvs/srv/detail
[0.463s] -- Up-to-date: /home/hiromichi/rost2/install/std_srvs/include/std_srvs/std_srvs/srv/detail/trigger__rosidl_typesupport_introspection_cpp.hpp
[0.463s] -- Up-to-date: /home/hiromichi/rost2/install/std_srvs/include/std_srvs/std_srvs/srv/detail/empty__rosidl_typesupport_introspection_cpp.hpp
[0.463s] -- Up-to-date: /home/hiromichi/rost2/install/std_srvs/include/std_srvs/std_srvs/srv/detail/set_bool__rosidl_typesupport_introspection_cpp.hpp
[0.463s] -- Up-to-date: /home/hiromichi/rost2/install/std_srvs/include/std_srvs/std_srvs/srv/detail/empty__type_support.cpp
[0.463s] -- Up-to-date: /home/hiromichi/rost2/install/std_srvs/include/std_srvs/std_srvs/srv/detail/set_bool__type_support.cpp
[0.463s] -- Up-to-date: /home/hiromichi/rost2/install/std_srvs/include/std_srvs/std_srvs/srv/detail/trigger__type_support.cpp
[0.463s] -- Up-to-date: /home/hiromichi/rost2/install/std_srvs/lib/libstd_srvs__rosidl_typesupport_introspection_cpp.so
[0.464s] -- Up-to-date: /home/hiromichi/rost2/install/std_srvs/lib/libstd_srvs__rosidl_typesupport_cpp.so
[0.465s] -- Up-to-date: /home/hiromichi/rost2/install/std_srvs/share/ament_index/resource_index/rust_packages/std_srvs
[0.465s] -- Up-to-date: /home/hiromichi/rost2/install/std_srvs/share/std_srvs/rust
[0.465s] -- Up-to-date: /home/hiromichi/rost2/install/std_srvs/share/std_srvs/rust/src
[0.465s] -- Up-to-date: /home/hiromichi/rost2/install/std_srvs/share/std_srvs/rust/src/srv.rs
[0.465s] -- Up-to-date: /home/hiromichi/rost2/install/std_srvs/share/std_srvs/rust/src/lib.rs
[0.465s] -- Up-to-date: /home/hiromichi/rost2/install/std_srvs/share/std_srvs/rust/Cargo.toml
[0.465s] -- Up-to-date: /home/hiromichi/rost2/install/std_srvs/share/std_srvs/rust/build.rs
[0.465s] -- Up-to-date: /home/hiromichi/rost2/install/std_srvs/share/std_srvs/environment/pythonpath.sh
[0.465s] -- Up-to-date: /home/hiromichi/rost2/install/std_srvs/share/std_srvs/environment/pythonpath.dsv
[0.469s] -- Up-to-date: /home/hiromichi/rost2/install/std_srvs/local/lib/python3.10/dist-packages/std_srvs-4.2.4-py3.10.egg-info
[0.469s] -- Installing: /home/hiromichi/rost2/install/std_srvs/local/lib/python3.10/dist-packages/std_srvs-4.2.4-py3.10.egg-info/top_level.txt
[0.469s] -- Installing: /home/hiromichi/rost2/install/std_srvs/local/lib/python3.10/dist-packages/std_srvs-4.2.4-py3.10.egg-info/dependency_links.txt
[0.469s] -- Installing: /home/hiromichi/rost2/install/std_srvs/local/lib/python3.10/dist-packages/std_srvs-4.2.4-py3.10.egg-info/SOURCES.txt
[0.469s] -- Installing: /home/hiromichi/rost2/install/std_srvs/local/lib/python3.10/dist-packages/std_srvs-4.2.4-py3.10.egg-info/PKG-INFO
[0.470s] -- Up-to-date: /home/hiromichi/rost2/install/std_srvs/local/lib/python3.10/dist-packages/std_srvs
[0.470s] -- Up-to-date: /home/hiromichi/rost2/install/std_srvs/local/lib/python3.10/dist-packages/std_srvs/srv
[0.470s] -- Up-to-date: /home/hiromichi/rost2/install/std_srvs/local/lib/python3.10/dist-packages/std_srvs/srv/_trigger.py
[0.470s] -- Up-to-date: /home/hiromichi/rost2/install/std_srvs/local/lib/python3.10/dist-packages/std_srvs/srv/_empty_s.c
[0.470s] -- Up-to-date: /home/hiromichi/rost2/install/std_srvs/local/lib/python3.10/dist-packages/std_srvs/srv/_empty.py
[0.470s] -- Up-to-date: /home/hiromichi/rost2/install/std_srvs/local/lib/python3.10/dist-packages/std_srvs/srv/_trigger_s.c
[0.470s] -- Up-to-date: /home/hiromichi/rost2/install/std_srvs/local/lib/python3.10/dist-packages/std_srvs/srv/_set_bool.py
[0.471s] -- Up-to-date: /home/hiromichi/rost2/install/std_srvs/local/lib/python3.10/dist-packages/std_srvs/srv/_set_bool_s.c
[0.471s] -- Up-to-date: /home/hiromichi/rost2/install/std_srvs/local/lib/python3.10/dist-packages/std_srvs/srv/__init__.py
[0.471s] -- Up-to-date: /home/hiromichi/rost2/install/std_srvs/local/lib/python3.10/dist-packages/std_srvs/std_srvs_s__rosidl_typesupport_introspection_c.cpython-310-x86_64-linux-gnu.so
[0.471s] -- Up-to-date: /home/hiromichi/rost2/install/std_srvs/local/lib/python3.10/dist-packages/std_srvs/std_srvs_s__rosidl_typesupport_fastrtps_c.cpython-310-x86_64-linux-gnu.so
[0.471s] -- Up-to-date: /home/hiromichi/rost2/install/std_srvs/local/lib/python3.10/dist-packages/std_srvs/_std_srvs_s.ep.rosidl_typesupport_introspection_c.c
[0.471s] -- Up-to-date: /home/hiromichi/rost2/install/std_srvs/local/lib/python3.10/dist-packages/std_srvs/std_srvs_s__rosidl_typesupport_c.cpython-310-x86_64-linux-gnu.so
[0.471s] -- Up-to-date: /home/hiromichi/rost2/install/std_srvs/local/lib/python3.10/dist-packages/std_srvs/_std_srvs_s.ep.rosidl_typesupport_fastrtps_c.c
[0.471s] -- Up-to-date: /home/hiromichi/rost2/install/std_srvs/local/lib/python3.10/dist-packages/std_srvs/__init__.py
[0.471s] -- Up-to-date: /home/hiromichi/rost2/install/std_srvs/local/lib/python3.10/dist-packages/std_srvs/_std_srvs_s.ep.rosidl_typesupport_c.c
[0.471s] -- Up-to-date: /home/hiromichi/rost2/install/std_srvs/local/lib/python3.10/dist-packages/std_srvs/libstd_srvs__rosidl_generator_py.so
[0.489s] Listing '/home/hiromichi/rost2/install/std_srvs/local/lib/python3.10/dist-packages/std_srvs'...
[0.489s] Listing '/home/hiromichi/rost2/install/std_srvs/local/lib/python3.10/dist-packages/std_srvs/srv'...
[0.489s] -- Up-to-date: /home/hiromichi/rost2/install/std_srvs/local/lib/python3.10/dist-packages/std_srvs/std_srvs_s__rosidl_typesupport_fastrtps_c.cpython-310-x86_64-linux-gnu.so
[0.490s] -- Up-to-date: /home/hiromichi/rost2/install/std_srvs/local/lib/python3.10/dist-packages/std_srvs/std_srvs_s__rosidl_typesupport_introspection_c.cpython-310-x86_64-linux-gnu.so
[0.490s] -- Up-to-date: /home/hiromichi/rost2/install/std_srvs/local/lib/python3.10/dist-packages/std_srvs/std_srvs_s__rosidl_typesupport_c.cpython-310-x86_64-linux-gnu.so
[0.490s] -- Up-to-date: /home/hiromichi/rost2/install/std_srvs/lib/libstd_srvs__rosidl_generator_py.so
[0.490s] -- Up-to-date: /home/hiromichi/rost2/install/std_srvs/share/std_srvs/srv/Empty.idl
[0.490s] -- Up-to-date: /home/hiromichi/rost2/install/std_srvs/share/std_srvs/srv/SetBool.idl
[0.490s] -- Up-to-date: /home/hiromichi/rost2/install/std_srvs/share/std_srvs/srv/Trigger.idl
[0.490s] -- Up-to-date: /home/hiromichi/rost2/install/std_srvs/share/std_srvs/srv/Empty.srv
[0.491s] -- Up-to-date: /home/hiromichi/rost2/install/std_srvs/share/std_srvs/srv/Empty_Request.msg
[0.491s] -- Up-to-date: /home/hiromichi/rost2/install/std_srvs/share/std_srvs/srv/Empty_Response.msg
[0.491s] -- Up-to-date: /home/hiromichi/rost2/install/std_srvs/share/std_srvs/srv/SetBool.srv
[0.491s] -- Up-to-date: /home/hiromichi/rost2/install/std_srvs/share/std_srvs/srv/SetBool_Request.msg
[0.491s] -- Up-to-date: /home/hiromichi/rost2/install/std_srvs/share/std_srvs/srv/SetBool_Response.msg
[0.491s] -- Up-to-date: /home/hiromichi/rost2/install/std_srvs/share/std_srvs/srv/Trigger.srv
[0.491s] -- Up-to-date: /home/hiromichi/rost2/install/std_srvs/share/std_srvs/srv/Trigger_Request.msg
[0.492s] -- Up-to-date: /home/hiromichi/rost2/install/std_srvs/share/std_srvs/srv/Trigger_Response.msg
[0.492s] -- Up-to-date: /home/hiromichi/rost2/install/std_srvs/share/ament_index/resource_index/package_run_dependencies/std_srvs
[0.492s] -- Up-to-date: /home/hiromichi/rost2/install/std_srvs/share/ament_index/resource_index/parent_prefix_path/std_srvs
[0.492s] -- Up-to-date: /home/hiromichi/rost2/install/std_srvs/share/std_srvs/environment/ament_prefix_path.sh
[0.492s] -- Up-to-date: /home/hiromichi/rost2/install/std_srvs/share/std_srvs/environment/ament_prefix_path.dsv
[0.492s] -- Up-to-date: /home/hiromichi/rost2/install/std_srvs/share/std_srvs/environment/path.sh
[0.492s] -- Up-to-date: /home/hiromichi/rost2/install/std_srvs/share/std_srvs/environment/path.dsv
[0.492s] -- Up-to-date: /home/hiromichi/rost2/install/std_srvs/share/std_srvs/local_setup.bash
[0.492s] -- Up-to-date: /home/hiromichi/rost2/install/std_srvs/share/std_srvs/local_setup.sh
[0.492s] -- Up-to-date: /home/hiromichi/rost2/install/std_srvs/share/std_srvs/local_setup.zsh
[0.493s] -- Up-to-date: /home/hiromichi/rost2/install/std_srvs/share/std_srvs/local_setup.dsv
[0.493s] -- Installing: /home/hiromichi/rost2/install/std_srvs/share/std_srvs/package.dsv
[0.493s] -- Up-to-date: /home/hiromichi/rost2/install/std_srvs/share/ament_index/resource_index/packages/std_srvs
[0.493s] -- Up-to-date: /home/hiromichi/rost2/install/std_srvs/share/std_srvs/cmake/export_std_srvs__rosidl_generator_cExport.cmake
[0.493s] -- Up-to-date: /home/hiromichi/rost2/install/std_srvs/share/std_srvs/cmake/export_std_srvs__rosidl_generator_cExport-noconfig.cmake
[0.493s] -- Up-to-date: /home/hiromichi/rost2/install/std_srvs/share/std_srvs/cmake/export_std_srvs__rosidl_typesupport_fastrtps_cExport.cmake
[0.493s] -- Up-to-date: /home/hiromichi/rost2/install/std_srvs/share/std_srvs/cmake/export_std_srvs__rosidl_typesupport_fastrtps_cExport-noconfig.cmake
[0.493s] -- Up-to-date: /home/hiromichi/rost2/install/std_srvs/share/std_srvs/cmake/std_srvs__rosidl_typesupport_introspection_cExport.cmake
[0.493s] -- Up-to-date: /home/hiromichi/rost2/install/std_srvs/share/std_srvs/cmake/std_srvs__rosidl_typesupport_introspection_cExport-noconfig.cmake
[0.493s] -- Up-to-date: /home/hiromichi/rost2/install/std_srvs/share/std_srvs/cmake/std_srvs__rosidl_typesupport_cExport.cmake
[0.494s] -- Up-to-date: /home/hiromichi/rost2/install/std_srvs/share/std_srvs/cmake/std_srvs__rosidl_typesupport_cExport-noconfig.cmake
[0.494s] -- Up-to-date: /home/hiromichi/rost2/install/std_srvs/share/std_srvs/cmake/export_std_srvs__rosidl_generator_cppExport.cmake
[0.494s] -- Up-to-date: /home/hiromichi/rost2/install/std_srvs/share/std_srvs/cmake/export_std_srvs__rosidl_typesupport_fastrtps_cppExport.cmake
[0.494s] -- Up-to-date: /home/hiromichi/rost2/install/std_srvs/share/std_srvs/cmake/export_std_srvs__rosidl_typesupport_fastrtps_cppExport-noconfig.cmake
[0.494s] -- Up-to-date: /home/hiromichi/rost2/install/std_srvs/share/std_srvs/cmake/std_srvs__rosidl_typesupport_introspection_cppExport.cmake
[0.494s] -- Up-to-date: /home/hiromichi/rost2/install/std_srvs/share/std_srvs/cmake/std_srvs__rosidl_typesupport_introspection_cppExport-noconfig.cmake
[0.494s] -- Up-to-date: /home/hiromichi/rost2/install/std_srvs/share/std_srvs/cmake/std_srvs__rosidl_typesupport_cppExport.cmake
[0.495s] -- Up-to-date: /home/hiromichi/rost2/install/std_srvs/share/std_srvs/cmake/std_srvs__rosidl_typesupport_cppExport-noconfig.cmake
[0.495s] -- Up-to-date: /home/hiromichi/rost2/install/std_srvs/share/std_srvs/cmake/export_std_srvs__rosidl_generator_pyExport.cmake
[0.495s] -- Up-to-date: /home/hiromichi/rost2/install/std_srvs/share/std_srvs/cmake/export_std_srvs__rosidl_generator_pyExport-noconfig.cmake
[0.495s] -- Up-to-date: /home/hiromichi/rost2/install/std_srvs/share/std_srvs/cmake/rosidl_cmake-extras.cmake
[0.495s] -- Up-to-date: /home/hiromichi/rost2/install/std_srvs/share/std_srvs/cmake/ament_cmake_export_include_directories-extras.cmake
[0.495s] -- Up-to-date: /home/hiromichi/rost2/install/std_srvs/share/std_srvs/cmake/ament_cmake_export_libraries-extras.cmake
[0.496s] -- Up-to-date: /home/hiromichi/rost2/install/std_srvs/share/std_srvs/cmake/ament_cmake_export_targets-extras.cmake
[0.496s] -- Up-to-date: /home/hiromichi/rost2/install/std_srvs/share/std_srvs/cmake/rosidl_cmake_export_typesupport_targets-extras.cmake
[0.496s] -- Up-to-date: /home/hiromichi/rost2/install/std_srvs/share/std_srvs/cmake/ament_cmake_export_dependencies-extras.cmake
[0.496s] -- Up-to-date: /home/hiromichi/rost2/install/std_srvs/share/std_srvs/cmake/rosidl_cmake_export_typesupport_libraries-extras.cmake
[0.496s] -- Up-to-date: /home/hiromichi/rost2/install/std_srvs/share/std_srvs/cmake/std_srvsConfig.cmake
[0.497s] -- Up-to-date: /home/hiromichi/rost2/install/std_srvs/share/std_srvs/cmake/std_srvsConfig-version.cmake
[0.497s] -- Up-to-date: /home/hiromichi/rost2/install/std_srvs/share/std_srvs/package.xml
[0.523s] Invoked command in '/home/hiromichi/rost2/build/std_srvs' returned '0': AMENT_PREFIX_PATH=/home/hiromichi/rost2/install/rosidl_default_runtime:/home/hiromichi/rost2/install/rosidl_default_generators:/home/hiromichi/rost2/install/rosidl_generator_rs:/home/hiromichi/rost2/install/rosidl_runtime_rs:${AMENT_PREFIX_PATH} CMAKE_PREFIX_PATH=/home/hiromichi/rost2/install/rosidl_default_runtime:/home/hiromichi/rost2/install/rosidl_default_generators:/home/hiromichi/rost2/install/rosidl_generator_rs:/opt/ros/humble PYTHONPATH=/home/hiromichi/rost2/install/rosidl_generator_rs/local/lib/python3.10/dist-packages:${PYTHONPATH} /usr/bin/cmake --install /home/hiromichi/rost2/build/std_srvs
