[0.019s] Invoking command in '/home/hiromichi/rost2/build/std_srvs': AMENT_PREFIX_PATH=/home/hiromichi/rost2/install/rosidl_default_runtime:/home/hiromichi/rost2/install/rosidl_default_generators:/home/hiromichi/rost2/install/rosidl_generator_rs:/home/hiromichi/rost2/install/rosidl_runtime_rs:${AMENT_PREFIX_PATH} CMAKE_PREFIX_PATH=/home/hiromichi/rost2/install/rosidl_default_runtime:/home/hiromichi/rost2/install/rosidl_default_generators:/home/hiromichi/rost2/install/rosidl_generator_rs:/opt/ros/humble PYTHONPATH=/home/hiromichi/rost2/install/rosidl_generator_rs/local/lib/python3.10/dist-packages:${PYTHONPATH} /usr/bin/cmake /home/hiromichi/rost2/src/ros2/common_interfaces/std_srvs -DCMAKE_INSTALL_PREFIX=/home/hiromichi/rost2/install/std_srvs
[0.045s] -- The C compiler identification is GNU 11.4.0
[0.080s] -- The CXX compiler identification is GNU 11.4.0
[0.085s] -- Detecting C compiler ABI info
[0.125s] -- Detecting C compiler ABI info - done
[0.131s] -- Check for working C compiler: /usr/bin/cc - skipped
[0.131s] -- Detecting C compile features
[0.132s] -- Detecting C compile features - done
[0.134s] -- Detecting CXX compiler ABI info
[0.182s] -- Detecting CXX compiler ABI info - done
[0.186s] -- Check for working CXX compiler: /usr/bin/c++ - skipped
[0.186s] -- Detecting CXX compile features
[0.187s] -- Detecting CXX compile features - done
[0.188s] -- Found ament_cmake: 1.3.2 (/opt/ros/humble/share/ament_cmake/cmake)
[0.302s] -- Found Python3: /usr/bin/python3.10 (found version "3.10.12") found components: Interpreter 
[0.361s] -- Found rosidl_default_generators: 1.2.0 (/home/hiromichi/rost2/install/rosidl_default_generators/share/rosidl_default_generators/cmake)
[0.365s] -- Using all available rosidl_typesupport_c: rosidl_typesupport_fastrtps_c;rosidl_typesupport_introspection_c
[0.369s] -- Found rosidl_adapter: 3.1.3 (/opt/ros/humble/share/rosidl_adapter/cmake)
[0.409s] -- Using all available rosidl_typesupport_cpp: rosidl_typesupport_fastrtps_cpp;rosidl_typesupport_introspection_cpp
[0.648s] -- Found ament_cmake_cppcheck: 0.12.4 (/opt/ros/humble/share/ament_cmake_cppcheck/cmake)
[0.649s] -- Found ament_cmake_cpplint: 0.12.4 (/opt/ros/humble/share/ament_cmake_cpplint/cmake)
[0.651s] -- Found ament_cmake_uncrustify: 0.12.4 (/opt/ros/humble/share/ament_cmake_uncrustify/cmake)
[0.653s] -- Found ament_cmake_ros: 0.10.0 (/opt/ros/humble/share/ament_cmake_ros/cmake)
[0.785s] -- Using all available rosidl_typesupport_c: rosidl_typesupport_fastrtps_c;rosidl_typesupport_introspection_c
[0.952s] -- Using all available rosidl_typesupport_cpp: rosidl_typesupport_fastrtps_cpp;rosidl_typesupport_introspection_cpp
[0.971s] -- Found PythonInterp: /usr/bin/python3 (found suitable version "3.10.12", minimum required is "3.6") 
[0.973s] -- Found python_cmake_module: 0.10.0 (/opt/ros/humble/share/python_cmake_module/cmake)
[0.989s] -- Found PythonLibs: /usr/lib/x86_64-linux-gnu/libpython3.10.so (found suitable version "3.10.12", minimum required is "3.5") 
[0.989s] -- Using PYTHON_EXECUTABLE: /usr/bin/python3
[0.989s] -- Using PYTHON_INCLUDE_DIRS: /usr/include/python3.10
[0.989s] -- Using PYTHON_LIBRARIES: /usr/lib/x86_64-linux-gnu/libpython3.10.so
[1.003s] -- Found PythonExtra: .so  
[1.023s] -- Found ament_cmake_flake8: 0.12.4 (/opt/ros/humble/share/ament_cmake_flake8/cmake)
[1.025s] -- Found ament_cmake_pep257: 0.12.4 (/opt/ros/humble/share/ament_cmake_pep257/cmake)
[1.029s] -- Configuring done
[1.050s] -- Generating done
[1.052s] -- Build files have been written to: /home/hiromichi/rost2/build/std_srvs
[1.059s] Invoked command in '/home/hiromichi/rost2/build/std_srvs' returned '0': AMENT_PREFIX_PATH=/home/hiromichi/rost2/install/rosidl_default_runtime:/home/hiromichi/rost2/install/rosidl_default_generators:/home/hiromichi/rost2/install/rosidl_generator_rs:/home/hiromichi/rost2/install/rosidl_runtime_rs:${AMENT_PREFIX_PATH} CMAKE_PREFIX_PATH=/home/hiromichi/rost2/install/rosidl_default_runtime:/home/hiromichi/rost2/install/rosidl_default_generators:/home/hiromichi/rost2/install/rosidl_generator_rs:/opt/ros/humble PYTHONPATH=/home/hiromichi/rost2/install/rosidl_generator_rs/local/lib/python3.10/dist-packages:${PYTHONPATH} /usr/bin/cmake /home/hiromichi/rost2/src/ros2/common_interfaces/std_srvs -DCMAKE_INSTALL_PREFIX=/home/hiromichi/rost2/install/std_srvs
[1.059s] Invoking command in '/home/hiromichi/rost2/build/std_srvs': AMENT_PREFIX_PATH=/home/hiromichi/rost2/install/rosidl_default_runtime:/home/hiromichi/rost2/install/rosidl_default_generators:/home/hiromichi/rost2/install/rosidl_generator_rs:/home/hiromichi/rost2/install/rosidl_runtime_rs:${AMENT_PREFIX_PATH} CMAKE_PREFIX_PATH=/home/hiromichi/rost2/install/rosidl_default_runtime:/home/hiromichi/rost2/install/rosidl_default_generators:/home/hiromichi/rost2/install/rosidl_generator_rs:/opt/ros/humble PYTHONPATH=/home/hiromichi/rost2/install/rosidl_generator_rs/local/lib/python3.10/dist-packages:${PYTHONPATH} /usr/bin/cmake --build /home/hiromichi/rost2/build/std_srvs -- -j20 -l20
[1.086s] [  2%] [34m[1mGenerating C code for ROS interfaces[0m
[1.094s] [  4%] [34m[1mGenerating C++ code for ROS interfaces[0m
[1.095s] [  6%] [34m[1mGenerating Rust code for ROS interfaces[0m
[1.104s] [  6%] Built target ament_cmake_python_copy_std_srvs
[1.357s] running egg_info
[1.358s] creating std_srvs.egg-info
[1.359s] writing std_srvs.egg-info/PKG-INFO
[1.359s] writing dependency_links to std_srvs.egg-info/dependency_links.txt
[1.359s] writing top-level names to std_srvs.egg-info/top_level.txt
[1.360s] writing manifest file 'std_srvs.egg-info/SOURCES.txt'
[1.363s] reading manifest file 'std_srvs.egg-info/SOURCES.txt'
[1.364s] writing manifest file 'std_srvs.egg-info/SOURCES.txt'
[1.407s] [  6%] Built target ament_cmake_python_build_std_srvs_egg
[1.475s] [  6%] Built target std_srvs__rs
[1.684s] [  6%] Built target std_srvs__cpp
[1.694s] [  8%] [34m[1mGenerating C++ type support for eProsima Fast-RTPS[0m
[1.695s] [ 10%] [34m[1mGenerating C++ introspection for ROS interfaces[0m
[1.699s] [ 12%] [34m[1mGenerating C++ type support dispatch for ROS interfaces[0m
[1.765s] [ 14%] [32mBuilding C object CMakeFiles/std_srvs__rosidl_generator_c.dir/rosidl_generator_c/std_srvs/srv/detail/empty__functions.c.o[0m
[1.779s] [ 16%] [32mBuilding C object CMakeFiles/std_srvs__rosidl_generator_c.dir/rosidl_generator_c/std_srvs/srv/detail/set_bool__functions.c.o[0m
[1.806s] [ 18%] [32mBuilding C object CMakeFiles/std_srvs__rosidl_generator_c.dir/rosidl_generator_c/std_srvs/srv/detail/trigger__functions.c.o[0m
[1.912s] [ 20%] [32m[1mLinking C shared library libstd_srvs__rosidl_generator_c.so[0m
[2.008s] [ 20%] Built target std_srvs__rosidl_generator_c
[2.061s] [ 22%] [34m[1mGenerating C introspection for ROS interfaces[0m
[2.073s] [ 25%] [34m[1mGenerating C type support for eProsima Fast-RTPS[0m
[2.090s] [ 27%] [34m[1mGenerating C type support dispatch for ROS interfaces[0m
[2.284s] [ 29%] [32mBuilding CXX object CMakeFiles/std_srvs__rosidl_typesupport_cpp.dir/rosidl_typesupport_cpp/std_srvs/srv/set_bool__type_support.cpp.o[0m
[2.290s] [ 31%] [32mBuilding CXX object CMakeFiles/std_srvs__rosidl_typesupport_cpp.dir/rosidl_typesupport_cpp/std_srvs/srv/empty__type_support.cpp.o[0m
[2.304s] [ 33%] [32mBuilding CXX object CMakeFiles/std_srvs__rosidl_typesupport_cpp.dir/rosidl_typesupport_cpp/std_srvs/srv/trigger__type_support.cpp.o[0m
[2.354s] [ 35%] [32mBuilding CXX object CMakeFiles/std_srvs__rosidl_typesupport_fastrtps_cpp.dir/rosidl_typesupport_fastrtps_cpp/std_srvs/srv/detail/dds_fastrtps/set_bool__type_support.cpp.o[0m
[2.373s] [ 37%] [32mBuilding CXX object CMakeFiles/std_srvs__rosidl_typesupport_fastrtps_cpp.dir/rosidl_typesupport_fastrtps_cpp/std_srvs/srv/detail/dds_fastrtps/empty__type_support.cpp.o[0m
[2.398s] [ 39%] [32mBuilding CXX object CMakeFiles/std_srvs__rosidl_typesupport_fastrtps_cpp.dir/rosidl_typesupport_fastrtps_cpp/std_srvs/srv/detail/dds_fastrtps/trigger__type_support.cpp.o[0m
[2.580s] [ 41%] [32mBuilding CXX object CMakeFiles/std_srvs__rosidl_typesupport_introspection_cpp.dir/rosidl_typesupport_introspection_cpp/std_srvs/srv/detail/empty__type_support.cpp.o[0m
[2.597s] [ 43%] [32mBuilding CXX object CMakeFiles/std_srvs__rosidl_typesupport_introspection_cpp.dir/rosidl_typesupport_introspection_cpp/std_srvs/srv/detail/set_bool__type_support.cpp.o[0m
[2.626s] [ 45%] [32mBuilding CXX object CMakeFiles/std_srvs__rosidl_typesupport_introspection_cpp.dir/rosidl_typesupport_introspection_cpp/std_srvs/srv/detail/trigger__type_support.cpp.o[0m
[2.680s] [ 47%] [32mBuilding CXX object CMakeFiles/std_srvs__rosidl_typesupport_c.dir/rosidl_typesupport_c/std_srvs/srv/set_bool__type_support.cpp.o[0m
[2.700s] [ 50%] [32mBuilding CXX object CMakeFiles/std_srvs__rosidl_typesupport_c.dir/rosidl_typesupport_c/std_srvs/srv/trigger__type_support.cpp.o[0m
[2.701s] [ 52%] [32mBuilding CXX object CMakeFiles/std_srvs__rosidl_typesupport_c.dir/rosidl_typesupport_c/std_srvs/srv/empty__type_support.cpp.o[0m
[2.779s] [ 54%] [32mBuilding C object CMakeFiles/std_srvs__rosidl_typesupport_introspection_c.dir/rosidl_typesupport_introspection_c/std_srvs/srv/detail/set_bool__type_support.c.o[0m
[2.788s] [ 56%] [32m[1mLinking CXX shared library libstd_srvs__rosidl_typesupport_c.so[0m
[2.789s] [ 58%] [32mBuilding C object CMakeFiles/std_srvs__rosidl_typesupport_introspection_c.dir/rosidl_typesupport_introspection_c/std_srvs/srv/detail/empty__type_support.c.o[0m
[2.814s] [ 60%] [32mBuilding C object CMakeFiles/std_srvs__rosidl_typesupport_introspection_c.dir/rosidl_typesupport_introspection_c/std_srvs/srv/detail/trigger__type_support.c.o[0m
[2.836s] [ 60%] Built target std_srvs__rosidl_typesupport_c
[2.860s] [ 62%] [32mBuilding CXX object CMakeFiles/std_srvs__rosidl_typesupport_fastrtps_c.dir/rosidl_typesupport_fastrtps_c/std_srvs/srv/detail/empty__type_support_c.cpp.o[0m
[2.860s] [ 64%] [32mBuilding CXX object CMakeFiles/std_srvs__rosidl_typesupport_fastrtps_c.dir/rosidl_typesupport_fastrtps_c/std_srvs/srv/detail/set_bool__type_support_c.cpp.o[0m
[2.874s] [ 66%] [32mBuilding CXX object CMakeFiles/std_srvs__rosidl_typesupport_fastrtps_c.dir/rosidl_typesupport_fastrtps_c/std_srvs/srv/detail/trigger__type_support_c.cpp.o[0m
[2.904s] [ 68%] [32m[1mLinking C shared library libstd_srvs__rosidl_typesupport_introspection_c.so[0m
[2.923s] [ 70%] [32m[1mLinking CXX shared library libstd_srvs__rosidl_typesupport_cpp.so[0m
[2.938s] [ 70%] Built target std_srvs__rosidl_typesupport_introspection_c
[2.985s] [ 70%] Built target std_srvs__rosidl_typesupport_cpp
[3.067s] [ 72%] [32m[1mLinking CXX shared library libstd_srvs__rosidl_typesupport_fastrtps_cpp.so[0m
[3.100s] [ 75%] [32m[1mLinking CXX shared library libstd_srvs__rosidl_typesupport_introspection_cpp.so[0m
[3.179s] [ 75%] Built target std_srvs__rosidl_typesupport_fastrtps_cpp
[3.197s] [ 75%] Built target std_srvs__rosidl_typesupport_introspection_cpp
[3.259s] [ 77%] [32m[1mLinking CXX shared library libstd_srvs__rosidl_typesupport_fastrtps_c.so[0m
[3.336s] [ 77%] Built target std_srvs__rosidl_typesupport_fastrtps_c
[3.357s] [ 77%] Built target std_srvs
[3.373s] [ 79%] [34m[1mGenerating Python code for ROS interfaces[0m
[4.426s] [ 79%] Built target std_srvs__py
[4.442s] [ 81%] [32mBuilding C object CMakeFiles/std_srvs__rosidl_generator_py.dir/rosidl_generator_py/std_srvs/srv/_empty_s.c.o[0m
[4.442s] [ 83%] [32mBuilding C object CMakeFiles/std_srvs__rosidl_generator_py.dir/rosidl_generator_py/std_srvs/srv/_set_bool_s.c.o[0m
[4.451s] [ 85%] [32mBuilding C object CMakeFiles/std_srvs__rosidl_generator_py.dir/rosidl_generator_py/std_srvs/srv/_trigger_s.c.o[0m
[4.566s] [ 87%] [32m[1mLinking C shared library rosidl_generator_py/std_srvs/libstd_srvs__rosidl_generator_py.so[0m
[4.607s] [ 87%] Built target std_srvs__rosidl_generator_py
[4.655s] [ 89%] [32mBuilding C object CMakeFiles/std_srvs__rosidl_typesupport_fastrtps_c__pyext.dir/rosidl_generator_py/std_srvs/_std_srvs_s.ep.rosidl_typesupport_fastrtps_c.c.o[0m
[4.671s] [ 91%] [32mBuilding C object CMakeFiles/std_srvs__rosidl_typesupport_introspection_c__pyext.dir/rosidl_generator_py/std_srvs/_std_srvs_s.ep.rosidl_typesupport_introspection_c.c.o[0m
[4.717s] [ 93%] [32mBuilding C object CMakeFiles/std_srvs__rosidl_typesupport_c__pyext.dir/rosidl_generator_py/std_srvs/_std_srvs_s.ep.rosidl_typesupport_c.c.o[0m
[4.815s] [ 95%] [32m[1mLinking C shared library rosidl_generator_py/std_srvs/std_srvs_s__rosidl_typesupport_introspection_c.cpython-310-x86_64-linux-gnu.so[0m
[4.856s] [ 97%] [32m[1mLinking C shared library rosidl_generator_py/std_srvs/std_srvs_s__rosidl_typesupport_fastrtps_c.cpython-310-x86_64-linux-gnu.so[0m
[4.875s] [100%] [32m[1mLinking C shared library rosidl_generator_py/std_srvs/std_srvs_s__rosidl_typesupport_c.cpython-310-x86_64-linux-gnu.so[0m
[4.913s] [100%] Built target std_srvs__rosidl_typesupport_fastrtps_c__pyext
[4.934s] [100%] Built target std_srvs__rosidl_typesupport_introspection_c__pyext
[4.945s] [100%] Built target std_srvs__rosidl_typesupport_c__pyext
[4.955s] Invoked command in '/home/hiromichi/rost2/build/std_srvs' returned '0': AMENT_PREFIX_PATH=/home/hiromichi/rost2/install/rosidl_default_runtime:/home/hiromichi/rost2/install/rosidl_default_generators:/home/hiromichi/rost2/install/rosidl_generator_rs:/home/hiromichi/rost2/install/rosidl_runtime_rs:${AMENT_PREFIX_PATH} CMAKE_PREFIX_PATH=/home/hiromichi/rost2/install/rosidl_default_runtime:/home/hiromichi/rost2/install/rosidl_default_generators:/home/hiromichi/rost2/install/rosidl_generator_rs:/opt/ros/humble PYTHONPATH=/home/hiromichi/rost2/install/rosidl_generator_rs/local/lib/python3.10/dist-packages:${PYTHONPATH} /usr/bin/cmake --build /home/hiromichi/rost2/build/std_srvs -- -j20 -l20
[5.529s] Invoking command in '/home/hiromichi/rost2/build/std_srvs': AMENT_PREFIX_PATH=/home/hiromichi/rost2/install/rosidl_default_runtime:/home/hiromichi/rost2/install/rosidl_default_generators:/home/hiromichi/rost2/install/rosidl_generator_rs:/home/hiromichi/rost2/install/rosidl_runtime_rs:${AMENT_PREFIX_PATH} CMAKE_PREFIX_PATH=/home/hiromichi/rost2/install/rosidl_default_runtime:/home/hiromichi/rost2/install/rosidl_default_generators:/home/hiromichi/rost2/install/rosidl_generator_rs:/opt/ros/humble PYTHONPATH=/home/hiromichi/rost2/install/rosidl_generator_rs/local/lib/python3.10/dist-packages:${PYTHONPATH} /usr/bin/cmake --install /home/hiromichi/rost2/build/std_srvs
[5.550s] -- Install configuration: ""
[5.550s] -- Installing: /home/hiromichi/rost2/install/std_srvs/share/ament_index/resource_index/rosidl_interfaces/std_srvs
[5.550s] -- Installing: /home/hiromichi/rost2/install/std_srvs/include/std_srvs/std_srvs
[5.550s] -- Installing: /home/hiromichi/rost2/install/std_srvs/include/std_srvs/std_srvs/srv
[5.550s] -- Installing: /home/hiromichi/rost2/install/std_srvs/include/std_srvs/std_srvs/srv/trigger.h
[5.551s] -- Installing: /home/hiromichi/rost2/install/std_srvs/include/std_srvs/std_srvs/srv/empty.h
[5.551s] -- Installing: /home/hiromichi/rost2/install/std_srvs/include/std_srvs/std_srvs/srv/detail
[5.551s] -- Installing: /home/hiromichi/rost2/install/std_srvs/include/std_srvs/std_srvs/srv/detail/set_bool__functions.h
[5.552s] -- Installing: /home/hiromichi/rost2/install/std_srvs/include/std_srvs/std_srvs/srv/detail/trigger__functions.c
[5.552s] -- Installing: /home/hiromichi/rost2/install/std_srvs/include/std_srvs/std_srvs/srv/detail/trigger__functions.h
[5.552s] -- Installing: /home/hiromichi/rost2/install/std_srvs/include/std_srvs/std_srvs/srv/detail/trigger__type_support.h
[5.552s] -- Installing: /home/hiromichi/rost2/install/std_srvs/include/std_srvs/std_srvs/srv/detail/empty__functions.c
[5.552s] -- Installing: /home/hiromichi/rost2/install/std_srvs/include/std_srvs/std_srvs/srv/detail/set_bool__type_support.h
[5.552s] -- Installing: /home/hiromichi/rost2/install/std_srvs/include/std_srvs/std_srvs/srv/detail/set_bool__struct.h
[5.552s] -- Installing: /home/hiromichi/rost2/install/std_srvs/include/std_srvs/std_srvs/srv/detail/empty__functions.h
[5.552s] -- Installing: /home/hiromichi/rost2/install/std_srvs/include/std_srvs/std_srvs/srv/detail/trigger__struct.h
[5.552s] -- Installing: /home/hiromichi/rost2/install/std_srvs/include/std_srvs/std_srvs/srv/detail/empty__type_support.h
[5.552s] -- Installing: /home/hiromichi/rost2/install/std_srvs/include/std_srvs/std_srvs/srv/detail/empty__struct.h
[5.552s] -- Installing: /home/hiromichi/rost2/install/std_srvs/include/std_srvs/std_srvs/srv/detail/set_bool__functions.c
[5.552s] -- Installing: /home/hiromichi/rost2/install/std_srvs/include/std_srvs/std_srvs/srv/set_bool.h
[5.552s] -- Installing: /home/hiromichi/rost2/install/std_srvs/include/std_srvs/std_srvs/msg
[5.552s] -- Installing: /home/hiromichi/rost2/install/std_srvs/include/std_srvs/std_srvs/msg/rosidl_generator_c__visibility_control.h
[5.553s] -- Installing: /home/hiromichi/rost2/install/std_srvs/share/std_srvs/environment/library_path.sh
[5.553s] -- Installing: /home/hiromichi/rost2/install/std_srvs/share/std_srvs/environment/library_path.dsv
[5.553s] -- Installing: /home/hiromichi/rost2/install/std_srvs/lib/libstd_srvs__rosidl_generator_c.so
[5.553s] -- Set runtime path of "/home/hiromichi/rost2/install/std_srvs/lib/libstd_srvs__rosidl_generator_c.so" to ""
[5.553s] -- Up-to-date: /home/hiromichi/rost2/install/std_srvs/include/std_srvs/std_srvs
[5.553s] -- Up-to-date: /home/hiromichi/rost2/install/std_srvs/include/std_srvs/std_srvs/srv
[5.553s] -- Up-to-date: /home/hiromichi/rost2/install/std_srvs/include/std_srvs/std_srvs/srv/detail
[5.553s] -- Installing: /home/hiromichi/rost2/install/std_srvs/include/std_srvs/std_srvs/srv/detail/set_bool__rosidl_typesupport_fastrtps_c.h
[5.553s] -- Installing: /home/hiromichi/rost2/install/std_srvs/include/std_srvs/std_srvs/srv/detail/empty__rosidl_typesupport_fastrtps_c.h
[5.553s] -- Installing: /home/hiromichi/rost2/install/std_srvs/include/std_srvs/std_srvs/srv/detail/trigger__rosidl_typesupport_fastrtps_c.h
[5.553s] -- Up-to-date: /home/hiromichi/rost2/install/std_srvs/include/std_srvs/std_srvs/msg
[5.553s] -- Installing: /home/hiromichi/rost2/install/std_srvs/include/std_srvs/std_srvs/msg/rosidl_typesupport_fastrtps_c__visibility_control.h
[5.553s] -- Installing: /home/hiromichi/rost2/install/std_srvs/lib/libstd_srvs__rosidl_typesupport_fastrtps_c.so
[5.553s] -- Set runtime path of "/home/hiromichi/rost2/install/std_srvs/lib/libstd_srvs__rosidl_typesupport_fastrtps_c.so" to ""
[5.553s] -- Up-to-date: /home/hiromichi/rost2/install/std_srvs/include/std_srvs/std_srvs
[5.553s] -- Up-to-date: /home/hiromichi/rost2/install/std_srvs/include/std_srvs/std_srvs/srv
[5.553s] -- Up-to-date: /home/hiromichi/rost2/install/std_srvs/include/std_srvs/std_srvs/srv/detail
[5.554s] -- Installing: /home/hiromichi/rost2/install/std_srvs/include/std_srvs/std_srvs/srv/detail/trigger__rosidl_typesupport_introspection_c.h
[5.554s] -- Installing: /home/hiromichi/rost2/install/std_srvs/include/std_srvs/std_srvs/srv/detail/empty__rosidl_typesupport_introspection_c.h
[5.554s] -- Installing: /home/hiromichi/rost2/install/std_srvs/include/std_srvs/std_srvs/srv/detail/empty__type_support.c
[5.554s] -- Installing: /home/hiromichi/rost2/install/std_srvs/include/std_srvs/std_srvs/srv/detail/trigger__type_support.c
[5.554s] -- Installing: /home/hiromichi/rost2/install/std_srvs/include/std_srvs/std_srvs/srv/detail/set_bool__type_support.c
[5.554s] -- Installing: /home/hiromichi/rost2/install/std_srvs/include/std_srvs/std_srvs/srv/detail/set_bool__rosidl_typesupport_introspection_c.h
[5.554s] -- Up-to-date: /home/hiromichi/rost2/install/std_srvs/include/std_srvs/std_srvs/msg
[5.554s] -- Installing: /home/hiromichi/rost2/install/std_srvs/include/std_srvs/std_srvs/msg/rosidl_typesupport_introspection_c__visibility_control.h
[5.554s] -- Installing: /home/hiromichi/rost2/install/std_srvs/lib/libstd_srvs__rosidl_typesupport_introspection_c.so
[5.554s] -- Set runtime path of "/home/hiromichi/rost2/install/std_srvs/lib/libstd_srvs__rosidl_typesupport_introspection_c.so" to ""
[5.554s] -- Installing: /home/hiromichi/rost2/install/std_srvs/lib/libstd_srvs__rosidl_typesupport_c.so
[5.554s] -- Set runtime path of "/home/hiromichi/rost2/install/std_srvs/lib/libstd_srvs__rosidl_typesupport_c.so" to ""
[5.554s] -- Up-to-date: /home/hiromichi/rost2/install/std_srvs/include/std_srvs/std_srvs
[5.554s] -- Up-to-date: /home/hiromichi/rost2/install/std_srvs/include/std_srvs/std_srvs/srv
[5.554s] -- Installing: /home/hiromichi/rost2/install/std_srvs/include/std_srvs/std_srvs/srv/empty.hpp
[5.554s] -- Installing: /home/hiromichi/rost2/install/std_srvs/include/std_srvs/std_srvs/srv/set_bool.hpp
[5.554s] -- Installing: /home/hiromichi/rost2/install/std_srvs/include/std_srvs/std_srvs/srv/trigger.hpp
[5.554s] -- Up-to-date: /home/hiromichi/rost2/install/std_srvs/include/std_srvs/std_srvs/srv/detail
[5.554s] -- Installing: /home/hiromichi/rost2/install/std_srvs/include/std_srvs/std_srvs/srv/detail/empty__traits.hpp
[5.554s] -- Installing: /home/hiromichi/rost2/install/std_srvs/include/std_srvs/std_srvs/srv/detail/set_bool__builder.hpp
[5.555s] -- Installing: /home/hiromichi/rost2/install/std_srvs/include/std_srvs/std_srvs/srv/detail/set_bool__traits.hpp
[5.555s] -- Installing: /home/hiromichi/rost2/install/std_srvs/include/std_srvs/std_srvs/srv/detail/trigger__traits.hpp
[5.555s] -- Installing: /home/hiromichi/rost2/install/std_srvs/include/std_srvs/std_srvs/srv/detail/empty__builder.hpp
[5.555s] -- Installing: /home/hiromichi/rost2/install/std_srvs/include/std_srvs/std_srvs/srv/detail/empty__struct.hpp
[5.555s] -- Installing: /home/hiromichi/rost2/install/std_srvs/include/std_srvs/std_srvs/srv/detail/trigger__builder.hpp
[5.555s] -- Installing: /home/hiromichi/rost2/install/std_srvs/include/std_srvs/std_srvs/srv/detail/trigger__struct.hpp
[5.555s] -- Installing: /home/hiromichi/rost2/install/std_srvs/include/std_srvs/std_srvs/srv/detail/set_bool__struct.hpp
[5.555s] -- Up-to-date: /home/hiromichi/rost2/install/std_srvs/include/std_srvs/std_srvs
[5.555s] -- Up-to-date: /home/hiromichi/rost2/install/std_srvs/include/std_srvs/std_srvs/srv
[5.555s] -- Up-to-date: /home/hiromichi/rost2/install/std_srvs/include/std_srvs/std_srvs/srv/detail
[5.555s] -- Installing: /home/hiromichi/rost2/install/std_srvs/include/std_srvs/std_srvs/srv/detail/empty__rosidl_typesupport_fastrtps_cpp.hpp
[5.555s] -- Installing: /home/hiromichi/rost2/install/std_srvs/include/std_srvs/std_srvs/srv/detail/dds_fastrtps
[5.555s] -- Installing: /home/hiromichi/rost2/install/std_srvs/include/std_srvs/std_srvs/srv/detail/set_bool__rosidl_typesupport_fastrtps_cpp.hpp
[5.555s] -- Installing: /home/hiromichi/rost2/install/std_srvs/include/std_srvs/std_srvs/srv/detail/trigger__rosidl_typesupport_fastrtps_cpp.hpp
[5.555s] -- Up-to-date: /home/hiromichi/rost2/install/std_srvs/include/std_srvs/std_srvs/msg
[5.555s] -- Installing: /home/hiromichi/rost2/install/std_srvs/include/std_srvs/std_srvs/msg/rosidl_typesupport_fastrtps_cpp__visibility_control.h
[5.555s] -- Installing: /home/hiromichi/rost2/install/std_srvs/lib/libstd_srvs__rosidl_typesupport_fastrtps_cpp.so
[5.555s] -- Set runtime path of "/home/hiromichi/rost2/install/std_srvs/lib/libstd_srvs__rosidl_typesupport_fastrtps_cpp.so" to ""
[5.555s] -- Up-to-date: /home/hiromichi/rost2/install/std_srvs/include/std_srvs/std_srvs
[5.555s] -- Up-to-date: /home/hiromichi/rost2/install/std_srvs/include/std_srvs/std_srvs/srv
[5.556s] -- Up-to-date: /home/hiromichi/rost2/install/std_srvs/include/std_srvs/std_srvs/srv/detail
[5.556s] -- Installing: /home/hiromichi/rost2/install/std_srvs/include/std_srvs/std_srvs/srv/detail/trigger__rosidl_typesupport_introspection_cpp.hpp
[5.556s] -- Installing: /home/hiromichi/rost2/install/std_srvs/include/std_srvs/std_srvs/srv/detail/empty__rosidl_typesupport_introspection_cpp.hpp
[5.556s] -- Installing: /home/hiromichi/rost2/install/std_srvs/include/std_srvs/std_srvs/srv/detail/set_bool__rosidl_typesupport_introspection_cpp.hpp
[5.556s] -- Installing: /home/hiromichi/rost2/install/std_srvs/include/std_srvs/std_srvs/srv/detail/empty__type_support.cpp
[5.556s] -- Installing: /home/hiromichi/rost2/install/std_srvs/include/std_srvs/std_srvs/srv/detail/set_bool__type_support.cpp
[5.556s] -- Installing: /home/hiromichi/rost2/install/std_srvs/include/std_srvs/std_srvs/srv/detail/trigger__type_support.cpp
[5.556s] -- Installing: /home/hiromichi/rost2/install/std_srvs/lib/libstd_srvs__rosidl_typesupport_introspection_cpp.so
[5.556s] -- Set runtime path of "/home/hiromichi/rost2/install/std_srvs/lib/libstd_srvs__rosidl_typesupport_introspection_cpp.so" to ""
[5.556s] -- Installing: /home/hiromichi/rost2/install/std_srvs/lib/libstd_srvs__rosidl_typesupport_cpp.so
[5.556s] -- Set runtime path of "/home/hiromichi/rost2/install/std_srvs/lib/libstd_srvs__rosidl_typesupport_cpp.so" to ""
[5.556s] -- Installing: /home/hiromichi/rost2/install/std_srvs/share/ament_index/resource_index/rust_packages/std_srvs
[5.556s] -- Installing: /home/hiromichi/rost2/install/std_srvs/share/std_srvs/rust
[5.556s] -- Installing: /home/hiromichi/rost2/install/std_srvs/share/std_srvs/rust/src
[5.556s] -- Installing: /home/hiromichi/rost2/install/std_srvs/share/std_srvs/rust/src/srv.rs
[5.556s] -- Installing: /home/hiromichi/rost2/install/std_srvs/share/std_srvs/rust/src/lib.rs
[5.556s] -- Installing: /home/hiromichi/rost2/install/std_srvs/share/std_srvs/rust/Cargo.toml
[5.556s] -- Installing: /home/hiromichi/rost2/install/std_srvs/share/std_srvs/rust/build.rs
[5.556s] -- Installing: /home/hiromichi/rost2/install/std_srvs/share/std_srvs/environment/pythonpath.sh
[5.556s] -- Installing: /home/hiromichi/rost2/install/std_srvs/share/std_srvs/environment/pythonpath.dsv
[5.556s] -- Installing: /home/hiromichi/rost2/install/std_srvs/local/lib/python3.10/dist-packages/std_srvs-4.2.4-py3.10.egg-info
[5.557s] -- Installing: /home/hiromichi/rost2/install/std_srvs/local/lib/python3.10/dist-packages/std_srvs-4.2.4-py3.10.egg-info/top_level.txt
[5.557s] -- Installing: /home/hiromichi/rost2/install/std_srvs/local/lib/python3.10/dist-packages/std_srvs-4.2.4-py3.10.egg-info/dependency_links.txt
[5.557s] -- Installing: /home/hiromichi/rost2/install/std_srvs/local/lib/python3.10/dist-packages/std_srvs-4.2.4-py3.10.egg-info/SOURCES.txt
[5.557s] -- Installing: /home/hiromichi/rost2/install/std_srvs/local/lib/python3.10/dist-packages/std_srvs-4.2.4-py3.10.egg-info/PKG-INFO
[5.557s] -- Installing: /home/hiromichi/rost2/install/std_srvs/local/lib/python3.10/dist-packages/std_srvs
[5.557s] -- Installing: /home/hiromichi/rost2/install/std_srvs/local/lib/python3.10/dist-packages/std_srvs/srv
[5.557s] -- Installing: /home/hiromichi/rost2/install/std_srvs/local/lib/python3.10/dist-packages/std_srvs/srv/_trigger.py
[5.557s] -- Installing: /home/hiromichi/rost2/install/std_srvs/local/lib/python3.10/dist-packages/std_srvs/srv/_empty_s.c
[5.557s] -- Installing: /home/hiromichi/rost2/install/std_srvs/local/lib/python3.10/dist-packages/std_srvs/srv/_empty.py
[5.557s] -- Installing: /home/hiromichi/rost2/install/std_srvs/local/lib/python3.10/dist-packages/std_srvs/srv/_trigger_s.c
[5.557s] -- Installing: /home/hiromichi/rost2/install/std_srvs/local/lib/python3.10/dist-packages/std_srvs/srv/_set_bool.py
[5.557s] -- Installing: /home/hiromichi/rost2/install/std_srvs/local/lib/python3.10/dist-packages/std_srvs/srv/_set_bool_s.c
[5.557s] -- Installing: /home/hiromichi/rost2/install/std_srvs/local/lib/python3.10/dist-packages/std_srvs/srv/__init__.py
[5.557s] -- Installing: /home/hiromichi/rost2/install/std_srvs/local/lib/python3.10/dist-packages/std_srvs/std_srvs_s__rosidl_typesupport_introspection_c.cpython-310-x86_64-linux-gnu.so
[5.557s] -- Installing: /home/hiromichi/rost2/install/std_srvs/local/lib/python3.10/dist-packages/std_srvs/std_srvs_s__rosidl_typesupport_fastrtps_c.cpython-310-x86_64-linux-gnu.so
[5.557s] -- Installing: /home/hiromichi/rost2/install/std_srvs/local/lib/python3.10/dist-packages/std_srvs/_std_srvs_s.ep.rosidl_typesupport_introspection_c.c
[5.557s] -- Installing: /home/hiromichi/rost2/install/std_srvs/local/lib/python3.10/dist-packages/std_srvs/std_srvs_s__rosidl_typesupport_c.cpython-310-x86_64-linux-gnu.so
[5.557s] -- Installing: /home/hiromichi/rost2/install/std_srvs/local/lib/python3.10/dist-packages/std_srvs/_std_srvs_s.ep.rosidl_typesupport_fastrtps_c.c
[5.557s] -- Installing: /home/hiromichi/rost2/install/std_srvs/local/lib/python3.10/dist-packages/std_srvs/__init__.py
[5.558s] -- Installing: /home/hiromichi/rost2/install/std_srvs/local/lib/python3.10/dist-packages/std_srvs/_std_srvs_s.ep.rosidl_typesupport_c.c
[5.558s] -- Installing: /home/hiromichi/rost2/install/std_srvs/local/lib/python3.10/dist-packages/std_srvs/libstd_srvs__rosidl_generator_py.so
[5.590s] Listing '/home/hiromichi/rost2/install/std_srvs/local/lib/python3.10/dist-packages/std_srvs'...
[5.590s] Compiling '/home/hiromichi/rost2/install/std_srvs/local/lib/python3.10/dist-packages/std_srvs/__init__.py'...
[5.591s] Listing '/home/hiromichi/rost2/install/std_srvs/local/lib/python3.10/dist-packages/std_srvs/srv'...
[5.591s] Compiling '/home/hiromichi/rost2/install/std_srvs/local/lib/python3.10/dist-packages/std_srvs/srv/__init__.py'...
[5.591s] Compiling '/home/hiromichi/rost2/install/std_srvs/local/lib/python3.10/dist-packages/std_srvs/srv/_empty.py'...
[5.591s] Compiling '/home/hiromichi/rost2/install/std_srvs/local/lib/python3.10/dist-packages/std_srvs/srv/_set_bool.py'...
[5.591s] Compiling '/home/hiromichi/rost2/install/std_srvs/local/lib/python3.10/dist-packages/std_srvs/srv/_trigger.py'...
[5.596s] -- Installing: /home/hiromichi/rost2/install/std_srvs/local/lib/python3.10/dist-packages/std_srvs/std_srvs_s__rosidl_typesupport_fastrtps_c.cpython-310-x86_64-linux-gnu.so
[5.597s] -- Set runtime path of "/home/hiromichi/rost2/install/std_srvs/local/lib/python3.10/dist-packages/std_srvs/std_srvs_s__rosidl_typesupport_fastrtps_c.cpython-310-x86_64-linux-gnu.so" to ""
[5.597s] -- Installing: /home/hiromichi/rost2/install/std_srvs/local/lib/python3.10/dist-packages/std_srvs/std_srvs_s__rosidl_typesupport_introspection_c.cpython-310-x86_64-linux-gnu.so
[5.598s] -- Set runtime path of "/home/hiromichi/rost2/install/std_srvs/local/lib/python3.10/dist-packages/std_srvs/std_srvs_s__rosidl_typesupport_introspection_c.cpython-310-x86_64-linux-gnu.so" to ""
[5.598s] -- Installing: /home/hiromichi/rost2/install/std_srvs/local/lib/python3.10/dist-packages/std_srvs/std_srvs_s__rosidl_typesupport_c.cpython-310-x86_64-linux-gnu.so
[5.598s] -- Set runtime path of "/home/hiromichi/rost2/install/std_srvs/local/lib/python3.10/dist-packages/std_srvs/std_srvs_s__rosidl_typesupport_c.cpython-310-x86_64-linux-gnu.so" to ""
[5.599s] -- Installing: /home/hiromichi/rost2/install/std_srvs/lib/libstd_srvs__rosidl_generator_py.so
[5.599s] -- Set runtime path of "/home/hiromichi/rost2/install/std_srvs/lib/libstd_srvs__rosidl_generator_py.so" to ""
[5.599s] -- Installing: /home/hiromichi/rost2/install/std_srvs/share/std_srvs/srv/Empty.idl
[5.599s] -- Installing: /home/hiromichi/rost2/install/std_srvs/share/std_srvs/srv/SetBool.idl
[5.600s] -- Installing: /home/hiromichi/rost2/install/std_srvs/share/std_srvs/srv/Trigger.idl
[5.600s] -- Installing: /home/hiromichi/rost2/install/std_srvs/share/std_srvs/srv/Empty.srv
[5.600s] -- Installing: /home/hiromichi/rost2/install/std_srvs/share/std_srvs/srv/Empty_Request.msg
[5.600s] -- Installing: /home/hiromichi/rost2/install/std_srvs/share/std_srvs/srv/Empty_Response.msg
[5.600s] -- Installing: /home/hiromichi/rost2/install/std_srvs/share/std_srvs/srv/SetBool.srv
[5.600s] -- Installing: /home/hiromichi/rost2/install/std_srvs/share/std_srvs/srv/SetBool_Request.msg
[5.600s] -- Installing: /home/hiromichi/rost2/install/std_srvs/share/std_srvs/srv/SetBool_Response.msg
[5.601s] -- Installing: /home/hiromichi/rost2/install/std_srvs/share/std_srvs/srv/Trigger.srv
[5.601s] -- Installing: /home/hiromichi/rost2/install/std_srvs/share/std_srvs/srv/Trigger_Request.msg
[5.601s] -- Installing: /home/hiromichi/rost2/install/std_srvs/share/std_srvs/srv/Trigger_Response.msg
[5.601s] -- Installing: /home/hiromichi/rost2/install/std_srvs/share/ament_index/resource_index/package_run_dependencies/std_srvs
[5.601s] -- Installing: /home/hiromichi/rost2/install/std_srvs/share/ament_index/resource_index/parent_prefix_path/std_srvs
[5.601s] -- Installing: /home/hiromichi/rost2/install/std_srvs/share/std_srvs/environment/ament_prefix_path.sh
[5.602s] -- Installing: /home/hiromichi/rost2/install/std_srvs/share/std_srvs/environment/ament_prefix_path.dsv
[5.602s] -- Installing: /home/hiromichi/rost2/install/std_srvs/share/std_srvs/environment/path.sh
[5.602s] -- Installing: /home/hiromichi/rost2/install/std_srvs/share/std_srvs/environment/path.dsv
[5.602s] -- Installing: /home/hiromichi/rost2/install/std_srvs/share/std_srvs/local_setup.bash
[5.602s] -- Installing: /home/hiromichi/rost2/install/std_srvs/share/std_srvs/local_setup.sh
[5.602s] -- Installing: /home/hiromichi/rost2/install/std_srvs/share/std_srvs/local_setup.zsh
[5.603s] -- Installing: /home/hiromichi/rost2/install/std_srvs/share/std_srvs/local_setup.dsv
[5.603s] -- Installing: /home/hiromichi/rost2/install/std_srvs/share/std_srvs/package.dsv
[5.603s] -- Installing: /home/hiromichi/rost2/install/std_srvs/share/ament_index/resource_index/packages/std_srvs
[5.603s] -- Installing: /home/hiromichi/rost2/install/std_srvs/share/std_srvs/cmake/export_std_srvs__rosidl_generator_cExport.cmake
[5.603s] -- Installing: /home/hiromichi/rost2/install/std_srvs/share/std_srvs/cmake/export_std_srvs__rosidl_generator_cExport-noconfig.cmake
[5.603s] -- Installing: /home/hiromichi/rost2/install/std_srvs/share/std_srvs/cmake/export_std_srvs__rosidl_typesupport_fastrtps_cExport.cmake
[5.603s] -- Installing: /home/hiromichi/rost2/install/std_srvs/share/std_srvs/cmake/export_std_srvs__rosidl_typesupport_fastrtps_cExport-noconfig.cmake
[5.603s] -- Installing: /home/hiromichi/rost2/install/std_srvs/share/std_srvs/cmake/std_srvs__rosidl_typesupport_introspection_cExport.cmake
[5.603s] -- Installing: /home/hiromichi/rost2/install/std_srvs/share/std_srvs/cmake/std_srvs__rosidl_typesupport_introspection_cExport-noconfig.cmake
[5.603s] -- Installing: /home/hiromichi/rost2/install/std_srvs/share/std_srvs/cmake/std_srvs__rosidl_typesupport_cExport.cmake
[5.603s] -- Installing: /home/hiromichi/rost2/install/std_srvs/share/std_srvs/cmake/std_srvs__rosidl_typesupport_cExport-noconfig.cmake
[5.604s] -- Installing: /home/hiromichi/rost2/install/std_srvs/share/std_srvs/cmake/export_std_srvs__rosidl_generator_cppExport.cmake
[5.604s] -- Installing: /home/hiromichi/rost2/install/std_srvs/share/std_srvs/cmake/export_std_srvs__rosidl_typesupport_fastrtps_cppExport.cmake
[5.604s] -- Installing: /home/hiromichi/rost2/install/std_srvs/share/std_srvs/cmake/export_std_srvs__rosidl_typesupport_fastrtps_cppExport-noconfig.cmake
[5.604s] -- Installing: /home/hiromichi/rost2/install/std_srvs/share/std_srvs/cmake/std_srvs__rosidl_typesupport_introspection_cppExport.cmake
[5.604s] -- Installing: /home/hiromichi/rost2/install/std_srvs/share/std_srvs/cmake/std_srvs__rosidl_typesupport_introspection_cppExport-noconfig.cmake
[5.604s] -- Installing: /home/hiromichi/rost2/install/std_srvs/share/std_srvs/cmake/std_srvs__rosidl_typesupport_cppExport.cmake
[5.604s] -- Installing: /home/hiromichi/rost2/install/std_srvs/share/std_srvs/cmake/std_srvs__rosidl_typesupport_cppExport-noconfig.cmake
[5.604s] -- Installing: /home/hiromichi/rost2/install/std_srvs/share/std_srvs/cmake/export_std_srvs__rosidl_generator_pyExport.cmake
[5.604s] -- Installing: /home/hiromichi/rost2/install/std_srvs/share/std_srvs/cmake/export_std_srvs__rosidl_generator_pyExport-noconfig.cmake
[5.604s] -- Installing: /home/hiromichi/rost2/install/std_srvs/share/std_srvs/cmake/rosidl_cmake-extras.cmake
[5.604s] -- Installing: /home/hiromichi/rost2/install/std_srvs/share/std_srvs/cmake/ament_cmake_export_include_directories-extras.cmake
[5.628s] -- Installing: /home/hiromichi/rost2/install/std_srvs/share/std_srvs/cmake/ament_cmake_export_libraries-extras.cmake
[5.628s] -- Installing: /home/hiromichi/rost2/install/std_srvs/share/std_srvs/cmake/ament_cmake_export_targets-extras.cmake
[5.628s] -- Installing: /home/hiromichi/rost2/install/std_srvs/share/std_srvs/cmake/rosidl_cmake_export_typesupport_targets-extras.cmake
[5.629s] -- Installing: /home/hiromichi/rost2/install/std_srvs/share/std_srvs/cmake/ament_cmake_export_dependencies-extras.cmake
[5.629s] -- Installing: /home/hiromichi/rost2/install/std_srvs/share/std_srvs/cmake/rosidl_cmake_export_typesupport_libraries-extras.cmake
[5.629s] -- Installing: /home/hiromichi/rost2/install/std_srvs/share/std_srvs/cmake/std_srvsConfig.cmake
[5.629s] -- Installing: /home/hiromichi/rost2/install/std_srvs/share/std_srvs/cmake/std_srvsConfig-version.cmake
[5.630s] -- Installing: /home/hiromichi/rost2/install/std_srvs/share/std_srvs/package.xml
[5.631s] Invoked command in '/home/hiromichi/rost2/build/std_srvs' returned '0': AMENT_PREFIX_PATH=/home/hiromichi/rost2/install/rosidl_default_runtime:/home/hiromichi/rost2/install/rosidl_default_generators:/home/hiromichi/rost2/install/rosidl_generator_rs:/home/hiromichi/rost2/install/rosidl_runtime_rs:${AMENT_PREFIX_PATH} CMAKE_PREFIX_PATH=/home/hiromichi/rost2/install/rosidl_default_runtime:/home/hiromichi/rost2/install/rosidl_default_generators:/home/hiromichi/rost2/install/rosidl_generator_rs:/opt/ros/humble PYTHONPATH=/home/hiromichi/rost2/install/rosidl_generator_rs/local/lib/python3.10/dist-packages:${PYTHONPATH} /usr/bin/cmake --install /home/hiromichi/rost2/build/std_srvs
