[0.334s] Invoking command in '/home/hiro/rust_ws/build/visualization_msgs': AMENT_PREFIX_PATH=/home/hiro/rust_ws/install/sensor_msgs:/home/hiro/rust_ws/install/geometry_msgs:/home/hiro/rust_ws/install/std_msgs:/home/hiro/rust_ws/install/builtin_interfaces:/home/hiro/rust_ws/install/rosidl_default_runtime:/home/hiro/rust_ws/install/rosidl_default_generators:/home/hiro/rust_ws/install/rosidl_generator_rs:/home/hiro/rust_ws/install/rosidl_runtime_rs:${AMENT_PREFIX_PATH} CMAKE_PREFIX_PATH=/home/hiro/rust_ws/install/sensor_msgs:/home/hiro/rust_ws/install/geometry_msgs:/home/hiro/rust_ws/install/std_msgs:/home/hiro/rust_ws/install/builtin_interfaces:/home/hiro/rust_ws/install/rosidl_default_runtime:/home/hiro/rust_ws/install/rosidl_default_generators:/home/hiro/rust_ws/install/rosidl_generator_rs:/home/hiro/ws_livox/install/livox_ros_driver2:/opt/ros/humble LD_LIBRARY_PATH=/home/hiro/rust_ws/install/sensor_msgs/lib:/home/hiro/rust_ws/install/geometry_msgs/lib:/home/hiro/rust_ws/install/std_msgs/lib:/home/hiro/rust_ws/install/builtin_interfaces/lib:${LD_LIBRARY_PATH} PYTHONPATH=/home/hiro/rust_ws/install/sensor_msgs/local/lib/python3.10/dist-packages:/home/hiro/rust_ws/install/geometry_msgs/local/lib/python3.10/dist-packages:/home/hiro/rust_ws/install/std_msgs/local/lib/python3.10/dist-packages:/home/hiro/rust_ws/install/builtin_interfaces/local/lib/python3.10/dist-packages:/home/hiro/rust_ws/install/rosidl_generator_rs/local/lib/python3.10/dist-packages:${PYTHONPATH} /usr/bin/cmake /home/hiro/rust_ws/src/src/ros2/common_interfaces/visualization_msgs -DCMAKE_INSTALL_PREFIX=/home/hiro/rust_ws/install/visualization_msgs
[0.413s] -- The C compiler identification is GNU 11.4.0
[0.759s] -- The CXX compiler identification is GNU 11.4.0
[1.072s] -- Detecting C compiler ABI info
[1.179s] -- Detecting C compiler ABI info - done
[1.185s] -- Check for working C compiler: /usr/bin/cc - skipped
[1.186s] -- Detecting C compile features
[1.186s] -- Detecting C compile features - done
[1.189s] -- Detecting CXX compiler ABI info
[1.296s] -- Detecting CXX compiler ABI info - done
[1.302s] -- Check for working CXX compiler: /usr/bin/c++ - skipped
[1.302s] -- Detecting CXX compile features
[1.303s] -- Detecting CXX compile features - done
[1.305s] -- Found ament_cmake: 1.3.10 (/opt/ros/humble/share/ament_cmake/cmake)
[1.854s] -- Found Python3: /usr/bin/python3 (found version "3.10.12") found components: Interpreter 
[1.920s] -- Found builtin_interfaces: 1.2.1 (/home/hiro/rust_ws/install/builtin_interfaces/share/builtin_interfaces/cmake)
[2.012s] -- Found rosidl_generator_c: 3.1.5 (/opt/ros/humble/share/rosidl_generator_c/cmake)
[2.016s] -- Found rosidl_adapter: 3.1.5 (/opt/ros/humble/share/rosidl_adapter/cmake)
[2.022s] -- Found rosidl_generator_cpp: 3.1.5 (/opt/ros/humble/share/rosidl_generator_cpp/cmake)
[2.031s] -- Using all available rosidl_typesupport_c: rosidl_typesupport_fastrtps_c;rosidl_typesupport_introspection_c
[2.043s] -- Using all available rosidl_typesupport_cpp: rosidl_typesupport_fastrtps_cpp;rosidl_typesupport_introspection_cpp
[2.053s] -- Found geometry_msgs: 4.2.4 (/home/hiro/rust_ws/install/geometry_msgs/share/geometry_msgs/cmake)
[2.072s] -- Found rosidl_default_generators: 1.2.0 (/home/hiro/rust_ws/install/rosidl_default_generators/share/rosidl_default_generators/cmake)
[2.080s] -- Found sensor_msgs: 4.2.4 (/home/hiro/rust_ws/install/sensor_msgs/share/sensor_msgs/cmake)
[2.394s] -- Found ament_cmake_cppcheck: 0.12.11 (/opt/ros/humble/share/ament_cmake_cppcheck/cmake)
[2.395s] -- Found ament_cmake_cpplint: 0.12.11 (/opt/ros/humble/share/ament_cmake_cpplint/cmake)
[2.397s] -- Found ament_cmake_uncrustify: 0.12.11 (/opt/ros/humble/share/ament_cmake_uncrustify/cmake)
[2.398s] -- Found ament_cmake_ros: 0.10.0 (/opt/ros/humble/share/ament_cmake_ros/cmake)
[2.762s] -- Using all available rosidl_typesupport_c: rosidl_typesupport_fastrtps_c;rosidl_typesupport_introspection_c
[2.910s] -- Using all available rosidl_typesupport_cpp: rosidl_typesupport_fastrtps_cpp;rosidl_typesupport_introspection_cpp
[3.059s] -- Found PythonInterp: /usr/bin/python3 (found suitable version "3.10.12", minimum required is "3.6") 
[3.060s] -- Found python_cmake_module: 0.10.0 (/opt/ros/humble/share/python_cmake_module/cmake)
[3.394s] -- Found PythonLibs: /usr/lib/x86_64-linux-gnu/libpython3.10.so (found suitable version "3.10.12", minimum required is "3.5") 
[3.394s] -- Using PYTHON_EXECUTABLE: /usr/bin/python3
[3.394s] -- Using PYTHON_INCLUDE_DIRS: /usr/include/python3.10
[3.394s] -- Using PYTHON_LIBRARIES: /usr/lib/x86_64-linux-gnu/libpython3.10.so
[3.410s] -- Found PythonExtra: .so  
[3.507s] -- Found ament_cmake_flake8: 0.12.11 (/opt/ros/humble/share/ament_cmake_flake8/cmake)
[3.510s] -- Found ament_cmake_pep257: 0.12.11 (/opt/ros/humble/share/ament_cmake_pep257/cmake)
[3.519s] -- Configuring done
[3.582s] -- Generating done
[3.584s] -- Build files have been written to: /home/hiro/rust_ws/build/visualization_msgs
[3.602s] Invoked command in '/home/hiro/rust_ws/build/visualization_msgs' returned '0': AMENT_PREFIX_PATH=/home/hiro/rust_ws/install/sensor_msgs:/home/hiro/rust_ws/install/geometry_msgs:/home/hiro/rust_ws/install/std_msgs:/home/hiro/rust_ws/install/builtin_interfaces:/home/hiro/rust_ws/install/rosidl_default_runtime:/home/hiro/rust_ws/install/rosidl_default_generators:/home/hiro/rust_ws/install/rosidl_generator_rs:/home/hiro/rust_ws/install/rosidl_runtime_rs:${AMENT_PREFIX_PATH} CMAKE_PREFIX_PATH=/home/hiro/rust_ws/install/sensor_msgs:/home/hiro/rust_ws/install/geometry_msgs:/home/hiro/rust_ws/install/std_msgs:/home/hiro/rust_ws/install/builtin_interfaces:/home/hiro/rust_ws/install/rosidl_default_runtime:/home/hiro/rust_ws/install/rosidl_default_generators:/home/hiro/rust_ws/install/rosidl_generator_rs:/home/hiro/ws_livox/install/livox_ros_driver2:/opt/ros/humble LD_LIBRARY_PATH=/home/hiro/rust_ws/install/sensor_msgs/lib:/home/hiro/rust_ws/install/geometry_msgs/lib:/home/hiro/rust_ws/install/std_msgs/lib:/home/hiro/rust_ws/install/builtin_interfaces/lib:${LD_LIBRARY_PATH} PYTHONPATH=/home/hiro/rust_ws/install/sensor_msgs/local/lib/python3.10/dist-packages:/home/hiro/rust_ws/install/geometry_msgs/local/lib/python3.10/dist-packages:/home/hiro/rust_ws/install/std_msgs/local/lib/python3.10/dist-packages:/home/hiro/rust_ws/install/builtin_interfaces/local/lib/python3.10/dist-packages:/home/hiro/rust_ws/install/rosidl_generator_rs/local/lib/python3.10/dist-packages:${PYTHONPATH} /usr/bin/cmake /home/hiro/rust_ws/src/src/ros2/common_interfaces/visualization_msgs -DCMAKE_INSTALL_PREFIX=/home/hiro/rust_ws/install/visualization_msgs
[3.604s] Invoking command in '/home/hiro/rust_ws/build/visualization_msgs': AMENT_PREFIX_PATH=/home/hiro/rust_ws/install/sensor_msgs:/home/hiro/rust_ws/install/geometry_msgs:/home/hiro/rust_ws/install/std_msgs:/home/hiro/rust_ws/install/builtin_interfaces:/home/hiro/rust_ws/install/rosidl_default_runtime:/home/hiro/rust_ws/install/rosidl_default_generators:/home/hiro/rust_ws/install/rosidl_generator_rs:/home/hiro/rust_ws/install/rosidl_runtime_rs:${AMENT_PREFIX_PATH} CMAKE_PREFIX_PATH=/home/hiro/rust_ws/install/sensor_msgs:/home/hiro/rust_ws/install/geometry_msgs:/home/hiro/rust_ws/install/std_msgs:/home/hiro/rust_ws/install/builtin_interfaces:/home/hiro/rust_ws/install/rosidl_default_runtime:/home/hiro/rust_ws/install/rosidl_default_generators:/home/hiro/rust_ws/install/rosidl_generator_rs:/home/hiro/ws_livox/install/livox_ros_driver2:/opt/ros/humble LD_LIBRARY_PATH=/home/hiro/rust_ws/install/sensor_msgs/lib:/home/hiro/rust_ws/install/geometry_msgs/lib:/home/hiro/rust_ws/install/std_msgs/lib:/home/hiro/rust_ws/install/builtin_interfaces/lib:${LD_LIBRARY_PATH} PYTHONPATH=/home/hiro/rust_ws/install/sensor_msgs/local/lib/python3.10/dist-packages:/home/hiro/rust_ws/install/geometry_msgs/local/lib/python3.10/dist-packages:/home/hiro/rust_ws/install/std_msgs/local/lib/python3.10/dist-packages:/home/hiro/rust_ws/install/builtin_interfaces/local/lib/python3.10/dist-packages:/home/hiro/rust_ws/install/rosidl_generator_rs/local/lib/python3.10/dist-packages:${PYTHONPATH} /usr/bin/cmake --build /home/hiro/rust_ws/build/visualization_msgs -- -j22 -l22
[3.642s] [  1%] [34m[1mGenerating C code for ROS interfaces[0m
[3.651s] [  2%] [34m[1mGenerating Rust code for ROS interfaces[0m
[3.654s] [  2%] [34m[1mGenerating C++ code for ROS interfaces[0m
[3.660s] [  2%] Built target ament_cmake_python_copy_visualization_msgs
[4.102s] running egg_info
[4.102s] creating visualization_msgs.egg-info
[4.123s] writing visualization_msgs.egg-info/PKG-INFO
[4.123s] writing dependency_links to visualization_msgs.egg-info/dependency_links.txt
[4.124s] writing top-level names to visualization_msgs.egg-info/top_level.txt
[4.124s] writing manifest file 'visualization_msgs.egg-info/SOURCES.txt'
[4.174s] reading manifest file 'visualization_msgs.egg-info/SOURCES.txt'
[4.174s] writing manifest file 'visualization_msgs.egg-info/SOURCES.txt'
[4.226s] [  2%] Built target ament_cmake_python_build_visualization_msgs_egg
[5.635s] [  2%] Built target visualization_msgs__rs
[6.155s] [  2%] Built target visualization_msgs__cpp
[6.164s] [  3%] [34m[1mGenerating C++ type support dispatch for ROS interfaces[0m
[6.164s] [  4%] [34m[1mGenerating C++ type support for eProsima Fast-RTPS[0m
[6.166s] [  5%] [34m[1mGenerating C++ introspection for ROS interfaces[0m
[6.190s] [  7%] [32mBuilding C object CMakeFiles/visualization_msgs__rosidl_generator_c.dir/rosidl_generator_c/visualization_msgs/msg/detail/image_marker__functions.c.o[0m
[6.190s] [  8%] [32mBuilding C object CMakeFiles/visualization_msgs__rosidl_generator_c.dir/rosidl_generator_c/visualization_msgs/msg/detail/interactive_marker_pose__functions.c.o[0m
[6.190s] [  8%] [32mBuilding C object CMakeFiles/visualization_msgs__rosidl_generator_c.dir/rosidl_generator_c/visualization_msgs/msg/detail/interactive_marker_control__functions.c.o[0m
[6.190s] [  7%] [32mBuilding C object CMakeFiles/visualization_msgs__rosidl_generator_c.dir/rosidl_generator_c/visualization_msgs/msg/detail/interactive_marker__functions.c.o[0m
[6.190s] [  9%] [32mBuilding C object CMakeFiles/visualization_msgs__rosidl_generator_c.dir/rosidl_generator_c/visualization_msgs/msg/detail/interactive_marker_init__functions.c.o[0m
[6.192s] [ 10%] [32mBuilding C object CMakeFiles/visualization_msgs__rosidl_generator_c.dir/rosidl_generator_c/visualization_msgs/msg/detail/interactive_marker_feedback__functions.c.o[0m
[6.239s] [ 11%] [32mBuilding C object CMakeFiles/visualization_msgs__rosidl_generator_c.dir/rosidl_generator_c/visualization_msgs/srv/detail/get_interactive_markers__functions.c.o[0m
[6.244s] [ 12%] [32mBuilding C object CMakeFiles/visualization_msgs__rosidl_generator_c.dir/rosidl_generator_c/visualization_msgs/msg/detail/mesh_file__functions.c.o[0m
[6.244s] [ 12%] [32mBuilding C object CMakeFiles/visualization_msgs__rosidl_generator_c.dir/rosidl_generator_c/visualization_msgs/msg/detail/uv_coordinate__functions.c.o[0m
[6.244s] [ 13%] [32mBuilding C object CMakeFiles/visualization_msgs__rosidl_generator_c.dir/rosidl_generator_c/visualization_msgs/msg/detail/menu_entry__functions.c.o[0m
[6.246s] [ 14%] [32mBuilding C object CMakeFiles/visualization_msgs__rosidl_generator_c.dir/rosidl_generator_c/visualization_msgs/msg/detail/marker_array__functions.c.o[0m
[6.257s] [ 15%] [32mBuilding C object CMakeFiles/visualization_msgs__rosidl_generator_c.dir/rosidl_generator_c/visualization_msgs/msg/detail/marker__functions.c.o[0m
[6.292s] [ 15%] [32mBuilding C object CMakeFiles/visualization_msgs__rosidl_generator_c.dir/rosidl_generator_c/visualization_msgs/msg/detail/interactive_marker_update__functions.c.o[0m
[6.334s] [ 16%] [32m[1mLinking C shared library libvisualization_msgs__rosidl_generator_c.so[0m
[6.442s] [ 16%] Built target visualization_msgs__rosidl_generator_c
[6.451s] [ 19%] [34m[1mGenerating C type support for eProsima Fast-RTPS[0m
[6.452s] [ 19%] [34m[1mGenerating C type support dispatch for ROS interfaces[0m
[6.452s] [ 19%] [34m[1mGenerating C introspection for ROS interfaces[0m
[8.380s] [ 20%] [32mBuilding CXX object CMakeFiles/visualization_msgs__rosidl_typesupport_cpp.dir/rosidl_typesupport_cpp/visualization_msgs/msg/image_marker__type_support.cpp.o[0m
[8.380s] [ 21%] [32mBuilding CXX object CMakeFiles/visualization_msgs__rosidl_typesupport_cpp.dir/rosidl_typesupport_cpp/visualization_msgs/msg/interactive_marker_init__type_support.cpp.o[0m
[8.380s] [ 22%] [32mBuilding CXX object CMakeFiles/visualization_msgs__rosidl_typesupport_cpp.dir/rosidl_typesupport_cpp/visualization_msgs/msg/interactive_marker_control__type_support.cpp.o[0m
[8.381s] [ 22%] [32mBuilding CXX object CMakeFiles/visualization_msgs__rosidl_typesupport_cpp.dir/rosidl_typesupport_cpp/visualization_msgs/msg/interactive_marker__type_support.cpp.o[0m
[8.381s] [ 23%] [32mBuilding CXX object CMakeFiles/visualization_msgs__rosidl_typesupport_cpp.dir/rosidl_typesupport_cpp/visualization_msgs/msg/marker__type_support.cpp.o[0m
[8.381s] [ 24%] [32mBuilding CXX object CMakeFiles/visualization_msgs__rosidl_typesupport_cpp.dir/rosidl_typesupport_cpp/visualization_msgs/msg/marker_array__type_support.cpp.o[0m
[8.382s] [ 24%] [32mBuilding CXX object CMakeFiles/visualization_msgs__rosidl_typesupport_cpp.dir/rosidl_typesupport_cpp/visualization_msgs/msg/interactive_marker_pose__type_support.cpp.o[0m
[8.382s] [ 25%] [32mBuilding CXX object CMakeFiles/visualization_msgs__rosidl_typesupport_cpp.dir/rosidl_typesupport_cpp/visualization_msgs/msg/interactive_marker_feedback__type_support.cpp.o[0m
[8.384s] [ 26%] [32mBuilding CXX object CMakeFiles/visualization_msgs__rosidl_typesupport_cpp.dir/rosidl_typesupport_cpp/visualization_msgs/msg/interactive_marker_update__type_support.cpp.o[0m
[8.738s] [ 27%] [32mBuilding CXX object CMakeFiles/visualization_msgs__rosidl_typesupport_cpp.dir/rosidl_typesupport_cpp/visualization_msgs/srv/get_interactive_markers__type_support.cpp.o[0m
[8.752s] [ 28%] [32mBuilding CXX object CMakeFiles/visualization_msgs__rosidl_typesupport_cpp.dir/rosidl_typesupport_cpp/visualization_msgs/msg/uv_coordinate__type_support.cpp.o[0m
[8.754s] [ 28%] [32mBuilding CXX object CMakeFiles/visualization_msgs__rosidl_typesupport_cpp.dir/rosidl_typesupport_cpp/visualization_msgs/msg/mesh_file__type_support.cpp.o[0m
[8.761s] [ 29%] [32mBuilding CXX object CMakeFiles/visualization_msgs__rosidl_typesupport_cpp.dir/rosidl_typesupport_cpp/visualization_msgs/msg/menu_entry__type_support.cpp.o[0m
[8.777s] [ 30%] [32mBuilding CXX object CMakeFiles/visualization_msgs__rosidl_typesupport_introspection_cpp.dir/rosidl_typesupport_introspection_cpp/visualization_msgs/msg/detail/image_marker__type_support.cpp.o[0m
[8.778s] [ 30%] [32mBuilding CXX object CMakeFiles/visualization_msgs__rosidl_typesupport_introspection_cpp.dir/rosidl_typesupport_introspection_cpp/visualization_msgs/msg/detail/interactive_marker__type_support.cpp.o[0m
[8.778s] [ 31%] [32mBuilding CXX object CMakeFiles/visualization_msgs__rosidl_typesupport_introspection_cpp.dir/rosidl_typesupport_introspection_cpp/visualization_msgs/msg/detail/interactive_marker_update__type_support.cpp.o[0m
[8.779s] [ 32%] [32mBuilding CXX object CMakeFiles/visualization_msgs__rosidl_typesupport_introspection_cpp.dir/rosidl_typesupport_introspection_cpp/visualization_msgs/msg/detail/marker_array__type_support.cpp.o[0m
[8.779s] [ 32%] [32mBuilding CXX object CMakeFiles/visualization_msgs__rosidl_typesupport_introspection_cpp.dir/rosidl_typesupport_introspection_cpp/visualization_msgs/msg/detail/interactive_marker_pose__type_support.cpp.o[0m
[8.780s] [ 35%] [32mBuilding CXX object CMakeFiles/visualization_msgs__rosidl_typesupport_introspection_cpp.dir/rosidl_typesupport_introspection_cpp/visualization_msgs/msg/detail/interactive_marker_control__type_support.cpp.o[0m
[8.780s] [ 35%] [32mBuilding CXX object CMakeFiles/visualization_msgs__rosidl_typesupport_introspection_cpp.dir/rosidl_typesupport_introspection_cpp/visualization_msgs/msg/detail/interactive_marker_feedback__type_support.cpp.o[0m
[8.780s] [ 35%] [32mBuilding CXX object CMakeFiles/visualization_msgs__rosidl_typesupport_introspection_cpp.dir/rosidl_typesupport_introspection_cpp/visualization_msgs/msg/detail/interactive_marker_init__type_support.cpp.o[0m
[8.781s] [ 36%] [32mBuilding CXX object CMakeFiles/visualization_msgs__rosidl_typesupport_introspection_cpp.dir/rosidl_typesupport_introspection_cpp/visualization_msgs/msg/detail/marker__type_support.cpp.o[0m
[8.975s] [ 36%] [32mBuilding CXX object CMakeFiles/visualization_msgs__rosidl_typesupport_c.dir/rosidl_typesupport_c/visualization_msgs/msg/image_marker__type_support.cpp.o[0m
[8.988s] [ 37%] [32mBuilding CXX object CMakeFiles/visualization_msgs__rosidl_typesupport_c.dir/rosidl_typesupport_c/visualization_msgs/msg/interactive_marker__type_support.cpp.o[0m
[9.031s] [ 38%] [32mBuilding CXX object CMakeFiles/visualization_msgs__rosidl_typesupport_c.dir/rosidl_typesupport_c/visualization_msgs/msg/interactive_marker_control__type_support.cpp.o[0m
[9.038s] [ 39%] [32mBuilding CXX object CMakeFiles/visualization_msgs__rosidl_typesupport_c.dir/rosidl_typesupport_c/visualization_msgs/msg/interactive_marker_feedback__type_support.cpp.o[0m
[9.089s] [ 40%] [32mBuilding CXX object CMakeFiles/visualization_msgs__rosidl_typesupport_c.dir/rosidl_typesupport_c/visualization_msgs/msg/interactive_marker_pose__type_support.cpp.o[0m
[9.090s] [ 40%] [32mBuilding CXX object CMakeFiles/visualization_msgs__rosidl_typesupport_c.dir/rosidl_typesupport_c/visualization_msgs/msg/interactive_marker_init__type_support.cpp.o[0m
[9.107s] [ 41%] [32mBuilding CXX object CMakeFiles/visualization_msgs__rosidl_typesupport_fastrtps_cpp.dir/rosidl_typesupport_fastrtps_cpp/visualization_msgs/msg/detail/dds_fastrtps/image_marker__type_support.cpp.o[0m
[9.143s] [ 41%] [32mBuilding CXX object CMakeFiles/visualization_msgs__rosidl_typesupport_fastrtps_cpp.dir/rosidl_typesupport_fastrtps_cpp/visualization_msgs/msg/detail/dds_fastrtps/interactive_marker__type_support.cpp.o[0m
[9.148s] [ 42%] [32mBuilding CXX object CMakeFiles/visualization_msgs__rosidl_typesupport_c.dir/rosidl_typesupport_c/visualization_msgs/msg/interactive_marker_update__type_support.cpp.o[0m
[9.197s] [ 43%] [32mBuilding CXX object CMakeFiles/visualization_msgs__rosidl_typesupport_fastrtps_cpp.dir/rosidl_typesupport_fastrtps_cpp/visualization_msgs/msg/detail/dds_fastrtps/interactive_marker_control__type_support.cpp.o[0m
[9.203s] [ 44%] [32mBuilding CXX object CMakeFiles/visualization_msgs__rosidl_typesupport_c.dir/rosidl_typesupport_c/visualization_msgs/msg/marker__type_support.cpp.o[0m
[9.256s] [ 45%] [32mBuilding CXX object CMakeFiles/visualization_msgs__rosidl_typesupport_c.dir/rosidl_typesupport_c/visualization_msgs/msg/marker_array__type_support.cpp.o[0m
[9.270s] [ 45%] [32mBuilding CXX object CMakeFiles/visualization_msgs__rosidl_typesupport_c.dir/rosidl_typesupport_c/visualization_msgs/msg/menu_entry__type_support.cpp.o[0m
[9.275s] [ 46%] [32mBuilding CXX object CMakeFiles/visualization_msgs__rosidl_typesupport_c.dir/rosidl_typesupport_c/visualization_msgs/msg/mesh_file__type_support.cpp.o[0m
[9.288s] [ 47%] [32m[1mLinking CXX shared library libvisualization_msgs__rosidl_typesupport_cpp.so[0m
[9.312s] [ 48%] [32mBuilding CXX object CMakeFiles/visualization_msgs__rosidl_typesupport_c.dir/rosidl_typesupport_c/visualization_msgs/msg/uv_coordinate__type_support.cpp.o[0m
[9.321s] [ 50%] [32mBuilding CXX object CMakeFiles/visualization_msgs__rosidl_typesupport_c.dir/rosidl_typesupport_c/visualization_msgs/srv/get_interactive_markers__type_support.cpp.o[0m
[9.321s] [ 50%] [32mBuilding CXX object CMakeFiles/visualization_msgs__rosidl_typesupport_fastrtps_cpp.dir/rosidl_typesupport_fastrtps_cpp/visualization_msgs/msg/detail/dds_fastrtps/interactive_marker_feedback__type_support.cpp.o[0m
[9.381s] [ 50%] [32m[1mLinking CXX shared library libvisualization_msgs__rosidl_typesupport_c.so[0m
[9.417s] [ 51%] [32mBuilding CXX object CMakeFiles/visualization_msgs__rosidl_typesupport_fastrtps_cpp.dir/rosidl_typesupport_fastrtps_cpp/visualization_msgs/msg/detail/dds_fastrtps/interactive_marker_init__type_support.cpp.o[0m
[9.479s] [ 51%] Built target visualization_msgs__rosidl_typesupport_cpp
[9.503s] [ 51%] [32mBuilding CXX object CMakeFiles/visualization_msgs__rosidl_typesupport_fastrtps_cpp.dir/rosidl_typesupport_fastrtps_cpp/visualization_msgs/msg/detail/dds_fastrtps/interactive_marker_pose__type_support.cpp.o[0m
[9.507s] [ 51%] [32mBuilding C object CMakeFiles/visualization_msgs__rosidl_typesupport_introspection_c.dir/rosidl_typesupport_introspection_c/visualization_msgs/msg/detail/image_marker__type_support.c.o[0m
[9.543s] [ 53%] [32mBuilding CXX object CMakeFiles/visualization_msgs__rosidl_typesupport_introspection_cpp.dir/rosidl_typesupport_introspection_cpp/visualization_msgs/msg/detail/menu_entry__type_support.cpp.o[0m
[9.543s] [ 53%] [32mBuilding CXX object CMakeFiles/visualization_msgs__rosidl_typesupport_introspection_cpp.dir/rosidl_typesupport_introspection_cpp/visualization_msgs/msg/detail/uv_coordinate__type_support.cpp.o[0m
[9.546s] [ 53%] [32mBuilding CXX object CMakeFiles/visualization_msgs__rosidl_typesupport_introspection_cpp.dir/rosidl_typesupport_introspection_cpp/visualization_msgs/msg/detail/mesh_file__type_support.cpp.o[0m
[9.547s] [ 54%] [32mBuilding CXX object CMakeFiles/visualization_msgs__rosidl_typesupport_introspection_cpp.dir/rosidl_typesupport_introspection_cpp/visualization_msgs/srv/detail/get_interactive_markers__type_support.cpp.o[0m
[9.585s] [ 55%] [32mBuilding C object CMakeFiles/visualization_msgs__rosidl_typesupport_introspection_c.dir/rosidl_typesupport_introspection_c/visualization_msgs/msg/detail/interactive_marker__type_support.c.o[0m
[9.589s] [ 56%] [32mBuilding CXX object CMakeFiles/visualization_msgs__rosidl_typesupport_fastrtps_cpp.dir/rosidl_typesupport_fastrtps_cpp/visualization_msgs/msg/detail/dds_fastrtps/interactive_marker_update__type_support.cpp.o[0m
[9.593s] [ 57%] [32mBuilding C object CMakeFiles/visualization_msgs__rosidl_typesupport_introspection_c.dir/rosidl_typesupport_introspection_c/visualization_msgs/msg/detail/interactive_marker_control__type_support.c.o[0m
[9.594s] [ 57%] Built target visualization_msgs__rosidl_typesupport_c
[9.610s] [ 58%] [32mBuilding CXX object CMakeFiles/visualization_msgs__rosidl_typesupport_fastrtps_cpp.dir/rosidl_typesupport_fastrtps_cpp/visualization_msgs/msg/detail/dds_fastrtps/marker__type_support.cpp.o[0m
[9.616s] [ 58%] [32mBuilding CXX object CMakeFiles/visualization_msgs__rosidl_typesupport_fastrtps_c.dir/rosidl_typesupport_fastrtps_c/visualization_msgs/msg/detail/image_marker__type_support_c.cpp.o[0m
[9.675s] [ 59%] [32mBuilding C object CMakeFiles/visualization_msgs__rosidl_typesupport_introspection_c.dir/rosidl_typesupport_introspection_c/visualization_msgs/msg/detail/interactive_marker_feedback__type_support.c.o[0m
[9.675s] [ 59%] [32mBuilding C object CMakeFiles/visualization_msgs__rosidl_typesupport_introspection_c.dir/rosidl_typesupport_introspection_c/visualization_msgs/msg/detail/interactive_marker_init__type_support.c.o[0m
[9.677s] [ 60%] [32mBuilding C object CMakeFiles/visualization_msgs__rosidl_typesupport_introspection_c.dir/rosidl_typesupport_introspection_c/visualization_msgs/msg/detail/interactive_marker_pose__type_support.c.o[0m
[9.749s] [ 61%] [32mBuilding CXX object CMakeFiles/visualization_msgs__rosidl_typesupport_fastrtps_cpp.dir/rosidl_typesupport_fastrtps_cpp/visualization_msgs/msg/detail/dds_fastrtps/marker_array__type_support.cpp.o[0m
[9.752s] [ 63%] [32mBuilding C object CMakeFiles/visualization_msgs__rosidl_typesupport_introspection_c.dir/rosidl_typesupport_introspection_c/visualization_msgs/msg/detail/marker__type_support.c.o[0m
[9.753s] [ 63%] [32mBuilding C object CMakeFiles/visualization_msgs__rosidl_typesupport_introspection_c.dir/rosidl_typesupport_introspection_c/visualization_msgs/msg/detail/marker_array__type_support.c.o[0m
[9.756s] [ 64%] [32mBuilding C object CMakeFiles/visualization_msgs__rosidl_typesupport_introspection_c.dir/rosidl_typesupport_introspection_c/visualization_msgs/msg/detail/interactive_marker_update__type_support.c.o[0m
[9.846s] [ 64%] [32mBuilding C object CMakeFiles/visualization_msgs__rosidl_typesupport_introspection_c.dir/rosidl_typesupport_introspection_c/visualization_msgs/msg/detail/menu_entry__type_support.c.o[0m
[9.867s] [ 65%] [32mBuilding C object CMakeFiles/visualization_msgs__rosidl_typesupport_introspection_c.dir/rosidl_typesupport_introspection_c/visualization_msgs/msg/detail/mesh_file__type_support.c.o[0m
[9.872s] [ 66%] [32mBuilding C object CMakeFiles/visualization_msgs__rosidl_typesupport_introspection_c.dir/rosidl_typesupport_introspection_c/visualization_msgs/msg/detail/uv_coordinate__type_support.c.o[0m
[9.927s] [ 67%] [32mBuilding C object CMakeFiles/visualization_msgs__rosidl_typesupport_introspection_c.dir/rosidl_typesupport_introspection_c/visualization_msgs/srv/detail/get_interactive_markers__type_support.c.o[0m
[9.954s] [ 68%] [32mBuilding CXX object CMakeFiles/visualization_msgs__rosidl_typesupport_fastrtps_cpp.dir/rosidl_typesupport_fastrtps_cpp/visualization_msgs/msg/detail/dds_fastrtps/menu_entry__type_support.cpp.o[0m
[9.963s] [ 68%] [32mBuilding CXX object CMakeFiles/visualization_msgs__rosidl_typesupport_fastrtps_cpp.dir/rosidl_typesupport_fastrtps_cpp/visualization_msgs/msg/detail/dds_fastrtps/mesh_file__type_support.cpp.o[0m
[10.044s] [ 68%] [32m[1mLinking C shared library libvisualization_msgs__rosidl_typesupport_introspection_c.so[0m
[10.102s] [ 69%] [32mBuilding CXX object CMakeFiles/visualization_msgs__rosidl_typesupport_fastrtps_cpp.dir/rosidl_typesupport_fastrtps_cpp/visualization_msgs/msg/detail/dds_fastrtps/uv_coordinate__type_support.cpp.o[0m
[10.106s] [ 70%] [32mBuilding CXX object CMakeFiles/visualization_msgs__rosidl_typesupport_fastrtps_cpp.dir/rosidl_typesupport_fastrtps_cpp/visualization_msgs/srv/detail/dds_fastrtps/get_interactive_markers__type_support.cpp.o[0m
[10.227s] [ 71%] [32mBuilding CXX object CMakeFiles/visualization_msgs__rosidl_typesupport_fastrtps_c.dir/rosidl_typesupport_fastrtps_c/visualization_msgs/msg/detail/interactive_marker__type_support_c.cpp.o[0m
[10.285s] [ 71%] Built target visualization_msgs__rosidl_typesupport_introspection_c
[10.300s] [ 72%] [32mBuilding CXX object CMakeFiles/visualization_msgs__rosidl_typesupport_fastrtps_c.dir/rosidl_typesupport_fastrtps_c/visualization_msgs/msg/detail/interactive_marker_control__type_support_c.cpp.o[0m
[10.341s] [ 73%] [32mBuilding CXX object CMakeFiles/visualization_msgs__rosidl_typesupport_fastrtps_c.dir/rosidl_typesupport_fastrtps_c/visualization_msgs/msg/detail/interactive_marker_feedback__type_support_c.cpp.o[0m
[10.394s] [ 73%] [32mBuilding CXX object CMakeFiles/visualization_msgs__rosidl_typesupport_fastrtps_c.dir/rosidl_typesupport_fastrtps_c/visualization_msgs/msg/detail/interactive_marker_init__type_support_c.cpp.o[0m
[10.453s] [ 74%] [32mBuilding CXX object CMakeFiles/visualization_msgs__rosidl_typesupport_fastrtps_c.dir/rosidl_typesupport_fastrtps_c/visualization_msgs/msg/detail/interactive_marker_pose__type_support_c.cpp.o[0m
[10.497s] [ 75%] [32mBuilding CXX object CMakeFiles/visualization_msgs__rosidl_typesupport_fastrtps_c.dir/rosidl_typesupport_fastrtps_c/visualization_msgs/msg/detail/interactive_marker_update__type_support_c.cpp.o[0m
[10.553s] [ 76%] [32mBuilding CXX object CMakeFiles/visualization_msgs__rosidl_typesupport_fastrtps_c.dir/rosidl_typesupport_fastrtps_c/visualization_msgs/msg/detail/marker__type_support_c.cpp.o[0m
[10.603s] [ 77%] [32mBuilding CXX object CMakeFiles/visualization_msgs__rosidl_typesupport_fastrtps_c.dir/rosidl_typesupport_fastrtps_c/visualization_msgs/msg/detail/marker_array__type_support_c.cpp.o[0m
[10.739s] [ 77%] [32mBuilding CXX object CMakeFiles/visualization_msgs__rosidl_typesupport_fastrtps_c.dir/rosidl_typesupport_fastrtps_c/visualization_msgs/msg/detail/menu_entry__type_support_c.cpp.o[0m
[11.103s] [ 78%] [32mBuilding CXX object CMakeFiles/visualization_msgs__rosidl_typesupport_fastrtps_c.dir/rosidl_typesupport_fastrtps_c/visualization_msgs/srv/detail/get_interactive_markers__type_support_c.cpp.o[0m
[11.104s] [ 79%] [32mBuilding CXX object CMakeFiles/visualization_msgs__rosidl_typesupport_fastrtps_c.dir/rosidl_typesupport_fastrtps_c/visualization_msgs/msg/detail/uv_coordinate__type_support_c.cpp.o[0m
[11.107s] [ 80%] [32mBuilding CXX object CMakeFiles/visualization_msgs__rosidl_typesupport_fastrtps_c.dir/rosidl_typesupport_fastrtps_c/visualization_msgs/msg/detail/mesh_file__type_support_c.cpp.o[0m
[11.502s] [ 81%] [32m[1mLinking CXX shared library libvisualization_msgs__rosidl_typesupport_fastrtps_cpp.so[0m
[11.722s] [ 82%] [32m[1mLinking CXX shared library libvisualization_msgs__rosidl_typesupport_introspection_cpp.so[0m
[11.775s] [ 82%] [32m[1mLinking CXX shared library libvisualization_msgs__rosidl_typesupport_fastrtps_c.so[0m
[11.779s] [ 82%] Built target visualization_msgs__rosidl_typesupport_fastrtps_cpp
[11.993s] [ 82%] Built target visualization_msgs__rosidl_typesupport_fastrtps_c
[12.002s] [ 82%] Built target visualization_msgs__rosidl_typesupport_introspection_cpp
[12.027s] [ 82%] Built target visualization_msgs
[12.051s] [ 83%] [34m[1mGenerating Python code for ROS interfaces[0m
[16.018s] [ 83%] Built target visualization_msgs__py
[16.042s] [ 85%] [32mBuilding C object CMakeFiles/visualization_msgs__rosidl_generator_py.dir/rosidl_generator_py/visualization_msgs/msg/_marker_array_s.c.o[0m
[16.042s] [ 87%] [32mBuilding C object CMakeFiles/visualization_msgs__rosidl_generator_py.dir/rosidl_generator_py/visualization_msgs/msg/_interactive_marker_init_s.c.o[0m
[16.043s] [ 89%] [32mBuilding C object CMakeFiles/visualization_msgs__rosidl_generator_py.dir/rosidl_generator_py/visualization_msgs/msg/_image_marker_s.c.o[0m
[16.043s] [ 86%] [32mBuilding C object CMakeFiles/visualization_msgs__rosidl_generator_py.dir/rosidl_generator_py/visualization_msgs/msg/_interactive_marker_pose_s.c.o[0m
[16.044s] [ 86%] [32mBuilding C object CMakeFiles/visualization_msgs__rosidl_generator_py.dir/rosidl_generator_py/visualization_msgs/msg/_interactive_marker_s.c.o[0m
[16.044s] [ 91%] [32mBuilding C object CMakeFiles/visualization_msgs__rosidl_generator_py.dir/rosidl_generator_py/visualization_msgs/msg/_interactive_marker_control_s.c.o[0m
[16.044s] [ 91%] [32mBuilding C object CMakeFiles/visualization_msgs__rosidl_generator_py.dir/rosidl_generator_py/visualization_msgs/msg/_interactive_marker_feedback_s.c.o[0m
[16.044s] [ 91%] [32mBuilding C object CMakeFiles/visualization_msgs__rosidl_generator_py.dir/rosidl_generator_py/visualization_msgs/msg/_marker_s.c.o[0m
[16.045s] [ 91%] [32mBuilding C object CMakeFiles/visualization_msgs__rosidl_generator_py.dir/rosidl_generator_py/visualization_msgs/msg/_menu_entry_s.c.o[0m
[16.045s] [ 86%] [32mBuilding C object CMakeFiles/visualization_msgs__rosidl_generator_py.dir/rosidl_generator_py/visualization_msgs/msg/_interactive_marker_update_s.c.o[0m
[16.164s] [ 92%] [32mBuilding C object CMakeFiles/visualization_msgs__rosidl_generator_py.dir/rosidl_generator_py/visualization_msgs/srv/_get_interactive_markers_s.c.o[0m
[16.167s] [ 93%] [32mBuilding C object CMakeFiles/visualization_msgs__rosidl_generator_py.dir/rosidl_generator_py/visualization_msgs/msg/_uv_coordinate_s.c.o[0m
[16.168s] [ 93%] [32mBuilding C object CMakeFiles/visualization_msgs__rosidl_generator_py.dir/rosidl_generator_py/visualization_msgs/msg/_mesh_file_s.c.o[0m
[16.263s] [ 94%] [32m[1mLinking C shared library rosidl_generator_py/visualization_msgs/libvisualization_msgs__rosidl_generator_py.so[0m
[16.357s] [ 94%] Built target visualization_msgs__rosidl_generator_py
[16.369s] [ 95%] [32mBuilding C object CMakeFiles/visualization_msgs__rosidl_typesupport_introspection_c__pyext.dir/rosidl_generator_py/visualization_msgs/_visualization_msgs_s.ep.rosidl_typesupport_introspection_c.c.o[0m
[16.370s] [ 96%] [32mBuilding C object CMakeFiles/visualization_msgs__rosidl_typesupport_fastrtps_c__pyext.dir/rosidl_generator_py/visualization_msgs/_visualization_msgs_s.ep.rosidl_typesupport_fastrtps_c.c.o[0m
[16.374s] [ 97%] [32mBuilding C object CMakeFiles/visualization_msgs__rosidl_typesupport_c__pyext.dir/rosidl_generator_py/visualization_msgs/_visualization_msgs_s.ep.rosidl_typesupport_c.c.o[0m
[16.463s] [ 98%] [32m[1mLinking C shared library rosidl_generator_py/visualization_msgs/visualization_msgs_s__rosidl_typesupport_fastrtps_c.cpython-310-x86_64-linux-gnu.so[0m
[16.464s] [100%] [32m[1mLinking C shared library rosidl_generator_py/visualization_msgs/visualization_msgs_s__rosidl_typesupport_c.cpython-310-x86_64-linux-gnu.so[0m
[16.464s] [100%] [32m[1mLinking C shared library rosidl_generator_py/visualization_msgs/visualization_msgs_s__rosidl_typesupport_introspection_c.cpython-310-x86_64-linux-gnu.so[0m
[16.542s] [100%] Built target visualization_msgs__rosidl_typesupport_introspection_c__pyext
[16.542s] [100%] Built target visualization_msgs__rosidl_typesupport_c__pyext
[16.545s] [100%] Built target visualization_msgs__rosidl_typesupport_fastrtps_c__pyext
[16.554s] Invoked command in '/home/hiro/rust_ws/build/visualization_msgs' returned '0': AMENT_PREFIX_PATH=/home/hiro/rust_ws/install/sensor_msgs:/home/hiro/rust_ws/install/geometry_msgs:/home/hiro/rust_ws/install/std_msgs:/home/hiro/rust_ws/install/builtin_interfaces:/home/hiro/rust_ws/install/rosidl_default_runtime:/home/hiro/rust_ws/install/rosidl_default_generators:/home/hiro/rust_ws/install/rosidl_generator_rs:/home/hiro/rust_ws/install/rosidl_runtime_rs:${AMENT_PREFIX_PATH} CMAKE_PREFIX_PATH=/home/hiro/rust_ws/install/sensor_msgs:/home/hiro/rust_ws/install/geometry_msgs:/home/hiro/rust_ws/install/std_msgs:/home/hiro/rust_ws/install/builtin_interfaces:/home/hiro/rust_ws/install/rosidl_default_runtime:/home/hiro/rust_ws/install/rosidl_default_generators:/home/hiro/rust_ws/install/rosidl_generator_rs:/home/hiro/ws_livox/install/livox_ros_driver2:/opt/ros/humble LD_LIBRARY_PATH=/home/hiro/rust_ws/install/sensor_msgs/lib:/home/hiro/rust_ws/install/geometry_msgs/lib:/home/hiro/rust_ws/install/std_msgs/lib:/home/hiro/rust_ws/install/builtin_interfaces/lib:${LD_LIBRARY_PATH} PYTHONPATH=/home/hiro/rust_ws/install/sensor_msgs/local/lib/python3.10/dist-packages:/home/hiro/rust_ws/install/geometry_msgs/local/lib/python3.10/dist-packages:/home/hiro/rust_ws/install/std_msgs/local/lib/python3.10/dist-packages:/home/hiro/rust_ws/install/builtin_interfaces/local/lib/python3.10/dist-packages:/home/hiro/rust_ws/install/rosidl_generator_rs/local/lib/python3.10/dist-packages:${PYTHONPATH} /usr/bin/cmake --build /home/hiro/rust_ws/build/visualization_msgs -- -j22 -l22
[16.716s] Invoking command in '/home/hiro/rust_ws/build/visualization_msgs': AMENT_PREFIX_PATH=/home/hiro/rust_ws/install/sensor_msgs:/home/hiro/rust_ws/install/geometry_msgs:/home/hiro/rust_ws/install/std_msgs:/home/hiro/rust_ws/install/builtin_interfaces:/home/hiro/rust_ws/install/rosidl_default_runtime:/home/hiro/rust_ws/install/rosidl_default_generators:/home/hiro/rust_ws/install/rosidl_generator_rs:/home/hiro/rust_ws/install/rosidl_runtime_rs:${AMENT_PREFIX_PATH} CMAKE_PREFIX_PATH=/home/hiro/rust_ws/install/sensor_msgs:/home/hiro/rust_ws/install/geometry_msgs:/home/hiro/rust_ws/install/std_msgs:/home/hiro/rust_ws/install/builtin_interfaces:/home/hiro/rust_ws/install/rosidl_default_runtime:/home/hiro/rust_ws/install/rosidl_default_generators:/home/hiro/rust_ws/install/rosidl_generator_rs:/home/hiro/ws_livox/install/livox_ros_driver2:/opt/ros/humble LD_LIBRARY_PATH=/home/hiro/rust_ws/install/sensor_msgs/lib:/home/hiro/rust_ws/install/geometry_msgs/lib:/home/hiro/rust_ws/install/std_msgs/lib:/home/hiro/rust_ws/install/builtin_interfaces/lib:${LD_LIBRARY_PATH} PYTHONPATH=/home/hiro/rust_ws/install/sensor_msgs/local/lib/python3.10/dist-packages:/home/hiro/rust_ws/install/geometry_msgs/local/lib/python3.10/dist-packages:/home/hiro/rust_ws/install/std_msgs/local/lib/python3.10/dist-packages:/home/hiro/rust_ws/install/builtin_interfaces/local/lib/python3.10/dist-packages:/home/hiro/rust_ws/install/rosidl_generator_rs/local/lib/python3.10/dist-packages:${PYTHONPATH} /usr/bin/cmake --install /home/hiro/rust_ws/build/visualization_msgs
[16.721s] -- Install configuration: ""
[16.721s] -- Installing: /home/hiro/rust_ws/install/visualization_msgs/share/ament_index/resource_index/rosidl_interfaces/visualization_msgs
[16.722s] -- Installing: /home/hiro/rust_ws/install/visualization_msgs/include/visualization_msgs/visualization_msgs
[16.722s] -- Installing: /home/hiro/rust_ws/install/visualization_msgs/include/visualization_msgs/visualization_msgs/msg
[16.722s] -- Installing: /home/hiro/rust_ws/install/visualization_msgs/include/visualization_msgs/visualization_msgs/msg/menu_entry.h
[16.722s] -- Installing: /home/hiro/rust_ws/install/visualization_msgs/include/visualization_msgs/visualization_msgs/msg/image_marker.h
[16.722s] -- Installing: /home/hiro/rust_ws/install/visualization_msgs/include/visualization_msgs/visualization_msgs/msg/interactive_marker.h
[16.722s] -- Installing: /home/hiro/rust_ws/install/visualization_msgs/include/visualization_msgs/visualization_msgs/msg/marker_array.h
[16.723s] -- Installing: /home/hiro/rust_ws/install/visualization_msgs/include/visualization_msgs/visualization_msgs/msg/interactive_marker_control.h
[16.723s] -- Installing: /home/hiro/rust_ws/install/visualization_msgs/include/visualization_msgs/visualization_msgs/msg/uv_coordinate.h
[16.723s] -- Installing: /home/hiro/rust_ws/install/visualization_msgs/include/visualization_msgs/visualization_msgs/msg/mesh_file.h
[16.723s] -- Installing: /home/hiro/rust_ws/install/visualization_msgs/include/visualization_msgs/visualization_msgs/msg/rosidl_generator_c__visibility_control.h
[16.723s] -- Installing: /home/hiro/rust_ws/install/visualization_msgs/include/visualization_msgs/visualization_msgs/msg/interactive_marker_pose.h
[16.723s] -- Installing: /home/hiro/rust_ws/install/visualization_msgs/include/visualization_msgs/visualization_msgs/msg/marker.h
[16.723s] -- Installing: /home/hiro/rust_ws/install/visualization_msgs/include/visualization_msgs/visualization_msgs/msg/detail
[16.724s] -- Installing: /home/hiro/rust_ws/install/visualization_msgs/include/visualization_msgs/visualization_msgs/msg/detail/interactive_marker_init__functions.h
[16.724s] -- Installing: /home/hiro/rust_ws/install/visualization_msgs/include/visualization_msgs/visualization_msgs/msg/detail/interactive_marker__struct.h
[16.724s] -- Installing: /home/hiro/rust_ws/install/visualization_msgs/include/visualization_msgs/visualization_msgs/msg/detail/image_marker__functions.h
[16.724s] -- Installing: /home/hiro/rust_ws/install/visualization_msgs/include/visualization_msgs/visualization_msgs/msg/detail/interactive_marker_init__type_support.h
[16.724s] -- Installing: /home/hiro/rust_ws/install/visualization_msgs/include/visualization_msgs/visualization_msgs/msg/detail/menu_entry__functions.c
[16.724s] -- Installing: /home/hiro/rust_ws/install/visualization_msgs/include/visualization_msgs/visualization_msgs/msg/detail/marker__functions.c
[16.724s] -- Installing: /home/hiro/rust_ws/install/visualization_msgs/include/visualization_msgs/visualization_msgs/msg/detail/interactive_marker_feedback__functions.h
[16.724s] -- Installing: /home/hiro/rust_ws/install/visualization_msgs/include/visualization_msgs/visualization_msgs/msg/detail/interactive_marker_control__functions.c
[16.724s] -- Installing: /home/hiro/rust_ws/install/visualization_msgs/include/visualization_msgs/visualization_msgs/msg/detail/interactive_marker_pose__type_support.h
[16.725s] -- Installing: /home/hiro/rust_ws/install/visualization_msgs/include/visualization_msgs/visualization_msgs/msg/detail/interactive_marker_control__struct.h
[16.725s] -- Installing: /home/hiro/rust_ws/install/visualization_msgs/include/visualization_msgs/visualization_msgs/msg/detail/marker_array__type_support.h
[16.725s] -- Installing: /home/hiro/rust_ws/install/visualization_msgs/include/visualization_msgs/visualization_msgs/msg/detail/uv_coordinate__functions.h
[16.725s] -- Installing: /home/hiro/rust_ws/install/visualization_msgs/include/visualization_msgs/visualization_msgs/msg/detail/interactive_marker_update__functions.h
[16.725s] -- Installing: /home/hiro/rust_ws/install/visualization_msgs/include/visualization_msgs/visualization_msgs/msg/detail/uv_coordinate__functions.c
[16.725s] -- Installing: /home/hiro/rust_ws/install/visualization_msgs/include/visualization_msgs/visualization_msgs/msg/detail/interactive_marker__functions.h
[16.725s] -- Installing: /home/hiro/rust_ws/install/visualization_msgs/include/visualization_msgs/visualization_msgs/msg/detail/interactive_marker_update__type_support.h
[16.725s] -- Installing: /home/hiro/rust_ws/install/visualization_msgs/include/visualization_msgs/visualization_msgs/msg/detail/interactive_marker_feedback__struct.h
[16.725s] -- Installing: /home/hiro/rust_ws/install/visualization_msgs/include/visualization_msgs/visualization_msgs/msg/detail/image_marker__struct.h
[16.725s] -- Installing: /home/hiro/rust_ws/install/visualization_msgs/include/visualization_msgs/visualization_msgs/msg/detail/marker__type_support.h
[16.725s] -- Installing: /home/hiro/rust_ws/install/visualization_msgs/include/visualization_msgs/visualization_msgs/msg/detail/mesh_file__struct.h
[16.726s] -- Installing: /home/hiro/rust_ws/install/visualization_msgs/include/visualization_msgs/visualization_msgs/msg/detail/interactive_marker__functions.c
[16.726s] -- Installing: /home/hiro/rust_ws/install/visualization_msgs/include/visualization_msgs/visualization_msgs/msg/detail/marker__struct.h
[16.726s] -- Installing: /home/hiro/rust_ws/install/visualization_msgs/include/visualization_msgs/visualization_msgs/msg/detail/interactive_marker_control__functions.h
[16.726s] -- Installing: /home/hiro/rust_ws/install/visualization_msgs/include/visualization_msgs/visualization_msgs/msg/detail/interactive_marker_init__functions.c
[16.726s] -- Installing: /home/hiro/rust_ws/install/visualization_msgs/include/visualization_msgs/visualization_msgs/msg/detail/marker_array__struct.h
[16.726s] -- Installing: /home/hiro/rust_ws/install/visualization_msgs/include/visualization_msgs/visualization_msgs/msg/detail/menu_entry__functions.h
[16.726s] -- Installing: /home/hiro/rust_ws/install/visualization_msgs/include/visualization_msgs/visualization_msgs/msg/detail/image_marker__type_support.h
[16.726s] -- Installing: /home/hiro/rust_ws/install/visualization_msgs/include/visualization_msgs/visualization_msgs/msg/detail/interactive_marker_feedback__type_support.h
[16.727s] -- Installing: /home/hiro/rust_ws/install/visualization_msgs/include/visualization_msgs/visualization_msgs/msg/detail/mesh_file__functions.c
[16.727s] -- Installing: /home/hiro/rust_ws/install/visualization_msgs/include/visualization_msgs/visualization_msgs/msg/detail/uv_coordinate__struct.h
[16.727s] -- Installing: /home/hiro/rust_ws/install/visualization_msgs/include/visualization_msgs/visualization_msgs/msg/detail/interactive_marker__type_support.h
[16.727s] -- Installing: /home/hiro/rust_ws/install/visualization_msgs/include/visualization_msgs/visualization_msgs/msg/detail/uv_coordinate__type_support.h
[16.727s] -- Installing: /home/hiro/rust_ws/install/visualization_msgs/include/visualization_msgs/visualization_msgs/msg/detail/interactive_marker_pose__functions.c
[16.727s] -- Installing: /home/hiro/rust_ws/install/visualization_msgs/include/visualization_msgs/visualization_msgs/msg/detail/mesh_file__type_support.h
[16.727s] -- Installing: /home/hiro/rust_ws/install/visualization_msgs/include/visualization_msgs/visualization_msgs/msg/detail/interactive_marker_update__struct.h
[16.728s] -- Installing: /home/hiro/rust_ws/install/visualization_msgs/include/visualization_msgs/visualization_msgs/msg/detail/marker__functions.h
[16.728s] -- Installing: /home/hiro/rust_ws/install/visualization_msgs/include/visualization_msgs/visualization_msgs/msg/detail/interactive_marker_control__type_support.h
[16.728s] -- Installing: /home/hiro/rust_ws/install/visualization_msgs/include/visualization_msgs/visualization_msgs/msg/detail/menu_entry__type_support.h
[16.729s] -- Installing: /home/hiro/rust_ws/install/visualization_msgs/include/visualization_msgs/visualization_msgs/msg/detail/mesh_file__functions.h
[16.729s] -- Installing: /home/hiro/rust_ws/install/visualization_msgs/include/visualization_msgs/visualization_msgs/msg/detail/interactive_marker_update__functions.c
[16.729s] -- Installing: /home/hiro/rust_ws/install/visualization_msgs/include/visualization_msgs/visualization_msgs/msg/detail/marker_array__functions.c
[16.729s] -- Installing: /home/hiro/rust_ws/install/visualization_msgs/include/visualization_msgs/visualization_msgs/msg/detail/menu_entry__struct.h
[16.729s] -- Installing: /home/hiro/rust_ws/install/visualization_msgs/include/visualization_msgs/visualization_msgs/msg/detail/interactive_marker_feedback__functions.c
[16.730s] -- Installing: /home/hiro/rust_ws/install/visualization_msgs/include/visualization_msgs/visualization_msgs/msg/detail/interactive_marker_init__struct.h
[16.730s] -- Installing: /home/hiro/rust_ws/install/visualization_msgs/include/visualization_msgs/visualization_msgs/msg/detail/interactive_marker_pose__functions.h
[16.730s] -- Installing: /home/hiro/rust_ws/install/visualization_msgs/include/visualization_msgs/visualization_msgs/msg/detail/interactive_marker_pose__struct.h
[16.730s] -- Installing: /home/hiro/rust_ws/install/visualization_msgs/include/visualization_msgs/visualization_msgs/msg/detail/image_marker__functions.c
[16.731s] -- Installing: /home/hiro/rust_ws/install/visualization_msgs/include/visualization_msgs/visualization_msgs/msg/detail/marker_array__functions.h
[16.731s] -- Installing: /home/hiro/rust_ws/install/visualization_msgs/include/visualization_msgs/visualization_msgs/msg/interactive_marker_feedback.h
[16.731s] -- Installing: /home/hiro/rust_ws/install/visualization_msgs/include/visualization_msgs/visualization_msgs/msg/interactive_marker_init.h
[16.731s] -- Installing: /home/hiro/rust_ws/install/visualization_msgs/include/visualization_msgs/visualization_msgs/msg/interactive_marker_update.h
[16.731s] -- Installing: /home/hiro/rust_ws/install/visualization_msgs/include/visualization_msgs/visualization_msgs/srv
[16.731s] -- Installing: /home/hiro/rust_ws/install/visualization_msgs/include/visualization_msgs/visualization_msgs/srv/get_interactive_markers.h
[16.732s] -- Installing: /home/hiro/rust_ws/install/visualization_msgs/include/visualization_msgs/visualization_msgs/srv/detail
[16.732s] -- Installing: /home/hiro/rust_ws/install/visualization_msgs/include/visualization_msgs/visualization_msgs/srv/detail/get_interactive_markers__struct.h
[16.732s] -- Installing: /home/hiro/rust_ws/install/visualization_msgs/include/visualization_msgs/visualization_msgs/srv/detail/get_interactive_markers__type_support.h
[16.732s] -- Installing: /home/hiro/rust_ws/install/visualization_msgs/include/visualization_msgs/visualization_msgs/srv/detail/get_interactive_markers__functions.c
[16.732s] -- Installing: /home/hiro/rust_ws/install/visualization_msgs/include/visualization_msgs/visualization_msgs/srv/detail/get_interactive_markers__functions.h
[16.732s] -- Installing: /home/hiro/rust_ws/install/visualization_msgs/share/visualization_msgs/environment/library_path.sh
[16.732s] -- Installing: /home/hiro/rust_ws/install/visualization_msgs/share/visualization_msgs/environment/library_path.dsv
[16.732s] -- Installing: /home/hiro/rust_ws/install/visualization_msgs/lib/libvisualization_msgs__rosidl_generator_c.so
[16.732s] -- Set runtime path of "/home/hiro/rust_ws/install/visualization_msgs/lib/libvisualization_msgs__rosidl_generator_c.so" to ""
[16.732s] -- Up-to-date: /home/hiro/rust_ws/install/visualization_msgs/include/visualization_msgs/visualization_msgs
[16.733s] -- Up-to-date: /home/hiro/rust_ws/install/visualization_msgs/include/visualization_msgs/visualization_msgs/msg
[16.733s] -- Up-to-date: /home/hiro/rust_ws/install/visualization_msgs/include/visualization_msgs/visualization_msgs/msg/detail
[16.733s] -- Installing: /home/hiro/rust_ws/install/visualization_msgs/include/visualization_msgs/visualization_msgs/msg/detail/mesh_file__rosidl_typesupport_fastrtps_c.h
[16.733s] -- Installing: /home/hiro/rust_ws/install/visualization_msgs/include/visualization_msgs/visualization_msgs/msg/detail/uv_coordinate__rosidl_typesupport_fastrtps_c.h
[16.733s] -- Installing: /home/hiro/rust_ws/install/visualization_msgs/include/visualization_msgs/visualization_msgs/msg/detail/interactive_marker_update__rosidl_typesupport_fastrtps_c.h
[16.733s] -- Installing: /home/hiro/rust_ws/install/visualization_msgs/include/visualization_msgs/visualization_msgs/msg/detail/menu_entry__rosidl_typesupport_fastrtps_c.h
[16.733s] -- Installing: /home/hiro/rust_ws/install/visualization_msgs/include/visualization_msgs/visualization_msgs/msg/detail/interactive_marker_feedback__rosidl_typesupport_fastrtps_c.h
[16.733s] -- Installing: /home/hiro/rust_ws/install/visualization_msgs/include/visualization_msgs/visualization_msgs/msg/detail/marker__rosidl_typesupport_fastrtps_c.h
[16.733s] -- Installing: /home/hiro/rust_ws/install/visualization_msgs/include/visualization_msgs/visualization_msgs/msg/detail/marker_array__rosidl_typesupport_fastrtps_c.h
[16.733s] -- Installing: /home/hiro/rust_ws/install/visualization_msgs/include/visualization_msgs/visualization_msgs/msg/detail/interactive_marker_pose__rosidl_typesupport_fastrtps_c.h
[16.734s] -- Installing: /home/hiro/rust_ws/install/visualization_msgs/include/visualization_msgs/visualization_msgs/msg/detail/interactive_marker_control__rosidl_typesupport_fastrtps_c.h
[16.734s] -- Installing: /home/hiro/rust_ws/install/visualization_msgs/include/visualization_msgs/visualization_msgs/msg/detail/interactive_marker_init__rosidl_typesupport_fastrtps_c.h
[16.734s] -- Installing: /home/hiro/rust_ws/install/visualization_msgs/include/visualization_msgs/visualization_msgs/msg/detail/interactive_marker__rosidl_typesupport_fastrtps_c.h
[16.734s] -- Installing: /home/hiro/rust_ws/install/visualization_msgs/include/visualization_msgs/visualization_msgs/msg/detail/image_marker__rosidl_typesupport_fastrtps_c.h
[16.734s] -- Installing: /home/hiro/rust_ws/install/visualization_msgs/include/visualization_msgs/visualization_msgs/msg/rosidl_typesupport_fastrtps_c__visibility_control.h
[16.734s] -- Up-to-date: /home/hiro/rust_ws/install/visualization_msgs/include/visualization_msgs/visualization_msgs/srv
[16.734s] -- Up-to-date: /home/hiro/rust_ws/install/visualization_msgs/include/visualization_msgs/visualization_msgs/srv/detail
[16.734s] -- Installing: /home/hiro/rust_ws/install/visualization_msgs/include/visualization_msgs/visualization_msgs/srv/detail/get_interactive_markers__rosidl_typesupport_fastrtps_c.h
[16.734s] -- Installing: /home/hiro/rust_ws/install/visualization_msgs/lib/libvisualization_msgs__rosidl_typesupport_fastrtps_c.so
[16.734s] -- Set runtime path of "/home/hiro/rust_ws/install/visualization_msgs/lib/libvisualization_msgs__rosidl_typesupport_fastrtps_c.so" to ""
[16.734s] -- Up-to-date: /home/hiro/rust_ws/install/visualization_msgs/include/visualization_msgs/visualization_msgs
[16.735s] -- Up-to-date: /home/hiro/rust_ws/install/visualization_msgs/include/visualization_msgs/visualization_msgs/msg
[16.735s] -- Installing: /home/hiro/rust_ws/install/visualization_msgs/include/visualization_msgs/visualization_msgs/msg/image_marker.hpp
[16.735s] -- Installing: /home/hiro/rust_ws/install/visualization_msgs/include/visualization_msgs/visualization_msgs/msg/uv_coordinate.hpp
[16.735s] -- Installing: /home/hiro/rust_ws/install/visualization_msgs/include/visualization_msgs/visualization_msgs/msg/menu_entry.hpp
[16.735s] -- Installing: /home/hiro/rust_ws/install/visualization_msgs/include/visualization_msgs/visualization_msgs/msg/interactive_marker_pose.hpp
[16.735s] -- Installing: /home/hiro/rust_ws/install/visualization_msgs/include/visualization_msgs/visualization_msgs/msg/marker_array.hpp
[16.735s] -- Installing: /home/hiro/rust_ws/install/visualization_msgs/include/visualization_msgs/visualization_msgs/msg/interactive_marker_feedback.hpp
[16.735s] -- Installing: /home/hiro/rust_ws/install/visualization_msgs/include/visualization_msgs/visualization_msgs/msg/interactive_marker_init.hpp
[16.735s] -- Installing: /home/hiro/rust_ws/install/visualization_msgs/include/visualization_msgs/visualization_msgs/msg/interactive_marker.hpp
[16.736s] -- Installing: /home/hiro/rust_ws/install/visualization_msgs/include/visualization_msgs/visualization_msgs/msg/interactive_marker_update.hpp
[16.736s] -- Installing: /home/hiro/rust_ws/install/visualization_msgs/include/visualization_msgs/visualization_msgs/msg/interactive_marker_control.hpp
[16.736s] -- Installing: /home/hiro/rust_ws/install/visualization_msgs/include/visualization_msgs/visualization_msgs/msg/mesh_file.hpp
[16.736s] -- Installing: /home/hiro/rust_ws/install/visualization_msgs/include/visualization_msgs/visualization_msgs/msg/marker.hpp
[16.736s] -- Up-to-date: /home/hiro/rust_ws/install/visualization_msgs/include/visualization_msgs/visualization_msgs/msg/detail
[16.736s] -- Installing: /home/hiro/rust_ws/install/visualization_msgs/include/visualization_msgs/visualization_msgs/msg/detail/image_marker__struct.hpp
[16.736s] -- Installing: /home/hiro/rust_ws/install/visualization_msgs/include/visualization_msgs/visualization_msgs/msg/detail/marker__traits.hpp
[16.736s] -- Installing: /home/hiro/rust_ws/install/visualization_msgs/include/visualization_msgs/visualization_msgs/msg/detail/mesh_file__builder.hpp
[16.736s] -- Installing: /home/hiro/rust_ws/install/visualization_msgs/include/visualization_msgs/visualization_msgs/msg/detail/marker_array__struct.hpp
[16.736s] -- Installing: /home/hiro/rust_ws/install/visualization_msgs/include/visualization_msgs/visualization_msgs/msg/detail/mesh_file__struct.hpp
[16.737s] -- Installing: /home/hiro/rust_ws/install/visualization_msgs/include/visualization_msgs/visualization_msgs/msg/detail/interactive_marker__builder.hpp
[16.737s] -- Installing: /home/hiro/rust_ws/install/visualization_msgs/include/visualization_msgs/visualization_msgs/msg/detail/interactive_marker_update__struct.hpp
[16.737s] -- Installing: /home/hiro/rust_ws/install/visualization_msgs/include/visualization_msgs/visualization_msgs/msg/detail/menu_entry__builder.hpp
[16.737s] -- Installing: /home/hiro/rust_ws/install/visualization_msgs/include/visualization_msgs/visualization_msgs/msg/detail/menu_entry__struct.hpp
[16.737s] -- Installing: /home/hiro/rust_ws/install/visualization_msgs/include/visualization_msgs/visualization_msgs/msg/detail/image_marker__traits.hpp
[16.738s] -- Installing: /home/hiro/rust_ws/install/visualization_msgs/include/visualization_msgs/visualization_msgs/msg/detail/interactive_marker_pose__builder.hpp
[16.738s] -- Installing: /home/hiro/rust_ws/install/visualization_msgs/include/visualization_msgs/visualization_msgs/msg/detail/uv_coordinate__builder.hpp
[16.738s] -- Installing: /home/hiro/rust_ws/install/visualization_msgs/include/visualization_msgs/visualization_msgs/msg/detail/interactive_marker_feedback__traits.hpp
[16.738s] -- Installing: /home/hiro/rust_ws/install/visualization_msgs/include/visualization_msgs/visualization_msgs/msg/detail/interactive_marker_pose__struct.hpp
[16.738s] -- Installing: /home/hiro/rust_ws/install/visualization_msgs/include/visualization_msgs/visualization_msgs/msg/detail/interactive_marker_init__traits.hpp
[16.738s] -- Installing: /home/hiro/rust_ws/install/visualization_msgs/include/visualization_msgs/visualization_msgs/msg/detail/interactive_marker_feedback__builder.hpp
[16.738s] -- Installing: /home/hiro/rust_ws/install/visualization_msgs/include/visualization_msgs/visualization_msgs/msg/detail/interactive_marker_init__struct.hpp
[16.738s] -- Installing: /home/hiro/rust_ws/install/visualization_msgs/include/visualization_msgs/visualization_msgs/msg/detail/interactive_marker_control__traits.hpp
[16.738s] -- Installing: /home/hiro/rust_ws/install/visualization_msgs/include/visualization_msgs/visualization_msgs/msg/detail/interactive_marker__traits.hpp
[16.738s] -- Installing: /home/hiro/rust_ws/install/visualization_msgs/include/visualization_msgs/visualization_msgs/msg/detail/image_marker__builder.hpp
[16.739s] -- Installing: /home/hiro/rust_ws/install/visualization_msgs/include/visualization_msgs/visualization_msgs/msg/detail/interactive_marker__struct.hpp
[16.739s] -- Installing: /home/hiro/rust_ws/install/visualization_msgs/include/visualization_msgs/visualization_msgs/msg/detail/interactive_marker_update__traits.hpp
[16.739s] -- Installing: /home/hiro/rust_ws/install/visualization_msgs/include/visualization_msgs/visualization_msgs/msg/detail/mesh_file__traits.hpp
[16.739s] -- Installing: /home/hiro/rust_ws/install/visualization_msgs/include/visualization_msgs/visualization_msgs/msg/detail/marker_array__traits.hpp
[16.739s] -- Installing: /home/hiro/rust_ws/install/visualization_msgs/include/visualization_msgs/visualization_msgs/msg/detail/interactive_marker_feedback__struct.hpp
[16.739s] -- Installing: /home/hiro/rust_ws/install/visualization_msgs/include/visualization_msgs/visualization_msgs/msg/detail/menu_entry__traits.hpp
[16.739s] -- Installing: /home/hiro/rust_ws/install/visualization_msgs/include/visualization_msgs/visualization_msgs/msg/detail/interactive_marker_control__builder.hpp
[16.739s] -- Installing: /home/hiro/rust_ws/install/visualization_msgs/include/visualization_msgs/visualization_msgs/msg/detail/marker_array__builder.hpp
[16.739s] -- Installing: /home/hiro/rust_ws/install/visualization_msgs/include/visualization_msgs/visualization_msgs/msg/detail/interactive_marker_update__builder.hpp
[16.740s] -- Installing: /home/hiro/rust_ws/install/visualization_msgs/include/visualization_msgs/visualization_msgs/msg/detail/uv_coordinate__struct.hpp
[16.740s] -- Installing: /home/hiro/rust_ws/install/visualization_msgs/include/visualization_msgs/visualization_msgs/msg/detail/marker__struct.hpp
[16.740s] -- Installing: /home/hiro/rust_ws/install/visualization_msgs/include/visualization_msgs/visualization_msgs/msg/detail/uv_coordinate__traits.hpp
[16.740s] -- Installing: /home/hiro/rust_ws/install/visualization_msgs/include/visualization_msgs/visualization_msgs/msg/detail/interactive_marker_pose__traits.hpp
[16.740s] -- Installing: /home/hiro/rust_ws/install/visualization_msgs/include/visualization_msgs/visualization_msgs/msg/detail/interactive_marker_init__builder.hpp
[16.740s] -- Installing: /home/hiro/rust_ws/install/visualization_msgs/include/visualization_msgs/visualization_msgs/msg/detail/interactive_marker_control__struct.hpp
[16.740s] -- Installing: /home/hiro/rust_ws/install/visualization_msgs/include/visualization_msgs/visualization_msgs/msg/detail/marker__builder.hpp
[16.740s] -- Up-to-date: /home/hiro/rust_ws/install/visualization_msgs/include/visualization_msgs/visualization_msgs/srv
[16.740s] -- Installing: /home/hiro/rust_ws/install/visualization_msgs/include/visualization_msgs/visualization_msgs/srv/get_interactive_markers.hpp
[16.740s] -- Up-to-date: /home/hiro/rust_ws/install/visualization_msgs/include/visualization_msgs/visualization_msgs/srv/detail
[16.740s] -- Installing: /home/hiro/rust_ws/install/visualization_msgs/include/visualization_msgs/visualization_msgs/srv/detail/get_interactive_markers__struct.hpp
[16.741s] -- Installing: /home/hiro/rust_ws/install/visualization_msgs/include/visualization_msgs/visualization_msgs/srv/detail/get_interactive_markers__traits.hpp
[16.741s] -- Installing: /home/hiro/rust_ws/install/visualization_msgs/include/visualization_msgs/visualization_msgs/srv/detail/get_interactive_markers__builder.hpp
[16.741s] -- Up-to-date: /home/hiro/rust_ws/install/visualization_msgs/include/visualization_msgs/visualization_msgs
[16.741s] -- Up-to-date: /home/hiro/rust_ws/install/visualization_msgs/include/visualization_msgs/visualization_msgs/msg
[16.741s] -- Installing: /home/hiro/rust_ws/install/visualization_msgs/include/visualization_msgs/visualization_msgs/msg/rosidl_typesupport_fastrtps_cpp__visibility_control.h
[16.741s] -- Up-to-date: /home/hiro/rust_ws/install/visualization_msgs/include/visualization_msgs/visualization_msgs/msg/detail
[16.741s] -- Installing: /home/hiro/rust_ws/install/visualization_msgs/include/visualization_msgs/visualization_msgs/msg/detail/interactive_marker_init__rosidl_typesupport_fastrtps_cpp.hpp
[16.741s] -- Installing: /home/hiro/rust_ws/install/visualization_msgs/include/visualization_msgs/visualization_msgs/msg/detail/dds_fastrtps
[16.741s] -- Installing: /home/hiro/rust_ws/install/visualization_msgs/include/visualization_msgs/visualization_msgs/msg/detail/interactive_marker_update__rosidl_typesupport_fastrtps_cpp.hpp
[16.741s] -- Installing: /home/hiro/rust_ws/install/visualization_msgs/include/visualization_msgs/visualization_msgs/msg/detail/interactive_marker_pose__rosidl_typesupport_fastrtps_cpp.hpp
[16.742s] -- Installing: /home/hiro/rust_ws/install/visualization_msgs/include/visualization_msgs/visualization_msgs/msg/detail/menu_entry__rosidl_typesupport_fastrtps_cpp.hpp
[16.742s] -- Installing: /home/hiro/rust_ws/install/visualization_msgs/include/visualization_msgs/visualization_msgs/msg/detail/interactive_marker_feedback__rosidl_typesupport_fastrtps_cpp.hpp
[16.742s] -- Installing: /home/hiro/rust_ws/install/visualization_msgs/include/visualization_msgs/visualization_msgs/msg/detail/uv_coordinate__rosidl_typesupport_fastrtps_cpp.hpp
[16.742s] -- Installing: /home/hiro/rust_ws/install/visualization_msgs/include/visualization_msgs/visualization_msgs/msg/detail/interactive_marker_control__rosidl_typesupport_fastrtps_cpp.hpp
[16.742s] -- Installing: /home/hiro/rust_ws/install/visualization_msgs/include/visualization_msgs/visualization_msgs/msg/detail/image_marker__rosidl_typesupport_fastrtps_cpp.hpp
[16.742s] -- Installing: /home/hiro/rust_ws/install/visualization_msgs/include/visualization_msgs/visualization_msgs/msg/detail/interactive_marker__rosidl_typesupport_fastrtps_cpp.hpp
[16.742s] -- Installing: /home/hiro/rust_ws/install/visualization_msgs/include/visualization_msgs/visualization_msgs/msg/detail/marker_array__rosidl_typesupport_fastrtps_cpp.hpp
[16.742s] -- Installing: /home/hiro/rust_ws/install/visualization_msgs/include/visualization_msgs/visualization_msgs/msg/detail/marker__rosidl_typesupport_fastrtps_cpp.hpp
[16.742s] -- Installing: /home/hiro/rust_ws/install/visualization_msgs/include/visualization_msgs/visualization_msgs/msg/detail/mesh_file__rosidl_typesupport_fastrtps_cpp.hpp
[16.742s] -- Up-to-date: /home/hiro/rust_ws/install/visualization_msgs/include/visualization_msgs/visualization_msgs/srv
[16.743s] -- Up-to-date: /home/hiro/rust_ws/install/visualization_msgs/include/visualization_msgs/visualization_msgs/srv/detail
[16.743s] -- Installing: /home/hiro/rust_ws/install/visualization_msgs/include/visualization_msgs/visualization_msgs/srv/detail/dds_fastrtps
[16.743s] -- Installing: /home/hiro/rust_ws/install/visualization_msgs/include/visualization_msgs/visualization_msgs/srv/detail/get_interactive_markers__rosidl_typesupport_fastrtps_cpp.hpp
[16.743s] -- Installing: /home/hiro/rust_ws/install/visualization_msgs/lib/libvisualization_msgs__rosidl_typesupport_fastrtps_cpp.so
[16.743s] -- Set runtime path of "/home/hiro/rust_ws/install/visualization_msgs/lib/libvisualization_msgs__rosidl_typesupport_fastrtps_cpp.so" to ""
[16.743s] -- Up-to-date: /home/hiro/rust_ws/install/visualization_msgs/include/visualization_msgs/visualization_msgs
[16.743s] -- Up-to-date: /home/hiro/rust_ws/install/visualization_msgs/include/visualization_msgs/visualization_msgs/msg
[16.743s] -- Installing: /home/hiro/rust_ws/install/visualization_msgs/include/visualization_msgs/visualization_msgs/msg/rosidl_typesupport_introspection_c__visibility_control.h
[16.743s] -- Up-to-date: /home/hiro/rust_ws/install/visualization_msgs/include/visualization_msgs/visualization_msgs/msg/detail
[16.743s] -- Installing: /home/hiro/rust_ws/install/visualization_msgs/include/visualization_msgs/visualization_msgs/msg/detail/interactive_marker__rosidl_typesupport_introspection_c.h
[16.743s] -- Installing: /home/hiro/rust_ws/install/visualization_msgs/include/visualization_msgs/visualization_msgs/msg/detail/interactive_marker_pose__rosidl_typesupport_introspection_c.h
[16.744s] -- Installing: /home/hiro/rust_ws/install/visualization_msgs/include/visualization_msgs/visualization_msgs/msg/detail/interactive_marker_init__rosidl_typesupport_introspection_c.h
[16.744s] -- Installing: /home/hiro/rust_ws/install/visualization_msgs/include/visualization_msgs/visualization_msgs/msg/detail/interactive_marker_update__rosidl_typesupport_introspection_c.h
[16.744s] -- Installing: /home/hiro/rust_ws/install/visualization_msgs/include/visualization_msgs/visualization_msgs/msg/detail/uv_coordinate__rosidl_typesupport_introspection_c.h
[16.744s] -- Installing: /home/hiro/rust_ws/install/visualization_msgs/include/visualization_msgs/visualization_msgs/msg/detail/interactive_marker_feedback__rosidl_typesupport_introspection_c.h
[16.744s] -- Installing: /home/hiro/rust_ws/install/visualization_msgs/include/visualization_msgs/visualization_msgs/msg/detail/interactive_marker_control__type_support.c
[16.744s] -- Installing: /home/hiro/rust_ws/install/visualization_msgs/include/visualization_msgs/visualization_msgs/msg/detail/interactive_marker_pose__type_support.c
[16.744s] -- Installing: /home/hiro/rust_ws/install/visualization_msgs/include/visualization_msgs/visualization_msgs/msg/detail/interactive_marker_init__type_support.c
[16.744s] -- Installing: /home/hiro/rust_ws/install/visualization_msgs/include/visualization_msgs/visualization_msgs/msg/detail/marker__type_support.c
[16.744s] -- Installing: /home/hiro/rust_ws/install/visualization_msgs/include/visualization_msgs/visualization_msgs/msg/detail/menu_entry__type_support.c
[16.745s] -- Installing: /home/hiro/rust_ws/install/visualization_msgs/include/visualization_msgs/visualization_msgs/msg/detail/marker__rosidl_typesupport_introspection_c.h
[16.745s] -- Installing: /home/hiro/rust_ws/install/visualization_msgs/include/visualization_msgs/visualization_msgs/msg/detail/image_marker__type_support.c
[16.745s] -- Installing: /home/hiro/rust_ws/install/visualization_msgs/include/visualization_msgs/visualization_msgs/msg/detail/mesh_file__type_support.c
[16.745s] -- Installing: /home/hiro/rust_ws/install/visualization_msgs/include/visualization_msgs/visualization_msgs/msg/detail/marker_array__type_support.c
[16.745s] -- Installing: /home/hiro/rust_ws/install/visualization_msgs/include/visualization_msgs/visualization_msgs/msg/detail/interactive_marker_update__type_support.c
[16.745s] -- Installing: /home/hiro/rust_ws/install/visualization_msgs/include/visualization_msgs/visualization_msgs/msg/detail/interactive_marker_feedback__type_support.c
[16.746s] -- Installing: /home/hiro/rust_ws/install/visualization_msgs/include/visualization_msgs/visualization_msgs/msg/detail/marker_array__rosidl_typesupport_introspection_c.h
[16.746s] -- Installing: /home/hiro/rust_ws/install/visualization_msgs/include/visualization_msgs/visualization_msgs/msg/detail/uv_coordinate__type_support.c
[16.746s] -- Installing: /home/hiro/rust_ws/install/visualization_msgs/include/visualization_msgs/visualization_msgs/msg/detail/mesh_file__rosidl_typesupport_introspection_c.h
[16.746s] -- Installing: /home/hiro/rust_ws/install/visualization_msgs/include/visualization_msgs/visualization_msgs/msg/detail/menu_entry__rosidl_typesupport_introspection_c.h
[16.746s] -- Installing: /home/hiro/rust_ws/install/visualization_msgs/include/visualization_msgs/visualization_msgs/msg/detail/interactive_marker_control__rosidl_typesupport_introspection_c.h
[16.746s] -- Installing: /home/hiro/rust_ws/install/visualization_msgs/include/visualization_msgs/visualization_msgs/msg/detail/image_marker__rosidl_typesupport_introspection_c.h
[16.747s] -- Installing: /home/hiro/rust_ws/install/visualization_msgs/include/visualization_msgs/visualization_msgs/msg/detail/interactive_marker__type_support.c
[16.747s] -- Up-to-date: /home/hiro/rust_ws/install/visualization_msgs/include/visualization_msgs/visualization_msgs/srv
[16.747s] -- Up-to-date: /home/hiro/rust_ws/install/visualization_msgs/include/visualization_msgs/visualization_msgs/srv/detail
[16.747s] -- Installing: /home/hiro/rust_ws/install/visualization_msgs/include/visualization_msgs/visualization_msgs/srv/detail/get_interactive_markers__type_support.c
[16.747s] -- Installing: /home/hiro/rust_ws/install/visualization_msgs/include/visualization_msgs/visualization_msgs/srv/detail/get_interactive_markers__rosidl_typesupport_introspection_c.h
[16.747s] -- Installing: /home/hiro/rust_ws/install/visualization_msgs/lib/libvisualization_msgs__rosidl_typesupport_introspection_c.so
[16.747s] -- Set runtime path of "/home/hiro/rust_ws/install/visualization_msgs/lib/libvisualization_msgs__rosidl_typesupport_introspection_c.so" to ""
[16.747s] -- Installing: /home/hiro/rust_ws/install/visualization_msgs/lib/libvisualization_msgs__rosidl_typesupport_c.so
[16.747s] -- Set runtime path of "/home/hiro/rust_ws/install/visualization_msgs/lib/libvisualization_msgs__rosidl_typesupport_c.so" to ""
[16.748s] -- Up-to-date: /home/hiro/rust_ws/install/visualization_msgs/include/visualization_msgs/visualization_msgs
[16.748s] -- Up-to-date: /home/hiro/rust_ws/install/visualization_msgs/include/visualization_msgs/visualization_msgs/msg
[16.748s] -- Up-to-date: /home/hiro/rust_ws/install/visualization_msgs/include/visualization_msgs/visualization_msgs/msg/detail
[16.748s] -- Installing: /home/hiro/rust_ws/install/visualization_msgs/include/visualization_msgs/visualization_msgs/msg/detail/interactive_marker_control__type_support.cpp
[16.748s] -- Installing: /home/hiro/rust_ws/install/visualization_msgs/include/visualization_msgs/visualization_msgs/msg/detail/interactive_marker_pose__type_support.cpp
[16.749s] -- Installing: /home/hiro/rust_ws/install/visualization_msgs/include/visualization_msgs/visualization_msgs/msg/detail/image_marker__rosidl_typesupport_introspection_cpp.hpp
[16.749s] -- Installing: /home/hiro/rust_ws/install/visualization_msgs/include/visualization_msgs/visualization_msgs/msg/detail/marker__type_support.cpp
[16.749s] -- Installing: /home/hiro/rust_ws/install/visualization_msgs/include/visualization_msgs/visualization_msgs/msg/detail/uv_coordinate__rosidl_typesupport_introspection_cpp.hpp
[16.749s] -- Installing: /home/hiro/rust_ws/install/visualization_msgs/include/visualization_msgs/visualization_msgs/msg/detail/interactive_marker_update__type_support.cpp
[16.749s] -- Installing: /home/hiro/rust_ws/install/visualization_msgs/include/visualization_msgs/visualization_msgs/msg/detail/interactive_marker_feedback__rosidl_typesupport_introspection_cpp.hpp
[16.750s] -- Installing: /home/hiro/rust_ws/install/visualization_msgs/include/visualization_msgs/visualization_msgs/msg/detail/mesh_file__rosidl_typesupport_introspection_cpp.hpp
[16.750s] -- Installing: /home/hiro/rust_ws/install/visualization_msgs/include/visualization_msgs/visualization_msgs/msg/detail/interactive_marker__type_support.cpp
[16.750s] -- Installing: /home/hiro/rust_ws/install/visualization_msgs/include/visualization_msgs/visualization_msgs/msg/detail/image_marker__type_support.cpp
[16.750s] -- Installing: /home/hiro/rust_ws/install/visualization_msgs/include/visualization_msgs/visualization_msgs/msg/detail/interactive_marker_init__rosidl_typesupport_introspection_cpp.hpp
[16.750s] -- Installing: /home/hiro/rust_ws/install/visualization_msgs/include/visualization_msgs/visualization_msgs/msg/detail/interactive_marker_control__rosidl_typesupport_introspection_cpp.hpp
[16.750s] -- Installing: /home/hiro/rust_ws/install/visualization_msgs/include/visualization_msgs/visualization_msgs/msg/detail/interactive_marker_pose__rosidl_typesupport_introspection_cpp.hpp
[16.750s] -- Installing: /home/hiro/rust_ws/install/visualization_msgs/include/visualization_msgs/visualization_msgs/msg/detail/menu_entry__type_support.cpp
[16.751s] -- Installing: /home/hiro/rust_ws/install/visualization_msgs/include/visualization_msgs/visualization_msgs/msg/detail/interactive_marker_update__rosidl_typesupport_introspection_cpp.hpp
[16.751s] -- Installing: /home/hiro/rust_ws/install/visualization_msgs/include/visualization_msgs/visualization_msgs/msg/detail/interactive_marker_feedback__type_support.cpp
[16.751s] -- Installing: /home/hiro/rust_ws/install/visualization_msgs/include/visualization_msgs/visualization_msgs/msg/detail/interactive_marker_init__type_support.cpp
[16.751s] -- Installing: /home/hiro/rust_ws/install/visualization_msgs/include/visualization_msgs/visualization_msgs/msg/detail/marker_array__rosidl_typesupport_introspection_cpp.hpp
[16.751s] -- Installing: /home/hiro/rust_ws/install/visualization_msgs/include/visualization_msgs/visualization_msgs/msg/detail/mesh_file__type_support.cpp
[16.751s] -- Installing: /home/hiro/rust_ws/install/visualization_msgs/include/visualization_msgs/visualization_msgs/msg/detail/interactive_marker__rosidl_typesupport_introspection_cpp.hpp
[16.751s] -- Installing: /home/hiro/rust_ws/install/visualization_msgs/include/visualization_msgs/visualization_msgs/msg/detail/marker__rosidl_typesupport_introspection_cpp.hpp
[16.751s] -- Installing: /home/hiro/rust_ws/install/visualization_msgs/include/visualization_msgs/visualization_msgs/msg/detail/menu_entry__rosidl_typesupport_introspection_cpp.hpp
[16.751s] -- Installing: /home/hiro/rust_ws/install/visualization_msgs/include/visualization_msgs/visualization_msgs/msg/detail/uv_coordinate__type_support.cpp
[16.751s] -- Installing: /home/hiro/rust_ws/install/visualization_msgs/include/visualization_msgs/visualization_msgs/msg/detail/marker_array__type_support.cpp
[16.751s] -- Up-to-date: /home/hiro/rust_ws/install/visualization_msgs/include/visualization_msgs/visualization_msgs/srv
[16.751s] -- Up-to-date: /home/hiro/rust_ws/install/visualization_msgs/include/visualization_msgs/visualization_msgs/srv/detail
[16.752s] -- Installing: /home/hiro/rust_ws/install/visualization_msgs/include/visualization_msgs/visualization_msgs/srv/detail/get_interactive_markers__rosidl_typesupport_introspection_cpp.hpp
[16.752s] -- Installing: /home/hiro/rust_ws/install/visualization_msgs/include/visualization_msgs/visualization_msgs/srv/detail/get_interactive_markers__type_support.cpp
[16.752s] -- Installing: /home/hiro/rust_ws/install/visualization_msgs/lib/libvisualization_msgs__rosidl_typesupport_introspection_cpp.so
[16.752s] -- Set runtime path of "/home/hiro/rust_ws/install/visualization_msgs/lib/libvisualization_msgs__rosidl_typesupport_introspection_cpp.so" to ""
[16.752s] -- Installing: /home/hiro/rust_ws/install/visualization_msgs/lib/libvisualization_msgs__rosidl_typesupport_cpp.so
[16.752s] -- Set runtime path of "/home/hiro/rust_ws/install/visualization_msgs/lib/libvisualization_msgs__rosidl_typesupport_cpp.so" to ""
[16.752s] -- Installing: /home/hiro/rust_ws/install/visualization_msgs/share/ament_index/resource_index/rust_packages/visualization_msgs
[16.752s] -- Installing: /home/hiro/rust_ws/install/visualization_msgs/share/visualization_msgs/rust
[16.752s] -- Installing: /home/hiro/rust_ws/install/visualization_msgs/share/visualization_msgs/rust/Cargo.toml
[16.752s] -- Installing: /home/hiro/rust_ws/install/visualization_msgs/share/visualization_msgs/rust/build.rs
[16.752s] -- Installing: /home/hiro/rust_ws/install/visualization_msgs/share/visualization_msgs/rust/src
[16.752s] -- Installing: /home/hiro/rust_ws/install/visualization_msgs/share/visualization_msgs/rust/src/msg.rs
[16.752s] -- Installing: /home/hiro/rust_ws/install/visualization_msgs/share/visualization_msgs/rust/src/srv.rs
[16.752s] -- Installing: /home/hiro/rust_ws/install/visualization_msgs/share/visualization_msgs/rust/src/lib.rs
[16.752s] -- Installing: /home/hiro/rust_ws/install/visualization_msgs/share/visualization_msgs/environment/pythonpath.sh
[16.752s] -- Installing: /home/hiro/rust_ws/install/visualization_msgs/share/visualization_msgs/environment/pythonpath.dsv
[16.752s] -- Installing: /home/hiro/rust_ws/install/visualization_msgs/local/lib/python3.10/dist-packages/visualization_msgs-4.2.4-py3.10.egg-info
[16.752s] -- Installing: /home/hiro/rust_ws/install/visualization_msgs/local/lib/python3.10/dist-packages/visualization_msgs-4.2.4-py3.10.egg-info/top_level.txt
[16.753s] -- Installing: /home/hiro/rust_ws/install/visualization_msgs/local/lib/python3.10/dist-packages/visualization_msgs-4.2.4-py3.10.egg-info/PKG-INFO
[16.753s] -- Installing: /home/hiro/rust_ws/install/visualization_msgs/local/lib/python3.10/dist-packages/visualization_msgs-4.2.4-py3.10.egg-info/SOURCES.txt
[16.753s] -- Installing: /home/hiro/rust_ws/install/visualization_msgs/local/lib/python3.10/dist-packages/visualization_msgs-4.2.4-py3.10.egg-info/dependency_links.txt
[16.753s] -- Installing: /home/hiro/rust_ws/install/visualization_msgs/local/lib/python3.10/dist-packages/visualization_msgs
[16.753s] -- Installing: /home/hiro/rust_ws/install/visualization_msgs/local/lib/python3.10/dist-packages/visualization_msgs/visualization_msgs_s__rosidl_typesupport_introspection_c.cpython-310-x86_64-linux-gnu.so
[16.753s] -- Installing: /home/hiro/rust_ws/install/visualization_msgs/local/lib/python3.10/dist-packages/visualization_msgs/libvisualization_msgs__rosidl_generator_py.so
[16.753s] -- Installing: /home/hiro/rust_ws/install/visualization_msgs/local/lib/python3.10/dist-packages/visualization_msgs/_visualization_msgs_s.ep.rosidl_typesupport_fastrtps_c.c
[16.753s] -- Installing: /home/hiro/rust_ws/install/visualization_msgs/local/lib/python3.10/dist-packages/visualization_msgs/_visualization_msgs_s.ep.rosidl_typesupport_c.c
[16.753s] -- Installing: /home/hiro/rust_ws/install/visualization_msgs/local/lib/python3.10/dist-packages/visualization_msgs/__init__.py
[16.753s] -- Installing: /home/hiro/rust_ws/install/visualization_msgs/local/lib/python3.10/dist-packages/visualization_msgs/msg
[16.753s] -- Installing: /home/hiro/rust_ws/install/visualization_msgs/local/lib/python3.10/dist-packages/visualization_msgs/msg/_uv_coordinate.py
[16.753s] -- Installing: /home/hiro/rust_ws/install/visualization_msgs/local/lib/python3.10/dist-packages/visualization_msgs/msg/_mesh_file.py
[16.753s] -- Installing: /home/hiro/rust_ws/install/visualization_msgs/local/lib/python3.10/dist-packages/visualization_msgs/msg/_interactive_marker_feedback.py
[16.753s] -- Installing: /home/hiro/rust_ws/install/visualization_msgs/local/lib/python3.10/dist-packages/visualization_msgs/msg/_marker_s.c
[16.753s] -- Installing: /home/hiro/rust_ws/install/visualization_msgs/local/lib/python3.10/dist-packages/visualization_msgs/msg/_interactive_marker_control_s.c
[16.753s] -- Installing: /home/hiro/rust_ws/install/visualization_msgs/local/lib/python3.10/dist-packages/visualization_msgs/msg/_interactive_marker_feedback_s.c
[16.753s] -- Installing: /home/hiro/rust_ws/install/visualization_msgs/local/lib/python3.10/dist-packages/visualization_msgs/msg/_interactive_marker_init_s.c
[16.754s] -- Installing: /home/hiro/rust_ws/install/visualization_msgs/local/lib/python3.10/dist-packages/visualization_msgs/msg/_interactive_marker_init.py
[16.754s] -- Installing: /home/hiro/rust_ws/install/visualization_msgs/local/lib/python3.10/dist-packages/visualization_msgs/msg/_menu_entry.py
[16.754s] -- Installing: /home/hiro/rust_ws/install/visualization_msgs/local/lib/python3.10/dist-packages/visualization_msgs/msg/_marker.py
[16.754s] -- Installing: /home/hiro/rust_ws/install/visualization_msgs/local/lib/python3.10/dist-packages/visualization_msgs/msg/_interactive_marker.py
[16.754s] -- Installing: /home/hiro/rust_ws/install/visualization_msgs/local/lib/python3.10/dist-packages/visualization_msgs/msg/_interactive_marker_s.c
[16.754s] -- Installing: /home/hiro/rust_ws/install/visualization_msgs/local/lib/python3.10/dist-packages/visualization_msgs/msg/_marker_array_s.c
[16.754s] -- Installing: /home/hiro/rust_ws/install/visualization_msgs/local/lib/python3.10/dist-packages/visualization_msgs/msg/_interactive_marker_control.py
[16.754s] -- Installing: /home/hiro/rust_ws/install/visualization_msgs/local/lib/python3.10/dist-packages/visualization_msgs/msg/_mesh_file_s.c
[16.754s] -- Installing: /home/hiro/rust_ws/install/visualization_msgs/local/lib/python3.10/dist-packages/visualization_msgs/msg/_uv_coordinate_s.c
[16.754s] -- Installing: /home/hiro/rust_ws/install/visualization_msgs/local/lib/python3.10/dist-packages/visualization_msgs/msg/__init__.py
[16.754s] -- Installing: /home/hiro/rust_ws/install/visualization_msgs/local/lib/python3.10/dist-packages/visualization_msgs/msg/_interactive_marker_update_s.c
[16.754s] -- Installing: /home/hiro/rust_ws/install/visualization_msgs/local/lib/python3.10/dist-packages/visualization_msgs/msg/_image_marker_s.c
[16.754s] -- Installing: /home/hiro/rust_ws/install/visualization_msgs/local/lib/python3.10/dist-packages/visualization_msgs/msg/_marker_array.py
[16.754s] -- Installing: /home/hiro/rust_ws/install/visualization_msgs/local/lib/python3.10/dist-packages/visualization_msgs/msg/_image_marker.py
[16.754s] -- Installing: /home/hiro/rust_ws/install/visualization_msgs/local/lib/python3.10/dist-packages/visualization_msgs/msg/_menu_entry_s.c
[16.754s] -- Installing: /home/hiro/rust_ws/install/visualization_msgs/local/lib/python3.10/dist-packages/visualization_msgs/msg/_interactive_marker_pose_s.c
[16.754s] -- Installing: /home/hiro/rust_ws/install/visualization_msgs/local/lib/python3.10/dist-packages/visualization_msgs/msg/_interactive_marker_pose.py
[16.755s] -- Installing: /home/hiro/rust_ws/install/visualization_msgs/local/lib/python3.10/dist-packages/visualization_msgs/msg/_interactive_marker_update.py
[16.755s] -- Installing: /home/hiro/rust_ws/install/visualization_msgs/local/lib/python3.10/dist-packages/visualization_msgs/srv
[16.755s] -- Installing: /home/hiro/rust_ws/install/visualization_msgs/local/lib/python3.10/dist-packages/visualization_msgs/srv/__init__.py
[16.755s] -- Installing: /home/hiro/rust_ws/install/visualization_msgs/local/lib/python3.10/dist-packages/visualization_msgs/srv/_get_interactive_markers.py
[16.755s] -- Installing: /home/hiro/rust_ws/install/visualization_msgs/local/lib/python3.10/dist-packages/visualization_msgs/srv/_get_interactive_markers_s.c
[16.755s] -- Installing: /home/hiro/rust_ws/install/visualization_msgs/local/lib/python3.10/dist-packages/visualization_msgs/visualization_msgs_s__rosidl_typesupport_c.cpython-310-x86_64-linux-gnu.so
[16.755s] -- Installing: /home/hiro/rust_ws/install/visualization_msgs/local/lib/python3.10/dist-packages/visualization_msgs/visualization_msgs_s__rosidl_typesupport_fastrtps_c.cpython-310-x86_64-linux-gnu.so
[16.755s] -- Installing: /home/hiro/rust_ws/install/visualization_msgs/local/lib/python3.10/dist-packages/visualization_msgs/_visualization_msgs_s.ep.rosidl_typesupport_introspection_c.c
[16.792s] Listing '/home/hiro/rust_ws/install/visualization_msgs/local/lib/python3.10/dist-packages/visualization_msgs'...
[16.792s] Compiling '/home/hiro/rust_ws/install/visualization_msgs/local/lib/python3.10/dist-packages/visualization_msgs/__init__.py'...
[16.792s] Listing '/home/hiro/rust_ws/install/visualization_msgs/local/lib/python3.10/dist-packages/visualization_msgs/msg'...
[16.792s] Compiling '/home/hiro/rust_ws/install/visualization_msgs/local/lib/python3.10/dist-packages/visualization_msgs/msg/__init__.py'...
[16.792s] Compiling '/home/hiro/rust_ws/install/visualization_msgs/local/lib/python3.10/dist-packages/visualization_msgs/msg/_image_marker.py'...
[16.792s] Compiling '/home/hiro/rust_ws/install/visualization_msgs/local/lib/python3.10/dist-packages/visualization_msgs/msg/_interactive_marker.py'...
[16.792s] Compiling '/home/hiro/rust_ws/install/visualization_msgs/local/lib/python3.10/dist-packages/visualization_msgs/msg/_interactive_marker_control.py'...
[16.792s] Compiling '/home/hiro/rust_ws/install/visualization_msgs/local/lib/python3.10/dist-packages/visualization_msgs/msg/_interactive_marker_feedback.py'...
[16.793s] Compiling '/home/hiro/rust_ws/install/visualization_msgs/local/lib/python3.10/dist-packages/visualization_msgs/msg/_interactive_marker_init.py'...
[16.793s] Compiling '/home/hiro/rust_ws/install/visualization_msgs/local/lib/python3.10/dist-packages/visualization_msgs/msg/_interactive_marker_pose.py'...
[16.793s] Compiling '/home/hiro/rust_ws/install/visualization_msgs/local/lib/python3.10/dist-packages/visualization_msgs/msg/_interactive_marker_update.py'...
[16.793s] Compiling '/home/hiro/rust_ws/install/visualization_msgs/local/lib/python3.10/dist-packages/visualization_msgs/msg/_marker.py'...
[16.793s] Compiling '/home/hiro/rust_ws/install/visualization_msgs/local/lib/python3.10/dist-packages/visualization_msgs/msg/_marker_array.py'...
[16.793s] Compiling '/home/hiro/rust_ws/install/visualization_msgs/local/lib/python3.10/dist-packages/visualization_msgs/msg/_menu_entry.py'...
[16.793s] Compiling '/home/hiro/rust_ws/install/visualization_msgs/local/lib/python3.10/dist-packages/visualization_msgs/msg/_mesh_file.py'...
[16.793s] Compiling '/home/hiro/rust_ws/install/visualization_msgs/local/lib/python3.10/dist-packages/visualization_msgs/msg/_uv_coordinate.py'...
[16.793s] Listing '/home/hiro/rust_ws/install/visualization_msgs/local/lib/python3.10/dist-packages/visualization_msgs/srv'...
[16.793s] Compiling '/home/hiro/rust_ws/install/visualization_msgs/local/lib/python3.10/dist-packages/visualization_msgs/srv/__init__.py'...
[16.793s] Compiling '/home/hiro/rust_ws/install/visualization_msgs/local/lib/python3.10/dist-packages/visualization_msgs/srv/_get_interactive_markers.py'...
[16.796s] -- Installing: /home/hiro/rust_ws/install/visualization_msgs/local/lib/python3.10/dist-packages/visualization_msgs/visualization_msgs_s__rosidl_typesupport_fastrtps_c.cpython-310-x86_64-linux-gnu.so
[16.796s] -- Set runtime path of "/home/hiro/rust_ws/install/visualization_msgs/local/lib/python3.10/dist-packages/visualization_msgs/visualization_msgs_s__rosidl_typesupport_fastrtps_c.cpython-310-x86_64-linux-gnu.so" to ""
[16.797s] -- Installing: /home/hiro/rust_ws/install/visualization_msgs/local/lib/python3.10/dist-packages/visualization_msgs/visualization_msgs_s__rosidl_typesupport_introspection_c.cpython-310-x86_64-linux-gnu.so
[16.797s] -- Set runtime path of "/home/hiro/rust_ws/install/visualization_msgs/local/lib/python3.10/dist-packages/visualization_msgs/visualization_msgs_s__rosidl_typesupport_introspection_c.cpython-310-x86_64-linux-gnu.so" to ""
[16.797s] -- Installing: /home/hiro/rust_ws/install/visualization_msgs/local/lib/python3.10/dist-packages/visualization_msgs/visualization_msgs_s__rosidl_typesupport_c.cpython-310-x86_64-linux-gnu.so
[16.797s] -- Set runtime path of "/home/hiro/rust_ws/install/visualization_msgs/local/lib/python3.10/dist-packages/visualization_msgs/visualization_msgs_s__rosidl_typesupport_c.cpython-310-x86_64-linux-gnu.so" to ""
[16.798s] -- Installing: /home/hiro/rust_ws/install/visualization_msgs/lib/libvisualization_msgs__rosidl_generator_py.so
[16.798s] -- Set runtime path of "/home/hiro/rust_ws/install/visualization_msgs/lib/libvisualization_msgs__rosidl_generator_py.so" to ""
[16.798s] -- Installing: /home/hiro/rust_ws/install/visualization_msgs/share/visualization_msgs/msg/ImageMarker.idl
[16.798s] -- Installing: /home/hiro/rust_ws/install/visualization_msgs/share/visualization_msgs/msg/InteractiveMarker.idl
[16.798s] -- Installing: /home/hiro/rust_ws/install/visualization_msgs/share/visualization_msgs/msg/InteractiveMarkerControl.idl
[16.798s] -- Installing: /home/hiro/rust_ws/install/visualization_msgs/share/visualization_msgs/msg/InteractiveMarkerFeedback.idl
[16.798s] -- Installing: /home/hiro/rust_ws/install/visualization_msgs/share/visualization_msgs/msg/InteractiveMarkerInit.idl
[16.799s] -- Installing: /home/hiro/rust_ws/install/visualization_msgs/share/visualization_msgs/msg/InteractiveMarkerPose.idl
[16.799s] -- Installing: /home/hiro/rust_ws/install/visualization_msgs/share/visualization_msgs/msg/InteractiveMarkerUpdate.idl
[16.799s] -- Installing: /home/hiro/rust_ws/install/visualization_msgs/share/visualization_msgs/msg/Marker.idl
[16.799s] -- Installing: /home/hiro/rust_ws/install/visualization_msgs/share/visualization_msgs/msg/MarkerArray.idl
[16.799s] -- Installing: /home/hiro/rust_ws/install/visualization_msgs/share/visualization_msgs/msg/MenuEntry.idl
[16.799s] -- Installing: /home/hiro/rust_ws/install/visualization_msgs/share/visualization_msgs/msg/MeshFile.idl
[16.799s] -- Installing: /home/hiro/rust_ws/install/visualization_msgs/share/visualization_msgs/msg/UVCoordinate.idl
[16.799s] -- Installing: /home/hiro/rust_ws/install/visualization_msgs/share/visualization_msgs/srv/GetInteractiveMarkers.idl
[16.799s] -- Installing: /home/hiro/rust_ws/install/visualization_msgs/share/visualization_msgs/msg/ImageMarker.msg
[16.799s] -- Installing: /home/hiro/rust_ws/install/visualization_msgs/share/visualization_msgs/msg/InteractiveMarker.msg
[16.799s] -- Installing: /home/hiro/rust_ws/install/visualization_msgs/share/visualization_msgs/msg/InteractiveMarkerControl.msg
[16.800s] -- Installing: /home/hiro/rust_ws/install/visualization_msgs/share/visualization_msgs/msg/InteractiveMarkerFeedback.msg
[16.800s] -- Installing: /home/hiro/rust_ws/install/visualization_msgs/share/visualization_msgs/msg/InteractiveMarkerInit.msg
[16.800s] -- Installing: /home/hiro/rust_ws/install/visualization_msgs/share/visualization_msgs/msg/InteractiveMarkerPose.msg
[16.800s] -- Installing: /home/hiro/rust_ws/install/visualization_msgs/share/visualization_msgs/msg/InteractiveMarkerUpdate.msg
[16.800s] -- Installing: /home/hiro/rust_ws/install/visualization_msgs/share/visualization_msgs/msg/Marker.msg
[16.800s] -- Installing: /home/hiro/rust_ws/install/visualization_msgs/share/visualization_msgs/msg/MarkerArray.msg
[16.800s] -- Installing: /home/hiro/rust_ws/install/visualization_msgs/share/visualization_msgs/msg/MenuEntry.msg
[16.800s] -- Installing: /home/hiro/rust_ws/install/visualization_msgs/share/visualization_msgs/msg/MeshFile.msg
[16.800s] -- Installing: /home/hiro/rust_ws/install/visualization_msgs/share/visualization_msgs/msg/UVCoordinate.msg
[16.800s] -- Installing: /home/hiro/rust_ws/install/visualization_msgs/share/visualization_msgs/srv/GetInteractiveMarkers.srv
[16.800s] -- Installing: /home/hiro/rust_ws/install/visualization_msgs/share/visualization_msgs/srv/GetInteractiveMarkers_Request.msg
[16.801s] -- Installing: /home/hiro/rust_ws/install/visualization_msgs/share/visualization_msgs/srv/GetInteractiveMarkers_Response.msg
[16.801s] -- Installing: /home/hiro/rust_ws/install/visualization_msgs/share/ament_index/resource_index/package_run_dependencies/visualization_msgs
[16.801s] -- Installing: /home/hiro/rust_ws/install/visualization_msgs/share/ament_index/resource_index/parent_prefix_path/visualization_msgs
[16.801s] -- Installing: /home/hiro/rust_ws/install/visualization_msgs/share/visualization_msgs/environment/ament_prefix_path.sh
[16.801s] -- Installing: /home/hiro/rust_ws/install/visualization_msgs/share/visualization_msgs/environment/ament_prefix_path.dsv
[16.801s] -- Installing: /home/hiro/rust_ws/install/visualization_msgs/share/visualization_msgs/environment/path.sh
[16.801s] -- Installing: /home/hiro/rust_ws/install/visualization_msgs/share/visualization_msgs/environment/path.dsv
[16.801s] -- Installing: /home/hiro/rust_ws/install/visualization_msgs/share/visualization_msgs/local_setup.bash
[16.801s] -- Installing: /home/hiro/rust_ws/install/visualization_msgs/share/visualization_msgs/local_setup.sh
[16.802s] -- Installing: /home/hiro/rust_ws/install/visualization_msgs/share/visualization_msgs/local_setup.zsh
[16.802s] -- Installing: /home/hiro/rust_ws/install/visualization_msgs/share/visualization_msgs/local_setup.dsv
[16.802s] -- Installing: /home/hiro/rust_ws/install/visualization_msgs/share/visualization_msgs/package.dsv
[16.802s] -- Installing: /home/hiro/rust_ws/install/visualization_msgs/share/ament_index/resource_index/packages/visualization_msgs
[16.802s] -- Installing: /home/hiro/rust_ws/install/visualization_msgs/share/visualization_msgs/cmake/export_visualization_msgs__rosidl_generator_cExport.cmake
[16.802s] -- Installing: /home/hiro/rust_ws/install/visualization_msgs/share/visualization_msgs/cmake/export_visualization_msgs__rosidl_generator_cExport-noconfig.cmake
[16.802s] -- Installing: /home/hiro/rust_ws/install/visualization_msgs/share/visualization_msgs/cmake/export_visualization_msgs__rosidl_typesupport_fastrtps_cExport.cmake
[16.802s] -- Installing: /home/hiro/rust_ws/install/visualization_msgs/share/visualization_msgs/cmake/export_visualization_msgs__rosidl_typesupport_fastrtps_cExport-noconfig.cmake
[16.802s] -- Installing: /home/hiro/rust_ws/install/visualization_msgs/share/visualization_msgs/cmake/export_visualization_msgs__rosidl_generator_cppExport.cmake
[16.802s] -- Installing: /home/hiro/rust_ws/install/visualization_msgs/share/visualization_msgs/cmake/export_visualization_msgs__rosidl_typesupport_fastrtps_cppExport.cmake
[16.803s] -- Installing: /home/hiro/rust_ws/install/visualization_msgs/share/visualization_msgs/cmake/export_visualization_msgs__rosidl_typesupport_fastrtps_cppExport-noconfig.cmake
[16.803s] -- Installing: /home/hiro/rust_ws/install/visualization_msgs/share/visualization_msgs/cmake/visualization_msgs__rosidl_typesupport_introspection_cExport.cmake
[16.803s] -- Installing: /home/hiro/rust_ws/install/visualization_msgs/share/visualization_msgs/cmake/visualization_msgs__rosidl_typesupport_introspection_cExport-noconfig.cmake
[16.803s] -- Installing: /home/hiro/rust_ws/install/visualization_msgs/share/visualization_msgs/cmake/visualization_msgs__rosidl_typesupport_cExport.cmake
[16.803s] -- Installing: /home/hiro/rust_ws/install/visualization_msgs/share/visualization_msgs/cmake/visualization_msgs__rosidl_typesupport_cExport-noconfig.cmake
[16.803s] -- Installing: /home/hiro/rust_ws/install/visualization_msgs/share/visualization_msgs/cmake/visualization_msgs__rosidl_typesupport_introspection_cppExport.cmake
[16.803s] -- Installing: /home/hiro/rust_ws/install/visualization_msgs/share/visualization_msgs/cmake/visualization_msgs__rosidl_typesupport_introspection_cppExport-noconfig.cmake
[16.803s] -- Installing: /home/hiro/rust_ws/install/visualization_msgs/share/visualization_msgs/cmake/visualization_msgs__rosidl_typesupport_cppExport.cmake
[16.803s] -- Installing: /home/hiro/rust_ws/install/visualization_msgs/share/visualization_msgs/cmake/visualization_msgs__rosidl_typesupport_cppExport-noconfig.cmake
[16.804s] -- Installing: /home/hiro/rust_ws/install/visualization_msgs/share/visualization_msgs/cmake/export_visualization_msgs__rosidl_generator_pyExport.cmake
[16.804s] -- Installing: /home/hiro/rust_ws/install/visualization_msgs/share/visualization_msgs/cmake/export_visualization_msgs__rosidl_generator_pyExport-noconfig.cmake
[16.804s] -- Installing: /home/hiro/rust_ws/install/visualization_msgs/share/visualization_msgs/cmake/rosidl_cmake-extras.cmake
[16.804s] -- Installing: /home/hiro/rust_ws/install/visualization_msgs/share/visualization_msgs/cmake/ament_cmake_export_dependencies-extras.cmake
[16.804s] -- Installing: /home/hiro/rust_ws/install/visualization_msgs/share/visualization_msgs/cmake/ament_cmake_export_include_directories-extras.cmake
[16.804s] -- Installing: /home/hiro/rust_ws/install/visualization_msgs/share/visualization_msgs/cmake/ament_cmake_export_libraries-extras.cmake
[16.804s] -- Installing: /home/hiro/rust_ws/install/visualization_msgs/share/visualization_msgs/cmake/ament_cmake_export_targets-extras.cmake
[16.804s] -- Installing: /home/hiro/rust_ws/install/visualization_msgs/share/visualization_msgs/cmake/rosidl_cmake_export_typesupport_targets-extras.cmake
[16.804s] -- Installing: /home/hiro/rust_ws/install/visualization_msgs/share/visualization_msgs/cmake/rosidl_cmake_export_typesupport_libraries-extras.cmake
[16.804s] -- Installing: /home/hiro/rust_ws/install/visualization_msgs/share/visualization_msgs/cmake/visualization_msgsConfig.cmake
[16.804s] -- Installing: /home/hiro/rust_ws/install/visualization_msgs/share/visualization_msgs/cmake/visualization_msgsConfig-version.cmake
[16.804s] -- Installing: /home/hiro/rust_ws/install/visualization_msgs/share/visualization_msgs/package.xml
[16.806s] Invoked command in '/home/hiro/rust_ws/build/visualization_msgs' returned '0': AMENT_PREFIX_PATH=/home/hiro/rust_ws/install/sensor_msgs:/home/hiro/rust_ws/install/geometry_msgs:/home/hiro/rust_ws/install/std_msgs:/home/hiro/rust_ws/install/builtin_interfaces:/home/hiro/rust_ws/install/rosidl_default_runtime:/home/hiro/rust_ws/install/rosidl_default_generators:/home/hiro/rust_ws/install/rosidl_generator_rs:/home/hiro/rust_ws/install/rosidl_runtime_rs:${AMENT_PREFIX_PATH} CMAKE_PREFIX_PATH=/home/hiro/rust_ws/install/sensor_msgs:/home/hiro/rust_ws/install/geometry_msgs:/home/hiro/rust_ws/install/std_msgs:/home/hiro/rust_ws/install/builtin_interfaces:/home/hiro/rust_ws/install/rosidl_default_runtime:/home/hiro/rust_ws/install/rosidl_default_generators:/home/hiro/rust_ws/install/rosidl_generator_rs:/home/hiro/ws_livox/install/livox_ros_driver2:/opt/ros/humble LD_LIBRARY_PATH=/home/hiro/rust_ws/install/sensor_msgs/lib:/home/hiro/rust_ws/install/geometry_msgs/lib:/home/hiro/rust_ws/install/std_msgs/lib:/home/hiro/rust_ws/install/builtin_interfaces/lib:${LD_LIBRARY_PATH} PYTHONPATH=/home/hiro/rust_ws/install/sensor_msgs/local/lib/python3.10/dist-packages:/home/hiro/rust_ws/install/geometry_msgs/local/lib/python3.10/dist-packages:/home/hiro/rust_ws/install/std_msgs/local/lib/python3.10/dist-packages:/home/hiro/rust_ws/install/builtin_interfaces/local/lib/python3.10/dist-packages:/home/hiro/rust_ws/install/rosidl_generator_rs/local/lib/python3.10/dist-packages:${PYTHONPATH} /usr/bin/cmake --install /home/hiro/rust_ws/build/visualization_msgs
