-- The C compiler identification is GNU 11.4.0
-- The CXX compiler identification is GNU 11.4.0
-- Detecting C compiler ABI info
-- Detecting C compiler ABI info - done
-- Check for working C compiler: /usr/bin/cc - skipped
-- Detecting C compile features
-- Detecting C compile features - done
-- Detecting CXX compiler ABI info
-- Detecting CXX compiler ABI info - done
-- Check for working CXX compiler: /usr/bin/c++ - skipped
-- Detecting CXX compile features
-- Detecting CXX compile features - done
-- Found ament_cmake: 1.3.10 (/opt/ros/humble/share/ament_cmake/cmake)
-- Found Python3: /usr/bin/python3 (found version "3.10.12") found components: Interpreter 
-- Found builtin_interfaces: 1.2.1 (/home/hiro/rust_ws/src/install/builtin_interfaces/share/builtin_interfaces/cmake)
-- Found rosidl_generator_c: 3.1.5 (/opt/ros/humble/share/rosidl_generator_c/cmake)
-- Found rosidl_adapter: 3.1.5 (/opt/ros/humble/share/rosidl_adapter/cmake)
-- Found rosidl_generator_cpp: 3.1.5 (/opt/ros/humble/share/rosidl_generator_cpp/cmake)
-- Using all available rosidl_typesupport_c: rosidl_typesupport_fastrtps_c;rosidl_typesupport_introspection_c
-- Using all available rosidl_typesupport_cpp: rosidl_typesupport_fastrtps_cpp;rosidl_typesupport_introspection_cpp
-- Found rosidl_default_generators: 1.2.0 (/home/hiro/rust_ws/src/install/rosidl_default_generators/share/rosidl_default_generators/cmake)
-- Found ament_cmake_cppcheck: 0.12.11 (/opt/ros/humble/share/ament_cmake_cppcheck/cmake)
-- Found ament_cmake_cpplint: 0.12.11 (/opt/ros/humble/share/ament_cmake_cpplint/cmake)
-- Found ament_cmake_uncrustify: 0.12.11 (/opt/ros/humble/share/ament_cmake_uncrustify/cmake)
-- Found ament_cmake_ros: 0.10.0 (/opt/ros/humble/share/ament_cmake_ros/cmake)
-- Using all available rosidl_typesupport_c: rosidl_typesupport_fastrtps_c;rosidl_typesupport_introspection_c
-- Using all available rosidl_typesupport_cpp: rosidl_typesupport_fastrtps_cpp;rosidl_typesupport_introspection_cpp
-- Found PythonInterp: /usr/bin/python3 (found suitable version "3.10.12", minimum required is "3.6") 
-- Found python_cmake_module: 0.10.0 (/opt/ros/humble/share/python_cmake_module/cmake)
-- Found PythonLibs: /usr/lib/x86_64-linux-gnu/libpython3.10.so (found suitable version "3.10.12", minimum required is "3.5") 
-- Using PYTHON_EXECUTABLE: /usr/bin/python3
-- Using PYTHON_INCLUDE_DIRS: /usr/include/python3.10
-- Using PYTHON_LIBRARIES: /usr/lib/x86_64-linux-gnu/libpython3.10.so
-- Found PythonExtra: .so  
-- Found ament_cmake_flake8: 0.12.11 (/opt/ros/humble/share/ament_cmake_flake8/cmake)
-- Found ament_cmake_pep257: 0.12.11 (/opt/ros/humble/share/ament_cmake_pep257/cmake)
-- Configuring done
-- Generating done
-- Build files have been written to: /home/hiro/rust_ws/src/build/rosgraph_msgs
[  3%] [34m[1mGenerating C code for ROS interfaces[0m
[  9%] [34m[1mGenerating Rust code for ROS interfaces[0m
[  9%] [34m[1mGenerating C++ code for ROS interfaces[0m
[  9%] Built target ament_cmake_python_copy_rosgraph_msgs
[  9%] Built target rosgraph_msgs__rs
[  9%] Built target rosgraph_msgs__cpp
[ 15%] [34m[1mGenerating C++ introspection for ROS interfaces[0m
[ 15%] [32mBuilding C object CMakeFiles/rosgraph_msgs__rosidl_generator_c.dir/rosidl_generator_c/rosgraph_msgs/msg/detail/clock__functions.c.o[0m
[ 18%] [34m[1mGenerating C++ type support for eProsima Fast-RTPS[0m
[ 21%] [34m[1mGenerating C++ type support dispatch for ROS interfaces[0m
[ 25%] [32m[1mLinking C shared library librosgraph_msgs__rosidl_generator_c.so[0m
running egg_info
creating rosgraph_msgs.egg-info
writing rosgraph_msgs.egg-info/PKG-INFO
writing dependency_links to rosgraph_msgs.egg-info/dependency_links.txt
writing top-level names to rosgraph_msgs.egg-info/top_level.txt
writing manifest file 'rosgraph_msgs.egg-info/SOURCES.txt'
reading manifest file 'rosgraph_msgs.egg-info/SOURCES.txt'
writing manifest file 'rosgraph_msgs.egg-info/SOURCES.txt'
[ 25%] Built target rosgraph_msgs__rosidl_generator_c
[ 28%] [34m[1mGenerating C type support dispatch for ROS interfaces[0m
[ 31%] [34m[1mGenerating C introspection for ROS interfaces[0m
[ 34%] [34m[1mGenerating C type support for eProsima Fast-RTPS[0m
[ 34%] Built target ament_cmake_python_build_rosgraph_msgs_egg
[ 37%] [32mBuilding CXX object CMakeFiles/rosgraph_msgs__rosidl_typesupport_cpp.dir/rosidl_typesupport_cpp/rosgraph_msgs/msg/clock__type_support.cpp.o[0m
[ 40%] [32mBuilding CXX object CMakeFiles/rosgraph_msgs__rosidl_typesupport_introspection_cpp.dir/rosidl_typesupport_introspection_cpp/rosgraph_msgs/msg/detail/clock__type_support.cpp.o[0m
[ 43%] [32mBuilding CXX object CMakeFiles/rosgraph_msgs__rosidl_typesupport_fastrtps_cpp.dir/rosidl_typesupport_fastrtps_cpp/rosgraph_msgs/msg/detail/dds_fastrtps/clock__type_support.cpp.o[0m
[ 46%] [32mBuilding CXX object CMakeFiles/rosgraph_msgs__rosidl_typesupport_c.dir/rosidl_typesupport_c/rosgraph_msgs/msg/clock__type_support.cpp.o[0m
[ 50%] [32m[1mLinking CXX shared library librosgraph_msgs__rosidl_typesupport_c.so[0m
[ 53%] [32mBuilding CXX object CMakeFiles/rosgraph_msgs__rosidl_typesupport_fastrtps_c.dir/rosidl_typesupport_fastrtps_c/rosgraph_msgs/msg/detail/clock__type_support_c.cpp.o[0m
[ 56%] [32mBuilding C object CMakeFiles/rosgraph_msgs__rosidl_typesupport_introspection_c.dir/rosidl_typesupport_introspection_c/rosgraph_msgs/msg/detail/clock__type_support.c.o[0m
[ 59%] [32m[1mLinking C shared library librosgraph_msgs__rosidl_typesupport_introspection_c.so[0m
[ 59%] Built target rosgraph_msgs__rosidl_typesupport_c
[ 62%] [32m[1mLinking CXX shared library librosgraph_msgs__rosidl_typesupport_cpp.so[0m
[ 62%] Built target rosgraph_msgs__rosidl_typesupport_introspection_c
[ 62%] Built target rosgraph_msgs__rosidl_typesupport_cpp
[ 65%] [32m[1mLinking CXX shared library librosgraph_msgs__rosidl_typesupport_introspection_cpp.so[0m
[ 68%] [32m[1mLinking CXX shared library librosgraph_msgs__rosidl_typesupport_fastrtps_cpp.so[0m
[ 68%] Built target rosgraph_msgs__rosidl_typesupport_introspection_cpp
[ 71%] [32m[1mLinking CXX shared library librosgraph_msgs__rosidl_typesupport_fastrtps_c.so[0m
[ 71%] Built target rosgraph_msgs__rosidl_typesupport_fastrtps_cpp
[ 71%] Built target rosgraph_msgs__rosidl_typesupport_fastrtps_c
[ 71%] Built target rosgraph_msgs
[ 75%] [34m[1mGenerating Python code for ROS interfaces[0m
[ 75%] Built target rosgraph_msgs__py
[ 78%] [32mBuilding C object CMakeFiles/rosgraph_msgs__rosidl_generator_py.dir/rosidl_generator_py/rosgraph_msgs/msg/_clock_s.c.o[0m
[ 81%] [32m[1mLinking C shared library rosidl_generator_py/rosgraph_msgs/librosgraph_msgs__rosidl_generator_py.so[0m
[ 81%] Built target rosgraph_msgs__rosidl_generator_py
[ 84%] [32mBuilding C object CMakeFiles/rosgraph_msgs__rosidl_typesupport_c__pyext.dir/rosidl_generator_py/rosgraph_msgs/_rosgraph_msgs_s.ep.rosidl_typesupport_c.c.o[0m
[ 90%] [32mBuilding C object CMakeFiles/rosgraph_msgs__rosidl_typesupport_introspection_c__pyext.dir/rosidl_generator_py/rosgraph_msgs/_rosgraph_msgs_s.ep.rosidl_typesupport_introspection_c.c.o[0m
[ 90%] [32mBuilding C object CMakeFiles/rosgraph_msgs__rosidl_typesupport_fastrtps_c__pyext.dir/rosidl_generator_py/rosgraph_msgs/_rosgraph_msgs_s.ep.rosidl_typesupport_fastrtps_c.c.o[0m
[ 93%] [32m[1mLinking C shared library rosidl_generator_py/rosgraph_msgs/rosgraph_msgs_s__rosidl_typesupport_c.cpython-310-x86_64-linux-gnu.so[0m
[ 96%] [32m[1mLinking C shared library rosidl_generator_py/rosgraph_msgs/rosgraph_msgs_s__rosidl_typesupport_fastrtps_c.cpython-310-x86_64-linux-gnu.so[0m
[100%] [32m[1mLinking C shared library rosidl_generator_py/rosgraph_msgs/rosgraph_msgs_s__rosidl_typesupport_introspection_c.cpython-310-x86_64-linux-gnu.so[0m
[100%] Built target rosgraph_msgs__rosidl_typesupport_c__pyext
[100%] Built target rosgraph_msgs__rosidl_typesupport_fastrtps_c__pyext
[100%] Built target rosgraph_msgs__rosidl_typesupport_introspection_c__pyext
-- Install configuration: ""
-- Installing: /home/hiro/rust_ws/src/install/rosgraph_msgs/share/ament_index/resource_index/rosidl_interfaces/rosgraph_msgs
-- Installing: /home/hiro/rust_ws/src/install/rosgraph_msgs/include/rosgraph_msgs/rosgraph_msgs
-- Installing: /home/hiro/rust_ws/src/install/rosgraph_msgs/include/rosgraph_msgs/rosgraph_msgs/msg
-- Installing: /home/hiro/rust_ws/src/install/rosgraph_msgs/include/rosgraph_msgs/rosgraph_msgs/msg/rosidl_generator_c__visibility_control.h
-- Installing: /home/hiro/rust_ws/src/install/rosgraph_msgs/include/rosgraph_msgs/rosgraph_msgs/msg/clock.h
-- Installing: /home/hiro/rust_ws/src/install/rosgraph_msgs/include/rosgraph_msgs/rosgraph_msgs/msg/detail
-- Installing: /home/hiro/rust_ws/src/install/rosgraph_msgs/include/rosgraph_msgs/rosgraph_msgs/msg/detail/clock__functions.h
-- Installing: /home/hiro/rust_ws/src/install/rosgraph_msgs/include/rosgraph_msgs/rosgraph_msgs/msg/detail/clock__type_support.h
-- Installing: /home/hiro/rust_ws/src/install/rosgraph_msgs/include/rosgraph_msgs/rosgraph_msgs/msg/detail/clock__functions.c
-- Installing: /home/hiro/rust_ws/src/install/rosgraph_msgs/include/rosgraph_msgs/rosgraph_msgs/msg/detail/clock__struct.h
-- Installing: /home/hiro/rust_ws/src/install/rosgraph_msgs/share/rosgraph_msgs/environment/library_path.sh
-- Installing: /home/hiro/rust_ws/src/install/rosgraph_msgs/share/rosgraph_msgs/environment/library_path.dsv
-- Installing: /home/hiro/rust_ws/src/install/rosgraph_msgs/lib/librosgraph_msgs__rosidl_generator_c.so
-- Set runtime path of "/home/hiro/rust_ws/src/install/rosgraph_msgs/lib/librosgraph_msgs__rosidl_generator_c.so" to ""
-- Up-to-date: /home/hiro/rust_ws/src/install/rosgraph_msgs/include/rosgraph_msgs/rosgraph_msgs
-- Up-to-date: /home/hiro/rust_ws/src/install/rosgraph_msgs/include/rosgraph_msgs/rosgraph_msgs/msg
-- Up-to-date: /home/hiro/rust_ws/src/install/rosgraph_msgs/include/rosgraph_msgs/rosgraph_msgs/msg/detail
-- Installing: /home/hiro/rust_ws/src/install/rosgraph_msgs/include/rosgraph_msgs/rosgraph_msgs/msg/detail/clock__rosidl_typesupport_fastrtps_c.h
-- Installing: /home/hiro/rust_ws/src/install/rosgraph_msgs/include/rosgraph_msgs/rosgraph_msgs/msg/rosidl_typesupport_fastrtps_c__visibility_control.h
-- Installing: /home/hiro/rust_ws/src/install/rosgraph_msgs/lib/librosgraph_msgs__rosidl_typesupport_fastrtps_c.so
-- Set runtime path of "/home/hiro/rust_ws/src/install/rosgraph_msgs/lib/librosgraph_msgs__rosidl_typesupport_fastrtps_c.so" to ""
-- Up-to-date: /home/hiro/rust_ws/src/install/rosgraph_msgs/include/rosgraph_msgs/rosgraph_msgs
-- Up-to-date: /home/hiro/rust_ws/src/install/rosgraph_msgs/include/rosgraph_msgs/rosgraph_msgs/msg
-- Installing: /home/hiro/rust_ws/src/install/rosgraph_msgs/include/rosgraph_msgs/rosgraph_msgs/msg/clock.hpp
-- Up-to-date: /home/hiro/rust_ws/src/install/rosgraph_msgs/include/rosgraph_msgs/rosgraph_msgs/msg/detail
-- Installing: /home/hiro/rust_ws/src/install/rosgraph_msgs/include/rosgraph_msgs/rosgraph_msgs/msg/detail/clock__struct.hpp
-- Installing: /home/hiro/rust_ws/src/install/rosgraph_msgs/include/rosgraph_msgs/rosgraph_msgs/msg/detail/clock__traits.hpp
-- Installing: /home/hiro/rust_ws/src/install/rosgraph_msgs/include/rosgraph_msgs/rosgraph_msgs/msg/detail/clock__builder.hpp
-- Up-to-date: /home/hiro/rust_ws/src/install/rosgraph_msgs/include/rosgraph_msgs/rosgraph_msgs
-- Up-to-date: /home/hiro/rust_ws/src/install/rosgraph_msgs/include/rosgraph_msgs/rosgraph_msgs/msg
-- Installing: /home/hiro/rust_ws/src/install/rosgraph_msgs/include/rosgraph_msgs/rosgraph_msgs/msg/rosidl_typesupport_fastrtps_cpp__visibility_control.h
-- Up-to-date: /home/hiro/rust_ws/src/install/rosgraph_msgs/include/rosgraph_msgs/rosgraph_msgs/msg/detail
-- Installing: /home/hiro/rust_ws/src/install/rosgraph_msgs/include/rosgraph_msgs/rosgraph_msgs/msg/detail/clock__rosidl_typesupport_fastrtps_cpp.hpp
-- Installing: /home/hiro/rust_ws/src/install/rosgraph_msgs/include/rosgraph_msgs/rosgraph_msgs/msg/detail/dds_fastrtps
-- Installing: /home/hiro/rust_ws/src/install/rosgraph_msgs/lib/librosgraph_msgs__rosidl_typesupport_fastrtps_cpp.so
-- Set runtime path of "/home/hiro/rust_ws/src/install/rosgraph_msgs/lib/librosgraph_msgs__rosidl_typesupport_fastrtps_cpp.so" to ""
-- Up-to-date: /home/hiro/rust_ws/src/install/rosgraph_msgs/include/rosgraph_msgs/rosgraph_msgs
-- Up-to-date: /home/hiro/rust_ws/src/install/rosgraph_msgs/include/rosgraph_msgs/rosgraph_msgs/msg
-- Installing: /home/hiro/rust_ws/src/install/rosgraph_msgs/include/rosgraph_msgs/rosgraph_msgs/msg/rosidl_typesupport_introspection_c__visibility_control.h
-- Up-to-date: /home/hiro/rust_ws/src/install/rosgraph_msgs/include/rosgraph_msgs/rosgraph_msgs/msg/detail
-- Installing: /home/hiro/rust_ws/src/install/rosgraph_msgs/include/rosgraph_msgs/rosgraph_msgs/msg/detail/clock__type_support.c
-- Installing: /home/hiro/rust_ws/src/install/rosgraph_msgs/include/rosgraph_msgs/rosgraph_msgs/msg/detail/clock__rosidl_typesupport_introspection_c.h
-- Installing: /home/hiro/rust_ws/src/install/rosgraph_msgs/lib/librosgraph_msgs__rosidl_typesupport_introspection_c.so
-- Set runtime path of "/home/hiro/rust_ws/src/install/rosgraph_msgs/lib/librosgraph_msgs__rosidl_typesupport_introspection_c.so" to ""
-- Installing: /home/hiro/rust_ws/src/install/rosgraph_msgs/lib/librosgraph_msgs__rosidl_typesupport_c.so
-- Set runtime path of "/home/hiro/rust_ws/src/install/rosgraph_msgs/lib/librosgraph_msgs__rosidl_typesupport_c.so" to ""
-- Up-to-date: /home/hiro/rust_ws/src/install/rosgraph_msgs/include/rosgraph_msgs/rosgraph_msgs
-- Up-to-date: /home/hiro/rust_ws/src/install/rosgraph_msgs/include/rosgraph_msgs/rosgraph_msgs/msg
-- Up-to-date: /home/hiro/rust_ws/src/install/rosgraph_msgs/include/rosgraph_msgs/rosgraph_msgs/msg/detail
-- Installing: /home/hiro/rust_ws/src/install/rosgraph_msgs/include/rosgraph_msgs/rosgraph_msgs/msg/detail/clock__rosidl_typesupport_introspection_cpp.hpp
-- Installing: /home/hiro/rust_ws/src/install/rosgraph_msgs/include/rosgraph_msgs/rosgraph_msgs/msg/detail/clock__type_support.cpp
-- Installing: /home/hiro/rust_ws/src/install/rosgraph_msgs/lib/librosgraph_msgs__rosidl_typesupport_introspection_cpp.so
-- Set runtime path of "/home/hiro/rust_ws/src/install/rosgraph_msgs/lib/librosgraph_msgs__rosidl_typesupport_introspection_cpp.so" to ""
-- Installing: /home/hiro/rust_ws/src/install/rosgraph_msgs/lib/librosgraph_msgs__rosidl_typesupport_cpp.so
-- Set runtime path of "/home/hiro/rust_ws/src/install/rosgraph_msgs/lib/librosgraph_msgs__rosidl_typesupport_cpp.so" to ""
-- Installing: /home/hiro/rust_ws/src/install/rosgraph_msgs/share/ament_index/resource_index/rust_packages/rosgraph_msgs
-- Installing: /home/hiro/rust_ws/src/install/rosgraph_msgs/share/rosgraph_msgs/rust
-- Installing: /home/hiro/rust_ws/src/install/rosgraph_msgs/share/rosgraph_msgs/rust/Cargo.toml
-- Installing: /home/hiro/rust_ws/src/install/rosgraph_msgs/share/rosgraph_msgs/rust/build.rs
-- Installing: /home/hiro/rust_ws/src/install/rosgraph_msgs/share/rosgraph_msgs/rust/src
-- Installing: /home/hiro/rust_ws/src/install/rosgraph_msgs/share/rosgraph_msgs/rust/src/msg.rs
-- Installing: /home/hiro/rust_ws/src/install/rosgraph_msgs/share/rosgraph_msgs/rust/src/lib.rs
-- Installing: /home/hiro/rust_ws/src/install/rosgraph_msgs/share/rosgraph_msgs/environment/pythonpath.sh
-- Installing: /home/hiro/rust_ws/src/install/rosgraph_msgs/share/rosgraph_msgs/environment/pythonpath.dsv
-- Installing: /home/hiro/rust_ws/src/install/rosgraph_msgs/local/lib/python3.10/dist-packages/rosgraph_msgs-1.2.1-py3.10.egg-info
-- Installing: /home/hiro/rust_ws/src/install/rosgraph_msgs/local/lib/python3.10/dist-packages/rosgraph_msgs-1.2.1-py3.10.egg-info/top_level.txt
-- Installing: /home/hiro/rust_ws/src/install/rosgraph_msgs/local/lib/python3.10/dist-packages/rosgraph_msgs-1.2.1-py3.10.egg-info/PKG-INFO
-- Installing: /home/hiro/rust_ws/src/install/rosgraph_msgs/local/lib/python3.10/dist-packages/rosgraph_msgs-1.2.1-py3.10.egg-info/SOURCES.txt
-- Installing: /home/hiro/rust_ws/src/install/rosgraph_msgs/local/lib/python3.10/dist-packages/rosgraph_msgs-1.2.1-py3.10.egg-info/dependency_links.txt
-- Installing: /home/hiro/rust_ws/src/install/rosgraph_msgs/local/lib/python3.10/dist-packages/rosgraph_msgs
-- Installing: /home/hiro/rust_ws/src/install/rosgraph_msgs/local/lib/python3.10/dist-packages/rosgraph_msgs/rosgraph_msgs_s__rosidl_typesupport_c.cpython-310-x86_64-linux-gnu.so
-- Installing: /home/hiro/rust_ws/src/install/rosgraph_msgs/local/lib/python3.10/dist-packages/rosgraph_msgs/rosgraph_msgs_s__rosidl_typesupport_fastrtps_c.cpython-310-x86_64-linux-gnu.so
-- Installing: /home/hiro/rust_ws/src/install/rosgraph_msgs/local/lib/python3.10/dist-packages/rosgraph_msgs/rosgraph_msgs_s__rosidl_typesupport_introspection_c.cpython-310-x86_64-linux-gnu.so
-- Installing: /home/hiro/rust_ws/src/install/rosgraph_msgs/local/lib/python3.10/dist-packages/rosgraph_msgs/librosgraph_msgs__rosidl_generator_py.so
-- Installing: /home/hiro/rust_ws/src/install/rosgraph_msgs/local/lib/python3.10/dist-packages/rosgraph_msgs/_rosgraph_msgs_s.ep.rosidl_typesupport_c.c
-- Installing: /home/hiro/rust_ws/src/install/rosgraph_msgs/local/lib/python3.10/dist-packages/rosgraph_msgs/_rosgraph_msgs_s.ep.rosidl_typesupport_fastrtps_c.c
-- Installing: /home/hiro/rust_ws/src/install/rosgraph_msgs/local/lib/python3.10/dist-packages/rosgraph_msgs/_rosgraph_msgs_s.ep.rosidl_typesupport_introspection_c.c
-- Installing: /home/hiro/rust_ws/src/install/rosgraph_msgs/local/lib/python3.10/dist-packages/rosgraph_msgs/__init__.py
-- Installing: /home/hiro/rust_ws/src/install/rosgraph_msgs/local/lib/python3.10/dist-packages/rosgraph_msgs/msg
-- Installing: /home/hiro/rust_ws/src/install/rosgraph_msgs/local/lib/python3.10/dist-packages/rosgraph_msgs/msg/_clock_s.c
-- Installing: /home/hiro/rust_ws/src/install/rosgraph_msgs/local/lib/python3.10/dist-packages/rosgraph_msgs/msg/__init__.py
-- Installing: /home/hiro/rust_ws/src/install/rosgraph_msgs/local/lib/python3.10/dist-packages/rosgraph_msgs/msg/_clock.py
Listing '/home/hiro/rust_ws/src/install/rosgraph_msgs/local/lib/python3.10/dist-packages/rosgraph_msgs'...
Compiling '/home/hiro/rust_ws/src/install/rosgraph_msgs/local/lib/python3.10/dist-packages/rosgraph_msgs/__init__.py'...
Listing '/home/hiro/rust_ws/src/install/rosgraph_msgs/local/lib/python3.10/dist-packages/rosgraph_msgs/msg'...
Compiling '/home/hiro/rust_ws/src/install/rosgraph_msgs/local/lib/python3.10/dist-packages/rosgraph_msgs/msg/__init__.py'...
Compiling '/home/hiro/rust_ws/src/install/rosgraph_msgs/local/lib/python3.10/dist-packages/rosgraph_msgs/msg/_clock.py'...
-- Installing: /home/hiro/rust_ws/src/install/rosgraph_msgs/local/lib/python3.10/dist-packages/rosgraph_msgs/rosgraph_msgs_s__rosidl_typesupport_fastrtps_c.cpython-310-x86_64-linux-gnu.so
-- Set runtime path of "/home/hiro/rust_ws/src/install/rosgraph_msgs/local/lib/python3.10/dist-packages/rosgraph_msgs/rosgraph_msgs_s__rosidl_typesupport_fastrtps_c.cpython-310-x86_64-linux-gnu.so" to ""
-- Installing: /home/hiro/rust_ws/src/install/rosgraph_msgs/local/lib/python3.10/dist-packages/rosgraph_msgs/rosgraph_msgs_s__rosidl_typesupport_introspection_c.cpython-310-x86_64-linux-gnu.so
-- Set runtime path of "/home/hiro/rust_ws/src/install/rosgraph_msgs/local/lib/python3.10/dist-packages/rosgraph_msgs/rosgraph_msgs_s__rosidl_typesupport_introspection_c.cpython-310-x86_64-linux-gnu.so" to ""
-- Installing: /home/hiro/rust_ws/src/install/rosgraph_msgs/local/lib/python3.10/dist-packages/rosgraph_msgs/rosgraph_msgs_s__rosidl_typesupport_c.cpython-310-x86_64-linux-gnu.so
-- Set runtime path of "/home/hiro/rust_ws/src/install/rosgraph_msgs/local/lib/python3.10/dist-packages/rosgraph_msgs/rosgraph_msgs_s__rosidl_typesupport_c.cpython-310-x86_64-linux-gnu.so" to ""
-- Installing: /home/hiro/rust_ws/src/install/rosgraph_msgs/lib/librosgraph_msgs__rosidl_generator_py.so
-- Set runtime path of "/home/hiro/rust_ws/src/install/rosgraph_msgs/lib/librosgraph_msgs__rosidl_generator_py.so" to ""
-- Installing: /home/hiro/rust_ws/src/install/rosgraph_msgs/share/rosgraph_msgs/msg/Clock.idl
-- Installing: /home/hiro/rust_ws/src/install/rosgraph_msgs/share/rosgraph_msgs/msg/Clock.msg
-- Installing: /home/hiro/rust_ws/src/install/rosgraph_msgs/share/ament_index/resource_index/package_run_dependencies/rosgraph_msgs
-- Installing: /home/hiro/rust_ws/src/install/rosgraph_msgs/share/ament_index/resource_index/parent_prefix_path/rosgraph_msgs
-- Installing: /home/hiro/rust_ws/src/install/rosgraph_msgs/share/rosgraph_msgs/environment/ament_prefix_path.sh
-- Installing: /home/hiro/rust_ws/src/install/rosgraph_msgs/share/rosgraph_msgs/environment/ament_prefix_path.dsv
-- Installing: /home/hiro/rust_ws/src/install/rosgraph_msgs/share/rosgraph_msgs/environment/path.sh
-- Installing: /home/hiro/rust_ws/src/install/rosgraph_msgs/share/rosgraph_msgs/environment/path.dsv
-- Installing: /home/hiro/rust_ws/src/install/rosgraph_msgs/share/rosgraph_msgs/local_setup.bash
-- Installing: /home/hiro/rust_ws/src/install/rosgraph_msgs/share/rosgraph_msgs/local_setup.sh
-- Installing: /home/hiro/rust_ws/src/install/rosgraph_msgs/share/rosgraph_msgs/local_setup.zsh
-- Installing: /home/hiro/rust_ws/src/install/rosgraph_msgs/share/rosgraph_msgs/local_setup.dsv
-- Installing: /home/hiro/rust_ws/src/install/rosgraph_msgs/share/rosgraph_msgs/package.dsv
-- Installing: /home/hiro/rust_ws/src/install/rosgraph_msgs/share/ament_index/resource_index/packages/rosgraph_msgs
-- Installing: /home/hiro/rust_ws/src/install/rosgraph_msgs/share/rosgraph_msgs/cmake/export_rosgraph_msgs__rosidl_generator_cExport.cmake
-- Installing: /home/hiro/rust_ws/src/install/rosgraph_msgs/share/rosgraph_msgs/cmake/export_rosgraph_msgs__rosidl_generator_cExport-noconfig.cmake
-- Installing: /home/hiro/rust_ws/src/install/rosgraph_msgs/share/rosgraph_msgs/cmake/export_rosgraph_msgs__rosidl_typesupport_fastrtps_cExport.cmake
-- Installing: /home/hiro/rust_ws/src/install/rosgraph_msgs/share/rosgraph_msgs/cmake/export_rosgraph_msgs__rosidl_typesupport_fastrtps_cExport-noconfig.cmake
-- Installing: /home/hiro/rust_ws/src/install/rosgraph_msgs/share/rosgraph_msgs/cmake/export_rosgraph_msgs__rosidl_generator_cppExport.cmake
-- Installing: /home/hiro/rust_ws/src/install/rosgraph_msgs/share/rosgraph_msgs/cmake/export_rosgraph_msgs__rosidl_typesupport_fastrtps_cppExport.cmake
-- Installing: /home/hiro/rust_ws/src/install/rosgraph_msgs/share/rosgraph_msgs/cmake/export_rosgraph_msgs__rosidl_typesupport_fastrtps_cppExport-noconfig.cmake
-- Installing: /home/hiro/rust_ws/src/install/rosgraph_msgs/share/rosgraph_msgs/cmake/rosgraph_msgs__rosidl_typesupport_introspection_cExport.cmake
-- Installing: /home/hiro/rust_ws/src/install/rosgraph_msgs/share/rosgraph_msgs/cmake/rosgraph_msgs__rosidl_typesupport_introspection_cExport-noconfig.cmake
-- Installing: /home/hiro/rust_ws/src/install/rosgraph_msgs/share/rosgraph_msgs/cmake/rosgraph_msgs__rosidl_typesupport_cExport.cmake
-- Installing: /home/hiro/rust_ws/src/install/rosgraph_msgs/share/rosgraph_msgs/cmake/rosgraph_msgs__rosidl_typesupport_cExport-noconfig.cmake
-- Installing: /home/hiro/rust_ws/src/install/rosgraph_msgs/share/rosgraph_msgs/cmake/rosgraph_msgs__rosidl_typesupport_introspection_cppExport.cmake
-- Installing: /home/hiro/rust_ws/src/install/rosgraph_msgs/share/rosgraph_msgs/cmake/rosgraph_msgs__rosidl_typesupport_introspection_cppExport-noconfig.cmake
-- Installing: /home/hiro/rust_ws/src/install/rosgraph_msgs/share/rosgraph_msgs/cmake/rosgraph_msgs__rosidl_typesupport_cppExport.cmake
-- Installing: /home/hiro/rust_ws/src/install/rosgraph_msgs/share/rosgraph_msgs/cmake/rosgraph_msgs__rosidl_typesupport_cppExport-noconfig.cmake
-- Installing: /home/hiro/rust_ws/src/install/rosgraph_msgs/share/rosgraph_msgs/cmake/export_rosgraph_msgs__rosidl_generator_pyExport.cmake
-- Installing: /home/hiro/rust_ws/src/install/rosgraph_msgs/share/rosgraph_msgs/cmake/export_rosgraph_msgs__rosidl_generator_pyExport-noconfig.cmake
-- Installing: /home/hiro/rust_ws/src/install/rosgraph_msgs/share/rosgraph_msgs/cmake/rosidl_cmake-extras.cmake
-- Installing: /home/hiro/rust_ws/src/install/rosgraph_msgs/share/rosgraph_msgs/cmake/ament_cmake_export_dependencies-extras.cmake
-- Installing: /home/hiro/rust_ws/src/install/rosgraph_msgs/share/rosgraph_msgs/cmake/ament_cmake_export_include_directories-extras.cmake
-- Installing: /home/hiro/rust_ws/src/install/rosgraph_msgs/share/rosgraph_msgs/cmake/ament_cmake_export_libraries-extras.cmake
-- Installing: /home/hiro/rust_ws/src/install/rosgraph_msgs/share/rosgraph_msgs/cmake/ament_cmake_export_targets-extras.cmake
-- Installing: /home/hiro/rust_ws/src/install/rosgraph_msgs/share/rosgraph_msgs/cmake/rosidl_cmake_export_typesupport_targets-extras.cmake
-- Installing: /home/hiro/rust_ws/src/install/rosgraph_msgs/share/rosgraph_msgs/cmake/rosidl_cmake_export_typesupport_libraries-extras.cmake
-- Installing: /home/hiro/rust_ws/src/install/rosgraph_msgs/share/rosgraph_msgs/cmake/rosgraph_msgsConfig.cmake
-- Installing: /home/hiro/rust_ws/src/install/rosgraph_msgs/share/rosgraph_msgs/cmake/rosgraph_msgsConfig-version.cmake
-- Installing: /home/hiro/rust_ws/src/install/rosgraph_msgs/share/rosgraph_msgs/package.xml
