[0.370s] Invoking command in '/home/hiro/rust_ws/src/build/stereo_msgs': AMENT_PREFIX_PATH=/home/hiro/rust_ws/src/install/sensor_msgs:/home/hiro/rust_ws/src/install/geometry_msgs:/home/hiro/rust_ws/src/install/std_msgs:/home/hiro/rust_ws/src/install/builtin_interfaces:/home/hiro/rust_ws/src/install/rosidl_default_runtime:/home/hiro/rust_ws/src/install/rosidl_default_generators:/home/hiro/rust_ws/src/install/rosidl_generator_rs:/home/hiro/rust_ws/src/install/rosidl_runtime_rs:${AMENT_PREFIX_PATH} CMAKE_PREFIX_PATH=/home/hiro/rust_ws/src/install/sensor_msgs:/home/hiro/rust_ws/src/install/geometry_msgs:/home/hiro/rust_ws/src/install/std_msgs:/home/hiro/rust_ws/src/install/builtin_interfaces:/home/hiro/rust_ws/src/install/rosidl_default_runtime:/home/hiro/rust_ws/src/install/rosidl_default_generators:/home/hiro/rust_ws/src/install/rosidl_generator_rs:/home/hiro/ws_livox/install/livox_ros_driver2:/opt/ros/humble LD_LIBRARY_PATH=/home/hiro/rust_ws/src/install/sensor_msgs/lib:/home/hiro/rust_ws/src/install/geometry_msgs/lib:/home/hiro/rust_ws/src/install/std_msgs/lib:/home/hiro/rust_ws/src/install/builtin_interfaces/lib:${LD_LIBRARY_PATH} PYTHONPATH=/home/hiro/rust_ws/src/install/sensor_msgs/local/lib/python3.10/dist-packages:/home/hiro/rust_ws/src/install/geometry_msgs/local/lib/python3.10/dist-packages:/home/hiro/rust_ws/src/install/std_msgs/local/lib/python3.10/dist-packages:/home/hiro/rust_ws/src/install/builtin_interfaces/local/lib/python3.10/dist-packages:/home/hiro/rust_ws/src/install/rosidl_generator_rs/local/lib/python3.10/dist-packages:${PYTHONPATH} /usr/bin/cmake --build /home/hiro/rust_ws/src/build/stereo_msgs -- -j22 -l22
[0.404s] [35m[1mConsolidate compiler generated dependencies of target stereo_msgs__rosidl_generator_c[0m
[0.412s] [  3%] Built target stereo_msgs__cpp
[0.414s] [  6%] Built target stereo_msgs__rs
[0.417s] [ 15%] Built target stereo_msgs__rosidl_generator_c
[0.422s] [ 15%] Built target ament_cmake_python_copy_stereo_msgs
[0.427s] [35m[1mConsolidate compiler generated dependencies of target stereo_msgs__rosidl_typesupport_cpp[0m
[0.427s] [35m[1mConsolidate compiler generated dependencies of target stereo_msgs__rosidl_typesupport_fastrtps_cpp[0m
[0.429s] [35m[1mConsolidate compiler generated dependencies of target stereo_msgs__rosidl_typesupport_introspection_cpp[0m
[0.431s] [35m[1mConsolidate compiler generated dependencies of target stereo_msgs__rosidl_typesupport_fastrtps_c[0m
[0.431s] [35m[1mConsolidate compiler generated dependencies of target stereo_msgs__rosidl_typesupport_introspection_c[0m
[0.440s] [35m[1mConsolidate compiler generated dependencies of target stereo_msgs__rosidl_typesupport_c[0m
[0.443s] [ 25%] Built target stereo_msgs__rosidl_typesupport_fastrtps_cpp
[0.443s] [ 34%] Built target stereo_msgs__rosidl_typesupport_cpp
[0.446s] [ 43%] Built target stereo_msgs__rosidl_typesupport_fastrtps_c
[0.447s] [ 53%] Built target stereo_msgs__rosidl_typesupport_introspection_cpp
[0.448s] [ 62%] Built target stereo_msgs__rosidl_typesupport_introspection_c
[0.452s] [ 71%] Built target stereo_msgs__rosidl_typesupport_c
[0.472s] [ 71%] Built target stereo_msgs
[0.492s] [ 75%] Built target stereo_msgs__py
[0.501s] [35m[1mConsolidate compiler generated dependencies of target stereo_msgs__rosidl_generator_py[0m
[0.512s] [ 81%] Built target stereo_msgs__rosidl_generator_py
[0.521s] [35m[1mConsolidate compiler generated dependencies of target stereo_msgs__rosidl_typesupport_c__pyext[0m
[0.522s] [35m[1mConsolidate compiler generated dependencies of target stereo_msgs__rosidl_typesupport_introspection_c__pyext[0m
[0.524s] [35m[1mConsolidate compiler generated dependencies of target stereo_msgs__rosidl_typesupport_fastrtps_c__pyext[0m
[0.532s] [ 87%] Built target stereo_msgs__rosidl_typesupport_c__pyext
[0.533s] [ 93%] Built target stereo_msgs__rosidl_typesupport_introspection_c__pyext
[0.535s] [100%] Built target stereo_msgs__rosidl_typesupport_fastrtps_c__pyext
[0.747s] running egg_info
[0.770s] writing stereo_msgs.egg-info/PKG-INFO
[0.771s] writing dependency_links to stereo_msgs.egg-info/dependency_links.txt
[0.771s] writing top-level names to stereo_msgs.egg-info/top_level.txt
[0.842s] reading manifest file 'stereo_msgs.egg-info/SOURCES.txt'
[0.843s] writing manifest file 'stereo_msgs.egg-info/SOURCES.txt'
[0.891s] [100%] Built target ament_cmake_python_build_stereo_msgs_egg
[0.936s] Invoked command in '/home/hiro/rust_ws/src/build/stereo_msgs' returned '0': AMENT_PREFIX_PATH=/home/hiro/rust_ws/src/install/sensor_msgs:/home/hiro/rust_ws/src/install/geometry_msgs:/home/hiro/rust_ws/src/install/std_msgs:/home/hiro/rust_ws/src/install/builtin_interfaces:/home/hiro/rust_ws/src/install/rosidl_default_runtime:/home/hiro/rust_ws/src/install/rosidl_default_generators:/home/hiro/rust_ws/src/install/rosidl_generator_rs:/home/hiro/rust_ws/src/install/rosidl_runtime_rs:${AMENT_PREFIX_PATH} CMAKE_PREFIX_PATH=/home/hiro/rust_ws/src/install/sensor_msgs:/home/hiro/rust_ws/src/install/geometry_msgs:/home/hiro/rust_ws/src/install/std_msgs:/home/hiro/rust_ws/src/install/builtin_interfaces:/home/hiro/rust_ws/src/install/rosidl_default_runtime:/home/hiro/rust_ws/src/install/rosidl_default_generators:/home/hiro/rust_ws/src/install/rosidl_generator_rs:/home/hiro/ws_livox/install/livox_ros_driver2:/opt/ros/humble LD_LIBRARY_PATH=/home/hiro/rust_ws/src/install/sensor_msgs/lib:/home/hiro/rust_ws/src/install/geometry_msgs/lib:/home/hiro/rust_ws/src/install/std_msgs/lib:/home/hiro/rust_ws/src/install/builtin_interfaces/lib:${LD_LIBRARY_PATH} PYTHONPATH=/home/hiro/rust_ws/src/install/sensor_msgs/local/lib/python3.10/dist-packages:/home/hiro/rust_ws/src/install/geometry_msgs/local/lib/python3.10/dist-packages:/home/hiro/rust_ws/src/install/std_msgs/local/lib/python3.10/dist-packages:/home/hiro/rust_ws/src/install/builtin_interfaces/local/lib/python3.10/dist-packages:/home/hiro/rust_ws/src/install/rosidl_generator_rs/local/lib/python3.10/dist-packages:${PYTHONPATH} /usr/bin/cmake --build /home/hiro/rust_ws/src/build/stereo_msgs -- -j22 -l22
[1.013s] Invoking command in '/home/hiro/rust_ws/src/build/stereo_msgs': AMENT_PREFIX_PATH=/home/hiro/rust_ws/src/install/sensor_msgs:/home/hiro/rust_ws/src/install/geometry_msgs:/home/hiro/rust_ws/src/install/std_msgs:/home/hiro/rust_ws/src/install/builtin_interfaces:/home/hiro/rust_ws/src/install/rosidl_default_runtime:/home/hiro/rust_ws/src/install/rosidl_default_generators:/home/hiro/rust_ws/src/install/rosidl_generator_rs:/home/hiro/rust_ws/src/install/rosidl_runtime_rs:${AMENT_PREFIX_PATH} CMAKE_PREFIX_PATH=/home/hiro/rust_ws/src/install/sensor_msgs:/home/hiro/rust_ws/src/install/geometry_msgs:/home/hiro/rust_ws/src/install/std_msgs:/home/hiro/rust_ws/src/install/builtin_interfaces:/home/hiro/rust_ws/src/install/rosidl_default_runtime:/home/hiro/rust_ws/src/install/rosidl_default_generators:/home/hiro/rust_ws/src/install/rosidl_generator_rs:/home/hiro/ws_livox/install/livox_ros_driver2:/opt/ros/humble LD_LIBRARY_PATH=/home/hiro/rust_ws/src/install/sensor_msgs/lib:/home/hiro/rust_ws/src/install/geometry_msgs/lib:/home/hiro/rust_ws/src/install/std_msgs/lib:/home/hiro/rust_ws/src/install/builtin_interfaces/lib:${LD_LIBRARY_PATH} PYTHONPATH=/home/hiro/rust_ws/src/install/sensor_msgs/local/lib/python3.10/dist-packages:/home/hiro/rust_ws/src/install/geometry_msgs/local/lib/python3.10/dist-packages:/home/hiro/rust_ws/src/install/std_msgs/local/lib/python3.10/dist-packages:/home/hiro/rust_ws/src/install/builtin_interfaces/local/lib/python3.10/dist-packages:/home/hiro/rust_ws/src/install/rosidl_generator_rs/local/lib/python3.10/dist-packages:${PYTHONPATH} /usr/bin/cmake --install /home/hiro/rust_ws/src/build/stereo_msgs
[1.022s] -- Install configuration: ""
[1.023s] -- Up-to-date: /home/hiro/rust_ws/src/install/stereo_msgs/share/ament_index/resource_index/rosidl_interfaces/stereo_msgs
[1.023s] -- Up-to-date: /home/hiro/rust_ws/src/install/stereo_msgs/include/stereo_msgs/stereo_msgs
[1.023s] -- Up-to-date: /home/hiro/rust_ws/src/install/stereo_msgs/include/stereo_msgs/stereo_msgs/msg
[1.023s] -- Up-to-date: /home/hiro/rust_ws/src/install/stereo_msgs/include/stereo_msgs/stereo_msgs/msg/rosidl_generator_c__visibility_control.h
[1.024s] -- Up-to-date: /home/hiro/rust_ws/src/install/stereo_msgs/include/stereo_msgs/stereo_msgs/msg/detail
[1.024s] -- Up-to-date: /home/hiro/rust_ws/src/install/stereo_msgs/include/stereo_msgs/stereo_msgs/msg/detail/disparity_image__struct.h
[1.024s] -- Up-to-date: /home/hiro/rust_ws/src/install/stereo_msgs/include/stereo_msgs/stereo_msgs/msg/detail/disparity_image__type_support.h
[1.025s] -- Up-to-date: /home/hiro/rust_ws/src/install/stereo_msgs/include/stereo_msgs/stereo_msgs/msg/detail/disparity_image__functions.h
[1.025s] -- Up-to-date: /home/hiro/rust_ws/src/install/stereo_msgs/include/stereo_msgs/stereo_msgs/msg/detail/disparity_image__functions.c
[1.025s] -- Up-to-date: /home/hiro/rust_ws/src/install/stereo_msgs/include/stereo_msgs/stereo_msgs/msg/disparity_image.h
[1.026s] -- Up-to-date: /home/hiro/rust_ws/src/install/stereo_msgs/share/stereo_msgs/environment/library_path.sh
[1.026s] -- Up-to-date: /home/hiro/rust_ws/src/install/stereo_msgs/share/stereo_msgs/environment/library_path.dsv
[1.026s] -- Up-to-date: /home/hiro/rust_ws/src/install/stereo_msgs/lib/libstereo_msgs__rosidl_generator_c.so
[1.026s] -- Up-to-date: /home/hiro/rust_ws/src/install/stereo_msgs/include/stereo_msgs/stereo_msgs
[1.027s] -- Up-to-date: /home/hiro/rust_ws/src/install/stereo_msgs/include/stereo_msgs/stereo_msgs/msg
[1.028s] -- Up-to-date: /home/hiro/rust_ws/src/install/stereo_msgs/include/stereo_msgs/stereo_msgs/msg/detail
[1.029s] -- Up-to-date: /home/hiro/rust_ws/src/install/stereo_msgs/include/stereo_msgs/stereo_msgs/msg/detail/disparity_image__rosidl_typesupport_fastrtps_c.h
[1.029s] -- Up-to-date: /home/hiro/rust_ws/src/install/stereo_msgs/include/stereo_msgs/stereo_msgs/msg/rosidl_typesupport_fastrtps_c__visibility_control.h
[1.031s] -- Up-to-date: /home/hiro/rust_ws/src/install/stereo_msgs/lib/libstereo_msgs__rosidl_typesupport_fastrtps_c.so
[1.031s] -- Up-to-date: /home/hiro/rust_ws/src/install/stereo_msgs/include/stereo_msgs/stereo_msgs
[1.031s] -- Up-to-date: /home/hiro/rust_ws/src/install/stereo_msgs/include/stereo_msgs/stereo_msgs/msg
[1.031s] -- Up-to-date: /home/hiro/rust_ws/src/install/stereo_msgs/include/stereo_msgs/stereo_msgs/msg/rosidl_typesupport_introspection_c__visibility_control.h
[1.031s] -- Up-to-date: /home/hiro/rust_ws/src/install/stereo_msgs/include/stereo_msgs/stereo_msgs/msg/detail
[1.031s] -- Up-to-date: /home/hiro/rust_ws/src/install/stereo_msgs/include/stereo_msgs/stereo_msgs/msg/detail/disparity_image__rosidl_typesupport_introspection_c.h
[1.031s] -- Up-to-date: /home/hiro/rust_ws/src/install/stereo_msgs/include/stereo_msgs/stereo_msgs/msg/detail/disparity_image__type_support.c
[1.031s] -- Up-to-date: /home/hiro/rust_ws/src/install/stereo_msgs/lib/libstereo_msgs__rosidl_typesupport_introspection_c.so
[1.031s] -- Up-to-date: /home/hiro/rust_ws/src/install/stereo_msgs/lib/libstereo_msgs__rosidl_typesupport_c.so
[1.031s] -- Up-to-date: /home/hiro/rust_ws/src/install/stereo_msgs/include/stereo_msgs/stereo_msgs
[1.031s] -- Up-to-date: /home/hiro/rust_ws/src/install/stereo_msgs/include/stereo_msgs/stereo_msgs/msg
[1.032s] -- Up-to-date: /home/hiro/rust_ws/src/install/stereo_msgs/include/stereo_msgs/stereo_msgs/msg/disparity_image.hpp
[1.032s] -- Up-to-date: /home/hiro/rust_ws/src/install/stereo_msgs/include/stereo_msgs/stereo_msgs/msg/detail
[1.032s] -- Up-to-date: /home/hiro/rust_ws/src/install/stereo_msgs/include/stereo_msgs/stereo_msgs/msg/detail/disparity_image__traits.hpp
[1.032s] -- Up-to-date: /home/hiro/rust_ws/src/install/stereo_msgs/include/stereo_msgs/stereo_msgs/msg/detail/disparity_image__struct.hpp
[1.032s] -- Up-to-date: /home/hiro/rust_ws/src/install/stereo_msgs/include/stereo_msgs/stereo_msgs/msg/detail/disparity_image__builder.hpp
[1.033s] -- Up-to-date: /home/hiro/rust_ws/src/install/stereo_msgs/include/stereo_msgs/stereo_msgs
[1.033s] -- Up-to-date: /home/hiro/rust_ws/src/install/stereo_msgs/include/stereo_msgs/stereo_msgs/msg
[1.033s] -- Up-to-date: /home/hiro/rust_ws/src/install/stereo_msgs/include/stereo_msgs/stereo_msgs/msg/rosidl_typesupport_fastrtps_cpp__visibility_control.h
[1.034s] -- Up-to-date: /home/hiro/rust_ws/src/install/stereo_msgs/include/stereo_msgs/stereo_msgs/msg/detail
[1.034s] -- Up-to-date: /home/hiro/rust_ws/src/install/stereo_msgs/include/stereo_msgs/stereo_msgs/msg/detail/dds_fastrtps
[1.034s] -- Up-to-date: /home/hiro/rust_ws/src/install/stereo_msgs/include/stereo_msgs/stereo_msgs/msg/detail/disparity_image__rosidl_typesupport_fastrtps_cpp.hpp
[1.034s] -- Up-to-date: /home/hiro/rust_ws/src/install/stereo_msgs/lib/libstereo_msgs__rosidl_typesupport_fastrtps_cpp.so
[1.034s] -- Up-to-date: /home/hiro/rust_ws/src/install/stereo_msgs/include/stereo_msgs/stereo_msgs
[1.035s] -- Up-to-date: /home/hiro/rust_ws/src/install/stereo_msgs/include/stereo_msgs/stereo_msgs/msg
[1.035s] -- Up-to-date: /home/hiro/rust_ws/src/install/stereo_msgs/include/stereo_msgs/stereo_msgs/msg/detail
[1.035s] -- Up-to-date: /home/hiro/rust_ws/src/install/stereo_msgs/include/stereo_msgs/stereo_msgs/msg/detail/disparity_image__type_support.cpp
[1.035s] -- Up-to-date: /home/hiro/rust_ws/src/install/stereo_msgs/include/stereo_msgs/stereo_msgs/msg/detail/disparity_image__rosidl_typesupport_introspection_cpp.hpp
[1.035s] -- Up-to-date: /home/hiro/rust_ws/src/install/stereo_msgs/lib/libstereo_msgs__rosidl_typesupport_introspection_cpp.so
[1.036s] -- Up-to-date: /home/hiro/rust_ws/src/install/stereo_msgs/lib/libstereo_msgs__rosidl_typesupport_cpp.so
[1.036s] -- Up-to-date: /home/hiro/rust_ws/src/install/stereo_msgs/share/ament_index/resource_index/rust_packages/stereo_msgs
[1.036s] -- Up-to-date: /home/hiro/rust_ws/src/install/stereo_msgs/share/stereo_msgs/rust
[1.037s] -- Up-to-date: /home/hiro/rust_ws/src/install/stereo_msgs/share/stereo_msgs/rust/Cargo.toml
[1.037s] -- Up-to-date: /home/hiro/rust_ws/src/install/stereo_msgs/share/stereo_msgs/rust/build.rs
[1.037s] -- Up-to-date: /home/hiro/rust_ws/src/install/stereo_msgs/share/stereo_msgs/rust/src
[1.038s] -- Up-to-date: /home/hiro/rust_ws/src/install/stereo_msgs/share/stereo_msgs/rust/src/msg.rs
[1.039s] -- Up-to-date: /home/hiro/rust_ws/src/install/stereo_msgs/share/stereo_msgs/rust/src/lib.rs
[1.039s] -- Up-to-date: /home/hiro/rust_ws/src/install/stereo_msgs/share/stereo_msgs/environment/pythonpath.sh
[1.039s] -- Up-to-date: /home/hiro/rust_ws/src/install/stereo_msgs/share/stereo_msgs/environment/pythonpath.dsv
[1.039s] -- Up-to-date: /home/hiro/rust_ws/src/install/stereo_msgs/local/lib/python3.10/dist-packages/stereo_msgs-4.2.4-py3.10.egg-info
[1.039s] -- Installing: /home/hiro/rust_ws/src/install/stereo_msgs/local/lib/python3.10/dist-packages/stereo_msgs-4.2.4-py3.10.egg-info/top_level.txt
[1.039s] -- Installing: /home/hiro/rust_ws/src/install/stereo_msgs/local/lib/python3.10/dist-packages/stereo_msgs-4.2.4-py3.10.egg-info/PKG-INFO
[1.039s] -- Installing: /home/hiro/rust_ws/src/install/stereo_msgs/local/lib/python3.10/dist-packages/stereo_msgs-4.2.4-py3.10.egg-info/SOURCES.txt
[1.040s] -- Installing: /home/hiro/rust_ws/src/install/stereo_msgs/local/lib/python3.10/dist-packages/stereo_msgs-4.2.4-py3.10.egg-info/dependency_links.txt
[1.040s] -- Up-to-date: /home/hiro/rust_ws/src/install/stereo_msgs/local/lib/python3.10/dist-packages/stereo_msgs
[1.040s] -- Up-to-date: /home/hiro/rust_ws/src/install/stereo_msgs/local/lib/python3.10/dist-packages/stereo_msgs/stereo_msgs_s__rosidl_typesupport_c.cpython-310-x86_64-linux-gnu.so
[1.040s] -- Up-to-date: /home/hiro/rust_ws/src/install/stereo_msgs/local/lib/python3.10/dist-packages/stereo_msgs/_stereo_msgs_s.ep.rosidl_typesupport_introspection_c.c
[1.041s] -- Up-to-date: /home/hiro/rust_ws/src/install/stereo_msgs/local/lib/python3.10/dist-packages/stereo_msgs/stereo_msgs_s__rosidl_typesupport_introspection_c.cpython-310-x86_64-linux-gnu.so
[1.041s] -- Up-to-date: /home/hiro/rust_ws/src/install/stereo_msgs/local/lib/python3.10/dist-packages/stereo_msgs/stereo_msgs_s__rosidl_typesupport_fastrtps_c.cpython-310-x86_64-linux-gnu.so
[1.041s] -- Up-to-date: /home/hiro/rust_ws/src/install/stereo_msgs/local/lib/python3.10/dist-packages/stereo_msgs/_stereo_msgs_s.ep.rosidl_typesupport_fastrtps_c.c
[1.041s] -- Up-to-date: /home/hiro/rust_ws/src/install/stereo_msgs/local/lib/python3.10/dist-packages/stereo_msgs/__init__.py
[1.041s] -- Up-to-date: /home/hiro/rust_ws/src/install/stereo_msgs/local/lib/python3.10/dist-packages/stereo_msgs/msg
[1.041s] -- Up-to-date: /home/hiro/rust_ws/src/install/stereo_msgs/local/lib/python3.10/dist-packages/stereo_msgs/msg/_disparity_image.py
[1.041s] -- Up-to-date: /home/hiro/rust_ws/src/install/stereo_msgs/local/lib/python3.10/dist-packages/stereo_msgs/msg/_disparity_image_s.c
[1.042s] -- Up-to-date: /home/hiro/rust_ws/src/install/stereo_msgs/local/lib/python3.10/dist-packages/stereo_msgs/msg/__init__.py
[1.042s] -- Up-to-date: /home/hiro/rust_ws/src/install/stereo_msgs/local/lib/python3.10/dist-packages/stereo_msgs/_stereo_msgs_s.ep.rosidl_typesupport_c.c
[1.042s] -- Up-to-date: /home/hiro/rust_ws/src/install/stereo_msgs/local/lib/python3.10/dist-packages/stereo_msgs/libstereo_msgs__rosidl_generator_py.so
[1.078s] Listing '/home/hiro/rust_ws/src/install/stereo_msgs/local/lib/python3.10/dist-packages/stereo_msgs'...
[1.079s] Listing '/home/hiro/rust_ws/src/install/stereo_msgs/local/lib/python3.10/dist-packages/stereo_msgs/msg'...
[1.089s] -- Up-to-date: /home/hiro/rust_ws/src/install/stereo_msgs/local/lib/python3.10/dist-packages/stereo_msgs/stereo_msgs_s__rosidl_typesupport_fastrtps_c.cpython-310-x86_64-linux-gnu.so
[1.090s] -- Up-to-date: /home/hiro/rust_ws/src/install/stereo_msgs/local/lib/python3.10/dist-packages/stereo_msgs/stereo_msgs_s__rosidl_typesupport_introspection_c.cpython-310-x86_64-linux-gnu.so
[1.092s] -- Up-to-date: /home/hiro/rust_ws/src/install/stereo_msgs/local/lib/python3.10/dist-packages/stereo_msgs/stereo_msgs_s__rosidl_typesupport_c.cpython-310-x86_64-linux-gnu.so
[1.092s] -- Up-to-date: /home/hiro/rust_ws/src/install/stereo_msgs/lib/libstereo_msgs__rosidl_generator_py.so
[1.093s] -- Up-to-date: /home/hiro/rust_ws/src/install/stereo_msgs/share/stereo_msgs/msg/DisparityImage.idl
[1.094s] -- Up-to-date: /home/hiro/rust_ws/src/install/stereo_msgs/share/stereo_msgs/msg/DisparityImage.msg
[1.095s] -- Up-to-date: /home/hiro/rust_ws/src/install/stereo_msgs/share/ament_index/resource_index/package_run_dependencies/stereo_msgs
[1.095s] -- Up-to-date: /home/hiro/rust_ws/src/install/stereo_msgs/share/ament_index/resource_index/parent_prefix_path/stereo_msgs
[1.095s] -- Up-to-date: /home/hiro/rust_ws/src/install/stereo_msgs/share/stereo_msgs/environment/ament_prefix_path.sh
[1.096s] -- Up-to-date: /home/hiro/rust_ws/src/install/stereo_msgs/share/stereo_msgs/environment/ament_prefix_path.dsv
[1.096s] -- Up-to-date: /home/hiro/rust_ws/src/install/stereo_msgs/share/stereo_msgs/environment/path.sh
[1.096s] -- Up-to-date: /home/hiro/rust_ws/src/install/stereo_msgs/share/stereo_msgs/environment/path.dsv
[1.097s] -- Up-to-date: /home/hiro/rust_ws/src/install/stereo_msgs/share/stereo_msgs/local_setup.bash
[1.097s] -- Up-to-date: /home/hiro/rust_ws/src/install/stereo_msgs/share/stereo_msgs/local_setup.sh
[1.097s] -- Up-to-date: /home/hiro/rust_ws/src/install/stereo_msgs/share/stereo_msgs/local_setup.zsh
[1.097s] -- Up-to-date: /home/hiro/rust_ws/src/install/stereo_msgs/share/stereo_msgs/local_setup.dsv
[1.097s] -- Installing: /home/hiro/rust_ws/src/install/stereo_msgs/share/stereo_msgs/package.dsv
[1.098s] -- Up-to-date: /home/hiro/rust_ws/src/install/stereo_msgs/share/ament_index/resource_index/packages/stereo_msgs
[1.098s] -- Up-to-date: /home/hiro/rust_ws/src/install/stereo_msgs/share/stereo_msgs/cmake/export_stereo_msgs__rosidl_generator_cExport.cmake
[1.100s] -- Up-to-date: /home/hiro/rust_ws/src/install/stereo_msgs/share/stereo_msgs/cmake/export_stereo_msgs__rosidl_generator_cExport-noconfig.cmake
[1.100s] -- Up-to-date: /home/hiro/rust_ws/src/install/stereo_msgs/share/stereo_msgs/cmake/export_stereo_msgs__rosidl_typesupport_fastrtps_cExport.cmake
[1.100s] -- Up-to-date: /home/hiro/rust_ws/src/install/stereo_msgs/share/stereo_msgs/cmake/export_stereo_msgs__rosidl_typesupport_fastrtps_cExport-noconfig.cmake
[1.103s] -- Up-to-date: /home/hiro/rust_ws/src/install/stereo_msgs/share/stereo_msgs/cmake/stereo_msgs__rosidl_typesupport_introspection_cExport.cmake
[1.103s] -- Up-to-date: /home/hiro/rust_ws/src/install/stereo_msgs/share/stereo_msgs/cmake/stereo_msgs__rosidl_typesupport_introspection_cExport-noconfig.cmake
[1.104s] -- Up-to-date: /home/hiro/rust_ws/src/install/stereo_msgs/share/stereo_msgs/cmake/stereo_msgs__rosidl_typesupport_cExport.cmake
[1.104s] -- Up-to-date: /home/hiro/rust_ws/src/install/stereo_msgs/share/stereo_msgs/cmake/stereo_msgs__rosidl_typesupport_cExport-noconfig.cmake
[1.104s] -- Up-to-date: /home/hiro/rust_ws/src/install/stereo_msgs/share/stereo_msgs/cmake/export_stereo_msgs__rosidl_generator_cppExport.cmake
[1.104s] -- Up-to-date: /home/hiro/rust_ws/src/install/stereo_msgs/share/stereo_msgs/cmake/export_stereo_msgs__rosidl_typesupport_fastrtps_cppExport.cmake
[1.104s] -- Up-to-date: /home/hiro/rust_ws/src/install/stereo_msgs/share/stereo_msgs/cmake/export_stereo_msgs__rosidl_typesupport_fastrtps_cppExport-noconfig.cmake
[1.104s] -- Up-to-date: /home/hiro/rust_ws/src/install/stereo_msgs/share/stereo_msgs/cmake/stereo_msgs__rosidl_typesupport_introspection_cppExport.cmake
[1.105s] -- Up-to-date: /home/hiro/rust_ws/src/install/stereo_msgs/share/stereo_msgs/cmake/stereo_msgs__rosidl_typesupport_introspection_cppExport-noconfig.cmake
[1.105s] -- Up-to-date: /home/hiro/rust_ws/src/install/stereo_msgs/share/stereo_msgs/cmake/stereo_msgs__rosidl_typesupport_cppExport.cmake
[1.105s] -- Up-to-date: /home/hiro/rust_ws/src/install/stereo_msgs/share/stereo_msgs/cmake/stereo_msgs__rosidl_typesupport_cppExport-noconfig.cmake
[1.106s] -- Up-to-date: /home/hiro/rust_ws/src/install/stereo_msgs/share/stereo_msgs/cmake/export_stereo_msgs__rosidl_generator_pyExport.cmake
[1.106s] -- Up-to-date: /home/hiro/rust_ws/src/install/stereo_msgs/share/stereo_msgs/cmake/export_stereo_msgs__rosidl_generator_pyExport-noconfig.cmake
[1.106s] -- Up-to-date: /home/hiro/rust_ws/src/install/stereo_msgs/share/stereo_msgs/cmake/rosidl_cmake-extras.cmake
[1.106s] -- Up-to-date: /home/hiro/rust_ws/src/install/stereo_msgs/share/stereo_msgs/cmake/ament_cmake_export_dependencies-extras.cmake
[1.106s] -- Up-to-date: /home/hiro/rust_ws/src/install/stereo_msgs/share/stereo_msgs/cmake/ament_cmake_export_include_directories-extras.cmake
[1.107s] -- Up-to-date: /home/hiro/rust_ws/src/install/stereo_msgs/share/stereo_msgs/cmake/ament_cmake_export_libraries-extras.cmake
[1.107s] -- Up-to-date: /home/hiro/rust_ws/src/install/stereo_msgs/share/stereo_msgs/cmake/ament_cmake_export_targets-extras.cmake
[1.107s] -- Up-to-date: /home/hiro/rust_ws/src/install/stereo_msgs/share/stereo_msgs/cmake/rosidl_cmake_export_typesupport_targets-extras.cmake
[1.108s] -- Up-to-date: /home/hiro/rust_ws/src/install/stereo_msgs/share/stereo_msgs/cmake/rosidl_cmake_export_typesupport_libraries-extras.cmake
[1.108s] -- Up-to-date: /home/hiro/rust_ws/src/install/stereo_msgs/share/stereo_msgs/cmake/stereo_msgsConfig.cmake
[1.109s] -- Up-to-date: /home/hiro/rust_ws/src/install/stereo_msgs/share/stereo_msgs/cmake/stereo_msgsConfig-version.cmake
[1.109s] -- Up-to-date: /home/hiro/rust_ws/src/install/stereo_msgs/share/stereo_msgs/package.xml
[1.109s] Invoked command in '/home/hiro/rust_ws/src/build/stereo_msgs' returned '0': AMENT_PREFIX_PATH=/home/hiro/rust_ws/src/install/sensor_msgs:/home/hiro/rust_ws/src/install/geometry_msgs:/home/hiro/rust_ws/src/install/std_msgs:/home/hiro/rust_ws/src/install/builtin_interfaces:/home/hiro/rust_ws/src/install/rosidl_default_runtime:/home/hiro/rust_ws/src/install/rosidl_default_generators:/home/hiro/rust_ws/src/install/rosidl_generator_rs:/home/hiro/rust_ws/src/install/rosidl_runtime_rs:${AMENT_PREFIX_PATH} CMAKE_PREFIX_PATH=/home/hiro/rust_ws/src/install/sensor_msgs:/home/hiro/rust_ws/src/install/geometry_msgs:/home/hiro/rust_ws/src/install/std_msgs:/home/hiro/rust_ws/src/install/builtin_interfaces:/home/hiro/rust_ws/src/install/rosidl_default_runtime:/home/hiro/rust_ws/src/install/rosidl_default_generators:/home/hiro/rust_ws/src/install/rosidl_generator_rs:/home/hiro/ws_livox/install/livox_ros_driver2:/opt/ros/humble LD_LIBRARY_PATH=/home/hiro/rust_ws/src/install/sensor_msgs/lib:/home/hiro/rust_ws/src/install/geometry_msgs/lib:/home/hiro/rust_ws/src/install/std_msgs/lib:/home/hiro/rust_ws/src/install/builtin_interfaces/lib:${LD_LIBRARY_PATH} PYTHONPATH=/home/hiro/rust_ws/src/install/sensor_msgs/local/lib/python3.10/dist-packages:/home/hiro/rust_ws/src/install/geometry_msgs/local/lib/python3.10/dist-packages:/home/hiro/rust_ws/src/install/std_msgs/local/lib/python3.10/dist-packages:/home/hiro/rust_ws/src/install/builtin_interfaces/local/lib/python3.10/dist-packages:/home/hiro/rust_ws/src/install/rosidl_generator_rs/local/lib/python3.10/dist-packages:${PYTHONPATH} /usr/bin/cmake --install /home/hiro/rust_ws/src/build/stereo_msgs
