[0.126s] Invoking command in '/home/hiro/rust_ws/build/rclrs_example_msgs': AMENT_PREFIX_PATH=/home/hiro/rust_ws/install/rosidl_default_runtime:/home/hiro/rust_ws/install/rosidl_default_generators:/home/hiro/rust_ws/install/rosidl_generator_rs:/home/hiro/rust_ws/install/rosidl_runtime_rs:${AMENT_PREFIX_PATH} CMAKE_PREFIX_PATH=/home/hiro/rust_ws/install/rosidl_default_runtime:/home/hiro/rust_ws/install/rosidl_default_generators:/home/hiro/rust_ws/install/rosidl_generator_rs:/home/hiro/ws_livox/install/livox_ros_driver2:/opt/ros/humble PYTHONPATH=/home/hiro/rust_ws/install/rosidl_generator_rs/local/lib/python3.10/dist-packages:${PYTHONPATH} /usr/bin/cmake --build /home/hiro/rust_ws/build/rclrs_example_msgs -- -j22 -l22
[0.153s] [35m[1mConsolidate compiler generated dependencies of target rclrs_example_msgs__rosidl_generator_c[0m
[0.158s] [  2%] Built target rclrs_example_msgs__cpp
[0.160s] [  4%] Built target rclrs_example_msgs__rs
[0.165s] [ 14%] Built target rclrs_example_msgs__rosidl_generator_c
[0.167s] [35m[1mConsolidate compiler generated dependencies of target rclrs_example_msgs__rosidl_typesupport_fastrtps_cpp[0m
[0.168s] [ 14%] Built target ament_cmake_python_copy_rclrs_example_msgs
[0.169s] [35m[1mConsolidate compiler generated dependencies of target rclrs_example_msgs__rosidl_typesupport_introspection_cpp[0m
[0.173s] [35m[1mConsolidate compiler generated dependencies of target rclrs_example_msgs__rosidl_typesupport_cpp[0m
[0.183s] [ 25%] Built target rclrs_example_msgs__rosidl_typesupport_fastrtps_cpp
[0.187s] [ 35%] Built target rclrs_example_msgs__rosidl_typesupport_introspection_cpp
[0.191s] [ 45%] Built target rclrs_example_msgs__rosidl_typesupport_cpp
[0.197s] [35m[1mConsolidate compiler generated dependencies of target rclrs_example_msgs__rosidl_typesupport_introspection_c[0m
[0.198s] [35m[1mConsolidate compiler generated dependencies of target rclrs_example_msgs__rosidl_typesupport_c[0m
[0.199s] [35m[1mConsolidate compiler generated dependencies of target rclrs_example_msgs__rosidl_typesupport_fastrtps_c[0m
[0.208s] [ 56%] Built target rclrs_example_msgs__rosidl_typesupport_introspection_c
[0.211s] [ 66%] Built target rclrs_example_msgs__rosidl_typesupport_c
[0.212s] [ 77%] Built target rclrs_example_msgs__rosidl_typesupport_fastrtps_c
[0.227s] [ 77%] Built target rclrs_example_msgs
[0.243s] [ 79%] Built target rclrs_example_msgs__py
[0.252s] [35m[1mConsolidate compiler generated dependencies of target rclrs_example_msgs__rosidl_generator_py[0m
[0.265s] [ 87%] Built target rclrs_example_msgs__rosidl_generator_py
[0.273s] [35m[1mConsolidate compiler generated dependencies of target rclrs_example_msgs__rosidl_typesupport_c__pyext[0m
[0.273s] [35m[1mConsolidate compiler generated dependencies of target rclrs_example_msgs__rosidl_typesupport_introspection_c__pyext[0m
[0.275s] [35m[1mConsolidate compiler generated dependencies of target rclrs_example_msgs__rosidl_typesupport_fastrtps_c__pyext[0m
[0.282s] [ 91%] Built target rclrs_example_msgs__rosidl_typesupport_c__pyext
[0.284s] [ 95%] Built target rclrs_example_msgs__rosidl_typesupport_introspection_c__pyext
[0.286s] [100%] Built target rclrs_example_msgs__rosidl_typesupport_fastrtps_c__pyext
[0.488s] running egg_info
[0.501s] writing rclrs_example_msgs.egg-info/PKG-INFO
[0.501s] writing dependency_links to rclrs_example_msgs.egg-info/dependency_links.txt
[0.501s] writing top-level names to rclrs_example_msgs.egg-info/top_level.txt
[0.542s] reading manifest file 'rclrs_example_msgs.egg-info/SOURCES.txt'
[0.543s] writing manifest file 'rclrs_example_msgs.egg-info/SOURCES.txt'
[0.593s] [100%] Built target ament_cmake_python_build_rclrs_example_msgs_egg
[0.603s] Invoked command in '/home/hiro/rust_ws/build/rclrs_example_msgs' returned '0': AMENT_PREFIX_PATH=/home/hiro/rust_ws/install/rosidl_default_runtime:/home/hiro/rust_ws/install/rosidl_default_generators:/home/hiro/rust_ws/install/rosidl_generator_rs:/home/hiro/rust_ws/install/rosidl_runtime_rs:${AMENT_PREFIX_PATH} CMAKE_PREFIX_PATH=/home/hiro/rust_ws/install/rosidl_default_runtime:/home/hiro/rust_ws/install/rosidl_default_generators:/home/hiro/rust_ws/install/rosidl_generator_rs:/home/hiro/ws_livox/install/livox_ros_driver2:/opt/ros/humble PYTHONPATH=/home/hiro/rust_ws/install/rosidl_generator_rs/local/lib/python3.10/dist-packages:${PYTHONPATH} /usr/bin/cmake --build /home/hiro/rust_ws/build/rclrs_example_msgs -- -j22 -l22
[0.721s] Invoking command in '/home/hiro/rust_ws/build/rclrs_example_msgs': AMENT_PREFIX_PATH=/home/hiro/rust_ws/install/rosidl_default_runtime:/home/hiro/rust_ws/install/rosidl_default_generators:/home/hiro/rust_ws/install/rosidl_generator_rs:/home/hiro/rust_ws/install/rosidl_runtime_rs:${AMENT_PREFIX_PATH} CMAKE_PREFIX_PATH=/home/hiro/rust_ws/install/rosidl_default_runtime:/home/hiro/rust_ws/install/rosidl_default_generators:/home/hiro/rust_ws/install/rosidl_generator_rs:/home/hiro/ws_livox/install/livox_ros_driver2:/opt/ros/humble PYTHONPATH=/home/hiro/rust_ws/install/rosidl_generator_rs/local/lib/python3.10/dist-packages:${PYTHONPATH} /usr/bin/cmake --install /home/hiro/rust_ws/build/rclrs_example_msgs
[0.733s] -- Install configuration: ""
[0.733s] -- Up-to-date: /home/hiro/rust_ws/install/rclrs_example_msgs/share/ament_index/resource_index/rosidl_interfaces/rclrs_example_msgs
[0.733s] -- Up-to-date: /home/hiro/rust_ws/install/rclrs_example_msgs/include/rclrs_example_msgs/rclrs_example_msgs
[0.733s] -- Up-to-date: /home/hiro/rust_ws/install/rclrs_example_msgs/include/rclrs_example_msgs/rclrs_example_msgs/msg
[0.733s] -- Up-to-date: /home/hiro/rust_ws/install/rclrs_example_msgs/include/rclrs_example_msgs/rclrs_example_msgs/msg/my_message.h
[0.733s] -- Up-to-date: /home/hiro/rust_ws/install/rclrs_example_msgs/include/rclrs_example_msgs/rclrs_example_msgs/msg/nested_type.h
[0.733s] -- Up-to-date: /home/hiro/rust_ws/install/rclrs_example_msgs/include/rclrs_example_msgs/rclrs_example_msgs/msg/rosidl_generator_c__visibility_control.h
[0.733s] -- Up-to-date: /home/hiro/rust_ws/install/rclrs_example_msgs/include/rclrs_example_msgs/rclrs_example_msgs/msg/detail
[0.734s] -- Up-to-date: /home/hiro/rust_ws/install/rclrs_example_msgs/include/rclrs_example_msgs/rclrs_example_msgs/msg/detail/my_message__functions.c
[0.734s] -- Up-to-date: /home/hiro/rust_ws/install/rclrs_example_msgs/include/rclrs_example_msgs/rclrs_example_msgs/msg/detail/my_message__type_support.h
[0.734s] -- Up-to-date: /home/hiro/rust_ws/install/rclrs_example_msgs/include/rclrs_example_msgs/rclrs_example_msgs/msg/detail/nested_type__functions.c
[0.734s] -- Up-to-date: /home/hiro/rust_ws/install/rclrs_example_msgs/include/rclrs_example_msgs/rclrs_example_msgs/msg/detail/nested_type__type_support.h
[0.735s] -- Up-to-date: /home/hiro/rust_ws/install/rclrs_example_msgs/include/rclrs_example_msgs/rclrs_example_msgs/msg/detail/my_message__struct.h
[0.735s] -- Up-to-date: /home/hiro/rust_ws/install/rclrs_example_msgs/include/rclrs_example_msgs/rclrs_example_msgs/msg/detail/various_types__struct.h
[0.735s] -- Up-to-date: /home/hiro/rust_ws/install/rclrs_example_msgs/include/rclrs_example_msgs/rclrs_example_msgs/msg/detail/various_types__functions.h
[0.736s] -- Up-to-date: /home/hiro/rust_ws/install/rclrs_example_msgs/include/rclrs_example_msgs/rclrs_example_msgs/msg/detail/various_types__functions.c
[0.736s] -- Up-to-date: /home/hiro/rust_ws/install/rclrs_example_msgs/include/rclrs_example_msgs/rclrs_example_msgs/msg/detail/nested_type__struct.h
[0.736s] -- Up-to-date: /home/hiro/rust_ws/install/rclrs_example_msgs/include/rclrs_example_msgs/rclrs_example_msgs/msg/detail/nested_type__functions.h
[0.736s] -- Up-to-date: /home/hiro/rust_ws/install/rclrs_example_msgs/include/rclrs_example_msgs/rclrs_example_msgs/msg/detail/my_message__functions.h
[0.737s] -- Up-to-date: /home/hiro/rust_ws/install/rclrs_example_msgs/include/rclrs_example_msgs/rclrs_example_msgs/msg/detail/various_types__type_support.h
[0.737s] -- Up-to-date: /home/hiro/rust_ws/install/rclrs_example_msgs/include/rclrs_example_msgs/rclrs_example_msgs/msg/various_types.h
[0.737s] -- Up-to-date: /home/hiro/rust_ws/install/rclrs_example_msgs/share/rclrs_example_msgs/environment/library_path.sh
[0.738s] -- Up-to-date: /home/hiro/rust_ws/install/rclrs_example_msgs/share/rclrs_example_msgs/environment/library_path.dsv
[0.739s] -- Up-to-date: /home/hiro/rust_ws/install/rclrs_example_msgs/lib/librclrs_example_msgs__rosidl_generator_c.so
[0.739s] -- Up-to-date: /home/hiro/rust_ws/install/rclrs_example_msgs/include/rclrs_example_msgs/rclrs_example_msgs
[0.739s] -- Up-to-date: /home/hiro/rust_ws/install/rclrs_example_msgs/include/rclrs_example_msgs/rclrs_example_msgs/msg
[0.739s] -- Up-to-date: /home/hiro/rust_ws/install/rclrs_example_msgs/include/rclrs_example_msgs/rclrs_example_msgs/msg/detail
[0.739s] -- Up-to-date: /home/hiro/rust_ws/install/rclrs_example_msgs/include/rclrs_example_msgs/rclrs_example_msgs/msg/detail/nested_type__rosidl_typesupport_fastrtps_c.h
[0.741s] -- Up-to-date: /home/hiro/rust_ws/install/rclrs_example_msgs/include/rclrs_example_msgs/rclrs_example_msgs/msg/detail/various_types__rosidl_typesupport_fastrtps_c.h
[0.743s] -- Up-to-date: /home/hiro/rust_ws/install/rclrs_example_msgs/include/rclrs_example_msgs/rclrs_example_msgs/msg/detail/my_message__rosidl_typesupport_fastrtps_c.h
[0.744s] -- Up-to-date: /home/hiro/rust_ws/install/rclrs_example_msgs/include/rclrs_example_msgs/rclrs_example_msgs/msg/rosidl_typesupport_fastrtps_c__visibility_control.h
[0.744s] -- Up-to-date: /home/hiro/rust_ws/install/rclrs_example_msgs/lib/librclrs_example_msgs__rosidl_typesupport_fastrtps_c.so
[0.744s] -- Up-to-date: /home/hiro/rust_ws/install/rclrs_example_msgs/include/rclrs_example_msgs/rclrs_example_msgs
[0.744s] -- Up-to-date: /home/hiro/rust_ws/install/rclrs_example_msgs/include/rclrs_example_msgs/rclrs_example_msgs/msg
[0.744s] -- Up-to-date: /home/hiro/rust_ws/install/rclrs_example_msgs/include/rclrs_example_msgs/rclrs_example_msgs/msg/rosidl_typesupport_introspection_c__visibility_control.h
[0.744s] -- Up-to-date: /home/hiro/rust_ws/install/rclrs_example_msgs/include/rclrs_example_msgs/rclrs_example_msgs/msg/detail
[0.744s] -- Up-to-date: /home/hiro/rust_ws/install/rclrs_example_msgs/include/rclrs_example_msgs/rclrs_example_msgs/msg/detail/my_message__rosidl_typesupport_introspection_c.h
[0.744s] -- Up-to-date: /home/hiro/rust_ws/install/rclrs_example_msgs/include/rclrs_example_msgs/rclrs_example_msgs/msg/detail/various_types__rosidl_typesupport_introspection_c.h
[0.744s] -- Up-to-date: /home/hiro/rust_ws/install/rclrs_example_msgs/include/rclrs_example_msgs/rclrs_example_msgs/msg/detail/my_message__type_support.c
[0.744s] -- Up-to-date: /home/hiro/rust_ws/install/rclrs_example_msgs/include/rclrs_example_msgs/rclrs_example_msgs/msg/detail/various_types__type_support.c
[0.745s] -- Up-to-date: /home/hiro/rust_ws/install/rclrs_example_msgs/include/rclrs_example_msgs/rclrs_example_msgs/msg/detail/nested_type__type_support.c
[0.745s] -- Up-to-date: /home/hiro/rust_ws/install/rclrs_example_msgs/include/rclrs_example_msgs/rclrs_example_msgs/msg/detail/nested_type__rosidl_typesupport_introspection_c.h
[0.745s] -- Up-to-date: /home/hiro/rust_ws/install/rclrs_example_msgs/lib/librclrs_example_msgs__rosidl_typesupport_introspection_c.so
[0.745s] -- Up-to-date: /home/hiro/rust_ws/install/rclrs_example_msgs/lib/librclrs_example_msgs__rosidl_typesupport_c.so
[0.746s] -- Up-to-date: /home/hiro/rust_ws/install/rclrs_example_msgs/include/rclrs_example_msgs/rclrs_example_msgs
[0.746s] -- Up-to-date: /home/hiro/rust_ws/install/rclrs_example_msgs/include/rclrs_example_msgs/rclrs_example_msgs/msg
[0.746s] -- Up-to-date: /home/hiro/rust_ws/install/rclrs_example_msgs/include/rclrs_example_msgs/rclrs_example_msgs/msg/nested_type.hpp
[0.746s] -- Up-to-date: /home/hiro/rust_ws/install/rclrs_example_msgs/include/rclrs_example_msgs/rclrs_example_msgs/msg/detail
[0.746s] -- Up-to-date: /home/hiro/rust_ws/install/rclrs_example_msgs/include/rclrs_example_msgs/rclrs_example_msgs/msg/detail/my_message__struct.hpp
[0.746s] -- Up-to-date: /home/hiro/rust_ws/install/rclrs_example_msgs/include/rclrs_example_msgs/rclrs_example_msgs/msg/detail/various_types__struct.hpp
[0.746s] -- Up-to-date: /home/hiro/rust_ws/install/rclrs_example_msgs/include/rclrs_example_msgs/rclrs_example_msgs/msg/detail/nested_type__builder.hpp
[0.746s] -- Up-to-date: /home/hiro/rust_ws/install/rclrs_example_msgs/include/rclrs_example_msgs/rclrs_example_msgs/msg/detail/various_types__builder.hpp
[0.746s] -- Up-to-date: /home/hiro/rust_ws/install/rclrs_example_msgs/include/rclrs_example_msgs/rclrs_example_msgs/msg/detail/nested_type__struct.hpp
[0.746s] -- Up-to-date: /home/hiro/rust_ws/install/rclrs_example_msgs/include/rclrs_example_msgs/rclrs_example_msgs/msg/detail/various_types__traits.hpp
[0.746s] -- Up-to-date: /home/hiro/rust_ws/install/rclrs_example_msgs/include/rclrs_example_msgs/rclrs_example_msgs/msg/detail/nested_type__traits.hpp
[0.746s] -- Up-to-date: /home/hiro/rust_ws/install/rclrs_example_msgs/include/rclrs_example_msgs/rclrs_example_msgs/msg/detail/my_message__builder.hpp
[0.747s] -- Up-to-date: /home/hiro/rust_ws/install/rclrs_example_msgs/include/rclrs_example_msgs/rclrs_example_msgs/msg/detail/my_message__traits.hpp
[0.747s] -- Up-to-date: /home/hiro/rust_ws/install/rclrs_example_msgs/include/rclrs_example_msgs/rclrs_example_msgs/msg/various_types.hpp
[0.747s] -- Up-to-date: /home/hiro/rust_ws/install/rclrs_example_msgs/include/rclrs_example_msgs/rclrs_example_msgs/msg/my_message.hpp
[0.747s] -- Up-to-date: /home/hiro/rust_ws/install/rclrs_example_msgs/include/rclrs_example_msgs/rclrs_example_msgs
[0.747s] -- Up-to-date: /home/hiro/rust_ws/install/rclrs_example_msgs/include/rclrs_example_msgs/rclrs_example_msgs/msg
[0.748s] -- Up-to-date: /home/hiro/rust_ws/install/rclrs_example_msgs/include/rclrs_example_msgs/rclrs_example_msgs/msg/rosidl_typesupport_fastrtps_cpp__visibility_control.h
[0.748s] -- Up-to-date: /home/hiro/rust_ws/install/rclrs_example_msgs/include/rclrs_example_msgs/rclrs_example_msgs/msg/detail
[0.748s] -- Up-to-date: /home/hiro/rust_ws/install/rclrs_example_msgs/include/rclrs_example_msgs/rclrs_example_msgs/msg/detail/dds_fastrtps
[0.748s] -- Up-to-date: /home/hiro/rust_ws/install/rclrs_example_msgs/include/rclrs_example_msgs/rclrs_example_msgs/msg/detail/my_message__rosidl_typesupport_fastrtps_cpp.hpp
[0.749s] -- Up-to-date: /home/hiro/rust_ws/install/rclrs_example_msgs/include/rclrs_example_msgs/rclrs_example_msgs/msg/detail/various_types__rosidl_typesupport_fastrtps_cpp.hpp
[0.749s] -- Up-to-date: /home/hiro/rust_ws/install/rclrs_example_msgs/include/rclrs_example_msgs/rclrs_example_msgs/msg/detail/nested_type__rosidl_typesupport_fastrtps_cpp.hpp
[0.749s] -- Up-to-date: /home/hiro/rust_ws/install/rclrs_example_msgs/lib/librclrs_example_msgs__rosidl_typesupport_fastrtps_cpp.so
[0.749s] -- Up-to-date: /home/hiro/rust_ws/install/rclrs_example_msgs/include/rclrs_example_msgs/rclrs_example_msgs
[0.749s] -- Up-to-date: /home/hiro/rust_ws/install/rclrs_example_msgs/include/rclrs_example_msgs/rclrs_example_msgs/msg
[0.749s] -- Up-to-date: /home/hiro/rust_ws/install/rclrs_example_msgs/include/rclrs_example_msgs/rclrs_example_msgs/msg/detail
[0.749s] -- Up-to-date: /home/hiro/rust_ws/install/rclrs_example_msgs/include/rclrs_example_msgs/rclrs_example_msgs/msg/detail/nested_type__rosidl_typesupport_introspection_cpp.hpp
[0.749s] -- Up-to-date: /home/hiro/rust_ws/install/rclrs_example_msgs/include/rclrs_example_msgs/rclrs_example_msgs/msg/detail/my_message__type_support.cpp
[0.749s] -- Up-to-date: /home/hiro/rust_ws/install/rclrs_example_msgs/include/rclrs_example_msgs/rclrs_example_msgs/msg/detail/various_types__rosidl_typesupport_introspection_cpp.hpp
[0.750s] -- Up-to-date: /home/hiro/rust_ws/install/rclrs_example_msgs/include/rclrs_example_msgs/rclrs_example_msgs/msg/detail/various_types__type_support.cpp
[0.750s] -- Up-to-date: /home/hiro/rust_ws/install/rclrs_example_msgs/include/rclrs_example_msgs/rclrs_example_msgs/msg/detail/my_message__rosidl_typesupport_introspection_cpp.hpp
[0.750s] -- Up-to-date: /home/hiro/rust_ws/install/rclrs_example_msgs/include/rclrs_example_msgs/rclrs_example_msgs/msg/detail/nested_type__type_support.cpp
[0.750s] -- Up-to-date: /home/hiro/rust_ws/install/rclrs_example_msgs/lib/librclrs_example_msgs__rosidl_typesupport_introspection_cpp.so
[0.751s] -- Up-to-date: /home/hiro/rust_ws/install/rclrs_example_msgs/lib/librclrs_example_msgs__rosidl_typesupport_cpp.so
[0.751s] -- Up-to-date: /home/hiro/rust_ws/install/rclrs_example_msgs/share/ament_index/resource_index/rust_packages/rclrs_example_msgs
[0.752s] -- Up-to-date: /home/hiro/rust_ws/install/rclrs_example_msgs/share/rclrs_example_msgs/rust
[0.752s] -- Up-to-date: /home/hiro/rust_ws/install/rclrs_example_msgs/share/rclrs_example_msgs/rust/Cargo.toml
[0.753s] -- Up-to-date: /home/hiro/rust_ws/install/rclrs_example_msgs/share/rclrs_example_msgs/rust/build.rs
[0.753s] -- Up-to-date: /home/hiro/rust_ws/install/rclrs_example_msgs/share/rclrs_example_msgs/rust/src
[0.753s] -- Up-to-date: /home/hiro/rust_ws/install/rclrs_example_msgs/share/rclrs_example_msgs/rust/src/msg.rs
[0.753s] -- Up-to-date: /home/hiro/rust_ws/install/rclrs_example_msgs/share/rclrs_example_msgs/rust/src/lib.rs
[0.753s] -- Up-to-date: /home/hiro/rust_ws/install/rclrs_example_msgs/share/rclrs_example_msgs/environment/pythonpath.sh
[0.753s] -- Up-to-date: /home/hiro/rust_ws/install/rclrs_example_msgs/share/rclrs_example_msgs/environment/pythonpath.dsv
[0.753s] -- Up-to-date: /home/hiro/rust_ws/install/rclrs_example_msgs/local/lib/python3.10/dist-packages/rclrs_example_msgs-0.4.1-py3.10.egg-info
[0.753s] -- Installing: /home/hiro/rust_ws/install/rclrs_example_msgs/local/lib/python3.10/dist-packages/rclrs_example_msgs-0.4.1-py3.10.egg-info/top_level.txt
[0.753s] -- Installing: /home/hiro/rust_ws/install/rclrs_example_msgs/local/lib/python3.10/dist-packages/rclrs_example_msgs-0.4.1-py3.10.egg-info/PKG-INFO
[0.753s] -- Installing: /home/hiro/rust_ws/install/rclrs_example_msgs/local/lib/python3.10/dist-packages/rclrs_example_msgs-0.4.1-py3.10.egg-info/SOURCES.txt
[0.754s] -- Installing: /home/hiro/rust_ws/install/rclrs_example_msgs/local/lib/python3.10/dist-packages/rclrs_example_msgs-0.4.1-py3.10.egg-info/dependency_links.txt
[0.754s] -- Up-to-date: /home/hiro/rust_ws/install/rclrs_example_msgs/local/lib/python3.10/dist-packages/rclrs_example_msgs
[0.754s] -- Up-to-date: /home/hiro/rust_ws/install/rclrs_example_msgs/local/lib/python3.10/dist-packages/rclrs_example_msgs/librclrs_example_msgs__rosidl_generator_py.so
[0.755s] -- Up-to-date: /home/hiro/rust_ws/install/rclrs_example_msgs/local/lib/python3.10/dist-packages/rclrs_example_msgs/rclrs_example_msgs_s__rosidl_typesupport_c.cpython-310-x86_64-linux-gnu.so
[0.755s] -- Up-to-date: /home/hiro/rust_ws/install/rclrs_example_msgs/local/lib/python3.10/dist-packages/rclrs_example_msgs/rclrs_example_msgs_s__rosidl_typesupport_fastrtps_c.cpython-310-x86_64-linux-gnu.so
[0.755s] -- Up-to-date: /home/hiro/rust_ws/install/rclrs_example_msgs/local/lib/python3.10/dist-packages/rclrs_example_msgs/rclrs_example_msgs_s__rosidl_typesupport_introspection_c.cpython-310-x86_64-linux-gnu.so
[0.755s] -- Up-to-date: /home/hiro/rust_ws/install/rclrs_example_msgs/local/lib/python3.10/dist-packages/rclrs_example_msgs/_rclrs_example_msgs_s.ep.rosidl_typesupport_fastrtps_c.c
[0.757s] -- Up-to-date: /home/hiro/rust_ws/install/rclrs_example_msgs/local/lib/python3.10/dist-packages/rclrs_example_msgs/__init__.py
[0.757s] -- Up-to-date: /home/hiro/rust_ws/install/rclrs_example_msgs/local/lib/python3.10/dist-packages/rclrs_example_msgs/msg
[0.758s] -- Up-to-date: /home/hiro/rust_ws/install/rclrs_example_msgs/local/lib/python3.10/dist-packages/rclrs_example_msgs/msg/_nested_type.py
[0.758s] -- Up-to-date: /home/hiro/rust_ws/install/rclrs_example_msgs/local/lib/python3.10/dist-packages/rclrs_example_msgs/msg/_various_types_s.c
[0.758s] -- Up-to-date: /home/hiro/rust_ws/install/rclrs_example_msgs/local/lib/python3.10/dist-packages/rclrs_example_msgs/msg/_nested_type_s.c
[0.759s] -- Up-to-date: /home/hiro/rust_ws/install/rclrs_example_msgs/local/lib/python3.10/dist-packages/rclrs_example_msgs/msg/_various_types.py
[0.759s] -- Up-to-date: /home/hiro/rust_ws/install/rclrs_example_msgs/local/lib/python3.10/dist-packages/rclrs_example_msgs/msg/_my_message.py
[0.759s] -- Up-to-date: /home/hiro/rust_ws/install/rclrs_example_msgs/local/lib/python3.10/dist-packages/rclrs_example_msgs/msg/_my_message_s.c
[0.760s] -- Up-to-date: /home/hiro/rust_ws/install/rclrs_example_msgs/local/lib/python3.10/dist-packages/rclrs_example_msgs/msg/__init__.py
[0.760s] -- Up-to-date: /home/hiro/rust_ws/install/rclrs_example_msgs/local/lib/python3.10/dist-packages/rclrs_example_msgs/_rclrs_example_msgs_s.ep.rosidl_typesupport_introspection_c.c
[0.760s] -- Up-to-date: /home/hiro/rust_ws/install/rclrs_example_msgs/local/lib/python3.10/dist-packages/rclrs_example_msgs/_rclrs_example_msgs_s.ep.rosidl_typesupport_c.c
[0.794s] Listing '/home/hiro/rust_ws/install/rclrs_example_msgs/local/lib/python3.10/dist-packages/rclrs_example_msgs'...
[0.794s] Listing '/home/hiro/rust_ws/install/rclrs_example_msgs/local/lib/python3.10/dist-packages/rclrs_example_msgs/msg'...
[0.794s] -- Up-to-date: /home/hiro/rust_ws/install/rclrs_example_msgs/local/lib/python3.10/dist-packages/rclrs_example_msgs/rclrs_example_msgs_s__rosidl_typesupport_fastrtps_c.cpython-310-x86_64-linux-gnu.so
[0.794s] -- Up-to-date: /home/hiro/rust_ws/install/rclrs_example_msgs/local/lib/python3.10/dist-packages/rclrs_example_msgs/rclrs_example_msgs_s__rosidl_typesupport_introspection_c.cpython-310-x86_64-linux-gnu.so
[0.795s] -- Up-to-date: /home/hiro/rust_ws/install/rclrs_example_msgs/local/lib/python3.10/dist-packages/rclrs_example_msgs/rclrs_example_msgs_s__rosidl_typesupport_c.cpython-310-x86_64-linux-gnu.so
[0.795s] -- Up-to-date: /home/hiro/rust_ws/install/rclrs_example_msgs/lib/librclrs_example_msgs__rosidl_generator_py.so
[0.795s] -- Up-to-date: /home/hiro/rust_ws/install/rclrs_example_msgs/share/rclrs_example_msgs/msg/MyMessage.idl
[0.795s] -- Up-to-date: /home/hiro/rust_ws/install/rclrs_example_msgs/share/rclrs_example_msgs/msg/NestedType.idl
[0.795s] -- Up-to-date: /home/hiro/rust_ws/install/rclrs_example_msgs/share/rclrs_example_msgs/msg/VariousTypes.idl
[0.795s] -- Up-to-date: /home/hiro/rust_ws/install/rclrs_example_msgs/share/rclrs_example_msgs/msg/NestedType.msg
[0.795s] -- Up-to-date: /home/hiro/rust_ws/install/rclrs_example_msgs/share/rclrs_example_msgs/msg/VariousTypes.msg
[0.795s] -- Up-to-date: /home/hiro/rust_ws/install/rclrs_example_msgs/share/ament_index/resource_index/package_run_dependencies/rclrs_example_msgs
[0.796s] -- Up-to-date: /home/hiro/rust_ws/install/rclrs_example_msgs/share/ament_index/resource_index/parent_prefix_path/rclrs_example_msgs
[0.796s] -- Up-to-date: /home/hiro/rust_ws/install/rclrs_example_msgs/share/rclrs_example_msgs/environment/ament_prefix_path.sh
[0.796s] -- Up-to-date: /home/hiro/rust_ws/install/rclrs_example_msgs/share/rclrs_example_msgs/environment/ament_prefix_path.dsv
[0.796s] -- Up-to-date: /home/hiro/rust_ws/install/rclrs_example_msgs/share/rclrs_example_msgs/environment/path.sh
[0.796s] -- Up-to-date: /home/hiro/rust_ws/install/rclrs_example_msgs/share/rclrs_example_msgs/environment/path.dsv
[0.796s] -- Up-to-date: /home/hiro/rust_ws/install/rclrs_example_msgs/share/rclrs_example_msgs/local_setup.bash
[0.796s] -- Up-to-date: /home/hiro/rust_ws/install/rclrs_example_msgs/share/rclrs_example_msgs/local_setup.sh
[0.796s] -- Up-to-date: /home/hiro/rust_ws/install/rclrs_example_msgs/share/rclrs_example_msgs/local_setup.zsh
[0.796s] -- Up-to-date: /home/hiro/rust_ws/install/rclrs_example_msgs/share/rclrs_example_msgs/local_setup.dsv
[0.796s] -- Installing: /home/hiro/rust_ws/install/rclrs_example_msgs/share/rclrs_example_msgs/package.dsv
[0.796s] -- Up-to-date: /home/hiro/rust_ws/install/rclrs_example_msgs/share/ament_index/resource_index/packages/rclrs_example_msgs
[0.797s] -- Up-to-date: /home/hiro/rust_ws/install/rclrs_example_msgs/share/rclrs_example_msgs/cmake/export_rclrs_example_msgs__rosidl_generator_cExport.cmake
[0.797s] -- Up-to-date: /home/hiro/rust_ws/install/rclrs_example_msgs/share/rclrs_example_msgs/cmake/export_rclrs_example_msgs__rosidl_generator_cExport-noconfig.cmake
[0.797s] -- Up-to-date: /home/hiro/rust_ws/install/rclrs_example_msgs/share/rclrs_example_msgs/cmake/export_rclrs_example_msgs__rosidl_typesupport_fastrtps_cExport.cmake
[0.797s] -- Up-to-date: /home/hiro/rust_ws/install/rclrs_example_msgs/share/rclrs_example_msgs/cmake/export_rclrs_example_msgs__rosidl_typesupport_fastrtps_cExport-noconfig.cmake
[0.797s] -- Up-to-date: /home/hiro/rust_ws/install/rclrs_example_msgs/share/rclrs_example_msgs/cmake/rclrs_example_msgs__rosidl_typesupport_introspection_cExport.cmake
[0.797s] -- Up-to-date: /home/hiro/rust_ws/install/rclrs_example_msgs/share/rclrs_example_msgs/cmake/rclrs_example_msgs__rosidl_typesupport_introspection_cExport-noconfig.cmake
[0.797s] -- Up-to-date: /home/hiro/rust_ws/install/rclrs_example_msgs/share/rclrs_example_msgs/cmake/rclrs_example_msgs__rosidl_typesupport_cExport.cmake
[0.797s] -- Up-to-date: /home/hiro/rust_ws/install/rclrs_example_msgs/share/rclrs_example_msgs/cmake/rclrs_example_msgs__rosidl_typesupport_cExport-noconfig.cmake
[0.797s] -- Up-to-date: /home/hiro/rust_ws/install/rclrs_example_msgs/share/rclrs_example_msgs/cmake/export_rclrs_example_msgs__rosidl_generator_cppExport.cmake
[0.797s] -- Up-to-date: /home/hiro/rust_ws/install/rclrs_example_msgs/share/rclrs_example_msgs/cmake/export_rclrs_example_msgs__rosidl_typesupport_fastrtps_cppExport.cmake
[0.798s] -- Up-to-date: /home/hiro/rust_ws/install/rclrs_example_msgs/share/rclrs_example_msgs/cmake/export_rclrs_example_msgs__rosidl_typesupport_fastrtps_cppExport-noconfig.cmake
[0.798s] -- Up-to-date: /home/hiro/rust_ws/install/rclrs_example_msgs/share/rclrs_example_msgs/cmake/rclrs_example_msgs__rosidl_typesupport_introspection_cppExport.cmake
[0.798s] -- Up-to-date: /home/hiro/rust_ws/install/rclrs_example_msgs/share/rclrs_example_msgs/cmake/rclrs_example_msgs__rosidl_typesupport_introspection_cppExport-noconfig.cmake
[0.798s] -- Up-to-date: /home/hiro/rust_ws/install/rclrs_example_msgs/share/rclrs_example_msgs/cmake/rclrs_example_msgs__rosidl_typesupport_cppExport.cmake
[0.798s] -- Up-to-date: /home/hiro/rust_ws/install/rclrs_example_msgs/share/rclrs_example_msgs/cmake/rclrs_example_msgs__rosidl_typesupport_cppExport-noconfig.cmake
[0.798s] -- Up-to-date: /home/hiro/rust_ws/install/rclrs_example_msgs/share/rclrs_example_msgs/cmake/export_rclrs_example_msgs__rosidl_generator_pyExport.cmake
[0.798s] -- Up-to-date: /home/hiro/rust_ws/install/rclrs_example_msgs/share/rclrs_example_msgs/cmake/export_rclrs_example_msgs__rosidl_generator_pyExport-noconfig.cmake
[0.798s] -- Up-to-date: /home/hiro/rust_ws/install/rclrs_example_msgs/share/rclrs_example_msgs/cmake/rosidl_cmake-extras.cmake
[0.798s] -- Up-to-date: /home/hiro/rust_ws/install/rclrs_example_msgs/share/rclrs_example_msgs/cmake/ament_cmake_export_include_directories-extras.cmake
[0.798s] -- Up-to-date: /home/hiro/rust_ws/install/rclrs_example_msgs/share/rclrs_example_msgs/cmake/ament_cmake_export_libraries-extras.cmake
[0.798s] -- Up-to-date: /home/hiro/rust_ws/install/rclrs_example_msgs/share/rclrs_example_msgs/cmake/ament_cmake_export_targets-extras.cmake
[0.799s] -- Up-to-date: /home/hiro/rust_ws/install/rclrs_example_msgs/share/rclrs_example_msgs/cmake/rosidl_cmake_export_typesupport_targets-extras.cmake
[0.799s] -- Up-to-date: /home/hiro/rust_ws/install/rclrs_example_msgs/share/rclrs_example_msgs/cmake/ament_cmake_export_dependencies-extras.cmake
[0.799s] -- Up-to-date: /home/hiro/rust_ws/install/rclrs_example_msgs/share/rclrs_example_msgs/cmake/rosidl_cmake_export_typesupport_libraries-extras.cmake
[0.799s] -- Up-to-date: /home/hiro/rust_ws/install/rclrs_example_msgs/share/rclrs_example_msgs/cmake/rclrs_example_msgsConfig.cmake
[0.799s] -- Up-to-date: /home/hiro/rust_ws/install/rclrs_example_msgs/share/rclrs_example_msgs/cmake/rclrs_example_msgsConfig-version.cmake
[0.799s] -- Up-to-date: /home/hiro/rust_ws/install/rclrs_example_msgs/share/rclrs_example_msgs/package.xml
[0.843s] Invoked command in '/home/hiro/rust_ws/build/rclrs_example_msgs' returned '0': AMENT_PREFIX_PATH=/home/hiro/rust_ws/install/rosidl_default_runtime:/home/hiro/rust_ws/install/rosidl_default_generators:/home/hiro/rust_ws/install/rosidl_generator_rs:/home/hiro/rust_ws/install/rosidl_runtime_rs:${AMENT_PREFIX_PATH} CMAKE_PREFIX_PATH=/home/hiro/rust_ws/install/rosidl_default_runtime:/home/hiro/rust_ws/install/rosidl_default_generators:/home/hiro/rust_ws/install/rosidl_generator_rs:/home/hiro/ws_livox/install/livox_ros_driver2:/opt/ros/humble PYTHONPATH=/home/hiro/rust_ws/install/rosidl_generator_rs/local/lib/python3.10/dist-packages:${PYTHONPATH} /usr/bin/cmake --install /home/hiro/rust_ws/build/rclrs_example_msgs
