[0.219s] Invoking command in '/home/hiro/rust_ws/src/build/std_msgs': AMENT_PREFIX_PATH=/home/hiro/rust_ws/src/install/builtin_interfaces:/home/hiro/rust_ws/src/install/rosidl_default_runtime:/home/hiro/rust_ws/src/install/rosidl_default_generators:/home/hiro/rust_ws/src/install/rosidl_generator_rs:/home/hiro/rust_ws/src/install/rosidl_runtime_rs:${AMENT_PREFIX_PATH} CMAKE_PREFIX_PATH=/home/hiro/rust_ws/src/install/builtin_interfaces:/home/hiro/rust_ws/src/install/rosidl_default_runtime:/home/hiro/rust_ws/src/install/rosidl_default_generators:/home/hiro/rust_ws/src/install/rosidl_generator_rs:/home/hiro/ws_livox/install/livox_ros_driver2:/opt/ros/humble LD_LIBRARY_PATH=/home/hiro/rust_ws/src/install/builtin_interfaces/lib:${LD_LIBRARY_PATH} PYTHONPATH=/home/hiro/rust_ws/src/install/builtin_interfaces/local/lib/python3.10/dist-packages:/home/hiro/rust_ws/src/install/rosidl_generator_rs/local/lib/python3.10/dist-packages:${PYTHONPATH} /usr/bin/cmake --build /home/hiro/rust_ws/src/build/std_msgs -- -j22 -l22
[0.275s] [  0%] Built target std_msgs__cpp
[0.276s] [  1%] Built target std_msgs__rs
[0.291s] [ 13%] Built target std_msgs__rosidl_generator_c
[0.297s] [ 13%] Built target ament_cmake_python_copy_std_msgs
[0.328s] [ 25%] Built target std_msgs__rosidl_typesupport_fastrtps_cpp
[0.329s] [ 37%] Built target std_msgs__rosidl_typesupport_cpp
[0.332s] [ 49%] Built target std_msgs__rosidl_typesupport_introspection_cpp
[0.338s] [ 61%] Built target std_msgs__rosidl_typesupport_c
[0.347s] [ 73%] Built target std_msgs__rosidl_typesupport_introspection_c
[0.362s] [ 85%] Built target std_msgs__rosidl_typesupport_fastrtps_c
[0.387s] [ 85%] Built target std_msgs
[0.418s] [ 85%] Built target std_msgs__py
[0.461s] [ 97%] Built target std_msgs__rosidl_generator_py
[0.490s] [ 98%] Built target std_msgs__rosidl_typesupport_fastrtps_c__pyext
[0.491s] [ 99%] Built target std_msgs__rosidl_typesupport_introspection_c__pyext
[0.492s] [100%] Built target std_msgs__rosidl_typesupport_c__pyext
[0.733s] running egg_info
[0.746s] writing std_msgs.egg-info/PKG-INFO
[0.746s] writing dependency_links to std_msgs.egg-info/dependency_links.txt
[0.747s] writing top-level names to std_msgs.egg-info/top_level.txt
[0.798s] reading manifest file 'std_msgs.egg-info/SOURCES.txt'
[0.800s] writing manifest file 'std_msgs.egg-info/SOURCES.txt'
[0.846s] [100%] Built target ament_cmake_python_build_std_msgs_egg
[0.861s] Invoked command in '/home/hiro/rust_ws/src/build/std_msgs' returned '0': AMENT_PREFIX_PATH=/home/hiro/rust_ws/src/install/builtin_interfaces:/home/hiro/rust_ws/src/install/rosidl_default_runtime:/home/hiro/rust_ws/src/install/rosidl_default_generators:/home/hiro/rust_ws/src/install/rosidl_generator_rs:/home/hiro/rust_ws/src/install/rosidl_runtime_rs:${AMENT_PREFIX_PATH} CMAKE_PREFIX_PATH=/home/hiro/rust_ws/src/install/builtin_interfaces:/home/hiro/rust_ws/src/install/rosidl_default_runtime:/home/hiro/rust_ws/src/install/rosidl_default_generators:/home/hiro/rust_ws/src/install/rosidl_generator_rs:/home/hiro/ws_livox/install/livox_ros_driver2:/opt/ros/humble LD_LIBRARY_PATH=/home/hiro/rust_ws/src/install/builtin_interfaces/lib:${LD_LIBRARY_PATH} PYTHONPATH=/home/hiro/rust_ws/src/install/builtin_interfaces/local/lib/python3.10/dist-packages:/home/hiro/rust_ws/src/install/rosidl_generator_rs/local/lib/python3.10/dist-packages:${PYTHONPATH} /usr/bin/cmake --build /home/hiro/rust_ws/src/build/std_msgs -- -j22 -l22
[1.389s] Invoking command in '/home/hiro/rust_ws/src/build/std_msgs': AMENT_PREFIX_PATH=/home/hiro/rust_ws/src/install/builtin_interfaces:/home/hiro/rust_ws/src/install/rosidl_default_runtime:/home/hiro/rust_ws/src/install/rosidl_default_generators:/home/hiro/rust_ws/src/install/rosidl_generator_rs:/home/hiro/rust_ws/src/install/rosidl_runtime_rs:${AMENT_PREFIX_PATH} CMAKE_PREFIX_PATH=/home/hiro/rust_ws/src/install/builtin_interfaces:/home/hiro/rust_ws/src/install/rosidl_default_runtime:/home/hiro/rust_ws/src/install/rosidl_default_generators:/home/hiro/rust_ws/src/install/rosidl_generator_rs:/home/hiro/ws_livox/install/livox_ros_driver2:/opt/ros/humble LD_LIBRARY_PATH=/home/hiro/rust_ws/src/install/builtin_interfaces/lib:${LD_LIBRARY_PATH} PYTHONPATH=/home/hiro/rust_ws/src/install/builtin_interfaces/local/lib/python3.10/dist-packages:/home/hiro/rust_ws/src/install/rosidl_generator_rs/local/lib/python3.10/dist-packages:${PYTHONPATH} /usr/bin/cmake --install /home/hiro/rust_ws/src/build/std_msgs
[1.397s] -- Install configuration: ""
[1.398s] -- Up-to-date: /home/hiro/rust_ws/src/install/std_msgs/share/ament_index/resource_index/rosidl_interfaces/std_msgs
[1.398s] -- Up-to-date: /home/hiro/rust_ws/src/install/std_msgs/include/std_msgs/std_msgs
[1.398s] -- Up-to-date: /home/hiro/rust_ws/src/install/std_msgs/include/std_msgs/std_msgs/msg
[1.399s] -- Up-to-date: /home/hiro/rust_ws/src/install/std_msgs/include/std_msgs/std_msgs/msg/int64_multi_array.h
[1.399s] -- Up-to-date: /home/hiro/rust_ws/src/install/std_msgs/include/std_msgs/std_msgs/msg/u_int32.h
[1.400s] -- Up-to-date: /home/hiro/rust_ws/src/install/std_msgs/include/std_msgs/std_msgs/msg/float32_multi_array.h
[1.400s] -- Up-to-date: /home/hiro/rust_ws/src/install/std_msgs/include/std_msgs/std_msgs/msg/int16.h
[1.400s] -- Up-to-date: /home/hiro/rust_ws/src/install/std_msgs/include/std_msgs/std_msgs/msg/u_int64.h
[1.401s] -- Up-to-date: /home/hiro/rust_ws/src/install/std_msgs/include/std_msgs/std_msgs/msg/int32.h
[1.401s] -- Up-to-date: /home/hiro/rust_ws/src/install/std_msgs/include/std_msgs/std_msgs/msg/u_int32_multi_array.h
[1.401s] -- Up-to-date: /home/hiro/rust_ws/src/install/std_msgs/include/std_msgs/std_msgs/msg/char.h
[1.401s] -- Up-to-date: /home/hiro/rust_ws/src/install/std_msgs/include/std_msgs/std_msgs/msg/string.h
[1.402s] -- Up-to-date: /home/hiro/rust_ws/src/install/std_msgs/include/std_msgs/std_msgs/msg/int8_multi_array.h
[1.402s] -- Up-to-date: /home/hiro/rust_ws/src/install/std_msgs/include/std_msgs/std_msgs/msg/float64_multi_array.h
[1.402s] -- Up-to-date: /home/hiro/rust_ws/src/install/std_msgs/include/std_msgs/std_msgs/msg/u_int16_multi_array.h
[1.402s] -- Up-to-date: /home/hiro/rust_ws/src/install/std_msgs/include/std_msgs/std_msgs/msg/header.h
[1.402s] -- Up-to-date: /home/hiro/rust_ws/src/install/std_msgs/include/std_msgs/std_msgs/msg/byte_multi_array.h
[1.403s] -- Up-to-date: /home/hiro/rust_ws/src/install/std_msgs/include/std_msgs/std_msgs/msg/float64.h
[1.403s] -- Up-to-date: /home/hiro/rust_ws/src/install/std_msgs/include/std_msgs/std_msgs/msg/int16_multi_array.h
[1.403s] -- Up-to-date: /home/hiro/rust_ws/src/install/std_msgs/include/std_msgs/std_msgs/msg/bool.h
[1.403s] -- Up-to-date: /home/hiro/rust_ws/src/install/std_msgs/include/std_msgs/std_msgs/msg/byte.h
[1.405s] -- Up-to-date: /home/hiro/rust_ws/src/install/std_msgs/include/std_msgs/std_msgs/msg/multi_array_dimension.h
[1.406s] -- Up-to-date: /home/hiro/rust_ws/src/install/std_msgs/include/std_msgs/std_msgs/msg/u_int8.h
[1.406s] -- Up-to-date: /home/hiro/rust_ws/src/install/std_msgs/include/std_msgs/std_msgs/msg/rosidl_generator_c__visibility_control.h
[1.407s] -- Up-to-date: /home/hiro/rust_ws/src/install/std_msgs/include/std_msgs/std_msgs/msg/detail
[1.408s] -- Up-to-date: /home/hiro/rust_ws/src/install/std_msgs/include/std_msgs/std_msgs/msg/detail/multi_array_layout__functions.c
[1.408s] -- Up-to-date: /home/hiro/rust_ws/src/install/std_msgs/include/std_msgs/std_msgs/msg/detail/byte_multi_array__functions.h
[1.409s] -- Up-to-date: /home/hiro/rust_ws/src/install/std_msgs/include/std_msgs/std_msgs/msg/detail/u_int8__type_support.h
[1.410s] -- Up-to-date: /home/hiro/rust_ws/src/install/std_msgs/include/std_msgs/std_msgs/msg/detail/int16__struct.h
[1.410s] -- Up-to-date: /home/hiro/rust_ws/src/install/std_msgs/include/std_msgs/std_msgs/msg/detail/color_rgba__functions.h
[1.411s] -- Up-to-date: /home/hiro/rust_ws/src/install/std_msgs/include/std_msgs/std_msgs/msg/detail/int8__struct.h
[1.411s] -- Up-to-date: /home/hiro/rust_ws/src/install/std_msgs/include/std_msgs/std_msgs/msg/detail/u_int16_multi_array__struct.h
[1.412s] -- Up-to-date: /home/hiro/rust_ws/src/install/std_msgs/include/std_msgs/std_msgs/msg/detail/string__struct.h
[1.412s] -- Up-to-date: /home/hiro/rust_ws/src/install/std_msgs/include/std_msgs/std_msgs/msg/detail/float64__functions.c
[1.412s] -- Up-to-date: /home/hiro/rust_ws/src/install/std_msgs/include/std_msgs/std_msgs/msg/detail/multi_array_layout__struct.h
[1.413s] -- Up-to-date: /home/hiro/rust_ws/src/install/std_msgs/include/std_msgs/std_msgs/msg/detail/string__functions.h
[1.414s] -- Up-to-date: /home/hiro/rust_ws/src/install/std_msgs/include/std_msgs/std_msgs/msg/detail/u_int8_multi_array__struct.h
[1.414s] -- Up-to-date: /home/hiro/rust_ws/src/install/std_msgs/include/std_msgs/std_msgs/msg/detail/float32__functions.h
[1.414s] -- Up-to-date: /home/hiro/rust_ws/src/install/std_msgs/include/std_msgs/std_msgs/msg/detail/byte__functions.c
[1.414s] -- Up-to-date: /home/hiro/rust_ws/src/install/std_msgs/include/std_msgs/std_msgs/msg/detail/color_rgba__struct.h
[1.414s] -- Up-to-date: /home/hiro/rust_ws/src/install/std_msgs/include/std_msgs/std_msgs/msg/detail/int32__functions.h
[1.414s] -- Up-to-date: /home/hiro/rust_ws/src/install/std_msgs/include/std_msgs/std_msgs/msg/detail/u_int16__functions.c
[1.415s] -- Up-to-date: /home/hiro/rust_ws/src/install/std_msgs/include/std_msgs/std_msgs/msg/detail/header__functions.h
[1.415s] -- Up-to-date: /home/hiro/rust_ws/src/install/std_msgs/include/std_msgs/std_msgs/msg/detail/float32_multi_array__functions.c
[1.415s] -- Up-to-date: /home/hiro/rust_ws/src/install/std_msgs/include/std_msgs/std_msgs/msg/detail/byte_multi_array__functions.c
[1.415s] -- Up-to-date: /home/hiro/rust_ws/src/install/std_msgs/include/std_msgs/std_msgs/msg/detail/u_int64_multi_array__functions.h
[1.415s] -- Up-to-date: /home/hiro/rust_ws/src/install/std_msgs/include/std_msgs/std_msgs/msg/detail/u_int64_multi_array__struct.h
[1.415s] -- Up-to-date: /home/hiro/rust_ws/src/install/std_msgs/include/std_msgs/std_msgs/msg/detail/float64_multi_array__type_support.h
[1.415s] -- Up-to-date: /home/hiro/rust_ws/src/install/std_msgs/include/std_msgs/std_msgs/msg/detail/u_int32__struct.h
[1.416s] -- Up-to-date: /home/hiro/rust_ws/src/install/std_msgs/include/std_msgs/std_msgs/msg/detail/float64_multi_array__functions.h
[1.416s] -- Up-to-date: /home/hiro/rust_ws/src/install/std_msgs/include/std_msgs/std_msgs/msg/detail/float32_multi_array__functions.h
[1.416s] -- Up-to-date: /home/hiro/rust_ws/src/install/std_msgs/include/std_msgs/std_msgs/msg/detail/bool__struct.h
[1.416s] -- Up-to-date: /home/hiro/rust_ws/src/install/std_msgs/include/std_msgs/std_msgs/msg/detail/float64__struct.h
[1.416s] -- Up-to-date: /home/hiro/rust_ws/src/install/std_msgs/include/std_msgs/std_msgs/msg/detail/float64__functions.h
[1.417s] -- Up-to-date: /home/hiro/rust_ws/src/install/std_msgs/include/std_msgs/std_msgs/msg/detail/u_int32_multi_array__functions.h
[1.417s] -- Up-to-date: /home/hiro/rust_ws/src/install/std_msgs/include/std_msgs/std_msgs/msg/detail/u_int32_multi_array__type_support.h
[1.417s] -- Up-to-date: /home/hiro/rust_ws/src/install/std_msgs/include/std_msgs/std_msgs/msg/detail/int64__functions.c
[1.417s] -- Up-to-date: /home/hiro/rust_ws/src/install/std_msgs/include/std_msgs/std_msgs/msg/detail/empty__type_support.h
[1.417s] -- Up-to-date: /home/hiro/rust_ws/src/install/std_msgs/include/std_msgs/std_msgs/msg/detail/u_int64__type_support.h
[1.417s] -- Up-to-date: /home/hiro/rust_ws/src/install/std_msgs/include/std_msgs/std_msgs/msg/detail/int32__struct.h
[1.417s] -- Up-to-date: /home/hiro/rust_ws/src/install/std_msgs/include/std_msgs/std_msgs/msg/detail/u_int64_multi_array__functions.c
[1.417s] -- Up-to-date: /home/hiro/rust_ws/src/install/std_msgs/include/std_msgs/std_msgs/msg/detail/header__functions.c
[1.417s] -- Up-to-date: /home/hiro/rust_ws/src/install/std_msgs/include/std_msgs/std_msgs/msg/detail/string__type_support.h
[1.418s] -- Up-to-date: /home/hiro/rust_ws/src/install/std_msgs/include/std_msgs/std_msgs/msg/detail/u_int64__struct.h
[1.418s] -- Up-to-date: /home/hiro/rust_ws/src/install/std_msgs/include/std_msgs/std_msgs/msg/detail/byte__type_support.h
[1.418s] -- Up-to-date: /home/hiro/rust_ws/src/install/std_msgs/include/std_msgs/std_msgs/msg/detail/u_int64__functions.c
[1.418s] -- Up-to-date: /home/hiro/rust_ws/src/install/std_msgs/include/std_msgs/std_msgs/msg/detail/u_int32_multi_array__struct.h
[1.418s] -- Up-to-date: /home/hiro/rust_ws/src/install/std_msgs/include/std_msgs/std_msgs/msg/detail/int8_multi_array__type_support.h
[1.418s] -- Up-to-date: /home/hiro/rust_ws/src/install/std_msgs/include/std_msgs/std_msgs/msg/detail/float64_multi_array__functions.c
[1.418s] -- Up-to-date: /home/hiro/rust_ws/src/install/std_msgs/include/std_msgs/std_msgs/msg/detail/float64__type_support.h
[1.418s] -- Up-to-date: /home/hiro/rust_ws/src/install/std_msgs/include/std_msgs/std_msgs/msg/detail/int64_multi_array__functions.c
[1.418s] -- Up-to-date: /home/hiro/rust_ws/src/install/std_msgs/include/std_msgs/std_msgs/msg/detail/u_int64__functions.h
[1.418s] -- Up-to-date: /home/hiro/rust_ws/src/install/std_msgs/include/std_msgs/std_msgs/msg/detail/multi_array_dimension__struct.h
[1.418s] -- Up-to-date: /home/hiro/rust_ws/src/install/std_msgs/include/std_msgs/std_msgs/msg/detail/int32_multi_array__functions.c
[1.418s] -- Up-to-date: /home/hiro/rust_ws/src/install/std_msgs/include/std_msgs/std_msgs/msg/detail/bool__type_support.h
[1.418s] -- Up-to-date: /home/hiro/rust_ws/src/install/std_msgs/include/std_msgs/std_msgs/msg/detail/byte_multi_array__struct.h
[1.418s] -- Up-to-date: /home/hiro/rust_ws/src/install/std_msgs/include/std_msgs/std_msgs/msg/detail/float32__struct.h
[1.419s] -- Up-to-date: /home/hiro/rust_ws/src/install/std_msgs/include/std_msgs/std_msgs/msg/detail/int16_multi_array__functions.c
[1.419s] -- Up-to-date: /home/hiro/rust_ws/src/install/std_msgs/include/std_msgs/std_msgs/msg/detail/u_int8_multi_array__type_support.h
[1.419s] -- Up-to-date: /home/hiro/rust_ws/src/install/std_msgs/include/std_msgs/std_msgs/msg/detail/int8__functions.h
[1.419s] -- Up-to-date: /home/hiro/rust_ws/src/install/std_msgs/include/std_msgs/std_msgs/msg/detail/byte__functions.h
[1.419s] -- Up-to-date: /home/hiro/rust_ws/src/install/std_msgs/include/std_msgs/std_msgs/msg/detail/int8_multi_array__functions.c
[1.419s] -- Up-to-date: /home/hiro/rust_ws/src/install/std_msgs/include/std_msgs/std_msgs/msg/detail/int32__functions.c
[1.419s] -- Up-to-date: /home/hiro/rust_ws/src/install/std_msgs/include/std_msgs/std_msgs/msg/detail/char__type_support.h
[1.419s] -- Up-to-date: /home/hiro/rust_ws/src/install/std_msgs/include/std_msgs/std_msgs/msg/detail/int8_multi_array__functions.h
[1.420s] -- Up-to-date: /home/hiro/rust_ws/src/install/std_msgs/include/std_msgs/std_msgs/msg/detail/u_int8_multi_array__functions.h
[1.420s] -- Up-to-date: /home/hiro/rust_ws/src/install/std_msgs/include/std_msgs/std_msgs/msg/detail/header__type_support.h
[1.420s] -- Up-to-date: /home/hiro/rust_ws/src/install/std_msgs/include/std_msgs/std_msgs/msg/detail/color_rgba__type_support.h
[1.420s] -- Up-to-date: /home/hiro/rust_ws/src/install/std_msgs/include/std_msgs/std_msgs/msg/detail/int32__type_support.h
[1.421s] -- Up-to-date: /home/hiro/rust_ws/src/install/std_msgs/include/std_msgs/std_msgs/msg/detail/multi_array_layout__type_support.h
[1.421s] -- Up-to-date: /home/hiro/rust_ws/src/install/std_msgs/include/std_msgs/std_msgs/msg/detail/char__struct.h
[1.421s] -- Up-to-date: /home/hiro/rust_ws/src/install/std_msgs/include/std_msgs/std_msgs/msg/detail/u_int32_multi_array__functions.c
[1.421s] -- Up-to-date: /home/hiro/rust_ws/src/install/std_msgs/include/std_msgs/std_msgs/msg/detail/float32__functions.c
[1.421s] -- Up-to-date: /home/hiro/rust_ws/src/install/std_msgs/include/std_msgs/std_msgs/msg/detail/byte__struct.h
[1.421s] -- Up-to-date: /home/hiro/rust_ws/src/install/std_msgs/include/std_msgs/std_msgs/msg/detail/u_int8_multi_array__functions.c
[1.421s] -- Up-to-date: /home/hiro/rust_ws/src/install/std_msgs/include/std_msgs/std_msgs/msg/detail/u_int8__struct.h
[1.421s] -- Up-to-date: /home/hiro/rust_ws/src/install/std_msgs/include/std_msgs/std_msgs/msg/detail/bool__functions.c
[1.421s] -- Up-to-date: /home/hiro/rust_ws/src/install/std_msgs/include/std_msgs/std_msgs/msg/detail/bool__functions.h
[1.421s] -- Up-to-date: /home/hiro/rust_ws/src/install/std_msgs/include/std_msgs/std_msgs/msg/detail/int64__struct.h
[1.421s] -- Up-to-date: /home/hiro/rust_ws/src/install/std_msgs/include/std_msgs/std_msgs/msg/detail/int32_multi_array__struct.h
[1.421s] -- Up-to-date: /home/hiro/rust_ws/src/install/std_msgs/include/std_msgs/std_msgs/msg/detail/int16_multi_array__type_support.h
[1.421s] -- Up-to-date: /home/hiro/rust_ws/src/install/std_msgs/include/std_msgs/std_msgs/msg/detail/int64_multi_array__type_support.h
[1.421s] -- Up-to-date: /home/hiro/rust_ws/src/install/std_msgs/include/std_msgs/std_msgs/msg/detail/float32_multi_array__type_support.h
[1.421s] -- Up-to-date: /home/hiro/rust_ws/src/install/std_msgs/include/std_msgs/std_msgs/msg/detail/int16__type_support.h
[1.421s] -- Up-to-date: /home/hiro/rust_ws/src/install/std_msgs/include/std_msgs/std_msgs/msg/detail/int32_multi_array__type_support.h
[1.421s] -- Up-to-date: /home/hiro/rust_ws/src/install/std_msgs/include/std_msgs/std_msgs/msg/detail/int32_multi_array__functions.h
[1.421s] -- Up-to-date: /home/hiro/rust_ws/src/install/std_msgs/include/std_msgs/std_msgs/msg/detail/multi_array_dimension__functions.h
[1.422s] -- Up-to-date: /home/hiro/rust_ws/src/install/std_msgs/include/std_msgs/std_msgs/msg/detail/u_int8__functions.h
[1.422s] -- Up-to-date: /home/hiro/rust_ws/src/install/std_msgs/include/std_msgs/std_msgs/msg/detail/float64_multi_array__struct.h
[1.422s] -- Up-to-date: /home/hiro/rust_ws/src/install/std_msgs/include/std_msgs/std_msgs/msg/detail/u_int16__struct.h
[1.422s] -- Up-to-date: /home/hiro/rust_ws/src/install/std_msgs/include/std_msgs/std_msgs/msg/detail/u_int16__functions.h
[1.422s] -- Up-to-date: /home/hiro/rust_ws/src/install/std_msgs/include/std_msgs/std_msgs/msg/detail/string__functions.c
[1.422s] -- Up-to-date: /home/hiro/rust_ws/src/install/std_msgs/include/std_msgs/std_msgs/msg/detail/int8__type_support.h
[1.422s] -- Up-to-date: /home/hiro/rust_ws/src/install/std_msgs/include/std_msgs/std_msgs/msg/detail/u_int32__functions.c
[1.423s] -- Up-to-date: /home/hiro/rust_ws/src/install/std_msgs/include/std_msgs/std_msgs/msg/detail/color_rgba__functions.c
[1.423s] -- Up-to-date: /home/hiro/rust_ws/src/install/std_msgs/include/std_msgs/std_msgs/msg/detail/float32__type_support.h
[1.423s] -- Up-to-date: /home/hiro/rust_ws/src/install/std_msgs/include/std_msgs/std_msgs/msg/detail/u_int64_multi_array__type_support.h
[1.423s] -- Up-to-date: /home/hiro/rust_ws/src/install/std_msgs/include/std_msgs/std_msgs/msg/detail/u_int16_multi_array__functions.h
[1.423s] -- Up-to-date: /home/hiro/rust_ws/src/install/std_msgs/include/std_msgs/std_msgs/msg/detail/u_int16__type_support.h
[1.423s] -- Up-to-date: /home/hiro/rust_ws/src/install/std_msgs/include/std_msgs/std_msgs/msg/detail/int16__functions.c
[1.423s] -- Up-to-date: /home/hiro/rust_ws/src/install/std_msgs/include/std_msgs/std_msgs/msg/detail/int64_multi_array__struct.h
[1.423s] -- Up-to-date: /home/hiro/rust_ws/src/install/std_msgs/include/std_msgs/std_msgs/msg/detail/int64__type_support.h
[1.423s] -- Up-to-date: /home/hiro/rust_ws/src/install/std_msgs/include/std_msgs/std_msgs/msg/detail/u_int32__type_support.h
[1.423s] -- Up-to-date: /home/hiro/rust_ws/src/install/std_msgs/include/std_msgs/std_msgs/msg/detail/int16__functions.h
[1.423s] -- Up-to-date: /home/hiro/rust_ws/src/install/std_msgs/include/std_msgs/std_msgs/msg/detail/u_int16_multi_array__functions.c
[1.423s] -- Up-to-date: /home/hiro/rust_ws/src/install/std_msgs/include/std_msgs/std_msgs/msg/detail/int16_multi_array__struct.h
[1.423s] -- Up-to-date: /home/hiro/rust_ws/src/install/std_msgs/include/std_msgs/std_msgs/msg/detail/int64_multi_array__functions.h
[1.423s] -- Up-to-date: /home/hiro/rust_ws/src/install/std_msgs/include/std_msgs/std_msgs/msg/detail/header__struct.h
[1.424s] -- Up-to-date: /home/hiro/rust_ws/src/install/std_msgs/include/std_msgs/std_msgs/msg/detail/int16_multi_array__functions.h
[1.424s] -- Up-to-date: /home/hiro/rust_ws/src/install/std_msgs/include/std_msgs/std_msgs/msg/detail/u_int16_multi_array__type_support.h
[1.424s] -- Up-to-date: /home/hiro/rust_ws/src/install/std_msgs/include/std_msgs/std_msgs/msg/detail/empty__functions.c
[1.424s] -- Up-to-date: /home/hiro/rust_ws/src/install/std_msgs/include/std_msgs/std_msgs/msg/detail/multi_array_dimension__functions.c
[1.424s] -- Up-to-date: /home/hiro/rust_ws/src/install/std_msgs/include/std_msgs/std_msgs/msg/detail/char__functions.c
[1.425s] -- Up-to-date: /home/hiro/rust_ws/src/install/std_msgs/include/std_msgs/std_msgs/msg/detail/u_int32__functions.h
[1.425s] -- Up-to-date: /home/hiro/rust_ws/src/install/std_msgs/include/std_msgs/std_msgs/msg/detail/multi_array_layout__functions.h
[1.425s] -- Up-to-date: /home/hiro/rust_ws/src/install/std_msgs/include/std_msgs/std_msgs/msg/detail/multi_array_dimension__type_support.h
[1.425s] -- Up-to-date: /home/hiro/rust_ws/src/install/std_msgs/include/std_msgs/std_msgs/msg/detail/int64__functions.h
[1.425s] -- Up-to-date: /home/hiro/rust_ws/src/install/std_msgs/include/std_msgs/std_msgs/msg/detail/u_int8__functions.c
[1.425s] -- Up-to-date: /home/hiro/rust_ws/src/install/std_msgs/include/std_msgs/std_msgs/msg/detail/int8__functions.c
[1.426s] -- Up-to-date: /home/hiro/rust_ws/src/install/std_msgs/include/std_msgs/std_msgs/msg/detail/int8_multi_array__struct.h
[1.426s] -- Up-to-date: /home/hiro/rust_ws/src/install/std_msgs/include/std_msgs/std_msgs/msg/detail/empty__functions.h
[1.426s] -- Up-to-date: /home/hiro/rust_ws/src/install/std_msgs/include/std_msgs/std_msgs/msg/detail/empty__struct.h
[1.426s] -- Up-to-date: /home/hiro/rust_ws/src/install/std_msgs/include/std_msgs/std_msgs/msg/detail/float32_multi_array__struct.h
[1.426s] -- Up-to-date: /home/hiro/rust_ws/src/install/std_msgs/include/std_msgs/std_msgs/msg/detail/char__functions.h
[1.426s] -- Up-to-date: /home/hiro/rust_ws/src/install/std_msgs/include/std_msgs/std_msgs/msg/detail/byte_multi_array__type_support.h
[1.426s] -- Up-to-date: /home/hiro/rust_ws/src/install/std_msgs/include/std_msgs/std_msgs/msg/float32.h
[1.427s] -- Up-to-date: /home/hiro/rust_ws/src/install/std_msgs/include/std_msgs/std_msgs/msg/u_int64_multi_array.h
[1.427s] -- Up-to-date: /home/hiro/rust_ws/src/install/std_msgs/include/std_msgs/std_msgs/msg/int64.h
[1.427s] -- Up-to-date: /home/hiro/rust_ws/src/install/std_msgs/include/std_msgs/std_msgs/msg/u_int8_multi_array.h
[1.427s] -- Up-to-date: /home/hiro/rust_ws/src/install/std_msgs/include/std_msgs/std_msgs/msg/int8.h
[1.427s] -- Up-to-date: /home/hiro/rust_ws/src/install/std_msgs/include/std_msgs/std_msgs/msg/empty.h
[1.427s] -- Up-to-date: /home/hiro/rust_ws/src/install/std_msgs/include/std_msgs/std_msgs/msg/u_int16.h
[1.427s] -- Up-to-date: /home/hiro/rust_ws/src/install/std_msgs/include/std_msgs/std_msgs/msg/multi_array_layout.h
[1.427s] -- Up-to-date: /home/hiro/rust_ws/src/install/std_msgs/include/std_msgs/std_msgs/msg/int32_multi_array.h
[1.427s] -- Up-to-date: /home/hiro/rust_ws/src/install/std_msgs/include/std_msgs/std_msgs/msg/color_rgba.h
[1.428s] -- Up-to-date: /home/hiro/rust_ws/src/install/std_msgs/share/std_msgs/environment/library_path.sh
[1.428s] -- Up-to-date: /home/hiro/rust_ws/src/install/std_msgs/share/std_msgs/environment/library_path.dsv
[1.428s] -- Up-to-date: /home/hiro/rust_ws/src/install/std_msgs/lib/libstd_msgs__rosidl_generator_c.so
[1.428s] -- Up-to-date: /home/hiro/rust_ws/src/install/std_msgs/include/std_msgs/std_msgs
[1.428s] -- Up-to-date: /home/hiro/rust_ws/src/install/std_msgs/include/std_msgs/std_msgs/msg
[1.428s] -- Up-to-date: /home/hiro/rust_ws/src/install/std_msgs/include/std_msgs/std_msgs/msg/detail
[1.428s] -- Up-to-date: /home/hiro/rust_ws/src/install/std_msgs/include/std_msgs/std_msgs/msg/detail/u_int16__rosidl_typesupport_fastrtps_c.h
[1.428s] -- Up-to-date: /home/hiro/rust_ws/src/install/std_msgs/include/std_msgs/std_msgs/msg/detail/byte_multi_array__rosidl_typesupport_fastrtps_c.h
[1.428s] -- Up-to-date: /home/hiro/rust_ws/src/install/std_msgs/include/std_msgs/std_msgs/msg/detail/empty__rosidl_typesupport_fastrtps_c.h
[1.428s] -- Up-to-date: /home/hiro/rust_ws/src/install/std_msgs/include/std_msgs/std_msgs/msg/detail/int16_multi_array__rosidl_typesupport_fastrtps_c.h
[1.428s] -- Up-to-date: /home/hiro/rust_ws/src/install/std_msgs/include/std_msgs/std_msgs/msg/detail/color_rgba__rosidl_typesupport_fastrtps_c.h
[1.429s] -- Up-to-date: /home/hiro/rust_ws/src/install/std_msgs/include/std_msgs/std_msgs/msg/detail/float32__rosidl_typesupport_fastrtps_c.h
[1.429s] -- Up-to-date: /home/hiro/rust_ws/src/install/std_msgs/include/std_msgs/std_msgs/msg/detail/int16__rosidl_typesupport_fastrtps_c.h
[1.429s] -- Up-to-date: /home/hiro/rust_ws/src/install/std_msgs/include/std_msgs/std_msgs/msg/detail/float32_multi_array__rosidl_typesupport_fastrtps_c.h
[1.429s] -- Up-to-date: /home/hiro/rust_ws/src/install/std_msgs/include/std_msgs/std_msgs/msg/detail/byte__rosidl_typesupport_fastrtps_c.h
[1.429s] -- Up-to-date: /home/hiro/rust_ws/src/install/std_msgs/include/std_msgs/std_msgs/msg/detail/u_int16_multi_array__rosidl_typesupport_fastrtps_c.h
[1.429s] -- Up-to-date: /home/hiro/rust_ws/src/install/std_msgs/include/std_msgs/std_msgs/msg/detail/float64_multi_array__rosidl_typesupport_fastrtps_c.h
[1.429s] -- Up-to-date: /home/hiro/rust_ws/src/install/std_msgs/include/std_msgs/std_msgs/msg/detail/u_int8_multi_array__rosidl_typesupport_fastrtps_c.h
[1.429s] -- Up-to-date: /home/hiro/rust_ws/src/install/std_msgs/include/std_msgs/std_msgs/msg/detail/int32_multi_array__rosidl_typesupport_fastrtps_c.h
[1.430s] -- Up-to-date: /home/hiro/rust_ws/src/install/std_msgs/include/std_msgs/std_msgs/msg/detail/multi_array_layout__rosidl_typesupport_fastrtps_c.h
[1.430s] -- Up-to-date: /home/hiro/rust_ws/src/install/std_msgs/include/std_msgs/std_msgs/msg/detail/int64_multi_array__rosidl_typesupport_fastrtps_c.h
[1.430s] -- Up-to-date: /home/hiro/rust_ws/src/install/std_msgs/include/std_msgs/std_msgs/msg/detail/int8_multi_array__rosidl_typesupport_fastrtps_c.h
[1.430s] -- Up-to-date: /home/hiro/rust_ws/src/install/std_msgs/include/std_msgs/std_msgs/msg/detail/u_int8__rosidl_typesupport_fastrtps_c.h
[1.430s] -- Up-to-date: /home/hiro/rust_ws/src/install/std_msgs/include/std_msgs/std_msgs/msg/detail/string__rosidl_typesupport_fastrtps_c.h
[1.430s] -- Up-to-date: /home/hiro/rust_ws/src/install/std_msgs/include/std_msgs/std_msgs/msg/detail/int32__rosidl_typesupport_fastrtps_c.h
[1.430s] -- Up-to-date: /home/hiro/rust_ws/src/install/std_msgs/include/std_msgs/std_msgs/msg/detail/multi_array_dimension__rosidl_typesupport_fastrtps_c.h
[1.430s] -- Up-to-date: /home/hiro/rust_ws/src/install/std_msgs/include/std_msgs/std_msgs/msg/detail/header__rosidl_typesupport_fastrtps_c.h
[1.430s] -- Up-to-date: /home/hiro/rust_ws/src/install/std_msgs/include/std_msgs/std_msgs/msg/detail/u_int32_multi_array__rosidl_typesupport_fastrtps_c.h
[1.430s] -- Up-to-date: /home/hiro/rust_ws/src/install/std_msgs/include/std_msgs/std_msgs/msg/detail/char__rosidl_typesupport_fastrtps_c.h
[1.430s] -- Up-to-date: /home/hiro/rust_ws/src/install/std_msgs/include/std_msgs/std_msgs/msg/detail/u_int64_multi_array__rosidl_typesupport_fastrtps_c.h
[1.430s] -- Up-to-date: /home/hiro/rust_ws/src/install/std_msgs/include/std_msgs/std_msgs/msg/detail/int8__rosidl_typesupport_fastrtps_c.h
[1.430s] -- Up-to-date: /home/hiro/rust_ws/src/install/std_msgs/include/std_msgs/std_msgs/msg/detail/u_int64__rosidl_typesupport_fastrtps_c.h
[1.430s] -- Up-to-date: /home/hiro/rust_ws/src/install/std_msgs/include/std_msgs/std_msgs/msg/detail/float64__rosidl_typesupport_fastrtps_c.h
[1.430s] -- Up-to-date: /home/hiro/rust_ws/src/install/std_msgs/include/std_msgs/std_msgs/msg/detail/int64__rosidl_typesupport_fastrtps_c.h
[1.431s] -- Up-to-date: /home/hiro/rust_ws/src/install/std_msgs/include/std_msgs/std_msgs/msg/detail/u_int32__rosidl_typesupport_fastrtps_c.h
[1.431s] -- Up-to-date: /home/hiro/rust_ws/src/install/std_msgs/include/std_msgs/std_msgs/msg/detail/bool__rosidl_typesupport_fastrtps_c.h
[1.431s] -- Up-to-date: /home/hiro/rust_ws/src/install/std_msgs/include/std_msgs/std_msgs/msg/rosidl_typesupport_fastrtps_c__visibility_control.h
[1.431s] -- Up-to-date: /home/hiro/rust_ws/src/install/std_msgs/lib/libstd_msgs__rosidl_typesupport_fastrtps_c.so
[1.431s] -- Up-to-date: /home/hiro/rust_ws/src/install/std_msgs/include/std_msgs/std_msgs
[1.431s] -- Up-to-date: /home/hiro/rust_ws/src/install/std_msgs/include/std_msgs/std_msgs/msg
[1.431s] -- Up-to-date: /home/hiro/rust_ws/src/install/std_msgs/include/std_msgs/std_msgs/msg/header.hpp
[1.431s] -- Up-to-date: /home/hiro/rust_ws/src/install/std_msgs/include/std_msgs/std_msgs/msg/int8.hpp
[1.431s] -- Up-to-date: /home/hiro/rust_ws/src/install/std_msgs/include/std_msgs/std_msgs/msg/int16.hpp
[1.431s] -- Up-to-date: /home/hiro/rust_ws/src/install/std_msgs/include/std_msgs/std_msgs/msg/color_rgba.hpp
[1.432s] -- Up-to-date: /home/hiro/rust_ws/src/install/std_msgs/include/std_msgs/std_msgs/msg/multi_array_layout.hpp
[1.432s] -- Up-to-date: /home/hiro/rust_ws/src/install/std_msgs/include/std_msgs/std_msgs/msg/empty.hpp
[1.432s] -- Up-to-date: /home/hiro/rust_ws/src/install/std_msgs/include/std_msgs/std_msgs/msg/byte_multi_array.hpp
[1.432s] -- Up-to-date: /home/hiro/rust_ws/src/install/std_msgs/include/std_msgs/std_msgs/msg/u_int32.hpp
[1.432s] -- Up-to-date: /home/hiro/rust_ws/src/install/std_msgs/include/std_msgs/std_msgs/msg/u_int8.hpp
[1.432s] -- Up-to-date: /home/hiro/rust_ws/src/install/std_msgs/include/std_msgs/std_msgs/msg/int32.hpp
[1.432s] -- Up-to-date: /home/hiro/rust_ws/src/install/std_msgs/include/std_msgs/std_msgs/msg/int32_multi_array.hpp
[1.432s] -- Up-to-date: /home/hiro/rust_ws/src/install/std_msgs/include/std_msgs/std_msgs/msg/int8_multi_array.hpp
[1.433s] -- Up-to-date: /home/hiro/rust_ws/src/install/std_msgs/include/std_msgs/std_msgs/msg/byte.hpp
[1.433s] -- Up-to-date: /home/hiro/rust_ws/src/install/std_msgs/include/std_msgs/std_msgs/msg/u_int64.hpp
[1.433s] -- Up-to-date: /home/hiro/rust_ws/src/install/std_msgs/include/std_msgs/std_msgs/msg/bool.hpp
[1.433s] -- Up-to-date: /home/hiro/rust_ws/src/install/std_msgs/include/std_msgs/std_msgs/msg/float32_multi_array.hpp
[1.433s] -- Up-to-date: /home/hiro/rust_ws/src/install/std_msgs/include/std_msgs/std_msgs/msg/float64_multi_array.hpp
[1.433s] -- Up-to-date: /home/hiro/rust_ws/src/install/std_msgs/include/std_msgs/std_msgs/msg/int64.hpp
[1.434s] -- Up-to-date: /home/hiro/rust_ws/src/install/std_msgs/include/std_msgs/std_msgs/msg/u_int16.hpp
[1.434s] -- Up-to-date: /home/hiro/rust_ws/src/install/std_msgs/include/std_msgs/std_msgs/msg/float32.hpp
[1.434s] -- Up-to-date: /home/hiro/rust_ws/src/install/std_msgs/include/std_msgs/std_msgs/msg/char.hpp
[1.434s] -- Up-to-date: /home/hiro/rust_ws/src/install/std_msgs/include/std_msgs/std_msgs/msg/u_int16_multi_array.hpp
[1.434s] -- Up-to-date: /home/hiro/rust_ws/src/install/std_msgs/include/std_msgs/std_msgs/msg/detail
[1.434s] -- Up-to-date: /home/hiro/rust_ws/src/install/std_msgs/include/std_msgs/std_msgs/msg/detail/string__builder.hpp
[1.434s] -- Up-to-date: /home/hiro/rust_ws/src/install/std_msgs/include/std_msgs/std_msgs/msg/detail/byte_multi_array__builder.hpp
[1.434s] -- Up-to-date: /home/hiro/rust_ws/src/install/std_msgs/include/std_msgs/std_msgs/msg/detail/u_int8__struct.hpp
[1.434s] -- Up-to-date: /home/hiro/rust_ws/src/install/std_msgs/include/std_msgs/std_msgs/msg/detail/int64__struct.hpp
[1.434s] -- Up-to-date: /home/hiro/rust_ws/src/install/std_msgs/include/std_msgs/std_msgs/msg/detail/u_int16__traits.hpp
[1.435s] -- Up-to-date: /home/hiro/rust_ws/src/install/std_msgs/include/std_msgs/std_msgs/msg/detail/bool__traits.hpp
[1.435s] -- Up-to-date: /home/hiro/rust_ws/src/install/std_msgs/include/std_msgs/std_msgs/msg/detail/u_int16__builder.hpp
[1.435s] -- Up-to-date: /home/hiro/rust_ws/src/install/std_msgs/include/std_msgs/std_msgs/msg/detail/multi_array_layout__builder.hpp
[1.435s] -- Up-to-date: /home/hiro/rust_ws/src/install/std_msgs/include/std_msgs/std_msgs/msg/detail/u_int8_multi_array__traits.hpp
[1.435s] -- Up-to-date: /home/hiro/rust_ws/src/install/std_msgs/include/std_msgs/std_msgs/msg/detail/multi_array_dimension__builder.hpp
[1.435s] -- Up-to-date: /home/hiro/rust_ws/src/install/std_msgs/include/std_msgs/std_msgs/msg/detail/string__traits.hpp
[1.435s] -- Up-to-date: /home/hiro/rust_ws/src/install/std_msgs/include/std_msgs/std_msgs/msg/detail/float32__struct.hpp
[1.435s] -- Up-to-date: /home/hiro/rust_ws/src/install/std_msgs/include/std_msgs/std_msgs/msg/detail/float64__builder.hpp
[1.435s] -- Up-to-date: /home/hiro/rust_ws/src/install/std_msgs/include/std_msgs/std_msgs/msg/detail/multi_array_layout__struct.hpp
[1.435s] -- Up-to-date: /home/hiro/rust_ws/src/install/std_msgs/include/std_msgs/std_msgs/msg/detail/int32_multi_array__builder.hpp
[1.435s] -- Up-to-date: /home/hiro/rust_ws/src/install/std_msgs/include/std_msgs/std_msgs/msg/detail/int64_multi_array__builder.hpp
[1.435s] -- Up-to-date: /home/hiro/rust_ws/src/install/std_msgs/include/std_msgs/std_msgs/msg/detail/int32__struct.hpp
[1.435s] -- Up-to-date: /home/hiro/rust_ws/src/install/std_msgs/include/std_msgs/std_msgs/msg/detail/byte__struct.hpp
[1.435s] -- Up-to-date: /home/hiro/rust_ws/src/install/std_msgs/include/std_msgs/std_msgs/msg/detail/header__builder.hpp
[1.436s] -- Up-to-date: /home/hiro/rust_ws/src/install/std_msgs/include/std_msgs/std_msgs/msg/detail/header__traits.hpp
[1.436s] -- Up-to-date: /home/hiro/rust_ws/src/install/std_msgs/include/std_msgs/std_msgs/msg/detail/float64_multi_array__struct.hpp
[1.436s] -- Up-to-date: /home/hiro/rust_ws/src/install/std_msgs/include/std_msgs/std_msgs/msg/detail/int32__builder.hpp
[1.436s] -- Up-to-date: /home/hiro/rust_ws/src/install/std_msgs/include/std_msgs/std_msgs/msg/detail/float64_multi_array__traits.hpp
[1.436s] -- Up-to-date: /home/hiro/rust_ws/src/install/std_msgs/include/std_msgs/std_msgs/msg/detail/float32_multi_array__builder.hpp
[1.436s] -- Up-to-date: /home/hiro/rust_ws/src/install/std_msgs/include/std_msgs/std_msgs/msg/detail/u_int8__builder.hpp
[1.436s] -- Up-to-date: /home/hiro/rust_ws/src/install/std_msgs/include/std_msgs/std_msgs/msg/detail/int8__traits.hpp
[1.436s] -- Up-to-date: /home/hiro/rust_ws/src/install/std_msgs/include/std_msgs/std_msgs/msg/detail/int16_multi_array__traits.hpp
[1.436s] -- Up-to-date: /home/hiro/rust_ws/src/install/std_msgs/include/std_msgs/std_msgs/msg/detail/int16__struct.hpp
[1.436s] -- Up-to-date: /home/hiro/rust_ws/src/install/std_msgs/include/std_msgs/std_msgs/msg/detail/u_int16_multi_array__traits.hpp
[1.436s] -- Up-to-date: /home/hiro/rust_ws/src/install/std_msgs/include/std_msgs/std_msgs/msg/detail/int8_multi_array__struct.hpp
[1.437s] -- Up-to-date: /home/hiro/rust_ws/src/install/std_msgs/include/std_msgs/std_msgs/msg/detail/int32_multi_array__struct.hpp
[1.437s] -- Up-to-date: /home/hiro/rust_ws/src/install/std_msgs/include/std_msgs/std_msgs/msg/detail/u_int16_multi_array__struct.hpp
[1.437s] -- Up-to-date: /home/hiro/rust_ws/src/install/std_msgs/include/std_msgs/std_msgs/msg/detail/u_int64__traits.hpp
[1.437s] -- Up-to-date: /home/hiro/rust_ws/src/install/std_msgs/include/std_msgs/std_msgs/msg/detail/empty__struct.hpp
[1.437s] -- Up-to-date: /home/hiro/rust_ws/src/install/std_msgs/include/std_msgs/std_msgs/msg/detail/u_int8__traits.hpp
[1.438s] -- Up-to-date: /home/hiro/rust_ws/src/install/std_msgs/include/std_msgs/std_msgs/msg/detail/int16__traits.hpp
[1.438s] -- Up-to-date: /home/hiro/rust_ws/src/install/std_msgs/include/std_msgs/std_msgs/msg/detail/int8_multi_array__builder.hpp
[1.438s] -- Up-to-date: /home/hiro/rust_ws/src/install/std_msgs/include/std_msgs/std_msgs/msg/detail/float32_multi_array__traits.hpp
[1.438s] -- Up-to-date: /home/hiro/rust_ws/src/install/std_msgs/include/std_msgs/std_msgs/msg/detail/u_int32_multi_array__traits.hpp
[1.438s] -- Up-to-date: /home/hiro/rust_ws/src/install/std_msgs/include/std_msgs/std_msgs/msg/detail/bool__struct.hpp
[1.438s] -- Up-to-date: /home/hiro/rust_ws/src/install/std_msgs/include/std_msgs/std_msgs/msg/detail/multi_array_dimension__traits.hpp
[1.438s] -- Up-to-date: /home/hiro/rust_ws/src/install/std_msgs/include/std_msgs/std_msgs/msg/detail/int8_multi_array__traits.hpp
[1.438s] -- Up-to-date: /home/hiro/rust_ws/src/install/std_msgs/include/std_msgs/std_msgs/msg/detail/u_int16_multi_array__builder.hpp
[1.438s] -- Up-to-date: /home/hiro/rust_ws/src/install/std_msgs/include/std_msgs/std_msgs/msg/detail/u_int32__builder.hpp
[1.438s] -- Up-to-date: /home/hiro/rust_ws/src/install/std_msgs/include/std_msgs/std_msgs/msg/detail/float32__traits.hpp
[1.438s] -- Up-to-date: /home/hiro/rust_ws/src/install/std_msgs/include/std_msgs/std_msgs/msg/detail/empty__builder.hpp
[1.438s] -- Up-to-date: /home/hiro/rust_ws/src/install/std_msgs/include/std_msgs/std_msgs/msg/detail/u_int32_multi_array__builder.hpp
[1.438s] -- Up-to-date: /home/hiro/rust_ws/src/install/std_msgs/include/std_msgs/std_msgs/msg/detail/int16__builder.hpp
[1.439s] -- Up-to-date: /home/hiro/rust_ws/src/install/std_msgs/include/std_msgs/std_msgs/msg/detail/u_int64_multi_array__builder.hpp
[1.439s] -- Up-to-date: /home/hiro/rust_ws/src/install/std_msgs/include/std_msgs/std_msgs/msg/detail/char__traits.hpp
[1.439s] -- Up-to-date: /home/hiro/rust_ws/src/install/std_msgs/include/std_msgs/std_msgs/msg/detail/float32__builder.hpp
[1.439s] -- Up-to-date: /home/hiro/rust_ws/src/install/std_msgs/include/std_msgs/std_msgs/msg/detail/byte_multi_array__struct.hpp
[1.439s] -- Up-to-date: /home/hiro/rust_ws/src/install/std_msgs/include/std_msgs/std_msgs/msg/detail/float64__traits.hpp
[1.439s] -- Up-to-date: /home/hiro/rust_ws/src/install/std_msgs/include/std_msgs/std_msgs/msg/detail/header__struct.hpp
[1.439s] -- Up-to-date: /home/hiro/rust_ws/src/install/std_msgs/include/std_msgs/std_msgs/msg/detail/u_int32__struct.hpp
[1.439s] -- Up-to-date: /home/hiro/rust_ws/src/install/std_msgs/include/std_msgs/std_msgs/msg/detail/float64__struct.hpp
[1.440s] -- Up-to-date: /home/hiro/rust_ws/src/install/std_msgs/include/std_msgs/std_msgs/msg/detail/color_rgba__traits.hpp
[1.440s] -- Up-to-date: /home/hiro/rust_ws/src/install/std_msgs/include/std_msgs/std_msgs/msg/detail/int64_multi_array__traits.hpp
[1.440s] -- Up-to-date: /home/hiro/rust_ws/src/install/std_msgs/include/std_msgs/std_msgs/msg/detail/color_rgba__builder.hpp
[1.440s] -- Up-to-date: /home/hiro/rust_ws/src/install/std_msgs/include/std_msgs/std_msgs/msg/detail/bool__builder.hpp
[1.440s] -- Up-to-date: /home/hiro/rust_ws/src/install/std_msgs/include/std_msgs/std_msgs/msg/detail/char__struct.hpp
[1.441s] -- Up-to-date: /home/hiro/rust_ws/src/install/std_msgs/include/std_msgs/std_msgs/msg/detail/multi_array_dimension__struct.hpp
[1.441s] -- Up-to-date: /home/hiro/rust_ws/src/install/std_msgs/include/std_msgs/std_msgs/msg/detail/byte__builder.hpp
[1.441s] -- Up-to-date: /home/hiro/rust_ws/src/install/std_msgs/include/std_msgs/std_msgs/msg/detail/int8__builder.hpp
[1.441s] -- Up-to-date: /home/hiro/rust_ws/src/install/std_msgs/include/std_msgs/std_msgs/msg/detail/int16_multi_array__struct.hpp
[1.441s] -- Up-to-date: /home/hiro/rust_ws/src/install/std_msgs/include/std_msgs/std_msgs/msg/detail/u_int64_multi_array__traits.hpp
[1.441s] -- Up-to-date: /home/hiro/rust_ws/src/install/std_msgs/include/std_msgs/std_msgs/msg/detail/u_int8_multi_array__struct.hpp
[1.441s] -- Up-to-date: /home/hiro/rust_ws/src/install/std_msgs/include/std_msgs/std_msgs/msg/detail/int64__builder.hpp
[1.441s] -- Up-to-date: /home/hiro/rust_ws/src/install/std_msgs/include/std_msgs/std_msgs/msg/detail/u_int64_multi_array__struct.hpp
[1.441s] -- Up-to-date: /home/hiro/rust_ws/src/install/std_msgs/include/std_msgs/std_msgs/msg/detail/string__struct.hpp
[1.442s] -- Up-to-date: /home/hiro/rust_ws/src/install/std_msgs/include/std_msgs/std_msgs/msg/detail/int16_multi_array__builder.hpp
[1.442s] -- Up-to-date: /home/hiro/rust_ws/src/install/std_msgs/include/std_msgs/std_msgs/msg/detail/multi_array_layout__traits.hpp
[1.442s] -- Up-to-date: /home/hiro/rust_ws/src/install/std_msgs/include/std_msgs/std_msgs/msg/detail/float64_multi_array__builder.hpp
[1.442s] -- Up-to-date: /home/hiro/rust_ws/src/install/std_msgs/include/std_msgs/std_msgs/msg/detail/byte__traits.hpp
[1.442s] -- Up-to-date: /home/hiro/rust_ws/src/install/std_msgs/include/std_msgs/std_msgs/msg/detail/float32_multi_array__struct.hpp
[1.442s] -- Up-to-date: /home/hiro/rust_ws/src/install/std_msgs/include/std_msgs/std_msgs/msg/detail/empty__traits.hpp
[1.442s] -- Up-to-date: /home/hiro/rust_ws/src/install/std_msgs/include/std_msgs/std_msgs/msg/detail/int64_multi_array__struct.hpp
[1.443s] -- Up-to-date: /home/hiro/rust_ws/src/install/std_msgs/include/std_msgs/std_msgs/msg/detail/char__builder.hpp
[1.443s] -- Up-to-date: /home/hiro/rust_ws/src/install/std_msgs/include/std_msgs/std_msgs/msg/detail/u_int64__struct.hpp
[1.443s] -- Up-to-date: /home/hiro/rust_ws/src/install/std_msgs/include/std_msgs/std_msgs/msg/detail/int8__struct.hpp
[1.443s] -- Up-to-date: /home/hiro/rust_ws/src/install/std_msgs/include/std_msgs/std_msgs/msg/detail/u_int16__struct.hpp
[1.443s] -- Up-to-date: /home/hiro/rust_ws/src/install/std_msgs/include/std_msgs/std_msgs/msg/detail/u_int64__builder.hpp
[1.444s] -- Up-to-date: /home/hiro/rust_ws/src/install/std_msgs/include/std_msgs/std_msgs/msg/detail/int32_multi_array__traits.hpp
[1.444s] -- Up-to-date: /home/hiro/rust_ws/src/install/std_msgs/include/std_msgs/std_msgs/msg/detail/byte_multi_array__traits.hpp
[1.444s] -- Up-to-date: /home/hiro/rust_ws/src/install/std_msgs/include/std_msgs/std_msgs/msg/detail/color_rgba__struct.hpp
[1.444s] -- Up-to-date: /home/hiro/rust_ws/src/install/std_msgs/include/std_msgs/std_msgs/msg/detail/int64__traits.hpp
[1.445s] -- Up-to-date: /home/hiro/rust_ws/src/install/std_msgs/include/std_msgs/std_msgs/msg/detail/u_int8_multi_array__builder.hpp
[1.445s] -- Up-to-date: /home/hiro/rust_ws/src/install/std_msgs/include/std_msgs/std_msgs/msg/detail/u_int32_multi_array__struct.hpp
[1.445s] -- Up-to-date: /home/hiro/rust_ws/src/install/std_msgs/include/std_msgs/std_msgs/msg/detail/int32__traits.hpp
[1.445s] -- Up-to-date: /home/hiro/rust_ws/src/install/std_msgs/include/std_msgs/std_msgs/msg/detail/u_int32__traits.hpp
[1.445s] -- Up-to-date: /home/hiro/rust_ws/src/install/std_msgs/include/std_msgs/std_msgs/msg/multi_array_dimension.hpp
[1.445s] -- Up-to-date: /home/hiro/rust_ws/src/install/std_msgs/include/std_msgs/std_msgs/msg/int64_multi_array.hpp
[1.446s] -- Up-to-date: /home/hiro/rust_ws/src/install/std_msgs/include/std_msgs/std_msgs/msg/string.hpp
[1.446s] -- Up-to-date: /home/hiro/rust_ws/src/install/std_msgs/include/std_msgs/std_msgs/msg/float64.hpp
[1.446s] -- Up-to-date: /home/hiro/rust_ws/src/install/std_msgs/include/std_msgs/std_msgs/msg/u_int8_multi_array.hpp
[1.446s] -- Up-to-date: /home/hiro/rust_ws/src/install/std_msgs/include/std_msgs/std_msgs/msg/int16_multi_array.hpp
[1.446s] -- Up-to-date: /home/hiro/rust_ws/src/install/std_msgs/include/std_msgs/std_msgs/msg/u_int32_multi_array.hpp
[1.446s] -- Up-to-date: /home/hiro/rust_ws/src/install/std_msgs/include/std_msgs/std_msgs/msg/u_int64_multi_array.hpp
[1.446s] -- Up-to-date: /home/hiro/rust_ws/src/install/std_msgs/include/std_msgs/std_msgs
[1.446s] -- Up-to-date: /home/hiro/rust_ws/src/install/std_msgs/include/std_msgs/std_msgs/msg
[1.447s] -- Up-to-date: /home/hiro/rust_ws/src/install/std_msgs/include/std_msgs/std_msgs/msg/rosidl_typesupport_fastrtps_cpp__visibility_control.h
[1.447s] -- Up-to-date: /home/hiro/rust_ws/src/install/std_msgs/include/std_msgs/std_msgs/msg/detail
[1.447s] -- Up-to-date: /home/hiro/rust_ws/src/install/std_msgs/include/std_msgs/std_msgs/msg/detail/u_int32_multi_array__rosidl_typesupport_fastrtps_cpp.hpp
[1.447s] -- Up-to-date: /home/hiro/rust_ws/src/install/std_msgs/include/std_msgs/std_msgs/msg/detail/dds_fastrtps
[1.447s] -- Up-to-date: /home/hiro/rust_ws/src/install/std_msgs/include/std_msgs/std_msgs/msg/detail/u_int8__rosidl_typesupport_fastrtps_cpp.hpp
[1.447s] -- Up-to-date: /home/hiro/rust_ws/src/install/std_msgs/include/std_msgs/std_msgs/msg/detail/bool__rosidl_typesupport_fastrtps_cpp.hpp
[1.448s] -- Up-to-date: /home/hiro/rust_ws/src/install/std_msgs/include/std_msgs/std_msgs/msg/detail/char__rosidl_typesupport_fastrtps_cpp.hpp
[1.448s] -- Up-to-date: /home/hiro/rust_ws/src/install/std_msgs/include/std_msgs/std_msgs/msg/detail/int8_multi_array__rosidl_typesupport_fastrtps_cpp.hpp
[1.448s] -- Up-to-date: /home/hiro/rust_ws/src/install/std_msgs/include/std_msgs/std_msgs/msg/detail/u_int16__rosidl_typesupport_fastrtps_cpp.hpp
[1.448s] -- Up-to-date: /home/hiro/rust_ws/src/install/std_msgs/include/std_msgs/std_msgs/msg/detail/multi_array_layout__rosidl_typesupport_fastrtps_cpp.hpp
[1.448s] -- Up-to-date: /home/hiro/rust_ws/src/install/std_msgs/include/std_msgs/std_msgs/msg/detail/u_int16_multi_array__rosidl_typesupport_fastrtps_cpp.hpp
[1.448s] -- Up-to-date: /home/hiro/rust_ws/src/install/std_msgs/include/std_msgs/std_msgs/msg/detail/string__rosidl_typesupport_fastrtps_cpp.hpp
[1.448s] -- Up-to-date: /home/hiro/rust_ws/src/install/std_msgs/include/std_msgs/std_msgs/msg/detail/int64_multi_array__rosidl_typesupport_fastrtps_cpp.hpp
[1.448s] -- Up-to-date: /home/hiro/rust_ws/src/install/std_msgs/include/std_msgs/std_msgs/msg/detail/float64__rosidl_typesupport_fastrtps_cpp.hpp
[1.449s] -- Up-to-date: /home/hiro/rust_ws/src/install/std_msgs/include/std_msgs/std_msgs/msg/detail/int8__rosidl_typesupport_fastrtps_cpp.hpp
[1.449s] -- Up-to-date: /home/hiro/rust_ws/src/install/std_msgs/include/std_msgs/std_msgs/msg/detail/float32_multi_array__rosidl_typesupport_fastrtps_cpp.hpp
[1.449s] -- Up-to-date: /home/hiro/rust_ws/src/install/std_msgs/include/std_msgs/std_msgs/msg/detail/int16__rosidl_typesupport_fastrtps_cpp.hpp
[1.449s] -- Up-to-date: /home/hiro/rust_ws/src/install/std_msgs/include/std_msgs/std_msgs/msg/detail/u_int8_multi_array__rosidl_typesupport_fastrtps_cpp.hpp
[1.449s] -- Up-to-date: /home/hiro/rust_ws/src/install/std_msgs/include/std_msgs/std_msgs/msg/detail/int16_multi_array__rosidl_typesupport_fastrtps_cpp.hpp
[1.450s] -- Up-to-date: /home/hiro/rust_ws/src/install/std_msgs/include/std_msgs/std_msgs/msg/detail/color_rgba__rosidl_typesupport_fastrtps_cpp.hpp
[1.450s] -- Up-to-date: /home/hiro/rust_ws/src/install/std_msgs/include/std_msgs/std_msgs/msg/detail/multi_array_dimension__rosidl_typesupport_fastrtps_cpp.hpp
[1.450s] -- Up-to-date: /home/hiro/rust_ws/src/install/std_msgs/include/std_msgs/std_msgs/msg/detail/u_int32__rosidl_typesupport_fastrtps_cpp.hpp
[1.450s] -- Up-to-date: /home/hiro/rust_ws/src/install/std_msgs/include/std_msgs/std_msgs/msg/detail/header__rosidl_typesupport_fastrtps_cpp.hpp
[1.450s] -- Up-to-date: /home/hiro/rust_ws/src/install/std_msgs/include/std_msgs/std_msgs/msg/detail/int64__rosidl_typesupport_fastrtps_cpp.hpp
[1.450s] -- Up-to-date: /home/hiro/rust_ws/src/install/std_msgs/include/std_msgs/std_msgs/msg/detail/byte__rosidl_typesupport_fastrtps_cpp.hpp
[1.450s] -- Up-to-date: /home/hiro/rust_ws/src/install/std_msgs/include/std_msgs/std_msgs/msg/detail/u_int64__rosidl_typesupport_fastrtps_cpp.hpp
[1.450s] -- Up-to-date: /home/hiro/rust_ws/src/install/std_msgs/include/std_msgs/std_msgs/msg/detail/float32__rosidl_typesupport_fastrtps_cpp.hpp
[1.450s] -- Up-to-date: /home/hiro/rust_ws/src/install/std_msgs/include/std_msgs/std_msgs/msg/detail/empty__rosidl_typesupport_fastrtps_cpp.hpp
[1.451s] -- Up-to-date: /home/hiro/rust_ws/src/install/std_msgs/include/std_msgs/std_msgs/msg/detail/float64_multi_array__rosidl_typesupport_fastrtps_cpp.hpp
[1.451s] -- Up-to-date: /home/hiro/rust_ws/src/install/std_msgs/include/std_msgs/std_msgs/msg/detail/int32_multi_array__rosidl_typesupport_fastrtps_cpp.hpp
[1.451s] -- Up-to-date: /home/hiro/rust_ws/src/install/std_msgs/include/std_msgs/std_msgs/msg/detail/byte_multi_array__rosidl_typesupport_fastrtps_cpp.hpp
[1.451s] -- Up-to-date: /home/hiro/rust_ws/src/install/std_msgs/include/std_msgs/std_msgs/msg/detail/int32__rosidl_typesupport_fastrtps_cpp.hpp
[1.451s] -- Up-to-date: /home/hiro/rust_ws/src/install/std_msgs/include/std_msgs/std_msgs/msg/detail/u_int64_multi_array__rosidl_typesupport_fastrtps_cpp.hpp
[1.451s] -- Up-to-date: /home/hiro/rust_ws/src/install/std_msgs/lib/libstd_msgs__rosidl_typesupport_fastrtps_cpp.so
[1.452s] -- Up-to-date: /home/hiro/rust_ws/src/install/std_msgs/include/std_msgs/std_msgs
[1.453s] -- Up-to-date: /home/hiro/rust_ws/src/install/std_msgs/include/std_msgs/std_msgs/msg
[1.453s] -- Up-to-date: /home/hiro/rust_ws/src/install/std_msgs/include/std_msgs/std_msgs/msg/rosidl_typesupport_introspection_c__visibility_control.h
[1.454s] -- Up-to-date: /home/hiro/rust_ws/src/install/std_msgs/include/std_msgs/std_msgs/msg/detail
[1.455s] -- Up-to-date: /home/hiro/rust_ws/src/install/std_msgs/include/std_msgs/std_msgs/msg/detail/int16_multi_array__type_support.c
[1.455s] -- Up-to-date: /home/hiro/rust_ws/src/install/std_msgs/include/std_msgs/std_msgs/msg/detail/int16__rosidl_typesupport_introspection_c.h
[1.456s] -- Up-to-date: /home/hiro/rust_ws/src/install/std_msgs/include/std_msgs/std_msgs/msg/detail/int8_multi_array__rosidl_typesupport_introspection_c.h
[1.456s] -- Up-to-date: /home/hiro/rust_ws/src/install/std_msgs/include/std_msgs/std_msgs/msg/detail/u_int16_multi_array__type_support.c
[1.457s] -- Up-to-date: /home/hiro/rust_ws/src/install/std_msgs/include/std_msgs/std_msgs/msg/detail/color_rgba__rosidl_typesupport_introspection_c.h
[1.457s] -- Up-to-date: /home/hiro/rust_ws/src/install/std_msgs/include/std_msgs/std_msgs/msg/detail/header__type_support.c
[1.457s] -- Up-to-date: /home/hiro/rust_ws/src/install/std_msgs/include/std_msgs/std_msgs/msg/detail/multi_array_layout__type_support.c
[1.457s] -- Up-to-date: /home/hiro/rust_ws/src/install/std_msgs/include/std_msgs/std_msgs/msg/detail/u_int8_multi_array__type_support.c
[1.458s] -- Up-to-date: /home/hiro/rust_ws/src/install/std_msgs/include/std_msgs/std_msgs/msg/detail/byte__rosidl_typesupport_introspection_c.h
[1.459s] -- Up-to-date: /home/hiro/rust_ws/src/install/std_msgs/include/std_msgs/std_msgs/msg/detail/multi_array_dimension__type_support.c
[1.459s] -- Up-to-date: /home/hiro/rust_ws/src/install/std_msgs/include/std_msgs/std_msgs/msg/detail/float64__type_support.c
[1.459s] -- Up-to-date: /home/hiro/rust_ws/src/install/std_msgs/include/std_msgs/std_msgs/msg/detail/u_int32__type_support.c
[1.460s] -- Up-to-date: /home/hiro/rust_ws/src/install/std_msgs/include/std_msgs/std_msgs/msg/detail/int32__rosidl_typesupport_introspection_c.h
[1.460s] -- Up-to-date: /home/hiro/rust_ws/src/install/std_msgs/include/std_msgs/std_msgs/msg/detail/string__rosidl_typesupport_introspection_c.h
[1.460s] -- Up-to-date: /home/hiro/rust_ws/src/install/std_msgs/include/std_msgs/std_msgs/msg/detail/char__rosidl_typesupport_introspection_c.h
[1.460s] -- Up-to-date: /home/hiro/rust_ws/src/install/std_msgs/include/std_msgs/std_msgs/msg/detail/bool__type_support.c
[1.460s] -- Up-to-date: /home/hiro/rust_ws/src/install/std_msgs/include/std_msgs/std_msgs/msg/detail/int32__type_support.c
[1.460s] -- Up-to-date: /home/hiro/rust_ws/src/install/std_msgs/include/std_msgs/std_msgs/msg/detail/string__type_support.c
[1.461s] -- Up-to-date: /home/hiro/rust_ws/src/install/std_msgs/include/std_msgs/std_msgs/msg/detail/u_int64_multi_array__rosidl_typesupport_introspection_c.h
[1.461s] -- Up-to-date: /home/hiro/rust_ws/src/install/std_msgs/include/std_msgs/std_msgs/msg/detail/int64_multi_array__type_support.c
[1.461s] -- Up-to-date: /home/hiro/rust_ws/src/install/std_msgs/include/std_msgs/std_msgs/msg/detail/int32_multi_array__rosidl_typesupport_introspection_c.h
[1.461s] -- Up-to-date: /home/hiro/rust_ws/src/install/std_msgs/include/std_msgs/std_msgs/msg/detail/float32__type_support.c
[1.461s] -- Up-to-date: /home/hiro/rust_ws/src/install/std_msgs/include/std_msgs/std_msgs/msg/detail/float64_multi_array__type_support.c
[1.462s] -- Up-to-date: /home/hiro/rust_ws/src/install/std_msgs/include/std_msgs/std_msgs/msg/detail/u_int64__rosidl_typesupport_introspection_c.h
[1.462s] -- Up-to-date: /home/hiro/rust_ws/src/install/std_msgs/include/std_msgs/std_msgs/msg/detail/u_int8__rosidl_typesupport_introspection_c.h
[1.462s] -- Up-to-date: /home/hiro/rust_ws/src/install/std_msgs/include/std_msgs/std_msgs/msg/detail/u_int16_multi_array__rosidl_typesupport_introspection_c.h
[1.462s] -- Up-to-date: /home/hiro/rust_ws/src/install/std_msgs/include/std_msgs/std_msgs/msg/detail/u_int16__rosidl_typesupport_introspection_c.h
[1.462s] -- Up-to-date: /home/hiro/rust_ws/src/install/std_msgs/include/std_msgs/std_msgs/msg/detail/int8__rosidl_typesupport_introspection_c.h
[1.462s] -- Up-to-date: /home/hiro/rust_ws/src/install/std_msgs/include/std_msgs/std_msgs/msg/detail/float64__rosidl_typesupport_introspection_c.h
[1.464s] -- Up-to-date: /home/hiro/rust_ws/src/install/std_msgs/include/std_msgs/std_msgs/msg/detail/int64_multi_array__rosidl_typesupport_introspection_c.h
[1.465s] -- Up-to-date: /home/hiro/rust_ws/src/install/std_msgs/include/std_msgs/std_msgs/msg/detail/int64__rosidl_typesupport_introspection_c.h
[1.465s] -- Up-to-date: /home/hiro/rust_ws/src/install/std_msgs/include/std_msgs/std_msgs/msg/detail/u_int8__type_support.c
[1.465s] -- Up-to-date: /home/hiro/rust_ws/src/install/std_msgs/include/std_msgs/std_msgs/msg/detail/float32_multi_array__type_support.c
[1.465s] -- Up-to-date: /home/hiro/rust_ws/src/install/std_msgs/include/std_msgs/std_msgs/msg/detail/int8_multi_array__type_support.c
[1.465s] -- Up-to-date: /home/hiro/rust_ws/src/install/std_msgs/include/std_msgs/std_msgs/msg/detail/float32_multi_array__rosidl_typesupport_introspection_c.h
[1.465s] -- Up-to-date: /home/hiro/rust_ws/src/install/std_msgs/include/std_msgs/std_msgs/msg/detail/int8__type_support.c
[1.466s] -- Up-to-date: /home/hiro/rust_ws/src/install/std_msgs/include/std_msgs/std_msgs/msg/detail/byte__type_support.c
[1.466s] -- Up-to-date: /home/hiro/rust_ws/src/install/std_msgs/include/std_msgs/std_msgs/msg/detail/u_int16__type_support.c
[1.466s] -- Up-to-date: /home/hiro/rust_ws/src/install/std_msgs/include/std_msgs/std_msgs/msg/detail/bool__rosidl_typesupport_introspection_c.h
[1.466s] -- Up-to-date: /home/hiro/rust_ws/src/install/std_msgs/include/std_msgs/std_msgs/msg/detail/multi_array_dimension__rosidl_typesupport_introspection_c.h
[1.466s] -- Up-to-date: /home/hiro/rust_ws/src/install/std_msgs/include/std_msgs/std_msgs/msg/detail/header__rosidl_typesupport_introspection_c.h
[1.466s] -- Up-to-date: /home/hiro/rust_ws/src/install/std_msgs/include/std_msgs/std_msgs/msg/detail/u_int64_multi_array__type_support.c
[1.467s] -- Up-to-date: /home/hiro/rust_ws/src/install/std_msgs/include/std_msgs/std_msgs/msg/detail/u_int64__type_support.c
[1.467s] -- Up-to-date: /home/hiro/rust_ws/src/install/std_msgs/include/std_msgs/std_msgs/msg/detail/int32_multi_array__type_support.c
[1.467s] -- Up-to-date: /home/hiro/rust_ws/src/install/std_msgs/include/std_msgs/std_msgs/msg/detail/float64_multi_array__rosidl_typesupport_introspection_c.h
[1.467s] -- Up-to-date: /home/hiro/rust_ws/src/install/std_msgs/include/std_msgs/std_msgs/msg/detail/char__type_support.c
[1.467s] -- Up-to-date: /home/hiro/rust_ws/src/install/std_msgs/include/std_msgs/std_msgs/msg/detail/color_rgba__type_support.c
[1.467s] -- Up-to-date: /home/hiro/rust_ws/src/install/std_msgs/include/std_msgs/std_msgs/msg/detail/u_int32_multi_array__rosidl_typesupport_introspection_c.h
[1.468s] -- Up-to-date: /home/hiro/rust_ws/src/install/std_msgs/include/std_msgs/std_msgs/msg/detail/u_int32_multi_array__type_support.c
[1.468s] -- Up-to-date: /home/hiro/rust_ws/src/install/std_msgs/include/std_msgs/std_msgs/msg/detail/byte_multi_array__rosidl_typesupport_introspection_c.h
[1.468s] -- Up-to-date: /home/hiro/rust_ws/src/install/std_msgs/include/std_msgs/std_msgs/msg/detail/int16__type_support.c
[1.468s] -- Up-to-date: /home/hiro/rust_ws/src/install/std_msgs/include/std_msgs/std_msgs/msg/detail/int16_multi_array__rosidl_typesupport_introspection_c.h
[1.469s] -- Up-to-date: /home/hiro/rust_ws/src/install/std_msgs/include/std_msgs/std_msgs/msg/detail/byte_multi_array__type_support.c
[1.469s] -- Up-to-date: /home/hiro/rust_ws/src/install/std_msgs/include/std_msgs/std_msgs/msg/detail/int64__type_support.c
[1.469s] -- Up-to-date: /home/hiro/rust_ws/src/install/std_msgs/include/std_msgs/std_msgs/msg/detail/empty__type_support.c
[1.469s] -- Up-to-date: /home/hiro/rust_ws/src/install/std_msgs/include/std_msgs/std_msgs/msg/detail/float32__rosidl_typesupport_introspection_c.h
[1.470s] -- Up-to-date: /home/hiro/rust_ws/src/install/std_msgs/include/std_msgs/std_msgs/msg/detail/u_int8_multi_array__rosidl_typesupport_introspection_c.h
[1.470s] -- Up-to-date: /home/hiro/rust_ws/src/install/std_msgs/include/std_msgs/std_msgs/msg/detail/empty__rosidl_typesupport_introspection_c.h
[1.471s] -- Up-to-date: /home/hiro/rust_ws/src/install/std_msgs/include/std_msgs/std_msgs/msg/detail/u_int32__rosidl_typesupport_introspection_c.h
[1.471s] -- Up-to-date: /home/hiro/rust_ws/src/install/std_msgs/include/std_msgs/std_msgs/msg/detail/multi_array_layout__rosidl_typesupport_introspection_c.h
[1.471s] -- Up-to-date: /home/hiro/rust_ws/src/install/std_msgs/lib/libstd_msgs__rosidl_typesupport_introspection_c.so
[1.471s] -- Up-to-date: /home/hiro/rust_ws/src/install/std_msgs/lib/libstd_msgs__rosidl_typesupport_c.so
[1.472s] -- Up-to-date: /home/hiro/rust_ws/src/install/std_msgs/include/std_msgs/std_msgs
[1.472s] -- Up-to-date: /home/hiro/rust_ws/src/install/std_msgs/include/std_msgs/std_msgs/msg
[1.472s] -- Up-to-date: /home/hiro/rust_ws/src/install/std_msgs/include/std_msgs/std_msgs/msg/detail
[1.472s] -- Up-to-date: /home/hiro/rust_ws/src/install/std_msgs/include/std_msgs/std_msgs/msg/detail/float64__type_support.cpp
[1.472s] -- Up-to-date: /home/hiro/rust_ws/src/install/std_msgs/include/std_msgs/std_msgs/msg/detail/byte__type_support.cpp
[1.473s] -- Up-to-date: /home/hiro/rust_ws/src/install/std_msgs/include/std_msgs/std_msgs/msg/detail/u_int8_multi_array__rosidl_typesupport_introspection_cpp.hpp
[1.473s] -- Up-to-date: /home/hiro/rust_ws/src/install/std_msgs/include/std_msgs/std_msgs/msg/detail/int32_multi_array__rosidl_typesupport_introspection_cpp.hpp
[1.473s] -- Up-to-date: /home/hiro/rust_ws/src/install/std_msgs/include/std_msgs/std_msgs/msg/detail/color_rgba__type_support.cpp
[1.473s] -- Up-to-date: /home/hiro/rust_ws/src/install/std_msgs/include/std_msgs/std_msgs/msg/detail/u_int16__type_support.cpp
[1.473s] -- Up-to-date: /home/hiro/rust_ws/src/install/std_msgs/include/std_msgs/std_msgs/msg/detail/empty__rosidl_typesupport_introspection_cpp.hpp
[1.474s] -- Up-to-date: /home/hiro/rust_ws/src/install/std_msgs/include/std_msgs/std_msgs/msg/detail/int64_multi_array__type_support.cpp
[1.474s] -- Up-to-date: /home/hiro/rust_ws/src/install/std_msgs/include/std_msgs/std_msgs/msg/detail/int16_multi_array__rosidl_typesupport_introspection_cpp.hpp
[1.474s] -- Up-to-date: /home/hiro/rust_ws/src/install/std_msgs/include/std_msgs/std_msgs/msg/detail/int64__rosidl_typesupport_introspection_cpp.hpp
[1.474s] -- Up-to-date: /home/hiro/rust_ws/src/install/std_msgs/include/std_msgs/std_msgs/msg/detail/int16__rosidl_typesupport_introspection_cpp.hpp
[1.474s] -- Up-to-date: /home/hiro/rust_ws/src/install/std_msgs/include/std_msgs/std_msgs/msg/detail/float64_multi_array__rosidl_typesupport_introspection_cpp.hpp
[1.475s] -- Up-to-date: /home/hiro/rust_ws/src/install/std_msgs/include/std_msgs/std_msgs/msg/detail/string__type_support.cpp
[1.475s] -- Up-to-date: /home/hiro/rust_ws/src/install/std_msgs/include/std_msgs/std_msgs/msg/detail/float64__rosidl_typesupport_introspection_cpp.hpp
[1.475s] -- Up-to-date: /home/hiro/rust_ws/src/install/std_msgs/include/std_msgs/std_msgs/msg/detail/char__rosidl_typesupport_introspection_cpp.hpp
[1.475s] -- Up-to-date: /home/hiro/rust_ws/src/install/std_msgs/include/std_msgs/std_msgs/msg/detail/string__rosidl_typesupport_introspection_cpp.hpp
[1.475s] -- Up-to-date: /home/hiro/rust_ws/src/install/std_msgs/include/std_msgs/std_msgs/msg/detail/byte_multi_array__type_support.cpp
[1.477s] -- Up-to-date: /home/hiro/rust_ws/src/install/std_msgs/include/std_msgs/std_msgs/msg/detail/u_int8__rosidl_typesupport_introspection_cpp.hpp
[1.477s] -- Up-to-date: /home/hiro/rust_ws/src/install/std_msgs/include/std_msgs/std_msgs/msg/detail/u_int32_multi_array__rosidl_typesupport_introspection_cpp.hpp
[1.477s] -- Up-to-date: /home/hiro/rust_ws/src/install/std_msgs/include/std_msgs/std_msgs/msg/detail/bool__type_support.cpp
[1.477s] -- Up-to-date: /home/hiro/rust_ws/src/install/std_msgs/include/std_msgs/std_msgs/msg/detail/u_int8__type_support.cpp
[1.477s] -- Up-to-date: /home/hiro/rust_ws/src/install/std_msgs/include/std_msgs/std_msgs/msg/detail/u_int32_multi_array__type_support.cpp
[1.477s] -- Up-to-date: /home/hiro/rust_ws/src/install/std_msgs/include/std_msgs/std_msgs/msg/detail/u_int64__rosidl_typesupport_introspection_cpp.hpp
[1.478s] -- Up-to-date: /home/hiro/rust_ws/src/install/std_msgs/include/std_msgs/std_msgs/msg/detail/int8__type_support.cpp
[1.478s] -- Up-to-date: /home/hiro/rust_ws/src/install/std_msgs/include/std_msgs/std_msgs/msg/detail/u_int64_multi_array__rosidl_typesupport_introspection_cpp.hpp
[1.478s] -- Up-to-date: /home/hiro/rust_ws/src/install/std_msgs/include/std_msgs/std_msgs/msg/detail/float32__rosidl_typesupport_introspection_cpp.hpp
[1.478s] -- Up-to-date: /home/hiro/rust_ws/src/install/std_msgs/include/std_msgs/std_msgs/msg/detail/float32__type_support.cpp
[1.478s] -- Up-to-date: /home/hiro/rust_ws/src/install/std_msgs/include/std_msgs/std_msgs/msg/detail/int64__type_support.cpp
[1.478s] -- Up-to-date: /home/hiro/rust_ws/src/install/std_msgs/include/std_msgs/std_msgs/msg/detail/u_int8_multi_array__type_support.cpp
[1.478s] -- Up-to-date: /home/hiro/rust_ws/src/install/std_msgs/include/std_msgs/std_msgs/msg/detail/int8_multi_array__rosidl_typesupport_introspection_cpp.hpp
[1.479s] -- Up-to-date: /home/hiro/rust_ws/src/install/std_msgs/include/std_msgs/std_msgs/msg/detail/header__type_support.cpp
[1.479s] -- Up-to-date: /home/hiro/rust_ws/src/install/std_msgs/include/std_msgs/std_msgs/msg/detail/u_int64_multi_array__type_support.cpp
[1.479s] -- Up-to-date: /home/hiro/rust_ws/src/install/std_msgs/include/std_msgs/std_msgs/msg/detail/int32__type_support.cpp
[1.479s] -- Up-to-date: /home/hiro/rust_ws/src/install/std_msgs/include/std_msgs/std_msgs/msg/detail/int8__rosidl_typesupport_introspection_cpp.hpp
[1.479s] -- Up-to-date: /home/hiro/rust_ws/src/install/std_msgs/include/std_msgs/std_msgs/msg/detail/int16_multi_array__type_support.cpp
[1.479s] -- Up-to-date: /home/hiro/rust_ws/src/install/std_msgs/include/std_msgs/std_msgs/msg/detail/int8_multi_array__type_support.cpp
[1.480s] -- Up-to-date: /home/hiro/rust_ws/src/install/std_msgs/include/std_msgs/std_msgs/msg/detail/int16__type_support.cpp
[1.480s] -- Up-to-date: /home/hiro/rust_ws/src/install/std_msgs/include/std_msgs/std_msgs/msg/detail/byte_multi_array__rosidl_typesupport_introspection_cpp.hpp
[1.480s] -- Up-to-date: /home/hiro/rust_ws/src/install/std_msgs/include/std_msgs/std_msgs/msg/detail/char__type_support.cpp
[1.480s] -- Up-to-date: /home/hiro/rust_ws/src/install/std_msgs/include/std_msgs/std_msgs/msg/detail/color_rgba__rosidl_typesupport_introspection_cpp.hpp
[1.480s] -- Up-to-date: /home/hiro/rust_ws/src/install/std_msgs/include/std_msgs/std_msgs/msg/detail/u_int16_multi_array__type_support.cpp
[1.481s] -- Up-to-date: /home/hiro/rust_ws/src/install/std_msgs/include/std_msgs/std_msgs/msg/detail/float32_multi_array__rosidl_typesupport_introspection_cpp.hpp
[1.481s] -- Up-to-date: /home/hiro/rust_ws/src/install/std_msgs/include/std_msgs/std_msgs/msg/detail/int64_multi_array__rosidl_typesupport_introspection_cpp.hpp
[1.481s] -- Up-to-date: /home/hiro/rust_ws/src/install/std_msgs/include/std_msgs/std_msgs/msg/detail/u_int32__rosidl_typesupport_introspection_cpp.hpp
[1.481s] -- Up-to-date: /home/hiro/rust_ws/src/install/std_msgs/include/std_msgs/std_msgs/msg/detail/int32__rosidl_typesupport_introspection_cpp.hpp
[1.481s] -- Up-to-date: /home/hiro/rust_ws/src/install/std_msgs/include/std_msgs/std_msgs/msg/detail/float32_multi_array__type_support.cpp
[1.481s] -- Up-to-date: /home/hiro/rust_ws/src/install/std_msgs/include/std_msgs/std_msgs/msg/detail/multi_array_layout__rosidl_typesupport_introspection_cpp.hpp
[1.481s] -- Up-to-date: /home/hiro/rust_ws/src/install/std_msgs/include/std_msgs/std_msgs/msg/detail/multi_array_layout__type_support.cpp
[1.482s] -- Up-to-date: /home/hiro/rust_ws/src/install/std_msgs/include/std_msgs/std_msgs/msg/detail/multi_array_dimension__type_support.cpp
[1.482s] -- Up-to-date: /home/hiro/rust_ws/src/install/std_msgs/include/std_msgs/std_msgs/msg/detail/byte__rosidl_typesupport_introspection_cpp.hpp
[1.482s] -- Up-to-date: /home/hiro/rust_ws/src/install/std_msgs/include/std_msgs/std_msgs/msg/detail/header__rosidl_typesupport_introspection_cpp.hpp
[1.482s] -- Up-to-date: /home/hiro/rust_ws/src/install/std_msgs/include/std_msgs/std_msgs/msg/detail/float64_multi_array__type_support.cpp
[1.482s] -- Up-to-date: /home/hiro/rust_ws/src/install/std_msgs/include/std_msgs/std_msgs/msg/detail/u_int16_multi_array__rosidl_typesupport_introspection_cpp.hpp
[1.482s] -- Up-to-date: /home/hiro/rust_ws/src/install/std_msgs/include/std_msgs/std_msgs/msg/detail/u_int16__rosidl_typesupport_introspection_cpp.hpp
[1.482s] -- Up-to-date: /home/hiro/rust_ws/src/install/std_msgs/include/std_msgs/std_msgs/msg/detail/u_int64__type_support.cpp
[1.482s] -- Up-to-date: /home/hiro/rust_ws/src/install/std_msgs/include/std_msgs/std_msgs/msg/detail/int32_multi_array__type_support.cpp
[1.483s] -- Up-to-date: /home/hiro/rust_ws/src/install/std_msgs/include/std_msgs/std_msgs/msg/detail/bool__rosidl_typesupport_introspection_cpp.hpp
[1.483s] -- Up-to-date: /home/hiro/rust_ws/src/install/std_msgs/include/std_msgs/std_msgs/msg/detail/empty__type_support.cpp
[1.483s] -- Up-to-date: /home/hiro/rust_ws/src/install/std_msgs/include/std_msgs/std_msgs/msg/detail/u_int32__type_support.cpp
[1.483s] -- Up-to-date: /home/hiro/rust_ws/src/install/std_msgs/include/std_msgs/std_msgs/msg/detail/multi_array_dimension__rosidl_typesupport_introspection_cpp.hpp
[1.483s] -- Up-to-date: /home/hiro/rust_ws/src/install/std_msgs/lib/libstd_msgs__rosidl_typesupport_introspection_cpp.so
[1.483s] -- Up-to-date: /home/hiro/rust_ws/src/install/std_msgs/lib/libstd_msgs__rosidl_typesupport_cpp.so
[1.483s] -- Up-to-date: /home/hiro/rust_ws/src/install/std_msgs/share/ament_index/resource_index/rust_packages/std_msgs
[1.483s] -- Up-to-date: /home/hiro/rust_ws/src/install/std_msgs/share/std_msgs/rust
[1.483s] -- Up-to-date: /home/hiro/rust_ws/src/install/std_msgs/share/std_msgs/rust/Cargo.toml
[1.483s] -- Up-to-date: /home/hiro/rust_ws/src/install/std_msgs/share/std_msgs/rust/build.rs
[1.484s] -- Up-to-date: /home/hiro/rust_ws/src/install/std_msgs/share/std_msgs/rust/src
[1.484s] -- Up-to-date: /home/hiro/rust_ws/src/install/std_msgs/share/std_msgs/rust/src/msg.rs
[1.484s] -- Up-to-date: /home/hiro/rust_ws/src/install/std_msgs/share/std_msgs/rust/src/lib.rs
[1.484s] -- Up-to-date: /home/hiro/rust_ws/src/install/std_msgs/share/std_msgs/environment/pythonpath.sh
[1.485s] -- Up-to-date: /home/hiro/rust_ws/src/install/std_msgs/share/std_msgs/environment/pythonpath.dsv
[1.485s] -- Up-to-date: /home/hiro/rust_ws/src/install/std_msgs/local/lib/python3.10/dist-packages/std_msgs-4.2.4-py3.10.egg-info
[1.485s] -- Installing: /home/hiro/rust_ws/src/install/std_msgs/local/lib/python3.10/dist-packages/std_msgs-4.2.4-py3.10.egg-info/top_level.txt
[1.485s] -- Installing: /home/hiro/rust_ws/src/install/std_msgs/local/lib/python3.10/dist-packages/std_msgs-4.2.4-py3.10.egg-info/PKG-INFO
[1.485s] -- Installing: /home/hiro/rust_ws/src/install/std_msgs/local/lib/python3.10/dist-packages/std_msgs-4.2.4-py3.10.egg-info/SOURCES.txt
[1.485s] -- Installing: /home/hiro/rust_ws/src/install/std_msgs/local/lib/python3.10/dist-packages/std_msgs-4.2.4-py3.10.egg-info/dependency_links.txt
[1.485s] -- Up-to-date: /home/hiro/rust_ws/src/install/std_msgs/local/lib/python3.10/dist-packages/std_msgs
[1.485s] -- Up-to-date: /home/hiro/rust_ws/src/install/std_msgs/local/lib/python3.10/dist-packages/std_msgs/std_msgs_s__rosidl_typesupport_c.cpython-310-x86_64-linux-gnu.so
[1.485s] -- Up-to-date: /home/hiro/rust_ws/src/install/std_msgs/local/lib/python3.10/dist-packages/std_msgs/_std_msgs_s.ep.rosidl_typesupport_c.c
[1.486s] -- Up-to-date: /home/hiro/rust_ws/src/install/std_msgs/local/lib/python3.10/dist-packages/std_msgs/libstd_msgs__rosidl_generator_py.so
[1.486s] -- Up-to-date: /home/hiro/rust_ws/src/install/std_msgs/local/lib/python3.10/dist-packages/std_msgs/_std_msgs_s.ep.rosidl_typesupport_fastrtps_c.c
[1.486s] -- Up-to-date: /home/hiro/rust_ws/src/install/std_msgs/local/lib/python3.10/dist-packages/std_msgs/std_msgs_s__rosidl_typesupport_fastrtps_c.cpython-310-x86_64-linux-gnu.so
[1.486s] -- Up-to-date: /home/hiro/rust_ws/src/install/std_msgs/local/lib/python3.10/dist-packages/std_msgs/std_msgs_s__rosidl_typesupport_introspection_c.cpython-310-x86_64-linux-gnu.so
[1.486s] -- Up-to-date: /home/hiro/rust_ws/src/install/std_msgs/local/lib/python3.10/dist-packages/std_msgs/__init__.py
[1.487s] -- Up-to-date: /home/hiro/rust_ws/src/install/std_msgs/local/lib/python3.10/dist-packages/std_msgs/msg
[1.487s] -- Up-to-date: /home/hiro/rust_ws/src/install/std_msgs/local/lib/python3.10/dist-packages/std_msgs/msg/_multi_array_layout_s.c
[1.487s] -- Up-to-date: /home/hiro/rust_ws/src/install/std_msgs/local/lib/python3.10/dist-packages/std_msgs/msg/_u_int32_multi_array.py
[1.487s] -- Up-to-date: /home/hiro/rust_ws/src/install/std_msgs/local/lib/python3.10/dist-packages/std_msgs/msg/_u_int32.py
[1.487s] -- Up-to-date: /home/hiro/rust_ws/src/install/std_msgs/local/lib/python3.10/dist-packages/std_msgs/msg/_empty.py
[1.487s] -- Up-to-date: /home/hiro/rust_ws/src/install/std_msgs/local/lib/python3.10/dist-packages/std_msgs/msg/_int64_s.c
[1.487s] -- Up-to-date: /home/hiro/rust_ws/src/install/std_msgs/local/lib/python3.10/dist-packages/std_msgs/msg/_int32_s.c
[1.488s] -- Up-to-date: /home/hiro/rust_ws/src/install/std_msgs/local/lib/python3.10/dist-packages/std_msgs/msg/_color_rgba.py
[1.488s] -- Up-to-date: /home/hiro/rust_ws/src/install/std_msgs/local/lib/python3.10/dist-packages/std_msgs/msg/_u_int8_multi_array_s.c
[1.488s] -- Up-to-date: /home/hiro/rust_ws/src/install/std_msgs/local/lib/python3.10/dist-packages/std_msgs/msg/_u_int8_s.c
[1.488s] -- Up-to-date: /home/hiro/rust_ws/src/install/std_msgs/local/lib/python3.10/dist-packages/std_msgs/msg/_byte_multi_array.py
[1.488s] -- Up-to-date: /home/hiro/rust_ws/src/install/std_msgs/local/lib/python3.10/dist-packages/std_msgs/msg/_multi_array_layout.py
[1.488s] -- Up-to-date: /home/hiro/rust_ws/src/install/std_msgs/local/lib/python3.10/dist-packages/std_msgs/msg/_float32_multi_array_s.c
[1.488s] -- Up-to-date: /home/hiro/rust_ws/src/install/std_msgs/local/lib/python3.10/dist-packages/std_msgs/msg/_float64_s.c
[1.489s] -- Up-to-date: /home/hiro/rust_ws/src/install/std_msgs/local/lib/python3.10/dist-packages/std_msgs/msg/_int32_multi_array_s.c
[1.489s] -- Up-to-date: /home/hiro/rust_ws/src/install/std_msgs/local/lib/python3.10/dist-packages/std_msgs/msg/_char.py
[1.489s] -- Up-to-date: /home/hiro/rust_ws/src/install/std_msgs/local/lib/python3.10/dist-packages/std_msgs/msg/_u_int16_multi_array.py
[1.489s] -- Up-to-date: /home/hiro/rust_ws/src/install/std_msgs/local/lib/python3.10/dist-packages/std_msgs/msg/_int8_multi_array.py
[1.489s] -- Up-to-date: /home/hiro/rust_ws/src/install/std_msgs/local/lib/python3.10/dist-packages/std_msgs/msg/_int64_multi_array.py
[1.490s] -- Up-to-date: /home/hiro/rust_ws/src/install/std_msgs/local/lib/python3.10/dist-packages/std_msgs/msg/_byte.py
[1.490s] -- Up-to-date: /home/hiro/rust_ws/src/install/std_msgs/local/lib/python3.10/dist-packages/std_msgs/msg/_u_int64_s.c
[1.490s] -- Up-to-date: /home/hiro/rust_ws/src/install/std_msgs/local/lib/python3.10/dist-packages/std_msgs/msg/_float64_multi_array_s.c
[1.490s] -- Up-to-date: /home/hiro/rust_ws/src/install/std_msgs/local/lib/python3.10/dist-packages/std_msgs/msg/_char_s.c
[1.490s] -- Up-to-date: /home/hiro/rust_ws/src/install/std_msgs/local/lib/python3.10/dist-packages/std_msgs/msg/_int16_multi_array_s.c
[1.490s] -- Up-to-date: /home/hiro/rust_ws/src/install/std_msgs/local/lib/python3.10/dist-packages/std_msgs/msg/_header.py
[1.490s] -- Up-to-date: /home/hiro/rust_ws/src/install/std_msgs/local/lib/python3.10/dist-packages/std_msgs/msg/_int32.py
[1.490s] -- Up-to-date: /home/hiro/rust_ws/src/install/std_msgs/local/lib/python3.10/dist-packages/std_msgs/msg/_u_int16_s.c
[1.491s] -- Up-to-date: /home/hiro/rust_ws/src/install/std_msgs/local/lib/python3.10/dist-packages/std_msgs/msg/_int16_s.c
[1.491s] -- Up-to-date: /home/hiro/rust_ws/src/install/std_msgs/local/lib/python3.10/dist-packages/std_msgs/msg/_u_int32_multi_array_s.c
[1.491s] -- Up-to-date: /home/hiro/rust_ws/src/install/std_msgs/local/lib/python3.10/dist-packages/std_msgs/msg/_byte_multi_array_s.c
[1.491s] -- Up-to-date: /home/hiro/rust_ws/src/install/std_msgs/local/lib/python3.10/dist-packages/std_msgs/msg/_multi_array_dimension.py
[1.491s] -- Up-to-date: /home/hiro/rust_ws/src/install/std_msgs/local/lib/python3.10/dist-packages/std_msgs/msg/_string_s.c
[1.492s] -- Up-to-date: /home/hiro/rust_ws/src/install/std_msgs/local/lib/python3.10/dist-packages/std_msgs/msg/_u_int16.py
[1.492s] -- Up-to-date: /home/hiro/rust_ws/src/install/std_msgs/local/lib/python3.10/dist-packages/std_msgs/msg/_u_int64_multi_array.py
[1.492s] -- Up-to-date: /home/hiro/rust_ws/src/install/std_msgs/local/lib/python3.10/dist-packages/std_msgs/msg/_float32_s.c
[1.492s] -- Up-to-date: /home/hiro/rust_ws/src/install/std_msgs/local/lib/python3.10/dist-packages/std_msgs/msg/_multi_array_dimension_s.c
[1.492s] -- Up-to-date: /home/hiro/rust_ws/src/install/std_msgs/local/lib/python3.10/dist-packages/std_msgs/msg/_empty_s.c
[1.492s] -- Up-to-date: /home/hiro/rust_ws/src/install/std_msgs/local/lib/python3.10/dist-packages/std_msgs/msg/_int16_multi_array.py
[1.493s] -- Up-to-date: /home/hiro/rust_ws/src/install/std_msgs/local/lib/python3.10/dist-packages/std_msgs/msg/_bool.py
[1.493s] -- Up-to-date: /home/hiro/rust_ws/src/install/std_msgs/local/lib/python3.10/dist-packages/std_msgs/msg/__init__.py
[1.493s] -- Up-to-date: /home/hiro/rust_ws/src/install/std_msgs/local/lib/python3.10/dist-packages/std_msgs/msg/_float64_multi_array.py
[1.493s] -- Up-to-date: /home/hiro/rust_ws/src/install/std_msgs/local/lib/python3.10/dist-packages/std_msgs/msg/_int64_multi_array_s.c
[1.494s] -- Up-to-date: /home/hiro/rust_ws/src/install/std_msgs/local/lib/python3.10/dist-packages/std_msgs/msg/_float32_multi_array.py
[1.494s] -- Up-to-date: /home/hiro/rust_ws/src/install/std_msgs/local/lib/python3.10/dist-packages/std_msgs/msg/_u_int16_multi_array_s.c
[1.494s] -- Up-to-date: /home/hiro/rust_ws/src/install/std_msgs/local/lib/python3.10/dist-packages/std_msgs/msg/_float32.py
[1.494s] -- Up-to-date: /home/hiro/rust_ws/src/install/std_msgs/local/lib/python3.10/dist-packages/std_msgs/msg/_u_int32_s.c
[1.494s] -- Up-to-date: /home/hiro/rust_ws/src/install/std_msgs/local/lib/python3.10/dist-packages/std_msgs/msg/_int8_s.c
[1.494s] -- Up-to-date: /home/hiro/rust_ws/src/install/std_msgs/local/lib/python3.10/dist-packages/std_msgs/msg/_byte_s.c
[1.495s] -- Up-to-date: /home/hiro/rust_ws/src/install/std_msgs/local/lib/python3.10/dist-packages/std_msgs/msg/_color_rgba_s.c
[1.495s] -- Up-to-date: /home/hiro/rust_ws/src/install/std_msgs/local/lib/python3.10/dist-packages/std_msgs/msg/_bool_s.c
[1.495s] -- Up-to-date: /home/hiro/rust_ws/src/install/std_msgs/local/lib/python3.10/dist-packages/std_msgs/msg/_header_s.c
[1.495s] -- Up-to-date: /home/hiro/rust_ws/src/install/std_msgs/local/lib/python3.10/dist-packages/std_msgs/msg/_int16.py
[1.495s] -- Up-to-date: /home/hiro/rust_ws/src/install/std_msgs/local/lib/python3.10/dist-packages/std_msgs/msg/_u_int8_multi_array.py
[1.495s] -- Up-to-date: /home/hiro/rust_ws/src/install/std_msgs/local/lib/python3.10/dist-packages/std_msgs/msg/_int64.py
[1.495s] -- Up-to-date: /home/hiro/rust_ws/src/install/std_msgs/local/lib/python3.10/dist-packages/std_msgs/msg/_int32_multi_array.py
[1.496s] -- Up-to-date: /home/hiro/rust_ws/src/install/std_msgs/local/lib/python3.10/dist-packages/std_msgs/msg/_string.py
[1.496s] -- Up-to-date: /home/hiro/rust_ws/src/install/std_msgs/local/lib/python3.10/dist-packages/std_msgs/msg/_float64.py
[1.496s] -- Up-to-date: /home/hiro/rust_ws/src/install/std_msgs/local/lib/python3.10/dist-packages/std_msgs/msg/_int8.py
[1.497s] -- Up-to-date: /home/hiro/rust_ws/src/install/std_msgs/local/lib/python3.10/dist-packages/std_msgs/msg/_int8_multi_array_s.c
[1.497s] -- Up-to-date: /home/hiro/rust_ws/src/install/std_msgs/local/lib/python3.10/dist-packages/std_msgs/msg/_u_int64.py
[1.497s] -- Up-to-date: /home/hiro/rust_ws/src/install/std_msgs/local/lib/python3.10/dist-packages/std_msgs/msg/_u_int8.py
[1.497s] -- Up-to-date: /home/hiro/rust_ws/src/install/std_msgs/local/lib/python3.10/dist-packages/std_msgs/msg/_u_int64_multi_array_s.c
[1.497s] -- Up-to-date: /home/hiro/rust_ws/src/install/std_msgs/local/lib/python3.10/dist-packages/std_msgs/_std_msgs_s.ep.rosidl_typesupport_introspection_c.c
[1.498s] Listing '/home/hiro/rust_ws/src/install/std_msgs/local/lib/python3.10/dist-packages/std_msgs'...
[1.498s] Listing '/home/hiro/rust_ws/src/install/std_msgs/local/lib/python3.10/dist-packages/std_msgs/msg'...
[1.498s] -- Up-to-date: /home/hiro/rust_ws/src/install/std_msgs/local/lib/python3.10/dist-packages/std_msgs/std_msgs_s__rosidl_typesupport_fastrtps_c.cpython-310-x86_64-linux-gnu.so
[1.498s] -- Up-to-date: /home/hiro/rust_ws/src/install/std_msgs/local/lib/python3.10/dist-packages/std_msgs/std_msgs_s__rosidl_typesupport_introspection_c.cpython-310-x86_64-linux-gnu.so
[1.498s] -- Up-to-date: /home/hiro/rust_ws/src/install/std_msgs/local/lib/python3.10/dist-packages/std_msgs/std_msgs_s__rosidl_typesupport_c.cpython-310-x86_64-linux-gnu.so
[1.498s] -- Up-to-date: /home/hiro/rust_ws/src/install/std_msgs/lib/libstd_msgs__rosidl_generator_py.so
[1.498s] -- Up-to-date: /home/hiro/rust_ws/src/install/std_msgs/share/std_msgs/msg/Bool.idl
[1.498s] -- Up-to-date: /home/hiro/rust_ws/src/install/std_msgs/share/std_msgs/msg/Byte.idl
[1.499s] -- Up-to-date: /home/hiro/rust_ws/src/install/std_msgs/share/std_msgs/msg/ByteMultiArray.idl
[1.499s] -- Up-to-date: /home/hiro/rust_ws/src/install/std_msgs/share/std_msgs/msg/Char.idl
[1.499s] -- Up-to-date: /home/hiro/rust_ws/src/install/std_msgs/share/std_msgs/msg/ColorRGBA.idl
[1.499s] -- Up-to-date: /home/hiro/rust_ws/src/install/std_msgs/share/std_msgs/msg/Empty.idl
[1.499s] -- Up-to-date: /home/hiro/rust_ws/src/install/std_msgs/share/std_msgs/msg/Float32.idl
[1.499s] -- Up-to-date: /home/hiro/rust_ws/src/install/std_msgs/share/std_msgs/msg/Float32MultiArray.idl
[1.499s] -- Up-to-date: /home/hiro/rust_ws/src/install/std_msgs/share/std_msgs/msg/Float64.idl
[1.499s] -- Up-to-date: /home/hiro/rust_ws/src/install/std_msgs/share/std_msgs/msg/Float64MultiArray.idl
[1.500s] -- Up-to-date: /home/hiro/rust_ws/src/install/std_msgs/share/std_msgs/msg/Header.idl
[1.500s] -- Up-to-date: /home/hiro/rust_ws/src/install/std_msgs/share/std_msgs/msg/Int16.idl
[1.500s] -- Up-to-date: /home/hiro/rust_ws/src/install/std_msgs/share/std_msgs/msg/Int16MultiArray.idl
[1.500s] -- Up-to-date: /home/hiro/rust_ws/src/install/std_msgs/share/std_msgs/msg/Int32.idl
[1.500s] -- Up-to-date: /home/hiro/rust_ws/src/install/std_msgs/share/std_msgs/msg/Int32MultiArray.idl
[1.500s] -- Up-to-date: /home/hiro/rust_ws/src/install/std_msgs/share/std_msgs/msg/Int64.idl
[1.500s] -- Up-to-date: /home/hiro/rust_ws/src/install/std_msgs/share/std_msgs/msg/Int64MultiArray.idl
[1.501s] -- Up-to-date: /home/hiro/rust_ws/src/install/std_msgs/share/std_msgs/msg/Int8.idl
[1.501s] -- Up-to-date: /home/hiro/rust_ws/src/install/std_msgs/share/std_msgs/msg/Int8MultiArray.idl
[1.501s] -- Up-to-date: /home/hiro/rust_ws/src/install/std_msgs/share/std_msgs/msg/MultiArrayDimension.idl
[1.501s] -- Up-to-date: /home/hiro/rust_ws/src/install/std_msgs/share/std_msgs/msg/MultiArrayLayout.idl
[1.501s] -- Up-to-date: /home/hiro/rust_ws/src/install/std_msgs/share/std_msgs/msg/String.idl
[1.501s] -- Up-to-date: /home/hiro/rust_ws/src/install/std_msgs/share/std_msgs/msg/UInt16.idl
[1.501s] -- Up-to-date: /home/hiro/rust_ws/src/install/std_msgs/share/std_msgs/msg/UInt16MultiArray.idl
[1.502s] -- Up-to-date: /home/hiro/rust_ws/src/install/std_msgs/share/std_msgs/msg/UInt32.idl
[1.502s] -- Up-to-date: /home/hiro/rust_ws/src/install/std_msgs/share/std_msgs/msg/UInt32MultiArray.idl
[1.502s] -- Up-to-date: /home/hiro/rust_ws/src/install/std_msgs/share/std_msgs/msg/UInt64.idl
[1.502s] -- Up-to-date: /home/hiro/rust_ws/src/install/std_msgs/share/std_msgs/msg/UInt64MultiArray.idl
[1.502s] -- Up-to-date: /home/hiro/rust_ws/src/install/std_msgs/share/std_msgs/msg/UInt8.idl
[1.502s] -- Up-to-date: /home/hiro/rust_ws/src/install/std_msgs/share/std_msgs/msg/UInt8MultiArray.idl
[1.502s] -- Up-to-date: /home/hiro/rust_ws/src/install/std_msgs/share/std_msgs/msg/Bool.msg
[1.502s] -- Up-to-date: /home/hiro/rust_ws/src/install/std_msgs/share/std_msgs/msg/Byte.msg
[1.503s] -- Up-to-date: /home/hiro/rust_ws/src/install/std_msgs/share/std_msgs/msg/ByteMultiArray.msg
[1.503s] -- Up-to-date: /home/hiro/rust_ws/src/install/std_msgs/share/std_msgs/msg/Char.msg
[1.503s] -- Up-to-date: /home/hiro/rust_ws/src/install/std_msgs/share/std_msgs/msg/ColorRGBA.msg
[1.503s] -- Up-to-date: /home/hiro/rust_ws/src/install/std_msgs/share/std_msgs/msg/Empty.msg
[1.503s] -- Up-to-date: /home/hiro/rust_ws/src/install/std_msgs/share/std_msgs/msg/Float32.msg
[1.503s] -- Up-to-date: /home/hiro/rust_ws/src/install/std_msgs/share/std_msgs/msg/Float32MultiArray.msg
[1.503s] -- Up-to-date: /home/hiro/rust_ws/src/install/std_msgs/share/std_msgs/msg/Float64.msg
[1.504s] -- Up-to-date: /home/hiro/rust_ws/src/install/std_msgs/share/std_msgs/msg/Float64MultiArray.msg
[1.504s] -- Up-to-date: /home/hiro/rust_ws/src/install/std_msgs/share/std_msgs/msg/Header.msg
[1.505s] -- Up-to-date: /home/hiro/rust_ws/src/install/std_msgs/share/std_msgs/msg/Int16.msg
[1.505s] -- Up-to-date: /home/hiro/rust_ws/src/install/std_msgs/share/std_msgs/msg/Int16MultiArray.msg
[1.505s] -- Up-to-date: /home/hiro/rust_ws/src/install/std_msgs/share/std_msgs/msg/Int32.msg
[1.506s] -- Up-to-date: /home/hiro/rust_ws/src/install/std_msgs/share/std_msgs/msg/Int32MultiArray.msg
[1.506s] -- Up-to-date: /home/hiro/rust_ws/src/install/std_msgs/share/std_msgs/msg/Int64.msg
[1.506s] -- Up-to-date: /home/hiro/rust_ws/src/install/std_msgs/share/std_msgs/msg/Int64MultiArray.msg
[1.506s] -- Up-to-date: /home/hiro/rust_ws/src/install/std_msgs/share/std_msgs/msg/Int8.msg
[1.507s] -- Up-to-date: /home/hiro/rust_ws/src/install/std_msgs/share/std_msgs/msg/Int8MultiArray.msg
[1.507s] -- Up-to-date: /home/hiro/rust_ws/src/install/std_msgs/share/std_msgs/msg/MultiArrayDimension.msg
[1.507s] -- Up-to-date: /home/hiro/rust_ws/src/install/std_msgs/share/std_msgs/msg/MultiArrayLayout.msg
[1.507s] -- Up-to-date: /home/hiro/rust_ws/src/install/std_msgs/share/std_msgs/msg/String.msg
[1.507s] -- Up-to-date: /home/hiro/rust_ws/src/install/std_msgs/share/std_msgs/msg/UInt16.msg
[1.507s] -- Up-to-date: /home/hiro/rust_ws/src/install/std_msgs/share/std_msgs/msg/UInt16MultiArray.msg
[1.507s] -- Up-to-date: /home/hiro/rust_ws/src/install/std_msgs/share/std_msgs/msg/UInt32.msg
[1.508s] -- Up-to-date: /home/hiro/rust_ws/src/install/std_msgs/share/std_msgs/msg/UInt32MultiArray.msg
[1.508s] -- Up-to-date: /home/hiro/rust_ws/src/install/std_msgs/share/std_msgs/msg/UInt64.msg
[1.508s] -- Up-to-date: /home/hiro/rust_ws/src/install/std_msgs/share/std_msgs/msg/UInt64MultiArray.msg
[1.508s] -- Up-to-date: /home/hiro/rust_ws/src/install/std_msgs/share/std_msgs/msg/UInt8.msg
[1.508s] -- Up-to-date: /home/hiro/rust_ws/src/install/std_msgs/share/std_msgs/msg/UInt8MultiArray.msg
[1.508s] -- Up-to-date: /home/hiro/rust_ws/src/install/std_msgs/share/ament_index/resource_index/package_run_dependencies/std_msgs
[1.508s] -- Up-to-date: /home/hiro/rust_ws/src/install/std_msgs/share/ament_index/resource_index/parent_prefix_path/std_msgs
[1.509s] -- Up-to-date: /home/hiro/rust_ws/src/install/std_msgs/share/std_msgs/environment/ament_prefix_path.sh
[1.509s] -- Up-to-date: /home/hiro/rust_ws/src/install/std_msgs/share/std_msgs/environment/ament_prefix_path.dsv
[1.509s] -- Up-to-date: /home/hiro/rust_ws/src/install/std_msgs/share/std_msgs/environment/path.sh
[1.509s] -- Up-to-date: /home/hiro/rust_ws/src/install/std_msgs/share/std_msgs/environment/path.dsv
[1.509s] -- Up-to-date: /home/hiro/rust_ws/src/install/std_msgs/share/std_msgs/local_setup.bash
[1.509s] -- Up-to-date: /home/hiro/rust_ws/src/install/std_msgs/share/std_msgs/local_setup.sh
[1.510s] -- Up-to-date: /home/hiro/rust_ws/src/install/std_msgs/share/std_msgs/local_setup.zsh
[1.511s] -- Up-to-date: /home/hiro/rust_ws/src/install/std_msgs/share/std_msgs/local_setup.dsv
[1.511s] -- Installing: /home/hiro/rust_ws/src/install/std_msgs/share/std_msgs/package.dsv
[1.511s] -- Up-to-date: /home/hiro/rust_ws/src/install/std_msgs/share/ament_index/resource_index/packages/std_msgs
[1.512s] -- Up-to-date: /home/hiro/rust_ws/src/install/std_msgs/share/std_msgs/cmake/export_std_msgs__rosidl_generator_cExport.cmake
[1.512s] -- Up-to-date: /home/hiro/rust_ws/src/install/std_msgs/share/std_msgs/cmake/export_std_msgs__rosidl_generator_cExport-noconfig.cmake
[1.512s] -- Up-to-date: /home/hiro/rust_ws/src/install/std_msgs/share/std_msgs/cmake/export_std_msgs__rosidl_typesupport_fastrtps_cExport.cmake
[1.512s] -- Up-to-date: /home/hiro/rust_ws/src/install/std_msgs/share/std_msgs/cmake/export_std_msgs__rosidl_typesupport_fastrtps_cExport-noconfig.cmake
[1.512s] -- Up-to-date: /home/hiro/rust_ws/src/install/std_msgs/share/std_msgs/cmake/export_std_msgs__rosidl_generator_cppExport.cmake
[1.512s] -- Up-to-date: /home/hiro/rust_ws/src/install/std_msgs/share/std_msgs/cmake/export_std_msgs__rosidl_typesupport_fastrtps_cppExport.cmake
[1.513s] -- Up-to-date: /home/hiro/rust_ws/src/install/std_msgs/share/std_msgs/cmake/export_std_msgs__rosidl_typesupport_fastrtps_cppExport-noconfig.cmake
[1.513s] -- Up-to-date: /home/hiro/rust_ws/src/install/std_msgs/share/std_msgs/cmake/std_msgs__rosidl_typesupport_introspection_cExport.cmake
[1.513s] -- Up-to-date: /home/hiro/rust_ws/src/install/std_msgs/share/std_msgs/cmake/std_msgs__rosidl_typesupport_introspection_cExport-noconfig.cmake
[1.513s] -- Up-to-date: /home/hiro/rust_ws/src/install/std_msgs/share/std_msgs/cmake/std_msgs__rosidl_typesupport_cExport.cmake
[1.513s] -- Up-to-date: /home/hiro/rust_ws/src/install/std_msgs/share/std_msgs/cmake/std_msgs__rosidl_typesupport_cExport-noconfig.cmake
[1.514s] -- Up-to-date: /home/hiro/rust_ws/src/install/std_msgs/share/std_msgs/cmake/std_msgs__rosidl_typesupport_introspection_cppExport.cmake
[1.514s] -- Up-to-date: /home/hiro/rust_ws/src/install/std_msgs/share/std_msgs/cmake/std_msgs__rosidl_typesupport_introspection_cppExport-noconfig.cmake
[1.514s] -- Up-to-date: /home/hiro/rust_ws/src/install/std_msgs/share/std_msgs/cmake/std_msgs__rosidl_typesupport_cppExport.cmake
[1.514s] -- Up-to-date: /home/hiro/rust_ws/src/install/std_msgs/share/std_msgs/cmake/std_msgs__rosidl_typesupport_cppExport-noconfig.cmake
[1.514s] -- Up-to-date: /home/hiro/rust_ws/src/install/std_msgs/share/std_msgs/cmake/export_std_msgs__rosidl_generator_pyExport.cmake
[1.515s] -- Up-to-date: /home/hiro/rust_ws/src/install/std_msgs/share/std_msgs/cmake/export_std_msgs__rosidl_generator_pyExport-noconfig.cmake
[1.515s] -- Up-to-date: /home/hiro/rust_ws/src/install/std_msgs/share/std_msgs/cmake/rosidl_cmake-extras.cmake
[1.515s] -- Up-to-date: /home/hiro/rust_ws/src/install/std_msgs/share/std_msgs/cmake/ament_cmake_export_dependencies-extras.cmake
[1.515s] -- Up-to-date: /home/hiro/rust_ws/src/install/std_msgs/share/std_msgs/cmake/ament_cmake_export_include_directories-extras.cmake
[1.515s] -- Up-to-date: /home/hiro/rust_ws/src/install/std_msgs/share/std_msgs/cmake/ament_cmake_export_libraries-extras.cmake
[1.515s] -- Up-to-date: /home/hiro/rust_ws/src/install/std_msgs/share/std_msgs/cmake/ament_cmake_export_targets-extras.cmake
[1.515s] -- Up-to-date: /home/hiro/rust_ws/src/install/std_msgs/share/std_msgs/cmake/rosidl_cmake_export_typesupport_targets-extras.cmake
[1.515s] -- Up-to-date: /home/hiro/rust_ws/src/install/std_msgs/share/std_msgs/cmake/rosidl_cmake_export_typesupport_libraries-extras.cmake
[1.516s] -- Up-to-date: /home/hiro/rust_ws/src/install/std_msgs/share/std_msgs/cmake/std_msgsConfig.cmake
[1.516s] -- Up-to-date: /home/hiro/rust_ws/src/install/std_msgs/share/std_msgs/cmake/std_msgsConfig-version.cmake
[1.516s] -- Up-to-date: /home/hiro/rust_ws/src/install/std_msgs/share/std_msgs/package.xml
[1.516s] Invoked command in '/home/hiro/rust_ws/src/build/std_msgs' returned '0': AMENT_PREFIX_PATH=/home/hiro/rust_ws/src/install/builtin_interfaces:/home/hiro/rust_ws/src/install/rosidl_default_runtime:/home/hiro/rust_ws/src/install/rosidl_default_generators:/home/hiro/rust_ws/src/install/rosidl_generator_rs:/home/hiro/rust_ws/src/install/rosidl_runtime_rs:${AMENT_PREFIX_PATH} CMAKE_PREFIX_PATH=/home/hiro/rust_ws/src/install/builtin_interfaces:/home/hiro/rust_ws/src/install/rosidl_default_runtime:/home/hiro/rust_ws/src/install/rosidl_default_generators:/home/hiro/rust_ws/src/install/rosidl_generator_rs:/home/hiro/ws_livox/install/livox_ros_driver2:/opt/ros/humble LD_LIBRARY_PATH=/home/hiro/rust_ws/src/install/builtin_interfaces/lib:${LD_LIBRARY_PATH} PYTHONPATH=/home/hiro/rust_ws/src/install/builtin_interfaces/local/lib/python3.10/dist-packages:/home/hiro/rust_ws/src/install/rosidl_generator_rs/local/lib/python3.10/dist-packages:${PYTHONPATH} /usr/bin/cmake --install /home/hiro/rust_ws/src/build/std_msgs
