[0.009s] Invoking command in '/home/hiromichi/rost2/build/rosidl_generator_rs': AMENT_PREFIX_PATH=/home/hiromichi/rost2/install/rosidl_runtime_rs:${AMENT_PREFIX_PATH} CMAKE_PREFIX_PATH=/opt/ros/humble /usr/bin/cmake --build /home/hiromichi/rost2/build/rosidl_generator_rs -- -j20 -l20
[0.040s] Built target ament_cmake_python_copy_rosidl_generator_rs
[0.165s] running egg_info
[0.166s] writing rosidl_generator_rs.egg-info/PKG-INFO
[0.166s] writing dependency_links to rosidl_generator_rs.egg-info/dependency_links.txt
[0.166s] writing top-level names to rosidl_generator_rs.egg-info/top_level.txt
[0.167s] reading manifest file 'rosidl_generator_rs.egg-info/SOURCES.txt'
[0.168s] writing manifest file 'rosidl_generator_rs.egg-info/SOURCES.txt'
[0.184s] Built target ament_cmake_python_build_rosidl_generator_rs_egg
[0.189s] Invoked command in '/home/hiromichi/rost2/build/rosidl_generator_rs' returned '0': AMENT_PREFIX_PATH=/home/hiromichi/rost2/install/rosidl_runtime_rs:${AMENT_PREFIX_PATH} CMAKE_PREFIX_PATH=/opt/ros/humble /usr/bin/cmake --build /home/hiromichi/rost2/build/rosidl_generator_rs -- -j20 -l20
[0.200s] Invoking command in '/home/hiromichi/rost2/build/rosidl_generator_rs': AMENT_PREFIX_PATH=/home/hiromichi/rost2/install/rosidl_runtime_rs:${AMENT_PREFIX_PATH} CMAKE_PREFIX_PATH=/opt/ros/humble /usr/bin/cmake --install /home/hiromichi/rost2/build/rosidl_generator_rs
[0.204s] -- Install configuration: ""
[0.205s] -- Up-to-date: /home/hiromichi/rost2/install/rosidl_generator_rs/share/ament_index/resource_index/rosidl_generator_packages/rosidl_generator_rs
[0.205s] -- Up-to-date: /home/hiromichi/rost2/install/rosidl_generator_rs/share/ament_index/resource_index/rosidl_runtime_packages/rosidl_generator_rs
[0.205s] -- Up-to-date: /home/hiromichi/rost2/install/rosidl_generator_rs/share/rosidl_generator_rs/environment/pythonpath.sh
[0.205s] -- Up-to-date: /home/hiromichi/rost2/install/rosidl_generator_rs/share/rosidl_generator_rs/environment/pythonpath.dsv
[0.206s] -- Up-to-date: /home/hiromichi/rost2/install/rosidl_generator_rs/local/lib/python3.10/dist-packages/rosidl_generator_rs-0.4.1-py3.10.egg-info
[0.206s] -- Installing: /home/hiromichi/rost2/install/rosidl_generator_rs/local/lib/python3.10/dist-packages/rosidl_generator_rs-0.4.1-py3.10.egg-info/top_level.txt
[0.206s] -- Installing: /home/hiromichi/rost2/install/rosidl_generator_rs/local/lib/python3.10/dist-packages/rosidl_generator_rs-0.4.1-py3.10.egg-info/dependency_links.txt
[0.206s] -- Installing: /home/hiromichi/rost2/install/rosidl_generator_rs/local/lib/python3.10/dist-packages/rosidl_generator_rs-0.4.1-py3.10.egg-info/SOURCES.txt
[0.206s] -- Installing: /home/hiromichi/rost2/install/rosidl_generator_rs/local/lib/python3.10/dist-packages/rosidl_generator_rs-0.4.1-py3.10.egg-info/PKG-INFO
[0.206s] -- Up-to-date: /home/hiromichi/rost2/install/rosidl_generator_rs/local/lib/python3.10/dist-packages/rosidl_generator_rs
[0.206s] -- Up-to-date: /home/hiromichi/rost2/install/rosidl_generator_rs/local/lib/python3.10/dist-packages/rosidl_generator_rs/__init__.py
[0.224s] Listing '/home/hiromichi/rost2/install/rosidl_generator_rs/local/lib/python3.10/dist-packages/rosidl_generator_rs'...
[0.226s] -- Up-to-date: /home/hiromichi/rost2/install/rosidl_generator_rs/share/ament_index/resource_index/package_run_dependencies/rosidl_generator_rs
[0.227s] -- Up-to-date: /home/hiromichi/rost2/install/rosidl_generator_rs/share/ament_index/resource_index/parent_prefix_path/rosidl_generator_rs
[0.227s] -- Up-to-date: /home/hiromichi/rost2/install/rosidl_generator_rs/share/rosidl_generator_rs/environment/ament_prefix_path.sh
[0.227s] -- Up-to-date: /home/hiromichi/rost2/install/rosidl_generator_rs/share/rosidl_generator_rs/environment/ament_prefix_path.dsv
[0.227s] -- Up-to-date: /home/hiromichi/rost2/install/rosidl_generator_rs/share/rosidl_generator_rs/environment/path.sh
[0.227s] -- Up-to-date: /home/hiromichi/rost2/install/rosidl_generator_rs/share/rosidl_generator_rs/environment/path.dsv
[0.227s] -- Up-to-date: /home/hiromichi/rost2/install/rosidl_generator_rs/share/rosidl_generator_rs/local_setup.bash
[0.227s] -- Up-to-date: /home/hiromichi/rost2/install/rosidl_generator_rs/share/rosidl_generator_rs/local_setup.sh
[0.227s] -- Up-to-date: /home/hiromichi/rost2/install/rosidl_generator_rs/share/rosidl_generator_rs/local_setup.zsh
[0.227s] -- Up-to-date: /home/hiromichi/rost2/install/rosidl_generator_rs/share/rosidl_generator_rs/local_setup.dsv
[0.228s] -- Up-to-date: /home/hiromichi/rost2/install/rosidl_generator_rs/share/rosidl_generator_rs/package.dsv
[0.228s] -- Up-to-date: /home/hiromichi/rost2/install/rosidl_generator_rs/share/ament_index/resource_index/packages/rosidl_generator_rs
[0.228s] -- Up-to-date: /home/hiromichi/rost2/install/rosidl_generator_rs/share/rosidl_generator_rs/cmake/rosidl_generator_rs-extras.cmake
[0.228s] -- Up-to-date: /home/hiromichi/rost2/install/rosidl_generator_rs/share/rosidl_generator_rs/cmake/register_rs.cmake
[0.228s] -- Up-to-date: /home/hiromichi/rost2/install/rosidl_generator_rs/share/rosidl_generator_rs/cmake/ament_cmake_export_dependencies-extras.cmake
[0.228s] -- Up-to-date: /home/hiromichi/rost2/install/rosidl_generator_rs/share/rosidl_generator_rs/cmake/rosidl_generator_rsConfig.cmake
[0.228s] -- Up-to-date: /home/hiromichi/rost2/install/rosidl_generator_rs/share/rosidl_generator_rs/cmake/rosidl_generator_rsConfig-version.cmake
[0.228s] -- Up-to-date: /home/hiromichi/rost2/install/rosidl_generator_rs/share/rosidl_generator_rs/package.xml
[0.228s] -- Up-to-date: /home/hiromichi/rost2/install/rosidl_generator_rs/share/rosidl_generator_rs/cmake
[0.228s] -- Up-to-date: /home/hiromichi/rost2/install/rosidl_generator_rs/share/rosidl_generator_rs/cmake/rosidl_generator_rs_generate_interfaces.cmake
[0.228s] -- Up-to-date: /home/hiromichi/rost2/install/rosidl_generator_rs/share/rosidl_generator_rs/cmake/custom_command.cmake
[0.228s] -- Up-to-date: /home/hiromichi/rost2/install/rosidl_generator_rs/share/rosidl_generator_rs/cmake/register_rs.cmake
[0.228s] -- Up-to-date: /home/hiromichi/rost2/install/rosidl_generator_rs/lib/rosidl_generator_rs/rosidl_generator_rs
[0.229s] -- Up-to-date: /home/hiromichi/rost2/install/rosidl_generator_rs/share/rosidl_generator_rs/cmake
[0.229s] -- Up-to-date: /home/hiromichi/rost2/install/rosidl_generator_rs/share/rosidl_generator_rs/cmake/rosidl_generator_rs_generate_interfaces.cmake
[0.229s] -- Up-to-date: /home/hiromichi/rost2/install/rosidl_generator_rs/share/rosidl_generator_rs/cmake/custom_command.cmake
[0.229s] -- Up-to-date: /home/hiromichi/rost2/install/rosidl_generator_rs/share/rosidl_generator_rs/cmake/register_rs.cmake
[0.229s] -- Up-to-date: /home/hiromichi/rost2/install/rosidl_generator_rs/share/rosidl_generator_rs/resource
[0.229s] -- Up-to-date: /home/hiromichi/rost2/install/rosidl_generator_rs/share/rosidl_generator_rs/resource/msg.rs.em
[0.229s] -- Up-to-date: /home/hiromichi/rost2/install/rosidl_generator_rs/share/rosidl_generator_rs/resource/build.rs.em
[0.229s] -- Up-to-date: /home/hiromichi/rost2/install/rosidl_generator_rs/share/rosidl_generator_rs/resource/Cargo.toml.em
[0.229s] -- Up-to-date: /home/hiromichi/rost2/install/rosidl_generator_rs/share/rosidl_generator_rs/resource/lib.rs.em
[0.229s] -- Up-to-date: /home/hiromichi/rost2/install/rosidl_generator_rs/share/rosidl_generator_rs/resource/msg_idiomatic.rs.em
[0.229s] -- Up-to-date: /home/hiromichi/rost2/install/rosidl_generator_rs/share/rosidl_generator_rs/resource/srv.rs.em
[0.229s] -- Up-to-date: /home/hiromichi/rost2/install/rosidl_generator_rs/share/rosidl_generator_rs/resource/msg_rmw.rs.em
[0.230s] Invoked command in '/home/hiromichi/rost2/build/rosidl_generator_rs' returned '0': AMENT_PREFIX_PATH=/home/hiromichi/rost2/install/rosidl_runtime_rs:${AMENT_PREFIX_PATH} CMAKE_PREFIX_PATH=/opt/ros/humble /usr/bin/cmake --install /home/hiromichi/rost2/build/rosidl_generator_rs
