[0.005s] Invoking command in '/home/hiromichi/rost2/build/rosidl_generator_rs': AMENT_PREFIX_PATH=/home/hiromichi/rost2/install/rosidl_runtime_rs:${AMENT_PREFIX_PATH} CMAKE_PREFIX_PATH=/opt/ros/humble /usr/bin/cmake /home/hiromichi/rost2/src/ros2_rust/rosidl_generator_rs -DCMAKE_INSTALL_PREFIX=/home/hiromichi/rost2/install/rosidl_generator_rs
[0.074s] -- The C compiler identification is GNU 11.4.0
[0.138s] -- The CXX compiler identification is GNU 11.4.0
[0.145s] -- Detecting C compiler ABI info
[0.181s] -- Detecting C compiler ABI info - done
[0.186s] -- Check for working C compiler: /usr/bin/cc - skipped
[0.186s] -- Detecting C compile features
[0.187s] -- Detecting C compile features - done
[0.190s] -- Detecting CXX compiler ABI info
[0.233s] -- Detecting CXX compiler ABI info - done
[0.237s] -- Check for working CXX compiler: /usr/bin/c++ - skipped
[0.237s] -- Detecting CXX compile features
[0.237s] -- Detecting CXX compile features - done
[0.241s] -- Found ament_cmake: 1.3.2 (/opt/ros/humble/share/ament_cmake/cmake)
[0.343s] -- Found Python3: /usr/bin/python3.10 (found version "3.10.12") found components: Interpreter 
[0.411s] -- Found rosidl_generator_c: 3.1.3 (/opt/ros/humble/share/rosidl_generator_c/cmake)
[0.416s] -- Found rosidl_adapter: 3.1.3 (/opt/ros/humble/share/rosidl_adapter/cmake)
[0.424s] -- Found rosidl_typesupport_introspection_c: 3.1.3 (/opt/ros/humble/share/rosidl_typesupport_introspection_c/cmake)
[0.538s] -- Configuring done
[0.540s] -- Generating done
[0.541s] -- Build files have been written to: /home/hiromichi/rost2/build/rosidl_generator_rs
[0.544s] Invoked command in '/home/hiromichi/rost2/build/rosidl_generator_rs' returned '0': AMENT_PREFIX_PATH=/home/hiromichi/rost2/install/rosidl_runtime_rs:${AMENT_PREFIX_PATH} CMAKE_PREFIX_PATH=/opt/ros/humble /usr/bin/cmake /home/hiromichi/rost2/src/ros2_rust/rosidl_generator_rs -DCMAKE_INSTALL_PREFIX=/home/hiromichi/rost2/install/rosidl_generator_rs
[0.545s] Invoking command in '/home/hiromichi/rost2/build/rosidl_generator_rs': AMENT_PREFIX_PATH=/home/hiromichi/rost2/install/rosidl_runtime_rs:${AMENT_PREFIX_PATH} CMAKE_PREFIX_PATH=/opt/ros/humble /usr/bin/cmake --build /home/hiromichi/rost2/build/rosidl_generator_rs -- -j20 -l20
[0.571s] Built target ament_cmake_python_copy_rosidl_generator_rs
[0.702s] running egg_info
[0.703s] creating rosidl_generator_rs.egg-info
[0.703s] writing rosidl_generator_rs.egg-info/PKG-INFO
[0.703s] writing dependency_links to rosidl_generator_rs.egg-info/dependency_links.txt
[0.703s] writing top-level names to rosidl_generator_rs.egg-info/top_level.txt
[0.703s] writing manifest file 'rosidl_generator_rs.egg-info/SOURCES.txt'
[0.705s] reading manifest file 'rosidl_generator_rs.egg-info/SOURCES.txt'
[0.705s] writing manifest file 'rosidl_generator_rs.egg-info/SOURCES.txt'
[0.720s] Built target ament_cmake_python_build_rosidl_generator_rs_egg
[0.725s] Invoked command in '/home/hiromichi/rost2/build/rosidl_generator_rs' returned '0': AMENT_PREFIX_PATH=/home/hiromichi/rost2/install/rosidl_runtime_rs:${AMENT_PREFIX_PATH} CMAKE_PREFIX_PATH=/opt/ros/humble /usr/bin/cmake --build /home/hiromichi/rost2/build/rosidl_generator_rs -- -j20 -l20
[0.738s] Invoking command in '/home/hiromichi/rost2/build/rosidl_generator_rs': AMENT_PREFIX_PATH=/home/hiromichi/rost2/install/rosidl_runtime_rs:${AMENT_PREFIX_PATH} CMAKE_PREFIX_PATH=/opt/ros/humble /usr/bin/cmake --install /home/hiromichi/rost2/build/rosidl_generator_rs
[0.741s] -- Install configuration: ""
[0.741s] -- Installing: /home/hiromichi/rost2/install/rosidl_generator_rs/share/ament_index/resource_index/rosidl_generator_packages/rosidl_generator_rs
[0.741s] -- Installing: /home/hiromichi/rost2/install/rosidl_generator_rs/share/ament_index/resource_index/rosidl_runtime_packages/rosidl_generator_rs
[0.741s] -- Installing: /home/hiromichi/rost2/install/rosidl_generator_rs/share/rosidl_generator_rs/environment/pythonpath.sh
[0.741s] -- Installing: /home/hiromichi/rost2/install/rosidl_generator_rs/share/rosidl_generator_rs/environment/pythonpath.dsv
[0.742s] -- Installing: /home/hiromichi/rost2/install/rosidl_generator_rs/local/lib/python3.10/dist-packages/rosidl_generator_rs-0.4.1-py3.10.egg-info
[0.742s] -- Installing: /home/hiromichi/rost2/install/rosidl_generator_rs/local/lib/python3.10/dist-packages/rosidl_generator_rs-0.4.1-py3.10.egg-info/top_level.txt
[0.742s] -- Installing: /home/hiromichi/rost2/install/rosidl_generator_rs/local/lib/python3.10/dist-packages/rosidl_generator_rs-0.4.1-py3.10.egg-info/dependency_links.txt
[0.742s] -- Installing: /home/hiromichi/rost2/install/rosidl_generator_rs/local/lib/python3.10/dist-packages/rosidl_generator_rs-0.4.1-py3.10.egg-info/SOURCES.txt
[0.742s] -- Installing: /home/hiromichi/rost2/install/rosidl_generator_rs/local/lib/python3.10/dist-packages/rosidl_generator_rs-0.4.1-py3.10.egg-info/PKG-INFO
[0.742s] -- Installing: /home/hiromichi/rost2/install/rosidl_generator_rs/local/lib/python3.10/dist-packages/rosidl_generator_rs
[0.742s] -- Installing: /home/hiromichi/rost2/install/rosidl_generator_rs/local/lib/python3.10/dist-packages/rosidl_generator_rs/__init__.py
[0.763s] Listing '/home/hiromichi/rost2/install/rosidl_generator_rs/local/lib/python3.10/dist-packages/rosidl_generator_rs'...
[0.763s] Compiling '/home/hiromichi/rost2/install/rosidl_generator_rs/local/lib/python3.10/dist-packages/rosidl_generator_rs/__init__.py'...
[0.766s] -- Installing: /home/hiromichi/rost2/install/rosidl_generator_rs/share/ament_index/resource_index/package_run_dependencies/rosidl_generator_rs
[0.766s] -- Installing: /home/hiromichi/rost2/install/rosidl_generator_rs/share/ament_index/resource_index/parent_prefix_path/rosidl_generator_rs
[0.766s] -- Installing: /home/hiromichi/rost2/install/rosidl_generator_rs/share/rosidl_generator_rs/environment/ament_prefix_path.sh
[0.766s] -- Installing: /home/hiromichi/rost2/install/rosidl_generator_rs/share/rosidl_generator_rs/environment/ament_prefix_path.dsv
[0.766s] -- Installing: /home/hiromichi/rost2/install/rosidl_generator_rs/share/rosidl_generator_rs/environment/path.sh
[0.766s] -- Installing: /home/hiromichi/rost2/install/rosidl_generator_rs/share/rosidl_generator_rs/environment/path.dsv
[0.766s] -- Installing: /home/hiromichi/rost2/install/rosidl_generator_rs/share/rosidl_generator_rs/local_setup.bash
[0.766s] -- Installing: /home/hiromichi/rost2/install/rosidl_generator_rs/share/rosidl_generator_rs/local_setup.sh
[0.767s] -- Installing: /home/hiromichi/rost2/install/rosidl_generator_rs/share/rosidl_generator_rs/local_setup.zsh
[0.767s] -- Installing: /home/hiromichi/rost2/install/rosidl_generator_rs/share/rosidl_generator_rs/local_setup.dsv
[0.767s] -- Installing: /home/hiromichi/rost2/install/rosidl_generator_rs/share/rosidl_generator_rs/package.dsv
[0.767s] -- Installing: /home/hiromichi/rost2/install/rosidl_generator_rs/share/ament_index/resource_index/packages/rosidl_generator_rs
[0.767s] -- Installing: /home/hiromichi/rost2/install/rosidl_generator_rs/share/rosidl_generator_rs/cmake/rosidl_generator_rs-extras.cmake
[0.767s] -- Installing: /home/hiromichi/rost2/install/rosidl_generator_rs/share/rosidl_generator_rs/cmake/register_rs.cmake
[0.767s] -- Installing: /home/hiromichi/rost2/install/rosidl_generator_rs/share/rosidl_generator_rs/cmake/ament_cmake_export_dependencies-extras.cmake
[0.767s] -- Installing: /home/hiromichi/rost2/install/rosidl_generator_rs/share/rosidl_generator_rs/cmake/rosidl_generator_rsConfig.cmake
[0.767s] -- Installing: /home/hiromichi/rost2/install/rosidl_generator_rs/share/rosidl_generator_rs/cmake/rosidl_generator_rsConfig-version.cmake
[0.767s] -- Installing: /home/hiromichi/rost2/install/rosidl_generator_rs/share/rosidl_generator_rs/package.xml
[0.767s] -- Up-to-date: /home/hiromichi/rost2/install/rosidl_generator_rs/share/rosidl_generator_rs/cmake
[0.767s] -- Installing: /home/hiromichi/rost2/install/rosidl_generator_rs/share/rosidl_generator_rs/cmake/rosidl_generator_rs_generate_interfaces.cmake
[0.768s] -- Installing: /home/hiromichi/rost2/install/rosidl_generator_rs/share/rosidl_generator_rs/cmake/custom_command.cmake
[0.768s] -- Up-to-date: /home/hiromichi/rost2/install/rosidl_generator_rs/share/rosidl_generator_rs/cmake/register_rs.cmake
[0.768s] -- Installing: /home/hiromichi/rost2/install/rosidl_generator_rs/lib/rosidl_generator_rs/rosidl_generator_rs
[0.768s] -- Up-to-date: /home/hiromichi/rost2/install/rosidl_generator_rs/share/rosidl_generator_rs/cmake
[0.768s] -- Up-to-date: /home/hiromichi/rost2/install/rosidl_generator_rs/share/rosidl_generator_rs/cmake/rosidl_generator_rs_generate_interfaces.cmake
[0.768s] -- Up-to-date: /home/hiromichi/rost2/install/rosidl_generator_rs/share/rosidl_generator_rs/cmake/custom_command.cmake
[0.768s] -- Up-to-date: /home/hiromichi/rost2/install/rosidl_generator_rs/share/rosidl_generator_rs/cmake/register_rs.cmake
[0.768s] -- Installing: /home/hiromichi/rost2/install/rosidl_generator_rs/share/rosidl_generator_rs/resource
[0.768s] -- Installing: /home/hiromichi/rost2/install/rosidl_generator_rs/share/rosidl_generator_rs/resource/msg.rs.em
[0.768s] -- Installing: /home/hiromichi/rost2/install/rosidl_generator_rs/share/rosidl_generator_rs/resource/build.rs.em
[0.768s] -- Installing: /home/hiromichi/rost2/install/rosidl_generator_rs/share/rosidl_generator_rs/resource/Cargo.toml.em
[0.768s] -- Installing: /home/hiromichi/rost2/install/rosidl_generator_rs/share/rosidl_generator_rs/resource/lib.rs.em
[0.769s] -- Installing: /home/hiromichi/rost2/install/rosidl_generator_rs/share/rosidl_generator_rs/resource/msg_idiomatic.rs.em
[0.769s] -- Installing: /home/hiromichi/rost2/install/rosidl_generator_rs/share/rosidl_generator_rs/resource/srv.rs.em
[0.769s] -- Installing: /home/hiromichi/rost2/install/rosidl_generator_rs/share/rosidl_generator_rs/resource/msg_rmw.rs.em
[0.771s] Invoked command in '/home/hiromichi/rost2/build/rosidl_generator_rs' returned '0': AMENT_PREFIX_PATH=/home/hiromichi/rost2/install/rosidl_runtime_rs:${AMENT_PREFIX_PATH} CMAKE_PREFIX_PATH=/opt/ros/humble /usr/bin/cmake --install /home/hiromichi/rost2/build/rosidl_generator_rs
