[0.131s] Invoking command in '/home/hiro/rust_ws/build/rclrs_example_msgs': AMENT_PREFIX_PATH=/home/hiro/rust_ws/install/rosidl_default_runtime:/home/hiro/rust_ws/install/rosidl_default_generators:/home/hiro/rust_ws/install/rosidl_generator_rs:/home/hiro/rust_ws/install/rosidl_runtime_rs:${AMENT_PREFIX_PATH} CMAKE_PREFIX_PATH=/home/hiro/rust_ws/install/rosidl_default_runtime:/home/hiro/rust_ws/install/rosidl_default_generators:/home/hiro/rust_ws/install/rosidl_generator_rs:/home/hiro/ws_livox/install/livox_ros_driver2:/opt/ros/humble PYTHONPATH=/home/hiro/rust_ws/install/rosidl_generator_rs/local/lib/python3.10/dist-packages:${PYTHONPATH} /usr/bin/cmake /home/hiro/rust_ws/src/src/ros2_rust/examples/rclrs_example_msgs -DCMAKE_INSTALL_PREFIX=/home/hiro/rust_ws/install/rclrs_example_msgs
[0.237s] -- The C compiler identification is GNU 11.4.0
[0.729s] -- The CXX compiler identification is GNU 11.4.0
[1.074s] -- Detecting C compiler ABI info
[1.193s] -- Detecting C compiler ABI info - done
[1.198s] -- Check for working C compiler: /usr/bin/cc - skipped
[1.198s] -- Detecting C compile features
[1.198s] -- Detecting C compile features - done
[1.200s] -- Detecting CXX compiler ABI info
[1.311s] -- Detecting CXX compiler ABI info - done
[1.316s] -- Check for working CXX compiler: /usr/bin/c++ - skipped
[1.316s] -- Detecting CXX compile features
[1.316s] -- Detecting CXX compile features - done
[1.318s] -- Found ament_cmake: 1.3.10 (/opt/ros/humble/share/ament_cmake/cmake)
[1.833s] -- Found Python3: /usr/bin/python3 (found version "3.10.12") found components: Interpreter 
[1.896s] -- Found rosidl_default_generators: 1.2.0 (/home/hiro/rust_ws/install/rosidl_default_generators/share/rosidl_default_generators/cmake)
[1.898s] -- Using all available rosidl_typesupport_c: rosidl_typesupport_fastrtps_c;rosidl_typesupport_introspection_c
[1.901s] -- Found rosidl_adapter: 3.1.5 (/opt/ros/humble/share/rosidl_adapter/cmake)
[2.009s] -- Using all available rosidl_typesupport_cpp: rosidl_typesupport_fastrtps_cpp;rosidl_typesupport_introspection_cpp
[2.236s] -- Found ament_cmake_ros: 0.10.0 (/opt/ros/humble/share/ament_cmake_ros/cmake)
[2.390s] -- Using all available rosidl_typesupport_c: rosidl_typesupport_fastrtps_c;rosidl_typesupport_introspection_c
[2.574s] -- Using all available rosidl_typesupport_cpp: rosidl_typesupport_fastrtps_cpp;rosidl_typesupport_introspection_cpp
[2.721s] -- Found PythonInterp: /usr/bin/python3 (found suitable version "3.10.12", minimum required is "3.6") 
[2.722s] -- Found python_cmake_module: 0.10.0 (/opt/ros/humble/share/python_cmake_module/cmake)
[2.982s] -- Found PythonLibs: /usr/lib/x86_64-linux-gnu/libpython3.10.so (found suitable version "3.10.12", minimum required is "3.5") 
[2.982s] -- Using PYTHON_EXECUTABLE: /usr/bin/python3
[2.982s] -- Using PYTHON_INCLUDE_DIRS: /usr/include/python3.10
[2.982s] -- Using PYTHON_LIBRARIES: /usr/lib/x86_64-linux-gnu/libpython3.10.so
[2.998s] -- Found PythonExtra: .so  
[3.057s] -- Configuring done
[3.091s] -- Generating done
[3.094s] -- Build files have been written to: /home/hiro/rust_ws/build/rclrs_example_msgs
[3.112s] Invoked command in '/home/hiro/rust_ws/build/rclrs_example_msgs' returned '0': AMENT_PREFIX_PATH=/home/hiro/rust_ws/install/rosidl_default_runtime:/home/hiro/rust_ws/install/rosidl_default_generators:/home/hiro/rust_ws/install/rosidl_generator_rs:/home/hiro/rust_ws/install/rosidl_runtime_rs:${AMENT_PREFIX_PATH} CMAKE_PREFIX_PATH=/home/hiro/rust_ws/install/rosidl_default_runtime:/home/hiro/rust_ws/install/rosidl_default_generators:/home/hiro/rust_ws/install/rosidl_generator_rs:/home/hiro/ws_livox/install/livox_ros_driver2:/opt/ros/humble PYTHONPATH=/home/hiro/rust_ws/install/rosidl_generator_rs/local/lib/python3.10/dist-packages:${PYTHONPATH} /usr/bin/cmake /home/hiro/rust_ws/src/src/ros2_rust/examples/rclrs_example_msgs -DCMAKE_INSTALL_PREFIX=/home/hiro/rust_ws/install/rclrs_example_msgs
[3.114s] Invoking command in '/home/hiro/rust_ws/build/rclrs_example_msgs': AMENT_PREFIX_PATH=/home/hiro/rust_ws/install/rosidl_default_runtime:/home/hiro/rust_ws/install/rosidl_default_generators:/home/hiro/rust_ws/install/rosidl_generator_rs:/home/hiro/rust_ws/install/rosidl_runtime_rs:${AMENT_PREFIX_PATH} CMAKE_PREFIX_PATH=/home/hiro/rust_ws/install/rosidl_default_runtime:/home/hiro/rust_ws/install/rosidl_default_generators:/home/hiro/rust_ws/install/rosidl_generator_rs:/home/hiro/ws_livox/install/livox_ros_driver2:/opt/ros/humble PYTHONPATH=/home/hiro/rust_ws/install/rosidl_generator_rs/local/lib/python3.10/dist-packages:${PYTHONPATH} /usr/bin/cmake --build /home/hiro/rust_ws/build/rclrs_example_msgs -- -j22 -l22
[3.145s] [  2%] [34m[1mGenerating C code for ROS interfaces[0m
[3.152s] [  4%] [34m[1mGenerating C++ code for ROS interfaces[0m
[3.154s] [  6%] [34m[1mGenerating Rust code for ROS interfaces[0m
[3.159s] [  6%] Built target ament_cmake_python_copy_rclrs_example_msgs
[3.609s] running egg_info
[3.611s] creating rclrs_example_msgs.egg-info
[3.633s] writing rclrs_example_msgs.egg-info/PKG-INFO
[3.633s] writing dependency_links to rclrs_example_msgs.egg-info/dependency_links.txt
[3.634s] writing top-level names to rclrs_example_msgs.egg-info/top_level.txt
[3.634s] writing manifest file 'rclrs_example_msgs.egg-info/SOURCES.txt'
[3.701s] reading manifest file 'rclrs_example_msgs.egg-info/SOURCES.txt'
[3.702s] writing manifest file 'rclrs_example_msgs.egg-info/SOURCES.txt'
[3.811s] [  6%] Built target ament_cmake_python_build_rclrs_example_msgs_egg
[4.464s] [  6%] Built target rclrs_example_msgs__rs
[4.612s] [  8%] [32mBuilding C object CMakeFiles/rclrs_example_msgs__rosidl_generator_c.dir/rosidl_generator_c/rclrs_example_msgs/msg/detail/my_message__functions.c.o[0m
[4.613s] [ 10%] [32mBuilding C object CMakeFiles/rclrs_example_msgs__rosidl_generator_c.dir/rosidl_generator_c/rclrs_example_msgs/msg/detail/nested_type__functions.c.o[0m
[4.613s] [ 12%] [32mBuilding C object CMakeFiles/rclrs_example_msgs__rosidl_generator_c.dir/rosidl_generator_c/rclrs_example_msgs/msg/detail/various_types__functions.c.o[0m
[4.642s] [ 12%] Built target rclrs_example_msgs__cpp
[4.671s] [ 14%] [34m[1mGenerating C++ type support for eProsima Fast-RTPS[0m
[4.689s] [ 16%] [34m[1mGenerating C++ type support dispatch for ROS interfaces[0m
[4.694s] [ 18%] [34m[1mGenerating C++ introspection for ROS interfaces[0m
[4.700s] [ 20%] [32m[1mLinking C shared library librclrs_example_msgs__rosidl_generator_c.so[0m
[4.876s] [ 20%] Built target rclrs_example_msgs__rosidl_generator_c
[4.900s] [ 22%] [34m[1mGenerating C introspection for ROS interfaces[0m
[4.900s] [ 25%] [34m[1mGenerating C type support for eProsima Fast-RTPS[0m
[4.903s] [ 27%] [34m[1mGenerating C type support dispatch for ROS interfaces[0m
[5.876s] [ 31%] [32mBuilding CXX object CMakeFiles/rclrs_example_msgs__rosidl_typesupport_cpp.dir/rosidl_typesupport_cpp/rclrs_example_msgs/msg/various_types__type_support.cpp.o[0m
[5.876s] [ 31%] [32mBuilding CXX object CMakeFiles/rclrs_example_msgs__rosidl_typesupport_cpp.dir/rosidl_typesupport_cpp/rclrs_example_msgs/msg/nested_type__type_support.cpp.o[0m
[5.877s] [ 33%] [32mBuilding CXX object CMakeFiles/rclrs_example_msgs__rosidl_typesupport_cpp.dir/rosidl_typesupport_cpp/rclrs_example_msgs/msg/my_message__type_support.cpp.o[0m
[5.906s] [ 35%] [32mBuilding CXX object CMakeFiles/rclrs_example_msgs__rosidl_typesupport_fastrtps_cpp.dir/rosidl_typesupport_fastrtps_cpp/rclrs_example_msgs/msg/detail/dds_fastrtps/various_types__type_support.cpp.o[0m
[5.906s] [ 37%] [32mBuilding CXX object CMakeFiles/rclrs_example_msgs__rosidl_typesupport_fastrtps_cpp.dir/rosidl_typesupport_fastrtps_cpp/rclrs_example_msgs/msg/detail/dds_fastrtps/my_message__type_support.cpp.o[0m
[5.913s] [ 39%] [32mBuilding CXX object CMakeFiles/rclrs_example_msgs__rosidl_typesupport_fastrtps_cpp.dir/rosidl_typesupport_fastrtps_cpp/rclrs_example_msgs/msg/detail/dds_fastrtps/nested_type__type_support.cpp.o[0m
[5.943s] [ 41%] [32mBuilding CXX object CMakeFiles/rclrs_example_msgs__rosidl_typesupport_introspection_cpp.dir/rosidl_typesupport_introspection_cpp/rclrs_example_msgs/msg/detail/my_message__type_support.cpp.o[0m
[5.945s] [ 43%] [32mBuilding CXX object CMakeFiles/rclrs_example_msgs__rosidl_typesupport_introspection_cpp.dir/rosidl_typesupport_introspection_cpp/rclrs_example_msgs/msg/detail/various_types__type_support.cpp.o[0m
[5.952s] [ 45%] [32mBuilding CXX object CMakeFiles/rclrs_example_msgs__rosidl_typesupport_introspection_cpp.dir/rosidl_typesupport_introspection_cpp/rclrs_example_msgs/msg/detail/nested_type__type_support.cpp.o[0m
[6.145s] [ 50%] [32mBuilding C object CMakeFiles/rclrs_example_msgs__rosidl_typesupport_introspection_c.dir/rosidl_typesupport_introspection_c/rclrs_example_msgs/msg/detail/various_types__type_support.c.o[0m
[6.145s] [ 47%] [32mBuilding C object CMakeFiles/rclrs_example_msgs__rosidl_typesupport_introspection_c.dir/rosidl_typesupport_introspection_c/rclrs_example_msgs/msg/detail/nested_type__type_support.c.o[0m
[6.147s] [ 52%] [32mBuilding C object CMakeFiles/rclrs_example_msgs__rosidl_typesupport_introspection_c.dir/rosidl_typesupport_introspection_c/rclrs_example_msgs/msg/detail/my_message__type_support.c.o[0m
[6.148s] [ 54%] [32mBuilding CXX object CMakeFiles/rclrs_example_msgs__rosidl_typesupport_c.dir/rosidl_typesupport_c/rclrs_example_msgs/msg/nested_type__type_support.cpp.o[0m
[6.151s] [ 56%] [32mBuilding CXX object CMakeFiles/rclrs_example_msgs__rosidl_typesupport_c.dir/rosidl_typesupport_c/rclrs_example_msgs/msg/various_types__type_support.cpp.o[0m
[6.176s] [ 58%] [32mBuilding CXX object CMakeFiles/rclrs_example_msgs__rosidl_typesupport_c.dir/rosidl_typesupport_c/rclrs_example_msgs/msg/my_message__type_support.cpp.o[0m
[6.211s] [ 60%] [32m[1mLinking CXX shared library librclrs_example_msgs__rosidl_typesupport_c.so[0m
[6.228s] [ 62%] [32mBuilding CXX object CMakeFiles/rclrs_example_msgs__rosidl_typesupport_fastrtps_c.dir/rosidl_typesupport_fastrtps_c/rclrs_example_msgs/msg/detail/nested_type__type_support_c.cpp.o[0m
[6.229s] [ 66%] [32mBuilding CXX object CMakeFiles/rclrs_example_msgs__rosidl_typesupport_fastrtps_c.dir/rosidl_typesupport_fastrtps_c/rclrs_example_msgs/msg/detail/various_types__type_support_c.cpp.o[0m
[6.229s] [ 66%] [32mBuilding CXX object CMakeFiles/rclrs_example_msgs__rosidl_typesupport_fastrtps_c.dir/rosidl_typesupport_fastrtps_c/rclrs_example_msgs/msg/detail/my_message__type_support_c.cpp.o[0m
[6.250s] [ 68%] [32m[1mLinking C shared library librclrs_example_msgs__rosidl_typesupport_introspection_c.so[0m
[6.302s] [ 70%] [32m[1mLinking CXX shared library librclrs_example_msgs__rosidl_typesupport_cpp.so[0m
[6.344s] [ 70%] Built target rclrs_example_msgs__rosidl_typesupport_c
[6.375s] [ 70%] Built target rclrs_example_msgs__rosidl_typesupport_introspection_c
[6.446s] [ 70%] Built target rclrs_example_msgs__rosidl_typesupport_cpp
[6.674s] [ 72%] [32m[1mLinking CXX shared library librclrs_example_msgs__rosidl_typesupport_fastrtps_cpp.so[0m
[6.685s] [ 75%] [32m[1mLinking CXX shared library librclrs_example_msgs__rosidl_typesupport_fastrtps_c.so[0m
[6.708s] [ 77%] [32m[1mLinking CXX shared library librclrs_example_msgs__rosidl_typesupport_introspection_cpp.so[0m
[6.874s] [ 77%] Built target rclrs_example_msgs__rosidl_typesupport_fastrtps_cpp
[6.928s] [ 77%] Built target rclrs_example_msgs__rosidl_typesupport_introspection_cpp
[6.952s] [ 77%] Built target rclrs_example_msgs__rosidl_typesupport_fastrtps_c
[7.000s] [ 77%] Built target rclrs_example_msgs
[7.059s] [ 79%] [34m[1mGenerating Python code for ROS interfaces[0m
[9.563s] [ 79%] Built target rclrs_example_msgs__py
[9.584s] [ 83%] [32mBuilding C object CMakeFiles/rclrs_example_msgs__rosidl_generator_py.dir/rosidl_generator_py/rclrs_example_msgs/msg/_various_types_s.c.o[0m
[9.584s] [ 83%] [32mBuilding C object CMakeFiles/rclrs_example_msgs__rosidl_generator_py.dir/rosidl_generator_py/rclrs_example_msgs/msg/_my_message_s.c.o[0m
[9.585s] [ 85%] [32mBuilding C object CMakeFiles/rclrs_example_msgs__rosidl_generator_py.dir/rosidl_generator_py/rclrs_example_msgs/msg/_nested_type_s.c.o[0m
[9.771s] [ 87%] [32m[1mLinking C shared library rosidl_generator_py/rclrs_example_msgs/librclrs_example_msgs__rosidl_generator_py.so[0m
[9.880s] [ 87%] Built target rclrs_example_msgs__rosidl_generator_py
[9.899s] [ 89%] [32mBuilding C object CMakeFiles/rclrs_example_msgs__rosidl_typesupport_c__pyext.dir/rosidl_generator_py/rclrs_example_msgs/_rclrs_example_msgs_s.ep.rosidl_typesupport_c.c.o[0m
[9.901s] [ 91%] [32mBuilding C object CMakeFiles/rclrs_example_msgs__rosidl_typesupport_fastrtps_c__pyext.dir/rosidl_generator_py/rclrs_example_msgs/_rclrs_example_msgs_s.ep.rosidl_typesupport_fastrtps_c.c.o[0m
[9.903s] [ 93%] [32mBuilding C object CMakeFiles/rclrs_example_msgs__rosidl_typesupport_introspection_c__pyext.dir/rosidl_generator_py/rclrs_example_msgs/_rclrs_example_msgs_s.ep.rosidl_typesupport_introspection_c.c.o[0m
[10.002s] [ 95%] [32m[1mLinking C shared library rosidl_generator_py/rclrs_example_msgs/rclrs_example_msgs_s__rosidl_typesupport_introspection_c.cpython-310-x86_64-linux-gnu.so[0m
[10.003s] [ 97%] [32m[1mLinking C shared library rosidl_generator_py/rclrs_example_msgs/rclrs_example_msgs_s__rosidl_typesupport_fastrtps_c.cpython-310-x86_64-linux-gnu.so[0m
[10.013s] [100%] [32m[1mLinking C shared library rosidl_generator_py/rclrs_example_msgs/rclrs_example_msgs_s__rosidl_typesupport_c.cpython-310-x86_64-linux-gnu.so[0m
[10.099s] [100%] Built target rclrs_example_msgs__rosidl_typesupport_introspection_c__pyext
[10.104s] [100%] Built target rclrs_example_msgs__rosidl_typesupport_fastrtps_c__pyext
[10.123s] [100%] Built target rclrs_example_msgs__rosidl_typesupport_c__pyext
[10.135s] Invoked command in '/home/hiro/rust_ws/build/rclrs_example_msgs' returned '0': AMENT_PREFIX_PATH=/home/hiro/rust_ws/install/rosidl_default_runtime:/home/hiro/rust_ws/install/rosidl_default_generators:/home/hiro/rust_ws/install/rosidl_generator_rs:/home/hiro/rust_ws/install/rosidl_runtime_rs:${AMENT_PREFIX_PATH} CMAKE_PREFIX_PATH=/home/hiro/rust_ws/install/rosidl_default_runtime:/home/hiro/rust_ws/install/rosidl_default_generators:/home/hiro/rust_ws/install/rosidl_generator_rs:/home/hiro/ws_livox/install/livox_ros_driver2:/opt/ros/humble PYTHONPATH=/home/hiro/rust_ws/install/rosidl_generator_rs/local/lib/python3.10/dist-packages:${PYTHONPATH} /usr/bin/cmake --build /home/hiro/rust_ws/build/rclrs_example_msgs -- -j22 -l22
[10.229s] Invoking command in '/home/hiro/rust_ws/build/rclrs_example_msgs': AMENT_PREFIX_PATH=/home/hiro/rust_ws/install/rosidl_default_runtime:/home/hiro/rust_ws/install/rosidl_default_generators:/home/hiro/rust_ws/install/rosidl_generator_rs:/home/hiro/rust_ws/install/rosidl_runtime_rs:${AMENT_PREFIX_PATH} CMAKE_PREFIX_PATH=/home/hiro/rust_ws/install/rosidl_default_runtime:/home/hiro/rust_ws/install/rosidl_default_generators:/home/hiro/rust_ws/install/rosidl_generator_rs:/home/hiro/ws_livox/install/livox_ros_driver2:/opt/ros/humble PYTHONPATH=/home/hiro/rust_ws/install/rosidl_generator_rs/local/lib/python3.10/dist-packages:${PYTHONPATH} /usr/bin/cmake --install /home/hiro/rust_ws/build/rclrs_example_msgs
[10.235s] -- Install configuration: ""
[10.236s] -- Installing: /home/hiro/rust_ws/install/rclrs_example_msgs/share/ament_index/resource_index/rosidl_interfaces/rclrs_example_msgs
[10.237s] -- Installing: /home/hiro/rust_ws/install/rclrs_example_msgs/include/rclrs_example_msgs/rclrs_example_msgs
[10.237s] -- Installing: /home/hiro/rust_ws/install/rclrs_example_msgs/include/rclrs_example_msgs/rclrs_example_msgs/msg
[10.237s] -- Installing: /home/hiro/rust_ws/install/rclrs_example_msgs/include/rclrs_example_msgs/rclrs_example_msgs/msg/my_message.h
[10.237s] -- Installing: /home/hiro/rust_ws/install/rclrs_example_msgs/include/rclrs_example_msgs/rclrs_example_msgs/msg/nested_type.h
[10.237s] -- Installing: /home/hiro/rust_ws/install/rclrs_example_msgs/include/rclrs_example_msgs/rclrs_example_msgs/msg/rosidl_generator_c__visibility_control.h
[10.238s] -- Installing: /home/hiro/rust_ws/install/rclrs_example_msgs/include/rclrs_example_msgs/rclrs_example_msgs/msg/detail
[10.238s] -- Installing: /home/hiro/rust_ws/install/rclrs_example_msgs/include/rclrs_example_msgs/rclrs_example_msgs/msg/detail/my_message__functions.c
[10.238s] -- Installing: /home/hiro/rust_ws/install/rclrs_example_msgs/include/rclrs_example_msgs/rclrs_example_msgs/msg/detail/my_message__type_support.h
[10.238s] -- Installing: /home/hiro/rust_ws/install/rclrs_example_msgs/include/rclrs_example_msgs/rclrs_example_msgs/msg/detail/nested_type__functions.c
[10.238s] -- Installing: /home/hiro/rust_ws/install/rclrs_example_msgs/include/rclrs_example_msgs/rclrs_example_msgs/msg/detail/nested_type__type_support.h
[10.238s] -- Installing: /home/hiro/rust_ws/install/rclrs_example_msgs/include/rclrs_example_msgs/rclrs_example_msgs/msg/detail/my_message__struct.h
[10.238s] -- Installing: /home/hiro/rust_ws/install/rclrs_example_msgs/include/rclrs_example_msgs/rclrs_example_msgs/msg/detail/various_types__struct.h
[10.238s] -- Installing: /home/hiro/rust_ws/install/rclrs_example_msgs/include/rclrs_example_msgs/rclrs_example_msgs/msg/detail/various_types__functions.h
[10.239s] -- Installing: /home/hiro/rust_ws/install/rclrs_example_msgs/include/rclrs_example_msgs/rclrs_example_msgs/msg/detail/various_types__functions.c
[10.239s] -- Installing: /home/hiro/rust_ws/install/rclrs_example_msgs/include/rclrs_example_msgs/rclrs_example_msgs/msg/detail/nested_type__struct.h
[10.239s] -- Installing: /home/hiro/rust_ws/install/rclrs_example_msgs/include/rclrs_example_msgs/rclrs_example_msgs/msg/detail/nested_type__functions.h
[10.239s] -- Installing: /home/hiro/rust_ws/install/rclrs_example_msgs/include/rclrs_example_msgs/rclrs_example_msgs/msg/detail/my_message__functions.h
[10.239s] -- Installing: /home/hiro/rust_ws/install/rclrs_example_msgs/include/rclrs_example_msgs/rclrs_example_msgs/msg/detail/various_types__type_support.h
[10.239s] -- Installing: /home/hiro/rust_ws/install/rclrs_example_msgs/include/rclrs_example_msgs/rclrs_example_msgs/msg/various_types.h
[10.239s] -- Installing: /home/hiro/rust_ws/install/rclrs_example_msgs/share/rclrs_example_msgs/environment/library_path.sh
[10.240s] -- Installing: /home/hiro/rust_ws/install/rclrs_example_msgs/share/rclrs_example_msgs/environment/library_path.dsv
[10.240s] -- Installing: /home/hiro/rust_ws/install/rclrs_example_msgs/lib/librclrs_example_msgs__rosidl_generator_c.so
[10.240s] -- Set runtime path of "/home/hiro/rust_ws/install/rclrs_example_msgs/lib/librclrs_example_msgs__rosidl_generator_c.so" to ""
[10.240s] -- Up-to-date: /home/hiro/rust_ws/install/rclrs_example_msgs/include/rclrs_example_msgs/rclrs_example_msgs
[10.240s] -- Up-to-date: /home/hiro/rust_ws/install/rclrs_example_msgs/include/rclrs_example_msgs/rclrs_example_msgs/msg
[10.240s] -- Up-to-date: /home/hiro/rust_ws/install/rclrs_example_msgs/include/rclrs_example_msgs/rclrs_example_msgs/msg/detail
[10.240s] -- Installing: /home/hiro/rust_ws/install/rclrs_example_msgs/include/rclrs_example_msgs/rclrs_example_msgs/msg/detail/nested_type__rosidl_typesupport_fastrtps_c.h
[10.240s] -- Installing: /home/hiro/rust_ws/install/rclrs_example_msgs/include/rclrs_example_msgs/rclrs_example_msgs/msg/detail/various_types__rosidl_typesupport_fastrtps_c.h
[10.241s] -- Installing: /home/hiro/rust_ws/install/rclrs_example_msgs/include/rclrs_example_msgs/rclrs_example_msgs/msg/detail/my_message__rosidl_typesupport_fastrtps_c.h
[10.241s] -- Installing: /home/hiro/rust_ws/install/rclrs_example_msgs/include/rclrs_example_msgs/rclrs_example_msgs/msg/rosidl_typesupport_fastrtps_c__visibility_control.h
[10.241s] -- Installing: /home/hiro/rust_ws/install/rclrs_example_msgs/lib/librclrs_example_msgs__rosidl_typesupport_fastrtps_c.so
[10.241s] -- Set runtime path of "/home/hiro/rust_ws/install/rclrs_example_msgs/lib/librclrs_example_msgs__rosidl_typesupport_fastrtps_c.so" to ""
[10.241s] -- Up-to-date: /home/hiro/rust_ws/install/rclrs_example_msgs/include/rclrs_example_msgs/rclrs_example_msgs
[10.242s] -- Up-to-date: /home/hiro/rust_ws/install/rclrs_example_msgs/include/rclrs_example_msgs/rclrs_example_msgs/msg
[10.242s] -- Installing: /home/hiro/rust_ws/install/rclrs_example_msgs/include/rclrs_example_msgs/rclrs_example_msgs/msg/rosidl_typesupport_introspection_c__visibility_control.h
[10.242s] -- Up-to-date: /home/hiro/rust_ws/install/rclrs_example_msgs/include/rclrs_example_msgs/rclrs_example_msgs/msg/detail
[10.242s] -- Installing: /home/hiro/rust_ws/install/rclrs_example_msgs/include/rclrs_example_msgs/rclrs_example_msgs/msg/detail/my_message__rosidl_typesupport_introspection_c.h
[10.242s] -- Installing: /home/hiro/rust_ws/install/rclrs_example_msgs/include/rclrs_example_msgs/rclrs_example_msgs/msg/detail/various_types__rosidl_typesupport_introspection_c.h
[10.242s] -- Installing: /home/hiro/rust_ws/install/rclrs_example_msgs/include/rclrs_example_msgs/rclrs_example_msgs/msg/detail/my_message__type_support.c
[10.243s] -- Installing: /home/hiro/rust_ws/install/rclrs_example_msgs/include/rclrs_example_msgs/rclrs_example_msgs/msg/detail/various_types__type_support.c
[10.243s] -- Installing: /home/hiro/rust_ws/install/rclrs_example_msgs/include/rclrs_example_msgs/rclrs_example_msgs/msg/detail/nested_type__type_support.c
[10.243s] -- Installing: /home/hiro/rust_ws/install/rclrs_example_msgs/include/rclrs_example_msgs/rclrs_example_msgs/msg/detail/nested_type__rosidl_typesupport_introspection_c.h
[10.243s] -- Installing: /home/hiro/rust_ws/install/rclrs_example_msgs/lib/librclrs_example_msgs__rosidl_typesupport_introspection_c.so
[10.243s] -- Set runtime path of "/home/hiro/rust_ws/install/rclrs_example_msgs/lib/librclrs_example_msgs__rosidl_typesupport_introspection_c.so" to ""
[10.243s] -- Installing: /home/hiro/rust_ws/install/rclrs_example_msgs/lib/librclrs_example_msgs__rosidl_typesupport_c.so
[10.243s] -- Set runtime path of "/home/hiro/rust_ws/install/rclrs_example_msgs/lib/librclrs_example_msgs__rosidl_typesupport_c.so" to ""
[10.244s] -- Up-to-date: /home/hiro/rust_ws/install/rclrs_example_msgs/include/rclrs_example_msgs/rclrs_example_msgs
[10.244s] -- Up-to-date: /home/hiro/rust_ws/install/rclrs_example_msgs/include/rclrs_example_msgs/rclrs_example_msgs/msg
[10.244s] -- Installing: /home/hiro/rust_ws/install/rclrs_example_msgs/include/rclrs_example_msgs/rclrs_example_msgs/msg/nested_type.hpp
[10.244s] -- Up-to-date: /home/hiro/rust_ws/install/rclrs_example_msgs/include/rclrs_example_msgs/rclrs_example_msgs/msg/detail
[10.244s] -- Installing: /home/hiro/rust_ws/install/rclrs_example_msgs/include/rclrs_example_msgs/rclrs_example_msgs/msg/detail/my_message__struct.hpp
[10.244s] -- Installing: /home/hiro/rust_ws/install/rclrs_example_msgs/include/rclrs_example_msgs/rclrs_example_msgs/msg/detail/various_types__struct.hpp
[10.245s] -- Installing: /home/hiro/rust_ws/install/rclrs_example_msgs/include/rclrs_example_msgs/rclrs_example_msgs/msg/detail/nested_type__builder.hpp
[10.245s] -- Installing: /home/hiro/rust_ws/install/rclrs_example_msgs/include/rclrs_example_msgs/rclrs_example_msgs/msg/detail/various_types__builder.hpp
[10.245s] -- Installing: /home/hiro/rust_ws/install/rclrs_example_msgs/include/rclrs_example_msgs/rclrs_example_msgs/msg/detail/nested_type__struct.hpp
[10.245s] -- Installing: /home/hiro/rust_ws/install/rclrs_example_msgs/include/rclrs_example_msgs/rclrs_example_msgs/msg/detail/various_types__traits.hpp
[10.245s] -- Installing: /home/hiro/rust_ws/install/rclrs_example_msgs/include/rclrs_example_msgs/rclrs_example_msgs/msg/detail/nested_type__traits.hpp
[10.246s] -- Installing: /home/hiro/rust_ws/install/rclrs_example_msgs/include/rclrs_example_msgs/rclrs_example_msgs/msg/detail/my_message__builder.hpp
[10.246s] -- Installing: /home/hiro/rust_ws/install/rclrs_example_msgs/include/rclrs_example_msgs/rclrs_example_msgs/msg/detail/my_message__traits.hpp
[10.246s] -- Installing: /home/hiro/rust_ws/install/rclrs_example_msgs/include/rclrs_example_msgs/rclrs_example_msgs/msg/various_types.hpp
[10.246s] -- Installing: /home/hiro/rust_ws/install/rclrs_example_msgs/include/rclrs_example_msgs/rclrs_example_msgs/msg/my_message.hpp
[10.246s] -- Up-to-date: /home/hiro/rust_ws/install/rclrs_example_msgs/include/rclrs_example_msgs/rclrs_example_msgs
[10.247s] -- Up-to-date: /home/hiro/rust_ws/install/rclrs_example_msgs/include/rclrs_example_msgs/rclrs_example_msgs/msg
[10.247s] -- Installing: /home/hiro/rust_ws/install/rclrs_example_msgs/include/rclrs_example_msgs/rclrs_example_msgs/msg/rosidl_typesupport_fastrtps_cpp__visibility_control.h
[10.247s] -- Up-to-date: /home/hiro/rust_ws/install/rclrs_example_msgs/include/rclrs_example_msgs/rclrs_example_msgs/msg/detail
[10.247s] -- Installing: /home/hiro/rust_ws/install/rclrs_example_msgs/include/rclrs_example_msgs/rclrs_example_msgs/msg/detail/dds_fastrtps
[10.247s] -- Installing: /home/hiro/rust_ws/install/rclrs_example_msgs/include/rclrs_example_msgs/rclrs_example_msgs/msg/detail/my_message__rosidl_typesupport_fastrtps_cpp.hpp
[10.247s] -- Installing: /home/hiro/rust_ws/install/rclrs_example_msgs/include/rclrs_example_msgs/rclrs_example_msgs/msg/detail/various_types__rosidl_typesupport_fastrtps_cpp.hpp
[10.247s] -- Installing: /home/hiro/rust_ws/install/rclrs_example_msgs/include/rclrs_example_msgs/rclrs_example_msgs/msg/detail/nested_type__rosidl_typesupport_fastrtps_cpp.hpp
[10.247s] -- Installing: /home/hiro/rust_ws/install/rclrs_example_msgs/lib/librclrs_example_msgs__rosidl_typesupport_fastrtps_cpp.so
[10.247s] -- Set runtime path of "/home/hiro/rust_ws/install/rclrs_example_msgs/lib/librclrs_example_msgs__rosidl_typesupport_fastrtps_cpp.so" to ""
[10.247s] -- Up-to-date: /home/hiro/rust_ws/install/rclrs_example_msgs/include/rclrs_example_msgs/rclrs_example_msgs
[10.248s] -- Up-to-date: /home/hiro/rust_ws/install/rclrs_example_msgs/include/rclrs_example_msgs/rclrs_example_msgs/msg
[10.248s] -- Up-to-date: /home/hiro/rust_ws/install/rclrs_example_msgs/include/rclrs_example_msgs/rclrs_example_msgs/msg/detail
[10.248s] -- Installing: /home/hiro/rust_ws/install/rclrs_example_msgs/include/rclrs_example_msgs/rclrs_example_msgs/msg/detail/nested_type__rosidl_typesupport_introspection_cpp.hpp
[10.248s] -- Installing: /home/hiro/rust_ws/install/rclrs_example_msgs/include/rclrs_example_msgs/rclrs_example_msgs/msg/detail/my_message__type_support.cpp
[10.248s] -- Installing: /home/hiro/rust_ws/install/rclrs_example_msgs/include/rclrs_example_msgs/rclrs_example_msgs/msg/detail/various_types__rosidl_typesupport_introspection_cpp.hpp
[10.248s] -- Installing: /home/hiro/rust_ws/install/rclrs_example_msgs/include/rclrs_example_msgs/rclrs_example_msgs/msg/detail/various_types__type_support.cpp
[10.248s] -- Installing: /home/hiro/rust_ws/install/rclrs_example_msgs/include/rclrs_example_msgs/rclrs_example_msgs/msg/detail/my_message__rosidl_typesupport_introspection_cpp.hpp
[10.249s] -- Installing: /home/hiro/rust_ws/install/rclrs_example_msgs/include/rclrs_example_msgs/rclrs_example_msgs/msg/detail/nested_type__type_support.cpp
[10.249s] -- Installing: /home/hiro/rust_ws/install/rclrs_example_msgs/lib/librclrs_example_msgs__rosidl_typesupport_introspection_cpp.so
[10.249s] -- Set runtime path of "/home/hiro/rust_ws/install/rclrs_example_msgs/lib/librclrs_example_msgs__rosidl_typesupport_introspection_cpp.so" to ""
[10.249s] -- Installing: /home/hiro/rust_ws/install/rclrs_example_msgs/lib/librclrs_example_msgs__rosidl_typesupport_cpp.so
[10.249s] -- Set runtime path of "/home/hiro/rust_ws/install/rclrs_example_msgs/lib/librclrs_example_msgs__rosidl_typesupport_cpp.so" to ""
[10.249s] -- Installing: /home/hiro/rust_ws/install/rclrs_example_msgs/share/ament_index/resource_index/rust_packages/rclrs_example_msgs
[10.250s] -- Installing: /home/hiro/rust_ws/install/rclrs_example_msgs/share/rclrs_example_msgs/rust
[10.250s] -- Installing: /home/hiro/rust_ws/install/rclrs_example_msgs/share/rclrs_example_msgs/rust/Cargo.toml
[10.250s] -- Installing: /home/hiro/rust_ws/install/rclrs_example_msgs/share/rclrs_example_msgs/rust/build.rs
[10.250s] -- Installing: /home/hiro/rust_ws/install/rclrs_example_msgs/share/rclrs_example_msgs/rust/src
[10.250s] -- Installing: /home/hiro/rust_ws/install/rclrs_example_msgs/share/rclrs_example_msgs/rust/src/msg.rs
[10.250s] -- Installing: /home/hiro/rust_ws/install/rclrs_example_msgs/share/rclrs_example_msgs/rust/src/lib.rs
[10.251s] -- Installing: /home/hiro/rust_ws/install/rclrs_example_msgs/share/rclrs_example_msgs/environment/pythonpath.sh
[10.251s] -- Installing: /home/hiro/rust_ws/install/rclrs_example_msgs/share/rclrs_example_msgs/environment/pythonpath.dsv
[10.251s] -- Installing: /home/hiro/rust_ws/install/rclrs_example_msgs/local/lib/python3.10/dist-packages/rclrs_example_msgs-0.4.1-py3.10.egg-info
[10.251s] -- Installing: /home/hiro/rust_ws/install/rclrs_example_msgs/local/lib/python3.10/dist-packages/rclrs_example_msgs-0.4.1-py3.10.egg-info/top_level.txt
[10.251s] -- Installing: /home/hiro/rust_ws/install/rclrs_example_msgs/local/lib/python3.10/dist-packages/rclrs_example_msgs-0.4.1-py3.10.egg-info/PKG-INFO
[10.252s] -- Installing: /home/hiro/rust_ws/install/rclrs_example_msgs/local/lib/python3.10/dist-packages/rclrs_example_msgs-0.4.1-py3.10.egg-info/SOURCES.txt
[10.252s] -- Installing: /home/hiro/rust_ws/install/rclrs_example_msgs/local/lib/python3.10/dist-packages/rclrs_example_msgs-0.4.1-py3.10.egg-info/dependency_links.txt
[10.252s] -- Installing: /home/hiro/rust_ws/install/rclrs_example_msgs/local/lib/python3.10/dist-packages/rclrs_example_msgs
[10.252s] -- Installing: /home/hiro/rust_ws/install/rclrs_example_msgs/local/lib/python3.10/dist-packages/rclrs_example_msgs/librclrs_example_msgs__rosidl_generator_py.so
[10.252s] -- Installing: /home/hiro/rust_ws/install/rclrs_example_msgs/local/lib/python3.10/dist-packages/rclrs_example_msgs/rclrs_example_msgs_s__rosidl_typesupport_c.cpython-310-x86_64-linux-gnu.so
[10.252s] -- Installing: /home/hiro/rust_ws/install/rclrs_example_msgs/local/lib/python3.10/dist-packages/rclrs_example_msgs/rclrs_example_msgs_s__rosidl_typesupport_fastrtps_c.cpython-310-x86_64-linux-gnu.so
[10.252s] -- Installing: /home/hiro/rust_ws/install/rclrs_example_msgs/local/lib/python3.10/dist-packages/rclrs_example_msgs/rclrs_example_msgs_s__rosidl_typesupport_introspection_c.cpython-310-x86_64-linux-gnu.so
[10.253s] -- Installing: /home/hiro/rust_ws/install/rclrs_example_msgs/local/lib/python3.10/dist-packages/rclrs_example_msgs/_rclrs_example_msgs_s.ep.rosidl_typesupport_fastrtps_c.c
[10.253s] -- Installing: /home/hiro/rust_ws/install/rclrs_example_msgs/local/lib/python3.10/dist-packages/rclrs_example_msgs/__init__.py
[10.253s] -- Installing: /home/hiro/rust_ws/install/rclrs_example_msgs/local/lib/python3.10/dist-packages/rclrs_example_msgs/msg
[10.253s] -- Installing: /home/hiro/rust_ws/install/rclrs_example_msgs/local/lib/python3.10/dist-packages/rclrs_example_msgs/msg/_nested_type.py
[10.253s] -- Installing: /home/hiro/rust_ws/install/rclrs_example_msgs/local/lib/python3.10/dist-packages/rclrs_example_msgs/msg/_various_types_s.c
[10.253s] -- Installing: /home/hiro/rust_ws/install/rclrs_example_msgs/local/lib/python3.10/dist-packages/rclrs_example_msgs/msg/_nested_type_s.c
[10.253s] -- Installing: /home/hiro/rust_ws/install/rclrs_example_msgs/local/lib/python3.10/dist-packages/rclrs_example_msgs/msg/_various_types.py
[10.253s] -- Installing: /home/hiro/rust_ws/install/rclrs_example_msgs/local/lib/python3.10/dist-packages/rclrs_example_msgs/msg/_my_message.py
[10.253s] -- Installing: /home/hiro/rust_ws/install/rclrs_example_msgs/local/lib/python3.10/dist-packages/rclrs_example_msgs/msg/_my_message_s.c
[10.253s] -- Installing: /home/hiro/rust_ws/install/rclrs_example_msgs/local/lib/python3.10/dist-packages/rclrs_example_msgs/msg/__init__.py
[10.253s] -- Installing: /home/hiro/rust_ws/install/rclrs_example_msgs/local/lib/python3.10/dist-packages/rclrs_example_msgs/_rclrs_example_msgs_s.ep.rosidl_typesupport_introspection_c.c
[10.253s] -- Installing: /home/hiro/rust_ws/install/rclrs_example_msgs/local/lib/python3.10/dist-packages/rclrs_example_msgs/_rclrs_example_msgs_s.ep.rosidl_typesupport_c.c
[10.302s] Listing '/home/hiro/rust_ws/install/rclrs_example_msgs/local/lib/python3.10/dist-packages/rclrs_example_msgs'...
[10.302s] Compiling '/home/hiro/rust_ws/install/rclrs_example_msgs/local/lib/python3.10/dist-packages/rclrs_example_msgs/__init__.py'...
[10.303s] Listing '/home/hiro/rust_ws/install/rclrs_example_msgs/local/lib/python3.10/dist-packages/rclrs_example_msgs/msg'...
[10.303s] Compiling '/home/hiro/rust_ws/install/rclrs_example_msgs/local/lib/python3.10/dist-packages/rclrs_example_msgs/msg/__init__.py'...
[10.303s] Compiling '/home/hiro/rust_ws/install/rclrs_example_msgs/local/lib/python3.10/dist-packages/rclrs_example_msgs/msg/_my_message.py'...
[10.303s] Compiling '/home/hiro/rust_ws/install/rclrs_example_msgs/local/lib/python3.10/dist-packages/rclrs_example_msgs/msg/_nested_type.py'...
[10.303s] Compiling '/home/hiro/rust_ws/install/rclrs_example_msgs/local/lib/python3.10/dist-packages/rclrs_example_msgs/msg/_various_types.py'...
[10.309s] -- Installing: /home/hiro/rust_ws/install/rclrs_example_msgs/local/lib/python3.10/dist-packages/rclrs_example_msgs/rclrs_example_msgs_s__rosidl_typesupport_fastrtps_c.cpython-310-x86_64-linux-gnu.so
[10.310s] -- Set runtime path of "/home/hiro/rust_ws/install/rclrs_example_msgs/local/lib/python3.10/dist-packages/rclrs_example_msgs/rclrs_example_msgs_s__rosidl_typesupport_fastrtps_c.cpython-310-x86_64-linux-gnu.so" to ""
[10.310s] -- Installing: /home/hiro/rust_ws/install/rclrs_example_msgs/local/lib/python3.10/dist-packages/rclrs_example_msgs/rclrs_example_msgs_s__rosidl_typesupport_introspection_c.cpython-310-x86_64-linux-gnu.so
[10.310s] -- Set runtime path of "/home/hiro/rust_ws/install/rclrs_example_msgs/local/lib/python3.10/dist-packages/rclrs_example_msgs/rclrs_example_msgs_s__rosidl_typesupport_introspection_c.cpython-310-x86_64-linux-gnu.so" to ""
[10.310s] -- Installing: /home/hiro/rust_ws/install/rclrs_example_msgs/local/lib/python3.10/dist-packages/rclrs_example_msgs/rclrs_example_msgs_s__rosidl_typesupport_c.cpython-310-x86_64-linux-gnu.so
[10.310s] -- Set runtime path of "/home/hiro/rust_ws/install/rclrs_example_msgs/local/lib/python3.10/dist-packages/rclrs_example_msgs/rclrs_example_msgs_s__rosidl_typesupport_c.cpython-310-x86_64-linux-gnu.so" to ""
[10.310s] -- Installing: /home/hiro/rust_ws/install/rclrs_example_msgs/lib/librclrs_example_msgs__rosidl_generator_py.so
[10.311s] -- Set runtime path of "/home/hiro/rust_ws/install/rclrs_example_msgs/lib/librclrs_example_msgs__rosidl_generator_py.so" to ""
[10.311s] -- Installing: /home/hiro/rust_ws/install/rclrs_example_msgs/share/rclrs_example_msgs/msg/MyMessage.idl
[10.311s] -- Installing: /home/hiro/rust_ws/install/rclrs_example_msgs/share/rclrs_example_msgs/msg/NestedType.idl
[10.311s] -- Installing: /home/hiro/rust_ws/install/rclrs_example_msgs/share/rclrs_example_msgs/msg/VariousTypes.idl
[10.311s] -- Installing: /home/hiro/rust_ws/install/rclrs_example_msgs/share/rclrs_example_msgs/msg/NestedType.msg
[10.311s] -- Installing: /home/hiro/rust_ws/install/rclrs_example_msgs/share/rclrs_example_msgs/msg/VariousTypes.msg
[10.311s] -- Installing: /home/hiro/rust_ws/install/rclrs_example_msgs/share/ament_index/resource_index/package_run_dependencies/rclrs_example_msgs
[10.312s] -- Installing: /home/hiro/rust_ws/install/rclrs_example_msgs/share/ament_index/resource_index/parent_prefix_path/rclrs_example_msgs
[10.312s] -- Installing: /home/hiro/rust_ws/install/rclrs_example_msgs/share/rclrs_example_msgs/environment/ament_prefix_path.sh
[10.312s] -- Installing: /home/hiro/rust_ws/install/rclrs_example_msgs/share/rclrs_example_msgs/environment/ament_prefix_path.dsv
[10.312s] -- Installing: /home/hiro/rust_ws/install/rclrs_example_msgs/share/rclrs_example_msgs/environment/path.sh
[10.312s] -- Installing: /home/hiro/rust_ws/install/rclrs_example_msgs/share/rclrs_example_msgs/environment/path.dsv
[10.313s] -- Installing: /home/hiro/rust_ws/install/rclrs_example_msgs/share/rclrs_example_msgs/local_setup.bash
[10.313s] -- Installing: /home/hiro/rust_ws/install/rclrs_example_msgs/share/rclrs_example_msgs/local_setup.sh
[10.313s] -- Installing: /home/hiro/rust_ws/install/rclrs_example_msgs/share/rclrs_example_msgs/local_setup.zsh
[10.313s] -- Installing: /home/hiro/rust_ws/install/rclrs_example_msgs/share/rclrs_example_msgs/local_setup.dsv
[10.313s] -- Installing: /home/hiro/rust_ws/install/rclrs_example_msgs/share/rclrs_example_msgs/package.dsv
[10.313s] -- Installing: /home/hiro/rust_ws/install/rclrs_example_msgs/share/ament_index/resource_index/packages/rclrs_example_msgs
[10.313s] -- Installing: /home/hiro/rust_ws/install/rclrs_example_msgs/share/rclrs_example_msgs/cmake/export_rclrs_example_msgs__rosidl_generator_cExport.cmake
[10.314s] -- Installing: /home/hiro/rust_ws/install/rclrs_example_msgs/share/rclrs_example_msgs/cmake/export_rclrs_example_msgs__rosidl_generator_cExport-noconfig.cmake
[10.314s] -- Installing: /home/hiro/rust_ws/install/rclrs_example_msgs/share/rclrs_example_msgs/cmake/export_rclrs_example_msgs__rosidl_typesupport_fastrtps_cExport.cmake
[10.314s] -- Installing: /home/hiro/rust_ws/install/rclrs_example_msgs/share/rclrs_example_msgs/cmake/export_rclrs_example_msgs__rosidl_typesupport_fastrtps_cExport-noconfig.cmake
[10.314s] -- Installing: /home/hiro/rust_ws/install/rclrs_example_msgs/share/rclrs_example_msgs/cmake/rclrs_example_msgs__rosidl_typesupport_introspection_cExport.cmake
[10.314s] -- Installing: /home/hiro/rust_ws/install/rclrs_example_msgs/share/rclrs_example_msgs/cmake/rclrs_example_msgs__rosidl_typesupport_introspection_cExport-noconfig.cmake
[10.314s] -- Installing: /home/hiro/rust_ws/install/rclrs_example_msgs/share/rclrs_example_msgs/cmake/rclrs_example_msgs__rosidl_typesupport_cExport.cmake
[10.314s] -- Installing: /home/hiro/rust_ws/install/rclrs_example_msgs/share/rclrs_example_msgs/cmake/rclrs_example_msgs__rosidl_typesupport_cExport-noconfig.cmake
[10.315s] -- Installing: /home/hiro/rust_ws/install/rclrs_example_msgs/share/rclrs_example_msgs/cmake/export_rclrs_example_msgs__rosidl_generator_cppExport.cmake
[10.315s] -- Installing: /home/hiro/rust_ws/install/rclrs_example_msgs/share/rclrs_example_msgs/cmake/export_rclrs_example_msgs__rosidl_typesupport_fastrtps_cppExport.cmake
[10.315s] -- Installing: /home/hiro/rust_ws/install/rclrs_example_msgs/share/rclrs_example_msgs/cmake/export_rclrs_example_msgs__rosidl_typesupport_fastrtps_cppExport-noconfig.cmake
[10.315s] -- Installing: /home/hiro/rust_ws/install/rclrs_example_msgs/share/rclrs_example_msgs/cmake/rclrs_example_msgs__rosidl_typesupport_introspection_cppExport.cmake
[10.315s] -- Installing: /home/hiro/rust_ws/install/rclrs_example_msgs/share/rclrs_example_msgs/cmake/rclrs_example_msgs__rosidl_typesupport_introspection_cppExport-noconfig.cmake
[10.316s] -- Installing: /home/hiro/rust_ws/install/rclrs_example_msgs/share/rclrs_example_msgs/cmake/rclrs_example_msgs__rosidl_typesupport_cppExport.cmake
[10.316s] -- Installing: /home/hiro/rust_ws/install/rclrs_example_msgs/share/rclrs_example_msgs/cmake/rclrs_example_msgs__rosidl_typesupport_cppExport-noconfig.cmake
[10.316s] -- Installing: /home/hiro/rust_ws/install/rclrs_example_msgs/share/rclrs_example_msgs/cmake/export_rclrs_example_msgs__rosidl_generator_pyExport.cmake
[10.316s] -- Installing: /home/hiro/rust_ws/install/rclrs_example_msgs/share/rclrs_example_msgs/cmake/export_rclrs_example_msgs__rosidl_generator_pyExport-noconfig.cmake
[10.316s] -- Installing: /home/hiro/rust_ws/install/rclrs_example_msgs/share/rclrs_example_msgs/cmake/rosidl_cmake-extras.cmake
[10.316s] -- Installing: /home/hiro/rust_ws/install/rclrs_example_msgs/share/rclrs_example_msgs/cmake/ament_cmake_export_include_directories-extras.cmake
[10.316s] -- Installing: /home/hiro/rust_ws/install/rclrs_example_msgs/share/rclrs_example_msgs/cmake/ament_cmake_export_libraries-extras.cmake
[10.316s] -- Installing: /home/hiro/rust_ws/install/rclrs_example_msgs/share/rclrs_example_msgs/cmake/ament_cmake_export_targets-extras.cmake
[10.316s] -- Installing: /home/hiro/rust_ws/install/rclrs_example_msgs/share/rclrs_example_msgs/cmake/rosidl_cmake_export_typesupport_targets-extras.cmake
[10.316s] -- Installing: /home/hiro/rust_ws/install/rclrs_example_msgs/share/rclrs_example_msgs/cmake/ament_cmake_export_dependencies-extras.cmake
[10.316s] -- Installing: /home/hiro/rust_ws/install/rclrs_example_msgs/share/rclrs_example_msgs/cmake/rosidl_cmake_export_typesupport_libraries-extras.cmake
[10.316s] -- Installing: /home/hiro/rust_ws/install/rclrs_example_msgs/share/rclrs_example_msgs/cmake/rclrs_example_msgsConfig.cmake
[10.316s] -- Installing: /home/hiro/rust_ws/install/rclrs_example_msgs/share/rclrs_example_msgs/cmake/rclrs_example_msgsConfig-version.cmake
[10.316s] -- Installing: /home/hiro/rust_ws/install/rclrs_example_msgs/share/rclrs_example_msgs/package.xml
[10.319s] Invoked command in '/home/hiro/rust_ws/build/rclrs_example_msgs' returned '0': AMENT_PREFIX_PATH=/home/hiro/rust_ws/install/rosidl_default_runtime:/home/hiro/rust_ws/install/rosidl_default_generators:/home/hiro/rust_ws/install/rosidl_generator_rs:/home/hiro/rust_ws/install/rosidl_runtime_rs:${AMENT_PREFIX_PATH} CMAKE_PREFIX_PATH=/home/hiro/rust_ws/install/rosidl_default_runtime:/home/hiro/rust_ws/install/rosidl_default_generators:/home/hiro/rust_ws/install/rosidl_generator_rs:/home/hiro/ws_livox/install/livox_ros_driver2:/opt/ros/humble PYTHONPATH=/home/hiro/rust_ws/install/rosidl_generator_rs/local/lib/python3.10/dist-packages:${PYTHONPATH} /usr/bin/cmake --install /home/hiro/rust_ws/build/rclrs_example_msgs
