[0.398s] Invoking command in '/home/hiro/rust_ws/build/actionlib_msgs': AMENT_PREFIX_PATH=/home/hiro/rust_ws/install/std_msgs:/home/hiro/rust_ws/install/builtin_interfaces:/home/hiro/rust_ws/install/rosidl_default_runtime:/home/hiro/rust_ws/install/rosidl_default_generators:/home/hiro/rust_ws/install/rosidl_generator_rs:/home/hiro/rust_ws/install/rosidl_runtime_rs:${AMENT_PREFIX_PATH} CMAKE_PREFIX_PATH=/home/hiro/rust_ws/install/std_msgs:/home/hiro/rust_ws/install/builtin_interfaces:/home/hiro/rust_ws/install/rosidl_default_runtime:/home/hiro/rust_ws/install/rosidl_default_generators:/home/hiro/rust_ws/install/rosidl_generator_rs:/home/hiro/ws_livox/install/livox_ros_driver2:/opt/ros/humble LD_LIBRARY_PATH=/home/hiro/rust_ws/install/std_msgs/lib:/home/hiro/rust_ws/install/builtin_interfaces/lib:${LD_LIBRARY_PATH} PYTHONPATH=/home/hiro/rust_ws/install/std_msgs/local/lib/python3.10/dist-packages:/home/hiro/rust_ws/install/builtin_interfaces/local/lib/python3.10/dist-packages:/home/hiro/rust_ws/install/rosidl_generator_rs/local/lib/python3.10/dist-packages:${PYTHONPATH} /usr/bin/cmake /home/hiro/rust_ws/src/src/ros2/common_interfaces/actionlib_msgs -DCMAKE_INSTALL_PREFIX=/home/hiro/rust_ws/install/actionlib_msgs
[0.653s] -- The C compiler identification is GNU 11.4.0
[1.611s] -- The CXX compiler identification is GNU 11.4.0
[2.111s] -- Detecting C compiler ABI info
[2.584s] -- Detecting C compiler ABI info - done
[2.628s] -- Check for working C compiler: /usr/bin/cc - skipped
[2.629s] -- Detecting C compile features
[2.632s] -- Detecting C compile features - done
[2.648s] -- Detecting CXX compiler ABI info
[3.147s] -- Detecting CXX compiler ABI info - done
[3.149s] -- Check for working CXX compiler: /usr/bin/c++ - skipped
[3.150s] -- Detecting CXX compile features
[3.151s] -- Detecting CXX compile features - done
[3.155s] -- Found ament_cmake: 1.3.10 (/opt/ros/humble/share/ament_cmake/cmake)
[5.043s] -- Found Python3: /usr/bin/python3 (found version "3.10.12") found components: Interpreter 
[5.439s] -- Found builtin_interfaces: 1.2.1 (/home/hiro/rust_ws/install/builtin_interfaces/share/builtin_interfaces/cmake)
[5.779s] -- Found rosidl_generator_c: 3.1.5 (/opt/ros/humble/share/rosidl_generator_c/cmake)
[5.811s] -- Found rosidl_adapter: 3.1.5 (/opt/ros/humble/share/rosidl_adapter/cmake)
[5.897s] -- Found rosidl_generator_cpp: 3.1.5 (/opt/ros/humble/share/rosidl_generator_cpp/cmake)
[6.020s] -- Using all available rosidl_typesupport_c: rosidl_typesupport_fastrtps_c;rosidl_typesupport_introspection_c
[6.071s] -- Using all available rosidl_typesupport_cpp: rosidl_typesupport_fastrtps_cpp;rosidl_typesupport_introspection_cpp
[6.148s] -- Found rosidl_default_generators: 1.2.0 (/home/hiro/rust_ws/install/rosidl_default_generators/share/rosidl_default_generators/cmake)
[6.198s] -- Found std_msgs: 4.2.4 (/home/hiro/rust_ws/install/std_msgs/share/std_msgs/cmake)
[7.401s] -- Found ament_cmake_cppcheck: 0.12.11 (/opt/ros/humble/share/ament_cmake_cppcheck/cmake)
[7.409s] -- Found ament_cmake_cpplint: 0.12.11 (/opt/ros/humble/share/ament_cmake_cpplint/cmake)
[7.414s] -- Found ament_cmake_uncrustify: 0.12.11 (/opt/ros/humble/share/ament_cmake_uncrustify/cmake)
[7.435s] -- Found ament_cmake_ros: 0.10.0 (/opt/ros/humble/share/ament_cmake_ros/cmake)
[9.407s] -- Using all available rosidl_typesupport_c: rosidl_typesupport_fastrtps_c;rosidl_typesupport_introspection_c
[9.892s] -- Using all available rosidl_typesupport_cpp: rosidl_typesupport_fastrtps_cpp;rosidl_typesupport_introspection_cpp
[10.223s] -- Found PythonInterp: /usr/bin/python3 (found suitable version "3.10.12", minimum required is "3.6") 
[10.223s] -- Found python_cmake_module: 0.10.0 (/opt/ros/humble/share/python_cmake_module/cmake)
[10.894s] -- Found PythonLibs: /usr/lib/x86_64-linux-gnu/libpython3.10.so (found suitable version "3.10.12", minimum required is "3.5") 
[10.895s] -- Using PYTHON_EXECUTABLE: /usr/bin/python3
[10.895s] -- Using PYTHON_INCLUDE_DIRS: /usr/include/python3.10
[10.895s] -- Using PYTHON_LIBRARIES: /usr/lib/x86_64-linux-gnu/libpython3.10.so
[11.007s] -- Found PythonExtra: .so  
[11.236s] -- Found ament_cmake_flake8: 0.12.11 (/opt/ros/humble/share/ament_cmake_flake8/cmake)
[11.257s] -- Found ament_cmake_pep257: 0.12.11 (/opt/ros/humble/share/ament_cmake_pep257/cmake)
[11.327s] -- Configuring done
[11.541s] -- Generating done
[11.562s] -- Build files have been written to: /home/hiro/rust_ws/build/actionlib_msgs
[11.617s] Invoked command in '/home/hiro/rust_ws/build/actionlib_msgs' returned '0': AMENT_PREFIX_PATH=/home/hiro/rust_ws/install/std_msgs:/home/hiro/rust_ws/install/builtin_interfaces:/home/hiro/rust_ws/install/rosidl_default_runtime:/home/hiro/rust_ws/install/rosidl_default_generators:/home/hiro/rust_ws/install/rosidl_generator_rs:/home/hiro/rust_ws/install/rosidl_runtime_rs:${AMENT_PREFIX_PATH} CMAKE_PREFIX_PATH=/home/hiro/rust_ws/install/std_msgs:/home/hiro/rust_ws/install/builtin_interfaces:/home/hiro/rust_ws/install/rosidl_default_runtime:/home/hiro/rust_ws/install/rosidl_default_generators:/home/hiro/rust_ws/install/rosidl_generator_rs:/home/hiro/ws_livox/install/livox_ros_driver2:/opt/ros/humble LD_LIBRARY_PATH=/home/hiro/rust_ws/install/std_msgs/lib:/home/hiro/rust_ws/install/builtin_interfaces/lib:${LD_LIBRARY_PATH} PYTHONPATH=/home/hiro/rust_ws/install/std_msgs/local/lib/python3.10/dist-packages:/home/hiro/rust_ws/install/builtin_interfaces/local/lib/python3.10/dist-packages:/home/hiro/rust_ws/install/rosidl_generator_rs/local/lib/python3.10/dist-packages:${PYTHONPATH} /usr/bin/cmake /home/hiro/rust_ws/src/src/ros2/common_interfaces/actionlib_msgs -DCMAKE_INSTALL_PREFIX=/home/hiro/rust_ws/install/actionlib_msgs
[11.618s] Invoking command in '/home/hiro/rust_ws/build/actionlib_msgs': AMENT_PREFIX_PATH=/home/hiro/rust_ws/install/std_msgs:/home/hiro/rust_ws/install/builtin_interfaces:/home/hiro/rust_ws/install/rosidl_default_runtime:/home/hiro/rust_ws/install/rosidl_default_generators:/home/hiro/rust_ws/install/rosidl_generator_rs:/home/hiro/rust_ws/install/rosidl_runtime_rs:${AMENT_PREFIX_PATH} CMAKE_PREFIX_PATH=/home/hiro/rust_ws/install/std_msgs:/home/hiro/rust_ws/install/builtin_interfaces:/home/hiro/rust_ws/install/rosidl_default_runtime:/home/hiro/rust_ws/install/rosidl_default_generators:/home/hiro/rust_ws/install/rosidl_generator_rs:/home/hiro/ws_livox/install/livox_ros_driver2:/opt/ros/humble LD_LIBRARY_PATH=/home/hiro/rust_ws/install/std_msgs/lib:/home/hiro/rust_ws/install/builtin_interfaces/lib:${LD_LIBRARY_PATH} PYTHONPATH=/home/hiro/rust_ws/install/std_msgs/local/lib/python3.10/dist-packages:/home/hiro/rust_ws/install/builtin_interfaces/local/lib/python3.10/dist-packages:/home/hiro/rust_ws/install/rosidl_generator_rs/local/lib/python3.10/dist-packages:${PYTHONPATH} /usr/bin/cmake --build /home/hiro/rust_ws/build/actionlib_msgs -- -j22 -l22
[11.806s] [  2%] [34m[1mGenerating C code for ROS interfaces[0m
[11.879s] [  6%] [34m[1mGenerating C++ code for ROS interfaces[0m
[11.897s] [  6%] [34m[1mGenerating Rust code for ROS interfaces[0m
[11.967s] [  6%] Built target ament_cmake_python_copy_actionlib_msgs
[12.923s] running egg_info
[12.925s] creating actionlib_msgs.egg-info
[12.950s] writing actionlib_msgs.egg-info/PKG-INFO
[12.951s] writing dependency_links to actionlib_msgs.egg-info/dependency_links.txt
[12.952s] writing top-level names to actionlib_msgs.egg-info/top_level.txt
[12.952s] writing manifest file 'actionlib_msgs.egg-info/SOURCES.txt'
[13.074s] reading manifest file 'actionlib_msgs.egg-info/SOURCES.txt'
[13.076s] writing manifest file 'actionlib_msgs.egg-info/SOURCES.txt'
[13.118s] [  6%] Built target actionlib_msgs__rs
[13.223s] [  6%] Built target ament_cmake_python_build_actionlib_msgs_egg
[13.527s] [  6%] Built target actionlib_msgs__cpp
[13.545s] [  8%] [34m[1mGenerating C++ type support dispatch for ROS interfaces[0m
[13.546s] [ 10%] [34m[1mGenerating C++ introspection for ROS interfaces[0m
[13.547s] [ 12%] [34m[1mGenerating C++ type support for eProsima Fast-RTPS[0m
[13.852s] [ 14%] [32mBuilding C object CMakeFiles/actionlib_msgs__rosidl_generator_c.dir/rosidl_generator_c/actionlib_msgs/msg/detail/goal_status_array__functions.c.o[0m
[13.854s] [ 18%] [32mBuilding C object CMakeFiles/actionlib_msgs__rosidl_generator_c.dir/rosidl_generator_c/actionlib_msgs/msg/detail/goal_status__functions.c.o[0m
[13.854s] [ 18%] [32mBuilding C object CMakeFiles/actionlib_msgs__rosidl_generator_c.dir/rosidl_generator_c/actionlib_msgs/msg/detail/goal_id__functions.c.o[0m
[13.935s] [ 20%] [32m[1mLinking C shared library libactionlib_msgs__rosidl_generator_c.so[0m
[14.090s] [ 20%] Built target actionlib_msgs__rosidl_generator_c
[14.104s] [ 25%] [34m[1mGenerating C type support for eProsima Fast-RTPS[0m
[14.104s] [ 25%] [34m[1mGenerating C type support dispatch for ROS interfaces[0m
[14.106s] [ 27%] [34m[1mGenerating C introspection for ROS interfaces[0m
[14.451s] [ 31%] [32mBuilding CXX object CMakeFiles/actionlib_msgs__rosidl_typesupport_introspection_cpp.dir/rosidl_typesupport_introspection_cpp/actionlib_msgs/msg/detail/goal_status__type_support.cpp.o[0m
[14.451s] [ 31%] [32mBuilding CXX object CMakeFiles/actionlib_msgs__rosidl_typesupport_introspection_cpp.dir/rosidl_typesupport_introspection_cpp/actionlib_msgs/msg/detail/goal_status_array__type_support.cpp.o[0m
[14.451s] [ 33%] [32mBuilding CXX object CMakeFiles/actionlib_msgs__rosidl_typesupport_introspection_cpp.dir/rosidl_typesupport_introspection_cpp/actionlib_msgs/msg/detail/goal_id__type_support.cpp.o[0m
[14.453s] [ 35%] [32mBuilding CXX object CMakeFiles/actionlib_msgs__rosidl_typesupport_cpp.dir/rosidl_typesupport_cpp/actionlib_msgs/msg/goal_id__type_support.cpp.o[0m
[14.454s] [ 37%] [32mBuilding CXX object CMakeFiles/actionlib_msgs__rosidl_typesupport_cpp.dir/rosidl_typesupport_cpp/actionlib_msgs/msg/goal_status__type_support.cpp.o[0m
[14.455s] [ 39%] [32mBuilding CXX object CMakeFiles/actionlib_msgs__rosidl_typesupport_cpp.dir/rosidl_typesupport_cpp/actionlib_msgs/msg/goal_status_array__type_support.cpp.o[0m
[14.523s] [ 43%] [32mBuilding CXX object CMakeFiles/actionlib_msgs__rosidl_typesupport_fastrtps_cpp.dir/rosidl_typesupport_fastrtps_cpp/actionlib_msgs/msg/detail/dds_fastrtps/goal_status__type_support.cpp.o[0m
[14.523s] [ 43%] [32mBuilding CXX object CMakeFiles/actionlib_msgs__rosidl_typesupport_fastrtps_cpp.dir/rosidl_typesupport_fastrtps_cpp/actionlib_msgs/msg/detail/dds_fastrtps/goal_id__type_support.cpp.o[0m
[14.525s] [ 45%] [32mBuilding CXX object CMakeFiles/actionlib_msgs__rosidl_typesupport_fastrtps_cpp.dir/rosidl_typesupport_fastrtps_cpp/actionlib_msgs/msg/detail/dds_fastrtps/goal_status_array__type_support.cpp.o[0m
[14.925s] [ 47%] [32m[1mLinking CXX shared library libactionlib_msgs__rosidl_typesupport_cpp.so[0m
[14.998s] [ 54%] [32mBuilding CXX object CMakeFiles/actionlib_msgs__rosidl_typesupport_c.dir/rosidl_typesupport_c/actionlib_msgs/msg/goal_status__type_support.cpp.o[0m
[14.998s] [ 54%] [32mBuilding CXX object CMakeFiles/actionlib_msgs__rosidl_typesupport_c.dir/rosidl_typesupport_c/actionlib_msgs/msg/goal_id__type_support.cpp.o[0m
[14.998s] [ 54%] [32mBuilding CXX object CMakeFiles/actionlib_msgs__rosidl_typesupport_c.dir/rosidl_typesupport_c/actionlib_msgs/msg/goal_status_array__type_support.cpp.o[0m
[15.046s] [ 56%] [32m[1mLinking CXX shared library libactionlib_msgs__rosidl_typesupport_c.so[0m
[15.098s] [ 60%] [32mBuilding C object CMakeFiles/actionlib_msgs__rosidl_typesupport_introspection_c.dir/rosidl_typesupport_introspection_c/actionlib_msgs/msg/detail/goal_status__type_support.c.o[0m
[15.098s] [ 60%] [32mBuilding C object CMakeFiles/actionlib_msgs__rosidl_typesupport_introspection_c.dir/rosidl_typesupport_introspection_c/actionlib_msgs/msg/detail/goal_status_array__type_support.c.o[0m
[15.099s] [ 62%] [32mBuilding C object CMakeFiles/actionlib_msgs__rosidl_typesupport_introspection_c.dir/rosidl_typesupport_introspection_c/actionlib_msgs/msg/detail/goal_id__type_support.c.o[0m
[15.100s] [ 62%] Built target actionlib_msgs__rosidl_typesupport_cpp
[15.113s] [ 66%] [32mBuilding CXX object CMakeFiles/actionlib_msgs__rosidl_typesupport_fastrtps_c.dir/rosidl_typesupport_fastrtps_c/actionlib_msgs/msg/detail/goal_id__type_support_c.cpp.o[0m
[15.114s] [ 66%] [32mBuilding CXX object CMakeFiles/actionlib_msgs__rosidl_typesupport_fastrtps_c.dir/rosidl_typesupport_fastrtps_c/actionlib_msgs/msg/detail/goal_status_array__type_support_c.cpp.o[0m
[15.114s] [ 68%] [32mBuilding CXX object CMakeFiles/actionlib_msgs__rosidl_typesupport_fastrtps_c.dir/rosidl_typesupport_fastrtps_c/actionlib_msgs/msg/detail/goal_status__type_support_c.cpp.o[0m
[15.131s] [ 70%] [32m[1mLinking CXX shared library libactionlib_msgs__rosidl_typesupport_introspection_cpp.so[0m
[15.160s] [ 72%] [32m[1mLinking C shared library libactionlib_msgs__rosidl_typesupport_introspection_c.so[0m
[15.217s] [ 72%] Built target actionlib_msgs__rosidl_typesupport_c
[15.300s] [ 72%] Built target actionlib_msgs__rosidl_typesupport_introspection_c
[15.330s] [ 75%] [32m[1mLinking CXX shared library libactionlib_msgs__rosidl_typesupport_fastrtps_cpp.so[0m
[15.341s] [ 75%] Built target actionlib_msgs__rosidl_typesupport_introspection_cpp
[15.495s] [ 75%] Built target actionlib_msgs__rosidl_typesupport_fastrtps_cpp
[15.552s] [ 77%] [32m[1mLinking CXX shared library libactionlib_msgs__rosidl_typesupport_fastrtps_c.so[0m
[15.682s] [ 77%] Built target actionlib_msgs__rosidl_typesupport_fastrtps_c
[15.696s] [ 77%] Built target actionlib_msgs
[15.714s] [ 79%] [34m[1mGenerating Python code for ROS interfaces[0m
[16.828s] [ 79%] Built target actionlib_msgs__py
[16.862s] [ 81%] [32mBuilding C object CMakeFiles/actionlib_msgs__rosidl_generator_py.dir/rosidl_generator_py/actionlib_msgs/msg/_goal_id_s.c.o[0m
[16.862s] [ 83%] [32mBuilding C object CMakeFiles/actionlib_msgs__rosidl_generator_py.dir/rosidl_generator_py/actionlib_msgs/msg/_goal_status_s.c.o[0m
[16.875s] [ 85%] [32mBuilding C object CMakeFiles/actionlib_msgs__rosidl_generator_py.dir/rosidl_generator_py/actionlib_msgs/msg/_goal_status_array_s.c.o[0m
[17.059s] [ 87%] [32m[1mLinking C shared library rosidl_generator_py/actionlib_msgs/libactionlib_msgs__rosidl_generator_py.so[0m
[17.150s] [ 87%] Built target actionlib_msgs__rosidl_generator_py
[17.169s] [ 89%] [32mBuilding C object CMakeFiles/actionlib_msgs__rosidl_typesupport_fastrtps_c__pyext.dir/rosidl_generator_py/actionlib_msgs/_actionlib_msgs_s.ep.rosidl_typesupport_fastrtps_c.c.o[0m
[17.172s] [ 91%] [32mBuilding C object CMakeFiles/actionlib_msgs__rosidl_typesupport_introspection_c__pyext.dir/rosidl_generator_py/actionlib_msgs/_actionlib_msgs_s.ep.rosidl_typesupport_introspection_c.c.o[0m
[17.173s] [ 93%] [32mBuilding C object CMakeFiles/actionlib_msgs__rosidl_typesupport_c__pyext.dir/rosidl_generator_py/actionlib_msgs/_actionlib_msgs_s.ep.rosidl_typesupport_c.c.o[0m
[17.299s] [ 95%] [32m[1mLinking C shared library rosidl_generator_py/actionlib_msgs/actionlib_msgs_s__rosidl_typesupport_c.cpython-310-x86_64-linux-gnu.so[0m
[17.301s] [ 97%] [32m[1mLinking C shared library rosidl_generator_py/actionlib_msgs/actionlib_msgs_s__rosidl_typesupport_fastrtps_c.cpython-310-x86_64-linux-gnu.so[0m
[17.304s] [100%] [32m[1mLinking C shared library rosidl_generator_py/actionlib_msgs/actionlib_msgs_s__rosidl_typesupport_introspection_c.cpython-310-x86_64-linux-gnu.so[0m
[17.404s] [100%] Built target actionlib_msgs__rosidl_typesupport_c__pyext
[17.414s] [100%] Built target actionlib_msgs__rosidl_typesupport_fastrtps_c__pyext
[17.441s] [100%] Built target actionlib_msgs__rosidl_typesupport_introspection_c__pyext
[17.457s] Invoked command in '/home/hiro/rust_ws/build/actionlib_msgs' returned '0': AMENT_PREFIX_PATH=/home/hiro/rust_ws/install/std_msgs:/home/hiro/rust_ws/install/builtin_interfaces:/home/hiro/rust_ws/install/rosidl_default_runtime:/home/hiro/rust_ws/install/rosidl_default_generators:/home/hiro/rust_ws/install/rosidl_generator_rs:/home/hiro/rust_ws/install/rosidl_runtime_rs:${AMENT_PREFIX_PATH} CMAKE_PREFIX_PATH=/home/hiro/rust_ws/install/std_msgs:/home/hiro/rust_ws/install/builtin_interfaces:/home/hiro/rust_ws/install/rosidl_default_runtime:/home/hiro/rust_ws/install/rosidl_default_generators:/home/hiro/rust_ws/install/rosidl_generator_rs:/home/hiro/ws_livox/install/livox_ros_driver2:/opt/ros/humble LD_LIBRARY_PATH=/home/hiro/rust_ws/install/std_msgs/lib:/home/hiro/rust_ws/install/builtin_interfaces/lib:${LD_LIBRARY_PATH} PYTHONPATH=/home/hiro/rust_ws/install/std_msgs/local/lib/python3.10/dist-packages:/home/hiro/rust_ws/install/builtin_interfaces/local/lib/python3.10/dist-packages:/home/hiro/rust_ws/install/rosidl_generator_rs/local/lib/python3.10/dist-packages:${PYTHONPATH} /usr/bin/cmake --build /home/hiro/rust_ws/build/actionlib_msgs -- -j22 -l22
[17.555s] Invoking command in '/home/hiro/rust_ws/build/actionlib_msgs': AMENT_PREFIX_PATH=/home/hiro/rust_ws/install/std_msgs:/home/hiro/rust_ws/install/builtin_interfaces:/home/hiro/rust_ws/install/rosidl_default_runtime:/home/hiro/rust_ws/install/rosidl_default_generators:/home/hiro/rust_ws/install/rosidl_generator_rs:/home/hiro/rust_ws/install/rosidl_runtime_rs:${AMENT_PREFIX_PATH} CMAKE_PREFIX_PATH=/home/hiro/rust_ws/install/std_msgs:/home/hiro/rust_ws/install/builtin_interfaces:/home/hiro/rust_ws/install/rosidl_default_runtime:/home/hiro/rust_ws/install/rosidl_default_generators:/home/hiro/rust_ws/install/rosidl_generator_rs:/home/hiro/ws_livox/install/livox_ros_driver2:/opt/ros/humble LD_LIBRARY_PATH=/home/hiro/rust_ws/install/std_msgs/lib:/home/hiro/rust_ws/install/builtin_interfaces/lib:${LD_LIBRARY_PATH} PYTHONPATH=/home/hiro/rust_ws/install/std_msgs/local/lib/python3.10/dist-packages:/home/hiro/rust_ws/install/builtin_interfaces/local/lib/python3.10/dist-packages:/home/hiro/rust_ws/install/rosidl_generator_rs/local/lib/python3.10/dist-packages:${PYTHONPATH} /usr/bin/cmake --install /home/hiro/rust_ws/build/actionlib_msgs
[17.565s] -- Install configuration: ""
[17.565s] -- Installing: /home/hiro/rust_ws/install/actionlib_msgs/share/ament_index/resource_index/rosidl_interfaces/actionlib_msgs
[17.566s] -- Installing: /home/hiro/rust_ws/install/actionlib_msgs/include/actionlib_msgs/actionlib_msgs
[17.566s] -- Installing: /home/hiro/rust_ws/install/actionlib_msgs/include/actionlib_msgs/actionlib_msgs/msg
[17.566s] -- Installing: /home/hiro/rust_ws/install/actionlib_msgs/include/actionlib_msgs/actionlib_msgs/msg/goal_id.h
[17.566s] -- Installing: /home/hiro/rust_ws/install/actionlib_msgs/include/actionlib_msgs/actionlib_msgs/msg/rosidl_generator_c__visibility_control.h
[17.567s] -- Installing: /home/hiro/rust_ws/install/actionlib_msgs/include/actionlib_msgs/actionlib_msgs/msg/detail
[17.567s] -- Installing: /home/hiro/rust_ws/install/actionlib_msgs/include/actionlib_msgs/actionlib_msgs/msg/detail/goal_status_array__functions.c
[17.567s] -- Installing: /home/hiro/rust_ws/install/actionlib_msgs/include/actionlib_msgs/actionlib_msgs/msg/detail/goal_id__struct.h
[17.567s] -- Installing: /home/hiro/rust_ws/install/actionlib_msgs/include/actionlib_msgs/actionlib_msgs/msg/detail/goal_status__struct.h
[17.567s] -- Installing: /home/hiro/rust_ws/install/actionlib_msgs/include/actionlib_msgs/actionlib_msgs/msg/detail/goal_status__type_support.h
[17.568s] -- Installing: /home/hiro/rust_ws/install/actionlib_msgs/include/actionlib_msgs/actionlib_msgs/msg/detail/goal_status__functions.h
[17.568s] -- Installing: /home/hiro/rust_ws/install/actionlib_msgs/include/actionlib_msgs/actionlib_msgs/msg/detail/goal_status_array__type_support.h
[17.568s] -- Installing: /home/hiro/rust_ws/install/actionlib_msgs/include/actionlib_msgs/actionlib_msgs/msg/detail/goal_status_array__struct.h
[17.568s] -- Installing: /home/hiro/rust_ws/install/actionlib_msgs/include/actionlib_msgs/actionlib_msgs/msg/detail/goal_status__functions.c
[17.568s] -- Installing: /home/hiro/rust_ws/install/actionlib_msgs/include/actionlib_msgs/actionlib_msgs/msg/detail/goal_status_array__functions.h
[17.569s] -- Installing: /home/hiro/rust_ws/install/actionlib_msgs/include/actionlib_msgs/actionlib_msgs/msg/detail/goal_id__type_support.h
[17.569s] -- Installing: /home/hiro/rust_ws/install/actionlib_msgs/include/actionlib_msgs/actionlib_msgs/msg/detail/goal_id__functions.c
[17.569s] -- Installing: /home/hiro/rust_ws/install/actionlib_msgs/include/actionlib_msgs/actionlib_msgs/msg/detail/goal_id__functions.h
[17.569s] -- Installing: /home/hiro/rust_ws/install/actionlib_msgs/include/actionlib_msgs/actionlib_msgs/msg/goal_status_array.h
[17.569s] -- Installing: /home/hiro/rust_ws/install/actionlib_msgs/include/actionlib_msgs/actionlib_msgs/msg/goal_status.h
[17.569s] -- Installing: /home/hiro/rust_ws/install/actionlib_msgs/share/actionlib_msgs/environment/library_path.sh
[17.569s] -- Installing: /home/hiro/rust_ws/install/actionlib_msgs/share/actionlib_msgs/environment/library_path.dsv
[17.569s] -- Installing: /home/hiro/rust_ws/install/actionlib_msgs/lib/libactionlib_msgs__rosidl_generator_c.so
[17.569s] -- Set runtime path of "/home/hiro/rust_ws/install/actionlib_msgs/lib/libactionlib_msgs__rosidl_generator_c.so" to ""
[17.570s] -- Up-to-date: /home/hiro/rust_ws/install/actionlib_msgs/include/actionlib_msgs/actionlib_msgs
[17.570s] -- Up-to-date: /home/hiro/rust_ws/install/actionlib_msgs/include/actionlib_msgs/actionlib_msgs/msg
[17.570s] -- Up-to-date: /home/hiro/rust_ws/install/actionlib_msgs/include/actionlib_msgs/actionlib_msgs/msg/detail
[17.570s] -- Installing: /home/hiro/rust_ws/install/actionlib_msgs/include/actionlib_msgs/actionlib_msgs/msg/detail/goal_status__rosidl_typesupport_fastrtps_c.h
[17.570s] -- Installing: /home/hiro/rust_ws/install/actionlib_msgs/include/actionlib_msgs/actionlib_msgs/msg/detail/goal_id__rosidl_typesupport_fastrtps_c.h
[17.570s] -- Installing: /home/hiro/rust_ws/install/actionlib_msgs/include/actionlib_msgs/actionlib_msgs/msg/detail/goal_status_array__rosidl_typesupport_fastrtps_c.h
[17.570s] -- Installing: /home/hiro/rust_ws/install/actionlib_msgs/include/actionlib_msgs/actionlib_msgs/msg/rosidl_typesupport_fastrtps_c__visibility_control.h
[17.571s] -- Installing: /home/hiro/rust_ws/install/actionlib_msgs/lib/libactionlib_msgs__rosidl_typesupport_fastrtps_c.so
[17.571s] -- Set runtime path of "/home/hiro/rust_ws/install/actionlib_msgs/lib/libactionlib_msgs__rosidl_typesupport_fastrtps_c.so" to ""
[17.571s] -- Up-to-date: /home/hiro/rust_ws/install/actionlib_msgs/include/actionlib_msgs/actionlib_msgs
[17.571s] -- Up-to-date: /home/hiro/rust_ws/install/actionlib_msgs/include/actionlib_msgs/actionlib_msgs/msg
[17.571s] -- Installing: /home/hiro/rust_ws/install/actionlib_msgs/include/actionlib_msgs/actionlib_msgs/msg/goal_status.hpp
[17.571s] -- Installing: /home/hiro/rust_ws/install/actionlib_msgs/include/actionlib_msgs/actionlib_msgs/msg/goal_id.hpp
[17.571s] -- Up-to-date: /home/hiro/rust_ws/install/actionlib_msgs/include/actionlib_msgs/actionlib_msgs/msg/detail
[17.571s] -- Installing: /home/hiro/rust_ws/install/actionlib_msgs/include/actionlib_msgs/actionlib_msgs/msg/detail/goal_id__builder.hpp
[17.572s] -- Installing: /home/hiro/rust_ws/install/actionlib_msgs/include/actionlib_msgs/actionlib_msgs/msg/detail/goal_status__traits.hpp
[17.572s] -- Installing: /home/hiro/rust_ws/install/actionlib_msgs/include/actionlib_msgs/actionlib_msgs/msg/detail/goal_status__struct.hpp
[17.572s] -- Installing: /home/hiro/rust_ws/install/actionlib_msgs/include/actionlib_msgs/actionlib_msgs/msg/detail/goal_status__builder.hpp
[17.572s] -- Installing: /home/hiro/rust_ws/install/actionlib_msgs/include/actionlib_msgs/actionlib_msgs/msg/detail/goal_id__traits.hpp
[17.572s] -- Installing: /home/hiro/rust_ws/install/actionlib_msgs/include/actionlib_msgs/actionlib_msgs/msg/detail/goal_status_array__struct.hpp
[17.572s] -- Installing: /home/hiro/rust_ws/install/actionlib_msgs/include/actionlib_msgs/actionlib_msgs/msg/detail/goal_id__struct.hpp
[17.572s] -- Installing: /home/hiro/rust_ws/install/actionlib_msgs/include/actionlib_msgs/actionlib_msgs/msg/detail/goal_status_array__builder.hpp
[17.572s] -- Installing: /home/hiro/rust_ws/install/actionlib_msgs/include/actionlib_msgs/actionlib_msgs/msg/detail/goal_status_array__traits.hpp
[17.572s] -- Installing: /home/hiro/rust_ws/install/actionlib_msgs/include/actionlib_msgs/actionlib_msgs/msg/goal_status_array.hpp
[17.573s] -- Up-to-date: /home/hiro/rust_ws/install/actionlib_msgs/include/actionlib_msgs/actionlib_msgs
[17.573s] -- Up-to-date: /home/hiro/rust_ws/install/actionlib_msgs/include/actionlib_msgs/actionlib_msgs/msg
[17.573s] -- Installing: /home/hiro/rust_ws/install/actionlib_msgs/include/actionlib_msgs/actionlib_msgs/msg/rosidl_typesupport_fastrtps_cpp__visibility_control.h
[17.573s] -- Up-to-date: /home/hiro/rust_ws/install/actionlib_msgs/include/actionlib_msgs/actionlib_msgs/msg/detail
[17.573s] -- Installing: /home/hiro/rust_ws/install/actionlib_msgs/include/actionlib_msgs/actionlib_msgs/msg/detail/goal_status__rosidl_typesupport_fastrtps_cpp.hpp
[17.573s] -- Installing: /home/hiro/rust_ws/install/actionlib_msgs/include/actionlib_msgs/actionlib_msgs/msg/detail/dds_fastrtps
[17.574s] -- Installing: /home/hiro/rust_ws/install/actionlib_msgs/include/actionlib_msgs/actionlib_msgs/msg/detail/goal_status_array__rosidl_typesupport_fastrtps_cpp.hpp
[17.574s] -- Installing: /home/hiro/rust_ws/install/actionlib_msgs/include/actionlib_msgs/actionlib_msgs/msg/detail/goal_id__rosidl_typesupport_fastrtps_cpp.hpp
[17.574s] -- Installing: /home/hiro/rust_ws/install/actionlib_msgs/lib/libactionlib_msgs__rosidl_typesupport_fastrtps_cpp.so
[17.574s] -- Set runtime path of "/home/hiro/rust_ws/install/actionlib_msgs/lib/libactionlib_msgs__rosidl_typesupport_fastrtps_cpp.so" to ""
[17.574s] -- Up-to-date: /home/hiro/rust_ws/install/actionlib_msgs/include/actionlib_msgs/actionlib_msgs
[17.575s] -- Up-to-date: /home/hiro/rust_ws/install/actionlib_msgs/include/actionlib_msgs/actionlib_msgs/msg
[17.575s] -- Installing: /home/hiro/rust_ws/install/actionlib_msgs/include/actionlib_msgs/actionlib_msgs/msg/rosidl_typesupport_introspection_c__visibility_control.h
[17.575s] -- Up-to-date: /home/hiro/rust_ws/install/actionlib_msgs/include/actionlib_msgs/actionlib_msgs/msg/detail
[17.575s] -- Installing: /home/hiro/rust_ws/install/actionlib_msgs/include/actionlib_msgs/actionlib_msgs/msg/detail/goal_id__type_support.c
[17.575s] -- Installing: /home/hiro/rust_ws/install/actionlib_msgs/include/actionlib_msgs/actionlib_msgs/msg/detail/goal_status_array__type_support.c
[17.575s] -- Installing: /home/hiro/rust_ws/install/actionlib_msgs/include/actionlib_msgs/actionlib_msgs/msg/detail/goal_id__rosidl_typesupport_introspection_c.h
[17.575s] -- Installing: /home/hiro/rust_ws/install/actionlib_msgs/include/actionlib_msgs/actionlib_msgs/msg/detail/goal_status__type_support.c
[17.575s] -- Installing: /home/hiro/rust_ws/install/actionlib_msgs/include/actionlib_msgs/actionlib_msgs/msg/detail/goal_status__rosidl_typesupport_introspection_c.h
[17.576s] -- Installing: /home/hiro/rust_ws/install/actionlib_msgs/include/actionlib_msgs/actionlib_msgs/msg/detail/goal_status_array__rosidl_typesupport_introspection_c.h
[17.576s] -- Installing: /home/hiro/rust_ws/install/actionlib_msgs/lib/libactionlib_msgs__rosidl_typesupport_introspection_c.so
[17.576s] -- Set runtime path of "/home/hiro/rust_ws/install/actionlib_msgs/lib/libactionlib_msgs__rosidl_typesupport_introspection_c.so" to ""
[17.576s] -- Installing: /home/hiro/rust_ws/install/actionlib_msgs/lib/libactionlib_msgs__rosidl_typesupport_c.so
[17.576s] -- Set runtime path of "/home/hiro/rust_ws/install/actionlib_msgs/lib/libactionlib_msgs__rosidl_typesupport_c.so" to ""
[17.576s] -- Up-to-date: /home/hiro/rust_ws/install/actionlib_msgs/include/actionlib_msgs/actionlib_msgs
[17.576s] -- Up-to-date: /home/hiro/rust_ws/install/actionlib_msgs/include/actionlib_msgs/actionlib_msgs/msg
[17.576s] -- Up-to-date: /home/hiro/rust_ws/install/actionlib_msgs/include/actionlib_msgs/actionlib_msgs/msg/detail
[17.577s] -- Installing: /home/hiro/rust_ws/install/actionlib_msgs/include/actionlib_msgs/actionlib_msgs/msg/detail/goal_status__type_support.cpp
[17.577s] -- Installing: /home/hiro/rust_ws/install/actionlib_msgs/include/actionlib_msgs/actionlib_msgs/msg/detail/goal_id__rosidl_typesupport_introspection_cpp.hpp
[17.577s] -- Installing: /home/hiro/rust_ws/install/actionlib_msgs/include/actionlib_msgs/actionlib_msgs/msg/detail/goal_status__rosidl_typesupport_introspection_cpp.hpp
[17.577s] -- Installing: /home/hiro/rust_ws/install/actionlib_msgs/include/actionlib_msgs/actionlib_msgs/msg/detail/goal_id__type_support.cpp
[17.578s] -- Installing: /home/hiro/rust_ws/install/actionlib_msgs/include/actionlib_msgs/actionlib_msgs/msg/detail/goal_status_array__type_support.cpp
[17.578s] -- Installing: /home/hiro/rust_ws/install/actionlib_msgs/include/actionlib_msgs/actionlib_msgs/msg/detail/goal_status_array__rosidl_typesupport_introspection_cpp.hpp
[17.578s] -- Installing: /home/hiro/rust_ws/install/actionlib_msgs/lib/libactionlib_msgs__rosidl_typesupport_introspection_cpp.so
[17.578s] -- Set runtime path of "/home/hiro/rust_ws/install/actionlib_msgs/lib/libactionlib_msgs__rosidl_typesupport_introspection_cpp.so" to ""
[17.578s] -- Installing: /home/hiro/rust_ws/install/actionlib_msgs/lib/libactionlib_msgs__rosidl_typesupport_cpp.so
[17.578s] -- Set runtime path of "/home/hiro/rust_ws/install/actionlib_msgs/lib/libactionlib_msgs__rosidl_typesupport_cpp.so" to ""
[17.578s] -- Installing: /home/hiro/rust_ws/install/actionlib_msgs/share/ament_index/resource_index/rust_packages/actionlib_msgs
[17.578s] -- Installing: /home/hiro/rust_ws/install/actionlib_msgs/share/actionlib_msgs/rust
[17.579s] -- Installing: /home/hiro/rust_ws/install/actionlib_msgs/share/actionlib_msgs/rust/Cargo.toml
[17.579s] -- Installing: /home/hiro/rust_ws/install/actionlib_msgs/share/actionlib_msgs/rust/build.rs
[17.579s] -- Installing: /home/hiro/rust_ws/install/actionlib_msgs/share/actionlib_msgs/rust/src
[17.579s] -- Installing: /home/hiro/rust_ws/install/actionlib_msgs/share/actionlib_msgs/rust/src/msg.rs
[17.579s] -- Installing: /home/hiro/rust_ws/install/actionlib_msgs/share/actionlib_msgs/rust/src/lib.rs
[17.579s] -- Installing: /home/hiro/rust_ws/install/actionlib_msgs/share/actionlib_msgs/environment/pythonpath.sh
[17.579s] -- Installing: /home/hiro/rust_ws/install/actionlib_msgs/share/actionlib_msgs/environment/pythonpath.dsv
[17.580s] -- Installing: /home/hiro/rust_ws/install/actionlib_msgs/local/lib/python3.10/dist-packages/actionlib_msgs-4.2.4-py3.10.egg-info
[17.580s] -- Installing: /home/hiro/rust_ws/install/actionlib_msgs/local/lib/python3.10/dist-packages/actionlib_msgs-4.2.4-py3.10.egg-info/top_level.txt
[17.580s] -- Installing: /home/hiro/rust_ws/install/actionlib_msgs/local/lib/python3.10/dist-packages/actionlib_msgs-4.2.4-py3.10.egg-info/PKG-INFO
[17.580s] -- Installing: /home/hiro/rust_ws/install/actionlib_msgs/local/lib/python3.10/dist-packages/actionlib_msgs-4.2.4-py3.10.egg-info/SOURCES.txt
[17.580s] -- Installing: /home/hiro/rust_ws/install/actionlib_msgs/local/lib/python3.10/dist-packages/actionlib_msgs-4.2.4-py3.10.egg-info/dependency_links.txt
[17.580s] -- Installing: /home/hiro/rust_ws/install/actionlib_msgs/local/lib/python3.10/dist-packages/actionlib_msgs
[17.580s] -- Installing: /home/hiro/rust_ws/install/actionlib_msgs/local/lib/python3.10/dist-packages/actionlib_msgs/actionlib_msgs_s__rosidl_typesupport_fastrtps_c.cpython-310-x86_64-linux-gnu.so
[17.580s] -- Installing: /home/hiro/rust_ws/install/actionlib_msgs/local/lib/python3.10/dist-packages/actionlib_msgs/_actionlib_msgs_s.ep.rosidl_typesupport_introspection_c.c
[17.580s] -- Installing: /home/hiro/rust_ws/install/actionlib_msgs/local/lib/python3.10/dist-packages/actionlib_msgs/_actionlib_msgs_s.ep.rosidl_typesupport_c.c
[17.580s] -- Installing: /home/hiro/rust_ws/install/actionlib_msgs/local/lib/python3.10/dist-packages/actionlib_msgs/_actionlib_msgs_s.ep.rosidl_typesupport_fastrtps_c.c
[17.580s] -- Installing: /home/hiro/rust_ws/install/actionlib_msgs/local/lib/python3.10/dist-packages/actionlib_msgs/actionlib_msgs_s__rosidl_typesupport_introspection_c.cpython-310-x86_64-linux-gnu.so
[17.581s] -- Installing: /home/hiro/rust_ws/install/actionlib_msgs/local/lib/python3.10/dist-packages/actionlib_msgs/libactionlib_msgs__rosidl_generator_py.so
[17.581s] -- Installing: /home/hiro/rust_ws/install/actionlib_msgs/local/lib/python3.10/dist-packages/actionlib_msgs/__init__.py
[17.581s] -- Installing: /home/hiro/rust_ws/install/actionlib_msgs/local/lib/python3.10/dist-packages/actionlib_msgs/msg
[17.581s] -- Installing: /home/hiro/rust_ws/install/actionlib_msgs/local/lib/python3.10/dist-packages/actionlib_msgs/msg/_goal_id.py
[17.581s] -- Installing: /home/hiro/rust_ws/install/actionlib_msgs/local/lib/python3.10/dist-packages/actionlib_msgs/msg/_goal_status.py
[17.581s] -- Installing: /home/hiro/rust_ws/install/actionlib_msgs/local/lib/python3.10/dist-packages/actionlib_msgs/msg/_goal_id_s.c
[17.581s] -- Installing: /home/hiro/rust_ws/install/actionlib_msgs/local/lib/python3.10/dist-packages/actionlib_msgs/msg/__init__.py
[17.581s] -- Installing: /home/hiro/rust_ws/install/actionlib_msgs/local/lib/python3.10/dist-packages/actionlib_msgs/msg/_goal_status_s.c
[17.581s] -- Installing: /home/hiro/rust_ws/install/actionlib_msgs/local/lib/python3.10/dist-packages/actionlib_msgs/msg/_goal_status_array_s.c
[17.581s] -- Installing: /home/hiro/rust_ws/install/actionlib_msgs/local/lib/python3.10/dist-packages/actionlib_msgs/msg/_goal_status_array.py
[17.581s] -- Installing: /home/hiro/rust_ws/install/actionlib_msgs/local/lib/python3.10/dist-packages/actionlib_msgs/actionlib_msgs_s__rosidl_typesupport_c.cpython-310-x86_64-linux-gnu.so
[17.624s] Listing '/home/hiro/rust_ws/install/actionlib_msgs/local/lib/python3.10/dist-packages/actionlib_msgs'...
[17.624s] Compiling '/home/hiro/rust_ws/install/actionlib_msgs/local/lib/python3.10/dist-packages/actionlib_msgs/__init__.py'...
[17.625s] Listing '/home/hiro/rust_ws/install/actionlib_msgs/local/lib/python3.10/dist-packages/actionlib_msgs/msg'...
[17.625s] Compiling '/home/hiro/rust_ws/install/actionlib_msgs/local/lib/python3.10/dist-packages/actionlib_msgs/msg/__init__.py'...
[17.625s] Compiling '/home/hiro/rust_ws/install/actionlib_msgs/local/lib/python3.10/dist-packages/actionlib_msgs/msg/_goal_id.py'...
[17.625s] Compiling '/home/hiro/rust_ws/install/actionlib_msgs/local/lib/python3.10/dist-packages/actionlib_msgs/msg/_goal_status.py'...
[17.625s] Compiling '/home/hiro/rust_ws/install/actionlib_msgs/local/lib/python3.10/dist-packages/actionlib_msgs/msg/_goal_status_array.py'...
[17.632s] -- Installing: /home/hiro/rust_ws/install/actionlib_msgs/local/lib/python3.10/dist-packages/actionlib_msgs/actionlib_msgs_s__rosidl_typesupport_fastrtps_c.cpython-310-x86_64-linux-gnu.so
[17.632s] -- Set runtime path of "/home/hiro/rust_ws/install/actionlib_msgs/local/lib/python3.10/dist-packages/actionlib_msgs/actionlib_msgs_s__rosidl_typesupport_fastrtps_c.cpython-310-x86_64-linux-gnu.so" to ""
[17.632s] -- Installing: /home/hiro/rust_ws/install/actionlib_msgs/local/lib/python3.10/dist-packages/actionlib_msgs/actionlib_msgs_s__rosidl_typesupport_introspection_c.cpython-310-x86_64-linux-gnu.so
[17.633s] -- Set runtime path of "/home/hiro/rust_ws/install/actionlib_msgs/local/lib/python3.10/dist-packages/actionlib_msgs/actionlib_msgs_s__rosidl_typesupport_introspection_c.cpython-310-x86_64-linux-gnu.so" to ""
[17.633s] -- Installing: /home/hiro/rust_ws/install/actionlib_msgs/local/lib/python3.10/dist-packages/actionlib_msgs/actionlib_msgs_s__rosidl_typesupport_c.cpython-310-x86_64-linux-gnu.so
[17.634s] -- Set runtime path of "/home/hiro/rust_ws/install/actionlib_msgs/local/lib/python3.10/dist-packages/actionlib_msgs/actionlib_msgs_s__rosidl_typesupport_c.cpython-310-x86_64-linux-gnu.so" to ""
[17.634s] -- Installing: /home/hiro/rust_ws/install/actionlib_msgs/lib/libactionlib_msgs__rosidl_generator_py.so
[17.634s] -- Set runtime path of "/home/hiro/rust_ws/install/actionlib_msgs/lib/libactionlib_msgs__rosidl_generator_py.so" to ""
[17.634s] -- Installing: /home/hiro/rust_ws/install/actionlib_msgs/share/actionlib_msgs/msg/GoalID.idl
[17.635s] -- Installing: /home/hiro/rust_ws/install/actionlib_msgs/share/actionlib_msgs/msg/GoalStatus.idl
[17.635s] -- Installing: /home/hiro/rust_ws/install/actionlib_msgs/share/actionlib_msgs/msg/GoalStatusArray.idl
[17.635s] -- Installing: /home/hiro/rust_ws/install/actionlib_msgs/share/actionlib_msgs/msg/GoalID.msg
[17.635s] -- Installing: /home/hiro/rust_ws/install/actionlib_msgs/share/actionlib_msgs/msg/GoalStatus.msg
[17.636s] -- Installing: /home/hiro/rust_ws/install/actionlib_msgs/share/actionlib_msgs/msg/GoalStatusArray.msg
[17.636s] -- Installing: /home/hiro/rust_ws/install/actionlib_msgs/share/ament_index/resource_index/package_run_dependencies/actionlib_msgs
[17.636s] -- Installing: /home/hiro/rust_ws/install/actionlib_msgs/share/ament_index/resource_index/parent_prefix_path/actionlib_msgs
[17.637s] -- Installing: /home/hiro/rust_ws/install/actionlib_msgs/share/actionlib_msgs/environment/ament_prefix_path.sh
[17.637s] -- Installing: /home/hiro/rust_ws/install/actionlib_msgs/share/actionlib_msgs/environment/ament_prefix_path.dsv
[17.637s] -- Installing: /home/hiro/rust_ws/install/actionlib_msgs/share/actionlib_msgs/environment/path.sh
[17.637s] -- Installing: /home/hiro/rust_ws/install/actionlib_msgs/share/actionlib_msgs/environment/path.dsv
[17.638s] -- Installing: /home/hiro/rust_ws/install/actionlib_msgs/share/actionlib_msgs/local_setup.bash
[17.638s] -- Installing: /home/hiro/rust_ws/install/actionlib_msgs/share/actionlib_msgs/local_setup.sh
[17.638s] -- Installing: /home/hiro/rust_ws/install/actionlib_msgs/share/actionlib_msgs/local_setup.zsh
[17.638s] -- Installing: /home/hiro/rust_ws/install/actionlib_msgs/share/actionlib_msgs/local_setup.dsv
[17.638s] -- Installing: /home/hiro/rust_ws/install/actionlib_msgs/share/actionlib_msgs/package.dsv
[17.639s] -- Installing: /home/hiro/rust_ws/install/actionlib_msgs/share/ament_index/resource_index/packages/actionlib_msgs
[17.639s] -- Installing: /home/hiro/rust_ws/install/actionlib_msgs/share/actionlib_msgs/cmake/export_actionlib_msgs__rosidl_generator_cExport.cmake
[17.639s] -- Installing: /home/hiro/rust_ws/install/actionlib_msgs/share/actionlib_msgs/cmake/export_actionlib_msgs__rosidl_generator_cExport-noconfig.cmake
[17.640s] -- Installing: /home/hiro/rust_ws/install/actionlib_msgs/share/actionlib_msgs/cmake/export_actionlib_msgs__rosidl_typesupport_fastrtps_cExport.cmake
[17.640s] -- Installing: /home/hiro/rust_ws/install/actionlib_msgs/share/actionlib_msgs/cmake/export_actionlib_msgs__rosidl_typesupport_fastrtps_cExport-noconfig.cmake
[17.640s] -- Installing: /home/hiro/rust_ws/install/actionlib_msgs/share/actionlib_msgs/cmake/export_actionlib_msgs__rosidl_generator_cppExport.cmake
[17.641s] -- Installing: /home/hiro/rust_ws/install/actionlib_msgs/share/actionlib_msgs/cmake/export_actionlib_msgs__rosidl_typesupport_fastrtps_cppExport.cmake
[17.641s] -- Installing: /home/hiro/rust_ws/install/actionlib_msgs/share/actionlib_msgs/cmake/export_actionlib_msgs__rosidl_typesupport_fastrtps_cppExport-noconfig.cmake
[17.641s] -- Installing: /home/hiro/rust_ws/install/actionlib_msgs/share/actionlib_msgs/cmake/actionlib_msgs__rosidl_typesupport_introspection_cExport.cmake
[17.642s] -- Installing: /home/hiro/rust_ws/install/actionlib_msgs/share/actionlib_msgs/cmake/actionlib_msgs__rosidl_typesupport_introspection_cExport-noconfig.cmake
[17.642s] -- Installing: /home/hiro/rust_ws/install/actionlib_msgs/share/actionlib_msgs/cmake/actionlib_msgs__rosidl_typesupport_cExport.cmake
[17.642s] -- Installing: /home/hiro/rust_ws/install/actionlib_msgs/share/actionlib_msgs/cmake/actionlib_msgs__rosidl_typesupport_cExport-noconfig.cmake
[17.642s] -- Installing: /home/hiro/rust_ws/install/actionlib_msgs/share/actionlib_msgs/cmake/actionlib_msgs__rosidl_typesupport_introspection_cppExport.cmake
[17.642s] -- Installing: /home/hiro/rust_ws/install/actionlib_msgs/share/actionlib_msgs/cmake/actionlib_msgs__rosidl_typesupport_introspection_cppExport-noconfig.cmake
[17.643s] -- Installing: /home/hiro/rust_ws/install/actionlib_msgs/share/actionlib_msgs/cmake/actionlib_msgs__rosidl_typesupport_cppExport.cmake
[17.643s] -- Installing: /home/hiro/rust_ws/install/actionlib_msgs/share/actionlib_msgs/cmake/actionlib_msgs__rosidl_typesupport_cppExport-noconfig.cmake
[17.643s] -- Installing: /home/hiro/rust_ws/install/actionlib_msgs/share/actionlib_msgs/cmake/export_actionlib_msgs__rosidl_generator_pyExport.cmake
[17.643s] -- Installing: /home/hiro/rust_ws/install/actionlib_msgs/share/actionlib_msgs/cmake/export_actionlib_msgs__rosidl_generator_pyExport-noconfig.cmake
[17.643s] -- Installing: /home/hiro/rust_ws/install/actionlib_msgs/share/actionlib_msgs/cmake/rosidl_cmake-extras.cmake
[17.644s] -- Installing: /home/hiro/rust_ws/install/actionlib_msgs/share/actionlib_msgs/cmake/ament_cmake_export_dependencies-extras.cmake
[17.644s] -- Installing: /home/hiro/rust_ws/install/actionlib_msgs/share/actionlib_msgs/cmake/ament_cmake_export_include_directories-extras.cmake
[17.644s] -- Installing: /home/hiro/rust_ws/install/actionlib_msgs/share/actionlib_msgs/cmake/ament_cmake_export_libraries-extras.cmake
[17.644s] -- Installing: /home/hiro/rust_ws/install/actionlib_msgs/share/actionlib_msgs/cmake/ament_cmake_export_targets-extras.cmake
[17.644s] -- Installing: /home/hiro/rust_ws/install/actionlib_msgs/share/actionlib_msgs/cmake/rosidl_cmake_export_typesupport_targets-extras.cmake
[17.644s] -- Installing: /home/hiro/rust_ws/install/actionlib_msgs/share/actionlib_msgs/cmake/rosidl_cmake_export_typesupport_libraries-extras.cmake
[17.644s] -- Installing: /home/hiro/rust_ws/install/actionlib_msgs/share/actionlib_msgs/cmake/actionlib_msgsConfig.cmake
[17.645s] -- Installing: /home/hiro/rust_ws/install/actionlib_msgs/share/actionlib_msgs/cmake/actionlib_msgsConfig-version.cmake
[17.645s] -- Installing: /home/hiro/rust_ws/install/actionlib_msgs/share/actionlib_msgs/package.xml
[17.647s] Invoked command in '/home/hiro/rust_ws/build/actionlib_msgs' returned '0': AMENT_PREFIX_PATH=/home/hiro/rust_ws/install/std_msgs:/home/hiro/rust_ws/install/builtin_interfaces:/home/hiro/rust_ws/install/rosidl_default_runtime:/home/hiro/rust_ws/install/rosidl_default_generators:/home/hiro/rust_ws/install/rosidl_generator_rs:/home/hiro/rust_ws/install/rosidl_runtime_rs:${AMENT_PREFIX_PATH} CMAKE_PREFIX_PATH=/home/hiro/rust_ws/install/std_msgs:/home/hiro/rust_ws/install/builtin_interfaces:/home/hiro/rust_ws/install/rosidl_default_runtime:/home/hiro/rust_ws/install/rosidl_default_generators:/home/hiro/rust_ws/install/rosidl_generator_rs:/home/hiro/ws_livox/install/livox_ros_driver2:/opt/ros/humble LD_LIBRARY_PATH=/home/hiro/rust_ws/install/std_msgs/lib:/home/hiro/rust_ws/install/builtin_interfaces/lib:${LD_LIBRARY_PATH} PYTHONPATH=/home/hiro/rust_ws/install/std_msgs/local/lib/python3.10/dist-packages:/home/hiro/rust_ws/install/builtin_interfaces/local/lib/python3.10/dist-packages:/home/hiro/rust_ws/install/rosidl_generator_rs/local/lib/python3.10/dist-packages:${PYTHONPATH} /usr/bin/cmake --install /home/hiro/rust_ws/build/actionlib_msgs
