[0.026s] Invoking command in '/home/hiromichi/rost2/build/shape_msgs': AMENT_PREFIX_PATH=/home/hiromichi/rost2/install/geometry_msgs:/home/hiromichi/rost2/install/std_msgs:/home/hiromichi/rost2/install/builtin_interfaces:/home/hiromichi/rost2/install/rosidl_default_runtime:/home/hiromichi/rost2/install/rosidl_default_generators:/home/hiromichi/rost2/install/rosidl_generator_rs:/home/hiromichi/rost2/install/rosidl_runtime_rs:${AMENT_PREFIX_PATH} CMAKE_PREFIX_PATH=/home/hiromichi/rost2/install/geometry_msgs:/home/hiromichi/rost2/install/std_msgs:/home/hiromichi/rost2/install/builtin_interfaces:/home/hiromichi/rost2/install/rosidl_default_runtime:/home/hiromichi/rost2/install/rosidl_default_generators:/home/hiromichi/rost2/install/rosidl_generator_rs:/opt/ros/humble LD_LIBRARY_PATH=/home/hiromichi/rost2/install/geometry_msgs/lib:/home/hiromichi/rost2/install/std_msgs/lib:/home/hiromichi/rost2/install/builtin_interfaces/lib:${LD_LIBRARY_PATH} PYTHONPATH=/home/hiromichi/rost2/install/geometry_msgs/local/lib/python3.10/dist-packages:/home/hiromichi/rost2/install/std_msgs/local/lib/python3.10/dist-packages:/home/hiromichi/rost2/install/builtin_interfaces/local/lib/python3.10/dist-packages:/home/hiromichi/rost2/install/rosidl_generator_rs/local/lib/python3.10/dist-packages:${PYTHONPATH} /usr/bin/cmake /home/hiromichi/rost2/src/ros2/common_interfaces/shape_msgs -DCMAKE_INSTALL_PREFIX=/home/hiromichi/rost2/install/shape_msgs
[0.066s] -- The C compiler identification is GNU 11.4.0
[0.103s] -- The CXX compiler identification is GNU 11.4.0
[0.108s] -- Detecting C compiler ABI info
[0.157s] -- Detecting C compiler ABI info - done
[0.164s] -- Check for working C compiler: /usr/bin/cc - skipped
[0.164s] -- Detecting C compile features
[0.164s] -- Detecting C compile features - done
[0.167s] -- Detecting CXX compiler ABI info
[0.245s] -- Detecting CXX compiler ABI info - done
[0.250s] -- Check for working CXX compiler: /usr/bin/c++ - skipped
[0.250s] -- Detecting CXX compile features
[0.250s] -- Detecting CXX compile features - done
[0.252s] -- Found ament_cmake: 1.3.2 (/opt/ros/humble/share/ament_cmake/cmake)
[0.421s] -- Found Python3: /usr/bin/python3.10 (found version "3.10.12") found components: Interpreter 
[0.506s] -- Found geometry_msgs: 4.2.4 (/home/hiromichi/rost2/install/geometry_msgs/share/geometry_msgs/cmake)
[0.546s] -- Found rosidl_generator_c: 3.1.3 (/opt/ros/humble/share/rosidl_generator_c/cmake)
[0.553s] -- Found rosidl_adapter: 3.1.3 (/opt/ros/humble/share/rosidl_adapter/cmake)
[0.560s] -- Found rosidl_generator_cpp: 3.1.3 (/opt/ros/humble/share/rosidl_generator_cpp/cmake)
[0.577s] -- Using all available rosidl_typesupport_c: rosidl_typesupport_fastrtps_c;rosidl_typesupport_introspection_c
[0.600s] -- Using all available rosidl_typesupport_cpp: rosidl_typesupport_fastrtps_cpp;rosidl_typesupport_introspection_cpp
[0.704s] -- Found rosidl_default_generators: 1.2.0 (/home/hiromichi/rost2/install/rosidl_default_generators/share/rosidl_default_generators/cmake)
[0.996s] -- Found ament_cmake_cppcheck: 0.12.4 (/opt/ros/humble/share/ament_cmake_cppcheck/cmake)
[0.997s] -- Found ament_cmake_cpplint: 0.12.4 (/opt/ros/humble/share/ament_cmake_cpplint/cmake)
[0.999s] -- Found ament_cmake_uncrustify: 0.12.4 (/opt/ros/humble/share/ament_cmake_uncrustify/cmake)
[1.001s] -- Found ament_cmake_ros: 0.10.0 (/opt/ros/humble/share/ament_cmake_ros/cmake)
[1.414s] -- Using all available rosidl_typesupport_c: rosidl_typesupport_fastrtps_c;rosidl_typesupport_introspection_c
[1.582s] -- Using all available rosidl_typesupport_cpp: rosidl_typesupport_fastrtps_cpp;rosidl_typesupport_introspection_cpp
[1.631s] -- Found PythonInterp: /usr/bin/python3 (found suitable version "3.10.12", minimum required is "3.6") 
[1.634s] -- Found python_cmake_module: 0.10.0 (/opt/ros/humble/share/python_cmake_module/cmake)
[1.654s] -- Found PythonLibs: /usr/lib/x86_64-linux-gnu/libpython3.10.so (found suitable version "3.10.12", minimum required is "3.5") 
[1.655s] -- Using PYTHON_EXECUTABLE: /usr/bin/python3
[1.655s] -- Using PYTHON_INCLUDE_DIRS: /usr/include/python3.10
[1.655s] -- Using PYTHON_LIBRARIES: /usr/lib/x86_64-linux-gnu/libpython3.10.so
[1.678s] -- Found PythonExtra: .so  
[1.755s] -- Found ament_cmake_flake8: 0.12.4 (/opt/ros/humble/share/ament_cmake_flake8/cmake)
[1.758s] -- Found ament_cmake_pep257: 0.12.4 (/opt/ros/humble/share/ament_cmake_pep257/cmake)
[1.766s] -- Configuring done
[1.806s] -- Generating done
[1.809s] -- Build files have been written to: /home/hiromichi/rost2/build/shape_msgs
[1.820s] Invoked command in '/home/hiromichi/rost2/build/shape_msgs' returned '0': AMENT_PREFIX_PATH=/home/hiromichi/rost2/install/geometry_msgs:/home/hiromichi/rost2/install/std_msgs:/home/hiromichi/rost2/install/builtin_interfaces:/home/hiromichi/rost2/install/rosidl_default_runtime:/home/hiromichi/rost2/install/rosidl_default_generators:/home/hiromichi/rost2/install/rosidl_generator_rs:/home/hiromichi/rost2/install/rosidl_runtime_rs:${AMENT_PREFIX_PATH} CMAKE_PREFIX_PATH=/home/hiromichi/rost2/install/geometry_msgs:/home/hiromichi/rost2/install/std_msgs:/home/hiromichi/rost2/install/builtin_interfaces:/home/hiromichi/rost2/install/rosidl_default_runtime:/home/hiromichi/rost2/install/rosidl_default_generators:/home/hiromichi/rost2/install/rosidl_generator_rs:/opt/ros/humble LD_LIBRARY_PATH=/home/hiromichi/rost2/install/geometry_msgs/lib:/home/hiromichi/rost2/install/std_msgs/lib:/home/hiromichi/rost2/install/builtin_interfaces/lib:${LD_LIBRARY_PATH} PYTHONPATH=/home/hiromichi/rost2/install/geometry_msgs/local/lib/python3.10/dist-packages:/home/hiromichi/rost2/install/std_msgs/local/lib/python3.10/dist-packages:/home/hiromichi/rost2/install/builtin_interfaces/local/lib/python3.10/dist-packages:/home/hiromichi/rost2/install/rosidl_generator_rs/local/lib/python3.10/dist-packages:${PYTHONPATH} /usr/bin/cmake /home/hiromichi/rost2/src/ros2/common_interfaces/shape_msgs -DCMAKE_INSTALL_PREFIX=/home/hiromichi/rost2/install/shape_msgs
[1.821s] Invoking command in '/home/hiromichi/rost2/build/shape_msgs': AMENT_PREFIX_PATH=/home/hiromichi/rost2/install/geometry_msgs:/home/hiromichi/rost2/install/std_msgs:/home/hiromichi/rost2/install/builtin_interfaces:/home/hiromichi/rost2/install/rosidl_default_runtime:/home/hiromichi/rost2/install/rosidl_default_generators:/home/hiromichi/rost2/install/rosidl_generator_rs:/home/hiromichi/rost2/install/rosidl_runtime_rs:${AMENT_PREFIX_PATH} CMAKE_PREFIX_PATH=/home/hiromichi/rost2/install/geometry_msgs:/home/hiromichi/rost2/install/std_msgs:/home/hiromichi/rost2/install/builtin_interfaces:/home/hiromichi/rost2/install/rosidl_default_runtime:/home/hiromichi/rost2/install/rosidl_default_generators:/home/hiromichi/rost2/install/rosidl_generator_rs:/opt/ros/humble LD_LIBRARY_PATH=/home/hiromichi/rost2/install/geometry_msgs/lib:/home/hiromichi/rost2/install/std_msgs/lib:/home/hiromichi/rost2/install/builtin_interfaces/lib:${LD_LIBRARY_PATH} PYTHONPATH=/home/hiromichi/rost2/install/geometry_msgs/local/lib/python3.10/dist-packages:/home/hiromichi/rost2/install/std_msgs/local/lib/python3.10/dist-packages:/home/hiromichi/rost2/install/builtin_interfaces/local/lib/python3.10/dist-packages:/home/hiromichi/rost2/install/rosidl_generator_rs/local/lib/python3.10/dist-packages:${PYTHONPATH} /usr/bin/cmake --build /home/hiromichi/rost2/build/shape_msgs -- -j20 -l20
[1.862s] [  1%] [34m[1mGenerating C code for ROS interfaces[0m
[1.872s] [  3%] [34m[1mGenerating C++ code for ROS interfaces[0m
[1.882s] [  5%] [34m[1mGenerating Rust code for ROS interfaces[0m
[1.883s] [  5%] Built target ament_cmake_python_copy_shape_msgs
[2.135s] running egg_info
[2.136s] creating shape_msgs.egg-info
[2.137s] writing shape_msgs.egg-info/PKG-INFO
[2.137s] writing dependency_links to shape_msgs.egg-info/dependency_links.txt
[2.137s] writing top-level names to shape_msgs.egg-info/top_level.txt
[2.137s] writing manifest file 'shape_msgs.egg-info/SOURCES.txt'
[2.140s] reading manifest file 'shape_msgs.egg-info/SOURCES.txt'
[2.140s] writing manifest file 'shape_msgs.egg-info/SOURCES.txt'
[2.171s] [  5%] Built target ament_cmake_python_build_shape_msgs_egg
[2.605s] [  5%] Built target shape_msgs__rs
[2.815s] [  5%] Built target shape_msgs__cpp
[2.829s] [  7%] [34m[1mGenerating C++ introspection for ROS interfaces[0m
[2.829s] [  8%] [32mBuilding C object CMakeFiles/shape_msgs__rosidl_generator_c.dir/rosidl_generator_c/shape_msgs/msg/detail/mesh__functions.c.o[0m
[2.830s] [ 10%] [34m[1mGenerating C++ type support dispatch for ROS interfaces[0m
[2.850s] [ 12%] [34m[1mGenerating C++ type support for eProsima Fast-RTPS[0m
[2.866s] [ 14%] [32mBuilding C object CMakeFiles/shape_msgs__rosidl_generator_c.dir/rosidl_generator_c/shape_msgs/msg/detail/mesh_triangle__functions.c.o[0m
[2.888s] [ 16%] [32mBuilding C object CMakeFiles/shape_msgs__rosidl_generator_c.dir/rosidl_generator_c/shape_msgs/msg/detail/plane__functions.c.o[0m
[2.973s] [ 17%] [32mBuilding C object CMakeFiles/shape_msgs__rosidl_generator_c.dir/rosidl_generator_c/shape_msgs/msg/detail/solid_primitive__functions.c.o[0m
[3.103s] [ 19%] [32m[1mLinking C shared library libshape_msgs__rosidl_generator_c.so[0m
[3.227s] [ 19%] Built target shape_msgs__rosidl_generator_c
[3.261s] [ 21%] [34m[1mGenerating C type support for eProsima Fast-RTPS[0m
[3.319s] [ 23%] [34m[1mGenerating C introspection for ROS interfaces[0m
[3.330s] [ 25%] [34m[1mGenerating C type support dispatch for ROS interfaces[0m
[3.970s] [ 26%] [32mBuilding CXX object CMakeFiles/shape_msgs__rosidl_typesupport_fastrtps_cpp.dir/rosidl_typesupport_fastrtps_cpp/shape_msgs/msg/detail/dds_fastrtps/mesh__type_support.cpp.o[0m
[3.988s] [ 28%] [32mBuilding CXX object CMakeFiles/shape_msgs__rosidl_typesupport_fastrtps_cpp.dir/rosidl_typesupport_fastrtps_cpp/shape_msgs/msg/detail/dds_fastrtps/mesh_triangle__type_support.cpp.o[0m
[4.019s] [ 30%] [32mBuilding CXX object CMakeFiles/shape_msgs__rosidl_typesupport_fastrtps_cpp.dir/rosidl_typesupport_fastrtps_cpp/shape_msgs/msg/detail/dds_fastrtps/plane__type_support.cpp.o[0m
[4.026s] [ 32%] [32mBuilding CXX object CMakeFiles/shape_msgs__rosidl_typesupport_cpp.dir/rosidl_typesupport_cpp/shape_msgs/msg/mesh__type_support.cpp.o[0m
[4.033s] [ 33%] [32mBuilding CXX object CMakeFiles/shape_msgs__rosidl_typesupport_fastrtps_cpp.dir/rosidl_typesupport_fastrtps_cpp/shape_msgs/msg/detail/dds_fastrtps/solid_primitive__type_support.cpp.o[0m
[4.049s] [ 35%] [32mBuilding CXX object CMakeFiles/shape_msgs__rosidl_typesupport_cpp.dir/rosidl_typesupport_cpp/shape_msgs/msg/mesh_triangle__type_support.cpp.o[0m
[4.079s] [ 37%] [32mBuilding CXX object CMakeFiles/shape_msgs__rosidl_typesupport_cpp.dir/rosidl_typesupport_cpp/shape_msgs/msg/plane__type_support.cpp.o[0m
[4.111s] [ 39%] [32mBuilding CXX object CMakeFiles/shape_msgs__rosidl_typesupport_cpp.dir/rosidl_typesupport_cpp/shape_msgs/msg/solid_primitive__type_support.cpp.o[0m
[4.111s] [ 41%] [32mBuilding CXX object CMakeFiles/shape_msgs__rosidl_typesupport_introspection_cpp.dir/rosidl_typesupport_introspection_cpp/shape_msgs/msg/detail/mesh__type_support.cpp.o[0m
[4.119s] [ 42%] [32mBuilding CXX object CMakeFiles/shape_msgs__rosidl_typesupport_introspection_cpp.dir/rosidl_typesupport_introspection_cpp/shape_msgs/msg/detail/mesh_triangle__type_support.cpp.o[0m
[4.173s] [ 44%] [32mBuilding CXX object CMakeFiles/shape_msgs__rosidl_typesupport_introspection_cpp.dir/rosidl_typesupport_introspection_cpp/shape_msgs/msg/detail/plane__type_support.cpp.o[0m
[4.209s] [ 46%] [32mBuilding CXX object CMakeFiles/shape_msgs__rosidl_typesupport_introspection_cpp.dir/rosidl_typesupport_introspection_cpp/shape_msgs/msg/detail/solid_primitive__type_support.cpp.o[0m
[4.409s] [ 48%] [32mBuilding CXX object CMakeFiles/shape_msgs__rosidl_typesupport_c.dir/rosidl_typesupport_c/shape_msgs/msg/mesh_triangle__type_support.cpp.o[0m
[4.423s] [ 50%] [32mBuilding CXX object CMakeFiles/shape_msgs__rosidl_typesupport_c.dir/rosidl_typesupport_c/shape_msgs/msg/mesh__type_support.cpp.o[0m
[4.439s] [ 51%] [32mBuilding CXX object CMakeFiles/shape_msgs__rosidl_typesupport_c.dir/rosidl_typesupport_c/shape_msgs/msg/plane__type_support.cpp.o[0m
[4.478s] [ 53%] [32mBuilding CXX object CMakeFiles/shape_msgs__rosidl_typesupport_c.dir/rosidl_typesupport_c/shape_msgs/msg/solid_primitive__type_support.cpp.o[0m
[4.645s] [ 55%] [32m[1mLinking CXX shared library libshape_msgs__rosidl_typesupport_c.so[0m
[4.815s] [ 55%] Built target shape_msgs__rosidl_typesupport_c
[5.170s] [ 57%] [32mBuilding C object CMakeFiles/shape_msgs__rosidl_typesupport_introspection_c.dir/rosidl_typesupport_introspection_c/shape_msgs/msg/detail/mesh__type_support.c.o[0m
[5.178s] [ 58%] [32mBuilding C object CMakeFiles/shape_msgs__rosidl_typesupport_introspection_c.dir/rosidl_typesupport_introspection_c/shape_msgs/msg/detail/mesh_triangle__type_support.c.o[0m
[5.199s] [ 60%] [32mBuilding C object CMakeFiles/shape_msgs__rosidl_typesupport_introspection_c.dir/rosidl_typesupport_introspection_c/shape_msgs/msg/detail/plane__type_support.c.o[0m
[5.210s] [ 62%] [32mBuilding C object CMakeFiles/shape_msgs__rosidl_typesupport_introspection_c.dir/rosidl_typesupport_introspection_c/shape_msgs/msg/detail/solid_primitive__type_support.c.o[0m
[5.242s] [ 64%] [32mBuilding CXX object CMakeFiles/shape_msgs__rosidl_typesupport_fastrtps_c.dir/rosidl_typesupport_fastrtps_c/shape_msgs/msg/detail/mesh__type_support_c.cpp.o[0m
[5.290s] [ 67%] [32mBuilding CXX object CMakeFiles/shape_msgs__rosidl_typesupport_fastrtps_c.dir/rosidl_typesupport_fastrtps_c/shape_msgs/msg/detail/plane__type_support_c.cpp.o[0m
[5.290s] [ 67%] [32mBuilding CXX object CMakeFiles/shape_msgs__rosidl_typesupport_fastrtps_c.dir/rosidl_typesupport_fastrtps_c/shape_msgs/msg/detail/mesh_triangle__type_support_c.cpp.o[0m
[5.312s] [ 69%] [32mBuilding CXX object CMakeFiles/shape_msgs__rosidl_typesupport_fastrtps_c.dir/rosidl_typesupport_fastrtps_c/shape_msgs/msg/detail/solid_primitive__type_support_c.cpp.o[0m
[5.484s] [ 71%] [32m[1mLinking C shared library libshape_msgs__rosidl_typesupport_introspection_c.so[0m
[5.633s] [ 71%] Built target shape_msgs__rosidl_typesupport_introspection_c
[5.665s] [ 73%] [32m[1mLinking CXX shared library libshape_msgs__rosidl_typesupport_cpp.so[0m
[5.810s] [ 73%] Built target shape_msgs__rosidl_typesupport_cpp
[5.907s] [ 75%] [32m[1mLinking CXX shared library libshape_msgs__rosidl_typesupport_fastrtps_cpp.so[0m
[6.092s] [ 75%] Built target shape_msgs__rosidl_typesupport_fastrtps_cpp
[6.200s] [ 76%] [32m[1mLinking CXX shared library libshape_msgs__rosidl_typesupport_introspection_cpp.so[0m
[6.258s] [ 78%] [32m[1mLinking CXX shared library libshape_msgs__rosidl_typesupport_fastrtps_c.so[0m
[6.305s] [ 78%] Built target shape_msgs__rosidl_typesupport_introspection_cpp
[6.365s] [ 78%] Built target shape_msgs__rosidl_typesupport_fastrtps_c
[6.390s] [ 78%] Built target shape_msgs
[6.414s] [ 80%] [34m[1mGenerating Python code for ROS interfaces[0m
[8.069s] [ 80%] Built target shape_msgs__py
[8.092s] [ 82%] [32mBuilding C object CMakeFiles/shape_msgs__rosidl_generator_py.dir/rosidl_generator_py/shape_msgs/msg/_mesh_s.c.o[0m
[8.092s] [ 83%] [32mBuilding C object CMakeFiles/shape_msgs__rosidl_generator_py.dir/rosidl_generator_py/shape_msgs/msg/_mesh_triangle_s.c.o[0m
[8.101s] [ 87%] [32mBuilding C object CMakeFiles/shape_msgs__rosidl_generator_py.dir/rosidl_generator_py/shape_msgs/msg/_plane_s.c.o[0m
[8.101s] [ 87%] [32mBuilding C object CMakeFiles/shape_msgs__rosidl_generator_py.dir/rosidl_generator_py/shape_msgs/msg/_solid_primitive_s.c.o[0m
[8.310s] [ 89%] [32m[1mLinking C shared library rosidl_generator_py/shape_msgs/libshape_msgs__rosidl_generator_py.so[0m
[8.359s] [ 89%] Built target shape_msgs__rosidl_generator_py
[8.379s] [ 92%] [32mBuilding C object CMakeFiles/shape_msgs__rosidl_typesupport_fastrtps_c__pyext.dir/rosidl_generator_py/shape_msgs/_shape_msgs_s.ep.rosidl_typesupport_fastrtps_c.c.o[0m
[8.379s] [ 92%] [32mBuilding C object CMakeFiles/shape_msgs__rosidl_typesupport_c__pyext.dir/rosidl_generator_py/shape_msgs/_shape_msgs_s.ep.rosidl_typesupport_c.c.o[0m
[8.379s] [ 94%] [32mBuilding C object CMakeFiles/shape_msgs__rosidl_typesupport_introspection_c__pyext.dir/rosidl_generator_py/shape_msgs/_shape_msgs_s.ep.rosidl_typesupport_introspection_c.c.o[0m
[8.503s] [ 96%] [32m[1mLinking C shared library rosidl_generator_py/shape_msgs/shape_msgs_s__rosidl_typesupport_c.cpython-310-x86_64-linux-gnu.so[0m
[8.512s] [ 98%] [32m[1mLinking C shared library rosidl_generator_py/shape_msgs/shape_msgs_s__rosidl_typesupport_fastrtps_c.cpython-310-x86_64-linux-gnu.so[0m
[8.518s] [100%] [32m[1mLinking C shared library rosidl_generator_py/shape_msgs/shape_msgs_s__rosidl_typesupport_introspection_c.cpython-310-x86_64-linux-gnu.so[0m
[8.541s] [100%] Built target shape_msgs__rosidl_typesupport_c__pyext
[8.555s] [100%] Built target shape_msgs__rosidl_typesupport_fastrtps_c__pyext
[8.564s] [100%] Built target shape_msgs__rosidl_typesupport_introspection_c__pyext
[8.578s] Invoked command in '/home/hiromichi/rost2/build/shape_msgs' returned '0': AMENT_PREFIX_PATH=/home/hiromichi/rost2/install/geometry_msgs:/home/hiromichi/rost2/install/std_msgs:/home/hiromichi/rost2/install/builtin_interfaces:/home/hiromichi/rost2/install/rosidl_default_runtime:/home/hiromichi/rost2/install/rosidl_default_generators:/home/hiromichi/rost2/install/rosidl_generator_rs:/home/hiromichi/rost2/install/rosidl_runtime_rs:${AMENT_PREFIX_PATH} CMAKE_PREFIX_PATH=/home/hiromichi/rost2/install/geometry_msgs:/home/hiromichi/rost2/install/std_msgs:/home/hiromichi/rost2/install/builtin_interfaces:/home/hiromichi/rost2/install/rosidl_default_runtime:/home/hiromichi/rost2/install/rosidl_default_generators:/home/hiromichi/rost2/install/rosidl_generator_rs:/opt/ros/humble LD_LIBRARY_PATH=/home/hiromichi/rost2/install/geometry_msgs/lib:/home/hiromichi/rost2/install/std_msgs/lib:/home/hiromichi/rost2/install/builtin_interfaces/lib:${LD_LIBRARY_PATH} PYTHONPATH=/home/hiromichi/rost2/install/geometry_msgs/local/lib/python3.10/dist-packages:/home/hiromichi/rost2/install/std_msgs/local/lib/python3.10/dist-packages:/home/hiromichi/rost2/install/builtin_interfaces/local/lib/python3.10/dist-packages:/home/hiromichi/rost2/install/rosidl_generator_rs/local/lib/python3.10/dist-packages:${PYTHONPATH} /usr/bin/cmake --build /home/hiromichi/rost2/build/shape_msgs -- -j20 -l20
[8.687s] Invoking command in '/home/hiromichi/rost2/build/shape_msgs': AMENT_PREFIX_PATH=/home/hiromichi/rost2/install/geometry_msgs:/home/hiromichi/rost2/install/std_msgs:/home/hiromichi/rost2/install/builtin_interfaces:/home/hiromichi/rost2/install/rosidl_default_runtime:/home/hiromichi/rost2/install/rosidl_default_generators:/home/hiromichi/rost2/install/rosidl_generator_rs:/home/hiromichi/rost2/install/rosidl_runtime_rs:${AMENT_PREFIX_PATH} CMAKE_PREFIX_PATH=/home/hiromichi/rost2/install/geometry_msgs:/home/hiromichi/rost2/install/std_msgs:/home/hiromichi/rost2/install/builtin_interfaces:/home/hiromichi/rost2/install/rosidl_default_runtime:/home/hiromichi/rost2/install/rosidl_default_generators:/home/hiromichi/rost2/install/rosidl_generator_rs:/opt/ros/humble LD_LIBRARY_PATH=/home/hiromichi/rost2/install/geometry_msgs/lib:/home/hiromichi/rost2/install/std_msgs/lib:/home/hiromichi/rost2/install/builtin_interfaces/lib:${LD_LIBRARY_PATH} PYTHONPATH=/home/hiromichi/rost2/install/geometry_msgs/local/lib/python3.10/dist-packages:/home/hiromichi/rost2/install/std_msgs/local/lib/python3.10/dist-packages:/home/hiromichi/rost2/install/builtin_interfaces/local/lib/python3.10/dist-packages:/home/hiromichi/rost2/install/rosidl_generator_rs/local/lib/python3.10/dist-packages:${PYTHONPATH} /usr/bin/cmake --install /home/hiromichi/rost2/build/shape_msgs
[8.695s] -- Install configuration: ""
[8.696s] -- Installing: /home/hiromichi/rost2/install/shape_msgs/share/ament_index/resource_index/rosidl_interfaces/shape_msgs
[8.697s] -- Installing: /home/hiromichi/rost2/install/shape_msgs/include/shape_msgs/shape_msgs
[8.697s] -- Installing: /home/hiromichi/rost2/install/shape_msgs/include/shape_msgs/shape_msgs/msg
[8.697s] -- Installing: /home/hiromichi/rost2/install/shape_msgs/include/shape_msgs/shape_msgs/msg/mesh_triangle.h
[8.697s] -- Installing: /home/hiromichi/rost2/install/shape_msgs/include/shape_msgs/shape_msgs/msg/mesh.h
[8.697s] -- Installing: /home/hiromichi/rost2/install/shape_msgs/include/shape_msgs/shape_msgs/msg/plane.h
[8.697s] -- Installing: /home/hiromichi/rost2/install/shape_msgs/include/shape_msgs/shape_msgs/msg/solid_primitive.h
[8.697s] -- Installing: /home/hiromichi/rost2/install/shape_msgs/include/shape_msgs/shape_msgs/msg/rosidl_generator_c__visibility_control.h
[8.698s] -- Installing: /home/hiromichi/rost2/install/shape_msgs/include/shape_msgs/shape_msgs/msg/detail
[8.698s] -- Installing: /home/hiromichi/rost2/install/shape_msgs/include/shape_msgs/shape_msgs/msg/detail/solid_primitive__functions.c
[8.698s] -- Installing: /home/hiromichi/rost2/install/shape_msgs/include/shape_msgs/shape_msgs/msg/detail/mesh_triangle__struct.h
[8.699s] -- Installing: /home/hiromichi/rost2/install/shape_msgs/include/shape_msgs/shape_msgs/msg/detail/plane__type_support.h
[8.700s] -- Installing: /home/hiromichi/rost2/install/shape_msgs/include/shape_msgs/shape_msgs/msg/detail/mesh__struct.h
[8.700s] -- Installing: /home/hiromichi/rost2/install/shape_msgs/include/shape_msgs/shape_msgs/msg/detail/solid_primitive__functions.h
[8.700s] -- Installing: /home/hiromichi/rost2/install/shape_msgs/include/shape_msgs/shape_msgs/msg/detail/mesh__type_support.h
[8.700s] -- Installing: /home/hiromichi/rost2/install/shape_msgs/include/shape_msgs/shape_msgs/msg/detail/mesh_triangle__functions.h
[8.700s] -- Installing: /home/hiromichi/rost2/install/shape_msgs/include/shape_msgs/shape_msgs/msg/detail/mesh__functions.h
[8.701s] -- Installing: /home/hiromichi/rost2/install/shape_msgs/include/shape_msgs/shape_msgs/msg/detail/mesh_triangle__functions.c
[8.701s] -- Installing: /home/hiromichi/rost2/install/shape_msgs/include/shape_msgs/shape_msgs/msg/detail/plane__functions.c
[8.701s] -- Installing: /home/hiromichi/rost2/install/shape_msgs/include/shape_msgs/shape_msgs/msg/detail/mesh__functions.c
[8.701s] -- Installing: /home/hiromichi/rost2/install/shape_msgs/include/shape_msgs/shape_msgs/msg/detail/mesh_triangle__type_support.h
[8.702s] -- Installing: /home/hiromichi/rost2/install/shape_msgs/include/shape_msgs/shape_msgs/msg/detail/plane__functions.h
[8.703s] -- Installing: /home/hiromichi/rost2/install/shape_msgs/include/shape_msgs/shape_msgs/msg/detail/solid_primitive__struct.h
[8.703s] -- Installing: /home/hiromichi/rost2/install/shape_msgs/include/shape_msgs/shape_msgs/msg/detail/solid_primitive__type_support.h
[8.703s] -- Installing: /home/hiromichi/rost2/install/shape_msgs/include/shape_msgs/shape_msgs/msg/detail/plane__struct.h
[8.704s] -- Installing: /home/hiromichi/rost2/install/shape_msgs/share/shape_msgs/environment/library_path.sh
[8.704s] -- Installing: /home/hiromichi/rost2/install/shape_msgs/share/shape_msgs/environment/library_path.dsv
[8.704s] -- Installing: /home/hiromichi/rost2/install/shape_msgs/lib/libshape_msgs__rosidl_generator_c.so
[8.705s] -- Set runtime path of "/home/hiromichi/rost2/install/shape_msgs/lib/libshape_msgs__rosidl_generator_c.so" to ""
[8.705s] -- Up-to-date: /home/hiromichi/rost2/install/shape_msgs/include/shape_msgs/shape_msgs
[8.706s] -- Up-to-date: /home/hiromichi/rost2/install/shape_msgs/include/shape_msgs/shape_msgs/msg
[8.706s] -- Installing: /home/hiromichi/rost2/install/shape_msgs/include/shape_msgs/shape_msgs/msg/rosidl_typesupport_fastrtps_c__visibility_control.h
[8.706s] -- Up-to-date: /home/hiromichi/rost2/install/shape_msgs/include/shape_msgs/shape_msgs/msg/detail
[8.706s] -- Installing: /home/hiromichi/rost2/install/shape_msgs/include/shape_msgs/shape_msgs/msg/detail/mesh_triangle__rosidl_typesupport_fastrtps_c.h
[8.706s] -- Installing: /home/hiromichi/rost2/install/shape_msgs/include/shape_msgs/shape_msgs/msg/detail/mesh__rosidl_typesupport_fastrtps_c.h
[8.706s] -- Installing: /home/hiromichi/rost2/install/shape_msgs/include/shape_msgs/shape_msgs/msg/detail/solid_primitive__rosidl_typesupport_fastrtps_c.h
[8.707s] -- Installing: /home/hiromichi/rost2/install/shape_msgs/include/shape_msgs/shape_msgs/msg/detail/plane__rosidl_typesupport_fastrtps_c.h
[8.707s] -- Installing: /home/hiromichi/rost2/install/shape_msgs/lib/libshape_msgs__rosidl_typesupport_fastrtps_c.so
[8.707s] -- Set runtime path of "/home/hiromichi/rost2/install/shape_msgs/lib/libshape_msgs__rosidl_typesupport_fastrtps_c.so" to ""
[8.708s] -- Up-to-date: /home/hiromichi/rost2/install/shape_msgs/include/shape_msgs/shape_msgs
[8.708s] -- Up-to-date: /home/hiromichi/rost2/install/shape_msgs/include/shape_msgs/shape_msgs/msg
[8.708s] -- Installing: /home/hiromichi/rost2/install/shape_msgs/include/shape_msgs/shape_msgs/msg/mesh.hpp
[8.708s] -- Installing: /home/hiromichi/rost2/install/shape_msgs/include/shape_msgs/shape_msgs/msg/mesh_triangle.hpp
[8.708s] -- Installing: /home/hiromichi/rost2/install/shape_msgs/include/shape_msgs/shape_msgs/msg/plane.hpp
[8.709s] -- Installing: /home/hiromichi/rost2/install/shape_msgs/include/shape_msgs/shape_msgs/msg/solid_primitive.hpp
[8.709s] -- Up-to-date: /home/hiromichi/rost2/install/shape_msgs/include/shape_msgs/shape_msgs/msg/detail
[8.709s] -- Installing: /home/hiromichi/rost2/install/shape_msgs/include/shape_msgs/shape_msgs/msg/detail/mesh__struct.hpp
[8.710s] -- Installing: /home/hiromichi/rost2/install/shape_msgs/include/shape_msgs/shape_msgs/msg/detail/mesh_triangle__traits.hpp
[8.710s] -- Installing: /home/hiromichi/rost2/install/shape_msgs/include/shape_msgs/shape_msgs/msg/detail/solid_primitive__struct.hpp
[8.710s] -- Installing: /home/hiromichi/rost2/install/shape_msgs/include/shape_msgs/shape_msgs/msg/detail/plane__traits.hpp
[8.710s] -- Installing: /home/hiromichi/rost2/install/shape_msgs/include/shape_msgs/shape_msgs/msg/detail/mesh_triangle__struct.hpp
[8.711s] -- Installing: /home/hiromichi/rost2/install/shape_msgs/include/shape_msgs/shape_msgs/msg/detail/solid_primitive__traits.hpp
[8.711s] -- Installing: /home/hiromichi/rost2/install/shape_msgs/include/shape_msgs/shape_msgs/msg/detail/mesh__traits.hpp
[8.711s] -- Installing: /home/hiromichi/rost2/install/shape_msgs/include/shape_msgs/shape_msgs/msg/detail/mesh_triangle__builder.hpp
[8.712s] -- Installing: /home/hiromichi/rost2/install/shape_msgs/include/shape_msgs/shape_msgs/msg/detail/plane__struct.hpp
[8.713s] -- Installing: /home/hiromichi/rost2/install/shape_msgs/include/shape_msgs/shape_msgs/msg/detail/plane__builder.hpp
[8.713s] -- Installing: /home/hiromichi/rost2/install/shape_msgs/include/shape_msgs/shape_msgs/msg/detail/mesh__builder.hpp
[8.713s] -- Installing: /home/hiromichi/rost2/install/shape_msgs/include/shape_msgs/shape_msgs/msg/detail/solid_primitive__builder.hpp
[8.713s] -- Up-to-date: /home/hiromichi/rost2/install/shape_msgs/include/shape_msgs/shape_msgs
[8.713s] -- Up-to-date: /home/hiromichi/rost2/install/shape_msgs/include/shape_msgs/shape_msgs/msg
[8.713s] -- Installing: /home/hiromichi/rost2/install/shape_msgs/include/shape_msgs/shape_msgs/msg/rosidl_typesupport_fastrtps_cpp__visibility_control.h
[8.714s] -- Up-to-date: /home/hiromichi/rost2/install/shape_msgs/include/shape_msgs/shape_msgs/msg/detail
[8.714s] -- Installing: /home/hiromichi/rost2/install/shape_msgs/include/shape_msgs/shape_msgs/msg/detail/mesh_triangle__rosidl_typesupport_fastrtps_cpp.hpp
[8.714s] -- Installing: /home/hiromichi/rost2/install/shape_msgs/include/shape_msgs/shape_msgs/msg/detail/plane__rosidl_typesupport_fastrtps_cpp.hpp
[8.714s] -- Installing: /home/hiromichi/rost2/install/shape_msgs/include/shape_msgs/shape_msgs/msg/detail/dds_fastrtps
[8.714s] -- Installing: /home/hiromichi/rost2/install/shape_msgs/include/shape_msgs/shape_msgs/msg/detail/solid_primitive__rosidl_typesupport_fastrtps_cpp.hpp
[8.714s] -- Installing: /home/hiromichi/rost2/install/shape_msgs/include/shape_msgs/shape_msgs/msg/detail/mesh__rosidl_typesupport_fastrtps_cpp.hpp
[8.715s] -- Installing: /home/hiromichi/rost2/install/shape_msgs/lib/libshape_msgs__rosidl_typesupport_fastrtps_cpp.so
[8.715s] -- Set runtime path of "/home/hiromichi/rost2/install/shape_msgs/lib/libshape_msgs__rosidl_typesupport_fastrtps_cpp.so" to ""
[8.715s] -- Up-to-date: /home/hiromichi/rost2/install/shape_msgs/include/shape_msgs/shape_msgs
[8.715s] -- Up-to-date: /home/hiromichi/rost2/install/shape_msgs/include/shape_msgs/shape_msgs/msg
[8.715s] -- Installing: /home/hiromichi/rost2/install/shape_msgs/include/shape_msgs/shape_msgs/msg/rosidl_typesupport_introspection_c__visibility_control.h
[8.715s] -- Up-to-date: /home/hiromichi/rost2/install/shape_msgs/include/shape_msgs/shape_msgs/msg/detail
[8.716s] -- Installing: /home/hiromichi/rost2/install/shape_msgs/include/shape_msgs/shape_msgs/msg/detail/plane__type_support.c
[8.716s] -- Installing: /home/hiromichi/rost2/install/shape_msgs/include/shape_msgs/shape_msgs/msg/detail/mesh__rosidl_typesupport_introspection_c.h
[8.716s] -- Installing: /home/hiromichi/rost2/install/shape_msgs/include/shape_msgs/shape_msgs/msg/detail/plane__rosidl_typesupport_introspection_c.h
[8.716s] -- Installing: /home/hiromichi/rost2/install/shape_msgs/include/shape_msgs/shape_msgs/msg/detail/solid_primitive__type_support.c
[8.716s] -- Installing: /home/hiromichi/rost2/install/shape_msgs/include/shape_msgs/shape_msgs/msg/detail/mesh__type_support.c
[8.716s] -- Installing: /home/hiromichi/rost2/install/shape_msgs/include/shape_msgs/shape_msgs/msg/detail/solid_primitive__rosidl_typesupport_introspection_c.h
[8.717s] -- Installing: /home/hiromichi/rost2/install/shape_msgs/include/shape_msgs/shape_msgs/msg/detail/mesh_triangle__rosidl_typesupport_introspection_c.h
[8.717s] -- Installing: /home/hiromichi/rost2/install/shape_msgs/include/shape_msgs/shape_msgs/msg/detail/mesh_triangle__type_support.c
[8.717s] -- Installing: /home/hiromichi/rost2/install/shape_msgs/lib/libshape_msgs__rosidl_typesupport_introspection_c.so
[8.717s] -- Set runtime path of "/home/hiromichi/rost2/install/shape_msgs/lib/libshape_msgs__rosidl_typesupport_introspection_c.so" to ""
[8.717s] -- Installing: /home/hiromichi/rost2/install/shape_msgs/lib/libshape_msgs__rosidl_typesupport_c.so
[8.717s] -- Set runtime path of "/home/hiromichi/rost2/install/shape_msgs/lib/libshape_msgs__rosidl_typesupport_c.so" to ""
[8.717s] -- Up-to-date: /home/hiromichi/rost2/install/shape_msgs/include/shape_msgs/shape_msgs
[8.717s] -- Up-to-date: /home/hiromichi/rost2/install/shape_msgs/include/shape_msgs/shape_msgs/msg
[8.717s] -- Up-to-date: /home/hiromichi/rost2/install/shape_msgs/include/shape_msgs/shape_msgs/msg/detail
[8.717s] -- Installing: /home/hiromichi/rost2/install/shape_msgs/include/shape_msgs/shape_msgs/msg/detail/plane__rosidl_typesupport_introspection_cpp.hpp
[8.718s] -- Installing: /home/hiromichi/rost2/install/shape_msgs/include/shape_msgs/shape_msgs/msg/detail/solid_primitive__rosidl_typesupport_introspection_cpp.hpp
[8.718s] -- Installing: /home/hiromichi/rost2/install/shape_msgs/include/shape_msgs/shape_msgs/msg/detail/plane__type_support.cpp
[8.718s] -- Installing: /home/hiromichi/rost2/install/shape_msgs/include/shape_msgs/shape_msgs/msg/detail/mesh_triangle__rosidl_typesupport_introspection_cpp.hpp
[8.718s] -- Installing: /home/hiromichi/rost2/install/shape_msgs/include/shape_msgs/shape_msgs/msg/detail/mesh__type_support.cpp
[8.718s] -- Installing: /home/hiromichi/rost2/install/shape_msgs/include/shape_msgs/shape_msgs/msg/detail/mesh__rosidl_typesupport_introspection_cpp.hpp
[8.718s] -- Installing: /home/hiromichi/rost2/install/shape_msgs/include/shape_msgs/shape_msgs/msg/detail/solid_primitive__type_support.cpp
[8.719s] -- Installing: /home/hiromichi/rost2/install/shape_msgs/include/shape_msgs/shape_msgs/msg/detail/mesh_triangle__type_support.cpp
[8.719s] -- Installing: /home/hiromichi/rost2/install/shape_msgs/lib/libshape_msgs__rosidl_typesupport_introspection_cpp.so
[8.719s] -- Set runtime path of "/home/hiromichi/rost2/install/shape_msgs/lib/libshape_msgs__rosidl_typesupport_introspection_cpp.so" to ""
[8.719s] -- Installing: /home/hiromichi/rost2/install/shape_msgs/lib/libshape_msgs__rosidl_typesupport_cpp.so
[8.719s] -- Set runtime path of "/home/hiromichi/rost2/install/shape_msgs/lib/libshape_msgs__rosidl_typesupport_cpp.so" to ""
[8.720s] -- Installing: /home/hiromichi/rost2/install/shape_msgs/share/ament_index/resource_index/rust_packages/shape_msgs
[8.720s] -- Installing: /home/hiromichi/rost2/install/shape_msgs/share/shape_msgs/rust
[8.720s] -- Installing: /home/hiromichi/rost2/install/shape_msgs/share/shape_msgs/rust/src
[8.720s] -- Installing: /home/hiromichi/rost2/install/shape_msgs/share/shape_msgs/rust/src/msg.rs
[8.720s] -- Installing: /home/hiromichi/rost2/install/shape_msgs/share/shape_msgs/rust/src/lib.rs
[8.721s] -- Installing: /home/hiromichi/rost2/install/shape_msgs/share/shape_msgs/rust/Cargo.toml
[8.721s] -- Installing: /home/hiromichi/rost2/install/shape_msgs/share/shape_msgs/rust/build.rs
[8.721s] -- Installing: /home/hiromichi/rost2/install/shape_msgs/share/shape_msgs/environment/pythonpath.sh
[8.721s] -- Installing: /home/hiromichi/rost2/install/shape_msgs/share/shape_msgs/environment/pythonpath.dsv
[8.721s] -- Installing: /home/hiromichi/rost2/install/shape_msgs/local/lib/python3.10/dist-packages/shape_msgs-4.2.4-py3.10.egg-info
[8.721s] -- Installing: /home/hiromichi/rost2/install/shape_msgs/local/lib/python3.10/dist-packages/shape_msgs-4.2.4-py3.10.egg-info/top_level.txt
[8.721s] -- Installing: /home/hiromichi/rost2/install/shape_msgs/local/lib/python3.10/dist-packages/shape_msgs-4.2.4-py3.10.egg-info/dependency_links.txt
[8.721s] -- Installing: /home/hiromichi/rost2/install/shape_msgs/local/lib/python3.10/dist-packages/shape_msgs-4.2.4-py3.10.egg-info/SOURCES.txt
[8.721s] -- Installing: /home/hiromichi/rost2/install/shape_msgs/local/lib/python3.10/dist-packages/shape_msgs-4.2.4-py3.10.egg-info/PKG-INFO
[8.721s] -- Installing: /home/hiromichi/rost2/install/shape_msgs/local/lib/python3.10/dist-packages/shape_msgs
[8.722s] -- Installing: /home/hiromichi/rost2/install/shape_msgs/local/lib/python3.10/dist-packages/shape_msgs/_shape_msgs_s.ep.rosidl_typesupport_fastrtps_c.c
[8.722s] -- Installing: /home/hiromichi/rost2/install/shape_msgs/local/lib/python3.10/dist-packages/shape_msgs/shape_msgs_s__rosidl_typesupport_c.cpython-310-x86_64-linux-gnu.so
[8.722s] -- Installing: /home/hiromichi/rost2/install/shape_msgs/local/lib/python3.10/dist-packages/shape_msgs/shape_msgs_s__rosidl_typesupport_introspection_c.cpython-310-x86_64-linux-gnu.so
[8.722s] -- Installing: /home/hiromichi/rost2/install/shape_msgs/local/lib/python3.10/dist-packages/shape_msgs/shape_msgs_s__rosidl_typesupport_fastrtps_c.cpython-310-x86_64-linux-gnu.so
[8.722s] -- Installing: /home/hiromichi/rost2/install/shape_msgs/local/lib/python3.10/dist-packages/shape_msgs/msg
[8.722s] -- Installing: /home/hiromichi/rost2/install/shape_msgs/local/lib/python3.10/dist-packages/shape_msgs/msg/_mesh.py
[8.722s] -- Installing: /home/hiromichi/rost2/install/shape_msgs/local/lib/python3.10/dist-packages/shape_msgs/msg/_solid_primitive_s.c
[8.722s] -- Installing: /home/hiromichi/rost2/install/shape_msgs/local/lib/python3.10/dist-packages/shape_msgs/msg/_mesh_triangle_s.c
[8.722s] -- Installing: /home/hiromichi/rost2/install/shape_msgs/local/lib/python3.10/dist-packages/shape_msgs/msg/_plane.py
[8.723s] -- Installing: /home/hiromichi/rost2/install/shape_msgs/local/lib/python3.10/dist-packages/shape_msgs/msg/_solid_primitive.py
[8.723s] -- Installing: /home/hiromichi/rost2/install/shape_msgs/local/lib/python3.10/dist-packages/shape_msgs/msg/_mesh_triangle.py
[8.723s] -- Installing: /home/hiromichi/rost2/install/shape_msgs/local/lib/python3.10/dist-packages/shape_msgs/msg/_plane_s.c
[8.723s] -- Installing: /home/hiromichi/rost2/install/shape_msgs/local/lib/python3.10/dist-packages/shape_msgs/msg/_mesh_s.c
[8.723s] -- Installing: /home/hiromichi/rost2/install/shape_msgs/local/lib/python3.10/dist-packages/shape_msgs/msg/__init__.py
[8.724s] -- Installing: /home/hiromichi/rost2/install/shape_msgs/local/lib/python3.10/dist-packages/shape_msgs/libshape_msgs__rosidl_generator_py.so
[8.724s] -- Installing: /home/hiromichi/rost2/install/shape_msgs/local/lib/python3.10/dist-packages/shape_msgs/_shape_msgs_s.ep.rosidl_typesupport_c.c
[8.724s] -- Installing: /home/hiromichi/rost2/install/shape_msgs/local/lib/python3.10/dist-packages/shape_msgs/__init__.py
[8.724s] -- Installing: /home/hiromichi/rost2/install/shape_msgs/local/lib/python3.10/dist-packages/shape_msgs/_shape_msgs_s.ep.rosidl_typesupport_introspection_c.c
[8.760s] Listing '/home/hiromichi/rost2/install/shape_msgs/local/lib/python3.10/dist-packages/shape_msgs'...
[8.760s] Compiling '/home/hiromichi/rost2/install/shape_msgs/local/lib/python3.10/dist-packages/shape_msgs/__init__.py'...
[8.760s] Listing '/home/hiromichi/rost2/install/shape_msgs/local/lib/python3.10/dist-packages/shape_msgs/msg'...
[8.760s] Compiling '/home/hiromichi/rost2/install/shape_msgs/local/lib/python3.10/dist-packages/shape_msgs/msg/__init__.py'...
[8.761s] Compiling '/home/hiromichi/rost2/install/shape_msgs/local/lib/python3.10/dist-packages/shape_msgs/msg/_mesh.py'...
[8.761s] Compiling '/home/hiromichi/rost2/install/shape_msgs/local/lib/python3.10/dist-packages/shape_msgs/msg/_mesh_triangle.py'...
[8.761s] Compiling '/home/hiromichi/rost2/install/shape_msgs/local/lib/python3.10/dist-packages/shape_msgs/msg/_plane.py'...
[8.761s] Compiling '/home/hiromichi/rost2/install/shape_msgs/local/lib/python3.10/dist-packages/shape_msgs/msg/_solid_primitive.py'...
[8.764s] -- Installing: /home/hiromichi/rost2/install/shape_msgs/local/lib/python3.10/dist-packages/shape_msgs/shape_msgs_s__rosidl_typesupport_fastrtps_c.cpython-310-x86_64-linux-gnu.so
[8.764s] -- Set runtime path of "/home/hiromichi/rost2/install/shape_msgs/local/lib/python3.10/dist-packages/shape_msgs/shape_msgs_s__rosidl_typesupport_fastrtps_c.cpython-310-x86_64-linux-gnu.so" to ""
[8.765s] -- Installing: /home/hiromichi/rost2/install/shape_msgs/local/lib/python3.10/dist-packages/shape_msgs/shape_msgs_s__rosidl_typesupport_introspection_c.cpython-310-x86_64-linux-gnu.so
[8.766s] -- Set runtime path of "/home/hiromichi/rost2/install/shape_msgs/local/lib/python3.10/dist-packages/shape_msgs/shape_msgs_s__rosidl_typesupport_introspection_c.cpython-310-x86_64-linux-gnu.so" to ""
[8.767s] -- Installing: /home/hiromichi/rost2/install/shape_msgs/local/lib/python3.10/dist-packages/shape_msgs/shape_msgs_s__rosidl_typesupport_c.cpython-310-x86_64-linux-gnu.so
[8.769s] -- Set runtime path of "/home/hiromichi/rost2/install/shape_msgs/local/lib/python3.10/dist-packages/shape_msgs/shape_msgs_s__rosidl_typesupport_c.cpython-310-x86_64-linux-gnu.so" to ""
[8.773s] -- Installing: /home/hiromichi/rost2/install/shape_msgs/lib/libshape_msgs__rosidl_generator_py.so
[8.773s] -- Set runtime path of "/home/hiromichi/rost2/install/shape_msgs/lib/libshape_msgs__rosidl_generator_py.so" to ""
[8.774s] -- Installing: /home/hiromichi/rost2/install/shape_msgs/share/shape_msgs/msg/Mesh.idl
[8.777s] -- Installing: /home/hiromichi/rost2/install/shape_msgs/share/shape_msgs/msg/MeshTriangle.idl
[8.778s] -- Installing: /home/hiromichi/rost2/install/shape_msgs/share/shape_msgs/msg/Plane.idl
[8.780s] -- Installing: /home/hiromichi/rost2/install/shape_msgs/share/shape_msgs/msg/SolidPrimitive.idl
[8.781s] -- Installing: /home/hiromichi/rost2/install/shape_msgs/share/shape_msgs/msg/Mesh.msg
[8.782s] -- Installing: /home/hiromichi/rost2/install/shape_msgs/share/shape_msgs/msg/MeshTriangle.msg
[8.782s] -- Installing: /home/hiromichi/rost2/install/shape_msgs/share/shape_msgs/msg/Plane.msg
[8.782s] -- Installing: /home/hiromichi/rost2/install/shape_msgs/share/shape_msgs/msg/SolidPrimitive.msg
[8.783s] -- Installing: /home/hiromichi/rost2/install/shape_msgs/share/ament_index/resource_index/package_run_dependencies/shape_msgs
[8.786s] -- Installing: /home/hiromichi/rost2/install/shape_msgs/share/ament_index/resource_index/parent_prefix_path/shape_msgs
[8.786s] -- Installing: /home/hiromichi/rost2/install/shape_msgs/share/shape_msgs/environment/ament_prefix_path.sh
[8.787s] -- Installing: /home/hiromichi/rost2/install/shape_msgs/share/shape_msgs/environment/ament_prefix_path.dsv
[8.789s] -- Installing: /home/hiromichi/rost2/install/shape_msgs/share/shape_msgs/environment/path.sh
[8.789s] -- Installing: /home/hiromichi/rost2/install/shape_msgs/share/shape_msgs/environment/path.dsv
[8.789s] -- Installing: /home/hiromichi/rost2/install/shape_msgs/share/shape_msgs/local_setup.bash
[8.789s] -- Installing: /home/hiromichi/rost2/install/shape_msgs/share/shape_msgs/local_setup.sh
[8.790s] -- Installing: /home/hiromichi/rost2/install/shape_msgs/share/shape_msgs/local_setup.zsh
[8.790s] -- Installing: /home/hiromichi/rost2/install/shape_msgs/share/shape_msgs/local_setup.dsv
[8.790s] -- Installing: /home/hiromichi/rost2/install/shape_msgs/share/shape_msgs/package.dsv
[8.790s] -- Installing: /home/hiromichi/rost2/install/shape_msgs/share/ament_index/resource_index/packages/shape_msgs
[8.790s] -- Installing: /home/hiromichi/rost2/install/shape_msgs/share/shape_msgs/cmake/export_shape_msgs__rosidl_generator_cExport.cmake
[8.790s] -- Installing: /home/hiromichi/rost2/install/shape_msgs/share/shape_msgs/cmake/export_shape_msgs__rosidl_generator_cExport-noconfig.cmake
[8.790s] -- Installing: /home/hiromichi/rost2/install/shape_msgs/share/shape_msgs/cmake/export_shape_msgs__rosidl_typesupport_fastrtps_cExport.cmake
[8.792s] -- Installing: /home/hiromichi/rost2/install/shape_msgs/share/shape_msgs/cmake/export_shape_msgs__rosidl_typesupport_fastrtps_cExport-noconfig.cmake
[8.792s] -- Installing: /home/hiromichi/rost2/install/shape_msgs/share/shape_msgs/cmake/export_shape_msgs__rosidl_generator_cppExport.cmake
[8.792s] -- Installing: /home/hiromichi/rost2/install/shape_msgs/share/shape_msgs/cmake/export_shape_msgs__rosidl_typesupport_fastrtps_cppExport.cmake
[8.793s] -- Installing: /home/hiromichi/rost2/install/shape_msgs/share/shape_msgs/cmake/export_shape_msgs__rosidl_typesupport_fastrtps_cppExport-noconfig.cmake
[8.793s] -- Installing: /home/hiromichi/rost2/install/shape_msgs/share/shape_msgs/cmake/shape_msgs__rosidl_typesupport_introspection_cExport.cmake
[8.793s] -- Installing: /home/hiromichi/rost2/install/shape_msgs/share/shape_msgs/cmake/shape_msgs__rosidl_typesupport_introspection_cExport-noconfig.cmake
[8.793s] -- Installing: /home/hiromichi/rost2/install/shape_msgs/share/shape_msgs/cmake/shape_msgs__rosidl_typesupport_cExport.cmake
[8.793s] -- Installing: /home/hiromichi/rost2/install/shape_msgs/share/shape_msgs/cmake/shape_msgs__rosidl_typesupport_cExport-noconfig.cmake
[8.793s] -- Installing: /home/hiromichi/rost2/install/shape_msgs/share/shape_msgs/cmake/shape_msgs__rosidl_typesupport_introspection_cppExport.cmake
[8.793s] -- Installing: /home/hiromichi/rost2/install/shape_msgs/share/shape_msgs/cmake/shape_msgs__rosidl_typesupport_introspection_cppExport-noconfig.cmake
[8.795s] -- Installing: /home/hiromichi/rost2/install/shape_msgs/share/shape_msgs/cmake/shape_msgs__rosidl_typesupport_cppExport.cmake
[8.795s] -- Installing: /home/hiromichi/rost2/install/shape_msgs/share/shape_msgs/cmake/shape_msgs__rosidl_typesupport_cppExport-noconfig.cmake
[8.796s] -- Installing: /home/hiromichi/rost2/install/shape_msgs/share/shape_msgs/cmake/export_shape_msgs__rosidl_generator_pyExport.cmake
[8.796s] -- Installing: /home/hiromichi/rost2/install/shape_msgs/share/shape_msgs/cmake/export_shape_msgs__rosidl_generator_pyExport-noconfig.cmake
[8.796s] -- Installing: /home/hiromichi/rost2/install/shape_msgs/share/shape_msgs/cmake/rosidl_cmake-extras.cmake
[8.796s] -- Installing: /home/hiromichi/rost2/install/shape_msgs/share/shape_msgs/cmake/ament_cmake_export_dependencies-extras.cmake
[8.796s] -- Installing: /home/hiromichi/rost2/install/shape_msgs/share/shape_msgs/cmake/ament_cmake_export_include_directories-extras.cmake
[8.796s] -- Installing: /home/hiromichi/rost2/install/shape_msgs/share/shape_msgs/cmake/ament_cmake_export_libraries-extras.cmake
[8.796s] -- Installing: /home/hiromichi/rost2/install/shape_msgs/share/shape_msgs/cmake/ament_cmake_export_targets-extras.cmake
[8.797s] -- Installing: /home/hiromichi/rost2/install/shape_msgs/share/shape_msgs/cmake/rosidl_cmake_export_typesupport_targets-extras.cmake
[8.797s] -- Installing: /home/hiromichi/rost2/install/shape_msgs/share/shape_msgs/cmake/rosidl_cmake_export_typesupport_libraries-extras.cmake
[8.797s] -- Installing: /home/hiromichi/rost2/install/shape_msgs/share/shape_msgs/cmake/shape_msgsConfig.cmake
[8.797s] -- Installing: /home/hiromichi/rost2/install/shape_msgs/share/shape_msgs/cmake/shape_msgsConfig-version.cmake
[8.797s] -- Installing: /home/hiromichi/rost2/install/shape_msgs/share/shape_msgs/package.xml
[8.808s] Invoked command in '/home/hiromichi/rost2/build/shape_msgs' returned '0': AMENT_PREFIX_PATH=/home/hiromichi/rost2/install/geometry_msgs:/home/hiromichi/rost2/install/std_msgs:/home/hiromichi/rost2/install/builtin_interfaces:/home/hiromichi/rost2/install/rosidl_default_runtime:/home/hiromichi/rost2/install/rosidl_default_generators:/home/hiromichi/rost2/install/rosidl_generator_rs:/home/hiromichi/rost2/install/rosidl_runtime_rs:${AMENT_PREFIX_PATH} CMAKE_PREFIX_PATH=/home/hiromichi/rost2/install/geometry_msgs:/home/hiromichi/rost2/install/std_msgs:/home/hiromichi/rost2/install/builtin_interfaces:/home/hiromichi/rost2/install/rosidl_default_runtime:/home/hiromichi/rost2/install/rosidl_default_generators:/home/hiromichi/rost2/install/rosidl_generator_rs:/opt/ros/humble LD_LIBRARY_PATH=/home/hiromichi/rost2/install/geometry_msgs/lib:/home/hiromichi/rost2/install/std_msgs/lib:/home/hiromichi/rost2/install/builtin_interfaces/lib:${LD_LIBRARY_PATH} PYTHONPATH=/home/hiromichi/rost2/install/geometry_msgs/local/lib/python3.10/dist-packages:/home/hiromichi/rost2/install/std_msgs/local/lib/python3.10/dist-packages:/home/hiromichi/rost2/install/builtin_interfaces/local/lib/python3.10/dist-packages:/home/hiromichi/rost2/install/rosidl_generator_rs/local/lib/python3.10/dist-packages:${PYTHONPATH} /usr/bin/cmake --install /home/hiromichi/rost2/build/shape_msgs
