[0.273s] Invoking command in '/home/hiromichi/rost2/build/visualization_msgs': AMENT_PREFIX_PATH=/home/hiromichi/rost2/install/sensor_msgs:/home/hiromichi/rost2/install/geometry_msgs:/home/hiromichi/rost2/install/std_msgs:/home/hiromichi/rost2/install/builtin_interfaces:/home/hiromichi/rost2/install/rosidl_default_runtime:/home/hiromichi/rost2/install/rosidl_default_generators:/home/hiromichi/rost2/install/rosidl_generator_rs:/home/hiromichi/rost2/install/rosidl_runtime_rs:${AMENT_PREFIX_PATH} CMAKE_PREFIX_PATH=/home/hiromichi/rost2/install/sensor_msgs:/home/hiromichi/rost2/install/geometry_msgs:/home/hiromichi/rost2/install/std_msgs:/home/hiromichi/rost2/install/builtin_interfaces:/home/hiromichi/rost2/install/rosidl_default_runtime:/home/hiromichi/rost2/install/rosidl_default_generators:/home/hiromichi/rost2/install/rosidl_generator_rs:/opt/ros/humble LD_LIBRARY_PATH=/home/hiromichi/rost2/install/sensor_msgs/lib:/home/hiromichi/rost2/install/geometry_msgs/lib:/home/hiromichi/rost2/install/std_msgs/lib:/home/hiromichi/rost2/install/builtin_interfaces/lib:${LD_LIBRARY_PATH} PYTHONPATH=/home/hiromichi/rost2/install/sensor_msgs/local/lib/python3.10/dist-packages:/home/hiromichi/rost2/install/geometry_msgs/local/lib/python3.10/dist-packages:/home/hiromichi/rost2/install/std_msgs/local/lib/python3.10/dist-packages:/home/hiromichi/rost2/install/builtin_interfaces/local/lib/python3.10/dist-packages:/home/hiromichi/rost2/install/rosidl_generator_rs/local/lib/python3.10/dist-packages:${PYTHONPATH} /usr/bin/cmake --build /home/hiromichi/rost2/build/visualization_msgs -- -j20 -l20
[0.320s] [35m[1mConsolidate compiler generated dependencies of target visualization_msgs__rosidl_generator_c[0m
[0.323s] [  1%] Built target visualization_msgs__rs
[0.324s] [  1%] Built target visualization_msgs__cpp
[0.334s] [ 13%] Built target visualization_msgs__rosidl_generator_c
[0.341s] [35m[1mConsolidate compiler generated dependencies of target visualization_msgs__rosidl_typesupport_fastrtps_cpp[0m
[0.343s] [35m[1mConsolidate compiler generated dependencies of target visualization_msgs__rosidl_typesupport_cpp[0m
[0.344s] [35m[1mConsolidate compiler generated dependencies of target visualization_msgs__rosidl_typesupport_introspection_cpp[0m
[0.344s] [ 13%] Built target ament_cmake_python_copy_visualization_msgs
[0.348s] [35m[1mConsolidate compiler generated dependencies of target visualization_msgs__rosidl_typesupport_introspection_c[0m
[0.349s] [35m[1mConsolidate compiler generated dependencies of target visualization_msgs__rosidl_typesupport_fastrtps_c[0m
[0.349s] [35m[1mConsolidate compiler generated dependencies of target visualization_msgs__rosidl_typesupport_c[0m
[0.365s] [ 24%] Built target visualization_msgs__rosidl_typesupport_c
[0.365s] [ 36%] Built target visualization_msgs__rosidl_typesupport_introspection_cpp
[0.366s] [ 47%] Built target visualization_msgs__rosidl_typesupport_introspection_c
[0.366s] [ 59%] Built target visualization_msgs__rosidl_typesupport_cpp
[0.367s] [ 71%] Built target visualization_msgs__rosidl_typesupport_fastrtps_cpp
[0.371s] [ 82%] Built target visualization_msgs__rosidl_typesupport_fastrtps_c
[0.388s] [ 82%] Built target visualization_msgs
[0.406s] [ 83%] Built target visualization_msgs__py
[0.424s] [35m[1mConsolidate compiler generated dependencies of target visualization_msgs__rosidl_generator_py[0m
[0.439s] [ 94%] Built target visualization_msgs__rosidl_generator_py
[0.449s] [35m[1mConsolidate compiler generated dependencies of target visualization_msgs__rosidl_typesupport_c__pyext[0m
[0.449s] [35m[1mConsolidate compiler generated dependencies of target visualization_msgs__rosidl_typesupport_fastrtps_c__pyext[0m
[0.449s] [35m[1mConsolidate compiler generated dependencies of target visualization_msgs__rosidl_typesupport_introspection_c__pyext[0m
[0.458s] [ 96%] Built target visualization_msgs__rosidl_typesupport_c__pyext
[0.460s] [ 98%] Built target visualization_msgs__rosidl_typesupport_introspection_c__pyext
[0.461s] [100%] Built target visualization_msgs__rosidl_typesupport_fastrtps_c__pyext
[0.560s] running egg_info
[0.561s] writing visualization_msgs.egg-info/PKG-INFO
[0.562s] writing dependency_links to visualization_msgs.egg-info/dependency_links.txt
[0.562s] writing top-level names to visualization_msgs.egg-info/top_level.txt
[0.566s] reading manifest file 'visualization_msgs.egg-info/SOURCES.txt'
[0.567s] writing manifest file 'visualization_msgs.egg-info/SOURCES.txt'
[0.593s] [100%] Built target ament_cmake_python_build_visualization_msgs_egg
[0.603s] Invoked command in '/home/hiromichi/rost2/build/visualization_msgs' returned '0': AMENT_PREFIX_PATH=/home/hiromichi/rost2/install/sensor_msgs:/home/hiromichi/rost2/install/geometry_msgs:/home/hiromichi/rost2/install/std_msgs:/home/hiromichi/rost2/install/builtin_interfaces:/home/hiromichi/rost2/install/rosidl_default_runtime:/home/hiromichi/rost2/install/rosidl_default_generators:/home/hiromichi/rost2/install/rosidl_generator_rs:/home/hiromichi/rost2/install/rosidl_runtime_rs:${AMENT_PREFIX_PATH} CMAKE_PREFIX_PATH=/home/hiromichi/rost2/install/sensor_msgs:/home/hiromichi/rost2/install/geometry_msgs:/home/hiromichi/rost2/install/std_msgs:/home/hiromichi/rost2/install/builtin_interfaces:/home/hiromichi/rost2/install/rosidl_default_runtime:/home/hiromichi/rost2/install/rosidl_default_generators:/home/hiromichi/rost2/install/rosidl_generator_rs:/opt/ros/humble LD_LIBRARY_PATH=/home/hiromichi/rost2/install/sensor_msgs/lib:/home/hiromichi/rost2/install/geometry_msgs/lib:/home/hiromichi/rost2/install/std_msgs/lib:/home/hiromichi/rost2/install/builtin_interfaces/lib:${LD_LIBRARY_PATH} PYTHONPATH=/home/hiromichi/rost2/install/sensor_msgs/local/lib/python3.10/dist-packages:/home/hiromichi/rost2/install/geometry_msgs/local/lib/python3.10/dist-packages:/home/hiromichi/rost2/install/std_msgs/local/lib/python3.10/dist-packages:/home/hiromichi/rost2/install/builtin_interfaces/local/lib/python3.10/dist-packages:/home/hiromichi/rost2/install/rosidl_generator_rs/local/lib/python3.10/dist-packages:${PYTHONPATH} /usr/bin/cmake --build /home/hiromichi/rost2/build/visualization_msgs -- -j20 -l20
[0.790s] Invoking command in '/home/hiromichi/rost2/build/visualization_msgs': AMENT_PREFIX_PATH=/home/hiromichi/rost2/install/sensor_msgs:/home/hiromichi/rost2/install/geometry_msgs:/home/hiromichi/rost2/install/std_msgs:/home/hiromichi/rost2/install/builtin_interfaces:/home/hiromichi/rost2/install/rosidl_default_runtime:/home/hiromichi/rost2/install/rosidl_default_generators:/home/hiromichi/rost2/install/rosidl_generator_rs:/home/hiromichi/rost2/install/rosidl_runtime_rs:${AMENT_PREFIX_PATH} CMAKE_PREFIX_PATH=/home/hiromichi/rost2/install/sensor_msgs:/home/hiromichi/rost2/install/geometry_msgs:/home/hiromichi/rost2/install/std_msgs:/home/hiromichi/rost2/install/builtin_interfaces:/home/hiromichi/rost2/install/rosidl_default_runtime:/home/hiromichi/rost2/install/rosidl_default_generators:/home/hiromichi/rost2/install/rosidl_generator_rs:/opt/ros/humble LD_LIBRARY_PATH=/home/hiromichi/rost2/install/sensor_msgs/lib:/home/hiromichi/rost2/install/geometry_msgs/lib:/home/hiromichi/rost2/install/std_msgs/lib:/home/hiromichi/rost2/install/builtin_interfaces/lib:${LD_LIBRARY_PATH} PYTHONPATH=/home/hiromichi/rost2/install/sensor_msgs/local/lib/python3.10/dist-packages:/home/hiromichi/rost2/install/geometry_msgs/local/lib/python3.10/dist-packages:/home/hiromichi/rost2/install/std_msgs/local/lib/python3.10/dist-packages:/home/hiromichi/rost2/install/builtin_interfaces/local/lib/python3.10/dist-packages:/home/hiromichi/rost2/install/rosidl_generator_rs/local/lib/python3.10/dist-packages:${PYTHONPATH} /usr/bin/cmake --install /home/hiromichi/rost2/build/visualization_msgs
[0.797s] -- Install configuration: ""
[0.797s] -- Up-to-date: /home/hiromichi/rost2/install/visualization_msgs/share/ament_index/resource_index/rosidl_interfaces/visualization_msgs
[0.798s] -- Up-to-date: /home/hiromichi/rost2/install/visualization_msgs/include/visualization_msgs/visualization_msgs
[0.799s] -- Up-to-date: /home/hiromichi/rost2/install/visualization_msgs/include/visualization_msgs/visualization_msgs/srv
[0.799s] -- Up-to-date: /home/hiromichi/rost2/install/visualization_msgs/include/visualization_msgs/visualization_msgs/srv/get_interactive_markers.h
[0.799s] -- Up-to-date: /home/hiromichi/rost2/install/visualization_msgs/include/visualization_msgs/visualization_msgs/srv/detail
[0.799s] -- Up-to-date: /home/hiromichi/rost2/install/visualization_msgs/include/visualization_msgs/visualization_msgs/srv/detail/get_interactive_markers__struct.h
[0.799s] -- Up-to-date: /home/hiromichi/rost2/install/visualization_msgs/include/visualization_msgs/visualization_msgs/srv/detail/get_interactive_markers__functions.c
[0.799s] -- Up-to-date: /home/hiromichi/rost2/install/visualization_msgs/include/visualization_msgs/visualization_msgs/srv/detail/get_interactive_markers__type_support.h
[0.799s] -- Up-to-date: /home/hiromichi/rost2/install/visualization_msgs/include/visualization_msgs/visualization_msgs/srv/detail/get_interactive_markers__functions.h
[0.799s] -- Up-to-date: /home/hiromichi/rost2/install/visualization_msgs/include/visualization_msgs/visualization_msgs/msg
[0.799s] -- Up-to-date: /home/hiromichi/rost2/install/visualization_msgs/include/visualization_msgs/visualization_msgs/msg/marker.h
[0.799s] -- Up-to-date: /home/hiromichi/rost2/install/visualization_msgs/include/visualization_msgs/visualization_msgs/msg/marker_array.h
[0.799s] -- Up-to-date: /home/hiromichi/rost2/install/visualization_msgs/include/visualization_msgs/visualization_msgs/msg/uv_coordinate.h
[0.800s] -- Up-to-date: /home/hiromichi/rost2/install/visualization_msgs/include/visualization_msgs/visualization_msgs/msg/interactive_marker_init.h
[0.800s] -- Up-to-date: /home/hiromichi/rost2/install/visualization_msgs/include/visualization_msgs/visualization_msgs/msg/interactive_marker_feedback.h
[0.800s] -- Up-to-date: /home/hiromichi/rost2/install/visualization_msgs/include/visualization_msgs/visualization_msgs/msg/image_marker.h
[0.800s] -- Up-to-date: /home/hiromichi/rost2/install/visualization_msgs/include/visualization_msgs/visualization_msgs/msg/interactive_marker_pose.h
[0.800s] -- Up-to-date: /home/hiromichi/rost2/install/visualization_msgs/include/visualization_msgs/visualization_msgs/msg/menu_entry.h
[0.800s] -- Up-to-date: /home/hiromichi/rost2/install/visualization_msgs/include/visualization_msgs/visualization_msgs/msg/mesh_file.h
[0.800s] -- Up-to-date: /home/hiromichi/rost2/install/visualization_msgs/include/visualization_msgs/visualization_msgs/msg/interactive_marker.h
[0.800s] -- Up-to-date: /home/hiromichi/rost2/install/visualization_msgs/include/visualization_msgs/visualization_msgs/msg/interactive_marker_update.h
[0.800s] -- Up-to-date: /home/hiromichi/rost2/install/visualization_msgs/include/visualization_msgs/visualization_msgs/msg/rosidl_generator_c__visibility_control.h
[0.800s] -- Up-to-date: /home/hiromichi/rost2/install/visualization_msgs/include/visualization_msgs/visualization_msgs/msg/detail
[0.801s] -- Up-to-date: /home/hiromichi/rost2/install/visualization_msgs/include/visualization_msgs/visualization_msgs/msg/detail/uv_coordinate__struct.h
[0.801s] -- Up-to-date: /home/hiromichi/rost2/install/visualization_msgs/include/visualization_msgs/visualization_msgs/msg/detail/menu_entry__functions.c
[0.801s] -- Up-to-date: /home/hiromichi/rost2/install/visualization_msgs/include/visualization_msgs/visualization_msgs/msg/detail/marker_array__functions.h
[0.802s] -- Up-to-date: /home/hiromichi/rost2/install/visualization_msgs/include/visualization_msgs/visualization_msgs/msg/detail/marker__functions.c
[0.802s] -- Up-to-date: /home/hiromichi/rost2/install/visualization_msgs/include/visualization_msgs/visualization_msgs/msg/detail/menu_entry__functions.h
[0.802s] -- Up-to-date: /home/hiromichi/rost2/install/visualization_msgs/include/visualization_msgs/visualization_msgs/msg/detail/interactive_marker_pose__functions.c
[0.803s] -- Up-to-date: /home/hiromichi/rost2/install/visualization_msgs/include/visualization_msgs/visualization_msgs/msg/detail/interactive_marker_update__struct.h
[0.803s] -- Up-to-date: /home/hiromichi/rost2/install/visualization_msgs/include/visualization_msgs/visualization_msgs/msg/detail/interactive_marker_init__functions.h
[0.803s] -- Up-to-date: /home/hiromichi/rost2/install/visualization_msgs/include/visualization_msgs/visualization_msgs/msg/detail/interactive_marker_feedback__functions.c
[0.803s] -- Up-to-date: /home/hiromichi/rost2/install/visualization_msgs/include/visualization_msgs/visualization_msgs/msg/detail/uv_coordinate__functions.c
[0.803s] -- Up-to-date: /home/hiromichi/rost2/install/visualization_msgs/include/visualization_msgs/visualization_msgs/msg/detail/interactive_marker_pose__functions.h
[0.803s] -- Up-to-date: /home/hiromichi/rost2/install/visualization_msgs/include/visualization_msgs/visualization_msgs/msg/detail/marker_array__struct.h
[0.804s] -- Up-to-date: /home/hiromichi/rost2/install/visualization_msgs/include/visualization_msgs/visualization_msgs/msg/detail/interactive_marker__functions.h
[0.804s] -- Up-to-date: /home/hiromichi/rost2/install/visualization_msgs/include/visualization_msgs/visualization_msgs/msg/detail/marker__struct.h
[0.804s] -- Up-to-date: /home/hiromichi/rost2/install/visualization_msgs/include/visualization_msgs/visualization_msgs/msg/detail/marker__functions.h
[0.804s] -- Up-to-date: /home/hiromichi/rost2/install/visualization_msgs/include/visualization_msgs/visualization_msgs/msg/detail/marker_array__functions.c
[0.804s] -- Up-to-date: /home/hiromichi/rost2/install/visualization_msgs/include/visualization_msgs/visualization_msgs/msg/detail/uv_coordinate__functions.h
[0.804s] -- Up-to-date: /home/hiromichi/rost2/install/visualization_msgs/include/visualization_msgs/visualization_msgs/msg/detail/interactive_marker__functions.c
[0.804s] -- Up-to-date: /home/hiromichi/rost2/install/visualization_msgs/include/visualization_msgs/visualization_msgs/msg/detail/interactive_marker_update__functions.c
[0.804s] -- Up-to-date: /home/hiromichi/rost2/install/visualization_msgs/include/visualization_msgs/visualization_msgs/msg/detail/marker_array__type_support.h
[0.805s] -- Up-to-date: /home/hiromichi/rost2/install/visualization_msgs/include/visualization_msgs/visualization_msgs/msg/detail/interactive_marker__type_support.h
[0.805s] -- Up-to-date: /home/hiromichi/rost2/install/visualization_msgs/include/visualization_msgs/visualization_msgs/msg/detail/menu_entry__type_support.h
[0.805s] -- Up-to-date: /home/hiromichi/rost2/install/visualization_msgs/include/visualization_msgs/visualization_msgs/msg/detail/image_marker__functions.c
[0.806s] -- Up-to-date: /home/hiromichi/rost2/install/visualization_msgs/include/visualization_msgs/visualization_msgs/msg/detail/interactive_marker_update__functions.h
[0.806s] -- Up-to-date: /home/hiromichi/rost2/install/visualization_msgs/include/visualization_msgs/visualization_msgs/msg/detail/interactive_marker_init__type_support.h
[0.806s] -- Up-to-date: /home/hiromichi/rost2/install/visualization_msgs/include/visualization_msgs/visualization_msgs/msg/detail/interactive_marker_pose__type_support.h
[0.806s] -- Up-to-date: /home/hiromichi/rost2/install/visualization_msgs/include/visualization_msgs/visualization_msgs/msg/detail/image_marker__functions.h
[0.807s] -- Up-to-date: /home/hiromichi/rost2/install/visualization_msgs/include/visualization_msgs/visualization_msgs/msg/detail/interactive_marker_control__type_support.h
[0.807s] -- Up-to-date: /home/hiromichi/rost2/install/visualization_msgs/include/visualization_msgs/visualization_msgs/msg/detail/interactive_marker_init__struct.h
[0.807s] -- Up-to-date: /home/hiromichi/rost2/install/visualization_msgs/include/visualization_msgs/visualization_msgs/msg/detail/interactive_marker_update__type_support.h
[0.807s] -- Up-to-date: /home/hiromichi/rost2/install/visualization_msgs/include/visualization_msgs/visualization_msgs/msg/detail/mesh_file__struct.h
[0.807s] -- Up-to-date: /home/hiromichi/rost2/install/visualization_msgs/include/visualization_msgs/visualization_msgs/msg/detail/interactive_marker_init__functions.c
[0.807s] -- Up-to-date: /home/hiromichi/rost2/install/visualization_msgs/include/visualization_msgs/visualization_msgs/msg/detail/mesh_file__type_support.h
[0.808s] -- Up-to-date: /home/hiromichi/rost2/install/visualization_msgs/include/visualization_msgs/visualization_msgs/msg/detail/interactive_marker_feedback__type_support.h
[0.808s] -- Up-to-date: /home/hiromichi/rost2/install/visualization_msgs/include/visualization_msgs/visualization_msgs/msg/detail/interactive_marker__struct.h
[0.808s] -- Up-to-date: /home/hiromichi/rost2/install/visualization_msgs/include/visualization_msgs/visualization_msgs/msg/detail/interactive_marker_control__struct.h
[0.808s] -- Up-to-date: /home/hiromichi/rost2/install/visualization_msgs/include/visualization_msgs/visualization_msgs/msg/detail/interactive_marker_control__functions.c
[0.808s] -- Up-to-date: /home/hiromichi/rost2/install/visualization_msgs/include/visualization_msgs/visualization_msgs/msg/detail/image_marker__struct.h
[0.809s] -- Up-to-date: /home/hiromichi/rost2/install/visualization_msgs/include/visualization_msgs/visualization_msgs/msg/detail/interactive_marker_pose__struct.h
[0.809s] -- Up-to-date: /home/hiromichi/rost2/install/visualization_msgs/include/visualization_msgs/visualization_msgs/msg/detail/marker__type_support.h
[0.809s] -- Up-to-date: /home/hiromichi/rost2/install/visualization_msgs/include/visualization_msgs/visualization_msgs/msg/detail/mesh_file__functions.h
[0.809s] -- Up-to-date: /home/hiromichi/rost2/install/visualization_msgs/include/visualization_msgs/visualization_msgs/msg/detail/interactive_marker_feedback__struct.h
[0.809s] -- Up-to-date: /home/hiromichi/rost2/install/visualization_msgs/include/visualization_msgs/visualization_msgs/msg/detail/menu_entry__struct.h
[0.810s] -- Up-to-date: /home/hiromichi/rost2/install/visualization_msgs/include/visualization_msgs/visualization_msgs/msg/detail/mesh_file__functions.c
[0.810s] -- Up-to-date: /home/hiromichi/rost2/install/visualization_msgs/include/visualization_msgs/visualization_msgs/msg/detail/image_marker__type_support.h
[0.810s] -- Up-to-date: /home/hiromichi/rost2/install/visualization_msgs/include/visualization_msgs/visualization_msgs/msg/detail/interactive_marker_control__functions.h
[0.810s] -- Up-to-date: /home/hiromichi/rost2/install/visualization_msgs/include/visualization_msgs/visualization_msgs/msg/detail/interactive_marker_feedback__functions.h
[0.811s] -- Up-to-date: /home/hiromichi/rost2/install/visualization_msgs/include/visualization_msgs/visualization_msgs/msg/detail/uv_coordinate__type_support.h
[0.811s] -- Up-to-date: /home/hiromichi/rost2/install/visualization_msgs/include/visualization_msgs/visualization_msgs/msg/interactive_marker_control.h
[0.811s] -- Up-to-date: /home/hiromichi/rost2/install/visualization_msgs/share/visualization_msgs/environment/library_path.sh
[0.811s] -- Up-to-date: /home/hiromichi/rost2/install/visualization_msgs/share/visualization_msgs/environment/library_path.dsv
[0.811s] -- Up-to-date: /home/hiromichi/rost2/install/visualization_msgs/lib/libvisualization_msgs__rosidl_generator_c.so
[0.811s] -- Up-to-date: /home/hiromichi/rost2/install/visualization_msgs/include/visualization_msgs/visualization_msgs
[0.812s] -- Up-to-date: /home/hiromichi/rost2/install/visualization_msgs/include/visualization_msgs/visualization_msgs/srv
[0.812s] -- Up-to-date: /home/hiromichi/rost2/install/visualization_msgs/include/visualization_msgs/visualization_msgs/srv/detail
[0.812s] -- Up-to-date: /home/hiromichi/rost2/install/visualization_msgs/include/visualization_msgs/visualization_msgs/srv/detail/get_interactive_markers__rosidl_typesupport_fastrtps_c.h
[0.812s] -- Up-to-date: /home/hiromichi/rost2/install/visualization_msgs/include/visualization_msgs/visualization_msgs/msg
[0.812s] -- Up-to-date: /home/hiromichi/rost2/install/visualization_msgs/include/visualization_msgs/visualization_msgs/msg/rosidl_typesupport_fastrtps_c__visibility_control.h
[0.812s] -- Up-to-date: /home/hiromichi/rost2/install/visualization_msgs/include/visualization_msgs/visualization_msgs/msg/detail
[0.812s] -- Up-to-date: /home/hiromichi/rost2/install/visualization_msgs/include/visualization_msgs/visualization_msgs/msg/detail/mesh_file__rosidl_typesupport_fastrtps_c.h
[0.812s] -- Up-to-date: /home/hiromichi/rost2/install/visualization_msgs/include/visualization_msgs/visualization_msgs/msg/detail/uv_coordinate__rosidl_typesupport_fastrtps_c.h
[0.812s] -- Up-to-date: /home/hiromichi/rost2/install/visualization_msgs/include/visualization_msgs/visualization_msgs/msg/detail/interactive_marker_update__rosidl_typesupport_fastrtps_c.h
[0.812s] -- Up-to-date: /home/hiromichi/rost2/install/visualization_msgs/include/visualization_msgs/visualization_msgs/msg/detail/menu_entry__rosidl_typesupport_fastrtps_c.h
[0.812s] -- Up-to-date: /home/hiromichi/rost2/install/visualization_msgs/include/visualization_msgs/visualization_msgs/msg/detail/interactive_marker_control__rosidl_typesupport_fastrtps_c.h
[0.812s] -- Up-to-date: /home/hiromichi/rost2/install/visualization_msgs/include/visualization_msgs/visualization_msgs/msg/detail/marker_array__rosidl_typesupport_fastrtps_c.h
[0.812s] -- Up-to-date: /home/hiromichi/rost2/install/visualization_msgs/include/visualization_msgs/visualization_msgs/msg/detail/interactive_marker_pose__rosidl_typesupport_fastrtps_c.h
[0.812s] -- Up-to-date: /home/hiromichi/rost2/install/visualization_msgs/include/visualization_msgs/visualization_msgs/msg/detail/image_marker__rosidl_typesupport_fastrtps_c.h
[0.812s] -- Up-to-date: /home/hiromichi/rost2/install/visualization_msgs/include/visualization_msgs/visualization_msgs/msg/detail/interactive_marker__rosidl_typesupport_fastrtps_c.h
[0.813s] -- Up-to-date: /home/hiromichi/rost2/install/visualization_msgs/include/visualization_msgs/visualization_msgs/msg/detail/marker__rosidl_typesupport_fastrtps_c.h
[0.813s] -- Up-to-date: /home/hiromichi/rost2/install/visualization_msgs/include/visualization_msgs/visualization_msgs/msg/detail/interactive_marker_feedback__rosidl_typesupport_fastrtps_c.h
[0.813s] -- Up-to-date: /home/hiromichi/rost2/install/visualization_msgs/include/visualization_msgs/visualization_msgs/msg/detail/interactive_marker_init__rosidl_typesupport_fastrtps_c.h
[0.813s] -- Up-to-date: /home/hiromichi/rost2/install/visualization_msgs/lib/libvisualization_msgs__rosidl_typesupport_fastrtps_c.so
[0.813s] -- Up-to-date: /home/hiromichi/rost2/install/visualization_msgs/include/visualization_msgs/visualization_msgs
[0.814s] -- Up-to-date: /home/hiromichi/rost2/install/visualization_msgs/include/visualization_msgs/visualization_msgs/srv
[0.814s] -- Up-to-date: /home/hiromichi/rost2/install/visualization_msgs/include/visualization_msgs/visualization_msgs/srv/get_interactive_markers.hpp
[0.814s] -- Up-to-date: /home/hiromichi/rost2/install/visualization_msgs/include/visualization_msgs/visualization_msgs/srv/detail
[0.814s] -- Up-to-date: /home/hiromichi/rost2/install/visualization_msgs/include/visualization_msgs/visualization_msgs/srv/detail/get_interactive_markers__struct.hpp
[0.814s] -- Up-to-date: /home/hiromichi/rost2/install/visualization_msgs/include/visualization_msgs/visualization_msgs/srv/detail/get_interactive_markers__builder.hpp
[0.814s] -- Up-to-date: /home/hiromichi/rost2/install/visualization_msgs/include/visualization_msgs/visualization_msgs/srv/detail/get_interactive_markers__traits.hpp
[0.814s] -- Up-to-date: /home/hiromichi/rost2/install/visualization_msgs/include/visualization_msgs/visualization_msgs/msg
[0.814s] -- Up-to-date: /home/hiromichi/rost2/install/visualization_msgs/include/visualization_msgs/visualization_msgs/msg/interactive_marker_feedback.hpp
[0.815s] -- Up-to-date: /home/hiromichi/rost2/install/visualization_msgs/include/visualization_msgs/visualization_msgs/msg/interactive_marker_init.hpp
[0.815s] -- Up-to-date: /home/hiromichi/rost2/install/visualization_msgs/include/visualization_msgs/visualization_msgs/msg/marker_array.hpp
[0.815s] -- Up-to-date: /home/hiromichi/rost2/install/visualization_msgs/include/visualization_msgs/visualization_msgs/msg/uv_coordinate.hpp
[0.815s] -- Up-to-date: /home/hiromichi/rost2/install/visualization_msgs/include/visualization_msgs/visualization_msgs/msg/interactive_marker_control.hpp
[0.815s] -- Up-to-date: /home/hiromichi/rost2/install/visualization_msgs/include/visualization_msgs/visualization_msgs/msg/interactive_marker.hpp
[0.815s] -- Up-to-date: /home/hiromichi/rost2/install/visualization_msgs/include/visualization_msgs/visualization_msgs/msg/menu_entry.hpp
[0.816s] -- Up-to-date: /home/hiromichi/rost2/install/visualization_msgs/include/visualization_msgs/visualization_msgs/msg/image_marker.hpp
[0.816s] -- Up-to-date: /home/hiromichi/rost2/install/visualization_msgs/include/visualization_msgs/visualization_msgs/msg/mesh_file.hpp
[0.816s] -- Up-to-date: /home/hiromichi/rost2/install/visualization_msgs/include/visualization_msgs/visualization_msgs/msg/interactive_marker_pose.hpp
[0.816s] -- Up-to-date: /home/hiromichi/rost2/install/visualization_msgs/include/visualization_msgs/visualization_msgs/msg/interactive_marker_update.hpp
[0.816s] -- Up-to-date: /home/hiromichi/rost2/install/visualization_msgs/include/visualization_msgs/visualization_msgs/msg/marker.hpp
[0.816s] -- Up-to-date: /home/hiromichi/rost2/install/visualization_msgs/include/visualization_msgs/visualization_msgs/msg/detail
[0.816s] -- Up-to-date: /home/hiromichi/rost2/install/visualization_msgs/include/visualization_msgs/visualization_msgs/msg/detail/interactive_marker_pose__builder.hpp
[0.816s] -- Up-to-date: /home/hiromichi/rost2/install/visualization_msgs/include/visualization_msgs/visualization_msgs/msg/detail/marker_array__struct.hpp
[0.816s] -- Up-to-date: /home/hiromichi/rost2/install/visualization_msgs/include/visualization_msgs/visualization_msgs/msg/detail/marker_array__traits.hpp
[0.816s] -- Up-to-date: /home/hiromichi/rost2/install/visualization_msgs/include/visualization_msgs/visualization_msgs/msg/detail/mesh_file__struct.hpp
[0.816s] -- Up-to-date: /home/hiromichi/rost2/install/visualization_msgs/include/visualization_msgs/visualization_msgs/msg/detail/menu_entry__builder.hpp
[0.816s] -- Up-to-date: /home/hiromichi/rost2/install/visualization_msgs/include/visualization_msgs/visualization_msgs/msg/detail/marker__builder.hpp
[0.816s] -- Up-to-date: /home/hiromichi/rost2/install/visualization_msgs/include/visualization_msgs/visualization_msgs/msg/detail/menu_entry__struct.hpp
[0.816s] -- Up-to-date: /home/hiromichi/rost2/install/visualization_msgs/include/visualization_msgs/visualization_msgs/msg/detail/interactive_marker_control__builder.hpp
[0.816s] -- Up-to-date: /home/hiromichi/rost2/install/visualization_msgs/include/visualization_msgs/visualization_msgs/msg/detail/uv_coordinate__struct.hpp
[0.816s] -- Up-to-date: /home/hiromichi/rost2/install/visualization_msgs/include/visualization_msgs/visualization_msgs/msg/detail/image_marker__struct.hpp
[0.816s] -- Up-to-date: /home/hiromichi/rost2/install/visualization_msgs/include/visualization_msgs/visualization_msgs/msg/detail/interactive_marker__builder.hpp
[0.817s] -- Up-to-date: /home/hiromichi/rost2/install/visualization_msgs/include/visualization_msgs/visualization_msgs/msg/detail/marker__struct.hpp
[0.817s] -- Up-to-date: /home/hiromichi/rost2/install/visualization_msgs/include/visualization_msgs/visualization_msgs/msg/detail/interactive_marker_pose__struct.hpp
[0.817s] -- Up-to-date: /home/hiromichi/rost2/install/visualization_msgs/include/visualization_msgs/visualization_msgs/msg/detail/image_marker__traits.hpp
[0.817s] -- Up-to-date: /home/hiromichi/rost2/install/visualization_msgs/include/visualization_msgs/visualization_msgs/msg/detail/marker__traits.hpp
[0.817s] -- Up-to-date: /home/hiromichi/rost2/install/visualization_msgs/include/visualization_msgs/visualization_msgs/msg/detail/interactive_marker_init__traits.hpp
[0.817s] -- Up-to-date: /home/hiromichi/rost2/install/visualization_msgs/include/visualization_msgs/visualization_msgs/msg/detail/interactive_marker__traits.hpp
[0.817s] -- Up-to-date: /home/hiromichi/rost2/install/visualization_msgs/include/visualization_msgs/visualization_msgs/msg/detail/marker_array__builder.hpp
[0.817s] -- Up-to-date: /home/hiromichi/rost2/install/visualization_msgs/include/visualization_msgs/visualization_msgs/msg/detail/interactive_marker_init__struct.hpp
[0.817s] -- Up-to-date: /home/hiromichi/rost2/install/visualization_msgs/include/visualization_msgs/visualization_msgs/msg/detail/interactive_marker_feedback__struct.hpp
[0.817s] -- Up-to-date: /home/hiromichi/rost2/install/visualization_msgs/include/visualization_msgs/visualization_msgs/msg/detail/interactive_marker_update__traits.hpp
[0.817s] -- Up-to-date: /home/hiromichi/rost2/install/visualization_msgs/include/visualization_msgs/visualization_msgs/msg/detail/interactive_marker_control__struct.hpp
[0.817s] -- Up-to-date: /home/hiromichi/rost2/install/visualization_msgs/include/visualization_msgs/visualization_msgs/msg/detail/interactive_marker__struct.hpp
[0.817s] -- Up-to-date: /home/hiromichi/rost2/install/visualization_msgs/include/visualization_msgs/visualization_msgs/msg/detail/mesh_file__builder.hpp
[0.817s] -- Up-to-date: /home/hiromichi/rost2/install/visualization_msgs/include/visualization_msgs/visualization_msgs/msg/detail/interactive_marker_feedback__traits.hpp
[0.817s] -- Up-to-date: /home/hiromichi/rost2/install/visualization_msgs/include/visualization_msgs/visualization_msgs/msg/detail/interactive_marker_update__builder.hpp
[0.817s] -- Up-to-date: /home/hiromichi/rost2/install/visualization_msgs/include/visualization_msgs/visualization_msgs/msg/detail/interactive_marker_init__builder.hpp
[0.817s] -- Up-to-date: /home/hiromichi/rost2/install/visualization_msgs/include/visualization_msgs/visualization_msgs/msg/detail/interactive_marker_pose__traits.hpp
[0.818s] -- Up-to-date: /home/hiromichi/rost2/install/visualization_msgs/include/visualization_msgs/visualization_msgs/msg/detail/interactive_marker_feedback__builder.hpp
[0.818s] -- Up-to-date: /home/hiromichi/rost2/install/visualization_msgs/include/visualization_msgs/visualization_msgs/msg/detail/menu_entry__traits.hpp
[0.818s] -- Up-to-date: /home/hiromichi/rost2/install/visualization_msgs/include/visualization_msgs/visualization_msgs/msg/detail/image_marker__builder.hpp
[0.818s] -- Up-to-date: /home/hiromichi/rost2/install/visualization_msgs/include/visualization_msgs/visualization_msgs/msg/detail/uv_coordinate__builder.hpp
[0.818s] -- Up-to-date: /home/hiromichi/rost2/install/visualization_msgs/include/visualization_msgs/visualization_msgs/msg/detail/mesh_file__traits.hpp
[0.818s] -- Up-to-date: /home/hiromichi/rost2/install/visualization_msgs/include/visualization_msgs/visualization_msgs/msg/detail/interactive_marker_control__traits.hpp
[0.818s] -- Up-to-date: /home/hiromichi/rost2/install/visualization_msgs/include/visualization_msgs/visualization_msgs/msg/detail/interactive_marker_update__struct.hpp
[0.818s] -- Up-to-date: /home/hiromichi/rost2/install/visualization_msgs/include/visualization_msgs/visualization_msgs/msg/detail/uv_coordinate__traits.hpp
[0.818s] -- Up-to-date: /home/hiromichi/rost2/install/visualization_msgs/include/visualization_msgs/visualization_msgs
[0.818s] -- Up-to-date: /home/hiromichi/rost2/install/visualization_msgs/include/visualization_msgs/visualization_msgs/srv
[0.818s] -- Up-to-date: /home/hiromichi/rost2/install/visualization_msgs/include/visualization_msgs/visualization_msgs/srv/detail
[0.818s] -- Up-to-date: /home/hiromichi/rost2/install/visualization_msgs/include/visualization_msgs/visualization_msgs/srv/detail/get_interactive_markers__rosidl_typesupport_fastrtps_cpp.hpp
[0.818s] -- Up-to-date: /home/hiromichi/rost2/install/visualization_msgs/include/visualization_msgs/visualization_msgs/srv/detail/dds_fastrtps
[0.818s] -- Up-to-date: /home/hiromichi/rost2/install/visualization_msgs/include/visualization_msgs/visualization_msgs/msg
[0.818s] -- Up-to-date: /home/hiromichi/rost2/install/visualization_msgs/include/visualization_msgs/visualization_msgs/msg/rosidl_typesupport_fastrtps_cpp__visibility_control.h
[0.819s] -- Up-to-date: /home/hiromichi/rost2/install/visualization_msgs/include/visualization_msgs/visualization_msgs/msg/detail
[0.819s] -- Up-to-date: /home/hiromichi/rost2/install/visualization_msgs/include/visualization_msgs/visualization_msgs/msg/detail/image_marker__rosidl_typesupport_fastrtps_cpp.hpp
[0.819s] -- Up-to-date: /home/hiromichi/rost2/install/visualization_msgs/include/visualization_msgs/visualization_msgs/msg/detail/interactive_marker_pose__rosidl_typesupport_fastrtps_cpp.hpp
[0.819s] -- Up-to-date: /home/hiromichi/rost2/install/visualization_msgs/include/visualization_msgs/visualization_msgs/msg/detail/interactive_marker__rosidl_typesupport_fastrtps_cpp.hpp
[0.819s] -- Up-to-date: /home/hiromichi/rost2/install/visualization_msgs/include/visualization_msgs/visualization_msgs/msg/detail/dds_fastrtps
[0.819s] -- Up-to-date: /home/hiromichi/rost2/install/visualization_msgs/include/visualization_msgs/visualization_msgs/msg/detail/interactive_marker_update__rosidl_typesupport_fastrtps_cpp.hpp
[0.819s] -- Up-to-date: /home/hiromichi/rost2/install/visualization_msgs/include/visualization_msgs/visualization_msgs/msg/detail/marker__rosidl_typesupport_fastrtps_cpp.hpp
[0.819s] -- Up-to-date: /home/hiromichi/rost2/install/visualization_msgs/include/visualization_msgs/visualization_msgs/msg/detail/mesh_file__rosidl_typesupport_fastrtps_cpp.hpp
[0.820s] -- Up-to-date: /home/hiromichi/rost2/install/visualization_msgs/include/visualization_msgs/visualization_msgs/msg/detail/interactive_marker_init__rosidl_typesupport_fastrtps_cpp.hpp
[0.820s] -- Up-to-date: /home/hiromichi/rost2/install/visualization_msgs/include/visualization_msgs/visualization_msgs/msg/detail/marker_array__rosidl_typesupport_fastrtps_cpp.hpp
[0.820s] -- Up-to-date: /home/hiromichi/rost2/install/visualization_msgs/include/visualization_msgs/visualization_msgs/msg/detail/interactive_marker_feedback__rosidl_typesupport_fastrtps_cpp.hpp
[0.820s] -- Up-to-date: /home/hiromichi/rost2/install/visualization_msgs/include/visualization_msgs/visualization_msgs/msg/detail/menu_entry__rosidl_typesupport_fastrtps_cpp.hpp
[0.820s] -- Up-to-date: /home/hiromichi/rost2/install/visualization_msgs/include/visualization_msgs/visualization_msgs/msg/detail/uv_coordinate__rosidl_typesupport_fastrtps_cpp.hpp
[0.820s] -- Up-to-date: /home/hiromichi/rost2/install/visualization_msgs/include/visualization_msgs/visualization_msgs/msg/detail/interactive_marker_control__rosidl_typesupport_fastrtps_cpp.hpp
[0.821s] -- Up-to-date: /home/hiromichi/rost2/install/visualization_msgs/lib/libvisualization_msgs__rosidl_typesupport_fastrtps_cpp.so
[0.821s] -- Up-to-date: /home/hiromichi/rost2/install/visualization_msgs/include/visualization_msgs/visualization_msgs
[0.821s] -- Up-to-date: /home/hiromichi/rost2/install/visualization_msgs/include/visualization_msgs/visualization_msgs/srv
[0.821s] -- Up-to-date: /home/hiromichi/rost2/install/visualization_msgs/include/visualization_msgs/visualization_msgs/srv/detail
[0.821s] -- Up-to-date: /home/hiromichi/rost2/install/visualization_msgs/include/visualization_msgs/visualization_msgs/srv/detail/get_interactive_markers__type_support.c
[0.821s] -- Up-to-date: /home/hiromichi/rost2/install/visualization_msgs/include/visualization_msgs/visualization_msgs/srv/detail/get_interactive_markers__rosidl_typesupport_introspection_c.h
[0.821s] -- Up-to-date: /home/hiromichi/rost2/install/visualization_msgs/include/visualization_msgs/visualization_msgs/msg
[0.821s] -- Up-to-date: /home/hiromichi/rost2/install/visualization_msgs/include/visualization_msgs/visualization_msgs/msg/rosidl_typesupport_introspection_c__visibility_control.h
[0.821s] -- Up-to-date: /home/hiromichi/rost2/install/visualization_msgs/include/visualization_msgs/visualization_msgs/msg/detail
[0.821s] -- Up-to-date: /home/hiromichi/rost2/install/visualization_msgs/include/visualization_msgs/visualization_msgs/msg/detail/interactive_marker_update__type_support.c
[0.821s] -- Up-to-date: /home/hiromichi/rost2/install/visualization_msgs/include/visualization_msgs/visualization_msgs/msg/detail/mesh_file__rosidl_typesupport_introspection_c.h
[0.821s] -- Up-to-date: /home/hiromichi/rost2/install/visualization_msgs/include/visualization_msgs/visualization_msgs/msg/detail/interactive_marker__rosidl_typesupport_introspection_c.h
[0.821s] -- Up-to-date: /home/hiromichi/rost2/install/visualization_msgs/include/visualization_msgs/visualization_msgs/msg/detail/interactive_marker_feedback__rosidl_typesupport_introspection_c.h
[0.822s] -- Up-to-date: /home/hiromichi/rost2/install/visualization_msgs/include/visualization_msgs/visualization_msgs/msg/detail/marker_array__rosidl_typesupport_introspection_c.h
[0.822s] -- Up-to-date: /home/hiromichi/rost2/install/visualization_msgs/include/visualization_msgs/visualization_msgs/msg/detail/marker_array__type_support.c
[0.822s] -- Up-to-date: /home/hiromichi/rost2/install/visualization_msgs/include/visualization_msgs/visualization_msgs/msg/detail/interactive_marker_control__type_support.c
[0.822s] -- Up-to-date: /home/hiromichi/rost2/install/visualization_msgs/include/visualization_msgs/visualization_msgs/msg/detail/interactive_marker_init__rosidl_typesupport_introspection_c.h
[0.822s] -- Up-to-date: /home/hiromichi/rost2/install/visualization_msgs/include/visualization_msgs/visualization_msgs/msg/detail/mesh_file__type_support.c
[0.822s] -- Up-to-date: /home/hiromichi/rost2/install/visualization_msgs/include/visualization_msgs/visualization_msgs/msg/detail/uv_coordinate__rosidl_typesupport_introspection_c.h
[0.822s] -- Up-to-date: /home/hiromichi/rost2/install/visualization_msgs/include/visualization_msgs/visualization_msgs/msg/detail/menu_entry__rosidl_typesupport_introspection_c.h
[0.822s] -- Up-to-date: /home/hiromichi/rost2/install/visualization_msgs/include/visualization_msgs/visualization_msgs/msg/detail/uv_coordinate__type_support.c
[0.822s] -- Up-to-date: /home/hiromichi/rost2/install/visualization_msgs/include/visualization_msgs/visualization_msgs/msg/detail/interactive_marker_update__rosidl_typesupport_introspection_c.h
[0.822s] -- Up-to-date: /home/hiromichi/rost2/install/visualization_msgs/include/visualization_msgs/visualization_msgs/msg/detail/marker__type_support.c
[0.822s] -- Up-to-date: /home/hiromichi/rost2/install/visualization_msgs/include/visualization_msgs/visualization_msgs/msg/detail/interactive_marker_feedback__type_support.c
[0.822s] -- Up-to-date: /home/hiromichi/rost2/install/visualization_msgs/include/visualization_msgs/visualization_msgs/msg/detail/interactive_marker_pose__type_support.c
[0.822s] -- Up-to-date: /home/hiromichi/rost2/install/visualization_msgs/include/visualization_msgs/visualization_msgs/msg/detail/marker__rosidl_typesupport_introspection_c.h
[0.822s] -- Up-to-date: /home/hiromichi/rost2/install/visualization_msgs/include/visualization_msgs/visualization_msgs/msg/detail/interactive_marker__type_support.c
[0.822s] -- Up-to-date: /home/hiromichi/rost2/install/visualization_msgs/include/visualization_msgs/visualization_msgs/msg/detail/menu_entry__type_support.c
[0.822s] -- Up-to-date: /home/hiromichi/rost2/install/visualization_msgs/include/visualization_msgs/visualization_msgs/msg/detail/interactive_marker_pose__rosidl_typesupport_introspection_c.h
[0.822s] -- Up-to-date: /home/hiromichi/rost2/install/visualization_msgs/include/visualization_msgs/visualization_msgs/msg/detail/interactive_marker_control__rosidl_typesupport_introspection_c.h
[0.822s] -- Up-to-date: /home/hiromichi/rost2/install/visualization_msgs/include/visualization_msgs/visualization_msgs/msg/detail/image_marker__rosidl_typesupport_introspection_c.h
[0.822s] -- Up-to-date: /home/hiromichi/rost2/install/visualization_msgs/include/visualization_msgs/visualization_msgs/msg/detail/image_marker__type_support.c
[0.822s] -- Up-to-date: /home/hiromichi/rost2/install/visualization_msgs/include/visualization_msgs/visualization_msgs/msg/detail/interactive_marker_init__type_support.c
[0.822s] -- Up-to-date: /home/hiromichi/rost2/install/visualization_msgs/lib/libvisualization_msgs__rosidl_typesupport_introspection_c.so
[0.822s] -- Up-to-date: /home/hiromichi/rost2/install/visualization_msgs/lib/libvisualization_msgs__rosidl_typesupport_c.so
[0.823s] -- Up-to-date: /home/hiromichi/rost2/install/visualization_msgs/include/visualization_msgs/visualization_msgs
[0.823s] -- Up-to-date: /home/hiromichi/rost2/install/visualization_msgs/include/visualization_msgs/visualization_msgs/srv
[0.823s] -- Up-to-date: /home/hiromichi/rost2/install/visualization_msgs/include/visualization_msgs/visualization_msgs/srv/detail
[0.823s] -- Up-to-date: /home/hiromichi/rost2/install/visualization_msgs/include/visualization_msgs/visualization_msgs/srv/detail/get_interactive_markers__rosidl_typesupport_introspection_cpp.hpp
[0.823s] -- Up-to-date: /home/hiromichi/rost2/install/visualization_msgs/include/visualization_msgs/visualization_msgs/srv/detail/get_interactive_markers__type_support.cpp
[0.823s] -- Up-to-date: /home/hiromichi/rost2/install/visualization_msgs/include/visualization_msgs/visualization_msgs/msg
[0.823s] -- Up-to-date: /home/hiromichi/rost2/install/visualization_msgs/include/visualization_msgs/visualization_msgs/msg/detail
[0.823s] -- Up-to-date: /home/hiromichi/rost2/install/visualization_msgs/include/visualization_msgs/visualization_msgs/msg/detail/marker__type_support.cpp
[0.823s] -- Up-to-date: /home/hiromichi/rost2/install/visualization_msgs/include/visualization_msgs/visualization_msgs/msg/detail/interactive_marker_update__type_support.cpp
[0.823s] -- Up-to-date: /home/hiromichi/rost2/install/visualization_msgs/include/visualization_msgs/visualization_msgs/msg/detail/interactive_marker_pose__type_support.cpp
[0.823s] -- Up-to-date: /home/hiromichi/rost2/install/visualization_msgs/include/visualization_msgs/visualization_msgs/msg/detail/menu_entry__type_support.cpp
[0.823s] -- Up-to-date: /home/hiromichi/rost2/install/visualization_msgs/include/visualization_msgs/visualization_msgs/msg/detail/image_marker__type_support.cpp
[0.823s] -- Up-to-date: /home/hiromichi/rost2/install/visualization_msgs/include/visualization_msgs/visualization_msgs/msg/detail/interactive_marker_feedback__type_support.cpp
[0.823s] -- Up-to-date: /home/hiromichi/rost2/install/visualization_msgs/include/visualization_msgs/visualization_msgs/msg/detail/interactive_marker_init__rosidl_typesupport_introspection_cpp.hpp
[0.823s] -- Up-to-date: /home/hiromichi/rost2/install/visualization_msgs/include/visualization_msgs/visualization_msgs/msg/detail/mesh_file__type_support.cpp
[0.823s] -- Up-to-date: /home/hiromichi/rost2/install/visualization_msgs/include/visualization_msgs/visualization_msgs/msg/detail/mesh_file__rosidl_typesupport_introspection_cpp.hpp
[0.823s] -- Up-to-date: /home/hiromichi/rost2/install/visualization_msgs/include/visualization_msgs/visualization_msgs/msg/detail/uv_coordinate__type_support.cpp
[0.823s] -- Up-to-date: /home/hiromichi/rost2/install/visualization_msgs/include/visualization_msgs/visualization_msgs/msg/detail/menu_entry__rosidl_typesupport_introspection_cpp.hpp
[0.823s] -- Up-to-date: /home/hiromichi/rost2/install/visualization_msgs/include/visualization_msgs/visualization_msgs/msg/detail/marker_array__rosidl_typesupport_introspection_cpp.hpp
[0.823s] -- Up-to-date: /home/hiromichi/rost2/install/visualization_msgs/include/visualization_msgs/visualization_msgs/msg/detail/interactive_marker_pose__rosidl_typesupport_introspection_cpp.hpp
[0.823s] -- Up-to-date: /home/hiromichi/rost2/install/visualization_msgs/include/visualization_msgs/visualization_msgs/msg/detail/interactive_marker__type_support.cpp
[0.823s] -- Up-to-date: /home/hiromichi/rost2/install/visualization_msgs/include/visualization_msgs/visualization_msgs/msg/detail/marker_array__type_support.cpp
[0.823s] -- Up-to-date: /home/hiromichi/rost2/install/visualization_msgs/include/visualization_msgs/visualization_msgs/msg/detail/interactive_marker_control__rosidl_typesupport_introspection_cpp.hpp
[0.824s] -- Up-to-date: /home/hiromichi/rost2/install/visualization_msgs/include/visualization_msgs/visualization_msgs/msg/detail/image_marker__rosidl_typesupport_introspection_cpp.hpp
[0.824s] -- Up-to-date: /home/hiromichi/rost2/install/visualization_msgs/include/visualization_msgs/visualization_msgs/msg/detail/interactive_marker_update__rosidl_typesupport_introspection_cpp.hpp
[0.824s] -- Up-to-date: /home/hiromichi/rost2/install/visualization_msgs/include/visualization_msgs/visualization_msgs/msg/detail/interactive_marker__rosidl_typesupport_introspection_cpp.hpp
[0.824s] -- Up-to-date: /home/hiromichi/rost2/install/visualization_msgs/include/visualization_msgs/visualization_msgs/msg/detail/marker__rosidl_typesupport_introspection_cpp.hpp
[0.824s] -- Up-to-date: /home/hiromichi/rost2/install/visualization_msgs/include/visualization_msgs/visualization_msgs/msg/detail/uv_coordinate__rosidl_typesupport_introspection_cpp.hpp
[0.824s] -- Up-to-date: /home/hiromichi/rost2/install/visualization_msgs/include/visualization_msgs/visualization_msgs/msg/detail/interactive_marker_feedback__rosidl_typesupport_introspection_cpp.hpp
[0.824s] -- Up-to-date: /home/hiromichi/rost2/install/visualization_msgs/include/visualization_msgs/visualization_msgs/msg/detail/interactive_marker_control__type_support.cpp
[0.824s] -- Up-to-date: /home/hiromichi/rost2/install/visualization_msgs/include/visualization_msgs/visualization_msgs/msg/detail/interactive_marker_init__type_support.cpp
[0.824s] -- Up-to-date: /home/hiromichi/rost2/install/visualization_msgs/lib/libvisualization_msgs__rosidl_typesupport_introspection_cpp.so
[0.824s] -- Up-to-date: /home/hiromichi/rost2/install/visualization_msgs/lib/libvisualization_msgs__rosidl_typesupport_cpp.so
[0.824s] -- Up-to-date: /home/hiromichi/rost2/install/visualization_msgs/share/ament_index/resource_index/rust_packages/visualization_msgs
[0.824s] -- Up-to-date: /home/hiromichi/rost2/install/visualization_msgs/share/visualization_msgs/rust
[0.824s] -- Up-to-date: /home/hiromichi/rost2/install/visualization_msgs/share/visualization_msgs/rust/src
[0.824s] -- Up-to-date: /home/hiromichi/rost2/install/visualization_msgs/share/visualization_msgs/rust/src/msg.rs
[0.824s] -- Up-to-date: /home/hiromichi/rost2/install/visualization_msgs/share/visualization_msgs/rust/src/srv.rs
[0.824s] -- Up-to-date: /home/hiromichi/rost2/install/visualization_msgs/share/visualization_msgs/rust/src/lib.rs
[0.824s] -- Up-to-date: /home/hiromichi/rost2/install/visualization_msgs/share/visualization_msgs/rust/Cargo.toml
[0.824s] -- Up-to-date: /home/hiromichi/rost2/install/visualization_msgs/share/visualization_msgs/rust/build.rs
[0.824s] -- Up-to-date: /home/hiromichi/rost2/install/visualization_msgs/share/visualization_msgs/environment/pythonpath.sh
[0.824s] -- Up-to-date: /home/hiromichi/rost2/install/visualization_msgs/share/visualization_msgs/environment/pythonpath.dsv
[0.824s] -- Up-to-date: /home/hiromichi/rost2/install/visualization_msgs/local/lib/python3.10/dist-packages/visualization_msgs-4.2.4-py3.10.egg-info
[0.824s] -- Installing: /home/hiromichi/rost2/install/visualization_msgs/local/lib/python3.10/dist-packages/visualization_msgs-4.2.4-py3.10.egg-info/top_level.txt
[0.824s] -- Installing: /home/hiromichi/rost2/install/visualization_msgs/local/lib/python3.10/dist-packages/visualization_msgs-4.2.4-py3.10.egg-info/dependency_links.txt
[0.824s] -- Installing: /home/hiromichi/rost2/install/visualization_msgs/local/lib/python3.10/dist-packages/visualization_msgs-4.2.4-py3.10.egg-info/SOURCES.txt
[0.824s] -- Installing: /home/hiromichi/rost2/install/visualization_msgs/local/lib/python3.10/dist-packages/visualization_msgs-4.2.4-py3.10.egg-info/PKG-INFO
[0.825s] -- Up-to-date: /home/hiromichi/rost2/install/visualization_msgs/local/lib/python3.10/dist-packages/visualization_msgs
[0.825s] -- Up-to-date: /home/hiromichi/rost2/install/visualization_msgs/local/lib/python3.10/dist-packages/visualization_msgs/srv
[0.825s] -- Up-to-date: /home/hiromichi/rost2/install/visualization_msgs/local/lib/python3.10/dist-packages/visualization_msgs/srv/_get_interactive_markers_s.c
[0.825s] -- Up-to-date: /home/hiromichi/rost2/install/visualization_msgs/local/lib/python3.10/dist-packages/visualization_msgs/srv/_get_interactive_markers.py
[0.825s] -- Up-to-date: /home/hiromichi/rost2/install/visualization_msgs/local/lib/python3.10/dist-packages/visualization_msgs/srv/__init__.py
[0.825s] -- Up-to-date: /home/hiromichi/rost2/install/visualization_msgs/local/lib/python3.10/dist-packages/visualization_msgs/visualization_msgs_s__rosidl_typesupport_introspection_c.cpython-310-x86_64-linux-gnu.so
[0.825s] -- Up-to-date: /home/hiromichi/rost2/install/visualization_msgs/local/lib/python3.10/dist-packages/visualization_msgs/libvisualization_msgs__rosidl_generator_py.so
[0.825s] -- Up-to-date: /home/hiromichi/rost2/install/visualization_msgs/local/lib/python3.10/dist-packages/visualization_msgs/_visualization_msgs_s.ep.rosidl_typesupport_c.c
[0.825s] -- Up-to-date: /home/hiromichi/rost2/install/visualization_msgs/local/lib/python3.10/dist-packages/visualization_msgs/_visualization_msgs_s.ep.rosidl_typesupport_fastrtps_c.c
[0.825s] -- Up-to-date: /home/hiromichi/rost2/install/visualization_msgs/local/lib/python3.10/dist-packages/visualization_msgs/visualization_msgs_s__rosidl_typesupport_fastrtps_c.cpython-310-x86_64-linux-gnu.so
[0.825s] -- Up-to-date: /home/hiromichi/rost2/install/visualization_msgs/local/lib/python3.10/dist-packages/visualization_msgs/_visualization_msgs_s.ep.rosidl_typesupport_introspection_c.c
[0.825s] -- Up-to-date: /home/hiromichi/rost2/install/visualization_msgs/local/lib/python3.10/dist-packages/visualization_msgs/visualization_msgs_s__rosidl_typesupport_c.cpython-310-x86_64-linux-gnu.so
[0.825s] -- Up-to-date: /home/hiromichi/rost2/install/visualization_msgs/local/lib/python3.10/dist-packages/visualization_msgs/msg
[0.825s] -- Up-to-date: /home/hiromichi/rost2/install/visualization_msgs/local/lib/python3.10/dist-packages/visualization_msgs/msg/_menu_entry_s.c
[0.825s] -- Up-to-date: /home/hiromichi/rost2/install/visualization_msgs/local/lib/python3.10/dist-packages/visualization_msgs/msg/_interactive_marker_feedback_s.c
[0.825s] -- Up-to-date: /home/hiromichi/rost2/install/visualization_msgs/local/lib/python3.10/dist-packages/visualization_msgs/msg/_marker_s.c
[0.825s] -- Up-to-date: /home/hiromichi/rost2/install/visualization_msgs/local/lib/python3.10/dist-packages/visualization_msgs/msg/_interactive_marker_s.c
[0.825s] -- Up-to-date: /home/hiromichi/rost2/install/visualization_msgs/local/lib/python3.10/dist-packages/visualization_msgs/msg/_mesh_file_s.c
[0.825s] -- Up-to-date: /home/hiromichi/rost2/install/visualization_msgs/local/lib/python3.10/dist-packages/visualization_msgs/msg/_interactive_marker_control_s.c
[0.825s] -- Up-to-date: /home/hiromichi/rost2/install/visualization_msgs/local/lib/python3.10/dist-packages/visualization_msgs/msg/_mesh_file.py
[0.825s] -- Up-to-date: /home/hiromichi/rost2/install/visualization_msgs/local/lib/python3.10/dist-packages/visualization_msgs/msg/_interactive_marker_control.py
[0.825s] -- Up-to-date: /home/hiromichi/rost2/install/visualization_msgs/local/lib/python3.10/dist-packages/visualization_msgs/msg/_interactive_marker_init.py
[0.825s] -- Up-to-date: /home/hiromichi/rost2/install/visualization_msgs/local/lib/python3.10/dist-packages/visualization_msgs/msg/_uv_coordinate_s.c
[0.825s] -- Up-to-date: /home/hiromichi/rost2/install/visualization_msgs/local/lib/python3.10/dist-packages/visualization_msgs/msg/_marker_array_s.c
[0.825s] -- Up-to-date: /home/hiromichi/rost2/install/visualization_msgs/local/lib/python3.10/dist-packages/visualization_msgs/msg/_image_marker_s.c
[0.826s] -- Up-to-date: /home/hiromichi/rost2/install/visualization_msgs/local/lib/python3.10/dist-packages/visualization_msgs/msg/_marker_array.py
[0.826s] -- Up-to-date: /home/hiromichi/rost2/install/visualization_msgs/local/lib/python3.10/dist-packages/visualization_msgs/msg/_image_marker.py
[0.826s] -- Up-to-date: /home/hiromichi/rost2/install/visualization_msgs/local/lib/python3.10/dist-packages/visualization_msgs/msg/_interactive_marker_update_s.c
[0.826s] -- Up-to-date: /home/hiromichi/rost2/install/visualization_msgs/local/lib/python3.10/dist-packages/visualization_msgs/msg/_interactive_marker_init_s.c
[0.826s] -- Up-to-date: /home/hiromichi/rost2/install/visualization_msgs/local/lib/python3.10/dist-packages/visualization_msgs/msg/_interactive_marker_update.py
[0.826s] -- Up-to-date: /home/hiromichi/rost2/install/visualization_msgs/local/lib/python3.10/dist-packages/visualization_msgs/msg/_interactive_marker_pose_s.c
[0.826s] -- Up-to-date: /home/hiromichi/rost2/install/visualization_msgs/local/lib/python3.10/dist-packages/visualization_msgs/msg/_interactive_marker.py
[0.826s] -- Up-to-date: /home/hiromichi/rost2/install/visualization_msgs/local/lib/python3.10/dist-packages/visualization_msgs/msg/_uv_coordinate.py
[0.826s] -- Up-to-date: /home/hiromichi/rost2/install/visualization_msgs/local/lib/python3.10/dist-packages/visualization_msgs/msg/_menu_entry.py
[0.826s] -- Up-to-date: /home/hiromichi/rost2/install/visualization_msgs/local/lib/python3.10/dist-packages/visualization_msgs/msg/_marker.py
[0.826s] -- Up-to-date: /home/hiromichi/rost2/install/visualization_msgs/local/lib/python3.10/dist-packages/visualization_msgs/msg/_interactive_marker_pose.py
[0.826s] -- Up-to-date: /home/hiromichi/rost2/install/visualization_msgs/local/lib/python3.10/dist-packages/visualization_msgs/msg/__init__.py
[0.826s] -- Up-to-date: /home/hiromichi/rost2/install/visualization_msgs/local/lib/python3.10/dist-packages/visualization_msgs/msg/_interactive_marker_feedback.py
[0.826s] -- Up-to-date: /home/hiromichi/rost2/install/visualization_msgs/local/lib/python3.10/dist-packages/visualization_msgs/__init__.py
[0.857s] Listing '/home/hiromichi/rost2/install/visualization_msgs/local/lib/python3.10/dist-packages/visualization_msgs'...
[0.857s] Listing '/home/hiromichi/rost2/install/visualization_msgs/local/lib/python3.10/dist-packages/visualization_msgs/msg'...
[0.857s] Listing '/home/hiromichi/rost2/install/visualization_msgs/local/lib/python3.10/dist-packages/visualization_msgs/srv'...
[0.861s] -- Up-to-date: /home/hiromichi/rost2/install/visualization_msgs/local/lib/python3.10/dist-packages/visualization_msgs/visualization_msgs_s__rosidl_typesupport_fastrtps_c.cpython-310-x86_64-linux-gnu.so
[0.861s] -- Up-to-date: /home/hiromichi/rost2/install/visualization_msgs/local/lib/python3.10/dist-packages/visualization_msgs/visualization_msgs_s__rosidl_typesupport_introspection_c.cpython-310-x86_64-linux-gnu.so
[0.864s] -- Up-to-date: /home/hiromichi/rost2/install/visualization_msgs/local/lib/python3.10/dist-packages/visualization_msgs/visualization_msgs_s__rosidl_typesupport_c.cpython-310-x86_64-linux-gnu.so
[0.864s] -- Up-to-date: /home/hiromichi/rost2/install/visualization_msgs/lib/libvisualization_msgs__rosidl_generator_py.so
[0.864s] -- Up-to-date: /home/hiromichi/rost2/install/visualization_msgs/share/visualization_msgs/msg/ImageMarker.idl
[0.864s] -- Up-to-date: /home/hiromichi/rost2/install/visualization_msgs/share/visualization_msgs/msg/InteractiveMarker.idl
[0.865s] -- Up-to-date: /home/hiromichi/rost2/install/visualization_msgs/share/visualization_msgs/msg/InteractiveMarkerControl.idl
[0.865s] -- Up-to-date: /home/hiromichi/rost2/install/visualization_msgs/share/visualization_msgs/msg/InteractiveMarkerFeedback.idl
[0.866s] -- Up-to-date: /home/hiromichi/rost2/install/visualization_msgs/share/visualization_msgs/msg/InteractiveMarkerInit.idl
[0.866s] -- Up-to-date: /home/hiromichi/rost2/install/visualization_msgs/share/visualization_msgs/msg/InteractiveMarkerPose.idl
[0.866s] -- Up-to-date: /home/hiromichi/rost2/install/visualization_msgs/share/visualization_msgs/msg/InteractiveMarkerUpdate.idl
[0.866s] -- Up-to-date: /home/hiromichi/rost2/install/visualization_msgs/share/visualization_msgs/msg/Marker.idl
[0.866s] -- Up-to-date: /home/hiromichi/rost2/install/visualization_msgs/share/visualization_msgs/msg/MarkerArray.idl
[0.866s] -- Up-to-date: /home/hiromichi/rost2/install/visualization_msgs/share/visualization_msgs/msg/MenuEntry.idl
[0.866s] -- Up-to-date: /home/hiromichi/rost2/install/visualization_msgs/share/visualization_msgs/msg/MeshFile.idl
[0.866s] -- Up-to-date: /home/hiromichi/rost2/install/visualization_msgs/share/visualization_msgs/msg/UVCoordinate.idl
[0.867s] -- Up-to-date: /home/hiromichi/rost2/install/visualization_msgs/share/visualization_msgs/srv/GetInteractiveMarkers.idl
[0.867s] -- Up-to-date: /home/hiromichi/rost2/install/visualization_msgs/share/visualization_msgs/msg/ImageMarker.msg
[0.867s] -- Up-to-date: /home/hiromichi/rost2/install/visualization_msgs/share/visualization_msgs/msg/InteractiveMarker.msg
[0.868s] -- Up-to-date: /home/hiromichi/rost2/install/visualization_msgs/share/visualization_msgs/msg/InteractiveMarkerControl.msg
[0.868s] -- Up-to-date: /home/hiromichi/rost2/install/visualization_msgs/share/visualization_msgs/msg/InteractiveMarkerFeedback.msg
[0.868s] -- Up-to-date: /home/hiromichi/rost2/install/visualization_msgs/share/visualization_msgs/msg/InteractiveMarkerInit.msg
[0.869s] -- Up-to-date: /home/hiromichi/rost2/install/visualization_msgs/share/visualization_msgs/msg/InteractiveMarkerPose.msg
[0.869s] -- Up-to-date: /home/hiromichi/rost2/install/visualization_msgs/share/visualization_msgs/msg/InteractiveMarkerUpdate.msg
[0.869s] -- Up-to-date: /home/hiromichi/rost2/install/visualization_msgs/share/visualization_msgs/msg/Marker.msg
[0.869s] -- Up-to-date: /home/hiromichi/rost2/install/visualization_msgs/share/visualization_msgs/msg/MarkerArray.msg
[0.869s] -- Up-to-date: /home/hiromichi/rost2/install/visualization_msgs/share/visualization_msgs/msg/MenuEntry.msg
[0.870s] -- Up-to-date: /home/hiromichi/rost2/install/visualization_msgs/share/visualization_msgs/msg/MeshFile.msg
[0.870s] -- Up-to-date: /home/hiromichi/rost2/install/visualization_msgs/share/visualization_msgs/msg/UVCoordinate.msg
[0.870s] -- Up-to-date: /home/hiromichi/rost2/install/visualization_msgs/share/visualization_msgs/srv/GetInteractiveMarkers.srv
[0.871s] -- Up-to-date: /home/hiromichi/rost2/install/visualization_msgs/share/visualization_msgs/srv/GetInteractiveMarkers_Request.msg
[0.871s] -- Up-to-date: /home/hiromichi/rost2/install/visualization_msgs/share/visualization_msgs/srv/GetInteractiveMarkers_Response.msg
[0.871s] -- Up-to-date: /home/hiromichi/rost2/install/visualization_msgs/share/ament_index/resource_index/package_run_dependencies/visualization_msgs
[0.872s] -- Up-to-date: /home/hiromichi/rost2/install/visualization_msgs/share/ament_index/resource_index/parent_prefix_path/visualization_msgs
[0.872s] -- Up-to-date: /home/hiromichi/rost2/install/visualization_msgs/share/visualization_msgs/environment/ament_prefix_path.sh
[0.872s] -- Up-to-date: /home/hiromichi/rost2/install/visualization_msgs/share/visualization_msgs/environment/ament_prefix_path.dsv
[0.872s] -- Up-to-date: /home/hiromichi/rost2/install/visualization_msgs/share/visualization_msgs/environment/path.sh
[0.873s] -- Up-to-date: /home/hiromichi/rost2/install/visualization_msgs/share/visualization_msgs/environment/path.dsv
[0.873s] -- Up-to-date: /home/hiromichi/rost2/install/visualization_msgs/share/visualization_msgs/local_setup.bash
[0.873s] -- Up-to-date: /home/hiromichi/rost2/install/visualization_msgs/share/visualization_msgs/local_setup.sh
[0.873s] -- Up-to-date: /home/hiromichi/rost2/install/visualization_msgs/share/visualization_msgs/local_setup.zsh
[0.873s] -- Up-to-date: /home/hiromichi/rost2/install/visualization_msgs/share/visualization_msgs/local_setup.dsv
[0.873s] -- Installing: /home/hiromichi/rost2/install/visualization_msgs/share/visualization_msgs/package.dsv
[0.874s] -- Up-to-date: /home/hiromichi/rost2/install/visualization_msgs/share/ament_index/resource_index/packages/visualization_msgs
[0.874s] -- Up-to-date: /home/hiromichi/rost2/install/visualization_msgs/share/visualization_msgs/cmake/export_visualization_msgs__rosidl_generator_cExport.cmake
[0.874s] -- Up-to-date: /home/hiromichi/rost2/install/visualization_msgs/share/visualization_msgs/cmake/export_visualization_msgs__rosidl_generator_cExport-noconfig.cmake
[0.874s] -- Up-to-date: /home/hiromichi/rost2/install/visualization_msgs/share/visualization_msgs/cmake/export_visualization_msgs__rosidl_typesupport_fastrtps_cExport.cmake
[0.874s] -- Up-to-date: /home/hiromichi/rost2/install/visualization_msgs/share/visualization_msgs/cmake/export_visualization_msgs__rosidl_typesupport_fastrtps_cExport-noconfig.cmake
[0.874s] -- Up-to-date: /home/hiromichi/rost2/install/visualization_msgs/share/visualization_msgs/cmake/export_visualization_msgs__rosidl_generator_cppExport.cmake
[0.875s] -- Up-to-date: /home/hiromichi/rost2/install/visualization_msgs/share/visualization_msgs/cmake/export_visualization_msgs__rosidl_typesupport_fastrtps_cppExport.cmake
[0.875s] -- Up-to-date: /home/hiromichi/rost2/install/visualization_msgs/share/visualization_msgs/cmake/export_visualization_msgs__rosidl_typesupport_fastrtps_cppExport-noconfig.cmake
[0.875s] -- Up-to-date: /home/hiromichi/rost2/install/visualization_msgs/share/visualization_msgs/cmake/visualization_msgs__rosidl_typesupport_introspection_cExport.cmake
[0.875s] -- Up-to-date: /home/hiromichi/rost2/install/visualization_msgs/share/visualization_msgs/cmake/visualization_msgs__rosidl_typesupport_introspection_cExport-noconfig.cmake
[0.875s] -- Up-to-date: /home/hiromichi/rost2/install/visualization_msgs/share/visualization_msgs/cmake/visualization_msgs__rosidl_typesupport_cExport.cmake
[0.875s] -- Up-to-date: /home/hiromichi/rost2/install/visualization_msgs/share/visualization_msgs/cmake/visualization_msgs__rosidl_typesupport_cExport-noconfig.cmake
[0.875s] -- Up-to-date: /home/hiromichi/rost2/install/visualization_msgs/share/visualization_msgs/cmake/visualization_msgs__rosidl_typesupport_introspection_cppExport.cmake
[0.875s] -- Up-to-date: /home/hiromichi/rost2/install/visualization_msgs/share/visualization_msgs/cmake/visualization_msgs__rosidl_typesupport_introspection_cppExport-noconfig.cmake
[0.875s] -- Up-to-date: /home/hiromichi/rost2/install/visualization_msgs/share/visualization_msgs/cmake/visualization_msgs__rosidl_typesupport_cppExport.cmake
[0.875s] -- Up-to-date: /home/hiromichi/rost2/install/visualization_msgs/share/visualization_msgs/cmake/visualization_msgs__rosidl_typesupport_cppExport-noconfig.cmake
[0.876s] -- Up-to-date: /home/hiromichi/rost2/install/visualization_msgs/share/visualization_msgs/cmake/export_visualization_msgs__rosidl_generator_pyExport.cmake
[0.876s] -- Up-to-date: /home/hiromichi/rost2/install/visualization_msgs/share/visualization_msgs/cmake/export_visualization_msgs__rosidl_generator_pyExport-noconfig.cmake
[0.876s] -- Up-to-date: /home/hiromichi/rost2/install/visualization_msgs/share/visualization_msgs/cmake/rosidl_cmake-extras.cmake
[0.877s] -- Up-to-date: /home/hiromichi/rost2/install/visualization_msgs/share/visualization_msgs/cmake/ament_cmake_export_dependencies-extras.cmake
[0.877s] -- Up-to-date: /home/hiromichi/rost2/install/visualization_msgs/share/visualization_msgs/cmake/ament_cmake_export_include_directories-extras.cmake
[0.877s] -- Up-to-date: /home/hiromichi/rost2/install/visualization_msgs/share/visualization_msgs/cmake/ament_cmake_export_libraries-extras.cmake
[0.877s] -- Up-to-date: /home/hiromichi/rost2/install/visualization_msgs/share/visualization_msgs/cmake/ament_cmake_export_targets-extras.cmake
[0.877s] -- Up-to-date: /home/hiromichi/rost2/install/visualization_msgs/share/visualization_msgs/cmake/rosidl_cmake_export_typesupport_targets-extras.cmake
[0.878s] -- Up-to-date: /home/hiromichi/rost2/install/visualization_msgs/share/visualization_msgs/cmake/rosidl_cmake_export_typesupport_libraries-extras.cmake
[0.878s] -- Up-to-date: /home/hiromichi/rost2/install/visualization_msgs/share/visualization_msgs/cmake/visualization_msgsConfig.cmake
[0.878s] -- Up-to-date: /home/hiromichi/rost2/install/visualization_msgs/share/visualization_msgs/cmake/visualization_msgsConfig-version.cmake
[0.879s] -- Up-to-date: /home/hiromichi/rost2/install/visualization_msgs/share/visualization_msgs/package.xml
[0.882s] Invoked command in '/home/hiromichi/rost2/build/visualization_msgs' returned '0': AMENT_PREFIX_PATH=/home/hiromichi/rost2/install/sensor_msgs:/home/hiromichi/rost2/install/geometry_msgs:/home/hiromichi/rost2/install/std_msgs:/home/hiromichi/rost2/install/builtin_interfaces:/home/hiromichi/rost2/install/rosidl_default_runtime:/home/hiromichi/rost2/install/rosidl_default_generators:/home/hiromichi/rost2/install/rosidl_generator_rs:/home/hiromichi/rost2/install/rosidl_runtime_rs:${AMENT_PREFIX_PATH} CMAKE_PREFIX_PATH=/home/hiromichi/rost2/install/sensor_msgs:/home/hiromichi/rost2/install/geometry_msgs:/home/hiromichi/rost2/install/std_msgs:/home/hiromichi/rost2/install/builtin_interfaces:/home/hiromichi/rost2/install/rosidl_default_runtime:/home/hiromichi/rost2/install/rosidl_default_generators:/home/hiromichi/rost2/install/rosidl_generator_rs:/opt/ros/humble LD_LIBRARY_PATH=/home/hiromichi/rost2/install/sensor_msgs/lib:/home/hiromichi/rost2/install/geometry_msgs/lib:/home/hiromichi/rost2/install/std_msgs/lib:/home/hiromichi/rost2/install/builtin_interfaces/lib:${LD_LIBRARY_PATH} PYTHONPATH=/home/hiromichi/rost2/install/sensor_msgs/local/lib/python3.10/dist-packages:/home/hiromichi/rost2/install/geometry_msgs/local/lib/python3.10/dist-packages:/home/hiromichi/rost2/install/std_msgs/local/lib/python3.10/dist-packages:/home/hiromichi/rost2/install/builtin_interfaces/local/lib/python3.10/dist-packages:/home/hiromichi/rost2/install/rosidl_generator_rs/local/lib/python3.10/dist-packages:${PYTHONPATH} /usr/bin/cmake --install /home/hiromichi/rost2/build/visualization_msgs
