[0.117s] Invoking command in '/home/hiromichi/rost2/build/action_msgs': AMENT_PREFIX_PATH=/home/hiromichi/rost2/install/unique_identifier_msgs:/home/hiromichi/rost2/install/builtin_interfaces:/home/hiromichi/rost2/install/rosidl_default_runtime:/home/hiromichi/rost2/install/rosidl_default_generators:/home/hiromichi/rost2/install/rosidl_generator_rs:/home/hiromichi/rost2/install/rosidl_runtime_rs:${AMENT_PREFIX_PATH} CMAKE_PREFIX_PATH=/home/hiromichi/rost2/install/unique_identifier_msgs:/home/hiromichi/rost2/install/builtin_interfaces:/home/hiromichi/rost2/install/rosidl_default_runtime:/home/hiromichi/rost2/install/rosidl_default_generators:/home/hiromichi/rost2/install/rosidl_generator_rs:/opt/ros/humble LD_LIBRARY_PATH=/home/hiromichi/rost2/install/unique_identifier_msgs/lib:/home/hiromichi/rost2/install/builtin_interfaces/lib:${LD_LIBRARY_PATH} PYTHONPATH=/home/hiromichi/rost2/install/unique_identifier_msgs/local/lib/python3.10/dist-packages:/home/hiromichi/rost2/install/builtin_interfaces/local/lib/python3.10/dist-packages:/home/hiromichi/rost2/install/rosidl_generator_rs/local/lib/python3.10/dist-packages:${PYTHONPATH} /usr/bin/cmake /home/hiromichi/rost2/src/ros2/rcl_interfaces/action_msgs -DCMAKE_INSTALL_PREFIX=/home/hiromichi/rost2/install/action_msgs
[0.222s] -- The C compiler identification is GNU 11.4.0
[0.313s] -- The CXX compiler identification is GNU 11.4.0
[0.320s] -- Detecting C compiler ABI info
[0.380s] -- Detecting C compiler ABI info - done
[0.387s] -- Check for working C compiler: /usr/bin/cc - skipped
[0.387s] -- Detecting C compile features
[0.387s] -- Detecting C compile features - done
[0.391s] -- Detecting CXX compiler ABI info
[0.462s] -- Detecting CXX compiler ABI info - done
[0.470s] -- Check for working CXX compiler: /usr/bin/c++ - skipped
[0.471s] -- Detecting CXX compile features
[0.471s] -- Detecting CXX compile features - done
[0.473s] -- Found ament_cmake: 1.3.2 (/opt/ros/humble/share/ament_cmake/cmake)
[0.613s] -- Found Python3: /usr/bin/python3.10 (found version "3.10.12") found components: Interpreter 
[0.702s] -- Found builtin_interfaces: 1.2.1 (/home/hiromichi/rost2/install/builtin_interfaces/share/builtin_interfaces/cmake)
[0.740s] -- Found rosidl_generator_c: 3.1.3 (/opt/ros/humble/share/rosidl_generator_c/cmake)
[0.746s] -- Found rosidl_adapter: 3.1.3 (/opt/ros/humble/share/rosidl_adapter/cmake)
[0.752s] -- Found rosidl_generator_cpp: 3.1.3 (/opt/ros/humble/share/rosidl_generator_cpp/cmake)
[0.764s] -- Using all available rosidl_typesupport_c: rosidl_typesupport_fastrtps_c;rosidl_typesupport_introspection_c
[0.777s] -- Using all available rosidl_typesupport_cpp: rosidl_typesupport_fastrtps_cpp;rosidl_typesupport_introspection_cpp
[0.798s] -- Found rosidl_default_generators: 1.2.0 (/home/hiromichi/rost2/install/rosidl_default_generators/share/rosidl_default_generators/cmake)
[0.804s] -- Found unique_identifier_msgs: 2.2.1 (/home/hiromichi/rost2/install/unique_identifier_msgs/share/unique_identifier_msgs/cmake)
[1.079s] -- Found ament_cmake_cppcheck: 0.12.4 (/opt/ros/humble/share/ament_cmake_cppcheck/cmake)
[1.082s] -- Found ament_cmake_cpplint: 0.12.4 (/opt/ros/humble/share/ament_cmake_cpplint/cmake)
[1.085s] -- Found ament_cmake_uncrustify: 0.12.4 (/opt/ros/humble/share/ament_cmake_uncrustify/cmake)
[1.088s] -- Found ament_cmake_ros: 0.10.0 (/opt/ros/humble/share/ament_cmake_ros/cmake)
[1.355s] -- Using all available rosidl_typesupport_c: rosidl_typesupport_fastrtps_c;rosidl_typesupport_introspection_c
[1.460s] -- Using all available rosidl_typesupport_cpp: rosidl_typesupport_fastrtps_cpp;rosidl_typesupport_introspection_cpp
[1.482s] -- Found PythonInterp: /usr/bin/python3 (found suitable version "3.10.12", minimum required is "3.6") 
[1.483s] -- Found python_cmake_module: 0.10.0 (/opt/ros/humble/share/python_cmake_module/cmake)
[1.515s] -- Found PythonLibs: /usr/lib/x86_64-linux-gnu/libpython3.10.so (found suitable version "3.10.12", minimum required is "3.5") 
[1.515s] -- Using PYTHON_EXECUTABLE: /usr/bin/python3
[1.515s] -- Using PYTHON_INCLUDE_DIRS: /usr/include/python3.10
[1.516s] -- Using PYTHON_LIBRARIES: /usr/lib/x86_64-linux-gnu/libpython3.10.so
[1.543s] -- Found PythonExtra: .so  
[1.594s] -- Found ament_cmake_flake8: 0.12.4 (/opt/ros/humble/share/ament_cmake_flake8/cmake)
[1.596s] -- Found ament_cmake_pep257: 0.12.4 (/opt/ros/humble/share/ament_cmake_pep257/cmake)
[1.600s] -- Found ament_lint_auto: 0.12.4 (/opt/ros/humble/share/ament_lint_auto/cmake)
[1.615s] -- Added test 'copyright' to check source files copyright and LICENSE
[1.615s] -- Added test 'lint_cmake' to check CMake code style
[1.616s] -- Added test 'xmllint' to check XML markup files
[1.618s] -- Configuring done
[1.660s] -- Generating done
[1.663s] -- Build files have been written to: /home/hiromichi/rost2/build/action_msgs
[1.677s] Invoked command in '/home/hiromichi/rost2/build/action_msgs' returned '0': AMENT_PREFIX_PATH=/home/hiromichi/rost2/install/unique_identifier_msgs:/home/hiromichi/rost2/install/builtin_interfaces:/home/hiromichi/rost2/install/rosidl_default_runtime:/home/hiromichi/rost2/install/rosidl_default_generators:/home/hiromichi/rost2/install/rosidl_generator_rs:/home/hiromichi/rost2/install/rosidl_runtime_rs:${AMENT_PREFIX_PATH} CMAKE_PREFIX_PATH=/home/hiromichi/rost2/install/unique_identifier_msgs:/home/hiromichi/rost2/install/builtin_interfaces:/home/hiromichi/rost2/install/rosidl_default_runtime:/home/hiromichi/rost2/install/rosidl_default_generators:/home/hiromichi/rost2/install/rosidl_generator_rs:/opt/ros/humble LD_LIBRARY_PATH=/home/hiromichi/rost2/install/unique_identifier_msgs/lib:/home/hiromichi/rost2/install/builtin_interfaces/lib:${LD_LIBRARY_PATH} PYTHONPATH=/home/hiromichi/rost2/install/unique_identifier_msgs/local/lib/python3.10/dist-packages:/home/hiromichi/rost2/install/builtin_interfaces/local/lib/python3.10/dist-packages:/home/hiromichi/rost2/install/rosidl_generator_rs/local/lib/python3.10/dist-packages:${PYTHONPATH} /usr/bin/cmake /home/hiromichi/rost2/src/ros2/rcl_interfaces/action_msgs -DCMAKE_INSTALL_PREFIX=/home/hiromichi/rost2/install/action_msgs
[1.677s] Invoking command in '/home/hiromichi/rost2/build/action_msgs': AMENT_PREFIX_PATH=/home/hiromichi/rost2/install/unique_identifier_msgs:/home/hiromichi/rost2/install/builtin_interfaces:/home/hiromichi/rost2/install/rosidl_default_runtime:/home/hiromichi/rost2/install/rosidl_default_generators:/home/hiromichi/rost2/install/rosidl_generator_rs:/home/hiromichi/rost2/install/rosidl_runtime_rs:${AMENT_PREFIX_PATH} CMAKE_PREFIX_PATH=/home/hiromichi/rost2/install/unique_identifier_msgs:/home/hiromichi/rost2/install/builtin_interfaces:/home/hiromichi/rost2/install/rosidl_default_runtime:/home/hiromichi/rost2/install/rosidl_default_generators:/home/hiromichi/rost2/install/rosidl_generator_rs:/opt/ros/humble LD_LIBRARY_PATH=/home/hiromichi/rost2/install/unique_identifier_msgs/lib:/home/hiromichi/rost2/install/builtin_interfaces/lib:${LD_LIBRARY_PATH} PYTHONPATH=/home/hiromichi/rost2/install/unique_identifier_msgs/local/lib/python3.10/dist-packages:/home/hiromichi/rost2/install/builtin_interfaces/local/lib/python3.10/dist-packages:/home/hiromichi/rost2/install/rosidl_generator_rs/local/lib/python3.10/dist-packages:${PYTHONPATH} /usr/bin/cmake --build /home/hiromichi/rost2/build/action_msgs -- -j20 -l20
[1.728s] [  1%] [34m[1mGenerating Rust code for ROS interfaces[0m
[1.730s] [  3%] [34m[1mGenerating C++ code for ROS interfaces[0m
[1.730s] [  5%] [34m[1mGenerating C code for ROS interfaces[0m
[1.743s] [  5%] Built target ament_cmake_python_copy_action_msgs
[2.018s] running egg_info
[2.019s] creating action_msgs.egg-info
[2.019s] writing action_msgs.egg-info/PKG-INFO
[2.020s] writing dependency_links to action_msgs.egg-info/dependency_links.txt
[2.020s] writing top-level names to action_msgs.egg-info/top_level.txt
[2.020s] writing manifest file 'action_msgs.egg-info/SOURCES.txt'
[2.022s] reading manifest file 'action_msgs.egg-info/SOURCES.txt'
[2.022s] writing manifest file 'action_msgs.egg-info/SOURCES.txt'
[2.061s] [  5%] Built target ament_cmake_python_build_action_msgs_egg
[2.545s] [  5%] Built target action_msgs__rs
[2.803s] [  5%] Built target action_msgs__cpp
[2.829s] [  7%] [34m[1mGenerating C++ type support for eProsima Fast-RTPS[0m
[2.871s] [  8%] [34m[1mGenerating C++ introspection for ROS interfaces[0m
[2.872s] [ 10%] [32mBuilding C object CMakeFiles/action_msgs__rosidl_generator_c.dir/rosidl_generator_c/action_msgs/msg/detail/goal_status__functions.c.o[0m
[2.888s] [ 12%] [32mBuilding C object CMakeFiles/action_msgs__rosidl_generator_c.dir/rosidl_generator_c/action_msgs/srv/detail/cancel_goal__functions.c.o[0m
[2.888s] [ 14%] [32mBuilding C object CMakeFiles/action_msgs__rosidl_generator_c.dir/rosidl_generator_c/action_msgs/msg/detail/goal_info__functions.c.o[0m
[2.901s] [ 16%] [34m[1mGenerating C++ type support dispatch for ROS interfaces[0m
[2.902s] [ 17%] [32mBuilding C object CMakeFiles/action_msgs__rosidl_generator_c.dir/rosidl_generator_c/action_msgs/msg/detail/goal_status_array__functions.c.o[0m
[2.979s] [ 19%] [32m[1mLinking C shared library libaction_msgs__rosidl_generator_c.so[0m
[3.032s] [ 19%] Built target action_msgs__rosidl_generator_c
[3.060s] [ 21%] [34m[1mGenerating C introspection for ROS interfaces[0m
[3.068s] [ 23%] [34m[1mGenerating C type support dispatch for ROS interfaces[0m
[3.075s] [ 25%] [34m[1mGenerating C type support for eProsima Fast-RTPS[0m
[3.896s] [ 26%] [32mBuilding CXX object CMakeFiles/action_msgs__rosidl_typesupport_cpp.dir/rosidl_typesupport_cpp/action_msgs/msg/goal_status__type_support.cpp.o[0m
[3.913s] [ 28%] [32mBuilding CXX object CMakeFiles/action_msgs__rosidl_typesupport_cpp.dir/rosidl_typesupport_cpp/action_msgs/msg/goal_status_array__type_support.cpp.o[0m
[3.927s] [ 30%] [32mBuilding CXX object CMakeFiles/action_msgs__rosidl_typesupport_cpp.dir/rosidl_typesupport_cpp/action_msgs/msg/goal_info__type_support.cpp.o[0m
[3.935s] [ 32%] [32mBuilding CXX object CMakeFiles/action_msgs__rosidl_typesupport_cpp.dir/rosidl_typesupport_cpp/action_msgs/srv/cancel_goal__type_support.cpp.o[0m
[3.973s] [ 33%] [32mBuilding CXX object CMakeFiles/action_msgs__rosidl_typesupport_introspection_cpp.dir/rosidl_typesupport_introspection_cpp/action_msgs/msg/detail/goal_status_array__type_support.cpp.o[0m
[3.974s] [ 35%] [32mBuilding CXX object CMakeFiles/action_msgs__rosidl_typesupport_introspection_cpp.dir/rosidl_typesupport_introspection_cpp/action_msgs/srv/detail/cancel_goal__type_support.cpp.o[0m
[3.997s] [ 39%] [32mBuilding CXX object CMakeFiles/action_msgs__rosidl_typesupport_introspection_cpp.dir/rosidl_typesupport_introspection_cpp/action_msgs/msg/detail/goal_status__type_support.cpp.o[0m
[3.997s] [ 39%] [32mBuilding CXX object CMakeFiles/action_msgs__rosidl_typesupport_fastrtps_cpp.dir/rosidl_typesupport_fastrtps_cpp/action_msgs/msg/detail/dds_fastrtps/goal_info__type_support.cpp.o[0m
[3.998s] [ 41%] [32mBuilding CXX object CMakeFiles/action_msgs__rosidl_typesupport_introspection_cpp.dir/rosidl_typesupport_introspection_cpp/action_msgs/msg/detail/goal_info__type_support.cpp.o[0m
[4.012s] [ 44%] [32mBuilding CXX object CMakeFiles/action_msgs__rosidl_typesupport_fastrtps_cpp.dir/rosidl_typesupport_fastrtps_cpp/action_msgs/msg/detail/dds_fastrtps/goal_status_array__type_support.cpp.o[0m
[4.012s] [ 44%] [32mBuilding CXX object CMakeFiles/action_msgs__rosidl_typesupport_fastrtps_cpp.dir/rosidl_typesupport_fastrtps_cpp/action_msgs/msg/detail/dds_fastrtps/goal_status__type_support.cpp.o[0m
[4.017s] [ 46%] [32mBuilding CXX object CMakeFiles/action_msgs__rosidl_typesupport_fastrtps_cpp.dir/rosidl_typesupport_fastrtps_cpp/action_msgs/srv/detail/dds_fastrtps/cancel_goal__type_support.cpp.o[0m
[4.068s] [ 48%] [32mBuilding CXX object CMakeFiles/action_msgs__rosidl_typesupport_c.dir/rosidl_typesupport_c/action_msgs/msg/goal_info__type_support.cpp.o[0m
[4.089s] [ 50%] [32mBuilding CXX object CMakeFiles/action_msgs__rosidl_typesupport_c.dir/rosidl_typesupport_c/action_msgs/msg/goal_status__type_support.cpp.o[0m
[4.092s] [ 51%] [32mBuilding CXX object CMakeFiles/action_msgs__rosidl_typesupport_fastrtps_c.dir/rosidl_typesupport_fastrtps_c/action_msgs/msg/detail/goal_status__type_support_c.cpp.o[0m
[4.096s] [ 53%] [32mBuilding CXX object CMakeFiles/action_msgs__rosidl_typesupport_fastrtps_c.dir/rosidl_typesupport_fastrtps_c/action_msgs/msg/detail/goal_info__type_support_c.cpp.o[0m
[4.100s] [ 55%] [32mBuilding C object CMakeFiles/action_msgs__rosidl_typesupport_introspection_c.dir/rosidl_typesupport_introspection_c/action_msgs/msg/detail/goal_info__type_support.c.o[0m
[4.115s] [ 57%] [32mBuilding CXX object CMakeFiles/action_msgs__rosidl_typesupport_c.dir/rosidl_typesupport_c/action_msgs/msg/goal_status_array__type_support.cpp.o[0m
[4.115s] [ 58%] [32mBuilding CXX object CMakeFiles/action_msgs__rosidl_typesupport_fastrtps_c.dir/rosidl_typesupport_fastrtps_c/action_msgs/msg/detail/goal_status_array__type_support_c.cpp.o[0m
[4.138s] [ 60%] [32mBuilding CXX object CMakeFiles/action_msgs__rosidl_typesupport_c.dir/rosidl_typesupport_c/action_msgs/srv/cancel_goal__type_support.cpp.o[0m
[4.210s] [ 62%] [32mBuilding C object CMakeFiles/action_msgs__rosidl_typesupport_introspection_c.dir/rosidl_typesupport_introspection_c/action_msgs/msg/detail/goal_status__type_support.c.o[0m
[4.223s] [ 64%] [32mBuilding CXX object CMakeFiles/action_msgs__rosidl_typesupport_fastrtps_c.dir/rosidl_typesupport_fastrtps_c/action_msgs/srv/detail/cancel_goal__type_support_c.cpp.o[0m
[4.228s] [ 66%] [32mBuilding C object CMakeFiles/action_msgs__rosidl_typesupport_introspection_c.dir/rosidl_typesupport_introspection_c/action_msgs/srv/detail/cancel_goal__type_support.c.o[0m
[4.235s] [ 67%] [32mBuilding C object CMakeFiles/action_msgs__rosidl_typesupport_introspection_c.dir/rosidl_typesupport_introspection_c/action_msgs/msg/detail/goal_status_array__type_support.c.o[0m
[4.265s] [ 69%] [32m[1mLinking CXX shared library libaction_msgs__rosidl_typesupport_c.so[0m
[4.370s] [ 71%] [32m[1mLinking C shared library libaction_msgs__rosidl_typesupport_introspection_c.so[0m
[4.377s] [ 73%] [32m[1mLinking CXX shared library libaction_msgs__rosidl_typesupport_cpp.so[0m
[4.385s] [ 73%] Built target action_msgs__rosidl_typesupport_c
[4.497s] [ 73%] Built target action_msgs__rosidl_typesupport_introspection_c
[4.516s] [ 73%] Built target action_msgs__rosidl_typesupport_cpp
[4.631s] [ 75%] [32m[1mLinking CXX shared library libaction_msgs__rosidl_typesupport_fastrtps_cpp.so[0m
[4.646s] [ 76%] [32m[1mLinking CXX shared library libaction_msgs__rosidl_typesupport_introspection_cpp.so[0m
[4.648s] [ 78%] [32m[1mLinking CXX shared library libaction_msgs__rosidl_typesupport_fastrtps_c.so[0m
[4.736s] [ 78%] Built target action_msgs__rosidl_typesupport_introspection_cpp
[4.739s] [ 78%] Built target action_msgs__rosidl_typesupport_fastrtps_cpp
[4.755s] [ 78%] Built target action_msgs__rosidl_typesupport_fastrtps_c
[4.776s] [ 78%] Built target action_msgs
[4.797s] [ 80%] [34m[1mGenerating Python code for ROS interfaces[0m
[6.369s] [ 80%] Built target action_msgs__py
[6.385s] [ 85%] [32mBuilding C object CMakeFiles/action_msgs__rosidl_generator_py.dir/rosidl_generator_py/action_msgs/msg/_goal_status_s.c.o[0m
[6.385s] [ 85%] [32mBuilding C object CMakeFiles/action_msgs__rosidl_generator_py.dir/rosidl_generator_py/action_msgs/msg/_goal_info_s.c.o[0m
[6.385s] [ 85%] [32mBuilding C object CMakeFiles/action_msgs__rosidl_generator_py.dir/rosidl_generator_py/action_msgs/msg/_goal_status_array_s.c.o[0m
[6.386s] [ 87%] [32mBuilding C object CMakeFiles/action_msgs__rosidl_generator_py.dir/rosidl_generator_py/action_msgs/srv/_cancel_goal_s.c.o[0m
[6.511s] [ 89%] [32m[1mLinking C shared library rosidl_generator_py/action_msgs/libaction_msgs__rosidl_generator_py.so[0m
[6.549s] [ 89%] Built target action_msgs__rosidl_generator_py
[6.568s] [ 91%] [32mBuilding C object CMakeFiles/action_msgs__rosidl_typesupport_introspection_c__pyext.dir/rosidl_generator_py/action_msgs/_action_msgs_s.ep.rosidl_typesupport_introspection_c.c.o[0m
[6.568s] [ 92%] [32mBuilding C object CMakeFiles/action_msgs__rosidl_typesupport_c__pyext.dir/rosidl_generator_py/action_msgs/_action_msgs_s.ep.rosidl_typesupport_c.c.o[0m
[6.568s] [ 94%] [32mBuilding C object CMakeFiles/action_msgs__rosidl_typesupport_fastrtps_c__pyext.dir/rosidl_generator_py/action_msgs/_action_msgs_s.ep.rosidl_typesupport_fastrtps_c.c.o[0m
[6.689s] [ 96%] [32m[1mLinking C shared library rosidl_generator_py/action_msgs/action_msgs_s__rosidl_typesupport_c.cpython-310-x86_64-linux-gnu.so[0m
[6.690s] [ 98%] [32m[1mLinking C shared library rosidl_generator_py/action_msgs/action_msgs_s__rosidl_typesupport_fastrtps_c.cpython-310-x86_64-linux-gnu.so[0m
[6.693s] [100%] [32m[1mLinking C shared library rosidl_generator_py/action_msgs/action_msgs_s__rosidl_typesupport_introspection_c.cpython-310-x86_64-linux-gnu.so[0m
[6.734s] [100%] Built target action_msgs__rosidl_typesupport_c__pyext
[6.735s] [100%] Built target action_msgs__rosidl_typesupport_introspection_c__pyext
[6.743s] [100%] Built target action_msgs__rosidl_typesupport_fastrtps_c__pyext
[6.780s] Invoked command in '/home/hiromichi/rost2/build/action_msgs' returned '0': AMENT_PREFIX_PATH=/home/hiromichi/rost2/install/unique_identifier_msgs:/home/hiromichi/rost2/install/builtin_interfaces:/home/hiromichi/rost2/install/rosidl_default_runtime:/home/hiromichi/rost2/install/rosidl_default_generators:/home/hiromichi/rost2/install/rosidl_generator_rs:/home/hiromichi/rost2/install/rosidl_runtime_rs:${AMENT_PREFIX_PATH} CMAKE_PREFIX_PATH=/home/hiromichi/rost2/install/unique_identifier_msgs:/home/hiromichi/rost2/install/builtin_interfaces:/home/hiromichi/rost2/install/rosidl_default_runtime:/home/hiromichi/rost2/install/rosidl_default_generators:/home/hiromichi/rost2/install/rosidl_generator_rs:/opt/ros/humble LD_LIBRARY_PATH=/home/hiromichi/rost2/install/unique_identifier_msgs/lib:/home/hiromichi/rost2/install/builtin_interfaces/lib:${LD_LIBRARY_PATH} PYTHONPATH=/home/hiromichi/rost2/install/unique_identifier_msgs/local/lib/python3.10/dist-packages:/home/hiromichi/rost2/install/builtin_interfaces/local/lib/python3.10/dist-packages:/home/hiromichi/rost2/install/rosidl_generator_rs/local/lib/python3.10/dist-packages:${PYTHONPATH} /usr/bin/cmake --build /home/hiromichi/rost2/build/action_msgs -- -j20 -l20
[7.196s] Invoking command in '/home/hiromichi/rost2/build/action_msgs': AMENT_PREFIX_PATH=/home/hiromichi/rost2/install/unique_identifier_msgs:/home/hiromichi/rost2/install/builtin_interfaces:/home/hiromichi/rost2/install/rosidl_default_runtime:/home/hiromichi/rost2/install/rosidl_default_generators:/home/hiromichi/rost2/install/rosidl_generator_rs:/home/hiromichi/rost2/install/rosidl_runtime_rs:${AMENT_PREFIX_PATH} CMAKE_PREFIX_PATH=/home/hiromichi/rost2/install/unique_identifier_msgs:/home/hiromichi/rost2/install/builtin_interfaces:/home/hiromichi/rost2/install/rosidl_default_runtime:/home/hiromichi/rost2/install/rosidl_default_generators:/home/hiromichi/rost2/install/rosidl_generator_rs:/opt/ros/humble LD_LIBRARY_PATH=/home/hiromichi/rost2/install/unique_identifier_msgs/lib:/home/hiromichi/rost2/install/builtin_interfaces/lib:${LD_LIBRARY_PATH} PYTHONPATH=/home/hiromichi/rost2/install/unique_identifier_msgs/local/lib/python3.10/dist-packages:/home/hiromichi/rost2/install/builtin_interfaces/local/lib/python3.10/dist-packages:/home/hiromichi/rost2/install/rosidl_generator_rs/local/lib/python3.10/dist-packages:${PYTHONPATH} /usr/bin/cmake --install /home/hiromichi/rost2/build/action_msgs
[7.202s] -- Install configuration: ""
[7.202s] -- Installing: /home/hiromichi/rost2/install/action_msgs/share/ament_index/resource_index/rosidl_interfaces/action_msgs
[7.203s] -- Installing: /home/hiromichi/rost2/install/action_msgs/include/action_msgs/action_msgs
[7.203s] -- Installing: /home/hiromichi/rost2/install/action_msgs/include/action_msgs/action_msgs/srv
[7.203s] -- Installing: /home/hiromichi/rost2/install/action_msgs/include/action_msgs/action_msgs/srv/cancel_goal.h
[7.203s] -- Installing: /home/hiromichi/rost2/install/action_msgs/include/action_msgs/action_msgs/srv/detail
[7.203s] -- Installing: /home/hiromichi/rost2/install/action_msgs/include/action_msgs/action_msgs/srv/detail/cancel_goal__functions.h
[7.203s] -- Installing: /home/hiromichi/rost2/install/action_msgs/include/action_msgs/action_msgs/srv/detail/cancel_goal__type_support.h
[7.203s] -- Installing: /home/hiromichi/rost2/install/action_msgs/include/action_msgs/action_msgs/srv/detail/cancel_goal__functions.c
[7.204s] -- Installing: /home/hiromichi/rost2/install/action_msgs/include/action_msgs/action_msgs/srv/detail/cancel_goal__struct.h
[7.204s] -- Installing: /home/hiromichi/rost2/install/action_msgs/include/action_msgs/action_msgs/msg
[7.204s] -- Installing: /home/hiromichi/rost2/install/action_msgs/include/action_msgs/action_msgs/msg/goal_status.h
[7.204s] -- Installing: /home/hiromichi/rost2/install/action_msgs/include/action_msgs/action_msgs/msg/goal_info.h
[7.204s] -- Installing: /home/hiromichi/rost2/install/action_msgs/include/action_msgs/action_msgs/msg/goal_status_array.h
[7.204s] -- Installing: /home/hiromichi/rost2/install/action_msgs/include/action_msgs/action_msgs/msg/rosidl_generator_c__visibility_control.h
[7.204s] -- Installing: /home/hiromichi/rost2/install/action_msgs/include/action_msgs/action_msgs/msg/detail
[7.204s] -- Installing: /home/hiromichi/rost2/install/action_msgs/include/action_msgs/action_msgs/msg/detail/goal_status_array__struct.h
[7.205s] -- Installing: /home/hiromichi/rost2/install/action_msgs/include/action_msgs/action_msgs/msg/detail/goal_status__type_support.h
[7.205s] -- Installing: /home/hiromichi/rost2/install/action_msgs/include/action_msgs/action_msgs/msg/detail/goal_status_array__functions.h
[7.205s] -- Installing: /home/hiromichi/rost2/install/action_msgs/include/action_msgs/action_msgs/msg/detail/goal_info__struct.h
[7.205s] -- Installing: /home/hiromichi/rost2/install/action_msgs/include/action_msgs/action_msgs/msg/detail/goal_status_array__functions.c
[7.205s] -- Installing: /home/hiromichi/rost2/install/action_msgs/include/action_msgs/action_msgs/msg/detail/goal_info__functions.c
[7.205s] -- Installing: /home/hiromichi/rost2/install/action_msgs/include/action_msgs/action_msgs/msg/detail/goal_status_array__type_support.h
[7.205s] -- Installing: /home/hiromichi/rost2/install/action_msgs/include/action_msgs/action_msgs/msg/detail/goal_info__type_support.h
[7.205s] -- Installing: /home/hiromichi/rost2/install/action_msgs/include/action_msgs/action_msgs/msg/detail/goal_status__functions.c
[7.205s] -- Installing: /home/hiromichi/rost2/install/action_msgs/include/action_msgs/action_msgs/msg/detail/goal_info__functions.h
[7.205s] -- Installing: /home/hiromichi/rost2/install/action_msgs/include/action_msgs/action_msgs/msg/detail/goal_status__functions.h
[7.206s] -- Installing: /home/hiromichi/rost2/install/action_msgs/include/action_msgs/action_msgs/msg/detail/goal_status__struct.h
[7.206s] -- Installing: /home/hiromichi/rost2/install/action_msgs/share/action_msgs/environment/library_path.sh
[7.206s] -- Installing: /home/hiromichi/rost2/install/action_msgs/share/action_msgs/environment/library_path.dsv
[7.206s] -- Installing: /home/hiromichi/rost2/install/action_msgs/lib/libaction_msgs__rosidl_generator_c.so
[7.206s] -- Set runtime path of "/home/hiromichi/rost2/install/action_msgs/lib/libaction_msgs__rosidl_generator_c.so" to ""
[7.206s] -- Up-to-date: /home/hiromichi/rost2/install/action_msgs/include/action_msgs/action_msgs
[7.207s] -- Up-to-date: /home/hiromichi/rost2/install/action_msgs/include/action_msgs/action_msgs/srv
[7.207s] -- Up-to-date: /home/hiromichi/rost2/install/action_msgs/include/action_msgs/action_msgs/srv/detail
[7.207s] -- Installing: /home/hiromichi/rost2/install/action_msgs/include/action_msgs/action_msgs/srv/detail/cancel_goal__rosidl_typesupport_fastrtps_c.h
[7.207s] -- Up-to-date: /home/hiromichi/rost2/install/action_msgs/include/action_msgs/action_msgs/msg
[7.207s] -- Installing: /home/hiromichi/rost2/install/action_msgs/include/action_msgs/action_msgs/msg/rosidl_typesupport_fastrtps_c__visibility_control.h
[7.207s] -- Up-to-date: /home/hiromichi/rost2/install/action_msgs/include/action_msgs/action_msgs/msg/detail
[7.207s] -- Installing: /home/hiromichi/rost2/install/action_msgs/include/action_msgs/action_msgs/msg/detail/goal_info__rosidl_typesupport_fastrtps_c.h
[7.207s] -- Installing: /home/hiromichi/rost2/install/action_msgs/include/action_msgs/action_msgs/msg/detail/goal_status__rosidl_typesupport_fastrtps_c.h
[7.207s] -- Installing: /home/hiromichi/rost2/install/action_msgs/include/action_msgs/action_msgs/msg/detail/goal_status_array__rosidl_typesupport_fastrtps_c.h
[7.207s] -- Installing: /home/hiromichi/rost2/install/action_msgs/lib/libaction_msgs__rosidl_typesupport_fastrtps_c.so
[7.208s] -- Set runtime path of "/home/hiromichi/rost2/install/action_msgs/lib/libaction_msgs__rosidl_typesupport_fastrtps_c.so" to ""
[7.208s] -- Up-to-date: /home/hiromichi/rost2/install/action_msgs/include/action_msgs/action_msgs
[7.208s] -- Up-to-date: /home/hiromichi/rost2/install/action_msgs/include/action_msgs/action_msgs/srv
[7.208s] -- Installing: /home/hiromichi/rost2/install/action_msgs/include/action_msgs/action_msgs/srv/cancel_goal.hpp
[7.208s] -- Up-to-date: /home/hiromichi/rost2/install/action_msgs/include/action_msgs/action_msgs/srv/detail
[7.208s] -- Installing: /home/hiromichi/rost2/install/action_msgs/include/action_msgs/action_msgs/srv/detail/cancel_goal__builder.hpp
[7.208s] -- Installing: /home/hiromichi/rost2/install/action_msgs/include/action_msgs/action_msgs/srv/detail/cancel_goal__struct.hpp
[7.209s] -- Installing: /home/hiromichi/rost2/install/action_msgs/include/action_msgs/action_msgs/srv/detail/cancel_goal__traits.hpp
[7.209s] -- Up-to-date: /home/hiromichi/rost2/install/action_msgs/include/action_msgs/action_msgs/msg
[7.209s] -- Installing: /home/hiromichi/rost2/install/action_msgs/include/action_msgs/action_msgs/msg/goal_status.hpp
[7.209s] -- Installing: /home/hiromichi/rost2/install/action_msgs/include/action_msgs/action_msgs/msg/goal_info.hpp
[7.209s] -- Installing: /home/hiromichi/rost2/install/action_msgs/include/action_msgs/action_msgs/msg/goal_status_array.hpp
[7.209s] -- Up-to-date: /home/hiromichi/rost2/install/action_msgs/include/action_msgs/action_msgs/msg/detail
[7.209s] -- Installing: /home/hiromichi/rost2/install/action_msgs/include/action_msgs/action_msgs/msg/detail/goal_status_array__builder.hpp
[7.209s] -- Installing: /home/hiromichi/rost2/install/action_msgs/include/action_msgs/action_msgs/msg/detail/goal_status__struct.hpp
[7.209s] -- Installing: /home/hiromichi/rost2/install/action_msgs/include/action_msgs/action_msgs/msg/detail/goal_status__traits.hpp
[7.209s] -- Installing: /home/hiromichi/rost2/install/action_msgs/include/action_msgs/action_msgs/msg/detail/goal_status__builder.hpp
[7.210s] -- Installing: /home/hiromichi/rost2/install/action_msgs/include/action_msgs/action_msgs/msg/detail/goal_info__traits.hpp
[7.210s] -- Installing: /home/hiromichi/rost2/install/action_msgs/include/action_msgs/action_msgs/msg/detail/goal_status_array__struct.hpp
[7.210s] -- Installing: /home/hiromichi/rost2/install/action_msgs/include/action_msgs/action_msgs/msg/detail/goal_info__builder.hpp
[7.210s] -- Installing: /home/hiromichi/rost2/install/action_msgs/include/action_msgs/action_msgs/msg/detail/goal_info__struct.hpp
[7.212s] -- Installing: /home/hiromichi/rost2/install/action_msgs/include/action_msgs/action_msgs/msg/detail/goal_status_array__traits.hpp
[7.212s] -- Up-to-date: /home/hiromichi/rost2/install/action_msgs/include/action_msgs/action_msgs
[7.212s] -- Up-to-date: /home/hiromichi/rost2/install/action_msgs/include/action_msgs/action_msgs/srv
[7.213s] -- Up-to-date: /home/hiromichi/rost2/install/action_msgs/include/action_msgs/action_msgs/srv/detail
[7.213s] -- Installing: /home/hiromichi/rost2/install/action_msgs/include/action_msgs/action_msgs/srv/detail/dds_fastrtps
[7.213s] -- Installing: /home/hiromichi/rost2/install/action_msgs/include/action_msgs/action_msgs/srv/detail/cancel_goal__rosidl_typesupport_fastrtps_cpp.hpp
[7.214s] -- Up-to-date: /home/hiromichi/rost2/install/action_msgs/include/action_msgs/action_msgs/msg
[7.214s] -- Installing: /home/hiromichi/rost2/install/action_msgs/include/action_msgs/action_msgs/msg/rosidl_typesupport_fastrtps_cpp__visibility_control.h
[7.214s] -- Up-to-date: /home/hiromichi/rost2/install/action_msgs/include/action_msgs/action_msgs/msg/detail
[7.215s] -- Installing: /home/hiromichi/rost2/install/action_msgs/include/action_msgs/action_msgs/msg/detail/goal_status__rosidl_typesupport_fastrtps_cpp.hpp
[7.215s] -- Installing: /home/hiromichi/rost2/install/action_msgs/include/action_msgs/action_msgs/msg/detail/goal_status_array__rosidl_typesupport_fastrtps_cpp.hpp
[7.215s] -- Installing: /home/hiromichi/rost2/install/action_msgs/include/action_msgs/action_msgs/msg/detail/goal_info__rosidl_typesupport_fastrtps_cpp.hpp
[7.216s] -- Installing: /home/hiromichi/rost2/install/action_msgs/include/action_msgs/action_msgs/msg/detail/dds_fastrtps
[7.216s] -- Installing: /home/hiromichi/rost2/install/action_msgs/lib/libaction_msgs__rosidl_typesupport_fastrtps_cpp.so
[7.216s] -- Set runtime path of "/home/hiromichi/rost2/install/action_msgs/lib/libaction_msgs__rosidl_typesupport_fastrtps_cpp.so" to ""
[7.216s] -- Up-to-date: /home/hiromichi/rost2/install/action_msgs/include/action_msgs/action_msgs
[7.216s] -- Up-to-date: /home/hiromichi/rost2/install/action_msgs/include/action_msgs/action_msgs/srv
[7.217s] -- Up-to-date: /home/hiromichi/rost2/install/action_msgs/include/action_msgs/action_msgs/srv/detail
[7.217s] -- Installing: /home/hiromichi/rost2/install/action_msgs/include/action_msgs/action_msgs/srv/detail/cancel_goal__rosidl_typesupport_introspection_c.h
[7.217s] -- Installing: /home/hiromichi/rost2/install/action_msgs/include/action_msgs/action_msgs/srv/detail/cancel_goal__type_support.c
[7.217s] -- Up-to-date: /home/hiromichi/rost2/install/action_msgs/include/action_msgs/action_msgs/msg
[7.217s] -- Installing: /home/hiromichi/rost2/install/action_msgs/include/action_msgs/action_msgs/msg/rosidl_typesupport_introspection_c__visibility_control.h
[7.217s] -- Up-to-date: /home/hiromichi/rost2/install/action_msgs/include/action_msgs/action_msgs/msg/detail
[7.217s] -- Installing: /home/hiromichi/rost2/install/action_msgs/include/action_msgs/action_msgs/msg/detail/goal_status__type_support.c
[7.217s] -- Installing: /home/hiromichi/rost2/install/action_msgs/include/action_msgs/action_msgs/msg/detail/goal_status_array__rosidl_typesupport_introspection_c.h
[7.217s] -- Installing: /home/hiromichi/rost2/install/action_msgs/include/action_msgs/action_msgs/msg/detail/goal_info__type_support.c
[7.217s] -- Installing: /home/hiromichi/rost2/install/action_msgs/include/action_msgs/action_msgs/msg/detail/goal_status__rosidl_typesupport_introspection_c.h
[7.217s] -- Installing: /home/hiromichi/rost2/install/action_msgs/include/action_msgs/action_msgs/msg/detail/goal_status_array__type_support.c
[7.217s] -- Installing: /home/hiromichi/rost2/install/action_msgs/include/action_msgs/action_msgs/msg/detail/goal_info__rosidl_typesupport_introspection_c.h
[7.217s] -- Installing: /home/hiromichi/rost2/install/action_msgs/lib/libaction_msgs__rosidl_typesupport_introspection_c.so
[7.217s] -- Set runtime path of "/home/hiromichi/rost2/install/action_msgs/lib/libaction_msgs__rosidl_typesupport_introspection_c.so" to ""
[7.218s] -- Installing: /home/hiromichi/rost2/install/action_msgs/lib/libaction_msgs__rosidl_typesupport_c.so
[7.218s] -- Set runtime path of "/home/hiromichi/rost2/install/action_msgs/lib/libaction_msgs__rosidl_typesupport_c.so" to ""
[7.219s] -- Up-to-date: /home/hiromichi/rost2/install/action_msgs/include/action_msgs/action_msgs
[7.219s] -- Up-to-date: /home/hiromichi/rost2/install/action_msgs/include/action_msgs/action_msgs/srv
[7.219s] -- Up-to-date: /home/hiromichi/rost2/install/action_msgs/include/action_msgs/action_msgs/srv/detail
[7.219s] -- Installing: /home/hiromichi/rost2/install/action_msgs/include/action_msgs/action_msgs/srv/detail/cancel_goal__type_support.cpp
[7.219s] -- Installing: /home/hiromichi/rost2/install/action_msgs/include/action_msgs/action_msgs/srv/detail/cancel_goal__rosidl_typesupport_introspection_cpp.hpp
[7.220s] -- Up-to-date: /home/hiromichi/rost2/install/action_msgs/include/action_msgs/action_msgs/msg
[7.220s] -- Up-to-date: /home/hiromichi/rost2/install/action_msgs/include/action_msgs/action_msgs/msg/detail
[7.220s] -- Installing: /home/hiromichi/rost2/install/action_msgs/include/action_msgs/action_msgs/msg/detail/goal_info__type_support.cpp
[7.220s] -- Installing: /home/hiromichi/rost2/install/action_msgs/include/action_msgs/action_msgs/msg/detail/goal_info__rosidl_typesupport_introspection_cpp.hpp
[7.220s] -- Installing: /home/hiromichi/rost2/install/action_msgs/include/action_msgs/action_msgs/msg/detail/goal_status__type_support.cpp
[7.221s] -- Installing: /home/hiromichi/rost2/install/action_msgs/include/action_msgs/action_msgs/msg/detail/goal_status__rosidl_typesupport_introspection_cpp.hpp
[7.221s] -- Installing: /home/hiromichi/rost2/install/action_msgs/include/action_msgs/action_msgs/msg/detail/goal_status_array__type_support.cpp
[7.222s] -- Installing: /home/hiromichi/rost2/install/action_msgs/include/action_msgs/action_msgs/msg/detail/goal_status_array__rosidl_typesupport_introspection_cpp.hpp
[7.222s] -- Installing: /home/hiromichi/rost2/install/action_msgs/lib/libaction_msgs__rosidl_typesupport_introspection_cpp.so
[7.223s] -- Set runtime path of "/home/hiromichi/rost2/install/action_msgs/lib/libaction_msgs__rosidl_typesupport_introspection_cpp.so" to ""
[7.223s] -- Installing: /home/hiromichi/rost2/install/action_msgs/lib/libaction_msgs__rosidl_typesupport_cpp.so
[7.223s] -- Set runtime path of "/home/hiromichi/rost2/install/action_msgs/lib/libaction_msgs__rosidl_typesupport_cpp.so" to ""
[7.224s] -- Installing: /home/hiromichi/rost2/install/action_msgs/share/ament_index/resource_index/rust_packages/action_msgs
[7.224s] -- Installing: /home/hiromichi/rost2/install/action_msgs/share/action_msgs/rust
[7.224s] -- Installing: /home/hiromichi/rost2/install/action_msgs/share/action_msgs/rust/src
[7.224s] -- Installing: /home/hiromichi/rost2/install/action_msgs/share/action_msgs/rust/src/msg.rs
[7.224s] -- Installing: /home/hiromichi/rost2/install/action_msgs/share/action_msgs/rust/src/srv.rs
[7.225s] -- Installing: /home/hiromichi/rost2/install/action_msgs/share/action_msgs/rust/src/lib.rs
[7.225s] -- Installing: /home/hiromichi/rost2/install/action_msgs/share/action_msgs/rust/Cargo.toml
[7.225s] -- Installing: /home/hiromichi/rost2/install/action_msgs/share/action_msgs/rust/build.rs
[7.225s] -- Installing: /home/hiromichi/rost2/install/action_msgs/share/action_msgs/environment/pythonpath.sh
[7.225s] -- Installing: /home/hiromichi/rost2/install/action_msgs/share/action_msgs/environment/pythonpath.dsv
[7.226s] -- Installing: /home/hiromichi/rost2/install/action_msgs/local/lib/python3.10/dist-packages/action_msgs-1.2.1-py3.10.egg-info
[7.226s] -- Installing: /home/hiromichi/rost2/install/action_msgs/local/lib/python3.10/dist-packages/action_msgs-1.2.1-py3.10.egg-info/top_level.txt
[7.226s] -- Installing: /home/hiromichi/rost2/install/action_msgs/local/lib/python3.10/dist-packages/action_msgs-1.2.1-py3.10.egg-info/dependency_links.txt
[7.226s] -- Installing: /home/hiromichi/rost2/install/action_msgs/local/lib/python3.10/dist-packages/action_msgs-1.2.1-py3.10.egg-info/SOURCES.txt
[7.227s] -- Installing: /home/hiromichi/rost2/install/action_msgs/local/lib/python3.10/dist-packages/action_msgs-1.2.1-py3.10.egg-info/PKG-INFO
[7.227s] -- Installing: /home/hiromichi/rost2/install/action_msgs/local/lib/python3.10/dist-packages/action_msgs
[7.227s] -- Installing: /home/hiromichi/rost2/install/action_msgs/local/lib/python3.10/dist-packages/action_msgs/srv
[7.227s] -- Installing: /home/hiromichi/rost2/install/action_msgs/local/lib/python3.10/dist-packages/action_msgs/srv/_cancel_goal_s.c
[7.227s] -- Installing: /home/hiromichi/rost2/install/action_msgs/local/lib/python3.10/dist-packages/action_msgs/srv/_cancel_goal.py
[7.228s] -- Installing: /home/hiromichi/rost2/install/action_msgs/local/lib/python3.10/dist-packages/action_msgs/srv/__init__.py
[7.228s] -- Installing: /home/hiromichi/rost2/install/action_msgs/local/lib/python3.10/dist-packages/action_msgs/action_msgs_s__rosidl_typesupport_c.cpython-310-x86_64-linux-gnu.so
[7.228s] -- Installing: /home/hiromichi/rost2/install/action_msgs/local/lib/python3.10/dist-packages/action_msgs/action_msgs_s__rosidl_typesupport_fastrtps_c.cpython-310-x86_64-linux-gnu.so
[7.228s] -- Installing: /home/hiromichi/rost2/install/action_msgs/local/lib/python3.10/dist-packages/action_msgs/libaction_msgs__rosidl_generator_py.so
[7.229s] -- Installing: /home/hiromichi/rost2/install/action_msgs/local/lib/python3.10/dist-packages/action_msgs/msg
[7.229s] -- Installing: /home/hiromichi/rost2/install/action_msgs/local/lib/python3.10/dist-packages/action_msgs/msg/_goal_info.py
[7.229s] -- Installing: /home/hiromichi/rost2/install/action_msgs/local/lib/python3.10/dist-packages/action_msgs/msg/_goal_info_s.c
[7.229s] -- Installing: /home/hiromichi/rost2/install/action_msgs/local/lib/python3.10/dist-packages/action_msgs/msg/_goal_status_s.c
[7.229s] -- Installing: /home/hiromichi/rost2/install/action_msgs/local/lib/python3.10/dist-packages/action_msgs/msg/_goal_status_array_s.c
[7.230s] -- Installing: /home/hiromichi/rost2/install/action_msgs/local/lib/python3.10/dist-packages/action_msgs/msg/_goal_status_array.py
[7.230s] -- Installing: /home/hiromichi/rost2/install/action_msgs/local/lib/python3.10/dist-packages/action_msgs/msg/__init__.py
[7.230s] -- Installing: /home/hiromichi/rost2/install/action_msgs/local/lib/python3.10/dist-packages/action_msgs/msg/_goal_status.py
[7.230s] -- Installing: /home/hiromichi/rost2/install/action_msgs/local/lib/python3.10/dist-packages/action_msgs/_action_msgs_s.ep.rosidl_typesupport_c.c
[7.230s] -- Installing: /home/hiromichi/rost2/install/action_msgs/local/lib/python3.10/dist-packages/action_msgs/action_msgs_s__rosidl_typesupport_introspection_c.cpython-310-x86_64-linux-gnu.so
[7.230s] -- Installing: /home/hiromichi/rost2/install/action_msgs/local/lib/python3.10/dist-packages/action_msgs/_action_msgs_s.ep.rosidl_typesupport_introspection_c.c
[7.231s] -- Installing: /home/hiromichi/rost2/install/action_msgs/local/lib/python3.10/dist-packages/action_msgs/_action_msgs_s.ep.rosidl_typesupport_fastrtps_c.c
[7.231s] -- Installing: /home/hiromichi/rost2/install/action_msgs/local/lib/python3.10/dist-packages/action_msgs/__init__.py
[7.336s] Listing '/home/hiromichi/rost2/install/action_msgs/local/lib/python3.10/dist-packages/action_msgs'...
[7.336s] Compiling '/home/hiromichi/rost2/install/action_msgs/local/lib/python3.10/dist-packages/action_msgs/__init__.py'...
[7.336s] Listing '/home/hiromichi/rost2/install/action_msgs/local/lib/python3.10/dist-packages/action_msgs/msg'...
[7.336s] Compiling '/home/hiromichi/rost2/install/action_msgs/local/lib/python3.10/dist-packages/action_msgs/msg/__init__.py'...
[7.336s] Compiling '/home/hiromichi/rost2/install/action_msgs/local/lib/python3.10/dist-packages/action_msgs/msg/_goal_info.py'...
[7.337s] Compiling '/home/hiromichi/rost2/install/action_msgs/local/lib/python3.10/dist-packages/action_msgs/msg/_goal_status.py'...
[7.337s] Compiling '/home/hiromichi/rost2/install/action_msgs/local/lib/python3.10/dist-packages/action_msgs/msg/_goal_status_array.py'...
[7.337s] Listing '/home/hiromichi/rost2/install/action_msgs/local/lib/python3.10/dist-packages/action_msgs/srv'...
[7.337s] Compiling '/home/hiromichi/rost2/install/action_msgs/local/lib/python3.10/dist-packages/action_msgs/srv/__init__.py'...
[7.337s] Compiling '/home/hiromichi/rost2/install/action_msgs/local/lib/python3.10/dist-packages/action_msgs/srv/_cancel_goal.py'...
[7.349s] -- Installing: /home/hiromichi/rost2/install/action_msgs/local/lib/python3.10/dist-packages/action_msgs/action_msgs_s__rosidl_typesupport_fastrtps_c.cpython-310-x86_64-linux-gnu.so
[7.349s] -- Set runtime path of "/home/hiromichi/rost2/install/action_msgs/local/lib/python3.10/dist-packages/action_msgs/action_msgs_s__rosidl_typesupport_fastrtps_c.cpython-310-x86_64-linux-gnu.so" to ""
[7.349s] -- Installing: /home/hiromichi/rost2/install/action_msgs/local/lib/python3.10/dist-packages/action_msgs/action_msgs_s__rosidl_typesupport_introspection_c.cpython-310-x86_64-linux-gnu.so
[7.350s] -- Set runtime path of "/home/hiromichi/rost2/install/action_msgs/local/lib/python3.10/dist-packages/action_msgs/action_msgs_s__rosidl_typesupport_introspection_c.cpython-310-x86_64-linux-gnu.so" to ""
[7.350s] -- Installing: /home/hiromichi/rost2/install/action_msgs/local/lib/python3.10/dist-packages/action_msgs/action_msgs_s__rosidl_typesupport_c.cpython-310-x86_64-linux-gnu.so
[7.350s] -- Set runtime path of "/home/hiromichi/rost2/install/action_msgs/local/lib/python3.10/dist-packages/action_msgs/action_msgs_s__rosidl_typesupport_c.cpython-310-x86_64-linux-gnu.so" to ""
[7.351s] -- Installing: /home/hiromichi/rost2/install/action_msgs/lib/libaction_msgs__rosidl_generator_py.so
[7.351s] -- Set runtime path of "/home/hiromichi/rost2/install/action_msgs/lib/libaction_msgs__rosidl_generator_py.so" to ""
[7.352s] -- Installing: /home/hiromichi/rost2/install/action_msgs/share/action_msgs/msg/GoalInfo.idl
[7.352s] -- Installing: /home/hiromichi/rost2/install/action_msgs/share/action_msgs/msg/GoalStatus.idl
[7.352s] -- Installing: /home/hiromichi/rost2/install/action_msgs/share/action_msgs/msg/GoalStatusArray.idl
[7.353s] -- Installing: /home/hiromichi/rost2/install/action_msgs/share/action_msgs/srv/CancelGoal.idl
[7.353s] -- Installing: /home/hiromichi/rost2/install/action_msgs/share/action_msgs/msg/GoalInfo.msg
[7.354s] -- Installing: /home/hiromichi/rost2/install/action_msgs/share/action_msgs/msg/GoalStatus.msg
[7.354s] -- Installing: /home/hiromichi/rost2/install/action_msgs/share/action_msgs/msg/GoalStatusArray.msg
[7.354s] -- Installing: /home/hiromichi/rost2/install/action_msgs/share/action_msgs/srv/CancelGoal.srv
[7.354s] -- Installing: /home/hiromichi/rost2/install/action_msgs/share/action_msgs/srv/CancelGoal_Request.msg
[7.355s] -- Installing: /home/hiromichi/rost2/install/action_msgs/share/action_msgs/srv/CancelGoal_Response.msg
[7.355s] -- Installing: /home/hiromichi/rost2/install/action_msgs/share/ament_index/resource_index/package_run_dependencies/action_msgs
[7.355s] -- Installing: /home/hiromichi/rost2/install/action_msgs/share/ament_index/resource_index/parent_prefix_path/action_msgs
[7.356s] -- Installing: /home/hiromichi/rost2/install/action_msgs/share/action_msgs/environment/ament_prefix_path.sh
[7.356s] -- Installing: /home/hiromichi/rost2/install/action_msgs/share/action_msgs/environment/ament_prefix_path.dsv
[7.356s] -- Installing: /home/hiromichi/rost2/install/action_msgs/share/action_msgs/environment/path.sh
[7.356s] -- Installing: /home/hiromichi/rost2/install/action_msgs/share/action_msgs/environment/path.dsv
[7.357s] -- Installing: /home/hiromichi/rost2/install/action_msgs/share/action_msgs/local_setup.bash
[7.357s] -- Installing: /home/hiromichi/rost2/install/action_msgs/share/action_msgs/local_setup.sh
[7.357s] -- Installing: /home/hiromichi/rost2/install/action_msgs/share/action_msgs/local_setup.zsh
[7.357s] -- Installing: /home/hiromichi/rost2/install/action_msgs/share/action_msgs/local_setup.dsv
[7.357s] -- Installing: /home/hiromichi/rost2/install/action_msgs/share/action_msgs/package.dsv
[7.358s] -- Installing: /home/hiromichi/rost2/install/action_msgs/share/ament_index/resource_index/packages/action_msgs
[7.358s] -- Installing: /home/hiromichi/rost2/install/action_msgs/share/action_msgs/cmake/export_action_msgs__rosidl_generator_cExport.cmake
[7.359s] -- Installing: /home/hiromichi/rost2/install/action_msgs/share/action_msgs/cmake/export_action_msgs__rosidl_generator_cExport-noconfig.cmake
[7.359s] -- Installing: /home/hiromichi/rost2/install/action_msgs/share/action_msgs/cmake/export_action_msgs__rosidl_typesupport_fastrtps_cExport.cmake
[7.359s] -- Installing: /home/hiromichi/rost2/install/action_msgs/share/action_msgs/cmake/export_action_msgs__rosidl_typesupport_fastrtps_cExport-noconfig.cmake
[7.360s] -- Installing: /home/hiromichi/rost2/install/action_msgs/share/action_msgs/cmake/export_action_msgs__rosidl_generator_cppExport.cmake
[7.360s] -- Installing: /home/hiromichi/rost2/install/action_msgs/share/action_msgs/cmake/export_action_msgs__rosidl_typesupport_fastrtps_cppExport.cmake
[7.360s] -- Installing: /home/hiromichi/rost2/install/action_msgs/share/action_msgs/cmake/export_action_msgs__rosidl_typesupport_fastrtps_cppExport-noconfig.cmake
[7.360s] -- Installing: /home/hiromichi/rost2/install/action_msgs/share/action_msgs/cmake/action_msgs__rosidl_typesupport_introspection_cExport.cmake
[7.361s] -- Installing: /home/hiromichi/rost2/install/action_msgs/share/action_msgs/cmake/action_msgs__rosidl_typesupport_introspection_cExport-noconfig.cmake
[7.361s] -- Installing: /home/hiromichi/rost2/install/action_msgs/share/action_msgs/cmake/action_msgs__rosidl_typesupport_cExport.cmake
[7.361s] -- Installing: /home/hiromichi/rost2/install/action_msgs/share/action_msgs/cmake/action_msgs__rosidl_typesupport_cExport-noconfig.cmake
[7.361s] -- Installing: /home/hiromichi/rost2/install/action_msgs/share/action_msgs/cmake/action_msgs__rosidl_typesupport_introspection_cppExport.cmake
[7.362s] -- Installing: /home/hiromichi/rost2/install/action_msgs/share/action_msgs/cmake/action_msgs__rosidl_typesupport_introspection_cppExport-noconfig.cmake
[7.362s] -- Installing: /home/hiromichi/rost2/install/action_msgs/share/action_msgs/cmake/action_msgs__rosidl_typesupport_cppExport.cmake
[7.362s] -- Installing: /home/hiromichi/rost2/install/action_msgs/share/action_msgs/cmake/action_msgs__rosidl_typesupport_cppExport-noconfig.cmake
[7.363s] -- Installing: /home/hiromichi/rost2/install/action_msgs/share/action_msgs/cmake/export_action_msgs__rosidl_generator_pyExport.cmake
[7.363s] -- Installing: /home/hiromichi/rost2/install/action_msgs/share/action_msgs/cmake/export_action_msgs__rosidl_generator_pyExport-noconfig.cmake
[7.363s] -- Installing: /home/hiromichi/rost2/install/action_msgs/share/action_msgs/cmake/rosidl_cmake-extras.cmake
[7.363s] -- Installing: /home/hiromichi/rost2/install/action_msgs/share/action_msgs/cmake/ament_cmake_export_dependencies-extras.cmake
[7.363s] -- Installing: /home/hiromichi/rost2/install/action_msgs/share/action_msgs/cmake/ament_cmake_export_include_directories-extras.cmake
[7.364s] -- Installing: /home/hiromichi/rost2/install/action_msgs/share/action_msgs/cmake/ament_cmake_export_libraries-extras.cmake
[7.364s] -- Installing: /home/hiromichi/rost2/install/action_msgs/share/action_msgs/cmake/ament_cmake_export_targets-extras.cmake
[7.364s] -- Installing: /home/hiromichi/rost2/install/action_msgs/share/action_msgs/cmake/rosidl_cmake_export_typesupport_targets-extras.cmake
[7.364s] -- Installing: /home/hiromichi/rost2/install/action_msgs/share/action_msgs/cmake/rosidl_cmake_export_typesupport_libraries-extras.cmake
[7.365s] -- Installing: /home/hiromichi/rost2/install/action_msgs/share/action_msgs/cmake/action_msgsConfig.cmake
[7.365s] -- Installing: /home/hiromichi/rost2/install/action_msgs/share/action_msgs/cmake/action_msgsConfig-version.cmake
[7.365s] -- Installing: /home/hiromichi/rost2/install/action_msgs/share/action_msgs/package.xml
[7.379s] Invoked command in '/home/hiromichi/rost2/build/action_msgs' returned '0': AMENT_PREFIX_PATH=/home/hiromichi/rost2/install/unique_identifier_msgs:/home/hiromichi/rost2/install/builtin_interfaces:/home/hiromichi/rost2/install/rosidl_default_runtime:/home/hiromichi/rost2/install/rosidl_default_generators:/home/hiromichi/rost2/install/rosidl_generator_rs:/home/hiromichi/rost2/install/rosidl_runtime_rs:${AMENT_PREFIX_PATH} CMAKE_PREFIX_PATH=/home/hiromichi/rost2/install/unique_identifier_msgs:/home/hiromichi/rost2/install/builtin_interfaces:/home/hiromichi/rost2/install/rosidl_default_runtime:/home/hiromichi/rost2/install/rosidl_default_generators:/home/hiromichi/rost2/install/rosidl_generator_rs:/opt/ros/humble LD_LIBRARY_PATH=/home/hiromichi/rost2/install/unique_identifier_msgs/lib:/home/hiromichi/rost2/install/builtin_interfaces/lib:${LD_LIBRARY_PATH} PYTHONPATH=/home/hiromichi/rost2/install/unique_identifier_msgs/local/lib/python3.10/dist-packages:/home/hiromichi/rost2/install/builtin_interfaces/local/lib/python3.10/dist-packages:/home/hiromichi/rost2/install/rosidl_generator_rs/local/lib/python3.10/dist-packages:${PYTHONPATH} /usr/bin/cmake --install /home/hiromichi/rost2/build/action_msgs
