[0.008s] Invoking command in '/home/hiromichi/rost2/build/rosidl_default_generators': AMENT_PREFIX_PATH=/home/hiromichi/rost2/install/rosidl_generator_rs:/home/hiromichi/rost2/install/rosidl_runtime_rs:${AMENT_PREFIX_PATH} CMAKE_PREFIX_PATH=/home/hiromichi/rost2/install/rosidl_generator_rs:/opt/ros/humble PYTHONPATH=/home/hiromichi/rost2/install/rosidl_generator_rs/local/lib/python3.10/dist-packages:${PYTHONPATH} /usr/bin/cmake --build /home/hiromichi/rost2/build/rosidl_default_generators -- -j20 -l20
[0.029s] Invoked command in '/home/hiromichi/rost2/build/rosidl_default_generators' returned '0': AMENT_PREFIX_PATH=/home/hiromichi/rost2/install/rosidl_generator_rs:/home/hiromichi/rost2/install/rosidl_runtime_rs:${AMENT_PREFIX_PATH} CMAKE_PREFIX_PATH=/home/hiromichi/rost2/install/rosidl_generator_rs:/opt/ros/humble PYTHONPATH=/home/hiromichi/rost2/install/rosidl_generator_rs/local/lib/python3.10/dist-packages:${PYTHONPATH} /usr/bin/cmake --build /home/hiromichi/rost2/build/rosidl_default_generators -- -j20 -l20
[0.039s] Invoking command in '/home/hiromichi/rost2/build/rosidl_default_generators': AMENT_PREFIX_PATH=/home/hiromichi/rost2/install/rosidl_generator_rs:/home/hiromichi/rost2/install/rosidl_runtime_rs:${AMENT_PREFIX_PATH} CMAKE_PREFIX_PATH=/home/hiromichi/rost2/install/rosidl_generator_rs:/opt/ros/humble PYTHONPATH=/home/hiromichi/rost2/install/rosidl_generator_rs/local/lib/python3.10/dist-packages:${PYTHONPATH} /usr/bin/cmake --install /home/hiromichi/rost2/build/rosidl_default_generators
[0.042s] -- Install configuration: ""
[0.043s] -- Up-to-date: /home/hiromichi/rost2/install/rosidl_default_generators/share/ament_index/resource_index/package_run_dependencies/rosidl_default_generators
[0.043s] -- Up-to-date: /home/hiromichi/rost2/install/rosidl_default_generators/share/ament_index/resource_index/parent_prefix_path/rosidl_default_generators
[0.043s] -- Up-to-date: /home/hiromichi/rost2/install/rosidl_default_generators/share/rosidl_default_generators/environment/ament_prefix_path.sh
[0.043s] -- Up-to-date: /home/hiromichi/rost2/install/rosidl_default_generators/share/rosidl_default_generators/environment/ament_prefix_path.dsv
[0.044s] -- Up-to-date: /home/hiromichi/rost2/install/rosidl_default_generators/share/rosidl_default_generators/environment/path.sh
[0.044s] -- Up-to-date: /home/hiromichi/rost2/install/rosidl_default_generators/share/rosidl_default_generators/environment/path.dsv
[0.044s] -- Up-to-date: /home/hiromichi/rost2/install/rosidl_default_generators/share/rosidl_default_generators/local_setup.bash
[0.044s] -- Up-to-date: /home/hiromichi/rost2/install/rosidl_default_generators/share/rosidl_default_generators/local_setup.sh
[0.044s] -- Up-to-date: /home/hiromichi/rost2/install/rosidl_default_generators/share/rosidl_default_generators/local_setup.zsh
[0.044s] -- Up-to-date: /home/hiromichi/rost2/install/rosidl_default_generators/share/rosidl_default_generators/local_setup.dsv
[0.044s] -- Up-to-date: /home/hiromichi/rost2/install/rosidl_default_generators/share/rosidl_default_generators/package.dsv
[0.044s] -- Up-to-date: /home/hiromichi/rost2/install/rosidl_default_generators/share/ament_index/resource_index/packages/rosidl_default_generators
[0.044s] -- Up-to-date: /home/hiromichi/rost2/install/rosidl_default_generators/share/rosidl_default_generators/cmake/rosidl_default_generators-extras.cmake
[0.044s] -- Up-to-date: /home/hiromichi/rost2/install/rosidl_default_generators/share/rosidl_default_generators/cmake/ament_cmake_export_dependencies-extras.cmake
[0.044s] -- Up-to-date: /home/hiromichi/rost2/install/rosidl_default_generators/share/rosidl_default_generators/cmake/rosidl_default_generatorsConfig.cmake
[0.045s] -- Up-to-date: /home/hiromichi/rost2/install/rosidl_default_generators/share/rosidl_default_generators/cmake/rosidl_default_generatorsConfig-version.cmake
[0.045s] -- Up-to-date: /home/hiromichi/rost2/install/rosidl_default_generators/share/rosidl_default_generators/package.xml
[0.047s] Invoked command in '/home/hiromichi/rost2/build/rosidl_default_generators' returned '0': AMENT_PREFIX_PATH=/home/hiromichi/rost2/install/rosidl_generator_rs:/home/hiromichi/rost2/install/rosidl_runtime_rs:${AMENT_PREFIX_PATH} CMAKE_PREFIX_PATH=/home/hiromichi/rost2/install/rosidl_generator_rs:/opt/ros/humble PYTHONPATH=/home/hiromichi/rost2/install/rosidl_generator_rs/local/lib/python3.10/dist-packages:${PYTHONPATH} /usr/bin/cmake --install /home/hiromichi/rost2/build/rosidl_default_generators
