[0.008s] Invoking command in '/home/hiromichi/rost2/build/rosidl_default_runtime': AMENT_PREFIX_PATH=/home/hiromichi/rost2/install/rosidl_generator_rs:/home/hiromichi/rost2/install/rosidl_runtime_rs:${AMENT_PREFIX_PATH} CMAKE_PREFIX_PATH=/home/hiromichi/rost2/install/rosidl_generator_rs:/opt/ros/humble PYTHONPATH=/home/hiromichi/rost2/install/rosidl_generator_rs/local/lib/python3.10/dist-packages:${PYTHONPATH} /usr/bin/cmake --build /home/hiromichi/rost2/build/rosidl_default_runtime -- -j20 -l20
[0.029s] Invoked command in '/home/hiromichi/rost2/build/rosidl_default_runtime' returned '0': AMENT_PREFIX_PATH=/home/hiromichi/rost2/install/rosidl_generator_rs:/home/hiromichi/rost2/install/rosidl_runtime_rs:${AMENT_PREFIX_PATH} CMAKE_PREFIX_PATH=/home/hiromichi/rost2/install/rosidl_generator_rs:/opt/ros/humble PYTHONPATH=/home/hiromichi/rost2/install/rosidl_generator_rs/local/lib/python3.10/dist-packages:${PYTHONPATH} /usr/bin/cmake --build /home/hiromichi/rost2/build/rosidl_default_runtime -- -j20 -l20
[0.039s] Invoking command in '/home/hiromichi/rost2/build/rosidl_default_runtime': AMENT_PREFIX_PATH=/home/hiromichi/rost2/install/rosidl_generator_rs:/home/hiromichi/rost2/install/rosidl_runtime_rs:${AMENT_PREFIX_PATH} CMAKE_PREFIX_PATH=/home/hiromichi/rost2/install/rosidl_generator_rs:/opt/ros/humble PYTHONPATH=/home/hiromichi/rost2/install/rosidl_generator_rs/local/lib/python3.10/dist-packages:${PYTHONPATH} /usr/bin/cmake --install /home/hiromichi/rost2/build/rosidl_default_runtime
[0.043s] -- Install configuration: ""
[0.043s] -- Up-to-date: /home/hiromichi/rost2/install/rosidl_default_runtime/share/ament_index/resource_index/package_run_dependencies/rosidl_default_runtime
[0.043s] -- Up-to-date: /home/hiromichi/rost2/install/rosidl_default_runtime/share/ament_index/resource_index/parent_prefix_path/rosidl_default_runtime
[0.043s] -- Up-to-date: /home/hiromichi/rost2/install/rosidl_default_runtime/share/rosidl_default_runtime/environment/ament_prefix_path.sh
[0.043s] -- Up-to-date: /home/hiromichi/rost2/install/rosidl_default_runtime/share/rosidl_default_runtime/environment/ament_prefix_path.dsv
[0.044s] -- Up-to-date: /home/hiromichi/rost2/install/rosidl_default_runtime/share/rosidl_default_runtime/environment/path.sh
[0.044s] -- Up-to-date: /home/hiromichi/rost2/install/rosidl_default_runtime/share/rosidl_default_runtime/environment/path.dsv
[0.044s] -- Up-to-date: /home/hiromichi/rost2/install/rosidl_default_runtime/share/rosidl_default_runtime/local_setup.bash
[0.044s] -- Up-to-date: /home/hiromichi/rost2/install/rosidl_default_runtime/share/rosidl_default_runtime/local_setup.sh
[0.044s] -- Up-to-date: /home/hiromichi/rost2/install/rosidl_default_runtime/share/rosidl_default_runtime/local_setup.zsh
[0.044s] -- Up-to-date: /home/hiromichi/rost2/install/rosidl_default_runtime/share/rosidl_default_runtime/local_setup.dsv
[0.044s] -- Installing: /home/hiromichi/rost2/install/rosidl_default_runtime/share/rosidl_default_runtime/package.dsv
[0.044s] -- Up-to-date: /home/hiromichi/rost2/install/rosidl_default_runtime/share/ament_index/resource_index/packages/rosidl_default_runtime
[0.045s] -- Up-to-date: /home/hiromichi/rost2/install/rosidl_default_runtime/share/rosidl_default_runtime/cmake/rosidl_default_runtime-extras.cmake
[0.045s] -- Up-to-date: /home/hiromichi/rost2/install/rosidl_default_runtime/share/rosidl_default_runtime/cmake/rosidl_default_runtimeConfig.cmake
[0.045s] -- Up-to-date: /home/hiromichi/rost2/install/rosidl_default_runtime/share/rosidl_default_runtime/cmake/rosidl_default_runtimeConfig-version.cmake
[0.045s] -- Up-to-date: /home/hiromichi/rost2/install/rosidl_default_runtime/share/rosidl_default_runtime/package.xml
[0.048s] Invoked command in '/home/hiromichi/rost2/build/rosidl_default_runtime' returned '0': AMENT_PREFIX_PATH=/home/hiromichi/rost2/install/rosidl_generator_rs:/home/hiromichi/rost2/install/rosidl_runtime_rs:${AMENT_PREFIX_PATH} CMAKE_PREFIX_PATH=/home/hiromichi/rost2/install/rosidl_generator_rs:/opt/ros/humble PYTHONPATH=/home/hiromichi/rost2/install/rosidl_generator_rs/local/lib/python3.10/dist-packages:${PYTHONPATH} /usr/bin/cmake --install /home/hiromichi/rost2/build/rosidl_default_runtime
