[0.022s] Invoking command in '/home/hiromichi/rost2/build/rclrs_example_msgs': AMENT_PREFIX_PATH=/home/hiromichi/rost2/install/rosidl_default_runtime:/home/hiromichi/rost2/install/rosidl_default_generators:/home/hiromichi/rost2/install/rosidl_generator_rs:/home/hiromichi/rost2/install/rosidl_runtime_rs:${AMENT_PREFIX_PATH} CMAKE_PREFIX_PATH=/home/hiromichi/rost2/install/rosidl_default_runtime:/home/hiromichi/rost2/install/rosidl_default_generators:/home/hiromichi/rost2/install/rosidl_generator_rs:/opt/ros/humble PYTHONPATH=/home/hiromichi/rost2/install/rosidl_generator_rs/local/lib/python3.10/dist-packages:${PYTHONPATH} /usr/bin/cmake /home/hiromichi/rost2/src/ros2_rust/examples/rclrs_example_msgs -DCMAKE_INSTALL_PREFIX=/home/hiromichi/rost2/install/rclrs_example_msgs
[0.044s] -- The C compiler identification is GNU 11.4.0
[0.080s] -- The CXX compiler identification is GNU 11.4.0
[0.085s] -- Detecting C compiler ABI info
[0.123s] -- Detecting C compiler ABI info - done
[0.129s] -- Check for working C compiler: /usr/bin/cc - skipped
[0.129s] -- Detecting C compile features
[0.129s] -- Detecting C compile features - done
[0.131s] -- Detecting CXX compiler ABI info
[0.184s] -- Detecting CXX compiler ABI info - done
[0.188s] -- Check for working CXX compiler: /usr/bin/c++ - skipped
[0.188s] -- Detecting CXX compile features
[0.189s] -- Detecting CXX compile features - done
[0.190s] -- Found ament_cmake: 1.3.2 (/opt/ros/humble/share/ament_cmake/cmake)
[0.305s] -- Found Python3: /usr/bin/python3.10 (found version "3.10.12") found components: Interpreter 
[0.372s] -- Found rosidl_default_generators: 1.2.0 (/home/hiromichi/rost2/install/rosidl_default_generators/share/rosidl_default_generators/cmake)
[0.374s] -- Using all available rosidl_typesupport_c: rosidl_typesupport_fastrtps_c;rosidl_typesupport_introspection_c
[0.378s] -- Found rosidl_adapter: 3.1.3 (/opt/ros/humble/share/rosidl_adapter/cmake)
[0.413s] -- Using all available rosidl_typesupport_cpp: rosidl_typesupport_fastrtps_cpp;rosidl_typesupport_introspection_cpp
[0.638s] -- Found ament_cmake_ros: 0.10.0 (/opt/ros/humble/share/ament_cmake_ros/cmake)
[0.770s] -- Using all available rosidl_typesupport_c: rosidl_typesupport_fastrtps_c;rosidl_typesupport_introspection_c
[0.942s] -- Using all available rosidl_typesupport_cpp: rosidl_typesupport_fastrtps_cpp;rosidl_typesupport_introspection_cpp
[0.958s] -- Found PythonInterp: /usr/bin/python3 (found suitable version "3.10.12", minimum required is "3.6") 
[0.960s] -- Found python_cmake_module: 0.10.0 (/opt/ros/humble/share/python_cmake_module/cmake)
[0.982s] -- Found PythonLibs: /usr/lib/x86_64-linux-gnu/libpython3.10.so (found suitable version "3.10.12", minimum required is "3.5") 
[0.982s] -- Using PYTHON_EXECUTABLE: /usr/bin/python3
[0.982s] -- Using PYTHON_INCLUDE_DIRS: /usr/include/python3.10
[0.982s] -- Using PYTHON_LIBRARIES: /usr/lib/x86_64-linux-gnu/libpython3.10.so
[0.997s] -- Found PythonExtra: .so  
[1.026s] -- Configuring done
[1.051s] -- Generating done
[1.053s] -- Build files have been written to: /home/hiromichi/rost2/build/rclrs_example_msgs
[1.058s] Invoked command in '/home/hiromichi/rost2/build/rclrs_example_msgs' returned '0': AMENT_PREFIX_PATH=/home/hiromichi/rost2/install/rosidl_default_runtime:/home/hiromichi/rost2/install/rosidl_default_generators:/home/hiromichi/rost2/install/rosidl_generator_rs:/home/hiromichi/rost2/install/rosidl_runtime_rs:${AMENT_PREFIX_PATH} CMAKE_PREFIX_PATH=/home/hiromichi/rost2/install/rosidl_default_runtime:/home/hiromichi/rost2/install/rosidl_default_generators:/home/hiromichi/rost2/install/rosidl_generator_rs:/opt/ros/humble PYTHONPATH=/home/hiromichi/rost2/install/rosidl_generator_rs/local/lib/python3.10/dist-packages:${PYTHONPATH} /usr/bin/cmake /home/hiromichi/rost2/src/ros2_rust/examples/rclrs_example_msgs -DCMAKE_INSTALL_PREFIX=/home/hiromichi/rost2/install/rclrs_example_msgs
[1.059s] Invoking command in '/home/hiromichi/rost2/build/rclrs_example_msgs': AMENT_PREFIX_PATH=/home/hiromichi/rost2/install/rosidl_default_runtime:/home/hiromichi/rost2/install/rosidl_default_generators:/home/hiromichi/rost2/install/rosidl_generator_rs:/home/hiromichi/rost2/install/rosidl_runtime_rs:${AMENT_PREFIX_PATH} CMAKE_PREFIX_PATH=/home/hiromichi/rost2/install/rosidl_default_runtime:/home/hiromichi/rost2/install/rosidl_default_generators:/home/hiromichi/rost2/install/rosidl_generator_rs:/opt/ros/humble PYTHONPATH=/home/hiromichi/rost2/install/rosidl_generator_rs/local/lib/python3.10/dist-packages:${PYTHONPATH} /usr/bin/cmake --build /home/hiromichi/rost2/build/rclrs_example_msgs -- -j20 -l20
[1.086s] [  2%] [34m[1mGenerating C code for ROS interfaces[0m
[1.092s] [  4%] [34m[1mGenerating C++ code for ROS interfaces[0m
[1.094s] [  6%] [34m[1mGenerating Rust code for ROS interfaces[0m
[1.098s] [  6%] Built target ament_cmake_python_copy_rclrs_example_msgs
[1.381s] running egg_info
[1.381s] creating rclrs_example_msgs.egg-info
[1.382s] writing rclrs_example_msgs.egg-info/PKG-INFO
[1.382s] writing dependency_links to rclrs_example_msgs.egg-info/dependency_links.txt
[1.382s] writing top-level names to rclrs_example_msgs.egg-info/top_level.txt
[1.382s] writing manifest file 'rclrs_example_msgs.egg-info/SOURCES.txt'
[1.383s] reading manifest file 'rclrs_example_msgs.egg-info/SOURCES.txt'
[1.384s] writing manifest file 'rclrs_example_msgs.egg-info/SOURCES.txt'
[1.421s] [  6%] Built target ament_cmake_python_build_rclrs_example_msgs_egg
[2.278s] [  6%] Built target rclrs_example_msgs__rs
[2.522s] [  6%] Built target rclrs_example_msgs__cpp
[2.562s] [  8%] [34m[1mGenerating C++ type support for eProsima Fast-RTPS[0m
[2.583s] [ 10%] [34m[1mGenerating C++ introspection for ROS interfaces[0m
[2.614s] [ 12%] [34m[1mGenerating C++ type support dispatch for ROS interfaces[0m
[2.766s] [ 14%] [32mBuilding C object CMakeFiles/rclrs_example_msgs__rosidl_generator_c.dir/rosidl_generator_c/rclrs_example_msgs/msg/detail/nested_type__functions.c.o[0m
[2.767s] [ 16%] [32mBuilding C object CMakeFiles/rclrs_example_msgs__rosidl_generator_c.dir/rosidl_generator_c/rclrs_example_msgs/msg/detail/various_types__functions.c.o[0m
[2.780s] [ 18%] [32mBuilding C object CMakeFiles/rclrs_example_msgs__rosidl_generator_c.dir/rosidl_generator_c/rclrs_example_msgs/msg/detail/my_message__functions.c.o[0m
[2.876s] [ 20%] [32m[1mLinking C shared library librclrs_example_msgs__rosidl_generator_c.so[0m
[2.936s] [ 20%] Built target rclrs_example_msgs__rosidl_generator_c
[2.949s] [ 22%] [34m[1mGenerating C type support for eProsima Fast-RTPS[0m
[2.951s] [ 25%] [34m[1mGenerating C type support dispatch for ROS interfaces[0m
[2.955s] [ 27%] [34m[1mGenerating C introspection for ROS interfaces[0m
[3.768s] [ 29%] [32mBuilding CXX object CMakeFiles/rclrs_example_msgs__rosidl_typesupport_fastrtps_cpp.dir/rosidl_typesupport_fastrtps_cpp/rclrs_example_msgs/msg/detail/dds_fastrtps/my_message__type_support.cpp.o[0m
[3.770s] [ 31%] [32mBuilding CXX object CMakeFiles/rclrs_example_msgs__rosidl_typesupport_introspection_cpp.dir/rosidl_typesupport_introspection_cpp/rclrs_example_msgs/msg/detail/my_message__type_support.cpp.o[0m
[3.771s] [ 33%] [32mBuilding CXX object CMakeFiles/rclrs_example_msgs__rosidl_typesupport_fastrtps_cpp.dir/rosidl_typesupport_fastrtps_cpp/rclrs_example_msgs/msg/detail/dds_fastrtps/nested_type__type_support.cpp.o[0m
[3.781s] [ 35%] [32mBuilding CXX object CMakeFiles/rclrs_example_msgs__rosidl_typesupport_fastrtps_cpp.dir/rosidl_typesupport_fastrtps_cpp/rclrs_example_msgs/msg/detail/dds_fastrtps/various_types__type_support.cpp.o[0m
[3.786s] [ 37%] [32mBuilding CXX object CMakeFiles/rclrs_example_msgs__rosidl_typesupport_introspection_cpp.dir/rosidl_typesupport_introspection_cpp/rclrs_example_msgs/msg/detail/nested_type__type_support.cpp.o[0m
[3.793s] [ 39%] [32mBuilding CXX object CMakeFiles/rclrs_example_msgs__rosidl_typesupport_cpp.dir/rosidl_typesupport_cpp/rclrs_example_msgs/msg/nested_type__type_support.cpp.o[0m
[3.795s] [ 41%] [32mBuilding CXX object CMakeFiles/rclrs_example_msgs__rosidl_typesupport_introspection_cpp.dir/rosidl_typesupport_introspection_cpp/rclrs_example_msgs/msg/detail/various_types__type_support.cpp.o[0m
[3.799s] [ 43%] [32mBuilding CXX object CMakeFiles/rclrs_example_msgs__rosidl_typesupport_cpp.dir/rosidl_typesupport_cpp/rclrs_example_msgs/msg/my_message__type_support.cpp.o[0m
[3.802s] [ 45%] [32mBuilding CXX object CMakeFiles/rclrs_example_msgs__rosidl_typesupport_cpp.dir/rosidl_typesupport_cpp/rclrs_example_msgs/msg/various_types__type_support.cpp.o[0m
[4.092s] [ 47%] [32mBuilding CXX object CMakeFiles/rclrs_example_msgs__rosidl_typesupport_c.dir/rosidl_typesupport_c/rclrs_example_msgs/msg/nested_type__type_support.cpp.o[0m
[4.092s] [ 50%] [32mBuilding CXX object CMakeFiles/rclrs_example_msgs__rosidl_typesupport_c.dir/rosidl_typesupport_c/rclrs_example_msgs/msg/my_message__type_support.cpp.o[0m
[4.110s] [ 52%] [32mBuilding CXX object CMakeFiles/rclrs_example_msgs__rosidl_typesupport_c.dir/rosidl_typesupport_c/rclrs_example_msgs/msg/various_types__type_support.cpp.o[0m
[4.162s] [ 54%] [32m[1mLinking CXX shared library librclrs_example_msgs__rosidl_typesupport_c.so[0m
[4.167s] [ 56%] [32mBuilding CXX object CMakeFiles/rclrs_example_msgs__rosidl_typesupport_fastrtps_c.dir/rosidl_typesupport_fastrtps_c/rclrs_example_msgs/msg/detail/nested_type__type_support_c.cpp.o[0m
[4.172s] [ 58%] [32mBuilding CXX object CMakeFiles/rclrs_example_msgs__rosidl_typesupport_fastrtps_c.dir/rosidl_typesupport_fastrtps_c/rclrs_example_msgs/msg/detail/my_message__type_support_c.cpp.o[0m
[4.211s] [ 60%] [32mBuilding CXX object CMakeFiles/rclrs_example_msgs__rosidl_typesupport_fastrtps_c.dir/rosidl_typesupport_fastrtps_c/rclrs_example_msgs/msg/detail/various_types__type_support_c.cpp.o[0m
[4.249s] [ 62%] [32m[1mLinking CXX shared library librclrs_example_msgs__rosidl_typesupport_cpp.so[0m
[4.336s] [ 62%] Built target rclrs_example_msgs__rosidl_typesupport_cpp
[4.344s] [ 62%] Built target rclrs_example_msgs__rosidl_typesupport_c
[4.365s] [ 64%] [32mBuilding C object CMakeFiles/rclrs_example_msgs__rosidl_typesupport_introspection_c.dir/rosidl_typesupport_introspection_c/rclrs_example_msgs/msg/detail/my_message__type_support.c.o[0m
[4.374s] [ 66%] [32mBuilding C object CMakeFiles/rclrs_example_msgs__rosidl_typesupport_introspection_c.dir/rosidl_typesupport_introspection_c/rclrs_example_msgs/msg/detail/nested_type__type_support.c.o[0m
[4.377s] [ 68%] [32mBuilding C object CMakeFiles/rclrs_example_msgs__rosidl_typesupport_introspection_c.dir/rosidl_typesupport_introspection_c/rclrs_example_msgs/msg/detail/various_types__type_support.c.o[0m
[4.447s] [ 70%] [32m[1mLinking C shared library librclrs_example_msgs__rosidl_typesupport_introspection_c.so[0m
[4.487s] [ 70%] Built target rclrs_example_msgs__rosidl_typesupport_introspection_c
[4.634s] [ 72%] [32m[1mLinking CXX shared library librclrs_example_msgs__rosidl_typesupport_fastrtps_cpp.so[0m
[4.666s] [ 75%] [32m[1mLinking CXX shared library librclrs_example_msgs__rosidl_typesupport_introspection_cpp.so[0m
[4.707s] [ 77%] [32m[1mLinking CXX shared library librclrs_example_msgs__rosidl_typesupport_fastrtps_c.so[0m
[4.744s] [ 77%] Built target rclrs_example_msgs__rosidl_typesupport_fastrtps_cpp
[4.841s] [ 77%] Built target rclrs_example_msgs__rosidl_typesupport_introspection_cpp
[4.845s] [ 77%] Built target rclrs_example_msgs__rosidl_typesupport_fastrtps_c
[4.874s] [ 77%] Built target rclrs_example_msgs
[4.912s] [ 79%] [34m[1mGenerating Python code for ROS interfaces[0m
[6.979s] [ 79%] Built target rclrs_example_msgs__py
[6.996s] [ 81%] [32mBuilding C object CMakeFiles/rclrs_example_msgs__rosidl_generator_py.dir/rosidl_generator_py/rclrs_example_msgs/msg/_nested_type_s.c.o[0m
[7.000s] [ 83%] [32mBuilding C object CMakeFiles/rclrs_example_msgs__rosidl_generator_py.dir/rosidl_generator_py/rclrs_example_msgs/msg/_my_message_s.c.o[0m
[7.000s] [ 85%] [32mBuilding C object CMakeFiles/rclrs_example_msgs__rosidl_generator_py.dir/rosidl_generator_py/rclrs_example_msgs/msg/_various_types_s.c.o[0m
[7.206s] [ 87%] [32m[1mLinking C shared library rosidl_generator_py/rclrs_example_msgs/librclrs_example_msgs__rosidl_generator_py.so[0m
[7.332s] [ 87%] Built target rclrs_example_msgs__rosidl_generator_py
[7.381s] [ 89%] [32mBuilding C object CMakeFiles/rclrs_example_msgs__rosidl_typesupport_fastrtps_c__pyext.dir/rosidl_generator_py/rclrs_example_msgs/_rclrs_example_msgs_s.ep.rosidl_typesupport_fastrtps_c.c.o[0m
[7.397s] [ 91%] [32mBuilding C object CMakeFiles/rclrs_example_msgs__rosidl_typesupport_introspection_c__pyext.dir/rosidl_generator_py/rclrs_example_msgs/_rclrs_example_msgs_s.ep.rosidl_typesupport_introspection_c.c.o[0m
[7.420s] [ 93%] [32mBuilding C object CMakeFiles/rclrs_example_msgs__rosidl_typesupport_c__pyext.dir/rosidl_generator_py/rclrs_example_msgs/_rclrs_example_msgs_s.ep.rosidl_typesupport_c.c.o[0m
[7.553s] [ 95%] [32m[1mLinking C shared library rosidl_generator_py/rclrs_example_msgs/rclrs_example_msgs_s__rosidl_typesupport_fastrtps_c.cpython-310-x86_64-linux-gnu.so[0m
[7.621s] [ 97%] [32m[1mLinking C shared library rosidl_generator_py/rclrs_example_msgs/rclrs_example_msgs_s__rosidl_typesupport_c.cpython-310-x86_64-linux-gnu.so[0m
[7.627s] [ 97%] Built target rclrs_example_msgs__rosidl_typesupport_fastrtps_c__pyext
[7.681s] [100%] [32m[1mLinking C shared library rosidl_generator_py/rclrs_example_msgs/rclrs_example_msgs_s__rosidl_typesupport_introspection_c.cpython-310-x86_64-linux-gnu.so[0m
[7.690s] [100%] Built target rclrs_example_msgs__rosidl_typesupport_c__pyext
[7.805s] [100%] Built target rclrs_example_msgs__rosidl_typesupport_introspection_c__pyext
[7.821s] Invoked command in '/home/hiromichi/rost2/build/rclrs_example_msgs' returned '0': AMENT_PREFIX_PATH=/home/hiromichi/rost2/install/rosidl_default_runtime:/home/hiromichi/rost2/install/rosidl_default_generators:/home/hiromichi/rost2/install/rosidl_generator_rs:/home/hiromichi/rost2/install/rosidl_runtime_rs:${AMENT_PREFIX_PATH} CMAKE_PREFIX_PATH=/home/hiromichi/rost2/install/rosidl_default_runtime:/home/hiromichi/rost2/install/rosidl_default_generators:/home/hiromichi/rost2/install/rosidl_generator_rs:/opt/ros/humble PYTHONPATH=/home/hiromichi/rost2/install/rosidl_generator_rs/local/lib/python3.10/dist-packages:${PYTHONPATH} /usr/bin/cmake --build /home/hiromichi/rost2/build/rclrs_example_msgs -- -j20 -l20
[8.055s] Invoking command in '/home/hiromichi/rost2/build/rclrs_example_msgs': AMENT_PREFIX_PATH=/home/hiromichi/rost2/install/rosidl_default_runtime:/home/hiromichi/rost2/install/rosidl_default_generators:/home/hiromichi/rost2/install/rosidl_generator_rs:/home/hiromichi/rost2/install/rosidl_runtime_rs:${AMENT_PREFIX_PATH} CMAKE_PREFIX_PATH=/home/hiromichi/rost2/install/rosidl_default_runtime:/home/hiromichi/rost2/install/rosidl_default_generators:/home/hiromichi/rost2/install/rosidl_generator_rs:/opt/ros/humble PYTHONPATH=/home/hiromichi/rost2/install/rosidl_generator_rs/local/lib/python3.10/dist-packages:${PYTHONPATH} /usr/bin/cmake --install /home/hiromichi/rost2/build/rclrs_example_msgs
[8.063s] -- Install configuration: ""
[8.063s] -- Installing: /home/hiromichi/rost2/install/rclrs_example_msgs/share/ament_index/resource_index/rosidl_interfaces/rclrs_example_msgs
[8.064s] -- Installing: /home/hiromichi/rost2/install/rclrs_example_msgs/include/rclrs_example_msgs/rclrs_example_msgs
[8.065s] -- Installing: /home/hiromichi/rost2/install/rclrs_example_msgs/include/rclrs_example_msgs/rclrs_example_msgs/msg
[8.065s] -- Installing: /home/hiromichi/rost2/install/rclrs_example_msgs/include/rclrs_example_msgs/rclrs_example_msgs/msg/various_types.h
[8.067s] -- Installing: /home/hiromichi/rost2/install/rclrs_example_msgs/include/rclrs_example_msgs/rclrs_example_msgs/msg/my_message.h
[8.068s] -- Installing: /home/hiromichi/rost2/install/rclrs_example_msgs/include/rclrs_example_msgs/rclrs_example_msgs/msg/nested_type.h
[8.069s] -- Installing: /home/hiromichi/rost2/install/rclrs_example_msgs/include/rclrs_example_msgs/rclrs_example_msgs/msg/rosidl_generator_c__visibility_control.h
[8.071s] -- Installing: /home/hiromichi/rost2/install/rclrs_example_msgs/include/rclrs_example_msgs/rclrs_example_msgs/msg/detail
[8.071s] -- Installing: /home/hiromichi/rost2/install/rclrs_example_msgs/include/rclrs_example_msgs/rclrs_example_msgs/msg/detail/my_message__functions.c
[8.083s] -- Installing: /home/hiromichi/rost2/install/rclrs_example_msgs/include/rclrs_example_msgs/rclrs_example_msgs/msg/detail/various_types__functions.c
[8.083s] -- Installing: /home/hiromichi/rost2/install/rclrs_example_msgs/include/rclrs_example_msgs/rclrs_example_msgs/msg/detail/nested_type__functions.h
[8.084s] -- Installing: /home/hiromichi/rost2/install/rclrs_example_msgs/include/rclrs_example_msgs/rclrs_example_msgs/msg/detail/nested_type__struct.h
[8.084s] -- Installing: /home/hiromichi/rost2/install/rclrs_example_msgs/include/rclrs_example_msgs/rclrs_example_msgs/msg/detail/my_message__struct.h
[8.084s] -- Installing: /home/hiromichi/rost2/install/rclrs_example_msgs/include/rclrs_example_msgs/rclrs_example_msgs/msg/detail/nested_type__type_support.h
[8.084s] -- Installing: /home/hiromichi/rost2/install/rclrs_example_msgs/include/rclrs_example_msgs/rclrs_example_msgs/msg/detail/my_message__type_support.h
[8.084s] -- Installing: /home/hiromichi/rost2/install/rclrs_example_msgs/include/rclrs_example_msgs/rclrs_example_msgs/msg/detail/nested_type__functions.c
[8.084s] -- Installing: /home/hiromichi/rost2/install/rclrs_example_msgs/include/rclrs_example_msgs/rclrs_example_msgs/msg/detail/various_types__type_support.h
[8.084s] -- Installing: /home/hiromichi/rost2/install/rclrs_example_msgs/include/rclrs_example_msgs/rclrs_example_msgs/msg/detail/my_message__functions.h
[8.084s] -- Installing: /home/hiromichi/rost2/install/rclrs_example_msgs/include/rclrs_example_msgs/rclrs_example_msgs/msg/detail/various_types__functions.h
[8.084s] -- Installing: /home/hiromichi/rost2/install/rclrs_example_msgs/include/rclrs_example_msgs/rclrs_example_msgs/msg/detail/various_types__struct.h
[8.084s] -- Installing: /home/hiromichi/rost2/install/rclrs_example_msgs/share/rclrs_example_msgs/environment/library_path.sh
[8.084s] -- Installing: /home/hiromichi/rost2/install/rclrs_example_msgs/share/rclrs_example_msgs/environment/library_path.dsv
[8.084s] -- Installing: /home/hiromichi/rost2/install/rclrs_example_msgs/lib/librclrs_example_msgs__rosidl_generator_c.so
[8.084s] -- Set runtime path of "/home/hiromichi/rost2/install/rclrs_example_msgs/lib/librclrs_example_msgs__rosidl_generator_c.so" to ""
[8.084s] -- Up-to-date: /home/hiromichi/rost2/install/rclrs_example_msgs/include/rclrs_example_msgs/rclrs_example_msgs
[8.084s] -- Up-to-date: /home/hiromichi/rost2/install/rclrs_example_msgs/include/rclrs_example_msgs/rclrs_example_msgs/msg
[8.084s] -- Installing: /home/hiromichi/rost2/install/rclrs_example_msgs/include/rclrs_example_msgs/rclrs_example_msgs/msg/rosidl_typesupport_fastrtps_c__visibility_control.h
[8.084s] -- Up-to-date: /home/hiromichi/rost2/install/rclrs_example_msgs/include/rclrs_example_msgs/rclrs_example_msgs/msg/detail
[8.084s] -- Installing: /home/hiromichi/rost2/install/rclrs_example_msgs/include/rclrs_example_msgs/rclrs_example_msgs/msg/detail/my_message__rosidl_typesupport_fastrtps_c.h
[8.084s] -- Installing: /home/hiromichi/rost2/install/rclrs_example_msgs/include/rclrs_example_msgs/rclrs_example_msgs/msg/detail/nested_type__rosidl_typesupport_fastrtps_c.h
[8.085s] -- Installing: /home/hiromichi/rost2/install/rclrs_example_msgs/include/rclrs_example_msgs/rclrs_example_msgs/msg/detail/various_types__rosidl_typesupport_fastrtps_c.h
[8.085s] -- Installing: /home/hiromichi/rost2/install/rclrs_example_msgs/lib/librclrs_example_msgs__rosidl_typesupport_fastrtps_c.so
[8.085s] -- Set runtime path of "/home/hiromichi/rost2/install/rclrs_example_msgs/lib/librclrs_example_msgs__rosidl_typesupport_fastrtps_c.so" to ""
[8.085s] -- Up-to-date: /home/hiromichi/rost2/install/rclrs_example_msgs/include/rclrs_example_msgs/rclrs_example_msgs
[8.085s] -- Up-to-date: /home/hiromichi/rost2/install/rclrs_example_msgs/include/rclrs_example_msgs/rclrs_example_msgs/msg
[8.085s] -- Installing: /home/hiromichi/rost2/install/rclrs_example_msgs/include/rclrs_example_msgs/rclrs_example_msgs/msg/rosidl_typesupport_introspection_c__visibility_control.h
[8.085s] -- Up-to-date: /home/hiromichi/rost2/install/rclrs_example_msgs/include/rclrs_example_msgs/rclrs_example_msgs/msg/detail
[8.085s] -- Installing: /home/hiromichi/rost2/install/rclrs_example_msgs/include/rclrs_example_msgs/rclrs_example_msgs/msg/detail/various_types__rosidl_typesupport_introspection_c.h
[8.085s] -- Installing: /home/hiromichi/rost2/install/rclrs_example_msgs/include/rclrs_example_msgs/rclrs_example_msgs/msg/detail/nested_type__type_support.c
[8.085s] -- Installing: /home/hiromichi/rost2/install/rclrs_example_msgs/include/rclrs_example_msgs/rclrs_example_msgs/msg/detail/various_types__type_support.c
[8.085s] -- Installing: /home/hiromichi/rost2/install/rclrs_example_msgs/include/rclrs_example_msgs/rclrs_example_msgs/msg/detail/my_message__rosidl_typesupport_introspection_c.h
[8.085s] -- Installing: /home/hiromichi/rost2/install/rclrs_example_msgs/include/rclrs_example_msgs/rclrs_example_msgs/msg/detail/my_message__type_support.c
[8.085s] -- Installing: /home/hiromichi/rost2/install/rclrs_example_msgs/include/rclrs_example_msgs/rclrs_example_msgs/msg/detail/nested_type__rosidl_typesupport_introspection_c.h
[8.085s] -- Installing: /home/hiromichi/rost2/install/rclrs_example_msgs/lib/librclrs_example_msgs__rosidl_typesupport_introspection_c.so
[8.085s] -- Set runtime path of "/home/hiromichi/rost2/install/rclrs_example_msgs/lib/librclrs_example_msgs__rosidl_typesupport_introspection_c.so" to ""
[8.085s] -- Installing: /home/hiromichi/rost2/install/rclrs_example_msgs/lib/librclrs_example_msgs__rosidl_typesupport_c.so
[8.085s] -- Set runtime path of "/home/hiromichi/rost2/install/rclrs_example_msgs/lib/librclrs_example_msgs__rosidl_typesupport_c.so" to ""
[8.085s] -- Up-to-date: /home/hiromichi/rost2/install/rclrs_example_msgs/include/rclrs_example_msgs/rclrs_example_msgs
[8.085s] -- Up-to-date: /home/hiromichi/rost2/install/rclrs_example_msgs/include/rclrs_example_msgs/rclrs_example_msgs/msg
[8.086s] -- Installing: /home/hiromichi/rost2/install/rclrs_example_msgs/include/rclrs_example_msgs/rclrs_example_msgs/msg/my_message.hpp
[8.086s] -- Installing: /home/hiromichi/rost2/install/rclrs_example_msgs/include/rclrs_example_msgs/rclrs_example_msgs/msg/nested_type.hpp
[8.086s] -- Installing: /home/hiromichi/rost2/install/rclrs_example_msgs/include/rclrs_example_msgs/rclrs_example_msgs/msg/various_types.hpp
[8.086s] -- Up-to-date: /home/hiromichi/rost2/install/rclrs_example_msgs/include/rclrs_example_msgs/rclrs_example_msgs/msg/detail
[8.086s] -- Installing: /home/hiromichi/rost2/install/rclrs_example_msgs/include/rclrs_example_msgs/rclrs_example_msgs/msg/detail/various_types__traits.hpp
[8.086s] -- Installing: /home/hiromichi/rost2/install/rclrs_example_msgs/include/rclrs_example_msgs/rclrs_example_msgs/msg/detail/my_message__struct.hpp
[8.086s] -- Installing: /home/hiromichi/rost2/install/rclrs_example_msgs/include/rclrs_example_msgs/rclrs_example_msgs/msg/detail/various_types__struct.hpp
[8.086s] -- Installing: /home/hiromichi/rost2/install/rclrs_example_msgs/include/rclrs_example_msgs/rclrs_example_msgs/msg/detail/nested_type__builder.hpp
[8.086s] -- Installing: /home/hiromichi/rost2/install/rclrs_example_msgs/include/rclrs_example_msgs/rclrs_example_msgs/msg/detail/nested_type__struct.hpp
[8.086s] -- Installing: /home/hiromichi/rost2/install/rclrs_example_msgs/include/rclrs_example_msgs/rclrs_example_msgs/msg/detail/my_message__traits.hpp
[8.086s] -- Installing: /home/hiromichi/rost2/install/rclrs_example_msgs/include/rclrs_example_msgs/rclrs_example_msgs/msg/detail/my_message__builder.hpp
[8.086s] -- Installing: /home/hiromichi/rost2/install/rclrs_example_msgs/include/rclrs_example_msgs/rclrs_example_msgs/msg/detail/nested_type__traits.hpp
[8.086s] -- Installing: /home/hiromichi/rost2/install/rclrs_example_msgs/include/rclrs_example_msgs/rclrs_example_msgs/msg/detail/various_types__builder.hpp
[8.086s] -- Up-to-date: /home/hiromichi/rost2/install/rclrs_example_msgs/include/rclrs_example_msgs/rclrs_example_msgs
[8.086s] -- Up-to-date: /home/hiromichi/rost2/install/rclrs_example_msgs/include/rclrs_example_msgs/rclrs_example_msgs/msg
[8.086s] -- Installing: /home/hiromichi/rost2/install/rclrs_example_msgs/include/rclrs_example_msgs/rclrs_example_msgs/msg/rosidl_typesupport_fastrtps_cpp__visibility_control.h
[8.086s] -- Up-to-date: /home/hiromichi/rost2/install/rclrs_example_msgs/include/rclrs_example_msgs/rclrs_example_msgs/msg/detail
[8.086s] -- Installing: /home/hiromichi/rost2/install/rclrs_example_msgs/include/rclrs_example_msgs/rclrs_example_msgs/msg/detail/various_types__rosidl_typesupport_fastrtps_cpp.hpp
[8.086s] -- Installing: /home/hiromichi/rost2/install/rclrs_example_msgs/include/rclrs_example_msgs/rclrs_example_msgs/msg/detail/nested_type__rosidl_typesupport_fastrtps_cpp.hpp
[8.086s] -- Installing: /home/hiromichi/rost2/install/rclrs_example_msgs/include/rclrs_example_msgs/rclrs_example_msgs/msg/detail/dds_fastrtps
[8.087s] -- Installing: /home/hiromichi/rost2/install/rclrs_example_msgs/include/rclrs_example_msgs/rclrs_example_msgs/msg/detail/my_message__rosidl_typesupport_fastrtps_cpp.hpp
[8.087s] -- Installing: /home/hiromichi/rost2/install/rclrs_example_msgs/lib/librclrs_example_msgs__rosidl_typesupport_fastrtps_cpp.so
[8.087s] -- Set runtime path of "/home/hiromichi/rost2/install/rclrs_example_msgs/lib/librclrs_example_msgs__rosidl_typesupport_fastrtps_cpp.so" to ""
[8.087s] -- Up-to-date: /home/hiromichi/rost2/install/rclrs_example_msgs/include/rclrs_example_msgs/rclrs_example_msgs
[8.087s] -- Up-to-date: /home/hiromichi/rost2/install/rclrs_example_msgs/include/rclrs_example_msgs/rclrs_example_msgs/msg
[8.087s] -- Up-to-date: /home/hiromichi/rost2/install/rclrs_example_msgs/include/rclrs_example_msgs/rclrs_example_msgs/msg/detail
[8.087s] -- Installing: /home/hiromichi/rost2/install/rclrs_example_msgs/include/rclrs_example_msgs/rclrs_example_msgs/msg/detail/my_message__type_support.cpp
[8.087s] -- Installing: /home/hiromichi/rost2/install/rclrs_example_msgs/include/rclrs_example_msgs/rclrs_example_msgs/msg/detail/various_types__type_support.cpp
[8.087s] -- Installing: /home/hiromichi/rost2/install/rclrs_example_msgs/include/rclrs_example_msgs/rclrs_example_msgs/msg/detail/nested_type__rosidl_typesupport_introspection_cpp.hpp
[8.087s] -- Installing: /home/hiromichi/rost2/install/rclrs_example_msgs/include/rclrs_example_msgs/rclrs_example_msgs/msg/detail/nested_type__type_support.cpp
[8.087s] -- Installing: /home/hiromichi/rost2/install/rclrs_example_msgs/include/rclrs_example_msgs/rclrs_example_msgs/msg/detail/my_message__rosidl_typesupport_introspection_cpp.hpp
[8.087s] -- Installing: /home/hiromichi/rost2/install/rclrs_example_msgs/include/rclrs_example_msgs/rclrs_example_msgs/msg/detail/various_types__rosidl_typesupport_introspection_cpp.hpp
[8.087s] -- Installing: /home/hiromichi/rost2/install/rclrs_example_msgs/lib/librclrs_example_msgs__rosidl_typesupport_introspection_cpp.so
[8.087s] -- Set runtime path of "/home/hiromichi/rost2/install/rclrs_example_msgs/lib/librclrs_example_msgs__rosidl_typesupport_introspection_cpp.so" to ""
[8.087s] -- Installing: /home/hiromichi/rost2/install/rclrs_example_msgs/lib/librclrs_example_msgs__rosidl_typesupport_cpp.so
[8.087s] -- Set runtime path of "/home/hiromichi/rost2/install/rclrs_example_msgs/lib/librclrs_example_msgs__rosidl_typesupport_cpp.so" to ""
[8.087s] -- Installing: /home/hiromichi/rost2/install/rclrs_example_msgs/share/ament_index/resource_index/rust_packages/rclrs_example_msgs
[8.087s] -- Installing: /home/hiromichi/rost2/install/rclrs_example_msgs/share/rclrs_example_msgs/rust
[8.087s] -- Installing: /home/hiromichi/rost2/install/rclrs_example_msgs/share/rclrs_example_msgs/rust/src
[8.087s] -- Installing: /home/hiromichi/rost2/install/rclrs_example_msgs/share/rclrs_example_msgs/rust/src/msg.rs
[8.087s] -- Installing: /home/hiromichi/rost2/install/rclrs_example_msgs/share/rclrs_example_msgs/rust/src/lib.rs
[8.088s] -- Installing: /home/hiromichi/rost2/install/rclrs_example_msgs/share/rclrs_example_msgs/rust/Cargo.toml
[8.088s] -- Installing: /home/hiromichi/rost2/install/rclrs_example_msgs/share/rclrs_example_msgs/rust/build.rs
[8.088s] -- Installing: /home/hiromichi/rost2/install/rclrs_example_msgs/share/rclrs_example_msgs/environment/pythonpath.sh
[8.088s] -- Installing: /home/hiromichi/rost2/install/rclrs_example_msgs/share/rclrs_example_msgs/environment/pythonpath.dsv
[8.088s] -- Installing: /home/hiromichi/rost2/install/rclrs_example_msgs/local/lib/python3.10/dist-packages/rclrs_example_msgs-0.4.1-py3.10.egg-info
[8.088s] -- Installing: /home/hiromichi/rost2/install/rclrs_example_msgs/local/lib/python3.10/dist-packages/rclrs_example_msgs-0.4.1-py3.10.egg-info/top_level.txt
[8.088s] -- Installing: /home/hiromichi/rost2/install/rclrs_example_msgs/local/lib/python3.10/dist-packages/rclrs_example_msgs-0.4.1-py3.10.egg-info/dependency_links.txt
[8.088s] -- Installing: /home/hiromichi/rost2/install/rclrs_example_msgs/local/lib/python3.10/dist-packages/rclrs_example_msgs-0.4.1-py3.10.egg-info/SOURCES.txt
[8.088s] -- Installing: /home/hiromichi/rost2/install/rclrs_example_msgs/local/lib/python3.10/dist-packages/rclrs_example_msgs-0.4.1-py3.10.egg-info/PKG-INFO
[8.088s] -- Installing: /home/hiromichi/rost2/install/rclrs_example_msgs/local/lib/python3.10/dist-packages/rclrs_example_msgs
[8.088s] -- Installing: /home/hiromichi/rost2/install/rclrs_example_msgs/local/lib/python3.10/dist-packages/rclrs_example_msgs/rclrs_example_msgs_s__rosidl_typesupport_introspection_c.cpython-310-x86_64-linux-gnu.so
[8.088s] -- Installing: /home/hiromichi/rost2/install/rclrs_example_msgs/local/lib/python3.10/dist-packages/rclrs_example_msgs/rclrs_example_msgs_s__rosidl_typesupport_fastrtps_c.cpython-310-x86_64-linux-gnu.so
[8.088s] -- Installing: /home/hiromichi/rost2/install/rclrs_example_msgs/local/lib/python3.10/dist-packages/rclrs_example_msgs/rclrs_example_msgs_s__rosidl_typesupport_c.cpython-310-x86_64-linux-gnu.so
[8.088s] -- Installing: /home/hiromichi/rost2/install/rclrs_example_msgs/local/lib/python3.10/dist-packages/rclrs_example_msgs/librclrs_example_msgs__rosidl_generator_py.so
[8.088s] -- Installing: /home/hiromichi/rost2/install/rclrs_example_msgs/local/lib/python3.10/dist-packages/rclrs_example_msgs/msg
[8.088s] -- Installing: /home/hiromichi/rost2/install/rclrs_example_msgs/local/lib/python3.10/dist-packages/rclrs_example_msgs/msg/_nested_type.py
[8.088s] -- Installing: /home/hiromichi/rost2/install/rclrs_example_msgs/local/lib/python3.10/dist-packages/rclrs_example_msgs/msg/_my_message.py
[8.088s] -- Installing: /home/hiromichi/rost2/install/rclrs_example_msgs/local/lib/python3.10/dist-packages/rclrs_example_msgs/msg/_my_message_s.c
[8.088s] -- Installing: /home/hiromichi/rost2/install/rclrs_example_msgs/local/lib/python3.10/dist-packages/rclrs_example_msgs/msg/_various_types.py
[8.088s] -- Installing: /home/hiromichi/rost2/install/rclrs_example_msgs/local/lib/python3.10/dist-packages/rclrs_example_msgs/msg/_various_types_s.c
[8.088s] -- Installing: /home/hiromichi/rost2/install/rclrs_example_msgs/local/lib/python3.10/dist-packages/rclrs_example_msgs/msg/__init__.py
[8.088s] -- Installing: /home/hiromichi/rost2/install/rclrs_example_msgs/local/lib/python3.10/dist-packages/rclrs_example_msgs/msg/_nested_type_s.c
[8.089s] -- Installing: /home/hiromichi/rost2/install/rclrs_example_msgs/local/lib/python3.10/dist-packages/rclrs_example_msgs/_rclrs_example_msgs_s.ep.rosidl_typesupport_fastrtps_c.c
[8.089s] -- Installing: /home/hiromichi/rost2/install/rclrs_example_msgs/local/lib/python3.10/dist-packages/rclrs_example_msgs/_rclrs_example_msgs_s.ep.rosidl_typesupport_introspection_c.c
[8.089s] -- Installing: /home/hiromichi/rost2/install/rclrs_example_msgs/local/lib/python3.10/dist-packages/rclrs_example_msgs/_rclrs_example_msgs_s.ep.rosidl_typesupport_c.c
[8.089s] -- Installing: /home/hiromichi/rost2/install/rclrs_example_msgs/local/lib/python3.10/dist-packages/rclrs_example_msgs/__init__.py
[8.142s] Listing '/home/hiromichi/rost2/install/rclrs_example_msgs/local/lib/python3.10/dist-packages/rclrs_example_msgs'...
[8.142s] Compiling '/home/hiromichi/rost2/install/rclrs_example_msgs/local/lib/python3.10/dist-packages/rclrs_example_msgs/__init__.py'...
[8.142s] Listing '/home/hiromichi/rost2/install/rclrs_example_msgs/local/lib/python3.10/dist-packages/rclrs_example_msgs/msg'...
[8.142s] Compiling '/home/hiromichi/rost2/install/rclrs_example_msgs/local/lib/python3.10/dist-packages/rclrs_example_msgs/msg/__init__.py'...
[8.142s] Compiling '/home/hiromichi/rost2/install/rclrs_example_msgs/local/lib/python3.10/dist-packages/rclrs_example_msgs/msg/_my_message.py'...
[8.142s] Compiling '/home/hiromichi/rost2/install/rclrs_example_msgs/local/lib/python3.10/dist-packages/rclrs_example_msgs/msg/_nested_type.py'...
[8.143s] Compiling '/home/hiromichi/rost2/install/rclrs_example_msgs/local/lib/python3.10/dist-packages/rclrs_example_msgs/msg/_various_types.py'...
[8.149s] -- Installing: /home/hiromichi/rost2/install/rclrs_example_msgs/local/lib/python3.10/dist-packages/rclrs_example_msgs/rclrs_example_msgs_s__rosidl_typesupport_fastrtps_c.cpython-310-x86_64-linux-gnu.so
[8.149s] -- Set runtime path of "/home/hiromichi/rost2/install/rclrs_example_msgs/local/lib/python3.10/dist-packages/rclrs_example_msgs/rclrs_example_msgs_s__rosidl_typesupport_fastrtps_c.cpython-310-x86_64-linux-gnu.so" to ""
[8.149s] -- Installing: /home/hiromichi/rost2/install/rclrs_example_msgs/local/lib/python3.10/dist-packages/rclrs_example_msgs/rclrs_example_msgs_s__rosidl_typesupport_introspection_c.cpython-310-x86_64-linux-gnu.so
[8.150s] -- Set runtime path of "/home/hiromichi/rost2/install/rclrs_example_msgs/local/lib/python3.10/dist-packages/rclrs_example_msgs/rclrs_example_msgs_s__rosidl_typesupport_introspection_c.cpython-310-x86_64-linux-gnu.so" to ""
[8.150s] -- Installing: /home/hiromichi/rost2/install/rclrs_example_msgs/local/lib/python3.10/dist-packages/rclrs_example_msgs/rclrs_example_msgs_s__rosidl_typesupport_c.cpython-310-x86_64-linux-gnu.so
[8.150s] -- Set runtime path of "/home/hiromichi/rost2/install/rclrs_example_msgs/local/lib/python3.10/dist-packages/rclrs_example_msgs/rclrs_example_msgs_s__rosidl_typesupport_c.cpython-310-x86_64-linux-gnu.so" to ""
[8.150s] -- Installing: /home/hiromichi/rost2/install/rclrs_example_msgs/lib/librclrs_example_msgs__rosidl_generator_py.so
[8.150s] -- Set runtime path of "/home/hiromichi/rost2/install/rclrs_example_msgs/lib/librclrs_example_msgs__rosidl_generator_py.so" to ""
[8.151s] -- Installing: /home/hiromichi/rost2/install/rclrs_example_msgs/share/rclrs_example_msgs/msg/MyMessage.idl
[8.151s] -- Installing: /home/hiromichi/rost2/install/rclrs_example_msgs/share/rclrs_example_msgs/msg/NestedType.idl
[8.151s] -- Installing: /home/hiromichi/rost2/install/rclrs_example_msgs/share/rclrs_example_msgs/msg/VariousTypes.idl
[8.151s] -- Installing: /home/hiromichi/rost2/install/rclrs_example_msgs/share/rclrs_example_msgs/msg/NestedType.msg
[8.151s] -- Installing: /home/hiromichi/rost2/install/rclrs_example_msgs/share/rclrs_example_msgs/msg/VariousTypes.msg
[8.151s] -- Installing: /home/hiromichi/rost2/install/rclrs_example_msgs/share/ament_index/resource_index/package_run_dependencies/rclrs_example_msgs
[8.151s] -- Installing: /home/hiromichi/rost2/install/rclrs_example_msgs/share/ament_index/resource_index/parent_prefix_path/rclrs_example_msgs
[8.152s] -- Installing: /home/hiromichi/rost2/install/rclrs_example_msgs/share/rclrs_example_msgs/environment/ament_prefix_path.sh
[8.152s] -- Installing: /home/hiromichi/rost2/install/rclrs_example_msgs/share/rclrs_example_msgs/environment/ament_prefix_path.dsv
[8.152s] -- Installing: /home/hiromichi/rost2/install/rclrs_example_msgs/share/rclrs_example_msgs/environment/path.sh
[8.152s] -- Installing: /home/hiromichi/rost2/install/rclrs_example_msgs/share/rclrs_example_msgs/environment/path.dsv
[8.153s] -- Installing: /home/hiromichi/rost2/install/rclrs_example_msgs/share/rclrs_example_msgs/local_setup.bash
[8.153s] -- Installing: /home/hiromichi/rost2/install/rclrs_example_msgs/share/rclrs_example_msgs/local_setup.sh
[8.153s] -- Installing: /home/hiromichi/rost2/install/rclrs_example_msgs/share/rclrs_example_msgs/local_setup.zsh
[8.153s] -- Installing: /home/hiromichi/rost2/install/rclrs_example_msgs/share/rclrs_example_msgs/local_setup.dsv
[8.153s] -- Installing: /home/hiromichi/rost2/install/rclrs_example_msgs/share/rclrs_example_msgs/package.dsv
[8.153s] -- Installing: /home/hiromichi/rost2/install/rclrs_example_msgs/share/ament_index/resource_index/packages/rclrs_example_msgs
[8.154s] -- Installing: /home/hiromichi/rost2/install/rclrs_example_msgs/share/rclrs_example_msgs/cmake/export_rclrs_example_msgs__rosidl_generator_cExport.cmake
[8.154s] -- Installing: /home/hiromichi/rost2/install/rclrs_example_msgs/share/rclrs_example_msgs/cmake/export_rclrs_example_msgs__rosidl_generator_cExport-noconfig.cmake
[8.154s] -- Installing: /home/hiromichi/rost2/install/rclrs_example_msgs/share/rclrs_example_msgs/cmake/export_rclrs_example_msgs__rosidl_typesupport_fastrtps_cExport.cmake
[8.154s] -- Installing: /home/hiromichi/rost2/install/rclrs_example_msgs/share/rclrs_example_msgs/cmake/export_rclrs_example_msgs__rosidl_typesupport_fastrtps_cExport-noconfig.cmake
[8.154s] -- Installing: /home/hiromichi/rost2/install/rclrs_example_msgs/share/rclrs_example_msgs/cmake/rclrs_example_msgs__rosidl_typesupport_introspection_cExport.cmake
[8.154s] -- Installing: /home/hiromichi/rost2/install/rclrs_example_msgs/share/rclrs_example_msgs/cmake/rclrs_example_msgs__rosidl_typesupport_introspection_cExport-noconfig.cmake
[8.154s] -- Installing: /home/hiromichi/rost2/install/rclrs_example_msgs/share/rclrs_example_msgs/cmake/rclrs_example_msgs__rosidl_typesupport_cExport.cmake
[8.155s] -- Installing: /home/hiromichi/rost2/install/rclrs_example_msgs/share/rclrs_example_msgs/cmake/rclrs_example_msgs__rosidl_typesupport_cExport-noconfig.cmake
[8.155s] -- Installing: /home/hiromichi/rost2/install/rclrs_example_msgs/share/rclrs_example_msgs/cmake/export_rclrs_example_msgs__rosidl_generator_cppExport.cmake
[8.155s] -- Installing: /home/hiromichi/rost2/install/rclrs_example_msgs/share/rclrs_example_msgs/cmake/export_rclrs_example_msgs__rosidl_typesupport_fastrtps_cppExport.cmake
[8.155s] -- Installing: /home/hiromichi/rost2/install/rclrs_example_msgs/share/rclrs_example_msgs/cmake/export_rclrs_example_msgs__rosidl_typesupport_fastrtps_cppExport-noconfig.cmake
[8.155s] -- Installing: /home/hiromichi/rost2/install/rclrs_example_msgs/share/rclrs_example_msgs/cmake/rclrs_example_msgs__rosidl_typesupport_introspection_cppExport.cmake
[8.155s] -- Installing: /home/hiromichi/rost2/install/rclrs_example_msgs/share/rclrs_example_msgs/cmake/rclrs_example_msgs__rosidl_typesupport_introspection_cppExport-noconfig.cmake
[8.155s] -- Installing: /home/hiromichi/rost2/install/rclrs_example_msgs/share/rclrs_example_msgs/cmake/rclrs_example_msgs__rosidl_typesupport_cppExport.cmake
[8.156s] -- Installing: /home/hiromichi/rost2/install/rclrs_example_msgs/share/rclrs_example_msgs/cmake/rclrs_example_msgs__rosidl_typesupport_cppExport-noconfig.cmake
[8.156s] -- Installing: /home/hiromichi/rost2/install/rclrs_example_msgs/share/rclrs_example_msgs/cmake/export_rclrs_example_msgs__rosidl_generator_pyExport.cmake
[8.156s] -- Installing: /home/hiromichi/rost2/install/rclrs_example_msgs/share/rclrs_example_msgs/cmake/export_rclrs_example_msgs__rosidl_generator_pyExport-noconfig.cmake
[8.156s] -- Installing: /home/hiromichi/rost2/install/rclrs_example_msgs/share/rclrs_example_msgs/cmake/rosidl_cmake-extras.cmake
[8.156s] -- Installing: /home/hiromichi/rost2/install/rclrs_example_msgs/share/rclrs_example_msgs/cmake/ament_cmake_export_include_directories-extras.cmake
[8.156s] -- Installing: /home/hiromichi/rost2/install/rclrs_example_msgs/share/rclrs_example_msgs/cmake/ament_cmake_export_libraries-extras.cmake
[8.156s] -- Installing: /home/hiromichi/rost2/install/rclrs_example_msgs/share/rclrs_example_msgs/cmake/ament_cmake_export_targets-extras.cmake
[8.157s] -- Installing: /home/hiromichi/rost2/install/rclrs_example_msgs/share/rclrs_example_msgs/cmake/rosidl_cmake_export_typesupport_targets-extras.cmake
[8.157s] -- Installing: /home/hiromichi/rost2/install/rclrs_example_msgs/share/rclrs_example_msgs/cmake/ament_cmake_export_dependencies-extras.cmake
[8.157s] -- Installing: /home/hiromichi/rost2/install/rclrs_example_msgs/share/rclrs_example_msgs/cmake/rosidl_cmake_export_typesupport_libraries-extras.cmake
[8.157s] -- Installing: /home/hiromichi/rost2/install/rclrs_example_msgs/share/rclrs_example_msgs/cmake/rclrs_example_msgsConfig.cmake
[8.157s] -- Installing: /home/hiromichi/rost2/install/rclrs_example_msgs/share/rclrs_example_msgs/cmake/rclrs_example_msgsConfig-version.cmake
[8.157s] -- Installing: /home/hiromichi/rost2/install/rclrs_example_msgs/share/rclrs_example_msgs/package.xml
[8.166s] Invoked command in '/home/hiromichi/rost2/build/rclrs_example_msgs' returned '0': AMENT_PREFIX_PATH=/home/hiromichi/rost2/install/rosidl_default_runtime:/home/hiromichi/rost2/install/rosidl_default_generators:/home/hiromichi/rost2/install/rosidl_generator_rs:/home/hiromichi/rost2/install/rosidl_runtime_rs:${AMENT_PREFIX_PATH} CMAKE_PREFIX_PATH=/home/hiromichi/rost2/install/rosidl_default_runtime:/home/hiromichi/rost2/install/rosidl_default_generators:/home/hiromichi/rost2/install/rosidl_generator_rs:/opt/ros/humble PYTHONPATH=/home/hiromichi/rost2/install/rosidl_generator_rs/local/lib/python3.10/dist-packages:${PYTHONPATH} /usr/bin/cmake --install /home/hiromichi/rost2/build/rclrs_example_msgs
