[0.047s] Invoking command in '/home/hiromichi/rost2/build/statistics_msgs': AMENT_PREFIX_PATH=/home/hiromichi/rost2/install/builtin_interfaces:/home/hiromichi/rost2/install/rosidl_default_runtime:/home/hiromichi/rost2/install/rosidl_default_generators:/home/hiromichi/rost2/install/rosidl_generator_rs:/home/hiromichi/rost2/install/rosidl_runtime_rs:${AMENT_PREFIX_PATH} CMAKE_PREFIX_PATH=/home/hiromichi/rost2/install/builtin_interfaces:/home/hiromichi/rost2/install/rosidl_default_runtime:/home/hiromichi/rost2/install/rosidl_default_generators:/home/hiromichi/rost2/install/rosidl_generator_rs:/opt/ros/humble LD_LIBRARY_PATH=/home/hiromichi/rost2/install/builtin_interfaces/lib:${LD_LIBRARY_PATH} PYTHONPATH=/home/hiromichi/rost2/install/builtin_interfaces/local/lib/python3.10/dist-packages:/home/hiromichi/rost2/install/rosidl_generator_rs/local/lib/python3.10/dist-packages:${PYTHONPATH} /usr/bin/cmake --build /home/hiromichi/rost2/build/statistics_msgs -- -j20 -l20
[0.099s] [  2%] Built target statistics_msgs__rs
[0.112s] [ 12%] Built target statistics_msgs__rosidl_generator_c
[0.128s] [ 14%] Built target statistics_msgs__cpp
[0.145s] [ 14%] Built target ament_cmake_python_copy_statistics_msgs
[0.149s] [ 25%] Built target statistics_msgs__rosidl_typesupport_c
[0.151s] [ 35%] Built target statistics_msgs__rosidl_typesupport_introspection_c
[0.156s] [ 45%] Built target statistics_msgs__rosidl_typesupport_fastrtps_c
[0.162s] [ 56%] Built target statistics_msgs__rosidl_typesupport_fastrtps_cpp
[0.169s] [ 66%] Built target statistics_msgs__rosidl_typesupport_introspection_cpp
[0.176s] [ 77%] Built target statistics_msgs__rosidl_typesupport_cpp
[0.195s] [ 77%] Built target statistics_msgs
[0.213s] [ 79%] Built target statistics_msgs__py
[0.240s] [ 87%] Built target statistics_msgs__rosidl_generator_py
[0.261s] [ 91%] Built target statistics_msgs__rosidl_typesupport_c__pyext
[0.262s] [ 95%] Built target statistics_msgs__rosidl_typesupport_fastrtps_c__pyext
[0.268s] [100%] Built target statistics_msgs__rosidl_typesupport_introspection_c__pyext
[0.358s] running egg_info
[0.359s] writing statistics_msgs.egg-info/PKG-INFO
[0.359s] writing dependency_links to statistics_msgs.egg-info/dependency_links.txt
[0.360s] writing top-level names to statistics_msgs.egg-info/top_level.txt
[0.362s] reading manifest file 'statistics_msgs.egg-info/SOURCES.txt'
[0.363s] writing manifest file 'statistics_msgs.egg-info/SOURCES.txt'
[0.390s] [100%] Built target ament_cmake_python_build_statistics_msgs_egg
[0.398s] Invoked command in '/home/hiromichi/rost2/build/statistics_msgs' returned '0': AMENT_PREFIX_PATH=/home/hiromichi/rost2/install/builtin_interfaces:/home/hiromichi/rost2/install/rosidl_default_runtime:/home/hiromichi/rost2/install/rosidl_default_generators:/home/hiromichi/rost2/install/rosidl_generator_rs:/home/hiromichi/rost2/install/rosidl_runtime_rs:${AMENT_PREFIX_PATH} CMAKE_PREFIX_PATH=/home/hiromichi/rost2/install/builtin_interfaces:/home/hiromichi/rost2/install/rosidl_default_runtime:/home/hiromichi/rost2/install/rosidl_default_generators:/home/hiromichi/rost2/install/rosidl_generator_rs:/opt/ros/humble LD_LIBRARY_PATH=/home/hiromichi/rost2/install/builtin_interfaces/lib:${LD_LIBRARY_PATH} PYTHONPATH=/home/hiromichi/rost2/install/builtin_interfaces/local/lib/python3.10/dist-packages:/home/hiromichi/rost2/install/rosidl_generator_rs/local/lib/python3.10/dist-packages:${PYTHONPATH} /usr/bin/cmake --build /home/hiromichi/rost2/build/statistics_msgs -- -j20 -l20
[0.470s] Invoking command in '/home/hiromichi/rost2/build/statistics_msgs': AMENT_PREFIX_PATH=/home/hiromichi/rost2/install/builtin_interfaces:/home/hiromichi/rost2/install/rosidl_default_runtime:/home/hiromichi/rost2/install/rosidl_default_generators:/home/hiromichi/rost2/install/rosidl_generator_rs:/home/hiromichi/rost2/install/rosidl_runtime_rs:${AMENT_PREFIX_PATH} CMAKE_PREFIX_PATH=/home/hiromichi/rost2/install/builtin_interfaces:/home/hiromichi/rost2/install/rosidl_default_runtime:/home/hiromichi/rost2/install/rosidl_default_generators:/home/hiromichi/rost2/install/rosidl_generator_rs:/opt/ros/humble LD_LIBRARY_PATH=/home/hiromichi/rost2/install/builtin_interfaces/lib:${LD_LIBRARY_PATH} PYTHONPATH=/home/hiromichi/rost2/install/builtin_interfaces/local/lib/python3.10/dist-packages:/home/hiromichi/rost2/install/rosidl_generator_rs/local/lib/python3.10/dist-packages:${PYTHONPATH} /usr/bin/cmake --install /home/hiromichi/rost2/build/statistics_msgs
[0.476s] -- Install configuration: ""
[0.476s] -- Up-to-date: /home/hiromichi/rost2/install/statistics_msgs/share/ament_index/resource_index/rosidl_interfaces/statistics_msgs
[0.476s] -- Up-to-date: /home/hiromichi/rost2/install/statistics_msgs/include/statistics_msgs/statistics_msgs
[0.477s] -- Up-to-date: /home/hiromichi/rost2/install/statistics_msgs/include/statistics_msgs/statistics_msgs/msg
[0.477s] -- Up-to-date: /home/hiromichi/rost2/install/statistics_msgs/include/statistics_msgs/statistics_msgs/msg/metrics_message.h
[0.477s] -- Up-to-date: /home/hiromichi/rost2/install/statistics_msgs/include/statistics_msgs/statistics_msgs/msg/statistic_data_point.h
[0.477s] -- Up-to-date: /home/hiromichi/rost2/install/statistics_msgs/include/statistics_msgs/statistics_msgs/msg/statistic_data_type.h
[0.478s] -- Up-to-date: /home/hiromichi/rost2/install/statistics_msgs/include/statistics_msgs/statistics_msgs/msg/rosidl_generator_c__visibility_control.h
[0.479s] -- Up-to-date: /home/hiromichi/rost2/install/statistics_msgs/include/statistics_msgs/statistics_msgs/msg/detail
[0.479s] -- Up-to-date: /home/hiromichi/rost2/install/statistics_msgs/include/statistics_msgs/statistics_msgs/msg/detail/statistic_data_type__struct.h
[0.479s] -- Up-to-date: /home/hiromichi/rost2/install/statistics_msgs/include/statistics_msgs/statistics_msgs/msg/detail/statistic_data_point__functions.c
[0.479s] -- Up-to-date: /home/hiromichi/rost2/install/statistics_msgs/include/statistics_msgs/statistics_msgs/msg/detail/metrics_message__functions.h
[0.480s] -- Up-to-date: /home/hiromichi/rost2/install/statistics_msgs/include/statistics_msgs/statistics_msgs/msg/detail/statistic_data_point__struct.h
[0.480s] -- Up-to-date: /home/hiromichi/rost2/install/statistics_msgs/include/statistics_msgs/statistics_msgs/msg/detail/statistic_data_type__functions.h
[0.480s] -- Up-to-date: /home/hiromichi/rost2/install/statistics_msgs/include/statistics_msgs/statistics_msgs/msg/detail/statistic_data_point__functions.h
[0.480s] -- Up-to-date: /home/hiromichi/rost2/install/statistics_msgs/include/statistics_msgs/statistics_msgs/msg/detail/statistic_data_type__functions.c
[0.480s] -- Up-to-date: /home/hiromichi/rost2/install/statistics_msgs/include/statistics_msgs/statistics_msgs/msg/detail/statistic_data_type__type_support.h
[0.480s] -- Up-to-date: /home/hiromichi/rost2/install/statistics_msgs/include/statistics_msgs/statistics_msgs/msg/detail/metrics_message__struct.h
[0.481s] -- Up-to-date: /home/hiromichi/rost2/install/statistics_msgs/include/statistics_msgs/statistics_msgs/msg/detail/metrics_message__functions.c
[0.481s] -- Up-to-date: /home/hiromichi/rost2/install/statistics_msgs/include/statistics_msgs/statistics_msgs/msg/detail/metrics_message__type_support.h
[0.481s] -- Up-to-date: /home/hiromichi/rost2/install/statistics_msgs/include/statistics_msgs/statistics_msgs/msg/detail/statistic_data_point__type_support.h
[0.482s] -- Up-to-date: /home/hiromichi/rost2/install/statistics_msgs/share/statistics_msgs/environment/library_path.sh
[0.483s] -- Up-to-date: /home/hiromichi/rost2/install/statistics_msgs/share/statistics_msgs/environment/library_path.dsv
[0.483s] -- Up-to-date: /home/hiromichi/rost2/install/statistics_msgs/lib/libstatistics_msgs__rosidl_generator_c.so
[0.484s] -- Up-to-date: /home/hiromichi/rost2/install/statistics_msgs/include/statistics_msgs/statistics_msgs
[0.484s] -- Up-to-date: /home/hiromichi/rost2/install/statistics_msgs/include/statistics_msgs/statistics_msgs/msg
[0.484s] -- Up-to-date: /home/hiromichi/rost2/install/statistics_msgs/include/statistics_msgs/statistics_msgs/msg/rosidl_typesupport_fastrtps_c__visibility_control.h
[0.484s] -- Up-to-date: /home/hiromichi/rost2/install/statistics_msgs/include/statistics_msgs/statistics_msgs/msg/detail
[0.485s] -- Up-to-date: /home/hiromichi/rost2/install/statistics_msgs/include/statistics_msgs/statistics_msgs/msg/detail/statistic_data_point__rosidl_typesupport_fastrtps_c.h
[0.485s] -- Up-to-date: /home/hiromichi/rost2/install/statistics_msgs/include/statistics_msgs/statistics_msgs/msg/detail/metrics_message__rosidl_typesupport_fastrtps_c.h
[0.486s] -- Up-to-date: /home/hiromichi/rost2/install/statistics_msgs/include/statistics_msgs/statistics_msgs/msg/detail/statistic_data_type__rosidl_typesupport_fastrtps_c.h
[0.486s] -- Up-to-date: /home/hiromichi/rost2/install/statistics_msgs/lib/libstatistics_msgs__rosidl_typesupport_fastrtps_c.so
[0.486s] -- Up-to-date: /home/hiromichi/rost2/install/statistics_msgs/include/statistics_msgs/statistics_msgs
[0.486s] -- Up-to-date: /home/hiromichi/rost2/install/statistics_msgs/include/statistics_msgs/statistics_msgs/msg
[0.486s] -- Up-to-date: /home/hiromichi/rost2/install/statistics_msgs/include/statistics_msgs/statistics_msgs/msg/metrics_message.hpp
[0.486s] -- Up-to-date: /home/hiromichi/rost2/install/statistics_msgs/include/statistics_msgs/statistics_msgs/msg/statistic_data_type.hpp
[0.486s] -- Up-to-date: /home/hiromichi/rost2/install/statistics_msgs/include/statistics_msgs/statistics_msgs/msg/statistic_data_point.hpp
[0.487s] -- Up-to-date: /home/hiromichi/rost2/install/statistics_msgs/include/statistics_msgs/statistics_msgs/msg/detail
[0.487s] -- Up-to-date: /home/hiromichi/rost2/install/statistics_msgs/include/statistics_msgs/statistics_msgs/msg/detail/metrics_message__traits.hpp
[0.488s] -- Up-to-date: /home/hiromichi/rost2/install/statistics_msgs/include/statistics_msgs/statistics_msgs/msg/detail/statistic_data_point__builder.hpp
[0.488s] -- Up-to-date: /home/hiromichi/rost2/install/statistics_msgs/include/statistics_msgs/statistics_msgs/msg/detail/metrics_message__builder.hpp
[0.488s] -- Up-to-date: /home/hiromichi/rost2/install/statistics_msgs/include/statistics_msgs/statistics_msgs/msg/detail/statistic_data_point__struct.hpp
[0.488s] -- Up-to-date: /home/hiromichi/rost2/install/statistics_msgs/include/statistics_msgs/statistics_msgs/msg/detail/metrics_message__struct.hpp
[0.488s] -- Up-to-date: /home/hiromichi/rost2/install/statistics_msgs/include/statistics_msgs/statistics_msgs/msg/detail/statistic_data_point__traits.hpp
[0.488s] -- Up-to-date: /home/hiromichi/rost2/install/statistics_msgs/include/statistics_msgs/statistics_msgs/msg/detail/statistic_data_type__traits.hpp
[0.488s] -- Up-to-date: /home/hiromichi/rost2/install/statistics_msgs/include/statistics_msgs/statistics_msgs/msg/detail/statistic_data_type__builder.hpp
[0.489s] -- Up-to-date: /home/hiromichi/rost2/install/statistics_msgs/include/statistics_msgs/statistics_msgs/msg/detail/statistic_data_type__struct.hpp
[0.489s] -- Up-to-date: /home/hiromichi/rost2/install/statistics_msgs/include/statistics_msgs/statistics_msgs
[0.489s] -- Up-to-date: /home/hiromichi/rost2/install/statistics_msgs/include/statistics_msgs/statistics_msgs/msg
[0.489s] -- Up-to-date: /home/hiromichi/rost2/install/statistics_msgs/include/statistics_msgs/statistics_msgs/msg/rosidl_typesupport_fastrtps_cpp__visibility_control.h
[0.489s] -- Up-to-date: /home/hiromichi/rost2/install/statistics_msgs/include/statistics_msgs/statistics_msgs/msg/detail
[0.490s] -- Up-to-date: /home/hiromichi/rost2/install/statistics_msgs/include/statistics_msgs/statistics_msgs/msg/detail/statistic_data_point__rosidl_typesupport_fastrtps_cpp.hpp
[0.490s] -- Up-to-date: /home/hiromichi/rost2/install/statistics_msgs/include/statistics_msgs/statistics_msgs/msg/detail/dds_fastrtps
[0.490s] -- Up-to-date: /home/hiromichi/rost2/install/statistics_msgs/include/statistics_msgs/statistics_msgs/msg/detail/metrics_message__rosidl_typesupport_fastrtps_cpp.hpp
[0.491s] -- Up-to-date: /home/hiromichi/rost2/install/statistics_msgs/include/statistics_msgs/statistics_msgs/msg/detail/statistic_data_type__rosidl_typesupport_fastrtps_cpp.hpp
[0.496s] -- Up-to-date: /home/hiromichi/rost2/install/statistics_msgs/lib/libstatistics_msgs__rosidl_typesupport_fastrtps_cpp.so
[0.497s] -- Up-to-date: /home/hiromichi/rost2/install/statistics_msgs/include/statistics_msgs/statistics_msgs
[0.497s] -- Up-to-date: /home/hiromichi/rost2/install/statistics_msgs/include/statistics_msgs/statistics_msgs/msg
[0.497s] -- Up-to-date: /home/hiromichi/rost2/install/statistics_msgs/include/statistics_msgs/statistics_msgs/msg/rosidl_typesupport_introspection_c__visibility_control.h
[0.497s] -- Up-to-date: /home/hiromichi/rost2/install/statistics_msgs/include/statistics_msgs/statistics_msgs/msg/detail
[0.498s] -- Up-to-date: /home/hiromichi/rost2/install/statistics_msgs/include/statistics_msgs/statistics_msgs/msg/detail/statistic_data_point__type_support.c
[0.499s] -- Up-to-date: /home/hiromichi/rost2/install/statistics_msgs/include/statistics_msgs/statistics_msgs/msg/detail/statistic_data_type__rosidl_typesupport_introspection_c.h
[0.499s] -- Up-to-date: /home/hiromichi/rost2/install/statistics_msgs/include/statistics_msgs/statistics_msgs/msg/detail/statistic_data_type__type_support.c
[0.499s] -- Up-to-date: /home/hiromichi/rost2/install/statistics_msgs/include/statistics_msgs/statistics_msgs/msg/detail/metrics_message__type_support.c
[0.499s] -- Up-to-date: /home/hiromichi/rost2/install/statistics_msgs/include/statistics_msgs/statistics_msgs/msg/detail/metrics_message__rosidl_typesupport_introspection_c.h
[0.499s] -- Up-to-date: /home/hiromichi/rost2/install/statistics_msgs/include/statistics_msgs/statistics_msgs/msg/detail/statistic_data_point__rosidl_typesupport_introspection_c.h
[0.500s] -- Up-to-date: /home/hiromichi/rost2/install/statistics_msgs/lib/libstatistics_msgs__rosidl_typesupport_introspection_c.so
[0.500s] -- Up-to-date: /home/hiromichi/rost2/install/statistics_msgs/lib/libstatistics_msgs__rosidl_typesupport_c.so
[0.500s] -- Up-to-date: /home/hiromichi/rost2/install/statistics_msgs/include/statistics_msgs/statistics_msgs
[0.501s] -- Up-to-date: /home/hiromichi/rost2/install/statistics_msgs/include/statistics_msgs/statistics_msgs/msg
[0.501s] -- Up-to-date: /home/hiromichi/rost2/install/statistics_msgs/include/statistics_msgs/statistics_msgs/msg/detail
[0.501s] -- Up-to-date: /home/hiromichi/rost2/install/statistics_msgs/include/statistics_msgs/statistics_msgs/msg/detail/statistic_data_point__type_support.cpp
[0.501s] -- Up-to-date: /home/hiromichi/rost2/install/statistics_msgs/include/statistics_msgs/statistics_msgs/msg/detail/statistic_data_type__rosidl_typesupport_introspection_cpp.hpp
[0.502s] -- Up-to-date: /home/hiromichi/rost2/install/statistics_msgs/include/statistics_msgs/statistics_msgs/msg/detail/metrics_message__type_support.cpp
[0.502s] -- Up-to-date: /home/hiromichi/rost2/install/statistics_msgs/include/statistics_msgs/statistics_msgs/msg/detail/metrics_message__rosidl_typesupport_introspection_cpp.hpp
[0.505s] -- Up-to-date: /home/hiromichi/rost2/install/statistics_msgs/include/statistics_msgs/statistics_msgs/msg/detail/statistic_data_point__rosidl_typesupport_introspection_cpp.hpp
[0.505s] -- Up-to-date: /home/hiromichi/rost2/install/statistics_msgs/include/statistics_msgs/statistics_msgs/msg/detail/statistic_data_type__type_support.cpp
[0.506s] -- Up-to-date: /home/hiromichi/rost2/install/statistics_msgs/lib/libstatistics_msgs__rosidl_typesupport_introspection_cpp.so
[0.507s] -- Up-to-date: /home/hiromichi/rost2/install/statistics_msgs/lib/libstatistics_msgs__rosidl_typesupport_cpp.so
[0.507s] -- Up-to-date: /home/hiromichi/rost2/install/statistics_msgs/share/ament_index/resource_index/rust_packages/statistics_msgs
[0.507s] -- Up-to-date: /home/hiromichi/rost2/install/statistics_msgs/share/statistics_msgs/rust
[0.507s] -- Up-to-date: /home/hiromichi/rost2/install/statistics_msgs/share/statistics_msgs/rust/src
[0.507s] -- Up-to-date: /home/hiromichi/rost2/install/statistics_msgs/share/statistics_msgs/rust/src/msg.rs
[0.508s] -- Up-to-date: /home/hiromichi/rost2/install/statistics_msgs/share/statistics_msgs/rust/src/lib.rs
[0.508s] -- Up-to-date: /home/hiromichi/rost2/install/statistics_msgs/share/statistics_msgs/rust/Cargo.toml
[0.508s] -- Up-to-date: /home/hiromichi/rost2/install/statistics_msgs/share/statistics_msgs/rust/build.rs
[0.508s] -- Up-to-date: /home/hiromichi/rost2/install/statistics_msgs/share/statistics_msgs/environment/pythonpath.sh
[0.509s] -- Up-to-date: /home/hiromichi/rost2/install/statistics_msgs/share/statistics_msgs/environment/pythonpath.dsv
[0.509s] -- Up-to-date: /home/hiromichi/rost2/install/statistics_msgs/local/lib/python3.10/dist-packages/statistics_msgs-1.2.1-py3.10.egg-info
[0.509s] -- Installing: /home/hiromichi/rost2/install/statistics_msgs/local/lib/python3.10/dist-packages/statistics_msgs-1.2.1-py3.10.egg-info/top_level.txt
[0.509s] -- Installing: /home/hiromichi/rost2/install/statistics_msgs/local/lib/python3.10/dist-packages/statistics_msgs-1.2.1-py3.10.egg-info/dependency_links.txt
[0.509s] -- Installing: /home/hiromichi/rost2/install/statistics_msgs/local/lib/python3.10/dist-packages/statistics_msgs-1.2.1-py3.10.egg-info/SOURCES.txt
[0.510s] -- Installing: /home/hiromichi/rost2/install/statistics_msgs/local/lib/python3.10/dist-packages/statistics_msgs-1.2.1-py3.10.egg-info/PKG-INFO
[0.510s] -- Up-to-date: /home/hiromichi/rost2/install/statistics_msgs/local/lib/python3.10/dist-packages/statistics_msgs
[0.510s] -- Up-to-date: /home/hiromichi/rost2/install/statistics_msgs/local/lib/python3.10/dist-packages/statistics_msgs/_statistics_msgs_s.ep.rosidl_typesupport_introspection_c.c
[0.511s] -- Up-to-date: /home/hiromichi/rost2/install/statistics_msgs/local/lib/python3.10/dist-packages/statistics_msgs/statistics_msgs_s__rosidl_typesupport_fastrtps_c.cpython-310-x86_64-linux-gnu.so
[0.511s] -- Up-to-date: /home/hiromichi/rost2/install/statistics_msgs/local/lib/python3.10/dist-packages/statistics_msgs/libstatistics_msgs__rosidl_generator_py.so
[0.512s] -- Up-to-date: /home/hiromichi/rost2/install/statistics_msgs/local/lib/python3.10/dist-packages/statistics_msgs/msg
[0.512s] -- Up-to-date: /home/hiromichi/rost2/install/statistics_msgs/local/lib/python3.10/dist-packages/statistics_msgs/msg/_metrics_message.py
[0.512s] -- Up-to-date: /home/hiromichi/rost2/install/statistics_msgs/local/lib/python3.10/dist-packages/statistics_msgs/msg/_statistic_data_point.py
[0.512s] -- Up-to-date: /home/hiromichi/rost2/install/statistics_msgs/local/lib/python3.10/dist-packages/statistics_msgs/msg/_statistic_data_point_s.c
[0.513s] -- Up-to-date: /home/hiromichi/rost2/install/statistics_msgs/local/lib/python3.10/dist-packages/statistics_msgs/msg/_metrics_message_s.c
[0.513s] -- Up-to-date: /home/hiromichi/rost2/install/statistics_msgs/local/lib/python3.10/dist-packages/statistics_msgs/msg/_statistic_data_type_s.c
[0.513s] -- Up-to-date: /home/hiromichi/rost2/install/statistics_msgs/local/lib/python3.10/dist-packages/statistics_msgs/msg/_statistic_data_type.py
[0.514s] -- Up-to-date: /home/hiromichi/rost2/install/statistics_msgs/local/lib/python3.10/dist-packages/statistics_msgs/msg/__init__.py
[0.514s] -- Up-to-date: /home/hiromichi/rost2/install/statistics_msgs/local/lib/python3.10/dist-packages/statistics_msgs/_statistics_msgs_s.ep.rosidl_typesupport_fastrtps_c.c
[0.514s] -- Up-to-date: /home/hiromichi/rost2/install/statistics_msgs/local/lib/python3.10/dist-packages/statistics_msgs/statistics_msgs_s__rosidl_typesupport_introspection_c.cpython-310-x86_64-linux-gnu.so
[0.515s] -- Up-to-date: /home/hiromichi/rost2/install/statistics_msgs/local/lib/python3.10/dist-packages/statistics_msgs/_statistics_msgs_s.ep.rosidl_typesupport_c.c
[0.515s] -- Up-to-date: /home/hiromichi/rost2/install/statistics_msgs/local/lib/python3.10/dist-packages/statistics_msgs/__init__.py
[0.515s] -- Up-to-date: /home/hiromichi/rost2/install/statistics_msgs/local/lib/python3.10/dist-packages/statistics_msgs/statistics_msgs_s__rosidl_typesupport_c.cpython-310-x86_64-linux-gnu.so
[0.547s] Listing '/home/hiromichi/rost2/install/statistics_msgs/local/lib/python3.10/dist-packages/statistics_msgs'...
[0.547s] Listing '/home/hiromichi/rost2/install/statistics_msgs/local/lib/python3.10/dist-packages/statistics_msgs/msg'...
[0.547s] -- Up-to-date: /home/hiromichi/rost2/install/statistics_msgs/local/lib/python3.10/dist-packages/statistics_msgs/statistics_msgs_s__rosidl_typesupport_fastrtps_c.cpython-310-x86_64-linux-gnu.so
[0.547s] -- Up-to-date: /home/hiromichi/rost2/install/statistics_msgs/local/lib/python3.10/dist-packages/statistics_msgs/statistics_msgs_s__rosidl_typesupport_introspection_c.cpython-310-x86_64-linux-gnu.so
[0.547s] -- Up-to-date: /home/hiromichi/rost2/install/statistics_msgs/local/lib/python3.10/dist-packages/statistics_msgs/statistics_msgs_s__rosidl_typesupport_c.cpython-310-x86_64-linux-gnu.so
[0.547s] -- Up-to-date: /home/hiromichi/rost2/install/statistics_msgs/lib/libstatistics_msgs__rosidl_generator_py.so
[0.548s] -- Up-to-date: /home/hiromichi/rost2/install/statistics_msgs/share/statistics_msgs/msg/MetricsMessage.idl
[0.548s] -- Up-to-date: /home/hiromichi/rost2/install/statistics_msgs/share/statistics_msgs/msg/StatisticDataPoint.idl
[0.548s] -- Up-to-date: /home/hiromichi/rost2/install/statistics_msgs/share/statistics_msgs/msg/StatisticDataType.idl
[0.548s] -- Up-to-date: /home/hiromichi/rost2/install/statistics_msgs/share/statistics_msgs/msg/MetricsMessage.msg
[0.548s] -- Up-to-date: /home/hiromichi/rost2/install/statistics_msgs/share/statistics_msgs/msg/StatisticDataPoint.msg
[0.549s] -- Up-to-date: /home/hiromichi/rost2/install/statistics_msgs/share/statistics_msgs/msg/StatisticDataType.msg
[0.549s] -- Up-to-date: /home/hiromichi/rost2/install/statistics_msgs/share/ament_index/resource_index/package_run_dependencies/statistics_msgs
[0.549s] -- Up-to-date: /home/hiromichi/rost2/install/statistics_msgs/share/ament_index/resource_index/parent_prefix_path/statistics_msgs
[0.550s] -- Up-to-date: /home/hiromichi/rost2/install/statistics_msgs/share/statistics_msgs/environment/ament_prefix_path.sh
[0.550s] -- Up-to-date: /home/hiromichi/rost2/install/statistics_msgs/share/statistics_msgs/environment/ament_prefix_path.dsv
[0.550s] -- Up-to-date: /home/hiromichi/rost2/install/statistics_msgs/share/statistics_msgs/environment/path.sh
[0.551s] -- Up-to-date: /home/hiromichi/rost2/install/statistics_msgs/share/statistics_msgs/environment/path.dsv
[0.551s] -- Up-to-date: /home/hiromichi/rost2/install/statistics_msgs/share/statistics_msgs/local_setup.bash
[0.551s] -- Up-to-date: /home/hiromichi/rost2/install/statistics_msgs/share/statistics_msgs/local_setup.sh
[0.551s] -- Up-to-date: /home/hiromichi/rost2/install/statistics_msgs/share/statistics_msgs/local_setup.zsh
[0.552s] -- Up-to-date: /home/hiromichi/rost2/install/statistics_msgs/share/statistics_msgs/local_setup.dsv
[0.552s] -- Installing: /home/hiromichi/rost2/install/statistics_msgs/share/statistics_msgs/package.dsv
[0.552s] -- Up-to-date: /home/hiromichi/rost2/install/statistics_msgs/share/ament_index/resource_index/packages/statistics_msgs
[0.552s] -- Up-to-date: /home/hiromichi/rost2/install/statistics_msgs/share/statistics_msgs/cmake/export_statistics_msgs__rosidl_generator_cExport.cmake
[0.553s] -- Up-to-date: /home/hiromichi/rost2/install/statistics_msgs/share/statistics_msgs/cmake/export_statistics_msgs__rosidl_generator_cExport-noconfig.cmake
[0.553s] -- Up-to-date: /home/hiromichi/rost2/install/statistics_msgs/share/statistics_msgs/cmake/export_statistics_msgs__rosidl_typesupport_fastrtps_cExport.cmake
[0.554s] -- Up-to-date: /home/hiromichi/rost2/install/statistics_msgs/share/statistics_msgs/cmake/export_statistics_msgs__rosidl_typesupport_fastrtps_cExport-noconfig.cmake
[0.554s] -- Up-to-date: /home/hiromichi/rost2/install/statistics_msgs/share/statistics_msgs/cmake/export_statistics_msgs__rosidl_generator_cppExport.cmake
[0.555s] -- Up-to-date: /home/hiromichi/rost2/install/statistics_msgs/share/statistics_msgs/cmake/export_statistics_msgs__rosidl_typesupport_fastrtps_cppExport.cmake
[0.555s] -- Up-to-date: /home/hiromichi/rost2/install/statistics_msgs/share/statistics_msgs/cmake/export_statistics_msgs__rosidl_typesupport_fastrtps_cppExport-noconfig.cmake
[0.556s] -- Up-to-date: /home/hiromichi/rost2/install/statistics_msgs/share/statistics_msgs/cmake/statistics_msgs__rosidl_typesupport_introspection_cExport.cmake
[0.556s] -- Up-to-date: /home/hiromichi/rost2/install/statistics_msgs/share/statistics_msgs/cmake/statistics_msgs__rosidl_typesupport_introspection_cExport-noconfig.cmake
[0.556s] -- Up-to-date: /home/hiromichi/rost2/install/statistics_msgs/share/statistics_msgs/cmake/statistics_msgs__rosidl_typesupport_cExport.cmake
[0.557s] -- Up-to-date: /home/hiromichi/rost2/install/statistics_msgs/share/statistics_msgs/cmake/statistics_msgs__rosidl_typesupport_cExport-noconfig.cmake
[0.557s] -- Up-to-date: /home/hiromichi/rost2/install/statistics_msgs/share/statistics_msgs/cmake/statistics_msgs__rosidl_typesupport_introspection_cppExport.cmake
[0.558s] -- Up-to-date: /home/hiromichi/rost2/install/statistics_msgs/share/statistics_msgs/cmake/statistics_msgs__rosidl_typesupport_introspection_cppExport-noconfig.cmake
[0.558s] -- Up-to-date: /home/hiromichi/rost2/install/statistics_msgs/share/statistics_msgs/cmake/statistics_msgs__rosidl_typesupport_cppExport.cmake
[0.558s] -- Up-to-date: /home/hiromichi/rost2/install/statistics_msgs/share/statistics_msgs/cmake/statistics_msgs__rosidl_typesupport_cppExport-noconfig.cmake
[0.558s] -- Up-to-date: /home/hiromichi/rost2/install/statistics_msgs/share/statistics_msgs/cmake/export_statistics_msgs__rosidl_generator_pyExport.cmake
[0.558s] -- Up-to-date: /home/hiromichi/rost2/install/statistics_msgs/share/statistics_msgs/cmake/export_statistics_msgs__rosidl_generator_pyExport-noconfig.cmake
[0.558s] -- Up-to-date: /home/hiromichi/rost2/install/statistics_msgs/share/statistics_msgs/cmake/rosidl_cmake-extras.cmake
[0.559s] -- Up-to-date: /home/hiromichi/rost2/install/statistics_msgs/share/statistics_msgs/cmake/ament_cmake_export_dependencies-extras.cmake
[0.559s] -- Up-to-date: /home/hiromichi/rost2/install/statistics_msgs/share/statistics_msgs/cmake/ament_cmake_export_include_directories-extras.cmake
[0.559s] -- Up-to-date: /home/hiromichi/rost2/install/statistics_msgs/share/statistics_msgs/cmake/ament_cmake_export_libraries-extras.cmake
[0.559s] -- Up-to-date: /home/hiromichi/rost2/install/statistics_msgs/share/statistics_msgs/cmake/ament_cmake_export_targets-extras.cmake
[0.559s] -- Up-to-date: /home/hiromichi/rost2/install/statistics_msgs/share/statistics_msgs/cmake/rosidl_cmake_export_typesupport_targets-extras.cmake
[0.559s] -- Up-to-date: /home/hiromichi/rost2/install/statistics_msgs/share/statistics_msgs/cmake/rosidl_cmake_export_typesupport_libraries-extras.cmake
[0.559s] -- Up-to-date: /home/hiromichi/rost2/install/statistics_msgs/share/statistics_msgs/cmake/statistics_msgsConfig.cmake
[0.559s] -- Up-to-date: /home/hiromichi/rost2/install/statistics_msgs/share/statistics_msgs/cmake/statistics_msgsConfig-version.cmake
[0.559s] -- Up-to-date: /home/hiromichi/rost2/install/statistics_msgs/share/statistics_msgs/package.xml
[0.567s] Invoked command in '/home/hiromichi/rost2/build/statistics_msgs' returned '0': AMENT_PREFIX_PATH=/home/hiromichi/rost2/install/builtin_interfaces:/home/hiromichi/rost2/install/rosidl_default_runtime:/home/hiromichi/rost2/install/rosidl_default_generators:/home/hiromichi/rost2/install/rosidl_generator_rs:/home/hiromichi/rost2/install/rosidl_runtime_rs:${AMENT_PREFIX_PATH} CMAKE_PREFIX_PATH=/home/hiromichi/rost2/install/builtin_interfaces:/home/hiromichi/rost2/install/rosidl_default_runtime:/home/hiromichi/rost2/install/rosidl_default_generators:/home/hiromichi/rost2/install/rosidl_generator_rs:/opt/ros/humble LD_LIBRARY_PATH=/home/hiromichi/rost2/install/builtin_interfaces/lib:${LD_LIBRARY_PATH} PYTHONPATH=/home/hiromichi/rost2/install/builtin_interfaces/local/lib/python3.10/dist-packages:/home/hiromichi/rost2/install/rosidl_generator_rs/local/lib/python3.10/dist-packages:${PYTHONPATH} /usr/bin/cmake --install /home/hiromichi/rost2/build/statistics_msgs
