[0.360s] Invoking command in '/home/hiro/rust_ws/src/build/diagnostic_msgs': AMENT_PREFIX_PATH=/home/hiro/rust_ws/src/install/geometry_msgs:/home/hiro/rust_ws/src/install/std_msgs:/home/hiro/rust_ws/src/install/builtin_interfaces:/home/hiro/rust_ws/src/install/rosidl_default_runtime:/home/hiro/rust_ws/src/install/rosidl_default_generators:/home/hiro/rust_ws/src/install/rosidl_generator_rs:/home/hiro/rust_ws/src/install/rosidl_runtime_rs:${AMENT_PREFIX_PATH} CMAKE_PREFIX_PATH=/home/hiro/rust_ws/src/install/geometry_msgs:/home/hiro/rust_ws/src/install/std_msgs:/home/hiro/rust_ws/src/install/builtin_interfaces:/home/hiro/rust_ws/src/install/rosidl_default_runtime:/home/hiro/rust_ws/src/install/rosidl_default_generators:/home/hiro/rust_ws/src/install/rosidl_generator_rs:/home/hiro/ws_livox/install/livox_ros_driver2:/opt/ros/humble LD_LIBRARY_PATH=/home/hiro/rust_ws/src/install/geometry_msgs/lib:/home/hiro/rust_ws/src/install/std_msgs/lib:/home/hiro/rust_ws/src/install/builtin_interfaces/lib:${LD_LIBRARY_PATH} PYTHONPATH=/home/hiro/rust_ws/src/install/geometry_msgs/local/lib/python3.10/dist-packages:/home/hiro/rust_ws/src/install/std_msgs/local/lib/python3.10/dist-packages:/home/hiro/rust_ws/src/install/builtin_interfaces/local/lib/python3.10/dist-packages:/home/hiro/rust_ws/src/install/rosidl_generator_rs/local/lib/python3.10/dist-packages:${PYTHONPATH} /usr/bin/cmake --build /home/hiro/rust_ws/src/build/diagnostic_msgs -- -j22 -l22
[0.412s] [ 10%] Built target diagnostic_msgs__rosidl_generator_c
[0.414s] [ 12%] Built target diagnostic_msgs__cpp
[0.416s] [ 14%] Built target diagnostic_msgs__rs
[0.427s] [ 14%] Built target ament_cmake_python_copy_diagnostic_msgs
[0.448s] [ 25%] Built target diagnostic_msgs__rosidl_typesupport_c
[0.463s] [ 46%] Built target diagnostic_msgs__rosidl_typesupport_introspection_cpp
[0.463s] [ 46%] Built target diagnostic_msgs__rosidl_typesupport_fastrtps_c
[0.463s] [ 57%] Built target diagnostic_msgs__rosidl_typesupport_introspection_c
[0.464s] [ 70%] Built target diagnostic_msgs__rosidl_typesupport_fastrtps_cpp
[0.465s] [ 79%] Built target diagnostic_msgs__rosidl_typesupport_cpp
[0.507s] [ 79%] Built target diagnostic_msgs
[0.542s] [ 81%] Built target diagnostic_msgs__py
[0.568s] [ 90%] Built target diagnostic_msgs__rosidl_generator_py
[0.595s] [ 93%] Built target diagnostic_msgs__rosidl_typesupport_introspection_c__pyext
[0.596s] [ 96%] Built target diagnostic_msgs__rosidl_typesupport_c__pyext
[0.597s] [100%] Built target diagnostic_msgs__rosidl_typesupport_fastrtps_c__pyext
[0.876s] running egg_info
[0.893s] writing diagnostic_msgs.egg-info/PKG-INFO
[0.893s] writing dependency_links to diagnostic_msgs.egg-info/dependency_links.txt
[0.893s] writing top-level names to diagnostic_msgs.egg-info/top_level.txt
[0.934s] reading manifest file 'diagnostic_msgs.egg-info/SOURCES.txt'
[0.934s] writing manifest file 'diagnostic_msgs.egg-info/SOURCES.txt'
[0.986s] [100%] Built target ament_cmake_python_build_diagnostic_msgs_egg
[1.000s] Invoked command in '/home/hiro/rust_ws/src/build/diagnostic_msgs' returned '0': AMENT_PREFIX_PATH=/home/hiro/rust_ws/src/install/geometry_msgs:/home/hiro/rust_ws/src/install/std_msgs:/home/hiro/rust_ws/src/install/builtin_interfaces:/home/hiro/rust_ws/src/install/rosidl_default_runtime:/home/hiro/rust_ws/src/install/rosidl_default_generators:/home/hiro/rust_ws/src/install/rosidl_generator_rs:/home/hiro/rust_ws/src/install/rosidl_runtime_rs:${AMENT_PREFIX_PATH} CMAKE_PREFIX_PATH=/home/hiro/rust_ws/src/install/geometry_msgs:/home/hiro/rust_ws/src/install/std_msgs:/home/hiro/rust_ws/src/install/builtin_interfaces:/home/hiro/rust_ws/src/install/rosidl_default_runtime:/home/hiro/rust_ws/src/install/rosidl_default_generators:/home/hiro/rust_ws/src/install/rosidl_generator_rs:/home/hiro/ws_livox/install/livox_ros_driver2:/opt/ros/humble LD_LIBRARY_PATH=/home/hiro/rust_ws/src/install/geometry_msgs/lib:/home/hiro/rust_ws/src/install/std_msgs/lib:/home/hiro/rust_ws/src/install/builtin_interfaces/lib:${LD_LIBRARY_PATH} PYTHONPATH=/home/hiro/rust_ws/src/install/geometry_msgs/local/lib/python3.10/dist-packages:/home/hiro/rust_ws/src/install/std_msgs/local/lib/python3.10/dist-packages:/home/hiro/rust_ws/src/install/builtin_interfaces/local/lib/python3.10/dist-packages:/home/hiro/rust_ws/src/install/rosidl_generator_rs/local/lib/python3.10/dist-packages:${PYTHONPATH} /usr/bin/cmake --build /home/hiro/rust_ws/src/build/diagnostic_msgs -- -j22 -l22
[1.125s] Invoking command in '/home/hiro/rust_ws/src/build/diagnostic_msgs': AMENT_PREFIX_PATH=/home/hiro/rust_ws/src/install/geometry_msgs:/home/hiro/rust_ws/src/install/std_msgs:/home/hiro/rust_ws/src/install/builtin_interfaces:/home/hiro/rust_ws/src/install/rosidl_default_runtime:/home/hiro/rust_ws/src/install/rosidl_default_generators:/home/hiro/rust_ws/src/install/rosidl_generator_rs:/home/hiro/rust_ws/src/install/rosidl_runtime_rs:${AMENT_PREFIX_PATH} CMAKE_PREFIX_PATH=/home/hiro/rust_ws/src/install/geometry_msgs:/home/hiro/rust_ws/src/install/std_msgs:/home/hiro/rust_ws/src/install/builtin_interfaces:/home/hiro/rust_ws/src/install/rosidl_default_runtime:/home/hiro/rust_ws/src/install/rosidl_default_generators:/home/hiro/rust_ws/src/install/rosidl_generator_rs:/home/hiro/ws_livox/install/livox_ros_driver2:/opt/ros/humble LD_LIBRARY_PATH=/home/hiro/rust_ws/src/install/geometry_msgs/lib:/home/hiro/rust_ws/src/install/std_msgs/lib:/home/hiro/rust_ws/src/install/builtin_interfaces/lib:${LD_LIBRARY_PATH} PYTHONPATH=/home/hiro/rust_ws/src/install/geometry_msgs/local/lib/python3.10/dist-packages:/home/hiro/rust_ws/src/install/std_msgs/local/lib/python3.10/dist-packages:/home/hiro/rust_ws/src/install/builtin_interfaces/local/lib/python3.10/dist-packages:/home/hiro/rust_ws/src/install/rosidl_generator_rs/local/lib/python3.10/dist-packages:${PYTHONPATH} /usr/bin/cmake --install /home/hiro/rust_ws/src/build/diagnostic_msgs
[1.133s] -- Install configuration: ""
[1.133s] -- Up-to-date: /home/hiro/rust_ws/src/install/diagnostic_msgs/share/ament_index/resource_index/rosidl_interfaces/diagnostic_msgs
[1.134s] -- Up-to-date: /home/hiro/rust_ws/src/install/diagnostic_msgs/include/diagnostic_msgs/diagnostic_msgs
[1.135s] -- Up-to-date: /home/hiro/rust_ws/src/install/diagnostic_msgs/include/diagnostic_msgs/diagnostic_msgs/msg
[1.136s] -- Up-to-date: /home/hiro/rust_ws/src/install/diagnostic_msgs/include/diagnostic_msgs/diagnostic_msgs/msg/diagnostic_status.h
[1.138s] -- Up-to-date: /home/hiro/rust_ws/src/install/diagnostic_msgs/include/diagnostic_msgs/diagnostic_msgs/msg/key_value.h
[1.139s] -- Up-to-date: /home/hiro/rust_ws/src/install/diagnostic_msgs/include/diagnostic_msgs/diagnostic_msgs/msg/rosidl_generator_c__visibility_control.h
[1.140s] -- Up-to-date: /home/hiro/rust_ws/src/install/diagnostic_msgs/include/diagnostic_msgs/diagnostic_msgs/msg/detail
[1.140s] -- Up-to-date: /home/hiro/rust_ws/src/install/diagnostic_msgs/include/diagnostic_msgs/diagnostic_msgs/msg/detail/diagnostic_status__functions.c
[1.140s] -- Up-to-date: /home/hiro/rust_ws/src/install/diagnostic_msgs/include/diagnostic_msgs/diagnostic_msgs/msg/detail/diagnostic_array__functions.c
[1.141s] -- Up-to-date: /home/hiro/rust_ws/src/install/diagnostic_msgs/include/diagnostic_msgs/diagnostic_msgs/msg/detail/diagnostic_status__functions.h
[1.142s] -- Up-to-date: /home/hiro/rust_ws/src/install/diagnostic_msgs/include/diagnostic_msgs/diagnostic_msgs/msg/detail/key_value__struct.h
[1.142s] -- Up-to-date: /home/hiro/rust_ws/src/install/diagnostic_msgs/include/diagnostic_msgs/diagnostic_msgs/msg/detail/key_value__functions.c
[1.144s] -- Up-to-date: /home/hiro/rust_ws/src/install/diagnostic_msgs/include/diagnostic_msgs/diagnostic_msgs/msg/detail/key_value__type_support.h
[1.144s] -- Up-to-date: /home/hiro/rust_ws/src/install/diagnostic_msgs/include/diagnostic_msgs/diagnostic_msgs/msg/detail/diagnostic_status__struct.h
[1.144s] -- Up-to-date: /home/hiro/rust_ws/src/install/diagnostic_msgs/include/diagnostic_msgs/diagnostic_msgs/msg/detail/diagnostic_array__type_support.h
[1.144s] -- Up-to-date: /home/hiro/rust_ws/src/install/diagnostic_msgs/include/diagnostic_msgs/diagnostic_msgs/msg/detail/key_value__functions.h
[1.145s] -- Up-to-date: /home/hiro/rust_ws/src/install/diagnostic_msgs/include/diagnostic_msgs/diagnostic_msgs/msg/detail/diagnostic_status__type_support.h
[1.145s] -- Up-to-date: /home/hiro/rust_ws/src/install/diagnostic_msgs/include/diagnostic_msgs/diagnostic_msgs/msg/detail/diagnostic_array__functions.h
[1.145s] -- Up-to-date: /home/hiro/rust_ws/src/install/diagnostic_msgs/include/diagnostic_msgs/diagnostic_msgs/msg/detail/diagnostic_array__struct.h
[1.145s] -- Up-to-date: /home/hiro/rust_ws/src/install/diagnostic_msgs/include/diagnostic_msgs/diagnostic_msgs/msg/diagnostic_array.h
[1.146s] -- Up-to-date: /home/hiro/rust_ws/src/install/diagnostic_msgs/include/diagnostic_msgs/diagnostic_msgs/srv
[1.146s] -- Up-to-date: /home/hiro/rust_ws/src/install/diagnostic_msgs/include/diagnostic_msgs/diagnostic_msgs/srv/add_diagnostics.h
[1.146s] -- Up-to-date: /home/hiro/rust_ws/src/install/diagnostic_msgs/include/diagnostic_msgs/diagnostic_msgs/srv/detail
[1.146s] -- Up-to-date: /home/hiro/rust_ws/src/install/diagnostic_msgs/include/diagnostic_msgs/diagnostic_msgs/srv/detail/self_test__functions.h
[1.146s] -- Up-to-date: /home/hiro/rust_ws/src/install/diagnostic_msgs/include/diagnostic_msgs/diagnostic_msgs/srv/detail/self_test__type_support.h
[1.146s] -- Up-to-date: /home/hiro/rust_ws/src/install/diagnostic_msgs/include/diagnostic_msgs/diagnostic_msgs/srv/detail/self_test__functions.c
[1.146s] -- Up-to-date: /home/hiro/rust_ws/src/install/diagnostic_msgs/include/diagnostic_msgs/diagnostic_msgs/srv/detail/self_test__struct.h
[1.146s] -- Up-to-date: /home/hiro/rust_ws/src/install/diagnostic_msgs/include/diagnostic_msgs/diagnostic_msgs/srv/detail/add_diagnostics__functions.c
[1.147s] -- Up-to-date: /home/hiro/rust_ws/src/install/diagnostic_msgs/include/diagnostic_msgs/diagnostic_msgs/srv/detail/add_diagnostics__type_support.h
[1.147s] -- Up-to-date: /home/hiro/rust_ws/src/install/diagnostic_msgs/include/diagnostic_msgs/diagnostic_msgs/srv/detail/add_diagnostics__struct.h
[1.147s] -- Up-to-date: /home/hiro/rust_ws/src/install/diagnostic_msgs/include/diagnostic_msgs/diagnostic_msgs/srv/detail/add_diagnostics__functions.h
[1.147s] -- Up-to-date: /home/hiro/rust_ws/src/install/diagnostic_msgs/include/diagnostic_msgs/diagnostic_msgs/srv/self_test.h
[1.147s] -- Up-to-date: /home/hiro/rust_ws/src/install/diagnostic_msgs/share/diagnostic_msgs/environment/library_path.sh
[1.147s] -- Up-to-date: /home/hiro/rust_ws/src/install/diagnostic_msgs/share/diagnostic_msgs/environment/library_path.dsv
[1.147s] -- Up-to-date: /home/hiro/rust_ws/src/install/diagnostic_msgs/lib/libdiagnostic_msgs__rosidl_generator_c.so
[1.147s] -- Up-to-date: /home/hiro/rust_ws/src/install/diagnostic_msgs/include/diagnostic_msgs/diagnostic_msgs
[1.148s] -- Up-to-date: /home/hiro/rust_ws/src/install/diagnostic_msgs/include/diagnostic_msgs/diagnostic_msgs/msg
[1.148s] -- Up-to-date: /home/hiro/rust_ws/src/install/diagnostic_msgs/include/diagnostic_msgs/diagnostic_msgs/msg/detail
[1.148s] -- Up-to-date: /home/hiro/rust_ws/src/install/diagnostic_msgs/include/diagnostic_msgs/diagnostic_msgs/msg/detail/diagnostic_status__rosidl_typesupport_fastrtps_c.h
[1.149s] -- Up-to-date: /home/hiro/rust_ws/src/install/diagnostic_msgs/include/diagnostic_msgs/diagnostic_msgs/msg/detail/diagnostic_array__rosidl_typesupport_fastrtps_c.h
[1.149s] -- Up-to-date: /home/hiro/rust_ws/src/install/diagnostic_msgs/include/diagnostic_msgs/diagnostic_msgs/msg/detail/key_value__rosidl_typesupport_fastrtps_c.h
[1.150s] -- Up-to-date: /home/hiro/rust_ws/src/install/diagnostic_msgs/include/diagnostic_msgs/diagnostic_msgs/msg/rosidl_typesupport_fastrtps_c__visibility_control.h
[1.150s] -- Up-to-date: /home/hiro/rust_ws/src/install/diagnostic_msgs/include/diagnostic_msgs/diagnostic_msgs/srv
[1.150s] -- Up-to-date: /home/hiro/rust_ws/src/install/diagnostic_msgs/include/diagnostic_msgs/diagnostic_msgs/srv/detail
[1.151s] -- Up-to-date: /home/hiro/rust_ws/src/install/diagnostic_msgs/include/diagnostic_msgs/diagnostic_msgs/srv/detail/add_diagnostics__rosidl_typesupport_fastrtps_c.h
[1.151s] -- Up-to-date: /home/hiro/rust_ws/src/install/diagnostic_msgs/include/diagnostic_msgs/diagnostic_msgs/srv/detail/self_test__rosidl_typesupport_fastrtps_c.h
[1.153s] -- Up-to-date: /home/hiro/rust_ws/src/install/diagnostic_msgs/lib/libdiagnostic_msgs__rosidl_typesupport_fastrtps_c.so
[1.154s] -- Up-to-date: /home/hiro/rust_ws/src/install/diagnostic_msgs/include/diagnostic_msgs/diagnostic_msgs
[1.154s] -- Up-to-date: /home/hiro/rust_ws/src/install/diagnostic_msgs/include/diagnostic_msgs/diagnostic_msgs/msg
[1.155s] -- Up-to-date: /home/hiro/rust_ws/src/install/diagnostic_msgs/include/diagnostic_msgs/diagnostic_msgs/msg/rosidl_typesupport_introspection_c__visibility_control.h
[1.155s] -- Up-to-date: /home/hiro/rust_ws/src/install/diagnostic_msgs/include/diagnostic_msgs/diagnostic_msgs/msg/detail
[1.156s] -- Up-to-date: /home/hiro/rust_ws/src/install/diagnostic_msgs/include/diagnostic_msgs/diagnostic_msgs/msg/detail/key_value__rosidl_typesupport_introspection_c.h
[1.156s] -- Up-to-date: /home/hiro/rust_ws/src/install/diagnostic_msgs/include/diagnostic_msgs/diagnostic_msgs/msg/detail/diagnostic_array__type_support.c
[1.156s] -- Up-to-date: /home/hiro/rust_ws/src/install/diagnostic_msgs/include/diagnostic_msgs/diagnostic_msgs/msg/detail/diagnostic_array__rosidl_typesupport_introspection_c.h
[1.156s] -- Up-to-date: /home/hiro/rust_ws/src/install/diagnostic_msgs/include/diagnostic_msgs/diagnostic_msgs/msg/detail/diagnostic_status__rosidl_typesupport_introspection_c.h
[1.157s] -- Up-to-date: /home/hiro/rust_ws/src/install/diagnostic_msgs/include/diagnostic_msgs/diagnostic_msgs/msg/detail/key_value__type_support.c
[1.158s] -- Up-to-date: /home/hiro/rust_ws/src/install/diagnostic_msgs/include/diagnostic_msgs/diagnostic_msgs/msg/detail/diagnostic_status__type_support.c
[1.159s] -- Up-to-date: /home/hiro/rust_ws/src/install/diagnostic_msgs/include/diagnostic_msgs/diagnostic_msgs/srv
[1.159s] -- Up-to-date: /home/hiro/rust_ws/src/install/diagnostic_msgs/include/diagnostic_msgs/diagnostic_msgs/srv/detail
[1.159s] -- Up-to-date: /home/hiro/rust_ws/src/install/diagnostic_msgs/include/diagnostic_msgs/diagnostic_msgs/srv/detail/add_diagnostics__type_support.c
[1.159s] -- Up-to-date: /home/hiro/rust_ws/src/install/diagnostic_msgs/include/diagnostic_msgs/diagnostic_msgs/srv/detail/self_test__type_support.c
[1.160s] -- Up-to-date: /home/hiro/rust_ws/src/install/diagnostic_msgs/include/diagnostic_msgs/diagnostic_msgs/srv/detail/self_test__rosidl_typesupport_introspection_c.h
[1.160s] -- Up-to-date: /home/hiro/rust_ws/src/install/diagnostic_msgs/include/diagnostic_msgs/diagnostic_msgs/srv/detail/add_diagnostics__rosidl_typesupport_introspection_c.h
[1.160s] -- Up-to-date: /home/hiro/rust_ws/src/install/diagnostic_msgs/lib/libdiagnostic_msgs__rosidl_typesupport_introspection_c.so
[1.160s] -- Up-to-date: /home/hiro/rust_ws/src/install/diagnostic_msgs/lib/libdiagnostic_msgs__rosidl_typesupport_c.so
[1.160s] -- Up-to-date: /home/hiro/rust_ws/src/install/diagnostic_msgs/include/diagnostic_msgs/diagnostic_msgs
[1.161s] -- Up-to-date: /home/hiro/rust_ws/src/install/diagnostic_msgs/include/diagnostic_msgs/diagnostic_msgs/msg
[1.161s] -- Up-to-date: /home/hiro/rust_ws/src/install/diagnostic_msgs/include/diagnostic_msgs/diagnostic_msgs/msg/key_value.hpp
[1.161s] -- Up-to-date: /home/hiro/rust_ws/src/install/diagnostic_msgs/include/diagnostic_msgs/diagnostic_msgs/msg/diagnostic_status.hpp
[1.161s] -- Up-to-date: /home/hiro/rust_ws/src/install/diagnostic_msgs/include/diagnostic_msgs/diagnostic_msgs/msg/detail
[1.161s] -- Up-to-date: /home/hiro/rust_ws/src/install/diagnostic_msgs/include/diagnostic_msgs/diagnostic_msgs/msg/detail/diagnostic_status__traits.hpp
[1.161s] -- Up-to-date: /home/hiro/rust_ws/src/install/diagnostic_msgs/include/diagnostic_msgs/diagnostic_msgs/msg/detail/diagnostic_array__struct.hpp
[1.161s] -- Up-to-date: /home/hiro/rust_ws/src/install/diagnostic_msgs/include/diagnostic_msgs/diagnostic_msgs/msg/detail/key_value__builder.hpp
[1.162s] -- Up-to-date: /home/hiro/rust_ws/src/install/diagnostic_msgs/include/diagnostic_msgs/diagnostic_msgs/msg/detail/key_value__struct.hpp
[1.162s] -- Up-to-date: /home/hiro/rust_ws/src/install/diagnostic_msgs/include/diagnostic_msgs/diagnostic_msgs/msg/detail/diagnostic_array__builder.hpp
[1.162s] -- Up-to-date: /home/hiro/rust_ws/src/install/diagnostic_msgs/include/diagnostic_msgs/diagnostic_msgs/msg/detail/diagnostic_status__struct.hpp
[1.162s] -- Up-to-date: /home/hiro/rust_ws/src/install/diagnostic_msgs/include/diagnostic_msgs/diagnostic_msgs/msg/detail/key_value__traits.hpp
[1.162s] -- Up-to-date: /home/hiro/rust_ws/src/install/diagnostic_msgs/include/diagnostic_msgs/diagnostic_msgs/msg/detail/diagnostic_array__traits.hpp
[1.162s] -- Up-to-date: /home/hiro/rust_ws/src/install/diagnostic_msgs/include/diagnostic_msgs/diagnostic_msgs/msg/detail/diagnostic_status__builder.hpp
[1.163s] -- Up-to-date: /home/hiro/rust_ws/src/install/diagnostic_msgs/include/diagnostic_msgs/diagnostic_msgs/msg/diagnostic_array.hpp
[1.163s] -- Up-to-date: /home/hiro/rust_ws/src/install/diagnostic_msgs/include/diagnostic_msgs/diagnostic_msgs/srv
[1.163s] -- Up-to-date: /home/hiro/rust_ws/src/install/diagnostic_msgs/include/diagnostic_msgs/diagnostic_msgs/srv/detail
[1.163s] -- Up-to-date: /home/hiro/rust_ws/src/install/diagnostic_msgs/include/diagnostic_msgs/diagnostic_msgs/srv/detail/self_test__builder.hpp
[1.163s] -- Up-to-date: /home/hiro/rust_ws/src/install/diagnostic_msgs/include/diagnostic_msgs/diagnostic_msgs/srv/detail/add_diagnostics__traits.hpp
[1.164s] -- Up-to-date: /home/hiro/rust_ws/src/install/diagnostic_msgs/include/diagnostic_msgs/diagnostic_msgs/srv/detail/add_diagnostics__builder.hpp
[1.164s] -- Up-to-date: /home/hiro/rust_ws/src/install/diagnostic_msgs/include/diagnostic_msgs/diagnostic_msgs/srv/detail/add_diagnostics__struct.hpp
[1.164s] -- Up-to-date: /home/hiro/rust_ws/src/install/diagnostic_msgs/include/diagnostic_msgs/diagnostic_msgs/srv/detail/self_test__traits.hpp
[1.164s] -- Up-to-date: /home/hiro/rust_ws/src/install/diagnostic_msgs/include/diagnostic_msgs/diagnostic_msgs/srv/detail/self_test__struct.hpp
[1.164s] -- Up-to-date: /home/hiro/rust_ws/src/install/diagnostic_msgs/include/diagnostic_msgs/diagnostic_msgs/srv/self_test.hpp
[1.165s] -- Up-to-date: /home/hiro/rust_ws/src/install/diagnostic_msgs/include/diagnostic_msgs/diagnostic_msgs/srv/add_diagnostics.hpp
[1.165s] -- Up-to-date: /home/hiro/rust_ws/src/install/diagnostic_msgs/include/diagnostic_msgs/diagnostic_msgs
[1.166s] -- Up-to-date: /home/hiro/rust_ws/src/install/diagnostic_msgs/include/diagnostic_msgs/diagnostic_msgs/msg
[1.166s] -- Up-to-date: /home/hiro/rust_ws/src/install/diagnostic_msgs/include/diagnostic_msgs/diagnostic_msgs/msg/rosidl_typesupport_fastrtps_cpp__visibility_control.h
[1.166s] -- Up-to-date: /home/hiro/rust_ws/src/install/diagnostic_msgs/include/diagnostic_msgs/diagnostic_msgs/msg/detail
[1.167s] -- Up-to-date: /home/hiro/rust_ws/src/install/diagnostic_msgs/include/diagnostic_msgs/diagnostic_msgs/msg/detail/dds_fastrtps
[1.167s] -- Up-to-date: /home/hiro/rust_ws/src/install/diagnostic_msgs/include/diagnostic_msgs/diagnostic_msgs/msg/detail/key_value__rosidl_typesupport_fastrtps_cpp.hpp
[1.168s] -- Up-to-date: /home/hiro/rust_ws/src/install/diagnostic_msgs/include/diagnostic_msgs/diagnostic_msgs/msg/detail/diagnostic_status__rosidl_typesupport_fastrtps_cpp.hpp
[1.168s] -- Up-to-date: /home/hiro/rust_ws/src/install/diagnostic_msgs/include/diagnostic_msgs/diagnostic_msgs/msg/detail/diagnostic_array__rosidl_typesupport_fastrtps_cpp.hpp
[1.168s] -- Up-to-date: /home/hiro/rust_ws/src/install/diagnostic_msgs/include/diagnostic_msgs/diagnostic_msgs/srv
[1.168s] -- Up-to-date: /home/hiro/rust_ws/src/install/diagnostic_msgs/include/diagnostic_msgs/diagnostic_msgs/srv/detail
[1.168s] -- Up-to-date: /home/hiro/rust_ws/src/install/diagnostic_msgs/include/diagnostic_msgs/diagnostic_msgs/srv/detail/dds_fastrtps
[1.168s] -- Up-to-date: /home/hiro/rust_ws/src/install/diagnostic_msgs/include/diagnostic_msgs/diagnostic_msgs/srv/detail/add_diagnostics__rosidl_typesupport_fastrtps_cpp.hpp
[1.169s] -- Up-to-date: /home/hiro/rust_ws/src/install/diagnostic_msgs/include/diagnostic_msgs/diagnostic_msgs/srv/detail/self_test__rosidl_typesupport_fastrtps_cpp.hpp
[1.169s] -- Up-to-date: /home/hiro/rust_ws/src/install/diagnostic_msgs/lib/libdiagnostic_msgs__rosidl_typesupport_fastrtps_cpp.so
[1.169s] -- Up-to-date: /home/hiro/rust_ws/src/install/diagnostic_msgs/include/diagnostic_msgs/diagnostic_msgs
[1.169s] -- Up-to-date: /home/hiro/rust_ws/src/install/diagnostic_msgs/include/diagnostic_msgs/diagnostic_msgs/msg
[1.169s] -- Up-to-date: /home/hiro/rust_ws/src/install/diagnostic_msgs/include/diagnostic_msgs/diagnostic_msgs/msg/detail
[1.169s] -- Up-to-date: /home/hiro/rust_ws/src/install/diagnostic_msgs/include/diagnostic_msgs/diagnostic_msgs/msg/detail/key_value__rosidl_typesupport_introspection_cpp.hpp
[1.170s] -- Up-to-date: /home/hiro/rust_ws/src/install/diagnostic_msgs/include/diagnostic_msgs/diagnostic_msgs/msg/detail/diagnostic_status__type_support.cpp
[1.170s] -- Up-to-date: /home/hiro/rust_ws/src/install/diagnostic_msgs/include/diagnostic_msgs/diagnostic_msgs/msg/detail/key_value__type_support.cpp
[1.170s] -- Up-to-date: /home/hiro/rust_ws/src/install/diagnostic_msgs/include/diagnostic_msgs/diagnostic_msgs/msg/detail/diagnostic_array__rosidl_typesupport_introspection_cpp.hpp
[1.170s] -- Up-to-date: /home/hiro/rust_ws/src/install/diagnostic_msgs/include/diagnostic_msgs/diagnostic_msgs/msg/detail/diagnostic_array__type_support.cpp
[1.170s] -- Up-to-date: /home/hiro/rust_ws/src/install/diagnostic_msgs/include/diagnostic_msgs/diagnostic_msgs/msg/detail/diagnostic_status__rosidl_typesupport_introspection_cpp.hpp
[1.171s] -- Up-to-date: /home/hiro/rust_ws/src/install/diagnostic_msgs/include/diagnostic_msgs/diagnostic_msgs/srv
[1.171s] -- Up-to-date: /home/hiro/rust_ws/src/install/diagnostic_msgs/include/diagnostic_msgs/diagnostic_msgs/srv/detail
[1.171s] -- Up-to-date: /home/hiro/rust_ws/src/install/diagnostic_msgs/include/diagnostic_msgs/diagnostic_msgs/srv/detail/add_diagnostics__rosidl_typesupport_introspection_cpp.hpp
[1.171s] -- Up-to-date: /home/hiro/rust_ws/src/install/diagnostic_msgs/include/diagnostic_msgs/diagnostic_msgs/srv/detail/add_diagnostics__type_support.cpp
[1.172s] -- Up-to-date: /home/hiro/rust_ws/src/install/diagnostic_msgs/include/diagnostic_msgs/diagnostic_msgs/srv/detail/self_test__type_support.cpp
[1.172s] -- Up-to-date: /home/hiro/rust_ws/src/install/diagnostic_msgs/include/diagnostic_msgs/diagnostic_msgs/srv/detail/self_test__rosidl_typesupport_introspection_cpp.hpp
[1.172s] -- Up-to-date: /home/hiro/rust_ws/src/install/diagnostic_msgs/lib/libdiagnostic_msgs__rosidl_typesupport_introspection_cpp.so
[1.172s] -- Up-to-date: /home/hiro/rust_ws/src/install/diagnostic_msgs/lib/libdiagnostic_msgs__rosidl_typesupport_cpp.so
[1.173s] -- Up-to-date: /home/hiro/rust_ws/src/install/diagnostic_msgs/share/ament_index/resource_index/rust_packages/diagnostic_msgs
[1.173s] -- Up-to-date: /home/hiro/rust_ws/src/install/diagnostic_msgs/share/diagnostic_msgs/rust
[1.173s] -- Up-to-date: /home/hiro/rust_ws/src/install/diagnostic_msgs/share/diagnostic_msgs/rust/Cargo.toml
[1.174s] -- Up-to-date: /home/hiro/rust_ws/src/install/diagnostic_msgs/share/diagnostic_msgs/rust/build.rs
[1.174s] -- Up-to-date: /home/hiro/rust_ws/src/install/diagnostic_msgs/share/diagnostic_msgs/rust/src
[1.174s] -- Up-to-date: /home/hiro/rust_ws/src/install/diagnostic_msgs/share/diagnostic_msgs/rust/src/msg.rs
[1.174s] -- Up-to-date: /home/hiro/rust_ws/src/install/diagnostic_msgs/share/diagnostic_msgs/rust/src/srv.rs
[1.174s] -- Up-to-date: /home/hiro/rust_ws/src/install/diagnostic_msgs/share/diagnostic_msgs/rust/src/lib.rs
[1.175s] -- Up-to-date: /home/hiro/rust_ws/src/install/diagnostic_msgs/share/diagnostic_msgs/environment/pythonpath.sh
[1.175s] -- Up-to-date: /home/hiro/rust_ws/src/install/diagnostic_msgs/share/diagnostic_msgs/environment/pythonpath.dsv
[1.176s] -- Up-to-date: /home/hiro/rust_ws/src/install/diagnostic_msgs/local/lib/python3.10/dist-packages/diagnostic_msgs-4.2.4-py3.10.egg-info
[1.177s] -- Installing: /home/hiro/rust_ws/src/install/diagnostic_msgs/local/lib/python3.10/dist-packages/diagnostic_msgs-4.2.4-py3.10.egg-info/top_level.txt
[1.180s] -- Installing: /home/hiro/rust_ws/src/install/diagnostic_msgs/local/lib/python3.10/dist-packages/diagnostic_msgs-4.2.4-py3.10.egg-info/PKG-INFO
[1.180s] -- Installing: /home/hiro/rust_ws/src/install/diagnostic_msgs/local/lib/python3.10/dist-packages/diagnostic_msgs-4.2.4-py3.10.egg-info/SOURCES.txt
[1.181s] -- Installing: /home/hiro/rust_ws/src/install/diagnostic_msgs/local/lib/python3.10/dist-packages/diagnostic_msgs-4.2.4-py3.10.egg-info/dependency_links.txt
[1.181s] -- Up-to-date: /home/hiro/rust_ws/src/install/diagnostic_msgs/local/lib/python3.10/dist-packages/diagnostic_msgs
[1.181s] -- Up-to-date: /home/hiro/rust_ws/src/install/diagnostic_msgs/local/lib/python3.10/dist-packages/diagnostic_msgs/libdiagnostic_msgs__rosidl_generator_py.so
[1.181s] -- Up-to-date: /home/hiro/rust_ws/src/install/diagnostic_msgs/local/lib/python3.10/dist-packages/diagnostic_msgs/_diagnostic_msgs_s.ep.rosidl_typesupport_c.c
[1.181s] -- Up-to-date: /home/hiro/rust_ws/src/install/diagnostic_msgs/local/lib/python3.10/dist-packages/diagnostic_msgs/diagnostic_msgs_s__rosidl_typesupport_c.cpython-310-x86_64-linux-gnu.so
[1.182s] -- Up-to-date: /home/hiro/rust_ws/src/install/diagnostic_msgs/local/lib/python3.10/dist-packages/diagnostic_msgs/_diagnostic_msgs_s.ep.rosidl_typesupport_fastrtps_c.c
[1.182s] -- Up-to-date: /home/hiro/rust_ws/src/install/diagnostic_msgs/local/lib/python3.10/dist-packages/diagnostic_msgs/diagnostic_msgs_s__rosidl_typesupport_introspection_c.cpython-310-x86_64-linux-gnu.so
[1.182s] -- Up-to-date: /home/hiro/rust_ws/src/install/diagnostic_msgs/local/lib/python3.10/dist-packages/diagnostic_msgs/diagnostic_msgs_s__rosidl_typesupport_fastrtps_c.cpython-310-x86_64-linux-gnu.so
[1.183s] -- Up-to-date: /home/hiro/rust_ws/src/install/diagnostic_msgs/local/lib/python3.10/dist-packages/diagnostic_msgs/__init__.py
[1.183s] -- Up-to-date: /home/hiro/rust_ws/src/install/diagnostic_msgs/local/lib/python3.10/dist-packages/diagnostic_msgs/msg
[1.183s] -- Up-to-date: /home/hiro/rust_ws/src/install/diagnostic_msgs/local/lib/python3.10/dist-packages/diagnostic_msgs/msg/_diagnostic_array.py
[1.183s] -- Up-to-date: /home/hiro/rust_ws/src/install/diagnostic_msgs/local/lib/python3.10/dist-packages/diagnostic_msgs/msg/_key_value_s.c
[1.183s] -- Up-to-date: /home/hiro/rust_ws/src/install/diagnostic_msgs/local/lib/python3.10/dist-packages/diagnostic_msgs/msg/__init__.py
[1.183s] -- Up-to-date: /home/hiro/rust_ws/src/install/diagnostic_msgs/local/lib/python3.10/dist-packages/diagnostic_msgs/msg/_diagnostic_status.py
[1.183s] -- Up-to-date: /home/hiro/rust_ws/src/install/diagnostic_msgs/local/lib/python3.10/dist-packages/diagnostic_msgs/msg/_diagnostic_status_s.c
[1.184s] -- Up-to-date: /home/hiro/rust_ws/src/install/diagnostic_msgs/local/lib/python3.10/dist-packages/diagnostic_msgs/msg/_key_value.py
[1.184s] -- Up-to-date: /home/hiro/rust_ws/src/install/diagnostic_msgs/local/lib/python3.10/dist-packages/diagnostic_msgs/msg/_diagnostic_array_s.c
[1.184s] -- Up-to-date: /home/hiro/rust_ws/src/install/diagnostic_msgs/local/lib/python3.10/dist-packages/diagnostic_msgs/srv
[1.184s] -- Up-to-date: /home/hiro/rust_ws/src/install/diagnostic_msgs/local/lib/python3.10/dist-packages/diagnostic_msgs/srv/_self_test.py
[1.184s] -- Up-to-date: /home/hiro/rust_ws/src/install/diagnostic_msgs/local/lib/python3.10/dist-packages/diagnostic_msgs/srv/_add_diagnostics_s.c
[1.184s] -- Up-to-date: /home/hiro/rust_ws/src/install/diagnostic_msgs/local/lib/python3.10/dist-packages/diagnostic_msgs/srv/_add_diagnostics.py
[1.184s] -- Up-to-date: /home/hiro/rust_ws/src/install/diagnostic_msgs/local/lib/python3.10/dist-packages/diagnostic_msgs/srv/__init__.py
[1.184s] -- Up-to-date: /home/hiro/rust_ws/src/install/diagnostic_msgs/local/lib/python3.10/dist-packages/diagnostic_msgs/srv/_self_test_s.c
[1.184s] -- Up-to-date: /home/hiro/rust_ws/src/install/diagnostic_msgs/local/lib/python3.10/dist-packages/diagnostic_msgs/_diagnostic_msgs_s.ep.rosidl_typesupport_introspection_c.c
[1.226s] Listing '/home/hiro/rust_ws/src/install/diagnostic_msgs/local/lib/python3.10/dist-packages/diagnostic_msgs'...
[1.226s] Listing '/home/hiro/rust_ws/src/install/diagnostic_msgs/local/lib/python3.10/dist-packages/diagnostic_msgs/msg'...
[1.227s] Listing '/home/hiro/rust_ws/src/install/diagnostic_msgs/local/lib/python3.10/dist-packages/diagnostic_msgs/srv'...
[1.236s] -- Up-to-date: /home/hiro/rust_ws/src/install/diagnostic_msgs/local/lib/python3.10/dist-packages/diagnostic_msgs/diagnostic_msgs_s__rosidl_typesupport_fastrtps_c.cpython-310-x86_64-linux-gnu.so
[1.237s] -- Up-to-date: /home/hiro/rust_ws/src/install/diagnostic_msgs/local/lib/python3.10/dist-packages/diagnostic_msgs/diagnostic_msgs_s__rosidl_typesupport_introspection_c.cpython-310-x86_64-linux-gnu.so
[1.238s] -- Up-to-date: /home/hiro/rust_ws/src/install/diagnostic_msgs/local/lib/python3.10/dist-packages/diagnostic_msgs/diagnostic_msgs_s__rosidl_typesupport_c.cpython-310-x86_64-linux-gnu.so
[1.239s] -- Up-to-date: /home/hiro/rust_ws/src/install/diagnostic_msgs/lib/libdiagnostic_msgs__rosidl_generator_py.so
[1.239s] -- Up-to-date: /home/hiro/rust_ws/src/install/diagnostic_msgs/share/diagnostic_msgs/msg/DiagnosticArray.idl
[1.239s] -- Up-to-date: /home/hiro/rust_ws/src/install/diagnostic_msgs/share/diagnostic_msgs/msg/DiagnosticStatus.idl
[1.240s] -- Up-to-date: /home/hiro/rust_ws/src/install/diagnostic_msgs/share/diagnostic_msgs/msg/KeyValue.idl
[1.240s] -- Up-to-date: /home/hiro/rust_ws/src/install/diagnostic_msgs/share/diagnostic_msgs/srv/AddDiagnostics.idl
[1.240s] -- Up-to-date: /home/hiro/rust_ws/src/install/diagnostic_msgs/share/diagnostic_msgs/srv/SelfTest.idl
[1.240s] -- Up-to-date: /home/hiro/rust_ws/src/install/diagnostic_msgs/share/diagnostic_msgs/msg/DiagnosticArray.msg
[1.240s] -- Up-to-date: /home/hiro/rust_ws/src/install/diagnostic_msgs/share/diagnostic_msgs/msg/DiagnosticStatus.msg
[1.249s] -- Up-to-date: /home/hiro/rust_ws/src/install/diagnostic_msgs/share/diagnostic_msgs/msg/KeyValue.msg
[1.249s] -- Up-to-date: /home/hiro/rust_ws/src/install/diagnostic_msgs/share/diagnostic_msgs/srv/AddDiagnostics.srv
[1.250s] -- Up-to-date: /home/hiro/rust_ws/src/install/diagnostic_msgs/share/diagnostic_msgs/srv/AddDiagnostics_Request.msg
[1.250s] -- Up-to-date: /home/hiro/rust_ws/src/install/diagnostic_msgs/share/diagnostic_msgs/srv/AddDiagnostics_Response.msg
[1.250s] -- Up-to-date: /home/hiro/rust_ws/src/install/diagnostic_msgs/share/diagnostic_msgs/srv/SelfTest.srv
[1.251s] -- Up-to-date: /home/hiro/rust_ws/src/install/diagnostic_msgs/share/diagnostic_msgs/srv/SelfTest_Request.msg
[1.251s] -- Up-to-date: /home/hiro/rust_ws/src/install/diagnostic_msgs/share/diagnostic_msgs/srv/SelfTest_Response.msg
[1.251s] -- Up-to-date: /home/hiro/rust_ws/src/install/diagnostic_msgs/share/ament_index/resource_index/package_run_dependencies/diagnostic_msgs
[1.252s] -- Up-to-date: /home/hiro/rust_ws/src/install/diagnostic_msgs/share/ament_index/resource_index/parent_prefix_path/diagnostic_msgs
[1.252s] -- Up-to-date: /home/hiro/rust_ws/src/install/diagnostic_msgs/share/diagnostic_msgs/environment/ament_prefix_path.sh
[1.252s] -- Up-to-date: /home/hiro/rust_ws/src/install/diagnostic_msgs/share/diagnostic_msgs/environment/ament_prefix_path.dsv
[1.252s] -- Up-to-date: /home/hiro/rust_ws/src/install/diagnostic_msgs/share/diagnostic_msgs/environment/path.sh
[1.252s] -- Up-to-date: /home/hiro/rust_ws/src/install/diagnostic_msgs/share/diagnostic_msgs/environment/path.dsv
[1.252s] -- Up-to-date: /home/hiro/rust_ws/src/install/diagnostic_msgs/share/diagnostic_msgs/local_setup.bash
[1.252s] -- Up-to-date: /home/hiro/rust_ws/src/install/diagnostic_msgs/share/diagnostic_msgs/local_setup.sh
[1.253s] -- Up-to-date: /home/hiro/rust_ws/src/install/diagnostic_msgs/share/diagnostic_msgs/local_setup.zsh
[1.253s] -- Up-to-date: /home/hiro/rust_ws/src/install/diagnostic_msgs/share/diagnostic_msgs/local_setup.dsv
[1.253s] -- Installing: /home/hiro/rust_ws/src/install/diagnostic_msgs/share/diagnostic_msgs/package.dsv
[1.256s] -- Up-to-date: /home/hiro/rust_ws/src/install/diagnostic_msgs/share/ament_index/resource_index/packages/diagnostic_msgs
[1.256s] -- Up-to-date: /home/hiro/rust_ws/src/install/diagnostic_msgs/share/diagnostic_msgs/cmake/export_diagnostic_msgs__rosidl_generator_cExport.cmake
[1.257s] -- Up-to-date: /home/hiro/rust_ws/src/install/diagnostic_msgs/share/diagnostic_msgs/cmake/export_diagnostic_msgs__rosidl_generator_cExport-noconfig.cmake
[1.257s] -- Up-to-date: /home/hiro/rust_ws/src/install/diagnostic_msgs/share/diagnostic_msgs/cmake/export_diagnostic_msgs__rosidl_typesupport_fastrtps_cExport.cmake
[1.257s] -- Up-to-date: /home/hiro/rust_ws/src/install/diagnostic_msgs/share/diagnostic_msgs/cmake/export_diagnostic_msgs__rosidl_typesupport_fastrtps_cExport-noconfig.cmake
[1.258s] -- Up-to-date: /home/hiro/rust_ws/src/install/diagnostic_msgs/share/diagnostic_msgs/cmake/diagnostic_msgs__rosidl_typesupport_introspection_cExport.cmake
[1.259s] -- Up-to-date: /home/hiro/rust_ws/src/install/diagnostic_msgs/share/diagnostic_msgs/cmake/diagnostic_msgs__rosidl_typesupport_introspection_cExport-noconfig.cmake
[1.259s] -- Up-to-date: /home/hiro/rust_ws/src/install/diagnostic_msgs/share/diagnostic_msgs/cmake/diagnostic_msgs__rosidl_typesupport_cExport.cmake
[1.259s] -- Up-to-date: /home/hiro/rust_ws/src/install/diagnostic_msgs/share/diagnostic_msgs/cmake/diagnostic_msgs__rosidl_typesupport_cExport-noconfig.cmake
[1.259s] -- Up-to-date: /home/hiro/rust_ws/src/install/diagnostic_msgs/share/diagnostic_msgs/cmake/export_diagnostic_msgs__rosidl_generator_cppExport.cmake
[1.260s] -- Up-to-date: /home/hiro/rust_ws/src/install/diagnostic_msgs/share/diagnostic_msgs/cmake/export_diagnostic_msgs__rosidl_typesupport_fastrtps_cppExport.cmake
[1.260s] -- Up-to-date: /home/hiro/rust_ws/src/install/diagnostic_msgs/share/diagnostic_msgs/cmake/export_diagnostic_msgs__rosidl_typesupport_fastrtps_cppExport-noconfig.cmake
[1.260s] -- Up-to-date: /home/hiro/rust_ws/src/install/diagnostic_msgs/share/diagnostic_msgs/cmake/diagnostic_msgs__rosidl_typesupport_introspection_cppExport.cmake
[1.260s] -- Up-to-date: /home/hiro/rust_ws/src/install/diagnostic_msgs/share/diagnostic_msgs/cmake/diagnostic_msgs__rosidl_typesupport_introspection_cppExport-noconfig.cmake
[1.260s] -- Up-to-date: /home/hiro/rust_ws/src/install/diagnostic_msgs/share/diagnostic_msgs/cmake/diagnostic_msgs__rosidl_typesupport_cppExport.cmake
[1.260s] -- Up-to-date: /home/hiro/rust_ws/src/install/diagnostic_msgs/share/diagnostic_msgs/cmake/diagnostic_msgs__rosidl_typesupport_cppExport-noconfig.cmake
[1.260s] -- Up-to-date: /home/hiro/rust_ws/src/install/diagnostic_msgs/share/diagnostic_msgs/cmake/export_diagnostic_msgs__rosidl_generator_pyExport.cmake
[1.261s] -- Up-to-date: /home/hiro/rust_ws/src/install/diagnostic_msgs/share/diagnostic_msgs/cmake/export_diagnostic_msgs__rosidl_generator_pyExport-noconfig.cmake
[1.261s] -- Up-to-date: /home/hiro/rust_ws/src/install/diagnostic_msgs/share/diagnostic_msgs/cmake/rosidl_cmake-extras.cmake
[1.261s] -- Up-to-date: /home/hiro/rust_ws/src/install/diagnostic_msgs/share/diagnostic_msgs/cmake/ament_cmake_export_dependencies-extras.cmake
[1.261s] -- Up-to-date: /home/hiro/rust_ws/src/install/diagnostic_msgs/share/diagnostic_msgs/cmake/ament_cmake_export_include_directories-extras.cmake
[1.261s] -- Up-to-date: /home/hiro/rust_ws/src/install/diagnostic_msgs/share/diagnostic_msgs/cmake/ament_cmake_export_libraries-extras.cmake
[1.262s] -- Up-to-date: /home/hiro/rust_ws/src/install/diagnostic_msgs/share/diagnostic_msgs/cmake/ament_cmake_export_targets-extras.cmake
[1.262s] -- Up-to-date: /home/hiro/rust_ws/src/install/diagnostic_msgs/share/diagnostic_msgs/cmake/rosidl_cmake_export_typesupport_targets-extras.cmake
[1.262s] -- Up-to-date: /home/hiro/rust_ws/src/install/diagnostic_msgs/share/diagnostic_msgs/cmake/rosidl_cmake_export_typesupport_libraries-extras.cmake
[1.262s] -- Up-to-date: /home/hiro/rust_ws/src/install/diagnostic_msgs/share/diagnostic_msgs/cmake/diagnostic_msgsConfig.cmake
[1.262s] -- Up-to-date: /home/hiro/rust_ws/src/install/diagnostic_msgs/share/diagnostic_msgs/cmake/diagnostic_msgsConfig-version.cmake
[1.263s] -- Up-to-date: /home/hiro/rust_ws/src/install/diagnostic_msgs/share/diagnostic_msgs/package.xml
[1.264s] Invoked command in '/home/hiro/rust_ws/src/build/diagnostic_msgs' returned '0': AMENT_PREFIX_PATH=/home/hiro/rust_ws/src/install/geometry_msgs:/home/hiro/rust_ws/src/install/std_msgs:/home/hiro/rust_ws/src/install/builtin_interfaces:/home/hiro/rust_ws/src/install/rosidl_default_runtime:/home/hiro/rust_ws/src/install/rosidl_default_generators:/home/hiro/rust_ws/src/install/rosidl_generator_rs:/home/hiro/rust_ws/src/install/rosidl_runtime_rs:${AMENT_PREFIX_PATH} CMAKE_PREFIX_PATH=/home/hiro/rust_ws/src/install/geometry_msgs:/home/hiro/rust_ws/src/install/std_msgs:/home/hiro/rust_ws/src/install/builtin_interfaces:/home/hiro/rust_ws/src/install/rosidl_default_runtime:/home/hiro/rust_ws/src/install/rosidl_default_generators:/home/hiro/rust_ws/src/install/rosidl_generator_rs:/home/hiro/ws_livox/install/livox_ros_driver2:/opt/ros/humble LD_LIBRARY_PATH=/home/hiro/rust_ws/src/install/geometry_msgs/lib:/home/hiro/rust_ws/src/install/std_msgs/lib:/home/hiro/rust_ws/src/install/builtin_interfaces/lib:${LD_LIBRARY_PATH} PYTHONPATH=/home/hiro/rust_ws/src/install/geometry_msgs/local/lib/python3.10/dist-packages:/home/hiro/rust_ws/src/install/std_msgs/local/lib/python3.10/dist-packages:/home/hiro/rust_ws/src/install/builtin_interfaces/local/lib/python3.10/dist-packages:/home/hiro/rust_ws/src/install/rosidl_generator_rs/local/lib/python3.10/dist-packages:${PYTHONPATH} /usr/bin/cmake --install /home/hiro/rust_ws/src/build/diagnostic_msgs
