[0.047s] Invoking command in '/home/hiromichi/rost2/build/std_msgs': AMENT_PREFIX_PATH=/home/hiromichi/rost2/install/builtin_interfaces:/home/hiromichi/rost2/install/rosidl_default_runtime:/home/hiromichi/rost2/install/rosidl_default_generators:/home/hiromichi/rost2/install/rosidl_generator_rs:/home/hiromichi/rost2/install/rosidl_runtime_rs:${AMENT_PREFIX_PATH} CMAKE_PREFIX_PATH=/home/hiromichi/rost2/install/builtin_interfaces:/home/hiromichi/rost2/install/rosidl_default_runtime:/home/hiromichi/rost2/install/rosidl_default_generators:/home/hiromichi/rost2/install/rosidl_generator_rs:/opt/ros/humble LD_LIBRARY_PATH=/home/hiromichi/rost2/install/builtin_interfaces/lib:${LD_LIBRARY_PATH} PYTHONPATH=/home/hiromichi/rost2/install/builtin_interfaces/local/lib/python3.10/dist-packages:/home/hiromichi/rost2/install/rosidl_generator_rs/local/lib/python3.10/dist-packages:${PYTHONPATH} /usr/bin/cmake --build /home/hiromichi/rost2/build/std_msgs -- -j20 -l20
[0.114s] [  1%] Built target std_msgs__rs
[0.115s] [  1%] Built target std_msgs__cpp
[0.122s] [ 13%] Built target std_msgs__rosidl_generator_c
[0.170s] [ 25%] Built target std_msgs__rosidl_typesupport_fastrtps_c
[0.170s] [ 37%] Built target std_msgs__rosidl_typesupport_cpp
[0.173s] [ 37%] Built target ament_cmake_python_copy_std_msgs
[0.174s] [ 49%] Built target std_msgs__rosidl_typesupport_introspection_c
[0.174s] [ 61%] Built target std_msgs__rosidl_typesupport_fastrtps_cpp
[0.178s] [ 73%] Built target std_msgs__rosidl_typesupport_c
[0.180s] [ 85%] Built target std_msgs__rosidl_typesupport_introspection_cpp
[0.200s] [ 85%] Built target std_msgs
[0.224s] [ 85%] Built target std_msgs__py
[0.264s] [ 97%] Built target std_msgs__rosidl_generator_py
[0.288s] [ 98%] Built target std_msgs__rosidl_typesupport_fastrtps_c__pyext
[0.288s] [ 99%] Built target std_msgs__rosidl_typesupport_introspection_c__pyext
[0.288s] [100%] Built target std_msgs__rosidl_typesupport_c__pyext
[0.379s] running egg_info
[0.379s] writing std_msgs.egg-info/PKG-INFO
[0.380s] writing dependency_links to std_msgs.egg-info/dependency_links.txt
[0.380s] writing top-level names to std_msgs.egg-info/top_level.txt
[0.382s] reading manifest file 'std_msgs.egg-info/SOURCES.txt'
[0.383s] writing manifest file 'std_msgs.egg-info/SOURCES.txt'
[0.409s] [100%] Built target ament_cmake_python_build_std_msgs_egg
[0.418s] Invoked command in '/home/hiromichi/rost2/build/std_msgs' returned '0': AMENT_PREFIX_PATH=/home/hiromichi/rost2/install/builtin_interfaces:/home/hiromichi/rost2/install/rosidl_default_runtime:/home/hiromichi/rost2/install/rosidl_default_generators:/home/hiromichi/rost2/install/rosidl_generator_rs:/home/hiromichi/rost2/install/rosidl_runtime_rs:${AMENT_PREFIX_PATH} CMAKE_PREFIX_PATH=/home/hiromichi/rost2/install/builtin_interfaces:/home/hiromichi/rost2/install/rosidl_default_runtime:/home/hiromichi/rost2/install/rosidl_default_generators:/home/hiromichi/rost2/install/rosidl_generator_rs:/opt/ros/humble LD_LIBRARY_PATH=/home/hiromichi/rost2/install/builtin_interfaces/lib:${LD_LIBRARY_PATH} PYTHONPATH=/home/hiromichi/rost2/install/builtin_interfaces/local/lib/python3.10/dist-packages:/home/hiromichi/rost2/install/rosidl_generator_rs/local/lib/python3.10/dist-packages:${PYTHONPATH} /usr/bin/cmake --build /home/hiromichi/rost2/build/std_msgs -- -j20 -l20
[0.826s] Invoking command in '/home/hiromichi/rost2/build/std_msgs': AMENT_PREFIX_PATH=/home/hiromichi/rost2/install/builtin_interfaces:/home/hiromichi/rost2/install/rosidl_default_runtime:/home/hiromichi/rost2/install/rosidl_default_generators:/home/hiromichi/rost2/install/rosidl_generator_rs:/home/hiromichi/rost2/install/rosidl_runtime_rs:${AMENT_PREFIX_PATH} CMAKE_PREFIX_PATH=/home/hiromichi/rost2/install/builtin_interfaces:/home/hiromichi/rost2/install/rosidl_default_runtime:/home/hiromichi/rost2/install/rosidl_default_generators:/home/hiromichi/rost2/install/rosidl_generator_rs:/opt/ros/humble LD_LIBRARY_PATH=/home/hiromichi/rost2/install/builtin_interfaces/lib:${LD_LIBRARY_PATH} PYTHONPATH=/home/hiromichi/rost2/install/builtin_interfaces/local/lib/python3.10/dist-packages:/home/hiromichi/rost2/install/rosidl_generator_rs/local/lib/python3.10/dist-packages:${PYTHONPATH} /usr/bin/cmake --install /home/hiromichi/rost2/build/std_msgs
[0.831s] -- Install configuration: ""
[0.831s] -- Up-to-date: /home/hiromichi/rost2/install/std_msgs/share/ament_index/resource_index/rosidl_interfaces/std_msgs
[0.832s] -- Up-to-date: /home/hiromichi/rost2/install/std_msgs/include/std_msgs/std_msgs
[0.832s] -- Up-to-date: /home/hiromichi/rost2/install/std_msgs/include/std_msgs/std_msgs/msg
[0.833s] -- Up-to-date: /home/hiromichi/rost2/install/std_msgs/include/std_msgs/std_msgs/msg/float64_multi_array.h
[0.833s] -- Up-to-date: /home/hiromichi/rost2/install/std_msgs/include/std_msgs/std_msgs/msg/multi_array_dimension.h
[0.833s] -- Up-to-date: /home/hiromichi/rost2/install/std_msgs/include/std_msgs/std_msgs/msg/byte_multi_array.h
[0.833s] -- Up-to-date: /home/hiromichi/rost2/install/std_msgs/include/std_msgs/std_msgs/msg/multi_array_layout.h
[0.833s] -- Up-to-date: /home/hiromichi/rost2/install/std_msgs/include/std_msgs/std_msgs/msg/u_int32_multi_array.h
[0.834s] -- Up-to-date: /home/hiromichi/rost2/install/std_msgs/include/std_msgs/std_msgs/msg/int16_multi_array.h
[0.834s] -- Up-to-date: /home/hiromichi/rost2/install/std_msgs/include/std_msgs/std_msgs/msg/int16.h
[0.834s] -- Up-to-date: /home/hiromichi/rost2/install/std_msgs/include/std_msgs/std_msgs/msg/int32_multi_array.h
[0.834s] -- Up-to-date: /home/hiromichi/rost2/install/std_msgs/include/std_msgs/std_msgs/msg/u_int64_multi_array.h
[0.834s] -- Up-to-date: /home/hiromichi/rost2/install/std_msgs/include/std_msgs/std_msgs/msg/bool.h
[0.835s] -- Up-to-date: /home/hiromichi/rost2/install/std_msgs/include/std_msgs/std_msgs/msg/byte.h
[0.835s] -- Up-to-date: /home/hiromichi/rost2/install/std_msgs/include/std_msgs/std_msgs/msg/u_int8.h
[0.836s] -- Up-to-date: /home/hiromichi/rost2/install/std_msgs/include/std_msgs/std_msgs/msg/float32.h
[0.836s] -- Up-to-date: /home/hiromichi/rost2/install/std_msgs/include/std_msgs/std_msgs/msg/u_int64.h
[0.836s] -- Up-to-date: /home/hiromichi/rost2/install/std_msgs/include/std_msgs/std_msgs/msg/char.h
[0.837s] -- Up-to-date: /home/hiromichi/rost2/install/std_msgs/include/std_msgs/std_msgs/msg/string.h
[0.837s] -- Up-to-date: /home/hiromichi/rost2/install/std_msgs/include/std_msgs/std_msgs/msg/int64.h
[0.837s] -- Up-to-date: /home/hiromichi/rost2/install/std_msgs/include/std_msgs/std_msgs/msg/u_int16.h
[0.837s] -- Up-to-date: /home/hiromichi/rost2/install/std_msgs/include/std_msgs/std_msgs/msg/u_int16_multi_array.h
[0.837s] -- Up-to-date: /home/hiromichi/rost2/install/std_msgs/include/std_msgs/std_msgs/msg/u_int32.h
[0.838s] -- Up-to-date: /home/hiromichi/rost2/install/std_msgs/include/std_msgs/std_msgs/msg/empty.h
[0.838s] -- Up-to-date: /home/hiromichi/rost2/install/std_msgs/include/std_msgs/std_msgs/msg/color_rgba.h
[0.838s] -- Up-to-date: /home/hiromichi/rost2/install/std_msgs/include/std_msgs/std_msgs/msg/float32_multi_array.h
[0.838s] -- Up-to-date: /home/hiromichi/rost2/install/std_msgs/include/std_msgs/std_msgs/msg/header.h
[0.839s] -- Up-to-date: /home/hiromichi/rost2/install/std_msgs/include/std_msgs/std_msgs/msg/int8_multi_array.h
[0.839s] -- Up-to-date: /home/hiromichi/rost2/install/std_msgs/include/std_msgs/std_msgs/msg/rosidl_generator_c__visibility_control.h
[0.839s] -- Up-to-date: /home/hiromichi/rost2/install/std_msgs/include/std_msgs/std_msgs/msg/int64_multi_array.h
[0.839s] -- Up-to-date: /home/hiromichi/rost2/install/std_msgs/include/std_msgs/std_msgs/msg/int32.h
[0.840s] -- Up-to-date: /home/hiromichi/rost2/install/std_msgs/include/std_msgs/std_msgs/msg/detail
[0.840s] -- Up-to-date: /home/hiromichi/rost2/install/std_msgs/include/std_msgs/std_msgs/msg/detail/bool__functions.c
[0.840s] -- Up-to-date: /home/hiromichi/rost2/install/std_msgs/include/std_msgs/std_msgs/msg/detail/char__functions.h
[0.840s] -- Up-to-date: /home/hiromichi/rost2/install/std_msgs/include/std_msgs/std_msgs/msg/detail/u_int64__functions.c
[0.840s] -- Up-to-date: /home/hiromichi/rost2/install/std_msgs/include/std_msgs/std_msgs/msg/detail/int32_multi_array__functions.c
[0.840s] -- Up-to-date: /home/hiromichi/rost2/install/std_msgs/include/std_msgs/std_msgs/msg/detail/float32_multi_array__functions.c
[0.840s] -- Up-to-date: /home/hiromichi/rost2/install/std_msgs/include/std_msgs/std_msgs/msg/detail/string__functions.h
[0.840s] -- Up-to-date: /home/hiromichi/rost2/install/std_msgs/include/std_msgs/std_msgs/msg/detail/float32_multi_array__functions.h
[0.840s] -- Up-to-date: /home/hiromichi/rost2/install/std_msgs/include/std_msgs/std_msgs/msg/detail/byte_multi_array__type_support.h
[0.840s] -- Up-to-date: /home/hiromichi/rost2/install/std_msgs/include/std_msgs/std_msgs/msg/detail/float32__type_support.h
[0.841s] -- Up-to-date: /home/hiromichi/rost2/install/std_msgs/include/std_msgs/std_msgs/msg/detail/float32__functions.h
[0.841s] -- Up-to-date: /home/hiromichi/rost2/install/std_msgs/include/std_msgs/std_msgs/msg/detail/float64__type_support.h
[0.841s] -- Up-to-date: /home/hiromichi/rost2/install/std_msgs/include/std_msgs/std_msgs/msg/detail/u_int64__type_support.h
[0.842s] -- Up-to-date: /home/hiromichi/rost2/install/std_msgs/include/std_msgs/std_msgs/msg/detail/u_int8__functions.h
[0.842s] -- Up-to-date: /home/hiromichi/rost2/install/std_msgs/include/std_msgs/std_msgs/msg/detail/byte__functions.c
[0.842s] -- Up-to-date: /home/hiromichi/rost2/install/std_msgs/include/std_msgs/std_msgs/msg/detail/u_int32_multi_array__functions.h
[0.842s] -- Up-to-date: /home/hiromichi/rost2/install/std_msgs/include/std_msgs/std_msgs/msg/detail/u_int16__functions.h
[0.842s] -- Up-to-date: /home/hiromichi/rost2/install/std_msgs/include/std_msgs/std_msgs/msg/detail/u_int32__type_support.h
[0.843s] -- Up-to-date: /home/hiromichi/rost2/install/std_msgs/include/std_msgs/std_msgs/msg/detail/byte_multi_array__struct.h
[0.844s] -- Up-to-date: /home/hiromichi/rost2/install/std_msgs/include/std_msgs/std_msgs/msg/detail/int64__type_support.h
[0.844s] -- Up-to-date: /home/hiromichi/rost2/install/std_msgs/include/std_msgs/std_msgs/msg/detail/byte_multi_array__functions.c
[0.844s] -- Up-to-date: /home/hiromichi/rost2/install/std_msgs/include/std_msgs/std_msgs/msg/detail/u_int16_multi_array__struct.h
[0.844s] -- Up-to-date: /home/hiromichi/rost2/install/std_msgs/include/std_msgs/std_msgs/msg/detail/u_int8_multi_array__functions.h
[0.845s] -- Up-to-date: /home/hiromichi/rost2/install/std_msgs/include/std_msgs/std_msgs/msg/detail/u_int64__struct.h
[0.845s] -- Up-to-date: /home/hiromichi/rost2/install/std_msgs/include/std_msgs/std_msgs/msg/detail/u_int64_multi_array__type_support.h
[0.845s] -- Up-to-date: /home/hiromichi/rost2/install/std_msgs/include/std_msgs/std_msgs/msg/detail/multi_array_layout__functions.h
[0.845s] -- Up-to-date: /home/hiromichi/rost2/install/std_msgs/include/std_msgs/std_msgs/msg/detail/float64_multi_array__struct.h
[0.845s] -- Up-to-date: /home/hiromichi/rost2/install/std_msgs/include/std_msgs/std_msgs/msg/detail/header__functions.c
[0.845s] -- Up-to-date: /home/hiromichi/rost2/install/std_msgs/include/std_msgs/std_msgs/msg/detail/int32__functions.h
[0.846s] -- Up-to-date: /home/hiromichi/rost2/install/std_msgs/include/std_msgs/std_msgs/msg/detail/int32__struct.h
[0.846s] -- Up-to-date: /home/hiromichi/rost2/install/std_msgs/include/std_msgs/std_msgs/msg/detail/bool__type_support.h
[0.846s] -- Up-to-date: /home/hiromichi/rost2/install/std_msgs/include/std_msgs/std_msgs/msg/detail/u_int8_multi_array__functions.c
[0.846s] -- Up-to-date: /home/hiromichi/rost2/install/std_msgs/include/std_msgs/std_msgs/msg/detail/int16_multi_array__struct.h
[0.846s] -- Up-to-date: /home/hiromichi/rost2/install/std_msgs/include/std_msgs/std_msgs/msg/detail/string__functions.c
[0.846s] -- Up-to-date: /home/hiromichi/rost2/install/std_msgs/include/std_msgs/std_msgs/msg/detail/int64_multi_array__functions.c
[0.846s] -- Up-to-date: /home/hiromichi/rost2/install/std_msgs/include/std_msgs/std_msgs/msg/detail/empty__functions.c
[0.847s] -- Up-to-date: /home/hiromichi/rost2/install/std_msgs/include/std_msgs/std_msgs/msg/detail/u_int32_multi_array__type_support.h
[0.847s] -- Up-to-date: /home/hiromichi/rost2/install/std_msgs/include/std_msgs/std_msgs/msg/detail/header__type_support.h
[0.847s] -- Up-to-date: /home/hiromichi/rost2/install/std_msgs/include/std_msgs/std_msgs/msg/detail/u_int8_multi_array__struct.h
[0.847s] -- Up-to-date: /home/hiromichi/rost2/install/std_msgs/include/std_msgs/std_msgs/msg/detail/multi_array_layout__functions.c
[0.847s] -- Up-to-date: /home/hiromichi/rost2/install/std_msgs/include/std_msgs/std_msgs/msg/detail/multi_array_dimension__functions.h
[0.847s] -- Up-to-date: /home/hiromichi/rost2/install/std_msgs/include/std_msgs/std_msgs/msg/detail/u_int8__type_support.h
[0.847s] -- Up-to-date: /home/hiromichi/rost2/install/std_msgs/include/std_msgs/std_msgs/msg/detail/char__struct.h
[0.847s] -- Up-to-date: /home/hiromichi/rost2/install/std_msgs/include/std_msgs/std_msgs/msg/detail/u_int8_multi_array__type_support.h
[0.847s] -- Up-to-date: /home/hiromichi/rost2/install/std_msgs/include/std_msgs/std_msgs/msg/detail/int16__type_support.h
[0.848s] -- Up-to-date: /home/hiromichi/rost2/install/std_msgs/include/std_msgs/std_msgs/msg/detail/multi_array_dimension__functions.c
[0.848s] -- Up-to-date: /home/hiromichi/rost2/install/std_msgs/include/std_msgs/std_msgs/msg/detail/int8_multi_array__type_support.h
[0.848s] -- Up-to-date: /home/hiromichi/rost2/install/std_msgs/include/std_msgs/std_msgs/msg/detail/u_int16__type_support.h
[0.848s] -- Up-to-date: /home/hiromichi/rost2/install/std_msgs/include/std_msgs/std_msgs/msg/detail/int64_multi_array__functions.h
[0.849s] -- Up-to-date: /home/hiromichi/rost2/install/std_msgs/include/std_msgs/std_msgs/msg/detail/byte__functions.h
[0.849s] -- Up-to-date: /home/hiromichi/rost2/install/std_msgs/include/std_msgs/std_msgs/msg/detail/int64_multi_array__type_support.h
[0.849s] -- Up-to-date: /home/hiromichi/rost2/install/std_msgs/include/std_msgs/std_msgs/msg/detail/u_int8__functions.c
[0.849s] -- Up-to-date: /home/hiromichi/rost2/install/std_msgs/include/std_msgs/std_msgs/msg/detail/float64__functions.c
[0.849s] -- Up-to-date: /home/hiromichi/rost2/install/std_msgs/include/std_msgs/std_msgs/msg/detail/float64_multi_array__type_support.h
[0.849s] -- Up-to-date: /home/hiromichi/rost2/install/std_msgs/include/std_msgs/std_msgs/msg/detail/int64__functions.h
[0.850s] -- Up-to-date: /home/hiromichi/rost2/install/std_msgs/include/std_msgs/std_msgs/msg/detail/float32__struct.h
[0.850s] -- Up-to-date: /home/hiromichi/rost2/install/std_msgs/include/std_msgs/std_msgs/msg/detail/u_int64_multi_array__struct.h
[0.850s] -- Up-to-date: /home/hiromichi/rost2/install/std_msgs/include/std_msgs/std_msgs/msg/detail/u_int8__struct.h
[0.850s] -- Up-to-date: /home/hiromichi/rost2/install/std_msgs/include/std_msgs/std_msgs/msg/detail/float64__functions.h
[0.850s] -- Up-to-date: /home/hiromichi/rost2/install/std_msgs/include/std_msgs/std_msgs/msg/detail/color_rgba__functions.c
[0.850s] -- Up-to-date: /home/hiromichi/rost2/install/std_msgs/include/std_msgs/std_msgs/msg/detail/empty__functions.h
[0.850s] -- Up-to-date: /home/hiromichi/rost2/install/std_msgs/include/std_msgs/std_msgs/msg/detail/int8__type_support.h
[0.850s] -- Up-to-date: /home/hiromichi/rost2/install/std_msgs/include/std_msgs/std_msgs/msg/detail/bool__struct.h
[0.850s] -- Up-to-date: /home/hiromichi/rost2/install/std_msgs/include/std_msgs/std_msgs/msg/detail/color_rgba__type_support.h
[0.850s] -- Up-to-date: /home/hiromichi/rost2/install/std_msgs/include/std_msgs/std_msgs/msg/detail/u_int32__functions.c
[0.850s] -- Up-to-date: /home/hiromichi/rost2/install/std_msgs/include/std_msgs/std_msgs/msg/detail/float32__functions.c
[0.850s] -- Up-to-date: /home/hiromichi/rost2/install/std_msgs/include/std_msgs/std_msgs/msg/detail/u_int16_multi_array__type_support.h
[0.851s] -- Up-to-date: /home/hiromichi/rost2/install/std_msgs/include/std_msgs/std_msgs/msg/detail/u_int16__functions.c
[0.851s] -- Up-to-date: /home/hiromichi/rost2/install/std_msgs/include/std_msgs/std_msgs/msg/detail/int8__struct.h
[0.851s] -- Up-to-date: /home/hiromichi/rost2/install/std_msgs/include/std_msgs/std_msgs/msg/detail/header__functions.h
[0.851s] -- Up-to-date: /home/hiromichi/rost2/install/std_msgs/include/std_msgs/std_msgs/msg/detail/header__struct.h
[0.853s] -- Up-to-date: /home/hiromichi/rost2/install/std_msgs/include/std_msgs/std_msgs/msg/detail/byte__type_support.h
[0.853s] -- Up-to-date: /home/hiromichi/rost2/install/std_msgs/include/std_msgs/std_msgs/msg/detail/float32_multi_array__type_support.h
[0.853s] -- Up-to-date: /home/hiromichi/rost2/install/std_msgs/include/std_msgs/std_msgs/msg/detail/u_int32_multi_array__functions.c
[0.853s] -- Up-to-date: /home/hiromichi/rost2/install/std_msgs/include/std_msgs/std_msgs/msg/detail/float64_multi_array__functions.h
[0.853s] -- Up-to-date: /home/hiromichi/rost2/install/std_msgs/include/std_msgs/std_msgs/msg/detail/empty__type_support.h
[0.853s] -- Up-to-date: /home/hiromichi/rost2/install/std_msgs/include/std_msgs/std_msgs/msg/detail/multi_array_dimension__type_support.h
[0.853s] -- Up-to-date: /home/hiromichi/rost2/install/std_msgs/include/std_msgs/std_msgs/msg/detail/multi_array_layout__struct.h
[0.853s] -- Up-to-date: /home/hiromichi/rost2/install/std_msgs/include/std_msgs/std_msgs/msg/detail/int8__functions.h
[0.854s] -- Up-to-date: /home/hiromichi/rost2/install/std_msgs/include/std_msgs/std_msgs/msg/detail/multi_array_layout__type_support.h
[0.854s] -- Up-to-date: /home/hiromichi/rost2/install/std_msgs/include/std_msgs/std_msgs/msg/detail/string__type_support.h
[0.854s] -- Up-to-date: /home/hiromichi/rost2/install/std_msgs/include/std_msgs/std_msgs/msg/detail/u_int64_multi_array__functions.c
[0.854s] -- Up-to-date: /home/hiromichi/rost2/install/std_msgs/include/std_msgs/std_msgs/msg/detail/int32_multi_array__functions.h
[0.854s] -- Up-to-date: /home/hiromichi/rost2/install/std_msgs/include/std_msgs/std_msgs/msg/detail/string__struct.h
[0.854s] -- Up-to-date: /home/hiromichi/rost2/install/std_msgs/include/std_msgs/std_msgs/msg/detail/u_int64_multi_array__functions.h
[0.854s] -- Up-to-date: /home/hiromichi/rost2/install/std_msgs/include/std_msgs/std_msgs/msg/detail/int8_multi_array__struct.h
[0.854s] -- Up-to-date: /home/hiromichi/rost2/install/std_msgs/include/std_msgs/std_msgs/msg/detail/u_int32__functions.h
[0.854s] -- Up-to-date: /home/hiromichi/rost2/install/std_msgs/include/std_msgs/std_msgs/msg/detail/int16__struct.h
[0.854s] -- Up-to-date: /home/hiromichi/rost2/install/std_msgs/include/std_msgs/std_msgs/msg/detail/char__functions.c
[0.855s] -- Up-to-date: /home/hiromichi/rost2/install/std_msgs/include/std_msgs/std_msgs/msg/detail/int16__functions.c
[0.855s] -- Up-to-date: /home/hiromichi/rost2/install/std_msgs/include/std_msgs/std_msgs/msg/detail/float64_multi_array__functions.c
[0.855s] -- Up-to-date: /home/hiromichi/rost2/install/std_msgs/include/std_msgs/std_msgs/msg/detail/u_int16_multi_array__functions.c
[0.855s] -- Up-to-date: /home/hiromichi/rost2/install/std_msgs/include/std_msgs/std_msgs/msg/detail/float32_multi_array__struct.h
[0.855s] -- Up-to-date: /home/hiromichi/rost2/install/std_msgs/include/std_msgs/std_msgs/msg/detail/u_int16_multi_array__functions.h
[0.855s] -- Up-to-date: /home/hiromichi/rost2/install/std_msgs/include/std_msgs/std_msgs/msg/detail/bool__functions.h
[0.855s] -- Up-to-date: /home/hiromichi/rost2/install/std_msgs/include/std_msgs/std_msgs/msg/detail/int16_multi_array__functions.c
[0.856s] -- Up-to-date: /home/hiromichi/rost2/install/std_msgs/include/std_msgs/std_msgs/msg/detail/u_int16__struct.h
[0.856s] -- Up-to-date: /home/hiromichi/rost2/install/std_msgs/include/std_msgs/std_msgs/msg/detail/u_int32_multi_array__struct.h
[0.856s] -- Up-to-date: /home/hiromichi/rost2/install/std_msgs/include/std_msgs/std_msgs/msg/detail/int16_multi_array__functions.h
[0.857s] -- Up-to-date: /home/hiromichi/rost2/install/std_msgs/include/std_msgs/std_msgs/msg/detail/int16__functions.h
[0.857s] -- Up-to-date: /home/hiromichi/rost2/install/std_msgs/include/std_msgs/std_msgs/msg/detail/byte_multi_array__functions.h
[0.857s] -- Up-to-date: /home/hiromichi/rost2/install/std_msgs/include/std_msgs/std_msgs/msg/detail/int16_multi_array__type_support.h
[0.857s] -- Up-to-date: /home/hiromichi/rost2/install/std_msgs/include/std_msgs/std_msgs/msg/detail/int32_multi_array__struct.h
[0.857s] -- Up-to-date: /home/hiromichi/rost2/install/std_msgs/include/std_msgs/std_msgs/msg/detail/int32_multi_array__type_support.h
[0.857s] -- Up-to-date: /home/hiromichi/rost2/install/std_msgs/include/std_msgs/std_msgs/msg/detail/u_int64__functions.h
[0.857s] -- Up-to-date: /home/hiromichi/rost2/install/std_msgs/include/std_msgs/std_msgs/msg/detail/int8_multi_array__functions.c
[0.857s] -- Up-to-date: /home/hiromichi/rost2/install/std_msgs/include/std_msgs/std_msgs/msg/detail/int8_multi_array__functions.h
[0.857s] -- Up-to-date: /home/hiromichi/rost2/install/std_msgs/include/std_msgs/std_msgs/msg/detail/u_int32__struct.h
[0.857s] -- Up-to-date: /home/hiromichi/rost2/install/std_msgs/include/std_msgs/std_msgs/msg/detail/int32__functions.c
[0.857s] -- Up-to-date: /home/hiromichi/rost2/install/std_msgs/include/std_msgs/std_msgs/msg/detail/color_rgba__functions.h
[0.857s] -- Up-to-date: /home/hiromichi/rost2/install/std_msgs/include/std_msgs/std_msgs/msg/detail/byte__struct.h
[0.858s] -- Up-to-date: /home/hiromichi/rost2/install/std_msgs/include/std_msgs/std_msgs/msg/detail/int64__struct.h
[0.858s] -- Up-to-date: /home/hiromichi/rost2/install/std_msgs/include/std_msgs/std_msgs/msg/detail/color_rgba__struct.h
[0.858s] -- Up-to-date: /home/hiromichi/rost2/install/std_msgs/include/std_msgs/std_msgs/msg/detail/int64_multi_array__struct.h
[0.858s] -- Up-to-date: /home/hiromichi/rost2/install/std_msgs/include/std_msgs/std_msgs/msg/detail/empty__struct.h
[0.858s] -- Up-to-date: /home/hiromichi/rost2/install/std_msgs/include/std_msgs/std_msgs/msg/detail/int8__functions.c
[0.858s] -- Up-to-date: /home/hiromichi/rost2/install/std_msgs/include/std_msgs/std_msgs/msg/detail/int32__type_support.h
[0.858s] -- Up-to-date: /home/hiromichi/rost2/install/std_msgs/include/std_msgs/std_msgs/msg/detail/int64__functions.c
[0.858s] -- Up-to-date: /home/hiromichi/rost2/install/std_msgs/include/std_msgs/std_msgs/msg/detail/float64__struct.h
[0.858s] -- Up-to-date: /home/hiromichi/rost2/install/std_msgs/include/std_msgs/std_msgs/msg/detail/multi_array_dimension__struct.h
[0.858s] -- Up-to-date: /home/hiromichi/rost2/install/std_msgs/include/std_msgs/std_msgs/msg/detail/char__type_support.h
[0.858s] -- Up-to-date: /home/hiromichi/rost2/install/std_msgs/include/std_msgs/std_msgs/msg/int8.h
[0.858s] -- Up-to-date: /home/hiromichi/rost2/install/std_msgs/include/std_msgs/std_msgs/msg/float64.h
[0.858s] -- Up-to-date: /home/hiromichi/rost2/install/std_msgs/include/std_msgs/std_msgs/msg/u_int8_multi_array.h
[0.858s] -- Up-to-date: /home/hiromichi/rost2/install/std_msgs/share/std_msgs/environment/library_path.sh
[0.859s] -- Up-to-date: /home/hiromichi/rost2/install/std_msgs/share/std_msgs/environment/library_path.dsv
[0.859s] -- Up-to-date: /home/hiromichi/rost2/install/std_msgs/lib/libstd_msgs__rosidl_generator_c.so
[0.859s] -- Up-to-date: /home/hiromichi/rost2/install/std_msgs/include/std_msgs/std_msgs
[0.859s] -- Up-to-date: /home/hiromichi/rost2/install/std_msgs/include/std_msgs/std_msgs/msg
[0.859s] -- Up-to-date: /home/hiromichi/rost2/install/std_msgs/include/std_msgs/std_msgs/msg/rosidl_typesupport_fastrtps_c__visibility_control.h
[0.859s] -- Up-to-date: /home/hiromichi/rost2/install/std_msgs/include/std_msgs/std_msgs/msg/detail
[0.859s] -- Up-to-date: /home/hiromichi/rost2/install/std_msgs/include/std_msgs/std_msgs/msg/detail/multi_array_layout__rosidl_typesupport_fastrtps_c.h
[0.860s] -- Up-to-date: /home/hiromichi/rost2/install/std_msgs/include/std_msgs/std_msgs/msg/detail/int16__rosidl_typesupport_fastrtps_c.h
[0.860s] -- Up-to-date: /home/hiromichi/rost2/install/std_msgs/include/std_msgs/std_msgs/msg/detail/float64_multi_array__rosidl_typesupport_fastrtps_c.h
[0.860s] -- Up-to-date: /home/hiromichi/rost2/install/std_msgs/include/std_msgs/std_msgs/msg/detail/int8__rosidl_typesupport_fastrtps_c.h
[0.860s] -- Up-to-date: /home/hiromichi/rost2/install/std_msgs/include/std_msgs/std_msgs/msg/detail/float32__rosidl_typesupport_fastrtps_c.h
[0.860s] -- Up-to-date: /home/hiromichi/rost2/install/std_msgs/include/std_msgs/std_msgs/msg/detail/multi_array_dimension__rosidl_typesupport_fastrtps_c.h
[0.860s] -- Up-to-date: /home/hiromichi/rost2/install/std_msgs/include/std_msgs/std_msgs/msg/detail/header__rosidl_typesupport_fastrtps_c.h
[0.860s] -- Up-to-date: /home/hiromichi/rost2/install/std_msgs/include/std_msgs/std_msgs/msg/detail/u_int32__rosidl_typesupport_fastrtps_c.h
[0.860s] -- Up-to-date: /home/hiromichi/rost2/install/std_msgs/include/std_msgs/std_msgs/msg/detail/u_int64_multi_array__rosidl_typesupport_fastrtps_c.h
[0.860s] -- Up-to-date: /home/hiromichi/rost2/install/std_msgs/include/std_msgs/std_msgs/msg/detail/u_int16_multi_array__rosidl_typesupport_fastrtps_c.h
[0.860s] -- Up-to-date: /home/hiromichi/rost2/install/std_msgs/include/std_msgs/std_msgs/msg/detail/byte__rosidl_typesupport_fastrtps_c.h
[0.860s] -- Up-to-date: /home/hiromichi/rost2/install/std_msgs/include/std_msgs/std_msgs/msg/detail/string__rosidl_typesupport_fastrtps_c.h
[0.860s] -- Up-to-date: /home/hiromichi/rost2/install/std_msgs/include/std_msgs/std_msgs/msg/detail/int8_multi_array__rosidl_typesupport_fastrtps_c.h
[0.860s] -- Up-to-date: /home/hiromichi/rost2/install/std_msgs/include/std_msgs/std_msgs/msg/detail/int16_multi_array__rosidl_typesupport_fastrtps_c.h
[0.861s] -- Up-to-date: /home/hiromichi/rost2/install/std_msgs/include/std_msgs/std_msgs/msg/detail/empty__rosidl_typesupport_fastrtps_c.h
[0.861s] -- Up-to-date: /home/hiromichi/rost2/install/std_msgs/include/std_msgs/std_msgs/msg/detail/char__rosidl_typesupport_fastrtps_c.h
[0.861s] -- Up-to-date: /home/hiromichi/rost2/install/std_msgs/include/std_msgs/std_msgs/msg/detail/color_rgba__rosidl_typesupport_fastrtps_c.h
[0.861s] -- Up-to-date: /home/hiromichi/rost2/install/std_msgs/include/std_msgs/std_msgs/msg/detail/byte_multi_array__rosidl_typesupport_fastrtps_c.h
[0.861s] -- Up-to-date: /home/hiromichi/rost2/install/std_msgs/include/std_msgs/std_msgs/msg/detail/int32_multi_array__rosidl_typesupport_fastrtps_c.h
[0.861s] -- Up-to-date: /home/hiromichi/rost2/install/std_msgs/include/std_msgs/std_msgs/msg/detail/u_int8_multi_array__rosidl_typesupport_fastrtps_c.h
[0.861s] -- Up-to-date: /home/hiromichi/rost2/install/std_msgs/include/std_msgs/std_msgs/msg/detail/int32__rosidl_typesupport_fastrtps_c.h
[0.861s] -- Up-to-date: /home/hiromichi/rost2/install/std_msgs/include/std_msgs/std_msgs/msg/detail/float64__rosidl_typesupport_fastrtps_c.h
[0.861s] -- Up-to-date: /home/hiromichi/rost2/install/std_msgs/include/std_msgs/std_msgs/msg/detail/u_int16__rosidl_typesupport_fastrtps_c.h
[0.862s] -- Up-to-date: /home/hiromichi/rost2/install/std_msgs/include/std_msgs/std_msgs/msg/detail/bool__rosidl_typesupport_fastrtps_c.h
[0.862s] -- Up-to-date: /home/hiromichi/rost2/install/std_msgs/include/std_msgs/std_msgs/msg/detail/float32_multi_array__rosidl_typesupport_fastrtps_c.h
[0.862s] -- Up-to-date: /home/hiromichi/rost2/install/std_msgs/include/std_msgs/std_msgs/msg/detail/u_int32_multi_array__rosidl_typesupport_fastrtps_c.h
[0.862s] -- Up-to-date: /home/hiromichi/rost2/install/std_msgs/include/std_msgs/std_msgs/msg/detail/u_int64__rosidl_typesupport_fastrtps_c.h
[0.862s] -- Up-to-date: /home/hiromichi/rost2/install/std_msgs/include/std_msgs/std_msgs/msg/detail/int64__rosidl_typesupport_fastrtps_c.h
[0.862s] -- Up-to-date: /home/hiromichi/rost2/install/std_msgs/include/std_msgs/std_msgs/msg/detail/u_int8__rosidl_typesupport_fastrtps_c.h
[0.862s] -- Up-to-date: /home/hiromichi/rost2/install/std_msgs/include/std_msgs/std_msgs/msg/detail/int64_multi_array__rosidl_typesupport_fastrtps_c.h
[0.862s] -- Up-to-date: /home/hiromichi/rost2/install/std_msgs/lib/libstd_msgs__rosidl_typesupport_fastrtps_c.so
[0.862s] -- Up-to-date: /home/hiromichi/rost2/install/std_msgs/include/std_msgs/std_msgs
[0.862s] -- Up-to-date: /home/hiromichi/rost2/install/std_msgs/include/std_msgs/std_msgs/msg
[0.862s] -- Up-to-date: /home/hiromichi/rost2/install/std_msgs/include/std_msgs/std_msgs/msg/bool.hpp
[0.863s] -- Up-to-date: /home/hiromichi/rost2/install/std_msgs/include/std_msgs/std_msgs/msg/char.hpp
[0.863s] -- Up-to-date: /home/hiromichi/rost2/install/std_msgs/include/std_msgs/std_msgs/msg/multi_array_dimension.hpp
[0.863s] -- Up-to-date: /home/hiromichi/rost2/install/std_msgs/include/std_msgs/std_msgs/msg/u_int16_multi_array.hpp
[0.863s] -- Up-to-date: /home/hiromichi/rost2/install/std_msgs/include/std_msgs/std_msgs/msg/int8_multi_array.hpp
[0.863s] -- Up-to-date: /home/hiromichi/rost2/install/std_msgs/include/std_msgs/std_msgs/msg/float64_multi_array.hpp
[0.863s] -- Up-to-date: /home/hiromichi/rost2/install/std_msgs/include/std_msgs/std_msgs/msg/empty.hpp
[0.863s] -- Up-to-date: /home/hiromichi/rost2/install/std_msgs/include/std_msgs/std_msgs/msg/int64_multi_array.hpp
[0.864s] -- Up-to-date: /home/hiromichi/rost2/install/std_msgs/include/std_msgs/std_msgs/msg/byte.hpp
[0.864s] -- Up-to-date: /home/hiromichi/rost2/install/std_msgs/include/std_msgs/std_msgs/msg/u_int8.hpp
[0.864s] -- Up-to-date: /home/hiromichi/rost2/install/std_msgs/include/std_msgs/std_msgs/msg/int16_multi_array.hpp
[0.864s] -- Up-to-date: /home/hiromichi/rost2/install/std_msgs/include/std_msgs/std_msgs/msg/float32.hpp
[0.864s] -- Up-to-date: /home/hiromichi/rost2/install/std_msgs/include/std_msgs/std_msgs/msg/u_int64.hpp
[0.864s] -- Up-to-date: /home/hiromichi/rost2/install/std_msgs/include/std_msgs/std_msgs/msg/string.hpp
[0.864s] -- Up-to-date: /home/hiromichi/rost2/install/std_msgs/include/std_msgs/std_msgs/msg/int32_multi_array.hpp
[0.864s] -- Up-to-date: /home/hiromichi/rost2/install/std_msgs/include/std_msgs/std_msgs/msg/u_int16.hpp
[0.864s] -- Up-to-date: /home/hiromichi/rost2/install/std_msgs/include/std_msgs/std_msgs/msg/color_rgba.hpp
[0.864s] -- Up-to-date: /home/hiromichi/rost2/install/std_msgs/include/std_msgs/std_msgs/msg/int32.hpp
[0.865s] -- Up-to-date: /home/hiromichi/rost2/install/std_msgs/include/std_msgs/std_msgs/msg/int64.hpp
[0.865s] -- Up-to-date: /home/hiromichi/rost2/install/std_msgs/include/std_msgs/std_msgs/msg/byte_multi_array.hpp
[0.865s] -- Up-to-date: /home/hiromichi/rost2/install/std_msgs/include/std_msgs/std_msgs/msg/multi_array_layout.hpp
[0.865s] -- Up-to-date: /home/hiromichi/rost2/install/std_msgs/include/std_msgs/std_msgs/msg/u_int64_multi_array.hpp
[0.865s] -- Up-to-date: /home/hiromichi/rost2/install/std_msgs/include/std_msgs/std_msgs/msg/int16.hpp
[0.865s] -- Up-to-date: /home/hiromichi/rost2/install/std_msgs/include/std_msgs/std_msgs/msg/u_int8_multi_array.hpp
[0.865s] -- Up-to-date: /home/hiromichi/rost2/install/std_msgs/include/std_msgs/std_msgs/msg/float32_multi_array.hpp
[0.865s] -- Up-to-date: /home/hiromichi/rost2/install/std_msgs/include/std_msgs/std_msgs/msg/u_int32_multi_array.hpp
[0.865s] -- Up-to-date: /home/hiromichi/rost2/install/std_msgs/include/std_msgs/std_msgs/msg/u_int32.hpp
[0.865s] -- Up-to-date: /home/hiromichi/rost2/install/std_msgs/include/std_msgs/std_msgs/msg/detail
[0.865s] -- Up-to-date: /home/hiromichi/rost2/install/std_msgs/include/std_msgs/std_msgs/msg/detail/char__traits.hpp
[0.865s] -- Up-to-date: /home/hiromichi/rost2/install/std_msgs/include/std_msgs/std_msgs/msg/detail/color_rgba__struct.hpp
[0.865s] -- Up-to-date: /home/hiromichi/rost2/install/std_msgs/include/std_msgs/std_msgs/msg/detail/byte_multi_array__struct.hpp
[0.866s] -- Up-to-date: /home/hiromichi/rost2/install/std_msgs/include/std_msgs/std_msgs/msg/detail/header__struct.hpp
[0.866s] -- Up-to-date: /home/hiromichi/rost2/install/std_msgs/include/std_msgs/std_msgs/msg/detail/int32__builder.hpp
[0.866s] -- Up-to-date: /home/hiromichi/rost2/install/std_msgs/include/std_msgs/std_msgs/msg/detail/u_int32__builder.hpp
[0.866s] -- Up-to-date: /home/hiromichi/rost2/install/std_msgs/include/std_msgs/std_msgs/msg/detail/u_int8_multi_array__traits.hpp
[0.866s] -- Up-to-date: /home/hiromichi/rost2/install/std_msgs/include/std_msgs/std_msgs/msg/detail/float64_multi_array__builder.hpp
[0.866s] -- Up-to-date: /home/hiromichi/rost2/install/std_msgs/include/std_msgs/std_msgs/msg/detail/u_int32_multi_array__struct.hpp
[0.866s] -- Up-to-date: /home/hiromichi/rost2/install/std_msgs/include/std_msgs/std_msgs/msg/detail/int64_multi_array__struct.hpp
[0.866s] -- Up-to-date: /home/hiromichi/rost2/install/std_msgs/include/std_msgs/std_msgs/msg/detail/multi_array_dimension__struct.hpp
[0.867s] -- Up-to-date: /home/hiromichi/rost2/install/std_msgs/include/std_msgs/std_msgs/msg/detail/string__struct.hpp
[0.867s] -- Up-to-date: /home/hiromichi/rost2/install/std_msgs/include/std_msgs/std_msgs/msg/detail/u_int8__struct.hpp
[0.867s] -- Up-to-date: /home/hiromichi/rost2/install/std_msgs/include/std_msgs/std_msgs/msg/detail/empty__traits.hpp
[0.867s] -- Up-to-date: /home/hiromichi/rost2/install/std_msgs/include/std_msgs/std_msgs/msg/detail/multi_array_layout__traits.hpp
[0.867s] -- Up-to-date: /home/hiromichi/rost2/install/std_msgs/include/std_msgs/std_msgs/msg/detail/header__traits.hpp
[0.867s] -- Up-to-date: /home/hiromichi/rost2/install/std_msgs/include/std_msgs/std_msgs/msg/detail/u_int8_multi_array__builder.hpp
[0.867s] -- Up-to-date: /home/hiromichi/rost2/install/std_msgs/include/std_msgs/std_msgs/msg/detail/color_rgba__builder.hpp
[0.867s] -- Up-to-date: /home/hiromichi/rost2/install/std_msgs/include/std_msgs/std_msgs/msg/detail/char__builder.hpp
[0.867s] -- Up-to-date: /home/hiromichi/rost2/install/std_msgs/include/std_msgs/std_msgs/msg/detail/int16_multi_array__struct.hpp
[0.868s] -- Up-to-date: /home/hiromichi/rost2/install/std_msgs/include/std_msgs/std_msgs/msg/detail/u_int64_multi_array__traits.hpp
[0.868s] -- Up-to-date: /home/hiromichi/rost2/install/std_msgs/include/std_msgs/std_msgs/msg/detail/u_int8_multi_array__struct.hpp
[0.868s] -- Up-to-date: /home/hiromichi/rost2/install/std_msgs/include/std_msgs/std_msgs/msg/detail/float64__traits.hpp
[0.868s] -- Up-to-date: /home/hiromichi/rost2/install/std_msgs/include/std_msgs/std_msgs/msg/detail/int64_multi_array__traits.hpp
[0.868s] -- Up-to-date: /home/hiromichi/rost2/install/std_msgs/include/std_msgs/std_msgs/msg/detail/char__struct.hpp
[0.868s] -- Up-to-date: /home/hiromichi/rost2/install/std_msgs/include/std_msgs/std_msgs/msg/detail/byte_multi_array__builder.hpp
[0.868s] -- Up-to-date: /home/hiromichi/rost2/install/std_msgs/include/std_msgs/std_msgs/msg/detail/u_int16__struct.hpp
[0.869s] -- Up-to-date: /home/hiromichi/rost2/install/std_msgs/include/std_msgs/std_msgs/msg/detail/u_int32__traits.hpp
[0.869s] -- Up-to-date: /home/hiromichi/rost2/install/std_msgs/include/std_msgs/std_msgs/msg/detail/byte__builder.hpp
[0.869s] -- Up-to-date: /home/hiromichi/rost2/install/std_msgs/include/std_msgs/std_msgs/msg/detail/float64__struct.hpp
[0.869s] -- Up-to-date: /home/hiromichi/rost2/install/std_msgs/include/std_msgs/std_msgs/msg/detail/int16_multi_array__builder.hpp
[0.869s] -- Up-to-date: /home/hiromichi/rost2/install/std_msgs/include/std_msgs/std_msgs/msg/detail/multi_array_dimension__builder.hpp
[0.869s] -- Up-to-date: /home/hiromichi/rost2/install/std_msgs/include/std_msgs/std_msgs/msg/detail/u_int16__traits.hpp
[0.869s] -- Up-to-date: /home/hiromichi/rost2/install/std_msgs/include/std_msgs/std_msgs/msg/detail/header__builder.hpp
[0.869s] -- Up-to-date: /home/hiromichi/rost2/install/std_msgs/include/std_msgs/std_msgs/msg/detail/u_int8__traits.hpp
[0.869s] -- Up-to-date: /home/hiromichi/rost2/install/std_msgs/include/std_msgs/std_msgs/msg/detail/byte__traits.hpp
[0.869s] -- Up-to-date: /home/hiromichi/rost2/install/std_msgs/include/std_msgs/std_msgs/msg/detail/bool__struct.hpp
[0.869s] -- Up-to-date: /home/hiromichi/rost2/install/std_msgs/include/std_msgs/std_msgs/msg/detail/float64_multi_array__struct.hpp
[0.869s] -- Up-to-date: /home/hiromichi/rost2/install/std_msgs/include/std_msgs/std_msgs/msg/detail/int64__builder.hpp
[0.870s] -- Up-to-date: /home/hiromichi/rost2/install/std_msgs/include/std_msgs/std_msgs/msg/detail/int8_multi_array__builder.hpp
[0.870s] -- Up-to-date: /home/hiromichi/rost2/install/std_msgs/include/std_msgs/std_msgs/msg/detail/bool__traits.hpp
[0.870s] -- Up-to-date: /home/hiromichi/rost2/install/std_msgs/include/std_msgs/std_msgs/msg/detail/u_int64__traits.hpp
[0.870s] -- Up-to-date: /home/hiromichi/rost2/install/std_msgs/include/std_msgs/std_msgs/msg/detail/u_int16_multi_array__struct.hpp
[0.870s] -- Up-to-date: /home/hiromichi/rost2/install/std_msgs/include/std_msgs/std_msgs/msg/detail/int32__struct.hpp
[0.870s] -- Up-to-date: /home/hiromichi/rost2/install/std_msgs/include/std_msgs/std_msgs/msg/detail/empty__builder.hpp
[0.871s] -- Up-to-date: /home/hiromichi/rost2/install/std_msgs/include/std_msgs/std_msgs/msg/detail/float64__builder.hpp
[0.871s] -- Up-to-date: /home/hiromichi/rost2/install/std_msgs/include/std_msgs/std_msgs/msg/detail/float32__struct.hpp
[0.871s] -- Up-to-date: /home/hiromichi/rost2/install/std_msgs/include/std_msgs/std_msgs/msg/detail/empty__struct.hpp
[0.871s] -- Up-to-date: /home/hiromichi/rost2/install/std_msgs/include/std_msgs/std_msgs/msg/detail/int32_multi_array__builder.hpp
[0.871s] -- Up-to-date: /home/hiromichi/rost2/install/std_msgs/include/std_msgs/std_msgs/msg/detail/u_int8__builder.hpp
[0.871s] -- Up-to-date: /home/hiromichi/rost2/install/std_msgs/include/std_msgs/std_msgs/msg/detail/int16_multi_array__traits.hpp
[0.871s] -- Up-to-date: /home/hiromichi/rost2/install/std_msgs/include/std_msgs/std_msgs/msg/detail/byte__struct.hpp
[0.871s] -- Up-to-date: /home/hiromichi/rost2/install/std_msgs/include/std_msgs/std_msgs/msg/detail/int8__traits.hpp
[0.871s] -- Up-to-date: /home/hiromichi/rost2/install/std_msgs/include/std_msgs/std_msgs/msg/detail/int16__builder.hpp
[0.871s] -- Up-to-date: /home/hiromichi/rost2/install/std_msgs/include/std_msgs/std_msgs/msg/detail/float32_multi_array__struct.hpp
[0.871s] -- Up-to-date: /home/hiromichi/rost2/install/std_msgs/include/std_msgs/std_msgs/msg/detail/float32__builder.hpp
[0.871s] -- Up-to-date: /home/hiromichi/rost2/install/std_msgs/include/std_msgs/std_msgs/msg/detail/int64_multi_array__builder.hpp
[0.872s] -- Up-to-date: /home/hiromichi/rost2/install/std_msgs/include/std_msgs/std_msgs/msg/detail/multi_array_dimension__traits.hpp
[0.872s] -- Up-to-date: /home/hiromichi/rost2/install/std_msgs/include/std_msgs/std_msgs/msg/detail/int16__struct.hpp
[0.872s] -- Up-to-date: /home/hiromichi/rost2/install/std_msgs/include/std_msgs/std_msgs/msg/detail/u_int16__builder.hpp
[0.872s] -- Up-to-date: /home/hiromichi/rost2/install/std_msgs/include/std_msgs/std_msgs/msg/detail/u_int16_multi_array__builder.hpp
[0.872s] -- Up-to-date: /home/hiromichi/rost2/install/std_msgs/include/std_msgs/std_msgs/msg/detail/u_int32__struct.hpp
[0.872s] -- Up-to-date: /home/hiromichi/rost2/install/std_msgs/include/std_msgs/std_msgs/msg/detail/u_int32_multi_array__traits.hpp
[0.872s] -- Up-to-date: /home/hiromichi/rost2/install/std_msgs/include/std_msgs/std_msgs/msg/detail/color_rgba__traits.hpp
[0.872s] -- Up-to-date: /home/hiromichi/rost2/install/std_msgs/include/std_msgs/std_msgs/msg/detail/int8__builder.hpp
[0.872s] -- Up-to-date: /home/hiromichi/rost2/install/std_msgs/include/std_msgs/std_msgs/msg/detail/int32__traits.hpp
[0.872s] -- Up-to-date: /home/hiromichi/rost2/install/std_msgs/include/std_msgs/std_msgs/msg/detail/string__builder.hpp
[0.873s] -- Up-to-date: /home/hiromichi/rost2/install/std_msgs/include/std_msgs/std_msgs/msg/detail/string__traits.hpp
[0.873s] -- Up-to-date: /home/hiromichi/rost2/install/std_msgs/include/std_msgs/std_msgs/msg/detail/int64__traits.hpp
[0.873s] -- Up-to-date: /home/hiromichi/rost2/install/std_msgs/include/std_msgs/std_msgs/msg/detail/bool__builder.hpp
[0.873s] -- Up-to-date: /home/hiromichi/rost2/install/std_msgs/include/std_msgs/std_msgs/msg/detail/int8_multi_array__struct.hpp
[0.873s] -- Up-to-date: /home/hiromichi/rost2/install/std_msgs/include/std_msgs/std_msgs/msg/detail/int32_multi_array__struct.hpp
[0.873s] -- Up-to-date: /home/hiromichi/rost2/install/std_msgs/include/std_msgs/std_msgs/msg/detail/int16__traits.hpp
[0.873s] -- Up-to-date: /home/hiromichi/rost2/install/std_msgs/include/std_msgs/std_msgs/msg/detail/u_int64__struct.hpp
[0.873s] -- Up-to-date: /home/hiromichi/rost2/install/std_msgs/include/std_msgs/std_msgs/msg/detail/u_int16_multi_array__traits.hpp
[0.874s] -- Up-to-date: /home/hiromichi/rost2/install/std_msgs/include/std_msgs/std_msgs/msg/detail/float32_multi_array__traits.hpp
[0.874s] -- Up-to-date: /home/hiromichi/rost2/install/std_msgs/include/std_msgs/std_msgs/msg/detail/u_int64_multi_array__struct.hpp
[0.874s] -- Up-to-date: /home/hiromichi/rost2/install/std_msgs/include/std_msgs/std_msgs/msg/detail/multi_array_layout__builder.hpp
[0.874s] -- Up-to-date: /home/hiromichi/rost2/install/std_msgs/include/std_msgs/std_msgs/msg/detail/multi_array_layout__struct.hpp
[0.874s] -- Up-to-date: /home/hiromichi/rost2/install/std_msgs/include/std_msgs/std_msgs/msg/detail/float32__traits.hpp
[0.874s] -- Up-to-date: /home/hiromichi/rost2/install/std_msgs/include/std_msgs/std_msgs/msg/detail/float64_multi_array__traits.hpp
[0.875s] -- Up-to-date: /home/hiromichi/rost2/install/std_msgs/include/std_msgs/std_msgs/msg/detail/int8_multi_array__traits.hpp
[0.875s] -- Up-to-date: /home/hiromichi/rost2/install/std_msgs/include/std_msgs/std_msgs/msg/detail/int8__struct.hpp
[0.875s] -- Up-to-date: /home/hiromichi/rost2/install/std_msgs/include/std_msgs/std_msgs/msg/detail/int32_multi_array__traits.hpp
[0.875s] -- Up-to-date: /home/hiromichi/rost2/install/std_msgs/include/std_msgs/std_msgs/msg/detail/u_int64_multi_array__builder.hpp
[0.875s] -- Up-to-date: /home/hiromichi/rost2/install/std_msgs/include/std_msgs/std_msgs/msg/detail/float32_multi_array__builder.hpp
[0.875s] -- Up-to-date: /home/hiromichi/rost2/install/std_msgs/include/std_msgs/std_msgs/msg/detail/u_int32_multi_array__builder.hpp
[0.875s] -- Up-to-date: /home/hiromichi/rost2/install/std_msgs/include/std_msgs/std_msgs/msg/detail/byte_multi_array__traits.hpp
[0.875s] -- Up-to-date: /home/hiromichi/rost2/install/std_msgs/include/std_msgs/std_msgs/msg/detail/u_int64__builder.hpp
[0.875s] -- Up-to-date: /home/hiromichi/rost2/install/std_msgs/include/std_msgs/std_msgs/msg/detail/int64__struct.hpp
[0.875s] -- Up-to-date: /home/hiromichi/rost2/install/std_msgs/include/std_msgs/std_msgs/msg/float64.hpp
[0.875s] -- Up-to-date: /home/hiromichi/rost2/install/std_msgs/include/std_msgs/std_msgs/msg/header.hpp
[0.875s] -- Up-to-date: /home/hiromichi/rost2/install/std_msgs/include/std_msgs/std_msgs/msg/int8.hpp
[0.875s] -- Up-to-date: /home/hiromichi/rost2/install/std_msgs/include/std_msgs/std_msgs
[0.875s] -- Up-to-date: /home/hiromichi/rost2/install/std_msgs/include/std_msgs/std_msgs/msg
[0.875s] -- Up-to-date: /home/hiromichi/rost2/install/std_msgs/include/std_msgs/std_msgs/msg/rosidl_typesupport_fastrtps_cpp__visibility_control.h
[0.875s] -- Up-to-date: /home/hiromichi/rost2/install/std_msgs/include/std_msgs/std_msgs/msg/detail
[0.876s] -- Up-to-date: /home/hiromichi/rost2/install/std_msgs/include/std_msgs/std_msgs/msg/detail/int16_multi_array__rosidl_typesupport_fastrtps_cpp.hpp
[0.876s] -- Up-to-date: /home/hiromichi/rost2/install/std_msgs/include/std_msgs/std_msgs/msg/detail/u_int64_multi_array__rosidl_typesupport_fastrtps_cpp.hpp
[0.876s] -- Up-to-date: /home/hiromichi/rost2/install/std_msgs/include/std_msgs/std_msgs/msg/detail/byte__rosidl_typesupport_fastrtps_cpp.hpp
[0.876s] -- Up-to-date: /home/hiromichi/rost2/install/std_msgs/include/std_msgs/std_msgs/msg/detail/u_int8__rosidl_typesupport_fastrtps_cpp.hpp
[0.876s] -- Up-to-date: /home/hiromichi/rost2/install/std_msgs/include/std_msgs/std_msgs/msg/detail/u_int32__rosidl_typesupport_fastrtps_cpp.hpp
[0.876s] -- Up-to-date: /home/hiromichi/rost2/install/std_msgs/include/std_msgs/std_msgs/msg/detail/u_int32_multi_array__rosidl_typesupport_fastrtps_cpp.hpp
[0.876s] -- Up-to-date: /home/hiromichi/rost2/install/std_msgs/include/std_msgs/std_msgs/msg/detail/byte_multi_array__rosidl_typesupport_fastrtps_cpp.hpp
[0.876s] -- Up-to-date: /home/hiromichi/rost2/install/std_msgs/include/std_msgs/std_msgs/msg/detail/float64__rosidl_typesupport_fastrtps_cpp.hpp
[0.876s] -- Up-to-date: /home/hiromichi/rost2/install/std_msgs/include/std_msgs/std_msgs/msg/detail/int8_multi_array__rosidl_typesupport_fastrtps_cpp.hpp
[0.876s] -- Up-to-date: /home/hiromichi/rost2/install/std_msgs/include/std_msgs/std_msgs/msg/detail/int8__rosidl_typesupport_fastrtps_cpp.hpp
[0.876s] -- Up-to-date: /home/hiromichi/rost2/install/std_msgs/include/std_msgs/std_msgs/msg/detail/empty__rosidl_typesupport_fastrtps_cpp.hpp
[0.876s] -- Up-to-date: /home/hiromichi/rost2/install/std_msgs/include/std_msgs/std_msgs/msg/detail/u_int64__rosidl_typesupport_fastrtps_cpp.hpp
[0.876s] -- Up-to-date: /home/hiromichi/rost2/install/std_msgs/include/std_msgs/std_msgs/msg/detail/dds_fastrtps
[0.876s] -- Up-to-date: /home/hiromichi/rost2/install/std_msgs/include/std_msgs/std_msgs/msg/detail/multi_array_layout__rosidl_typesupport_fastrtps_cpp.hpp
[0.876s] -- Up-to-date: /home/hiromichi/rost2/install/std_msgs/include/std_msgs/std_msgs/msg/detail/u_int16__rosidl_typesupport_fastrtps_cpp.hpp
[0.876s] -- Up-to-date: /home/hiromichi/rost2/install/std_msgs/include/std_msgs/std_msgs/msg/detail/int64_multi_array__rosidl_typesupport_fastrtps_cpp.hpp
[0.877s] -- Up-to-date: /home/hiromichi/rost2/install/std_msgs/include/std_msgs/std_msgs/msg/detail/int32_multi_array__rosidl_typesupport_fastrtps_cpp.hpp
[0.877s] -- Up-to-date: /home/hiromichi/rost2/install/std_msgs/include/std_msgs/std_msgs/msg/detail/string__rosidl_typesupport_fastrtps_cpp.hpp
[0.877s] -- Up-to-date: /home/hiromichi/rost2/install/std_msgs/include/std_msgs/std_msgs/msg/detail/header__rosidl_typesupport_fastrtps_cpp.hpp
[0.877s] -- Up-to-date: /home/hiromichi/rost2/install/std_msgs/include/std_msgs/std_msgs/msg/detail/u_int16_multi_array__rosidl_typesupport_fastrtps_cpp.hpp
[0.877s] -- Up-to-date: /home/hiromichi/rost2/install/std_msgs/include/std_msgs/std_msgs/msg/detail/int32__rosidl_typesupport_fastrtps_cpp.hpp
[0.877s] -- Up-to-date: /home/hiromichi/rost2/install/std_msgs/include/std_msgs/std_msgs/msg/detail/float32_multi_array__rosidl_typesupport_fastrtps_cpp.hpp
[0.877s] -- Up-to-date: /home/hiromichi/rost2/install/std_msgs/include/std_msgs/std_msgs/msg/detail/float32__rosidl_typesupport_fastrtps_cpp.hpp
[0.877s] -- Up-to-date: /home/hiromichi/rost2/install/std_msgs/include/std_msgs/std_msgs/msg/detail/float64_multi_array__rosidl_typesupport_fastrtps_cpp.hpp
[0.878s] -- Up-to-date: /home/hiromichi/rost2/install/std_msgs/include/std_msgs/std_msgs/msg/detail/bool__rosidl_typesupport_fastrtps_cpp.hpp
[0.878s] -- Up-to-date: /home/hiromichi/rost2/install/std_msgs/include/std_msgs/std_msgs/msg/detail/int16__rosidl_typesupport_fastrtps_cpp.hpp
[0.878s] -- Up-to-date: /home/hiromichi/rost2/install/std_msgs/include/std_msgs/std_msgs/msg/detail/u_int8_multi_array__rosidl_typesupport_fastrtps_cpp.hpp
[0.878s] -- Up-to-date: /home/hiromichi/rost2/install/std_msgs/include/std_msgs/std_msgs/msg/detail/int64__rosidl_typesupport_fastrtps_cpp.hpp
[0.878s] -- Up-to-date: /home/hiromichi/rost2/install/std_msgs/include/std_msgs/std_msgs/msg/detail/char__rosidl_typesupport_fastrtps_cpp.hpp
[0.878s] -- Up-to-date: /home/hiromichi/rost2/install/std_msgs/include/std_msgs/std_msgs/msg/detail/color_rgba__rosidl_typesupport_fastrtps_cpp.hpp
[0.878s] -- Up-to-date: /home/hiromichi/rost2/install/std_msgs/include/std_msgs/std_msgs/msg/detail/multi_array_dimension__rosidl_typesupport_fastrtps_cpp.hpp
[0.878s] -- Up-to-date: /home/hiromichi/rost2/install/std_msgs/lib/libstd_msgs__rosidl_typesupport_fastrtps_cpp.so
[0.878s] -- Up-to-date: /home/hiromichi/rost2/install/std_msgs/include/std_msgs/std_msgs
[0.878s] -- Up-to-date: /home/hiromichi/rost2/install/std_msgs/include/std_msgs/std_msgs/msg
[0.878s] -- Up-to-date: /home/hiromichi/rost2/install/std_msgs/include/std_msgs/std_msgs/msg/rosidl_typesupport_introspection_c__visibility_control.h
[0.878s] -- Up-to-date: /home/hiromichi/rost2/install/std_msgs/include/std_msgs/std_msgs/msg/detail
[0.878s] -- Up-to-date: /home/hiromichi/rost2/install/std_msgs/include/std_msgs/std_msgs/msg/detail/multi_array_dimension__rosidl_typesupport_introspection_c.h
[0.878s] -- Up-to-date: /home/hiromichi/rost2/install/std_msgs/include/std_msgs/std_msgs/msg/detail/int64_multi_array__type_support.c
[0.878s] -- Up-to-date: /home/hiromichi/rost2/install/std_msgs/include/std_msgs/std_msgs/msg/detail/int32__rosidl_typesupport_introspection_c.h
[0.878s] -- Up-to-date: /home/hiromichi/rost2/install/std_msgs/include/std_msgs/std_msgs/msg/detail/u_int8_multi_array__rosidl_typesupport_introspection_c.h
[0.878s] -- Up-to-date: /home/hiromichi/rost2/install/std_msgs/include/std_msgs/std_msgs/msg/detail/multi_array_layout__type_support.c
[0.879s] -- Up-to-date: /home/hiromichi/rost2/install/std_msgs/include/std_msgs/std_msgs/msg/detail/float64_multi_array__type_support.c
[0.879s] -- Up-to-date: /home/hiromichi/rost2/install/std_msgs/include/std_msgs/std_msgs/msg/detail/color_rgba__rosidl_typesupport_introspection_c.h
[0.879s] -- Up-to-date: /home/hiromichi/rost2/install/std_msgs/include/std_msgs/std_msgs/msg/detail/bool__type_support.c
[0.879s] -- Up-to-date: /home/hiromichi/rost2/install/std_msgs/include/std_msgs/std_msgs/msg/detail/float64_multi_array__rosidl_typesupport_introspection_c.h
[0.879s] -- Up-to-date: /home/hiromichi/rost2/install/std_msgs/include/std_msgs/std_msgs/msg/detail/int32__type_support.c
[0.879s] -- Up-to-date: /home/hiromichi/rost2/install/std_msgs/include/std_msgs/std_msgs/msg/detail/string__rosidl_typesupport_introspection_c.h
[0.879s] -- Up-to-date: /home/hiromichi/rost2/install/std_msgs/include/std_msgs/std_msgs/msg/detail/char__rosidl_typesupport_introspection_c.h
[0.879s] -- Up-to-date: /home/hiromichi/rost2/install/std_msgs/include/std_msgs/std_msgs/msg/detail/float64__type_support.c
[0.879s] -- Up-to-date: /home/hiromichi/rost2/install/std_msgs/include/std_msgs/std_msgs/msg/detail/u_int64__rosidl_typesupport_introspection_c.h
[0.879s] -- Up-to-date: /home/hiromichi/rost2/install/std_msgs/include/std_msgs/std_msgs/msg/detail/header__rosidl_typesupport_introspection_c.h
[0.879s] -- Up-to-date: /home/hiromichi/rost2/install/std_msgs/include/std_msgs/std_msgs/msg/detail/u_int16_multi_array__rosidl_typesupport_introspection_c.h
[0.880s] -- Up-to-date: /home/hiromichi/rost2/install/std_msgs/include/std_msgs/std_msgs/msg/detail/int8__rosidl_typesupport_introspection_c.h
[0.880s] -- Up-to-date: /home/hiromichi/rost2/install/std_msgs/include/std_msgs/std_msgs/msg/detail/u_int64__type_support.c
[0.880s] -- Up-to-date: /home/hiromichi/rost2/install/std_msgs/include/std_msgs/std_msgs/msg/detail/float32__type_support.c
[0.880s] -- Up-to-date: /home/hiromichi/rost2/install/std_msgs/include/std_msgs/std_msgs/msg/detail/int64__type_support.c
[0.880s] -- Up-to-date: /home/hiromichi/rost2/install/std_msgs/include/std_msgs/std_msgs/msg/detail/empty__rosidl_typesupport_introspection_c.h
[0.880s] -- Up-to-date: /home/hiromichi/rost2/install/std_msgs/include/std_msgs/std_msgs/msg/detail/u_int8_multi_array__type_support.c
[0.880s] -- Up-to-date: /home/hiromichi/rost2/install/std_msgs/include/std_msgs/std_msgs/msg/detail/empty__type_support.c
[0.880s] -- Up-to-date: /home/hiromichi/rost2/install/std_msgs/include/std_msgs/std_msgs/msg/detail/u_int32__rosidl_typesupport_introspection_c.h
[0.881s] -- Up-to-date: /home/hiromichi/rost2/install/std_msgs/include/std_msgs/std_msgs/msg/detail/u_int64_multi_array__rosidl_typesupport_introspection_c.h
[0.881s] -- Up-to-date: /home/hiromichi/rost2/install/std_msgs/include/std_msgs/std_msgs/msg/detail/int16__rosidl_typesupport_introspection_c.h
[0.881s] -- Up-to-date: /home/hiromichi/rost2/install/std_msgs/include/std_msgs/std_msgs/msg/detail/int16_multi_array__rosidl_typesupport_introspection_c.h
[0.881s] -- Up-to-date: /home/hiromichi/rost2/install/std_msgs/include/std_msgs/std_msgs/msg/detail/float32_multi_array__type_support.c
[0.882s] -- Up-to-date: /home/hiromichi/rost2/install/std_msgs/include/std_msgs/std_msgs/msg/detail/int32_multi_array__type_support.c
[0.882s] -- Up-to-date: /home/hiromichi/rost2/install/std_msgs/include/std_msgs/std_msgs/msg/detail/byte_multi_array__type_support.c
[0.882s] -- Up-to-date: /home/hiromichi/rost2/install/std_msgs/include/std_msgs/std_msgs/msg/detail/int16__type_support.c
[0.882s] -- Up-to-date: /home/hiromichi/rost2/install/std_msgs/include/std_msgs/std_msgs/msg/detail/u_int8__rosidl_typesupport_introspection_c.h
[0.882s] -- Up-to-date: /home/hiromichi/rost2/install/std_msgs/include/std_msgs/std_msgs/msg/detail/u_int32_multi_array__type_support.c
[0.882s] -- Up-to-date: /home/hiromichi/rost2/install/std_msgs/include/std_msgs/std_msgs/msg/detail/int16_multi_array__type_support.c
[0.882s] -- Up-to-date: /home/hiromichi/rost2/install/std_msgs/include/std_msgs/std_msgs/msg/detail/u_int32__type_support.c
[0.882s] -- Up-to-date: /home/hiromichi/rost2/install/std_msgs/include/std_msgs/std_msgs/msg/detail/int8_multi_array__rosidl_typesupport_introspection_c.h
[0.883s] -- Up-to-date: /home/hiromichi/rost2/install/std_msgs/include/std_msgs/std_msgs/msg/detail/char__type_support.c
[0.883s] -- Up-to-date: /home/hiromichi/rost2/install/std_msgs/include/std_msgs/std_msgs/msg/detail/u_int16_multi_array__type_support.c
[0.883s] -- Up-to-date: /home/hiromichi/rost2/install/std_msgs/include/std_msgs/std_msgs/msg/detail/byte_multi_array__rosidl_typesupport_introspection_c.h
[0.883s] -- Up-to-date: /home/hiromichi/rost2/install/std_msgs/include/std_msgs/std_msgs/msg/detail/float32_multi_array__rosidl_typesupport_introspection_c.h
[0.883s] -- Up-to-date: /home/hiromichi/rost2/install/std_msgs/include/std_msgs/std_msgs/msg/detail/int64__rosidl_typesupport_introspection_c.h
[0.884s] -- Up-to-date: /home/hiromichi/rost2/install/std_msgs/include/std_msgs/std_msgs/msg/detail/color_rgba__type_support.c
[0.884s] -- Up-to-date: /home/hiromichi/rost2/install/std_msgs/include/std_msgs/std_msgs/msg/detail/float32__rosidl_typesupport_introspection_c.h
[0.884s] -- Up-to-date: /home/hiromichi/rost2/install/std_msgs/include/std_msgs/std_msgs/msg/detail/bool__rosidl_typesupport_introspection_c.h
[0.884s] -- Up-to-date: /home/hiromichi/rost2/install/std_msgs/include/std_msgs/std_msgs/msg/detail/byte__type_support.c
[0.884s] -- Up-to-date: /home/hiromichi/rost2/install/std_msgs/include/std_msgs/std_msgs/msg/detail/u_int64_multi_array__type_support.c
[0.884s] -- Up-to-date: /home/hiromichi/rost2/install/std_msgs/include/std_msgs/std_msgs/msg/detail/float64__rosidl_typesupport_introspection_c.h
[0.884s] -- Up-to-date: /home/hiromichi/rost2/install/std_msgs/include/std_msgs/std_msgs/msg/detail/u_int16__type_support.c
[0.884s] -- Up-to-date: /home/hiromichi/rost2/install/std_msgs/include/std_msgs/std_msgs/msg/detail/multi_array_dimension__type_support.c
[0.884s] -- Up-to-date: /home/hiromichi/rost2/install/std_msgs/include/std_msgs/std_msgs/msg/detail/string__type_support.c
[0.884s] -- Up-to-date: /home/hiromichi/rost2/install/std_msgs/include/std_msgs/std_msgs/msg/detail/header__type_support.c
[0.884s] -- Up-to-date: /home/hiromichi/rost2/install/std_msgs/include/std_msgs/std_msgs/msg/detail/int8__type_support.c
[0.885s] -- Up-to-date: /home/hiromichi/rost2/install/std_msgs/include/std_msgs/std_msgs/msg/detail/byte__rosidl_typesupport_introspection_c.h
[0.885s] -- Up-to-date: /home/hiromichi/rost2/install/std_msgs/include/std_msgs/std_msgs/msg/detail/u_int32_multi_array__rosidl_typesupport_introspection_c.h
[0.885s] -- Up-to-date: /home/hiromichi/rost2/install/std_msgs/include/std_msgs/std_msgs/msg/detail/int32_multi_array__rosidl_typesupport_introspection_c.h
[0.885s] -- Up-to-date: /home/hiromichi/rost2/install/std_msgs/include/std_msgs/std_msgs/msg/detail/u_int8__type_support.c
[0.885s] -- Up-to-date: /home/hiromichi/rost2/install/std_msgs/include/std_msgs/std_msgs/msg/detail/u_int16__rosidl_typesupport_introspection_c.h
[0.885s] -- Up-to-date: /home/hiromichi/rost2/install/std_msgs/include/std_msgs/std_msgs/msg/detail/int8_multi_array__type_support.c
[0.885s] -- Up-to-date: /home/hiromichi/rost2/install/std_msgs/include/std_msgs/std_msgs/msg/detail/int64_multi_array__rosidl_typesupport_introspection_c.h
[0.885s] -- Up-to-date: /home/hiromichi/rost2/install/std_msgs/include/std_msgs/std_msgs/msg/detail/multi_array_layout__rosidl_typesupport_introspection_c.h
[0.885s] -- Up-to-date: /home/hiromichi/rost2/install/std_msgs/lib/libstd_msgs__rosidl_typesupport_introspection_c.so
[0.886s] -- Up-to-date: /home/hiromichi/rost2/install/std_msgs/lib/libstd_msgs__rosidl_typesupport_c.so
[0.886s] -- Up-to-date: /home/hiromichi/rost2/install/std_msgs/include/std_msgs/std_msgs
[0.886s] -- Up-to-date: /home/hiromichi/rost2/install/std_msgs/include/std_msgs/std_msgs/msg
[0.886s] -- Up-to-date: /home/hiromichi/rost2/install/std_msgs/include/std_msgs/std_msgs/msg/detail
[0.886s] -- Up-to-date: /home/hiromichi/rost2/install/std_msgs/include/std_msgs/std_msgs/msg/detail/u_int64_multi_array__rosidl_typesupport_introspection_cpp.hpp
[0.886s] -- Up-to-date: /home/hiromichi/rost2/install/std_msgs/include/std_msgs/std_msgs/msg/detail/u_int64__rosidl_typesupport_introspection_cpp.hpp
[0.886s] -- Up-to-date: /home/hiromichi/rost2/install/std_msgs/include/std_msgs/std_msgs/msg/detail/int8_multi_array__type_support.cpp
[0.886s] -- Up-to-date: /home/hiromichi/rost2/install/std_msgs/include/std_msgs/std_msgs/msg/detail/color_rgba__rosidl_typesupport_introspection_cpp.hpp
[0.886s] -- Up-to-date: /home/hiromichi/rost2/install/std_msgs/include/std_msgs/std_msgs/msg/detail/bool__rosidl_typesupport_introspection_cpp.hpp
[0.886s] -- Up-to-date: /home/hiromichi/rost2/install/std_msgs/include/std_msgs/std_msgs/msg/detail/float32_multi_array__type_support.cpp
[0.886s] -- Up-to-date: /home/hiromichi/rost2/install/std_msgs/include/std_msgs/std_msgs/msg/detail/u_int16__rosidl_typesupport_introspection_cpp.hpp
[0.887s] -- Up-to-date: /home/hiromichi/rost2/install/std_msgs/include/std_msgs/std_msgs/msg/detail/float32__type_support.cpp
[0.887s] -- Up-to-date: /home/hiromichi/rost2/install/std_msgs/include/std_msgs/std_msgs/msg/detail/byte__rosidl_typesupport_introspection_cpp.hpp
[0.887s] -- Up-to-date: /home/hiromichi/rost2/install/std_msgs/include/std_msgs/std_msgs/msg/detail/byte_multi_array__type_support.cpp
[0.887s] -- Up-to-date: /home/hiromichi/rost2/install/std_msgs/include/std_msgs/std_msgs/msg/detail/multi_array_dimension__type_support.cpp
[0.887s] -- Up-to-date: /home/hiromichi/rost2/install/std_msgs/include/std_msgs/std_msgs/msg/detail/int32__type_support.cpp
[0.887s] -- Up-to-date: /home/hiromichi/rost2/install/std_msgs/include/std_msgs/std_msgs/msg/detail/int8__type_support.cpp
[0.887s] -- Up-to-date: /home/hiromichi/rost2/install/std_msgs/include/std_msgs/std_msgs/msg/detail/u_int32_multi_array__type_support.cpp
[0.887s] -- Up-to-date: /home/hiromichi/rost2/install/std_msgs/include/std_msgs/std_msgs/msg/detail/float64__type_support.cpp
[0.887s] -- Up-to-date: /home/hiromichi/rost2/install/std_msgs/include/std_msgs/std_msgs/msg/detail/u_int16__type_support.cpp
[0.887s] -- Up-to-date: /home/hiromichi/rost2/install/std_msgs/include/std_msgs/std_msgs/msg/detail/string__type_support.cpp
[0.887s] -- Up-to-date: /home/hiromichi/rost2/install/std_msgs/include/std_msgs/std_msgs/msg/detail/u_int16_multi_array__type_support.cpp
[0.887s] -- Up-to-date: /home/hiromichi/rost2/install/std_msgs/include/std_msgs/std_msgs/msg/detail/bool__type_support.cpp
[0.888s] -- Up-to-date: /home/hiromichi/rost2/install/std_msgs/include/std_msgs/std_msgs/msg/detail/int64__type_support.cpp
[0.888s] -- Up-to-date: /home/hiromichi/rost2/install/std_msgs/include/std_msgs/std_msgs/msg/detail/float32_multi_array__rosidl_typesupport_introspection_cpp.hpp
[0.888s] -- Up-to-date: /home/hiromichi/rost2/install/std_msgs/include/std_msgs/std_msgs/msg/detail/int64_multi_array__rosidl_typesupport_introspection_cpp.hpp
[0.888s] -- Up-to-date: /home/hiromichi/rost2/install/std_msgs/include/std_msgs/std_msgs/msg/detail/u_int8__type_support.cpp
[0.888s] -- Up-to-date: /home/hiromichi/rost2/install/std_msgs/include/std_msgs/std_msgs/msg/detail/empty__rosidl_typesupport_introspection_cpp.hpp
[0.888s] -- Up-to-date: /home/hiromichi/rost2/install/std_msgs/include/std_msgs/std_msgs/msg/detail/int64_multi_array__type_support.cpp
[0.888s] -- Up-to-date: /home/hiromichi/rost2/install/std_msgs/include/std_msgs/std_msgs/msg/detail/char__rosidl_typesupport_introspection_cpp.hpp
[0.888s] -- Up-to-date: /home/hiromichi/rost2/install/std_msgs/include/std_msgs/std_msgs/msg/detail/header__rosidl_typesupport_introspection_cpp.hpp
[0.888s] -- Up-to-date: /home/hiromichi/rost2/install/std_msgs/include/std_msgs/std_msgs/msg/detail/u_int32__type_support.cpp
[0.888s] -- Up-to-date: /home/hiromichi/rost2/install/std_msgs/include/std_msgs/std_msgs/msg/detail/empty__type_support.cpp
[0.888s] -- Up-to-date: /home/hiromichi/rost2/install/std_msgs/include/std_msgs/std_msgs/msg/detail/float32__rosidl_typesupport_introspection_cpp.hpp
[0.888s] -- Up-to-date: /home/hiromichi/rost2/install/std_msgs/include/std_msgs/std_msgs/msg/detail/int64__rosidl_typesupport_introspection_cpp.hpp
[0.888s] -- Up-to-date: /home/hiromichi/rost2/install/std_msgs/include/std_msgs/std_msgs/msg/detail/u_int16_multi_array__rosidl_typesupport_introspection_cpp.hpp
[0.888s] -- Up-to-date: /home/hiromichi/rost2/install/std_msgs/include/std_msgs/std_msgs/msg/detail/u_int64_multi_array__type_support.cpp
[0.888s] -- Up-to-date: /home/hiromichi/rost2/install/std_msgs/include/std_msgs/std_msgs/msg/detail/header__type_support.cpp
[0.888s] -- Up-to-date: /home/hiromichi/rost2/install/std_msgs/include/std_msgs/std_msgs/msg/detail/string__rosidl_typesupport_introspection_cpp.hpp
[0.889s] -- Up-to-date: /home/hiromichi/rost2/install/std_msgs/include/std_msgs/std_msgs/msg/detail/int8_multi_array__rosidl_typesupport_introspection_cpp.hpp
[0.889s] -- Up-to-date: /home/hiromichi/rost2/install/std_msgs/include/std_msgs/std_msgs/msg/detail/u_int8_multi_array__type_support.cpp
[0.889s] -- Up-to-date: /home/hiromichi/rost2/install/std_msgs/include/std_msgs/std_msgs/msg/detail/int16__rosidl_typesupport_introspection_cpp.hpp
[0.889s] -- Up-to-date: /home/hiromichi/rost2/install/std_msgs/include/std_msgs/std_msgs/msg/detail/int16_multi_array__type_support.cpp
[0.889s] -- Up-to-date: /home/hiromichi/rost2/install/std_msgs/include/std_msgs/std_msgs/msg/detail/int16__type_support.cpp
[0.889s] -- Up-to-date: /home/hiromichi/rost2/install/std_msgs/include/std_msgs/std_msgs/msg/detail/float64_multi_array__type_support.cpp
[0.890s] -- Up-to-date: /home/hiromichi/rost2/install/std_msgs/include/std_msgs/std_msgs/msg/detail/u_int32_multi_array__rosidl_typesupport_introspection_cpp.hpp
[0.890s] -- Up-to-date: /home/hiromichi/rost2/install/std_msgs/include/std_msgs/std_msgs/msg/detail/multi_array_dimension__rosidl_typesupport_introspection_cpp.hpp
[0.890s] -- Up-to-date: /home/hiromichi/rost2/install/std_msgs/include/std_msgs/std_msgs/msg/detail/u_int32__rosidl_typesupport_introspection_cpp.hpp
[0.890s] -- Up-to-date: /home/hiromichi/rost2/install/std_msgs/include/std_msgs/std_msgs/msg/detail/byte_multi_array__rosidl_typesupport_introspection_cpp.hpp
[0.890s] -- Up-to-date: /home/hiromichi/rost2/install/std_msgs/include/std_msgs/std_msgs/msg/detail/u_int8_multi_array__rosidl_typesupport_introspection_cpp.hpp
[0.890s] -- Up-to-date: /home/hiromichi/rost2/install/std_msgs/include/std_msgs/std_msgs/msg/detail/int32_multi_array__type_support.cpp
[0.891s] -- Up-to-date: /home/hiromichi/rost2/install/std_msgs/include/std_msgs/std_msgs/msg/detail/int8__rosidl_typesupport_introspection_cpp.hpp
[0.891s] -- Up-to-date: /home/hiromichi/rost2/install/std_msgs/include/std_msgs/std_msgs/msg/detail/u_int8__rosidl_typesupport_introspection_cpp.hpp
[0.891s] -- Up-to-date: /home/hiromichi/rost2/install/std_msgs/include/std_msgs/std_msgs/msg/detail/int16_multi_array__rosidl_typesupport_introspection_cpp.hpp
[0.891s] -- Up-to-date: /home/hiromichi/rost2/install/std_msgs/include/std_msgs/std_msgs/msg/detail/u_int64__type_support.cpp
[0.891s] -- Up-to-date: /home/hiromichi/rost2/install/std_msgs/include/std_msgs/std_msgs/msg/detail/int32_multi_array__rosidl_typesupport_introspection_cpp.hpp
[0.891s] -- Up-to-date: /home/hiromichi/rost2/install/std_msgs/include/std_msgs/std_msgs/msg/detail/int32__rosidl_typesupport_introspection_cpp.hpp
[0.892s] -- Up-to-date: /home/hiromichi/rost2/install/std_msgs/include/std_msgs/std_msgs/msg/detail/char__type_support.cpp
[0.892s] -- Up-to-date: /home/hiromichi/rost2/install/std_msgs/include/std_msgs/std_msgs/msg/detail/byte__type_support.cpp
[0.892s] -- Up-to-date: /home/hiromichi/rost2/install/std_msgs/include/std_msgs/std_msgs/msg/detail/color_rgba__type_support.cpp
[0.892s] -- Up-to-date: /home/hiromichi/rost2/install/std_msgs/include/std_msgs/std_msgs/msg/detail/float64__rosidl_typesupport_introspection_cpp.hpp
[0.892s] -- Up-to-date: /home/hiromichi/rost2/install/std_msgs/include/std_msgs/std_msgs/msg/detail/multi_array_layout__type_support.cpp
[0.892s] -- Up-to-date: /home/hiromichi/rost2/install/std_msgs/include/std_msgs/std_msgs/msg/detail/float64_multi_array__rosidl_typesupport_introspection_cpp.hpp
[0.892s] -- Up-to-date: /home/hiromichi/rost2/install/std_msgs/include/std_msgs/std_msgs/msg/detail/multi_array_layout__rosidl_typesupport_introspection_cpp.hpp
[0.892s] -- Up-to-date: /home/hiromichi/rost2/install/std_msgs/lib/libstd_msgs__rosidl_typesupport_introspection_cpp.so
[0.892s] -- Up-to-date: /home/hiromichi/rost2/install/std_msgs/lib/libstd_msgs__rosidl_typesupport_cpp.so
[0.892s] -- Up-to-date: /home/hiromichi/rost2/install/std_msgs/share/ament_index/resource_index/rust_packages/std_msgs
[0.892s] -- Up-to-date: /home/hiromichi/rost2/install/std_msgs/share/std_msgs/rust
[0.893s] -- Up-to-date: /home/hiromichi/rost2/install/std_msgs/share/std_msgs/rust/src
[0.893s] -- Up-to-date: /home/hiromichi/rost2/install/std_msgs/share/std_msgs/rust/src/msg.rs
[0.893s] -- Up-to-date: /home/hiromichi/rost2/install/std_msgs/share/std_msgs/rust/src/lib.rs
[0.893s] -- Up-to-date: /home/hiromichi/rost2/install/std_msgs/share/std_msgs/rust/Cargo.toml
[0.893s] -- Up-to-date: /home/hiromichi/rost2/install/std_msgs/share/std_msgs/rust/build.rs
[0.893s] -- Up-to-date: /home/hiromichi/rost2/install/std_msgs/share/std_msgs/environment/pythonpath.sh
[0.894s] -- Up-to-date: /home/hiromichi/rost2/install/std_msgs/share/std_msgs/environment/pythonpath.dsv
[0.894s] -- Up-to-date: /home/hiromichi/rost2/install/std_msgs/local/lib/python3.10/dist-packages/std_msgs-4.2.4-py3.10.egg-info
[0.894s] -- Installing: /home/hiromichi/rost2/install/std_msgs/local/lib/python3.10/dist-packages/std_msgs-4.2.4-py3.10.egg-info/top_level.txt
[0.894s] -- Installing: /home/hiromichi/rost2/install/std_msgs/local/lib/python3.10/dist-packages/std_msgs-4.2.4-py3.10.egg-info/dependency_links.txt
[0.894s] -- Installing: /home/hiromichi/rost2/install/std_msgs/local/lib/python3.10/dist-packages/std_msgs-4.2.4-py3.10.egg-info/SOURCES.txt
[0.894s] -- Installing: /home/hiromichi/rost2/install/std_msgs/local/lib/python3.10/dist-packages/std_msgs-4.2.4-py3.10.egg-info/PKG-INFO
[0.894s] -- Up-to-date: /home/hiromichi/rost2/install/std_msgs/local/lib/python3.10/dist-packages/std_msgs
[0.894s] -- Up-to-date: /home/hiromichi/rost2/install/std_msgs/local/lib/python3.10/dist-packages/std_msgs/std_msgs_s__rosidl_typesupport_introspection_c.cpython-310-x86_64-linux-gnu.so
[0.895s] -- Up-to-date: /home/hiromichi/rost2/install/std_msgs/local/lib/python3.10/dist-packages/std_msgs/std_msgs_s__rosidl_typesupport_fastrtps_c.cpython-310-x86_64-linux-gnu.so
[0.895s] -- Up-to-date: /home/hiromichi/rost2/install/std_msgs/local/lib/python3.10/dist-packages/std_msgs/libstd_msgs__rosidl_generator_py.so
[0.895s] -- Up-to-date: /home/hiromichi/rost2/install/std_msgs/local/lib/python3.10/dist-packages/std_msgs/_std_msgs_s.ep.rosidl_typesupport_c.c
[0.895s] -- Up-to-date: /home/hiromichi/rost2/install/std_msgs/local/lib/python3.10/dist-packages/std_msgs/msg
[0.896s] -- Up-to-date: /home/hiromichi/rost2/install/std_msgs/local/lib/python3.10/dist-packages/std_msgs/msg/_int64_s.c
[0.896s] -- Up-to-date: /home/hiromichi/rost2/install/std_msgs/local/lib/python3.10/dist-packages/std_msgs/msg/_int64_multi_array_s.c
[0.896s] -- Up-to-date: /home/hiromichi/rost2/install/std_msgs/local/lib/python3.10/dist-packages/std_msgs/msg/_multi_array_dimension.py
[0.896s] -- Up-to-date: /home/hiromichi/rost2/install/std_msgs/local/lib/python3.10/dist-packages/std_msgs/msg/_float32_multi_array_s.c
[0.896s] -- Up-to-date: /home/hiromichi/rost2/install/std_msgs/local/lib/python3.10/dist-packages/std_msgs/msg/_header_s.c
[0.896s] -- Up-to-date: /home/hiromichi/rost2/install/std_msgs/local/lib/python3.10/dist-packages/std_msgs/msg/_int8_s.c
[0.897s] -- Up-to-date: /home/hiromichi/rost2/install/std_msgs/local/lib/python3.10/dist-packages/std_msgs/msg/_bool.py
[0.897s] -- Up-to-date: /home/hiromichi/rost2/install/std_msgs/local/lib/python3.10/dist-packages/std_msgs/msg/_string_s.c
[0.897s] -- Up-to-date: /home/hiromichi/rost2/install/std_msgs/local/lib/python3.10/dist-packages/std_msgs/msg/_u_int64_multi_array_s.c
[0.898s] -- Up-to-date: /home/hiromichi/rost2/install/std_msgs/local/lib/python3.10/dist-packages/std_msgs/msg/_u_int16_s.c
[0.898s] -- Up-to-date: /home/hiromichi/rost2/install/std_msgs/local/lib/python3.10/dist-packages/std_msgs/msg/_u_int32_multi_array_s.c
[0.899s] -- Up-to-date: /home/hiromichi/rost2/install/std_msgs/local/lib/python3.10/dist-packages/std_msgs/msg/_color_rgba.py
[0.899s] -- Up-to-date: /home/hiromichi/rost2/install/std_msgs/local/lib/python3.10/dist-packages/std_msgs/msg/_u_int8_multi_array.py
[0.900s] -- Up-to-date: /home/hiromichi/rost2/install/std_msgs/local/lib/python3.10/dist-packages/std_msgs/msg/_u_int32.py
[0.900s] -- Up-to-date: /home/hiromichi/rost2/install/std_msgs/local/lib/python3.10/dist-packages/std_msgs/msg/_u_int64.py
[0.900s] -- Up-to-date: /home/hiromichi/rost2/install/std_msgs/local/lib/python3.10/dist-packages/std_msgs/msg/_int64.py
[0.901s] -- Up-to-date: /home/hiromichi/rost2/install/std_msgs/local/lib/python3.10/dist-packages/std_msgs/msg/_byte_multi_array_s.c
[0.901s] -- Up-to-date: /home/hiromichi/rost2/install/std_msgs/local/lib/python3.10/dist-packages/std_msgs/msg/_color_rgba_s.c
[0.901s] -- Up-to-date: /home/hiromichi/rost2/install/std_msgs/local/lib/python3.10/dist-packages/std_msgs/msg/_int32_s.c
[0.902s] -- Up-to-date: /home/hiromichi/rost2/install/std_msgs/local/lib/python3.10/dist-packages/std_msgs/msg/_int8_multi_array.py
[0.902s] -- Up-to-date: /home/hiromichi/rost2/install/std_msgs/local/lib/python3.10/dist-packages/std_msgs/msg/_empty_s.c
[0.902s] -- Up-to-date: /home/hiromichi/rost2/install/std_msgs/local/lib/python3.10/dist-packages/std_msgs/msg/_multi_array_layout_s.c
[0.902s] -- Up-to-date: /home/hiromichi/rost2/install/std_msgs/local/lib/python3.10/dist-packages/std_msgs/msg/_float32.py
[0.903s] -- Up-to-date: /home/hiromichi/rost2/install/std_msgs/local/lib/python3.10/dist-packages/std_msgs/msg/_byte.py
[0.903s] -- Up-to-date: /home/hiromichi/rost2/install/std_msgs/local/lib/python3.10/dist-packages/std_msgs/msg/_byte_s.c
[0.903s] -- Up-to-date: /home/hiromichi/rost2/install/std_msgs/local/lib/python3.10/dist-packages/std_msgs/msg/_int32.py
[0.903s] -- Up-to-date: /home/hiromichi/rost2/install/std_msgs/local/lib/python3.10/dist-packages/std_msgs/msg/_int32_multi_array.py
[0.903s] -- Up-to-date: /home/hiromichi/rost2/install/std_msgs/local/lib/python3.10/dist-packages/std_msgs/msg/_int16.py
[0.903s] -- Up-to-date: /home/hiromichi/rost2/install/std_msgs/local/lib/python3.10/dist-packages/std_msgs/msg/_float64.py
[0.903s] -- Up-to-date: /home/hiromichi/rost2/install/std_msgs/local/lib/python3.10/dist-packages/std_msgs/msg/_header.py
[0.903s] -- Up-to-date: /home/hiromichi/rost2/install/std_msgs/local/lib/python3.10/dist-packages/std_msgs/msg/_int16_multi_array_s.c
[0.903s] -- Up-to-date: /home/hiromichi/rost2/install/std_msgs/local/lib/python3.10/dist-packages/std_msgs/msg/_int32_multi_array_s.c
[0.903s] -- Up-to-date: /home/hiromichi/rost2/install/std_msgs/local/lib/python3.10/dist-packages/std_msgs/msg/_u_int8_s.c
[0.903s] -- Up-to-date: /home/hiromichi/rost2/install/std_msgs/local/lib/python3.10/dist-packages/std_msgs/msg/_int8.py
[0.903s] -- Up-to-date: /home/hiromichi/rost2/install/std_msgs/local/lib/python3.10/dist-packages/std_msgs/msg/_u_int8_multi_array_s.c
[0.904s] -- Up-to-date: /home/hiromichi/rost2/install/std_msgs/local/lib/python3.10/dist-packages/std_msgs/msg/_char.py
[0.904s] -- Up-to-date: /home/hiromichi/rost2/install/std_msgs/local/lib/python3.10/dist-packages/std_msgs/msg/_u_int32_s.c
[0.904s] -- Up-to-date: /home/hiromichi/rost2/install/std_msgs/local/lib/python3.10/dist-packages/std_msgs/msg/_int8_multi_array_s.c
[0.904s] -- Up-to-date: /home/hiromichi/rost2/install/std_msgs/local/lib/python3.10/dist-packages/std_msgs/msg/_u_int64_multi_array.py
[0.904s] -- Up-to-date: /home/hiromichi/rost2/install/std_msgs/local/lib/python3.10/dist-packages/std_msgs/msg/_float64_multi_array_s.c
[0.904s] -- Up-to-date: /home/hiromichi/rost2/install/std_msgs/local/lib/python3.10/dist-packages/std_msgs/msg/_char_s.c
[0.904s] -- Up-to-date: /home/hiromichi/rost2/install/std_msgs/local/lib/python3.10/dist-packages/std_msgs/msg/_empty.py
[0.904s] -- Up-to-date: /home/hiromichi/rost2/install/std_msgs/local/lib/python3.10/dist-packages/std_msgs/msg/_float64_multi_array.py
[0.904s] -- Up-to-date: /home/hiromichi/rost2/install/std_msgs/local/lib/python3.10/dist-packages/std_msgs/msg/_u_int16_multi_array.py
[0.904s] -- Up-to-date: /home/hiromichi/rost2/install/std_msgs/local/lib/python3.10/dist-packages/std_msgs/msg/_multi_array_layout.py
[0.905s] -- Up-to-date: /home/hiromichi/rost2/install/std_msgs/local/lib/python3.10/dist-packages/std_msgs/msg/_u_int16.py
[0.905s] -- Up-to-date: /home/hiromichi/rost2/install/std_msgs/local/lib/python3.10/dist-packages/std_msgs/msg/_u_int32_multi_array.py
[0.905s] -- Up-to-date: /home/hiromichi/rost2/install/std_msgs/local/lib/python3.10/dist-packages/std_msgs/msg/_u_int16_multi_array_s.c
[0.905s] -- Up-to-date: /home/hiromichi/rost2/install/std_msgs/local/lib/python3.10/dist-packages/std_msgs/msg/_int16_s.c
[0.906s] -- Up-to-date: /home/hiromichi/rost2/install/std_msgs/local/lib/python3.10/dist-packages/std_msgs/msg/_multi_array_dimension_s.c
[0.906s] -- Up-to-date: /home/hiromichi/rost2/install/std_msgs/local/lib/python3.10/dist-packages/std_msgs/msg/_byte_multi_array.py
[0.906s] -- Up-to-date: /home/hiromichi/rost2/install/std_msgs/local/lib/python3.10/dist-packages/std_msgs/msg/_int16_multi_array.py
[0.906s] -- Up-to-date: /home/hiromichi/rost2/install/std_msgs/local/lib/python3.10/dist-packages/std_msgs/msg/_u_int8.py
[0.907s] -- Up-to-date: /home/hiromichi/rost2/install/std_msgs/local/lib/python3.10/dist-packages/std_msgs/msg/_float32_multi_array.py
[0.907s] -- Up-to-date: /home/hiromichi/rost2/install/std_msgs/local/lib/python3.10/dist-packages/std_msgs/msg/_string.py
[0.908s] -- Up-to-date: /home/hiromichi/rost2/install/std_msgs/local/lib/python3.10/dist-packages/std_msgs/msg/__init__.py
[0.908s] -- Up-to-date: /home/hiromichi/rost2/install/std_msgs/local/lib/python3.10/dist-packages/std_msgs/msg/_int64_multi_array.py
[0.909s] -- Up-to-date: /home/hiromichi/rost2/install/std_msgs/local/lib/python3.10/dist-packages/std_msgs/msg/_u_int64_s.c
[0.909s] -- Up-to-date: /home/hiromichi/rost2/install/std_msgs/local/lib/python3.10/dist-packages/std_msgs/msg/_bool_s.c
[0.910s] -- Up-to-date: /home/hiromichi/rost2/install/std_msgs/local/lib/python3.10/dist-packages/std_msgs/msg/_float32_s.c
[0.910s] -- Up-to-date: /home/hiromichi/rost2/install/std_msgs/local/lib/python3.10/dist-packages/std_msgs/msg/_float64_s.c
[0.910s] -- Up-to-date: /home/hiromichi/rost2/install/std_msgs/local/lib/python3.10/dist-packages/std_msgs/_std_msgs_s.ep.rosidl_typesupport_introspection_c.c
[0.910s] -- Up-to-date: /home/hiromichi/rost2/install/std_msgs/local/lib/python3.10/dist-packages/std_msgs/std_msgs_s__rosidl_typesupport_c.cpython-310-x86_64-linux-gnu.so
[0.910s] -- Up-to-date: /home/hiromichi/rost2/install/std_msgs/local/lib/python3.10/dist-packages/std_msgs/__init__.py
[0.911s] -- Up-to-date: /home/hiromichi/rost2/install/std_msgs/local/lib/python3.10/dist-packages/std_msgs/_std_msgs_s.ep.rosidl_typesupport_fastrtps_c.c
[0.911s] Listing '/home/hiromichi/rost2/install/std_msgs/local/lib/python3.10/dist-packages/std_msgs'...
[0.912s] Listing '/home/hiromichi/rost2/install/std_msgs/local/lib/python3.10/dist-packages/std_msgs/msg'...
[0.912s] -- Up-to-date: /home/hiromichi/rost2/install/std_msgs/local/lib/python3.10/dist-packages/std_msgs/std_msgs_s__rosidl_typesupport_fastrtps_c.cpython-310-x86_64-linux-gnu.so
[0.912s] -- Up-to-date: /home/hiromichi/rost2/install/std_msgs/local/lib/python3.10/dist-packages/std_msgs/std_msgs_s__rosidl_typesupport_introspection_c.cpython-310-x86_64-linux-gnu.so
[0.913s] -- Up-to-date: /home/hiromichi/rost2/install/std_msgs/local/lib/python3.10/dist-packages/std_msgs/std_msgs_s__rosidl_typesupport_c.cpython-310-x86_64-linux-gnu.so
[0.913s] -- Up-to-date: /home/hiromichi/rost2/install/std_msgs/lib/libstd_msgs__rosidl_generator_py.so
[0.914s] -- Up-to-date: /home/hiromichi/rost2/install/std_msgs/share/std_msgs/msg/Bool.idl
[0.915s] -- Up-to-date: /home/hiromichi/rost2/install/std_msgs/share/std_msgs/msg/Byte.idl
[0.915s] -- Up-to-date: /home/hiromichi/rost2/install/std_msgs/share/std_msgs/msg/ByteMultiArray.idl
[0.915s] -- Up-to-date: /home/hiromichi/rost2/install/std_msgs/share/std_msgs/msg/Char.idl
[0.915s] -- Up-to-date: /home/hiromichi/rost2/install/std_msgs/share/std_msgs/msg/ColorRGBA.idl
[0.916s] -- Up-to-date: /home/hiromichi/rost2/install/std_msgs/share/std_msgs/msg/Empty.idl
[0.916s] -- Up-to-date: /home/hiromichi/rost2/install/std_msgs/share/std_msgs/msg/Float32.idl
[0.916s] -- Up-to-date: /home/hiromichi/rost2/install/std_msgs/share/std_msgs/msg/Float32MultiArray.idl
[0.916s] -- Up-to-date: /home/hiromichi/rost2/install/std_msgs/share/std_msgs/msg/Float64.idl
[0.917s] -- Up-to-date: /home/hiromichi/rost2/install/std_msgs/share/std_msgs/msg/Float64MultiArray.idl
[0.917s] -- Up-to-date: /home/hiromichi/rost2/install/std_msgs/share/std_msgs/msg/Header.idl
[0.917s] -- Up-to-date: /home/hiromichi/rost2/install/std_msgs/share/std_msgs/msg/Int16.idl
[0.918s] -- Up-to-date: /home/hiromichi/rost2/install/std_msgs/share/std_msgs/msg/Int16MultiArray.idl
[0.918s] -- Up-to-date: /home/hiromichi/rost2/install/std_msgs/share/std_msgs/msg/Int32.idl
[0.918s] -- Up-to-date: /home/hiromichi/rost2/install/std_msgs/share/std_msgs/msg/Int32MultiArray.idl
[0.918s] -- Up-to-date: /home/hiromichi/rost2/install/std_msgs/share/std_msgs/msg/Int64.idl
[0.919s] -- Up-to-date: /home/hiromichi/rost2/install/std_msgs/share/std_msgs/msg/Int64MultiArray.idl
[0.920s] -- Up-to-date: /home/hiromichi/rost2/install/std_msgs/share/std_msgs/msg/Int8.idl
[0.920s] -- Up-to-date: /home/hiromichi/rost2/install/std_msgs/share/std_msgs/msg/Int8MultiArray.idl
[0.921s] -- Up-to-date: /home/hiromichi/rost2/install/std_msgs/share/std_msgs/msg/MultiArrayDimension.idl
[0.921s] -- Up-to-date: /home/hiromichi/rost2/install/std_msgs/share/std_msgs/msg/MultiArrayLayout.idl
[0.921s] -- Up-to-date: /home/hiromichi/rost2/install/std_msgs/share/std_msgs/msg/String.idl
[0.921s] -- Up-to-date: /home/hiromichi/rost2/install/std_msgs/share/std_msgs/msg/UInt16.idl
[0.921s] -- Up-to-date: /home/hiromichi/rost2/install/std_msgs/share/std_msgs/msg/UInt16MultiArray.idl
[0.921s] -- Up-to-date: /home/hiromichi/rost2/install/std_msgs/share/std_msgs/msg/UInt32.idl
[0.921s] -- Up-to-date: /home/hiromichi/rost2/install/std_msgs/share/std_msgs/msg/UInt32MultiArray.idl
[0.922s] -- Up-to-date: /home/hiromichi/rost2/install/std_msgs/share/std_msgs/msg/UInt64.idl
[0.922s] -- Up-to-date: /home/hiromichi/rost2/install/std_msgs/share/std_msgs/msg/UInt64MultiArray.idl
[0.922s] -- Up-to-date: /home/hiromichi/rost2/install/std_msgs/share/std_msgs/msg/UInt8.idl
[0.922s] -- Up-to-date: /home/hiromichi/rost2/install/std_msgs/share/std_msgs/msg/UInt8MultiArray.idl
[0.923s] -- Up-to-date: /home/hiromichi/rost2/install/std_msgs/share/std_msgs/msg/Bool.msg
[0.923s] -- Up-to-date: /home/hiromichi/rost2/install/std_msgs/share/std_msgs/msg/Byte.msg
[0.923s] -- Up-to-date: /home/hiromichi/rost2/install/std_msgs/share/std_msgs/msg/ByteMultiArray.msg
[0.924s] -- Up-to-date: /home/hiromichi/rost2/install/std_msgs/share/std_msgs/msg/Char.msg
[0.924s] -- Up-to-date: /home/hiromichi/rost2/install/std_msgs/share/std_msgs/msg/ColorRGBA.msg
[0.924s] -- Up-to-date: /home/hiromichi/rost2/install/std_msgs/share/std_msgs/msg/Empty.msg
[0.925s] -- Up-to-date: /home/hiromichi/rost2/install/std_msgs/share/std_msgs/msg/Float32.msg
[0.925s] -- Up-to-date: /home/hiromichi/rost2/install/std_msgs/share/std_msgs/msg/Float32MultiArray.msg
[0.925s] -- Up-to-date: /home/hiromichi/rost2/install/std_msgs/share/std_msgs/msg/Float64.msg
[0.925s] -- Up-to-date: /home/hiromichi/rost2/install/std_msgs/share/std_msgs/msg/Float64MultiArray.msg
[0.925s] -- Up-to-date: /home/hiromichi/rost2/install/std_msgs/share/std_msgs/msg/Header.msg
[0.925s] -- Up-to-date: /home/hiromichi/rost2/install/std_msgs/share/std_msgs/msg/Int16.msg
[0.925s] -- Up-to-date: /home/hiromichi/rost2/install/std_msgs/share/std_msgs/msg/Int16MultiArray.msg
[0.926s] -- Up-to-date: /home/hiromichi/rost2/install/std_msgs/share/std_msgs/msg/Int32.msg
[0.926s] -- Up-to-date: /home/hiromichi/rost2/install/std_msgs/share/std_msgs/msg/Int32MultiArray.msg
[0.926s] -- Up-to-date: /home/hiromichi/rost2/install/std_msgs/share/std_msgs/msg/Int64.msg
[0.926s] -- Up-to-date: /home/hiromichi/rost2/install/std_msgs/share/std_msgs/msg/Int64MultiArray.msg
[0.926s] -- Up-to-date: /home/hiromichi/rost2/install/std_msgs/share/std_msgs/msg/Int8.msg
[0.926s] -- Up-to-date: /home/hiromichi/rost2/install/std_msgs/share/std_msgs/msg/Int8MultiArray.msg
[0.927s] -- Up-to-date: /home/hiromichi/rost2/install/std_msgs/share/std_msgs/msg/MultiArrayDimension.msg
[0.927s] -- Up-to-date: /home/hiromichi/rost2/install/std_msgs/share/std_msgs/msg/MultiArrayLayout.msg
[0.927s] -- Up-to-date: /home/hiromichi/rost2/install/std_msgs/share/std_msgs/msg/String.msg
[0.927s] -- Up-to-date: /home/hiromichi/rost2/install/std_msgs/share/std_msgs/msg/UInt16.msg
[0.927s] -- Up-to-date: /home/hiromichi/rost2/install/std_msgs/share/std_msgs/msg/UInt16MultiArray.msg
[0.927s] -- Up-to-date: /home/hiromichi/rost2/install/std_msgs/share/std_msgs/msg/UInt32.msg
[0.927s] -- Up-to-date: /home/hiromichi/rost2/install/std_msgs/share/std_msgs/msg/UInt32MultiArray.msg
[0.927s] -- Up-to-date: /home/hiromichi/rost2/install/std_msgs/share/std_msgs/msg/UInt64.msg
[0.927s] -- Up-to-date: /home/hiromichi/rost2/install/std_msgs/share/std_msgs/msg/UInt64MultiArray.msg
[0.928s] -- Up-to-date: /home/hiromichi/rost2/install/std_msgs/share/std_msgs/msg/UInt8.msg
[0.929s] -- Up-to-date: /home/hiromichi/rost2/install/std_msgs/share/std_msgs/msg/UInt8MultiArray.msg
[0.929s] -- Up-to-date: /home/hiromichi/rost2/install/std_msgs/share/ament_index/resource_index/package_run_dependencies/std_msgs
[0.929s] -- Up-to-date: /home/hiromichi/rost2/install/std_msgs/share/ament_index/resource_index/parent_prefix_path/std_msgs
[0.929s] -- Up-to-date: /home/hiromichi/rost2/install/std_msgs/share/std_msgs/environment/ament_prefix_path.sh
[0.929s] -- Up-to-date: /home/hiromichi/rost2/install/std_msgs/share/std_msgs/environment/ament_prefix_path.dsv
[0.930s] -- Up-to-date: /home/hiromichi/rost2/install/std_msgs/share/std_msgs/environment/path.sh
[0.930s] -- Up-to-date: /home/hiromichi/rost2/install/std_msgs/share/std_msgs/environment/path.dsv
[0.930s] -- Up-to-date: /home/hiromichi/rost2/install/std_msgs/share/std_msgs/local_setup.bash
[0.930s] -- Up-to-date: /home/hiromichi/rost2/install/std_msgs/share/std_msgs/local_setup.sh
[0.931s] -- Up-to-date: /home/hiromichi/rost2/install/std_msgs/share/std_msgs/local_setup.zsh
[0.931s] -- Up-to-date: /home/hiromichi/rost2/install/std_msgs/share/std_msgs/local_setup.dsv
[0.931s] -- Installing: /home/hiromichi/rost2/install/std_msgs/share/std_msgs/package.dsv
[0.931s] -- Up-to-date: /home/hiromichi/rost2/install/std_msgs/share/ament_index/resource_index/packages/std_msgs
[0.931s] -- Up-to-date: /home/hiromichi/rost2/install/std_msgs/share/std_msgs/cmake/export_std_msgs__rosidl_generator_cExport.cmake
[0.931s] -- Up-to-date: /home/hiromichi/rost2/install/std_msgs/share/std_msgs/cmake/export_std_msgs__rosidl_generator_cExport-noconfig.cmake
[0.931s] -- Up-to-date: /home/hiromichi/rost2/install/std_msgs/share/std_msgs/cmake/export_std_msgs__rosidl_typesupport_fastrtps_cExport.cmake
[0.931s] -- Up-to-date: /home/hiromichi/rost2/install/std_msgs/share/std_msgs/cmake/export_std_msgs__rosidl_typesupport_fastrtps_cExport-noconfig.cmake
[0.932s] -- Up-to-date: /home/hiromichi/rost2/install/std_msgs/share/std_msgs/cmake/export_std_msgs__rosidl_generator_cppExport.cmake
[0.932s] -- Up-to-date: /home/hiromichi/rost2/install/std_msgs/share/std_msgs/cmake/export_std_msgs__rosidl_typesupport_fastrtps_cppExport.cmake
[0.932s] -- Up-to-date: /home/hiromichi/rost2/install/std_msgs/share/std_msgs/cmake/export_std_msgs__rosidl_typesupport_fastrtps_cppExport-noconfig.cmake
[0.932s] -- Up-to-date: /home/hiromichi/rost2/install/std_msgs/share/std_msgs/cmake/std_msgs__rosidl_typesupport_introspection_cExport.cmake
[0.932s] -- Up-to-date: /home/hiromichi/rost2/install/std_msgs/share/std_msgs/cmake/std_msgs__rosidl_typesupport_introspection_cExport-noconfig.cmake
[0.932s] -- Up-to-date: /home/hiromichi/rost2/install/std_msgs/share/std_msgs/cmake/std_msgs__rosidl_typesupport_cExport.cmake
[0.932s] -- Up-to-date: /home/hiromichi/rost2/install/std_msgs/share/std_msgs/cmake/std_msgs__rosidl_typesupport_cExport-noconfig.cmake
[0.932s] -- Up-to-date: /home/hiromichi/rost2/install/std_msgs/share/std_msgs/cmake/std_msgs__rosidl_typesupport_introspection_cppExport.cmake
[0.932s] -- Up-to-date: /home/hiromichi/rost2/install/std_msgs/share/std_msgs/cmake/std_msgs__rosidl_typesupport_introspection_cppExport-noconfig.cmake
[0.933s] -- Up-to-date: /home/hiromichi/rost2/install/std_msgs/share/std_msgs/cmake/std_msgs__rosidl_typesupport_cppExport.cmake
[0.933s] -- Up-to-date: /home/hiromichi/rost2/install/std_msgs/share/std_msgs/cmake/std_msgs__rosidl_typesupport_cppExport-noconfig.cmake
[0.933s] -- Up-to-date: /home/hiromichi/rost2/install/std_msgs/share/std_msgs/cmake/export_std_msgs__rosidl_generator_pyExport.cmake
[0.933s] -- Up-to-date: /home/hiromichi/rost2/install/std_msgs/share/std_msgs/cmake/export_std_msgs__rosidl_generator_pyExport-noconfig.cmake
[0.933s] -- Up-to-date: /home/hiromichi/rost2/install/std_msgs/share/std_msgs/cmake/rosidl_cmake-extras.cmake
[0.934s] -- Up-to-date: /home/hiromichi/rost2/install/std_msgs/share/std_msgs/cmake/ament_cmake_export_dependencies-extras.cmake
[0.934s] -- Up-to-date: /home/hiromichi/rost2/install/std_msgs/share/std_msgs/cmake/ament_cmake_export_include_directories-extras.cmake
[0.934s] -- Up-to-date: /home/hiromichi/rost2/install/std_msgs/share/std_msgs/cmake/ament_cmake_export_libraries-extras.cmake
[0.934s] -- Up-to-date: /home/hiromichi/rost2/install/std_msgs/share/std_msgs/cmake/ament_cmake_export_targets-extras.cmake
[0.934s] -- Up-to-date: /home/hiromichi/rost2/install/std_msgs/share/std_msgs/cmake/rosidl_cmake_export_typesupport_targets-extras.cmake
[0.934s] -- Up-to-date: /home/hiromichi/rost2/install/std_msgs/share/std_msgs/cmake/rosidl_cmake_export_typesupport_libraries-extras.cmake
[0.934s] -- Up-to-date: /home/hiromichi/rost2/install/std_msgs/share/std_msgs/cmake/std_msgsConfig.cmake
[0.934s] -- Up-to-date: /home/hiromichi/rost2/install/std_msgs/share/std_msgs/cmake/std_msgsConfig-version.cmake
[0.934s] -- Up-to-date: /home/hiromichi/rost2/install/std_msgs/share/std_msgs/package.xml
[0.934s] Invoked command in '/home/hiromichi/rost2/build/std_msgs' returned '0': AMENT_PREFIX_PATH=/home/hiromichi/rost2/install/builtin_interfaces:/home/hiromichi/rost2/install/rosidl_default_runtime:/home/hiromichi/rost2/install/rosidl_default_generators:/home/hiromichi/rost2/install/rosidl_generator_rs:/home/hiromichi/rost2/install/rosidl_runtime_rs:${AMENT_PREFIX_PATH} CMAKE_PREFIX_PATH=/home/hiromichi/rost2/install/builtin_interfaces:/home/hiromichi/rost2/install/rosidl_default_runtime:/home/hiromichi/rost2/install/rosidl_default_generators:/home/hiromichi/rost2/install/rosidl_generator_rs:/opt/ros/humble LD_LIBRARY_PATH=/home/hiromichi/rost2/install/builtin_interfaces/lib:${LD_LIBRARY_PATH} PYTHONPATH=/home/hiromichi/rost2/install/builtin_interfaces/local/lib/python3.10/dist-packages:/home/hiromichi/rost2/install/rosidl_generator_rs/local/lib/python3.10/dist-packages:${PYTHONPATH} /usr/bin/cmake --install /home/hiromichi/rost2/build/std_msgs
