[0.292s] Invoking command in '/home/hiro/rust_ws/build/action_msgs': AMENT_PREFIX_PATH=/home/hiro/rust_ws/install/unique_identifier_msgs:/home/hiro/rust_ws/install/builtin_interfaces:/home/hiro/rust_ws/install/rosidl_default_runtime:/home/hiro/rust_ws/install/rosidl_default_generators:/home/hiro/rust_ws/install/rosidl_generator_rs:/home/hiro/rust_ws/install/rosidl_runtime_rs:${AMENT_PREFIX_PATH} CMAKE_PREFIX_PATH=/home/hiro/rust_ws/install/unique_identifier_msgs:/home/hiro/rust_ws/install/builtin_interfaces:/home/hiro/rust_ws/install/rosidl_default_runtime:/home/hiro/rust_ws/install/rosidl_default_generators:/home/hiro/rust_ws/install/rosidl_generator_rs:/home/hiro/ws_livox/install/livox_ros_driver2:/opt/ros/humble LD_LIBRARY_PATH=/home/hiro/rust_ws/install/unique_identifier_msgs/lib:/home/hiro/rust_ws/install/builtin_interfaces/lib:${LD_LIBRARY_PATH} PYTHONPATH=/home/hiro/rust_ws/install/unique_identifier_msgs/local/lib/python3.10/dist-packages:/home/hiro/rust_ws/install/builtin_interfaces/local/lib/python3.10/dist-packages:/home/hiro/rust_ws/install/rosidl_generator_rs/local/lib/python3.10/dist-packages:${PYTHONPATH} /usr/bin/cmake --build /home/hiro/rust_ws/build/action_msgs -- -j22 -l22
[0.325s] [35m[1mConsolidate compiler generated dependencies of target action_msgs__rosidl_generator_c[0m
[0.331s] [  1%] Built target action_msgs__rs
[0.331s] [  3%] Built target action_msgs__cpp
[0.338s] [ 14%] Built target action_msgs__rosidl_generator_c
[0.343s] [ 14%] Built target ament_cmake_python_copy_action_msgs
[0.343s] [35m[1mConsolidate compiler generated dependencies of target action_msgs__rosidl_typesupport_fastrtps_cpp[0m
[0.344s] [35m[1mConsolidate compiler generated dependencies of target action_msgs__rosidl_typesupport_cpp[0m
[0.344s] [35m[1mConsolidate compiler generated dependencies of target action_msgs__rosidl_typesupport_introspection_cpp[0m
[0.348s] [35m[1mConsolidate compiler generated dependencies of target action_msgs__rosidl_typesupport_c[0m
[0.349s] [35m[1mConsolidate compiler generated dependencies of target action_msgs__rosidl_typesupport_fastrtps_c[0m
[0.351s] [35m[1mConsolidate compiler generated dependencies of target action_msgs__rosidl_typesupport_introspection_c[0m
[0.358s] [ 46%] Built target action_msgs__rosidl_typesupport_c
[0.358s] [ 46%] Built target action_msgs__rosidl_typesupport_cpp
[0.358s] [ 46%] Built target action_msgs__rosidl_typesupport_introspection_cpp
[0.361s] [ 57%] Built target action_msgs__rosidl_typesupport_fastrtps_cpp
[0.362s] [ 76%] Built target action_msgs__rosidl_typesupport_introspection_c
[0.362s] [ 78%] Built target action_msgs__rosidl_typesupport_fastrtps_c
[0.377s] [ 78%] Built target action_msgs
[0.394s] [ 80%] Built target action_msgs__py
[0.405s] [35m[1mConsolidate compiler generated dependencies of target action_msgs__rosidl_generator_py[0m
[0.416s] [ 89%] Built target action_msgs__rosidl_generator_py
[0.424s] [35m[1mConsolidate compiler generated dependencies of target action_msgs__rosidl_typesupport_fastrtps_c__pyext[0m
[0.424s] [35m[1mConsolidate compiler generated dependencies of target action_msgs__rosidl_typesupport_introspection_c__pyext[0m
[0.425s] [35m[1mConsolidate compiler generated dependencies of target action_msgs__rosidl_typesupport_c__pyext[0m
[0.434s] [ 92%] Built target action_msgs__rosidl_typesupport_introspection_c__pyext
[0.434s] [ 96%] Built target action_msgs__rosidl_typesupport_fastrtps_c__pyext
[0.434s] [100%] Built target action_msgs__rosidl_typesupport_c__pyext
[0.662s] running egg_info
[0.677s] writing action_msgs.egg-info/PKG-INFO
[0.677s] writing dependency_links to action_msgs.egg-info/dependency_links.txt
[0.677s] writing top-level names to action_msgs.egg-info/top_level.txt
[0.717s] reading manifest file 'action_msgs.egg-info/SOURCES.txt'
[0.718s] writing manifest file 'action_msgs.egg-info/SOURCES.txt'
[0.765s] [100%] Built target ament_cmake_python_build_action_msgs_egg
[0.779s] Invoked command in '/home/hiro/rust_ws/build/action_msgs' returned '0': AMENT_PREFIX_PATH=/home/hiro/rust_ws/install/unique_identifier_msgs:/home/hiro/rust_ws/install/builtin_interfaces:/home/hiro/rust_ws/install/rosidl_default_runtime:/home/hiro/rust_ws/install/rosidl_default_generators:/home/hiro/rust_ws/install/rosidl_generator_rs:/home/hiro/rust_ws/install/rosidl_runtime_rs:${AMENT_PREFIX_PATH} CMAKE_PREFIX_PATH=/home/hiro/rust_ws/install/unique_identifier_msgs:/home/hiro/rust_ws/install/builtin_interfaces:/home/hiro/rust_ws/install/rosidl_default_runtime:/home/hiro/rust_ws/install/rosidl_default_generators:/home/hiro/rust_ws/install/rosidl_generator_rs:/home/hiro/ws_livox/install/livox_ros_driver2:/opt/ros/humble LD_LIBRARY_PATH=/home/hiro/rust_ws/install/unique_identifier_msgs/lib:/home/hiro/rust_ws/install/builtin_interfaces/lib:${LD_LIBRARY_PATH} PYTHONPATH=/home/hiro/rust_ws/install/unique_identifier_msgs/local/lib/python3.10/dist-packages:/home/hiro/rust_ws/install/builtin_interfaces/local/lib/python3.10/dist-packages:/home/hiro/rust_ws/install/rosidl_generator_rs/local/lib/python3.10/dist-packages:${PYTHONPATH} /usr/bin/cmake --build /home/hiro/rust_ws/build/action_msgs -- -j22 -l22
[0.856s] Invoking command in '/home/hiro/rust_ws/build/action_msgs': AMENT_PREFIX_PATH=/home/hiro/rust_ws/install/unique_identifier_msgs:/home/hiro/rust_ws/install/builtin_interfaces:/home/hiro/rust_ws/install/rosidl_default_runtime:/home/hiro/rust_ws/install/rosidl_default_generators:/home/hiro/rust_ws/install/rosidl_generator_rs:/home/hiro/rust_ws/install/rosidl_runtime_rs:${AMENT_PREFIX_PATH} CMAKE_PREFIX_PATH=/home/hiro/rust_ws/install/unique_identifier_msgs:/home/hiro/rust_ws/install/builtin_interfaces:/home/hiro/rust_ws/install/rosidl_default_runtime:/home/hiro/rust_ws/install/rosidl_default_generators:/home/hiro/rust_ws/install/rosidl_generator_rs:/home/hiro/ws_livox/install/livox_ros_driver2:/opt/ros/humble LD_LIBRARY_PATH=/home/hiro/rust_ws/install/unique_identifier_msgs/lib:/home/hiro/rust_ws/install/builtin_interfaces/lib:${LD_LIBRARY_PATH} PYTHONPATH=/home/hiro/rust_ws/install/unique_identifier_msgs/local/lib/python3.10/dist-packages:/home/hiro/rust_ws/install/builtin_interfaces/local/lib/python3.10/dist-packages:/home/hiro/rust_ws/install/rosidl_generator_rs/local/lib/python3.10/dist-packages:${PYTHONPATH} /usr/bin/cmake --install /home/hiro/rust_ws/build/action_msgs
[0.868s] -- Install configuration: ""
[0.868s] -- Up-to-date: /home/hiro/rust_ws/install/action_msgs/share/ament_index/resource_index/rosidl_interfaces/action_msgs
[0.869s] -- Up-to-date: /home/hiro/rust_ws/install/action_msgs/include/action_msgs/action_msgs
[0.869s] -- Up-to-date: /home/hiro/rust_ws/install/action_msgs/include/action_msgs/action_msgs/msg
[0.869s] -- Up-to-date: /home/hiro/rust_ws/install/action_msgs/include/action_msgs/action_msgs/msg/goal_info.h
[0.869s] -- Up-to-date: /home/hiro/rust_ws/install/action_msgs/include/action_msgs/action_msgs/msg/rosidl_generator_c__visibility_control.h
[0.869s] -- Up-to-date: /home/hiro/rust_ws/install/action_msgs/include/action_msgs/action_msgs/msg/detail
[0.869s] -- Up-to-date: /home/hiro/rust_ws/install/action_msgs/include/action_msgs/action_msgs/msg/detail/goal_status_array__functions.c
[0.869s] -- Up-to-date: /home/hiro/rust_ws/install/action_msgs/include/action_msgs/action_msgs/msg/detail/goal_info__struct.h
[0.870s] -- Up-to-date: /home/hiro/rust_ws/install/action_msgs/include/action_msgs/action_msgs/msg/detail/goal_info__type_support.h
[0.870s] -- Up-to-date: /home/hiro/rust_ws/install/action_msgs/include/action_msgs/action_msgs/msg/detail/goal_info__functions.c
[0.870s] -- Up-to-date: /home/hiro/rust_ws/install/action_msgs/include/action_msgs/action_msgs/msg/detail/goal_status__struct.h
[0.870s] -- Up-to-date: /home/hiro/rust_ws/install/action_msgs/include/action_msgs/action_msgs/msg/detail/goal_status__type_support.h
[0.870s] -- Up-to-date: /home/hiro/rust_ws/install/action_msgs/include/action_msgs/action_msgs/msg/detail/goal_status__functions.h
[0.871s] -- Up-to-date: /home/hiro/rust_ws/install/action_msgs/include/action_msgs/action_msgs/msg/detail/goal_status_array__type_support.h
[0.871s] -- Up-to-date: /home/hiro/rust_ws/install/action_msgs/include/action_msgs/action_msgs/msg/detail/goal_status_array__struct.h
[0.871s] -- Up-to-date: /home/hiro/rust_ws/install/action_msgs/include/action_msgs/action_msgs/msg/detail/goal_status__functions.c
[0.871s] -- Up-to-date: /home/hiro/rust_ws/install/action_msgs/include/action_msgs/action_msgs/msg/detail/goal_info__functions.h
[0.871s] -- Up-to-date: /home/hiro/rust_ws/install/action_msgs/include/action_msgs/action_msgs/msg/detail/goal_status_array__functions.h
[0.871s] -- Up-to-date: /home/hiro/rust_ws/install/action_msgs/include/action_msgs/action_msgs/msg/goal_status_array.h
[0.871s] -- Up-to-date: /home/hiro/rust_ws/install/action_msgs/include/action_msgs/action_msgs/msg/goal_status.h
[0.871s] -- Up-to-date: /home/hiro/rust_ws/install/action_msgs/include/action_msgs/action_msgs/srv
[0.871s] -- Up-to-date: /home/hiro/rust_ws/install/action_msgs/include/action_msgs/action_msgs/srv/cancel_goal.h
[0.871s] -- Up-to-date: /home/hiro/rust_ws/install/action_msgs/include/action_msgs/action_msgs/srv/detail
[0.872s] -- Up-to-date: /home/hiro/rust_ws/install/action_msgs/include/action_msgs/action_msgs/srv/detail/cancel_goal__functions.h
[0.872s] -- Up-to-date: /home/hiro/rust_ws/install/action_msgs/include/action_msgs/action_msgs/srv/detail/cancel_goal__functions.c
[0.872s] -- Up-to-date: /home/hiro/rust_ws/install/action_msgs/include/action_msgs/action_msgs/srv/detail/cancel_goal__struct.h
[0.872s] -- Up-to-date: /home/hiro/rust_ws/install/action_msgs/include/action_msgs/action_msgs/srv/detail/cancel_goal__type_support.h
[0.872s] -- Up-to-date: /home/hiro/rust_ws/install/action_msgs/share/action_msgs/environment/library_path.sh
[0.872s] -- Up-to-date: /home/hiro/rust_ws/install/action_msgs/share/action_msgs/environment/library_path.dsv
[0.872s] -- Up-to-date: /home/hiro/rust_ws/install/action_msgs/lib/libaction_msgs__rosidl_generator_c.so
[0.872s] -- Up-to-date: /home/hiro/rust_ws/install/action_msgs/include/action_msgs/action_msgs
[0.872s] -- Up-to-date: /home/hiro/rust_ws/install/action_msgs/include/action_msgs/action_msgs/msg
[0.873s] -- Up-to-date: /home/hiro/rust_ws/install/action_msgs/include/action_msgs/action_msgs/msg/detail
[0.873s] -- Up-to-date: /home/hiro/rust_ws/install/action_msgs/include/action_msgs/action_msgs/msg/detail/goal_status__rosidl_typesupport_fastrtps_c.h
[0.873s] -- Up-to-date: /home/hiro/rust_ws/install/action_msgs/include/action_msgs/action_msgs/msg/detail/goal_info__rosidl_typesupport_fastrtps_c.h
[0.873s] -- Up-to-date: /home/hiro/rust_ws/install/action_msgs/include/action_msgs/action_msgs/msg/detail/goal_status_array__rosidl_typesupport_fastrtps_c.h
[0.873s] -- Up-to-date: /home/hiro/rust_ws/install/action_msgs/include/action_msgs/action_msgs/msg/rosidl_typesupport_fastrtps_c__visibility_control.h
[0.873s] -- Up-to-date: /home/hiro/rust_ws/install/action_msgs/include/action_msgs/action_msgs/srv
[0.873s] -- Up-to-date: /home/hiro/rust_ws/install/action_msgs/include/action_msgs/action_msgs/srv/detail
[0.873s] -- Up-to-date: /home/hiro/rust_ws/install/action_msgs/include/action_msgs/action_msgs/srv/detail/cancel_goal__rosidl_typesupport_fastrtps_c.h
[0.873s] -- Up-to-date: /home/hiro/rust_ws/install/action_msgs/lib/libaction_msgs__rosidl_typesupport_fastrtps_c.so
[0.873s] -- Up-to-date: /home/hiro/rust_ws/install/action_msgs/include/action_msgs/action_msgs
[0.873s] -- Up-to-date: /home/hiro/rust_ws/install/action_msgs/include/action_msgs/action_msgs/msg
[0.873s] -- Up-to-date: /home/hiro/rust_ws/install/action_msgs/include/action_msgs/action_msgs/msg/goal_status.hpp
[0.874s] -- Up-to-date: /home/hiro/rust_ws/install/action_msgs/include/action_msgs/action_msgs/msg/detail
[0.874s] -- Up-to-date: /home/hiro/rust_ws/install/action_msgs/include/action_msgs/action_msgs/msg/detail/goal_status__traits.hpp
[0.874s] -- Up-to-date: /home/hiro/rust_ws/install/action_msgs/include/action_msgs/action_msgs/msg/detail/goal_status__struct.hpp
[0.874s] -- Up-to-date: /home/hiro/rust_ws/install/action_msgs/include/action_msgs/action_msgs/msg/detail/goal_info__struct.hpp
[0.874s] -- Up-to-date: /home/hiro/rust_ws/install/action_msgs/include/action_msgs/action_msgs/msg/detail/goal_status__builder.hpp
[0.874s] -- Up-to-date: /home/hiro/rust_ws/install/action_msgs/include/action_msgs/action_msgs/msg/detail/goal_status_array__struct.hpp
[0.874s] -- Up-to-date: /home/hiro/rust_ws/install/action_msgs/include/action_msgs/action_msgs/msg/detail/goal_info__builder.hpp
[0.874s] -- Up-to-date: /home/hiro/rust_ws/install/action_msgs/include/action_msgs/action_msgs/msg/detail/goal_info__traits.hpp
[0.874s] -- Up-to-date: /home/hiro/rust_ws/install/action_msgs/include/action_msgs/action_msgs/msg/detail/goal_status_array__builder.hpp
[0.875s] -- Up-to-date: /home/hiro/rust_ws/install/action_msgs/include/action_msgs/action_msgs/msg/detail/goal_status_array__traits.hpp
[0.875s] -- Up-to-date: /home/hiro/rust_ws/install/action_msgs/include/action_msgs/action_msgs/msg/goal_info.hpp
[0.875s] -- Up-to-date: /home/hiro/rust_ws/install/action_msgs/include/action_msgs/action_msgs/msg/goal_status_array.hpp
[0.875s] -- Up-to-date: /home/hiro/rust_ws/install/action_msgs/include/action_msgs/action_msgs/srv
[0.875s] -- Up-to-date: /home/hiro/rust_ws/install/action_msgs/include/action_msgs/action_msgs/srv/cancel_goal.hpp
[0.876s] -- Up-to-date: /home/hiro/rust_ws/install/action_msgs/include/action_msgs/action_msgs/srv/detail
[0.876s] -- Up-to-date: /home/hiro/rust_ws/install/action_msgs/include/action_msgs/action_msgs/srv/detail/cancel_goal__struct.hpp
[0.877s] -- Up-to-date: /home/hiro/rust_ws/install/action_msgs/include/action_msgs/action_msgs/srv/detail/cancel_goal__traits.hpp
[0.877s] -- Up-to-date: /home/hiro/rust_ws/install/action_msgs/include/action_msgs/action_msgs/srv/detail/cancel_goal__builder.hpp
[0.877s] -- Up-to-date: /home/hiro/rust_ws/install/action_msgs/include/action_msgs/action_msgs
[0.877s] -- Up-to-date: /home/hiro/rust_ws/install/action_msgs/include/action_msgs/action_msgs/msg
[0.877s] -- Up-to-date: /home/hiro/rust_ws/install/action_msgs/include/action_msgs/action_msgs/msg/rosidl_typesupport_fastrtps_cpp__visibility_control.h
[0.877s] -- Up-to-date: /home/hiro/rust_ws/install/action_msgs/include/action_msgs/action_msgs/msg/detail
[0.877s] -- Up-to-date: /home/hiro/rust_ws/install/action_msgs/include/action_msgs/action_msgs/msg/detail/goal_status__rosidl_typesupport_fastrtps_cpp.hpp
[0.877s] -- Up-to-date: /home/hiro/rust_ws/install/action_msgs/include/action_msgs/action_msgs/msg/detail/dds_fastrtps
[0.877s] -- Up-to-date: /home/hiro/rust_ws/install/action_msgs/include/action_msgs/action_msgs/msg/detail/goal_status_array__rosidl_typesupport_fastrtps_cpp.hpp
[0.877s] -- Up-to-date: /home/hiro/rust_ws/install/action_msgs/include/action_msgs/action_msgs/msg/detail/goal_info__rosidl_typesupport_fastrtps_cpp.hpp
[0.878s] -- Up-to-date: /home/hiro/rust_ws/install/action_msgs/include/action_msgs/action_msgs/srv
[0.878s] -- Up-to-date: /home/hiro/rust_ws/install/action_msgs/include/action_msgs/action_msgs/srv/detail
[0.878s] -- Up-to-date: /home/hiro/rust_ws/install/action_msgs/include/action_msgs/action_msgs/srv/detail/dds_fastrtps
[0.878s] -- Up-to-date: /home/hiro/rust_ws/install/action_msgs/include/action_msgs/action_msgs/srv/detail/cancel_goal__rosidl_typesupport_fastrtps_cpp.hpp
[0.878s] -- Up-to-date: /home/hiro/rust_ws/install/action_msgs/lib/libaction_msgs__rosidl_typesupport_fastrtps_cpp.so
[0.878s] -- Up-to-date: /home/hiro/rust_ws/install/action_msgs/include/action_msgs/action_msgs
[0.878s] -- Up-to-date: /home/hiro/rust_ws/install/action_msgs/include/action_msgs/action_msgs/msg
[0.878s] -- Up-to-date: /home/hiro/rust_ws/install/action_msgs/include/action_msgs/action_msgs/msg/rosidl_typesupport_introspection_c__visibility_control.h
[0.878s] -- Up-to-date: /home/hiro/rust_ws/install/action_msgs/include/action_msgs/action_msgs/msg/detail
[0.879s] -- Up-to-date: /home/hiro/rust_ws/install/action_msgs/include/action_msgs/action_msgs/msg/detail/goal_status_array__type_support.c
[0.879s] -- Up-to-date: /home/hiro/rust_ws/install/action_msgs/include/action_msgs/action_msgs/msg/detail/goal_info__rosidl_typesupport_introspection_c.h
[0.879s] -- Up-to-date: /home/hiro/rust_ws/install/action_msgs/include/action_msgs/action_msgs/msg/detail/goal_status__type_support.c
[0.879s] -- Up-to-date: /home/hiro/rust_ws/install/action_msgs/include/action_msgs/action_msgs/msg/detail/goal_status__rosidl_typesupport_introspection_c.h
[0.879s] -- Up-to-date: /home/hiro/rust_ws/install/action_msgs/include/action_msgs/action_msgs/msg/detail/goal_status_array__rosidl_typesupport_introspection_c.h
[0.879s] -- Up-to-date: /home/hiro/rust_ws/install/action_msgs/include/action_msgs/action_msgs/msg/detail/goal_info__type_support.c
[0.879s] -- Up-to-date: /home/hiro/rust_ws/install/action_msgs/include/action_msgs/action_msgs/srv
[0.879s] -- Up-to-date: /home/hiro/rust_ws/install/action_msgs/include/action_msgs/action_msgs/srv/detail
[0.879s] -- Up-to-date: /home/hiro/rust_ws/install/action_msgs/include/action_msgs/action_msgs/srv/detail/cancel_goal__type_support.c
[0.880s] -- Up-to-date: /home/hiro/rust_ws/install/action_msgs/include/action_msgs/action_msgs/srv/detail/cancel_goal__rosidl_typesupport_introspection_c.h
[0.880s] -- Up-to-date: /home/hiro/rust_ws/install/action_msgs/lib/libaction_msgs__rosidl_typesupport_introspection_c.so
[0.880s] -- Up-to-date: /home/hiro/rust_ws/install/action_msgs/lib/libaction_msgs__rosidl_typesupport_c.so
[0.880s] -- Up-to-date: /home/hiro/rust_ws/install/action_msgs/include/action_msgs/action_msgs
[0.880s] -- Up-to-date: /home/hiro/rust_ws/install/action_msgs/include/action_msgs/action_msgs/msg
[0.880s] -- Up-to-date: /home/hiro/rust_ws/install/action_msgs/include/action_msgs/action_msgs/msg/detail
[0.880s] -- Up-to-date: /home/hiro/rust_ws/install/action_msgs/include/action_msgs/action_msgs/msg/detail/goal_info__type_support.cpp
[0.880s] -- Up-to-date: /home/hiro/rust_ws/install/action_msgs/include/action_msgs/action_msgs/msg/detail/goal_status__type_support.cpp
[0.881s] -- Up-to-date: /home/hiro/rust_ws/install/action_msgs/include/action_msgs/action_msgs/msg/detail/goal_info__rosidl_typesupport_introspection_cpp.hpp
[0.881s] -- Up-to-date: /home/hiro/rust_ws/install/action_msgs/include/action_msgs/action_msgs/msg/detail/goal_status__rosidl_typesupport_introspection_cpp.hpp
[0.881s] -- Up-to-date: /home/hiro/rust_ws/install/action_msgs/include/action_msgs/action_msgs/msg/detail/goal_status_array__type_support.cpp
[0.881s] -- Up-to-date: /home/hiro/rust_ws/install/action_msgs/include/action_msgs/action_msgs/msg/detail/goal_status_array__rosidl_typesupport_introspection_cpp.hpp
[0.881s] -- Up-to-date: /home/hiro/rust_ws/install/action_msgs/include/action_msgs/action_msgs/srv
[0.881s] -- Up-to-date: /home/hiro/rust_ws/install/action_msgs/include/action_msgs/action_msgs/srv/detail
[0.882s] -- Up-to-date: /home/hiro/rust_ws/install/action_msgs/include/action_msgs/action_msgs/srv/detail/cancel_goal__type_support.cpp
[0.882s] -- Up-to-date: /home/hiro/rust_ws/install/action_msgs/include/action_msgs/action_msgs/srv/detail/cancel_goal__rosidl_typesupport_introspection_cpp.hpp
[0.882s] -- Up-to-date: /home/hiro/rust_ws/install/action_msgs/lib/libaction_msgs__rosidl_typesupport_introspection_cpp.so
[0.882s] -- Up-to-date: /home/hiro/rust_ws/install/action_msgs/lib/libaction_msgs__rosidl_typesupport_cpp.so
[0.882s] -- Up-to-date: /home/hiro/rust_ws/install/action_msgs/share/ament_index/resource_index/rust_packages/action_msgs
[0.882s] -- Up-to-date: /home/hiro/rust_ws/install/action_msgs/share/action_msgs/rust
[0.882s] -- Up-to-date: /home/hiro/rust_ws/install/action_msgs/share/action_msgs/rust/Cargo.toml
[0.882s] -- Up-to-date: /home/hiro/rust_ws/install/action_msgs/share/action_msgs/rust/build.rs
[0.882s] -- Up-to-date: /home/hiro/rust_ws/install/action_msgs/share/action_msgs/rust/src
[0.883s] -- Up-to-date: /home/hiro/rust_ws/install/action_msgs/share/action_msgs/rust/src/msg.rs
[0.883s] -- Up-to-date: /home/hiro/rust_ws/install/action_msgs/share/action_msgs/rust/src/srv.rs
[0.883s] -- Up-to-date: /home/hiro/rust_ws/install/action_msgs/share/action_msgs/rust/src/lib.rs
[0.883s] -- Up-to-date: /home/hiro/rust_ws/install/action_msgs/share/action_msgs/environment/pythonpath.sh
[0.883s] -- Up-to-date: /home/hiro/rust_ws/install/action_msgs/share/action_msgs/environment/pythonpath.dsv
[0.883s] -- Up-to-date: /home/hiro/rust_ws/install/action_msgs/local/lib/python3.10/dist-packages/action_msgs-1.2.1-py3.10.egg-info
[0.883s] -- Installing: /home/hiro/rust_ws/install/action_msgs/local/lib/python3.10/dist-packages/action_msgs-1.2.1-py3.10.egg-info/top_level.txt
[0.883s] -- Installing: /home/hiro/rust_ws/install/action_msgs/local/lib/python3.10/dist-packages/action_msgs-1.2.1-py3.10.egg-info/PKG-INFO
[0.883s] -- Installing: /home/hiro/rust_ws/install/action_msgs/local/lib/python3.10/dist-packages/action_msgs-1.2.1-py3.10.egg-info/SOURCES.txt
[0.883s] -- Installing: /home/hiro/rust_ws/install/action_msgs/local/lib/python3.10/dist-packages/action_msgs-1.2.1-py3.10.egg-info/dependency_links.txt
[0.884s] -- Up-to-date: /home/hiro/rust_ws/install/action_msgs/local/lib/python3.10/dist-packages/action_msgs
[0.884s] -- Up-to-date: /home/hiro/rust_ws/install/action_msgs/local/lib/python3.10/dist-packages/action_msgs/_action_msgs_s.ep.rosidl_typesupport_c.c
[0.884s] -- Up-to-date: /home/hiro/rust_ws/install/action_msgs/local/lib/python3.10/dist-packages/action_msgs/action_msgs_s__rosidl_typesupport_c.cpython-310-x86_64-linux-gnu.so
[0.884s] -- Up-to-date: /home/hiro/rust_ws/install/action_msgs/local/lib/python3.10/dist-packages/action_msgs/libaction_msgs__rosidl_generator_py.so
[0.884s] -- Up-to-date: /home/hiro/rust_ws/install/action_msgs/local/lib/python3.10/dist-packages/action_msgs/__init__.py
[0.884s] -- Up-to-date: /home/hiro/rust_ws/install/action_msgs/local/lib/python3.10/dist-packages/action_msgs/action_msgs_s__rosidl_typesupport_introspection_c.cpython-310-x86_64-linux-gnu.so
[0.884s] -- Up-to-date: /home/hiro/rust_ws/install/action_msgs/local/lib/python3.10/dist-packages/action_msgs/_action_msgs_s.ep.rosidl_typesupport_introspection_c.c
[0.885s] -- Up-to-date: /home/hiro/rust_ws/install/action_msgs/local/lib/python3.10/dist-packages/action_msgs/msg
[0.885s] -- Up-to-date: /home/hiro/rust_ws/install/action_msgs/local/lib/python3.10/dist-packages/action_msgs/msg/_goal_status.py
[0.885s] -- Up-to-date: /home/hiro/rust_ws/install/action_msgs/local/lib/python3.10/dist-packages/action_msgs/msg/_goal_info_s.c
[0.885s] -- Up-to-date: /home/hiro/rust_ws/install/action_msgs/local/lib/python3.10/dist-packages/action_msgs/msg/_goal_info.py
[0.885s] -- Up-to-date: /home/hiro/rust_ws/install/action_msgs/local/lib/python3.10/dist-packages/action_msgs/msg/__init__.py
[0.885s] -- Up-to-date: /home/hiro/rust_ws/install/action_msgs/local/lib/python3.10/dist-packages/action_msgs/msg/_goal_status_s.c
[0.885s] -- Up-to-date: /home/hiro/rust_ws/install/action_msgs/local/lib/python3.10/dist-packages/action_msgs/msg/_goal_status_array_s.c
[0.885s] -- Up-to-date: /home/hiro/rust_ws/install/action_msgs/local/lib/python3.10/dist-packages/action_msgs/msg/_goal_status_array.py
[0.885s] -- Up-to-date: /home/hiro/rust_ws/install/action_msgs/local/lib/python3.10/dist-packages/action_msgs/srv
[0.885s] -- Up-to-date: /home/hiro/rust_ws/install/action_msgs/local/lib/python3.10/dist-packages/action_msgs/srv/_cancel_goal_s.c
[0.886s] -- Up-to-date: /home/hiro/rust_ws/install/action_msgs/local/lib/python3.10/dist-packages/action_msgs/srv/__init__.py
[0.886s] -- Up-to-date: /home/hiro/rust_ws/install/action_msgs/local/lib/python3.10/dist-packages/action_msgs/srv/_cancel_goal.py
[0.886s] -- Up-to-date: /home/hiro/rust_ws/install/action_msgs/local/lib/python3.10/dist-packages/action_msgs/action_msgs_s__rosidl_typesupport_fastrtps_c.cpython-310-x86_64-linux-gnu.so
[0.886s] -- Up-to-date: /home/hiro/rust_ws/install/action_msgs/local/lib/python3.10/dist-packages/action_msgs/_action_msgs_s.ep.rosidl_typesupport_fastrtps_c.c
[0.895s] Listing '/home/hiro/rust_ws/install/action_msgs/local/lib/python3.10/dist-packages/action_msgs'...
[0.895s] Listing '/home/hiro/rust_ws/install/action_msgs/local/lib/python3.10/dist-packages/action_msgs/msg'...
[0.895s] Listing '/home/hiro/rust_ws/install/action_msgs/local/lib/python3.10/dist-packages/action_msgs/srv'...
[0.898s] -- Up-to-date: /home/hiro/rust_ws/install/action_msgs/local/lib/python3.10/dist-packages/action_msgs/action_msgs_s__rosidl_typesupport_fastrtps_c.cpython-310-x86_64-linux-gnu.so
[0.899s] -- Up-to-date: /home/hiro/rust_ws/install/action_msgs/local/lib/python3.10/dist-packages/action_msgs/action_msgs_s__rosidl_typesupport_introspection_c.cpython-310-x86_64-linux-gnu.so
[0.899s] -- Up-to-date: /home/hiro/rust_ws/install/action_msgs/local/lib/python3.10/dist-packages/action_msgs/action_msgs_s__rosidl_typesupport_c.cpython-310-x86_64-linux-gnu.so
[0.899s] -- Up-to-date: /home/hiro/rust_ws/install/action_msgs/lib/libaction_msgs__rosidl_generator_py.so
[0.899s] -- Up-to-date: /home/hiro/rust_ws/install/action_msgs/share/action_msgs/msg/GoalInfo.idl
[0.899s] -- Up-to-date: /home/hiro/rust_ws/install/action_msgs/share/action_msgs/msg/GoalStatus.idl
[0.899s] -- Up-to-date: /home/hiro/rust_ws/install/action_msgs/share/action_msgs/msg/GoalStatusArray.idl
[0.899s] -- Up-to-date: /home/hiro/rust_ws/install/action_msgs/share/action_msgs/srv/CancelGoal.idl
[0.899s] -- Up-to-date: /home/hiro/rust_ws/install/action_msgs/share/action_msgs/msg/GoalInfo.msg
[0.900s] -- Up-to-date: /home/hiro/rust_ws/install/action_msgs/share/action_msgs/msg/GoalStatus.msg
[0.900s] -- Up-to-date: /home/hiro/rust_ws/install/action_msgs/share/action_msgs/msg/GoalStatusArray.msg
[0.901s] -- Up-to-date: /home/hiro/rust_ws/install/action_msgs/share/action_msgs/srv/CancelGoal.srv
[0.901s] -- Up-to-date: /home/hiro/rust_ws/install/action_msgs/share/action_msgs/srv/CancelGoal_Request.msg
[0.901s] -- Up-to-date: /home/hiro/rust_ws/install/action_msgs/share/action_msgs/srv/CancelGoal_Response.msg
[0.901s] -- Up-to-date: /home/hiro/rust_ws/install/action_msgs/share/ament_index/resource_index/package_run_dependencies/action_msgs
[0.901s] -- Up-to-date: /home/hiro/rust_ws/install/action_msgs/share/ament_index/resource_index/parent_prefix_path/action_msgs
[0.901s] -- Up-to-date: /home/hiro/rust_ws/install/action_msgs/share/action_msgs/environment/ament_prefix_path.sh
[0.902s] -- Up-to-date: /home/hiro/rust_ws/install/action_msgs/share/action_msgs/environment/ament_prefix_path.dsv
[0.904s] -- Up-to-date: /home/hiro/rust_ws/install/action_msgs/share/action_msgs/environment/path.sh
[0.904s] -- Up-to-date: /home/hiro/rust_ws/install/action_msgs/share/action_msgs/environment/path.dsv
[0.904s] -- Up-to-date: /home/hiro/rust_ws/install/action_msgs/share/action_msgs/local_setup.bash
[0.904s] -- Up-to-date: /home/hiro/rust_ws/install/action_msgs/share/action_msgs/local_setup.sh
[0.904s] -- Up-to-date: /home/hiro/rust_ws/install/action_msgs/share/action_msgs/local_setup.zsh
[0.904s] -- Up-to-date: /home/hiro/rust_ws/install/action_msgs/share/action_msgs/local_setup.dsv
[0.904s] -- Installing: /home/hiro/rust_ws/install/action_msgs/share/action_msgs/package.dsv
[0.904s] -- Up-to-date: /home/hiro/rust_ws/install/action_msgs/share/ament_index/resource_index/packages/action_msgs
[0.905s] -- Up-to-date: /home/hiro/rust_ws/install/action_msgs/share/action_msgs/cmake/export_action_msgs__rosidl_generator_cExport.cmake
[0.905s] -- Up-to-date: /home/hiro/rust_ws/install/action_msgs/share/action_msgs/cmake/export_action_msgs__rosidl_generator_cExport-noconfig.cmake
[0.905s] -- Up-to-date: /home/hiro/rust_ws/install/action_msgs/share/action_msgs/cmake/export_action_msgs__rosidl_typesupport_fastrtps_cExport.cmake
[0.905s] -- Up-to-date: /home/hiro/rust_ws/install/action_msgs/share/action_msgs/cmake/export_action_msgs__rosidl_typesupport_fastrtps_cExport-noconfig.cmake
[0.905s] -- Up-to-date: /home/hiro/rust_ws/install/action_msgs/share/action_msgs/cmake/export_action_msgs__rosidl_generator_cppExport.cmake
[0.905s] -- Up-to-date: /home/hiro/rust_ws/install/action_msgs/share/action_msgs/cmake/export_action_msgs__rosidl_typesupport_fastrtps_cppExport.cmake
[0.905s] -- Up-to-date: /home/hiro/rust_ws/install/action_msgs/share/action_msgs/cmake/export_action_msgs__rosidl_typesupport_fastrtps_cppExport-noconfig.cmake
[0.905s] -- Up-to-date: /home/hiro/rust_ws/install/action_msgs/share/action_msgs/cmake/action_msgs__rosidl_typesupport_introspection_cExport.cmake
[0.905s] -- Up-to-date: /home/hiro/rust_ws/install/action_msgs/share/action_msgs/cmake/action_msgs__rosidl_typesupport_introspection_cExport-noconfig.cmake
[0.906s] -- Up-to-date: /home/hiro/rust_ws/install/action_msgs/share/action_msgs/cmake/action_msgs__rosidl_typesupport_cExport.cmake
[0.906s] -- Up-to-date: /home/hiro/rust_ws/install/action_msgs/share/action_msgs/cmake/action_msgs__rosidl_typesupport_cExport-noconfig.cmake
[0.906s] -- Up-to-date: /home/hiro/rust_ws/install/action_msgs/share/action_msgs/cmake/action_msgs__rosidl_typesupport_introspection_cppExport.cmake
[0.906s] -- Up-to-date: /home/hiro/rust_ws/install/action_msgs/share/action_msgs/cmake/action_msgs__rosidl_typesupport_introspection_cppExport-noconfig.cmake
[0.906s] -- Up-to-date: /home/hiro/rust_ws/install/action_msgs/share/action_msgs/cmake/action_msgs__rosidl_typesupport_cppExport.cmake
[0.906s] -- Up-to-date: /home/hiro/rust_ws/install/action_msgs/share/action_msgs/cmake/action_msgs__rosidl_typesupport_cppExport-noconfig.cmake
[0.906s] -- Up-to-date: /home/hiro/rust_ws/install/action_msgs/share/action_msgs/cmake/export_action_msgs__rosidl_generator_pyExport.cmake
[0.906s] -- Up-to-date: /home/hiro/rust_ws/install/action_msgs/share/action_msgs/cmake/export_action_msgs__rosidl_generator_pyExport-noconfig.cmake
[0.906s] -- Up-to-date: /home/hiro/rust_ws/install/action_msgs/share/action_msgs/cmake/rosidl_cmake-extras.cmake
[0.907s] -- Up-to-date: /home/hiro/rust_ws/install/action_msgs/share/action_msgs/cmake/ament_cmake_export_dependencies-extras.cmake
[0.907s] -- Up-to-date: /home/hiro/rust_ws/install/action_msgs/share/action_msgs/cmake/ament_cmake_export_include_directories-extras.cmake
[0.907s] -- Up-to-date: /home/hiro/rust_ws/install/action_msgs/share/action_msgs/cmake/ament_cmake_export_libraries-extras.cmake
[0.907s] -- Up-to-date: /home/hiro/rust_ws/install/action_msgs/share/action_msgs/cmake/ament_cmake_export_targets-extras.cmake
[0.907s] -- Up-to-date: /home/hiro/rust_ws/install/action_msgs/share/action_msgs/cmake/rosidl_cmake_export_typesupport_targets-extras.cmake
[0.907s] -- Up-to-date: /home/hiro/rust_ws/install/action_msgs/share/action_msgs/cmake/rosidl_cmake_export_typesupport_libraries-extras.cmake
[0.907s] -- Up-to-date: /home/hiro/rust_ws/install/action_msgs/share/action_msgs/cmake/action_msgsConfig.cmake
[0.907s] -- Up-to-date: /home/hiro/rust_ws/install/action_msgs/share/action_msgs/cmake/action_msgsConfig-version.cmake
[0.907s] -- Up-to-date: /home/hiro/rust_ws/install/action_msgs/share/action_msgs/package.xml
[0.912s] Invoked command in '/home/hiro/rust_ws/build/action_msgs' returned '0': AMENT_PREFIX_PATH=/home/hiro/rust_ws/install/unique_identifier_msgs:/home/hiro/rust_ws/install/builtin_interfaces:/home/hiro/rust_ws/install/rosidl_default_runtime:/home/hiro/rust_ws/install/rosidl_default_generators:/home/hiro/rust_ws/install/rosidl_generator_rs:/home/hiro/rust_ws/install/rosidl_runtime_rs:${AMENT_PREFIX_PATH} CMAKE_PREFIX_PATH=/home/hiro/rust_ws/install/unique_identifier_msgs:/home/hiro/rust_ws/install/builtin_interfaces:/home/hiro/rust_ws/install/rosidl_default_runtime:/home/hiro/rust_ws/install/rosidl_default_generators:/home/hiro/rust_ws/install/rosidl_generator_rs:/home/hiro/ws_livox/install/livox_ros_driver2:/opt/ros/humble LD_LIBRARY_PATH=/home/hiro/rust_ws/install/unique_identifier_msgs/lib:/home/hiro/rust_ws/install/builtin_interfaces/lib:${LD_LIBRARY_PATH} PYTHONPATH=/home/hiro/rust_ws/install/unique_identifier_msgs/local/lib/python3.10/dist-packages:/home/hiro/rust_ws/install/builtin_interfaces/local/lib/python3.10/dist-packages:/home/hiro/rust_ws/install/rosidl_generator_rs/local/lib/python3.10/dist-packages:${PYTHONPATH} /usr/bin/cmake --install /home/hiro/rust_ws/build/action_msgs
