[0.360s] Invoking command in '/home/hiro/rust_ws/build/action_msgs': AMENT_PREFIX_PATH=/home/hiro/rust_ws/install/unique_identifier_msgs:/home/hiro/rust_ws/install/builtin_interfaces:/home/hiro/rust_ws/install/rosidl_default_runtime:/home/hiro/rust_ws/install/rosidl_default_generators:/home/hiro/rust_ws/install/rosidl_generator_rs:/home/hiro/rust_ws/install/rosidl_runtime_rs:${AMENT_PREFIX_PATH} CMAKE_PREFIX_PATH=/home/hiro/rust_ws/install/unique_identifier_msgs:/home/hiro/rust_ws/install/builtin_interfaces:/home/hiro/rust_ws/install/rosidl_default_runtime:/home/hiro/rust_ws/install/rosidl_default_generators:/home/hiro/rust_ws/install/rosidl_generator_rs:/home/hiro/ws_livox/install/livox_ros_driver2:/opt/ros/humble LD_LIBRARY_PATH=/home/hiro/rust_ws/install/unique_identifier_msgs/lib:/home/hiro/rust_ws/install/builtin_interfaces/lib:${LD_LIBRARY_PATH} PYTHONPATH=/home/hiro/rust_ws/install/unique_identifier_msgs/local/lib/python3.10/dist-packages:/home/hiro/rust_ws/install/builtin_interfaces/local/lib/python3.10/dist-packages:/home/hiro/rust_ws/install/rosidl_generator_rs/local/lib/python3.10/dist-packages:${PYTHONPATH} /usr/bin/cmake /home/hiro/rust_ws/src/src/ros2/rcl_interfaces/action_msgs -DCMAKE_INSTALL_PREFIX=/home/hiro/rust_ws/install/action_msgs
[0.557s] -- The C compiler identification is GNU 11.4.0
[1.415s] -- The CXX compiler identification is GNU 11.4.0
[1.930s] -- Detecting C compiler ABI info
[2.091s] -- Detecting C compiler ABI info - done
[2.101s] -- Check for working C compiler: /usr/bin/cc - skipped
[2.101s] -- Detecting C compile features
[2.102s] -- Detecting C compile features - done
[2.105s] -- Detecting CXX compiler ABI info
[2.263s] -- Detecting CXX compiler ABI info - done
[2.270s] -- Check for working CXX compiler: /usr/bin/c++ - skipped
[2.270s] -- Detecting CXX compile features
[2.270s] -- Detecting CXX compile features - done
[2.272s] -- Found ament_cmake: 1.3.10 (/opt/ros/humble/share/ament_cmake/cmake)
[3.067s] -- Found Python3: /usr/bin/python3 (found version "3.10.12") found components: Interpreter 
[3.160s] -- Found builtin_interfaces: 1.2.1 (/home/hiro/rust_ws/install/builtin_interfaces/share/builtin_interfaces/cmake)
[3.289s] -- Found rosidl_generator_c: 3.1.5 (/opt/ros/humble/share/rosidl_generator_c/cmake)
[3.294s] -- Found rosidl_adapter: 3.1.5 (/opt/ros/humble/share/rosidl_adapter/cmake)
[3.302s] -- Found rosidl_generator_cpp: 3.1.5 (/opt/ros/humble/share/rosidl_generator_cpp/cmake)
[3.318s] -- Using all available rosidl_typesupport_c: rosidl_typesupport_fastrtps_c;rosidl_typesupport_introspection_c
[3.337s] -- Using all available rosidl_typesupport_cpp: rosidl_typesupport_fastrtps_cpp;rosidl_typesupport_introspection_cpp
[3.353s] -- Found rosidl_default_generators: 1.2.0 (/home/hiro/rust_ws/install/rosidl_default_generators/share/rosidl_default_generators/cmake)
[3.364s] -- Found unique_identifier_msgs: 2.2.1 (/home/hiro/rust_ws/install/unique_identifier_msgs/share/unique_identifier_msgs/cmake)
[3.689s] -- Found ament_cmake_cppcheck: 0.12.11 (/opt/ros/humble/share/ament_cmake_cppcheck/cmake)
[3.690s] -- Found ament_cmake_cpplint: 0.12.11 (/opt/ros/humble/share/ament_cmake_cpplint/cmake)
[3.692s] -- Found ament_cmake_uncrustify: 0.12.11 (/opt/ros/humble/share/ament_cmake_uncrustify/cmake)
[3.694s] -- Found ament_cmake_ros: 0.10.0 (/opt/ros/humble/share/ament_cmake_ros/cmake)
[4.019s] -- Using all available rosidl_typesupport_c: rosidl_typesupport_fastrtps_c;rosidl_typesupport_introspection_c
[4.145s] -- Using all available rosidl_typesupport_cpp: rosidl_typesupport_fastrtps_cpp;rosidl_typesupport_introspection_cpp
[4.284s] -- Found PythonInterp: /usr/bin/python3 (found suitable version "3.10.12", minimum required is "3.6") 
[4.285s] -- Found python_cmake_module: 0.10.0 (/opt/ros/humble/share/python_cmake_module/cmake)
[4.520s] -- Found PythonLibs: /usr/lib/x86_64-linux-gnu/libpython3.10.so (found suitable version "3.10.12", minimum required is "3.5") 
[4.520s] -- Using PYTHON_EXECUTABLE: /usr/bin/python3
[4.520s] -- Using PYTHON_INCLUDE_DIRS: /usr/include/python3.10
[4.520s] -- Using PYTHON_LIBRARIES: /usr/lib/x86_64-linux-gnu/libpython3.10.so
[4.541s] -- Found PythonExtra: .so  
[4.616s] -- Found ament_cmake_flake8: 0.12.11 (/opt/ros/humble/share/ament_cmake_flake8/cmake)
[4.618s] -- Found ament_cmake_pep257: 0.12.11 (/opt/ros/humble/share/ament_cmake_pep257/cmake)
[4.622s] -- Found ament_lint_auto: 0.12.11 (/opt/ros/humble/share/ament_lint_auto/cmake)
[4.640s] -- Added test 'copyright' to check source files copyright and LICENSE
[4.642s] -- Added test 'lint_cmake' to check CMake code style
[4.643s] -- Added test 'xmllint' to check XML markup files
[4.649s] -- Configuring done
[4.713s] -- Generating done
[4.717s] -- Build files have been written to: /home/hiro/rust_ws/build/action_msgs
[4.735s] Invoked command in '/home/hiro/rust_ws/build/action_msgs' returned '0': AMENT_PREFIX_PATH=/home/hiro/rust_ws/install/unique_identifier_msgs:/home/hiro/rust_ws/install/builtin_interfaces:/home/hiro/rust_ws/install/rosidl_default_runtime:/home/hiro/rust_ws/install/rosidl_default_generators:/home/hiro/rust_ws/install/rosidl_generator_rs:/home/hiro/rust_ws/install/rosidl_runtime_rs:${AMENT_PREFIX_PATH} CMAKE_PREFIX_PATH=/home/hiro/rust_ws/install/unique_identifier_msgs:/home/hiro/rust_ws/install/builtin_interfaces:/home/hiro/rust_ws/install/rosidl_default_runtime:/home/hiro/rust_ws/install/rosidl_default_generators:/home/hiro/rust_ws/install/rosidl_generator_rs:/home/hiro/ws_livox/install/livox_ros_driver2:/opt/ros/humble LD_LIBRARY_PATH=/home/hiro/rust_ws/install/unique_identifier_msgs/lib:/home/hiro/rust_ws/install/builtin_interfaces/lib:${LD_LIBRARY_PATH} PYTHONPATH=/home/hiro/rust_ws/install/unique_identifier_msgs/local/lib/python3.10/dist-packages:/home/hiro/rust_ws/install/builtin_interfaces/local/lib/python3.10/dist-packages:/home/hiro/rust_ws/install/rosidl_generator_rs/local/lib/python3.10/dist-packages:${PYTHONPATH} /usr/bin/cmake /home/hiro/rust_ws/src/src/ros2/rcl_interfaces/action_msgs -DCMAKE_INSTALL_PREFIX=/home/hiro/rust_ws/install/action_msgs
[4.739s] Invoking command in '/home/hiro/rust_ws/build/action_msgs': AMENT_PREFIX_PATH=/home/hiro/rust_ws/install/unique_identifier_msgs:/home/hiro/rust_ws/install/builtin_interfaces:/home/hiro/rust_ws/install/rosidl_default_runtime:/home/hiro/rust_ws/install/rosidl_default_generators:/home/hiro/rust_ws/install/rosidl_generator_rs:/home/hiro/rust_ws/install/rosidl_runtime_rs:${AMENT_PREFIX_PATH} CMAKE_PREFIX_PATH=/home/hiro/rust_ws/install/unique_identifier_msgs:/home/hiro/rust_ws/install/builtin_interfaces:/home/hiro/rust_ws/install/rosidl_default_runtime:/home/hiro/rust_ws/install/rosidl_default_generators:/home/hiro/rust_ws/install/rosidl_generator_rs:/home/hiro/ws_livox/install/livox_ros_driver2:/opt/ros/humble LD_LIBRARY_PATH=/home/hiro/rust_ws/install/unique_identifier_msgs/lib:/home/hiro/rust_ws/install/builtin_interfaces/lib:${LD_LIBRARY_PATH} PYTHONPATH=/home/hiro/rust_ws/install/unique_identifier_msgs/local/lib/python3.10/dist-packages:/home/hiro/rust_ws/install/builtin_interfaces/local/lib/python3.10/dist-packages:/home/hiro/rust_ws/install/rosidl_generator_rs/local/lib/python3.10/dist-packages:${PYTHONPATH} /usr/bin/cmake --build /home/hiro/rust_ws/build/action_msgs -- -j22 -l22
[4.798s] [  1%] [34m[1mGenerating C code for ROS interfaces[0m
[4.811s] [  3%] [34m[1mGenerating Rust code for ROS interfaces[0m
[4.813s] [  5%] [34m[1mGenerating C++ code for ROS interfaces[0m
[4.825s] [  5%] Built target ament_cmake_python_copy_action_msgs
[5.679s] running egg_info
[5.681s] creating action_msgs.egg-info
[5.718s] writing action_msgs.egg-info/PKG-INFO
[5.719s] writing dependency_links to action_msgs.egg-info/dependency_links.txt
[5.721s] writing top-level names to action_msgs.egg-info/top_level.txt
[5.722s] writing manifest file 'action_msgs.egg-info/SOURCES.txt'
[5.859s] reading manifest file 'action_msgs.egg-info/SOURCES.txt'
[5.860s] writing manifest file 'action_msgs.egg-info/SOURCES.txt'
[5.988s] [  5%] Built target ament_cmake_python_build_action_msgs_egg
[6.217s] [  5%] Built target action_msgs__rs
[6.611s] [  7%] [32mBuilding C object CMakeFiles/action_msgs__rosidl_generator_c.dir/rosidl_generator_c/action_msgs/msg/detail/goal_info__functions.c.o[0m
[6.613s] [  8%] [32mBuilding C object CMakeFiles/action_msgs__rosidl_generator_c.dir/rosidl_generator_c/action_msgs/msg/detail/goal_status__functions.c.o[0m
[6.618s] [ 10%] [32mBuilding C object CMakeFiles/action_msgs__rosidl_generator_c.dir/rosidl_generator_c/action_msgs/msg/detail/goal_status_array__functions.c.o[0m
[6.626s] [ 12%] [32mBuilding C object CMakeFiles/action_msgs__rosidl_generator_c.dir/rosidl_generator_c/action_msgs/srv/detail/cancel_goal__functions.c.o[0m
[6.673s] [ 12%] Built target action_msgs__cpp
[6.694s] [ 14%] [34m[1mGenerating C++ type support dispatch for ROS interfaces[0m
[6.694s] [ 16%] [34m[1mGenerating C++ introspection for ROS interfaces[0m
[6.696s] [ 17%] [34m[1mGenerating C++ type support for eProsima Fast-RTPS[0m
[6.758s] [ 19%] [32m[1mLinking C shared library libaction_msgs__rosidl_generator_c.so[0m
[6.949s] [ 19%] Built target action_msgs__rosidl_generator_c
[6.965s] [ 21%] [34m[1mGenerating C type support dispatch for ROS interfaces[0m
[6.966s] [ 23%] [34m[1mGenerating C introspection for ROS interfaces[0m
[6.966s] [ 25%] [34m[1mGenerating C type support for eProsima Fast-RTPS[0m
[8.118s] [ 26%] [32mBuilding CXX object CMakeFiles/action_msgs__rosidl_typesupport_cpp.dir/rosidl_typesupport_cpp/action_msgs/msg/goal_info__type_support.cpp.o[0m
[8.126s] [ 28%] [32mBuilding CXX object CMakeFiles/action_msgs__rosidl_typesupport_cpp.dir/rosidl_typesupport_cpp/action_msgs/msg/goal_status__type_support.cpp.o[0m
[8.127s] [ 30%] [32mBuilding CXX object CMakeFiles/action_msgs__rosidl_typesupport_cpp.dir/rosidl_typesupport_cpp/action_msgs/srv/cancel_goal__type_support.cpp.o[0m
[8.131s] [ 32%] [32mBuilding CXX object CMakeFiles/action_msgs__rosidl_typesupport_cpp.dir/rosidl_typesupport_cpp/action_msgs/msg/goal_status_array__type_support.cpp.o[0m
[8.181s] [ 33%] [32mBuilding CXX object CMakeFiles/action_msgs__rosidl_typesupport_introspection_cpp.dir/rosidl_typesupport_introspection_cpp/action_msgs/msg/detail/goal_info__type_support.cpp.o[0m
[8.219s] [ 35%] [32mBuilding CXX object CMakeFiles/action_msgs__rosidl_typesupport_introspection_cpp.dir/rosidl_typesupport_introspection_cpp/action_msgs/msg/detail/goal_status_array__type_support.cpp.o[0m
[8.222s] [ 37%] [32mBuilding CXX object CMakeFiles/action_msgs__rosidl_typesupport_introspection_cpp.dir/rosidl_typesupport_introspection_cpp/action_msgs/msg/detail/goal_status__type_support.cpp.o[0m
[8.236s] [ 39%] [32mBuilding CXX object CMakeFiles/action_msgs__rosidl_typesupport_introspection_cpp.dir/rosidl_typesupport_introspection_cpp/action_msgs/srv/detail/cancel_goal__type_support.cpp.o[0m
[8.394s] [ 41%] [32mBuilding CXX object CMakeFiles/action_msgs__rosidl_typesupport_c.dir/rosidl_typesupport_c/action_msgs/msg/goal_info__type_support.cpp.o[0m
[8.427s] [ 42%] [32mBuilding CXX object CMakeFiles/action_msgs__rosidl_typesupport_c.dir/rosidl_typesupport_c/action_msgs/msg/goal_status__type_support.cpp.o[0m
[8.433s] [ 44%] [32mBuilding CXX object CMakeFiles/action_msgs__rosidl_typesupport_c.dir/rosidl_typesupport_c/action_msgs/msg/goal_status_array__type_support.cpp.o[0m
[8.445s] [ 46%] [32mBuilding CXX object CMakeFiles/action_msgs__rosidl_typesupport_c.dir/rosidl_typesupport_c/action_msgs/srv/cancel_goal__type_support.cpp.o[0m
[8.576s] [ 48%] [32m[1mLinking CXX shared library libaction_msgs__rosidl_typesupport_c.so[0m
[8.580s] [ 50%] [32mBuilding CXX object CMakeFiles/action_msgs__rosidl_typesupport_fastrtps_cpp.dir/rosidl_typesupport_fastrtps_cpp/action_msgs/msg/detail/dds_fastrtps/goal_info__type_support.cpp.o[0m
[8.584s] [ 51%] [32mBuilding CXX object CMakeFiles/action_msgs__rosidl_typesupport_fastrtps_cpp.dir/rosidl_typesupport_fastrtps_cpp/action_msgs/msg/detail/dds_fastrtps/goal_status__type_support.cpp.o[0m
[8.593s] [ 55%] [32mBuilding CXX object CMakeFiles/action_msgs__rosidl_typesupport_fastrtps_cpp.dir/rosidl_typesupport_fastrtps_cpp/action_msgs/srv/detail/dds_fastrtps/cancel_goal__type_support.cpp.o[0m
[8.594s] [ 55%] [32mBuilding CXX object CMakeFiles/action_msgs__rosidl_typesupport_fastrtps_cpp.dir/rosidl_typesupport_fastrtps_cpp/action_msgs/msg/detail/dds_fastrtps/goal_status_array__type_support.cpp.o[0m
[8.755s] [ 57%] [32mBuilding C object CMakeFiles/action_msgs__rosidl_typesupport_introspection_c.dir/rosidl_typesupport_introspection_c/action_msgs/msg/detail/goal_info__type_support.c.o[0m
[8.758s] [ 58%] [32mBuilding C object CMakeFiles/action_msgs__rosidl_typesupport_introspection_c.dir/rosidl_typesupport_introspection_c/action_msgs/msg/detail/goal_status_array__type_support.c.o[0m
[8.760s] [ 60%] [32mBuilding C object CMakeFiles/action_msgs__rosidl_typesupport_introspection_c.dir/rosidl_typesupport_introspection_c/action_msgs/msg/detail/goal_status__type_support.c.o[0m
[8.763s] [ 62%] [32m[1mLinking CXX shared library libaction_msgs__rosidl_typesupport_cpp.so[0m
[8.779s] [ 66%] [32mBuilding CXX object CMakeFiles/action_msgs__rosidl_typesupport_fastrtps_c.dir/rosidl_typesupport_fastrtps_c/action_msgs/msg/detail/goal_info__type_support_c.cpp.o[0m
[8.779s] [ 66%] [32mBuilding C object CMakeFiles/action_msgs__rosidl_typesupport_introspection_c.dir/rosidl_typesupport_introspection_c/action_msgs/srv/detail/cancel_goal__type_support.c.o[0m
[8.803s] [ 67%] [32mBuilding CXX object CMakeFiles/action_msgs__rosidl_typesupport_fastrtps_c.dir/rosidl_typesupport_fastrtps_c/action_msgs/srv/detail/cancel_goal__type_support_c.cpp.o[0m
[8.806s] [ 69%] [32mBuilding CXX object CMakeFiles/action_msgs__rosidl_typesupport_fastrtps_c.dir/rosidl_typesupport_fastrtps_c/action_msgs/msg/detail/goal_status_array__type_support_c.cpp.o[0m
[8.815s] [ 71%] [32mBuilding CXX object CMakeFiles/action_msgs__rosidl_typesupport_fastrtps_c.dir/rosidl_typesupport_fastrtps_c/action_msgs/msg/detail/goal_status__type_support_c.cpp.o[0m
[8.882s] [ 71%] Built target action_msgs__rosidl_typesupport_c
[8.893s] [ 73%] [32m[1mLinking C shared library libaction_msgs__rosidl_typesupport_introspection_c.so[0m
[8.979s] [ 73%] Built target action_msgs__rosidl_typesupport_cpp
[9.091s] [ 73%] Built target action_msgs__rosidl_typesupport_introspection_c
[9.225s] [ 75%] [32m[1mLinking CXX shared library libaction_msgs__rosidl_typesupport_introspection_cpp.so[0m
[9.425s] [ 76%] [32m[1mLinking CXX shared library libaction_msgs__rosidl_typesupport_fastrtps_c.so[0m
[9.452s] [ 76%] Built target action_msgs__rosidl_typesupport_introspection_cpp
[9.461s] [ 78%] [32m[1mLinking CXX shared library libaction_msgs__rosidl_typesupport_fastrtps_cpp.so[0m
[9.572s] [ 78%] Built target action_msgs__rosidl_typesupport_fastrtps_c
[9.599s] [ 78%] Built target action_msgs__rosidl_typesupport_fastrtps_cpp
[9.615s] [ 78%] Built target action_msgs
[9.630s] [ 80%] [34m[1mGenerating Python code for ROS interfaces[0m
[11.910s] [ 80%] Built target action_msgs__py
[11.938s] [ 82%] [32mBuilding C object CMakeFiles/action_msgs__rosidl_generator_py.dir/rosidl_generator_py/action_msgs/msg/_goal_info_s.c.o[0m
[11.939s] [ 85%] [32mBuilding C object CMakeFiles/action_msgs__rosidl_generator_py.dir/rosidl_generator_py/action_msgs/msg/_goal_status_array_s.c.o[0m
[11.939s] [ 85%] [32mBuilding C object CMakeFiles/action_msgs__rosidl_generator_py.dir/rosidl_generator_py/action_msgs/msg/_goal_status_s.c.o[0m
[11.940s] [ 87%] [32mBuilding C object CMakeFiles/action_msgs__rosidl_generator_py.dir/rosidl_generator_py/action_msgs/srv/_cancel_goal_s.c.o[0m
[12.112s] [ 89%] [32m[1mLinking C shared library rosidl_generator_py/action_msgs/libaction_msgs__rosidl_generator_py.so[0m
[12.255s] [ 89%] Built target action_msgs__rosidl_generator_py
[12.279s] [ 91%] [32mBuilding C object CMakeFiles/action_msgs__rosidl_typesupport_fastrtps_c__pyext.dir/rosidl_generator_py/action_msgs/_action_msgs_s.ep.rosidl_typesupport_fastrtps_c.c.o[0m
[12.280s] [ 92%] [32mBuilding C object CMakeFiles/action_msgs__rosidl_typesupport_c__pyext.dir/rosidl_generator_py/action_msgs/_action_msgs_s.ep.rosidl_typesupport_c.c.o[0m
[12.280s] [ 94%] [32mBuilding C object CMakeFiles/action_msgs__rosidl_typesupport_introspection_c__pyext.dir/rosidl_generator_py/action_msgs/_action_msgs_s.ep.rosidl_typesupport_introspection_c.c.o[0m
[12.437s] [ 98%] [32m[1mLinking C shared library rosidl_generator_py/action_msgs/action_msgs_s__rosidl_typesupport_introspection_c.cpython-310-x86_64-linux-gnu.so[0m
[12.437s] [ 98%] [32m[1mLinking C shared library rosidl_generator_py/action_msgs/action_msgs_s__rosidl_typesupport_fastrtps_c.cpython-310-x86_64-linux-gnu.so[0m
[12.453s] [100%] [32m[1mLinking C shared library rosidl_generator_py/action_msgs/action_msgs_s__rosidl_typesupport_c.cpython-310-x86_64-linux-gnu.so[0m
[12.543s] [100%] Built target action_msgs__rosidl_typesupport_fastrtps_c__pyext
[12.552s] [100%] Built target action_msgs__rosidl_typesupport_introspection_c__pyext
[12.593s] [100%] Built target action_msgs__rosidl_typesupport_c__pyext
[12.611s] Invoked command in '/home/hiro/rust_ws/build/action_msgs' returned '0': AMENT_PREFIX_PATH=/home/hiro/rust_ws/install/unique_identifier_msgs:/home/hiro/rust_ws/install/builtin_interfaces:/home/hiro/rust_ws/install/rosidl_default_runtime:/home/hiro/rust_ws/install/rosidl_default_generators:/home/hiro/rust_ws/install/rosidl_generator_rs:/home/hiro/rust_ws/install/rosidl_runtime_rs:${AMENT_PREFIX_PATH} CMAKE_PREFIX_PATH=/home/hiro/rust_ws/install/unique_identifier_msgs:/home/hiro/rust_ws/install/builtin_interfaces:/home/hiro/rust_ws/install/rosidl_default_runtime:/home/hiro/rust_ws/install/rosidl_default_generators:/home/hiro/rust_ws/install/rosidl_generator_rs:/home/hiro/ws_livox/install/livox_ros_driver2:/opt/ros/humble LD_LIBRARY_PATH=/home/hiro/rust_ws/install/unique_identifier_msgs/lib:/home/hiro/rust_ws/install/builtin_interfaces/lib:${LD_LIBRARY_PATH} PYTHONPATH=/home/hiro/rust_ws/install/unique_identifier_msgs/local/lib/python3.10/dist-packages:/home/hiro/rust_ws/install/builtin_interfaces/local/lib/python3.10/dist-packages:/home/hiro/rust_ws/install/rosidl_generator_rs/local/lib/python3.10/dist-packages:${PYTHONPATH} /usr/bin/cmake --build /home/hiro/rust_ws/build/action_msgs -- -j22 -l22
[13.278s] Invoking command in '/home/hiro/rust_ws/build/action_msgs': AMENT_PREFIX_PATH=/home/hiro/rust_ws/install/unique_identifier_msgs:/home/hiro/rust_ws/install/builtin_interfaces:/home/hiro/rust_ws/install/rosidl_default_runtime:/home/hiro/rust_ws/install/rosidl_default_generators:/home/hiro/rust_ws/install/rosidl_generator_rs:/home/hiro/rust_ws/install/rosidl_runtime_rs:${AMENT_PREFIX_PATH} CMAKE_PREFIX_PATH=/home/hiro/rust_ws/install/unique_identifier_msgs:/home/hiro/rust_ws/install/builtin_interfaces:/home/hiro/rust_ws/install/rosidl_default_runtime:/home/hiro/rust_ws/install/rosidl_default_generators:/home/hiro/rust_ws/install/rosidl_generator_rs:/home/hiro/ws_livox/install/livox_ros_driver2:/opt/ros/humble LD_LIBRARY_PATH=/home/hiro/rust_ws/install/unique_identifier_msgs/lib:/home/hiro/rust_ws/install/builtin_interfaces/lib:${LD_LIBRARY_PATH} PYTHONPATH=/home/hiro/rust_ws/install/unique_identifier_msgs/local/lib/python3.10/dist-packages:/home/hiro/rust_ws/install/builtin_interfaces/local/lib/python3.10/dist-packages:/home/hiro/rust_ws/install/rosidl_generator_rs/local/lib/python3.10/dist-packages:${PYTHONPATH} /usr/bin/cmake --install /home/hiro/rust_ws/build/action_msgs
[13.294s] -- Install configuration: ""
[13.294s] -- Installing: /home/hiro/rust_ws/install/action_msgs/share/ament_index/resource_index/rosidl_interfaces/action_msgs
[13.294s] -- Installing: /home/hiro/rust_ws/install/action_msgs/include/action_msgs/action_msgs
[13.294s] -- Installing: /home/hiro/rust_ws/install/action_msgs/include/action_msgs/action_msgs/msg
[13.295s] -- Installing: /home/hiro/rust_ws/install/action_msgs/include/action_msgs/action_msgs/msg/goal_info.h
[13.295s] -- Installing: /home/hiro/rust_ws/install/action_msgs/include/action_msgs/action_msgs/msg/rosidl_generator_c__visibility_control.h
[13.295s] -- Installing: /home/hiro/rust_ws/install/action_msgs/include/action_msgs/action_msgs/msg/detail
[13.295s] -- Installing: /home/hiro/rust_ws/install/action_msgs/include/action_msgs/action_msgs/msg/detail/goal_status_array__functions.c
[13.295s] -- Installing: /home/hiro/rust_ws/install/action_msgs/include/action_msgs/action_msgs/msg/detail/goal_info__struct.h
[13.296s] -- Installing: /home/hiro/rust_ws/install/action_msgs/include/action_msgs/action_msgs/msg/detail/goal_info__type_support.h
[13.296s] -- Installing: /home/hiro/rust_ws/install/action_msgs/include/action_msgs/action_msgs/msg/detail/goal_info__functions.c
[13.296s] -- Installing: /home/hiro/rust_ws/install/action_msgs/include/action_msgs/action_msgs/msg/detail/goal_status__struct.h
[13.296s] -- Installing: /home/hiro/rust_ws/install/action_msgs/include/action_msgs/action_msgs/msg/detail/goal_status__type_support.h
[13.296s] -- Installing: /home/hiro/rust_ws/install/action_msgs/include/action_msgs/action_msgs/msg/detail/goal_status__functions.h
[13.296s] -- Installing: /home/hiro/rust_ws/install/action_msgs/include/action_msgs/action_msgs/msg/detail/goal_status_array__type_support.h
[13.296s] -- Installing: /home/hiro/rust_ws/install/action_msgs/include/action_msgs/action_msgs/msg/detail/goal_status_array__struct.h
[13.297s] -- Installing: /home/hiro/rust_ws/install/action_msgs/include/action_msgs/action_msgs/msg/detail/goal_status__functions.c
[13.297s] -- Installing: /home/hiro/rust_ws/install/action_msgs/include/action_msgs/action_msgs/msg/detail/goal_info__functions.h
[13.297s] -- Installing: /home/hiro/rust_ws/install/action_msgs/include/action_msgs/action_msgs/msg/detail/goal_status_array__functions.h
[13.297s] -- Installing: /home/hiro/rust_ws/install/action_msgs/include/action_msgs/action_msgs/msg/goal_status_array.h
[13.297s] -- Installing: /home/hiro/rust_ws/install/action_msgs/include/action_msgs/action_msgs/msg/goal_status.h
[13.297s] -- Installing: /home/hiro/rust_ws/install/action_msgs/include/action_msgs/action_msgs/srv
[13.297s] -- Installing: /home/hiro/rust_ws/install/action_msgs/include/action_msgs/action_msgs/srv/cancel_goal.h
[13.298s] -- Installing: /home/hiro/rust_ws/install/action_msgs/include/action_msgs/action_msgs/srv/detail
[13.298s] -- Installing: /home/hiro/rust_ws/install/action_msgs/include/action_msgs/action_msgs/srv/detail/cancel_goal__functions.h
[13.298s] -- Installing: /home/hiro/rust_ws/install/action_msgs/include/action_msgs/action_msgs/srv/detail/cancel_goal__functions.c
[13.298s] -- Installing: /home/hiro/rust_ws/install/action_msgs/include/action_msgs/action_msgs/srv/detail/cancel_goal__struct.h
[13.298s] -- Installing: /home/hiro/rust_ws/install/action_msgs/include/action_msgs/action_msgs/srv/detail/cancel_goal__type_support.h
[13.299s] -- Installing: /home/hiro/rust_ws/install/action_msgs/share/action_msgs/environment/library_path.sh
[13.299s] -- Installing: /home/hiro/rust_ws/install/action_msgs/share/action_msgs/environment/library_path.dsv
[13.299s] -- Installing: /home/hiro/rust_ws/install/action_msgs/lib/libaction_msgs__rosidl_generator_c.so
[13.302s] -- Set runtime path of "/home/hiro/rust_ws/install/action_msgs/lib/libaction_msgs__rosidl_generator_c.so" to ""
[13.303s] -- Up-to-date: /home/hiro/rust_ws/install/action_msgs/include/action_msgs/action_msgs
[13.303s] -- Up-to-date: /home/hiro/rust_ws/install/action_msgs/include/action_msgs/action_msgs/msg
[13.304s] -- Up-to-date: /home/hiro/rust_ws/install/action_msgs/include/action_msgs/action_msgs/msg/detail
[13.304s] -- Installing: /home/hiro/rust_ws/install/action_msgs/include/action_msgs/action_msgs/msg/detail/goal_status__rosidl_typesupport_fastrtps_c.h
[13.314s] -- Installing: /home/hiro/rust_ws/install/action_msgs/include/action_msgs/action_msgs/msg/detail/goal_info__rosidl_typesupport_fastrtps_c.h
[13.314s] -- Installing: /home/hiro/rust_ws/install/action_msgs/include/action_msgs/action_msgs/msg/detail/goal_status_array__rosidl_typesupport_fastrtps_c.h
[13.315s] -- Installing: /home/hiro/rust_ws/install/action_msgs/include/action_msgs/action_msgs/msg/rosidl_typesupport_fastrtps_c__visibility_control.h
[13.315s] -- Up-to-date: /home/hiro/rust_ws/install/action_msgs/include/action_msgs/action_msgs/srv
[13.315s] -- Up-to-date: /home/hiro/rust_ws/install/action_msgs/include/action_msgs/action_msgs/srv/detail
[13.315s] -- Installing: /home/hiro/rust_ws/install/action_msgs/include/action_msgs/action_msgs/srv/detail/cancel_goal__rosidl_typesupport_fastrtps_c.h
[13.315s] -- Installing: /home/hiro/rust_ws/install/action_msgs/lib/libaction_msgs__rosidl_typesupport_fastrtps_c.so
[13.315s] -- Set runtime path of "/home/hiro/rust_ws/install/action_msgs/lib/libaction_msgs__rosidl_typesupport_fastrtps_c.so" to ""
[13.315s] -- Up-to-date: /home/hiro/rust_ws/install/action_msgs/include/action_msgs/action_msgs
[13.317s] -- Up-to-date: /home/hiro/rust_ws/install/action_msgs/include/action_msgs/action_msgs/msg
[13.318s] -- Installing: /home/hiro/rust_ws/install/action_msgs/include/action_msgs/action_msgs/msg/goal_status.hpp
[13.318s] -- Up-to-date: /home/hiro/rust_ws/install/action_msgs/include/action_msgs/action_msgs/msg/detail
[13.318s] -- Installing: /home/hiro/rust_ws/install/action_msgs/include/action_msgs/action_msgs/msg/detail/goal_status__traits.hpp
[13.318s] -- Installing: /home/hiro/rust_ws/install/action_msgs/include/action_msgs/action_msgs/msg/detail/goal_status__struct.hpp
[13.318s] -- Installing: /home/hiro/rust_ws/install/action_msgs/include/action_msgs/action_msgs/msg/detail/goal_info__struct.hpp
[13.319s] -- Installing: /home/hiro/rust_ws/install/action_msgs/include/action_msgs/action_msgs/msg/detail/goal_status__builder.hpp
[13.319s] -- Installing: /home/hiro/rust_ws/install/action_msgs/include/action_msgs/action_msgs/msg/detail/goal_status_array__struct.hpp
[13.319s] -- Installing: /home/hiro/rust_ws/install/action_msgs/include/action_msgs/action_msgs/msg/detail/goal_info__builder.hpp
[13.320s] -- Installing: /home/hiro/rust_ws/install/action_msgs/include/action_msgs/action_msgs/msg/detail/goal_info__traits.hpp
[13.320s] -- Installing: /home/hiro/rust_ws/install/action_msgs/include/action_msgs/action_msgs/msg/detail/goal_status_array__builder.hpp
[13.320s] -- Installing: /home/hiro/rust_ws/install/action_msgs/include/action_msgs/action_msgs/msg/detail/goal_status_array__traits.hpp
[13.320s] -- Installing: /home/hiro/rust_ws/install/action_msgs/include/action_msgs/action_msgs/msg/goal_info.hpp
[13.321s] -- Installing: /home/hiro/rust_ws/install/action_msgs/include/action_msgs/action_msgs/msg/goal_status_array.hpp
[13.321s] -- Up-to-date: /home/hiro/rust_ws/install/action_msgs/include/action_msgs/action_msgs/srv
[13.321s] -- Installing: /home/hiro/rust_ws/install/action_msgs/include/action_msgs/action_msgs/srv/cancel_goal.hpp
[13.321s] -- Up-to-date: /home/hiro/rust_ws/install/action_msgs/include/action_msgs/action_msgs/srv/detail
[13.321s] -- Installing: /home/hiro/rust_ws/install/action_msgs/include/action_msgs/action_msgs/srv/detail/cancel_goal__struct.hpp
[13.322s] -- Installing: /home/hiro/rust_ws/install/action_msgs/include/action_msgs/action_msgs/srv/detail/cancel_goal__traits.hpp
[13.322s] -- Installing: /home/hiro/rust_ws/install/action_msgs/include/action_msgs/action_msgs/srv/detail/cancel_goal__builder.hpp
[13.322s] -- Up-to-date: /home/hiro/rust_ws/install/action_msgs/include/action_msgs/action_msgs
[13.322s] -- Up-to-date: /home/hiro/rust_ws/install/action_msgs/include/action_msgs/action_msgs/msg
[13.322s] -- Installing: /home/hiro/rust_ws/install/action_msgs/include/action_msgs/action_msgs/msg/rosidl_typesupport_fastrtps_cpp__visibility_control.h
[13.322s] -- Up-to-date: /home/hiro/rust_ws/install/action_msgs/include/action_msgs/action_msgs/msg/detail
[13.322s] -- Installing: /home/hiro/rust_ws/install/action_msgs/include/action_msgs/action_msgs/msg/detail/goal_status__rosidl_typesupport_fastrtps_cpp.hpp
[13.322s] -- Installing: /home/hiro/rust_ws/install/action_msgs/include/action_msgs/action_msgs/msg/detail/dds_fastrtps
[13.322s] -- Installing: /home/hiro/rust_ws/install/action_msgs/include/action_msgs/action_msgs/msg/detail/goal_status_array__rosidl_typesupport_fastrtps_cpp.hpp
[13.323s] -- Installing: /home/hiro/rust_ws/install/action_msgs/include/action_msgs/action_msgs/msg/detail/goal_info__rosidl_typesupport_fastrtps_cpp.hpp
[13.323s] -- Up-to-date: /home/hiro/rust_ws/install/action_msgs/include/action_msgs/action_msgs/srv
[13.323s] -- Up-to-date: /home/hiro/rust_ws/install/action_msgs/include/action_msgs/action_msgs/srv/detail
[13.323s] -- Installing: /home/hiro/rust_ws/install/action_msgs/include/action_msgs/action_msgs/srv/detail/dds_fastrtps
[13.323s] -- Installing: /home/hiro/rust_ws/install/action_msgs/include/action_msgs/action_msgs/srv/detail/cancel_goal__rosidl_typesupport_fastrtps_cpp.hpp
[13.323s] -- Installing: /home/hiro/rust_ws/install/action_msgs/lib/libaction_msgs__rosidl_typesupport_fastrtps_cpp.so
[13.323s] -- Set runtime path of "/home/hiro/rust_ws/install/action_msgs/lib/libaction_msgs__rosidl_typesupport_fastrtps_cpp.so" to ""
[13.323s] -- Up-to-date: /home/hiro/rust_ws/install/action_msgs/include/action_msgs/action_msgs
[13.323s] -- Up-to-date: /home/hiro/rust_ws/install/action_msgs/include/action_msgs/action_msgs/msg
[13.323s] -- Installing: /home/hiro/rust_ws/install/action_msgs/include/action_msgs/action_msgs/msg/rosidl_typesupport_introspection_c__visibility_control.h
[13.324s] -- Up-to-date: /home/hiro/rust_ws/install/action_msgs/include/action_msgs/action_msgs/msg/detail
[13.324s] -- Installing: /home/hiro/rust_ws/install/action_msgs/include/action_msgs/action_msgs/msg/detail/goal_status_array__type_support.c
[13.324s] -- Installing: /home/hiro/rust_ws/install/action_msgs/include/action_msgs/action_msgs/msg/detail/goal_info__rosidl_typesupport_introspection_c.h
[13.324s] -- Installing: /home/hiro/rust_ws/install/action_msgs/include/action_msgs/action_msgs/msg/detail/goal_status__type_support.c
[13.324s] -- Installing: /home/hiro/rust_ws/install/action_msgs/include/action_msgs/action_msgs/msg/detail/goal_status__rosidl_typesupport_introspection_c.h
[13.324s] -- Installing: /home/hiro/rust_ws/install/action_msgs/include/action_msgs/action_msgs/msg/detail/goal_status_array__rosidl_typesupport_introspection_c.h
[13.324s] -- Installing: /home/hiro/rust_ws/install/action_msgs/include/action_msgs/action_msgs/msg/detail/goal_info__type_support.c
[13.324s] -- Up-to-date: /home/hiro/rust_ws/install/action_msgs/include/action_msgs/action_msgs/srv
[13.324s] -- Up-to-date: /home/hiro/rust_ws/install/action_msgs/include/action_msgs/action_msgs/srv/detail
[13.325s] -- Installing: /home/hiro/rust_ws/install/action_msgs/include/action_msgs/action_msgs/srv/detail/cancel_goal__type_support.c
[13.325s] -- Installing: /home/hiro/rust_ws/install/action_msgs/include/action_msgs/action_msgs/srv/detail/cancel_goal__rosidl_typesupport_introspection_c.h
[13.325s] -- Installing: /home/hiro/rust_ws/install/action_msgs/lib/libaction_msgs__rosidl_typesupport_introspection_c.so
[13.325s] -- Set runtime path of "/home/hiro/rust_ws/install/action_msgs/lib/libaction_msgs__rosidl_typesupport_introspection_c.so" to ""
[13.325s] -- Installing: /home/hiro/rust_ws/install/action_msgs/lib/libaction_msgs__rosidl_typesupport_c.so
[13.325s] -- Set runtime path of "/home/hiro/rust_ws/install/action_msgs/lib/libaction_msgs__rosidl_typesupport_c.so" to ""
[13.325s] -- Up-to-date: /home/hiro/rust_ws/install/action_msgs/include/action_msgs/action_msgs
[13.325s] -- Up-to-date: /home/hiro/rust_ws/install/action_msgs/include/action_msgs/action_msgs/msg
[13.325s] -- Up-to-date: /home/hiro/rust_ws/install/action_msgs/include/action_msgs/action_msgs/msg/detail
[13.326s] -- Installing: /home/hiro/rust_ws/install/action_msgs/include/action_msgs/action_msgs/msg/detail/goal_info__type_support.cpp
[13.326s] -- Installing: /home/hiro/rust_ws/install/action_msgs/include/action_msgs/action_msgs/msg/detail/goal_status__type_support.cpp
[13.326s] -- Installing: /home/hiro/rust_ws/install/action_msgs/include/action_msgs/action_msgs/msg/detail/goal_info__rosidl_typesupport_introspection_cpp.hpp
[13.326s] -- Installing: /home/hiro/rust_ws/install/action_msgs/include/action_msgs/action_msgs/msg/detail/goal_status__rosidl_typesupport_introspection_cpp.hpp
[13.326s] -- Installing: /home/hiro/rust_ws/install/action_msgs/include/action_msgs/action_msgs/msg/detail/goal_status_array__type_support.cpp
[13.326s] -- Installing: /home/hiro/rust_ws/install/action_msgs/include/action_msgs/action_msgs/msg/detail/goal_status_array__rosidl_typesupport_introspection_cpp.hpp
[13.326s] -- Up-to-date: /home/hiro/rust_ws/install/action_msgs/include/action_msgs/action_msgs/srv
[13.326s] -- Up-to-date: /home/hiro/rust_ws/install/action_msgs/include/action_msgs/action_msgs/srv/detail
[13.327s] -- Installing: /home/hiro/rust_ws/install/action_msgs/include/action_msgs/action_msgs/srv/detail/cancel_goal__type_support.cpp
[13.327s] -- Installing: /home/hiro/rust_ws/install/action_msgs/include/action_msgs/action_msgs/srv/detail/cancel_goal__rosidl_typesupport_introspection_cpp.hpp
[13.327s] -- Installing: /home/hiro/rust_ws/install/action_msgs/lib/libaction_msgs__rosidl_typesupport_introspection_cpp.so
[13.327s] -- Set runtime path of "/home/hiro/rust_ws/install/action_msgs/lib/libaction_msgs__rosidl_typesupport_introspection_cpp.so" to ""
[13.327s] -- Installing: /home/hiro/rust_ws/install/action_msgs/lib/libaction_msgs__rosidl_typesupport_cpp.so
[13.327s] -- Set runtime path of "/home/hiro/rust_ws/install/action_msgs/lib/libaction_msgs__rosidl_typesupport_cpp.so" to ""
[13.327s] -- Installing: /home/hiro/rust_ws/install/action_msgs/share/ament_index/resource_index/rust_packages/action_msgs
[13.327s] -- Installing: /home/hiro/rust_ws/install/action_msgs/share/action_msgs/rust
[13.327s] -- Installing: /home/hiro/rust_ws/install/action_msgs/share/action_msgs/rust/Cargo.toml
[13.327s] -- Installing: /home/hiro/rust_ws/install/action_msgs/share/action_msgs/rust/build.rs
[13.328s] -- Installing: /home/hiro/rust_ws/install/action_msgs/share/action_msgs/rust/src
[13.328s] -- Installing: /home/hiro/rust_ws/install/action_msgs/share/action_msgs/rust/src/msg.rs
[13.328s] -- Installing: /home/hiro/rust_ws/install/action_msgs/share/action_msgs/rust/src/srv.rs
[13.328s] -- Installing: /home/hiro/rust_ws/install/action_msgs/share/action_msgs/rust/src/lib.rs
[13.328s] -- Installing: /home/hiro/rust_ws/install/action_msgs/share/action_msgs/environment/pythonpath.sh
[13.328s] -- Installing: /home/hiro/rust_ws/install/action_msgs/share/action_msgs/environment/pythonpath.dsv
[13.328s] -- Installing: /home/hiro/rust_ws/install/action_msgs/local/lib/python3.10/dist-packages/action_msgs-1.2.1-py3.10.egg-info
[13.328s] -- Installing: /home/hiro/rust_ws/install/action_msgs/local/lib/python3.10/dist-packages/action_msgs-1.2.1-py3.10.egg-info/top_level.txt
[13.328s] -- Installing: /home/hiro/rust_ws/install/action_msgs/local/lib/python3.10/dist-packages/action_msgs-1.2.1-py3.10.egg-info/PKG-INFO
[13.328s] -- Installing: /home/hiro/rust_ws/install/action_msgs/local/lib/python3.10/dist-packages/action_msgs-1.2.1-py3.10.egg-info/SOURCES.txt
[13.329s] -- Installing: /home/hiro/rust_ws/install/action_msgs/local/lib/python3.10/dist-packages/action_msgs-1.2.1-py3.10.egg-info/dependency_links.txt
[13.329s] -- Installing: /home/hiro/rust_ws/install/action_msgs/local/lib/python3.10/dist-packages/action_msgs
[13.329s] -- Installing: /home/hiro/rust_ws/install/action_msgs/local/lib/python3.10/dist-packages/action_msgs/_action_msgs_s.ep.rosidl_typesupport_c.c
[13.329s] -- Installing: /home/hiro/rust_ws/install/action_msgs/local/lib/python3.10/dist-packages/action_msgs/action_msgs_s__rosidl_typesupport_c.cpython-310-x86_64-linux-gnu.so
[13.331s] -- Installing: /home/hiro/rust_ws/install/action_msgs/local/lib/python3.10/dist-packages/action_msgs/libaction_msgs__rosidl_generator_py.so
[13.331s] -- Installing: /home/hiro/rust_ws/install/action_msgs/local/lib/python3.10/dist-packages/action_msgs/__init__.py
[13.331s] -- Installing: /home/hiro/rust_ws/install/action_msgs/local/lib/python3.10/dist-packages/action_msgs/action_msgs_s__rosidl_typesupport_introspection_c.cpython-310-x86_64-linux-gnu.so
[13.331s] -- Installing: /home/hiro/rust_ws/install/action_msgs/local/lib/python3.10/dist-packages/action_msgs/_action_msgs_s.ep.rosidl_typesupport_introspection_c.c
[13.331s] -- Installing: /home/hiro/rust_ws/install/action_msgs/local/lib/python3.10/dist-packages/action_msgs/msg
[13.332s] -- Installing: /home/hiro/rust_ws/install/action_msgs/local/lib/python3.10/dist-packages/action_msgs/msg/_goal_status.py
[13.332s] -- Installing: /home/hiro/rust_ws/install/action_msgs/local/lib/python3.10/dist-packages/action_msgs/msg/_goal_info_s.c
[13.332s] -- Installing: /home/hiro/rust_ws/install/action_msgs/local/lib/python3.10/dist-packages/action_msgs/msg/_goal_info.py
[13.332s] -- Installing: /home/hiro/rust_ws/install/action_msgs/local/lib/python3.10/dist-packages/action_msgs/msg/__init__.py
[13.332s] -- Installing: /home/hiro/rust_ws/install/action_msgs/local/lib/python3.10/dist-packages/action_msgs/msg/_goal_status_s.c
[13.332s] -- Installing: /home/hiro/rust_ws/install/action_msgs/local/lib/python3.10/dist-packages/action_msgs/msg/_goal_status_array_s.c
[13.332s] -- Installing: /home/hiro/rust_ws/install/action_msgs/local/lib/python3.10/dist-packages/action_msgs/msg/_goal_status_array.py
[13.332s] -- Installing: /home/hiro/rust_ws/install/action_msgs/local/lib/python3.10/dist-packages/action_msgs/srv
[13.333s] -- Installing: /home/hiro/rust_ws/install/action_msgs/local/lib/python3.10/dist-packages/action_msgs/srv/_cancel_goal_s.c
[13.333s] -- Installing: /home/hiro/rust_ws/install/action_msgs/local/lib/python3.10/dist-packages/action_msgs/srv/__init__.py
[13.333s] -- Installing: /home/hiro/rust_ws/install/action_msgs/local/lib/python3.10/dist-packages/action_msgs/srv/_cancel_goal.py
[13.333s] -- Installing: /home/hiro/rust_ws/install/action_msgs/local/lib/python3.10/dist-packages/action_msgs/action_msgs_s__rosidl_typesupport_fastrtps_c.cpython-310-x86_64-linux-gnu.so
[13.333s] -- Installing: /home/hiro/rust_ws/install/action_msgs/local/lib/python3.10/dist-packages/action_msgs/_action_msgs_s.ep.rosidl_typesupport_fastrtps_c.c
[13.417s] Listing '/home/hiro/rust_ws/install/action_msgs/local/lib/python3.10/dist-packages/action_msgs'...
[13.417s] Compiling '/home/hiro/rust_ws/install/action_msgs/local/lib/python3.10/dist-packages/action_msgs/__init__.py'...
[13.418s] Listing '/home/hiro/rust_ws/install/action_msgs/local/lib/python3.10/dist-packages/action_msgs/msg'...
[13.418s] Compiling '/home/hiro/rust_ws/install/action_msgs/local/lib/python3.10/dist-packages/action_msgs/msg/__init__.py'...
[13.418s] Compiling '/home/hiro/rust_ws/install/action_msgs/local/lib/python3.10/dist-packages/action_msgs/msg/_goal_info.py'...
[13.418s] Compiling '/home/hiro/rust_ws/install/action_msgs/local/lib/python3.10/dist-packages/action_msgs/msg/_goal_status.py'...
[13.418s] Compiling '/home/hiro/rust_ws/install/action_msgs/local/lib/python3.10/dist-packages/action_msgs/msg/_goal_status_array.py'...
[13.418s] Listing '/home/hiro/rust_ws/install/action_msgs/local/lib/python3.10/dist-packages/action_msgs/srv'...
[13.418s] Compiling '/home/hiro/rust_ws/install/action_msgs/local/lib/python3.10/dist-packages/action_msgs/srv/__init__.py'...
[13.418s] Compiling '/home/hiro/rust_ws/install/action_msgs/local/lib/python3.10/dist-packages/action_msgs/srv/_cancel_goal.py'...
[13.435s] -- Installing: /home/hiro/rust_ws/install/action_msgs/local/lib/python3.10/dist-packages/action_msgs/action_msgs_s__rosidl_typesupport_fastrtps_c.cpython-310-x86_64-linux-gnu.so
[13.435s] -- Set runtime path of "/home/hiro/rust_ws/install/action_msgs/local/lib/python3.10/dist-packages/action_msgs/action_msgs_s__rosidl_typesupport_fastrtps_c.cpython-310-x86_64-linux-gnu.so" to ""
[13.435s] -- Installing: /home/hiro/rust_ws/install/action_msgs/local/lib/python3.10/dist-packages/action_msgs/action_msgs_s__rosidl_typesupport_introspection_c.cpython-310-x86_64-linux-gnu.so
[13.435s] -- Set runtime path of "/home/hiro/rust_ws/install/action_msgs/local/lib/python3.10/dist-packages/action_msgs/action_msgs_s__rosidl_typesupport_introspection_c.cpython-310-x86_64-linux-gnu.so" to ""
[13.435s] -- Installing: /home/hiro/rust_ws/install/action_msgs/local/lib/python3.10/dist-packages/action_msgs/action_msgs_s__rosidl_typesupport_c.cpython-310-x86_64-linux-gnu.so
[13.435s] -- Set runtime path of "/home/hiro/rust_ws/install/action_msgs/local/lib/python3.10/dist-packages/action_msgs/action_msgs_s__rosidl_typesupport_c.cpython-310-x86_64-linux-gnu.so" to ""
[13.436s] -- Installing: /home/hiro/rust_ws/install/action_msgs/lib/libaction_msgs__rosidl_generator_py.so
[13.436s] -- Set runtime path of "/home/hiro/rust_ws/install/action_msgs/lib/libaction_msgs__rosidl_generator_py.so" to ""
[13.436s] -- Installing: /home/hiro/rust_ws/install/action_msgs/share/action_msgs/msg/GoalInfo.idl
[13.436s] -- Installing: /home/hiro/rust_ws/install/action_msgs/share/action_msgs/msg/GoalStatus.idl
[13.437s] -- Installing: /home/hiro/rust_ws/install/action_msgs/share/action_msgs/msg/GoalStatusArray.idl
[13.437s] -- Installing: /home/hiro/rust_ws/install/action_msgs/share/action_msgs/srv/CancelGoal.idl
[13.437s] -- Installing: /home/hiro/rust_ws/install/action_msgs/share/action_msgs/msg/GoalInfo.msg
[13.437s] -- Installing: /home/hiro/rust_ws/install/action_msgs/share/action_msgs/msg/GoalStatus.msg
[13.437s] -- Installing: /home/hiro/rust_ws/install/action_msgs/share/action_msgs/msg/GoalStatusArray.msg
[13.437s] -- Installing: /home/hiro/rust_ws/install/action_msgs/share/action_msgs/srv/CancelGoal.srv
[13.437s] -- Installing: /home/hiro/rust_ws/install/action_msgs/share/action_msgs/srv/CancelGoal_Request.msg
[13.438s] -- Installing: /home/hiro/rust_ws/install/action_msgs/share/action_msgs/srv/CancelGoal_Response.msg
[13.438s] -- Installing: /home/hiro/rust_ws/install/action_msgs/share/ament_index/resource_index/package_run_dependencies/action_msgs
[13.438s] -- Installing: /home/hiro/rust_ws/install/action_msgs/share/ament_index/resource_index/parent_prefix_path/action_msgs
[13.438s] -- Installing: /home/hiro/rust_ws/install/action_msgs/share/action_msgs/environment/ament_prefix_path.sh
[13.438s] -- Installing: /home/hiro/rust_ws/install/action_msgs/share/action_msgs/environment/ament_prefix_path.dsv
[13.439s] -- Installing: /home/hiro/rust_ws/install/action_msgs/share/action_msgs/environment/path.sh
[13.439s] -- Installing: /home/hiro/rust_ws/install/action_msgs/share/action_msgs/environment/path.dsv
[13.439s] -- Installing: /home/hiro/rust_ws/install/action_msgs/share/action_msgs/local_setup.bash
[13.439s] -- Installing: /home/hiro/rust_ws/install/action_msgs/share/action_msgs/local_setup.sh
[13.439s] -- Installing: /home/hiro/rust_ws/install/action_msgs/share/action_msgs/local_setup.zsh
[13.440s] -- Installing: /home/hiro/rust_ws/install/action_msgs/share/action_msgs/local_setup.dsv
[13.440s] -- Installing: /home/hiro/rust_ws/install/action_msgs/share/action_msgs/package.dsv
[13.441s] -- Installing: /home/hiro/rust_ws/install/action_msgs/share/ament_index/resource_index/packages/action_msgs
[13.441s] -- Installing: /home/hiro/rust_ws/install/action_msgs/share/action_msgs/cmake/export_action_msgs__rosidl_generator_cExport.cmake
[13.441s] -- Installing: /home/hiro/rust_ws/install/action_msgs/share/action_msgs/cmake/export_action_msgs__rosidl_generator_cExport-noconfig.cmake
[13.441s] -- Installing: /home/hiro/rust_ws/install/action_msgs/share/action_msgs/cmake/export_action_msgs__rosidl_typesupport_fastrtps_cExport.cmake
[13.442s] -- Installing: /home/hiro/rust_ws/install/action_msgs/share/action_msgs/cmake/export_action_msgs__rosidl_typesupport_fastrtps_cExport-noconfig.cmake
[13.442s] -- Installing: /home/hiro/rust_ws/install/action_msgs/share/action_msgs/cmake/export_action_msgs__rosidl_generator_cppExport.cmake
[13.442s] -- Installing: /home/hiro/rust_ws/install/action_msgs/share/action_msgs/cmake/export_action_msgs__rosidl_typesupport_fastrtps_cppExport.cmake
[13.442s] -- Installing: /home/hiro/rust_ws/install/action_msgs/share/action_msgs/cmake/export_action_msgs__rosidl_typesupport_fastrtps_cppExport-noconfig.cmake
[13.442s] -- Installing: /home/hiro/rust_ws/install/action_msgs/share/action_msgs/cmake/action_msgs__rosidl_typesupport_introspection_cExport.cmake
[13.443s] -- Installing: /home/hiro/rust_ws/install/action_msgs/share/action_msgs/cmake/action_msgs__rosidl_typesupport_introspection_cExport-noconfig.cmake
[13.443s] -- Installing: /home/hiro/rust_ws/install/action_msgs/share/action_msgs/cmake/action_msgs__rosidl_typesupport_cExport.cmake
[13.443s] -- Installing: /home/hiro/rust_ws/install/action_msgs/share/action_msgs/cmake/action_msgs__rosidl_typesupport_cExport-noconfig.cmake
[13.443s] -- Installing: /home/hiro/rust_ws/install/action_msgs/share/action_msgs/cmake/action_msgs__rosidl_typesupport_introspection_cppExport.cmake
[13.444s] -- Installing: /home/hiro/rust_ws/install/action_msgs/share/action_msgs/cmake/action_msgs__rosidl_typesupport_introspection_cppExport-noconfig.cmake
[13.454s] -- Installing: /home/hiro/rust_ws/install/action_msgs/share/action_msgs/cmake/action_msgs__rosidl_typesupport_cppExport.cmake
[13.455s] -- Installing: /home/hiro/rust_ws/install/action_msgs/share/action_msgs/cmake/action_msgs__rosidl_typesupport_cppExport-noconfig.cmake
[13.455s] -- Installing: /home/hiro/rust_ws/install/action_msgs/share/action_msgs/cmake/export_action_msgs__rosidl_generator_pyExport.cmake
[13.455s] -- Installing: /home/hiro/rust_ws/install/action_msgs/share/action_msgs/cmake/export_action_msgs__rosidl_generator_pyExport-noconfig.cmake
[13.455s] -- Installing: /home/hiro/rust_ws/install/action_msgs/share/action_msgs/cmake/rosidl_cmake-extras.cmake
[13.455s] -- Installing: /home/hiro/rust_ws/install/action_msgs/share/action_msgs/cmake/ament_cmake_export_dependencies-extras.cmake
[13.455s] -- Installing: /home/hiro/rust_ws/install/action_msgs/share/action_msgs/cmake/ament_cmake_export_include_directories-extras.cmake
[13.455s] -- Installing: /home/hiro/rust_ws/install/action_msgs/share/action_msgs/cmake/ament_cmake_export_libraries-extras.cmake
[13.455s] -- Installing: /home/hiro/rust_ws/install/action_msgs/share/action_msgs/cmake/ament_cmake_export_targets-extras.cmake
[13.455s] -- Installing: /home/hiro/rust_ws/install/action_msgs/share/action_msgs/cmake/rosidl_cmake_export_typesupport_targets-extras.cmake
[13.455s] -- Installing: /home/hiro/rust_ws/install/action_msgs/share/action_msgs/cmake/rosidl_cmake_export_typesupport_libraries-extras.cmake
[13.456s] -- Installing: /home/hiro/rust_ws/install/action_msgs/share/action_msgs/cmake/action_msgsConfig.cmake
[13.456s] -- Installing: /home/hiro/rust_ws/install/action_msgs/share/action_msgs/cmake/action_msgsConfig-version.cmake
[13.456s] -- Installing: /home/hiro/rust_ws/install/action_msgs/share/action_msgs/package.xml
[13.456s] Invoked command in '/home/hiro/rust_ws/build/action_msgs' returned '0': AMENT_PREFIX_PATH=/home/hiro/rust_ws/install/unique_identifier_msgs:/home/hiro/rust_ws/install/builtin_interfaces:/home/hiro/rust_ws/install/rosidl_default_runtime:/home/hiro/rust_ws/install/rosidl_default_generators:/home/hiro/rust_ws/install/rosidl_generator_rs:/home/hiro/rust_ws/install/rosidl_runtime_rs:${AMENT_PREFIX_PATH} CMAKE_PREFIX_PATH=/home/hiro/rust_ws/install/unique_identifier_msgs:/home/hiro/rust_ws/install/builtin_interfaces:/home/hiro/rust_ws/install/rosidl_default_runtime:/home/hiro/rust_ws/install/rosidl_default_generators:/home/hiro/rust_ws/install/rosidl_generator_rs:/home/hiro/ws_livox/install/livox_ros_driver2:/opt/ros/humble LD_LIBRARY_PATH=/home/hiro/rust_ws/install/unique_identifier_msgs/lib:/home/hiro/rust_ws/install/builtin_interfaces/lib:${LD_LIBRARY_PATH} PYTHONPATH=/home/hiro/rust_ws/install/unique_identifier_msgs/local/lib/python3.10/dist-packages:/home/hiro/rust_ws/install/builtin_interfaces/local/lib/python3.10/dist-packages:/home/hiro/rust_ws/install/rosidl_generator_rs/local/lib/python3.10/dist-packages:${PYTHONPATH} /usr/bin/cmake --install /home/hiro/rust_ws/build/action_msgs
