[ 10%] Built target rclrs_example_msgs__rosidl_generator_c
[ 12%] Built target rclrs_example_msgs__rs
[ 14%] Built target rclrs_example_msgs__cpp
[ 14%] Built target ament_cmake_python_copy_rclrs_example_msgs
[ 25%] Built target rclrs_example_msgs__rosidl_typesupport_introspection_c
[ 35%] Built target rclrs_example_msgs__rosidl_typesupport_fastrtps_c
[ 45%] Built target rclrs_example_msgs__rosidl_typesupport_c
[ 56%] Built target rclrs_example_msgs__rosidl_typesupport_fastrtps_cpp
[ 66%] Built target rclrs_example_msgs__rosidl_typesupport_introspection_cpp
[ 77%] Built target rclrs_example_msgs__rosidl_typesupport_cpp
[ 77%] Built target rclrs_example_msgs
[ 79%] Built target rclrs_example_msgs__py
[ 87%] Built target rclrs_example_msgs__rosidl_generator_py
[ 91%] Built target rclrs_example_msgs__rosidl_typesupport_c__pyext
[ 95%] Built target rclrs_example_msgs__rosidl_typesupport_fastrtps_c__pyext
[100%] Built target rclrs_example_msgs__rosidl_typesupport_introspection_c__pyext
running egg_info
writing rclrs_example_msgs.egg-info/PKG-INFO
writing dependency_links to rclrs_example_msgs.egg-info/dependency_links.txt
writing top-level names to rclrs_example_msgs.egg-info/top_level.txt
reading manifest file 'rclrs_example_msgs.egg-info/SOURCES.txt'
writing manifest file 'rclrs_example_msgs.egg-info/SOURCES.txt'
[100%] Built target ament_cmake_python_build_rclrs_example_msgs_egg
-- Install configuration: ""
-- Up-to-date: /home/hiro/rust_ws/src/install/rclrs_example_msgs/share/ament_index/resource_index/rosidl_interfaces/rclrs_example_msgs
-- Up-to-date: /home/hiro/rust_ws/src/install/rclrs_example_msgs/include/rclrs_example_msgs/rclrs_example_msgs
-- Up-to-date: /home/hiro/rust_ws/src/install/rclrs_example_msgs/include/rclrs_example_msgs/rclrs_example_msgs/msg
-- Up-to-date: /home/hiro/rust_ws/src/install/rclrs_example_msgs/include/rclrs_example_msgs/rclrs_example_msgs/msg/my_message.h
-- Up-to-date: /home/hiro/rust_ws/src/install/rclrs_example_msgs/include/rclrs_example_msgs/rclrs_example_msgs/msg/nested_type.h
-- Up-to-date: /home/hiro/rust_ws/src/install/rclrs_example_msgs/include/rclrs_example_msgs/rclrs_example_msgs/msg/rosidl_generator_c__visibility_control.h
-- Up-to-date: /home/hiro/rust_ws/src/install/rclrs_example_msgs/include/rclrs_example_msgs/rclrs_example_msgs/msg/detail
-- Up-to-date: /home/hiro/rust_ws/src/install/rclrs_example_msgs/include/rclrs_example_msgs/rclrs_example_msgs/msg/detail/my_message__functions.c
-- Up-to-date: /home/hiro/rust_ws/src/install/rclrs_example_msgs/include/rclrs_example_msgs/rclrs_example_msgs/msg/detail/my_message__type_support.h
-- Up-to-date: /home/hiro/rust_ws/src/install/rclrs_example_msgs/include/rclrs_example_msgs/rclrs_example_msgs/msg/detail/nested_type__functions.c
-- Up-to-date: /home/hiro/rust_ws/src/install/rclrs_example_msgs/include/rclrs_example_msgs/rclrs_example_msgs/msg/detail/nested_type__type_support.h
-- Up-to-date: /home/hiro/rust_ws/src/install/rclrs_example_msgs/include/rclrs_example_msgs/rclrs_example_msgs/msg/detail/my_message__struct.h
-- Up-to-date: /home/hiro/rust_ws/src/install/rclrs_example_msgs/include/rclrs_example_msgs/rclrs_example_msgs/msg/detail/various_types__struct.h
-- Up-to-date: /home/hiro/rust_ws/src/install/rclrs_example_msgs/include/rclrs_example_msgs/rclrs_example_msgs/msg/detail/various_types__functions.h
-- Up-to-date: /home/hiro/rust_ws/src/install/rclrs_example_msgs/include/rclrs_example_msgs/rclrs_example_msgs/msg/detail/various_types__functions.c
-- Up-to-date: /home/hiro/rust_ws/src/install/rclrs_example_msgs/include/rclrs_example_msgs/rclrs_example_msgs/msg/detail/nested_type__struct.h
-- Up-to-date: /home/hiro/rust_ws/src/install/rclrs_example_msgs/include/rclrs_example_msgs/rclrs_example_msgs/msg/detail/nested_type__functions.h
-- Up-to-date: /home/hiro/rust_ws/src/install/rclrs_example_msgs/include/rclrs_example_msgs/rclrs_example_msgs/msg/detail/my_message__functions.h
-- Up-to-date: /home/hiro/rust_ws/src/install/rclrs_example_msgs/include/rclrs_example_msgs/rclrs_example_msgs/msg/detail/various_types__type_support.h
-- Up-to-date: /home/hiro/rust_ws/src/install/rclrs_example_msgs/include/rclrs_example_msgs/rclrs_example_msgs/msg/various_types.h
-- Up-to-date: /home/hiro/rust_ws/src/install/rclrs_example_msgs/share/rclrs_example_msgs/environment/library_path.sh
-- Up-to-date: /home/hiro/rust_ws/src/install/rclrs_example_msgs/share/rclrs_example_msgs/environment/library_path.dsv
-- Up-to-date: /home/hiro/rust_ws/src/install/rclrs_example_msgs/lib/librclrs_example_msgs__rosidl_generator_c.so
-- Up-to-date: /home/hiro/rust_ws/src/install/rclrs_example_msgs/include/rclrs_example_msgs/rclrs_example_msgs
-- Up-to-date: /home/hiro/rust_ws/src/install/rclrs_example_msgs/include/rclrs_example_msgs/rclrs_example_msgs/msg
-- Up-to-date: /home/hiro/rust_ws/src/install/rclrs_example_msgs/include/rclrs_example_msgs/rclrs_example_msgs/msg/detail
-- Up-to-date: /home/hiro/rust_ws/src/install/rclrs_example_msgs/include/rclrs_example_msgs/rclrs_example_msgs/msg/detail/nested_type__rosidl_typesupport_fastrtps_c.h
-- Up-to-date: /home/hiro/rust_ws/src/install/rclrs_example_msgs/include/rclrs_example_msgs/rclrs_example_msgs/msg/detail/various_types__rosidl_typesupport_fastrtps_c.h
-- Up-to-date: /home/hiro/rust_ws/src/install/rclrs_example_msgs/include/rclrs_example_msgs/rclrs_example_msgs/msg/detail/my_message__rosidl_typesupport_fastrtps_c.h
-- Up-to-date: /home/hiro/rust_ws/src/install/rclrs_example_msgs/include/rclrs_example_msgs/rclrs_example_msgs/msg/rosidl_typesupport_fastrtps_c__visibility_control.h
-- Up-to-date: /home/hiro/rust_ws/src/install/rclrs_example_msgs/lib/librclrs_example_msgs__rosidl_typesupport_fastrtps_c.so
-- Up-to-date: /home/hiro/rust_ws/src/install/rclrs_example_msgs/include/rclrs_example_msgs/rclrs_example_msgs
-- Up-to-date: /home/hiro/rust_ws/src/install/rclrs_example_msgs/include/rclrs_example_msgs/rclrs_example_msgs/msg
-- Up-to-date: /home/hiro/rust_ws/src/install/rclrs_example_msgs/include/rclrs_example_msgs/rclrs_example_msgs/msg/rosidl_typesupport_introspection_c__visibility_control.h
-- Up-to-date: /home/hiro/rust_ws/src/install/rclrs_example_msgs/include/rclrs_example_msgs/rclrs_example_msgs/msg/detail
-- Up-to-date: /home/hiro/rust_ws/src/install/rclrs_example_msgs/include/rclrs_example_msgs/rclrs_example_msgs/msg/detail/my_message__rosidl_typesupport_introspection_c.h
-- Up-to-date: /home/hiro/rust_ws/src/install/rclrs_example_msgs/include/rclrs_example_msgs/rclrs_example_msgs/msg/detail/various_types__rosidl_typesupport_introspection_c.h
-- Up-to-date: /home/hiro/rust_ws/src/install/rclrs_example_msgs/include/rclrs_example_msgs/rclrs_example_msgs/msg/detail/my_message__type_support.c
-- Up-to-date: /home/hiro/rust_ws/src/install/rclrs_example_msgs/include/rclrs_example_msgs/rclrs_example_msgs/msg/detail/various_types__type_support.c
-- Up-to-date: /home/hiro/rust_ws/src/install/rclrs_example_msgs/include/rclrs_example_msgs/rclrs_example_msgs/msg/detail/nested_type__type_support.c
-- Up-to-date: /home/hiro/rust_ws/src/install/rclrs_example_msgs/include/rclrs_example_msgs/rclrs_example_msgs/msg/detail/nested_type__rosidl_typesupport_introspection_c.h
-- Up-to-date: /home/hiro/rust_ws/src/install/rclrs_example_msgs/lib/librclrs_example_msgs__rosidl_typesupport_introspection_c.so
-- Up-to-date: /home/hiro/rust_ws/src/install/rclrs_example_msgs/lib/librclrs_example_msgs__rosidl_typesupport_c.so
-- Up-to-date: /home/hiro/rust_ws/src/install/rclrs_example_msgs/include/rclrs_example_msgs/rclrs_example_msgs
-- Up-to-date: /home/hiro/rust_ws/src/install/rclrs_example_msgs/include/rclrs_example_msgs/rclrs_example_msgs/msg
-- Up-to-date: /home/hiro/rust_ws/src/install/rclrs_example_msgs/include/rclrs_example_msgs/rclrs_example_msgs/msg/nested_type.hpp
-- Up-to-date: /home/hiro/rust_ws/src/install/rclrs_example_msgs/include/rclrs_example_msgs/rclrs_example_msgs/msg/detail
-- Up-to-date: /home/hiro/rust_ws/src/install/rclrs_example_msgs/include/rclrs_example_msgs/rclrs_example_msgs/msg/detail/my_message__struct.hpp
-- Up-to-date: /home/hiro/rust_ws/src/install/rclrs_example_msgs/include/rclrs_example_msgs/rclrs_example_msgs/msg/detail/various_types__struct.hpp
-- Up-to-date: /home/hiro/rust_ws/src/install/rclrs_example_msgs/include/rclrs_example_msgs/rclrs_example_msgs/msg/detail/nested_type__builder.hpp
-- Up-to-date: /home/hiro/rust_ws/src/install/rclrs_example_msgs/include/rclrs_example_msgs/rclrs_example_msgs/msg/detail/various_types__builder.hpp
-- Up-to-date: /home/hiro/rust_ws/src/install/rclrs_example_msgs/include/rclrs_example_msgs/rclrs_example_msgs/msg/detail/nested_type__struct.hpp
-- Up-to-date: /home/hiro/rust_ws/src/install/rclrs_example_msgs/include/rclrs_example_msgs/rclrs_example_msgs/msg/detail/various_types__traits.hpp
-- Up-to-date: /home/hiro/rust_ws/src/install/rclrs_example_msgs/include/rclrs_example_msgs/rclrs_example_msgs/msg/detail/nested_type__traits.hpp
-- Up-to-date: /home/hiro/rust_ws/src/install/rclrs_example_msgs/include/rclrs_example_msgs/rclrs_example_msgs/msg/detail/my_message__builder.hpp
-- Up-to-date: /home/hiro/rust_ws/src/install/rclrs_example_msgs/include/rclrs_example_msgs/rclrs_example_msgs/msg/detail/my_message__traits.hpp
-- Up-to-date: /home/hiro/rust_ws/src/install/rclrs_example_msgs/include/rclrs_example_msgs/rclrs_example_msgs/msg/various_types.hpp
-- Up-to-date: /home/hiro/rust_ws/src/install/rclrs_example_msgs/include/rclrs_example_msgs/rclrs_example_msgs/msg/my_message.hpp
-- Up-to-date: /home/hiro/rust_ws/src/install/rclrs_example_msgs/include/rclrs_example_msgs/rclrs_example_msgs
-- Up-to-date: /home/hiro/rust_ws/src/install/rclrs_example_msgs/include/rclrs_example_msgs/rclrs_example_msgs/msg
-- Up-to-date: /home/hiro/rust_ws/src/install/rclrs_example_msgs/include/rclrs_example_msgs/rclrs_example_msgs/msg/rosidl_typesupport_fastrtps_cpp__visibility_control.h
-- Up-to-date: /home/hiro/rust_ws/src/install/rclrs_example_msgs/include/rclrs_example_msgs/rclrs_example_msgs/msg/detail
-- Up-to-date: /home/hiro/rust_ws/src/install/rclrs_example_msgs/include/rclrs_example_msgs/rclrs_example_msgs/msg/detail/dds_fastrtps
-- Up-to-date: /home/hiro/rust_ws/src/install/rclrs_example_msgs/include/rclrs_example_msgs/rclrs_example_msgs/msg/detail/my_message__rosidl_typesupport_fastrtps_cpp.hpp
-- Up-to-date: /home/hiro/rust_ws/src/install/rclrs_example_msgs/include/rclrs_example_msgs/rclrs_example_msgs/msg/detail/various_types__rosidl_typesupport_fastrtps_cpp.hpp
-- Up-to-date: /home/hiro/rust_ws/src/install/rclrs_example_msgs/include/rclrs_example_msgs/rclrs_example_msgs/msg/detail/nested_type__rosidl_typesupport_fastrtps_cpp.hpp
-- Up-to-date: /home/hiro/rust_ws/src/install/rclrs_example_msgs/lib/librclrs_example_msgs__rosidl_typesupport_fastrtps_cpp.so
-- Up-to-date: /home/hiro/rust_ws/src/install/rclrs_example_msgs/include/rclrs_example_msgs/rclrs_example_msgs
-- Up-to-date: /home/hiro/rust_ws/src/install/rclrs_example_msgs/include/rclrs_example_msgs/rclrs_example_msgs/msg
-- Up-to-date: /home/hiro/rust_ws/src/install/rclrs_example_msgs/include/rclrs_example_msgs/rclrs_example_msgs/msg/detail
-- Up-to-date: /home/hiro/rust_ws/src/install/rclrs_example_msgs/include/rclrs_example_msgs/rclrs_example_msgs/msg/detail/nested_type__rosidl_typesupport_introspection_cpp.hpp
-- Up-to-date: /home/hiro/rust_ws/src/install/rclrs_example_msgs/include/rclrs_example_msgs/rclrs_example_msgs/msg/detail/my_message__type_support.cpp
-- Up-to-date: /home/hiro/rust_ws/src/install/rclrs_example_msgs/include/rclrs_example_msgs/rclrs_example_msgs/msg/detail/various_types__rosidl_typesupport_introspection_cpp.hpp
-- Up-to-date: /home/hiro/rust_ws/src/install/rclrs_example_msgs/include/rclrs_example_msgs/rclrs_example_msgs/msg/detail/various_types__type_support.cpp
-- Up-to-date: /home/hiro/rust_ws/src/install/rclrs_example_msgs/include/rclrs_example_msgs/rclrs_example_msgs/msg/detail/my_message__rosidl_typesupport_introspection_cpp.hpp
-- Up-to-date: /home/hiro/rust_ws/src/install/rclrs_example_msgs/include/rclrs_example_msgs/rclrs_example_msgs/msg/detail/nested_type__type_support.cpp
-- Up-to-date: /home/hiro/rust_ws/src/install/rclrs_example_msgs/lib/librclrs_example_msgs__rosidl_typesupport_introspection_cpp.so
-- Up-to-date: /home/hiro/rust_ws/src/install/rclrs_example_msgs/lib/librclrs_example_msgs__rosidl_typesupport_cpp.so
-- Up-to-date: /home/hiro/rust_ws/src/install/rclrs_example_msgs/share/ament_index/resource_index/rust_packages/rclrs_example_msgs
-- Up-to-date: /home/hiro/rust_ws/src/install/rclrs_example_msgs/share/rclrs_example_msgs/rust
-- Up-to-date: /home/hiro/rust_ws/src/install/rclrs_example_msgs/share/rclrs_example_msgs/rust/Cargo.toml
-- Up-to-date: /home/hiro/rust_ws/src/install/rclrs_example_msgs/share/rclrs_example_msgs/rust/build.rs
-- Up-to-date: /home/hiro/rust_ws/src/install/rclrs_example_msgs/share/rclrs_example_msgs/rust/src
-- Up-to-date: /home/hiro/rust_ws/src/install/rclrs_example_msgs/share/rclrs_example_msgs/rust/src/msg.rs
-- Up-to-date: /home/hiro/rust_ws/src/install/rclrs_example_msgs/share/rclrs_example_msgs/rust/src/lib.rs
-- Up-to-date: /home/hiro/rust_ws/src/install/rclrs_example_msgs/share/rclrs_example_msgs/environment/pythonpath.sh
-- Up-to-date: /home/hiro/rust_ws/src/install/rclrs_example_msgs/share/rclrs_example_msgs/environment/pythonpath.dsv
-- Up-to-date: /home/hiro/rust_ws/src/install/rclrs_example_msgs/local/lib/python3.10/dist-packages/rclrs_example_msgs-0.4.1-py3.10.egg-info
-- Installing: /home/hiro/rust_ws/src/install/rclrs_example_msgs/local/lib/python3.10/dist-packages/rclrs_example_msgs-0.4.1-py3.10.egg-info/top_level.txt
-- Installing: /home/hiro/rust_ws/src/install/rclrs_example_msgs/local/lib/python3.10/dist-packages/rclrs_example_msgs-0.4.1-py3.10.egg-info/PKG-INFO
-- Installing: /home/hiro/rust_ws/src/install/rclrs_example_msgs/local/lib/python3.10/dist-packages/rclrs_example_msgs-0.4.1-py3.10.egg-info/SOURCES.txt
-- Installing: /home/hiro/rust_ws/src/install/rclrs_example_msgs/local/lib/python3.10/dist-packages/rclrs_example_msgs-0.4.1-py3.10.egg-info/dependency_links.txt
-- Up-to-date: /home/hiro/rust_ws/src/install/rclrs_example_msgs/local/lib/python3.10/dist-packages/rclrs_example_msgs
-- Up-to-date: /home/hiro/rust_ws/src/install/rclrs_example_msgs/local/lib/python3.10/dist-packages/rclrs_example_msgs/librclrs_example_msgs__rosidl_generator_py.so
-- Up-to-date: /home/hiro/rust_ws/src/install/rclrs_example_msgs/local/lib/python3.10/dist-packages/rclrs_example_msgs/rclrs_example_msgs_s__rosidl_typesupport_c.cpython-310-x86_64-linux-gnu.so
-- Up-to-date: /home/hiro/rust_ws/src/install/rclrs_example_msgs/local/lib/python3.10/dist-packages/rclrs_example_msgs/rclrs_example_msgs_s__rosidl_typesupport_fastrtps_c.cpython-310-x86_64-linux-gnu.so
-- Up-to-date: /home/hiro/rust_ws/src/install/rclrs_example_msgs/local/lib/python3.10/dist-packages/rclrs_example_msgs/rclrs_example_msgs_s__rosidl_typesupport_introspection_c.cpython-310-x86_64-linux-gnu.so
-- Up-to-date: /home/hiro/rust_ws/src/install/rclrs_example_msgs/local/lib/python3.10/dist-packages/rclrs_example_msgs/_rclrs_example_msgs_s.ep.rosidl_typesupport_fastrtps_c.c
-- Up-to-date: /home/hiro/rust_ws/src/install/rclrs_example_msgs/local/lib/python3.10/dist-packages/rclrs_example_msgs/__init__.py
-- Up-to-date: /home/hiro/rust_ws/src/install/rclrs_example_msgs/local/lib/python3.10/dist-packages/rclrs_example_msgs/msg
-- Up-to-date: /home/hiro/rust_ws/src/install/rclrs_example_msgs/local/lib/python3.10/dist-packages/rclrs_example_msgs/msg/_nested_type.py
-- Up-to-date: /home/hiro/rust_ws/src/install/rclrs_example_msgs/local/lib/python3.10/dist-packages/rclrs_example_msgs/msg/_various_types_s.c
-- Up-to-date: /home/hiro/rust_ws/src/install/rclrs_example_msgs/local/lib/python3.10/dist-packages/rclrs_example_msgs/msg/_nested_type_s.c
-- Up-to-date: /home/hiro/rust_ws/src/install/rclrs_example_msgs/local/lib/python3.10/dist-packages/rclrs_example_msgs/msg/_various_types.py
-- Up-to-date: /home/hiro/rust_ws/src/install/rclrs_example_msgs/local/lib/python3.10/dist-packages/rclrs_example_msgs/msg/_my_message.py
-- Up-to-date: /home/hiro/rust_ws/src/install/rclrs_example_msgs/local/lib/python3.10/dist-packages/rclrs_example_msgs/msg/_my_message_s.c
-- Up-to-date: /home/hiro/rust_ws/src/install/rclrs_example_msgs/local/lib/python3.10/dist-packages/rclrs_example_msgs/msg/__init__.py
-- Up-to-date: /home/hiro/rust_ws/src/install/rclrs_example_msgs/local/lib/python3.10/dist-packages/rclrs_example_msgs/_rclrs_example_msgs_s.ep.rosidl_typesupport_introspection_c.c
-- Up-to-date: /home/hiro/rust_ws/src/install/rclrs_example_msgs/local/lib/python3.10/dist-packages/rclrs_example_msgs/_rclrs_example_msgs_s.ep.rosidl_typesupport_c.c
Listing '/home/hiro/rust_ws/src/install/rclrs_example_msgs/local/lib/python3.10/dist-packages/rclrs_example_msgs'...
Listing '/home/hiro/rust_ws/src/install/rclrs_example_msgs/local/lib/python3.10/dist-packages/rclrs_example_msgs/msg'...
-- Up-to-date: /home/hiro/rust_ws/src/install/rclrs_example_msgs/local/lib/python3.10/dist-packages/rclrs_example_msgs/rclrs_example_msgs_s__rosidl_typesupport_fastrtps_c.cpython-310-x86_64-linux-gnu.so
-- Up-to-date: /home/hiro/rust_ws/src/install/rclrs_example_msgs/local/lib/python3.10/dist-packages/rclrs_example_msgs/rclrs_example_msgs_s__rosidl_typesupport_introspection_c.cpython-310-x86_64-linux-gnu.so
-- Up-to-date: /home/hiro/rust_ws/src/install/rclrs_example_msgs/local/lib/python3.10/dist-packages/rclrs_example_msgs/rclrs_example_msgs_s__rosidl_typesupport_c.cpython-310-x86_64-linux-gnu.so
-- Up-to-date: /home/hiro/rust_ws/src/install/rclrs_example_msgs/lib/librclrs_example_msgs__rosidl_generator_py.so
-- Up-to-date: /home/hiro/rust_ws/src/install/rclrs_example_msgs/share/rclrs_example_msgs/msg/MyMessage.idl
-- Up-to-date: /home/hiro/rust_ws/src/install/rclrs_example_msgs/share/rclrs_example_msgs/msg/NestedType.idl
-- Up-to-date: /home/hiro/rust_ws/src/install/rclrs_example_msgs/share/rclrs_example_msgs/msg/VariousTypes.idl
-- Up-to-date: /home/hiro/rust_ws/src/install/rclrs_example_msgs/share/rclrs_example_msgs/msg/NestedType.msg
-- Up-to-date: /home/hiro/rust_ws/src/install/rclrs_example_msgs/share/rclrs_example_msgs/msg/VariousTypes.msg
-- Up-to-date: /home/hiro/rust_ws/src/install/rclrs_example_msgs/share/ament_index/resource_index/package_run_dependencies/rclrs_example_msgs
-- Up-to-date: /home/hiro/rust_ws/src/install/rclrs_example_msgs/share/ament_index/resource_index/parent_prefix_path/rclrs_example_msgs
-- Up-to-date: /home/hiro/rust_ws/src/install/rclrs_example_msgs/share/rclrs_example_msgs/environment/ament_prefix_path.sh
-- Up-to-date: /home/hiro/rust_ws/src/install/rclrs_example_msgs/share/rclrs_example_msgs/environment/ament_prefix_path.dsv
-- Up-to-date: /home/hiro/rust_ws/src/install/rclrs_example_msgs/share/rclrs_example_msgs/environment/path.sh
-- Up-to-date: /home/hiro/rust_ws/src/install/rclrs_example_msgs/share/rclrs_example_msgs/environment/path.dsv
-- Up-to-date: /home/hiro/rust_ws/src/install/rclrs_example_msgs/share/rclrs_example_msgs/local_setup.bash
-- Up-to-date: /home/hiro/rust_ws/src/install/rclrs_example_msgs/share/rclrs_example_msgs/local_setup.sh
-- Up-to-date: /home/hiro/rust_ws/src/install/rclrs_example_msgs/share/rclrs_example_msgs/local_setup.zsh
-- Up-to-date: /home/hiro/rust_ws/src/install/rclrs_example_msgs/share/rclrs_example_msgs/local_setup.dsv
-- Installing: /home/hiro/rust_ws/src/install/rclrs_example_msgs/share/rclrs_example_msgs/package.dsv
-- Up-to-date: /home/hiro/rust_ws/src/install/rclrs_example_msgs/share/ament_index/resource_index/packages/rclrs_example_msgs
-- Up-to-date: /home/hiro/rust_ws/src/install/rclrs_example_msgs/share/rclrs_example_msgs/cmake/export_rclrs_example_msgs__rosidl_generator_cExport.cmake
-- Up-to-date: /home/hiro/rust_ws/src/install/rclrs_example_msgs/share/rclrs_example_msgs/cmake/export_rclrs_example_msgs__rosidl_generator_cExport-noconfig.cmake
-- Up-to-date: /home/hiro/rust_ws/src/install/rclrs_example_msgs/share/rclrs_example_msgs/cmake/export_rclrs_example_msgs__rosidl_typesupport_fastrtps_cExport.cmake
-- Up-to-date: /home/hiro/rust_ws/src/install/rclrs_example_msgs/share/rclrs_example_msgs/cmake/export_rclrs_example_msgs__rosidl_typesupport_fastrtps_cExport-noconfig.cmake
-- Up-to-date: /home/hiro/rust_ws/src/install/rclrs_example_msgs/share/rclrs_example_msgs/cmake/rclrs_example_msgs__rosidl_typesupport_introspection_cExport.cmake
-- Up-to-date: /home/hiro/rust_ws/src/install/rclrs_example_msgs/share/rclrs_example_msgs/cmake/rclrs_example_msgs__rosidl_typesupport_introspection_cExport-noconfig.cmake
-- Up-to-date: /home/hiro/rust_ws/src/install/rclrs_example_msgs/share/rclrs_example_msgs/cmake/rclrs_example_msgs__rosidl_typesupport_cExport.cmake
-- Up-to-date: /home/hiro/rust_ws/src/install/rclrs_example_msgs/share/rclrs_example_msgs/cmake/rclrs_example_msgs__rosidl_typesupport_cExport-noconfig.cmake
-- Up-to-date: /home/hiro/rust_ws/src/install/rclrs_example_msgs/share/rclrs_example_msgs/cmake/export_rclrs_example_msgs__rosidl_generator_cppExport.cmake
-- Up-to-date: /home/hiro/rust_ws/src/install/rclrs_example_msgs/share/rclrs_example_msgs/cmake/export_rclrs_example_msgs__rosidl_typesupport_fastrtps_cppExport.cmake
-- Up-to-date: /home/hiro/rust_ws/src/install/rclrs_example_msgs/share/rclrs_example_msgs/cmake/export_rclrs_example_msgs__rosidl_typesupport_fastrtps_cppExport-noconfig.cmake
-- Up-to-date: /home/hiro/rust_ws/src/install/rclrs_example_msgs/share/rclrs_example_msgs/cmake/rclrs_example_msgs__rosidl_typesupport_introspection_cppExport.cmake
-- Up-to-date: /home/hiro/rust_ws/src/install/rclrs_example_msgs/share/rclrs_example_msgs/cmake/rclrs_example_msgs__rosidl_typesupport_introspection_cppExport-noconfig.cmake
-- Up-to-date: /home/hiro/rust_ws/src/install/rclrs_example_msgs/share/rclrs_example_msgs/cmake/rclrs_example_msgs__rosidl_typesupport_cppExport.cmake
-- Up-to-date: /home/hiro/rust_ws/src/install/rclrs_example_msgs/share/rclrs_example_msgs/cmake/rclrs_example_msgs__rosidl_typesupport_cppExport-noconfig.cmake
-- Up-to-date: /home/hiro/rust_ws/src/install/rclrs_example_msgs/share/rclrs_example_msgs/cmake/export_rclrs_example_msgs__rosidl_generator_pyExport.cmake
-- Up-to-date: /home/hiro/rust_ws/src/install/rclrs_example_msgs/share/rclrs_example_msgs/cmake/export_rclrs_example_msgs__rosidl_generator_pyExport-noconfig.cmake
-- Up-to-date: /home/hiro/rust_ws/src/install/rclrs_example_msgs/share/rclrs_example_msgs/cmake/rosidl_cmake-extras.cmake
-- Up-to-date: /home/hiro/rust_ws/src/install/rclrs_example_msgs/share/rclrs_example_msgs/cmake/ament_cmake_export_include_directories-extras.cmake
-- Up-to-date: /home/hiro/rust_ws/src/install/rclrs_example_msgs/share/rclrs_example_msgs/cmake/ament_cmake_export_libraries-extras.cmake
-- Up-to-date: /home/hiro/rust_ws/src/install/rclrs_example_msgs/share/rclrs_example_msgs/cmake/ament_cmake_export_targets-extras.cmake
-- Up-to-date: /home/hiro/rust_ws/src/install/rclrs_example_msgs/share/rclrs_example_msgs/cmake/rosidl_cmake_export_typesupport_targets-extras.cmake
-- Up-to-date: /home/hiro/rust_ws/src/install/rclrs_example_msgs/share/rclrs_example_msgs/cmake/ament_cmake_export_dependencies-extras.cmake
-- Up-to-date: /home/hiro/rust_ws/src/install/rclrs_example_msgs/share/rclrs_example_msgs/cmake/rosidl_cmake_export_typesupport_libraries-extras.cmake
-- Up-to-date: /home/hiro/rust_ws/src/install/rclrs_example_msgs/share/rclrs_example_msgs/cmake/rclrs_example_msgsConfig.cmake
-- Up-to-date: /home/hiro/rust_ws/src/install/rclrs_example_msgs/share/rclrs_example_msgs/cmake/rclrs_example_msgsConfig-version.cmake
-- Up-to-date: /home/hiro/rust_ws/src/install/rclrs_example_msgs/share/rclrs_example_msgs/package.xml
