[0.148s] Invoking command in '/home/hiro/rust_ws/src/build/unique_identifier_msgs': AMENT_PREFIX_PATH=/home/hiro/rust_ws/src/install/rosidl_default_runtime:/home/hiro/rust_ws/src/install/rosidl_default_generators:/home/hiro/rust_ws/src/install/rosidl_generator_rs:/home/hiro/rust_ws/src/install/rosidl_runtime_rs:${AMENT_PREFIX_PATH} CMAKE_PREFIX_PATH=/home/hiro/rust_ws/src/install/rosidl_default_runtime:/home/hiro/rust_ws/src/install/rosidl_default_generators:/home/hiro/rust_ws/src/install/rosidl_generator_rs:/home/hiro/ws_livox/install/livox_ros_driver2:/opt/ros/humble PYTHONPATH=/home/hiro/rust_ws/src/install/rosidl_generator_rs/local/lib/python3.10/dist-packages:${PYTHONPATH} /usr/bin/cmake --build /home/hiro/rust_ws/src/build/unique_identifier_msgs -- -j22 -l22
[0.187s] [  3%] Built target unique_identifier_msgs__cpp
[0.190s] [  6%] Built target unique_identifier_msgs__rs
[0.190s] [ 15%] Built target unique_identifier_msgs__rosidl_generator_c
[0.208s] [ 15%] Built target ament_cmake_python_copy_unique_identifier_msgs
[0.215s] [ 25%] Built target unique_identifier_msgs__rosidl_typesupport_introspection_cpp
[0.219s] [ 34%] Built target unique_identifier_msgs__rosidl_typesupport_fastrtps_cpp
[0.220s] [ 43%] Built target unique_identifier_msgs__rosidl_typesupport_cpp
[0.222s] [ 53%] Built target unique_identifier_msgs__rosidl_typesupport_fastrtps_c
[0.226s] [ 62%] Built target unique_identifier_msgs__rosidl_typesupport_c
[0.235s] [ 71%] Built target unique_identifier_msgs__rosidl_typesupport_introspection_c
[0.274s] [ 71%] Built target unique_identifier_msgs
[0.300s] [ 75%] Built target unique_identifier_msgs__py
[0.324s] [ 81%] Built target unique_identifier_msgs__rosidl_generator_py
[0.349s] [ 87%] Built target unique_identifier_msgs__rosidl_typesupport_introspection_c__pyext
[0.352s] [ 93%] Built target unique_identifier_msgs__rosidl_typesupport_fastrtps_c__pyext
[0.356s] [100%] Built target unique_identifier_msgs__rosidl_typesupport_c__pyext
[0.633s] running egg_info
[0.647s] writing unique_identifier_msgs.egg-info/PKG-INFO
[0.647s] writing dependency_links to unique_identifier_msgs.egg-info/dependency_links.txt
[0.647s] writing top-level names to unique_identifier_msgs.egg-info/top_level.txt
[0.694s] reading manifest file 'unique_identifier_msgs.egg-info/SOURCES.txt'
[0.695s] writing manifest file 'unique_identifier_msgs.egg-info/SOURCES.txt'
[0.739s] [100%] Built target ament_cmake_python_build_unique_identifier_msgs_egg
[0.749s] Invoked command in '/home/hiro/rust_ws/src/build/unique_identifier_msgs' returned '0': AMENT_PREFIX_PATH=/home/hiro/rust_ws/src/install/rosidl_default_runtime:/home/hiro/rust_ws/src/install/rosidl_default_generators:/home/hiro/rust_ws/src/install/rosidl_generator_rs:/home/hiro/rust_ws/src/install/rosidl_runtime_rs:${AMENT_PREFIX_PATH} CMAKE_PREFIX_PATH=/home/hiro/rust_ws/src/install/rosidl_default_runtime:/home/hiro/rust_ws/src/install/rosidl_default_generators:/home/hiro/rust_ws/src/install/rosidl_generator_rs:/home/hiro/ws_livox/install/livox_ros_driver2:/opt/ros/humble PYTHONPATH=/home/hiro/rust_ws/src/install/rosidl_generator_rs/local/lib/python3.10/dist-packages:${PYTHONPATH} /usr/bin/cmake --build /home/hiro/rust_ws/src/build/unique_identifier_msgs -- -j22 -l22
[0.812s] Invoking command in '/home/hiro/rust_ws/src/build/unique_identifier_msgs': AMENT_PREFIX_PATH=/home/hiro/rust_ws/src/install/rosidl_default_runtime:/home/hiro/rust_ws/src/install/rosidl_default_generators:/home/hiro/rust_ws/src/install/rosidl_generator_rs:/home/hiro/rust_ws/src/install/rosidl_runtime_rs:${AMENT_PREFIX_PATH} CMAKE_PREFIX_PATH=/home/hiro/rust_ws/src/install/rosidl_default_runtime:/home/hiro/rust_ws/src/install/rosidl_default_generators:/home/hiro/rust_ws/src/install/rosidl_generator_rs:/home/hiro/ws_livox/install/livox_ros_driver2:/opt/ros/humble PYTHONPATH=/home/hiro/rust_ws/src/install/rosidl_generator_rs/local/lib/python3.10/dist-packages:${PYTHONPATH} /usr/bin/cmake --install /home/hiro/rust_ws/src/build/unique_identifier_msgs
[0.819s] -- Install configuration: ""
[0.819s] -- Up-to-date: /home/hiro/rust_ws/src/install/unique_identifier_msgs/share/ament_index/resource_index/rosidl_interfaces/unique_identifier_msgs
[0.820s] -- Up-to-date: /home/hiro/rust_ws/src/install/unique_identifier_msgs/include/unique_identifier_msgs/unique_identifier_msgs
[0.823s] -- Up-to-date: /home/hiro/rust_ws/src/install/unique_identifier_msgs/include/unique_identifier_msgs/unique_identifier_msgs/msg
[0.823s] -- Up-to-date: /home/hiro/rust_ws/src/install/unique_identifier_msgs/include/unique_identifier_msgs/unique_identifier_msgs/msg/rosidl_generator_c__visibility_control.h
[0.823s] -- Up-to-date: /home/hiro/rust_ws/src/install/unique_identifier_msgs/include/unique_identifier_msgs/unique_identifier_msgs/msg/detail
[0.823s] -- Up-to-date: /home/hiro/rust_ws/src/install/unique_identifier_msgs/include/unique_identifier_msgs/unique_identifier_msgs/msg/detail/uuid__struct.h
[0.824s] -- Up-to-date: /home/hiro/rust_ws/src/install/unique_identifier_msgs/include/unique_identifier_msgs/unique_identifier_msgs/msg/detail/uuid__functions.h
[0.824s] -- Up-to-date: /home/hiro/rust_ws/src/install/unique_identifier_msgs/include/unique_identifier_msgs/unique_identifier_msgs/msg/detail/uuid__functions.c
[0.824s] -- Up-to-date: /home/hiro/rust_ws/src/install/unique_identifier_msgs/include/unique_identifier_msgs/unique_identifier_msgs/msg/detail/uuid__type_support.h
[0.825s] -- Up-to-date: /home/hiro/rust_ws/src/install/unique_identifier_msgs/include/unique_identifier_msgs/unique_identifier_msgs/msg/uuid.h
[0.825s] -- Up-to-date: /home/hiro/rust_ws/src/install/unique_identifier_msgs/share/unique_identifier_msgs/environment/library_path.sh
[0.825s] -- Up-to-date: /home/hiro/rust_ws/src/install/unique_identifier_msgs/share/unique_identifier_msgs/environment/library_path.dsv
[0.825s] -- Up-to-date: /home/hiro/rust_ws/src/install/unique_identifier_msgs/lib/libunique_identifier_msgs__rosidl_generator_c.so
[0.826s] -- Up-to-date: /home/hiro/rust_ws/src/install/unique_identifier_msgs/include/unique_identifier_msgs/unique_identifier_msgs
[0.827s] -- Up-to-date: /home/hiro/rust_ws/src/install/unique_identifier_msgs/include/unique_identifier_msgs/unique_identifier_msgs/msg
[0.827s] -- Up-to-date: /home/hiro/rust_ws/src/install/unique_identifier_msgs/include/unique_identifier_msgs/unique_identifier_msgs/msg/detail
[0.827s] -- Up-to-date: /home/hiro/rust_ws/src/install/unique_identifier_msgs/include/unique_identifier_msgs/unique_identifier_msgs/msg/detail/uuid__rosidl_typesupport_fastrtps_c.h
[0.827s] -- Up-to-date: /home/hiro/rust_ws/src/install/unique_identifier_msgs/include/unique_identifier_msgs/unique_identifier_msgs/msg/rosidl_typesupport_fastrtps_c__visibility_control.h
[0.829s] -- Up-to-date: /home/hiro/rust_ws/src/install/unique_identifier_msgs/lib/libunique_identifier_msgs__rosidl_typesupport_fastrtps_c.so
[0.829s] -- Up-to-date: /home/hiro/rust_ws/src/install/unique_identifier_msgs/include/unique_identifier_msgs/unique_identifier_msgs
[0.829s] -- Up-to-date: /home/hiro/rust_ws/src/install/unique_identifier_msgs/include/unique_identifier_msgs/unique_identifier_msgs/msg
[0.829s] -- Up-to-date: /home/hiro/rust_ws/src/install/unique_identifier_msgs/include/unique_identifier_msgs/unique_identifier_msgs/msg/rosidl_typesupport_introspection_c__visibility_control.h
[0.829s] -- Up-to-date: /home/hiro/rust_ws/src/install/unique_identifier_msgs/include/unique_identifier_msgs/unique_identifier_msgs/msg/detail
[0.830s] -- Up-to-date: /home/hiro/rust_ws/src/install/unique_identifier_msgs/include/unique_identifier_msgs/unique_identifier_msgs/msg/detail/uuid__rosidl_typesupport_introspection_c.h
[0.830s] -- Up-to-date: /home/hiro/rust_ws/src/install/unique_identifier_msgs/include/unique_identifier_msgs/unique_identifier_msgs/msg/detail/uuid__type_support.c
[0.830s] -- Up-to-date: /home/hiro/rust_ws/src/install/unique_identifier_msgs/lib/libunique_identifier_msgs__rosidl_typesupport_introspection_c.so
[0.830s] -- Up-to-date: /home/hiro/rust_ws/src/install/unique_identifier_msgs/lib/libunique_identifier_msgs__rosidl_typesupport_c.so
[0.831s] -- Up-to-date: /home/hiro/rust_ws/src/install/unique_identifier_msgs/include/unique_identifier_msgs/unique_identifier_msgs
[0.831s] -- Up-to-date: /home/hiro/rust_ws/src/install/unique_identifier_msgs/include/unique_identifier_msgs/unique_identifier_msgs/msg
[0.831s] -- Up-to-date: /home/hiro/rust_ws/src/install/unique_identifier_msgs/include/unique_identifier_msgs/unique_identifier_msgs/msg/uuid.hpp
[0.833s] -- Up-to-date: /home/hiro/rust_ws/src/install/unique_identifier_msgs/include/unique_identifier_msgs/unique_identifier_msgs/msg/detail
[0.834s] -- Up-to-date: /home/hiro/rust_ws/src/install/unique_identifier_msgs/include/unique_identifier_msgs/unique_identifier_msgs/msg/detail/uuid__traits.hpp
[0.835s] -- Up-to-date: /home/hiro/rust_ws/src/install/unique_identifier_msgs/include/unique_identifier_msgs/unique_identifier_msgs/msg/detail/uuid__builder.hpp
[0.835s] -- Up-to-date: /home/hiro/rust_ws/src/install/unique_identifier_msgs/include/unique_identifier_msgs/unique_identifier_msgs/msg/detail/uuid__struct.hpp
[0.835s] -- Up-to-date: /home/hiro/rust_ws/src/install/unique_identifier_msgs/include/unique_identifier_msgs/unique_identifier_msgs
[0.836s] -- Up-to-date: /home/hiro/rust_ws/src/install/unique_identifier_msgs/include/unique_identifier_msgs/unique_identifier_msgs/msg
[0.837s] -- Up-to-date: /home/hiro/rust_ws/src/install/unique_identifier_msgs/include/unique_identifier_msgs/unique_identifier_msgs/msg/rosidl_typesupport_fastrtps_cpp__visibility_control.h
[0.837s] -- Up-to-date: /home/hiro/rust_ws/src/install/unique_identifier_msgs/include/unique_identifier_msgs/unique_identifier_msgs/msg/detail
[0.837s] -- Up-to-date: /home/hiro/rust_ws/src/install/unique_identifier_msgs/include/unique_identifier_msgs/unique_identifier_msgs/msg/detail/dds_fastrtps
[0.838s] -- Up-to-date: /home/hiro/rust_ws/src/install/unique_identifier_msgs/include/unique_identifier_msgs/unique_identifier_msgs/msg/detail/uuid__rosidl_typesupport_fastrtps_cpp.hpp
[0.838s] -- Up-to-date: /home/hiro/rust_ws/src/install/unique_identifier_msgs/lib/libunique_identifier_msgs__rosidl_typesupport_fastrtps_cpp.so
[0.838s] -- Up-to-date: /home/hiro/rust_ws/src/install/unique_identifier_msgs/include/unique_identifier_msgs/unique_identifier_msgs
[0.838s] -- Up-to-date: /home/hiro/rust_ws/src/install/unique_identifier_msgs/include/unique_identifier_msgs/unique_identifier_msgs/msg
[0.839s] -- Up-to-date: /home/hiro/rust_ws/src/install/unique_identifier_msgs/include/unique_identifier_msgs/unique_identifier_msgs/msg/detail
[0.839s] -- Up-to-date: /home/hiro/rust_ws/src/install/unique_identifier_msgs/include/unique_identifier_msgs/unique_identifier_msgs/msg/detail/uuid__rosidl_typesupport_introspection_cpp.hpp
[0.839s] -- Up-to-date: /home/hiro/rust_ws/src/install/unique_identifier_msgs/include/unique_identifier_msgs/unique_identifier_msgs/msg/detail/uuid__type_support.cpp
[0.839s] -- Up-to-date: /home/hiro/rust_ws/src/install/unique_identifier_msgs/lib/libunique_identifier_msgs__rosidl_typesupport_introspection_cpp.so
[0.839s] -- Up-to-date: /home/hiro/rust_ws/src/install/unique_identifier_msgs/lib/libunique_identifier_msgs__rosidl_typesupport_cpp.so
[0.839s] -- Up-to-date: /home/hiro/rust_ws/src/install/unique_identifier_msgs/share/ament_index/resource_index/rust_packages/unique_identifier_msgs
[0.839s] -- Up-to-date: /home/hiro/rust_ws/src/install/unique_identifier_msgs/share/unique_identifier_msgs/rust
[0.840s] -- Up-to-date: /home/hiro/rust_ws/src/install/unique_identifier_msgs/share/unique_identifier_msgs/rust/Cargo.toml
[0.840s] -- Up-to-date: /home/hiro/rust_ws/src/install/unique_identifier_msgs/share/unique_identifier_msgs/rust/build.rs
[0.841s] -- Up-to-date: /home/hiro/rust_ws/src/install/unique_identifier_msgs/share/unique_identifier_msgs/rust/src
[0.843s] -- Up-to-date: /home/hiro/rust_ws/src/install/unique_identifier_msgs/share/unique_identifier_msgs/rust/src/msg.rs
[0.846s] -- Up-to-date: /home/hiro/rust_ws/src/install/unique_identifier_msgs/share/unique_identifier_msgs/rust/src/lib.rs
[0.846s] -- Up-to-date: /home/hiro/rust_ws/src/install/unique_identifier_msgs/share/unique_identifier_msgs/environment/pythonpath.sh
[0.847s] -- Up-to-date: /home/hiro/rust_ws/src/install/unique_identifier_msgs/share/unique_identifier_msgs/environment/pythonpath.dsv
[0.847s] -- Up-to-date: /home/hiro/rust_ws/src/install/unique_identifier_msgs/local/lib/python3.10/dist-packages/unique_identifier_msgs-2.2.1-py3.10.egg-info
[0.847s] -- Installing: /home/hiro/rust_ws/src/install/unique_identifier_msgs/local/lib/python3.10/dist-packages/unique_identifier_msgs-2.2.1-py3.10.egg-info/top_level.txt
[0.847s] -- Installing: /home/hiro/rust_ws/src/install/unique_identifier_msgs/local/lib/python3.10/dist-packages/unique_identifier_msgs-2.2.1-py3.10.egg-info/PKG-INFO
[0.848s] -- Installing: /home/hiro/rust_ws/src/install/unique_identifier_msgs/local/lib/python3.10/dist-packages/unique_identifier_msgs-2.2.1-py3.10.egg-info/SOURCES.txt
[0.848s] -- Installing: /home/hiro/rust_ws/src/install/unique_identifier_msgs/local/lib/python3.10/dist-packages/unique_identifier_msgs-2.2.1-py3.10.egg-info/dependency_links.txt
[0.848s] -- Up-to-date: /home/hiro/rust_ws/src/install/unique_identifier_msgs/local/lib/python3.10/dist-packages/unique_identifier_msgs
[0.848s] -- Up-to-date: /home/hiro/rust_ws/src/install/unique_identifier_msgs/local/lib/python3.10/dist-packages/unique_identifier_msgs/unique_identifier_msgs_s__rosidl_typesupport_fastrtps_c.cpython-310-x86_64-linux-gnu.so
[0.849s] -- Up-to-date: /home/hiro/rust_ws/src/install/unique_identifier_msgs/local/lib/python3.10/dist-packages/unique_identifier_msgs/_unique_identifier_msgs_s.ep.rosidl_typesupport_c.c
[0.849s] -- Up-to-date: /home/hiro/rust_ws/src/install/unique_identifier_msgs/local/lib/python3.10/dist-packages/unique_identifier_msgs/_unique_identifier_msgs_s.ep.rosidl_typesupport_fastrtps_c.c
[0.850s] -- Up-to-date: /home/hiro/rust_ws/src/install/unique_identifier_msgs/local/lib/python3.10/dist-packages/unique_identifier_msgs/__init__.py
[0.850s] -- Up-to-date: /home/hiro/rust_ws/src/install/unique_identifier_msgs/local/lib/python3.10/dist-packages/unique_identifier_msgs/unique_identifier_msgs_s__rosidl_typesupport_introspection_c.cpython-310-x86_64-linux-gnu.so
[0.850s] -- Up-to-date: /home/hiro/rust_ws/src/install/unique_identifier_msgs/local/lib/python3.10/dist-packages/unique_identifier_msgs/msg
[0.850s] -- Up-to-date: /home/hiro/rust_ws/src/install/unique_identifier_msgs/local/lib/python3.10/dist-packages/unique_identifier_msgs/msg/__init__.py
[0.850s] -- Up-to-date: /home/hiro/rust_ws/src/install/unique_identifier_msgs/local/lib/python3.10/dist-packages/unique_identifier_msgs/msg/_uuid.py
[0.850s] -- Up-to-date: /home/hiro/rust_ws/src/install/unique_identifier_msgs/local/lib/python3.10/dist-packages/unique_identifier_msgs/msg/_uuid_s.c
[0.851s] -- Up-to-date: /home/hiro/rust_ws/src/install/unique_identifier_msgs/local/lib/python3.10/dist-packages/unique_identifier_msgs/libunique_identifier_msgs__rosidl_generator_py.so
[0.852s] -- Up-to-date: /home/hiro/rust_ws/src/install/unique_identifier_msgs/local/lib/python3.10/dist-packages/unique_identifier_msgs/_unique_identifier_msgs_s.ep.rosidl_typesupport_introspection_c.c
[0.852s] -- Up-to-date: /home/hiro/rust_ws/src/install/unique_identifier_msgs/local/lib/python3.10/dist-packages/unique_identifier_msgs/unique_identifier_msgs_s__rosidl_typesupport_c.cpython-310-x86_64-linux-gnu.so
[0.889s] Listing '/home/hiro/rust_ws/src/install/unique_identifier_msgs/local/lib/python3.10/dist-packages/unique_identifier_msgs'...
[0.889s] Listing '/home/hiro/rust_ws/src/install/unique_identifier_msgs/local/lib/python3.10/dist-packages/unique_identifier_msgs/msg'...
[0.890s] -- Up-to-date: /home/hiro/rust_ws/src/install/unique_identifier_msgs/local/lib/python3.10/dist-packages/unique_identifier_msgs/unique_identifier_msgs_s__rosidl_typesupport_fastrtps_c.cpython-310-x86_64-linux-gnu.so
[0.890s] -- Up-to-date: /home/hiro/rust_ws/src/install/unique_identifier_msgs/local/lib/python3.10/dist-packages/unique_identifier_msgs/unique_identifier_msgs_s__rosidl_typesupport_introspection_c.cpython-310-x86_64-linux-gnu.so
[0.892s] -- Up-to-date: /home/hiro/rust_ws/src/install/unique_identifier_msgs/local/lib/python3.10/dist-packages/unique_identifier_msgs/unique_identifier_msgs_s__rosidl_typesupport_c.cpython-310-x86_64-linux-gnu.so
[0.893s] -- Up-to-date: /home/hiro/rust_ws/src/install/unique_identifier_msgs/lib/libunique_identifier_msgs__rosidl_generator_py.so
[0.893s] -- Up-to-date: /home/hiro/rust_ws/src/install/unique_identifier_msgs/share/unique_identifier_msgs/msg/UUID.idl
[0.893s] -- Up-to-date: /home/hiro/rust_ws/src/install/unique_identifier_msgs/share/unique_identifier_msgs/msg/UUID.msg
[0.893s] -- Up-to-date: /home/hiro/rust_ws/src/install/unique_identifier_msgs/share/ament_index/resource_index/package_run_dependencies/unique_identifier_msgs
[0.894s] -- Up-to-date: /home/hiro/rust_ws/src/install/unique_identifier_msgs/share/ament_index/resource_index/parent_prefix_path/unique_identifier_msgs
[0.894s] -- Up-to-date: /home/hiro/rust_ws/src/install/unique_identifier_msgs/share/unique_identifier_msgs/environment/ament_prefix_path.sh
[0.894s] -- Up-to-date: /home/hiro/rust_ws/src/install/unique_identifier_msgs/share/unique_identifier_msgs/environment/ament_prefix_path.dsv
[0.894s] -- Up-to-date: /home/hiro/rust_ws/src/install/unique_identifier_msgs/share/unique_identifier_msgs/environment/path.sh
[0.894s] -- Up-to-date: /home/hiro/rust_ws/src/install/unique_identifier_msgs/share/unique_identifier_msgs/environment/path.dsv
[0.894s] -- Up-to-date: /home/hiro/rust_ws/src/install/unique_identifier_msgs/share/unique_identifier_msgs/local_setup.bash
[0.895s] -- Up-to-date: /home/hiro/rust_ws/src/install/unique_identifier_msgs/share/unique_identifier_msgs/local_setup.sh
[0.895s] -- Up-to-date: /home/hiro/rust_ws/src/install/unique_identifier_msgs/share/unique_identifier_msgs/local_setup.zsh
[0.895s] -- Up-to-date: /home/hiro/rust_ws/src/install/unique_identifier_msgs/share/unique_identifier_msgs/local_setup.dsv
[0.895s] -- Installing: /home/hiro/rust_ws/src/install/unique_identifier_msgs/share/unique_identifier_msgs/package.dsv
[0.895s] -- Up-to-date: /home/hiro/rust_ws/src/install/unique_identifier_msgs/share/ament_index/resource_index/packages/unique_identifier_msgs
[0.895s] -- Up-to-date: /home/hiro/rust_ws/src/install/unique_identifier_msgs/share/unique_identifier_msgs/cmake/export_unique_identifier_msgs__rosidl_generator_cExport.cmake
[0.896s] -- Up-to-date: /home/hiro/rust_ws/src/install/unique_identifier_msgs/share/unique_identifier_msgs/cmake/export_unique_identifier_msgs__rosidl_generator_cExport-noconfig.cmake
[0.896s] -- Up-to-date: /home/hiro/rust_ws/src/install/unique_identifier_msgs/share/unique_identifier_msgs/cmake/export_unique_identifier_msgs__rosidl_typesupport_fastrtps_cExport.cmake
[0.896s] -- Up-to-date: /home/hiro/rust_ws/src/install/unique_identifier_msgs/share/unique_identifier_msgs/cmake/export_unique_identifier_msgs__rosidl_typesupport_fastrtps_cExport-noconfig.cmake
[0.896s] -- Up-to-date: /home/hiro/rust_ws/src/install/unique_identifier_msgs/share/unique_identifier_msgs/cmake/unique_identifier_msgs__rosidl_typesupport_introspection_cExport.cmake
[0.896s] -- Up-to-date: /home/hiro/rust_ws/src/install/unique_identifier_msgs/share/unique_identifier_msgs/cmake/unique_identifier_msgs__rosidl_typesupport_introspection_cExport-noconfig.cmake
[0.897s] -- Up-to-date: /home/hiro/rust_ws/src/install/unique_identifier_msgs/share/unique_identifier_msgs/cmake/unique_identifier_msgs__rosidl_typesupport_cExport.cmake
[0.897s] -- Up-to-date: /home/hiro/rust_ws/src/install/unique_identifier_msgs/share/unique_identifier_msgs/cmake/unique_identifier_msgs__rosidl_typesupport_cExport-noconfig.cmake
[0.898s] -- Up-to-date: /home/hiro/rust_ws/src/install/unique_identifier_msgs/share/unique_identifier_msgs/cmake/export_unique_identifier_msgs__rosidl_generator_cppExport.cmake
[0.898s] -- Up-to-date: /home/hiro/rust_ws/src/install/unique_identifier_msgs/share/unique_identifier_msgs/cmake/export_unique_identifier_msgs__rosidl_typesupport_fastrtps_cppExport.cmake
[0.898s] -- Up-to-date: /home/hiro/rust_ws/src/install/unique_identifier_msgs/share/unique_identifier_msgs/cmake/export_unique_identifier_msgs__rosidl_typesupport_fastrtps_cppExport-noconfig.cmake
[0.898s] -- Up-to-date: /home/hiro/rust_ws/src/install/unique_identifier_msgs/share/unique_identifier_msgs/cmake/unique_identifier_msgs__rosidl_typesupport_introspection_cppExport.cmake
[0.898s] -- Up-to-date: /home/hiro/rust_ws/src/install/unique_identifier_msgs/share/unique_identifier_msgs/cmake/unique_identifier_msgs__rosidl_typesupport_introspection_cppExport-noconfig.cmake
[0.898s] -- Up-to-date: /home/hiro/rust_ws/src/install/unique_identifier_msgs/share/unique_identifier_msgs/cmake/unique_identifier_msgs__rosidl_typesupport_cppExport.cmake
[0.898s] -- Up-to-date: /home/hiro/rust_ws/src/install/unique_identifier_msgs/share/unique_identifier_msgs/cmake/unique_identifier_msgs__rosidl_typesupport_cppExport-noconfig.cmake
[0.899s] -- Up-to-date: /home/hiro/rust_ws/src/install/unique_identifier_msgs/share/unique_identifier_msgs/cmake/export_unique_identifier_msgs__rosidl_generator_pyExport.cmake
[0.899s] -- Up-to-date: /home/hiro/rust_ws/src/install/unique_identifier_msgs/share/unique_identifier_msgs/cmake/export_unique_identifier_msgs__rosidl_generator_pyExport-noconfig.cmake
[0.899s] -- Up-to-date: /home/hiro/rust_ws/src/install/unique_identifier_msgs/share/unique_identifier_msgs/cmake/rosidl_cmake-extras.cmake
[0.899s] -- Up-to-date: /home/hiro/rust_ws/src/install/unique_identifier_msgs/share/unique_identifier_msgs/cmake/ament_cmake_export_include_directories-extras.cmake
[0.900s] -- Up-to-date: /home/hiro/rust_ws/src/install/unique_identifier_msgs/share/unique_identifier_msgs/cmake/ament_cmake_export_libraries-extras.cmake
[0.900s] -- Up-to-date: /home/hiro/rust_ws/src/install/unique_identifier_msgs/share/unique_identifier_msgs/cmake/ament_cmake_export_targets-extras.cmake
[0.900s] -- Up-to-date: /home/hiro/rust_ws/src/install/unique_identifier_msgs/share/unique_identifier_msgs/cmake/rosidl_cmake_export_typesupport_targets-extras.cmake
[0.900s] -- Up-to-date: /home/hiro/rust_ws/src/install/unique_identifier_msgs/share/unique_identifier_msgs/cmake/ament_cmake_export_dependencies-extras.cmake
[0.900s] -- Up-to-date: /home/hiro/rust_ws/src/install/unique_identifier_msgs/share/unique_identifier_msgs/cmake/rosidl_cmake_export_typesupport_libraries-extras.cmake
[0.900s] -- Up-to-date: /home/hiro/rust_ws/src/install/unique_identifier_msgs/share/unique_identifier_msgs/cmake/unique_identifier_msgsConfig.cmake
[0.900s] -- Up-to-date: /home/hiro/rust_ws/src/install/unique_identifier_msgs/share/unique_identifier_msgs/cmake/unique_identifier_msgsConfig-version.cmake
[0.901s] -- Up-to-date: /home/hiro/rust_ws/src/install/unique_identifier_msgs/share/unique_identifier_msgs/package.xml
[0.901s] -- Up-to-date: /home/hiro/rust_ws/src/install/unique_identifier_msgs/share/unique_identifier_msgs/mapping_rules.yaml
[0.908s] Invoked command in '/home/hiro/rust_ws/src/build/unique_identifier_msgs' returned '0': AMENT_PREFIX_PATH=/home/hiro/rust_ws/src/install/rosidl_default_runtime:/home/hiro/rust_ws/src/install/rosidl_default_generators:/home/hiro/rust_ws/src/install/rosidl_generator_rs:/home/hiro/rust_ws/src/install/rosidl_runtime_rs:${AMENT_PREFIX_PATH} CMAKE_PREFIX_PATH=/home/hiro/rust_ws/src/install/rosidl_default_runtime:/home/hiro/rust_ws/src/install/rosidl_default_generators:/home/hiro/rust_ws/src/install/rosidl_generator_rs:/home/hiro/ws_livox/install/livox_ros_driver2:/opt/ros/humble PYTHONPATH=/home/hiro/rust_ws/src/install/rosidl_generator_rs/local/lib/python3.10/dist-packages:${PYTHONPATH} /usr/bin/cmake --install /home/hiro/rust_ws/src/build/unique_identifier_msgs
