[0.150s] Invoking command in '/home/hiro/rust_ws/build/std_srvs': AMENT_PREFIX_PATH=/home/hiro/rust_ws/install/rosidl_runtime_rs:/home/hiro/rust_ws/install/common_interfaces:/home/hiro/rust_ws/install/visualization_msgs:/home/hiro/rust_ws/install/test_msgs:/home/hiro/rust_ws/install/examples_rclrs_minimal_client_service:/home/hiro/rust_ws/install/example_interfaces:/home/hiro/rust_ws/install/action_msgs:/home/hiro/rust_ws/install/unique_identifier_msgs:/home/hiro/rust_ws/install/trajectory_msgs:/home/hiro/rust_ws/install/test_interface_files:/home/hiro/rust_ws/install/stereo_msgs:/home/hiro/rust_ws/install/std_srvs:/home/hiro/rust_ws/install/shape_msgs:/home/hiro/rust_ws/install/sensor_msgs_py:/home/hiro/rust_ws/install/sensor_msgs:/home/hiro/rust_ws/install/rust_pubsub:/home/hiro/rust_ws/install/nav_msgs:/home/hiro/rust_ws/install/diagnostic_msgs:/home/hiro/rust_ws/install/geometry_msgs:/home/hiro/rust_ws/install/examples_rclrs_minimal_pub_sub:/home/hiro/rust_ws/install/actionlib_msgs:/home/hiro/rust_ws/install/std_msgs:/home/hiro/rust_ws/install/statistics_msgs:/home/hiro/rust_ws/install/examples_rclrs_message_demo:/home/hiro/rust_ws/install/rclrs:/home/hiro/rust_ws/install/rosgraph_msgs:/home/hiro/rust_ws/install/rclrs_example_msgs:/home/hiro/rust_ws/install/composition_interfaces:/home/hiro/rust_ws/install/rcl_interfaces:/home/hiro/rust_ws/install/lifecycle_msgs:/home/hiro/rust_ws/install/builtin_interfaces:/home/hiro/rust_ws/install/rosidl_default_runtime:/home/hiro/rust_ws/install/rosidl_default_generators:/home/hiro/rust_ws/install/rosidl_generator_rs:/home/hiro/ws_livox/install/livox_ros_driver2:/opt/ros/humble CMAKE_PREFIX_PATH=/home/hiro/rust_ws/install/rosidl_default_runtime:/home/hiro/rust_ws/install/rosidl_default_generators:/home/hiro/rust_ws/install/rosidl_generator_rs:/home/hiro/rust_ws/install/common_interfaces:/home/hiro/rust_ws/install/visualization_msgs:/home/hiro/rust_ws/install/test_msgs:/home/hiro/rust_ws/install/example_interfaces:/home/hiro/rust_ws/install/action_msgs:/home/hiro/rust_ws/install/unique_identifier_msgs:/home/hiro/rust_ws/install/trajectory_msgs:/home/hiro/rust_ws/install/test_interface_files:/home/hiro/rust_ws/install/stereo_msgs:/home/hiro/rust_ws/install/std_srvs:/home/hiro/rust_ws/install/shape_msgs:/home/hiro/rust_ws/install/sensor_msgs:/home/hiro/rust_ws/install/nav_msgs:/home/hiro/rust_ws/install/diagnostic_msgs:/home/hiro/rust_ws/install/geometry_msgs:/home/hiro/rust_ws/install/actionlib_msgs:/home/hiro/rust_ws/install/std_msgs:/home/hiro/rust_ws/install/statistics_msgs:/home/hiro/rust_ws/install/rosgraph_msgs:/home/hiro/rust_ws/install/rclrs_example_msgs:/home/hiro/rust_ws/install/composition_interfaces:/home/hiro/rust_ws/install/rcl_interfaces:/home/hiro/rust_ws/install/lifecycle_msgs:/home/hiro/rust_ws/install/builtin_interfaces:/home/hiro/ws_livox/install/livox_ros_driver2:/home/hiro/rust_ws/install/examples_rclrs_minimal_client_service:/home/hiro/rust_ws/install/sensor_msgs_py:/home/hiro/rust_ws/install/rust_pubsub:/home/hiro/rust_ws/install/examples_rclrs_minimal_pub_sub:/home/hiro/rust_ws/install/examples_rclrs_message_demo:/home/hiro/rust_ws/install/rclrs:/home/hiro/rust_ws/install/rosidl_runtime_rs:/opt/ros/humble /usr/bin/cmake --build /home/hiro/rust_ws/build/std_srvs -- -j22 -l22
[0.206s] [  2%] Built target std_srvs__rs
[0.208s] [ 12%] Built target std_srvs__rosidl_generator_c
[0.215s] [ 14%] Built target std_srvs__cpp
[0.220s] [ 14%] Built target ament_cmake_python_copy_std_srvs
[0.234s] [ 25%] Built target std_srvs__rosidl_typesupport_fastrtps_c
[0.239s] [ 45%] Built target std_srvs__rosidl_typesupport_introspection_c
[0.239s] [ 45%] Built target std_srvs__rosidl_typesupport_c
[0.240s] [ 56%] Built target std_srvs__rosidl_typesupport_introspection_cpp
[0.242s] [ 66%] Built target std_srvs__rosidl_typesupport_cpp
[0.243s] [ 77%] Built target std_srvs__rosidl_typesupport_fastrtps_cpp
[0.263s] [ 77%] Built target std_srvs
[0.286s] [ 79%] Built target std_srvs__py
[0.310s] [ 87%] Built target std_srvs__rosidl_generator_py
[0.335s] [ 91%] Built target std_srvs__rosidl_typesupport_c__pyext
[0.339s] [ 95%] Built target std_srvs__rosidl_typesupport_introspection_c__pyext
[0.340s] [100%] Built target std_srvs__rosidl_typesupport_fastrtps_c__pyext
[0.569s] running egg_info
[0.578s] writing std_srvs.egg-info/PKG-INFO
[0.579s] writing dependency_links to std_srvs.egg-info/dependency_links.txt
[0.579s] writing top-level names to std_srvs.egg-info/top_level.txt
[0.613s] reading manifest file 'std_srvs.egg-info/SOURCES.txt'
[0.613s] writing manifest file 'std_srvs.egg-info/SOURCES.txt'
[0.672s] [100%] Built target ament_cmake_python_build_std_srvs_egg
[0.685s] Invoked command in '/home/hiro/rust_ws/build/std_srvs' returned '0': AMENT_PREFIX_PATH=/home/hiro/rust_ws/install/rosidl_runtime_rs:/home/hiro/rust_ws/install/common_interfaces:/home/hiro/rust_ws/install/visualization_msgs:/home/hiro/rust_ws/install/test_msgs:/home/hiro/rust_ws/install/examples_rclrs_minimal_client_service:/home/hiro/rust_ws/install/example_interfaces:/home/hiro/rust_ws/install/action_msgs:/home/hiro/rust_ws/install/unique_identifier_msgs:/home/hiro/rust_ws/install/trajectory_msgs:/home/hiro/rust_ws/install/test_interface_files:/home/hiro/rust_ws/install/stereo_msgs:/home/hiro/rust_ws/install/std_srvs:/home/hiro/rust_ws/install/shape_msgs:/home/hiro/rust_ws/install/sensor_msgs_py:/home/hiro/rust_ws/install/sensor_msgs:/home/hiro/rust_ws/install/rust_pubsub:/home/hiro/rust_ws/install/nav_msgs:/home/hiro/rust_ws/install/diagnostic_msgs:/home/hiro/rust_ws/install/geometry_msgs:/home/hiro/rust_ws/install/examples_rclrs_minimal_pub_sub:/home/hiro/rust_ws/install/actionlib_msgs:/home/hiro/rust_ws/install/std_msgs:/home/hiro/rust_ws/install/statistics_msgs:/home/hiro/rust_ws/install/examples_rclrs_message_demo:/home/hiro/rust_ws/install/rclrs:/home/hiro/rust_ws/install/rosgraph_msgs:/home/hiro/rust_ws/install/rclrs_example_msgs:/home/hiro/rust_ws/install/composition_interfaces:/home/hiro/rust_ws/install/rcl_interfaces:/home/hiro/rust_ws/install/lifecycle_msgs:/home/hiro/rust_ws/install/builtin_interfaces:/home/hiro/rust_ws/install/rosidl_default_runtime:/home/hiro/rust_ws/install/rosidl_default_generators:/home/hiro/rust_ws/install/rosidl_generator_rs:/home/hiro/ws_livox/install/livox_ros_driver2:/opt/ros/humble CMAKE_PREFIX_PATH=/home/hiro/rust_ws/install/rosidl_default_runtime:/home/hiro/rust_ws/install/rosidl_default_generators:/home/hiro/rust_ws/install/rosidl_generator_rs:/home/hiro/rust_ws/install/common_interfaces:/home/hiro/rust_ws/install/visualization_msgs:/home/hiro/rust_ws/install/test_msgs:/home/hiro/rust_ws/install/example_interfaces:/home/hiro/rust_ws/install/action_msgs:/home/hiro/rust_ws/install/unique_identifier_msgs:/home/hiro/rust_ws/install/trajectory_msgs:/home/hiro/rust_ws/install/test_interface_files:/home/hiro/rust_ws/install/stereo_msgs:/home/hiro/rust_ws/install/std_srvs:/home/hiro/rust_ws/install/shape_msgs:/home/hiro/rust_ws/install/sensor_msgs:/home/hiro/rust_ws/install/nav_msgs:/home/hiro/rust_ws/install/diagnostic_msgs:/home/hiro/rust_ws/install/geometry_msgs:/home/hiro/rust_ws/install/actionlib_msgs:/home/hiro/rust_ws/install/std_msgs:/home/hiro/rust_ws/install/statistics_msgs:/home/hiro/rust_ws/install/rosgraph_msgs:/home/hiro/rust_ws/install/rclrs_example_msgs:/home/hiro/rust_ws/install/composition_interfaces:/home/hiro/rust_ws/install/rcl_interfaces:/home/hiro/rust_ws/install/lifecycle_msgs:/home/hiro/rust_ws/install/builtin_interfaces:/home/hiro/ws_livox/install/livox_ros_driver2:/home/hiro/rust_ws/install/examples_rclrs_minimal_client_service:/home/hiro/rust_ws/install/sensor_msgs_py:/home/hiro/rust_ws/install/rust_pubsub:/home/hiro/rust_ws/install/examples_rclrs_minimal_pub_sub:/home/hiro/rust_ws/install/examples_rclrs_message_demo:/home/hiro/rust_ws/install/rclrs:/home/hiro/rust_ws/install/rosidl_runtime_rs:/opt/ros/humble /usr/bin/cmake --build /home/hiro/rust_ws/build/std_srvs -- -j22 -l22
[0.835s] Invoking command in '/home/hiro/rust_ws/build/std_srvs': AMENT_PREFIX_PATH=/home/hiro/rust_ws/install/rosidl_runtime_rs:/home/hiro/rust_ws/install/common_interfaces:/home/hiro/rust_ws/install/visualization_msgs:/home/hiro/rust_ws/install/test_msgs:/home/hiro/rust_ws/install/examples_rclrs_minimal_client_service:/home/hiro/rust_ws/install/example_interfaces:/home/hiro/rust_ws/install/action_msgs:/home/hiro/rust_ws/install/unique_identifier_msgs:/home/hiro/rust_ws/install/trajectory_msgs:/home/hiro/rust_ws/install/test_interface_files:/home/hiro/rust_ws/install/stereo_msgs:/home/hiro/rust_ws/install/std_srvs:/home/hiro/rust_ws/install/shape_msgs:/home/hiro/rust_ws/install/sensor_msgs_py:/home/hiro/rust_ws/install/sensor_msgs:/home/hiro/rust_ws/install/rust_pubsub:/home/hiro/rust_ws/install/nav_msgs:/home/hiro/rust_ws/install/diagnostic_msgs:/home/hiro/rust_ws/install/geometry_msgs:/home/hiro/rust_ws/install/examples_rclrs_minimal_pub_sub:/home/hiro/rust_ws/install/actionlib_msgs:/home/hiro/rust_ws/install/std_msgs:/home/hiro/rust_ws/install/statistics_msgs:/home/hiro/rust_ws/install/examples_rclrs_message_demo:/home/hiro/rust_ws/install/rclrs:/home/hiro/rust_ws/install/rosgraph_msgs:/home/hiro/rust_ws/install/rclrs_example_msgs:/home/hiro/rust_ws/install/composition_interfaces:/home/hiro/rust_ws/install/rcl_interfaces:/home/hiro/rust_ws/install/lifecycle_msgs:/home/hiro/rust_ws/install/builtin_interfaces:/home/hiro/rust_ws/install/rosidl_default_runtime:/home/hiro/rust_ws/install/rosidl_default_generators:/home/hiro/rust_ws/install/rosidl_generator_rs:/home/hiro/ws_livox/install/livox_ros_driver2:/opt/ros/humble CMAKE_PREFIX_PATH=/home/hiro/rust_ws/install/rosidl_default_runtime:/home/hiro/rust_ws/install/rosidl_default_generators:/home/hiro/rust_ws/install/rosidl_generator_rs:/home/hiro/rust_ws/install/common_interfaces:/home/hiro/rust_ws/install/visualization_msgs:/home/hiro/rust_ws/install/test_msgs:/home/hiro/rust_ws/install/example_interfaces:/home/hiro/rust_ws/install/action_msgs:/home/hiro/rust_ws/install/unique_identifier_msgs:/home/hiro/rust_ws/install/trajectory_msgs:/home/hiro/rust_ws/install/test_interface_files:/home/hiro/rust_ws/install/stereo_msgs:/home/hiro/rust_ws/install/std_srvs:/home/hiro/rust_ws/install/shape_msgs:/home/hiro/rust_ws/install/sensor_msgs:/home/hiro/rust_ws/install/nav_msgs:/home/hiro/rust_ws/install/diagnostic_msgs:/home/hiro/rust_ws/install/geometry_msgs:/home/hiro/rust_ws/install/actionlib_msgs:/home/hiro/rust_ws/install/std_msgs:/home/hiro/rust_ws/install/statistics_msgs:/home/hiro/rust_ws/install/rosgraph_msgs:/home/hiro/rust_ws/install/rclrs_example_msgs:/home/hiro/rust_ws/install/composition_interfaces:/home/hiro/rust_ws/install/rcl_interfaces:/home/hiro/rust_ws/install/lifecycle_msgs:/home/hiro/rust_ws/install/builtin_interfaces:/home/hiro/ws_livox/install/livox_ros_driver2:/home/hiro/rust_ws/install/examples_rclrs_minimal_client_service:/home/hiro/rust_ws/install/sensor_msgs_py:/home/hiro/rust_ws/install/rust_pubsub:/home/hiro/rust_ws/install/examples_rclrs_minimal_pub_sub:/home/hiro/rust_ws/install/examples_rclrs_message_demo:/home/hiro/rust_ws/install/rclrs:/home/hiro/rust_ws/install/rosidl_runtime_rs:/opt/ros/humble /usr/bin/cmake --install /home/hiro/rust_ws/build/std_srvs
[0.835s] -- Install configuration: ""
[0.835s] -- Up-to-date: /home/hiro/rust_ws/install/std_srvs/share/ament_index/resource_index/rosidl_interfaces/std_srvs
[0.836s] -- Up-to-date: /home/hiro/rust_ws/install/std_srvs/include/std_srvs/std_srvs
[0.836s] -- Up-to-date: /home/hiro/rust_ws/install/std_srvs/include/std_srvs/std_srvs/msg
[0.836s] -- Up-to-date: /home/hiro/rust_ws/install/std_srvs/include/std_srvs/std_srvs/msg/rosidl_generator_c__visibility_control.h
[0.837s] -- Up-to-date: /home/hiro/rust_ws/install/std_srvs/include/std_srvs/std_srvs/srv
[0.837s] -- Up-to-date: /home/hiro/rust_ws/install/std_srvs/include/std_srvs/std_srvs/srv/trigger.h
[0.837s] -- Up-to-date: /home/hiro/rust_ws/install/std_srvs/include/std_srvs/std_srvs/srv/set_bool.h
[0.837s] -- Up-to-date: /home/hiro/rust_ws/install/std_srvs/include/std_srvs/std_srvs/srv/detail
[0.837s] -- Up-to-date: /home/hiro/rust_ws/install/std_srvs/include/std_srvs/std_srvs/srv/detail/trigger__struct.h
[0.837s] -- Up-to-date: /home/hiro/rust_ws/install/std_srvs/include/std_srvs/std_srvs/srv/detail/empty__type_support.h
[0.838s] -- Up-to-date: /home/hiro/rust_ws/install/std_srvs/include/std_srvs/std_srvs/srv/detail/trigger__functions.c
[0.838s] -- Up-to-date: /home/hiro/rust_ws/install/std_srvs/include/std_srvs/std_srvs/srv/detail/set_bool__functions.c
[0.838s] -- Up-to-date: /home/hiro/rust_ws/install/std_srvs/include/std_srvs/std_srvs/srv/detail/trigger__type_support.h
[0.838s] -- Up-to-date: /home/hiro/rust_ws/install/std_srvs/include/std_srvs/std_srvs/srv/detail/set_bool__functions.h
[0.838s] -- Up-to-date: /home/hiro/rust_ws/install/std_srvs/include/std_srvs/std_srvs/srv/detail/trigger__functions.h
[0.838s] -- Up-to-date: /home/hiro/rust_ws/install/std_srvs/include/std_srvs/std_srvs/srv/detail/set_bool__type_support.h
[0.838s] -- Up-to-date: /home/hiro/rust_ws/install/std_srvs/include/std_srvs/std_srvs/srv/detail/empty__functions.c
[0.839s] -- Up-to-date: /home/hiro/rust_ws/install/std_srvs/include/std_srvs/std_srvs/srv/detail/set_bool__struct.h
[0.839s] -- Up-to-date: /home/hiro/rust_ws/install/std_srvs/include/std_srvs/std_srvs/srv/detail/empty__functions.h
[0.839s] -- Up-to-date: /home/hiro/rust_ws/install/std_srvs/include/std_srvs/std_srvs/srv/detail/empty__struct.h
[0.839s] -- Up-to-date: /home/hiro/rust_ws/install/std_srvs/include/std_srvs/std_srvs/srv/empty.h
[0.839s] -- Up-to-date: /home/hiro/rust_ws/install/std_srvs/share/std_srvs/environment/library_path.sh
[0.839s] -- Up-to-date: /home/hiro/rust_ws/install/std_srvs/share/std_srvs/environment/library_path.dsv
[0.839s] -- Up-to-date: /home/hiro/rust_ws/install/std_srvs/lib/libstd_srvs__rosidl_generator_c.so
[0.840s] -- Up-to-date: /home/hiro/rust_ws/install/std_srvs/include/std_srvs/std_srvs
[0.840s] -- Up-to-date: /home/hiro/rust_ws/install/std_srvs/include/std_srvs/std_srvs/msg
[0.840s] -- Up-to-date: /home/hiro/rust_ws/install/std_srvs/include/std_srvs/std_srvs/msg/rosidl_typesupport_fastrtps_c__visibility_control.h
[0.840s] -- Up-to-date: /home/hiro/rust_ws/install/std_srvs/include/std_srvs/std_srvs/srv
[0.840s] -- Up-to-date: /home/hiro/rust_ws/install/std_srvs/include/std_srvs/std_srvs/srv/detail
[0.841s] -- Up-to-date: /home/hiro/rust_ws/install/std_srvs/include/std_srvs/std_srvs/srv/detail/empty__rosidl_typesupport_fastrtps_c.h
[0.841s] -- Up-to-date: /home/hiro/rust_ws/install/std_srvs/include/std_srvs/std_srvs/srv/detail/trigger__rosidl_typesupport_fastrtps_c.h
[0.841s] -- Up-to-date: /home/hiro/rust_ws/install/std_srvs/include/std_srvs/std_srvs/srv/detail/set_bool__rosidl_typesupport_fastrtps_c.h
[0.841s] -- Up-to-date: /home/hiro/rust_ws/install/std_srvs/lib/libstd_srvs__rosidl_typesupport_fastrtps_c.so
[0.841s] -- Up-to-date: /home/hiro/rust_ws/install/std_srvs/include/std_srvs/std_srvs
[0.841s] -- Up-to-date: /home/hiro/rust_ws/install/std_srvs/include/std_srvs/std_srvs/msg
[0.841s] -- Up-to-date: /home/hiro/rust_ws/install/std_srvs/include/std_srvs/std_srvs/msg/rosidl_typesupport_introspection_c__visibility_control.h
[0.842s] -- Up-to-date: /home/hiro/rust_ws/install/std_srvs/include/std_srvs/std_srvs/srv
[0.842s] -- Up-to-date: /home/hiro/rust_ws/install/std_srvs/include/std_srvs/std_srvs/srv/detail
[0.842s] -- Up-to-date: /home/hiro/rust_ws/install/std_srvs/include/std_srvs/std_srvs/srv/detail/set_bool__type_support.c
[0.842s] -- Up-to-date: /home/hiro/rust_ws/install/std_srvs/include/std_srvs/std_srvs/srv/detail/trigger__rosidl_typesupport_introspection_c.h
[0.842s] -- Up-to-date: /home/hiro/rust_ws/install/std_srvs/include/std_srvs/std_srvs/srv/detail/trigger__type_support.c
[0.842s] -- Up-to-date: /home/hiro/rust_ws/install/std_srvs/include/std_srvs/std_srvs/srv/detail/set_bool__rosidl_typesupport_introspection_c.h
[0.842s] -- Up-to-date: /home/hiro/rust_ws/install/std_srvs/include/std_srvs/std_srvs/srv/detail/empty__type_support.c
[0.843s] -- Up-to-date: /home/hiro/rust_ws/install/std_srvs/include/std_srvs/std_srvs/srv/detail/empty__rosidl_typesupport_introspection_c.h
[0.843s] -- Up-to-date: /home/hiro/rust_ws/install/std_srvs/lib/libstd_srvs__rosidl_typesupport_introspection_c.so
[0.844s] -- Up-to-date: /home/hiro/rust_ws/install/std_srvs/lib/libstd_srvs__rosidl_typesupport_c.so
[0.844s] -- Up-to-date: /home/hiro/rust_ws/install/std_srvs/include/std_srvs/std_srvs
[0.845s] -- Up-to-date: /home/hiro/rust_ws/install/std_srvs/include/std_srvs/std_srvs/srv
[0.845s] -- Up-to-date: /home/hiro/rust_ws/install/std_srvs/include/std_srvs/std_srvs/srv/empty.hpp
[0.846s] -- Up-to-date: /home/hiro/rust_ws/install/std_srvs/include/std_srvs/std_srvs/srv/set_bool.hpp
[0.847s] -- Up-to-date: /home/hiro/rust_ws/install/std_srvs/include/std_srvs/std_srvs/srv/trigger.hpp
[0.847s] -- Up-to-date: /home/hiro/rust_ws/install/std_srvs/include/std_srvs/std_srvs/srv/detail
[0.848s] -- Up-to-date: /home/hiro/rust_ws/install/std_srvs/include/std_srvs/std_srvs/srv/detail/empty__struct.hpp
[0.848s] -- Up-to-date: /home/hiro/rust_ws/install/std_srvs/include/std_srvs/std_srvs/srv/detail/set_bool__builder.hpp
[0.849s] -- Up-to-date: /home/hiro/rust_ws/install/std_srvs/include/std_srvs/std_srvs/srv/detail/set_bool__struct.hpp
[0.849s] -- Up-to-date: /home/hiro/rust_ws/install/std_srvs/include/std_srvs/std_srvs/srv/detail/empty__builder.hpp
[0.850s] -- Up-to-date: /home/hiro/rust_ws/install/std_srvs/include/std_srvs/std_srvs/srv/detail/trigger__struct.hpp
[0.850s] -- Up-to-date: /home/hiro/rust_ws/install/std_srvs/include/std_srvs/std_srvs/srv/detail/set_bool__traits.hpp
[0.850s] -- Up-to-date: /home/hiro/rust_ws/install/std_srvs/include/std_srvs/std_srvs/srv/detail/trigger__builder.hpp
[0.850s] -- Up-to-date: /home/hiro/rust_ws/install/std_srvs/include/std_srvs/std_srvs/srv/detail/trigger__traits.hpp
[0.851s] -- Up-to-date: /home/hiro/rust_ws/install/std_srvs/include/std_srvs/std_srvs/srv/detail/empty__traits.hpp
[0.851s] -- Up-to-date: /home/hiro/rust_ws/install/std_srvs/include/std_srvs/std_srvs
[0.851s] -- Up-to-date: /home/hiro/rust_ws/install/std_srvs/include/std_srvs/std_srvs/msg
[0.852s] -- Up-to-date: /home/hiro/rust_ws/install/std_srvs/include/std_srvs/std_srvs/msg/rosidl_typesupport_fastrtps_cpp__visibility_control.h
[0.852s] -- Up-to-date: /home/hiro/rust_ws/install/std_srvs/include/std_srvs/std_srvs/srv
[0.852s] -- Up-to-date: /home/hiro/rust_ws/install/std_srvs/include/std_srvs/std_srvs/srv/detail
[0.852s] -- Up-to-date: /home/hiro/rust_ws/install/std_srvs/include/std_srvs/std_srvs/srv/detail/dds_fastrtps
[0.853s] -- Up-to-date: /home/hiro/rust_ws/install/std_srvs/include/std_srvs/std_srvs/srv/detail/set_bool__rosidl_typesupport_fastrtps_cpp.hpp
[0.853s] -- Up-to-date: /home/hiro/rust_ws/install/std_srvs/include/std_srvs/std_srvs/srv/detail/empty__rosidl_typesupport_fastrtps_cpp.hpp
[0.853s] -- Up-to-date: /home/hiro/rust_ws/install/std_srvs/include/std_srvs/std_srvs/srv/detail/trigger__rosidl_typesupport_fastrtps_cpp.hpp
[0.854s] -- Up-to-date: /home/hiro/rust_ws/install/std_srvs/lib/libstd_srvs__rosidl_typesupport_fastrtps_cpp.so
[0.854s] -- Up-to-date: /home/hiro/rust_ws/install/std_srvs/include/std_srvs/std_srvs
[0.854s] -- Up-to-date: /home/hiro/rust_ws/install/std_srvs/include/std_srvs/std_srvs/srv
[0.854s] -- Up-to-date: /home/hiro/rust_ws/install/std_srvs/include/std_srvs/std_srvs/srv/detail
[0.854s] -- Up-to-date: /home/hiro/rust_ws/install/std_srvs/include/std_srvs/std_srvs/srv/detail/set_bool__rosidl_typesupport_introspection_cpp.hpp
[0.854s] -- Up-to-date: /home/hiro/rust_ws/install/std_srvs/include/std_srvs/std_srvs/srv/detail/empty__rosidl_typesupport_introspection_cpp.hpp
[0.855s] -- Up-to-date: /home/hiro/rust_ws/install/std_srvs/include/std_srvs/std_srvs/srv/detail/set_bool__type_support.cpp
[0.855s] -- Up-to-date: /home/hiro/rust_ws/install/std_srvs/include/std_srvs/std_srvs/srv/detail/trigger__type_support.cpp
[0.856s] -- Up-to-date: /home/hiro/rust_ws/install/std_srvs/include/std_srvs/std_srvs/srv/detail/trigger__rosidl_typesupport_introspection_cpp.hpp
[0.857s] -- Up-to-date: /home/hiro/rust_ws/install/std_srvs/include/std_srvs/std_srvs/srv/detail/empty__type_support.cpp
[0.857s] -- Up-to-date: /home/hiro/rust_ws/install/std_srvs/lib/libstd_srvs__rosidl_typesupport_introspection_cpp.so
[0.857s] -- Up-to-date: /home/hiro/rust_ws/install/std_srvs/lib/libstd_srvs__rosidl_typesupport_cpp.so
[0.857s] -- Up-to-date: /home/hiro/rust_ws/install/std_srvs/share/ament_index/resource_index/rust_packages/std_srvs
[0.858s] -- Up-to-date: /home/hiro/rust_ws/install/std_srvs/share/std_srvs/rust
[0.858s] -- Up-to-date: /home/hiro/rust_ws/install/std_srvs/share/std_srvs/rust/Cargo.toml
[0.858s] -- Up-to-date: /home/hiro/rust_ws/install/std_srvs/share/std_srvs/rust/build.rs
[0.858s] -- Up-to-date: /home/hiro/rust_ws/install/std_srvs/share/std_srvs/rust/src
[0.858s] -- Up-to-date: /home/hiro/rust_ws/install/std_srvs/share/std_srvs/rust/src/srv.rs
[0.859s] -- Up-to-date: /home/hiro/rust_ws/install/std_srvs/share/std_srvs/rust/src/lib.rs
[0.859s] -- Up-to-date: /home/hiro/rust_ws/install/std_srvs/share/std_srvs/environment/pythonpath.sh
[0.859s] -- Up-to-date: /home/hiro/rust_ws/install/std_srvs/share/std_srvs/environment/pythonpath.dsv
[0.859s] -- Up-to-date: /home/hiro/rust_ws/install/std_srvs/local/lib/python3.10/dist-packages/std_srvs-4.2.4-py3.10.egg-info
[0.859s] -- Installing: /home/hiro/rust_ws/install/std_srvs/local/lib/python3.10/dist-packages/std_srvs-4.2.4-py3.10.egg-info/top_level.txt
[0.860s] -- Installing: /home/hiro/rust_ws/install/std_srvs/local/lib/python3.10/dist-packages/std_srvs-4.2.4-py3.10.egg-info/PKG-INFO
[0.860s] -- Installing: /home/hiro/rust_ws/install/std_srvs/local/lib/python3.10/dist-packages/std_srvs-4.2.4-py3.10.egg-info/SOURCES.txt
[0.860s] -- Installing: /home/hiro/rust_ws/install/std_srvs/local/lib/python3.10/dist-packages/std_srvs-4.2.4-py3.10.egg-info/dependency_links.txt
[0.861s] -- Up-to-date: /home/hiro/rust_ws/install/std_srvs/local/lib/python3.10/dist-packages/std_srvs
[0.861s] -- Up-to-date: /home/hiro/rust_ws/install/std_srvs/local/lib/python3.10/dist-packages/std_srvs/std_srvs_s__rosidl_typesupport_fastrtps_c.cpython-310-x86_64-linux-gnu.so
[0.861s] -- Up-to-date: /home/hiro/rust_ws/install/std_srvs/local/lib/python3.10/dist-packages/std_srvs/std_srvs_s__rosidl_typesupport_c.cpython-310-x86_64-linux-gnu.so
[0.861s] -- Up-to-date: /home/hiro/rust_ws/install/std_srvs/local/lib/python3.10/dist-packages/std_srvs/_std_srvs_s.ep.rosidl_typesupport_c.c
[0.861s] -- Up-to-date: /home/hiro/rust_ws/install/std_srvs/local/lib/python3.10/dist-packages/std_srvs/libstd_srvs__rosidl_generator_py.so
[0.861s] -- Up-to-date: /home/hiro/rust_ws/install/std_srvs/local/lib/python3.10/dist-packages/std_srvs/_std_srvs_s.ep.rosidl_typesupport_fastrtps_c.c
[0.861s] -- Up-to-date: /home/hiro/rust_ws/install/std_srvs/local/lib/python3.10/dist-packages/std_srvs/__init__.py
[0.862s] -- Up-to-date: /home/hiro/rust_ws/install/std_srvs/local/lib/python3.10/dist-packages/std_srvs/std_srvs_s__rosidl_typesupport_introspection_c.cpython-310-x86_64-linux-gnu.so
[0.862s] -- Up-to-date: /home/hiro/rust_ws/install/std_srvs/local/lib/python3.10/dist-packages/std_srvs/srv
[0.862s] -- Up-to-date: /home/hiro/rust_ws/install/std_srvs/local/lib/python3.10/dist-packages/std_srvs/srv/_empty.py
[0.862s] -- Up-to-date: /home/hiro/rust_ws/install/std_srvs/local/lib/python3.10/dist-packages/std_srvs/srv/_set_bool_s.c
[0.862s] -- Up-to-date: /home/hiro/rust_ws/install/std_srvs/local/lib/python3.10/dist-packages/std_srvs/srv/_trigger_s.c
[0.862s] -- Up-to-date: /home/hiro/rust_ws/install/std_srvs/local/lib/python3.10/dist-packages/std_srvs/srv/_trigger.py
[0.862s] -- Up-to-date: /home/hiro/rust_ws/install/std_srvs/local/lib/python3.10/dist-packages/std_srvs/srv/_empty_s.c
[0.863s] -- Up-to-date: /home/hiro/rust_ws/install/std_srvs/local/lib/python3.10/dist-packages/std_srvs/srv/__init__.py
[0.863s] -- Up-to-date: /home/hiro/rust_ws/install/std_srvs/local/lib/python3.10/dist-packages/std_srvs/srv/_set_bool.py
[0.863s] -- Up-to-date: /home/hiro/rust_ws/install/std_srvs/local/lib/python3.10/dist-packages/std_srvs/_std_srvs_s.ep.rosidl_typesupport_introspection_c.c
[0.893s] Listing '/home/hiro/rust_ws/install/std_srvs/local/lib/python3.10/dist-packages/std_srvs'...
[0.893s] Listing '/home/hiro/rust_ws/install/std_srvs/local/lib/python3.10/dist-packages/std_srvs/srv'...
[0.894s] -- Up-to-date: /home/hiro/rust_ws/install/std_srvs/local/lib/python3.10/dist-packages/std_srvs/std_srvs_s__rosidl_typesupport_fastrtps_c.cpython-310-x86_64-linux-gnu.so
[0.894s] -- Up-to-date: /home/hiro/rust_ws/install/std_srvs/local/lib/python3.10/dist-packages/std_srvs/std_srvs_s__rosidl_typesupport_introspection_c.cpython-310-x86_64-linux-gnu.so
[0.894s] -- Up-to-date: /home/hiro/rust_ws/install/std_srvs/local/lib/python3.10/dist-packages/std_srvs/std_srvs_s__rosidl_typesupport_c.cpython-310-x86_64-linux-gnu.so
[0.895s] -- Up-to-date: /home/hiro/rust_ws/install/std_srvs/lib/libstd_srvs__rosidl_generator_py.so
[0.895s] -- Up-to-date: /home/hiro/rust_ws/install/std_srvs/share/std_srvs/srv/Empty.idl
[0.895s] -- Up-to-date: /home/hiro/rust_ws/install/std_srvs/share/std_srvs/srv/SetBool.idl
[0.895s] -- Up-to-date: /home/hiro/rust_ws/install/std_srvs/share/std_srvs/srv/Trigger.idl
[0.895s] -- Up-to-date: /home/hiro/rust_ws/install/std_srvs/share/std_srvs/srv/Empty.srv
[0.895s] -- Up-to-date: /home/hiro/rust_ws/install/std_srvs/share/std_srvs/srv/Empty_Request.msg
[0.895s] -- Up-to-date: /home/hiro/rust_ws/install/std_srvs/share/std_srvs/srv/Empty_Response.msg
[0.895s] -- Up-to-date: /home/hiro/rust_ws/install/std_srvs/share/std_srvs/srv/SetBool.srv
[0.895s] -- Up-to-date: /home/hiro/rust_ws/install/std_srvs/share/std_srvs/srv/SetBool_Request.msg
[0.895s] -- Up-to-date: /home/hiro/rust_ws/install/std_srvs/share/std_srvs/srv/SetBool_Response.msg
[0.896s] -- Up-to-date: /home/hiro/rust_ws/install/std_srvs/share/std_srvs/srv/Trigger.srv
[0.896s] -- Up-to-date: /home/hiro/rust_ws/install/std_srvs/share/std_srvs/srv/Trigger_Request.msg
[0.896s] -- Up-to-date: /home/hiro/rust_ws/install/std_srvs/share/std_srvs/srv/Trigger_Response.msg
[0.897s] -- Up-to-date: /home/hiro/rust_ws/install/std_srvs/share/ament_index/resource_index/package_run_dependencies/std_srvs
[0.897s] -- Up-to-date: /home/hiro/rust_ws/install/std_srvs/share/ament_index/resource_index/parent_prefix_path/std_srvs
[0.897s] -- Up-to-date: /home/hiro/rust_ws/install/std_srvs/share/std_srvs/environment/ament_prefix_path.sh
[0.897s] -- Up-to-date: /home/hiro/rust_ws/install/std_srvs/share/std_srvs/environment/ament_prefix_path.dsv
[0.897s] -- Up-to-date: /home/hiro/rust_ws/install/std_srvs/share/std_srvs/environment/path.sh
[0.897s] -- Up-to-date: /home/hiro/rust_ws/install/std_srvs/share/std_srvs/environment/path.dsv
[0.897s] -- Up-to-date: /home/hiro/rust_ws/install/std_srvs/share/std_srvs/local_setup.bash
[0.897s] -- Up-to-date: /home/hiro/rust_ws/install/std_srvs/share/std_srvs/local_setup.sh
[0.897s] -- Up-to-date: /home/hiro/rust_ws/install/std_srvs/share/std_srvs/local_setup.zsh
[0.898s] -- Up-to-date: /home/hiro/rust_ws/install/std_srvs/share/std_srvs/local_setup.dsv
[0.898s] -- Installing: /home/hiro/rust_ws/install/std_srvs/share/std_srvs/package.dsv
[0.898s] -- Up-to-date: /home/hiro/rust_ws/install/std_srvs/share/ament_index/resource_index/packages/std_srvs
[0.898s] -- Up-to-date: /home/hiro/rust_ws/install/std_srvs/share/std_srvs/cmake/export_std_srvs__rosidl_generator_cExport.cmake
[0.898s] -- Up-to-date: /home/hiro/rust_ws/install/std_srvs/share/std_srvs/cmake/export_std_srvs__rosidl_generator_cExport-noconfig.cmake
[0.898s] -- Up-to-date: /home/hiro/rust_ws/install/std_srvs/share/std_srvs/cmake/export_std_srvs__rosidl_typesupport_fastrtps_cExport.cmake
[0.898s] -- Up-to-date: /home/hiro/rust_ws/install/std_srvs/share/std_srvs/cmake/export_std_srvs__rosidl_typesupport_fastrtps_cExport-noconfig.cmake
[0.898s] -- Up-to-date: /home/hiro/rust_ws/install/std_srvs/share/std_srvs/cmake/std_srvs__rosidl_typesupport_introspection_cExport.cmake
[0.899s] -- Up-to-date: /home/hiro/rust_ws/install/std_srvs/share/std_srvs/cmake/std_srvs__rosidl_typesupport_introspection_cExport-noconfig.cmake
[0.899s] -- Up-to-date: /home/hiro/rust_ws/install/std_srvs/share/std_srvs/cmake/std_srvs__rosidl_typesupport_cExport.cmake
[0.899s] -- Up-to-date: /home/hiro/rust_ws/install/std_srvs/share/std_srvs/cmake/std_srvs__rosidl_typesupport_cExport-noconfig.cmake
[0.899s] -- Up-to-date: /home/hiro/rust_ws/install/std_srvs/share/std_srvs/cmake/export_std_srvs__rosidl_generator_cppExport.cmake
[0.900s] -- Up-to-date: /home/hiro/rust_ws/install/std_srvs/share/std_srvs/cmake/export_std_srvs__rosidl_typesupport_fastrtps_cppExport.cmake
[0.900s] -- Up-to-date: /home/hiro/rust_ws/install/std_srvs/share/std_srvs/cmake/export_std_srvs__rosidl_typesupport_fastrtps_cppExport-noconfig.cmake
[0.900s] -- Up-to-date: /home/hiro/rust_ws/install/std_srvs/share/std_srvs/cmake/std_srvs__rosidl_typesupport_introspection_cppExport.cmake
[0.900s] -- Up-to-date: /home/hiro/rust_ws/install/std_srvs/share/std_srvs/cmake/std_srvs__rosidl_typesupport_introspection_cppExport-noconfig.cmake
[0.900s] -- Up-to-date: /home/hiro/rust_ws/install/std_srvs/share/std_srvs/cmake/std_srvs__rosidl_typesupport_cppExport.cmake
[0.900s] -- Up-to-date: /home/hiro/rust_ws/install/std_srvs/share/std_srvs/cmake/std_srvs__rosidl_typesupport_cppExport-noconfig.cmake
[0.901s] -- Up-to-date: /home/hiro/rust_ws/install/std_srvs/share/std_srvs/cmake/export_std_srvs__rosidl_generator_pyExport.cmake
[0.901s] -- Up-to-date: /home/hiro/rust_ws/install/std_srvs/share/std_srvs/cmake/export_std_srvs__rosidl_generator_pyExport-noconfig.cmake
[0.901s] -- Up-to-date: /home/hiro/rust_ws/install/std_srvs/share/std_srvs/cmake/rosidl_cmake-extras.cmake
[0.901s] -- Up-to-date: /home/hiro/rust_ws/install/std_srvs/share/std_srvs/cmake/ament_cmake_export_include_directories-extras.cmake
[0.901s] -- Up-to-date: /home/hiro/rust_ws/install/std_srvs/share/std_srvs/cmake/ament_cmake_export_libraries-extras.cmake
[0.901s] -- Up-to-date: /home/hiro/rust_ws/install/std_srvs/share/std_srvs/cmake/ament_cmake_export_targets-extras.cmake
[0.901s] -- Up-to-date: /home/hiro/rust_ws/install/std_srvs/share/std_srvs/cmake/rosidl_cmake_export_typesupport_targets-extras.cmake
[0.901s] -- Up-to-date: /home/hiro/rust_ws/install/std_srvs/share/std_srvs/cmake/ament_cmake_export_dependencies-extras.cmake
[0.902s] -- Up-to-date: /home/hiro/rust_ws/install/std_srvs/share/std_srvs/cmake/rosidl_cmake_export_typesupport_libraries-extras.cmake
[0.902s] -- Up-to-date: /home/hiro/rust_ws/install/std_srvs/share/std_srvs/cmake/std_srvsConfig.cmake
[0.902s] -- Up-to-date: /home/hiro/rust_ws/install/std_srvs/share/std_srvs/cmake/std_srvsConfig-version.cmake
[0.902s] -- Up-to-date: /home/hiro/rust_ws/install/std_srvs/share/std_srvs/package.xml
[0.919s] Invoked command in '/home/hiro/rust_ws/build/std_srvs' returned '0': AMENT_PREFIX_PATH=/home/hiro/rust_ws/install/rosidl_runtime_rs:/home/hiro/rust_ws/install/common_interfaces:/home/hiro/rust_ws/install/visualization_msgs:/home/hiro/rust_ws/install/test_msgs:/home/hiro/rust_ws/install/examples_rclrs_minimal_client_service:/home/hiro/rust_ws/install/example_interfaces:/home/hiro/rust_ws/install/action_msgs:/home/hiro/rust_ws/install/unique_identifier_msgs:/home/hiro/rust_ws/install/trajectory_msgs:/home/hiro/rust_ws/install/test_interface_files:/home/hiro/rust_ws/install/stereo_msgs:/home/hiro/rust_ws/install/std_srvs:/home/hiro/rust_ws/install/shape_msgs:/home/hiro/rust_ws/install/sensor_msgs_py:/home/hiro/rust_ws/install/sensor_msgs:/home/hiro/rust_ws/install/rust_pubsub:/home/hiro/rust_ws/install/nav_msgs:/home/hiro/rust_ws/install/diagnostic_msgs:/home/hiro/rust_ws/install/geometry_msgs:/home/hiro/rust_ws/install/examples_rclrs_minimal_pub_sub:/home/hiro/rust_ws/install/actionlib_msgs:/home/hiro/rust_ws/install/std_msgs:/home/hiro/rust_ws/install/statistics_msgs:/home/hiro/rust_ws/install/examples_rclrs_message_demo:/home/hiro/rust_ws/install/rclrs:/home/hiro/rust_ws/install/rosgraph_msgs:/home/hiro/rust_ws/install/rclrs_example_msgs:/home/hiro/rust_ws/install/composition_interfaces:/home/hiro/rust_ws/install/rcl_interfaces:/home/hiro/rust_ws/install/lifecycle_msgs:/home/hiro/rust_ws/install/builtin_interfaces:/home/hiro/rust_ws/install/rosidl_default_runtime:/home/hiro/rust_ws/install/rosidl_default_generators:/home/hiro/rust_ws/install/rosidl_generator_rs:/home/hiro/ws_livox/install/livox_ros_driver2:/opt/ros/humble CMAKE_PREFIX_PATH=/home/hiro/rust_ws/install/rosidl_default_runtime:/home/hiro/rust_ws/install/rosidl_default_generators:/home/hiro/rust_ws/install/rosidl_generator_rs:/home/hiro/rust_ws/install/common_interfaces:/home/hiro/rust_ws/install/visualization_msgs:/home/hiro/rust_ws/install/test_msgs:/home/hiro/rust_ws/install/example_interfaces:/home/hiro/rust_ws/install/action_msgs:/home/hiro/rust_ws/install/unique_identifier_msgs:/home/hiro/rust_ws/install/trajectory_msgs:/home/hiro/rust_ws/install/test_interface_files:/home/hiro/rust_ws/install/stereo_msgs:/home/hiro/rust_ws/install/std_srvs:/home/hiro/rust_ws/install/shape_msgs:/home/hiro/rust_ws/install/sensor_msgs:/home/hiro/rust_ws/install/nav_msgs:/home/hiro/rust_ws/install/diagnostic_msgs:/home/hiro/rust_ws/install/geometry_msgs:/home/hiro/rust_ws/install/actionlib_msgs:/home/hiro/rust_ws/install/std_msgs:/home/hiro/rust_ws/install/statistics_msgs:/home/hiro/rust_ws/install/rosgraph_msgs:/home/hiro/rust_ws/install/rclrs_example_msgs:/home/hiro/rust_ws/install/composition_interfaces:/home/hiro/rust_ws/install/rcl_interfaces:/home/hiro/rust_ws/install/lifecycle_msgs:/home/hiro/rust_ws/install/builtin_interfaces:/home/hiro/ws_livox/install/livox_ros_driver2:/home/hiro/rust_ws/install/examples_rclrs_minimal_client_service:/home/hiro/rust_ws/install/sensor_msgs_py:/home/hiro/rust_ws/install/rust_pubsub:/home/hiro/rust_ws/install/examples_rclrs_minimal_pub_sub:/home/hiro/rust_ws/install/examples_rclrs_message_demo:/home/hiro/rust_ws/install/rclrs:/home/hiro/rust_ws/install/rosidl_runtime_rs:/opt/ros/humble /usr/bin/cmake --install /home/hiro/rust_ws/build/std_srvs
