[0.021s] Invoking command in '/home/hiromichi/rost2/build/rcl_interfaces': AMENT_PREFIX_PATH=/home/hiromichi/rost2/install/builtin_interfaces:/home/hiromichi/rost2/install/rosidl_default_runtime:/home/hiromichi/rost2/install/rosidl_default_generators:/home/hiromichi/rost2/install/rosidl_generator_rs:/home/hiromichi/rost2/install/rosidl_runtime_rs:${AMENT_PREFIX_PATH} CMAKE_PREFIX_PATH=/home/hiromichi/rost2/install/builtin_interfaces:/home/hiromichi/rost2/install/rosidl_default_runtime:/home/hiromichi/rost2/install/rosidl_default_generators:/home/hiromichi/rost2/install/rosidl_generator_rs:/opt/ros/humble LD_LIBRARY_PATH=/home/hiromichi/rost2/install/builtin_interfaces/lib:${LD_LIBRARY_PATH} PYTHONPATH=/home/hiromichi/rost2/install/builtin_interfaces/local/lib/python3.10/dist-packages:/home/hiromichi/rost2/install/rosidl_generator_rs/local/lib/python3.10/dist-packages:${PYTHONPATH} /usr/bin/cmake --build /home/hiromichi/rost2/build/rcl_interfaces -- -j20 -l20
[0.073s] [  1%] Built target rcl_interfaces__rs
[0.075s] [  1%] Built target rcl_interfaces__cpp
[0.078s] [35m[1mConsolidate compiler generated dependencies of target rcl_interfaces__rosidl_generator_c[0m
[0.093s] [ 13%] Built target rcl_interfaces__rosidl_generator_c
[0.105s] [35m[1mConsolidate compiler generated dependencies of target rcl_interfaces__rosidl_typesupport_cpp[0m
[0.105s] [ 13%] Built target ament_cmake_python_copy_rcl_interfaces
[0.106s] [35m[1mConsolidate compiler generated dependencies of target rcl_interfaces__rosidl_typesupport_introspection_cpp[0m
[0.111s] [35m[1mConsolidate compiler generated dependencies of target rcl_interfaces__rosidl_typesupport_fastrtps_cpp[0m
[0.127s] [35m[1mConsolidate compiler generated dependencies of target rcl_interfaces__rosidl_typesupport_introspection_c[0m
[0.134s] [35m[1mConsolidate compiler generated dependencies of target rcl_interfaces__rosidl_typesupport_c[0m
[0.134s] [35m[1mConsolidate compiler generated dependencies of target rcl_interfaces__rosidl_typesupport_fastrtps_c[0m
[0.141s] [ 25%] Built target rcl_interfaces__rosidl_typesupport_cpp
[0.150s] [ 37%] Built target rcl_interfaces__rosidl_typesupport_fastrtps_cpp
[0.150s] [ 59%] Built target rcl_interfaces__rosidl_typesupport_introspection_c
[0.150s] [ 61%] Built target rcl_interfaces__rosidl_typesupport_introspection_cpp
[0.152s] [ 73%] Built target rcl_interfaces__rosidl_typesupport_c
[0.160s] [ 85%] Built target rcl_interfaces__rosidl_typesupport_fastrtps_c
[0.178s] [ 85%] Built target rcl_interfaces
[0.195s] [ 86%] Built target rcl_interfaces__py
[0.211s] [35m[1mConsolidate compiler generated dependencies of target rcl_interfaces__rosidl_generator_py[0m
[0.229s] [ 97%] Built target rcl_interfaces__rosidl_generator_py
[0.240s] [35m[1mConsolidate compiler generated dependencies of target rcl_interfaces__rosidl_typesupport_fastrtps_c__pyext[0m
[0.240s] [35m[1mConsolidate compiler generated dependencies of target rcl_interfaces__rosidl_typesupport_introspection_c__pyext[0m
[0.240s] [35m[1mConsolidate compiler generated dependencies of target rcl_interfaces__rosidl_typesupport_c__pyext[0m
[0.251s] [ 99%] Built target rcl_interfaces__rosidl_typesupport_fastrtps_c__pyext
[0.251s] [ 99%] Built target rcl_interfaces__rosidl_typesupport_c__pyext
[0.253s] [100%] Built target rcl_interfaces__rosidl_typesupport_introspection_c__pyext
[0.318s] running egg_info
[0.319s] writing rcl_interfaces.egg-info/PKG-INFO
[0.319s] writing dependency_links to rcl_interfaces.egg-info/dependency_links.txt
[0.320s] writing top-level names to rcl_interfaces.egg-info/top_level.txt
[0.322s] reading manifest file 'rcl_interfaces.egg-info/SOURCES.txt'
[0.323s] writing manifest file 'rcl_interfaces.egg-info/SOURCES.txt'
[0.348s] [100%] Built target ament_cmake_python_build_rcl_interfaces_egg
[0.355s] Invoked command in '/home/hiromichi/rost2/build/rcl_interfaces' returned '0': AMENT_PREFIX_PATH=/home/hiromichi/rost2/install/builtin_interfaces:/home/hiromichi/rost2/install/rosidl_default_runtime:/home/hiromichi/rost2/install/rosidl_default_generators:/home/hiromichi/rost2/install/rosidl_generator_rs:/home/hiromichi/rost2/install/rosidl_runtime_rs:${AMENT_PREFIX_PATH} CMAKE_PREFIX_PATH=/home/hiromichi/rost2/install/builtin_interfaces:/home/hiromichi/rost2/install/rosidl_default_runtime:/home/hiromichi/rost2/install/rosidl_default_generators:/home/hiromichi/rost2/install/rosidl_generator_rs:/opt/ros/humble LD_LIBRARY_PATH=/home/hiromichi/rost2/install/builtin_interfaces/lib:${LD_LIBRARY_PATH} PYTHONPATH=/home/hiromichi/rost2/install/builtin_interfaces/local/lib/python3.10/dist-packages:/home/hiromichi/rost2/install/rosidl_generator_rs/local/lib/python3.10/dist-packages:${PYTHONPATH} /usr/bin/cmake --build /home/hiromichi/rost2/build/rcl_interfaces -- -j20 -l20
[0.583s] Invoking command in '/home/hiromichi/rost2/build/rcl_interfaces': AMENT_PREFIX_PATH=/home/hiromichi/rost2/install/builtin_interfaces:/home/hiromichi/rost2/install/rosidl_default_runtime:/home/hiromichi/rost2/install/rosidl_default_generators:/home/hiromichi/rost2/install/rosidl_generator_rs:/home/hiromichi/rost2/install/rosidl_runtime_rs:${AMENT_PREFIX_PATH} CMAKE_PREFIX_PATH=/home/hiromichi/rost2/install/builtin_interfaces:/home/hiromichi/rost2/install/rosidl_default_runtime:/home/hiromichi/rost2/install/rosidl_default_generators:/home/hiromichi/rost2/install/rosidl_generator_rs:/opt/ros/humble LD_LIBRARY_PATH=/home/hiromichi/rost2/install/builtin_interfaces/lib:${LD_LIBRARY_PATH} PYTHONPATH=/home/hiromichi/rost2/install/builtin_interfaces/local/lib/python3.10/dist-packages:/home/hiromichi/rost2/install/rosidl_generator_rs/local/lib/python3.10/dist-packages:${PYTHONPATH} /usr/bin/cmake --install /home/hiromichi/rost2/build/rcl_interfaces
[0.590s] -- Install configuration: ""
[0.591s] -- Up-to-date: /home/hiromichi/rost2/install/rcl_interfaces/share/ament_index/resource_index/rosidl_interfaces/rcl_interfaces
[0.591s] -- Up-to-date: /home/hiromichi/rost2/install/rcl_interfaces/include/rcl_interfaces/rcl_interfaces
[0.591s] -- Up-to-date: /home/hiromichi/rost2/install/rcl_interfaces/include/rcl_interfaces/rcl_interfaces/srv
[0.591s] -- Up-to-date: /home/hiromichi/rost2/install/rcl_interfaces/include/rcl_interfaces/rcl_interfaces/srv/describe_parameters.h
[0.591s] -- Up-to-date: /home/hiromichi/rost2/install/rcl_interfaces/include/rcl_interfaces/rcl_interfaces/srv/get_parameters.h
[0.591s] -- Up-to-date: /home/hiromichi/rost2/install/rcl_interfaces/include/rcl_interfaces/rcl_interfaces/srv/get_parameter_types.h
[0.592s] -- Up-to-date: /home/hiromichi/rost2/install/rcl_interfaces/include/rcl_interfaces/rcl_interfaces/srv/list_parameters.h
[0.592s] -- Up-to-date: /home/hiromichi/rost2/install/rcl_interfaces/include/rcl_interfaces/rcl_interfaces/srv/set_parameters_atomically.h
[0.592s] -- Up-to-date: /home/hiromichi/rost2/install/rcl_interfaces/include/rcl_interfaces/rcl_interfaces/srv/detail
[0.594s] -- Up-to-date: /home/hiromichi/rost2/install/rcl_interfaces/include/rcl_interfaces/rcl_interfaces/srv/detail/set_parameters__type_support.h
[0.594s] -- Up-to-date: /home/hiromichi/rost2/install/rcl_interfaces/include/rcl_interfaces/rcl_interfaces/srv/detail/set_parameters_atomically__struct.h
[0.594s] -- Up-to-date: /home/hiromichi/rost2/install/rcl_interfaces/include/rcl_interfaces/rcl_interfaces/srv/detail/set_parameters_atomically__type_support.h
[0.595s] -- Up-to-date: /home/hiromichi/rost2/install/rcl_interfaces/include/rcl_interfaces/rcl_interfaces/srv/detail/set_parameters_atomically__functions.c
[0.595s] -- Up-to-date: /home/hiromichi/rost2/install/rcl_interfaces/include/rcl_interfaces/rcl_interfaces/srv/detail/describe_parameters__functions.h
[0.595s] -- Up-to-date: /home/hiromichi/rost2/install/rcl_interfaces/include/rcl_interfaces/rcl_interfaces/srv/detail/set_parameters_atomically__functions.h
[0.595s] -- Up-to-date: /home/hiromichi/rost2/install/rcl_interfaces/include/rcl_interfaces/rcl_interfaces/srv/detail/describe_parameters__functions.c
[0.595s] -- Up-to-date: /home/hiromichi/rost2/install/rcl_interfaces/include/rcl_interfaces/rcl_interfaces/srv/detail/list_parameters__functions.h
[0.595s] -- Up-to-date: /home/hiromichi/rost2/install/rcl_interfaces/include/rcl_interfaces/rcl_interfaces/srv/detail/get_parameter_types__functions.h
[0.596s] -- Up-to-date: /home/hiromichi/rost2/install/rcl_interfaces/include/rcl_interfaces/rcl_interfaces/srv/detail/describe_parameters__struct.h
[0.596s] -- Up-to-date: /home/hiromichi/rost2/install/rcl_interfaces/include/rcl_interfaces/rcl_interfaces/srv/detail/get_parameter_types__type_support.h
[0.596s] -- Up-to-date: /home/hiromichi/rost2/install/rcl_interfaces/include/rcl_interfaces/rcl_interfaces/srv/detail/list_parameters__type_support.h
[0.596s] -- Up-to-date: /home/hiromichi/rost2/install/rcl_interfaces/include/rcl_interfaces/rcl_interfaces/srv/detail/set_parameters__struct.h
[0.596s] -- Up-to-date: /home/hiromichi/rost2/install/rcl_interfaces/include/rcl_interfaces/rcl_interfaces/srv/detail/get_parameter_types__functions.c
[0.597s] -- Up-to-date: /home/hiromichi/rost2/install/rcl_interfaces/include/rcl_interfaces/rcl_interfaces/srv/detail/list_parameters__functions.c
[0.597s] -- Up-to-date: /home/hiromichi/rost2/install/rcl_interfaces/include/rcl_interfaces/rcl_interfaces/srv/detail/get_parameters__functions.c
[0.597s] -- Up-to-date: /home/hiromichi/rost2/install/rcl_interfaces/include/rcl_interfaces/rcl_interfaces/srv/detail/get_parameters__type_support.h
[0.597s] -- Up-to-date: /home/hiromichi/rost2/install/rcl_interfaces/include/rcl_interfaces/rcl_interfaces/srv/detail/describe_parameters__type_support.h
[0.597s] -- Up-to-date: /home/hiromichi/rost2/install/rcl_interfaces/include/rcl_interfaces/rcl_interfaces/srv/detail/set_parameters__functions.c
[0.597s] -- Up-to-date: /home/hiromichi/rost2/install/rcl_interfaces/include/rcl_interfaces/rcl_interfaces/srv/detail/get_parameters__functions.h
[0.597s] -- Up-to-date: /home/hiromichi/rost2/install/rcl_interfaces/include/rcl_interfaces/rcl_interfaces/srv/detail/set_parameters__functions.h
[0.598s] -- Up-to-date: /home/hiromichi/rost2/install/rcl_interfaces/include/rcl_interfaces/rcl_interfaces/srv/detail/list_parameters__struct.h
[0.598s] -- Up-to-date: /home/hiromichi/rost2/install/rcl_interfaces/include/rcl_interfaces/rcl_interfaces/srv/detail/get_parameters__struct.h
[0.598s] -- Up-to-date: /home/hiromichi/rost2/install/rcl_interfaces/include/rcl_interfaces/rcl_interfaces/srv/detail/get_parameter_types__struct.h
[0.598s] -- Up-to-date: /home/hiromichi/rost2/install/rcl_interfaces/include/rcl_interfaces/rcl_interfaces/srv/set_parameters.h
[0.599s] -- Up-to-date: /home/hiromichi/rost2/install/rcl_interfaces/include/rcl_interfaces/rcl_interfaces/msg
[0.599s] -- Up-to-date: /home/hiromichi/rost2/install/rcl_interfaces/include/rcl_interfaces/rcl_interfaces/msg/integer_range.h
[0.599s] -- Up-to-date: /home/hiromichi/rost2/install/rcl_interfaces/include/rcl_interfaces/rcl_interfaces/msg/parameter_type.h
[0.599s] -- Up-to-date: /home/hiromichi/rost2/install/rcl_interfaces/include/rcl_interfaces/rcl_interfaces/msg/list_parameters_result.h
[0.599s] -- Up-to-date: /home/hiromichi/rost2/install/rcl_interfaces/include/rcl_interfaces/rcl_interfaces/msg/parameter.h
[0.600s] -- Up-to-date: /home/hiromichi/rost2/install/rcl_interfaces/include/rcl_interfaces/rcl_interfaces/msg/parameter_event_descriptors.h
[0.600s] -- Up-to-date: /home/hiromichi/rost2/install/rcl_interfaces/include/rcl_interfaces/rcl_interfaces/msg/log.h
[0.600s] -- Up-to-date: /home/hiromichi/rost2/install/rcl_interfaces/include/rcl_interfaces/rcl_interfaces/msg/floating_point_range.h
[0.600s] -- Up-to-date: /home/hiromichi/rost2/install/rcl_interfaces/include/rcl_interfaces/rcl_interfaces/msg/set_parameters_result.h
[0.600s] -- Up-to-date: /home/hiromichi/rost2/install/rcl_interfaces/include/rcl_interfaces/rcl_interfaces/msg/parameter_value.h
[0.601s] -- Up-to-date: /home/hiromichi/rost2/install/rcl_interfaces/include/rcl_interfaces/rcl_interfaces/msg/parameter_event.h
[0.601s] -- Up-to-date: /home/hiromichi/rost2/install/rcl_interfaces/include/rcl_interfaces/rcl_interfaces/msg/rosidl_generator_c__visibility_control.h
[0.601s] -- Up-to-date: /home/hiromichi/rost2/install/rcl_interfaces/include/rcl_interfaces/rcl_interfaces/msg/detail
[0.601s] -- Up-to-date: /home/hiromichi/rost2/install/rcl_interfaces/include/rcl_interfaces/rcl_interfaces/msg/detail/parameter_event_descriptors__struct.h
[0.601s] -- Up-to-date: /home/hiromichi/rost2/install/rcl_interfaces/include/rcl_interfaces/rcl_interfaces/msg/detail/floating_point_range__struct.h
[0.602s] -- Up-to-date: /home/hiromichi/rost2/install/rcl_interfaces/include/rcl_interfaces/rcl_interfaces/msg/detail/parameter_descriptor__functions.h
[0.602s] -- Up-to-date: /home/hiromichi/rost2/install/rcl_interfaces/include/rcl_interfaces/rcl_interfaces/msg/detail/log__type_support.h
[0.602s] -- Up-to-date: /home/hiromichi/rost2/install/rcl_interfaces/include/rcl_interfaces/rcl_interfaces/msg/detail/log__functions.c
[0.602s] -- Up-to-date: /home/hiromichi/rost2/install/rcl_interfaces/include/rcl_interfaces/rcl_interfaces/msg/detail/parameter_value__struct.h
[0.602s] -- Up-to-date: /home/hiromichi/rost2/install/rcl_interfaces/include/rcl_interfaces/rcl_interfaces/msg/detail/integer_range__struct.h
[0.602s] -- Up-to-date: /home/hiromichi/rost2/install/rcl_interfaces/include/rcl_interfaces/rcl_interfaces/msg/detail/set_parameters_result__functions.h
[0.602s] -- Up-to-date: /home/hiromichi/rost2/install/rcl_interfaces/include/rcl_interfaces/rcl_interfaces/msg/detail/parameter__type_support.h
[0.602s] -- Up-to-date: /home/hiromichi/rost2/install/rcl_interfaces/include/rcl_interfaces/rcl_interfaces/msg/detail/list_parameters_result__type_support.h
[0.603s] -- Up-to-date: /home/hiromichi/rost2/install/rcl_interfaces/include/rcl_interfaces/rcl_interfaces/msg/detail/set_parameters_result__functions.c
[0.603s] -- Up-to-date: /home/hiromichi/rost2/install/rcl_interfaces/include/rcl_interfaces/rcl_interfaces/msg/detail/parameter_descriptor__struct.h
[0.603s] -- Up-to-date: /home/hiromichi/rost2/install/rcl_interfaces/include/rcl_interfaces/rcl_interfaces/msg/detail/parameter_type__type_support.h
[0.603s] -- Up-to-date: /home/hiromichi/rost2/install/rcl_interfaces/include/rcl_interfaces/rcl_interfaces/msg/detail/parameter__functions.c
[0.603s] -- Up-to-date: /home/hiromichi/rost2/install/rcl_interfaces/include/rcl_interfaces/rcl_interfaces/msg/detail/parameter__functions.h
[0.603s] -- Up-to-date: /home/hiromichi/rost2/install/rcl_interfaces/include/rcl_interfaces/rcl_interfaces/msg/detail/parameter_descriptor__type_support.h
[0.603s] -- Up-to-date: /home/hiromichi/rost2/install/rcl_interfaces/include/rcl_interfaces/rcl_interfaces/msg/detail/parameter_type__functions.h
[0.604s] -- Up-to-date: /home/hiromichi/rost2/install/rcl_interfaces/include/rcl_interfaces/rcl_interfaces/msg/detail/parameter_event__struct.h
[0.604s] -- Up-to-date: /home/hiromichi/rost2/install/rcl_interfaces/include/rcl_interfaces/rcl_interfaces/msg/detail/floating_point_range__type_support.h
[0.604s] -- Up-to-date: /home/hiromichi/rost2/install/rcl_interfaces/include/rcl_interfaces/rcl_interfaces/msg/detail/set_parameters_result__type_support.h
[0.604s] -- Up-to-date: /home/hiromichi/rost2/install/rcl_interfaces/include/rcl_interfaces/rcl_interfaces/msg/detail/parameter_event__functions.c
[0.604s] -- Up-to-date: /home/hiromichi/rost2/install/rcl_interfaces/include/rcl_interfaces/rcl_interfaces/msg/detail/list_parameters_result__functions.h
[0.604s] -- Up-to-date: /home/hiromichi/rost2/install/rcl_interfaces/include/rcl_interfaces/rcl_interfaces/msg/detail/parameter_event_descriptors__functions.h
[0.604s] -- Up-to-date: /home/hiromichi/rost2/install/rcl_interfaces/include/rcl_interfaces/rcl_interfaces/msg/detail/list_parameters_result__struct.h
[0.604s] -- Up-to-date: /home/hiromichi/rost2/install/rcl_interfaces/include/rcl_interfaces/rcl_interfaces/msg/detail/floating_point_range__functions.c
[0.604s] -- Up-to-date: /home/hiromichi/rost2/install/rcl_interfaces/include/rcl_interfaces/rcl_interfaces/msg/detail/log__struct.h
[0.605s] -- Up-to-date: /home/hiromichi/rost2/install/rcl_interfaces/include/rcl_interfaces/rcl_interfaces/msg/detail/parameter__struct.h
[0.605s] -- Up-to-date: /home/hiromichi/rost2/install/rcl_interfaces/include/rcl_interfaces/rcl_interfaces/msg/detail/parameter_value__functions.h
[0.605s] -- Up-to-date: /home/hiromichi/rost2/install/rcl_interfaces/include/rcl_interfaces/rcl_interfaces/msg/detail/parameter_descriptor__functions.c
[0.605s] -- Up-to-date: /home/hiromichi/rost2/install/rcl_interfaces/include/rcl_interfaces/rcl_interfaces/msg/detail/parameter_value__type_support.h
[0.605s] -- Up-to-date: /home/hiromichi/rost2/install/rcl_interfaces/include/rcl_interfaces/rcl_interfaces/msg/detail/parameter_type__struct.h
[0.605s] -- Up-to-date: /home/hiromichi/rost2/install/rcl_interfaces/include/rcl_interfaces/rcl_interfaces/msg/detail/integer_range__functions.c
[0.605s] -- Up-to-date: /home/hiromichi/rost2/install/rcl_interfaces/include/rcl_interfaces/rcl_interfaces/msg/detail/parameter_event__functions.h
[0.605s] -- Up-to-date: /home/hiromichi/rost2/install/rcl_interfaces/include/rcl_interfaces/rcl_interfaces/msg/detail/floating_point_range__functions.h
[0.605s] -- Up-to-date: /home/hiromichi/rost2/install/rcl_interfaces/include/rcl_interfaces/rcl_interfaces/msg/detail/list_parameters_result__functions.c
[0.605s] -- Up-to-date: /home/hiromichi/rost2/install/rcl_interfaces/include/rcl_interfaces/rcl_interfaces/msg/detail/set_parameters_result__struct.h
[0.605s] -- Up-to-date: /home/hiromichi/rost2/install/rcl_interfaces/include/rcl_interfaces/rcl_interfaces/msg/detail/integer_range__type_support.h
[0.606s] -- Up-to-date: /home/hiromichi/rost2/install/rcl_interfaces/include/rcl_interfaces/rcl_interfaces/msg/detail/integer_range__functions.h
[0.606s] -- Up-to-date: /home/hiromichi/rost2/install/rcl_interfaces/include/rcl_interfaces/rcl_interfaces/msg/detail/parameter_event__type_support.h
[0.606s] -- Up-to-date: /home/hiromichi/rost2/install/rcl_interfaces/include/rcl_interfaces/rcl_interfaces/msg/detail/parameter_value__functions.c
[0.606s] -- Up-to-date: /home/hiromichi/rost2/install/rcl_interfaces/include/rcl_interfaces/rcl_interfaces/msg/detail/parameter_event_descriptors__type_support.h
[0.606s] -- Up-to-date: /home/hiromichi/rost2/install/rcl_interfaces/include/rcl_interfaces/rcl_interfaces/msg/detail/log__functions.h
[0.606s] -- Up-to-date: /home/hiromichi/rost2/install/rcl_interfaces/include/rcl_interfaces/rcl_interfaces/msg/detail/parameter_type__functions.c
[0.606s] -- Up-to-date: /home/hiromichi/rost2/install/rcl_interfaces/include/rcl_interfaces/rcl_interfaces/msg/detail/parameter_event_descriptors__functions.c
[0.606s] -- Up-to-date: /home/hiromichi/rost2/install/rcl_interfaces/include/rcl_interfaces/rcl_interfaces/msg/parameter_descriptor.h
[0.606s] -- Up-to-date: /home/hiromichi/rost2/install/rcl_interfaces/share/rcl_interfaces/environment/library_path.sh
[0.607s] -- Up-to-date: /home/hiromichi/rost2/install/rcl_interfaces/share/rcl_interfaces/environment/library_path.dsv
[0.607s] -- Up-to-date: /home/hiromichi/rost2/install/rcl_interfaces/lib/librcl_interfaces__rosidl_generator_c.so
[0.607s] -- Up-to-date: /home/hiromichi/rost2/install/rcl_interfaces/include/rcl_interfaces/rcl_interfaces
[0.607s] -- Up-to-date: /home/hiromichi/rost2/install/rcl_interfaces/include/rcl_interfaces/rcl_interfaces/srv
[0.607s] -- Up-to-date: /home/hiromichi/rost2/install/rcl_interfaces/include/rcl_interfaces/rcl_interfaces/srv/detail
[0.607s] -- Up-to-date: /home/hiromichi/rost2/install/rcl_interfaces/include/rcl_interfaces/rcl_interfaces/srv/detail/get_parameters__rosidl_typesupport_fastrtps_c.h
[0.607s] -- Up-to-date: /home/hiromichi/rost2/install/rcl_interfaces/include/rcl_interfaces/rcl_interfaces/srv/detail/describe_parameters__rosidl_typesupport_fastrtps_c.h
[0.607s] -- Up-to-date: /home/hiromichi/rost2/install/rcl_interfaces/include/rcl_interfaces/rcl_interfaces/srv/detail/set_parameters__rosidl_typesupport_fastrtps_c.h
[0.608s] -- Up-to-date: /home/hiromichi/rost2/install/rcl_interfaces/include/rcl_interfaces/rcl_interfaces/srv/detail/get_parameter_types__rosidl_typesupport_fastrtps_c.h
[0.608s] -- Up-to-date: /home/hiromichi/rost2/install/rcl_interfaces/include/rcl_interfaces/rcl_interfaces/srv/detail/list_parameters__rosidl_typesupport_fastrtps_c.h
[0.608s] -- Up-to-date: /home/hiromichi/rost2/install/rcl_interfaces/include/rcl_interfaces/rcl_interfaces/srv/detail/set_parameters_atomically__rosidl_typesupport_fastrtps_c.h
[0.608s] -- Up-to-date: /home/hiromichi/rost2/install/rcl_interfaces/include/rcl_interfaces/rcl_interfaces/msg
[0.608s] -- Up-to-date: /home/hiromichi/rost2/install/rcl_interfaces/include/rcl_interfaces/rcl_interfaces/msg/rosidl_typesupport_fastrtps_c__visibility_control.h
[0.608s] -- Up-to-date: /home/hiromichi/rost2/install/rcl_interfaces/include/rcl_interfaces/rcl_interfaces/msg/detail
[0.608s] -- Up-to-date: /home/hiromichi/rost2/install/rcl_interfaces/include/rcl_interfaces/rcl_interfaces/msg/detail/floating_point_range__rosidl_typesupport_fastrtps_c.h
[0.609s] -- Up-to-date: /home/hiromichi/rost2/install/rcl_interfaces/include/rcl_interfaces/rcl_interfaces/msg/detail/parameter_event_descriptors__rosidl_typesupport_fastrtps_c.h
[0.609s] -- Up-to-date: /home/hiromichi/rost2/install/rcl_interfaces/include/rcl_interfaces/rcl_interfaces/msg/detail/list_parameters_result__rosidl_typesupport_fastrtps_c.h
[0.609s] -- Up-to-date: /home/hiromichi/rost2/install/rcl_interfaces/include/rcl_interfaces/rcl_interfaces/msg/detail/parameter_descriptor__rosidl_typesupport_fastrtps_c.h
[0.609s] -- Up-to-date: /home/hiromichi/rost2/install/rcl_interfaces/include/rcl_interfaces/rcl_interfaces/msg/detail/log__rosidl_typesupport_fastrtps_c.h
[0.609s] -- Up-to-date: /home/hiromichi/rost2/install/rcl_interfaces/include/rcl_interfaces/rcl_interfaces/msg/detail/parameter_value__rosidl_typesupport_fastrtps_c.h
[0.609s] -- Up-to-date: /home/hiromichi/rost2/install/rcl_interfaces/include/rcl_interfaces/rcl_interfaces/msg/detail/parameter_event__rosidl_typesupport_fastrtps_c.h
[0.609s] -- Up-to-date: /home/hiromichi/rost2/install/rcl_interfaces/include/rcl_interfaces/rcl_interfaces/msg/detail/set_parameters_result__rosidl_typesupport_fastrtps_c.h
[0.610s] -- Up-to-date: /home/hiromichi/rost2/install/rcl_interfaces/include/rcl_interfaces/rcl_interfaces/msg/detail/parameter__rosidl_typesupport_fastrtps_c.h
[0.610s] -- Up-to-date: /home/hiromichi/rost2/install/rcl_interfaces/include/rcl_interfaces/rcl_interfaces/msg/detail/integer_range__rosidl_typesupport_fastrtps_c.h
[0.610s] -- Up-to-date: /home/hiromichi/rost2/install/rcl_interfaces/include/rcl_interfaces/rcl_interfaces/msg/detail/parameter_type__rosidl_typesupport_fastrtps_c.h
[0.610s] -- Up-to-date: /home/hiromichi/rost2/install/rcl_interfaces/lib/librcl_interfaces__rosidl_typesupport_fastrtps_c.so
[0.610s] -- Up-to-date: /home/hiromichi/rost2/install/rcl_interfaces/include/rcl_interfaces/rcl_interfaces
[0.610s] -- Up-to-date: /home/hiromichi/rost2/install/rcl_interfaces/include/rcl_interfaces/rcl_interfaces/srv
[0.610s] -- Up-to-date: /home/hiromichi/rost2/install/rcl_interfaces/include/rcl_interfaces/rcl_interfaces/srv/detail
[0.610s] -- Up-to-date: /home/hiromichi/rost2/install/rcl_interfaces/include/rcl_interfaces/rcl_interfaces/srv/detail/describe_parameters__type_support.c
[0.610s] -- Up-to-date: /home/hiromichi/rost2/install/rcl_interfaces/include/rcl_interfaces/rcl_interfaces/srv/detail/get_parameter_types__type_support.c
[0.610s] -- Up-to-date: /home/hiromichi/rost2/install/rcl_interfaces/include/rcl_interfaces/rcl_interfaces/srv/detail/list_parameters__rosidl_typesupport_introspection_c.h
[0.610s] -- Up-to-date: /home/hiromichi/rost2/install/rcl_interfaces/include/rcl_interfaces/rcl_interfaces/srv/detail/get_parameters__type_support.c
[0.610s] -- Up-to-date: /home/hiromichi/rost2/install/rcl_interfaces/include/rcl_interfaces/rcl_interfaces/srv/detail/set_parameters__type_support.c
[0.611s] -- Up-to-date: /home/hiromichi/rost2/install/rcl_interfaces/include/rcl_interfaces/rcl_interfaces/srv/detail/set_parameters_atomically__type_support.c
[0.611s] -- Up-to-date: /home/hiromichi/rost2/install/rcl_interfaces/include/rcl_interfaces/rcl_interfaces/srv/detail/list_parameters__type_support.c
[0.611s] -- Up-to-date: /home/hiromichi/rost2/install/rcl_interfaces/include/rcl_interfaces/rcl_interfaces/srv/detail/get_parameter_types__rosidl_typesupport_introspection_c.h
[0.611s] -- Up-to-date: /home/hiromichi/rost2/install/rcl_interfaces/include/rcl_interfaces/rcl_interfaces/srv/detail/set_parameters__rosidl_typesupport_introspection_c.h
[0.611s] -- Up-to-date: /home/hiromichi/rost2/install/rcl_interfaces/include/rcl_interfaces/rcl_interfaces/srv/detail/get_parameters__rosidl_typesupport_introspection_c.h
[0.611s] -- Up-to-date: /home/hiromichi/rost2/install/rcl_interfaces/include/rcl_interfaces/rcl_interfaces/srv/detail/describe_parameters__rosidl_typesupport_introspection_c.h
[0.611s] -- Up-to-date: /home/hiromichi/rost2/install/rcl_interfaces/include/rcl_interfaces/rcl_interfaces/srv/detail/set_parameters_atomically__rosidl_typesupport_introspection_c.h
[0.611s] -- Up-to-date: /home/hiromichi/rost2/install/rcl_interfaces/include/rcl_interfaces/rcl_interfaces/msg
[0.611s] -- Up-to-date: /home/hiromichi/rost2/install/rcl_interfaces/include/rcl_interfaces/rcl_interfaces/msg/rosidl_typesupport_introspection_c__visibility_control.h
[0.611s] -- Up-to-date: /home/hiromichi/rost2/install/rcl_interfaces/include/rcl_interfaces/rcl_interfaces/msg/detail
[0.611s] -- Up-to-date: /home/hiromichi/rost2/install/rcl_interfaces/include/rcl_interfaces/rcl_interfaces/msg/detail/parameter_type__rosidl_typesupport_introspection_c.h
[0.611s] -- Up-to-date: /home/hiromichi/rost2/install/rcl_interfaces/include/rcl_interfaces/rcl_interfaces/msg/detail/floating_point_range__type_support.c
[0.612s] -- Up-to-date: /home/hiromichi/rost2/install/rcl_interfaces/include/rcl_interfaces/rcl_interfaces/msg/detail/parameter__rosidl_typesupport_introspection_c.h
[0.612s] -- Up-to-date: /home/hiromichi/rost2/install/rcl_interfaces/include/rcl_interfaces/rcl_interfaces/msg/detail/integer_range__type_support.c
[0.612s] -- Up-to-date: /home/hiromichi/rost2/install/rcl_interfaces/include/rcl_interfaces/rcl_interfaces/msg/detail/parameter_event__type_support.c
[0.612s] -- Up-to-date: /home/hiromichi/rost2/install/rcl_interfaces/include/rcl_interfaces/rcl_interfaces/msg/detail/parameter_value__type_support.c
[0.612s] -- Up-to-date: /home/hiromichi/rost2/install/rcl_interfaces/include/rcl_interfaces/rcl_interfaces/msg/detail/parameter_event_descriptors__type_support.c
[0.612s] -- Up-to-date: /home/hiromichi/rost2/install/rcl_interfaces/include/rcl_interfaces/rcl_interfaces/msg/detail/parameter_event__rosidl_typesupport_introspection_c.h
[0.612s] -- Up-to-date: /home/hiromichi/rost2/install/rcl_interfaces/include/rcl_interfaces/rcl_interfaces/msg/detail/parameter_event_descriptors__rosidl_typesupport_introspection_c.h
[0.612s] -- Up-to-date: /home/hiromichi/rost2/install/rcl_interfaces/include/rcl_interfaces/rcl_interfaces/msg/detail/log__type_support.c
[0.612s] -- Up-to-date: /home/hiromichi/rost2/install/rcl_interfaces/include/rcl_interfaces/rcl_interfaces/msg/detail/integer_range__rosidl_typesupport_introspection_c.h
[0.612s] -- Up-to-date: /home/hiromichi/rost2/install/rcl_interfaces/include/rcl_interfaces/rcl_interfaces/msg/detail/list_parameters_result__rosidl_typesupport_introspection_c.h
[0.612s] -- Up-to-date: /home/hiromichi/rost2/install/rcl_interfaces/include/rcl_interfaces/rcl_interfaces/msg/detail/log__rosidl_typesupport_introspection_c.h
[0.612s] -- Up-to-date: /home/hiromichi/rost2/install/rcl_interfaces/include/rcl_interfaces/rcl_interfaces/msg/detail/parameter__type_support.c
[0.612s] -- Up-to-date: /home/hiromichi/rost2/install/rcl_interfaces/include/rcl_interfaces/rcl_interfaces/msg/detail/set_parameters_result__type_support.c
[0.613s] -- Up-to-date: /home/hiromichi/rost2/install/rcl_interfaces/include/rcl_interfaces/rcl_interfaces/msg/detail/floating_point_range__rosidl_typesupport_introspection_c.h
[0.613s] -- Up-to-date: /home/hiromichi/rost2/install/rcl_interfaces/include/rcl_interfaces/rcl_interfaces/msg/detail/parameter_descriptor__type_support.c
[0.613s] -- Up-to-date: /home/hiromichi/rost2/install/rcl_interfaces/include/rcl_interfaces/rcl_interfaces/msg/detail/list_parameters_result__type_support.c
[0.613s] -- Up-to-date: /home/hiromichi/rost2/install/rcl_interfaces/include/rcl_interfaces/rcl_interfaces/msg/detail/parameter_value__rosidl_typesupport_introspection_c.h
[0.613s] -- Up-to-date: /home/hiromichi/rost2/install/rcl_interfaces/include/rcl_interfaces/rcl_interfaces/msg/detail/parameter_type__type_support.c
[0.613s] -- Up-to-date: /home/hiromichi/rost2/install/rcl_interfaces/include/rcl_interfaces/rcl_interfaces/msg/detail/set_parameters_result__rosidl_typesupport_introspection_c.h
[0.613s] -- Up-to-date: /home/hiromichi/rost2/install/rcl_interfaces/include/rcl_interfaces/rcl_interfaces/msg/detail/parameter_descriptor__rosidl_typesupport_introspection_c.h
[0.613s] -- Up-to-date: /home/hiromichi/rost2/install/rcl_interfaces/lib/librcl_interfaces__rosidl_typesupport_introspection_c.so
[0.613s] -- Up-to-date: /home/hiromichi/rost2/install/rcl_interfaces/lib/librcl_interfaces__rosidl_typesupport_c.so
[0.613s] -- Up-to-date: /home/hiromichi/rost2/install/rcl_interfaces/include/rcl_interfaces/rcl_interfaces
[0.614s] -- Up-to-date: /home/hiromichi/rost2/install/rcl_interfaces/include/rcl_interfaces/rcl_interfaces/srv
[0.614s] -- Up-to-date: /home/hiromichi/rost2/install/rcl_interfaces/include/rcl_interfaces/rcl_interfaces/srv/list_parameters.hpp
[0.614s] -- Up-to-date: /home/hiromichi/rost2/install/rcl_interfaces/include/rcl_interfaces/rcl_interfaces/srv/get_parameter_types.hpp
[0.614s] -- Up-to-date: /home/hiromichi/rost2/install/rcl_interfaces/include/rcl_interfaces/rcl_interfaces/srv/get_parameters.hpp
[0.614s] -- Up-to-date: /home/hiromichi/rost2/install/rcl_interfaces/include/rcl_interfaces/rcl_interfaces/srv/describe_parameters.hpp
[0.614s] -- Up-to-date: /home/hiromichi/rost2/install/rcl_interfaces/include/rcl_interfaces/rcl_interfaces/srv/detail
[0.614s] -- Up-to-date: /home/hiromichi/rost2/install/rcl_interfaces/include/rcl_interfaces/rcl_interfaces/srv/detail/get_parameter_types__traits.hpp
[0.614s] -- Up-to-date: /home/hiromichi/rost2/install/rcl_interfaces/include/rcl_interfaces/rcl_interfaces/srv/detail/list_parameters__builder.hpp
[0.614s] -- Up-to-date: /home/hiromichi/rost2/install/rcl_interfaces/include/rcl_interfaces/rcl_interfaces/srv/detail/describe_parameters__builder.hpp
[0.614s] -- Up-to-date: /home/hiromichi/rost2/install/rcl_interfaces/include/rcl_interfaces/rcl_interfaces/srv/detail/list_parameters__struct.hpp
[0.615s] -- Up-to-date: /home/hiromichi/rost2/install/rcl_interfaces/include/rcl_interfaces/rcl_interfaces/srv/detail/set_parameters_atomically__traits.hpp
[0.615s] -- Up-to-date: /home/hiromichi/rost2/install/rcl_interfaces/include/rcl_interfaces/rcl_interfaces/srv/detail/get_parameter_types__struct.hpp
[0.615s] -- Up-to-date: /home/hiromichi/rost2/install/rcl_interfaces/include/rcl_interfaces/rcl_interfaces/srv/detail/set_parameters__builder.hpp
[0.615s] -- Up-to-date: /home/hiromichi/rost2/install/rcl_interfaces/include/rcl_interfaces/rcl_interfaces/srv/detail/get_parameters__traits.hpp
[0.615s] -- Up-to-date: /home/hiromichi/rost2/install/rcl_interfaces/include/rcl_interfaces/rcl_interfaces/srv/detail/get_parameters__struct.hpp
[0.615s] -- Up-to-date: /home/hiromichi/rost2/install/rcl_interfaces/include/rcl_interfaces/rcl_interfaces/srv/detail/list_parameters__traits.hpp
[0.615s] -- Up-to-date: /home/hiromichi/rost2/install/rcl_interfaces/include/rcl_interfaces/rcl_interfaces/srv/detail/set_parameters_atomically__builder.hpp
[0.615s] -- Up-to-date: /home/hiromichi/rost2/install/rcl_interfaces/include/rcl_interfaces/rcl_interfaces/srv/detail/set_parameters__struct.hpp
[0.615s] -- Up-to-date: /home/hiromichi/rost2/install/rcl_interfaces/include/rcl_interfaces/rcl_interfaces/srv/detail/set_parameters_atomically__struct.hpp
[0.615s] -- Up-to-date: /home/hiromichi/rost2/install/rcl_interfaces/include/rcl_interfaces/rcl_interfaces/srv/detail/get_parameters__builder.hpp
[0.615s] -- Up-to-date: /home/hiromichi/rost2/install/rcl_interfaces/include/rcl_interfaces/rcl_interfaces/srv/detail/describe_parameters__struct.hpp
[0.615s] -- Up-to-date: /home/hiromichi/rost2/install/rcl_interfaces/include/rcl_interfaces/rcl_interfaces/srv/detail/get_parameter_types__builder.hpp
[0.616s] -- Up-to-date: /home/hiromichi/rost2/install/rcl_interfaces/include/rcl_interfaces/rcl_interfaces/srv/detail/set_parameters__traits.hpp
[0.616s] -- Up-to-date: /home/hiromichi/rost2/install/rcl_interfaces/include/rcl_interfaces/rcl_interfaces/srv/detail/describe_parameters__traits.hpp
[0.616s] -- Up-to-date: /home/hiromichi/rost2/install/rcl_interfaces/include/rcl_interfaces/rcl_interfaces/srv/set_parameters_atomically.hpp
[0.616s] -- Up-to-date: /home/hiromichi/rost2/install/rcl_interfaces/include/rcl_interfaces/rcl_interfaces/srv/set_parameters.hpp
[0.616s] -- Up-to-date: /home/hiromichi/rost2/install/rcl_interfaces/include/rcl_interfaces/rcl_interfaces/msg
[0.616s] -- Up-to-date: /home/hiromichi/rost2/install/rcl_interfaces/include/rcl_interfaces/rcl_interfaces/msg/parameter_event.hpp
[0.616s] -- Up-to-date: /home/hiromichi/rost2/install/rcl_interfaces/include/rcl_interfaces/rcl_interfaces/msg/parameter.hpp
[0.616s] -- Up-to-date: /home/hiromichi/rost2/install/rcl_interfaces/include/rcl_interfaces/rcl_interfaces/msg/floating_point_range.hpp
[0.616s] -- Up-to-date: /home/hiromichi/rost2/install/rcl_interfaces/include/rcl_interfaces/rcl_interfaces/msg/parameter_descriptor.hpp
[0.616s] -- Up-to-date: /home/hiromichi/rost2/install/rcl_interfaces/include/rcl_interfaces/rcl_interfaces/msg/parameter_event_descriptors.hpp
[0.616s] -- Up-to-date: /home/hiromichi/rost2/install/rcl_interfaces/include/rcl_interfaces/rcl_interfaces/msg/set_parameters_result.hpp
[0.617s] -- Up-to-date: /home/hiromichi/rost2/install/rcl_interfaces/include/rcl_interfaces/rcl_interfaces/msg/integer_range.hpp
[0.617s] -- Up-to-date: /home/hiromichi/rost2/install/rcl_interfaces/include/rcl_interfaces/rcl_interfaces/msg/list_parameters_result.hpp
[0.617s] -- Up-to-date: /home/hiromichi/rost2/install/rcl_interfaces/include/rcl_interfaces/rcl_interfaces/msg/log.hpp
[0.617s] -- Up-to-date: /home/hiromichi/rost2/install/rcl_interfaces/include/rcl_interfaces/rcl_interfaces/msg/parameter_type.hpp
[0.617s] -- Up-to-date: /home/hiromichi/rost2/install/rcl_interfaces/include/rcl_interfaces/rcl_interfaces/msg/parameter_value.hpp
[0.617s] -- Up-to-date: /home/hiromichi/rost2/install/rcl_interfaces/include/rcl_interfaces/rcl_interfaces/msg/detail
[0.617s] -- Up-to-date: /home/hiromichi/rost2/install/rcl_interfaces/include/rcl_interfaces/rcl_interfaces/msg/detail/set_parameters_result__traits.hpp
[0.617s] -- Up-to-date: /home/hiromichi/rost2/install/rcl_interfaces/include/rcl_interfaces/rcl_interfaces/msg/detail/log__struct.hpp
[0.617s] -- Up-to-date: /home/hiromichi/rost2/install/rcl_interfaces/include/rcl_interfaces/rcl_interfaces/msg/detail/parameter_event_descriptors__struct.hpp
[0.617s] -- Up-to-date: /home/hiromichi/rost2/install/rcl_interfaces/include/rcl_interfaces/rcl_interfaces/msg/detail/parameter_type__traits.hpp
[0.617s] -- Up-to-date: /home/hiromichi/rost2/install/rcl_interfaces/include/rcl_interfaces/rcl_interfaces/msg/detail/parameter_event_descriptors__traits.hpp
[0.617s] -- Up-to-date: /home/hiromichi/rost2/install/rcl_interfaces/include/rcl_interfaces/rcl_interfaces/msg/detail/parameter_type__builder.hpp
[0.618s] -- Up-to-date: /home/hiromichi/rost2/install/rcl_interfaces/include/rcl_interfaces/rcl_interfaces/msg/detail/floating_point_range__traits.hpp
[0.618s] -- Up-to-date: /home/hiromichi/rost2/install/rcl_interfaces/include/rcl_interfaces/rcl_interfaces/msg/detail/list_parameters_result__traits.hpp
[0.618s] -- Up-to-date: /home/hiromichi/rost2/install/rcl_interfaces/include/rcl_interfaces/rcl_interfaces/msg/detail/parameter__struct.hpp
[0.618s] -- Up-to-date: /home/hiromichi/rost2/install/rcl_interfaces/include/rcl_interfaces/rcl_interfaces/msg/detail/parameter_descriptor__struct.hpp
[0.618s] -- Up-to-date: /home/hiromichi/rost2/install/rcl_interfaces/include/rcl_interfaces/rcl_interfaces/msg/detail/list_parameters_result__struct.hpp
[0.618s] -- Up-to-date: /home/hiromichi/rost2/install/rcl_interfaces/include/rcl_interfaces/rcl_interfaces/msg/detail/integer_range__traits.hpp
[0.618s] -- Up-to-date: /home/hiromichi/rost2/install/rcl_interfaces/include/rcl_interfaces/rcl_interfaces/msg/detail/parameter__builder.hpp
[0.618s] -- Up-to-date: /home/hiromichi/rost2/install/rcl_interfaces/include/rcl_interfaces/rcl_interfaces/msg/detail/set_parameters_result__builder.hpp
[0.618s] -- Up-to-date: /home/hiromichi/rost2/install/rcl_interfaces/include/rcl_interfaces/rcl_interfaces/msg/detail/set_parameters_result__struct.hpp
[0.618s] -- Up-to-date: /home/hiromichi/rost2/install/rcl_interfaces/include/rcl_interfaces/rcl_interfaces/msg/detail/parameter_event__struct.hpp
[0.618s] -- Up-to-date: /home/hiromichi/rost2/install/rcl_interfaces/include/rcl_interfaces/rcl_interfaces/msg/detail/parameter__traits.hpp
[0.619s] -- Up-to-date: /home/hiromichi/rost2/install/rcl_interfaces/include/rcl_interfaces/rcl_interfaces/msg/detail/floating_point_range__struct.hpp
[0.619s] -- Up-to-date: /home/hiromichi/rost2/install/rcl_interfaces/include/rcl_interfaces/rcl_interfaces/msg/detail/floating_point_range__builder.hpp
[0.619s] -- Up-to-date: /home/hiromichi/rost2/install/rcl_interfaces/include/rcl_interfaces/rcl_interfaces/msg/detail/parameter_value__traits.hpp
[0.619s] -- Up-to-date: /home/hiromichi/rost2/install/rcl_interfaces/include/rcl_interfaces/rcl_interfaces/msg/detail/parameter_descriptor__traits.hpp
[0.619s] -- Up-to-date: /home/hiromichi/rost2/install/rcl_interfaces/include/rcl_interfaces/rcl_interfaces/msg/detail/integer_range__struct.hpp
[0.619s] -- Up-to-date: /home/hiromichi/rost2/install/rcl_interfaces/include/rcl_interfaces/rcl_interfaces/msg/detail/parameter_value__struct.hpp
[0.619s] -- Up-to-date: /home/hiromichi/rost2/install/rcl_interfaces/include/rcl_interfaces/rcl_interfaces/msg/detail/parameter_descriptor__builder.hpp
[0.619s] -- Up-to-date: /home/hiromichi/rost2/install/rcl_interfaces/include/rcl_interfaces/rcl_interfaces/msg/detail/list_parameters_result__builder.hpp
[0.619s] -- Up-to-date: /home/hiromichi/rost2/install/rcl_interfaces/include/rcl_interfaces/rcl_interfaces/msg/detail/parameter_type__struct.hpp
[0.619s] -- Up-to-date: /home/hiromichi/rost2/install/rcl_interfaces/include/rcl_interfaces/rcl_interfaces/msg/detail/log__traits.hpp
[0.620s] -- Up-to-date: /home/hiromichi/rost2/install/rcl_interfaces/include/rcl_interfaces/rcl_interfaces/msg/detail/integer_range__builder.hpp
[0.620s] -- Up-to-date: /home/hiromichi/rost2/install/rcl_interfaces/include/rcl_interfaces/rcl_interfaces/msg/detail/parameter_value__builder.hpp
[0.620s] -- Up-to-date: /home/hiromichi/rost2/install/rcl_interfaces/include/rcl_interfaces/rcl_interfaces/msg/detail/parameter_event_descriptors__builder.hpp
[0.620s] -- Up-to-date: /home/hiromichi/rost2/install/rcl_interfaces/include/rcl_interfaces/rcl_interfaces/msg/detail/parameter_event__builder.hpp
[0.620s] -- Up-to-date: /home/hiromichi/rost2/install/rcl_interfaces/include/rcl_interfaces/rcl_interfaces/msg/detail/log__builder.hpp
[0.620s] -- Up-to-date: /home/hiromichi/rost2/install/rcl_interfaces/include/rcl_interfaces/rcl_interfaces/msg/detail/parameter_event__traits.hpp
[0.620s] -- Up-to-date: /home/hiromichi/rost2/install/rcl_interfaces/include/rcl_interfaces/rcl_interfaces
[0.620s] -- Up-to-date: /home/hiromichi/rost2/install/rcl_interfaces/include/rcl_interfaces/rcl_interfaces/srv
[0.620s] -- Up-to-date: /home/hiromichi/rost2/install/rcl_interfaces/include/rcl_interfaces/rcl_interfaces/srv/detail
[0.620s] -- Up-to-date: /home/hiromichi/rost2/install/rcl_interfaces/include/rcl_interfaces/rcl_interfaces/srv/detail/list_parameters__rosidl_typesupport_fastrtps_cpp.hpp
[0.620s] -- Up-to-date: /home/hiromichi/rost2/install/rcl_interfaces/include/rcl_interfaces/rcl_interfaces/srv/detail/get_parameter_types__rosidl_typesupport_fastrtps_cpp.hpp
[0.620s] -- Up-to-date: /home/hiromichi/rost2/install/rcl_interfaces/include/rcl_interfaces/rcl_interfaces/srv/detail/get_parameters__rosidl_typesupport_fastrtps_cpp.hpp
[0.621s] -- Up-to-date: /home/hiromichi/rost2/install/rcl_interfaces/include/rcl_interfaces/rcl_interfaces/srv/detail/set_parameters__rosidl_typesupport_fastrtps_cpp.hpp
[0.621s] -- Up-to-date: /home/hiromichi/rost2/install/rcl_interfaces/include/rcl_interfaces/rcl_interfaces/srv/detail/dds_fastrtps
[0.621s] -- Up-to-date: /home/hiromichi/rost2/install/rcl_interfaces/include/rcl_interfaces/rcl_interfaces/srv/detail/set_parameters_atomically__rosidl_typesupport_fastrtps_cpp.hpp
[0.621s] -- Up-to-date: /home/hiromichi/rost2/install/rcl_interfaces/include/rcl_interfaces/rcl_interfaces/srv/detail/describe_parameters__rosidl_typesupport_fastrtps_cpp.hpp
[0.621s] -- Up-to-date: /home/hiromichi/rost2/install/rcl_interfaces/include/rcl_interfaces/rcl_interfaces/msg
[0.621s] -- Up-to-date: /home/hiromichi/rost2/install/rcl_interfaces/include/rcl_interfaces/rcl_interfaces/msg/rosidl_typesupport_fastrtps_cpp__visibility_control.h
[0.621s] -- Up-to-date: /home/hiromichi/rost2/install/rcl_interfaces/include/rcl_interfaces/rcl_interfaces/msg/detail
[0.621s] -- Up-to-date: /home/hiromichi/rost2/install/rcl_interfaces/include/rcl_interfaces/rcl_interfaces/msg/detail/parameter_type__rosidl_typesupport_fastrtps_cpp.hpp
[0.621s] -- Up-to-date: /home/hiromichi/rost2/install/rcl_interfaces/include/rcl_interfaces/rcl_interfaces/msg/detail/parameter_descriptor__rosidl_typesupport_fastrtps_cpp.hpp
[0.621s] -- Up-to-date: /home/hiromichi/rost2/install/rcl_interfaces/include/rcl_interfaces/rcl_interfaces/msg/detail/list_parameters_result__rosidl_typesupport_fastrtps_cpp.hpp
[0.621s] -- Up-to-date: /home/hiromichi/rost2/install/rcl_interfaces/include/rcl_interfaces/rcl_interfaces/msg/detail/parameter__rosidl_typesupport_fastrtps_cpp.hpp
[0.622s] -- Up-to-date: /home/hiromichi/rost2/install/rcl_interfaces/include/rcl_interfaces/rcl_interfaces/msg/detail/parameter_value__rosidl_typesupport_fastrtps_cpp.hpp
[0.622s] -- Up-to-date: /home/hiromichi/rost2/install/rcl_interfaces/include/rcl_interfaces/rcl_interfaces/msg/detail/dds_fastrtps
[0.622s] -- Up-to-date: /home/hiromichi/rost2/install/rcl_interfaces/include/rcl_interfaces/rcl_interfaces/msg/detail/floating_point_range__rosidl_typesupport_fastrtps_cpp.hpp
[0.622s] -- Up-to-date: /home/hiromichi/rost2/install/rcl_interfaces/include/rcl_interfaces/rcl_interfaces/msg/detail/log__rosidl_typesupport_fastrtps_cpp.hpp
[0.622s] -- Up-to-date: /home/hiromichi/rost2/install/rcl_interfaces/include/rcl_interfaces/rcl_interfaces/msg/detail/set_parameters_result__rosidl_typesupport_fastrtps_cpp.hpp
[0.622s] -- Up-to-date: /home/hiromichi/rost2/install/rcl_interfaces/include/rcl_interfaces/rcl_interfaces/msg/detail/parameter_event__rosidl_typesupport_fastrtps_cpp.hpp
[0.622s] -- Up-to-date: /home/hiromichi/rost2/install/rcl_interfaces/include/rcl_interfaces/rcl_interfaces/msg/detail/parameter_event_descriptors__rosidl_typesupport_fastrtps_cpp.hpp
[0.622s] -- Up-to-date: /home/hiromichi/rost2/install/rcl_interfaces/include/rcl_interfaces/rcl_interfaces/msg/detail/integer_range__rosidl_typesupport_fastrtps_cpp.hpp
[0.622s] -- Up-to-date: /home/hiromichi/rost2/install/rcl_interfaces/lib/librcl_interfaces__rosidl_typesupport_fastrtps_cpp.so
[0.622s] -- Up-to-date: /home/hiromichi/rost2/install/rcl_interfaces/include/rcl_interfaces/rcl_interfaces
[0.622s] -- Up-to-date: /home/hiromichi/rost2/install/rcl_interfaces/include/rcl_interfaces/rcl_interfaces/srv
[0.622s] -- Up-to-date: /home/hiromichi/rost2/install/rcl_interfaces/include/rcl_interfaces/rcl_interfaces/srv/detail
[0.623s] -- Up-to-date: /home/hiromichi/rost2/install/rcl_interfaces/include/rcl_interfaces/rcl_interfaces/srv/detail/describe_parameters__type_support.cpp
[0.623s] -- Up-to-date: /home/hiromichi/rost2/install/rcl_interfaces/include/rcl_interfaces/rcl_interfaces/srv/detail/set_parameters_atomically__rosidl_typesupport_introspection_cpp.hpp
[0.623s] -- Up-to-date: /home/hiromichi/rost2/install/rcl_interfaces/include/rcl_interfaces/rcl_interfaces/srv/detail/get_parameters__type_support.cpp
[0.623s] -- Up-to-date: /home/hiromichi/rost2/install/rcl_interfaces/include/rcl_interfaces/rcl_interfaces/srv/detail/describe_parameters__rosidl_typesupport_introspection_cpp.hpp
[0.623s] -- Up-to-date: /home/hiromichi/rost2/install/rcl_interfaces/include/rcl_interfaces/rcl_interfaces/srv/detail/list_parameters__rosidl_typesupport_introspection_cpp.hpp
[0.623s] -- Up-to-date: /home/hiromichi/rost2/install/rcl_interfaces/include/rcl_interfaces/rcl_interfaces/srv/detail/set_parameters__rosidl_typesupport_introspection_cpp.hpp
[0.623s] -- Up-to-date: /home/hiromichi/rost2/install/rcl_interfaces/include/rcl_interfaces/rcl_interfaces/srv/detail/get_parameter_types__rosidl_typesupport_introspection_cpp.hpp
[0.623s] -- Up-to-date: /home/hiromichi/rost2/install/rcl_interfaces/include/rcl_interfaces/rcl_interfaces/srv/detail/get_parameter_types__type_support.cpp
[0.623s] -- Up-to-date: /home/hiromichi/rost2/install/rcl_interfaces/include/rcl_interfaces/rcl_interfaces/srv/detail/get_parameters__rosidl_typesupport_introspection_cpp.hpp
[0.623s] -- Up-to-date: /home/hiromichi/rost2/install/rcl_interfaces/include/rcl_interfaces/rcl_interfaces/srv/detail/list_parameters__type_support.cpp
[0.624s] -- Up-to-date: /home/hiromichi/rost2/install/rcl_interfaces/include/rcl_interfaces/rcl_interfaces/srv/detail/set_parameters__type_support.cpp
[0.624s] -- Up-to-date: /home/hiromichi/rost2/install/rcl_interfaces/include/rcl_interfaces/rcl_interfaces/srv/detail/set_parameters_atomically__type_support.cpp
[0.624s] -- Up-to-date: /home/hiromichi/rost2/install/rcl_interfaces/include/rcl_interfaces/rcl_interfaces/msg
[0.624s] -- Up-to-date: /home/hiromichi/rost2/install/rcl_interfaces/include/rcl_interfaces/rcl_interfaces/msg/detail
[0.624s] -- Up-to-date: /home/hiromichi/rost2/install/rcl_interfaces/include/rcl_interfaces/rcl_interfaces/msg/detail/parameter__type_support.cpp
[0.624s] -- Up-to-date: /home/hiromichi/rost2/install/rcl_interfaces/include/rcl_interfaces/rcl_interfaces/msg/detail/parameter_type__type_support.cpp
[0.624s] -- Up-to-date: /home/hiromichi/rost2/install/rcl_interfaces/include/rcl_interfaces/rcl_interfaces/msg/detail/parameter_type__rosidl_typesupport_introspection_cpp.hpp
[0.624s] -- Up-to-date: /home/hiromichi/rost2/install/rcl_interfaces/include/rcl_interfaces/rcl_interfaces/msg/detail/parameter_event__rosidl_typesupport_introspection_cpp.hpp
[0.624s] -- Up-to-date: /home/hiromichi/rost2/install/rcl_interfaces/include/rcl_interfaces/rcl_interfaces/msg/detail/parameter__rosidl_typesupport_introspection_cpp.hpp
[0.624s] -- Up-to-date: /home/hiromichi/rost2/install/rcl_interfaces/include/rcl_interfaces/rcl_interfaces/msg/detail/integer_range__rosidl_typesupport_introspection_cpp.hpp
[0.624s] -- Up-to-date: /home/hiromichi/rost2/install/rcl_interfaces/include/rcl_interfaces/rcl_interfaces/msg/detail/parameter_value__type_support.cpp
[0.625s] -- Up-to-date: /home/hiromichi/rost2/install/rcl_interfaces/include/rcl_interfaces/rcl_interfaces/msg/detail/parameter_value__rosidl_typesupport_introspection_cpp.hpp
[0.625s] -- Up-to-date: /home/hiromichi/rost2/install/rcl_interfaces/include/rcl_interfaces/rcl_interfaces/msg/detail/integer_range__type_support.cpp
[0.625s] -- Up-to-date: /home/hiromichi/rost2/install/rcl_interfaces/include/rcl_interfaces/rcl_interfaces/msg/detail/set_parameters_result__rosidl_typesupport_introspection_cpp.hpp
[0.625s] -- Up-to-date: /home/hiromichi/rost2/install/rcl_interfaces/include/rcl_interfaces/rcl_interfaces/msg/detail/list_parameters_result__rosidl_typesupport_introspection_cpp.hpp
[0.625s] -- Up-to-date: /home/hiromichi/rost2/install/rcl_interfaces/include/rcl_interfaces/rcl_interfaces/msg/detail/parameter_event_descriptors__rosidl_typesupport_introspection_cpp.hpp
[0.625s] -- Up-to-date: /home/hiromichi/rost2/install/rcl_interfaces/include/rcl_interfaces/rcl_interfaces/msg/detail/parameter_event_descriptors__type_support.cpp
[0.625s] -- Up-to-date: /home/hiromichi/rost2/install/rcl_interfaces/include/rcl_interfaces/rcl_interfaces/msg/detail/log__rosidl_typesupport_introspection_cpp.hpp
[0.625s] -- Up-to-date: /home/hiromichi/rost2/install/rcl_interfaces/include/rcl_interfaces/rcl_interfaces/msg/detail/list_parameters_result__type_support.cpp
[0.625s] -- Up-to-date: /home/hiromichi/rost2/install/rcl_interfaces/include/rcl_interfaces/rcl_interfaces/msg/detail/log__type_support.cpp
[0.625s] -- Up-to-date: /home/hiromichi/rost2/install/rcl_interfaces/include/rcl_interfaces/rcl_interfaces/msg/detail/parameter_descriptor__rosidl_typesupport_introspection_cpp.hpp
[0.625s] -- Up-to-date: /home/hiromichi/rost2/install/rcl_interfaces/include/rcl_interfaces/rcl_interfaces/msg/detail/set_parameters_result__type_support.cpp
[0.625s] -- Up-to-date: /home/hiromichi/rost2/install/rcl_interfaces/include/rcl_interfaces/rcl_interfaces/msg/detail/floating_point_range__type_support.cpp
[0.626s] -- Up-to-date: /home/hiromichi/rost2/install/rcl_interfaces/include/rcl_interfaces/rcl_interfaces/msg/detail/parameter_descriptor__type_support.cpp
[0.626s] -- Up-to-date: /home/hiromichi/rost2/install/rcl_interfaces/include/rcl_interfaces/rcl_interfaces/msg/detail/floating_point_range__rosidl_typesupport_introspection_cpp.hpp
[0.626s] -- Up-to-date: /home/hiromichi/rost2/install/rcl_interfaces/include/rcl_interfaces/rcl_interfaces/msg/detail/parameter_event__type_support.cpp
[0.626s] -- Up-to-date: /home/hiromichi/rost2/install/rcl_interfaces/lib/librcl_interfaces__rosidl_typesupport_introspection_cpp.so
[0.626s] -- Up-to-date: /home/hiromichi/rost2/install/rcl_interfaces/lib/librcl_interfaces__rosidl_typesupport_cpp.so
[0.626s] -- Up-to-date: /home/hiromichi/rost2/install/rcl_interfaces/share/ament_index/resource_index/rust_packages/rcl_interfaces
[0.626s] -- Up-to-date: /home/hiromichi/rost2/install/rcl_interfaces/share/rcl_interfaces/rust
[0.626s] -- Up-to-date: /home/hiromichi/rost2/install/rcl_interfaces/share/rcl_interfaces/rust/src
[0.626s] -- Up-to-date: /home/hiromichi/rost2/install/rcl_interfaces/share/rcl_interfaces/rust/src/msg.rs
[0.626s] -- Up-to-date: /home/hiromichi/rost2/install/rcl_interfaces/share/rcl_interfaces/rust/src/srv.rs
[0.626s] -- Up-to-date: /home/hiromichi/rost2/install/rcl_interfaces/share/rcl_interfaces/rust/src/lib.rs
[0.626s] -- Up-to-date: /home/hiromichi/rost2/install/rcl_interfaces/share/rcl_interfaces/rust/Cargo.toml
[0.627s] -- Up-to-date: /home/hiromichi/rost2/install/rcl_interfaces/share/rcl_interfaces/rust/build.rs
[0.627s] -- Up-to-date: /home/hiromichi/rost2/install/rcl_interfaces/share/rcl_interfaces/environment/pythonpath.sh
[0.627s] -- Up-to-date: /home/hiromichi/rost2/install/rcl_interfaces/share/rcl_interfaces/environment/pythonpath.dsv
[0.627s] -- Up-to-date: /home/hiromichi/rost2/install/rcl_interfaces/local/lib/python3.10/dist-packages/rcl_interfaces-1.2.1-py3.10.egg-info
[0.627s] -- Installing: /home/hiromichi/rost2/install/rcl_interfaces/local/lib/python3.10/dist-packages/rcl_interfaces-1.2.1-py3.10.egg-info/top_level.txt
[0.627s] -- Installing: /home/hiromichi/rost2/install/rcl_interfaces/local/lib/python3.10/dist-packages/rcl_interfaces-1.2.1-py3.10.egg-info/dependency_links.txt
[0.627s] -- Installing: /home/hiromichi/rost2/install/rcl_interfaces/local/lib/python3.10/dist-packages/rcl_interfaces-1.2.1-py3.10.egg-info/SOURCES.txt
[0.627s] -- Installing: /home/hiromichi/rost2/install/rcl_interfaces/local/lib/python3.10/dist-packages/rcl_interfaces-1.2.1-py3.10.egg-info/PKG-INFO
[0.627s] -- Up-to-date: /home/hiromichi/rost2/install/rcl_interfaces/local/lib/python3.10/dist-packages/rcl_interfaces
[0.627s] -- Up-to-date: /home/hiromichi/rost2/install/rcl_interfaces/local/lib/python3.10/dist-packages/rcl_interfaces/rcl_interfaces_s__rosidl_typesupport_introspection_c.cpython-310-x86_64-linux-gnu.so
[0.627s] -- Up-to-date: /home/hiromichi/rost2/install/rcl_interfaces/local/lib/python3.10/dist-packages/rcl_interfaces/srv
[0.627s] -- Up-to-date: /home/hiromichi/rost2/install/rcl_interfaces/local/lib/python3.10/dist-packages/rcl_interfaces/srv/_list_parameters_s.c
[0.628s] -- Up-to-date: /home/hiromichi/rost2/install/rcl_interfaces/local/lib/python3.10/dist-packages/rcl_interfaces/srv/_get_parameter_types.py
[0.628s] -- Up-to-date: /home/hiromichi/rost2/install/rcl_interfaces/local/lib/python3.10/dist-packages/rcl_interfaces/srv/_set_parameters.py
[0.628s] -- Up-to-date: /home/hiromichi/rost2/install/rcl_interfaces/local/lib/python3.10/dist-packages/rcl_interfaces/srv/_describe_parameters_s.c
[0.628s] -- Up-to-date: /home/hiromichi/rost2/install/rcl_interfaces/local/lib/python3.10/dist-packages/rcl_interfaces/srv/_set_parameters_atomically_s.c
[0.628s] -- Up-to-date: /home/hiromichi/rost2/install/rcl_interfaces/local/lib/python3.10/dist-packages/rcl_interfaces/srv/_list_parameters.py
[0.628s] -- Up-to-date: /home/hiromichi/rost2/install/rcl_interfaces/local/lib/python3.10/dist-packages/rcl_interfaces/srv/_get_parameter_types_s.c
[0.628s] -- Up-to-date: /home/hiromichi/rost2/install/rcl_interfaces/local/lib/python3.10/dist-packages/rcl_interfaces/srv/_set_parameters_s.c
[0.628s] -- Up-to-date: /home/hiromichi/rost2/install/rcl_interfaces/local/lib/python3.10/dist-packages/rcl_interfaces/srv/_get_parameters_s.c
[0.628s] -- Up-to-date: /home/hiromichi/rost2/install/rcl_interfaces/local/lib/python3.10/dist-packages/rcl_interfaces/srv/_describe_parameters.py
[0.628s] -- Up-to-date: /home/hiromichi/rost2/install/rcl_interfaces/local/lib/python3.10/dist-packages/rcl_interfaces/srv/_get_parameters.py
[0.628s] -- Up-to-date: /home/hiromichi/rost2/install/rcl_interfaces/local/lib/python3.10/dist-packages/rcl_interfaces/srv/_set_parameters_atomically.py
[0.628s] -- Up-to-date: /home/hiromichi/rost2/install/rcl_interfaces/local/lib/python3.10/dist-packages/rcl_interfaces/srv/__init__.py
[0.629s] -- Up-to-date: /home/hiromichi/rost2/install/rcl_interfaces/local/lib/python3.10/dist-packages/rcl_interfaces/rcl_interfaces_s__rosidl_typesupport_c.cpython-310-x86_64-linux-gnu.so
[0.629s] -- Up-to-date: /home/hiromichi/rost2/install/rcl_interfaces/local/lib/python3.10/dist-packages/rcl_interfaces/msg
[0.629s] -- Up-to-date: /home/hiromichi/rost2/install/rcl_interfaces/local/lib/python3.10/dist-packages/rcl_interfaces/msg/_parameter_event.py
[0.629s] -- Up-to-date: /home/hiromichi/rost2/install/rcl_interfaces/local/lib/python3.10/dist-packages/rcl_interfaces/msg/_parameter_event_s.c
[0.629s] -- Up-to-date: /home/hiromichi/rost2/install/rcl_interfaces/local/lib/python3.10/dist-packages/rcl_interfaces/msg/_parameter_type.py
[0.629s] -- Up-to-date: /home/hiromichi/rost2/install/rcl_interfaces/local/lib/python3.10/dist-packages/rcl_interfaces/msg/_set_parameters_result_s.c
[0.629s] -- Up-to-date: /home/hiromichi/rost2/install/rcl_interfaces/local/lib/python3.10/dist-packages/rcl_interfaces/msg/_parameter_s.c
[0.629s] -- Up-to-date: /home/hiromichi/rost2/install/rcl_interfaces/local/lib/python3.10/dist-packages/rcl_interfaces/msg/_integer_range.py
[0.630s] -- Up-to-date: /home/hiromichi/rost2/install/rcl_interfaces/local/lib/python3.10/dist-packages/rcl_interfaces/msg/_set_parameters_result.py
[0.630s] -- Up-to-date: /home/hiromichi/rost2/install/rcl_interfaces/local/lib/python3.10/dist-packages/rcl_interfaces/msg/_integer_range_s.c
[0.630s] -- Up-to-date: /home/hiromichi/rost2/install/rcl_interfaces/local/lib/python3.10/dist-packages/rcl_interfaces/msg/_log.py
[0.630s] -- Up-to-date: /home/hiromichi/rost2/install/rcl_interfaces/local/lib/python3.10/dist-packages/rcl_interfaces/msg/_list_parameters_result_s.c
[0.630s] -- Up-to-date: /home/hiromichi/rost2/install/rcl_interfaces/local/lib/python3.10/dist-packages/rcl_interfaces/msg/_parameter_value.py
[0.630s] -- Up-to-date: /home/hiromichi/rost2/install/rcl_interfaces/local/lib/python3.10/dist-packages/rcl_interfaces/msg/_parameter_descriptor.py
[0.630s] -- Up-to-date: /home/hiromichi/rost2/install/rcl_interfaces/local/lib/python3.10/dist-packages/rcl_interfaces/msg/_log_s.c
[0.630s] -- Up-to-date: /home/hiromichi/rost2/install/rcl_interfaces/local/lib/python3.10/dist-packages/rcl_interfaces/msg/_parameter_event_descriptors_s.c
[0.631s] -- Up-to-date: /home/hiromichi/rost2/install/rcl_interfaces/local/lib/python3.10/dist-packages/rcl_interfaces/msg/_parameter_type_s.c
[0.631s] -- Up-to-date: /home/hiromichi/rost2/install/rcl_interfaces/local/lib/python3.10/dist-packages/rcl_interfaces/msg/_parameter_descriptor_s.c
[0.631s] -- Up-to-date: /home/hiromichi/rost2/install/rcl_interfaces/local/lib/python3.10/dist-packages/rcl_interfaces/msg/_parameter.py
[0.631s] -- Up-to-date: /home/hiromichi/rost2/install/rcl_interfaces/local/lib/python3.10/dist-packages/rcl_interfaces/msg/_parameter_event_descriptors.py
[0.631s] -- Up-to-date: /home/hiromichi/rost2/install/rcl_interfaces/local/lib/python3.10/dist-packages/rcl_interfaces/msg/_list_parameters_result.py
[0.631s] -- Up-to-date: /home/hiromichi/rost2/install/rcl_interfaces/local/lib/python3.10/dist-packages/rcl_interfaces/msg/_floating_point_range_s.c
[0.631s] -- Up-to-date: /home/hiromichi/rost2/install/rcl_interfaces/local/lib/python3.10/dist-packages/rcl_interfaces/msg/__init__.py
[0.632s] -- Up-to-date: /home/hiromichi/rost2/install/rcl_interfaces/local/lib/python3.10/dist-packages/rcl_interfaces/msg/_parameter_value_s.c
[0.632s] -- Up-to-date: /home/hiromichi/rost2/install/rcl_interfaces/local/lib/python3.10/dist-packages/rcl_interfaces/msg/_floating_point_range.py
[0.632s] -- Up-to-date: /home/hiromichi/rost2/install/rcl_interfaces/local/lib/python3.10/dist-packages/rcl_interfaces/rcl_interfaces_s__rosidl_typesupport_fastrtps_c.cpython-310-x86_64-linux-gnu.so
[0.632s] -- Up-to-date: /home/hiromichi/rost2/install/rcl_interfaces/local/lib/python3.10/dist-packages/rcl_interfaces/librcl_interfaces__rosidl_generator_py.so
[0.632s] -- Up-to-date: /home/hiromichi/rost2/install/rcl_interfaces/local/lib/python3.10/dist-packages/rcl_interfaces/_rcl_interfaces_s.ep.rosidl_typesupport_c.c
[0.632s] -- Up-to-date: /home/hiromichi/rost2/install/rcl_interfaces/local/lib/python3.10/dist-packages/rcl_interfaces/_rcl_interfaces_s.ep.rosidl_typesupport_fastrtps_c.c
[0.632s] -- Up-to-date: /home/hiromichi/rost2/install/rcl_interfaces/local/lib/python3.10/dist-packages/rcl_interfaces/_rcl_interfaces_s.ep.rosidl_typesupport_introspection_c.c
[0.632s] -- Up-to-date: /home/hiromichi/rost2/install/rcl_interfaces/local/lib/python3.10/dist-packages/rcl_interfaces/__init__.py
[0.635s] Listing '/home/hiromichi/rost2/install/rcl_interfaces/local/lib/python3.10/dist-packages/rcl_interfaces'...
[0.635s] Listing '/home/hiromichi/rost2/install/rcl_interfaces/local/lib/python3.10/dist-packages/rcl_interfaces/msg'...
[0.636s] Listing '/home/hiromichi/rost2/install/rcl_interfaces/local/lib/python3.10/dist-packages/rcl_interfaces/srv'...
[0.641s] -- Up-to-date: /home/hiromichi/rost2/install/rcl_interfaces/local/lib/python3.10/dist-packages/rcl_interfaces/rcl_interfaces_s__rosidl_typesupport_fastrtps_c.cpython-310-x86_64-linux-gnu.so
[0.641s] -- Up-to-date: /home/hiromichi/rost2/install/rcl_interfaces/local/lib/python3.10/dist-packages/rcl_interfaces/rcl_interfaces_s__rosidl_typesupport_introspection_c.cpython-310-x86_64-linux-gnu.so
[0.642s] -- Up-to-date: /home/hiromichi/rost2/install/rcl_interfaces/local/lib/python3.10/dist-packages/rcl_interfaces/rcl_interfaces_s__rosidl_typesupport_c.cpython-310-x86_64-linux-gnu.so
[0.642s] -- Up-to-date: /home/hiromichi/rost2/install/rcl_interfaces/lib/librcl_interfaces__rosidl_generator_py.so
[0.642s] -- Up-to-date: /home/hiromichi/rost2/install/rcl_interfaces/share/rcl_interfaces/msg/FloatingPointRange.idl
[0.642s] -- Up-to-date: /home/hiromichi/rost2/install/rcl_interfaces/share/rcl_interfaces/msg/IntegerRange.idl
[0.642s] -- Up-to-date: /home/hiromichi/rost2/install/rcl_interfaces/share/rcl_interfaces/msg/ListParametersResult.idl
[0.642s] -- Up-to-date: /home/hiromichi/rost2/install/rcl_interfaces/share/rcl_interfaces/msg/Log.idl
[0.643s] -- Up-to-date: /home/hiromichi/rost2/install/rcl_interfaces/share/rcl_interfaces/msg/ParameterDescriptor.idl
[0.643s] -- Up-to-date: /home/hiromichi/rost2/install/rcl_interfaces/share/rcl_interfaces/msg/ParameterEventDescriptors.idl
[0.643s] -- Up-to-date: /home/hiromichi/rost2/install/rcl_interfaces/share/rcl_interfaces/msg/ParameterEvent.idl
[0.644s] -- Up-to-date: /home/hiromichi/rost2/install/rcl_interfaces/share/rcl_interfaces/msg/Parameter.idl
[0.644s] -- Up-to-date: /home/hiromichi/rost2/install/rcl_interfaces/share/rcl_interfaces/msg/ParameterType.idl
[0.645s] -- Up-to-date: /home/hiromichi/rost2/install/rcl_interfaces/share/rcl_interfaces/msg/ParameterValue.idl
[0.645s] -- Up-to-date: /home/hiromichi/rost2/install/rcl_interfaces/share/rcl_interfaces/msg/SetParametersResult.idl
[0.645s] -- Up-to-date: /home/hiromichi/rost2/install/rcl_interfaces/share/rcl_interfaces/srv/DescribeParameters.idl
[0.645s] -- Up-to-date: /home/hiromichi/rost2/install/rcl_interfaces/share/rcl_interfaces/srv/GetParameters.idl
[0.646s] -- Up-to-date: /home/hiromichi/rost2/install/rcl_interfaces/share/rcl_interfaces/srv/GetParameterTypes.idl
[0.646s] -- Up-to-date: /home/hiromichi/rost2/install/rcl_interfaces/share/rcl_interfaces/srv/ListParameters.idl
[0.646s] -- Up-to-date: /home/hiromichi/rost2/install/rcl_interfaces/share/rcl_interfaces/srv/SetParametersAtomically.idl
[0.646s] -- Up-to-date: /home/hiromichi/rost2/install/rcl_interfaces/share/rcl_interfaces/srv/SetParameters.idl
[0.646s] -- Up-to-date: /home/hiromichi/rost2/install/rcl_interfaces/share/rcl_interfaces/msg/FloatingPointRange.msg
[0.646s] -- Up-to-date: /home/hiromichi/rost2/install/rcl_interfaces/share/rcl_interfaces/msg/IntegerRange.msg
[0.646s] -- Up-to-date: /home/hiromichi/rost2/install/rcl_interfaces/share/rcl_interfaces/msg/ListParametersResult.msg
[0.647s] -- Up-to-date: /home/hiromichi/rost2/install/rcl_interfaces/share/rcl_interfaces/msg/Log.msg
[0.647s] -- Up-to-date: /home/hiromichi/rost2/install/rcl_interfaces/share/rcl_interfaces/msg/ParameterDescriptor.msg
[0.647s] -- Up-to-date: /home/hiromichi/rost2/install/rcl_interfaces/share/rcl_interfaces/msg/ParameterEventDescriptors.msg
[0.647s] -- Up-to-date: /home/hiromichi/rost2/install/rcl_interfaces/share/rcl_interfaces/msg/ParameterEvent.msg
[0.647s] -- Up-to-date: /home/hiromichi/rost2/install/rcl_interfaces/share/rcl_interfaces/msg/Parameter.msg
[0.647s] -- Up-to-date: /home/hiromichi/rost2/install/rcl_interfaces/share/rcl_interfaces/msg/ParameterType.msg
[0.647s] -- Up-to-date: /home/hiromichi/rost2/install/rcl_interfaces/share/rcl_interfaces/msg/ParameterValue.msg
[0.647s] -- Up-to-date: /home/hiromichi/rost2/install/rcl_interfaces/share/rcl_interfaces/msg/SetParametersResult.msg
[0.647s] -- Up-to-date: /home/hiromichi/rost2/install/rcl_interfaces/share/rcl_interfaces/srv/DescribeParameters.srv
[0.647s] -- Up-to-date: /home/hiromichi/rost2/install/rcl_interfaces/share/rcl_interfaces/srv/DescribeParameters_Request.msg
[0.647s] -- Up-to-date: /home/hiromichi/rost2/install/rcl_interfaces/share/rcl_interfaces/srv/DescribeParameters_Response.msg
[0.648s] -- Up-to-date: /home/hiromichi/rost2/install/rcl_interfaces/share/rcl_interfaces/srv/GetParameters.srv
[0.648s] -- Up-to-date: /home/hiromichi/rost2/install/rcl_interfaces/share/rcl_interfaces/srv/GetParameters_Request.msg
[0.648s] -- Up-to-date: /home/hiromichi/rost2/install/rcl_interfaces/share/rcl_interfaces/srv/GetParameters_Response.msg
[0.648s] -- Up-to-date: /home/hiromichi/rost2/install/rcl_interfaces/share/rcl_interfaces/srv/GetParameterTypes.srv
[0.648s] -- Up-to-date: /home/hiromichi/rost2/install/rcl_interfaces/share/rcl_interfaces/srv/GetParameterTypes_Request.msg
[0.648s] -- Up-to-date: /home/hiromichi/rost2/install/rcl_interfaces/share/rcl_interfaces/srv/GetParameterTypes_Response.msg
[0.649s] -- Up-to-date: /home/hiromichi/rost2/install/rcl_interfaces/share/rcl_interfaces/srv/ListParameters.srv
[0.649s] -- Up-to-date: /home/hiromichi/rost2/install/rcl_interfaces/share/rcl_interfaces/srv/ListParameters_Request.msg
[0.649s] -- Up-to-date: /home/hiromichi/rost2/install/rcl_interfaces/share/rcl_interfaces/srv/ListParameters_Response.msg
[0.649s] -- Up-to-date: /home/hiromichi/rost2/install/rcl_interfaces/share/rcl_interfaces/srv/SetParametersAtomically.srv
[0.649s] -- Up-to-date: /home/hiromichi/rost2/install/rcl_interfaces/share/rcl_interfaces/srv/SetParametersAtomically_Request.msg
[0.649s] -- Up-to-date: /home/hiromichi/rost2/install/rcl_interfaces/share/rcl_interfaces/srv/SetParametersAtomically_Response.msg
[0.649s] -- Up-to-date: /home/hiromichi/rost2/install/rcl_interfaces/share/rcl_interfaces/srv/SetParameters.srv
[0.650s] -- Up-to-date: /home/hiromichi/rost2/install/rcl_interfaces/share/rcl_interfaces/srv/SetParameters_Request.msg
[0.650s] -- Up-to-date: /home/hiromichi/rost2/install/rcl_interfaces/share/rcl_interfaces/srv/SetParameters_Response.msg
[0.650s] -- Up-to-date: /home/hiromichi/rost2/install/rcl_interfaces/share/rcl_interfaces/mapping_rules.yaml
[0.650s] -- Up-to-date: /home/hiromichi/rost2/install/rcl_interfaces/share/ament_index/resource_index/package_run_dependencies/rcl_interfaces
[0.650s] -- Up-to-date: /home/hiromichi/rost2/install/rcl_interfaces/share/ament_index/resource_index/parent_prefix_path/rcl_interfaces
[0.650s] -- Up-to-date: /home/hiromichi/rost2/install/rcl_interfaces/share/rcl_interfaces/environment/ament_prefix_path.sh
[0.651s] -- Up-to-date: /home/hiromichi/rost2/install/rcl_interfaces/share/rcl_interfaces/environment/ament_prefix_path.dsv
[0.651s] -- Up-to-date: /home/hiromichi/rost2/install/rcl_interfaces/share/rcl_interfaces/environment/path.sh
[0.651s] -- Up-to-date: /home/hiromichi/rost2/install/rcl_interfaces/share/rcl_interfaces/environment/path.dsv
[0.652s] -- Up-to-date: /home/hiromichi/rost2/install/rcl_interfaces/share/rcl_interfaces/local_setup.bash
[0.653s] -- Up-to-date: /home/hiromichi/rost2/install/rcl_interfaces/share/rcl_interfaces/local_setup.sh
[0.653s] -- Up-to-date: /home/hiromichi/rost2/install/rcl_interfaces/share/rcl_interfaces/local_setup.zsh
[0.654s] -- Up-to-date: /home/hiromichi/rost2/install/rcl_interfaces/share/rcl_interfaces/local_setup.dsv
[0.654s] -- Installing: /home/hiromichi/rost2/install/rcl_interfaces/share/rcl_interfaces/package.dsv
[0.654s] -- Up-to-date: /home/hiromichi/rost2/install/rcl_interfaces/share/ament_index/resource_index/packages/rcl_interfaces
[0.654s] -- Up-to-date: /home/hiromichi/rost2/install/rcl_interfaces/share/rcl_interfaces/cmake/export_rcl_interfaces__rosidl_generator_cExport.cmake
[0.654s] -- Up-to-date: /home/hiromichi/rost2/install/rcl_interfaces/share/rcl_interfaces/cmake/export_rcl_interfaces__rosidl_generator_cExport-noconfig.cmake
[0.654s] -- Up-to-date: /home/hiromichi/rost2/install/rcl_interfaces/share/rcl_interfaces/cmake/export_rcl_interfaces__rosidl_typesupport_fastrtps_cExport.cmake
[0.654s] -- Up-to-date: /home/hiromichi/rost2/install/rcl_interfaces/share/rcl_interfaces/cmake/export_rcl_interfaces__rosidl_typesupport_fastrtps_cExport-noconfig.cmake
[0.655s] -- Up-to-date: /home/hiromichi/rost2/install/rcl_interfaces/share/rcl_interfaces/cmake/rcl_interfaces__rosidl_typesupport_introspection_cExport.cmake
[0.655s] -- Up-to-date: /home/hiromichi/rost2/install/rcl_interfaces/share/rcl_interfaces/cmake/rcl_interfaces__rosidl_typesupport_introspection_cExport-noconfig.cmake
[0.655s] -- Up-to-date: /home/hiromichi/rost2/install/rcl_interfaces/share/rcl_interfaces/cmake/rcl_interfaces__rosidl_typesupport_cExport.cmake
[0.655s] -- Up-to-date: /home/hiromichi/rost2/install/rcl_interfaces/share/rcl_interfaces/cmake/rcl_interfaces__rosidl_typesupport_cExport-noconfig.cmake
[0.655s] -- Up-to-date: /home/hiromichi/rost2/install/rcl_interfaces/share/rcl_interfaces/cmake/export_rcl_interfaces__rosidl_generator_cppExport.cmake
[0.655s] -- Up-to-date: /home/hiromichi/rost2/install/rcl_interfaces/share/rcl_interfaces/cmake/export_rcl_interfaces__rosidl_typesupport_fastrtps_cppExport.cmake
[0.655s] -- Up-to-date: /home/hiromichi/rost2/install/rcl_interfaces/share/rcl_interfaces/cmake/export_rcl_interfaces__rosidl_typesupport_fastrtps_cppExport-noconfig.cmake
[0.655s] -- Up-to-date: /home/hiromichi/rost2/install/rcl_interfaces/share/rcl_interfaces/cmake/rcl_interfaces__rosidl_typesupport_introspection_cppExport.cmake
[0.656s] -- Up-to-date: /home/hiromichi/rost2/install/rcl_interfaces/share/rcl_interfaces/cmake/rcl_interfaces__rosidl_typesupport_introspection_cppExport-noconfig.cmake
[0.656s] -- Up-to-date: /home/hiromichi/rost2/install/rcl_interfaces/share/rcl_interfaces/cmake/rcl_interfaces__rosidl_typesupport_cppExport.cmake
[0.656s] -- Up-to-date: /home/hiromichi/rost2/install/rcl_interfaces/share/rcl_interfaces/cmake/rcl_interfaces__rosidl_typesupport_cppExport-noconfig.cmake
[0.656s] -- Up-to-date: /home/hiromichi/rost2/install/rcl_interfaces/share/rcl_interfaces/cmake/export_rcl_interfaces__rosidl_generator_pyExport.cmake
[0.656s] -- Up-to-date: /home/hiromichi/rost2/install/rcl_interfaces/share/rcl_interfaces/cmake/export_rcl_interfaces__rosidl_generator_pyExport-noconfig.cmake
[0.656s] -- Up-to-date: /home/hiromichi/rost2/install/rcl_interfaces/share/rcl_interfaces/cmake/rosidl_cmake-extras.cmake
[0.656s] -- Up-to-date: /home/hiromichi/rost2/install/rcl_interfaces/share/rcl_interfaces/cmake/ament_cmake_export_dependencies-extras.cmake
[0.656s] -- Up-to-date: /home/hiromichi/rost2/install/rcl_interfaces/share/rcl_interfaces/cmake/ament_cmake_export_include_directories-extras.cmake
[0.657s] -- Up-to-date: /home/hiromichi/rost2/install/rcl_interfaces/share/rcl_interfaces/cmake/ament_cmake_export_libraries-extras.cmake
[0.657s] -- Up-to-date: /home/hiromichi/rost2/install/rcl_interfaces/share/rcl_interfaces/cmake/ament_cmake_export_targets-extras.cmake
[0.657s] -- Up-to-date: /home/hiromichi/rost2/install/rcl_interfaces/share/rcl_interfaces/cmake/rosidl_cmake_export_typesupport_targets-extras.cmake
[0.657s] -- Up-to-date: /home/hiromichi/rost2/install/rcl_interfaces/share/rcl_interfaces/cmake/rosidl_cmake_export_typesupport_libraries-extras.cmake
[0.657s] -- Up-to-date: /home/hiromichi/rost2/install/rcl_interfaces/share/rcl_interfaces/cmake/rcl_interfacesConfig.cmake
[0.657s] -- Up-to-date: /home/hiromichi/rost2/install/rcl_interfaces/share/rcl_interfaces/cmake/rcl_interfacesConfig-version.cmake
[0.657s] -- Up-to-date: /home/hiromichi/rost2/install/rcl_interfaces/share/rcl_interfaces/package.xml
[0.663s] Invoked command in '/home/hiromichi/rost2/build/rcl_interfaces' returned '0': AMENT_PREFIX_PATH=/home/hiromichi/rost2/install/builtin_interfaces:/home/hiromichi/rost2/install/rosidl_default_runtime:/home/hiromichi/rost2/install/rosidl_default_generators:/home/hiromichi/rost2/install/rosidl_generator_rs:/home/hiromichi/rost2/install/rosidl_runtime_rs:${AMENT_PREFIX_PATH} CMAKE_PREFIX_PATH=/home/hiromichi/rost2/install/builtin_interfaces:/home/hiromichi/rost2/install/rosidl_default_runtime:/home/hiromichi/rost2/install/rosidl_default_generators:/home/hiromichi/rost2/install/rosidl_generator_rs:/opt/ros/humble LD_LIBRARY_PATH=/home/hiromichi/rost2/install/builtin_interfaces/lib:${LD_LIBRARY_PATH} PYTHONPATH=/home/hiromichi/rost2/install/builtin_interfaces/local/lib/python3.10/dist-packages:/home/hiromichi/rost2/install/rosidl_generator_rs/local/lib/python3.10/dist-packages:${PYTHONPATH} /usr/bin/cmake --install /home/hiromichi/rost2/build/rcl_interfaces
