[0.148s] Invoking command in '/home/hiro/rust_ws/src/build/builtin_interfaces': AMENT_PREFIX_PATH=/home/hiro/rust_ws/src/install/rosidl_default_runtime:/home/hiro/rust_ws/src/install/rosidl_default_generators:/home/hiro/rust_ws/src/install/rosidl_generator_rs:/home/hiro/rust_ws/src/install/rosidl_runtime_rs:${AMENT_PREFIX_PATH} CMAKE_PREFIX_PATH=/home/hiro/rust_ws/src/install/rosidl_default_runtime:/home/hiro/rust_ws/src/install/rosidl_default_generators:/home/hiro/rust_ws/src/install/rosidl_generator_rs:/home/hiro/ws_livox/install/livox_ros_driver2:/opt/ros/humble PYTHONPATH=/home/hiro/rust_ws/src/install/rosidl_generator_rs/local/lib/python3.10/dist-packages:${PYTHONPATH} /usr/bin/cmake --build /home/hiro/rust_ws/src/build/builtin_interfaces -- -j22 -l22
[0.192s] [  2%] Built target builtin_interfaces__cpp
[0.196s] [  5%] Built target builtin_interfaces__rs
[0.197s] [ 15%] Built target builtin_interfaces__rosidl_generator_c
[0.205s] [ 15%] Built target ament_cmake_python_copy_builtin_interfaces
[0.221s] [ 25%] Built target builtin_interfaces__rosidl_typesupport_fastrtps_cpp
[0.232s] [ 35%] Built target builtin_interfaces__rosidl_typesupport_introspection_cpp
[0.232s] [ 45%] Built target builtin_interfaces__rosidl_typesupport_fastrtps_c
[0.238s] [ 55%] Built target builtin_interfaces__rosidl_typesupport_cpp
[0.239s] [ 65%] Built target builtin_interfaces__rosidl_typesupport_introspection_c
[0.240s] [ 75%] Built target builtin_interfaces__rosidl_typesupport_c
[0.275s] [ 75%] Built target builtin_interfaces
[0.302s] [ 77%] Built target builtin_interfaces__py
[0.325s] [ 85%] Built target builtin_interfaces__rosidl_generator_py
[0.351s] [ 90%] Built target builtin_interfaces__rosidl_typesupport_c__pyext
[0.354s] [ 95%] Built target builtin_interfaces__rosidl_typesupport_fastrtps_c__pyext
[0.357s] [100%] Built target builtin_interfaces__rosidl_typesupport_introspection_c__pyext
[0.628s] running egg_info
[0.646s] writing builtin_interfaces.egg-info/PKG-INFO
[0.647s] writing dependency_links to builtin_interfaces.egg-info/dependency_links.txt
[0.647s] writing top-level names to builtin_interfaces.egg-info/top_level.txt
[0.690s] reading manifest file 'builtin_interfaces.egg-info/SOURCES.txt'
[0.691s] writing manifest file 'builtin_interfaces.egg-info/SOURCES.txt'
[0.744s] [100%] Built target ament_cmake_python_build_builtin_interfaces_egg
[0.756s] Invoked command in '/home/hiro/rust_ws/src/build/builtin_interfaces' returned '0': AMENT_PREFIX_PATH=/home/hiro/rust_ws/src/install/rosidl_default_runtime:/home/hiro/rust_ws/src/install/rosidl_default_generators:/home/hiro/rust_ws/src/install/rosidl_generator_rs:/home/hiro/rust_ws/src/install/rosidl_runtime_rs:${AMENT_PREFIX_PATH} CMAKE_PREFIX_PATH=/home/hiro/rust_ws/src/install/rosidl_default_runtime:/home/hiro/rust_ws/src/install/rosidl_default_generators:/home/hiro/rust_ws/src/install/rosidl_generator_rs:/home/hiro/ws_livox/install/livox_ros_driver2:/opt/ros/humble PYTHONPATH=/home/hiro/rust_ws/src/install/rosidl_generator_rs/local/lib/python3.10/dist-packages:${PYTHONPATH} /usr/bin/cmake --build /home/hiro/rust_ws/src/build/builtin_interfaces -- -j22 -l22
[0.856s] Invoking command in '/home/hiro/rust_ws/src/build/builtin_interfaces': AMENT_PREFIX_PATH=/home/hiro/rust_ws/src/install/rosidl_default_runtime:/home/hiro/rust_ws/src/install/rosidl_default_generators:/home/hiro/rust_ws/src/install/rosidl_generator_rs:/home/hiro/rust_ws/src/install/rosidl_runtime_rs:${AMENT_PREFIX_PATH} CMAKE_PREFIX_PATH=/home/hiro/rust_ws/src/install/rosidl_default_runtime:/home/hiro/rust_ws/src/install/rosidl_default_generators:/home/hiro/rust_ws/src/install/rosidl_generator_rs:/home/hiro/ws_livox/install/livox_ros_driver2:/opt/ros/humble PYTHONPATH=/home/hiro/rust_ws/src/install/rosidl_generator_rs/local/lib/python3.10/dist-packages:${PYTHONPATH} /usr/bin/cmake --install /home/hiro/rust_ws/src/build/builtin_interfaces
[0.857s] -- Install configuration: ""
[0.857s] -- Up-to-date: /home/hiro/rust_ws/src/install/builtin_interfaces/share/ament_index/resource_index/rosidl_interfaces/builtin_interfaces
[0.857s] -- Up-to-date: /home/hiro/rust_ws/src/install/builtin_interfaces/include/builtin_interfaces/builtin_interfaces
[0.857s] -- Up-to-date: /home/hiro/rust_ws/src/install/builtin_interfaces/include/builtin_interfaces/builtin_interfaces/msg
[0.858s] -- Up-to-date: /home/hiro/rust_ws/src/install/builtin_interfaces/include/builtin_interfaces/builtin_interfaces/msg/time.h
[0.858s] -- Up-to-date: /home/hiro/rust_ws/src/install/builtin_interfaces/include/builtin_interfaces/builtin_interfaces/msg/rosidl_generator_c__visibility_control.h
[0.858s] -- Up-to-date: /home/hiro/rust_ws/src/install/builtin_interfaces/include/builtin_interfaces/builtin_interfaces/msg/detail
[0.859s] -- Up-to-date: /home/hiro/rust_ws/src/install/builtin_interfaces/include/builtin_interfaces/builtin_interfaces/msg/detail/duration__struct.h
[0.859s] -- Up-to-date: /home/hiro/rust_ws/src/install/builtin_interfaces/include/builtin_interfaces/builtin_interfaces/msg/detail/duration__functions.h
[0.859s] -- Up-to-date: /home/hiro/rust_ws/src/install/builtin_interfaces/include/builtin_interfaces/builtin_interfaces/msg/detail/duration__functions.c
[0.859s] -- Up-to-date: /home/hiro/rust_ws/src/install/builtin_interfaces/include/builtin_interfaces/builtin_interfaces/msg/detail/time__type_support.h
[0.859s] -- Up-to-date: /home/hiro/rust_ws/src/install/builtin_interfaces/include/builtin_interfaces/builtin_interfaces/msg/detail/time__functions.h
[0.859s] -- Up-to-date: /home/hiro/rust_ws/src/install/builtin_interfaces/include/builtin_interfaces/builtin_interfaces/msg/detail/time__struct.h
[0.859s] -- Up-to-date: /home/hiro/rust_ws/src/install/builtin_interfaces/include/builtin_interfaces/builtin_interfaces/msg/detail/duration__type_support.h
[0.860s] -- Up-to-date: /home/hiro/rust_ws/src/install/builtin_interfaces/include/builtin_interfaces/builtin_interfaces/msg/detail/time__functions.c
[0.861s] -- Up-to-date: /home/hiro/rust_ws/src/install/builtin_interfaces/include/builtin_interfaces/builtin_interfaces/msg/duration.h
[0.861s] -- Up-to-date: /home/hiro/rust_ws/src/install/builtin_interfaces/share/builtin_interfaces/environment/library_path.sh
[0.861s] -- Up-to-date: /home/hiro/rust_ws/src/install/builtin_interfaces/share/builtin_interfaces/environment/library_path.dsv
[0.861s] -- Up-to-date: /home/hiro/rust_ws/src/install/builtin_interfaces/lib/libbuiltin_interfaces__rosidl_generator_c.so
[0.861s] -- Up-to-date: /home/hiro/rust_ws/src/install/builtin_interfaces/include/builtin_interfaces/builtin_interfaces
[0.861s] -- Up-to-date: /home/hiro/rust_ws/src/install/builtin_interfaces/include/builtin_interfaces/builtin_interfaces/msg
[0.862s] -- Up-to-date: /home/hiro/rust_ws/src/install/builtin_interfaces/include/builtin_interfaces/builtin_interfaces/msg/detail
[0.862s] -- Up-to-date: /home/hiro/rust_ws/src/install/builtin_interfaces/include/builtin_interfaces/builtin_interfaces/msg/detail/duration__rosidl_typesupport_fastrtps_c.h
[0.862s] -- Up-to-date: /home/hiro/rust_ws/src/install/builtin_interfaces/include/builtin_interfaces/builtin_interfaces/msg/detail/time__rosidl_typesupport_fastrtps_c.h
[0.863s] -- Up-to-date: /home/hiro/rust_ws/src/install/builtin_interfaces/include/builtin_interfaces/builtin_interfaces/msg/rosidl_typesupport_fastrtps_c__visibility_control.h
[0.863s] -- Up-to-date: /home/hiro/rust_ws/src/install/builtin_interfaces/lib/libbuiltin_interfaces__rosidl_typesupport_fastrtps_c.so
[0.863s] -- Up-to-date: /home/hiro/rust_ws/src/install/builtin_interfaces/include/builtin_interfaces/builtin_interfaces
[0.863s] -- Up-to-date: /home/hiro/rust_ws/src/install/builtin_interfaces/include/builtin_interfaces/builtin_interfaces/msg
[0.863s] -- Up-to-date: /home/hiro/rust_ws/src/install/builtin_interfaces/include/builtin_interfaces/builtin_interfaces/msg/rosidl_typesupport_introspection_c__visibility_control.h
[0.863s] -- Up-to-date: /home/hiro/rust_ws/src/install/builtin_interfaces/include/builtin_interfaces/builtin_interfaces/msg/detail
[0.863s] -- Up-to-date: /home/hiro/rust_ws/src/install/builtin_interfaces/include/builtin_interfaces/builtin_interfaces/msg/detail/time__rosidl_typesupport_introspection_c.h
[0.864s] -- Up-to-date: /home/hiro/rust_ws/src/install/builtin_interfaces/include/builtin_interfaces/builtin_interfaces/msg/detail/duration__type_support.c
[0.864s] -- Up-to-date: /home/hiro/rust_ws/src/install/builtin_interfaces/include/builtin_interfaces/builtin_interfaces/msg/detail/duration__rosidl_typesupport_introspection_c.h
[0.864s] -- Up-to-date: /home/hiro/rust_ws/src/install/builtin_interfaces/include/builtin_interfaces/builtin_interfaces/msg/detail/time__type_support.c
[0.864s] -- Up-to-date: /home/hiro/rust_ws/src/install/builtin_interfaces/lib/libbuiltin_interfaces__rosidl_typesupport_introspection_c.so
[0.865s] -- Up-to-date: /home/hiro/rust_ws/src/install/builtin_interfaces/lib/libbuiltin_interfaces__rosidl_typesupport_c.so
[0.865s] -- Up-to-date: /home/hiro/rust_ws/src/install/builtin_interfaces/include/builtin_interfaces/builtin_interfaces
[0.866s] -- Up-to-date: /home/hiro/rust_ws/src/install/builtin_interfaces/include/builtin_interfaces/builtin_interfaces/msg
[0.866s] -- Up-to-date: /home/hiro/rust_ws/src/install/builtin_interfaces/include/builtin_interfaces/builtin_interfaces/msg/time.hpp
[0.866s] -- Up-to-date: /home/hiro/rust_ws/src/install/builtin_interfaces/include/builtin_interfaces/builtin_interfaces/msg/detail
[0.866s] -- Up-to-date: /home/hiro/rust_ws/src/install/builtin_interfaces/include/builtin_interfaces/builtin_interfaces/msg/detail/duration__struct.hpp
[0.866s] -- Up-to-date: /home/hiro/rust_ws/src/install/builtin_interfaces/include/builtin_interfaces/builtin_interfaces/msg/detail/time__builder.hpp
[0.866s] -- Up-to-date: /home/hiro/rust_ws/src/install/builtin_interfaces/include/builtin_interfaces/builtin_interfaces/msg/detail/time__traits.hpp
[0.866s] -- Up-to-date: /home/hiro/rust_ws/src/install/builtin_interfaces/include/builtin_interfaces/builtin_interfaces/msg/detail/time__struct.hpp
[0.866s] -- Up-to-date: /home/hiro/rust_ws/src/install/builtin_interfaces/include/builtin_interfaces/builtin_interfaces/msg/detail/duration__builder.hpp
[0.867s] -- Up-to-date: /home/hiro/rust_ws/src/install/builtin_interfaces/include/builtin_interfaces/builtin_interfaces/msg/detail/duration__traits.hpp
[0.867s] -- Up-to-date: /home/hiro/rust_ws/src/install/builtin_interfaces/include/builtin_interfaces/builtin_interfaces/msg/duration.hpp
[0.867s] -- Up-to-date: /home/hiro/rust_ws/src/install/builtin_interfaces/include/builtin_interfaces/builtin_interfaces
[0.867s] -- Up-to-date: /home/hiro/rust_ws/src/install/builtin_interfaces/include/builtin_interfaces/builtin_interfaces/msg
[0.868s] -- Up-to-date: /home/hiro/rust_ws/src/install/builtin_interfaces/include/builtin_interfaces/builtin_interfaces/msg/rosidl_typesupport_fastrtps_cpp__visibility_control.h
[0.868s] -- Up-to-date: /home/hiro/rust_ws/src/install/builtin_interfaces/include/builtin_interfaces/builtin_interfaces/msg/detail
[0.868s] -- Up-to-date: /home/hiro/rust_ws/src/install/builtin_interfaces/include/builtin_interfaces/builtin_interfaces/msg/detail/dds_fastrtps
[0.869s] -- Up-to-date: /home/hiro/rust_ws/src/install/builtin_interfaces/include/builtin_interfaces/builtin_interfaces/msg/detail/time__rosidl_typesupport_fastrtps_cpp.hpp
[0.870s] -- Up-to-date: /home/hiro/rust_ws/src/install/builtin_interfaces/include/builtin_interfaces/builtin_interfaces/msg/detail/duration__rosidl_typesupport_fastrtps_cpp.hpp
[0.873s] -- Up-to-date: /home/hiro/rust_ws/src/install/builtin_interfaces/lib/libbuiltin_interfaces__rosidl_typesupport_fastrtps_cpp.so
[0.876s] -- Up-to-date: /home/hiro/rust_ws/src/install/builtin_interfaces/include/builtin_interfaces/builtin_interfaces
[0.876s] -- Up-to-date: /home/hiro/rust_ws/src/install/builtin_interfaces/include/builtin_interfaces/builtin_interfaces/msg
[0.876s] -- Up-to-date: /home/hiro/rust_ws/src/install/builtin_interfaces/include/builtin_interfaces/builtin_interfaces/msg/detail
[0.876s] -- Up-to-date: /home/hiro/rust_ws/src/install/builtin_interfaces/include/builtin_interfaces/builtin_interfaces/msg/detail/duration__type_support.cpp
[0.877s] -- Up-to-date: /home/hiro/rust_ws/src/install/builtin_interfaces/include/builtin_interfaces/builtin_interfaces/msg/detail/duration__rosidl_typesupport_introspection_cpp.hpp
[0.877s] -- Up-to-date: /home/hiro/rust_ws/src/install/builtin_interfaces/include/builtin_interfaces/builtin_interfaces/msg/detail/time__type_support.cpp
[0.877s] -- Up-to-date: /home/hiro/rust_ws/src/install/builtin_interfaces/include/builtin_interfaces/builtin_interfaces/msg/detail/time__rosidl_typesupport_introspection_cpp.hpp
[0.877s] -- Up-to-date: /home/hiro/rust_ws/src/install/builtin_interfaces/lib/libbuiltin_interfaces__rosidl_typesupport_introspection_cpp.so
[0.878s] -- Up-to-date: /home/hiro/rust_ws/src/install/builtin_interfaces/lib/libbuiltin_interfaces__rosidl_typesupport_cpp.so
[0.879s] -- Up-to-date: /home/hiro/rust_ws/src/install/builtin_interfaces/share/ament_index/resource_index/rust_packages/builtin_interfaces
[0.880s] -- Up-to-date: /home/hiro/rust_ws/src/install/builtin_interfaces/share/builtin_interfaces/rust
[0.882s] -- Up-to-date: /home/hiro/rust_ws/src/install/builtin_interfaces/share/builtin_interfaces/rust/Cargo.toml
[0.884s] -- Up-to-date: /home/hiro/rust_ws/src/install/builtin_interfaces/share/builtin_interfaces/rust/build.rs
[0.885s] -- Up-to-date: /home/hiro/rust_ws/src/install/builtin_interfaces/share/builtin_interfaces/rust/src
[0.885s] -- Up-to-date: /home/hiro/rust_ws/src/install/builtin_interfaces/share/builtin_interfaces/rust/src/msg.rs
[0.885s] -- Up-to-date: /home/hiro/rust_ws/src/install/builtin_interfaces/share/builtin_interfaces/rust/src/lib.rs
[0.886s] -- Up-to-date: /home/hiro/rust_ws/src/install/builtin_interfaces/share/builtin_interfaces/environment/pythonpath.sh
[0.886s] -- Up-to-date: /home/hiro/rust_ws/src/install/builtin_interfaces/share/builtin_interfaces/environment/pythonpath.dsv
[0.888s] -- Up-to-date: /home/hiro/rust_ws/src/install/builtin_interfaces/local/lib/python3.10/dist-packages/builtin_interfaces-1.2.1-py3.10.egg-info
[0.888s] -- Installing: /home/hiro/rust_ws/src/install/builtin_interfaces/local/lib/python3.10/dist-packages/builtin_interfaces-1.2.1-py3.10.egg-info/top_level.txt
[0.888s] -- Installing: /home/hiro/rust_ws/src/install/builtin_interfaces/local/lib/python3.10/dist-packages/builtin_interfaces-1.2.1-py3.10.egg-info/PKG-INFO
[0.889s] -- Installing: /home/hiro/rust_ws/src/install/builtin_interfaces/local/lib/python3.10/dist-packages/builtin_interfaces-1.2.1-py3.10.egg-info/SOURCES.txt
[0.889s] -- Installing: /home/hiro/rust_ws/src/install/builtin_interfaces/local/lib/python3.10/dist-packages/builtin_interfaces-1.2.1-py3.10.egg-info/dependency_links.txt
[0.890s] -- Up-to-date: /home/hiro/rust_ws/src/install/builtin_interfaces/local/lib/python3.10/dist-packages/builtin_interfaces
[0.890s] -- Up-to-date: /home/hiro/rust_ws/src/install/builtin_interfaces/local/lib/python3.10/dist-packages/builtin_interfaces/builtin_interfaces_s__rosidl_typesupport_fastrtps_c.cpython-310-x86_64-linux-gnu.so
[0.890s] -- Up-to-date: /home/hiro/rust_ws/src/install/builtin_interfaces/local/lib/python3.10/dist-packages/builtin_interfaces/builtin_interfaces_s__rosidl_typesupport_c.cpython-310-x86_64-linux-gnu.so
[0.890s] -- Up-to-date: /home/hiro/rust_ws/src/install/builtin_interfaces/local/lib/python3.10/dist-packages/builtin_interfaces/libbuiltin_interfaces__rosidl_generator_py.so
[0.890s] -- Up-to-date: /home/hiro/rust_ws/src/install/builtin_interfaces/local/lib/python3.10/dist-packages/builtin_interfaces/_builtin_interfaces_s.ep.rosidl_typesupport_fastrtps_c.c
[0.890s] -- Up-to-date: /home/hiro/rust_ws/src/install/builtin_interfaces/local/lib/python3.10/dist-packages/builtin_interfaces/builtin_interfaces_s__rosidl_typesupport_introspection_c.cpython-310-x86_64-linux-gnu.so
[0.890s] -- Up-to-date: /home/hiro/rust_ws/src/install/builtin_interfaces/local/lib/python3.10/dist-packages/builtin_interfaces/_builtin_interfaces_s.ep.rosidl_typesupport_introspection_c.c
[0.891s] -- Up-to-date: /home/hiro/rust_ws/src/install/builtin_interfaces/local/lib/python3.10/dist-packages/builtin_interfaces/__init__.py
[0.891s] -- Up-to-date: /home/hiro/rust_ws/src/install/builtin_interfaces/local/lib/python3.10/dist-packages/builtin_interfaces/msg
[0.891s] -- Up-to-date: /home/hiro/rust_ws/src/install/builtin_interfaces/local/lib/python3.10/dist-packages/builtin_interfaces/msg/_time_s.c
[0.891s] -- Up-to-date: /home/hiro/rust_ws/src/install/builtin_interfaces/local/lib/python3.10/dist-packages/builtin_interfaces/msg/_duration.py
[0.891s] -- Up-to-date: /home/hiro/rust_ws/src/install/builtin_interfaces/local/lib/python3.10/dist-packages/builtin_interfaces/msg/_duration_s.c
[0.891s] -- Up-to-date: /home/hiro/rust_ws/src/install/builtin_interfaces/local/lib/python3.10/dist-packages/builtin_interfaces/msg/__init__.py
[0.892s] -- Up-to-date: /home/hiro/rust_ws/src/install/builtin_interfaces/local/lib/python3.10/dist-packages/builtin_interfaces/msg/_time.py
[0.892s] -- Up-to-date: /home/hiro/rust_ws/src/install/builtin_interfaces/local/lib/python3.10/dist-packages/builtin_interfaces/_builtin_interfaces_s.ep.rosidl_typesupport_c.c
[0.944s] Listing '/home/hiro/rust_ws/src/install/builtin_interfaces/local/lib/python3.10/dist-packages/builtin_interfaces'...
[0.945s] Listing '/home/hiro/rust_ws/src/install/builtin_interfaces/local/lib/python3.10/dist-packages/builtin_interfaces/msg'...
[0.945s] -- Up-to-date: /home/hiro/rust_ws/src/install/builtin_interfaces/local/lib/python3.10/dist-packages/builtin_interfaces/builtin_interfaces_s__rosidl_typesupport_fastrtps_c.cpython-310-x86_64-linux-gnu.so
[0.945s] -- Up-to-date: /home/hiro/rust_ws/src/install/builtin_interfaces/local/lib/python3.10/dist-packages/builtin_interfaces/builtin_interfaces_s__rosidl_typesupport_introspection_c.cpython-310-x86_64-linux-gnu.so
[0.945s] -- Up-to-date: /home/hiro/rust_ws/src/install/builtin_interfaces/local/lib/python3.10/dist-packages/builtin_interfaces/builtin_interfaces_s__rosidl_typesupport_c.cpython-310-x86_64-linux-gnu.so
[0.945s] -- Up-to-date: /home/hiro/rust_ws/src/install/builtin_interfaces/lib/libbuiltin_interfaces__rosidl_generator_py.so
[0.945s] -- Up-to-date: /home/hiro/rust_ws/src/install/builtin_interfaces/share/builtin_interfaces/msg/Duration.idl
[0.945s] -- Up-to-date: /home/hiro/rust_ws/src/install/builtin_interfaces/share/builtin_interfaces/msg/Time.idl
[0.945s] -- Up-to-date: /home/hiro/rust_ws/src/install/builtin_interfaces/share/builtin_interfaces/msg/Duration.msg
[0.945s] -- Up-to-date: /home/hiro/rust_ws/src/install/builtin_interfaces/share/builtin_interfaces/msg/Time.msg
[0.946s] -- Up-to-date: /home/hiro/rust_ws/src/install/builtin_interfaces/share/ament_index/resource_index/package_run_dependencies/builtin_interfaces
[0.946s] -- Up-to-date: /home/hiro/rust_ws/src/install/builtin_interfaces/share/ament_index/resource_index/parent_prefix_path/builtin_interfaces
[0.946s] -- Up-to-date: /home/hiro/rust_ws/src/install/builtin_interfaces/share/builtin_interfaces/environment/ament_prefix_path.sh
[0.946s] -- Up-to-date: /home/hiro/rust_ws/src/install/builtin_interfaces/share/builtin_interfaces/environment/ament_prefix_path.dsv
[0.946s] -- Up-to-date: /home/hiro/rust_ws/src/install/builtin_interfaces/share/builtin_interfaces/environment/path.sh
[0.946s] -- Up-to-date: /home/hiro/rust_ws/src/install/builtin_interfaces/share/builtin_interfaces/environment/path.dsv
[0.946s] -- Up-to-date: /home/hiro/rust_ws/src/install/builtin_interfaces/share/builtin_interfaces/local_setup.bash
[0.946s] -- Up-to-date: /home/hiro/rust_ws/src/install/builtin_interfaces/share/builtin_interfaces/local_setup.sh
[0.946s] -- Up-to-date: /home/hiro/rust_ws/src/install/builtin_interfaces/share/builtin_interfaces/local_setup.zsh
[0.947s] -- Up-to-date: /home/hiro/rust_ws/src/install/builtin_interfaces/share/builtin_interfaces/local_setup.dsv
[0.947s] -- Installing: /home/hiro/rust_ws/src/install/builtin_interfaces/share/builtin_interfaces/package.dsv
[0.947s] -- Up-to-date: /home/hiro/rust_ws/src/install/builtin_interfaces/share/ament_index/resource_index/packages/builtin_interfaces
[0.947s] -- Up-to-date: /home/hiro/rust_ws/src/install/builtin_interfaces/share/builtin_interfaces/cmake/export_builtin_interfaces__rosidl_generator_cExport.cmake
[0.948s] -- Up-to-date: /home/hiro/rust_ws/src/install/builtin_interfaces/share/builtin_interfaces/cmake/export_builtin_interfaces__rosidl_generator_cExport-noconfig.cmake
[0.948s] -- Up-to-date: /home/hiro/rust_ws/src/install/builtin_interfaces/share/builtin_interfaces/cmake/export_builtin_interfaces__rosidl_typesupport_fastrtps_cExport.cmake
[0.948s] -- Up-to-date: /home/hiro/rust_ws/src/install/builtin_interfaces/share/builtin_interfaces/cmake/export_builtin_interfaces__rosidl_typesupport_fastrtps_cExport-noconfig.cmake
[0.948s] -- Up-to-date: /home/hiro/rust_ws/src/install/builtin_interfaces/share/builtin_interfaces/cmake/builtin_interfaces__rosidl_typesupport_introspection_cExport.cmake
[0.948s] -- Up-to-date: /home/hiro/rust_ws/src/install/builtin_interfaces/share/builtin_interfaces/cmake/builtin_interfaces__rosidl_typesupport_introspection_cExport-noconfig.cmake
[0.948s] -- Up-to-date: /home/hiro/rust_ws/src/install/builtin_interfaces/share/builtin_interfaces/cmake/builtin_interfaces__rosidl_typesupport_cExport.cmake
[0.948s] -- Up-to-date: /home/hiro/rust_ws/src/install/builtin_interfaces/share/builtin_interfaces/cmake/builtin_interfaces__rosidl_typesupport_cExport-noconfig.cmake
[0.948s] -- Up-to-date: /home/hiro/rust_ws/src/install/builtin_interfaces/share/builtin_interfaces/cmake/export_builtin_interfaces__rosidl_generator_cppExport.cmake
[0.948s] -- Up-to-date: /home/hiro/rust_ws/src/install/builtin_interfaces/share/builtin_interfaces/cmake/export_builtin_interfaces__rosidl_typesupport_fastrtps_cppExport.cmake
[0.949s] -- Up-to-date: /home/hiro/rust_ws/src/install/builtin_interfaces/share/builtin_interfaces/cmake/export_builtin_interfaces__rosidl_typesupport_fastrtps_cppExport-noconfig.cmake
[0.949s] -- Up-to-date: /home/hiro/rust_ws/src/install/builtin_interfaces/share/builtin_interfaces/cmake/builtin_interfaces__rosidl_typesupport_introspection_cppExport.cmake
[0.949s] -- Up-to-date: /home/hiro/rust_ws/src/install/builtin_interfaces/share/builtin_interfaces/cmake/builtin_interfaces__rosidl_typesupport_introspection_cppExport-noconfig.cmake
[0.950s] -- Up-to-date: /home/hiro/rust_ws/src/install/builtin_interfaces/share/builtin_interfaces/cmake/builtin_interfaces__rosidl_typesupport_cppExport.cmake
[0.950s] -- Up-to-date: /home/hiro/rust_ws/src/install/builtin_interfaces/share/builtin_interfaces/cmake/builtin_interfaces__rosidl_typesupport_cppExport-noconfig.cmake
[0.950s] -- Up-to-date: /home/hiro/rust_ws/src/install/builtin_interfaces/share/builtin_interfaces/cmake/export_builtin_interfaces__rosidl_generator_pyExport.cmake
[0.950s] -- Up-to-date: /home/hiro/rust_ws/src/install/builtin_interfaces/share/builtin_interfaces/cmake/export_builtin_interfaces__rosidl_generator_pyExport-noconfig.cmake
[0.950s] -- Up-to-date: /home/hiro/rust_ws/src/install/builtin_interfaces/share/builtin_interfaces/cmake/rosidl_cmake-extras.cmake
[0.950s] -- Up-to-date: /home/hiro/rust_ws/src/install/builtin_interfaces/share/builtin_interfaces/cmake/ament_cmake_export_include_directories-extras.cmake
[0.950s] -- Up-to-date: /home/hiro/rust_ws/src/install/builtin_interfaces/share/builtin_interfaces/cmake/ament_cmake_export_libraries-extras.cmake
[0.950s] -- Up-to-date: /home/hiro/rust_ws/src/install/builtin_interfaces/share/builtin_interfaces/cmake/ament_cmake_export_targets-extras.cmake
[0.951s] -- Up-to-date: /home/hiro/rust_ws/src/install/builtin_interfaces/share/builtin_interfaces/cmake/rosidl_cmake_export_typesupport_targets-extras.cmake
[0.951s] -- Up-to-date: /home/hiro/rust_ws/src/install/builtin_interfaces/share/builtin_interfaces/cmake/ament_cmake_export_dependencies-extras.cmake
[0.951s] -- Up-to-date: /home/hiro/rust_ws/src/install/builtin_interfaces/share/builtin_interfaces/cmake/rosidl_cmake_export_typesupport_libraries-extras.cmake
[0.952s] -- Up-to-date: /home/hiro/rust_ws/src/install/builtin_interfaces/share/builtin_interfaces/cmake/builtin_interfacesConfig.cmake
[0.952s] -- Up-to-date: /home/hiro/rust_ws/src/install/builtin_interfaces/share/builtin_interfaces/cmake/builtin_interfacesConfig-version.cmake
[0.952s] -- Up-to-date: /home/hiro/rust_ws/src/install/builtin_interfaces/share/builtin_interfaces/package.xml
[0.973s] Invoked command in '/home/hiro/rust_ws/src/build/builtin_interfaces' returned '0': AMENT_PREFIX_PATH=/home/hiro/rust_ws/src/install/rosidl_default_runtime:/home/hiro/rust_ws/src/install/rosidl_default_generators:/home/hiro/rust_ws/src/install/rosidl_generator_rs:/home/hiro/rust_ws/src/install/rosidl_runtime_rs:${AMENT_PREFIX_PATH} CMAKE_PREFIX_PATH=/home/hiro/rust_ws/src/install/rosidl_default_runtime:/home/hiro/rust_ws/src/install/rosidl_default_generators:/home/hiro/rust_ws/src/install/rosidl_generator_rs:/home/hiro/ws_livox/install/livox_ros_driver2:/opt/ros/humble PYTHONPATH=/home/hiro/rust_ws/src/install/rosidl_generator_rs/local/lib/python3.10/dist-packages:${PYTHONPATH} /usr/bin/cmake --install /home/hiro/rust_ws/src/build/builtin_interfaces
