[0.040s] Invoking command in '/home/hiromichi/rost2/build/actionlib_msgs': AMENT_PREFIX_PATH=/home/hiromichi/rost2/install/std_msgs:/home/hiromichi/rost2/install/builtin_interfaces:/home/hiromichi/rost2/install/rosidl_default_runtime:/home/hiromichi/rost2/install/rosidl_default_generators:/home/hiromichi/rost2/install/rosidl_generator_rs:/home/hiromichi/rost2/install/rosidl_runtime_rs:${AMENT_PREFIX_PATH} CMAKE_PREFIX_PATH=/home/hiromichi/rost2/install/std_msgs:/home/hiromichi/rost2/install/builtin_interfaces:/home/hiromichi/rost2/install/rosidl_default_runtime:/home/hiromichi/rost2/install/rosidl_default_generators:/home/hiromichi/rost2/install/rosidl_generator_rs:/opt/ros/humble LD_LIBRARY_PATH=/home/hiromichi/rost2/install/std_msgs/lib:/home/hiromichi/rost2/install/builtin_interfaces/lib:${LD_LIBRARY_PATH} PYTHONPATH=/home/hiromichi/rost2/install/std_msgs/local/lib/python3.10/dist-packages:/home/hiromichi/rost2/install/builtin_interfaces/local/lib/python3.10/dist-packages:/home/hiromichi/rost2/install/rosidl_generator_rs/local/lib/python3.10/dist-packages:${PYTHONPATH} /usr/bin/cmake --build /home/hiromichi/rost2/build/actionlib_msgs -- -j20 -l20
[0.077s] [35m[1mConsolidate compiler generated dependencies of target actionlib_msgs__rosidl_generator_c[0m
[0.080s] [  2%] Built target actionlib_msgs__cpp
[0.083s] [  4%] Built target actionlib_msgs__rs
[0.087s] [ 14%] Built target actionlib_msgs__rosidl_generator_c
[0.108s] [35m[1mConsolidate compiler generated dependencies of target actionlib_msgs__rosidl_typesupport_fastrtps_cpp[0m
[0.112s] [35m[1mConsolidate compiler generated dependencies of target actionlib_msgs__rosidl_typesupport_introspection_cpp[0m
[0.113s] [ 14%] Built target ament_cmake_python_copy_actionlib_msgs
[0.132s] [35m[1mConsolidate compiler generated dependencies of target actionlib_msgs__rosidl_typesupport_cpp[0m
[0.136s] [35m[1mConsolidate compiler generated dependencies of target actionlib_msgs__rosidl_typesupport_fastrtps_c[0m
[0.143s] [35m[1mConsolidate compiler generated dependencies of target actionlib_msgs__rosidl_typesupport_introspection_c[0m
[0.143s] [35m[1mConsolidate compiler generated dependencies of target actionlib_msgs__rosidl_typesupport_c[0m
[0.162s] [ 25%] Built target actionlib_msgs__rosidl_typesupport_fastrtps_cpp
[0.162s] [ 35%] Built target actionlib_msgs__rosidl_typesupport_introspection_cpp
[0.174s] [ 45%] Built target actionlib_msgs__rosidl_typesupport_cpp
[0.181s] [ 56%] Built target actionlib_msgs__rosidl_typesupport_c
[0.181s] [ 66%] Built target actionlib_msgs__rosidl_typesupport_fastrtps_c
[0.187s] [ 77%] Built target actionlib_msgs__rosidl_typesupport_introspection_c
[0.223s] [ 77%] Built target actionlib_msgs
[0.224s] [ 79%] Built target actionlib_msgs__py
[0.224s] [35m[1mConsolidate compiler generated dependencies of target actionlib_msgs__rosidl_generator_py[0m
[0.224s] [ 87%] Built target actionlib_msgs__rosidl_generator_py
[0.231s] [35m[1mConsolidate compiler generated dependencies of target actionlib_msgs__rosidl_typesupport_fastrtps_c__pyext[0m
[0.232s] [35m[1mConsolidate compiler generated dependencies of target actionlib_msgs__rosidl_typesupport_c__pyext[0m
[0.232s] [35m[1mConsolidate compiler generated dependencies of target actionlib_msgs__rosidl_typesupport_introspection_c__pyext[0m
[0.236s] [ 91%] Built target actionlib_msgs__rosidl_typesupport_fastrtps_c__pyext
[0.237s] [ 95%] Built target actionlib_msgs__rosidl_typesupport_introspection_c__pyext
[0.238s] [100%] Built target actionlib_msgs__rosidl_typesupport_c__pyext
[0.263s] running egg_info
[0.264s] writing actionlib_msgs.egg-info/PKG-INFO
[0.264s] writing dependency_links to actionlib_msgs.egg-info/dependency_links.txt
[0.264s] writing top-level names to actionlib_msgs.egg-info/top_level.txt
[0.266s] reading manifest file 'actionlib_msgs.egg-info/SOURCES.txt'
[0.267s] writing manifest file 'actionlib_msgs.egg-info/SOURCES.txt'
[0.284s] [100%] Built target ament_cmake_python_build_actionlib_msgs_egg
[0.290s] Invoked command in '/home/hiromichi/rost2/build/actionlib_msgs' returned '0': AMENT_PREFIX_PATH=/home/hiromichi/rost2/install/std_msgs:/home/hiromichi/rost2/install/builtin_interfaces:/home/hiromichi/rost2/install/rosidl_default_runtime:/home/hiromichi/rost2/install/rosidl_default_generators:/home/hiromichi/rost2/install/rosidl_generator_rs:/home/hiromichi/rost2/install/rosidl_runtime_rs:${AMENT_PREFIX_PATH} CMAKE_PREFIX_PATH=/home/hiromichi/rost2/install/std_msgs:/home/hiromichi/rost2/install/builtin_interfaces:/home/hiromichi/rost2/install/rosidl_default_runtime:/home/hiromichi/rost2/install/rosidl_default_generators:/home/hiromichi/rost2/install/rosidl_generator_rs:/opt/ros/humble LD_LIBRARY_PATH=/home/hiromichi/rost2/install/std_msgs/lib:/home/hiromichi/rost2/install/builtin_interfaces/lib:${LD_LIBRARY_PATH} PYTHONPATH=/home/hiromichi/rost2/install/std_msgs/local/lib/python3.10/dist-packages:/home/hiromichi/rost2/install/builtin_interfaces/local/lib/python3.10/dist-packages:/home/hiromichi/rost2/install/rosidl_generator_rs/local/lib/python3.10/dist-packages:${PYTHONPATH} /usr/bin/cmake --build /home/hiromichi/rost2/build/actionlib_msgs -- -j20 -l20
[0.349s] Invoking command in '/home/hiromichi/rost2/build/actionlib_msgs': AMENT_PREFIX_PATH=/home/hiromichi/rost2/install/std_msgs:/home/hiromichi/rost2/install/builtin_interfaces:/home/hiromichi/rost2/install/rosidl_default_runtime:/home/hiromichi/rost2/install/rosidl_default_generators:/home/hiromichi/rost2/install/rosidl_generator_rs:/home/hiromichi/rost2/install/rosidl_runtime_rs:${AMENT_PREFIX_PATH} CMAKE_PREFIX_PATH=/home/hiromichi/rost2/install/std_msgs:/home/hiromichi/rost2/install/builtin_interfaces:/home/hiromichi/rost2/install/rosidl_default_runtime:/home/hiromichi/rost2/install/rosidl_default_generators:/home/hiromichi/rost2/install/rosidl_generator_rs:/opt/ros/humble LD_LIBRARY_PATH=/home/hiromichi/rost2/install/std_msgs/lib:/home/hiromichi/rost2/install/builtin_interfaces/lib:${LD_LIBRARY_PATH} PYTHONPATH=/home/hiromichi/rost2/install/std_msgs/local/lib/python3.10/dist-packages:/home/hiromichi/rost2/install/builtin_interfaces/local/lib/python3.10/dist-packages:/home/hiromichi/rost2/install/rosidl_generator_rs/local/lib/python3.10/dist-packages:${PYTHONPATH} /usr/bin/cmake --install /home/hiromichi/rost2/build/actionlib_msgs
[0.355s] -- Install configuration: ""
[0.355s] -- Up-to-date: /home/hiromichi/rost2/install/actionlib_msgs/share/ament_index/resource_index/rosidl_interfaces/actionlib_msgs
[0.356s] -- Up-to-date: /home/hiromichi/rost2/install/actionlib_msgs/include/actionlib_msgs/actionlib_msgs
[0.356s] -- Up-to-date: /home/hiromichi/rost2/install/actionlib_msgs/include/actionlib_msgs/actionlib_msgs/msg
[0.356s] -- Up-to-date: /home/hiromichi/rost2/install/actionlib_msgs/include/actionlib_msgs/actionlib_msgs/msg/goal_status.h
[0.356s] -- Up-to-date: /home/hiromichi/rost2/install/actionlib_msgs/include/actionlib_msgs/actionlib_msgs/msg/goal_status_array.h
[0.356s] -- Up-to-date: /home/hiromichi/rost2/install/actionlib_msgs/include/actionlib_msgs/actionlib_msgs/msg/goal_id.h
[0.356s] -- Up-to-date: /home/hiromichi/rost2/install/actionlib_msgs/include/actionlib_msgs/actionlib_msgs/msg/rosidl_generator_c__visibility_control.h
[0.357s] -- Up-to-date: /home/hiromichi/rost2/install/actionlib_msgs/include/actionlib_msgs/actionlib_msgs/msg/detail
[0.357s] -- Up-to-date: /home/hiromichi/rost2/install/actionlib_msgs/include/actionlib_msgs/actionlib_msgs/msg/detail/goal_status_array__struct.h
[0.357s] -- Up-to-date: /home/hiromichi/rost2/install/actionlib_msgs/include/actionlib_msgs/actionlib_msgs/msg/detail/goal_status__type_support.h
[0.357s] -- Up-to-date: /home/hiromichi/rost2/install/actionlib_msgs/include/actionlib_msgs/actionlib_msgs/msg/detail/goal_status_array__functions.h
[0.357s] -- Up-to-date: /home/hiromichi/rost2/install/actionlib_msgs/include/actionlib_msgs/actionlib_msgs/msg/detail/goal_status_array__functions.c
[0.357s] -- Up-to-date: /home/hiromichi/rost2/install/actionlib_msgs/include/actionlib_msgs/actionlib_msgs/msg/detail/goal_id__struct.h
[0.357s] -- Up-to-date: /home/hiromichi/rost2/install/actionlib_msgs/include/actionlib_msgs/actionlib_msgs/msg/detail/goal_status_array__type_support.h
[0.357s] -- Up-to-date: /home/hiromichi/rost2/install/actionlib_msgs/include/actionlib_msgs/actionlib_msgs/msg/detail/goal_id__type_support.h
[0.358s] -- Up-to-date: /home/hiromichi/rost2/install/actionlib_msgs/include/actionlib_msgs/actionlib_msgs/msg/detail/goal_status__functions.c
[0.358s] -- Up-to-date: /home/hiromichi/rost2/install/actionlib_msgs/include/actionlib_msgs/actionlib_msgs/msg/detail/goal_status__functions.h
[0.358s] -- Up-to-date: /home/hiromichi/rost2/install/actionlib_msgs/include/actionlib_msgs/actionlib_msgs/msg/detail/goal_id__functions.c
[0.359s] -- Up-to-date: /home/hiromichi/rost2/install/actionlib_msgs/include/actionlib_msgs/actionlib_msgs/msg/detail/goal_id__functions.h
[0.359s] -- Up-to-date: /home/hiromichi/rost2/install/actionlib_msgs/include/actionlib_msgs/actionlib_msgs/msg/detail/goal_status__struct.h
[0.359s] -- Up-to-date: /home/hiromichi/rost2/install/actionlib_msgs/share/actionlib_msgs/environment/library_path.sh
[0.360s] -- Up-to-date: /home/hiromichi/rost2/install/actionlib_msgs/share/actionlib_msgs/environment/library_path.dsv
[0.360s] -- Up-to-date: /home/hiromichi/rost2/install/actionlib_msgs/lib/libactionlib_msgs__rosidl_generator_c.so
[0.360s] -- Up-to-date: /home/hiromichi/rost2/install/actionlib_msgs/include/actionlib_msgs/actionlib_msgs
[0.361s] -- Up-to-date: /home/hiromichi/rost2/install/actionlib_msgs/include/actionlib_msgs/actionlib_msgs/msg
[0.361s] -- Up-to-date: /home/hiromichi/rost2/install/actionlib_msgs/include/actionlib_msgs/actionlib_msgs/msg/rosidl_typesupport_fastrtps_c__visibility_control.h
[0.361s] -- Up-to-date: /home/hiromichi/rost2/install/actionlib_msgs/include/actionlib_msgs/actionlib_msgs/msg/detail
[0.361s] -- Up-to-date: /home/hiromichi/rost2/install/actionlib_msgs/include/actionlib_msgs/actionlib_msgs/msg/detail/goal_status__rosidl_typesupport_fastrtps_c.h
[0.361s] -- Up-to-date: /home/hiromichi/rost2/install/actionlib_msgs/include/actionlib_msgs/actionlib_msgs/msg/detail/goal_id__rosidl_typesupport_fastrtps_c.h
[0.361s] -- Up-to-date: /home/hiromichi/rost2/install/actionlib_msgs/include/actionlib_msgs/actionlib_msgs/msg/detail/goal_status_array__rosidl_typesupport_fastrtps_c.h
[0.361s] -- Up-to-date: /home/hiromichi/rost2/install/actionlib_msgs/lib/libactionlib_msgs__rosidl_typesupport_fastrtps_c.so
[0.361s] -- Up-to-date: /home/hiromichi/rost2/install/actionlib_msgs/include/actionlib_msgs/actionlib_msgs
[0.362s] -- Up-to-date: /home/hiromichi/rost2/install/actionlib_msgs/include/actionlib_msgs/actionlib_msgs/msg
[0.362s] -- Up-to-date: /home/hiromichi/rost2/install/actionlib_msgs/include/actionlib_msgs/actionlib_msgs/msg/goal_status.hpp
[0.362s] -- Up-to-date: /home/hiromichi/rost2/install/actionlib_msgs/include/actionlib_msgs/actionlib_msgs/msg/goal_id.hpp
[0.362s] -- Up-to-date: /home/hiromichi/rost2/install/actionlib_msgs/include/actionlib_msgs/actionlib_msgs/msg/goal_status_array.hpp
[0.362s] -- Up-to-date: /home/hiromichi/rost2/install/actionlib_msgs/include/actionlib_msgs/actionlib_msgs/msg/detail
[0.362s] -- Up-to-date: /home/hiromichi/rost2/install/actionlib_msgs/include/actionlib_msgs/actionlib_msgs/msg/detail/goal_status_array__builder.hpp
[0.362s] -- Up-to-date: /home/hiromichi/rost2/install/actionlib_msgs/include/actionlib_msgs/actionlib_msgs/msg/detail/goal_id__struct.hpp
[0.362s] -- Up-to-date: /home/hiromichi/rost2/install/actionlib_msgs/include/actionlib_msgs/actionlib_msgs/msg/detail/goal_status__struct.hpp
[0.362s] -- Up-to-date: /home/hiromichi/rost2/install/actionlib_msgs/include/actionlib_msgs/actionlib_msgs/msg/detail/goal_status__traits.hpp
[0.362s] -- Up-to-date: /home/hiromichi/rost2/install/actionlib_msgs/include/actionlib_msgs/actionlib_msgs/msg/detail/goal_id__traits.hpp
[0.362s] -- Up-to-date: /home/hiromichi/rost2/install/actionlib_msgs/include/actionlib_msgs/actionlib_msgs/msg/detail/goal_id__builder.hpp
[0.362s] -- Up-to-date: /home/hiromichi/rost2/install/actionlib_msgs/include/actionlib_msgs/actionlib_msgs/msg/detail/goal_status__builder.hpp
[0.363s] -- Up-to-date: /home/hiromichi/rost2/install/actionlib_msgs/include/actionlib_msgs/actionlib_msgs/msg/detail/goal_status_array__struct.hpp
[0.363s] -- Up-to-date: /home/hiromichi/rost2/install/actionlib_msgs/include/actionlib_msgs/actionlib_msgs/msg/detail/goal_status_array__traits.hpp
[0.363s] -- Up-to-date: /home/hiromichi/rost2/install/actionlib_msgs/include/actionlib_msgs/actionlib_msgs
[0.363s] -- Up-to-date: /home/hiromichi/rost2/install/actionlib_msgs/include/actionlib_msgs/actionlib_msgs/msg
[0.363s] -- Up-to-date: /home/hiromichi/rost2/install/actionlib_msgs/include/actionlib_msgs/actionlib_msgs/msg/rosidl_typesupport_fastrtps_cpp__visibility_control.h
[0.363s] -- Up-to-date: /home/hiromichi/rost2/install/actionlib_msgs/include/actionlib_msgs/actionlib_msgs/msg/detail
[0.363s] -- Up-to-date: /home/hiromichi/rost2/install/actionlib_msgs/include/actionlib_msgs/actionlib_msgs/msg/detail/goal_status__rosidl_typesupport_fastrtps_cpp.hpp
[0.363s] -- Up-to-date: /home/hiromichi/rost2/install/actionlib_msgs/include/actionlib_msgs/actionlib_msgs/msg/detail/goal_id__rosidl_typesupport_fastrtps_cpp.hpp
[0.364s] -- Up-to-date: /home/hiromichi/rost2/install/actionlib_msgs/include/actionlib_msgs/actionlib_msgs/msg/detail/goal_status_array__rosidl_typesupport_fastrtps_cpp.hpp
[0.364s] -- Up-to-date: /home/hiromichi/rost2/install/actionlib_msgs/include/actionlib_msgs/actionlib_msgs/msg/detail/dds_fastrtps
[0.364s] -- Up-to-date: /home/hiromichi/rost2/install/actionlib_msgs/lib/libactionlib_msgs__rosidl_typesupport_fastrtps_cpp.so
[0.364s] -- Up-to-date: /home/hiromichi/rost2/install/actionlib_msgs/include/actionlib_msgs/actionlib_msgs
[0.364s] -- Up-to-date: /home/hiromichi/rost2/install/actionlib_msgs/include/actionlib_msgs/actionlib_msgs/msg
[0.365s] -- Up-to-date: /home/hiromichi/rost2/install/actionlib_msgs/include/actionlib_msgs/actionlib_msgs/msg/rosidl_typesupport_introspection_c__visibility_control.h
[0.366s] -- Up-to-date: /home/hiromichi/rost2/install/actionlib_msgs/include/actionlib_msgs/actionlib_msgs/msg/detail
[0.366s] -- Up-to-date: /home/hiromichi/rost2/install/actionlib_msgs/include/actionlib_msgs/actionlib_msgs/msg/detail/goal_status__type_support.c
[0.366s] -- Up-to-date: /home/hiromichi/rost2/install/actionlib_msgs/include/actionlib_msgs/actionlib_msgs/msg/detail/goal_status_array__rosidl_typesupport_introspection_c.h
[0.367s] -- Up-to-date: /home/hiromichi/rost2/install/actionlib_msgs/include/actionlib_msgs/actionlib_msgs/msg/detail/goal_id__rosidl_typesupport_introspection_c.h
[0.367s] -- Up-to-date: /home/hiromichi/rost2/install/actionlib_msgs/include/actionlib_msgs/actionlib_msgs/msg/detail/goal_status__rosidl_typesupport_introspection_c.h
[0.367s] -- Up-to-date: /home/hiromichi/rost2/install/actionlib_msgs/include/actionlib_msgs/actionlib_msgs/msg/detail/goal_status_array__type_support.c
[0.367s] -- Up-to-date: /home/hiromichi/rost2/install/actionlib_msgs/include/actionlib_msgs/actionlib_msgs/msg/detail/goal_id__type_support.c
[0.367s] -- Up-to-date: /home/hiromichi/rost2/install/actionlib_msgs/lib/libactionlib_msgs__rosidl_typesupport_introspection_c.so
[0.367s] -- Up-to-date: /home/hiromichi/rost2/install/actionlib_msgs/lib/libactionlib_msgs__rosidl_typesupport_c.so
[0.367s] -- Up-to-date: /home/hiromichi/rost2/install/actionlib_msgs/include/actionlib_msgs/actionlib_msgs
[0.368s] -- Up-to-date: /home/hiromichi/rost2/install/actionlib_msgs/include/actionlib_msgs/actionlib_msgs/msg
[0.368s] -- Up-to-date: /home/hiromichi/rost2/install/actionlib_msgs/include/actionlib_msgs/actionlib_msgs/msg/detail
[0.368s] -- Up-to-date: /home/hiromichi/rost2/install/actionlib_msgs/include/actionlib_msgs/actionlib_msgs/msg/detail/goal_id__rosidl_typesupport_introspection_cpp.hpp
[0.368s] -- Up-to-date: /home/hiromichi/rost2/install/actionlib_msgs/include/actionlib_msgs/actionlib_msgs/msg/detail/goal_status__type_support.cpp
[0.368s] -- Up-to-date: /home/hiromichi/rost2/install/actionlib_msgs/include/actionlib_msgs/actionlib_msgs/msg/detail/goal_status__rosidl_typesupport_introspection_cpp.hpp
[0.368s] -- Up-to-date: /home/hiromichi/rost2/install/actionlib_msgs/include/actionlib_msgs/actionlib_msgs/msg/detail/goal_status_array__type_support.cpp
[0.368s] -- Up-to-date: /home/hiromichi/rost2/install/actionlib_msgs/include/actionlib_msgs/actionlib_msgs/msg/detail/goal_status_array__rosidl_typesupport_introspection_cpp.hpp
[0.368s] -- Up-to-date: /home/hiromichi/rost2/install/actionlib_msgs/include/actionlib_msgs/actionlib_msgs/msg/detail/goal_id__type_support.cpp
[0.369s] -- Up-to-date: /home/hiromichi/rost2/install/actionlib_msgs/lib/libactionlib_msgs__rosidl_typesupport_introspection_cpp.so
[0.369s] -- Up-to-date: /home/hiromichi/rost2/install/actionlib_msgs/lib/libactionlib_msgs__rosidl_typesupport_cpp.so
[0.369s] -- Up-to-date: /home/hiromichi/rost2/install/actionlib_msgs/share/ament_index/resource_index/rust_packages/actionlib_msgs
[0.369s] -- Up-to-date: /home/hiromichi/rost2/install/actionlib_msgs/share/actionlib_msgs/rust
[0.369s] -- Up-to-date: /home/hiromichi/rost2/install/actionlib_msgs/share/actionlib_msgs/rust/src
[0.369s] -- Up-to-date: /home/hiromichi/rost2/install/actionlib_msgs/share/actionlib_msgs/rust/src/msg.rs
[0.369s] -- Up-to-date: /home/hiromichi/rost2/install/actionlib_msgs/share/actionlib_msgs/rust/src/lib.rs
[0.369s] -- Up-to-date: /home/hiromichi/rost2/install/actionlib_msgs/share/actionlib_msgs/rust/Cargo.toml
[0.370s] -- Up-to-date: /home/hiromichi/rost2/install/actionlib_msgs/share/actionlib_msgs/rust/build.rs
[0.370s] -- Up-to-date: /home/hiromichi/rost2/install/actionlib_msgs/share/actionlib_msgs/environment/pythonpath.sh
[0.370s] -- Up-to-date: /home/hiromichi/rost2/install/actionlib_msgs/share/actionlib_msgs/environment/pythonpath.dsv
[0.370s] -- Up-to-date: /home/hiromichi/rost2/install/actionlib_msgs/local/lib/python3.10/dist-packages/actionlib_msgs-4.2.4-py3.10.egg-info
[0.370s] -- Installing: /home/hiromichi/rost2/install/actionlib_msgs/local/lib/python3.10/dist-packages/actionlib_msgs-4.2.4-py3.10.egg-info/top_level.txt
[0.370s] -- Installing: /home/hiromichi/rost2/install/actionlib_msgs/local/lib/python3.10/dist-packages/actionlib_msgs-4.2.4-py3.10.egg-info/dependency_links.txt
[0.370s] -- Installing: /home/hiromichi/rost2/install/actionlib_msgs/local/lib/python3.10/dist-packages/actionlib_msgs-4.2.4-py3.10.egg-info/SOURCES.txt
[0.370s] -- Installing: /home/hiromichi/rost2/install/actionlib_msgs/local/lib/python3.10/dist-packages/actionlib_msgs-4.2.4-py3.10.egg-info/PKG-INFO
[0.370s] -- Up-to-date: /home/hiromichi/rost2/install/actionlib_msgs/local/lib/python3.10/dist-packages/actionlib_msgs
[0.371s] -- Up-to-date: /home/hiromichi/rost2/install/actionlib_msgs/local/lib/python3.10/dist-packages/actionlib_msgs/_actionlib_msgs_s.ep.rosidl_typesupport_c.c
[0.371s] -- Up-to-date: /home/hiromichi/rost2/install/actionlib_msgs/local/lib/python3.10/dist-packages/actionlib_msgs/_actionlib_msgs_s.ep.rosidl_typesupport_introspection_c.c
[0.371s] -- Up-to-date: /home/hiromichi/rost2/install/actionlib_msgs/local/lib/python3.10/dist-packages/actionlib_msgs/msg
[0.372s] -- Up-to-date: /home/hiromichi/rost2/install/actionlib_msgs/local/lib/python3.10/dist-packages/actionlib_msgs/msg/_goal_id_s.c
[0.372s] -- Up-to-date: /home/hiromichi/rost2/install/actionlib_msgs/local/lib/python3.10/dist-packages/actionlib_msgs/msg/_goal_status_s.c
[0.372s] -- Up-to-date: /home/hiromichi/rost2/install/actionlib_msgs/local/lib/python3.10/dist-packages/actionlib_msgs/msg/_goal_status_array_s.c
[0.372s] -- Up-to-date: /home/hiromichi/rost2/install/actionlib_msgs/local/lib/python3.10/dist-packages/actionlib_msgs/msg/_goal_id.py
[0.372s] -- Up-to-date: /home/hiromichi/rost2/install/actionlib_msgs/local/lib/python3.10/dist-packages/actionlib_msgs/msg/_goal_status_array.py
[0.372s] -- Up-to-date: /home/hiromichi/rost2/install/actionlib_msgs/local/lib/python3.10/dist-packages/actionlib_msgs/msg/__init__.py
[0.372s] -- Up-to-date: /home/hiromichi/rost2/install/actionlib_msgs/local/lib/python3.10/dist-packages/actionlib_msgs/msg/_goal_status.py
[0.372s] -- Up-to-date: /home/hiromichi/rost2/install/actionlib_msgs/local/lib/python3.10/dist-packages/actionlib_msgs/libactionlib_msgs__rosidl_generator_py.so
[0.372s] -- Up-to-date: /home/hiromichi/rost2/install/actionlib_msgs/local/lib/python3.10/dist-packages/actionlib_msgs/actionlib_msgs_s__rosidl_typesupport_fastrtps_c.cpython-310-x86_64-linux-gnu.so
[0.373s] -- Up-to-date: /home/hiromichi/rost2/install/actionlib_msgs/local/lib/python3.10/dist-packages/actionlib_msgs/_actionlib_msgs_s.ep.rosidl_typesupport_fastrtps_c.c
[0.373s] -- Up-to-date: /home/hiromichi/rost2/install/actionlib_msgs/local/lib/python3.10/dist-packages/actionlib_msgs/actionlib_msgs_s__rosidl_typesupport_introspection_c.cpython-310-x86_64-linux-gnu.so
[0.373s] -- Up-to-date: /home/hiromichi/rost2/install/actionlib_msgs/local/lib/python3.10/dist-packages/actionlib_msgs/__init__.py
[0.373s] -- Up-to-date: /home/hiromichi/rost2/install/actionlib_msgs/local/lib/python3.10/dist-packages/actionlib_msgs/actionlib_msgs_s__rosidl_typesupport_c.cpython-310-x86_64-linux-gnu.so
[0.390s] Listing '/home/hiromichi/rost2/install/actionlib_msgs/local/lib/python3.10/dist-packages/actionlib_msgs'...
[0.390s] Listing '/home/hiromichi/rost2/install/actionlib_msgs/local/lib/python3.10/dist-packages/actionlib_msgs/msg'...
[0.394s] -- Up-to-date: /home/hiromichi/rost2/install/actionlib_msgs/local/lib/python3.10/dist-packages/actionlib_msgs/actionlib_msgs_s__rosidl_typesupport_fastrtps_c.cpython-310-x86_64-linux-gnu.so
[0.395s] -- Up-to-date: /home/hiromichi/rost2/install/actionlib_msgs/local/lib/python3.10/dist-packages/actionlib_msgs/actionlib_msgs_s__rosidl_typesupport_introspection_c.cpython-310-x86_64-linux-gnu.so
[0.395s] -- Up-to-date: /home/hiromichi/rost2/install/actionlib_msgs/local/lib/python3.10/dist-packages/actionlib_msgs/actionlib_msgs_s__rosidl_typesupport_c.cpython-310-x86_64-linux-gnu.so
[0.396s] -- Up-to-date: /home/hiromichi/rost2/install/actionlib_msgs/lib/libactionlib_msgs__rosidl_generator_py.so
[0.396s] -- Up-to-date: /home/hiromichi/rost2/install/actionlib_msgs/share/actionlib_msgs/msg/GoalID.idl
[0.396s] -- Up-to-date: /home/hiromichi/rost2/install/actionlib_msgs/share/actionlib_msgs/msg/GoalStatus.idl
[0.396s] -- Up-to-date: /home/hiromichi/rost2/install/actionlib_msgs/share/actionlib_msgs/msg/GoalStatusArray.idl
[0.397s] -- Up-to-date: /home/hiromichi/rost2/install/actionlib_msgs/share/actionlib_msgs/msg/GoalID.msg
[0.397s] -- Up-to-date: /home/hiromichi/rost2/install/actionlib_msgs/share/actionlib_msgs/msg/GoalStatus.msg
[0.398s] -- Up-to-date: /home/hiromichi/rost2/install/actionlib_msgs/share/actionlib_msgs/msg/GoalStatusArray.msg
[0.398s] -- Up-to-date: /home/hiromichi/rost2/install/actionlib_msgs/share/ament_index/resource_index/package_run_dependencies/actionlib_msgs
[0.398s] -- Up-to-date: /home/hiromichi/rost2/install/actionlib_msgs/share/ament_index/resource_index/parent_prefix_path/actionlib_msgs
[0.398s] -- Up-to-date: /home/hiromichi/rost2/install/actionlib_msgs/share/actionlib_msgs/environment/ament_prefix_path.sh
[0.398s] -- Up-to-date: /home/hiromichi/rost2/install/actionlib_msgs/share/actionlib_msgs/environment/ament_prefix_path.dsv
[0.398s] -- Up-to-date: /home/hiromichi/rost2/install/actionlib_msgs/share/actionlib_msgs/environment/path.sh
[0.398s] -- Up-to-date: /home/hiromichi/rost2/install/actionlib_msgs/share/actionlib_msgs/environment/path.dsv
[0.398s] -- Up-to-date: /home/hiromichi/rost2/install/actionlib_msgs/share/actionlib_msgs/local_setup.bash
[0.399s] -- Up-to-date: /home/hiromichi/rost2/install/actionlib_msgs/share/actionlib_msgs/local_setup.sh
[0.399s] -- Up-to-date: /home/hiromichi/rost2/install/actionlib_msgs/share/actionlib_msgs/local_setup.zsh
[0.399s] -- Up-to-date: /home/hiromichi/rost2/install/actionlib_msgs/share/actionlib_msgs/local_setup.dsv
[0.399s] -- Installing: /home/hiromichi/rost2/install/actionlib_msgs/share/actionlib_msgs/package.dsv
[0.399s] -- Up-to-date: /home/hiromichi/rost2/install/actionlib_msgs/share/ament_index/resource_index/packages/actionlib_msgs
[0.399s] -- Up-to-date: /home/hiromichi/rost2/install/actionlib_msgs/share/actionlib_msgs/cmake/export_actionlib_msgs__rosidl_generator_cExport.cmake
[0.400s] -- Up-to-date: /home/hiromichi/rost2/install/actionlib_msgs/share/actionlib_msgs/cmake/export_actionlib_msgs__rosidl_generator_cExport-noconfig.cmake
[0.400s] -- Up-to-date: /home/hiromichi/rost2/install/actionlib_msgs/share/actionlib_msgs/cmake/export_actionlib_msgs__rosidl_typesupport_fastrtps_cExport.cmake
[0.400s] -- Up-to-date: /home/hiromichi/rost2/install/actionlib_msgs/share/actionlib_msgs/cmake/export_actionlib_msgs__rosidl_typesupport_fastrtps_cExport-noconfig.cmake
[0.400s] -- Up-to-date: /home/hiromichi/rost2/install/actionlib_msgs/share/actionlib_msgs/cmake/export_actionlib_msgs__rosidl_generator_cppExport.cmake
[0.400s] -- Up-to-date: /home/hiromichi/rost2/install/actionlib_msgs/share/actionlib_msgs/cmake/export_actionlib_msgs__rosidl_typesupport_fastrtps_cppExport.cmake
[0.400s] -- Up-to-date: /home/hiromichi/rost2/install/actionlib_msgs/share/actionlib_msgs/cmake/export_actionlib_msgs__rosidl_typesupport_fastrtps_cppExport-noconfig.cmake
[0.400s] -- Up-to-date: /home/hiromichi/rost2/install/actionlib_msgs/share/actionlib_msgs/cmake/actionlib_msgs__rosidl_typesupport_introspection_cExport.cmake
[0.400s] -- Up-to-date: /home/hiromichi/rost2/install/actionlib_msgs/share/actionlib_msgs/cmake/actionlib_msgs__rosidl_typesupport_introspection_cExport-noconfig.cmake
[0.401s] -- Up-to-date: /home/hiromichi/rost2/install/actionlib_msgs/share/actionlib_msgs/cmake/actionlib_msgs__rosidl_typesupport_cExport.cmake
[0.401s] -- Up-to-date: /home/hiromichi/rost2/install/actionlib_msgs/share/actionlib_msgs/cmake/actionlib_msgs__rosidl_typesupport_cExport-noconfig.cmake
[0.402s] -- Up-to-date: /home/hiromichi/rost2/install/actionlib_msgs/share/actionlib_msgs/cmake/actionlib_msgs__rosidl_typesupport_introspection_cppExport.cmake
[0.402s] -- Up-to-date: /home/hiromichi/rost2/install/actionlib_msgs/share/actionlib_msgs/cmake/actionlib_msgs__rosidl_typesupport_introspection_cppExport-noconfig.cmake
[0.403s] -- Up-to-date: /home/hiromichi/rost2/install/actionlib_msgs/share/actionlib_msgs/cmake/actionlib_msgs__rosidl_typesupport_cppExport.cmake
[0.403s] -- Up-to-date: /home/hiromichi/rost2/install/actionlib_msgs/share/actionlib_msgs/cmake/actionlib_msgs__rosidl_typesupport_cppExport-noconfig.cmake
[0.403s] -- Up-to-date: /home/hiromichi/rost2/install/actionlib_msgs/share/actionlib_msgs/cmake/export_actionlib_msgs__rosidl_generator_pyExport.cmake
[0.403s] -- Up-to-date: /home/hiromichi/rost2/install/actionlib_msgs/share/actionlib_msgs/cmake/export_actionlib_msgs__rosidl_generator_pyExport-noconfig.cmake
[0.403s] -- Up-to-date: /home/hiromichi/rost2/install/actionlib_msgs/share/actionlib_msgs/cmake/rosidl_cmake-extras.cmake
[0.404s] -- Up-to-date: /home/hiromichi/rost2/install/actionlib_msgs/share/actionlib_msgs/cmake/ament_cmake_export_dependencies-extras.cmake
[0.404s] -- Up-to-date: /home/hiromichi/rost2/install/actionlib_msgs/share/actionlib_msgs/cmake/ament_cmake_export_include_directories-extras.cmake
[0.404s] -- Up-to-date: /home/hiromichi/rost2/install/actionlib_msgs/share/actionlib_msgs/cmake/ament_cmake_export_libraries-extras.cmake
[0.404s] -- Up-to-date: /home/hiromichi/rost2/install/actionlib_msgs/share/actionlib_msgs/cmake/ament_cmake_export_targets-extras.cmake
[0.404s] -- Up-to-date: /home/hiromichi/rost2/install/actionlib_msgs/share/actionlib_msgs/cmake/rosidl_cmake_export_typesupport_targets-extras.cmake
[0.404s] -- Up-to-date: /home/hiromichi/rost2/install/actionlib_msgs/share/actionlib_msgs/cmake/rosidl_cmake_export_typesupport_libraries-extras.cmake
[0.405s] -- Up-to-date: /home/hiromichi/rost2/install/actionlib_msgs/share/actionlib_msgs/cmake/actionlib_msgsConfig.cmake
[0.405s] -- Up-to-date: /home/hiromichi/rost2/install/actionlib_msgs/share/actionlib_msgs/cmake/actionlib_msgsConfig-version.cmake
[0.405s] -- Up-to-date: /home/hiromichi/rost2/install/actionlib_msgs/share/actionlib_msgs/package.xml
[0.406s] Invoked command in '/home/hiromichi/rost2/build/actionlib_msgs' returned '0': AMENT_PREFIX_PATH=/home/hiromichi/rost2/install/std_msgs:/home/hiromichi/rost2/install/builtin_interfaces:/home/hiromichi/rost2/install/rosidl_default_runtime:/home/hiromichi/rost2/install/rosidl_default_generators:/home/hiromichi/rost2/install/rosidl_generator_rs:/home/hiromichi/rost2/install/rosidl_runtime_rs:${AMENT_PREFIX_PATH} CMAKE_PREFIX_PATH=/home/hiromichi/rost2/install/std_msgs:/home/hiromichi/rost2/install/builtin_interfaces:/home/hiromichi/rost2/install/rosidl_default_runtime:/home/hiromichi/rost2/install/rosidl_default_generators:/home/hiromichi/rost2/install/rosidl_generator_rs:/opt/ros/humble LD_LIBRARY_PATH=/home/hiromichi/rost2/install/std_msgs/lib:/home/hiromichi/rost2/install/builtin_interfaces/lib:${LD_LIBRARY_PATH} PYTHONPATH=/home/hiromichi/rost2/install/std_msgs/local/lib/python3.10/dist-packages:/home/hiromichi/rost2/install/builtin_interfaces/local/lib/python3.10/dist-packages:/home/hiromichi/rost2/install/rosidl_generator_rs/local/lib/python3.10/dist-packages:${PYTHONPATH} /usr/bin/cmake --install /home/hiromichi/rost2/build/actionlib_msgs
