[0.016s] Invoking command in '/home/hiromichi/rost2/build/lifecycle_msgs': AMENT_PREFIX_PATH=/home/hiromichi/rost2/install/rosidl_default_runtime:/home/hiromichi/rost2/install/rosidl_default_generators:/home/hiromichi/rost2/install/rosidl_generator_rs:/home/hiromichi/rost2/install/rosidl_runtime_rs:${AMENT_PREFIX_PATH} CMAKE_PREFIX_PATH=/home/hiromichi/rost2/install/rosidl_default_runtime:/home/hiromichi/rost2/install/rosidl_default_generators:/home/hiromichi/rost2/install/rosidl_generator_rs:/opt/ros/humble PYTHONPATH=/home/hiromichi/rost2/install/rosidl_generator_rs/local/lib/python3.10/dist-packages:${PYTHONPATH} /usr/bin/cmake /home/hiromichi/rost2/src/ros2/rcl_interfaces/lifecycle_msgs -DCMAKE_INSTALL_PREFIX=/home/hiromichi/rost2/install/lifecycle_msgs
[0.046s] -- The C compiler identification is GNU 11.4.0
[0.082s] -- The CXX compiler identification is GNU 11.4.0
[0.086s] -- Detecting C compiler ABI info
[0.125s] -- Detecting C compiler ABI info - done
[0.130s] -- Check for working C compiler: /usr/bin/cc - skipped
[0.130s] -- Detecting C compile features
[0.130s] -- Detecting C compile features - done
[0.133s] -- Detecting CXX compiler ABI info
[0.184s] -- Detecting CXX compiler ABI info - done
[0.189s] -- Check for working CXX compiler: /usr/bin/c++ - skipped
[0.189s] -- Detecting CXX compile features
[0.189s] -- Detecting CXX compile features - done
[0.191s] -- Found ament_cmake: 1.3.2 (/opt/ros/humble/share/ament_cmake/cmake)
[0.304s] -- Found Python3: /usr/bin/python3.10 (found version "3.10.12") found components: Interpreter 
[0.363s] -- Found rosidl_default_generators: 1.2.0 (/home/hiromichi/rost2/install/rosidl_default_generators/share/rosidl_default_generators/cmake)
[0.365s] -- Using all available rosidl_typesupport_c: rosidl_typesupport_fastrtps_c;rosidl_typesupport_introspection_c
[0.369s] -- Found rosidl_adapter: 3.1.3 (/opt/ros/humble/share/rosidl_adapter/cmake)
[0.406s] -- Using all available rosidl_typesupport_cpp: rosidl_typesupport_fastrtps_cpp;rosidl_typesupport_introspection_cpp
[0.674s] -- Found ament_cmake_cppcheck: 0.12.4 (/opt/ros/humble/share/ament_cmake_cppcheck/cmake)
[0.675s] -- Found ament_cmake_cpplint: 0.12.4 (/opt/ros/humble/share/ament_cmake_cpplint/cmake)
[0.677s] -- Found ament_cmake_uncrustify: 0.12.4 (/opt/ros/humble/share/ament_cmake_uncrustify/cmake)
[0.678s] -- Found ament_cmake_ros: 0.10.0 (/opt/ros/humble/share/ament_cmake_ros/cmake)
[0.811s] -- Using all available rosidl_typesupport_c: rosidl_typesupport_fastrtps_c;rosidl_typesupport_introspection_c
[0.980s] -- Using all available rosidl_typesupport_cpp: rosidl_typesupport_fastrtps_cpp;rosidl_typesupport_introspection_cpp
[0.998s] -- Found PythonInterp: /usr/bin/python3 (found suitable version "3.10.12", minimum required is "3.6") 
[0.999s] -- Found python_cmake_module: 0.10.0 (/opt/ros/humble/share/python_cmake_module/cmake)
[1.015s] -- Found PythonLibs: /usr/lib/x86_64-linux-gnu/libpython3.10.so (found suitable version "3.10.12", minimum required is "3.5") 
[1.015s] -- Using PYTHON_EXECUTABLE: /usr/bin/python3
[1.015s] -- Using PYTHON_INCLUDE_DIRS: /usr/include/python3.10
[1.015s] -- Using PYTHON_LIBRARIES: /usr/lib/x86_64-linux-gnu/libpython3.10.so
[1.035s] -- Found PythonExtra: .so  
[1.059s] -- Found ament_cmake_flake8: 0.12.4 (/opt/ros/humble/share/ament_cmake_flake8/cmake)
[1.062s] -- Found ament_cmake_pep257: 0.12.4 (/opt/ros/humble/share/ament_cmake_pep257/cmake)
[1.063s] -- Found ament_lint_auto: 0.12.4 (/opt/ros/humble/share/ament_lint_auto/cmake)
[1.073s] -- Added test 'copyright' to check source files copyright and LICENSE
[1.074s] -- Added test 'lint_cmake' to check CMake code style
[1.074s] -- Added test 'xmllint' to check XML markup files
[1.077s] -- Configuring done
[1.128s] -- Generating done
[1.131s] -- Build files have been written to: /home/hiromichi/rost2/build/lifecycle_msgs
[1.138s] Invoked command in '/home/hiromichi/rost2/build/lifecycle_msgs' returned '0': AMENT_PREFIX_PATH=/home/hiromichi/rost2/install/rosidl_default_runtime:/home/hiromichi/rost2/install/rosidl_default_generators:/home/hiromichi/rost2/install/rosidl_generator_rs:/home/hiromichi/rost2/install/rosidl_runtime_rs:${AMENT_PREFIX_PATH} CMAKE_PREFIX_PATH=/home/hiromichi/rost2/install/rosidl_default_runtime:/home/hiromichi/rost2/install/rosidl_default_generators:/home/hiromichi/rost2/install/rosidl_generator_rs:/opt/ros/humble PYTHONPATH=/home/hiromichi/rost2/install/rosidl_generator_rs/local/lib/python3.10/dist-packages:${PYTHONPATH} /usr/bin/cmake /home/hiromichi/rost2/src/ros2/rcl_interfaces/lifecycle_msgs -DCMAKE_INSTALL_PREFIX=/home/hiromichi/rost2/install/lifecycle_msgs
[1.140s] Invoking command in '/home/hiromichi/rost2/build/lifecycle_msgs': AMENT_PREFIX_PATH=/home/hiromichi/rost2/install/rosidl_default_runtime:/home/hiromichi/rost2/install/rosidl_default_generators:/home/hiromichi/rost2/install/rosidl_generator_rs:/home/hiromichi/rost2/install/rosidl_runtime_rs:${AMENT_PREFIX_PATH} CMAKE_PREFIX_PATH=/home/hiromichi/rost2/install/rosidl_default_runtime:/home/hiromichi/rost2/install/rosidl_default_generators:/home/hiromichi/rost2/install/rosidl_generator_rs:/opt/ros/humble PYTHONPATH=/home/hiromichi/rost2/install/rosidl_generator_rs/local/lib/python3.10/dist-packages:${PYTHONPATH} /usr/bin/cmake --build /home/hiromichi/rost2/build/lifecycle_msgs -- -j20 -l20
[1.184s] [  1%] [34m[1mGenerating C code for ROS interfaces[0m
[1.203s] [  2%] [34m[1mGenerating C++ code for ROS interfaces[0m
[1.216s] [  3%] [34m[1mGenerating Rust code for ROS interfaces[0m
[1.231s] [  3%] Built target ament_cmake_python_copy_lifecycle_msgs
[1.522s] running egg_info
[1.522s] creating lifecycle_msgs.egg-info
[1.523s] writing lifecycle_msgs.egg-info/PKG-INFO
[1.523s] writing dependency_links to lifecycle_msgs.egg-info/dependency_links.txt
[1.523s] writing top-level names to lifecycle_msgs.egg-info/top_level.txt
[1.523s] writing manifest file 'lifecycle_msgs.egg-info/SOURCES.txt'
[1.526s] reading manifest file 'lifecycle_msgs.egg-info/SOURCES.txt'
[1.526s] writing manifest file 'lifecycle_msgs.egg-info/SOURCES.txt'
[1.558s] [  3%] Built target ament_cmake_python_build_lifecycle_msgs_egg
[2.616s] [  3%] Built target lifecycle_msgs__rs
[3.105s] [  4%] [32mBuilding C object CMakeFiles/lifecycle_msgs__rosidl_generator_c.dir/rosidl_generator_c/lifecycle_msgs/msg/detail/state__functions.c.o[0m
[3.112s] [  5%] [32mBuilding C object CMakeFiles/lifecycle_msgs__rosidl_generator_c.dir/rosidl_generator_c/lifecycle_msgs/msg/detail/transition_description__functions.c.o[0m
[3.114s] [  6%] [32mBuilding C object CMakeFiles/lifecycle_msgs__rosidl_generator_c.dir/rosidl_generator_c/lifecycle_msgs/msg/detail/transition__functions.c.o[0m
[3.119s] [  7%] [32mBuilding C object CMakeFiles/lifecycle_msgs__rosidl_generator_c.dir/rosidl_generator_c/lifecycle_msgs/srv/detail/change_state__functions.c.o[0m
[3.120s] [  9%] [32mBuilding C object CMakeFiles/lifecycle_msgs__rosidl_generator_c.dir/rosidl_generator_c/lifecycle_msgs/msg/detail/transition_event__functions.c.o[0m
[3.124s] [  9%] Built target lifecycle_msgs__cpp
[3.125s] [ 10%] [32mBuilding C object CMakeFiles/lifecycle_msgs__rosidl_generator_c.dir/rosidl_generator_c/lifecycle_msgs/srv/detail/get_available_states__functions.c.o[0m
[3.137s] [ 11%] [34m[1mGenerating C++ type support for eProsima Fast-RTPS[0m
[3.144s] [ 12%] [34m[1mGenerating C++ introspection for ROS interfaces[0m
[3.155s] [ 13%] [32mBuilding C object CMakeFiles/lifecycle_msgs__rosidl_generator_c.dir/rosidl_generator_c/lifecycle_msgs/srv/detail/get_available_transitions__functions.c.o[0m
[3.171s] [ 14%] [34m[1mGenerating C++ type support dispatch for ROS interfaces[0m
[3.204s] [ 15%] [32mBuilding C object CMakeFiles/lifecycle_msgs__rosidl_generator_c.dir/rosidl_generator_c/lifecycle_msgs/srv/detail/get_state__functions.c.o[0m
[3.261s] [ 17%] [32m[1mLinking C shared library liblifecycle_msgs__rosidl_generator_c.so[0m
[3.293s] [ 17%] Built target lifecycle_msgs__rosidl_generator_c
[3.301s] [ 18%] [34m[1mGenerating C introspection for ROS interfaces[0m
[3.301s] [ 19%] [34m[1mGenerating C type support for eProsima Fast-RTPS[0m
[3.301s] [ 20%] [34m[1mGenerating C type support dispatch for ROS interfaces[0m
[4.573s] [ 21%] [32mBuilding CXX object CMakeFiles/lifecycle_msgs__rosidl_typesupport_cpp.dir/rosidl_typesupport_cpp/lifecycle_msgs/msg/transition__type_support.cpp.o[0m
[4.574s] [ 22%] [32mBuilding CXX object CMakeFiles/lifecycle_msgs__rosidl_typesupport_cpp.dir/rosidl_typesupport_cpp/lifecycle_msgs/msg/state__type_support.cpp.o[0m
[4.574s] [ 23%] [32mBuilding CXX object CMakeFiles/lifecycle_msgs__rosidl_typesupport_cpp.dir/rosidl_typesupport_cpp/lifecycle_msgs/msg/transition_description__type_support.cpp.o[0m
[4.576s] [ 25%] [32mBuilding CXX object CMakeFiles/lifecycle_msgs__rosidl_typesupport_cpp.dir/rosidl_typesupport_cpp/lifecycle_msgs/srv/change_state__type_support.cpp.o[0m
[4.579s] [ 26%] [32mBuilding CXX object CMakeFiles/lifecycle_msgs__rosidl_typesupport_cpp.dir/rosidl_typesupport_cpp/lifecycle_msgs/msg/transition_event__type_support.cpp.o[0m
[4.586s] [ 27%] [32mBuilding CXX object CMakeFiles/lifecycle_msgs__rosidl_typesupport_cpp.dir/rosidl_typesupport_cpp/lifecycle_msgs/srv/get_available_states__type_support.cpp.o[0m
[4.594s] [ 28%] [32mBuilding CXX object CMakeFiles/lifecycle_msgs__rosidl_typesupport_cpp.dir/rosidl_typesupport_cpp/lifecycle_msgs/srv/get_available_transitions__type_support.cpp.o[0m
[4.596s] [ 29%] [32mBuilding CXX object CMakeFiles/lifecycle_msgs__rosidl_typesupport_cpp.dir/rosidl_typesupport_cpp/lifecycle_msgs/srv/get_state__type_support.cpp.o[0m
[4.706s] [ 30%] [32mBuilding CXX object CMakeFiles/lifecycle_msgs__rosidl_typesupport_introspection_cpp.dir/rosidl_typesupport_introspection_cpp/lifecycle_msgs/msg/detail/state__type_support.cpp.o[0m
[4.714s] [ 32%] [32mBuilding CXX object CMakeFiles/lifecycle_msgs__rosidl_typesupport_introspection_cpp.dir/rosidl_typesupport_introspection_cpp/lifecycle_msgs/msg/detail/transition_description__type_support.cpp.o[0m
[4.715s] [ 31%] [32mBuilding CXX object CMakeFiles/lifecycle_msgs__rosidl_typesupport_introspection_cpp.dir/rosidl_typesupport_introspection_cpp/lifecycle_msgs/msg/detail/transition_event__type_support.cpp.o[0m
[4.718s] [ 34%] [32mBuilding CXX object CMakeFiles/lifecycle_msgs__rosidl_typesupport_introspection_cpp.dir/rosidl_typesupport_introspection_cpp/lifecycle_msgs/msg/detail/transition__type_support.cpp.o[0m
[4.722s] [ 35%] [32mBuilding CXX object CMakeFiles/lifecycle_msgs__rosidl_typesupport_introspection_cpp.dir/rosidl_typesupport_introspection_cpp/lifecycle_msgs/srv/detail/change_state__type_support.cpp.o[0m
[4.736s] [ 36%] [32mBuilding CXX object CMakeFiles/lifecycle_msgs__rosidl_typesupport_c.dir/rosidl_typesupport_c/lifecycle_msgs/msg/transition_description__type_support.cpp.o[0m
[4.744s] [ 38%] [32mBuilding CXX object CMakeFiles/lifecycle_msgs__rosidl_typesupport_c.dir/rosidl_typesupport_c/lifecycle_msgs/msg/state__type_support.cpp.o[0m
[4.744s] [ 38%] [32mBuilding CXX object CMakeFiles/lifecycle_msgs__rosidl_typesupport_introspection_cpp.dir/rosidl_typesupport_introspection_cpp/lifecycle_msgs/srv/detail/get_available_states__type_support.cpp.o[0m
[4.757s] [ 39%] [32mBuilding CXX object CMakeFiles/lifecycle_msgs__rosidl_typesupport_c.dir/rosidl_typesupport_c/lifecycle_msgs/msg/transition__type_support.cpp.o[0m
[4.786s] [ 40%] [32mBuilding CXX object CMakeFiles/lifecycle_msgs__rosidl_typesupport_c.dir/rosidl_typesupport_c/lifecycle_msgs/msg/transition_event__type_support.cpp.o[0m
[4.798s] [ 42%] [32mBuilding CXX object CMakeFiles/lifecycle_msgs__rosidl_typesupport_fastrtps_cpp.dir/rosidl_typesupport_fastrtps_cpp/lifecycle_msgs/msg/detail/dds_fastrtps/state__type_support.cpp.o[0m
[4.819s] [ 43%] [32mBuilding CXX object CMakeFiles/lifecycle_msgs__rosidl_typesupport_c.dir/rosidl_typesupport_c/lifecycle_msgs/srv/get_available_states__type_support.cpp.o[0m
[4.829s] [ 44%] [32mBuilding CXX object CMakeFiles/lifecycle_msgs__rosidl_typesupport_c.dir/rosidl_typesupport_c/lifecycle_msgs/srv/change_state__type_support.cpp.o[0m
[4.872s] [ 45%] [32mBuilding CXX object CMakeFiles/lifecycle_msgs__rosidl_typesupport_c.dir/rosidl_typesupport_c/lifecycle_msgs/srv/get_available_transitions__type_support.cpp.o[0m
[4.878s] [ 47%] [32mBuilding CXX object CMakeFiles/lifecycle_msgs__rosidl_typesupport_introspection_cpp.dir/rosidl_typesupport_introspection_cpp/lifecycle_msgs/srv/detail/get_available_transitions__type_support.cpp.o[0m
[4.879s] [ 47%] [32mBuilding CXX object CMakeFiles/lifecycle_msgs__rosidl_typesupport_c.dir/rosidl_typesupport_c/lifecycle_msgs/srv/get_state__type_support.cpp.o[0m
[4.884s] [ 48%] [32mBuilding CXX object CMakeFiles/lifecycle_msgs__rosidl_typesupport_fastrtps_cpp.dir/rosidl_typesupport_fastrtps_cpp/lifecycle_msgs/msg/detail/dds_fastrtps/transition__type_support.cpp.o[0m
[4.895s] [ 50%] [32mBuilding CXX object CMakeFiles/lifecycle_msgs__rosidl_typesupport_introspection_cpp.dir/rosidl_typesupport_introspection_cpp/lifecycle_msgs/srv/detail/get_state__type_support.cpp.o[0m
[4.904s] [ 51%] [32mBuilding CXX object CMakeFiles/lifecycle_msgs__rosidl_typesupport_fastrtps_cpp.dir/rosidl_typesupport_fastrtps_cpp/lifecycle_msgs/msg/detail/dds_fastrtps/transition_description__type_support.cpp.o[0m
[4.926s] [ 52%] [32m[1mLinking CXX shared library liblifecycle_msgs__rosidl_typesupport_c.so[0m
[4.932s] [ 53%] [32mBuilding CXX object CMakeFiles/lifecycle_msgs__rosidl_typesupport_fastrtps_cpp.dir/rosidl_typesupport_fastrtps_cpp/lifecycle_msgs/msg/detail/dds_fastrtps/transition_event__type_support.cpp.o[0m
[4.937s] [ 54%] [32mBuilding CXX object CMakeFiles/lifecycle_msgs__rosidl_typesupport_fastrtps_cpp.dir/rosidl_typesupport_fastrtps_cpp/lifecycle_msgs/srv/detail/dds_fastrtps/change_state__type_support.cpp.o[0m
[4.940s] [ 55%] [32mBuilding CXX object CMakeFiles/lifecycle_msgs__rosidl_typesupport_fastrtps_cpp.dir/rosidl_typesupport_fastrtps_cpp/lifecycle_msgs/srv/detail/dds_fastrtps/get_available_states__type_support.cpp.o[0m
[4.977s] [ 56%] [32mBuilding CXX object CMakeFiles/lifecycle_msgs__rosidl_typesupport_fastrtps_cpp.dir/rosidl_typesupport_fastrtps_cpp/lifecycle_msgs/srv/detail/dds_fastrtps/get_available_transitions__type_support.cpp.o[0m
[4.980s] [ 57%] [32m[1mLinking CXX shared library liblifecycle_msgs__rosidl_typesupport_cpp.so[0m
[4.986s] [ 57%] Built target lifecycle_msgs__rosidl_typesupport_c
[4.993s] [ 59%] [32mBuilding CXX object CMakeFiles/lifecycle_msgs__rosidl_typesupport_fastrtps_cpp.dir/rosidl_typesupport_fastrtps_cpp/lifecycle_msgs/srv/detail/dds_fastrtps/get_state__type_support.cpp.o[0m
[5.011s] [ 60%] [32mBuilding CXX object CMakeFiles/lifecycle_msgs__rosidl_typesupport_fastrtps_c.dir/rosidl_typesupport_fastrtps_c/lifecycle_msgs/msg/detail/state__type_support_c.cpp.o[0m
[5.116s] [ 60%] Built target lifecycle_msgs__rosidl_typesupport_cpp
[5.134s] [ 61%] [32mBuilding CXX object CMakeFiles/lifecycle_msgs__rosidl_typesupport_fastrtps_c.dir/rosidl_typesupport_fastrtps_c/lifecycle_msgs/msg/detail/transition_description__type_support_c.cpp.o[0m
[5.138s] [ 62%] [32mBuilding CXX object CMakeFiles/lifecycle_msgs__rosidl_typesupport_fastrtps_c.dir/rosidl_typesupport_fastrtps_c/lifecycle_msgs/msg/detail/transition_event__type_support_c.cpp.o[0m
[5.148s] [ 63%] [32mBuilding CXX object CMakeFiles/lifecycle_msgs__rosidl_typesupport_fastrtps_c.dir/rosidl_typesupport_fastrtps_c/lifecycle_msgs/msg/detail/transition__type_support_c.cpp.o[0m
[5.148s] [ 64%] [32mBuilding C object CMakeFiles/lifecycle_msgs__rosidl_typesupport_introspection_c.dir/rosidl_typesupport_introspection_c/lifecycle_msgs/msg/detail/state__type_support.c.o[0m
[5.259s] [ 65%] [32mBuilding C object CMakeFiles/lifecycle_msgs__rosidl_typesupport_introspection_c.dir/rosidl_typesupport_introspection_c/lifecycle_msgs/msg/detail/transition__type_support.c.o[0m
[5.267s] [ 67%] [32mBuilding C object CMakeFiles/lifecycle_msgs__rosidl_typesupport_introspection_c.dir/rosidl_typesupport_introspection_c/lifecycle_msgs/msg/detail/transition_description__type_support.c.o[0m
[5.299s] [ 68%] [32mBuilding CXX object CMakeFiles/lifecycle_msgs__rosidl_typesupport_fastrtps_c.dir/rosidl_typesupport_fastrtps_c/lifecycle_msgs/srv/detail/change_state__type_support_c.cpp.o[0m
[5.299s] [ 69%] [32mBuilding C object CMakeFiles/lifecycle_msgs__rosidl_typesupport_introspection_c.dir/rosidl_typesupport_introspection_c/lifecycle_msgs/srv/detail/change_state__type_support.c.o[0m
[5.307s] [ 70%] [32mBuilding C object CMakeFiles/lifecycle_msgs__rosidl_typesupport_introspection_c.dir/rosidl_typesupport_introspection_c/lifecycle_msgs/msg/detail/transition_event__type_support.c.o[0m
[5.335s] [ 71%] [32mBuilding C object CMakeFiles/lifecycle_msgs__rosidl_typesupport_introspection_c.dir/rosidl_typesupport_introspection_c/lifecycle_msgs/srv/detail/get_available_states__type_support.c.o[0m
[5.361s] [ 72%] [32mBuilding C object CMakeFiles/lifecycle_msgs__rosidl_typesupport_introspection_c.dir/rosidl_typesupport_introspection_c/lifecycle_msgs/srv/detail/get_available_transitions__type_support.c.o[0m
[5.361s] [ 73%] [32mBuilding C object CMakeFiles/lifecycle_msgs__rosidl_typesupport_introspection_c.dir/rosidl_typesupport_introspection_c/lifecycle_msgs/srv/detail/get_state__type_support.c.o[0m
[5.361s] [ 75%] [32mBuilding CXX object CMakeFiles/lifecycle_msgs__rosidl_typesupport_fastrtps_c.dir/rosidl_typesupport_fastrtps_c/lifecycle_msgs/srv/detail/get_available_states__type_support_c.cpp.o[0m
[5.380s] [ 76%] [32mBuilding CXX object CMakeFiles/lifecycle_msgs__rosidl_typesupport_fastrtps_c.dir/rosidl_typesupport_fastrtps_c/lifecycle_msgs/srv/detail/get_available_transitions__type_support_c.cpp.o[0m
[5.391s] [ 77%] [32mBuilding CXX object CMakeFiles/lifecycle_msgs__rosidl_typesupport_fastrtps_c.dir/rosidl_typesupport_fastrtps_c/lifecycle_msgs/srv/detail/get_state__type_support_c.cpp.o[0m
[5.423s] [ 78%] [32m[1mLinking C shared library liblifecycle_msgs__rosidl_typesupport_introspection_c.so[0m
[5.483s] [ 78%] Built target lifecycle_msgs__rosidl_typesupport_introspection_c
[5.489s] [ 79%] [32m[1mLinking CXX shared library liblifecycle_msgs__rosidl_typesupport_introspection_cpp.so[0m
[5.598s] [ 79%] Built target lifecycle_msgs__rosidl_typesupport_introspection_cpp
[5.667s] [ 80%] [32m[1mLinking CXX shared library liblifecycle_msgs__rosidl_typesupport_fastrtps_cpp.so[0m
[5.751s] [ 81%] [32m[1mLinking CXX shared library liblifecycle_msgs__rosidl_typesupport_fastrtps_c.so[0m
[5.752s] [ 81%] Built target lifecycle_msgs__rosidl_typesupport_fastrtps_cpp
[5.808s] [ 81%] Built target lifecycle_msgs__rosidl_typesupport_fastrtps_c
[5.825s] [ 81%] Built target lifecycle_msgs
[5.838s] [ 82%] [34m[1mGenerating Python code for ROS interfaces[0m
[9.032s] [ 82%] Built target lifecycle_msgs__py
[9.064s] [ 84%] [32mBuilding C object CMakeFiles/lifecycle_msgs__rosidl_generator_py.dir/rosidl_generator_py/lifecycle_msgs/msg/_state_s.c.o[0m
[9.084s] [ 85%] [32mBuilding C object CMakeFiles/lifecycle_msgs__rosidl_generator_py.dir/rosidl_generator_py/lifecycle_msgs/msg/_transition_s.c.o[0m
[9.101s] [ 86%] [32mBuilding C object CMakeFiles/lifecycle_msgs__rosidl_generator_py.dir/rosidl_generator_py/lifecycle_msgs/msg/_transition_description_s.c.o[0m
[9.139s] [ 87%] [32mBuilding C object CMakeFiles/lifecycle_msgs__rosidl_generator_py.dir/rosidl_generator_py/lifecycle_msgs/msg/_transition_event_s.c.o[0m
[9.147s] [ 88%] [32mBuilding C object CMakeFiles/lifecycle_msgs__rosidl_generator_py.dir/rosidl_generator_py/lifecycle_msgs/srv/_change_state_s.c.o[0m
[9.162s] [ 89%] [32mBuilding C object CMakeFiles/lifecycle_msgs__rosidl_generator_py.dir/rosidl_generator_py/lifecycle_msgs/srv/_get_available_states_s.c.o[0m
[9.203s] [ 90%] [32mBuilding C object CMakeFiles/lifecycle_msgs__rosidl_generator_py.dir/rosidl_generator_py/lifecycle_msgs/srv/_get_available_transitions_s.c.o[0m
[9.207s] [ 92%] [32mBuilding C object CMakeFiles/lifecycle_msgs__rosidl_generator_py.dir/rosidl_generator_py/lifecycle_msgs/srv/_get_state_s.c.o[0m
[9.469s] [ 93%] [32m[1mLinking C shared library rosidl_generator_py/lifecycle_msgs/liblifecycle_msgs__rosidl_generator_py.so[0m
[9.592s] [ 93%] Built target lifecycle_msgs__rosidl_generator_py
[9.625s] [ 94%] [32mBuilding C object CMakeFiles/lifecycle_msgs__rosidl_typesupport_introspection_c__pyext.dir/rosidl_generator_py/lifecycle_msgs/_lifecycle_msgs_s.ep.rosidl_typesupport_introspection_c.c.o[0m
[9.669s] [ 95%] [32mBuilding C object CMakeFiles/lifecycle_msgs__rosidl_typesupport_c__pyext.dir/rosidl_generator_py/lifecycle_msgs/_lifecycle_msgs_s.ep.rosidl_typesupport_c.c.o[0m
[9.712s] [ 96%] [32mBuilding C object CMakeFiles/lifecycle_msgs__rosidl_typesupport_fastrtps_c__pyext.dir/rosidl_generator_py/lifecycle_msgs/_lifecycle_msgs_s.ep.rosidl_typesupport_fastrtps_c.c.o[0m
[9.839s] [ 97%] [32m[1mLinking C shared library rosidl_generator_py/lifecycle_msgs/lifecycle_msgs_s__rosidl_typesupport_introspection_c.cpython-310-x86_64-linux-gnu.so[0m
[9.846s] [ 98%] [32m[1mLinking C shared library rosidl_generator_py/lifecycle_msgs/lifecycle_msgs_s__rosidl_typesupport_c.cpython-310-x86_64-linux-gnu.so[0m
[9.868s] [ 98%] Built target lifecycle_msgs__rosidl_typesupport_introspection_c__pyext
[9.878s] [100%] [32m[1mLinking C shared library rosidl_generator_py/lifecycle_msgs/lifecycle_msgs_s__rosidl_typesupport_fastrtps_c.cpython-310-x86_64-linux-gnu.so[0m
[9.879s] [100%] Built target lifecycle_msgs__rosidl_typesupport_c__pyext
[9.914s] [100%] Built target lifecycle_msgs__rosidl_typesupport_fastrtps_c__pyext
[9.928s] Invoked command in '/home/hiromichi/rost2/build/lifecycle_msgs' returned '0': AMENT_PREFIX_PATH=/home/hiromichi/rost2/install/rosidl_default_runtime:/home/hiromichi/rost2/install/rosidl_default_generators:/home/hiromichi/rost2/install/rosidl_generator_rs:/home/hiromichi/rost2/install/rosidl_runtime_rs:${AMENT_PREFIX_PATH} CMAKE_PREFIX_PATH=/home/hiromichi/rost2/install/rosidl_default_runtime:/home/hiromichi/rost2/install/rosidl_default_generators:/home/hiromichi/rost2/install/rosidl_generator_rs:/opt/ros/humble PYTHONPATH=/home/hiromichi/rost2/install/rosidl_generator_rs/local/lib/python3.10/dist-packages:${PYTHONPATH} /usr/bin/cmake --build /home/hiromichi/rost2/build/lifecycle_msgs -- -j20 -l20
[10.154s] Invoking command in '/home/hiromichi/rost2/build/lifecycle_msgs': AMENT_PREFIX_PATH=/home/hiromichi/rost2/install/rosidl_default_runtime:/home/hiromichi/rost2/install/rosidl_default_generators:/home/hiromichi/rost2/install/rosidl_generator_rs:/home/hiromichi/rost2/install/rosidl_runtime_rs:${AMENT_PREFIX_PATH} CMAKE_PREFIX_PATH=/home/hiromichi/rost2/install/rosidl_default_runtime:/home/hiromichi/rost2/install/rosidl_default_generators:/home/hiromichi/rost2/install/rosidl_generator_rs:/opt/ros/humble PYTHONPATH=/home/hiromichi/rost2/install/rosidl_generator_rs/local/lib/python3.10/dist-packages:${PYTHONPATH} /usr/bin/cmake --install /home/hiromichi/rost2/build/lifecycle_msgs
[10.160s] -- Install configuration: ""
[10.161s] -- Installing: /home/hiromichi/rost2/install/lifecycle_msgs/share/ament_index/resource_index/rosidl_interfaces/lifecycle_msgs
[10.161s] -- Installing: /home/hiromichi/rost2/install/lifecycle_msgs/include/lifecycle_msgs/lifecycle_msgs
[10.161s] -- Installing: /home/hiromichi/rost2/install/lifecycle_msgs/include/lifecycle_msgs/lifecycle_msgs/srv
[10.161s] -- Installing: /home/hiromichi/rost2/install/lifecycle_msgs/include/lifecycle_msgs/lifecycle_msgs/srv/get_available_states.h
[10.161s] -- Installing: /home/hiromichi/rost2/install/lifecycle_msgs/include/lifecycle_msgs/lifecycle_msgs/srv/change_state.h
[10.162s] -- Installing: /home/hiromichi/rost2/install/lifecycle_msgs/include/lifecycle_msgs/lifecycle_msgs/srv/get_available_transitions.h
[10.162s] -- Installing: /home/hiromichi/rost2/install/lifecycle_msgs/include/lifecycle_msgs/lifecycle_msgs/srv/get_state.h
[10.162s] -- Installing: /home/hiromichi/rost2/install/lifecycle_msgs/include/lifecycle_msgs/lifecycle_msgs/srv/detail
[10.162s] -- Installing: /home/hiromichi/rost2/install/lifecycle_msgs/include/lifecycle_msgs/lifecycle_msgs/srv/detail/get_state__type_support.h
[10.162s] -- Installing: /home/hiromichi/rost2/install/lifecycle_msgs/include/lifecycle_msgs/lifecycle_msgs/srv/detail/change_state__type_support.h
[10.162s] -- Installing: /home/hiromichi/rost2/install/lifecycle_msgs/include/lifecycle_msgs/lifecycle_msgs/srv/detail/get_state__struct.h
[10.163s] -- Installing: /home/hiromichi/rost2/install/lifecycle_msgs/include/lifecycle_msgs/lifecycle_msgs/srv/detail/get_available_states__functions.h
[10.163s] -- Installing: /home/hiromichi/rost2/install/lifecycle_msgs/include/lifecycle_msgs/lifecycle_msgs/srv/detail/get_available_transitions__functions.h
[10.163s] -- Installing: /home/hiromichi/rost2/install/lifecycle_msgs/include/lifecycle_msgs/lifecycle_msgs/srv/detail/get_available_transitions__type_support.h
[10.163s] -- Installing: /home/hiromichi/rost2/install/lifecycle_msgs/include/lifecycle_msgs/lifecycle_msgs/srv/detail/get_available_transitions__struct.h
[10.163s] -- Installing: /home/hiromichi/rost2/install/lifecycle_msgs/include/lifecycle_msgs/lifecycle_msgs/srv/detail/change_state__functions.c
[10.164s] -- Installing: /home/hiromichi/rost2/install/lifecycle_msgs/include/lifecycle_msgs/lifecycle_msgs/srv/detail/get_available_states__functions.c
[10.165s] -- Installing: /home/hiromichi/rost2/install/lifecycle_msgs/include/lifecycle_msgs/lifecycle_msgs/srv/detail/change_state__struct.h
[10.165s] -- Installing: /home/hiromichi/rost2/install/lifecycle_msgs/include/lifecycle_msgs/lifecycle_msgs/srv/detail/get_available_states__type_support.h
[10.165s] -- Installing: /home/hiromichi/rost2/install/lifecycle_msgs/include/lifecycle_msgs/lifecycle_msgs/srv/detail/get_state__functions.h
[10.165s] -- Installing: /home/hiromichi/rost2/install/lifecycle_msgs/include/lifecycle_msgs/lifecycle_msgs/srv/detail/get_available_states__struct.h
[10.165s] -- Installing: /home/hiromichi/rost2/install/lifecycle_msgs/include/lifecycle_msgs/lifecycle_msgs/srv/detail/change_state__functions.h
[10.165s] -- Installing: /home/hiromichi/rost2/install/lifecycle_msgs/include/lifecycle_msgs/lifecycle_msgs/srv/detail/get_available_transitions__functions.c
[10.165s] -- Installing: /home/hiromichi/rost2/install/lifecycle_msgs/include/lifecycle_msgs/lifecycle_msgs/srv/detail/get_state__functions.c
[10.166s] -- Installing: /home/hiromichi/rost2/install/lifecycle_msgs/include/lifecycle_msgs/lifecycle_msgs/msg
[10.166s] -- Installing: /home/hiromichi/rost2/install/lifecycle_msgs/include/lifecycle_msgs/lifecycle_msgs/msg/transition_event.h
[10.166s] -- Installing: /home/hiromichi/rost2/install/lifecycle_msgs/include/lifecycle_msgs/lifecycle_msgs/msg/transition.h
[10.166s] -- Installing: /home/hiromichi/rost2/install/lifecycle_msgs/include/lifecycle_msgs/lifecycle_msgs/msg/transition_description.h
[10.166s] -- Installing: /home/hiromichi/rost2/install/lifecycle_msgs/include/lifecycle_msgs/lifecycle_msgs/msg/rosidl_generator_c__visibility_control.h
[10.166s] -- Installing: /home/hiromichi/rost2/install/lifecycle_msgs/include/lifecycle_msgs/lifecycle_msgs/msg/detail
[10.167s] -- Installing: /home/hiromichi/rost2/install/lifecycle_msgs/include/lifecycle_msgs/lifecycle_msgs/msg/detail/transition_event__functions.c
[10.167s] -- Installing: /home/hiromichi/rost2/install/lifecycle_msgs/include/lifecycle_msgs/lifecycle_msgs/msg/detail/state__struct.h
[10.167s] -- Installing: /home/hiromichi/rost2/install/lifecycle_msgs/include/lifecycle_msgs/lifecycle_msgs/msg/detail/transition__type_support.h
[10.167s] -- Installing: /home/hiromichi/rost2/install/lifecycle_msgs/include/lifecycle_msgs/lifecycle_msgs/msg/detail/transition_event__struct.h
[10.168s] -- Installing: /home/hiromichi/rost2/install/lifecycle_msgs/include/lifecycle_msgs/lifecycle_msgs/msg/detail/transition_description__struct.h
[10.168s] -- Installing: /home/hiromichi/rost2/install/lifecycle_msgs/include/lifecycle_msgs/lifecycle_msgs/msg/detail/transition_event__functions.h
[10.168s] -- Installing: /home/hiromichi/rost2/install/lifecycle_msgs/include/lifecycle_msgs/lifecycle_msgs/msg/detail/state__type_support.h
[10.168s] -- Installing: /home/hiromichi/rost2/install/lifecycle_msgs/include/lifecycle_msgs/lifecycle_msgs/msg/detail/transition_description__functions.c
[10.168s] -- Installing: /home/hiromichi/rost2/install/lifecycle_msgs/include/lifecycle_msgs/lifecycle_msgs/msg/detail/transition_description__functions.h
[10.169s] -- Installing: /home/hiromichi/rost2/install/lifecycle_msgs/include/lifecycle_msgs/lifecycle_msgs/msg/detail/transition__functions.h
[10.169s] -- Installing: /home/hiromichi/rost2/install/lifecycle_msgs/include/lifecycle_msgs/lifecycle_msgs/msg/detail/transition_description__type_support.h
[10.169s] -- Installing: /home/hiromichi/rost2/install/lifecycle_msgs/include/lifecycle_msgs/lifecycle_msgs/msg/detail/transition__functions.c
[10.169s] -- Installing: /home/hiromichi/rost2/install/lifecycle_msgs/include/lifecycle_msgs/lifecycle_msgs/msg/detail/state__functions.c
[10.170s] -- Installing: /home/hiromichi/rost2/install/lifecycle_msgs/include/lifecycle_msgs/lifecycle_msgs/msg/detail/transition_event__type_support.h
[10.170s] -- Installing: /home/hiromichi/rost2/install/lifecycle_msgs/include/lifecycle_msgs/lifecycle_msgs/msg/detail/state__functions.h
[10.170s] -- Installing: /home/hiromichi/rost2/install/lifecycle_msgs/include/lifecycle_msgs/lifecycle_msgs/msg/detail/transition__struct.h
[10.171s] -- Installing: /home/hiromichi/rost2/install/lifecycle_msgs/include/lifecycle_msgs/lifecycle_msgs/msg/state.h
[10.171s] -- Installing: /home/hiromichi/rost2/install/lifecycle_msgs/share/lifecycle_msgs/environment/library_path.sh
[10.171s] -- Installing: /home/hiromichi/rost2/install/lifecycle_msgs/share/lifecycle_msgs/environment/library_path.dsv
[10.171s] -- Installing: /home/hiromichi/rost2/install/lifecycle_msgs/lib/liblifecycle_msgs__rosidl_generator_c.so
[10.171s] -- Set runtime path of "/home/hiromichi/rost2/install/lifecycle_msgs/lib/liblifecycle_msgs__rosidl_generator_c.so" to ""
[10.171s] -- Up-to-date: /home/hiromichi/rost2/install/lifecycle_msgs/include/lifecycle_msgs/lifecycle_msgs
[10.171s] -- Up-to-date: /home/hiromichi/rost2/install/lifecycle_msgs/include/lifecycle_msgs/lifecycle_msgs/srv
[10.171s] -- Up-to-date: /home/hiromichi/rost2/install/lifecycle_msgs/include/lifecycle_msgs/lifecycle_msgs/srv/detail
[10.171s] -- Installing: /home/hiromichi/rost2/install/lifecycle_msgs/include/lifecycle_msgs/lifecycle_msgs/srv/detail/get_state__rosidl_typesupport_fastrtps_c.h
[10.172s] -- Installing: /home/hiromichi/rost2/install/lifecycle_msgs/include/lifecycle_msgs/lifecycle_msgs/srv/detail/get_available_states__rosidl_typesupport_fastrtps_c.h
[10.172s] -- Installing: /home/hiromichi/rost2/install/lifecycle_msgs/include/lifecycle_msgs/lifecycle_msgs/srv/detail/change_state__rosidl_typesupport_fastrtps_c.h
[10.172s] -- Installing: /home/hiromichi/rost2/install/lifecycle_msgs/include/lifecycle_msgs/lifecycle_msgs/srv/detail/get_available_transitions__rosidl_typesupport_fastrtps_c.h
[10.172s] -- Up-to-date: /home/hiromichi/rost2/install/lifecycle_msgs/include/lifecycle_msgs/lifecycle_msgs/msg
[10.172s] -- Installing: /home/hiromichi/rost2/install/lifecycle_msgs/include/lifecycle_msgs/lifecycle_msgs/msg/rosidl_typesupport_fastrtps_c__visibility_control.h
[10.172s] -- Up-to-date: /home/hiromichi/rost2/install/lifecycle_msgs/include/lifecycle_msgs/lifecycle_msgs/msg/detail
[10.172s] -- Installing: /home/hiromichi/rost2/install/lifecycle_msgs/include/lifecycle_msgs/lifecycle_msgs/msg/detail/transition_description__rosidl_typesupport_fastrtps_c.h
[10.172s] -- Installing: /home/hiromichi/rost2/install/lifecycle_msgs/include/lifecycle_msgs/lifecycle_msgs/msg/detail/transition__rosidl_typesupport_fastrtps_c.h
[10.172s] -- Installing: /home/hiromichi/rost2/install/lifecycle_msgs/include/lifecycle_msgs/lifecycle_msgs/msg/detail/transition_event__rosidl_typesupport_fastrtps_c.h
[10.172s] -- Installing: /home/hiromichi/rost2/install/lifecycle_msgs/include/lifecycle_msgs/lifecycle_msgs/msg/detail/state__rosidl_typesupport_fastrtps_c.h
[10.173s] -- Installing: /home/hiromichi/rost2/install/lifecycle_msgs/lib/liblifecycle_msgs__rosidl_typesupport_fastrtps_c.so
[10.173s] -- Set runtime path of "/home/hiromichi/rost2/install/lifecycle_msgs/lib/liblifecycle_msgs__rosidl_typesupport_fastrtps_c.so" to ""
[10.173s] -- Up-to-date: /home/hiromichi/rost2/install/lifecycle_msgs/include/lifecycle_msgs/lifecycle_msgs
[10.173s] -- Up-to-date: /home/hiromichi/rost2/install/lifecycle_msgs/include/lifecycle_msgs/lifecycle_msgs/srv
[10.173s] -- Up-to-date: /home/hiromichi/rost2/install/lifecycle_msgs/include/lifecycle_msgs/lifecycle_msgs/srv/detail
[10.173s] -- Installing: /home/hiromichi/rost2/install/lifecycle_msgs/include/lifecycle_msgs/lifecycle_msgs/srv/detail/change_state__rosidl_typesupport_introspection_c.h
[10.173s] -- Installing: /home/hiromichi/rost2/install/lifecycle_msgs/include/lifecycle_msgs/lifecycle_msgs/srv/detail/get_available_transitions__rosidl_typesupport_introspection_c.h
[10.173s] -- Installing: /home/hiromichi/rost2/install/lifecycle_msgs/include/lifecycle_msgs/lifecycle_msgs/srv/detail/change_state__type_support.c
[10.173s] -- Installing: /home/hiromichi/rost2/install/lifecycle_msgs/include/lifecycle_msgs/lifecycle_msgs/srv/detail/get_state__type_support.c
[10.173s] -- Installing: /home/hiromichi/rost2/install/lifecycle_msgs/include/lifecycle_msgs/lifecycle_msgs/srv/detail/get_available_states__rosidl_typesupport_introspection_c.h
[10.173s] -- Installing: /home/hiromichi/rost2/install/lifecycle_msgs/include/lifecycle_msgs/lifecycle_msgs/srv/detail/get_state__rosidl_typesupport_introspection_c.h
[10.173s] -- Installing: /home/hiromichi/rost2/install/lifecycle_msgs/include/lifecycle_msgs/lifecycle_msgs/srv/detail/get_available_states__type_support.c
[10.173s] -- Installing: /home/hiromichi/rost2/install/lifecycle_msgs/include/lifecycle_msgs/lifecycle_msgs/srv/detail/get_available_transitions__type_support.c
[10.173s] -- Up-to-date: /home/hiromichi/rost2/install/lifecycle_msgs/include/lifecycle_msgs/lifecycle_msgs/msg
[10.174s] -- Installing: /home/hiromichi/rost2/install/lifecycle_msgs/include/lifecycle_msgs/lifecycle_msgs/msg/rosidl_typesupport_introspection_c__visibility_control.h
[10.174s] -- Up-to-date: /home/hiromichi/rost2/install/lifecycle_msgs/include/lifecycle_msgs/lifecycle_msgs/msg/detail
[10.174s] -- Installing: /home/hiromichi/rost2/install/lifecycle_msgs/include/lifecycle_msgs/lifecycle_msgs/msg/detail/state__rosidl_typesupport_introspection_c.h
[10.174s] -- Installing: /home/hiromichi/rost2/install/lifecycle_msgs/include/lifecycle_msgs/lifecycle_msgs/msg/detail/transition_event__type_support.c
[10.174s] -- Installing: /home/hiromichi/rost2/install/lifecycle_msgs/include/lifecycle_msgs/lifecycle_msgs/msg/detail/transition_description__type_support.c
[10.174s] -- Installing: /home/hiromichi/rost2/install/lifecycle_msgs/include/lifecycle_msgs/lifecycle_msgs/msg/detail/transition_description__rosidl_typesupport_introspection_c.h
[10.174s] -- Installing: /home/hiromichi/rost2/install/lifecycle_msgs/include/lifecycle_msgs/lifecycle_msgs/msg/detail/state__type_support.c
[10.174s] -- Installing: /home/hiromichi/rost2/install/lifecycle_msgs/include/lifecycle_msgs/lifecycle_msgs/msg/detail/transition_event__rosidl_typesupport_introspection_c.h
[10.174s] -- Installing: /home/hiromichi/rost2/install/lifecycle_msgs/include/lifecycle_msgs/lifecycle_msgs/msg/detail/transition__type_support.c
[10.174s] -- Installing: /home/hiromichi/rost2/install/lifecycle_msgs/include/lifecycle_msgs/lifecycle_msgs/msg/detail/transition__rosidl_typesupport_introspection_c.h
[10.174s] -- Installing: /home/hiromichi/rost2/install/lifecycle_msgs/lib/liblifecycle_msgs__rosidl_typesupport_introspection_c.so
[10.174s] -- Set runtime path of "/home/hiromichi/rost2/install/lifecycle_msgs/lib/liblifecycle_msgs__rosidl_typesupport_introspection_c.so" to ""
[10.174s] -- Installing: /home/hiromichi/rost2/install/lifecycle_msgs/lib/liblifecycle_msgs__rosidl_typesupport_c.so
[10.174s] -- Set runtime path of "/home/hiromichi/rost2/install/lifecycle_msgs/lib/liblifecycle_msgs__rosidl_typesupport_c.so" to ""
[10.174s] -- Up-to-date: /home/hiromichi/rost2/install/lifecycle_msgs/include/lifecycle_msgs/lifecycle_msgs
[10.174s] -- Up-to-date: /home/hiromichi/rost2/install/lifecycle_msgs/include/lifecycle_msgs/lifecycle_msgs/srv
[10.174s] -- Installing: /home/hiromichi/rost2/install/lifecycle_msgs/include/lifecycle_msgs/lifecycle_msgs/srv/get_available_states.hpp
[10.175s] -- Installing: /home/hiromichi/rost2/install/lifecycle_msgs/include/lifecycle_msgs/lifecycle_msgs/srv/change_state.hpp
[10.175s] -- Installing: /home/hiromichi/rost2/install/lifecycle_msgs/include/lifecycle_msgs/lifecycle_msgs/srv/get_state.hpp
[10.175s] -- Up-to-date: /home/hiromichi/rost2/install/lifecycle_msgs/include/lifecycle_msgs/lifecycle_msgs/srv/detail
[10.175s] -- Installing: /home/hiromichi/rost2/install/lifecycle_msgs/include/lifecycle_msgs/lifecycle_msgs/srv/detail/get_available_states__traits.hpp
[10.175s] -- Installing: /home/hiromichi/rost2/install/lifecycle_msgs/include/lifecycle_msgs/lifecycle_msgs/srv/detail/get_available_states__struct.hpp
[10.175s] -- Installing: /home/hiromichi/rost2/install/lifecycle_msgs/include/lifecycle_msgs/lifecycle_msgs/srv/detail/get_available_states__builder.hpp
[10.175s] -- Installing: /home/hiromichi/rost2/install/lifecycle_msgs/include/lifecycle_msgs/lifecycle_msgs/srv/detail/get_state__traits.hpp
[10.175s] -- Installing: /home/hiromichi/rost2/install/lifecycle_msgs/include/lifecycle_msgs/lifecycle_msgs/srv/detail/change_state__struct.hpp
[10.176s] -- Installing: /home/hiromichi/rost2/install/lifecycle_msgs/include/lifecycle_msgs/lifecycle_msgs/srv/detail/get_available_transitions__struct.hpp
[10.176s] -- Installing: /home/hiromichi/rost2/install/lifecycle_msgs/include/lifecycle_msgs/lifecycle_msgs/srv/detail/get_state__struct.hpp
[10.176s] -- Installing: /home/hiromichi/rost2/install/lifecycle_msgs/include/lifecycle_msgs/lifecycle_msgs/srv/detail/get_state__builder.hpp
[10.176s] -- Installing: /home/hiromichi/rost2/install/lifecycle_msgs/include/lifecycle_msgs/lifecycle_msgs/srv/detail/change_state__traits.hpp
[10.177s] -- Installing: /home/hiromichi/rost2/install/lifecycle_msgs/include/lifecycle_msgs/lifecycle_msgs/srv/detail/get_available_transitions__traits.hpp
[10.177s] -- Installing: /home/hiromichi/rost2/install/lifecycle_msgs/include/lifecycle_msgs/lifecycle_msgs/srv/detail/change_state__builder.hpp
[10.177s] -- Installing: /home/hiromichi/rost2/install/lifecycle_msgs/include/lifecycle_msgs/lifecycle_msgs/srv/detail/get_available_transitions__builder.hpp
[10.177s] -- Installing: /home/hiromichi/rost2/install/lifecycle_msgs/include/lifecycle_msgs/lifecycle_msgs/srv/get_available_transitions.hpp
[10.177s] -- Up-to-date: /home/hiromichi/rost2/install/lifecycle_msgs/include/lifecycle_msgs/lifecycle_msgs/msg
[10.177s] -- Installing: /home/hiromichi/rost2/install/lifecycle_msgs/include/lifecycle_msgs/lifecycle_msgs/msg/transition.hpp
[10.177s] -- Installing: /home/hiromichi/rost2/install/lifecycle_msgs/include/lifecycle_msgs/lifecycle_msgs/msg/transition_description.hpp
[10.177s] -- Installing: /home/hiromichi/rost2/install/lifecycle_msgs/include/lifecycle_msgs/lifecycle_msgs/msg/transition_event.hpp
[10.178s] -- Up-to-date: /home/hiromichi/rost2/install/lifecycle_msgs/include/lifecycle_msgs/lifecycle_msgs/msg/detail
[10.178s] -- Installing: /home/hiromichi/rost2/install/lifecycle_msgs/include/lifecycle_msgs/lifecycle_msgs/msg/detail/transition__builder.hpp
[10.178s] -- Installing: /home/hiromichi/rost2/install/lifecycle_msgs/include/lifecycle_msgs/lifecycle_msgs/msg/detail/state__traits.hpp
[10.179s] -- Installing: /home/hiromichi/rost2/install/lifecycle_msgs/include/lifecycle_msgs/lifecycle_msgs/msg/detail/transition__traits.hpp
[10.179s] -- Installing: /home/hiromichi/rost2/install/lifecycle_msgs/include/lifecycle_msgs/lifecycle_msgs/msg/detail/transition_description__builder.hpp
[10.179s] -- Installing: /home/hiromichi/rost2/install/lifecycle_msgs/include/lifecycle_msgs/lifecycle_msgs/msg/detail/state__struct.hpp
[10.179s] -- Installing: /home/hiromichi/rost2/install/lifecycle_msgs/include/lifecycle_msgs/lifecycle_msgs/msg/detail/transition_event__builder.hpp
[10.179s] -- Installing: /home/hiromichi/rost2/install/lifecycle_msgs/include/lifecycle_msgs/lifecycle_msgs/msg/detail/state__builder.hpp
[10.179s] -- Installing: /home/hiromichi/rost2/install/lifecycle_msgs/include/lifecycle_msgs/lifecycle_msgs/msg/detail/transition_event__traits.hpp
[10.179s] -- Installing: /home/hiromichi/rost2/install/lifecycle_msgs/include/lifecycle_msgs/lifecycle_msgs/msg/detail/transition_description__traits.hpp
[10.179s] -- Installing: /home/hiromichi/rost2/install/lifecycle_msgs/include/lifecycle_msgs/lifecycle_msgs/msg/detail/transition_event__struct.hpp
[10.179s] -- Installing: /home/hiromichi/rost2/install/lifecycle_msgs/include/lifecycle_msgs/lifecycle_msgs/msg/detail/transition__struct.hpp
[10.179s] -- Installing: /home/hiromichi/rost2/install/lifecycle_msgs/include/lifecycle_msgs/lifecycle_msgs/msg/detail/transition_description__struct.hpp
[10.179s] -- Installing: /home/hiromichi/rost2/install/lifecycle_msgs/include/lifecycle_msgs/lifecycle_msgs/msg/state.hpp
[10.179s] -- Up-to-date: /home/hiromichi/rost2/install/lifecycle_msgs/include/lifecycle_msgs/lifecycle_msgs
[10.179s] -- Up-to-date: /home/hiromichi/rost2/install/lifecycle_msgs/include/lifecycle_msgs/lifecycle_msgs/srv
[10.179s] -- Up-to-date: /home/hiromichi/rost2/install/lifecycle_msgs/include/lifecycle_msgs/lifecycle_msgs/srv/detail
[10.179s] -- Installing: /home/hiromichi/rost2/install/lifecycle_msgs/include/lifecycle_msgs/lifecycle_msgs/srv/detail/change_state__rosidl_typesupport_fastrtps_cpp.hpp
[10.179s] -- Installing: /home/hiromichi/rost2/install/lifecycle_msgs/include/lifecycle_msgs/lifecycle_msgs/srv/detail/get_state__rosidl_typesupport_fastrtps_cpp.hpp
[10.180s] -- Installing: /home/hiromichi/rost2/install/lifecycle_msgs/include/lifecycle_msgs/lifecycle_msgs/srv/detail/dds_fastrtps
[10.180s] -- Installing: /home/hiromichi/rost2/install/lifecycle_msgs/include/lifecycle_msgs/lifecycle_msgs/srv/detail/get_available_states__rosidl_typesupport_fastrtps_cpp.hpp
[10.180s] -- Installing: /home/hiromichi/rost2/install/lifecycle_msgs/include/lifecycle_msgs/lifecycle_msgs/srv/detail/get_available_transitions__rosidl_typesupport_fastrtps_cpp.hpp
[10.180s] -- Up-to-date: /home/hiromichi/rost2/install/lifecycle_msgs/include/lifecycle_msgs/lifecycle_msgs/msg
[10.180s] -- Installing: /home/hiromichi/rost2/install/lifecycle_msgs/include/lifecycle_msgs/lifecycle_msgs/msg/rosidl_typesupport_fastrtps_cpp__visibility_control.h
[10.180s] -- Up-to-date: /home/hiromichi/rost2/install/lifecycle_msgs/include/lifecycle_msgs/lifecycle_msgs/msg/detail
[10.180s] -- Installing: /home/hiromichi/rost2/install/lifecycle_msgs/include/lifecycle_msgs/lifecycle_msgs/msg/detail/transition__rosidl_typesupport_fastrtps_cpp.hpp
[10.180s] -- Installing: /home/hiromichi/rost2/install/lifecycle_msgs/include/lifecycle_msgs/lifecycle_msgs/msg/detail/state__rosidl_typesupport_fastrtps_cpp.hpp
[10.180s] -- Installing: /home/hiromichi/rost2/install/lifecycle_msgs/include/lifecycle_msgs/lifecycle_msgs/msg/detail/transition_event__rosidl_typesupport_fastrtps_cpp.hpp
[10.180s] -- Installing: /home/hiromichi/rost2/install/lifecycle_msgs/include/lifecycle_msgs/lifecycle_msgs/msg/detail/dds_fastrtps
[10.180s] -- Installing: /home/hiromichi/rost2/install/lifecycle_msgs/include/lifecycle_msgs/lifecycle_msgs/msg/detail/transition_description__rosidl_typesupport_fastrtps_cpp.hpp
[10.180s] -- Installing: /home/hiromichi/rost2/install/lifecycle_msgs/lib/liblifecycle_msgs__rosidl_typesupport_fastrtps_cpp.so
[10.180s] -- Set runtime path of "/home/hiromichi/rost2/install/lifecycle_msgs/lib/liblifecycle_msgs__rosidl_typesupport_fastrtps_cpp.so" to ""
[10.180s] -- Up-to-date: /home/hiromichi/rost2/install/lifecycle_msgs/include/lifecycle_msgs/lifecycle_msgs
[10.180s] -- Up-to-date: /home/hiromichi/rost2/install/lifecycle_msgs/include/lifecycle_msgs/lifecycle_msgs/srv
[10.180s] -- Up-to-date: /home/hiromichi/rost2/install/lifecycle_msgs/include/lifecycle_msgs/lifecycle_msgs/srv/detail
[10.181s] -- Installing: /home/hiromichi/rost2/install/lifecycle_msgs/include/lifecycle_msgs/lifecycle_msgs/srv/detail/change_state__rosidl_typesupport_introspection_cpp.hpp
[10.182s] -- Installing: /home/hiromichi/rost2/install/lifecycle_msgs/include/lifecycle_msgs/lifecycle_msgs/srv/detail/get_state__rosidl_typesupport_introspection_cpp.hpp
[10.182s] -- Installing: /home/hiromichi/rost2/install/lifecycle_msgs/include/lifecycle_msgs/lifecycle_msgs/srv/detail/get_available_transitions__rosidl_typesupport_introspection_cpp.hpp
[10.182s] -- Installing: /home/hiromichi/rost2/install/lifecycle_msgs/include/lifecycle_msgs/lifecycle_msgs/srv/detail/get_available_states__type_support.cpp
[10.182s] -- Installing: /home/hiromichi/rost2/install/lifecycle_msgs/include/lifecycle_msgs/lifecycle_msgs/srv/detail/get_available_states__rosidl_typesupport_introspection_cpp.hpp
[10.182s] -- Installing: /home/hiromichi/rost2/install/lifecycle_msgs/include/lifecycle_msgs/lifecycle_msgs/srv/detail/get_state__type_support.cpp
[10.182s] -- Installing: /home/hiromichi/rost2/install/lifecycle_msgs/include/lifecycle_msgs/lifecycle_msgs/srv/detail/change_state__type_support.cpp
[10.182s] -- Installing: /home/hiromichi/rost2/install/lifecycle_msgs/include/lifecycle_msgs/lifecycle_msgs/srv/detail/get_available_transitions__type_support.cpp
[10.182s] -- Up-to-date: /home/hiromichi/rost2/install/lifecycle_msgs/include/lifecycle_msgs/lifecycle_msgs/msg
[10.182s] -- Up-to-date: /home/hiromichi/rost2/install/lifecycle_msgs/include/lifecycle_msgs/lifecycle_msgs/msg/detail
[10.183s] -- Installing: /home/hiromichi/rost2/install/lifecycle_msgs/include/lifecycle_msgs/lifecycle_msgs/msg/detail/transition_description__rosidl_typesupport_introspection_cpp.hpp
[10.183s] -- Installing: /home/hiromichi/rost2/install/lifecycle_msgs/include/lifecycle_msgs/lifecycle_msgs/msg/detail/transition_description__type_support.cpp
[10.183s] -- Installing: /home/hiromichi/rost2/install/lifecycle_msgs/include/lifecycle_msgs/lifecycle_msgs/msg/detail/state__rosidl_typesupport_introspection_cpp.hpp
[10.183s] -- Installing: /home/hiromichi/rost2/install/lifecycle_msgs/include/lifecycle_msgs/lifecycle_msgs/msg/detail/transition__rosidl_typesupport_introspection_cpp.hpp
[10.183s] -- Installing: /home/hiromichi/rost2/install/lifecycle_msgs/include/lifecycle_msgs/lifecycle_msgs/msg/detail/transition__type_support.cpp
[10.183s] -- Installing: /home/hiromichi/rost2/install/lifecycle_msgs/include/lifecycle_msgs/lifecycle_msgs/msg/detail/transition_event__type_support.cpp
[10.183s] -- Installing: /home/hiromichi/rost2/install/lifecycle_msgs/include/lifecycle_msgs/lifecycle_msgs/msg/detail/transition_event__rosidl_typesupport_introspection_cpp.hpp
[10.184s] -- Installing: /home/hiromichi/rost2/install/lifecycle_msgs/include/lifecycle_msgs/lifecycle_msgs/msg/detail/state__type_support.cpp
[10.184s] -- Installing: /home/hiromichi/rost2/install/lifecycle_msgs/lib/liblifecycle_msgs__rosidl_typesupport_introspection_cpp.so
[10.184s] -- Set runtime path of "/home/hiromichi/rost2/install/lifecycle_msgs/lib/liblifecycle_msgs__rosidl_typesupport_introspection_cpp.so" to ""
[10.184s] -- Installing: /home/hiromichi/rost2/install/lifecycle_msgs/lib/liblifecycle_msgs__rosidl_typesupport_cpp.so
[10.186s] -- Set runtime path of "/home/hiromichi/rost2/install/lifecycle_msgs/lib/liblifecycle_msgs__rosidl_typesupport_cpp.so" to ""
[10.187s] -- Installing: /home/hiromichi/rost2/install/lifecycle_msgs/share/ament_index/resource_index/rust_packages/lifecycle_msgs
[10.187s] -- Installing: /home/hiromichi/rost2/install/lifecycle_msgs/share/lifecycle_msgs/rust
[10.187s] -- Installing: /home/hiromichi/rost2/install/lifecycle_msgs/share/lifecycle_msgs/rust/src
[10.187s] -- Installing: /home/hiromichi/rost2/install/lifecycle_msgs/share/lifecycle_msgs/rust/src/msg.rs
[10.188s] -- Installing: /home/hiromichi/rost2/install/lifecycle_msgs/share/lifecycle_msgs/rust/src/srv.rs
[10.189s] -- Installing: /home/hiromichi/rost2/install/lifecycle_msgs/share/lifecycle_msgs/rust/src/lib.rs
[10.189s] -- Installing: /home/hiromichi/rost2/install/lifecycle_msgs/share/lifecycle_msgs/rust/Cargo.toml
[10.189s] -- Installing: /home/hiromichi/rost2/install/lifecycle_msgs/share/lifecycle_msgs/rust/build.rs
[10.189s] -- Installing: /home/hiromichi/rost2/install/lifecycle_msgs/share/lifecycle_msgs/environment/pythonpath.sh
[10.189s] -- Installing: /home/hiromichi/rost2/install/lifecycle_msgs/share/lifecycle_msgs/environment/pythonpath.dsv
[10.189s] -- Installing: /home/hiromichi/rost2/install/lifecycle_msgs/local/lib/python3.10/dist-packages/lifecycle_msgs-1.2.1-py3.10.egg-info
[10.189s] -- Installing: /home/hiromichi/rost2/install/lifecycle_msgs/local/lib/python3.10/dist-packages/lifecycle_msgs-1.2.1-py3.10.egg-info/top_level.txt
[10.190s] -- Installing: /home/hiromichi/rost2/install/lifecycle_msgs/local/lib/python3.10/dist-packages/lifecycle_msgs-1.2.1-py3.10.egg-info/dependency_links.txt
[10.190s] -- Installing: /home/hiromichi/rost2/install/lifecycle_msgs/local/lib/python3.10/dist-packages/lifecycle_msgs-1.2.1-py3.10.egg-info/SOURCES.txt
[10.190s] -- Installing: /home/hiromichi/rost2/install/lifecycle_msgs/local/lib/python3.10/dist-packages/lifecycle_msgs-1.2.1-py3.10.egg-info/PKG-INFO
[10.190s] -- Installing: /home/hiromichi/rost2/install/lifecycle_msgs/local/lib/python3.10/dist-packages/lifecycle_msgs
[10.190s] -- Installing: /home/hiromichi/rost2/install/lifecycle_msgs/local/lib/python3.10/dist-packages/lifecycle_msgs/srv
[10.190s] -- Installing: /home/hiromichi/rost2/install/lifecycle_msgs/local/lib/python3.10/dist-packages/lifecycle_msgs/srv/_get_available_states.py
[10.191s] -- Installing: /home/hiromichi/rost2/install/lifecycle_msgs/local/lib/python3.10/dist-packages/lifecycle_msgs/srv/_get_available_states_s.c
[10.191s] -- Installing: /home/hiromichi/rost2/install/lifecycle_msgs/local/lib/python3.10/dist-packages/lifecycle_msgs/srv/_change_state.py
[10.191s] -- Installing: /home/hiromichi/rost2/install/lifecycle_msgs/local/lib/python3.10/dist-packages/lifecycle_msgs/srv/_get_available_transitions_s.c
[10.191s] -- Installing: /home/hiromichi/rost2/install/lifecycle_msgs/local/lib/python3.10/dist-packages/lifecycle_msgs/srv/_get_state_s.c
[10.191s] -- Installing: /home/hiromichi/rost2/install/lifecycle_msgs/local/lib/python3.10/dist-packages/lifecycle_msgs/srv/_get_available_transitions.py
[10.192s] -- Installing: /home/hiromichi/rost2/install/lifecycle_msgs/local/lib/python3.10/dist-packages/lifecycle_msgs/srv/_change_state_s.c
[10.192s] -- Installing: /home/hiromichi/rost2/install/lifecycle_msgs/local/lib/python3.10/dist-packages/lifecycle_msgs/srv/_get_state.py
[10.193s] -- Installing: /home/hiromichi/rost2/install/lifecycle_msgs/local/lib/python3.10/dist-packages/lifecycle_msgs/srv/__init__.py
[10.193s] -- Installing: /home/hiromichi/rost2/install/lifecycle_msgs/local/lib/python3.10/dist-packages/lifecycle_msgs/_lifecycle_msgs_s.ep.rosidl_typesupport_introspection_c.c
[10.193s] -- Installing: /home/hiromichi/rost2/install/lifecycle_msgs/local/lib/python3.10/dist-packages/lifecycle_msgs/lifecycle_msgs_s__rosidl_typesupport_fastrtps_c.cpython-310-x86_64-linux-gnu.so
[10.193s] -- Installing: /home/hiromichi/rost2/install/lifecycle_msgs/local/lib/python3.10/dist-packages/lifecycle_msgs/_lifecycle_msgs_s.ep.rosidl_typesupport_fastrtps_c.c
[10.193s] -- Installing: /home/hiromichi/rost2/install/lifecycle_msgs/local/lib/python3.10/dist-packages/lifecycle_msgs/_lifecycle_msgs_s.ep.rosidl_typesupport_c.c
[10.193s] -- Installing: /home/hiromichi/rost2/install/lifecycle_msgs/local/lib/python3.10/dist-packages/lifecycle_msgs/msg
[10.194s] -- Installing: /home/hiromichi/rost2/install/lifecycle_msgs/local/lib/python3.10/dist-packages/lifecycle_msgs/msg/_transition_description_s.c
[10.194s] -- Installing: /home/hiromichi/rost2/install/lifecycle_msgs/local/lib/python3.10/dist-packages/lifecycle_msgs/msg/_transition.py
[10.194s] -- Installing: /home/hiromichi/rost2/install/lifecycle_msgs/local/lib/python3.10/dist-packages/lifecycle_msgs/msg/_transition_event_s.c
[10.194s] -- Installing: /home/hiromichi/rost2/install/lifecycle_msgs/local/lib/python3.10/dist-packages/lifecycle_msgs/msg/_state.py
[10.194s] -- Installing: /home/hiromichi/rost2/install/lifecycle_msgs/local/lib/python3.10/dist-packages/lifecycle_msgs/msg/_state_s.c
[10.194s] -- Installing: /home/hiromichi/rost2/install/lifecycle_msgs/local/lib/python3.10/dist-packages/lifecycle_msgs/msg/_transition_event.py
[10.194s] -- Installing: /home/hiromichi/rost2/install/lifecycle_msgs/local/lib/python3.10/dist-packages/lifecycle_msgs/msg/_transition_s.c
[10.195s] -- Installing: /home/hiromichi/rost2/install/lifecycle_msgs/local/lib/python3.10/dist-packages/lifecycle_msgs/msg/_transition_description.py
[10.195s] -- Installing: /home/hiromichi/rost2/install/lifecycle_msgs/local/lib/python3.10/dist-packages/lifecycle_msgs/msg/__init__.py
[10.195s] -- Installing: /home/hiromichi/rost2/install/lifecycle_msgs/local/lib/python3.10/dist-packages/lifecycle_msgs/lifecycle_msgs_s__rosidl_typesupport_c.cpython-310-x86_64-linux-gnu.so
[10.195s] -- Installing: /home/hiromichi/rost2/install/lifecycle_msgs/local/lib/python3.10/dist-packages/lifecycle_msgs/lifecycle_msgs_s__rosidl_typesupport_introspection_c.cpython-310-x86_64-linux-gnu.so
[10.195s] -- Installing: /home/hiromichi/rost2/install/lifecycle_msgs/local/lib/python3.10/dist-packages/lifecycle_msgs/liblifecycle_msgs__rosidl_generator_py.so
[10.195s] -- Installing: /home/hiromichi/rost2/install/lifecycle_msgs/local/lib/python3.10/dist-packages/lifecycle_msgs/__init__.py
[10.259s] Listing '/home/hiromichi/rost2/install/lifecycle_msgs/local/lib/python3.10/dist-packages/lifecycle_msgs'...
[10.260s] Compiling '/home/hiromichi/rost2/install/lifecycle_msgs/local/lib/python3.10/dist-packages/lifecycle_msgs/__init__.py'...
[10.260s] Listing '/home/hiromichi/rost2/install/lifecycle_msgs/local/lib/python3.10/dist-packages/lifecycle_msgs/msg'...
[10.260s] Compiling '/home/hiromichi/rost2/install/lifecycle_msgs/local/lib/python3.10/dist-packages/lifecycle_msgs/msg/__init__.py'...
[10.260s] Compiling '/home/hiromichi/rost2/install/lifecycle_msgs/local/lib/python3.10/dist-packages/lifecycle_msgs/msg/_state.py'...
[10.260s] Compiling '/home/hiromichi/rost2/install/lifecycle_msgs/local/lib/python3.10/dist-packages/lifecycle_msgs/msg/_transition.py'...
[10.260s] Compiling '/home/hiromichi/rost2/install/lifecycle_msgs/local/lib/python3.10/dist-packages/lifecycle_msgs/msg/_transition_description.py'...
[10.260s] Compiling '/home/hiromichi/rost2/install/lifecycle_msgs/local/lib/python3.10/dist-packages/lifecycle_msgs/msg/_transition_event.py'...
[10.260s] Listing '/home/hiromichi/rost2/install/lifecycle_msgs/local/lib/python3.10/dist-packages/lifecycle_msgs/srv'...
[10.261s] Compiling '/home/hiromichi/rost2/install/lifecycle_msgs/local/lib/python3.10/dist-packages/lifecycle_msgs/srv/__init__.py'...
[10.261s] Compiling '/home/hiromichi/rost2/install/lifecycle_msgs/local/lib/python3.10/dist-packages/lifecycle_msgs/srv/_change_state.py'...
[10.261s] Compiling '/home/hiromichi/rost2/install/lifecycle_msgs/local/lib/python3.10/dist-packages/lifecycle_msgs/srv/_get_available_states.py'...
[10.261s] Compiling '/home/hiromichi/rost2/install/lifecycle_msgs/local/lib/python3.10/dist-packages/lifecycle_msgs/srv/_get_available_transitions.py'...
[10.261s] Compiling '/home/hiromichi/rost2/install/lifecycle_msgs/local/lib/python3.10/dist-packages/lifecycle_msgs/srv/_get_state.py'...
[10.266s] -- Installing: /home/hiromichi/rost2/install/lifecycle_msgs/local/lib/python3.10/dist-packages/lifecycle_msgs/lifecycle_msgs_s__rosidl_typesupport_fastrtps_c.cpython-310-x86_64-linux-gnu.so
[10.266s] -- Set runtime path of "/home/hiromichi/rost2/install/lifecycle_msgs/local/lib/python3.10/dist-packages/lifecycle_msgs/lifecycle_msgs_s__rosidl_typesupport_fastrtps_c.cpython-310-x86_64-linux-gnu.so" to ""
[10.266s] -- Installing: /home/hiromichi/rost2/install/lifecycle_msgs/local/lib/python3.10/dist-packages/lifecycle_msgs/lifecycle_msgs_s__rosidl_typesupport_introspection_c.cpython-310-x86_64-linux-gnu.so
[10.267s] -- Set runtime path of "/home/hiromichi/rost2/install/lifecycle_msgs/local/lib/python3.10/dist-packages/lifecycle_msgs/lifecycle_msgs_s__rosidl_typesupport_introspection_c.cpython-310-x86_64-linux-gnu.so" to ""
[10.267s] -- Installing: /home/hiromichi/rost2/install/lifecycle_msgs/local/lib/python3.10/dist-packages/lifecycle_msgs/lifecycle_msgs_s__rosidl_typesupport_c.cpython-310-x86_64-linux-gnu.so
[10.267s] -- Set runtime path of "/home/hiromichi/rost2/install/lifecycle_msgs/local/lib/python3.10/dist-packages/lifecycle_msgs/lifecycle_msgs_s__rosidl_typesupport_c.cpython-310-x86_64-linux-gnu.so" to ""
[10.267s] -- Installing: /home/hiromichi/rost2/install/lifecycle_msgs/lib/liblifecycle_msgs__rosidl_generator_py.so
[10.270s] -- Set runtime path of "/home/hiromichi/rost2/install/lifecycle_msgs/lib/liblifecycle_msgs__rosidl_generator_py.so" to ""
[10.270s] -- Installing: /home/hiromichi/rost2/install/lifecycle_msgs/share/lifecycle_msgs/msg/State.idl
[10.270s] -- Installing: /home/hiromichi/rost2/install/lifecycle_msgs/share/lifecycle_msgs/msg/Transition.idl
[10.271s] -- Installing: /home/hiromichi/rost2/install/lifecycle_msgs/share/lifecycle_msgs/msg/TransitionDescription.idl
[10.271s] -- Installing: /home/hiromichi/rost2/install/lifecycle_msgs/share/lifecycle_msgs/msg/TransitionEvent.idl
[10.271s] -- Installing: /home/hiromichi/rost2/install/lifecycle_msgs/share/lifecycle_msgs/srv/ChangeState.idl
[10.271s] -- Installing: /home/hiromichi/rost2/install/lifecycle_msgs/share/lifecycle_msgs/srv/GetAvailableStates.idl
[10.271s] -- Installing: /home/hiromichi/rost2/install/lifecycle_msgs/share/lifecycle_msgs/srv/GetAvailableTransitions.idl
[10.272s] -- Installing: /home/hiromichi/rost2/install/lifecycle_msgs/share/lifecycle_msgs/srv/GetState.idl
[10.272s] -- Installing: /home/hiromichi/rost2/install/lifecycle_msgs/share/lifecycle_msgs/msg/State.msg
[10.273s] -- Installing: /home/hiromichi/rost2/install/lifecycle_msgs/share/lifecycle_msgs/msg/Transition.msg
[10.273s] -- Installing: /home/hiromichi/rost2/install/lifecycle_msgs/share/lifecycle_msgs/msg/TransitionDescription.msg
[10.273s] -- Installing: /home/hiromichi/rost2/install/lifecycle_msgs/share/lifecycle_msgs/msg/TransitionEvent.msg
[10.273s] -- Installing: /home/hiromichi/rost2/install/lifecycle_msgs/share/lifecycle_msgs/srv/ChangeState.srv
[10.273s] -- Installing: /home/hiromichi/rost2/install/lifecycle_msgs/share/lifecycle_msgs/srv/ChangeState_Request.msg
[10.274s] -- Installing: /home/hiromichi/rost2/install/lifecycle_msgs/share/lifecycle_msgs/srv/ChangeState_Response.msg
[10.274s] -- Installing: /home/hiromichi/rost2/install/lifecycle_msgs/share/lifecycle_msgs/srv/GetAvailableStates.srv
[10.275s] -- Installing: /home/hiromichi/rost2/install/lifecycle_msgs/share/lifecycle_msgs/srv/GetAvailableStates_Request.msg
[10.275s] -- Installing: /home/hiromichi/rost2/install/lifecycle_msgs/share/lifecycle_msgs/srv/GetAvailableStates_Response.msg
[10.275s] -- Installing: /home/hiromichi/rost2/install/lifecycle_msgs/share/lifecycle_msgs/srv/GetAvailableTransitions.srv
[10.275s] -- Installing: /home/hiromichi/rost2/install/lifecycle_msgs/share/lifecycle_msgs/srv/GetAvailableTransitions_Request.msg
[10.275s] -- Installing: /home/hiromichi/rost2/install/lifecycle_msgs/share/lifecycle_msgs/srv/GetAvailableTransitions_Response.msg
[10.275s] -- Installing: /home/hiromichi/rost2/install/lifecycle_msgs/share/lifecycle_msgs/srv/GetState.srv
[10.276s] -- Installing: /home/hiromichi/rost2/install/lifecycle_msgs/share/lifecycle_msgs/srv/GetState_Request.msg
[10.276s] -- Installing: /home/hiromichi/rost2/install/lifecycle_msgs/share/lifecycle_msgs/srv/GetState_Response.msg
[10.276s] -- Installing: /home/hiromichi/rost2/install/lifecycle_msgs/share/ament_index/resource_index/package_run_dependencies/lifecycle_msgs
[10.276s] -- Installing: /home/hiromichi/rost2/install/lifecycle_msgs/share/ament_index/resource_index/parent_prefix_path/lifecycle_msgs
[10.276s] -- Installing: /home/hiromichi/rost2/install/lifecycle_msgs/share/lifecycle_msgs/environment/ament_prefix_path.sh
[10.276s] -- Installing: /home/hiromichi/rost2/install/lifecycle_msgs/share/lifecycle_msgs/environment/ament_prefix_path.dsv
[10.276s] -- Installing: /home/hiromichi/rost2/install/lifecycle_msgs/share/lifecycle_msgs/environment/path.sh
[10.277s] -- Installing: /home/hiromichi/rost2/install/lifecycle_msgs/share/lifecycle_msgs/environment/path.dsv
[10.277s] -- Installing: /home/hiromichi/rost2/install/lifecycle_msgs/share/lifecycle_msgs/local_setup.bash
[10.277s] -- Installing: /home/hiromichi/rost2/install/lifecycle_msgs/share/lifecycle_msgs/local_setup.sh
[10.277s] -- Installing: /home/hiromichi/rost2/install/lifecycle_msgs/share/lifecycle_msgs/local_setup.zsh
[10.277s] -- Installing: /home/hiromichi/rost2/install/lifecycle_msgs/share/lifecycle_msgs/local_setup.dsv
[10.277s] -- Installing: /home/hiromichi/rost2/install/lifecycle_msgs/share/lifecycle_msgs/package.dsv
[10.277s] -- Installing: /home/hiromichi/rost2/install/lifecycle_msgs/share/ament_index/resource_index/packages/lifecycle_msgs
[10.277s] -- Installing: /home/hiromichi/rost2/install/lifecycle_msgs/share/lifecycle_msgs/cmake/export_lifecycle_msgs__rosidl_generator_cExport.cmake
[10.277s] -- Installing: /home/hiromichi/rost2/install/lifecycle_msgs/share/lifecycle_msgs/cmake/export_lifecycle_msgs__rosidl_generator_cExport-noconfig.cmake
[10.277s] -- Installing: /home/hiromichi/rost2/install/lifecycle_msgs/share/lifecycle_msgs/cmake/export_lifecycle_msgs__rosidl_typesupport_fastrtps_cExport.cmake
[10.277s] -- Installing: /home/hiromichi/rost2/install/lifecycle_msgs/share/lifecycle_msgs/cmake/export_lifecycle_msgs__rosidl_typesupport_fastrtps_cExport-noconfig.cmake
[10.278s] -- Installing: /home/hiromichi/rost2/install/lifecycle_msgs/share/lifecycle_msgs/cmake/lifecycle_msgs__rosidl_typesupport_introspection_cExport.cmake
[10.278s] -- Installing: /home/hiromichi/rost2/install/lifecycle_msgs/share/lifecycle_msgs/cmake/lifecycle_msgs__rosidl_typesupport_introspection_cExport-noconfig.cmake
[10.278s] -- Installing: /home/hiromichi/rost2/install/lifecycle_msgs/share/lifecycle_msgs/cmake/lifecycle_msgs__rosidl_typesupport_cExport.cmake
[10.278s] -- Installing: /home/hiromichi/rost2/install/lifecycle_msgs/share/lifecycle_msgs/cmake/lifecycle_msgs__rosidl_typesupport_cExport-noconfig.cmake
[10.279s] -- Installing: /home/hiromichi/rost2/install/lifecycle_msgs/share/lifecycle_msgs/cmake/export_lifecycle_msgs__rosidl_generator_cppExport.cmake
[10.279s] -- Installing: /home/hiromichi/rost2/install/lifecycle_msgs/share/lifecycle_msgs/cmake/export_lifecycle_msgs__rosidl_typesupport_fastrtps_cppExport.cmake
[10.279s] -- Installing: /home/hiromichi/rost2/install/lifecycle_msgs/share/lifecycle_msgs/cmake/export_lifecycle_msgs__rosidl_typesupport_fastrtps_cppExport-noconfig.cmake
[10.279s] -- Installing: /home/hiromichi/rost2/install/lifecycle_msgs/share/lifecycle_msgs/cmake/lifecycle_msgs__rosidl_typesupport_introspection_cppExport.cmake
[10.280s] -- Installing: /home/hiromichi/rost2/install/lifecycle_msgs/share/lifecycle_msgs/cmake/lifecycle_msgs__rosidl_typesupport_introspection_cppExport-noconfig.cmake
[10.280s] -- Installing: /home/hiromichi/rost2/install/lifecycle_msgs/share/lifecycle_msgs/cmake/lifecycle_msgs__rosidl_typesupport_cppExport.cmake
[10.280s] -- Installing: /home/hiromichi/rost2/install/lifecycle_msgs/share/lifecycle_msgs/cmake/lifecycle_msgs__rosidl_typesupport_cppExport-noconfig.cmake
[10.280s] -- Installing: /home/hiromichi/rost2/install/lifecycle_msgs/share/lifecycle_msgs/cmake/export_lifecycle_msgs__rosidl_generator_pyExport.cmake
[10.280s] -- Installing: /home/hiromichi/rost2/install/lifecycle_msgs/share/lifecycle_msgs/cmake/export_lifecycle_msgs__rosidl_generator_pyExport-noconfig.cmake
[10.281s] -- Installing: /home/hiromichi/rost2/install/lifecycle_msgs/share/lifecycle_msgs/cmake/rosidl_cmake-extras.cmake
[10.281s] -- Installing: /home/hiromichi/rost2/install/lifecycle_msgs/share/lifecycle_msgs/cmake/ament_cmake_export_include_directories-extras.cmake
[10.281s] -- Installing: /home/hiromichi/rost2/install/lifecycle_msgs/share/lifecycle_msgs/cmake/ament_cmake_export_libraries-extras.cmake
[10.281s] -- Installing: /home/hiromichi/rost2/install/lifecycle_msgs/share/lifecycle_msgs/cmake/ament_cmake_export_targets-extras.cmake
[10.281s] -- Installing: /home/hiromichi/rost2/install/lifecycle_msgs/share/lifecycle_msgs/cmake/rosidl_cmake_export_typesupport_targets-extras.cmake
[10.281s] -- Installing: /home/hiromichi/rost2/install/lifecycle_msgs/share/lifecycle_msgs/cmake/ament_cmake_export_dependencies-extras.cmake
[10.281s] -- Installing: /home/hiromichi/rost2/install/lifecycle_msgs/share/lifecycle_msgs/cmake/rosidl_cmake_export_typesupport_libraries-extras.cmake
[10.282s] -- Installing: /home/hiromichi/rost2/install/lifecycle_msgs/share/lifecycle_msgs/cmake/lifecycle_msgsConfig.cmake
[10.282s] -- Installing: /home/hiromichi/rost2/install/lifecycle_msgs/share/lifecycle_msgs/cmake/lifecycle_msgsConfig-version.cmake
[10.282s] -- Installing: /home/hiromichi/rost2/install/lifecycle_msgs/share/lifecycle_msgs/package.xml
[10.293s] Invoked command in '/home/hiromichi/rost2/build/lifecycle_msgs' returned '0': AMENT_PREFIX_PATH=/home/hiromichi/rost2/install/rosidl_default_runtime:/home/hiromichi/rost2/install/rosidl_default_generators:/home/hiromichi/rost2/install/rosidl_generator_rs:/home/hiromichi/rost2/install/rosidl_runtime_rs:${AMENT_PREFIX_PATH} CMAKE_PREFIX_PATH=/home/hiromichi/rost2/install/rosidl_default_runtime:/home/hiromichi/rost2/install/rosidl_default_generators:/home/hiromichi/rost2/install/rosidl_generator_rs:/opt/ros/humble PYTHONPATH=/home/hiromichi/rost2/install/rosidl_generator_rs/local/lib/python3.10/dist-packages:${PYTHONPATH} /usr/bin/cmake --install /home/hiromichi/rost2/build/lifecycle_msgs
