[0.151s] Invoking command in '/home/hiro/rust_ws/build/rclrs_example_msgs': AMENT_PREFIX_PATH=/home/hiro/rust_ws/install/rosidl_runtime_rs:/home/hiro/rust_ws/install/common_interfaces:/home/hiro/rust_ws/install/visualization_msgs:/home/hiro/rust_ws/install/test_msgs:/home/hiro/rust_ws/install/examples_rclrs_minimal_client_service:/home/hiro/rust_ws/install/example_interfaces:/home/hiro/rust_ws/install/action_msgs:/home/hiro/rust_ws/install/unique_identifier_msgs:/home/hiro/rust_ws/install/trajectory_msgs:/home/hiro/rust_ws/install/test_interface_files:/home/hiro/rust_ws/install/stereo_msgs:/home/hiro/rust_ws/install/std_srvs:/home/hiro/rust_ws/install/shape_msgs:/home/hiro/rust_ws/install/sensor_msgs_py:/home/hiro/rust_ws/install/sensor_msgs:/home/hiro/rust_ws/install/rust_pubsub:/home/hiro/rust_ws/install/nav_msgs:/home/hiro/rust_ws/install/diagnostic_msgs:/home/hiro/rust_ws/install/geometry_msgs:/home/hiro/rust_ws/install/examples_rclrs_minimal_pub_sub:/home/hiro/rust_ws/install/actionlib_msgs:/home/hiro/rust_ws/install/std_msgs:/home/hiro/rust_ws/install/statistics_msgs:/home/hiro/rust_ws/install/examples_rclrs_message_demo:/home/hiro/rust_ws/install/rclrs:/home/hiro/rust_ws/install/rosgraph_msgs:/home/hiro/rust_ws/install/rclrs_example_msgs:/home/hiro/rust_ws/install/composition_interfaces:/home/hiro/rust_ws/install/rcl_interfaces:/home/hiro/rust_ws/install/lifecycle_msgs:/home/hiro/rust_ws/install/builtin_interfaces:/home/hiro/rust_ws/install/rosidl_default_runtime:/home/hiro/rust_ws/install/rosidl_default_generators:/home/hiro/rust_ws/install/rosidl_generator_rs:/home/hiro/ws_livox/install/livox_ros_driver2:/opt/ros/humble CMAKE_PREFIX_PATH=/home/hiro/rust_ws/install/rosidl_default_runtime:/home/hiro/rust_ws/install/rosidl_default_generators:/home/hiro/rust_ws/install/rosidl_generator_rs:/home/hiro/rust_ws/install/common_interfaces:/home/hiro/rust_ws/install/visualization_msgs:/home/hiro/rust_ws/install/test_msgs:/home/hiro/rust_ws/install/example_interfaces:/home/hiro/rust_ws/install/action_msgs:/home/hiro/rust_ws/install/unique_identifier_msgs:/home/hiro/rust_ws/install/trajectory_msgs:/home/hiro/rust_ws/install/test_interface_files:/home/hiro/rust_ws/install/stereo_msgs:/home/hiro/rust_ws/install/std_srvs:/home/hiro/rust_ws/install/shape_msgs:/home/hiro/rust_ws/install/sensor_msgs:/home/hiro/rust_ws/install/nav_msgs:/home/hiro/rust_ws/install/diagnostic_msgs:/home/hiro/rust_ws/install/geometry_msgs:/home/hiro/rust_ws/install/actionlib_msgs:/home/hiro/rust_ws/install/std_msgs:/home/hiro/rust_ws/install/statistics_msgs:/home/hiro/rust_ws/install/rosgraph_msgs:/home/hiro/rust_ws/install/rclrs_example_msgs:/home/hiro/rust_ws/install/composition_interfaces:/home/hiro/rust_ws/install/rcl_interfaces:/home/hiro/rust_ws/install/lifecycle_msgs:/home/hiro/rust_ws/install/builtin_interfaces:/home/hiro/ws_livox/install/livox_ros_driver2:/home/hiro/rust_ws/install/examples_rclrs_minimal_client_service:/home/hiro/rust_ws/install/sensor_msgs_py:/home/hiro/rust_ws/install/rust_pubsub:/home/hiro/rust_ws/install/examples_rclrs_minimal_pub_sub:/home/hiro/rust_ws/install/examples_rclrs_message_demo:/home/hiro/rust_ws/install/rclrs:/home/hiro/rust_ws/install/rosidl_runtime_rs:/opt/ros/humble /usr/bin/cmake --build /home/hiro/rust_ws/build/rclrs_example_msgs -- -j22 -l22
[0.195s] [  2%] Built target rclrs_example_msgs__cpp
[0.196s] [  4%] Built target rclrs_example_msgs__rs
[0.201s] [ 14%] Built target rclrs_example_msgs__rosidl_generator_c
[0.209s] [ 14%] Built target ament_cmake_python_copy_rclrs_example_msgs
[0.220s] [ 25%] Built target rclrs_example_msgs__rosidl_typesupport_fastrtps_cpp
[0.222s] [ 35%] Built target rclrs_example_msgs__rosidl_typesupport_introspection_cpp
[0.224s] [ 45%] Built target rclrs_example_msgs__rosidl_typesupport_cpp
[0.225s] [ 56%] Built target rclrs_example_msgs__rosidl_typesupport_c
[0.230s] [ 66%] Built target rclrs_example_msgs__rosidl_typesupport_fastrtps_c
[0.244s] [ 77%] Built target rclrs_example_msgs__rosidl_typesupport_introspection_c
[0.263s] [ 77%] Built target rclrs_example_msgs
[0.282s] [ 79%] Built target rclrs_example_msgs__py
[0.308s] [ 87%] Built target rclrs_example_msgs__rosidl_generator_py
[0.336s] [ 91%] Built target rclrs_example_msgs__rosidl_typesupport_introspection_c__pyext
[0.337s] [ 95%] Built target rclrs_example_msgs__rosidl_typesupport_fastrtps_c__pyext
[0.339s] [100%] Built target rclrs_example_msgs__rosidl_typesupport_c__pyext
[0.569s] running egg_info
[0.585s] writing rclrs_example_msgs.egg-info/PKG-INFO
[0.585s] writing dependency_links to rclrs_example_msgs.egg-info/dependency_links.txt
[0.585s] writing top-level names to rclrs_example_msgs.egg-info/top_level.txt
[0.617s] reading manifest file 'rclrs_example_msgs.egg-info/SOURCES.txt'
[0.617s] writing manifest file 'rclrs_example_msgs.egg-info/SOURCES.txt'
[0.665s] [100%] Built target ament_cmake_python_build_rclrs_example_msgs_egg
[0.679s] Invoked command in '/home/hiro/rust_ws/build/rclrs_example_msgs' returned '0': AMENT_PREFIX_PATH=/home/hiro/rust_ws/install/rosidl_runtime_rs:/home/hiro/rust_ws/install/common_interfaces:/home/hiro/rust_ws/install/visualization_msgs:/home/hiro/rust_ws/install/test_msgs:/home/hiro/rust_ws/install/examples_rclrs_minimal_client_service:/home/hiro/rust_ws/install/example_interfaces:/home/hiro/rust_ws/install/action_msgs:/home/hiro/rust_ws/install/unique_identifier_msgs:/home/hiro/rust_ws/install/trajectory_msgs:/home/hiro/rust_ws/install/test_interface_files:/home/hiro/rust_ws/install/stereo_msgs:/home/hiro/rust_ws/install/std_srvs:/home/hiro/rust_ws/install/shape_msgs:/home/hiro/rust_ws/install/sensor_msgs_py:/home/hiro/rust_ws/install/sensor_msgs:/home/hiro/rust_ws/install/rust_pubsub:/home/hiro/rust_ws/install/nav_msgs:/home/hiro/rust_ws/install/diagnostic_msgs:/home/hiro/rust_ws/install/geometry_msgs:/home/hiro/rust_ws/install/examples_rclrs_minimal_pub_sub:/home/hiro/rust_ws/install/actionlib_msgs:/home/hiro/rust_ws/install/std_msgs:/home/hiro/rust_ws/install/statistics_msgs:/home/hiro/rust_ws/install/examples_rclrs_message_demo:/home/hiro/rust_ws/install/rclrs:/home/hiro/rust_ws/install/rosgraph_msgs:/home/hiro/rust_ws/install/rclrs_example_msgs:/home/hiro/rust_ws/install/composition_interfaces:/home/hiro/rust_ws/install/rcl_interfaces:/home/hiro/rust_ws/install/lifecycle_msgs:/home/hiro/rust_ws/install/builtin_interfaces:/home/hiro/rust_ws/install/rosidl_default_runtime:/home/hiro/rust_ws/install/rosidl_default_generators:/home/hiro/rust_ws/install/rosidl_generator_rs:/home/hiro/ws_livox/install/livox_ros_driver2:/opt/ros/humble CMAKE_PREFIX_PATH=/home/hiro/rust_ws/install/rosidl_default_runtime:/home/hiro/rust_ws/install/rosidl_default_generators:/home/hiro/rust_ws/install/rosidl_generator_rs:/home/hiro/rust_ws/install/common_interfaces:/home/hiro/rust_ws/install/visualization_msgs:/home/hiro/rust_ws/install/test_msgs:/home/hiro/rust_ws/install/example_interfaces:/home/hiro/rust_ws/install/action_msgs:/home/hiro/rust_ws/install/unique_identifier_msgs:/home/hiro/rust_ws/install/trajectory_msgs:/home/hiro/rust_ws/install/test_interface_files:/home/hiro/rust_ws/install/stereo_msgs:/home/hiro/rust_ws/install/std_srvs:/home/hiro/rust_ws/install/shape_msgs:/home/hiro/rust_ws/install/sensor_msgs:/home/hiro/rust_ws/install/nav_msgs:/home/hiro/rust_ws/install/diagnostic_msgs:/home/hiro/rust_ws/install/geometry_msgs:/home/hiro/rust_ws/install/actionlib_msgs:/home/hiro/rust_ws/install/std_msgs:/home/hiro/rust_ws/install/statistics_msgs:/home/hiro/rust_ws/install/rosgraph_msgs:/home/hiro/rust_ws/install/rclrs_example_msgs:/home/hiro/rust_ws/install/composition_interfaces:/home/hiro/rust_ws/install/rcl_interfaces:/home/hiro/rust_ws/install/lifecycle_msgs:/home/hiro/rust_ws/install/builtin_interfaces:/home/hiro/ws_livox/install/livox_ros_driver2:/home/hiro/rust_ws/install/examples_rclrs_minimal_client_service:/home/hiro/rust_ws/install/sensor_msgs_py:/home/hiro/rust_ws/install/rust_pubsub:/home/hiro/rust_ws/install/examples_rclrs_minimal_pub_sub:/home/hiro/rust_ws/install/examples_rclrs_message_demo:/home/hiro/rust_ws/install/rclrs:/home/hiro/rust_ws/install/rosidl_runtime_rs:/opt/ros/humble /usr/bin/cmake --build /home/hiro/rust_ws/build/rclrs_example_msgs -- -j22 -l22
[0.787s] Invoking command in '/home/hiro/rust_ws/build/rclrs_example_msgs': AMENT_PREFIX_PATH=/home/hiro/rust_ws/install/rosidl_runtime_rs:/home/hiro/rust_ws/install/common_interfaces:/home/hiro/rust_ws/install/visualization_msgs:/home/hiro/rust_ws/install/test_msgs:/home/hiro/rust_ws/install/examples_rclrs_minimal_client_service:/home/hiro/rust_ws/install/example_interfaces:/home/hiro/rust_ws/install/action_msgs:/home/hiro/rust_ws/install/unique_identifier_msgs:/home/hiro/rust_ws/install/trajectory_msgs:/home/hiro/rust_ws/install/test_interface_files:/home/hiro/rust_ws/install/stereo_msgs:/home/hiro/rust_ws/install/std_srvs:/home/hiro/rust_ws/install/shape_msgs:/home/hiro/rust_ws/install/sensor_msgs_py:/home/hiro/rust_ws/install/sensor_msgs:/home/hiro/rust_ws/install/rust_pubsub:/home/hiro/rust_ws/install/nav_msgs:/home/hiro/rust_ws/install/diagnostic_msgs:/home/hiro/rust_ws/install/geometry_msgs:/home/hiro/rust_ws/install/examples_rclrs_minimal_pub_sub:/home/hiro/rust_ws/install/actionlib_msgs:/home/hiro/rust_ws/install/std_msgs:/home/hiro/rust_ws/install/statistics_msgs:/home/hiro/rust_ws/install/examples_rclrs_message_demo:/home/hiro/rust_ws/install/rclrs:/home/hiro/rust_ws/install/rosgraph_msgs:/home/hiro/rust_ws/install/rclrs_example_msgs:/home/hiro/rust_ws/install/composition_interfaces:/home/hiro/rust_ws/install/rcl_interfaces:/home/hiro/rust_ws/install/lifecycle_msgs:/home/hiro/rust_ws/install/builtin_interfaces:/home/hiro/rust_ws/install/rosidl_default_runtime:/home/hiro/rust_ws/install/rosidl_default_generators:/home/hiro/rust_ws/install/rosidl_generator_rs:/home/hiro/ws_livox/install/livox_ros_driver2:/opt/ros/humble CMAKE_PREFIX_PATH=/home/hiro/rust_ws/install/rosidl_default_runtime:/home/hiro/rust_ws/install/rosidl_default_generators:/home/hiro/rust_ws/install/rosidl_generator_rs:/home/hiro/rust_ws/install/common_interfaces:/home/hiro/rust_ws/install/visualization_msgs:/home/hiro/rust_ws/install/test_msgs:/home/hiro/rust_ws/install/example_interfaces:/home/hiro/rust_ws/install/action_msgs:/home/hiro/rust_ws/install/unique_identifier_msgs:/home/hiro/rust_ws/install/trajectory_msgs:/home/hiro/rust_ws/install/test_interface_files:/home/hiro/rust_ws/install/stereo_msgs:/home/hiro/rust_ws/install/std_srvs:/home/hiro/rust_ws/install/shape_msgs:/home/hiro/rust_ws/install/sensor_msgs:/home/hiro/rust_ws/install/nav_msgs:/home/hiro/rust_ws/install/diagnostic_msgs:/home/hiro/rust_ws/install/geometry_msgs:/home/hiro/rust_ws/install/actionlib_msgs:/home/hiro/rust_ws/install/std_msgs:/home/hiro/rust_ws/install/statistics_msgs:/home/hiro/rust_ws/install/rosgraph_msgs:/home/hiro/rust_ws/install/rclrs_example_msgs:/home/hiro/rust_ws/install/composition_interfaces:/home/hiro/rust_ws/install/rcl_interfaces:/home/hiro/rust_ws/install/lifecycle_msgs:/home/hiro/rust_ws/install/builtin_interfaces:/home/hiro/ws_livox/install/livox_ros_driver2:/home/hiro/rust_ws/install/examples_rclrs_minimal_client_service:/home/hiro/rust_ws/install/sensor_msgs_py:/home/hiro/rust_ws/install/rust_pubsub:/home/hiro/rust_ws/install/examples_rclrs_minimal_pub_sub:/home/hiro/rust_ws/install/examples_rclrs_message_demo:/home/hiro/rust_ws/install/rclrs:/home/hiro/rust_ws/install/rosidl_runtime_rs:/opt/ros/humble /usr/bin/cmake --install /home/hiro/rust_ws/build/rclrs_example_msgs
[0.795s] -- Install configuration: ""
[0.796s] -- Up-to-date: /home/hiro/rust_ws/install/rclrs_example_msgs/share/ament_index/resource_index/rosidl_interfaces/rclrs_example_msgs
[0.797s] -- Up-to-date: /home/hiro/rust_ws/install/rclrs_example_msgs/include/rclrs_example_msgs/rclrs_example_msgs
[0.797s] -- Up-to-date: /home/hiro/rust_ws/install/rclrs_example_msgs/include/rclrs_example_msgs/rclrs_example_msgs/msg
[0.797s] -- Up-to-date: /home/hiro/rust_ws/install/rclrs_example_msgs/include/rclrs_example_msgs/rclrs_example_msgs/msg/my_message.h
[0.798s] -- Up-to-date: /home/hiro/rust_ws/install/rclrs_example_msgs/include/rclrs_example_msgs/rclrs_example_msgs/msg/nested_type.h
[0.798s] -- Up-to-date: /home/hiro/rust_ws/install/rclrs_example_msgs/include/rclrs_example_msgs/rclrs_example_msgs/msg/rosidl_generator_c__visibility_control.h
[0.799s] -- Up-to-date: /home/hiro/rust_ws/install/rclrs_example_msgs/include/rclrs_example_msgs/rclrs_example_msgs/msg/detail
[0.799s] -- Up-to-date: /home/hiro/rust_ws/install/rclrs_example_msgs/include/rclrs_example_msgs/rclrs_example_msgs/msg/detail/my_message__functions.c
[0.799s] -- Up-to-date: /home/hiro/rust_ws/install/rclrs_example_msgs/include/rclrs_example_msgs/rclrs_example_msgs/msg/detail/my_message__type_support.h
[0.800s] -- Up-to-date: /home/hiro/rust_ws/install/rclrs_example_msgs/include/rclrs_example_msgs/rclrs_example_msgs/msg/detail/nested_type__functions.c
[0.800s] -- Up-to-date: /home/hiro/rust_ws/install/rclrs_example_msgs/include/rclrs_example_msgs/rclrs_example_msgs/msg/detail/nested_type__type_support.h
[0.800s] -- Up-to-date: /home/hiro/rust_ws/install/rclrs_example_msgs/include/rclrs_example_msgs/rclrs_example_msgs/msg/detail/my_message__struct.h
[0.801s] -- Up-to-date: /home/hiro/rust_ws/install/rclrs_example_msgs/include/rclrs_example_msgs/rclrs_example_msgs/msg/detail/various_types__struct.h
[0.801s] -- Up-to-date: /home/hiro/rust_ws/install/rclrs_example_msgs/include/rclrs_example_msgs/rclrs_example_msgs/msg/detail/various_types__functions.h
[0.801s] -- Up-to-date: /home/hiro/rust_ws/install/rclrs_example_msgs/include/rclrs_example_msgs/rclrs_example_msgs/msg/detail/various_types__functions.c
[0.801s] -- Up-to-date: /home/hiro/rust_ws/install/rclrs_example_msgs/include/rclrs_example_msgs/rclrs_example_msgs/msg/detail/nested_type__struct.h
[0.802s] -- Up-to-date: /home/hiro/rust_ws/install/rclrs_example_msgs/include/rclrs_example_msgs/rclrs_example_msgs/msg/detail/nested_type__functions.h
[0.802s] -- Up-to-date: /home/hiro/rust_ws/install/rclrs_example_msgs/include/rclrs_example_msgs/rclrs_example_msgs/msg/detail/my_message__functions.h
[0.802s] -- Up-to-date: /home/hiro/rust_ws/install/rclrs_example_msgs/include/rclrs_example_msgs/rclrs_example_msgs/msg/detail/various_types__type_support.h
[0.802s] -- Up-to-date: /home/hiro/rust_ws/install/rclrs_example_msgs/include/rclrs_example_msgs/rclrs_example_msgs/msg/various_types.h
[0.802s] -- Up-to-date: /home/hiro/rust_ws/install/rclrs_example_msgs/share/rclrs_example_msgs/environment/library_path.sh
[0.802s] -- Up-to-date: /home/hiro/rust_ws/install/rclrs_example_msgs/share/rclrs_example_msgs/environment/library_path.dsv
[0.802s] -- Up-to-date: /home/hiro/rust_ws/install/rclrs_example_msgs/lib/librclrs_example_msgs__rosidl_generator_c.so
[0.803s] -- Up-to-date: /home/hiro/rust_ws/install/rclrs_example_msgs/include/rclrs_example_msgs/rclrs_example_msgs
[0.803s] -- Up-to-date: /home/hiro/rust_ws/install/rclrs_example_msgs/include/rclrs_example_msgs/rclrs_example_msgs/msg
[0.803s] -- Up-to-date: /home/hiro/rust_ws/install/rclrs_example_msgs/include/rclrs_example_msgs/rclrs_example_msgs/msg/detail
[0.803s] -- Up-to-date: /home/hiro/rust_ws/install/rclrs_example_msgs/include/rclrs_example_msgs/rclrs_example_msgs/msg/detail/nested_type__rosidl_typesupport_fastrtps_c.h
[0.803s] -- Up-to-date: /home/hiro/rust_ws/install/rclrs_example_msgs/include/rclrs_example_msgs/rclrs_example_msgs/msg/detail/various_types__rosidl_typesupport_fastrtps_c.h
[0.804s] -- Up-to-date: /home/hiro/rust_ws/install/rclrs_example_msgs/include/rclrs_example_msgs/rclrs_example_msgs/msg/detail/my_message__rosidl_typesupport_fastrtps_c.h
[0.804s] -- Up-to-date: /home/hiro/rust_ws/install/rclrs_example_msgs/include/rclrs_example_msgs/rclrs_example_msgs/msg/rosidl_typesupport_fastrtps_c__visibility_control.h
[0.805s] -- Up-to-date: /home/hiro/rust_ws/install/rclrs_example_msgs/lib/librclrs_example_msgs__rosidl_typesupport_fastrtps_c.so
[0.807s] -- Up-to-date: /home/hiro/rust_ws/install/rclrs_example_msgs/include/rclrs_example_msgs/rclrs_example_msgs
[0.809s] -- Up-to-date: /home/hiro/rust_ws/install/rclrs_example_msgs/include/rclrs_example_msgs/rclrs_example_msgs/msg
[0.810s] -- Up-to-date: /home/hiro/rust_ws/install/rclrs_example_msgs/include/rclrs_example_msgs/rclrs_example_msgs/msg/rosidl_typesupport_introspection_c__visibility_control.h
[0.811s] -- Up-to-date: /home/hiro/rust_ws/install/rclrs_example_msgs/include/rclrs_example_msgs/rclrs_example_msgs/msg/detail
[0.811s] -- Up-to-date: /home/hiro/rust_ws/install/rclrs_example_msgs/include/rclrs_example_msgs/rclrs_example_msgs/msg/detail/my_message__rosidl_typesupport_introspection_c.h
[0.811s] -- Up-to-date: /home/hiro/rust_ws/install/rclrs_example_msgs/include/rclrs_example_msgs/rclrs_example_msgs/msg/detail/various_types__rosidl_typesupport_introspection_c.h
[0.811s] -- Up-to-date: /home/hiro/rust_ws/install/rclrs_example_msgs/include/rclrs_example_msgs/rclrs_example_msgs/msg/detail/my_message__type_support.c
[0.811s] -- Up-to-date: /home/hiro/rust_ws/install/rclrs_example_msgs/include/rclrs_example_msgs/rclrs_example_msgs/msg/detail/various_types__type_support.c
[0.811s] -- Up-to-date: /home/hiro/rust_ws/install/rclrs_example_msgs/include/rclrs_example_msgs/rclrs_example_msgs/msg/detail/nested_type__type_support.c
[0.812s] -- Up-to-date: /home/hiro/rust_ws/install/rclrs_example_msgs/include/rclrs_example_msgs/rclrs_example_msgs/msg/detail/nested_type__rosidl_typesupport_introspection_c.h
[0.812s] -- Up-to-date: /home/hiro/rust_ws/install/rclrs_example_msgs/lib/librclrs_example_msgs__rosidl_typesupport_introspection_c.so
[0.812s] -- Up-to-date: /home/hiro/rust_ws/install/rclrs_example_msgs/lib/librclrs_example_msgs__rosidl_typesupport_c.so
[0.812s] -- Up-to-date: /home/hiro/rust_ws/install/rclrs_example_msgs/include/rclrs_example_msgs/rclrs_example_msgs
[0.812s] -- Up-to-date: /home/hiro/rust_ws/install/rclrs_example_msgs/include/rclrs_example_msgs/rclrs_example_msgs/msg
[0.812s] -- Up-to-date: /home/hiro/rust_ws/install/rclrs_example_msgs/include/rclrs_example_msgs/rclrs_example_msgs/msg/nested_type.hpp
[0.812s] -- Up-to-date: /home/hiro/rust_ws/install/rclrs_example_msgs/include/rclrs_example_msgs/rclrs_example_msgs/msg/detail
[0.812s] -- Up-to-date: /home/hiro/rust_ws/install/rclrs_example_msgs/include/rclrs_example_msgs/rclrs_example_msgs/msg/detail/my_message__struct.hpp
[0.812s] -- Up-to-date: /home/hiro/rust_ws/install/rclrs_example_msgs/include/rclrs_example_msgs/rclrs_example_msgs/msg/detail/various_types__struct.hpp
[0.812s] -- Up-to-date: /home/hiro/rust_ws/install/rclrs_example_msgs/include/rclrs_example_msgs/rclrs_example_msgs/msg/detail/nested_type__builder.hpp
[0.813s] -- Up-to-date: /home/hiro/rust_ws/install/rclrs_example_msgs/include/rclrs_example_msgs/rclrs_example_msgs/msg/detail/various_types__builder.hpp
[0.813s] -- Up-to-date: /home/hiro/rust_ws/install/rclrs_example_msgs/include/rclrs_example_msgs/rclrs_example_msgs/msg/detail/nested_type__struct.hpp
[0.813s] -- Up-to-date: /home/hiro/rust_ws/install/rclrs_example_msgs/include/rclrs_example_msgs/rclrs_example_msgs/msg/detail/various_types__traits.hpp
[0.813s] -- Up-to-date: /home/hiro/rust_ws/install/rclrs_example_msgs/include/rclrs_example_msgs/rclrs_example_msgs/msg/detail/nested_type__traits.hpp
[0.813s] -- Up-to-date: /home/hiro/rust_ws/install/rclrs_example_msgs/include/rclrs_example_msgs/rclrs_example_msgs/msg/detail/my_message__builder.hpp
[0.813s] -- Up-to-date: /home/hiro/rust_ws/install/rclrs_example_msgs/include/rclrs_example_msgs/rclrs_example_msgs/msg/detail/my_message__traits.hpp
[0.813s] -- Up-to-date: /home/hiro/rust_ws/install/rclrs_example_msgs/include/rclrs_example_msgs/rclrs_example_msgs/msg/various_types.hpp
[0.813s] -- Up-to-date: /home/hiro/rust_ws/install/rclrs_example_msgs/include/rclrs_example_msgs/rclrs_example_msgs/msg/my_message.hpp
[0.813s] -- Up-to-date: /home/hiro/rust_ws/install/rclrs_example_msgs/include/rclrs_example_msgs/rclrs_example_msgs
[0.813s] -- Up-to-date: /home/hiro/rust_ws/install/rclrs_example_msgs/include/rclrs_example_msgs/rclrs_example_msgs/msg
[0.813s] -- Up-to-date: /home/hiro/rust_ws/install/rclrs_example_msgs/include/rclrs_example_msgs/rclrs_example_msgs/msg/rosidl_typesupport_fastrtps_cpp__visibility_control.h
[0.813s] -- Up-to-date: /home/hiro/rust_ws/install/rclrs_example_msgs/include/rclrs_example_msgs/rclrs_example_msgs/msg/detail
[0.813s] -- Up-to-date: /home/hiro/rust_ws/install/rclrs_example_msgs/include/rclrs_example_msgs/rclrs_example_msgs/msg/detail/dds_fastrtps
[0.813s] -- Up-to-date: /home/hiro/rust_ws/install/rclrs_example_msgs/include/rclrs_example_msgs/rclrs_example_msgs/msg/detail/my_message__rosidl_typesupport_fastrtps_cpp.hpp
[0.813s] -- Up-to-date: /home/hiro/rust_ws/install/rclrs_example_msgs/include/rclrs_example_msgs/rclrs_example_msgs/msg/detail/various_types__rosidl_typesupport_fastrtps_cpp.hpp
[0.813s] -- Up-to-date: /home/hiro/rust_ws/install/rclrs_example_msgs/include/rclrs_example_msgs/rclrs_example_msgs/msg/detail/nested_type__rosidl_typesupport_fastrtps_cpp.hpp
[0.813s] -- Up-to-date: /home/hiro/rust_ws/install/rclrs_example_msgs/lib/librclrs_example_msgs__rosidl_typesupport_fastrtps_cpp.so
[0.814s] -- Up-to-date: /home/hiro/rust_ws/install/rclrs_example_msgs/include/rclrs_example_msgs/rclrs_example_msgs
[0.814s] -- Up-to-date: /home/hiro/rust_ws/install/rclrs_example_msgs/include/rclrs_example_msgs/rclrs_example_msgs/msg
[0.814s] -- Up-to-date: /home/hiro/rust_ws/install/rclrs_example_msgs/include/rclrs_example_msgs/rclrs_example_msgs/msg/detail
[0.814s] -- Up-to-date: /home/hiro/rust_ws/install/rclrs_example_msgs/include/rclrs_example_msgs/rclrs_example_msgs/msg/detail/nested_type__rosidl_typesupport_introspection_cpp.hpp
[0.814s] -- Up-to-date: /home/hiro/rust_ws/install/rclrs_example_msgs/include/rclrs_example_msgs/rclrs_example_msgs/msg/detail/my_message__type_support.cpp
[0.814s] -- Up-to-date: /home/hiro/rust_ws/install/rclrs_example_msgs/include/rclrs_example_msgs/rclrs_example_msgs/msg/detail/various_types__rosidl_typesupport_introspection_cpp.hpp
[0.814s] -- Up-to-date: /home/hiro/rust_ws/install/rclrs_example_msgs/include/rclrs_example_msgs/rclrs_example_msgs/msg/detail/various_types__type_support.cpp
[0.814s] -- Up-to-date: /home/hiro/rust_ws/install/rclrs_example_msgs/include/rclrs_example_msgs/rclrs_example_msgs/msg/detail/my_message__rosidl_typesupport_introspection_cpp.hpp
[0.814s] -- Up-to-date: /home/hiro/rust_ws/install/rclrs_example_msgs/include/rclrs_example_msgs/rclrs_example_msgs/msg/detail/nested_type__type_support.cpp
[0.815s] -- Up-to-date: /home/hiro/rust_ws/install/rclrs_example_msgs/lib/librclrs_example_msgs__rosidl_typesupport_introspection_cpp.so
[0.815s] -- Up-to-date: /home/hiro/rust_ws/install/rclrs_example_msgs/lib/librclrs_example_msgs__rosidl_typesupport_cpp.so
[0.815s] -- Up-to-date: /home/hiro/rust_ws/install/rclrs_example_msgs/share/ament_index/resource_index/rust_packages/rclrs_example_msgs
[0.815s] -- Up-to-date: /home/hiro/rust_ws/install/rclrs_example_msgs/share/rclrs_example_msgs/rust
[0.815s] -- Up-to-date: /home/hiro/rust_ws/install/rclrs_example_msgs/share/rclrs_example_msgs/rust/Cargo.toml
[0.815s] -- Up-to-date: /home/hiro/rust_ws/install/rclrs_example_msgs/share/rclrs_example_msgs/rust/build.rs
[0.815s] -- Up-to-date: /home/hiro/rust_ws/install/rclrs_example_msgs/share/rclrs_example_msgs/rust/src
[0.815s] -- Up-to-date: /home/hiro/rust_ws/install/rclrs_example_msgs/share/rclrs_example_msgs/rust/src/msg.rs
[0.815s] -- Up-to-date: /home/hiro/rust_ws/install/rclrs_example_msgs/share/rclrs_example_msgs/rust/src/lib.rs
[0.815s] -- Up-to-date: /home/hiro/rust_ws/install/rclrs_example_msgs/share/rclrs_example_msgs/environment/pythonpath.sh
[0.816s] -- Up-to-date: /home/hiro/rust_ws/install/rclrs_example_msgs/share/rclrs_example_msgs/environment/pythonpath.dsv
[0.816s] -- Up-to-date: /home/hiro/rust_ws/install/rclrs_example_msgs/local/lib/python3.10/dist-packages/rclrs_example_msgs-0.4.1-py3.10.egg-info
[0.817s] -- Installing: /home/hiro/rust_ws/install/rclrs_example_msgs/local/lib/python3.10/dist-packages/rclrs_example_msgs-0.4.1-py3.10.egg-info/top_level.txt
[0.817s] -- Installing: /home/hiro/rust_ws/install/rclrs_example_msgs/local/lib/python3.10/dist-packages/rclrs_example_msgs-0.4.1-py3.10.egg-info/PKG-INFO
[0.817s] -- Installing: /home/hiro/rust_ws/install/rclrs_example_msgs/local/lib/python3.10/dist-packages/rclrs_example_msgs-0.4.1-py3.10.egg-info/SOURCES.txt
[0.818s] -- Installing: /home/hiro/rust_ws/install/rclrs_example_msgs/local/lib/python3.10/dist-packages/rclrs_example_msgs-0.4.1-py3.10.egg-info/dependency_links.txt
[0.818s] -- Up-to-date: /home/hiro/rust_ws/install/rclrs_example_msgs/local/lib/python3.10/dist-packages/rclrs_example_msgs
[0.819s] -- Up-to-date: /home/hiro/rust_ws/install/rclrs_example_msgs/local/lib/python3.10/dist-packages/rclrs_example_msgs/librclrs_example_msgs__rosidl_generator_py.so
[0.819s] -- Up-to-date: /home/hiro/rust_ws/install/rclrs_example_msgs/local/lib/python3.10/dist-packages/rclrs_example_msgs/rclrs_example_msgs_s__rosidl_typesupport_c.cpython-310-x86_64-linux-gnu.so
[0.819s] -- Up-to-date: /home/hiro/rust_ws/install/rclrs_example_msgs/local/lib/python3.10/dist-packages/rclrs_example_msgs/rclrs_example_msgs_s__rosidl_typesupport_fastrtps_c.cpython-310-x86_64-linux-gnu.so
[0.819s] -- Up-to-date: /home/hiro/rust_ws/install/rclrs_example_msgs/local/lib/python3.10/dist-packages/rclrs_example_msgs/rclrs_example_msgs_s__rosidl_typesupport_introspection_c.cpython-310-x86_64-linux-gnu.so
[0.820s] -- Up-to-date: /home/hiro/rust_ws/install/rclrs_example_msgs/local/lib/python3.10/dist-packages/rclrs_example_msgs/_rclrs_example_msgs_s.ep.rosidl_typesupport_fastrtps_c.c
[0.820s] -- Up-to-date: /home/hiro/rust_ws/install/rclrs_example_msgs/local/lib/python3.10/dist-packages/rclrs_example_msgs/__init__.py
[0.820s] -- Up-to-date: /home/hiro/rust_ws/install/rclrs_example_msgs/local/lib/python3.10/dist-packages/rclrs_example_msgs/msg
[0.820s] -- Up-to-date: /home/hiro/rust_ws/install/rclrs_example_msgs/local/lib/python3.10/dist-packages/rclrs_example_msgs/msg/_nested_type.py
[0.820s] -- Up-to-date: /home/hiro/rust_ws/install/rclrs_example_msgs/local/lib/python3.10/dist-packages/rclrs_example_msgs/msg/_various_types_s.c
[0.820s] -- Up-to-date: /home/hiro/rust_ws/install/rclrs_example_msgs/local/lib/python3.10/dist-packages/rclrs_example_msgs/msg/_nested_type_s.c
[0.821s] -- Up-to-date: /home/hiro/rust_ws/install/rclrs_example_msgs/local/lib/python3.10/dist-packages/rclrs_example_msgs/msg/_various_types.py
[0.821s] -- Up-to-date: /home/hiro/rust_ws/install/rclrs_example_msgs/local/lib/python3.10/dist-packages/rclrs_example_msgs/msg/_my_message.py
[0.822s] -- Up-to-date: /home/hiro/rust_ws/install/rclrs_example_msgs/local/lib/python3.10/dist-packages/rclrs_example_msgs/msg/_my_message_s.c
[0.822s] -- Up-to-date: /home/hiro/rust_ws/install/rclrs_example_msgs/local/lib/python3.10/dist-packages/rclrs_example_msgs/msg/__init__.py
[0.822s] -- Up-to-date: /home/hiro/rust_ws/install/rclrs_example_msgs/local/lib/python3.10/dist-packages/rclrs_example_msgs/_rclrs_example_msgs_s.ep.rosidl_typesupport_introspection_c.c
[0.822s] -- Up-to-date: /home/hiro/rust_ws/install/rclrs_example_msgs/local/lib/python3.10/dist-packages/rclrs_example_msgs/_rclrs_example_msgs_s.ep.rosidl_typesupport_c.c
[0.882s] Listing '/home/hiro/rust_ws/install/rclrs_example_msgs/local/lib/python3.10/dist-packages/rclrs_example_msgs'...
[0.883s] Listing '/home/hiro/rust_ws/install/rclrs_example_msgs/local/lib/python3.10/dist-packages/rclrs_example_msgs/msg'...
[0.888s] -- Up-to-date: /home/hiro/rust_ws/install/rclrs_example_msgs/local/lib/python3.10/dist-packages/rclrs_example_msgs/rclrs_example_msgs_s__rosidl_typesupport_fastrtps_c.cpython-310-x86_64-linux-gnu.so
[0.888s] -- Up-to-date: /home/hiro/rust_ws/install/rclrs_example_msgs/local/lib/python3.10/dist-packages/rclrs_example_msgs/rclrs_example_msgs_s__rosidl_typesupport_introspection_c.cpython-310-x86_64-linux-gnu.so
[0.888s] -- Up-to-date: /home/hiro/rust_ws/install/rclrs_example_msgs/local/lib/python3.10/dist-packages/rclrs_example_msgs/rclrs_example_msgs_s__rosidl_typesupport_c.cpython-310-x86_64-linux-gnu.so
[0.888s] -- Up-to-date: /home/hiro/rust_ws/install/rclrs_example_msgs/lib/librclrs_example_msgs__rosidl_generator_py.so
[0.888s] -- Up-to-date: /home/hiro/rust_ws/install/rclrs_example_msgs/share/rclrs_example_msgs/msg/MyMessage.idl
[0.888s] -- Up-to-date: /home/hiro/rust_ws/install/rclrs_example_msgs/share/rclrs_example_msgs/msg/NestedType.idl
[0.889s] -- Up-to-date: /home/hiro/rust_ws/install/rclrs_example_msgs/share/rclrs_example_msgs/msg/VariousTypes.idl
[0.889s] -- Up-to-date: /home/hiro/rust_ws/install/rclrs_example_msgs/share/rclrs_example_msgs/msg/NestedType.msg
[0.889s] -- Up-to-date: /home/hiro/rust_ws/install/rclrs_example_msgs/share/rclrs_example_msgs/msg/VariousTypes.msg
[0.889s] -- Up-to-date: /home/hiro/rust_ws/install/rclrs_example_msgs/share/ament_index/resource_index/package_run_dependencies/rclrs_example_msgs
[0.889s] -- Up-to-date: /home/hiro/rust_ws/install/rclrs_example_msgs/share/ament_index/resource_index/parent_prefix_path/rclrs_example_msgs
[0.889s] -- Up-to-date: /home/hiro/rust_ws/install/rclrs_example_msgs/share/rclrs_example_msgs/environment/ament_prefix_path.sh
[0.889s] -- Up-to-date: /home/hiro/rust_ws/install/rclrs_example_msgs/share/rclrs_example_msgs/environment/ament_prefix_path.dsv
[0.889s] -- Up-to-date: /home/hiro/rust_ws/install/rclrs_example_msgs/share/rclrs_example_msgs/environment/path.sh
[0.889s] -- Up-to-date: /home/hiro/rust_ws/install/rclrs_example_msgs/share/rclrs_example_msgs/environment/path.dsv
[0.890s] -- Up-to-date: /home/hiro/rust_ws/install/rclrs_example_msgs/share/rclrs_example_msgs/local_setup.bash
[0.890s] -- Up-to-date: /home/hiro/rust_ws/install/rclrs_example_msgs/share/rclrs_example_msgs/local_setup.sh
[0.890s] -- Up-to-date: /home/hiro/rust_ws/install/rclrs_example_msgs/share/rclrs_example_msgs/local_setup.zsh
[0.890s] -- Up-to-date: /home/hiro/rust_ws/install/rclrs_example_msgs/share/rclrs_example_msgs/local_setup.dsv
[0.890s] -- Installing: /home/hiro/rust_ws/install/rclrs_example_msgs/share/rclrs_example_msgs/package.dsv
[0.890s] -- Up-to-date: /home/hiro/rust_ws/install/rclrs_example_msgs/share/ament_index/resource_index/packages/rclrs_example_msgs
[0.891s] -- Up-to-date: /home/hiro/rust_ws/install/rclrs_example_msgs/share/rclrs_example_msgs/cmake/export_rclrs_example_msgs__rosidl_generator_cExport.cmake
[0.891s] -- Up-to-date: /home/hiro/rust_ws/install/rclrs_example_msgs/share/rclrs_example_msgs/cmake/export_rclrs_example_msgs__rosidl_generator_cExport-noconfig.cmake
[0.891s] -- Up-to-date: /home/hiro/rust_ws/install/rclrs_example_msgs/share/rclrs_example_msgs/cmake/export_rclrs_example_msgs__rosidl_typesupport_fastrtps_cExport.cmake
[0.891s] -- Up-to-date: /home/hiro/rust_ws/install/rclrs_example_msgs/share/rclrs_example_msgs/cmake/export_rclrs_example_msgs__rosidl_typesupport_fastrtps_cExport-noconfig.cmake
[0.891s] -- Up-to-date: /home/hiro/rust_ws/install/rclrs_example_msgs/share/rclrs_example_msgs/cmake/rclrs_example_msgs__rosidl_typesupport_introspection_cExport.cmake
[0.891s] -- Up-to-date: /home/hiro/rust_ws/install/rclrs_example_msgs/share/rclrs_example_msgs/cmake/rclrs_example_msgs__rosidl_typesupport_introspection_cExport-noconfig.cmake
[0.891s] -- Up-to-date: /home/hiro/rust_ws/install/rclrs_example_msgs/share/rclrs_example_msgs/cmake/rclrs_example_msgs__rosidl_typesupport_cExport.cmake
[0.892s] -- Up-to-date: /home/hiro/rust_ws/install/rclrs_example_msgs/share/rclrs_example_msgs/cmake/rclrs_example_msgs__rosidl_typesupport_cExport-noconfig.cmake
[0.892s] -- Up-to-date: /home/hiro/rust_ws/install/rclrs_example_msgs/share/rclrs_example_msgs/cmake/export_rclrs_example_msgs__rosidl_generator_cppExport.cmake
[0.892s] -- Up-to-date: /home/hiro/rust_ws/install/rclrs_example_msgs/share/rclrs_example_msgs/cmake/export_rclrs_example_msgs__rosidl_typesupport_fastrtps_cppExport.cmake
[0.892s] -- Up-to-date: /home/hiro/rust_ws/install/rclrs_example_msgs/share/rclrs_example_msgs/cmake/export_rclrs_example_msgs__rosidl_typesupport_fastrtps_cppExport-noconfig.cmake
[0.892s] -- Up-to-date: /home/hiro/rust_ws/install/rclrs_example_msgs/share/rclrs_example_msgs/cmake/rclrs_example_msgs__rosidl_typesupport_introspection_cppExport.cmake
[0.892s] -- Up-to-date: /home/hiro/rust_ws/install/rclrs_example_msgs/share/rclrs_example_msgs/cmake/rclrs_example_msgs__rosidl_typesupport_introspection_cppExport-noconfig.cmake
[0.892s] -- Up-to-date: /home/hiro/rust_ws/install/rclrs_example_msgs/share/rclrs_example_msgs/cmake/rclrs_example_msgs__rosidl_typesupport_cppExport.cmake
[0.892s] -- Up-to-date: /home/hiro/rust_ws/install/rclrs_example_msgs/share/rclrs_example_msgs/cmake/rclrs_example_msgs__rosidl_typesupport_cppExport-noconfig.cmake
[0.894s] -- Up-to-date: /home/hiro/rust_ws/install/rclrs_example_msgs/share/rclrs_example_msgs/cmake/export_rclrs_example_msgs__rosidl_generator_pyExport.cmake
[0.895s] -- Up-to-date: /home/hiro/rust_ws/install/rclrs_example_msgs/share/rclrs_example_msgs/cmake/export_rclrs_example_msgs__rosidl_generator_pyExport-noconfig.cmake
[0.896s] -- Up-to-date: /home/hiro/rust_ws/install/rclrs_example_msgs/share/rclrs_example_msgs/cmake/rosidl_cmake-extras.cmake
[0.897s] -- Up-to-date: /home/hiro/rust_ws/install/rclrs_example_msgs/share/rclrs_example_msgs/cmake/ament_cmake_export_include_directories-extras.cmake
[0.897s] -- Up-to-date: /home/hiro/rust_ws/install/rclrs_example_msgs/share/rclrs_example_msgs/cmake/ament_cmake_export_libraries-extras.cmake
[0.897s] -- Up-to-date: /home/hiro/rust_ws/install/rclrs_example_msgs/share/rclrs_example_msgs/cmake/ament_cmake_export_targets-extras.cmake
[0.897s] -- Up-to-date: /home/hiro/rust_ws/install/rclrs_example_msgs/share/rclrs_example_msgs/cmake/rosidl_cmake_export_typesupport_targets-extras.cmake
[0.898s] -- Up-to-date: /home/hiro/rust_ws/install/rclrs_example_msgs/share/rclrs_example_msgs/cmake/ament_cmake_export_dependencies-extras.cmake
[0.898s] -- Up-to-date: /home/hiro/rust_ws/install/rclrs_example_msgs/share/rclrs_example_msgs/cmake/rosidl_cmake_export_typesupport_libraries-extras.cmake
[0.898s] -- Up-to-date: /home/hiro/rust_ws/install/rclrs_example_msgs/share/rclrs_example_msgs/cmake/rclrs_example_msgsConfig.cmake
[0.898s] -- Up-to-date: /home/hiro/rust_ws/install/rclrs_example_msgs/share/rclrs_example_msgs/cmake/rclrs_example_msgsConfig-version.cmake
[0.898s] -- Up-to-date: /home/hiro/rust_ws/install/rclrs_example_msgs/share/rclrs_example_msgs/package.xml
[0.915s] Invoked command in '/home/hiro/rust_ws/build/rclrs_example_msgs' returned '0': AMENT_PREFIX_PATH=/home/hiro/rust_ws/install/rosidl_runtime_rs:/home/hiro/rust_ws/install/common_interfaces:/home/hiro/rust_ws/install/visualization_msgs:/home/hiro/rust_ws/install/test_msgs:/home/hiro/rust_ws/install/examples_rclrs_minimal_client_service:/home/hiro/rust_ws/install/example_interfaces:/home/hiro/rust_ws/install/action_msgs:/home/hiro/rust_ws/install/unique_identifier_msgs:/home/hiro/rust_ws/install/trajectory_msgs:/home/hiro/rust_ws/install/test_interface_files:/home/hiro/rust_ws/install/stereo_msgs:/home/hiro/rust_ws/install/std_srvs:/home/hiro/rust_ws/install/shape_msgs:/home/hiro/rust_ws/install/sensor_msgs_py:/home/hiro/rust_ws/install/sensor_msgs:/home/hiro/rust_ws/install/rust_pubsub:/home/hiro/rust_ws/install/nav_msgs:/home/hiro/rust_ws/install/diagnostic_msgs:/home/hiro/rust_ws/install/geometry_msgs:/home/hiro/rust_ws/install/examples_rclrs_minimal_pub_sub:/home/hiro/rust_ws/install/actionlib_msgs:/home/hiro/rust_ws/install/std_msgs:/home/hiro/rust_ws/install/statistics_msgs:/home/hiro/rust_ws/install/examples_rclrs_message_demo:/home/hiro/rust_ws/install/rclrs:/home/hiro/rust_ws/install/rosgraph_msgs:/home/hiro/rust_ws/install/rclrs_example_msgs:/home/hiro/rust_ws/install/composition_interfaces:/home/hiro/rust_ws/install/rcl_interfaces:/home/hiro/rust_ws/install/lifecycle_msgs:/home/hiro/rust_ws/install/builtin_interfaces:/home/hiro/rust_ws/install/rosidl_default_runtime:/home/hiro/rust_ws/install/rosidl_default_generators:/home/hiro/rust_ws/install/rosidl_generator_rs:/home/hiro/ws_livox/install/livox_ros_driver2:/opt/ros/humble CMAKE_PREFIX_PATH=/home/hiro/rust_ws/install/rosidl_default_runtime:/home/hiro/rust_ws/install/rosidl_default_generators:/home/hiro/rust_ws/install/rosidl_generator_rs:/home/hiro/rust_ws/install/common_interfaces:/home/hiro/rust_ws/install/visualization_msgs:/home/hiro/rust_ws/install/test_msgs:/home/hiro/rust_ws/install/example_interfaces:/home/hiro/rust_ws/install/action_msgs:/home/hiro/rust_ws/install/unique_identifier_msgs:/home/hiro/rust_ws/install/trajectory_msgs:/home/hiro/rust_ws/install/test_interface_files:/home/hiro/rust_ws/install/stereo_msgs:/home/hiro/rust_ws/install/std_srvs:/home/hiro/rust_ws/install/shape_msgs:/home/hiro/rust_ws/install/sensor_msgs:/home/hiro/rust_ws/install/nav_msgs:/home/hiro/rust_ws/install/diagnostic_msgs:/home/hiro/rust_ws/install/geometry_msgs:/home/hiro/rust_ws/install/actionlib_msgs:/home/hiro/rust_ws/install/std_msgs:/home/hiro/rust_ws/install/statistics_msgs:/home/hiro/rust_ws/install/rosgraph_msgs:/home/hiro/rust_ws/install/rclrs_example_msgs:/home/hiro/rust_ws/install/composition_interfaces:/home/hiro/rust_ws/install/rcl_interfaces:/home/hiro/rust_ws/install/lifecycle_msgs:/home/hiro/rust_ws/install/builtin_interfaces:/home/hiro/ws_livox/install/livox_ros_driver2:/home/hiro/rust_ws/install/examples_rclrs_minimal_client_service:/home/hiro/rust_ws/install/sensor_msgs_py:/home/hiro/rust_ws/install/rust_pubsub:/home/hiro/rust_ws/install/examples_rclrs_minimal_pub_sub:/home/hiro/rust_ws/install/examples_rclrs_message_demo:/home/hiro/rust_ws/install/rclrs:/home/hiro/rust_ws/install/rosidl_runtime_rs:/opt/ros/humble /usr/bin/cmake --install /home/hiro/rust_ws/build/rclrs_example_msgs
