[0.341s] Invoking command in '/home/hiro/rust_ws/src/build/visualization_msgs': AMENT_PREFIX_PATH=/home/hiro/rust_ws/src/install/sensor_msgs:/home/hiro/rust_ws/src/install/geometry_msgs:/home/hiro/rust_ws/src/install/std_msgs:/home/hiro/rust_ws/src/install/builtin_interfaces:/home/hiro/rust_ws/src/install/rosidl_default_runtime:/home/hiro/rust_ws/src/install/rosidl_default_generators:/home/hiro/rust_ws/src/install/rosidl_generator_rs:/home/hiro/rust_ws/src/install/rosidl_runtime_rs:${AMENT_PREFIX_PATH} CMAKE_PREFIX_PATH=/home/hiro/rust_ws/src/install/sensor_msgs:/home/hiro/rust_ws/src/install/geometry_msgs:/home/hiro/rust_ws/src/install/std_msgs:/home/hiro/rust_ws/src/install/builtin_interfaces:/home/hiro/rust_ws/src/install/rosidl_default_runtime:/home/hiro/rust_ws/src/install/rosidl_default_generators:/home/hiro/rust_ws/src/install/rosidl_generator_rs:/home/hiro/ws_livox/install/livox_ros_driver2:/opt/ros/humble LD_LIBRARY_PATH=/home/hiro/rust_ws/src/install/sensor_msgs/lib:/home/hiro/rust_ws/src/install/geometry_msgs/lib:/home/hiro/rust_ws/src/install/std_msgs/lib:/home/hiro/rust_ws/src/install/builtin_interfaces/lib:${LD_LIBRARY_PATH} PYTHONPATH=/home/hiro/rust_ws/src/install/sensor_msgs/local/lib/python3.10/dist-packages:/home/hiro/rust_ws/src/install/geometry_msgs/local/lib/python3.10/dist-packages:/home/hiro/rust_ws/src/install/std_msgs/local/lib/python3.10/dist-packages:/home/hiro/rust_ws/src/install/builtin_interfaces/local/lib/python3.10/dist-packages:/home/hiro/rust_ws/src/install/rosidl_generator_rs/local/lib/python3.10/dist-packages:${PYTHONPATH} /usr/bin/cmake --build /home/hiro/rust_ws/src/build/visualization_msgs -- -j22 -l22
[0.383s] [  1%] Built target visualization_msgs__rs
[0.383s] [  1%] Built target visualization_msgs__cpp
[0.387s] [ 13%] Built target visualization_msgs__rosidl_generator_c
[0.390s] [ 13%] Built target ament_cmake_python_copy_visualization_msgs
[0.406s] [ 25%] Built target visualization_msgs__rosidl_typesupport_cpp
[0.408s] [ 36%] Built target visualization_msgs__rosidl_typesupport_fastrtps_c
[0.409s] [ 48%] Built target visualization_msgs__rosidl_typesupport_introspection_cpp
[0.409s] [ 60%] Built target visualization_msgs__rosidl_typesupport_fastrtps_cpp
[0.410s] [ 71%] Built target visualization_msgs__rosidl_typesupport_c
[0.411s] [ 82%] Built target visualization_msgs__rosidl_typesupport_introspection_c
[0.427s] [ 82%] Built target visualization_msgs
[0.444s] [ 83%] Built target visualization_msgs__py
[0.466s] [ 94%] Built target visualization_msgs__rosidl_generator_py
[0.484s] [ 96%] Built target visualization_msgs__rosidl_typesupport_fastrtps_c__pyext
[0.487s] [ 98%] Built target visualization_msgs__rosidl_typesupport_c__pyext
[0.488s] [100%] Built target visualization_msgs__rosidl_typesupport_introspection_c__pyext
[0.726s] running egg_info
[0.742s] writing visualization_msgs.egg-info/PKG-INFO
[0.743s] writing dependency_links to visualization_msgs.egg-info/dependency_links.txt
[0.743s] writing top-level names to visualization_msgs.egg-info/top_level.txt
[0.787s] reading manifest file 'visualization_msgs.egg-info/SOURCES.txt'
[0.788s] writing manifest file 'visualization_msgs.egg-info/SOURCES.txt'
[0.839s] [100%] Built target ament_cmake_python_build_visualization_msgs_egg
[0.874s] Invoked command in '/home/hiro/rust_ws/src/build/visualization_msgs' returned '0': AMENT_PREFIX_PATH=/home/hiro/rust_ws/src/install/sensor_msgs:/home/hiro/rust_ws/src/install/geometry_msgs:/home/hiro/rust_ws/src/install/std_msgs:/home/hiro/rust_ws/src/install/builtin_interfaces:/home/hiro/rust_ws/src/install/rosidl_default_runtime:/home/hiro/rust_ws/src/install/rosidl_default_generators:/home/hiro/rust_ws/src/install/rosidl_generator_rs:/home/hiro/rust_ws/src/install/rosidl_runtime_rs:${AMENT_PREFIX_PATH} CMAKE_PREFIX_PATH=/home/hiro/rust_ws/src/install/sensor_msgs:/home/hiro/rust_ws/src/install/geometry_msgs:/home/hiro/rust_ws/src/install/std_msgs:/home/hiro/rust_ws/src/install/builtin_interfaces:/home/hiro/rust_ws/src/install/rosidl_default_runtime:/home/hiro/rust_ws/src/install/rosidl_default_generators:/home/hiro/rust_ws/src/install/rosidl_generator_rs:/home/hiro/ws_livox/install/livox_ros_driver2:/opt/ros/humble LD_LIBRARY_PATH=/home/hiro/rust_ws/src/install/sensor_msgs/lib:/home/hiro/rust_ws/src/install/geometry_msgs/lib:/home/hiro/rust_ws/src/install/std_msgs/lib:/home/hiro/rust_ws/src/install/builtin_interfaces/lib:${LD_LIBRARY_PATH} PYTHONPATH=/home/hiro/rust_ws/src/install/sensor_msgs/local/lib/python3.10/dist-packages:/home/hiro/rust_ws/src/install/geometry_msgs/local/lib/python3.10/dist-packages:/home/hiro/rust_ws/src/install/std_msgs/local/lib/python3.10/dist-packages:/home/hiro/rust_ws/src/install/builtin_interfaces/local/lib/python3.10/dist-packages:/home/hiro/rust_ws/src/install/rosidl_generator_rs/local/lib/python3.10/dist-packages:${PYTHONPATH} /usr/bin/cmake --build /home/hiro/rust_ws/src/build/visualization_msgs -- -j22 -l22
[1.105s] Invoking command in '/home/hiro/rust_ws/src/build/visualization_msgs': AMENT_PREFIX_PATH=/home/hiro/rust_ws/src/install/sensor_msgs:/home/hiro/rust_ws/src/install/geometry_msgs:/home/hiro/rust_ws/src/install/std_msgs:/home/hiro/rust_ws/src/install/builtin_interfaces:/home/hiro/rust_ws/src/install/rosidl_default_runtime:/home/hiro/rust_ws/src/install/rosidl_default_generators:/home/hiro/rust_ws/src/install/rosidl_generator_rs:/home/hiro/rust_ws/src/install/rosidl_runtime_rs:${AMENT_PREFIX_PATH} CMAKE_PREFIX_PATH=/home/hiro/rust_ws/src/install/sensor_msgs:/home/hiro/rust_ws/src/install/geometry_msgs:/home/hiro/rust_ws/src/install/std_msgs:/home/hiro/rust_ws/src/install/builtin_interfaces:/home/hiro/rust_ws/src/install/rosidl_default_runtime:/home/hiro/rust_ws/src/install/rosidl_default_generators:/home/hiro/rust_ws/src/install/rosidl_generator_rs:/home/hiro/ws_livox/install/livox_ros_driver2:/opt/ros/humble LD_LIBRARY_PATH=/home/hiro/rust_ws/src/install/sensor_msgs/lib:/home/hiro/rust_ws/src/install/geometry_msgs/lib:/home/hiro/rust_ws/src/install/std_msgs/lib:/home/hiro/rust_ws/src/install/builtin_interfaces/lib:${LD_LIBRARY_PATH} PYTHONPATH=/home/hiro/rust_ws/src/install/sensor_msgs/local/lib/python3.10/dist-packages:/home/hiro/rust_ws/src/install/geometry_msgs/local/lib/python3.10/dist-packages:/home/hiro/rust_ws/src/install/std_msgs/local/lib/python3.10/dist-packages:/home/hiro/rust_ws/src/install/builtin_interfaces/local/lib/python3.10/dist-packages:/home/hiro/rust_ws/src/install/rosidl_generator_rs/local/lib/python3.10/dist-packages:${PYTHONPATH} /usr/bin/cmake --install /home/hiro/rust_ws/src/build/visualization_msgs
[1.110s] -- Install configuration: ""
[1.111s] -- Up-to-date: /home/hiro/rust_ws/src/install/visualization_msgs/share/ament_index/resource_index/rosidl_interfaces/visualization_msgs
[1.111s] -- Up-to-date: /home/hiro/rust_ws/src/install/visualization_msgs/include/visualization_msgs/visualization_msgs
[1.111s] -- Up-to-date: /home/hiro/rust_ws/src/install/visualization_msgs/include/visualization_msgs/visualization_msgs/msg
[1.111s] -- Up-to-date: /home/hiro/rust_ws/src/install/visualization_msgs/include/visualization_msgs/visualization_msgs/msg/menu_entry.h
[1.112s] -- Up-to-date: /home/hiro/rust_ws/src/install/visualization_msgs/include/visualization_msgs/visualization_msgs/msg/image_marker.h
[1.112s] -- Up-to-date: /home/hiro/rust_ws/src/install/visualization_msgs/include/visualization_msgs/visualization_msgs/msg/interactive_marker.h
[1.112s] -- Up-to-date: /home/hiro/rust_ws/src/install/visualization_msgs/include/visualization_msgs/visualization_msgs/msg/marker_array.h
[1.112s] -- Up-to-date: /home/hiro/rust_ws/src/install/visualization_msgs/include/visualization_msgs/visualization_msgs/msg/interactive_marker_control.h
[1.112s] -- Up-to-date: /home/hiro/rust_ws/src/install/visualization_msgs/include/visualization_msgs/visualization_msgs/msg/uv_coordinate.h
[1.112s] -- Up-to-date: /home/hiro/rust_ws/src/install/visualization_msgs/include/visualization_msgs/visualization_msgs/msg/mesh_file.h
[1.112s] -- Up-to-date: /home/hiro/rust_ws/src/install/visualization_msgs/include/visualization_msgs/visualization_msgs/msg/rosidl_generator_c__visibility_control.h
[1.113s] -- Up-to-date: /home/hiro/rust_ws/src/install/visualization_msgs/include/visualization_msgs/visualization_msgs/msg/interactive_marker_pose.h
[1.113s] -- Up-to-date: /home/hiro/rust_ws/src/install/visualization_msgs/include/visualization_msgs/visualization_msgs/msg/marker.h
[1.113s] -- Up-to-date: /home/hiro/rust_ws/src/install/visualization_msgs/include/visualization_msgs/visualization_msgs/msg/detail
[1.113s] -- Up-to-date: /home/hiro/rust_ws/src/install/visualization_msgs/include/visualization_msgs/visualization_msgs/msg/detail/interactive_marker_init__functions.h
[1.114s] -- Up-to-date: /home/hiro/rust_ws/src/install/visualization_msgs/include/visualization_msgs/visualization_msgs/msg/detail/interactive_marker__struct.h
[1.114s] -- Up-to-date: /home/hiro/rust_ws/src/install/visualization_msgs/include/visualization_msgs/visualization_msgs/msg/detail/image_marker__functions.h
[1.114s] -- Up-to-date: /home/hiro/rust_ws/src/install/visualization_msgs/include/visualization_msgs/visualization_msgs/msg/detail/interactive_marker_init__type_support.h
[1.114s] -- Up-to-date: /home/hiro/rust_ws/src/install/visualization_msgs/include/visualization_msgs/visualization_msgs/msg/detail/menu_entry__functions.c
[1.114s] -- Up-to-date: /home/hiro/rust_ws/src/install/visualization_msgs/include/visualization_msgs/visualization_msgs/msg/detail/marker__functions.c
[1.114s] -- Up-to-date: /home/hiro/rust_ws/src/install/visualization_msgs/include/visualization_msgs/visualization_msgs/msg/detail/interactive_marker_feedback__functions.h
[1.115s] -- Up-to-date: /home/hiro/rust_ws/src/install/visualization_msgs/include/visualization_msgs/visualization_msgs/msg/detail/interactive_marker_control__functions.c
[1.115s] -- Up-to-date: /home/hiro/rust_ws/src/install/visualization_msgs/include/visualization_msgs/visualization_msgs/msg/detail/interactive_marker_pose__type_support.h
[1.115s] -- Up-to-date: /home/hiro/rust_ws/src/install/visualization_msgs/include/visualization_msgs/visualization_msgs/msg/detail/interactive_marker_control__struct.h
[1.115s] -- Up-to-date: /home/hiro/rust_ws/src/install/visualization_msgs/include/visualization_msgs/visualization_msgs/msg/detail/marker_array__type_support.h
[1.115s] -- Up-to-date: /home/hiro/rust_ws/src/install/visualization_msgs/include/visualization_msgs/visualization_msgs/msg/detail/uv_coordinate__functions.h
[1.115s] -- Up-to-date: /home/hiro/rust_ws/src/install/visualization_msgs/include/visualization_msgs/visualization_msgs/msg/detail/interactive_marker_update__functions.h
[1.115s] -- Up-to-date: /home/hiro/rust_ws/src/install/visualization_msgs/include/visualization_msgs/visualization_msgs/msg/detail/uv_coordinate__functions.c
[1.115s] -- Up-to-date: /home/hiro/rust_ws/src/install/visualization_msgs/include/visualization_msgs/visualization_msgs/msg/detail/interactive_marker__functions.h
[1.116s] -- Up-to-date: /home/hiro/rust_ws/src/install/visualization_msgs/include/visualization_msgs/visualization_msgs/msg/detail/interactive_marker_update__type_support.h
[1.116s] -- Up-to-date: /home/hiro/rust_ws/src/install/visualization_msgs/include/visualization_msgs/visualization_msgs/msg/detail/interactive_marker_feedback__struct.h
[1.116s] -- Up-to-date: /home/hiro/rust_ws/src/install/visualization_msgs/include/visualization_msgs/visualization_msgs/msg/detail/image_marker__struct.h
[1.116s] -- Up-to-date: /home/hiro/rust_ws/src/install/visualization_msgs/include/visualization_msgs/visualization_msgs/msg/detail/marker__type_support.h
[1.116s] -- Up-to-date: /home/hiro/rust_ws/src/install/visualization_msgs/include/visualization_msgs/visualization_msgs/msg/detail/mesh_file__struct.h
[1.117s] -- Up-to-date: /home/hiro/rust_ws/src/install/visualization_msgs/include/visualization_msgs/visualization_msgs/msg/detail/interactive_marker__functions.c
[1.117s] -- Up-to-date: /home/hiro/rust_ws/src/install/visualization_msgs/include/visualization_msgs/visualization_msgs/msg/detail/marker__struct.h
[1.118s] -- Up-to-date: /home/hiro/rust_ws/src/install/visualization_msgs/include/visualization_msgs/visualization_msgs/msg/detail/interactive_marker_control__functions.h
[1.118s] -- Up-to-date: /home/hiro/rust_ws/src/install/visualization_msgs/include/visualization_msgs/visualization_msgs/msg/detail/interactive_marker_init__functions.c
[1.118s] -- Up-to-date: /home/hiro/rust_ws/src/install/visualization_msgs/include/visualization_msgs/visualization_msgs/msg/detail/marker_array__struct.h
[1.118s] -- Up-to-date: /home/hiro/rust_ws/src/install/visualization_msgs/include/visualization_msgs/visualization_msgs/msg/detail/menu_entry__functions.h
[1.119s] -- Up-to-date: /home/hiro/rust_ws/src/install/visualization_msgs/include/visualization_msgs/visualization_msgs/msg/detail/image_marker__type_support.h
[1.119s] -- Up-to-date: /home/hiro/rust_ws/src/install/visualization_msgs/include/visualization_msgs/visualization_msgs/msg/detail/interactive_marker_feedback__type_support.h
[1.119s] -- Up-to-date: /home/hiro/rust_ws/src/install/visualization_msgs/include/visualization_msgs/visualization_msgs/msg/detail/mesh_file__functions.c
[1.119s] -- Up-to-date: /home/hiro/rust_ws/src/install/visualization_msgs/include/visualization_msgs/visualization_msgs/msg/detail/uv_coordinate__struct.h
[1.120s] -- Up-to-date: /home/hiro/rust_ws/src/install/visualization_msgs/include/visualization_msgs/visualization_msgs/msg/detail/interactive_marker__type_support.h
[1.120s] -- Up-to-date: /home/hiro/rust_ws/src/install/visualization_msgs/include/visualization_msgs/visualization_msgs/msg/detail/uv_coordinate__type_support.h
[1.121s] -- Up-to-date: /home/hiro/rust_ws/src/install/visualization_msgs/include/visualization_msgs/visualization_msgs/msg/detail/interactive_marker_pose__functions.c
[1.121s] -- Up-to-date: /home/hiro/rust_ws/src/install/visualization_msgs/include/visualization_msgs/visualization_msgs/msg/detail/mesh_file__type_support.h
[1.121s] -- Up-to-date: /home/hiro/rust_ws/src/install/visualization_msgs/include/visualization_msgs/visualization_msgs/msg/detail/interactive_marker_update__struct.h
[1.121s] -- Up-to-date: /home/hiro/rust_ws/src/install/visualization_msgs/include/visualization_msgs/visualization_msgs/msg/detail/marker__functions.h
[1.121s] -- Up-to-date: /home/hiro/rust_ws/src/install/visualization_msgs/include/visualization_msgs/visualization_msgs/msg/detail/interactive_marker_control__type_support.h
[1.122s] -- Up-to-date: /home/hiro/rust_ws/src/install/visualization_msgs/include/visualization_msgs/visualization_msgs/msg/detail/menu_entry__type_support.h
[1.122s] -- Up-to-date: /home/hiro/rust_ws/src/install/visualization_msgs/include/visualization_msgs/visualization_msgs/msg/detail/mesh_file__functions.h
[1.122s] -- Up-to-date: /home/hiro/rust_ws/src/install/visualization_msgs/include/visualization_msgs/visualization_msgs/msg/detail/interactive_marker_update__functions.c
[1.122s] -- Up-to-date: /home/hiro/rust_ws/src/install/visualization_msgs/include/visualization_msgs/visualization_msgs/msg/detail/marker_array__functions.c
[1.122s] -- Up-to-date: /home/hiro/rust_ws/src/install/visualization_msgs/include/visualization_msgs/visualization_msgs/msg/detail/menu_entry__struct.h
[1.122s] -- Up-to-date: /home/hiro/rust_ws/src/install/visualization_msgs/include/visualization_msgs/visualization_msgs/msg/detail/interactive_marker_feedback__functions.c
[1.123s] -- Up-to-date: /home/hiro/rust_ws/src/install/visualization_msgs/include/visualization_msgs/visualization_msgs/msg/detail/interactive_marker_init__struct.h
[1.123s] -- Up-to-date: /home/hiro/rust_ws/src/install/visualization_msgs/include/visualization_msgs/visualization_msgs/msg/detail/interactive_marker_pose__functions.h
[1.123s] -- Up-to-date: /home/hiro/rust_ws/src/install/visualization_msgs/include/visualization_msgs/visualization_msgs/msg/detail/interactive_marker_pose__struct.h
[1.124s] -- Up-to-date: /home/hiro/rust_ws/src/install/visualization_msgs/include/visualization_msgs/visualization_msgs/msg/detail/image_marker__functions.c
[1.124s] -- Up-to-date: /home/hiro/rust_ws/src/install/visualization_msgs/include/visualization_msgs/visualization_msgs/msg/detail/marker_array__functions.h
[1.124s] -- Up-to-date: /home/hiro/rust_ws/src/install/visualization_msgs/include/visualization_msgs/visualization_msgs/msg/interactive_marker_feedback.h
[1.124s] -- Up-to-date: /home/hiro/rust_ws/src/install/visualization_msgs/include/visualization_msgs/visualization_msgs/msg/interactive_marker_init.h
[1.124s] -- Up-to-date: /home/hiro/rust_ws/src/install/visualization_msgs/include/visualization_msgs/visualization_msgs/msg/interactive_marker_update.h
[1.124s] -- Up-to-date: /home/hiro/rust_ws/src/install/visualization_msgs/include/visualization_msgs/visualization_msgs/srv
[1.124s] -- Up-to-date: /home/hiro/rust_ws/src/install/visualization_msgs/include/visualization_msgs/visualization_msgs/srv/get_interactive_markers.h
[1.124s] -- Up-to-date: /home/hiro/rust_ws/src/install/visualization_msgs/include/visualization_msgs/visualization_msgs/srv/detail
[1.125s] -- Up-to-date: /home/hiro/rust_ws/src/install/visualization_msgs/include/visualization_msgs/visualization_msgs/srv/detail/get_interactive_markers__struct.h
[1.125s] -- Up-to-date: /home/hiro/rust_ws/src/install/visualization_msgs/include/visualization_msgs/visualization_msgs/srv/detail/get_interactive_markers__type_support.h
[1.125s] -- Up-to-date: /home/hiro/rust_ws/src/install/visualization_msgs/include/visualization_msgs/visualization_msgs/srv/detail/get_interactive_markers__functions.c
[1.125s] -- Up-to-date: /home/hiro/rust_ws/src/install/visualization_msgs/include/visualization_msgs/visualization_msgs/srv/detail/get_interactive_markers__functions.h
[1.125s] -- Up-to-date: /home/hiro/rust_ws/src/install/visualization_msgs/share/visualization_msgs/environment/library_path.sh
[1.125s] -- Up-to-date: /home/hiro/rust_ws/src/install/visualization_msgs/share/visualization_msgs/environment/library_path.dsv
[1.125s] -- Up-to-date: /home/hiro/rust_ws/src/install/visualization_msgs/lib/libvisualization_msgs__rosidl_generator_c.so
[1.126s] -- Up-to-date: /home/hiro/rust_ws/src/install/visualization_msgs/include/visualization_msgs/visualization_msgs
[1.126s] -- Up-to-date: /home/hiro/rust_ws/src/install/visualization_msgs/include/visualization_msgs/visualization_msgs/msg
[1.126s] -- Up-to-date: /home/hiro/rust_ws/src/install/visualization_msgs/include/visualization_msgs/visualization_msgs/msg/detail
[1.126s] -- Up-to-date: /home/hiro/rust_ws/src/install/visualization_msgs/include/visualization_msgs/visualization_msgs/msg/detail/mesh_file__rosidl_typesupport_fastrtps_c.h
[1.126s] -- Up-to-date: /home/hiro/rust_ws/src/install/visualization_msgs/include/visualization_msgs/visualization_msgs/msg/detail/uv_coordinate__rosidl_typesupport_fastrtps_c.h
[1.126s] -- Up-to-date: /home/hiro/rust_ws/src/install/visualization_msgs/include/visualization_msgs/visualization_msgs/msg/detail/interactive_marker_update__rosidl_typesupport_fastrtps_c.h
[1.126s] -- Up-to-date: /home/hiro/rust_ws/src/install/visualization_msgs/include/visualization_msgs/visualization_msgs/msg/detail/menu_entry__rosidl_typesupport_fastrtps_c.h
[1.126s] -- Up-to-date: /home/hiro/rust_ws/src/install/visualization_msgs/include/visualization_msgs/visualization_msgs/msg/detail/interactive_marker_feedback__rosidl_typesupport_fastrtps_c.h
[1.126s] -- Up-to-date: /home/hiro/rust_ws/src/install/visualization_msgs/include/visualization_msgs/visualization_msgs/msg/detail/marker__rosidl_typesupport_fastrtps_c.h
[1.126s] -- Up-to-date: /home/hiro/rust_ws/src/install/visualization_msgs/include/visualization_msgs/visualization_msgs/msg/detail/marker_array__rosidl_typesupport_fastrtps_c.h
[1.126s] -- Up-to-date: /home/hiro/rust_ws/src/install/visualization_msgs/include/visualization_msgs/visualization_msgs/msg/detail/interactive_marker_pose__rosidl_typesupport_fastrtps_c.h
[1.126s] -- Up-to-date: /home/hiro/rust_ws/src/install/visualization_msgs/include/visualization_msgs/visualization_msgs/msg/detail/interactive_marker_control__rosidl_typesupport_fastrtps_c.h
[1.126s] -- Up-to-date: /home/hiro/rust_ws/src/install/visualization_msgs/include/visualization_msgs/visualization_msgs/msg/detail/interactive_marker_init__rosidl_typesupport_fastrtps_c.h
[1.126s] -- Up-to-date: /home/hiro/rust_ws/src/install/visualization_msgs/include/visualization_msgs/visualization_msgs/msg/detail/interactive_marker__rosidl_typesupport_fastrtps_c.h
[1.126s] -- Up-to-date: /home/hiro/rust_ws/src/install/visualization_msgs/include/visualization_msgs/visualization_msgs/msg/detail/image_marker__rosidl_typesupport_fastrtps_c.h
[1.126s] -- Up-to-date: /home/hiro/rust_ws/src/install/visualization_msgs/include/visualization_msgs/visualization_msgs/msg/rosidl_typesupport_fastrtps_c__visibility_control.h
[1.126s] -- Up-to-date: /home/hiro/rust_ws/src/install/visualization_msgs/include/visualization_msgs/visualization_msgs/srv
[1.126s] -- Up-to-date: /home/hiro/rust_ws/src/install/visualization_msgs/include/visualization_msgs/visualization_msgs/srv/detail
[1.127s] -- Up-to-date: /home/hiro/rust_ws/src/install/visualization_msgs/include/visualization_msgs/visualization_msgs/srv/detail/get_interactive_markers__rosidl_typesupport_fastrtps_c.h
[1.127s] -- Up-to-date: /home/hiro/rust_ws/src/install/visualization_msgs/lib/libvisualization_msgs__rosidl_typesupport_fastrtps_c.so
[1.127s] -- Up-to-date: /home/hiro/rust_ws/src/install/visualization_msgs/include/visualization_msgs/visualization_msgs
[1.127s] -- Up-to-date: /home/hiro/rust_ws/src/install/visualization_msgs/include/visualization_msgs/visualization_msgs/msg
[1.127s] -- Up-to-date: /home/hiro/rust_ws/src/install/visualization_msgs/include/visualization_msgs/visualization_msgs/msg/image_marker.hpp
[1.127s] -- Up-to-date: /home/hiro/rust_ws/src/install/visualization_msgs/include/visualization_msgs/visualization_msgs/msg/uv_coordinate.hpp
[1.127s] -- Up-to-date: /home/hiro/rust_ws/src/install/visualization_msgs/include/visualization_msgs/visualization_msgs/msg/menu_entry.hpp
[1.127s] -- Up-to-date: /home/hiro/rust_ws/src/install/visualization_msgs/include/visualization_msgs/visualization_msgs/msg/interactive_marker_pose.hpp
[1.127s] -- Up-to-date: /home/hiro/rust_ws/src/install/visualization_msgs/include/visualization_msgs/visualization_msgs/msg/marker_array.hpp
[1.127s] -- Up-to-date: /home/hiro/rust_ws/src/install/visualization_msgs/include/visualization_msgs/visualization_msgs/msg/interactive_marker_feedback.hpp
[1.127s] -- Up-to-date: /home/hiro/rust_ws/src/install/visualization_msgs/include/visualization_msgs/visualization_msgs/msg/interactive_marker_init.hpp
[1.127s] -- Up-to-date: /home/hiro/rust_ws/src/install/visualization_msgs/include/visualization_msgs/visualization_msgs/msg/interactive_marker.hpp
[1.127s] -- Up-to-date: /home/hiro/rust_ws/src/install/visualization_msgs/include/visualization_msgs/visualization_msgs/msg/interactive_marker_update.hpp
[1.127s] -- Up-to-date: /home/hiro/rust_ws/src/install/visualization_msgs/include/visualization_msgs/visualization_msgs/msg/interactive_marker_control.hpp
[1.127s] -- Up-to-date: /home/hiro/rust_ws/src/install/visualization_msgs/include/visualization_msgs/visualization_msgs/msg/mesh_file.hpp
[1.127s] -- Up-to-date: /home/hiro/rust_ws/src/install/visualization_msgs/include/visualization_msgs/visualization_msgs/msg/marker.hpp
[1.127s] -- Up-to-date: /home/hiro/rust_ws/src/install/visualization_msgs/include/visualization_msgs/visualization_msgs/msg/detail
[1.127s] -- Up-to-date: /home/hiro/rust_ws/src/install/visualization_msgs/include/visualization_msgs/visualization_msgs/msg/detail/image_marker__struct.hpp
[1.127s] -- Up-to-date: /home/hiro/rust_ws/src/install/visualization_msgs/include/visualization_msgs/visualization_msgs/msg/detail/marker__traits.hpp
[1.127s] -- Up-to-date: /home/hiro/rust_ws/src/install/visualization_msgs/include/visualization_msgs/visualization_msgs/msg/detail/mesh_file__builder.hpp
[1.127s] -- Up-to-date: /home/hiro/rust_ws/src/install/visualization_msgs/include/visualization_msgs/visualization_msgs/msg/detail/marker_array__struct.hpp
[1.127s] -- Up-to-date: /home/hiro/rust_ws/src/install/visualization_msgs/include/visualization_msgs/visualization_msgs/msg/detail/mesh_file__struct.hpp
[1.127s] -- Up-to-date: /home/hiro/rust_ws/src/install/visualization_msgs/include/visualization_msgs/visualization_msgs/msg/detail/interactive_marker__builder.hpp
[1.128s] -- Up-to-date: /home/hiro/rust_ws/src/install/visualization_msgs/include/visualization_msgs/visualization_msgs/msg/detail/interactive_marker_update__struct.hpp
[1.128s] -- Up-to-date: /home/hiro/rust_ws/src/install/visualization_msgs/include/visualization_msgs/visualization_msgs/msg/detail/menu_entry__builder.hpp
[1.128s] -- Up-to-date: /home/hiro/rust_ws/src/install/visualization_msgs/include/visualization_msgs/visualization_msgs/msg/detail/menu_entry__struct.hpp
[1.128s] -- Up-to-date: /home/hiro/rust_ws/src/install/visualization_msgs/include/visualization_msgs/visualization_msgs/msg/detail/image_marker__traits.hpp
[1.128s] -- Up-to-date: /home/hiro/rust_ws/src/install/visualization_msgs/include/visualization_msgs/visualization_msgs/msg/detail/interactive_marker_pose__builder.hpp
[1.128s] -- Up-to-date: /home/hiro/rust_ws/src/install/visualization_msgs/include/visualization_msgs/visualization_msgs/msg/detail/uv_coordinate__builder.hpp
[1.128s] -- Up-to-date: /home/hiro/rust_ws/src/install/visualization_msgs/include/visualization_msgs/visualization_msgs/msg/detail/interactive_marker_feedback__traits.hpp
[1.128s] -- Up-to-date: /home/hiro/rust_ws/src/install/visualization_msgs/include/visualization_msgs/visualization_msgs/msg/detail/interactive_marker_pose__struct.hpp
[1.128s] -- Up-to-date: /home/hiro/rust_ws/src/install/visualization_msgs/include/visualization_msgs/visualization_msgs/msg/detail/interactive_marker_init__traits.hpp
[1.128s] -- Up-to-date: /home/hiro/rust_ws/src/install/visualization_msgs/include/visualization_msgs/visualization_msgs/msg/detail/interactive_marker_feedback__builder.hpp
[1.128s] -- Up-to-date: /home/hiro/rust_ws/src/install/visualization_msgs/include/visualization_msgs/visualization_msgs/msg/detail/interactive_marker_init__struct.hpp
[1.128s] -- Up-to-date: /home/hiro/rust_ws/src/install/visualization_msgs/include/visualization_msgs/visualization_msgs/msg/detail/interactive_marker_control__traits.hpp
[1.128s] -- Up-to-date: /home/hiro/rust_ws/src/install/visualization_msgs/include/visualization_msgs/visualization_msgs/msg/detail/interactive_marker__traits.hpp
[1.128s] -- Up-to-date: /home/hiro/rust_ws/src/install/visualization_msgs/include/visualization_msgs/visualization_msgs/msg/detail/image_marker__builder.hpp
[1.128s] -- Up-to-date: /home/hiro/rust_ws/src/install/visualization_msgs/include/visualization_msgs/visualization_msgs/msg/detail/interactive_marker__struct.hpp
[1.128s] -- Up-to-date: /home/hiro/rust_ws/src/install/visualization_msgs/include/visualization_msgs/visualization_msgs/msg/detail/interactive_marker_update__traits.hpp
[1.128s] -- Up-to-date: /home/hiro/rust_ws/src/install/visualization_msgs/include/visualization_msgs/visualization_msgs/msg/detail/mesh_file__traits.hpp
[1.128s] -- Up-to-date: /home/hiro/rust_ws/src/install/visualization_msgs/include/visualization_msgs/visualization_msgs/msg/detail/marker_array__traits.hpp
[1.128s] -- Up-to-date: /home/hiro/rust_ws/src/install/visualization_msgs/include/visualization_msgs/visualization_msgs/msg/detail/interactive_marker_feedback__struct.hpp
[1.128s] -- Up-to-date: /home/hiro/rust_ws/src/install/visualization_msgs/include/visualization_msgs/visualization_msgs/msg/detail/menu_entry__traits.hpp
[1.128s] -- Up-to-date: /home/hiro/rust_ws/src/install/visualization_msgs/include/visualization_msgs/visualization_msgs/msg/detail/interactive_marker_control__builder.hpp
[1.128s] -- Up-to-date: /home/hiro/rust_ws/src/install/visualization_msgs/include/visualization_msgs/visualization_msgs/msg/detail/marker_array__builder.hpp
[1.129s] -- Up-to-date: /home/hiro/rust_ws/src/install/visualization_msgs/include/visualization_msgs/visualization_msgs/msg/detail/interactive_marker_update__builder.hpp
[1.129s] -- Up-to-date: /home/hiro/rust_ws/src/install/visualization_msgs/include/visualization_msgs/visualization_msgs/msg/detail/uv_coordinate__struct.hpp
[1.129s] -- Up-to-date: /home/hiro/rust_ws/src/install/visualization_msgs/include/visualization_msgs/visualization_msgs/msg/detail/marker__struct.hpp
[1.129s] -- Up-to-date: /home/hiro/rust_ws/src/install/visualization_msgs/include/visualization_msgs/visualization_msgs/msg/detail/uv_coordinate__traits.hpp
[1.129s] -- Up-to-date: /home/hiro/rust_ws/src/install/visualization_msgs/include/visualization_msgs/visualization_msgs/msg/detail/interactive_marker_pose__traits.hpp
[1.129s] -- Up-to-date: /home/hiro/rust_ws/src/install/visualization_msgs/include/visualization_msgs/visualization_msgs/msg/detail/interactive_marker_init__builder.hpp
[1.129s] -- Up-to-date: /home/hiro/rust_ws/src/install/visualization_msgs/include/visualization_msgs/visualization_msgs/msg/detail/interactive_marker_control__struct.hpp
[1.129s] -- Up-to-date: /home/hiro/rust_ws/src/install/visualization_msgs/include/visualization_msgs/visualization_msgs/msg/detail/marker__builder.hpp
[1.129s] -- Up-to-date: /home/hiro/rust_ws/src/install/visualization_msgs/include/visualization_msgs/visualization_msgs/srv
[1.129s] -- Up-to-date: /home/hiro/rust_ws/src/install/visualization_msgs/include/visualization_msgs/visualization_msgs/srv/get_interactive_markers.hpp
[1.129s] -- Up-to-date: /home/hiro/rust_ws/src/install/visualization_msgs/include/visualization_msgs/visualization_msgs/srv/detail
[1.129s] -- Up-to-date: /home/hiro/rust_ws/src/install/visualization_msgs/include/visualization_msgs/visualization_msgs/srv/detail/get_interactive_markers__struct.hpp
[1.129s] -- Up-to-date: /home/hiro/rust_ws/src/install/visualization_msgs/include/visualization_msgs/visualization_msgs/srv/detail/get_interactive_markers__traits.hpp
[1.129s] -- Up-to-date: /home/hiro/rust_ws/src/install/visualization_msgs/include/visualization_msgs/visualization_msgs/srv/detail/get_interactive_markers__builder.hpp
[1.129s] -- Up-to-date: /home/hiro/rust_ws/src/install/visualization_msgs/include/visualization_msgs/visualization_msgs
[1.129s] -- Up-to-date: /home/hiro/rust_ws/src/install/visualization_msgs/include/visualization_msgs/visualization_msgs/msg
[1.129s] -- Up-to-date: /home/hiro/rust_ws/src/install/visualization_msgs/include/visualization_msgs/visualization_msgs/msg/rosidl_typesupport_fastrtps_cpp__visibility_control.h
[1.129s] -- Up-to-date: /home/hiro/rust_ws/src/install/visualization_msgs/include/visualization_msgs/visualization_msgs/msg/detail
[1.129s] -- Up-to-date: /home/hiro/rust_ws/src/install/visualization_msgs/include/visualization_msgs/visualization_msgs/msg/detail/interactive_marker_init__rosidl_typesupport_fastrtps_cpp.hpp
[1.129s] -- Up-to-date: /home/hiro/rust_ws/src/install/visualization_msgs/include/visualization_msgs/visualization_msgs/msg/detail/dds_fastrtps
[1.129s] -- Up-to-date: /home/hiro/rust_ws/src/install/visualization_msgs/include/visualization_msgs/visualization_msgs/msg/detail/interactive_marker_update__rosidl_typesupport_fastrtps_cpp.hpp
[1.129s] -- Up-to-date: /home/hiro/rust_ws/src/install/visualization_msgs/include/visualization_msgs/visualization_msgs/msg/detail/interactive_marker_pose__rosidl_typesupport_fastrtps_cpp.hpp
[1.129s] -- Up-to-date: /home/hiro/rust_ws/src/install/visualization_msgs/include/visualization_msgs/visualization_msgs/msg/detail/menu_entry__rosidl_typesupport_fastrtps_cpp.hpp
[1.130s] -- Up-to-date: /home/hiro/rust_ws/src/install/visualization_msgs/include/visualization_msgs/visualization_msgs/msg/detail/interactive_marker_feedback__rosidl_typesupport_fastrtps_cpp.hpp
[1.130s] -- Up-to-date: /home/hiro/rust_ws/src/install/visualization_msgs/include/visualization_msgs/visualization_msgs/msg/detail/uv_coordinate__rosidl_typesupport_fastrtps_cpp.hpp
[1.130s] -- Up-to-date: /home/hiro/rust_ws/src/install/visualization_msgs/include/visualization_msgs/visualization_msgs/msg/detail/interactive_marker_control__rosidl_typesupport_fastrtps_cpp.hpp
[1.130s] -- Up-to-date: /home/hiro/rust_ws/src/install/visualization_msgs/include/visualization_msgs/visualization_msgs/msg/detail/image_marker__rosidl_typesupport_fastrtps_cpp.hpp
[1.130s] -- Up-to-date: /home/hiro/rust_ws/src/install/visualization_msgs/include/visualization_msgs/visualization_msgs/msg/detail/interactive_marker__rosidl_typesupport_fastrtps_cpp.hpp
[1.130s] -- Up-to-date: /home/hiro/rust_ws/src/install/visualization_msgs/include/visualization_msgs/visualization_msgs/msg/detail/marker_array__rosidl_typesupport_fastrtps_cpp.hpp
[1.130s] -- Up-to-date: /home/hiro/rust_ws/src/install/visualization_msgs/include/visualization_msgs/visualization_msgs/msg/detail/marker__rosidl_typesupport_fastrtps_cpp.hpp
[1.130s] -- Up-to-date: /home/hiro/rust_ws/src/install/visualization_msgs/include/visualization_msgs/visualization_msgs/msg/detail/mesh_file__rosidl_typesupport_fastrtps_cpp.hpp
[1.130s] -- Up-to-date: /home/hiro/rust_ws/src/install/visualization_msgs/include/visualization_msgs/visualization_msgs/srv
[1.130s] -- Up-to-date: /home/hiro/rust_ws/src/install/visualization_msgs/include/visualization_msgs/visualization_msgs/srv/detail
[1.130s] -- Up-to-date: /home/hiro/rust_ws/src/install/visualization_msgs/include/visualization_msgs/visualization_msgs/srv/detail/dds_fastrtps
[1.130s] -- Up-to-date: /home/hiro/rust_ws/src/install/visualization_msgs/include/visualization_msgs/visualization_msgs/srv/detail/get_interactive_markers__rosidl_typesupport_fastrtps_cpp.hpp
[1.130s] -- Up-to-date: /home/hiro/rust_ws/src/install/visualization_msgs/lib/libvisualization_msgs__rosidl_typesupport_fastrtps_cpp.so
[1.130s] -- Up-to-date: /home/hiro/rust_ws/src/install/visualization_msgs/include/visualization_msgs/visualization_msgs
[1.130s] -- Up-to-date: /home/hiro/rust_ws/src/install/visualization_msgs/include/visualization_msgs/visualization_msgs/msg
[1.130s] -- Up-to-date: /home/hiro/rust_ws/src/install/visualization_msgs/include/visualization_msgs/visualization_msgs/msg/rosidl_typesupport_introspection_c__visibility_control.h
[1.130s] -- Up-to-date: /home/hiro/rust_ws/src/install/visualization_msgs/include/visualization_msgs/visualization_msgs/msg/detail
[1.130s] -- Up-to-date: /home/hiro/rust_ws/src/install/visualization_msgs/include/visualization_msgs/visualization_msgs/msg/detail/interactive_marker__rosidl_typesupport_introspection_c.h
[1.130s] -- Up-to-date: /home/hiro/rust_ws/src/install/visualization_msgs/include/visualization_msgs/visualization_msgs/msg/detail/interactive_marker_pose__rosidl_typesupport_introspection_c.h
[1.130s] -- Up-to-date: /home/hiro/rust_ws/src/install/visualization_msgs/include/visualization_msgs/visualization_msgs/msg/detail/interactive_marker_init__rosidl_typesupport_introspection_c.h
[1.130s] -- Up-to-date: /home/hiro/rust_ws/src/install/visualization_msgs/include/visualization_msgs/visualization_msgs/msg/detail/interactive_marker_update__rosidl_typesupport_introspection_c.h
[1.130s] -- Up-to-date: /home/hiro/rust_ws/src/install/visualization_msgs/include/visualization_msgs/visualization_msgs/msg/detail/uv_coordinate__rosidl_typesupport_introspection_c.h
[1.130s] -- Up-to-date: /home/hiro/rust_ws/src/install/visualization_msgs/include/visualization_msgs/visualization_msgs/msg/detail/interactive_marker_feedback__rosidl_typesupport_introspection_c.h
[1.130s] -- Up-to-date: /home/hiro/rust_ws/src/install/visualization_msgs/include/visualization_msgs/visualization_msgs/msg/detail/interactive_marker_control__type_support.c
[1.131s] -- Up-to-date: /home/hiro/rust_ws/src/install/visualization_msgs/include/visualization_msgs/visualization_msgs/msg/detail/interactive_marker_pose__type_support.c
[1.131s] -- Up-to-date: /home/hiro/rust_ws/src/install/visualization_msgs/include/visualization_msgs/visualization_msgs/msg/detail/interactive_marker_init__type_support.c
[1.131s] -- Up-to-date: /home/hiro/rust_ws/src/install/visualization_msgs/include/visualization_msgs/visualization_msgs/msg/detail/marker__type_support.c
[1.131s] -- Up-to-date: /home/hiro/rust_ws/src/install/visualization_msgs/include/visualization_msgs/visualization_msgs/msg/detail/menu_entry__type_support.c
[1.131s] -- Up-to-date: /home/hiro/rust_ws/src/install/visualization_msgs/include/visualization_msgs/visualization_msgs/msg/detail/marker__rosidl_typesupport_introspection_c.h
[1.131s] -- Up-to-date: /home/hiro/rust_ws/src/install/visualization_msgs/include/visualization_msgs/visualization_msgs/msg/detail/image_marker__type_support.c
[1.131s] -- Up-to-date: /home/hiro/rust_ws/src/install/visualization_msgs/include/visualization_msgs/visualization_msgs/msg/detail/mesh_file__type_support.c
[1.131s] -- Up-to-date: /home/hiro/rust_ws/src/install/visualization_msgs/include/visualization_msgs/visualization_msgs/msg/detail/marker_array__type_support.c
[1.131s] -- Up-to-date: /home/hiro/rust_ws/src/install/visualization_msgs/include/visualization_msgs/visualization_msgs/msg/detail/interactive_marker_update__type_support.c
[1.131s] -- Up-to-date: /home/hiro/rust_ws/src/install/visualization_msgs/include/visualization_msgs/visualization_msgs/msg/detail/interactive_marker_feedback__type_support.c
[1.131s] -- Up-to-date: /home/hiro/rust_ws/src/install/visualization_msgs/include/visualization_msgs/visualization_msgs/msg/detail/marker_array__rosidl_typesupport_introspection_c.h
[1.131s] -- Up-to-date: /home/hiro/rust_ws/src/install/visualization_msgs/include/visualization_msgs/visualization_msgs/msg/detail/uv_coordinate__type_support.c
[1.131s] -- Up-to-date: /home/hiro/rust_ws/src/install/visualization_msgs/include/visualization_msgs/visualization_msgs/msg/detail/mesh_file__rosidl_typesupport_introspection_c.h
[1.131s] -- Up-to-date: /home/hiro/rust_ws/src/install/visualization_msgs/include/visualization_msgs/visualization_msgs/msg/detail/menu_entry__rosidl_typesupport_introspection_c.h
[1.131s] -- Up-to-date: /home/hiro/rust_ws/src/install/visualization_msgs/include/visualization_msgs/visualization_msgs/msg/detail/interactive_marker_control__rosidl_typesupport_introspection_c.h
[1.131s] -- Up-to-date: /home/hiro/rust_ws/src/install/visualization_msgs/include/visualization_msgs/visualization_msgs/msg/detail/image_marker__rosidl_typesupport_introspection_c.h
[1.131s] -- Up-to-date: /home/hiro/rust_ws/src/install/visualization_msgs/include/visualization_msgs/visualization_msgs/msg/detail/interactive_marker__type_support.c
[1.131s] -- Up-to-date: /home/hiro/rust_ws/src/install/visualization_msgs/include/visualization_msgs/visualization_msgs/srv
[1.131s] -- Up-to-date: /home/hiro/rust_ws/src/install/visualization_msgs/include/visualization_msgs/visualization_msgs/srv/detail
[1.131s] -- Up-to-date: /home/hiro/rust_ws/src/install/visualization_msgs/include/visualization_msgs/visualization_msgs/srv/detail/get_interactive_markers__type_support.c
[1.131s] -- Up-to-date: /home/hiro/rust_ws/src/install/visualization_msgs/include/visualization_msgs/visualization_msgs/srv/detail/get_interactive_markers__rosidl_typesupport_introspection_c.h
[1.131s] -- Up-to-date: /home/hiro/rust_ws/src/install/visualization_msgs/lib/libvisualization_msgs__rosidl_typesupport_introspection_c.so
[1.132s] -- Up-to-date: /home/hiro/rust_ws/src/install/visualization_msgs/lib/libvisualization_msgs__rosidl_typesupport_c.so
[1.132s] -- Up-to-date: /home/hiro/rust_ws/src/install/visualization_msgs/include/visualization_msgs/visualization_msgs
[1.132s] -- Up-to-date: /home/hiro/rust_ws/src/install/visualization_msgs/include/visualization_msgs/visualization_msgs/msg
[1.132s] -- Up-to-date: /home/hiro/rust_ws/src/install/visualization_msgs/include/visualization_msgs/visualization_msgs/msg/detail
[1.132s] -- Up-to-date: /home/hiro/rust_ws/src/install/visualization_msgs/include/visualization_msgs/visualization_msgs/msg/detail/interactive_marker_control__type_support.cpp
[1.132s] -- Up-to-date: /home/hiro/rust_ws/src/install/visualization_msgs/include/visualization_msgs/visualization_msgs/msg/detail/interactive_marker_pose__type_support.cpp
[1.132s] -- Up-to-date: /home/hiro/rust_ws/src/install/visualization_msgs/include/visualization_msgs/visualization_msgs/msg/detail/image_marker__rosidl_typesupport_introspection_cpp.hpp
[1.132s] -- Up-to-date: /home/hiro/rust_ws/src/install/visualization_msgs/include/visualization_msgs/visualization_msgs/msg/detail/marker__type_support.cpp
[1.132s] -- Up-to-date: /home/hiro/rust_ws/src/install/visualization_msgs/include/visualization_msgs/visualization_msgs/msg/detail/uv_coordinate__rosidl_typesupport_introspection_cpp.hpp
[1.132s] -- Up-to-date: /home/hiro/rust_ws/src/install/visualization_msgs/include/visualization_msgs/visualization_msgs/msg/detail/interactive_marker_update__type_support.cpp
[1.132s] -- Up-to-date: /home/hiro/rust_ws/src/install/visualization_msgs/include/visualization_msgs/visualization_msgs/msg/detail/interactive_marker_feedback__rosidl_typesupport_introspection_cpp.hpp
[1.132s] -- Up-to-date: /home/hiro/rust_ws/src/install/visualization_msgs/include/visualization_msgs/visualization_msgs/msg/detail/mesh_file__rosidl_typesupport_introspection_cpp.hpp
[1.132s] -- Up-to-date: /home/hiro/rust_ws/src/install/visualization_msgs/include/visualization_msgs/visualization_msgs/msg/detail/interactive_marker__type_support.cpp
[1.132s] -- Up-to-date: /home/hiro/rust_ws/src/install/visualization_msgs/include/visualization_msgs/visualization_msgs/msg/detail/image_marker__type_support.cpp
[1.132s] -- Up-to-date: /home/hiro/rust_ws/src/install/visualization_msgs/include/visualization_msgs/visualization_msgs/msg/detail/interactive_marker_init__rosidl_typesupport_introspection_cpp.hpp
[1.132s] -- Up-to-date: /home/hiro/rust_ws/src/install/visualization_msgs/include/visualization_msgs/visualization_msgs/msg/detail/interactive_marker_control__rosidl_typesupport_introspection_cpp.hpp
[1.132s] -- Up-to-date: /home/hiro/rust_ws/src/install/visualization_msgs/include/visualization_msgs/visualization_msgs/msg/detail/interactive_marker_pose__rosidl_typesupport_introspection_cpp.hpp
[1.132s] -- Up-to-date: /home/hiro/rust_ws/src/install/visualization_msgs/include/visualization_msgs/visualization_msgs/msg/detail/menu_entry__type_support.cpp
[1.132s] -- Up-to-date: /home/hiro/rust_ws/src/install/visualization_msgs/include/visualization_msgs/visualization_msgs/msg/detail/interactive_marker_update__rosidl_typesupport_introspection_cpp.hpp
[1.132s] -- Up-to-date: /home/hiro/rust_ws/src/install/visualization_msgs/include/visualization_msgs/visualization_msgs/msg/detail/interactive_marker_feedback__type_support.cpp
[1.132s] -- Up-to-date: /home/hiro/rust_ws/src/install/visualization_msgs/include/visualization_msgs/visualization_msgs/msg/detail/interactive_marker_init__type_support.cpp
[1.132s] -- Up-to-date: /home/hiro/rust_ws/src/install/visualization_msgs/include/visualization_msgs/visualization_msgs/msg/detail/marker_array__rosidl_typesupport_introspection_cpp.hpp
[1.132s] -- Up-to-date: /home/hiro/rust_ws/src/install/visualization_msgs/include/visualization_msgs/visualization_msgs/msg/detail/mesh_file__type_support.cpp
[1.132s] -- Up-to-date: /home/hiro/rust_ws/src/install/visualization_msgs/include/visualization_msgs/visualization_msgs/msg/detail/interactive_marker__rosidl_typesupport_introspection_cpp.hpp
[1.133s] -- Up-to-date: /home/hiro/rust_ws/src/install/visualization_msgs/include/visualization_msgs/visualization_msgs/msg/detail/marker__rosidl_typesupport_introspection_cpp.hpp
[1.133s] -- Up-to-date: /home/hiro/rust_ws/src/install/visualization_msgs/include/visualization_msgs/visualization_msgs/msg/detail/menu_entry__rosidl_typesupport_introspection_cpp.hpp
[1.133s] -- Up-to-date: /home/hiro/rust_ws/src/install/visualization_msgs/include/visualization_msgs/visualization_msgs/msg/detail/uv_coordinate__type_support.cpp
[1.133s] -- Up-to-date: /home/hiro/rust_ws/src/install/visualization_msgs/include/visualization_msgs/visualization_msgs/msg/detail/marker_array__type_support.cpp
[1.133s] -- Up-to-date: /home/hiro/rust_ws/src/install/visualization_msgs/include/visualization_msgs/visualization_msgs/srv
[1.133s] -- Up-to-date: /home/hiro/rust_ws/src/install/visualization_msgs/include/visualization_msgs/visualization_msgs/srv/detail
[1.133s] -- Up-to-date: /home/hiro/rust_ws/src/install/visualization_msgs/include/visualization_msgs/visualization_msgs/srv/detail/get_interactive_markers__rosidl_typesupport_introspection_cpp.hpp
[1.133s] -- Up-to-date: /home/hiro/rust_ws/src/install/visualization_msgs/include/visualization_msgs/visualization_msgs/srv/detail/get_interactive_markers__type_support.cpp
[1.133s] -- Up-to-date: /home/hiro/rust_ws/src/install/visualization_msgs/lib/libvisualization_msgs__rosidl_typesupport_introspection_cpp.so
[1.133s] -- Up-to-date: /home/hiro/rust_ws/src/install/visualization_msgs/lib/libvisualization_msgs__rosidl_typesupport_cpp.so
[1.133s] -- Up-to-date: /home/hiro/rust_ws/src/install/visualization_msgs/share/ament_index/resource_index/rust_packages/visualization_msgs
[1.133s] -- Up-to-date: /home/hiro/rust_ws/src/install/visualization_msgs/share/visualization_msgs/rust
[1.133s] -- Up-to-date: /home/hiro/rust_ws/src/install/visualization_msgs/share/visualization_msgs/rust/Cargo.toml
[1.133s] -- Up-to-date: /home/hiro/rust_ws/src/install/visualization_msgs/share/visualization_msgs/rust/build.rs
[1.134s] -- Up-to-date: /home/hiro/rust_ws/src/install/visualization_msgs/share/visualization_msgs/rust/src
[1.134s] -- Up-to-date: /home/hiro/rust_ws/src/install/visualization_msgs/share/visualization_msgs/rust/src/msg.rs
[1.134s] -- Up-to-date: /home/hiro/rust_ws/src/install/visualization_msgs/share/visualization_msgs/rust/src/srv.rs
[1.134s] -- Up-to-date: /home/hiro/rust_ws/src/install/visualization_msgs/share/visualization_msgs/rust/src/lib.rs
[1.134s] -- Up-to-date: /home/hiro/rust_ws/src/install/visualization_msgs/share/visualization_msgs/environment/pythonpath.sh
[1.134s] -- Up-to-date: /home/hiro/rust_ws/src/install/visualization_msgs/share/visualization_msgs/environment/pythonpath.dsv
[1.134s] -- Up-to-date: /home/hiro/rust_ws/src/install/visualization_msgs/local/lib/python3.10/dist-packages/visualization_msgs-4.2.4-py3.10.egg-info
[1.134s] -- Installing: /home/hiro/rust_ws/src/install/visualization_msgs/local/lib/python3.10/dist-packages/visualization_msgs-4.2.4-py3.10.egg-info/top_level.txt
[1.134s] -- Installing: /home/hiro/rust_ws/src/install/visualization_msgs/local/lib/python3.10/dist-packages/visualization_msgs-4.2.4-py3.10.egg-info/PKG-INFO
[1.134s] -- Installing: /home/hiro/rust_ws/src/install/visualization_msgs/local/lib/python3.10/dist-packages/visualization_msgs-4.2.4-py3.10.egg-info/SOURCES.txt
[1.134s] -- Installing: /home/hiro/rust_ws/src/install/visualization_msgs/local/lib/python3.10/dist-packages/visualization_msgs-4.2.4-py3.10.egg-info/dependency_links.txt
[1.134s] -- Up-to-date: /home/hiro/rust_ws/src/install/visualization_msgs/local/lib/python3.10/dist-packages/visualization_msgs
[1.134s] -- Up-to-date: /home/hiro/rust_ws/src/install/visualization_msgs/local/lib/python3.10/dist-packages/visualization_msgs/visualization_msgs_s__rosidl_typesupport_introspection_c.cpython-310-x86_64-linux-gnu.so
[1.134s] -- Up-to-date: /home/hiro/rust_ws/src/install/visualization_msgs/local/lib/python3.10/dist-packages/visualization_msgs/libvisualization_msgs__rosidl_generator_py.so
[1.134s] -- Up-to-date: /home/hiro/rust_ws/src/install/visualization_msgs/local/lib/python3.10/dist-packages/visualization_msgs/_visualization_msgs_s.ep.rosidl_typesupport_fastrtps_c.c
[1.134s] -- Up-to-date: /home/hiro/rust_ws/src/install/visualization_msgs/local/lib/python3.10/dist-packages/visualization_msgs/_visualization_msgs_s.ep.rosidl_typesupport_c.c
[1.134s] -- Up-to-date: /home/hiro/rust_ws/src/install/visualization_msgs/local/lib/python3.10/dist-packages/visualization_msgs/__init__.py
[1.134s] -- Up-to-date: /home/hiro/rust_ws/src/install/visualization_msgs/local/lib/python3.10/dist-packages/visualization_msgs/msg
[1.134s] -- Up-to-date: /home/hiro/rust_ws/src/install/visualization_msgs/local/lib/python3.10/dist-packages/visualization_msgs/msg/_uv_coordinate.py
[1.135s] -- Up-to-date: /home/hiro/rust_ws/src/install/visualization_msgs/local/lib/python3.10/dist-packages/visualization_msgs/msg/_mesh_file.py
[1.135s] -- Up-to-date: /home/hiro/rust_ws/src/install/visualization_msgs/local/lib/python3.10/dist-packages/visualization_msgs/msg/_interactive_marker_feedback.py
[1.135s] -- Up-to-date: /home/hiro/rust_ws/src/install/visualization_msgs/local/lib/python3.10/dist-packages/visualization_msgs/msg/_marker_s.c
[1.135s] -- Up-to-date: /home/hiro/rust_ws/src/install/visualization_msgs/local/lib/python3.10/dist-packages/visualization_msgs/msg/_interactive_marker_control_s.c
[1.135s] -- Up-to-date: /home/hiro/rust_ws/src/install/visualization_msgs/local/lib/python3.10/dist-packages/visualization_msgs/msg/_interactive_marker_feedback_s.c
[1.135s] -- Up-to-date: /home/hiro/rust_ws/src/install/visualization_msgs/local/lib/python3.10/dist-packages/visualization_msgs/msg/_interactive_marker_init_s.c
[1.135s] -- Up-to-date: /home/hiro/rust_ws/src/install/visualization_msgs/local/lib/python3.10/dist-packages/visualization_msgs/msg/_interactive_marker_init.py
[1.135s] -- Up-to-date: /home/hiro/rust_ws/src/install/visualization_msgs/local/lib/python3.10/dist-packages/visualization_msgs/msg/_menu_entry.py
[1.135s] -- Up-to-date: /home/hiro/rust_ws/src/install/visualization_msgs/local/lib/python3.10/dist-packages/visualization_msgs/msg/_marker.py
[1.135s] -- Up-to-date: /home/hiro/rust_ws/src/install/visualization_msgs/local/lib/python3.10/dist-packages/visualization_msgs/msg/_interactive_marker.py
[1.135s] -- Up-to-date: /home/hiro/rust_ws/src/install/visualization_msgs/local/lib/python3.10/dist-packages/visualization_msgs/msg/_interactive_marker_s.c
[1.135s] -- Up-to-date: /home/hiro/rust_ws/src/install/visualization_msgs/local/lib/python3.10/dist-packages/visualization_msgs/msg/_marker_array_s.c
[1.135s] -- Up-to-date: /home/hiro/rust_ws/src/install/visualization_msgs/local/lib/python3.10/dist-packages/visualization_msgs/msg/_interactive_marker_control.py
[1.135s] -- Up-to-date: /home/hiro/rust_ws/src/install/visualization_msgs/local/lib/python3.10/dist-packages/visualization_msgs/msg/_mesh_file_s.c
[1.135s] -- Up-to-date: /home/hiro/rust_ws/src/install/visualization_msgs/local/lib/python3.10/dist-packages/visualization_msgs/msg/_uv_coordinate_s.c
[1.136s] -- Up-to-date: /home/hiro/rust_ws/src/install/visualization_msgs/local/lib/python3.10/dist-packages/visualization_msgs/msg/__init__.py
[1.136s] -- Up-to-date: /home/hiro/rust_ws/src/install/visualization_msgs/local/lib/python3.10/dist-packages/visualization_msgs/msg/_interactive_marker_update_s.c
[1.136s] -- Up-to-date: /home/hiro/rust_ws/src/install/visualization_msgs/local/lib/python3.10/dist-packages/visualization_msgs/msg/_image_marker_s.c
[1.136s] -- Up-to-date: /home/hiro/rust_ws/src/install/visualization_msgs/local/lib/python3.10/dist-packages/visualization_msgs/msg/_marker_array.py
[1.136s] -- Up-to-date: /home/hiro/rust_ws/src/install/visualization_msgs/local/lib/python3.10/dist-packages/visualization_msgs/msg/_image_marker.py
[1.136s] -- Up-to-date: /home/hiro/rust_ws/src/install/visualization_msgs/local/lib/python3.10/dist-packages/visualization_msgs/msg/_menu_entry_s.c
[1.136s] -- Up-to-date: /home/hiro/rust_ws/src/install/visualization_msgs/local/lib/python3.10/dist-packages/visualization_msgs/msg/_interactive_marker_pose_s.c
[1.136s] -- Up-to-date: /home/hiro/rust_ws/src/install/visualization_msgs/local/lib/python3.10/dist-packages/visualization_msgs/msg/_interactive_marker_pose.py
[1.136s] -- Up-to-date: /home/hiro/rust_ws/src/install/visualization_msgs/local/lib/python3.10/dist-packages/visualization_msgs/msg/_interactive_marker_update.py
[1.136s] -- Up-to-date: /home/hiro/rust_ws/src/install/visualization_msgs/local/lib/python3.10/dist-packages/visualization_msgs/srv
[1.136s] -- Up-to-date: /home/hiro/rust_ws/src/install/visualization_msgs/local/lib/python3.10/dist-packages/visualization_msgs/srv/__init__.py
[1.136s] -- Up-to-date: /home/hiro/rust_ws/src/install/visualization_msgs/local/lib/python3.10/dist-packages/visualization_msgs/srv/_get_interactive_markers.py
[1.136s] -- Up-to-date: /home/hiro/rust_ws/src/install/visualization_msgs/local/lib/python3.10/dist-packages/visualization_msgs/srv/_get_interactive_markers_s.c
[1.136s] -- Up-to-date: /home/hiro/rust_ws/src/install/visualization_msgs/local/lib/python3.10/dist-packages/visualization_msgs/visualization_msgs_s__rosidl_typesupport_c.cpython-310-x86_64-linux-gnu.so
[1.136s] -- Up-to-date: /home/hiro/rust_ws/src/install/visualization_msgs/local/lib/python3.10/dist-packages/visualization_msgs/visualization_msgs_s__rosidl_typesupport_fastrtps_c.cpython-310-x86_64-linux-gnu.so
[1.136s] -- Up-to-date: /home/hiro/rust_ws/src/install/visualization_msgs/local/lib/python3.10/dist-packages/visualization_msgs/_visualization_msgs_s.ep.rosidl_typesupport_introspection_c.c
[1.159s] Listing '/home/hiro/rust_ws/src/install/visualization_msgs/local/lib/python3.10/dist-packages/visualization_msgs'...
[1.159s] Listing '/home/hiro/rust_ws/src/install/visualization_msgs/local/lib/python3.10/dist-packages/visualization_msgs/msg'...
[1.159s] Listing '/home/hiro/rust_ws/src/install/visualization_msgs/local/lib/python3.10/dist-packages/visualization_msgs/srv'...
[1.164s] -- Up-to-date: /home/hiro/rust_ws/src/install/visualization_msgs/local/lib/python3.10/dist-packages/visualization_msgs/visualization_msgs_s__rosidl_typesupport_fastrtps_c.cpython-310-x86_64-linux-gnu.so
[1.164s] -- Up-to-date: /home/hiro/rust_ws/src/install/visualization_msgs/local/lib/python3.10/dist-packages/visualization_msgs/visualization_msgs_s__rosidl_typesupport_introspection_c.cpython-310-x86_64-linux-gnu.so
[1.164s] -- Up-to-date: /home/hiro/rust_ws/src/install/visualization_msgs/local/lib/python3.10/dist-packages/visualization_msgs/visualization_msgs_s__rosidl_typesupport_c.cpython-310-x86_64-linux-gnu.so
[1.165s] -- Up-to-date: /home/hiro/rust_ws/src/install/visualization_msgs/lib/libvisualization_msgs__rosidl_generator_py.so
[1.165s] -- Up-to-date: /home/hiro/rust_ws/src/install/visualization_msgs/share/visualization_msgs/msg/ImageMarker.idl
[1.165s] -- Up-to-date: /home/hiro/rust_ws/src/install/visualization_msgs/share/visualization_msgs/msg/InteractiveMarker.idl
[1.165s] -- Up-to-date: /home/hiro/rust_ws/src/install/visualization_msgs/share/visualization_msgs/msg/InteractiveMarkerControl.idl
[1.166s] -- Up-to-date: /home/hiro/rust_ws/src/install/visualization_msgs/share/visualization_msgs/msg/InteractiveMarkerFeedback.idl
[1.166s] -- Up-to-date: /home/hiro/rust_ws/src/install/visualization_msgs/share/visualization_msgs/msg/InteractiveMarkerInit.idl
[1.166s] -- Up-to-date: /home/hiro/rust_ws/src/install/visualization_msgs/share/visualization_msgs/msg/InteractiveMarkerPose.idl
[1.166s] -- Up-to-date: /home/hiro/rust_ws/src/install/visualization_msgs/share/visualization_msgs/msg/InteractiveMarkerUpdate.idl
[1.166s] -- Up-to-date: /home/hiro/rust_ws/src/install/visualization_msgs/share/visualization_msgs/msg/Marker.idl
[1.166s] -- Up-to-date: /home/hiro/rust_ws/src/install/visualization_msgs/share/visualization_msgs/msg/MarkerArray.idl
[1.166s] -- Up-to-date: /home/hiro/rust_ws/src/install/visualization_msgs/share/visualization_msgs/msg/MenuEntry.idl
[1.167s] -- Up-to-date: /home/hiro/rust_ws/src/install/visualization_msgs/share/visualization_msgs/msg/MeshFile.idl
[1.167s] -- Up-to-date: /home/hiro/rust_ws/src/install/visualization_msgs/share/visualization_msgs/msg/UVCoordinate.idl
[1.167s] -- Up-to-date: /home/hiro/rust_ws/src/install/visualization_msgs/share/visualization_msgs/srv/GetInteractiveMarkers.idl
[1.168s] -- Up-to-date: /home/hiro/rust_ws/src/install/visualization_msgs/share/visualization_msgs/msg/ImageMarker.msg
[1.168s] -- Up-to-date: /home/hiro/rust_ws/src/install/visualization_msgs/share/visualization_msgs/msg/InteractiveMarker.msg
[1.168s] -- Up-to-date: /home/hiro/rust_ws/src/install/visualization_msgs/share/visualization_msgs/msg/InteractiveMarkerControl.msg
[1.168s] -- Up-to-date: /home/hiro/rust_ws/src/install/visualization_msgs/share/visualization_msgs/msg/InteractiveMarkerFeedback.msg
[1.168s] -- Up-to-date: /home/hiro/rust_ws/src/install/visualization_msgs/share/visualization_msgs/msg/InteractiveMarkerInit.msg
[1.169s] -- Up-to-date: /home/hiro/rust_ws/src/install/visualization_msgs/share/visualization_msgs/msg/InteractiveMarkerPose.msg
[1.169s] -- Up-to-date: /home/hiro/rust_ws/src/install/visualization_msgs/share/visualization_msgs/msg/InteractiveMarkerUpdate.msg
[1.169s] -- Up-to-date: /home/hiro/rust_ws/src/install/visualization_msgs/share/visualization_msgs/msg/Marker.msg
[1.169s] -- Up-to-date: /home/hiro/rust_ws/src/install/visualization_msgs/share/visualization_msgs/msg/MarkerArray.msg
[1.169s] -- Up-to-date: /home/hiro/rust_ws/src/install/visualization_msgs/share/visualization_msgs/msg/MenuEntry.msg
[1.169s] -- Up-to-date: /home/hiro/rust_ws/src/install/visualization_msgs/share/visualization_msgs/msg/MeshFile.msg
[1.170s] -- Up-to-date: /home/hiro/rust_ws/src/install/visualization_msgs/share/visualization_msgs/msg/UVCoordinate.msg
[1.170s] -- Up-to-date: /home/hiro/rust_ws/src/install/visualization_msgs/share/visualization_msgs/srv/GetInteractiveMarkers.srv
[1.170s] -- Up-to-date: /home/hiro/rust_ws/src/install/visualization_msgs/share/visualization_msgs/srv/GetInteractiveMarkers_Request.msg
[1.170s] -- Up-to-date: /home/hiro/rust_ws/src/install/visualization_msgs/share/visualization_msgs/srv/GetInteractiveMarkers_Response.msg
[1.170s] -- Up-to-date: /home/hiro/rust_ws/src/install/visualization_msgs/share/ament_index/resource_index/package_run_dependencies/visualization_msgs
[1.170s] -- Up-to-date: /home/hiro/rust_ws/src/install/visualization_msgs/share/ament_index/resource_index/parent_prefix_path/visualization_msgs
[1.170s] -- Up-to-date: /home/hiro/rust_ws/src/install/visualization_msgs/share/visualization_msgs/environment/ament_prefix_path.sh
[1.170s] -- Up-to-date: /home/hiro/rust_ws/src/install/visualization_msgs/share/visualization_msgs/environment/ament_prefix_path.dsv
[1.170s] -- Up-to-date: /home/hiro/rust_ws/src/install/visualization_msgs/share/visualization_msgs/environment/path.sh
[1.170s] -- Up-to-date: /home/hiro/rust_ws/src/install/visualization_msgs/share/visualization_msgs/environment/path.dsv
[1.170s] -- Up-to-date: /home/hiro/rust_ws/src/install/visualization_msgs/share/visualization_msgs/local_setup.bash
[1.170s] -- Up-to-date: /home/hiro/rust_ws/src/install/visualization_msgs/share/visualization_msgs/local_setup.sh
[1.170s] -- Up-to-date: /home/hiro/rust_ws/src/install/visualization_msgs/share/visualization_msgs/local_setup.zsh
[1.170s] -- Up-to-date: /home/hiro/rust_ws/src/install/visualization_msgs/share/visualization_msgs/local_setup.dsv
[1.170s] -- Installing: /home/hiro/rust_ws/src/install/visualization_msgs/share/visualization_msgs/package.dsv
[1.170s] -- Up-to-date: /home/hiro/rust_ws/src/install/visualization_msgs/share/ament_index/resource_index/packages/visualization_msgs
[1.170s] -- Up-to-date: /home/hiro/rust_ws/src/install/visualization_msgs/share/visualization_msgs/cmake/export_visualization_msgs__rosidl_generator_cExport.cmake
[1.170s] -- Up-to-date: /home/hiro/rust_ws/src/install/visualization_msgs/share/visualization_msgs/cmake/export_visualization_msgs__rosidl_generator_cExport-noconfig.cmake
[1.171s] -- Up-to-date: /home/hiro/rust_ws/src/install/visualization_msgs/share/visualization_msgs/cmake/export_visualization_msgs__rosidl_typesupport_fastrtps_cExport.cmake
[1.171s] -- Up-to-date: /home/hiro/rust_ws/src/install/visualization_msgs/share/visualization_msgs/cmake/export_visualization_msgs__rosidl_typesupport_fastrtps_cExport-noconfig.cmake
[1.171s] -- Up-to-date: /home/hiro/rust_ws/src/install/visualization_msgs/share/visualization_msgs/cmake/export_visualization_msgs__rosidl_generator_cppExport.cmake
[1.171s] -- Up-to-date: /home/hiro/rust_ws/src/install/visualization_msgs/share/visualization_msgs/cmake/export_visualization_msgs__rosidl_typesupport_fastrtps_cppExport.cmake
[1.171s] -- Up-to-date: /home/hiro/rust_ws/src/install/visualization_msgs/share/visualization_msgs/cmake/export_visualization_msgs__rosidl_typesupport_fastrtps_cppExport-noconfig.cmake
[1.171s] -- Up-to-date: /home/hiro/rust_ws/src/install/visualization_msgs/share/visualization_msgs/cmake/visualization_msgs__rosidl_typesupport_introspection_cExport.cmake
[1.171s] -- Up-to-date: /home/hiro/rust_ws/src/install/visualization_msgs/share/visualization_msgs/cmake/visualization_msgs__rosidl_typesupport_introspection_cExport-noconfig.cmake
[1.171s] -- Up-to-date: /home/hiro/rust_ws/src/install/visualization_msgs/share/visualization_msgs/cmake/visualization_msgs__rosidl_typesupport_cExport.cmake
[1.171s] -- Up-to-date: /home/hiro/rust_ws/src/install/visualization_msgs/share/visualization_msgs/cmake/visualization_msgs__rosidl_typesupport_cExport-noconfig.cmake
[1.171s] -- Up-to-date: /home/hiro/rust_ws/src/install/visualization_msgs/share/visualization_msgs/cmake/visualization_msgs__rosidl_typesupport_introspection_cppExport.cmake
[1.171s] -- Up-to-date: /home/hiro/rust_ws/src/install/visualization_msgs/share/visualization_msgs/cmake/visualization_msgs__rosidl_typesupport_introspection_cppExport-noconfig.cmake
[1.171s] -- Up-to-date: /home/hiro/rust_ws/src/install/visualization_msgs/share/visualization_msgs/cmake/visualization_msgs__rosidl_typesupport_cppExport.cmake
[1.171s] -- Up-to-date: /home/hiro/rust_ws/src/install/visualization_msgs/share/visualization_msgs/cmake/visualization_msgs__rosidl_typesupport_cppExport-noconfig.cmake
[1.171s] -- Up-to-date: /home/hiro/rust_ws/src/install/visualization_msgs/share/visualization_msgs/cmake/export_visualization_msgs__rosidl_generator_pyExport.cmake
[1.171s] -- Up-to-date: /home/hiro/rust_ws/src/install/visualization_msgs/share/visualization_msgs/cmake/export_visualization_msgs__rosidl_generator_pyExport-noconfig.cmake
[1.171s] -- Up-to-date: /home/hiro/rust_ws/src/install/visualization_msgs/share/visualization_msgs/cmake/rosidl_cmake-extras.cmake
[1.171s] -- Up-to-date: /home/hiro/rust_ws/src/install/visualization_msgs/share/visualization_msgs/cmake/ament_cmake_export_dependencies-extras.cmake
[1.171s] -- Up-to-date: /home/hiro/rust_ws/src/install/visualization_msgs/share/visualization_msgs/cmake/ament_cmake_export_include_directories-extras.cmake
[1.171s] -- Up-to-date: /home/hiro/rust_ws/src/install/visualization_msgs/share/visualization_msgs/cmake/ament_cmake_export_libraries-extras.cmake
[1.171s] -- Up-to-date: /home/hiro/rust_ws/src/install/visualization_msgs/share/visualization_msgs/cmake/ament_cmake_export_targets-extras.cmake
[1.171s] -- Up-to-date: /home/hiro/rust_ws/src/install/visualization_msgs/share/visualization_msgs/cmake/rosidl_cmake_export_typesupport_targets-extras.cmake
[1.171s] -- Up-to-date: /home/hiro/rust_ws/src/install/visualization_msgs/share/visualization_msgs/cmake/rosidl_cmake_export_typesupport_libraries-extras.cmake
[1.172s] -- Up-to-date: /home/hiro/rust_ws/src/install/visualization_msgs/share/visualization_msgs/cmake/visualization_msgsConfig.cmake
[1.172s] -- Up-to-date: /home/hiro/rust_ws/src/install/visualization_msgs/share/visualization_msgs/cmake/visualization_msgsConfig-version.cmake
[1.172s] -- Up-to-date: /home/hiro/rust_ws/src/install/visualization_msgs/share/visualization_msgs/package.xml
[1.173s] Invoked command in '/home/hiro/rust_ws/src/build/visualization_msgs' returned '0': AMENT_PREFIX_PATH=/home/hiro/rust_ws/src/install/sensor_msgs:/home/hiro/rust_ws/src/install/geometry_msgs:/home/hiro/rust_ws/src/install/std_msgs:/home/hiro/rust_ws/src/install/builtin_interfaces:/home/hiro/rust_ws/src/install/rosidl_default_runtime:/home/hiro/rust_ws/src/install/rosidl_default_generators:/home/hiro/rust_ws/src/install/rosidl_generator_rs:/home/hiro/rust_ws/src/install/rosidl_runtime_rs:${AMENT_PREFIX_PATH} CMAKE_PREFIX_PATH=/home/hiro/rust_ws/src/install/sensor_msgs:/home/hiro/rust_ws/src/install/geometry_msgs:/home/hiro/rust_ws/src/install/std_msgs:/home/hiro/rust_ws/src/install/builtin_interfaces:/home/hiro/rust_ws/src/install/rosidl_default_runtime:/home/hiro/rust_ws/src/install/rosidl_default_generators:/home/hiro/rust_ws/src/install/rosidl_generator_rs:/home/hiro/ws_livox/install/livox_ros_driver2:/opt/ros/humble LD_LIBRARY_PATH=/home/hiro/rust_ws/src/install/sensor_msgs/lib:/home/hiro/rust_ws/src/install/geometry_msgs/lib:/home/hiro/rust_ws/src/install/std_msgs/lib:/home/hiro/rust_ws/src/install/builtin_interfaces/lib:${LD_LIBRARY_PATH} PYTHONPATH=/home/hiro/rust_ws/src/install/sensor_msgs/local/lib/python3.10/dist-packages:/home/hiro/rust_ws/src/install/geometry_msgs/local/lib/python3.10/dist-packages:/home/hiro/rust_ws/src/install/std_msgs/local/lib/python3.10/dist-packages:/home/hiro/rust_ws/src/install/builtin_interfaces/local/lib/python3.10/dist-packages:/home/hiro/rust_ws/src/install/rosidl_generator_rs/local/lib/python3.10/dist-packages:${PYTHONPATH} /usr/bin/cmake --install /home/hiro/rust_ws/src/build/visualization_msgs
