[0.165s] Invoking command in '/home/hiro/rust_ws/build/std_srvs': AMENT_PREFIX_PATH=/home/hiro/rust_ws/install/rosidl_runtime_rs:/home/hiro/rust_ws/install/common_interfaces:/home/hiro/rust_ws/install/visualization_msgs:/home/hiro/rust_ws/install/test_msgs:/home/hiro/rust_ws/install/examples_rclrs_minimal_client_service:/home/hiro/rust_ws/install/example_interfaces:/home/hiro/rust_ws/install/action_msgs:/home/hiro/rust_ws/install/unique_identifier_msgs:/home/hiro/rust_ws/install/trajectory_msgs:/home/hiro/rust_ws/install/test_interface_files:/home/hiro/rust_ws/install/stereo_msgs:/home/hiro/rust_ws/install/std_srvs:/home/hiro/rust_ws/install/shape_msgs:/home/hiro/rust_ws/install/sensor_msgs_py:/home/hiro/rust_ws/install/sensor_msgs:/home/hiro/rust_ws/install/rust_pubsub:/home/hiro/rust_ws/install/nav_msgs:/home/hiro/rust_ws/install/diagnostic_msgs:/home/hiro/rust_ws/install/geometry_msgs:/home/hiro/rust_ws/install/examples_rclrs_minimal_pub_sub:/home/hiro/rust_ws/install/actionlib_msgs:/home/hiro/rust_ws/install/std_msgs:/home/hiro/rust_ws/install/statistics_msgs:/home/hiro/rust_ws/install/examples_rclrs_message_demo:/home/hiro/rust_ws/install/rclrs:/home/hiro/rust_ws/install/rosgraph_msgs:/home/hiro/rust_ws/install/rclrs_example_msgs:/home/hiro/rust_ws/install/composition_interfaces:/home/hiro/rust_ws/install/rcl_interfaces:/home/hiro/rust_ws/install/lifecycle_msgs:/home/hiro/rust_ws/install/builtin_interfaces:/home/hiro/rust_ws/install/rosidl_default_runtime:/home/hiro/rust_ws/install/rosidl_default_generators:/home/hiro/rust_ws/install/rosidl_generator_rs:/home/hiro/ws_livox/install/livox_ros_driver2:/opt/ros/humble CMAKE_PREFIX_PATH=/home/hiro/rust_ws/install/rosidl_default_runtime:/home/hiro/rust_ws/install/rosidl_default_generators:/home/hiro/rust_ws/install/rosidl_generator_rs:/home/hiro/rust_ws/install/common_interfaces:/home/hiro/rust_ws/install/visualization_msgs:/home/hiro/rust_ws/install/test_msgs:/home/hiro/rust_ws/install/example_interfaces:/home/hiro/rust_ws/install/action_msgs:/home/hiro/rust_ws/install/unique_identifier_msgs:/home/hiro/rust_ws/install/trajectory_msgs:/home/hiro/rust_ws/install/test_interface_files:/home/hiro/rust_ws/install/stereo_msgs:/home/hiro/rust_ws/install/std_srvs:/home/hiro/rust_ws/install/shape_msgs:/home/hiro/rust_ws/install/sensor_msgs:/home/hiro/rust_ws/install/nav_msgs:/home/hiro/rust_ws/install/diagnostic_msgs:/home/hiro/rust_ws/install/geometry_msgs:/home/hiro/rust_ws/install/actionlib_msgs:/home/hiro/rust_ws/install/std_msgs:/home/hiro/rust_ws/install/statistics_msgs:/home/hiro/rust_ws/install/rosgraph_msgs:/home/hiro/rust_ws/install/rclrs_example_msgs:/home/hiro/rust_ws/install/composition_interfaces:/home/hiro/rust_ws/install/rcl_interfaces:/home/hiro/rust_ws/install/lifecycle_msgs:/home/hiro/rust_ws/install/builtin_interfaces:/home/hiro/ws_livox/install/livox_ros_driver2:/home/hiro/rust_ws/install/examples_rclrs_minimal_client_service:/home/hiro/rust_ws/install/sensor_msgs_py:/home/hiro/rust_ws/install/rust_pubsub:/home/hiro/rust_ws/install/examples_rclrs_minimal_pub_sub:/home/hiro/rust_ws/install/examples_rclrs_message_demo:/home/hiro/rust_ws/install/rclrs:/home/hiro/rust_ws/install/rosidl_runtime_rs:/opt/ros/humble /usr/bin/cmake --build /home/hiro/rust_ws/build/std_srvs -- -j22 -l22
[0.212s] [35m[1mConsolidate compiler generated dependencies of target std_srvs__rosidl_generator_c[0m
[0.227s] [  2%] Built target std_srvs__rs
[0.231s] [  4%] Built target std_srvs__cpp
[0.235s] [ 14%] Built target std_srvs__rosidl_generator_c
[0.245s] [ 14%] Built target ament_cmake_python_copy_std_srvs
[0.252s] [35m[1mConsolidate compiler generated dependencies of target std_srvs__rosidl_typesupport_fastrtps_cpp[0m
[0.262s] [35m[1mConsolidate compiler generated dependencies of target std_srvs__rosidl_typesupport_introspection_cpp[0m
[0.278s] [35m[1mConsolidate compiler generated dependencies of target std_srvs__rosidl_typesupport_c[0m
[0.279s] [35m[1mConsolidate compiler generated dependencies of target std_srvs__rosidl_typesupport_fastrtps_c[0m
[0.279s] [35m[1mConsolidate compiler generated dependencies of target std_srvs__rosidl_typesupport_cpp[0m
[0.280s] [35m[1mConsolidate compiler generated dependencies of target std_srvs__rosidl_typesupport_introspection_c[0m
[0.284s] [ 25%] Built target std_srvs__rosidl_typesupport_fastrtps_cpp
[0.293s] [ 35%] Built target std_srvs__rosidl_typesupport_introspection_cpp
[0.301s] [ 45%] Built target std_srvs__rosidl_typesupport_introspection_c
[0.304s] [ 56%] Built target std_srvs__rosidl_typesupport_c
[0.305s] [ 66%] Built target std_srvs__rosidl_typesupport_fastrtps_c
[0.306s] [ 77%] Built target std_srvs__rosidl_typesupport_cpp
[0.342s] [ 77%] Built target std_srvs
[0.373s] [ 79%] Built target std_srvs__py
[0.388s] [35m[1mConsolidate compiler generated dependencies of target std_srvs__rosidl_generator_py[0m
[0.406s] [ 87%] Built target std_srvs__rosidl_generator_py
[0.423s] [35m[1mConsolidate compiler generated dependencies of target std_srvs__rosidl_typesupport_c__pyext[0m
[0.423s] [35m[1mConsolidate compiler generated dependencies of target std_srvs__rosidl_typesupport_introspection_c__pyext[0m
[0.423s] [35m[1mConsolidate compiler generated dependencies of target std_srvs__rosidl_typesupport_fastrtps_c__pyext[0m
[0.439s] [ 91%] Built target std_srvs__rosidl_typesupport_c__pyext
[0.440s] [ 95%] Built target std_srvs__rosidl_typesupport_fastrtps_c__pyext
[0.440s] [100%] Built target std_srvs__rosidl_typesupport_introspection_c__pyext
[0.739s] running egg_info
[0.753s] writing std_srvs.egg-info/PKG-INFO
[0.753s] writing dependency_links to std_srvs.egg-info/dependency_links.txt
[0.754s] writing top-level names to std_srvs.egg-info/top_level.txt
[0.800s] reading manifest file 'std_srvs.egg-info/SOURCES.txt'
[0.801s] writing manifest file 'std_srvs.egg-info/SOURCES.txt'
[0.852s] [100%] Built target ament_cmake_python_build_std_srvs_egg
[0.867s] Invoked command in '/home/hiro/rust_ws/build/std_srvs' returned '0': AMENT_PREFIX_PATH=/home/hiro/rust_ws/install/rosidl_runtime_rs:/home/hiro/rust_ws/install/common_interfaces:/home/hiro/rust_ws/install/visualization_msgs:/home/hiro/rust_ws/install/test_msgs:/home/hiro/rust_ws/install/examples_rclrs_minimal_client_service:/home/hiro/rust_ws/install/example_interfaces:/home/hiro/rust_ws/install/action_msgs:/home/hiro/rust_ws/install/unique_identifier_msgs:/home/hiro/rust_ws/install/trajectory_msgs:/home/hiro/rust_ws/install/test_interface_files:/home/hiro/rust_ws/install/stereo_msgs:/home/hiro/rust_ws/install/std_srvs:/home/hiro/rust_ws/install/shape_msgs:/home/hiro/rust_ws/install/sensor_msgs_py:/home/hiro/rust_ws/install/sensor_msgs:/home/hiro/rust_ws/install/rust_pubsub:/home/hiro/rust_ws/install/nav_msgs:/home/hiro/rust_ws/install/diagnostic_msgs:/home/hiro/rust_ws/install/geometry_msgs:/home/hiro/rust_ws/install/examples_rclrs_minimal_pub_sub:/home/hiro/rust_ws/install/actionlib_msgs:/home/hiro/rust_ws/install/std_msgs:/home/hiro/rust_ws/install/statistics_msgs:/home/hiro/rust_ws/install/examples_rclrs_message_demo:/home/hiro/rust_ws/install/rclrs:/home/hiro/rust_ws/install/rosgraph_msgs:/home/hiro/rust_ws/install/rclrs_example_msgs:/home/hiro/rust_ws/install/composition_interfaces:/home/hiro/rust_ws/install/rcl_interfaces:/home/hiro/rust_ws/install/lifecycle_msgs:/home/hiro/rust_ws/install/builtin_interfaces:/home/hiro/rust_ws/install/rosidl_default_runtime:/home/hiro/rust_ws/install/rosidl_default_generators:/home/hiro/rust_ws/install/rosidl_generator_rs:/home/hiro/ws_livox/install/livox_ros_driver2:/opt/ros/humble CMAKE_PREFIX_PATH=/home/hiro/rust_ws/install/rosidl_default_runtime:/home/hiro/rust_ws/install/rosidl_default_generators:/home/hiro/rust_ws/install/rosidl_generator_rs:/home/hiro/rust_ws/install/common_interfaces:/home/hiro/rust_ws/install/visualization_msgs:/home/hiro/rust_ws/install/test_msgs:/home/hiro/rust_ws/install/example_interfaces:/home/hiro/rust_ws/install/action_msgs:/home/hiro/rust_ws/install/unique_identifier_msgs:/home/hiro/rust_ws/install/trajectory_msgs:/home/hiro/rust_ws/install/test_interface_files:/home/hiro/rust_ws/install/stereo_msgs:/home/hiro/rust_ws/install/std_srvs:/home/hiro/rust_ws/install/shape_msgs:/home/hiro/rust_ws/install/sensor_msgs:/home/hiro/rust_ws/install/nav_msgs:/home/hiro/rust_ws/install/diagnostic_msgs:/home/hiro/rust_ws/install/geometry_msgs:/home/hiro/rust_ws/install/actionlib_msgs:/home/hiro/rust_ws/install/std_msgs:/home/hiro/rust_ws/install/statistics_msgs:/home/hiro/rust_ws/install/rosgraph_msgs:/home/hiro/rust_ws/install/rclrs_example_msgs:/home/hiro/rust_ws/install/composition_interfaces:/home/hiro/rust_ws/install/rcl_interfaces:/home/hiro/rust_ws/install/lifecycle_msgs:/home/hiro/rust_ws/install/builtin_interfaces:/home/hiro/ws_livox/install/livox_ros_driver2:/home/hiro/rust_ws/install/examples_rclrs_minimal_client_service:/home/hiro/rust_ws/install/sensor_msgs_py:/home/hiro/rust_ws/install/rust_pubsub:/home/hiro/rust_ws/install/examples_rclrs_minimal_pub_sub:/home/hiro/rust_ws/install/examples_rclrs_message_demo:/home/hiro/rust_ws/install/rclrs:/home/hiro/rust_ws/install/rosidl_runtime_rs:/opt/ros/humble /usr/bin/cmake --build /home/hiro/rust_ws/build/std_srvs -- -j22 -l22
[0.998s] Invoking command in '/home/hiro/rust_ws/build/std_srvs': AMENT_PREFIX_PATH=/home/hiro/rust_ws/install/rosidl_runtime_rs:/home/hiro/rust_ws/install/common_interfaces:/home/hiro/rust_ws/install/visualization_msgs:/home/hiro/rust_ws/install/test_msgs:/home/hiro/rust_ws/install/examples_rclrs_minimal_client_service:/home/hiro/rust_ws/install/example_interfaces:/home/hiro/rust_ws/install/action_msgs:/home/hiro/rust_ws/install/unique_identifier_msgs:/home/hiro/rust_ws/install/trajectory_msgs:/home/hiro/rust_ws/install/test_interface_files:/home/hiro/rust_ws/install/stereo_msgs:/home/hiro/rust_ws/install/std_srvs:/home/hiro/rust_ws/install/shape_msgs:/home/hiro/rust_ws/install/sensor_msgs_py:/home/hiro/rust_ws/install/sensor_msgs:/home/hiro/rust_ws/install/rust_pubsub:/home/hiro/rust_ws/install/nav_msgs:/home/hiro/rust_ws/install/diagnostic_msgs:/home/hiro/rust_ws/install/geometry_msgs:/home/hiro/rust_ws/install/examples_rclrs_minimal_pub_sub:/home/hiro/rust_ws/install/actionlib_msgs:/home/hiro/rust_ws/install/std_msgs:/home/hiro/rust_ws/install/statistics_msgs:/home/hiro/rust_ws/install/examples_rclrs_message_demo:/home/hiro/rust_ws/install/rclrs:/home/hiro/rust_ws/install/rosgraph_msgs:/home/hiro/rust_ws/install/rclrs_example_msgs:/home/hiro/rust_ws/install/composition_interfaces:/home/hiro/rust_ws/install/rcl_interfaces:/home/hiro/rust_ws/install/lifecycle_msgs:/home/hiro/rust_ws/install/builtin_interfaces:/home/hiro/rust_ws/install/rosidl_default_runtime:/home/hiro/rust_ws/install/rosidl_default_generators:/home/hiro/rust_ws/install/rosidl_generator_rs:/home/hiro/ws_livox/install/livox_ros_driver2:/opt/ros/humble CMAKE_PREFIX_PATH=/home/hiro/rust_ws/install/rosidl_default_runtime:/home/hiro/rust_ws/install/rosidl_default_generators:/home/hiro/rust_ws/install/rosidl_generator_rs:/home/hiro/rust_ws/install/common_interfaces:/home/hiro/rust_ws/install/visualization_msgs:/home/hiro/rust_ws/install/test_msgs:/home/hiro/rust_ws/install/example_interfaces:/home/hiro/rust_ws/install/action_msgs:/home/hiro/rust_ws/install/unique_identifier_msgs:/home/hiro/rust_ws/install/trajectory_msgs:/home/hiro/rust_ws/install/test_interface_files:/home/hiro/rust_ws/install/stereo_msgs:/home/hiro/rust_ws/install/std_srvs:/home/hiro/rust_ws/install/shape_msgs:/home/hiro/rust_ws/install/sensor_msgs:/home/hiro/rust_ws/install/nav_msgs:/home/hiro/rust_ws/install/diagnostic_msgs:/home/hiro/rust_ws/install/geometry_msgs:/home/hiro/rust_ws/install/actionlib_msgs:/home/hiro/rust_ws/install/std_msgs:/home/hiro/rust_ws/install/statistics_msgs:/home/hiro/rust_ws/install/rosgraph_msgs:/home/hiro/rust_ws/install/rclrs_example_msgs:/home/hiro/rust_ws/install/composition_interfaces:/home/hiro/rust_ws/install/rcl_interfaces:/home/hiro/rust_ws/install/lifecycle_msgs:/home/hiro/rust_ws/install/builtin_interfaces:/home/hiro/ws_livox/install/livox_ros_driver2:/home/hiro/rust_ws/install/examples_rclrs_minimal_client_service:/home/hiro/rust_ws/install/sensor_msgs_py:/home/hiro/rust_ws/install/rust_pubsub:/home/hiro/rust_ws/install/examples_rclrs_minimal_pub_sub:/home/hiro/rust_ws/install/examples_rclrs_message_demo:/home/hiro/rust_ws/install/rclrs:/home/hiro/rust_ws/install/rosidl_runtime_rs:/opt/ros/humble /usr/bin/cmake --install /home/hiro/rust_ws/build/std_srvs
[1.011s] -- Install configuration: ""
[1.011s] -- Up-to-date: /home/hiro/rust_ws/install/std_srvs/share/ament_index/resource_index/rosidl_interfaces/std_srvs
[1.012s] -- Up-to-date: /home/hiro/rust_ws/install/std_srvs/include/std_srvs/std_srvs
[1.012s] -- Up-to-date: /home/hiro/rust_ws/install/std_srvs/include/std_srvs/std_srvs/msg
[1.012s] -- Up-to-date: /home/hiro/rust_ws/install/std_srvs/include/std_srvs/std_srvs/msg/rosidl_generator_c__visibility_control.h
[1.012s] -- Up-to-date: /home/hiro/rust_ws/install/std_srvs/include/std_srvs/std_srvs/srv
[1.012s] -- Up-to-date: /home/hiro/rust_ws/install/std_srvs/include/std_srvs/std_srvs/srv/trigger.h
[1.012s] -- Up-to-date: /home/hiro/rust_ws/install/std_srvs/include/std_srvs/std_srvs/srv/set_bool.h
[1.012s] -- Up-to-date: /home/hiro/rust_ws/install/std_srvs/include/std_srvs/std_srvs/srv/detail
[1.012s] -- Up-to-date: /home/hiro/rust_ws/install/std_srvs/include/std_srvs/std_srvs/srv/detail/trigger__struct.h
[1.012s] -- Up-to-date: /home/hiro/rust_ws/install/std_srvs/include/std_srvs/std_srvs/srv/detail/empty__type_support.h
[1.013s] -- Up-to-date: /home/hiro/rust_ws/install/std_srvs/include/std_srvs/std_srvs/srv/detail/trigger__functions.c
[1.013s] -- Up-to-date: /home/hiro/rust_ws/install/std_srvs/include/std_srvs/std_srvs/srv/detail/set_bool__functions.c
[1.013s] -- Up-to-date: /home/hiro/rust_ws/install/std_srvs/include/std_srvs/std_srvs/srv/detail/trigger__type_support.h
[1.013s] -- Up-to-date: /home/hiro/rust_ws/install/std_srvs/include/std_srvs/std_srvs/srv/detail/set_bool__functions.h
[1.013s] -- Up-to-date: /home/hiro/rust_ws/install/std_srvs/include/std_srvs/std_srvs/srv/detail/trigger__functions.h
[1.013s] -- Up-to-date: /home/hiro/rust_ws/install/std_srvs/include/std_srvs/std_srvs/srv/detail/set_bool__type_support.h
[1.014s] -- Up-to-date: /home/hiro/rust_ws/install/std_srvs/include/std_srvs/std_srvs/srv/detail/empty__functions.c
[1.015s] -- Up-to-date: /home/hiro/rust_ws/install/std_srvs/include/std_srvs/std_srvs/srv/detail/set_bool__struct.h
[1.015s] -- Up-to-date: /home/hiro/rust_ws/install/std_srvs/include/std_srvs/std_srvs/srv/detail/empty__functions.h
[1.016s] -- Up-to-date: /home/hiro/rust_ws/install/std_srvs/include/std_srvs/std_srvs/srv/detail/empty__struct.h
[1.016s] -- Up-to-date: /home/hiro/rust_ws/install/std_srvs/include/std_srvs/std_srvs/srv/empty.h
[1.016s] -- Up-to-date: /home/hiro/rust_ws/install/std_srvs/share/std_srvs/environment/library_path.sh
[1.016s] -- Up-to-date: /home/hiro/rust_ws/install/std_srvs/share/std_srvs/environment/library_path.dsv
[1.016s] -- Up-to-date: /home/hiro/rust_ws/install/std_srvs/lib/libstd_srvs__rosidl_generator_c.so
[1.016s] -- Up-to-date: /home/hiro/rust_ws/install/std_srvs/include/std_srvs/std_srvs
[1.017s] -- Up-to-date: /home/hiro/rust_ws/install/std_srvs/include/std_srvs/std_srvs/msg
[1.017s] -- Up-to-date: /home/hiro/rust_ws/install/std_srvs/include/std_srvs/std_srvs/msg/rosidl_typesupport_fastrtps_c__visibility_control.h
[1.018s] -- Up-to-date: /home/hiro/rust_ws/install/std_srvs/include/std_srvs/std_srvs/srv
[1.018s] -- Up-to-date: /home/hiro/rust_ws/install/std_srvs/include/std_srvs/std_srvs/srv/detail
[1.019s] -- Up-to-date: /home/hiro/rust_ws/install/std_srvs/include/std_srvs/std_srvs/srv/detail/empty__rosidl_typesupport_fastrtps_c.h
[1.019s] -- Up-to-date: /home/hiro/rust_ws/install/std_srvs/include/std_srvs/std_srvs/srv/detail/trigger__rosidl_typesupport_fastrtps_c.h
[1.019s] -- Up-to-date: /home/hiro/rust_ws/install/std_srvs/include/std_srvs/std_srvs/srv/detail/set_bool__rosidl_typesupport_fastrtps_c.h
[1.019s] -- Up-to-date: /home/hiro/rust_ws/install/std_srvs/lib/libstd_srvs__rosidl_typesupport_fastrtps_c.so
[1.019s] -- Up-to-date: /home/hiro/rust_ws/install/std_srvs/include/std_srvs/std_srvs
[1.019s] -- Up-to-date: /home/hiro/rust_ws/install/std_srvs/include/std_srvs/std_srvs/msg
[1.019s] -- Up-to-date: /home/hiro/rust_ws/install/std_srvs/include/std_srvs/std_srvs/msg/rosidl_typesupport_introspection_c__visibility_control.h
[1.019s] -- Up-to-date: /home/hiro/rust_ws/install/std_srvs/include/std_srvs/std_srvs/srv
[1.019s] -- Up-to-date: /home/hiro/rust_ws/install/std_srvs/include/std_srvs/std_srvs/srv/detail
[1.020s] -- Up-to-date: /home/hiro/rust_ws/install/std_srvs/include/std_srvs/std_srvs/srv/detail/set_bool__type_support.c
[1.020s] -- Up-to-date: /home/hiro/rust_ws/install/std_srvs/include/std_srvs/std_srvs/srv/detail/trigger__rosidl_typesupport_introspection_c.h
[1.020s] -- Up-to-date: /home/hiro/rust_ws/install/std_srvs/include/std_srvs/std_srvs/srv/detail/trigger__type_support.c
[1.020s] -- Up-to-date: /home/hiro/rust_ws/install/std_srvs/include/std_srvs/std_srvs/srv/detail/set_bool__rosidl_typesupport_introspection_c.h
[1.020s] -- Up-to-date: /home/hiro/rust_ws/install/std_srvs/include/std_srvs/std_srvs/srv/detail/empty__type_support.c
[1.020s] -- Up-to-date: /home/hiro/rust_ws/install/std_srvs/include/std_srvs/std_srvs/srv/detail/empty__rosidl_typesupport_introspection_c.h
[1.020s] -- Up-to-date: /home/hiro/rust_ws/install/std_srvs/lib/libstd_srvs__rosidl_typesupport_introspection_c.so
[1.020s] -- Up-to-date: /home/hiro/rust_ws/install/std_srvs/lib/libstd_srvs__rosidl_typesupport_c.so
[1.020s] -- Up-to-date: /home/hiro/rust_ws/install/std_srvs/include/std_srvs/std_srvs
[1.020s] -- Up-to-date: /home/hiro/rust_ws/install/std_srvs/include/std_srvs/std_srvs/srv
[1.020s] -- Up-to-date: /home/hiro/rust_ws/install/std_srvs/include/std_srvs/std_srvs/srv/empty.hpp
[1.021s] -- Up-to-date: /home/hiro/rust_ws/install/std_srvs/include/std_srvs/std_srvs/srv/set_bool.hpp
[1.021s] -- Up-to-date: /home/hiro/rust_ws/install/std_srvs/include/std_srvs/std_srvs/srv/trigger.hpp
[1.021s] -- Up-to-date: /home/hiro/rust_ws/install/std_srvs/include/std_srvs/std_srvs/srv/detail
[1.022s] -- Up-to-date: /home/hiro/rust_ws/install/std_srvs/include/std_srvs/std_srvs/srv/detail/empty__struct.hpp
[1.022s] -- Up-to-date: /home/hiro/rust_ws/install/std_srvs/include/std_srvs/std_srvs/srv/detail/set_bool__builder.hpp
[1.024s] -- Up-to-date: /home/hiro/rust_ws/install/std_srvs/include/std_srvs/std_srvs/srv/detail/set_bool__struct.hpp
[1.024s] -- Up-to-date: /home/hiro/rust_ws/install/std_srvs/include/std_srvs/std_srvs/srv/detail/empty__builder.hpp
[1.024s] -- Up-to-date: /home/hiro/rust_ws/install/std_srvs/include/std_srvs/std_srvs/srv/detail/trigger__struct.hpp
[1.024s] -- Up-to-date: /home/hiro/rust_ws/install/std_srvs/include/std_srvs/std_srvs/srv/detail/set_bool__traits.hpp
[1.024s] -- Up-to-date: /home/hiro/rust_ws/install/std_srvs/include/std_srvs/std_srvs/srv/detail/trigger__builder.hpp
[1.025s] -- Up-to-date: /home/hiro/rust_ws/install/std_srvs/include/std_srvs/std_srvs/srv/detail/trigger__traits.hpp
[1.025s] -- Up-to-date: /home/hiro/rust_ws/install/std_srvs/include/std_srvs/std_srvs/srv/detail/empty__traits.hpp
[1.026s] -- Up-to-date: /home/hiro/rust_ws/install/std_srvs/include/std_srvs/std_srvs
[1.026s] -- Up-to-date: /home/hiro/rust_ws/install/std_srvs/include/std_srvs/std_srvs/msg
[1.027s] -- Up-to-date: /home/hiro/rust_ws/install/std_srvs/include/std_srvs/std_srvs/msg/rosidl_typesupport_fastrtps_cpp__visibility_control.h
[1.027s] -- Up-to-date: /home/hiro/rust_ws/install/std_srvs/include/std_srvs/std_srvs/srv
[1.027s] -- Up-to-date: /home/hiro/rust_ws/install/std_srvs/include/std_srvs/std_srvs/srv/detail
[1.028s] -- Up-to-date: /home/hiro/rust_ws/install/std_srvs/include/std_srvs/std_srvs/srv/detail/dds_fastrtps
[1.028s] -- Up-to-date: /home/hiro/rust_ws/install/std_srvs/include/std_srvs/std_srvs/srv/detail/set_bool__rosidl_typesupport_fastrtps_cpp.hpp
[1.029s] -- Up-to-date: /home/hiro/rust_ws/install/std_srvs/include/std_srvs/std_srvs/srv/detail/empty__rosidl_typesupport_fastrtps_cpp.hpp
[1.030s] -- Up-to-date: /home/hiro/rust_ws/install/std_srvs/include/std_srvs/std_srvs/srv/detail/trigger__rosidl_typesupport_fastrtps_cpp.hpp
[1.030s] -- Up-to-date: /home/hiro/rust_ws/install/std_srvs/lib/libstd_srvs__rosidl_typesupport_fastrtps_cpp.so
[1.031s] -- Up-to-date: /home/hiro/rust_ws/install/std_srvs/include/std_srvs/std_srvs
[1.031s] -- Up-to-date: /home/hiro/rust_ws/install/std_srvs/include/std_srvs/std_srvs/srv
[1.031s] -- Up-to-date: /home/hiro/rust_ws/install/std_srvs/include/std_srvs/std_srvs/srv/detail
[1.031s] -- Up-to-date: /home/hiro/rust_ws/install/std_srvs/include/std_srvs/std_srvs/srv/detail/set_bool__rosidl_typesupport_introspection_cpp.hpp
[1.031s] -- Up-to-date: /home/hiro/rust_ws/install/std_srvs/include/std_srvs/std_srvs/srv/detail/empty__rosidl_typesupport_introspection_cpp.hpp
[1.031s] -- Up-to-date: /home/hiro/rust_ws/install/std_srvs/include/std_srvs/std_srvs/srv/detail/set_bool__type_support.cpp
[1.031s] -- Up-to-date: /home/hiro/rust_ws/install/std_srvs/include/std_srvs/std_srvs/srv/detail/trigger__type_support.cpp
[1.031s] -- Up-to-date: /home/hiro/rust_ws/install/std_srvs/include/std_srvs/std_srvs/srv/detail/trigger__rosidl_typesupport_introspection_cpp.hpp
[1.032s] -- Up-to-date: /home/hiro/rust_ws/install/std_srvs/include/std_srvs/std_srvs/srv/detail/empty__type_support.cpp
[1.032s] -- Up-to-date: /home/hiro/rust_ws/install/std_srvs/lib/libstd_srvs__rosidl_typesupport_introspection_cpp.so
[1.032s] -- Up-to-date: /home/hiro/rust_ws/install/std_srvs/lib/libstd_srvs__rosidl_typesupport_cpp.so
[1.032s] -- Up-to-date: /home/hiro/rust_ws/install/std_srvs/share/ament_index/resource_index/rust_packages/std_srvs
[1.032s] -- Up-to-date: /home/hiro/rust_ws/install/std_srvs/share/std_srvs/rust
[1.032s] -- Up-to-date: /home/hiro/rust_ws/install/std_srvs/share/std_srvs/rust/Cargo.toml
[1.032s] -- Up-to-date: /home/hiro/rust_ws/install/std_srvs/share/std_srvs/rust/build.rs
[1.032s] -- Up-to-date: /home/hiro/rust_ws/install/std_srvs/share/std_srvs/rust/src
[1.032s] -- Up-to-date: /home/hiro/rust_ws/install/std_srvs/share/std_srvs/rust/src/srv.rs
[1.033s] -- Up-to-date: /home/hiro/rust_ws/install/std_srvs/share/std_srvs/rust/src/lib.rs
[1.033s] -- Up-to-date: /home/hiro/rust_ws/install/std_srvs/share/std_srvs/environment/pythonpath.sh
[1.033s] -- Up-to-date: /home/hiro/rust_ws/install/std_srvs/share/std_srvs/environment/pythonpath.dsv
[1.033s] -- Up-to-date: /home/hiro/rust_ws/install/std_srvs/local/lib/python3.10/dist-packages/std_srvs-4.2.4-py3.10.egg-info
[1.033s] -- Installing: /home/hiro/rust_ws/install/std_srvs/local/lib/python3.10/dist-packages/std_srvs-4.2.4-py3.10.egg-info/top_level.txt
[1.033s] -- Installing: /home/hiro/rust_ws/install/std_srvs/local/lib/python3.10/dist-packages/std_srvs-4.2.4-py3.10.egg-info/PKG-INFO
[1.033s] -- Installing: /home/hiro/rust_ws/install/std_srvs/local/lib/python3.10/dist-packages/std_srvs-4.2.4-py3.10.egg-info/SOURCES.txt
[1.033s] -- Installing: /home/hiro/rust_ws/install/std_srvs/local/lib/python3.10/dist-packages/std_srvs-4.2.4-py3.10.egg-info/dependency_links.txt
[1.034s] -- Up-to-date: /home/hiro/rust_ws/install/std_srvs/local/lib/python3.10/dist-packages/std_srvs
[1.034s] -- Up-to-date: /home/hiro/rust_ws/install/std_srvs/local/lib/python3.10/dist-packages/std_srvs/std_srvs_s__rosidl_typesupport_fastrtps_c.cpython-310-x86_64-linux-gnu.so
[1.034s] -- Up-to-date: /home/hiro/rust_ws/install/std_srvs/local/lib/python3.10/dist-packages/std_srvs/std_srvs_s__rosidl_typesupport_c.cpython-310-x86_64-linux-gnu.so
[1.034s] -- Up-to-date: /home/hiro/rust_ws/install/std_srvs/local/lib/python3.10/dist-packages/std_srvs/_std_srvs_s.ep.rosidl_typesupport_c.c
[1.034s] -- Up-to-date: /home/hiro/rust_ws/install/std_srvs/local/lib/python3.10/dist-packages/std_srvs/libstd_srvs__rosidl_generator_py.so
[1.034s] -- Up-to-date: /home/hiro/rust_ws/install/std_srvs/local/lib/python3.10/dist-packages/std_srvs/_std_srvs_s.ep.rosidl_typesupport_fastrtps_c.c
[1.034s] -- Up-to-date: /home/hiro/rust_ws/install/std_srvs/local/lib/python3.10/dist-packages/std_srvs/__init__.py
[1.034s] -- Up-to-date: /home/hiro/rust_ws/install/std_srvs/local/lib/python3.10/dist-packages/std_srvs/std_srvs_s__rosidl_typesupport_introspection_c.cpython-310-x86_64-linux-gnu.so
[1.035s] -- Up-to-date: /home/hiro/rust_ws/install/std_srvs/local/lib/python3.10/dist-packages/std_srvs/srv
[1.035s] -- Up-to-date: /home/hiro/rust_ws/install/std_srvs/local/lib/python3.10/dist-packages/std_srvs/srv/_empty.py
[1.035s] -- Up-to-date: /home/hiro/rust_ws/install/std_srvs/local/lib/python3.10/dist-packages/std_srvs/srv/_set_bool_s.c
[1.035s] -- Up-to-date: /home/hiro/rust_ws/install/std_srvs/local/lib/python3.10/dist-packages/std_srvs/srv/_trigger_s.c
[1.035s] -- Up-to-date: /home/hiro/rust_ws/install/std_srvs/local/lib/python3.10/dist-packages/std_srvs/srv/_trigger.py
[1.035s] -- Up-to-date: /home/hiro/rust_ws/install/std_srvs/local/lib/python3.10/dist-packages/std_srvs/srv/_empty_s.c
[1.035s] -- Up-to-date: /home/hiro/rust_ws/install/std_srvs/local/lib/python3.10/dist-packages/std_srvs/srv/__init__.py
[1.035s] -- Up-to-date: /home/hiro/rust_ws/install/std_srvs/local/lib/python3.10/dist-packages/std_srvs/srv/_set_bool.py
[1.035s] -- Up-to-date: /home/hiro/rust_ws/install/std_srvs/local/lib/python3.10/dist-packages/std_srvs/_std_srvs_s.ep.rosidl_typesupport_introspection_c.c
[1.080s] Listing '/home/hiro/rust_ws/install/std_srvs/local/lib/python3.10/dist-packages/std_srvs'...
[1.080s] Listing '/home/hiro/rust_ws/install/std_srvs/local/lib/python3.10/dist-packages/std_srvs/srv'...
[1.080s] -- Up-to-date: /home/hiro/rust_ws/install/std_srvs/local/lib/python3.10/dist-packages/std_srvs/std_srvs_s__rosidl_typesupport_fastrtps_c.cpython-310-x86_64-linux-gnu.so
[1.080s] -- Up-to-date: /home/hiro/rust_ws/install/std_srvs/local/lib/python3.10/dist-packages/std_srvs/std_srvs_s__rosidl_typesupport_introspection_c.cpython-310-x86_64-linux-gnu.so
[1.080s] -- Up-to-date: /home/hiro/rust_ws/install/std_srvs/local/lib/python3.10/dist-packages/std_srvs/std_srvs_s__rosidl_typesupport_c.cpython-310-x86_64-linux-gnu.so
[1.080s] -- Up-to-date: /home/hiro/rust_ws/install/std_srvs/lib/libstd_srvs__rosidl_generator_py.so
[1.081s] -- Up-to-date: /home/hiro/rust_ws/install/std_srvs/share/std_srvs/srv/Empty.idl
[1.081s] -- Up-to-date: /home/hiro/rust_ws/install/std_srvs/share/std_srvs/srv/SetBool.idl
[1.081s] -- Up-to-date: /home/hiro/rust_ws/install/std_srvs/share/std_srvs/srv/Trigger.idl
[1.081s] -- Up-to-date: /home/hiro/rust_ws/install/std_srvs/share/std_srvs/srv/Empty.srv
[1.081s] -- Up-to-date: /home/hiro/rust_ws/install/std_srvs/share/std_srvs/srv/Empty_Request.msg
[1.081s] -- Up-to-date: /home/hiro/rust_ws/install/std_srvs/share/std_srvs/srv/Empty_Response.msg
[1.081s] -- Up-to-date: /home/hiro/rust_ws/install/std_srvs/share/std_srvs/srv/SetBool.srv
[1.081s] -- Up-to-date: /home/hiro/rust_ws/install/std_srvs/share/std_srvs/srv/SetBool_Request.msg
[1.082s] -- Up-to-date: /home/hiro/rust_ws/install/std_srvs/share/std_srvs/srv/SetBool_Response.msg
[1.082s] -- Up-to-date: /home/hiro/rust_ws/install/std_srvs/share/std_srvs/srv/Trigger.srv
[1.082s] -- Up-to-date: /home/hiro/rust_ws/install/std_srvs/share/std_srvs/srv/Trigger_Request.msg
[1.082s] -- Up-to-date: /home/hiro/rust_ws/install/std_srvs/share/std_srvs/srv/Trigger_Response.msg
[1.082s] -- Up-to-date: /home/hiro/rust_ws/install/std_srvs/share/ament_index/resource_index/package_run_dependencies/std_srvs
[1.082s] -- Up-to-date: /home/hiro/rust_ws/install/std_srvs/share/ament_index/resource_index/parent_prefix_path/std_srvs
[1.082s] -- Up-to-date: /home/hiro/rust_ws/install/std_srvs/share/std_srvs/environment/ament_prefix_path.sh
[1.083s] -- Up-to-date: /home/hiro/rust_ws/install/std_srvs/share/std_srvs/environment/ament_prefix_path.dsv
[1.083s] -- Up-to-date: /home/hiro/rust_ws/install/std_srvs/share/std_srvs/environment/path.sh
[1.083s] -- Up-to-date: /home/hiro/rust_ws/install/std_srvs/share/std_srvs/environment/path.dsv
[1.083s] -- Up-to-date: /home/hiro/rust_ws/install/std_srvs/share/std_srvs/local_setup.bash
[1.083s] -- Up-to-date: /home/hiro/rust_ws/install/std_srvs/share/std_srvs/local_setup.sh
[1.083s] -- Up-to-date: /home/hiro/rust_ws/install/std_srvs/share/std_srvs/local_setup.zsh
[1.083s] -- Up-to-date: /home/hiro/rust_ws/install/std_srvs/share/std_srvs/local_setup.dsv
[1.083s] -- Installing: /home/hiro/rust_ws/install/std_srvs/share/std_srvs/package.dsv
[1.083s] -- Up-to-date: /home/hiro/rust_ws/install/std_srvs/share/ament_index/resource_index/packages/std_srvs
[1.084s] -- Up-to-date: /home/hiro/rust_ws/install/std_srvs/share/std_srvs/cmake/export_std_srvs__rosidl_generator_cExport.cmake
[1.084s] -- Up-to-date: /home/hiro/rust_ws/install/std_srvs/share/std_srvs/cmake/export_std_srvs__rosidl_generator_cExport-noconfig.cmake
[1.084s] -- Up-to-date: /home/hiro/rust_ws/install/std_srvs/share/std_srvs/cmake/export_std_srvs__rosidl_typesupport_fastrtps_cExport.cmake
[1.084s] -- Up-to-date: /home/hiro/rust_ws/install/std_srvs/share/std_srvs/cmake/export_std_srvs__rosidl_typesupport_fastrtps_cExport-noconfig.cmake
[1.084s] -- Up-to-date: /home/hiro/rust_ws/install/std_srvs/share/std_srvs/cmake/std_srvs__rosidl_typesupport_introspection_cExport.cmake
[1.084s] -- Up-to-date: /home/hiro/rust_ws/install/std_srvs/share/std_srvs/cmake/std_srvs__rosidl_typesupport_introspection_cExport-noconfig.cmake
[1.084s] -- Up-to-date: /home/hiro/rust_ws/install/std_srvs/share/std_srvs/cmake/std_srvs__rosidl_typesupport_cExport.cmake
[1.084s] -- Up-to-date: /home/hiro/rust_ws/install/std_srvs/share/std_srvs/cmake/std_srvs__rosidl_typesupport_cExport-noconfig.cmake
[1.084s] -- Up-to-date: /home/hiro/rust_ws/install/std_srvs/share/std_srvs/cmake/export_std_srvs__rosidl_generator_cppExport.cmake
[1.085s] -- Up-to-date: /home/hiro/rust_ws/install/std_srvs/share/std_srvs/cmake/export_std_srvs__rosidl_typesupport_fastrtps_cppExport.cmake
[1.085s] -- Up-to-date: /home/hiro/rust_ws/install/std_srvs/share/std_srvs/cmake/export_std_srvs__rosidl_typesupport_fastrtps_cppExport-noconfig.cmake
[1.085s] -- Up-to-date: /home/hiro/rust_ws/install/std_srvs/share/std_srvs/cmake/std_srvs__rosidl_typesupport_introspection_cppExport.cmake
[1.085s] -- Up-to-date: /home/hiro/rust_ws/install/std_srvs/share/std_srvs/cmake/std_srvs__rosidl_typesupport_introspection_cppExport-noconfig.cmake
[1.085s] -- Up-to-date: /home/hiro/rust_ws/install/std_srvs/share/std_srvs/cmake/std_srvs__rosidl_typesupport_cppExport.cmake
[1.085s] -- Up-to-date: /home/hiro/rust_ws/install/std_srvs/share/std_srvs/cmake/std_srvs__rosidl_typesupport_cppExport-noconfig.cmake
[1.085s] -- Up-to-date: /home/hiro/rust_ws/install/std_srvs/share/std_srvs/cmake/export_std_srvs__rosidl_generator_pyExport.cmake
[1.085s] -- Up-to-date: /home/hiro/rust_ws/install/std_srvs/share/std_srvs/cmake/export_std_srvs__rosidl_generator_pyExport-noconfig.cmake
[1.086s] -- Up-to-date: /home/hiro/rust_ws/install/std_srvs/share/std_srvs/cmake/rosidl_cmake-extras.cmake
[1.086s] -- Up-to-date: /home/hiro/rust_ws/install/std_srvs/share/std_srvs/cmake/ament_cmake_export_include_directories-extras.cmake
[1.086s] -- Up-to-date: /home/hiro/rust_ws/install/std_srvs/share/std_srvs/cmake/ament_cmake_export_libraries-extras.cmake
[1.086s] -- Up-to-date: /home/hiro/rust_ws/install/std_srvs/share/std_srvs/cmake/ament_cmake_export_targets-extras.cmake
[1.086s] -- Up-to-date: /home/hiro/rust_ws/install/std_srvs/share/std_srvs/cmake/rosidl_cmake_export_typesupport_targets-extras.cmake
[1.086s] -- Up-to-date: /home/hiro/rust_ws/install/std_srvs/share/std_srvs/cmake/ament_cmake_export_dependencies-extras.cmake
[1.086s] -- Up-to-date: /home/hiro/rust_ws/install/std_srvs/share/std_srvs/cmake/rosidl_cmake_export_typesupport_libraries-extras.cmake
[1.086s] -- Up-to-date: /home/hiro/rust_ws/install/std_srvs/share/std_srvs/cmake/std_srvsConfig.cmake
[1.087s] -- Up-to-date: /home/hiro/rust_ws/install/std_srvs/share/std_srvs/cmake/std_srvsConfig-version.cmake
[1.087s] -- Up-to-date: /home/hiro/rust_ws/install/std_srvs/share/std_srvs/package.xml
[1.109s] Invoked command in '/home/hiro/rust_ws/build/std_srvs' returned '0': AMENT_PREFIX_PATH=/home/hiro/rust_ws/install/rosidl_runtime_rs:/home/hiro/rust_ws/install/common_interfaces:/home/hiro/rust_ws/install/visualization_msgs:/home/hiro/rust_ws/install/test_msgs:/home/hiro/rust_ws/install/examples_rclrs_minimal_client_service:/home/hiro/rust_ws/install/example_interfaces:/home/hiro/rust_ws/install/action_msgs:/home/hiro/rust_ws/install/unique_identifier_msgs:/home/hiro/rust_ws/install/trajectory_msgs:/home/hiro/rust_ws/install/test_interface_files:/home/hiro/rust_ws/install/stereo_msgs:/home/hiro/rust_ws/install/std_srvs:/home/hiro/rust_ws/install/shape_msgs:/home/hiro/rust_ws/install/sensor_msgs_py:/home/hiro/rust_ws/install/sensor_msgs:/home/hiro/rust_ws/install/rust_pubsub:/home/hiro/rust_ws/install/nav_msgs:/home/hiro/rust_ws/install/diagnostic_msgs:/home/hiro/rust_ws/install/geometry_msgs:/home/hiro/rust_ws/install/examples_rclrs_minimal_pub_sub:/home/hiro/rust_ws/install/actionlib_msgs:/home/hiro/rust_ws/install/std_msgs:/home/hiro/rust_ws/install/statistics_msgs:/home/hiro/rust_ws/install/examples_rclrs_message_demo:/home/hiro/rust_ws/install/rclrs:/home/hiro/rust_ws/install/rosgraph_msgs:/home/hiro/rust_ws/install/rclrs_example_msgs:/home/hiro/rust_ws/install/composition_interfaces:/home/hiro/rust_ws/install/rcl_interfaces:/home/hiro/rust_ws/install/lifecycle_msgs:/home/hiro/rust_ws/install/builtin_interfaces:/home/hiro/rust_ws/install/rosidl_default_runtime:/home/hiro/rust_ws/install/rosidl_default_generators:/home/hiro/rust_ws/install/rosidl_generator_rs:/home/hiro/ws_livox/install/livox_ros_driver2:/opt/ros/humble CMAKE_PREFIX_PATH=/home/hiro/rust_ws/install/rosidl_default_runtime:/home/hiro/rust_ws/install/rosidl_default_generators:/home/hiro/rust_ws/install/rosidl_generator_rs:/home/hiro/rust_ws/install/common_interfaces:/home/hiro/rust_ws/install/visualization_msgs:/home/hiro/rust_ws/install/test_msgs:/home/hiro/rust_ws/install/example_interfaces:/home/hiro/rust_ws/install/action_msgs:/home/hiro/rust_ws/install/unique_identifier_msgs:/home/hiro/rust_ws/install/trajectory_msgs:/home/hiro/rust_ws/install/test_interface_files:/home/hiro/rust_ws/install/stereo_msgs:/home/hiro/rust_ws/install/std_srvs:/home/hiro/rust_ws/install/shape_msgs:/home/hiro/rust_ws/install/sensor_msgs:/home/hiro/rust_ws/install/nav_msgs:/home/hiro/rust_ws/install/diagnostic_msgs:/home/hiro/rust_ws/install/geometry_msgs:/home/hiro/rust_ws/install/actionlib_msgs:/home/hiro/rust_ws/install/std_msgs:/home/hiro/rust_ws/install/statistics_msgs:/home/hiro/rust_ws/install/rosgraph_msgs:/home/hiro/rust_ws/install/rclrs_example_msgs:/home/hiro/rust_ws/install/composition_interfaces:/home/hiro/rust_ws/install/rcl_interfaces:/home/hiro/rust_ws/install/lifecycle_msgs:/home/hiro/rust_ws/install/builtin_interfaces:/home/hiro/ws_livox/install/livox_ros_driver2:/home/hiro/rust_ws/install/examples_rclrs_minimal_client_service:/home/hiro/rust_ws/install/sensor_msgs_py:/home/hiro/rust_ws/install/rust_pubsub:/home/hiro/rust_ws/install/examples_rclrs_minimal_pub_sub:/home/hiro/rust_ws/install/examples_rclrs_message_demo:/home/hiro/rust_ws/install/rclrs:/home/hiro/rust_ws/install/rosidl_runtime_rs:/opt/ros/humble /usr/bin/cmake --install /home/hiro/rust_ws/build/std_srvs
