[0.043s] Invoking command in '/home/hiromichi/rost2/build/stereo_msgs': AMENT_PREFIX_PATH=/home/hiromichi/rost2/install/sensor_msgs:/home/hiromichi/rost2/install/geometry_msgs:/home/hiromichi/rost2/install/std_msgs:/home/hiromichi/rost2/install/builtin_interfaces:/home/hiromichi/rost2/install/rosidl_default_runtime:/home/hiromichi/rost2/install/rosidl_default_generators:/home/hiromichi/rost2/install/rosidl_generator_rs:/home/hiromichi/rost2/install/rosidl_runtime_rs:${AMENT_PREFIX_PATH} CMAKE_PREFIX_PATH=/home/hiromichi/rost2/install/sensor_msgs:/home/hiromichi/rost2/install/geometry_msgs:/home/hiromichi/rost2/install/std_msgs:/home/hiromichi/rost2/install/builtin_interfaces:/home/hiromichi/rost2/install/rosidl_default_runtime:/home/hiromichi/rost2/install/rosidl_default_generators:/home/hiromichi/rost2/install/rosidl_generator_rs:/opt/ros/humble LD_LIBRARY_PATH=/home/hiromichi/rost2/install/sensor_msgs/lib:/home/hiromichi/rost2/install/geometry_msgs/lib:/home/hiromichi/rost2/install/std_msgs/lib:/home/hiromichi/rost2/install/builtin_interfaces/lib:${LD_LIBRARY_PATH} PYTHONPATH=/home/hiromichi/rost2/install/sensor_msgs/local/lib/python3.10/dist-packages:/home/hiromichi/rost2/install/geometry_msgs/local/lib/python3.10/dist-packages:/home/hiromichi/rost2/install/std_msgs/local/lib/python3.10/dist-packages:/home/hiromichi/rost2/install/builtin_interfaces/local/lib/python3.10/dist-packages:/home/hiromichi/rost2/install/rosidl_generator_rs/local/lib/python3.10/dist-packages:${PYTHONPATH} /usr/bin/cmake --build /home/hiromichi/rost2/build/stereo_msgs -- -j20 -l20
[0.277s] [35m[1mConsolidate compiler generated dependencies of target stereo_msgs__rosidl_generator_c[0m
[0.277s] [  6%] Built target stereo_msgs__cpp
[0.277s] [  6%] Built target stereo_msgs__rs
[0.277s] [ 15%] Built target stereo_msgs__rosidl_generator_c
[0.277s] [ 15%] Built target ament_cmake_python_copy_stereo_msgs
[0.277s] [35m[1mConsolidate compiler generated dependencies of target stereo_msgs__rosidl_typesupport_introspection_cpp[0m
[0.277s] [35m[1mConsolidate compiler generated dependencies of target stereo_msgs__rosidl_typesupport_fastrtps_cpp[0m
[0.277s] [35m[1mConsolidate compiler generated dependencies of target stereo_msgs__rosidl_typesupport_cpp[0m
[0.277s] [35m[1mConsolidate compiler generated dependencies of target stereo_msgs__rosidl_typesupport_fastrtps_c[0m
[0.277s] [35m[1mConsolidate compiler generated dependencies of target stereo_msgs__rosidl_typesupport_introspection_c[0m
[0.277s] [35m[1mConsolidate compiler generated dependencies of target stereo_msgs__rosidl_typesupport_c[0m
[0.277s] [ 31%] Built target stereo_msgs__rosidl_typesupport_introspection_cpp
[0.277s] [ 34%] Built target stereo_msgs__rosidl_typesupport_cpp
[0.277s] [ 43%] Built target stereo_msgs__rosidl_typesupport_fastrtps_cpp
[0.277s] [ 59%] Built target stereo_msgs__rosidl_typesupport_fastrtps_c
[0.277s] [ 62%] Built target stereo_msgs__rosidl_typesupport_introspection_c
[0.278s] [ 71%] Built target stereo_msgs__rosidl_typesupport_c
[0.278s] [ 71%] Built target stereo_msgs
[0.278s] [ 75%] Built target stereo_msgs__py
[0.278s] [35m[1mConsolidate compiler generated dependencies of target stereo_msgs__rosidl_generator_py[0m
[0.278s] [ 81%] Built target stereo_msgs__rosidl_generator_py
[0.278s] [35m[1mConsolidate compiler generated dependencies of target stereo_msgs__rosidl_typesupport_c__pyext[0m
[0.278s] [35m[1mConsolidate compiler generated dependencies of target stereo_msgs__rosidl_typesupport_fastrtps_c__pyext[0m
[0.278s] [35m[1mConsolidate compiler generated dependencies of target stereo_msgs__rosidl_typesupport_introspection_c__pyext[0m
[0.278s] [ 87%] Built target stereo_msgs__rosidl_typesupport_fastrtps_c__pyext
[0.278s] [ 93%] Built target stereo_msgs__rosidl_typesupport_introspection_c__pyext
[0.278s] [100%] Built target stereo_msgs__rosidl_typesupport_c__pyext
[0.299s] running egg_info
[0.300s] writing stereo_msgs.egg-info/PKG-INFO
[0.300s] writing dependency_links to stereo_msgs.egg-info/dependency_links.txt
[0.301s] writing top-level names to stereo_msgs.egg-info/top_level.txt
[0.303s] reading manifest file 'stereo_msgs.egg-info/SOURCES.txt'
[0.305s] writing manifest file 'stereo_msgs.egg-info/SOURCES.txt'
[0.327s] [100%] Built target ament_cmake_python_build_stereo_msgs_egg
[0.337s] Invoked command in '/home/hiromichi/rost2/build/stereo_msgs' returned '0': AMENT_PREFIX_PATH=/home/hiromichi/rost2/install/sensor_msgs:/home/hiromichi/rost2/install/geometry_msgs:/home/hiromichi/rost2/install/std_msgs:/home/hiromichi/rost2/install/builtin_interfaces:/home/hiromichi/rost2/install/rosidl_default_runtime:/home/hiromichi/rost2/install/rosidl_default_generators:/home/hiromichi/rost2/install/rosidl_generator_rs:/home/hiromichi/rost2/install/rosidl_runtime_rs:${AMENT_PREFIX_PATH} CMAKE_PREFIX_PATH=/home/hiromichi/rost2/install/sensor_msgs:/home/hiromichi/rost2/install/geometry_msgs:/home/hiromichi/rost2/install/std_msgs:/home/hiromichi/rost2/install/builtin_interfaces:/home/hiromichi/rost2/install/rosidl_default_runtime:/home/hiromichi/rost2/install/rosidl_default_generators:/home/hiromichi/rost2/install/rosidl_generator_rs:/opt/ros/humble LD_LIBRARY_PATH=/home/hiromichi/rost2/install/sensor_msgs/lib:/home/hiromichi/rost2/install/geometry_msgs/lib:/home/hiromichi/rost2/install/std_msgs/lib:/home/hiromichi/rost2/install/builtin_interfaces/lib:${LD_LIBRARY_PATH} PYTHONPATH=/home/hiromichi/rost2/install/sensor_msgs/local/lib/python3.10/dist-packages:/home/hiromichi/rost2/install/geometry_msgs/local/lib/python3.10/dist-packages:/home/hiromichi/rost2/install/std_msgs/local/lib/python3.10/dist-packages:/home/hiromichi/rost2/install/builtin_interfaces/local/lib/python3.10/dist-packages:/home/hiromichi/rost2/install/rosidl_generator_rs/local/lib/python3.10/dist-packages:${PYTHONPATH} /usr/bin/cmake --build /home/hiromichi/rost2/build/stereo_msgs -- -j20 -l20
[0.383s] Invoking command in '/home/hiromichi/rost2/build/stereo_msgs': AMENT_PREFIX_PATH=/home/hiromichi/rost2/install/sensor_msgs:/home/hiromichi/rost2/install/geometry_msgs:/home/hiromichi/rost2/install/std_msgs:/home/hiromichi/rost2/install/builtin_interfaces:/home/hiromichi/rost2/install/rosidl_default_runtime:/home/hiromichi/rost2/install/rosidl_default_generators:/home/hiromichi/rost2/install/rosidl_generator_rs:/home/hiromichi/rost2/install/rosidl_runtime_rs:${AMENT_PREFIX_PATH} CMAKE_PREFIX_PATH=/home/hiromichi/rost2/install/sensor_msgs:/home/hiromichi/rost2/install/geometry_msgs:/home/hiromichi/rost2/install/std_msgs:/home/hiromichi/rost2/install/builtin_interfaces:/home/hiromichi/rost2/install/rosidl_default_runtime:/home/hiromichi/rost2/install/rosidl_default_generators:/home/hiromichi/rost2/install/rosidl_generator_rs:/opt/ros/humble LD_LIBRARY_PATH=/home/hiromichi/rost2/install/sensor_msgs/lib:/home/hiromichi/rost2/install/geometry_msgs/lib:/home/hiromichi/rost2/install/std_msgs/lib:/home/hiromichi/rost2/install/builtin_interfaces/lib:${LD_LIBRARY_PATH} PYTHONPATH=/home/hiromichi/rost2/install/sensor_msgs/local/lib/python3.10/dist-packages:/home/hiromichi/rost2/install/geometry_msgs/local/lib/python3.10/dist-packages:/home/hiromichi/rost2/install/std_msgs/local/lib/python3.10/dist-packages:/home/hiromichi/rost2/install/builtin_interfaces/local/lib/python3.10/dist-packages:/home/hiromichi/rost2/install/rosidl_generator_rs/local/lib/python3.10/dist-packages:${PYTHONPATH} /usr/bin/cmake --install /home/hiromichi/rost2/build/stereo_msgs
[0.389s] -- Install configuration: ""
[0.390s] -- Up-to-date: /home/hiromichi/rost2/install/stereo_msgs/share/ament_index/resource_index/rosidl_interfaces/stereo_msgs
[0.390s] -- Up-to-date: /home/hiromichi/rost2/install/stereo_msgs/include/stereo_msgs/stereo_msgs
[0.390s] -- Up-to-date: /home/hiromichi/rost2/install/stereo_msgs/include/stereo_msgs/stereo_msgs/msg
[0.390s] -- Up-to-date: /home/hiromichi/rost2/install/stereo_msgs/include/stereo_msgs/stereo_msgs/msg/disparity_image.h
[0.390s] -- Up-to-date: /home/hiromichi/rost2/install/stereo_msgs/include/stereo_msgs/stereo_msgs/msg/rosidl_generator_c__visibility_control.h
[0.390s] -- Up-to-date: /home/hiromichi/rost2/install/stereo_msgs/include/stereo_msgs/stereo_msgs/msg/detail
[0.390s] -- Up-to-date: /home/hiromichi/rost2/install/stereo_msgs/include/stereo_msgs/stereo_msgs/msg/detail/disparity_image__functions.h
[0.390s] -- Up-to-date: /home/hiromichi/rost2/install/stereo_msgs/include/stereo_msgs/stereo_msgs/msg/detail/disparity_image__functions.c
[0.391s] -- Up-to-date: /home/hiromichi/rost2/install/stereo_msgs/include/stereo_msgs/stereo_msgs/msg/detail/disparity_image__struct.h
[0.391s] -- Up-to-date: /home/hiromichi/rost2/install/stereo_msgs/include/stereo_msgs/stereo_msgs/msg/detail/disparity_image__type_support.h
[0.391s] -- Up-to-date: /home/hiromichi/rost2/install/stereo_msgs/share/stereo_msgs/environment/library_path.sh
[0.391s] -- Up-to-date: /home/hiromichi/rost2/install/stereo_msgs/share/stereo_msgs/environment/library_path.dsv
[0.391s] -- Up-to-date: /home/hiromichi/rost2/install/stereo_msgs/lib/libstereo_msgs__rosidl_generator_c.so
[0.391s] -- Up-to-date: /home/hiromichi/rost2/install/stereo_msgs/include/stereo_msgs/stereo_msgs
[0.392s] -- Up-to-date: /home/hiromichi/rost2/install/stereo_msgs/include/stereo_msgs/stereo_msgs/msg
[0.392s] -- Up-to-date: /home/hiromichi/rost2/install/stereo_msgs/include/stereo_msgs/stereo_msgs/msg/rosidl_typesupport_fastrtps_c__visibility_control.h
[0.392s] -- Up-to-date: /home/hiromichi/rost2/install/stereo_msgs/include/stereo_msgs/stereo_msgs/msg/detail
[0.392s] -- Up-to-date: /home/hiromichi/rost2/install/stereo_msgs/include/stereo_msgs/stereo_msgs/msg/detail/disparity_image__rosidl_typesupport_fastrtps_c.h
[0.392s] -- Up-to-date: /home/hiromichi/rost2/install/stereo_msgs/lib/libstereo_msgs__rosidl_typesupport_fastrtps_c.so
[0.392s] -- Up-to-date: /home/hiromichi/rost2/install/stereo_msgs/include/stereo_msgs/stereo_msgs
[0.392s] -- Up-to-date: /home/hiromichi/rost2/install/stereo_msgs/include/stereo_msgs/stereo_msgs/msg
[0.392s] -- Up-to-date: /home/hiromichi/rost2/install/stereo_msgs/include/stereo_msgs/stereo_msgs/msg/rosidl_typesupport_introspection_c__visibility_control.h
[0.393s] -- Up-to-date: /home/hiromichi/rost2/install/stereo_msgs/include/stereo_msgs/stereo_msgs/msg/detail
[0.393s] -- Up-to-date: /home/hiromichi/rost2/install/stereo_msgs/include/stereo_msgs/stereo_msgs/msg/detail/disparity_image__rosidl_typesupport_introspection_c.h
[0.393s] -- Up-to-date: /home/hiromichi/rost2/install/stereo_msgs/include/stereo_msgs/stereo_msgs/msg/detail/disparity_image__type_support.c
[0.393s] -- Up-to-date: /home/hiromichi/rost2/install/stereo_msgs/lib/libstereo_msgs__rosidl_typesupport_introspection_c.so
[0.393s] -- Up-to-date: /home/hiromichi/rost2/install/stereo_msgs/lib/libstereo_msgs__rosidl_typesupport_c.so
[0.393s] -- Up-to-date: /home/hiromichi/rost2/install/stereo_msgs/include/stereo_msgs/stereo_msgs
[0.393s] -- Up-to-date: /home/hiromichi/rost2/install/stereo_msgs/include/stereo_msgs/stereo_msgs/msg
[0.394s] -- Up-to-date: /home/hiromichi/rost2/install/stereo_msgs/include/stereo_msgs/stereo_msgs/msg/disparity_image.hpp
[0.394s] -- Up-to-date: /home/hiromichi/rost2/install/stereo_msgs/include/stereo_msgs/stereo_msgs/msg/detail
[0.394s] -- Up-to-date: /home/hiromichi/rost2/install/stereo_msgs/include/stereo_msgs/stereo_msgs/msg/detail/disparity_image__struct.hpp
[0.394s] -- Up-to-date: /home/hiromichi/rost2/install/stereo_msgs/include/stereo_msgs/stereo_msgs/msg/detail/disparity_image__builder.hpp
[0.394s] -- Up-to-date: /home/hiromichi/rost2/install/stereo_msgs/include/stereo_msgs/stereo_msgs/msg/detail/disparity_image__traits.hpp
[0.394s] -- Up-to-date: /home/hiromichi/rost2/install/stereo_msgs/include/stereo_msgs/stereo_msgs
[0.394s] -- Up-to-date: /home/hiromichi/rost2/install/stereo_msgs/include/stereo_msgs/stereo_msgs/msg
[0.394s] -- Up-to-date: /home/hiromichi/rost2/install/stereo_msgs/include/stereo_msgs/stereo_msgs/msg/rosidl_typesupport_fastrtps_cpp__visibility_control.h
[0.394s] -- Up-to-date: /home/hiromichi/rost2/install/stereo_msgs/include/stereo_msgs/stereo_msgs/msg/detail
[0.394s] -- Up-to-date: /home/hiromichi/rost2/install/stereo_msgs/include/stereo_msgs/stereo_msgs/msg/detail/dds_fastrtps
[0.395s] -- Up-to-date: /home/hiromichi/rost2/install/stereo_msgs/include/stereo_msgs/stereo_msgs/msg/detail/disparity_image__rosidl_typesupport_fastrtps_cpp.hpp
[0.395s] -- Up-to-date: /home/hiromichi/rost2/install/stereo_msgs/lib/libstereo_msgs__rosidl_typesupport_fastrtps_cpp.so
[0.395s] -- Up-to-date: /home/hiromichi/rost2/install/stereo_msgs/include/stereo_msgs/stereo_msgs
[0.395s] -- Up-to-date: /home/hiromichi/rost2/install/stereo_msgs/include/stereo_msgs/stereo_msgs/msg
[0.395s] -- Up-to-date: /home/hiromichi/rost2/install/stereo_msgs/include/stereo_msgs/stereo_msgs/msg/detail
[0.395s] -- Up-to-date: /home/hiromichi/rost2/install/stereo_msgs/include/stereo_msgs/stereo_msgs/msg/detail/disparity_image__type_support.cpp
[0.395s] -- Up-to-date: /home/hiromichi/rost2/install/stereo_msgs/include/stereo_msgs/stereo_msgs/msg/detail/disparity_image__rosidl_typesupport_introspection_cpp.hpp
[0.395s] -- Up-to-date: /home/hiromichi/rost2/install/stereo_msgs/lib/libstereo_msgs__rosidl_typesupport_introspection_cpp.so
[0.396s] -- Up-to-date: /home/hiromichi/rost2/install/stereo_msgs/lib/libstereo_msgs__rosidl_typesupport_cpp.so
[0.396s] -- Up-to-date: /home/hiromichi/rost2/install/stereo_msgs/share/ament_index/resource_index/rust_packages/stereo_msgs
[0.396s] -- Up-to-date: /home/hiromichi/rost2/install/stereo_msgs/share/stereo_msgs/rust
[0.396s] -- Up-to-date: /home/hiromichi/rost2/install/stereo_msgs/share/stereo_msgs/rust/src
[0.397s] -- Up-to-date: /home/hiromichi/rost2/install/stereo_msgs/share/stereo_msgs/rust/src/msg.rs
[0.397s] -- Up-to-date: /home/hiromichi/rost2/install/stereo_msgs/share/stereo_msgs/rust/src/lib.rs
[0.397s] -- Up-to-date: /home/hiromichi/rost2/install/stereo_msgs/share/stereo_msgs/rust/Cargo.toml
[0.397s] -- Up-to-date: /home/hiromichi/rost2/install/stereo_msgs/share/stereo_msgs/rust/build.rs
[0.397s] -- Up-to-date: /home/hiromichi/rost2/install/stereo_msgs/share/stereo_msgs/environment/pythonpath.sh
[0.397s] -- Up-to-date: /home/hiromichi/rost2/install/stereo_msgs/share/stereo_msgs/environment/pythonpath.dsv
[0.397s] -- Up-to-date: /home/hiromichi/rost2/install/stereo_msgs/local/lib/python3.10/dist-packages/stereo_msgs-4.2.4-py3.10.egg-info
[0.397s] -- Installing: /home/hiromichi/rost2/install/stereo_msgs/local/lib/python3.10/dist-packages/stereo_msgs-4.2.4-py3.10.egg-info/top_level.txt
[0.397s] -- Installing: /home/hiromichi/rost2/install/stereo_msgs/local/lib/python3.10/dist-packages/stereo_msgs-4.2.4-py3.10.egg-info/dependency_links.txt
[0.398s] -- Installing: /home/hiromichi/rost2/install/stereo_msgs/local/lib/python3.10/dist-packages/stereo_msgs-4.2.4-py3.10.egg-info/SOURCES.txt
[0.398s] -- Installing: /home/hiromichi/rost2/install/stereo_msgs/local/lib/python3.10/dist-packages/stereo_msgs-4.2.4-py3.10.egg-info/PKG-INFO
[0.398s] -- Up-to-date: /home/hiromichi/rost2/install/stereo_msgs/local/lib/python3.10/dist-packages/stereo_msgs
[0.398s] -- Up-to-date: /home/hiromichi/rost2/install/stereo_msgs/local/lib/python3.10/dist-packages/stereo_msgs/stereo_msgs_s__rosidl_typesupport_introspection_c.cpython-310-x86_64-linux-gnu.so
[0.398s] -- Up-to-date: /home/hiromichi/rost2/install/stereo_msgs/local/lib/python3.10/dist-packages/stereo_msgs/libstereo_msgs__rosidl_generator_py.so
[0.398s] -- Up-to-date: /home/hiromichi/rost2/install/stereo_msgs/local/lib/python3.10/dist-packages/stereo_msgs/_stereo_msgs_s.ep.rosidl_typesupport_introspection_c.c
[0.398s] -- Up-to-date: /home/hiromichi/rost2/install/stereo_msgs/local/lib/python3.10/dist-packages/stereo_msgs/stereo_msgs_s__rosidl_typesupport_c.cpython-310-x86_64-linux-gnu.so
[0.398s] -- Up-to-date: /home/hiromichi/rost2/install/stereo_msgs/local/lib/python3.10/dist-packages/stereo_msgs/msg
[0.398s] -- Up-to-date: /home/hiromichi/rost2/install/stereo_msgs/local/lib/python3.10/dist-packages/stereo_msgs/msg/_disparity_image.py
[0.398s] -- Up-to-date: /home/hiromichi/rost2/install/stereo_msgs/local/lib/python3.10/dist-packages/stereo_msgs/msg/_disparity_image_s.c
[0.398s] -- Up-to-date: /home/hiromichi/rost2/install/stereo_msgs/local/lib/python3.10/dist-packages/stereo_msgs/msg/__init__.py
[0.398s] -- Up-to-date: /home/hiromichi/rost2/install/stereo_msgs/local/lib/python3.10/dist-packages/stereo_msgs/stereo_msgs_s__rosidl_typesupport_fastrtps_c.cpython-310-x86_64-linux-gnu.so
[0.398s] -- Up-to-date: /home/hiromichi/rost2/install/stereo_msgs/local/lib/python3.10/dist-packages/stereo_msgs/_stereo_msgs_s.ep.rosidl_typesupport_c.c
[0.398s] -- Up-to-date: /home/hiromichi/rost2/install/stereo_msgs/local/lib/python3.10/dist-packages/stereo_msgs/_stereo_msgs_s.ep.rosidl_typesupport_fastrtps_c.c
[0.399s] -- Up-to-date: /home/hiromichi/rost2/install/stereo_msgs/local/lib/python3.10/dist-packages/stereo_msgs/__init__.py
[0.424s] Listing '/home/hiromichi/rost2/install/stereo_msgs/local/lib/python3.10/dist-packages/stereo_msgs'...
[0.424s] Listing '/home/hiromichi/rost2/install/stereo_msgs/local/lib/python3.10/dist-packages/stereo_msgs/msg'...
[0.428s] -- Up-to-date: /home/hiromichi/rost2/install/stereo_msgs/local/lib/python3.10/dist-packages/stereo_msgs/stereo_msgs_s__rosidl_typesupport_fastrtps_c.cpython-310-x86_64-linux-gnu.so
[0.429s] -- Up-to-date: /home/hiromichi/rost2/install/stereo_msgs/local/lib/python3.10/dist-packages/stereo_msgs/stereo_msgs_s__rosidl_typesupport_introspection_c.cpython-310-x86_64-linux-gnu.so
[0.430s] -- Up-to-date: /home/hiromichi/rost2/install/stereo_msgs/local/lib/python3.10/dist-packages/stereo_msgs/stereo_msgs_s__rosidl_typesupport_c.cpython-310-x86_64-linux-gnu.so
[0.431s] -- Up-to-date: /home/hiromichi/rost2/install/stereo_msgs/lib/libstereo_msgs__rosidl_generator_py.so
[0.431s] -- Up-to-date: /home/hiromichi/rost2/install/stereo_msgs/share/stereo_msgs/msg/DisparityImage.idl
[0.431s] -- Up-to-date: /home/hiromichi/rost2/install/stereo_msgs/share/stereo_msgs/msg/DisparityImage.msg
[0.432s] -- Up-to-date: /home/hiromichi/rost2/install/stereo_msgs/share/ament_index/resource_index/package_run_dependencies/stereo_msgs
[0.432s] -- Up-to-date: /home/hiromichi/rost2/install/stereo_msgs/share/ament_index/resource_index/parent_prefix_path/stereo_msgs
[0.432s] -- Up-to-date: /home/hiromichi/rost2/install/stereo_msgs/share/stereo_msgs/environment/ament_prefix_path.sh
[0.432s] -- Up-to-date: /home/hiromichi/rost2/install/stereo_msgs/share/stereo_msgs/environment/ament_prefix_path.dsv
[0.432s] -- Up-to-date: /home/hiromichi/rost2/install/stereo_msgs/share/stereo_msgs/environment/path.sh
[0.432s] -- Up-to-date: /home/hiromichi/rost2/install/stereo_msgs/share/stereo_msgs/environment/path.dsv
[0.432s] -- Up-to-date: /home/hiromichi/rost2/install/stereo_msgs/share/stereo_msgs/local_setup.bash
[0.432s] -- Up-to-date: /home/hiromichi/rost2/install/stereo_msgs/share/stereo_msgs/local_setup.sh
[0.433s] -- Up-to-date: /home/hiromichi/rost2/install/stereo_msgs/share/stereo_msgs/local_setup.zsh
[0.433s] -- Up-to-date: /home/hiromichi/rost2/install/stereo_msgs/share/stereo_msgs/local_setup.dsv
[0.433s] -- Installing: /home/hiromichi/rost2/install/stereo_msgs/share/stereo_msgs/package.dsv
[0.433s] -- Up-to-date: /home/hiromichi/rost2/install/stereo_msgs/share/ament_index/resource_index/packages/stereo_msgs
[0.433s] -- Up-to-date: /home/hiromichi/rost2/install/stereo_msgs/share/stereo_msgs/cmake/export_stereo_msgs__rosidl_generator_cExport.cmake
[0.433s] -- Up-to-date: /home/hiromichi/rost2/install/stereo_msgs/share/stereo_msgs/cmake/export_stereo_msgs__rosidl_generator_cExport-noconfig.cmake
[0.433s] -- Up-to-date: /home/hiromichi/rost2/install/stereo_msgs/share/stereo_msgs/cmake/export_stereo_msgs__rosidl_typesupport_fastrtps_cExport.cmake
[0.433s] -- Up-to-date: /home/hiromichi/rost2/install/stereo_msgs/share/stereo_msgs/cmake/export_stereo_msgs__rosidl_typesupport_fastrtps_cExport-noconfig.cmake
[0.434s] -- Up-to-date: /home/hiromichi/rost2/install/stereo_msgs/share/stereo_msgs/cmake/stereo_msgs__rosidl_typesupport_introspection_cExport.cmake
[0.434s] -- Up-to-date: /home/hiromichi/rost2/install/stereo_msgs/share/stereo_msgs/cmake/stereo_msgs__rosidl_typesupport_introspection_cExport-noconfig.cmake
[0.434s] -- Up-to-date: /home/hiromichi/rost2/install/stereo_msgs/share/stereo_msgs/cmake/stereo_msgs__rosidl_typesupport_cExport.cmake
[0.434s] -- Up-to-date: /home/hiromichi/rost2/install/stereo_msgs/share/stereo_msgs/cmake/stereo_msgs__rosidl_typesupport_cExport-noconfig.cmake
[0.435s] -- Up-to-date: /home/hiromichi/rost2/install/stereo_msgs/share/stereo_msgs/cmake/export_stereo_msgs__rosidl_generator_cppExport.cmake
[0.435s] -- Up-to-date: /home/hiromichi/rost2/install/stereo_msgs/share/stereo_msgs/cmake/export_stereo_msgs__rosidl_typesupport_fastrtps_cppExport.cmake
[0.435s] -- Up-to-date: /home/hiromichi/rost2/install/stereo_msgs/share/stereo_msgs/cmake/export_stereo_msgs__rosidl_typesupport_fastrtps_cppExport-noconfig.cmake
[0.436s] -- Up-to-date: /home/hiromichi/rost2/install/stereo_msgs/share/stereo_msgs/cmake/stereo_msgs__rosidl_typesupport_introspection_cppExport.cmake
[0.436s] -- Up-to-date: /home/hiromichi/rost2/install/stereo_msgs/share/stereo_msgs/cmake/stereo_msgs__rosidl_typesupport_introspection_cppExport-noconfig.cmake
[0.436s] -- Up-to-date: /home/hiromichi/rost2/install/stereo_msgs/share/stereo_msgs/cmake/stereo_msgs__rosidl_typesupport_cppExport.cmake
[0.436s] -- Up-to-date: /home/hiromichi/rost2/install/stereo_msgs/share/stereo_msgs/cmake/stereo_msgs__rosidl_typesupport_cppExport-noconfig.cmake
[0.437s] -- Up-to-date: /home/hiromichi/rost2/install/stereo_msgs/share/stereo_msgs/cmake/export_stereo_msgs__rosidl_generator_pyExport.cmake
[0.437s] -- Up-to-date: /home/hiromichi/rost2/install/stereo_msgs/share/stereo_msgs/cmake/export_stereo_msgs__rosidl_generator_pyExport-noconfig.cmake
[0.437s] -- Up-to-date: /home/hiromichi/rost2/install/stereo_msgs/share/stereo_msgs/cmake/rosidl_cmake-extras.cmake
[0.437s] -- Up-to-date: /home/hiromichi/rost2/install/stereo_msgs/share/stereo_msgs/cmake/ament_cmake_export_dependencies-extras.cmake
[0.437s] -- Up-to-date: /home/hiromichi/rost2/install/stereo_msgs/share/stereo_msgs/cmake/ament_cmake_export_include_directories-extras.cmake
[0.437s] -- Up-to-date: /home/hiromichi/rost2/install/stereo_msgs/share/stereo_msgs/cmake/ament_cmake_export_libraries-extras.cmake
[0.437s] -- Up-to-date: /home/hiromichi/rost2/install/stereo_msgs/share/stereo_msgs/cmake/ament_cmake_export_targets-extras.cmake
[0.437s] -- Up-to-date: /home/hiromichi/rost2/install/stereo_msgs/share/stereo_msgs/cmake/rosidl_cmake_export_typesupport_targets-extras.cmake
[0.437s] -- Up-to-date: /home/hiromichi/rost2/install/stereo_msgs/share/stereo_msgs/cmake/rosidl_cmake_export_typesupport_libraries-extras.cmake
[0.437s] -- Up-to-date: /home/hiromichi/rost2/install/stereo_msgs/share/stereo_msgs/cmake/stereo_msgsConfig.cmake
[0.438s] -- Up-to-date: /home/hiromichi/rost2/install/stereo_msgs/share/stereo_msgs/cmake/stereo_msgsConfig-version.cmake
[0.438s] -- Up-to-date: /home/hiromichi/rost2/install/stereo_msgs/share/stereo_msgs/package.xml
[0.440s] Invoked command in '/home/hiromichi/rost2/build/stereo_msgs' returned '0': AMENT_PREFIX_PATH=/home/hiromichi/rost2/install/sensor_msgs:/home/hiromichi/rost2/install/geometry_msgs:/home/hiromichi/rost2/install/std_msgs:/home/hiromichi/rost2/install/builtin_interfaces:/home/hiromichi/rost2/install/rosidl_default_runtime:/home/hiromichi/rost2/install/rosidl_default_generators:/home/hiromichi/rost2/install/rosidl_generator_rs:/home/hiromichi/rost2/install/rosidl_runtime_rs:${AMENT_PREFIX_PATH} CMAKE_PREFIX_PATH=/home/hiromichi/rost2/install/sensor_msgs:/home/hiromichi/rost2/install/geometry_msgs:/home/hiromichi/rost2/install/std_msgs:/home/hiromichi/rost2/install/builtin_interfaces:/home/hiromichi/rost2/install/rosidl_default_runtime:/home/hiromichi/rost2/install/rosidl_default_generators:/home/hiromichi/rost2/install/rosidl_generator_rs:/opt/ros/humble LD_LIBRARY_PATH=/home/hiromichi/rost2/install/sensor_msgs/lib:/home/hiromichi/rost2/install/geometry_msgs/lib:/home/hiromichi/rost2/install/std_msgs/lib:/home/hiromichi/rost2/install/builtin_interfaces/lib:${LD_LIBRARY_PATH} PYTHONPATH=/home/hiromichi/rost2/install/sensor_msgs/local/lib/python3.10/dist-packages:/home/hiromichi/rost2/install/geometry_msgs/local/lib/python3.10/dist-packages:/home/hiromichi/rost2/install/std_msgs/local/lib/python3.10/dist-packages:/home/hiromichi/rost2/install/builtin_interfaces/local/lib/python3.10/dist-packages:/home/hiromichi/rost2/install/rosidl_generator_rs/local/lib/python3.10/dist-packages:${PYTHONPATH} /usr/bin/cmake --install /home/hiromichi/rost2/build/stereo_msgs
