[0.029s] Invoking command in 'src/ros2_rust/examples/minimal_client_service': AMENT_PREFIX_PATH=/home/hiromichi/rost2/install/rclrs:/home/hiromichi/rost2/install/example_interfaces:/home/hiromichi/rost2/install/rosgraph_msgs:/home/hiromichi/rost2/install/rcl_interfaces:/home/hiromichi/rost2/install/action_msgs:/home/hiromichi/rost2/install/unique_identifier_msgs:/home/hiromichi/rost2/install/builtin_interfaces:/home/hiromichi/rost2/install/rosidl_default_runtime:/home/hiromichi/rost2/install/rosidl_generator_rs:/home/hiromichi/rost2/install/rosidl_runtime_rs:${AMENT_PREFIX_PATH} CMAKE_PREFIX_PATH=/home/hiromichi/rost2/install/example_interfaces:/home/hiromichi/rost2/install/rosgraph_msgs:/home/hiromichi/rost2/install/rcl_interfaces:/home/hiromichi/rost2/install/action_msgs:/home/hiromichi/rost2/install/unique_identifier_msgs:/home/hiromichi/rost2/install/builtin_interfaces:/home/hiromichi/rost2/install/rosidl_default_runtime:/home/hiromichi/rost2/install/rosidl_generator_rs LD_LIBRARY_PATH=/home/hiromichi/rost2/install/example_interfaces/lib:/home/hiromichi/rost2/install/rosgraph_msgs/lib:/home/hiromichi/rost2/install/rcl_interfaces/lib:/home/hiromichi/rost2/install/action_msgs/lib:/home/hiromichi/rost2/install/unique_identifier_msgs/lib:/home/hiromichi/rost2/install/builtin_interfaces/lib:${LD_LIBRARY_PATH} PYTHONPATH=/home/hiromichi/rost2/install/example_interfaces/local/lib/python3.10/dist-packages:/home/hiromichi/rost2/install/rosgraph_msgs/local/lib/python3.10/dist-packages:/home/hiromichi/rost2/install/rcl_interfaces/local/lib/python3.10/dist-packages:/home/hiromichi/rost2/install/action_msgs/local/lib/python3.10/dist-packages:/home/hiromichi/rost2/install/unique_identifier_msgs/local/lib/python3.10/dist-packages:/home/hiromichi/rost2/install/builtin_interfaces/local/lib/python3.10/dist-packages:/home/hiromichi/rost2/install/rosidl_generator_rs/local/lib/python3.10/dist-packages:${PYTHONPATH} /root/.cargo/bin/cargo ament-build --install-base /home/hiromichi/rost2/install/examples_rclrs_minimal_client_service -- --manifest-path /home/hiromichi/rost2/src/ros2_rust/examples/minimal_client_service/Cargo.toml --target-dir /home/hiromichi/rost2/build/examples_rclrs_minimal_client_service --quiet
[2.845s] [0m[1m[33mwarning[0m[0m[1m: unexpected `cfg` condition value: `serde`[0m
[2.845s] [0m   [0m[0m[1m[38;5;12m--> [0m[0m/home/hiromichi/rost2/install/rclrs/share/rclrs/rust/src/vendor/builtin_interfaces/msg.rs:179:7[0m
[2.845s] [0m    [0m[0m[1m[38;5;12m|[0m
[2.845s] [0m[1m[38;5;12m179[0m[0m [0m[0m[1m[38;5;12m|[0m[0m [0m[0m#[cfg(feature = "serde")][0m
[2.845s] [0m    [0m[0m[1m[38;5;12m|[0m[0m       [0m[0m[1m[33m^^^^^^^^^^^^^^^^^[0m
[2.845s] [0m    [0m[0m[1m[38;5;12m|[0m
[2.845s] [0m    [0m[0m[1m[38;5;12m= [0m[0m[1mnote[0m[0m: expected values for `feature` are: `ament_rs`, `default`, `dyn_msg`, `generate_docs`, and `libloading`[0m
[2.845s] [0m    [0m[0m[1m[38;5;12m= [0m[0m[1mhelp[0m[0m: consider adding `serde` as a feature in `Cargo.toml`[0m
[2.845s] [0m    [0m[0m[1m[38;5;12m= [0m[0m[1mnote[0m[0m: see <https://doc.rust-lang.org/nightly/rustc/check-cfg/cargo-specifics.html> for more information about checking conditional configuration[0m
[2.846s] [0m    [0m[0m[1m[38;5;12m= [0m[0m[1mnote[0m[0m: `#[warn(unexpected_cfgs)]` on by default[0m
[2.846s] 
[2.846s] [0m[1m[33mwarning[0m[0m[1m: unexpected `cfg` condition value: `serde`[0m
[2.846s] [0m   [0m[0m[1m[38;5;12m--> [0m[0m/home/hiromichi/rost2/install/rclrs/share/rclrs/rust/src/vendor/builtin_interfaces/msg.rs:182:12[0m
[2.846s] [0m    [0m[0m[1m[38;5;12m|[0m
[2.846s] [0m[1m[38;5;12m182[0m[0m [0m[0m[1m[38;5;12m|[0m[0m [0m[0m#[cfg_attr(feature = "serde", derive(Deserialize, Serialize))][0m
[2.846s] [0m    [0m[0m[1m[38;5;12m|[0m[0m            [0m[0m[1m[33m^^^^^^^^^^^^^^^^^[0m
[2.846s] [0m    [0m[0m[1m[38;5;12m|[0m
[2.846s] [0m    [0m[0m[1m[38;5;12m= [0m[0m[1mnote[0m[0m: expected values for `feature` are: `ament_rs`, `default`, `dyn_msg`, `generate_docs`, and `libloading`[0m
[2.846s] [0m    [0m[0m[1m[38;5;12m= [0m[0m[1mhelp[0m[0m: consider adding `serde` as a feature in `Cargo.toml`[0m
[2.846s] [0m    [0m[0m[1m[38;5;12m= [0m[0m[1mnote[0m[0m: see <https://doc.rust-lang.org/nightly/rustc/check-cfg/cargo-specifics.html> for more information about checking conditional configuration[0m
[2.846s] 
[2.846s] [0m[1m[33mwarning[0m[0m[1m: unexpected `cfg` condition value: `serde`[0m
[2.846s] [0m   [0m[0m[1m[38;5;12m--> [0m[0m/home/hiromichi/rost2/install/rclrs/share/rclrs/rust/src/vendor/builtin_interfaces/msg.rs:221:12[0m
[2.846s] [0m    [0m[0m[1m[38;5;12m|[0m
[2.846s] [0m[1m[38;5;12m221[0m[0m [0m[0m[1m[38;5;12m|[0m[0m [0m[0m#[cfg_attr(feature = "serde", derive(Deserialize, Serialize))][0m
[2.847s] [0m    [0m[0m[1m[38;5;12m|[0m[0m            [0m[0m[1m[33m^^^^^^^^^^^^^^^^^[0m
[2.847s] [0m    [0m[0m[1m[38;5;12m|[0m
[2.847s] [0m    [0m[0m[1m[38;5;12m= [0m[0m[1mnote[0m[0m: expected values for `feature` are: `ament_rs`, `default`, `dyn_msg`, `generate_docs`, and `libloading`[0m
[2.847s] [0m    [0m[0m[1m[38;5;12m= [0m[0m[1mhelp[0m[0m: consider adding `serde` as a feature in `Cargo.toml`[0m
[2.847s] [0m    [0m[0m[1m[38;5;12m= [0m[0m[1mnote[0m[0m: see <https://doc.rust-lang.org/nightly/rustc/check-cfg/cargo-specifics.html> for more information about checking conditional configuration[0m
[2.847s] 
[2.847s] [0m[1m[33mwarning[0m[0m[1m: unexpected `cfg` condition value: `serde`[0m
[2.847s] [0m [0m[0m[1m[38;5;12m--> [0m[0m/home/hiromichi/rost2/install/rclrs/share/rclrs/rust/src/vendor/builtin_interfaces/msg.rs:2:11[0m
[2.847s] [0m  [0m[0m[1m[38;5;12m|[0m
[2.848s] [0m[1m[38;5;12m2[0m[0m [0m[0m[1m[38;5;12m|[0m[0m [0m[0m    #[cfg(feature = "serde")][0m
[2.848s] [0m  [0m[0m[1m[38;5;12m|[0m[0m           [0m[0m[1m[33m^^^^^^^^^^^^^^^^^[0m
[2.848s] [0m  [0m[0m[1m[38;5;12m|[0m
[2.848s] [0m  [0m[0m[1m[38;5;12m= [0m[0m[1mnote[0m[0m: expected values for `feature` are: `ament_rs`, `default`, `dyn_msg`, `generate_docs`, and `libloading`[0m
[2.848s] [0m  [0m[0m[1m[38;5;12m= [0m[0m[1mhelp[0m[0m: consider adding `serde` as a feature in `Cargo.toml`[0m
[2.848s] [0m  [0m[0m[1m[38;5;12m= [0m[0m[1mnote[0m[0m: see <https://doc.rust-lang.org/nightly/rustc/check-cfg/cargo-specifics.html> for more information about checking conditional configuration[0m
[2.848s] 
[2.848s] [0m[1m[33mwarning[0m[0m[1m: unexpected `cfg` condition value: `serde`[0m
[2.848s] [0m  [0m[0m[1m[38;5;12m--> [0m[0m/home/hiromichi/rost2/install/rclrs/share/rclrs/rust/src/vendor/builtin_interfaces/msg.rs:29:16[0m
[2.849s] [0m   [0m[0m[1m[38;5;12m|[0m
[2.849s] [0m[1m[38;5;12m29[0m[0m [0m[0m[1m[38;5;12m|[0m[0m [0m[0m    #[cfg_attr(feature = "serde", derive(Deserialize, Serialize))][0m
[2.849s] [0m   [0m[0m[1m[38;5;12m|[0m[0m                [0m[0m[1m[33m^^^^^^^^^^^^^^^^^[0m
[2.849s] [0m   [0m[0m[1m[38;5;12m|[0m
[2.849s] [0m   [0m[0m[1m[38;5;12m= [0m[0m[1mnote[0m[0m: expected values for `feature` are: `ament_rs`, `default`, `dyn_msg`, `generate_docs`, and `libloading`[0m
[2.850s] [0m   [0m[0m[1m[38;5;12m= [0m[0m[1mhelp[0m[0m: consider adding `serde` as a feature in `Cargo.toml`[0m
[2.850s] [0m   [0m[0m[1m[38;5;12m= [0m[0m[1mnote[0m[0m: see <https://doc.rust-lang.org/nightly/rustc/check-cfg/cargo-specifics.html> for more information about checking conditional configuration[0m
[2.850s] 
[2.850s] [0m[1m[33mwarning[0m[0m[1m: unexpected `cfg` condition value: `serde`[0m
[2.850s] [0m   [0m[0m[1m[38;5;12m--> [0m[0m/home/hiromichi/rost2/install/rclrs/share/rclrs/rust/src/vendor/builtin_interfaces/msg.rs:115:16[0m
[2.851s] [0m    [0m[0m[1m[38;5;12m|[0m
[2.851s] [0m[1m[38;5;12m115[0m[0m [0m[0m[1m[38;5;12m|[0m[0m [0m[0m    #[cfg_attr(feature = "serde", derive(Deserialize, Serialize))][0m
[2.851s] [0m    [0m[0m[1m[38;5;12m|[0m[0m                [0m[0m[1m[33m^^^^^^^^^^^^^^^^^[0m
[2.852s] [0m    [0m[0m[1m[38;5;12m|[0m
[2.852s] [0m    [0m[0m[1m[38;5;12m= [0m[0m[1mnote[0m[0m: expected values for `feature` are: `ament_rs`, `default`, `dyn_msg`, `generate_docs`, and `libloading`[0m
[2.852s] [0m    [0m[0m[1m[38;5;12m= [0m[0m[1mhelp[0m[0m: consider adding `serde` as a feature in `Cargo.toml`[0m
[2.853s] [0m    [0m[0m[1m[38;5;12m= [0m[0m[1mnote[0m[0m: see <https://doc.rust-lang.org/nightly/rustc/check-cfg/cargo-specifics.html> for more information about checking conditional configuration[0m
[2.854s] 
[2.855s] [0m[1m[33mwarning[0m[0m[1m: unexpected `cfg` condition value: `serde`[0m
[2.855s] [0m    [0m[0m[1m[38;5;12m--> [0m[0m/home/hiromichi/rost2/install/rclrs/share/rclrs/rust/src/vendor/rcl_interfaces/msg.rs:1041:7[0m
[2.855s] [0m     [0m[0m[1m[38;5;12m|[0m
[2.855s] [0m[1m[38;5;12m1041[0m[0m [0m[0m[1m[38;5;12m|[0m[0m [0m[0m#[cfg(feature = "serde")][0m
[2.855s] [0m     [0m[0m[1m[38;5;12m|[0m[0m       [0m[0m[1m[33m^^^^^^^^^^^^^^^^^[0m
[2.855s] [0m     [0m[0m[1m[38;5;12m|[0m
[2.855s] [0m     [0m[0m[1m[38;5;12m= [0m[0m[1mnote[0m[0m: expected values for `feature` are: `ament_rs`, `default`, `dyn_msg`, `generate_docs`, and `libloading`[0m
[2.855s] [0m     [0m[0m[1m[38;5;12m= [0m[0m[1mhelp[0m[0m: consider adding `serde` as a feature in `Cargo.toml`[0m
[2.855s] [0m     [0m[0m[1m[38;5;12m= [0m[0m[1mnote[0m[0m: see <https://doc.rust-lang.org/nightly/rustc/check-cfg/cargo-specifics.html> for more information about checking conditional configuration[0m
[2.855s] 
[2.856s] [0m[1m[33mwarning[0m[0m[1m: unexpected `cfg` condition value: `serde`[0m
[2.856s] [0m    [0m[0m[1m[38;5;12m--> [0m[0m/home/hiromichi/rost2/install/rclrs/share/rclrs/rust/src/vendor/rcl_interfaces/msg.rs:1044:12[0m
[2.856s] [0m     [0m[0m[1m[38;5;12m|[0m
[2.856s] [0m[1m[38;5;12m1044[0m[0m [0m[0m[1m[38;5;12m|[0m[0m [0m[0m#[cfg_attr(feature = "serde", derive(Deserialize, Serialize))][0m
[2.856s] [0m     [0m[0m[1m[38;5;12m|[0m[0m            [0m[0m[1m[33m^^^^^^^^^^^^^^^^^[0m
[2.856s] [0m     [0m[0m[1m[38;5;12m|[0m
[2.856s] [0m     [0m[0m[1m[38;5;12m= [0m[0m[1mnote[0m[0m: expected values for `feature` are: `ament_rs`, `default`, `dyn_msg`, `generate_docs`, and `libloading`[0m
[2.856s] [0m     [0m[0m[1m[38;5;12m= [0m[0m[1mhelp[0m[0m: consider adding `serde` as a feature in `Cargo.toml`[0m
[2.856s] [0m     [0m[0m[1m[38;5;12m= [0m[0m[1mnote[0m[0m: see <https://doc.rust-lang.org/nightly/rustc/check-cfg/cargo-specifics.html> for more information about checking conditional configuration[0m
[2.856s] 
[2.857s] [0m[1m[33mwarning[0m[0m[1m: unexpected `cfg` condition value: `serde`[0m
[2.857s] [0m    [0m[0m[1m[38;5;12m--> [0m[0m/home/hiromichi/rost2/install/rclrs/share/rclrs/rust/src/vendor/rcl_interfaces/msg.rs:1087:12[0m
[2.857s] [0m     [0m[0m[1m[38;5;12m|[0m
[2.857s] [0m[1m[38;5;12m1087[0m[0m [0m[0m[1m[38;5;12m|[0m[0m [0m[0m#[cfg_attr(feature = "serde", derive(Deserialize, Serialize))][0m
[2.857s] [0m     [0m[0m[1m[38;5;12m|[0m[0m            [0m[0m[1m[33m^^^^^^^^^^^^^^^^^[0m
[2.857s] [0m     [0m[0m[1m[38;5;12m|[0m
[2.857s] [0m     [0m[0m[1m[38;5;12m= [0m[0m[1mnote[0m[0m: expected values for `feature` are: `ament_rs`, `default`, `dyn_msg`, `generate_docs`, and `libloading`[0m
[2.857s] [0m     [0m[0m[1m[38;5;12m= [0m[0m[1mhelp[0m[0m: consider adding `serde` as a feature in `Cargo.toml`[0m
[2.857s] [0m     [0m[0m[1m[38;5;12m= [0m[0m[1mnote[0m[0m: see <https://doc.rust-lang.org/nightly/rustc/check-cfg/cargo-specifics.html> for more information about checking conditional configuration[0m
[2.857s] 
[2.858s] [0m[1m[33mwarning[0m[0m[1m: unexpected `cfg` condition value: `serde`[0m
[2.858s] [0m    [0m[0m[1m[38;5;12m--> [0m[0m/home/hiromichi/rost2/install/rclrs/share/rclrs/rust/src/vendor/rcl_interfaces/msg.rs:1130:12[0m
[2.858s] [0m     [0m[0m[1m[38;5;12m|[0m
[2.858s] [0m[1m[38;5;12m1130[0m[0m [0m[0m[1m[38;5;12m|[0m[0m [0m[0m#[cfg_attr(feature = "serde", derive(Deserialize, Serialize))][0m
[2.858s] [0m     [0m[0m[1m[38;5;12m|[0m[0m            [0m[0m[1m[33m^^^^^^^^^^^^^^^^^[0m
[2.858s] [0m     [0m[0m[1m[38;5;12m|[0m
[2.858s] [0m     [0m[0m[1m[38;5;12m= [0m[0m[1mnote[0m[0m: expected values for `feature` are: `ament_rs`, `default`, `dyn_msg`, `generate_docs`, and `libloading`[0m
[2.858s] [0m     [0m[0m[1m[38;5;12m= [0m[0m[1mhelp[0m[0m: consider adding `serde` as a feature in `Cargo.toml`[0m
[2.858s] [0m     [0m[0m[1m[38;5;12m= [0m[0m[1mnote[0m[0m: see <https://doc.rust-lang.org/nightly/rustc/check-cfg/cargo-specifics.html> for more information about checking conditional configuration[0m
[2.858s] 
[2.858s] [0m[1m[33mwarning[0m[0m[1m: unexpected `cfg` condition value: `serde`[0m
[2.858s] [0m    [0m[0m[1m[38;5;12m--> [0m[0m/home/hiromichi/rost2/install/rclrs/share/rclrs/rust/src/vendor/rcl_interfaces/msg.rs:1185:12[0m
[2.858s] [0m     [0m[0m[1m[38;5;12m|[0m
[2.858s] [0m[1m[38;5;12m1185[0m[0m [0m[0m[1m[38;5;12m|[0m[0m [0m[0m#[cfg_attr(feature = "serde", derive(Deserialize, Serialize))][0m
[2.859s] [0m     [0m[0m[1m[38;5;12m|[0m[0m            [0m[0m[1m[33m^^^^^^^^^^^^^^^^^[0m
[2.859s] [0m     [0m[0m[1m[38;5;12m|[0m
[2.859s] [0m     [0m[0m[1m[38;5;12m= [0m[0m[1mnote[0m[0m: expected values for `feature` are: `ament_rs`, `default`, `dyn_msg`, `generate_docs`, and `libloading`[0m
[2.859s] [0m     [0m[0m[1m[38;5;12m= [0m[0m[1mhelp[0m[0m: consider adding `serde` as a feature in `Cargo.toml`[0m
[2.859s] [0m     [0m[0m[1m[38;5;12m= [0m[0m[1mnote[0m[0m: see <https://doc.rust-lang.org/nightly/rustc/check-cfg/cargo-specifics.html> for more information about checking conditional configuration[0m
[2.859s] 
[2.859s] [0m[1m[33mwarning[0m[0m[1m: unexpected `cfg` condition value: `serde`[0m
[2.859s] [0m    [0m[0m[1m[38;5;12m--> [0m[0m/home/hiromichi/rost2/install/rclrs/share/rclrs/rust/src/vendor/rcl_interfaces/msg.rs:1265:12[0m
[2.859s] [0m     [0m[0m[1m[38;5;12m|[0m
[2.859s] [0m[1m[38;5;12m1265[0m[0m [0m[0m[1m[38;5;12m|[0m[0m [0m[0m#[cfg_attr(feature = "serde", derive(Deserialize, Serialize))][0m
[2.859s] [0m     [0m[0m[1m[38;5;12m|[0m[0m            [0m[0m[1m[33m^^^^^^^^^^^^^^^^^[0m
[2.859s] [0m     [0m[0m[1m[38;5;12m|[0m
[2.859s] [0m     [0m[0m[1m[38;5;12m= [0m[0m[1mnote[0m[0m: expected values for `feature` are: `ament_rs`, `default`, `dyn_msg`, `generate_docs`, and `libloading`[0m
[2.859s] [0m     [0m[0m[1m[38;5;12m= [0m[0m[1mhelp[0m[0m: consider adding `serde` as a feature in `Cargo.toml`[0m
[2.859s] [0m     [0m[0m[1m[38;5;12m= [0m[0m[1mnote[0m[0m: see <https://doc.rust-lang.org/nightly/rustc/check-cfg/cargo-specifics.html> for more information about checking conditional configuration[0m
[2.859s] 
[2.859s] [0m[1m[33mwarning[0m[0m[1m: unexpected `cfg` condition value: `serde`[0m
[2.860s] [0m    [0m[0m[1m[38;5;12m--> [0m[0m/home/hiromichi/rost2/install/rclrs/share/rclrs/rust/src/vendor/rcl_interfaces/msg.rs:1334:12[0m
[2.860s] [0m     [0m[0m[1m[38;5;12m|[0m
[2.860s] [0m[1m[38;5;12m1334[0m[0m [0m[0m[1m[38;5;12m|[0m[0m [0m[0m#[cfg_attr(feature = "serde", derive(Deserialize, Serialize))][0m
[2.860s] [0m     [0m[0m[1m[38;5;12m|[0m[0m            [0m[0m[1m[33m^^^^^^^^^^^^^^^^^[0m
[2.860s] [0m     [0m[0m[1m[38;5;12m|[0m
[2.860s] [0m     [0m[0m[1m[38;5;12m= [0m[0m[1mnote[0m[0m: expected values for `feature` are: `ament_rs`, `default`, `dyn_msg`, `generate_docs`, and `libloading`[0m
[2.860s] [0m     [0m[0m[1m[38;5;12m= [0m[0m[1mhelp[0m[0m: consider adding `serde` as a feature in `Cargo.toml`[0m
[2.860s] [0m     [0m[0m[1m[38;5;12m= [0m[0m[1mnote[0m[0m: see <https://doc.rust-lang.org/nightly/rustc/check-cfg/cargo-specifics.html> for more information about checking conditional configuration[0m
[2.860s] 
[2.860s] [0m[1m[33mwarning[0m[0m[1m: unexpected `cfg` condition value: `serde`[0m
[2.860s] [0m    [0m[0m[1m[38;5;12m--> [0m[0m/home/hiromichi/rost2/install/rclrs/share/rclrs/rust/src/vendor/rcl_interfaces/msg.rs:1443:12[0m
[2.860s] [0m     [0m[0m[1m[38;5;12m|[0m
[2.861s] [0m[1m[38;5;12m1443[0m[0m [0m[0m[1m[38;5;12m|[0m[0m [0m[0m#[cfg_attr(feature = "serde", derive(Deserialize, Serialize))][0m
[2.861s] [0m     [0m[0m[1m[38;5;12m|[0m[0m            [0m[0m[1m[33m^^^^^^^^^^^^^^^^^[0m
[2.861s] [0m     [0m[0m[1m[38;5;12m|[0m
[2.861s] [0m     [0m[0m[1m[38;5;12m= [0m[0m[1mnote[0m[0m: expected values for `feature` are: `ament_rs`, `default`, `dyn_msg`, `generate_docs`, and `libloading`[0m
[2.861s] [0m     [0m[0m[1m[38;5;12m= [0m[0m[1mhelp[0m[0m: consider adding `serde` as a feature in `Cargo.toml`[0m
[2.861s] [0m     [0m[0m[1m[38;5;12m= [0m[0m[1mnote[0m[0m: see <https://doc.rust-lang.org/nightly/rustc/check-cfg/cargo-specifics.html> for more information about checking conditional configuration[0m
[2.862s] 
[2.862s] [0m[1m[33mwarning[0m[0m[1m: unexpected `cfg` condition value: `serde`[0m
[2.862s] [0m    [0m[0m[1m[38;5;12m--> [0m[0m/home/hiromichi/rost2/install/rclrs/share/rclrs/rust/src/vendor/rcl_interfaces/msg.rs:1566:12[0m
[2.862s] [0m     [0m[0m[1m[38;5;12m|[0m
[2.862s] [0m[1m[38;5;12m1566[0m[0m [0m[0m[1m[38;5;12m|[0m[0m [0m[0m#[cfg_attr(feature = "serde", derive(Deserialize, Serialize))][0m
[2.862s] [0m     [0m[0m[1m[38;5;12m|[0m[0m            [0m[0m[1m[33m^^^^^^^^^^^^^^^^^[0m
[2.862s] [0m     [0m[0m[1m[38;5;12m|[0m
[2.862s] [0m     [0m[0m[1m[38;5;12m= [0m[0m[1mnote[0m[0m: expected values for `feature` are: `ament_rs`, `default`, `dyn_msg`, `generate_docs`, and `libloading`[0m
[2.862s] [0m     [0m[0m[1m[38;5;12m= [0m[0m[1mhelp[0m[0m: consider adding `serde` as a feature in `Cargo.toml`[0m
[2.862s] [0m     [0m[0m[1m[38;5;12m= [0m[0m[1mnote[0m[0m: see <https://doc.rust-lang.org/nightly/rustc/check-cfg/cargo-specifics.html> for more information about checking conditional configuration[0m
[2.863s] 
[2.863s] [0m[1m[33mwarning[0m[0m[1m: unexpected `cfg` condition value: `serde`[0m
[2.863s] [0m    [0m[0m[1m[38;5;12m--> [0m[0m/home/hiromichi/rost2/install/rclrs/share/rclrs/rust/src/vendor/rcl_interfaces/msg.rs:1611:12[0m
[2.863s] [0m     [0m[0m[1m[38;5;12m|[0m
[2.863s] [0m[1m[38;5;12m1611[0m[0m [0m[0m[1m[38;5;12m|[0m[0m [0m[0m#[cfg_attr(feature = "serde", derive(Deserialize, Serialize))][0m
[2.863s] [0m     [0m[0m[1m[38;5;12m|[0m[0m            [0m[0m[1m[33m^^^^^^^^^^^^^^^^^[0m
[2.863s] [0m     [0m[0m[1m[38;5;12m|[0m
[2.863s] [0m     [0m[0m[1m[38;5;12m= [0m[0m[1mnote[0m[0m: expected values for `feature` are: `ament_rs`, `default`, `dyn_msg`, `generate_docs`, and `libloading`[0m
[2.863s] [0m     [0m[0m[1m[38;5;12m= [0m[0m[1mhelp[0m[0m: consider adding `serde` as a feature in `Cargo.toml`[0m
[2.863s] [0m     [0m[0m[1m[38;5;12m= [0m[0m[1mnote[0m[0m: see <https://doc.rust-lang.org/nightly/rustc/check-cfg/cargo-specifics.html> for more information about checking conditional configuration[0m
[2.864s] 
[2.864s] [0m[1m[33mwarning[0m[0m[1m: unexpected `cfg` condition value: `serde`[0m
[2.864s] [0m    [0m[0m[1m[38;5;12m--> [0m[0m/home/hiromichi/rost2/install/rclrs/share/rclrs/rust/src/vendor/rcl_interfaces/msg.rs:1660:12[0m
[2.864s] [0m     [0m[0m[1m[38;5;12m|[0m
[2.864s] [0m[1m[38;5;12m1660[0m[0m [0m[0m[1m[38;5;12m|[0m[0m [0m[0m#[cfg_attr(feature = "serde", derive(Deserialize, Serialize))][0m
[2.864s] [0m     [0m[0m[1m[38;5;12m|[0m[0m            [0m[0m[1m[33m^^^^^^^^^^^^^^^^^[0m
[2.864s] [0m     [0m[0m[1m[38;5;12m|[0m
[2.864s] [0m     [0m[0m[1m[38;5;12m= [0m[0m[1mnote[0m[0m: expected values for `feature` are: `ament_rs`, `default`, `dyn_msg`, `generate_docs`, and `libloading`[0m
[2.865s] [0m     [0m[0m[1m[38;5;12m= [0m[0m[1mhelp[0m[0m: consider adding `serde` as a feature in `Cargo.toml`[0m
[2.865s] [0m     [0m[0m[1m[38;5;12m= [0m[0m[1mnote[0m[0m: see <https://doc.rust-lang.org/nightly/rustc/check-cfg/cargo-specifics.html> for more information about checking conditional configuration[0m
[2.865s] 
[2.865s] [0m[1m[33mwarning[0m[0m[1m: unexpected `cfg` condition value: `serde`[0m
[2.865s] [0m    [0m[0m[1m[38;5;12m--> [0m[0m/home/hiromichi/rost2/install/rclrs/share/rclrs/rust/src/vendor/rcl_interfaces/msg.rs:1743:12[0m
[2.865s] [0m     [0m[0m[1m[38;5;12m|[0m
[2.865s] [0m[1m[38;5;12m1743[0m[0m [0m[0m[1m[38;5;12m|[0m[0m [0m[0m#[cfg_attr(feature = "serde", derive(Deserialize, Serialize))][0m
[2.865s] [0m     [0m[0m[1m[38;5;12m|[0m[0m            [0m[0m[1m[33m^^^^^^^^^^^^^^^^^[0m
[2.865s] [0m     [0m[0m[1m[38;5;12m|[0m
[2.865s] [0m     [0m[0m[1m[38;5;12m= [0m[0m[1mnote[0m[0m: expected values for `feature` are: `ament_rs`, `default`, `dyn_msg`, `generate_docs`, and `libloading`[0m
[2.865s] [0m     [0m[0m[1m[38;5;12m= [0m[0m[1mhelp[0m[0m: consider adding `serde` as a feature in `Cargo.toml`[0m
[2.865s] [0m     [0m[0m[1m[38;5;12m= [0m[0m[1mnote[0m[0m: see <https://doc.rust-lang.org/nightly/rustc/check-cfg/cargo-specifics.html> for more information about checking conditional configuration[0m
[2.866s] 
[2.866s] [0m[1m[33mwarning[0m[0m[1m: unexpected `cfg` condition value: `serde`[0m
[2.866s] [0m [0m[0m[1m[38;5;12m--> [0m[0m/home/hiromichi/rost2/install/rclrs/share/rclrs/rust/src/vendor/rcl_interfaces/msg.rs:2:11[0m
[2.866s] [0m  [0m[0m[1m[38;5;12m|[0m
[2.866s] [0m[1m[38;5;12m2[0m[0m [0m[0m[1m[38;5;12m|[0m[0m [0m[0m    #[cfg(feature = "serde")][0m
[2.866s] [0m  [0m[0m[1m[38;5;12m|[0m[0m           [0m[0m[1m[33m^^^^^^^^^^^^^^^^^[0m
[2.866s] [0m  [0m[0m[1m[38;5;12m|[0m
[2.866s] [0m  [0m[0m[1m[38;5;12m= [0m[0m[1mnote[0m[0m: expected values for `feature` are: `ament_rs`, `default`, `dyn_msg`, `generate_docs`, and `libloading`[0m
[2.866s] [0m  [0m[0m[1m[38;5;12m= [0m[0m[1mhelp[0m[0m: consider adding `serde` as a feature in `Cargo.toml`[0m
[2.866s] [0m  [0m[0m[1m[38;5;12m= [0m[0m[1mnote[0m[0m: see <https://doc.rust-lang.org/nightly/rustc/check-cfg/cargo-specifics.html> for more information about checking conditional configuration[0m
[2.866s] 
[2.866s] [0m[1m[33mwarning[0m[0m[1m: unexpected `cfg` condition value: `serde`[0m
[2.866s] [0m  [0m[0m[1m[38;5;12m--> [0m[0m/home/hiromichi/rost2/install/rclrs/share/rclrs/rust/src/vendor/rcl_interfaces/msg.rs:29:16[0m
[2.866s] [0m   [0m[0m[1m[38;5;12m|[0m
[2.867s] [0m[1m[38;5;12m29[0m[0m [0m[0m[1m[38;5;12m|[0m[0m [0m[0m    #[cfg_attr(feature = "serde", derive(Deserialize, Serialize))][0m
[2.867s] [0m   [0m[0m[1m[38;5;12m|[0m[0m                [0m[0m[1m[33m^^^^^^^^^^^^^^^^^[0m
[2.867s] [0m   [0m[0m[1m[38;5;12m|[0m
[2.867s] [0m   [0m[0m[1m[38;5;12m= [0m[0m[1mnote[0m[0m: expected values for `feature` are: `ament_rs`, `default`, `dyn_msg`, `generate_docs`, and `libloading`[0m
[2.867s] [0m   [0m[0m[1m[38;5;12m= [0m[0m[1mhelp[0m[0m: consider adding `serde` as a feature in `Cargo.toml`[0m
[2.867s] [0m   [0m[0m[1m[38;5;12m= [0m[0m[1mnote[0m[0m: see <https://doc.rust-lang.org/nightly/rustc/check-cfg/cargo-specifics.html> for more information about checking conditional configuration[0m
[2.867s] 
[2.867s] [0m[1m[33mwarning[0m[0m[1m: unexpected `cfg` condition value: `serde`[0m
[2.867s] [0m   [0m[0m[1m[38;5;12m--> [0m[0m/home/hiromichi/rost2/install/rclrs/share/rclrs/rust/src/vendor/rcl_interfaces/msg.rs:118:16[0m
[2.867s] [0m    [0m[0m[1m[38;5;12m|[0m
[2.867s] [0m[1m[38;5;12m118[0m[0m [0m[0m[1m[38;5;12m|[0m[0m [0m[0m    #[cfg_attr(feature = "serde", derive(Deserialize, Serialize))][0m
[2.867s] [0m    [0m[0m[1m[38;5;12m|[0m[0m                [0m[0m[1m[33m^^^^^^^^^^^^^^^^^[0m
[2.868s] [0m    [0m[0m[1m[38;5;12m|[0m
[2.868s] [0m    [0m[0m[1m[38;5;12m= [0m[0m[1mnote[0m[0m: expected values for `feature` are: `ament_rs`, `default`, `dyn_msg`, `generate_docs`, and `libloading`[0m
[2.868s] [0m    [0m[0m[1m[38;5;12m= [0m[0m[1mhelp[0m[0m: consider adding `serde` as a feature in `Cargo.toml`[0m
[2.868s] [0m    [0m[0m[1m[38;5;12m= [0m[0m[1mnote[0m[0m: see <https://doc.rust-lang.org/nightly/rustc/check-cfg/cargo-specifics.html> for more information about checking conditional configuration[0m
[2.868s] 
[2.868s] [0m[1m[33mwarning[0m[0m[1m: unexpected `cfg` condition value: `serde`[0m
[2.868s] [0m   [0m[0m[1m[38;5;12m--> [0m[0m/home/hiromichi/rost2/install/rclrs/share/rclrs/rust/src/vendor/rcl_interfaces/msg.rs:205:16[0m
[2.868s] [0m    [0m[0m[1m[38;5;12m|[0m
[2.868s] [0m[1m[38;5;12m205[0m[0m [0m[0m[1m[38;5;12m|[0m[0m [0m[0m    #[cfg_attr(feature = "serde", derive(Deserialize, Serialize))][0m
[2.868s] [0m    [0m[0m[1m[38;5;12m|[0m[0m                [0m[0m[1m[33m^^^^^^^^^^^^^^^^^[0m
[2.869s] [0m    [0m[0m[1m[38;5;12m|[0m
[2.869s] [0m    [0m[0m[1m[38;5;12m= [0m[0m[1mnote[0m[0m: expected values for `feature` are: `ament_rs`, `default`, `dyn_msg`, `generate_docs`, and `libloading`[0m
[2.869s] [0m    [0m[0m[1m[38;5;12m= [0m[0m[1mhelp[0m[0m: consider adding `serde` as a feature in `Cargo.toml`[0m
[2.869s] [0m    [0m[0m[1m[38;5;12m= [0m[0m[1mnote[0m[0m: see <https://doc.rust-lang.org/nightly/rustc/check-cfg/cargo-specifics.html> for more information about checking conditional configuration[0m
[2.869s] 
[2.869s] [0m[1m[33mwarning[0m[0m[1m: unexpected `cfg` condition value: `serde`[0m
[2.870s] [0m   [0m[0m[1m[38;5;12m--> [0m[0m/home/hiromichi/rost2/install/rclrs/share/rclrs/rust/src/vendor/rcl_interfaces/msg.rs:293:16[0m
[2.870s] [0m    [0m[0m[1m[38;5;12m|[0m
[2.870s] [0m[1m[38;5;12m293[0m[0m [0m[0m[1m[38;5;12m|[0m[0m [0m[0m    #[cfg_attr(feature = "serde", derive(Deserialize, Serialize))][0m
[2.870s] [0m    [0m[0m[1m[38;5;12m|[0m[0m                [0m[0m[1m[33m^^^^^^^^^^^^^^^^^[0m
[2.871s] [0m    [0m[0m[1m[38;5;12m|[0m
[2.871s] [0m    [0m[0m[1m[38;5;12m= [0m[0m[1mnote[0m[0m: expected values for `feature` are: `ament_rs`, `default`, `dyn_msg`, `generate_docs`, and `libloading`[0m
[2.871s] [0m    [0m[0m[1m[38;5;12m= [0m[0m[1mhelp[0m[0m: consider adding `serde` as a feature in `Cargo.toml`[0m
[2.871s] [0m    [0m[0m[1m[38;5;12m= [0m[0m[1mnote[0m[0m: see <https://doc.rust-lang.org/nightly/rustc/check-cfg/cargo-specifics.html> for more information about checking conditional configuration[0m
[2.871s] 
[2.871s] [0m[1m[33mwarning[0m[0m[1m: unexpected `cfg` condition value: `serde`[0m
[2.871s] [0m   [0m[0m[1m[38;5;12m--> [0m[0m/home/hiromichi/rost2/install/rclrs/share/rclrs/rust/src/vendor/rcl_interfaces/msg.rs:399:16[0m
[2.872s] [0m    [0m[0m[1m[38;5;12m|[0m
[2.872s] [0m[1m[38;5;12m399[0m[0m [0m[0m[1m[38;5;12m|[0m[0m [0m[0m    #[cfg_attr(feature = "serde", derive(Deserialize, Serialize))][0m
[2.872s] [0m    [0m[0m[1m[38;5;12m|[0m[0m                [0m[0m[1m[33m^^^^^^^^^^^^^^^^^[0m
[2.872s] [0m    [0m[0m[1m[38;5;12m|[0m
[2.872s] [0m    [0m[0m[1m[38;5;12m= [0m[0m[1mnote[0m[0m: expected values for `feature` are: `ament_rs`, `default`, `dyn_msg`, `generate_docs`, and `libloading`[0m
[2.872s] [0m    [0m[0m[1m[38;5;12m= [0m[0m[1mhelp[0m[0m: consider adding `serde` as a feature in `Cargo.toml`[0m
[2.872s] [0m    [0m[0m[1m[38;5;12m= [0m[0m[1mnote[0m[0m: see <https://doc.rust-lang.org/nightly/rustc/check-cfg/cargo-specifics.html> for more information about checking conditional configuration[0m
[2.872s] 
[2.872s] [0m[1m[33mwarning[0m[0m[1m: unexpected `cfg` condition value: `serde`[0m
[2.872s] [0m   [0m[0m[1m[38;5;12m--> [0m[0m/home/hiromichi/rost2/install/rclrs/share/rclrs/rust/src/vendor/rcl_interfaces/msg.rs:501:16[0m
[2.873s] [0m    [0m[0m[1m[38;5;12m|[0m
[2.873s] [0m[1m[38;5;12m501[0m[0m [0m[0m[1m[38;5;12m|[0m[0m [0m[0m    #[cfg_attr(feature = "serde", derive(Deserialize, Serialize))][0m
[2.873s] [0m    [0m[0m[1m[38;5;12m|[0m[0m                [0m[0m[1m[33m^^^^^^^^^^^^^^^^^[0m
[2.873s] [0m    [0m[0m[1m[38;5;12m|[0m
[2.873s] [0m    [0m[0m[1m[38;5;12m= [0m[0m[1mnote[0m[0m: expected values for `feature` are: `ament_rs`, `default`, `dyn_msg`, `generate_docs`, and `libloading`[0m
[2.873s] [0m    [0m[0m[1m[38;5;12m= [0m[0m[1mhelp[0m[0m: consider adding `serde` as a feature in `Cargo.toml`[0m
[2.874s] [0m    [0m[0m[1m[38;5;12m= [0m[0m[1mnote[0m[0m: see <https://doc.rust-lang.org/nightly/rustc/check-cfg/cargo-specifics.html> for more information about checking conditional configuration[0m
[2.874s] 
[2.874s] [0m[1m[33mwarning[0m[0m[1m: unexpected `cfg` condition value: `serde`[0m
[2.874s] [0m   [0m[0m[1m[38;5;12m--> [0m[0m/home/hiromichi/rost2/install/rclrs/share/rclrs/rust/src/vendor/rcl_interfaces/msg.rs:601:16[0m
[2.874s] [0m    [0m[0m[1m[38;5;12m|[0m
[2.874s] [0m[1m[38;5;12m601[0m[0m [0m[0m[1m[38;5;12m|[0m[0m [0m[0m    #[cfg_attr(feature = "serde", derive(Deserialize, Serialize))][0m
[2.874s] [0m    [0m[0m[1m[38;5;12m|[0m[0m                [0m[0m[1m[33m^^^^^^^^^^^^^^^^^[0m
[2.874s] [0m    [0m[0m[1m[38;5;12m|[0m
[2.874s] [0m    [0m[0m[1m[38;5;12m= [0m[0m[1mnote[0m[0m: expected values for `feature` are: `ament_rs`, `default`, `dyn_msg`, `generate_docs`, and `libloading`[0m
[2.875s] [0m    [0m[0m[1m[38;5;12m= [0m[0m[1mhelp[0m[0m: consider adding `serde` as a feature in `Cargo.toml`[0m
[2.875s] [0m    [0m[0m[1m[38;5;12m= [0m[0m[1mnote[0m[0m: see <https://doc.rust-lang.org/nightly/rustc/check-cfg/cargo-specifics.html> for more information about checking conditional configuration[0m
[2.875s] 
[2.875s] [0m[1m[33mwarning[0m[0m[1m: unexpected `cfg` condition value: `serde`[0m
[2.875s] [0m   [0m[0m[1m[38;5;12m--> [0m[0m/home/hiromichi/rost2/install/rclrs/share/rclrs/rust/src/vendor/rcl_interfaces/msg.rs:695:16[0m
[2.875s] [0m    [0m[0m[1m[38;5;12m|[0m
[2.875s] [0m[1m[38;5;12m695[0m[0m [0m[0m[1m[38;5;12m|[0m[0m [0m[0m    #[cfg_attr(feature = "serde", derive(Deserialize, Serialize))][0m
[2.875s] [0m    [0m[0m[1m[38;5;12m|[0m[0m                [0m[0m[1m[33m^^^^^^^^^^^^^^^^^[0m
[2.875s] [0m    [0m[0m[1m[38;5;12m|[0m
[2.875s] [0m    [0m[0m[1m[38;5;12m= [0m[0m[1mnote[0m[0m: expected values for `feature` are: `ament_rs`, `default`, `dyn_msg`, `generate_docs`, and `libloading`[0m
[2.876s] [0m    [0m[0m[1m[38;5;12m= [0m[0m[1mhelp[0m[0m: consider adding `serde` as a feature in `Cargo.toml`[0m
[2.876s] [0m    [0m[0m[1m[38;5;12m= [0m[0m[1mnote[0m[0m: see <https://doc.rust-lang.org/nightly/rustc/check-cfg/cargo-specifics.html> for more information about checking conditional configuration[0m
[2.876s] 
[2.876s] [0m[1m[33mwarning[0m[0m[1m: unexpected `cfg` condition value: `serde`[0m
[2.876s] [0m   [0m[0m[1m[38;5;12m--> [0m[0m/home/hiromichi/rost2/install/rclrs/share/rclrs/rust/src/vendor/rcl_interfaces/msg.rs:781:16[0m
[2.876s] [0m    [0m[0m[1m[38;5;12m|[0m
[2.877s] [0m[1m[38;5;12m781[0m[0m [0m[0m[1m[38;5;12m|[0m[0m [0m[0m    #[cfg_attr(feature = "serde", derive(Deserialize, Serialize))][0m
[2.877s] [0m    [0m[0m[1m[38;5;12m|[0m[0m                [0m[0m[1m[33m^^^^^^^^^^^^^^^^^[0m
[2.877s] [0m    [0m[0m[1m[38;5;12m|[0m
[2.877s] [0m    [0m[0m[1m[38;5;12m= [0m[0m[1mnote[0m[0m: expected values for `feature` are: `ament_rs`, `default`, `dyn_msg`, `generate_docs`, and `libloading`[0m
[2.877s] [0m    [0m[0m[1m[38;5;12m= [0m[0m[1mhelp[0m[0m: consider adding `serde` as a feature in `Cargo.toml`[0m
[2.877s] [0m    [0m[0m[1m[38;5;12m= [0m[0m[1mnote[0m[0m: see <https://doc.rust-lang.org/nightly/rustc/check-cfg/cargo-specifics.html> for more information about checking conditional configuration[0m
[2.877s] 
[2.877s] [0m[1m[33mwarning[0m[0m[1m: unexpected `cfg` condition value: `serde`[0m
[2.877s] [0m   [0m[0m[1m[38;5;12m--> [0m[0m/home/hiromichi/rost2/install/rclrs/share/rclrs/rust/src/vendor/rcl_interfaces/msg.rs:880:16[0m
[2.877s] [0m    [0m[0m[1m[38;5;12m|[0m
[2.877s] [0m[1m[38;5;12m880[0m[0m [0m[0m[1m[38;5;12m|[0m[0m [0m[0m    #[cfg_attr(feature = "serde", derive(Deserialize, Serialize))][0m
[2.877s] [0m    [0m[0m[1m[38;5;12m|[0m[0m                [0m[0m[1m[33m^^^^^^^^^^^^^^^^^[0m
[2.878s] [0m    [0m[0m[1m[38;5;12m|[0m
[2.878s] [0m    [0m[0m[1m[38;5;12m= [0m[0m[1mnote[0m[0m: expected values for `feature` are: `ament_rs`, `default`, `dyn_msg`, `generate_docs`, and `libloading`[0m
[2.878s] [0m    [0m[0m[1m[38;5;12m= [0m[0m[1mhelp[0m[0m: consider adding `serde` as a feature in `Cargo.toml`[0m
[2.878s] [0m    [0m[0m[1m[38;5;12m= [0m[0m[1mnote[0m[0m: see <https://doc.rust-lang.org/nightly/rustc/check-cfg/cargo-specifics.html> for more information about checking conditional configuration[0m
[2.878s] 
[2.878s] [0m[1m[33mwarning[0m[0m[1m: unexpected `cfg` condition value: `serde`[0m
[2.878s] [0m   [0m[0m[1m[38;5;12m--> [0m[0m/home/hiromichi/rost2/install/rclrs/share/rclrs/rust/src/vendor/rcl_interfaces/msg.rs:976:16[0m
[2.878s] [0m    [0m[0m[1m[38;5;12m|[0m
[2.878s] [0m[1m[38;5;12m976[0m[0m [0m[0m[1m[38;5;12m|[0m[0m [0m[0m    #[cfg_attr(feature = "serde", derive(Deserialize, Serialize))][0m
[2.878s] [0m    [0m[0m[1m[38;5;12m|[0m[0m                [0m[0m[1m[33m^^^^^^^^^^^^^^^^^[0m
[2.878s] [0m    [0m[0m[1m[38;5;12m|[0m
[2.878s] [0m    [0m[0m[1m[38;5;12m= [0m[0m[1mnote[0m[0m: expected values for `feature` are: `ament_rs`, `default`, `dyn_msg`, `generate_docs`, and `libloading`[0m
[2.878s] [0m    [0m[0m[1m[38;5;12m= [0m[0m[1mhelp[0m[0m: consider adding `serde` as a feature in `Cargo.toml`[0m
[2.878s] [0m    [0m[0m[1m[38;5;12m= [0m[0m[1mnote[0m[0m: see <https://doc.rust-lang.org/nightly/rustc/check-cfg/cargo-specifics.html> for more information about checking conditional configuration[0m
[2.878s] 
[2.878s] [0m[1m[33mwarning[0m[0m[1m: unexpected `cfg` condition value: `serde`[0m
[2.878s] [0m [0m[0m[1m[38;5;12m--> [0m[0m/home/hiromichi/rost2/install/rclrs/share/rclrs/rust/src/vendor/rcl_interfaces/srv.rs:1:7[0m
[2.878s] [0m  [0m[0m[1m[38;5;12m|[0m
[2.878s] [0m[1m[38;5;12m1[0m[0m [0m[0m[1m[38;5;12m|[0m[0m [0m[0m#[cfg(feature = "serde")][0m
[2.879s] [0m  [0m[0m[1m[38;5;12m|[0m[0m       [0m[0m[1m[33m^^^^^^^^^^^^^^^^^[0m
[2.879s] [0m  [0m[0m[1m[38;5;12m|[0m
[2.879s] [0m  [0m[0m[1m[38;5;12m= [0m[0m[1mnote[0m[0m: expected values for `feature` are: `ament_rs`, `default`, `dyn_msg`, `generate_docs`, and `libloading`[0m
[2.879s] [0m  [0m[0m[1m[38;5;12m= [0m[0m[1mhelp[0m[0m: consider adding `serde` as a feature in `Cargo.toml`[0m
[2.879s] [0m  [0m[0m[1m[38;5;12m= [0m[0m[1mnote[0m[0m: see <https://doc.rust-lang.org/nightly/rustc/check-cfg/cargo-specifics.html> for more information about checking conditional configuration[0m
[2.879s] 
[2.879s] [0m[1m[33mwarning[0m[0m[1m: unexpected `cfg` condition value: `serde`[0m
[2.879s] [0m [0m[0m[1m[38;5;12m--> [0m[0m/home/hiromichi/rost2/install/rclrs/share/rclrs/rust/src/vendor/rcl_interfaces/srv.rs:4:12[0m
[2.879s] [0m  [0m[0m[1m[38;5;12m|[0m
[2.879s] [0m[1m[38;5;12m4[0m[0m [0m[0m[1m[38;5;12m|[0m[0m [0m[0m#[cfg_attr(feature = "serde", derive(Deserialize, Serialize))][0m
[2.880s] [0m  [0m[0m[1m[38;5;12m|[0m[0m            [0m[0m[1m[33m^^^^^^^^^^^^^^^^^[0m
[2.880s] [0m  [0m[0m[1m[38;5;12m|[0m
[2.880s] [0m  [0m[0m[1m[38;5;12m= [0m[0m[1mnote[0m[0m: expected values for `feature` are: `ament_rs`, `default`, `dyn_msg`, `generate_docs`, and `libloading`[0m
[2.880s] [0m  [0m[0m[1m[38;5;12m= [0m[0m[1mhelp[0m[0m: consider adding `serde` as a feature in `Cargo.toml`[0m
[2.880s] [0m  [0m[0m[1m[38;5;12m= [0m[0m[1mnote[0m[0m: see <https://doc.rust-lang.org/nightly/rustc/check-cfg/cargo-specifics.html> for more information about checking conditional configuration[0m
[2.880s] 
[2.880s] [0m[1m[33mwarning[0m[0m[1m: unexpected `cfg` condition value: `serde`[0m
[2.880s] [0m  [0m[0m[1m[38;5;12m--> [0m[0m/home/hiromichi/rost2/install/rclrs/share/rclrs/rust/src/vendor/rcl_interfaces/srv.rs:43:12[0m
[2.880s] [0m   [0m[0m[1m[38;5;12m|[0m
[2.880s] [0m[1m[38;5;12m43[0m[0m [0m[0m[1m[38;5;12m|[0m[0m [0m[0m#[cfg_attr(feature = "serde", derive(Deserialize, Serialize))][0m
[2.880s] [0m   [0m[0m[1m[38;5;12m|[0m[0m            [0m[0m[1m[33m^^^^^^^^^^^^^^^^^[0m
[2.881s] [0m   [0m[0m[1m[38;5;12m|[0m
[2.881s] [0m   [0m[0m[1m[38;5;12m= [0m[0m[1mnote[0m[0m: expected values for `feature` are: `ament_rs`, `default`, `dyn_msg`, `generate_docs`, and `libloading`[0m
[2.881s] [0m   [0m[0m[1m[38;5;12m= [0m[0m[1mhelp[0m[0m: consider adding `serde` as a feature in `Cargo.toml`[0m
[2.881s] [0m   [0m[0m[1m[38;5;12m= [0m[0m[1mnote[0m[0m: see <https://doc.rust-lang.org/nightly/rustc/check-cfg/cargo-specifics.html> for more information about checking conditional configuration[0m
[2.881s] 
[2.881s] [0m[1m[33mwarning[0m[0m[1m: unexpected `cfg` condition value: `serde`[0m
[2.881s] [0m   [0m[0m[1m[38;5;12m--> [0m[0m/home/hiromichi/rost2/install/rclrs/share/rclrs/rust/src/vendor/rcl_interfaces/srv.rs:100:12[0m
[2.881s] [0m    [0m[0m[1m[38;5;12m|[0m
[2.881s] [0m[1m[38;5;12m100[0m[0m [0m[0m[1m[38;5;12m|[0m[0m [0m[0m#[cfg_attr(feature = "serde", derive(Deserialize, Serialize))][0m
[2.881s] [0m    [0m[0m[1m[38;5;12m|[0m[0m            [0m[0m[1m[33m^^^^^^^^^^^^^^^^^[0m
[2.881s] [0m    [0m[0m[1m[38;5;12m|[0m
[2.881s] [0m    [0m[0m[1m[38;5;12m= [0m[0m[1mnote[0m[0m: expected values for `feature` are: `ament_rs`, `default`, `dyn_msg`, `generate_docs`, and `libloading`[0m
[2.881s] [0m    [0m[0m[1m[38;5;12m= [0m[0m[1mhelp[0m[0m: consider adding `serde` as a feature in `Cargo.toml`[0m
[2.882s] [0m    [0m[0m[1m[38;5;12m= [0m[0m[1mnote[0m[0m: see <https://doc.rust-lang.org/nightly/rustc/check-cfg/cargo-specifics.html> for more information about checking conditional configuration[0m
[2.882s] 
[2.882s] [0m[1m[33mwarning[0m[0m[1m: unexpected `cfg` condition value: `serde`[0m
[2.882s] [0m   [0m[0m[1m[38;5;12m--> [0m[0m/home/hiromichi/rost2/install/rclrs/share/rclrs/rust/src/vendor/rcl_interfaces/srv.rs:139:12[0m
[2.882s] [0m    [0m[0m[1m[38;5;12m|[0m
[2.882s] [0m[1m[38;5;12m139[0m[0m [0m[0m[1m[38;5;12m|[0m[0m [0m[0m#[cfg_attr(feature = "serde", derive(Deserialize, Serialize))][0m
[2.882s] [0m    [0m[0m[1m[38;5;12m|[0m[0m            [0m[0m[1m[33m^^^^^^^^^^^^^^^^^[0m
[2.882s] [0m    [0m[0m[1m[38;5;12m|[0m
[2.882s] [0m    [0m[0m[1m[38;5;12m= [0m[0m[1mnote[0m[0m: expected values for `feature` are: `ament_rs`, `default`, `dyn_msg`, `generate_docs`, and `libloading`[0m
[2.882s] [0m    [0m[0m[1m[38;5;12m= [0m[0m[1mhelp[0m[0m: consider adding `serde` as a feature in `Cargo.toml`[0m
[2.883s] [0m    [0m[0m[1m[38;5;12m= [0m[0m[1mnote[0m[0m: see <https://doc.rust-lang.org/nightly/rustc/check-cfg/cargo-specifics.html> for more information about checking conditional configuration[0m
[2.883s] 
[2.883s] [0m[1m[33mwarning[0m[0m[1m: unexpected `cfg` condition value: `serde`[0m
[2.883s] [0m   [0m[0m[1m[38;5;12m--> [0m[0m/home/hiromichi/rost2/install/rclrs/share/rclrs/rust/src/vendor/rcl_interfaces/srv.rs:196:12[0m
[2.883s] [0m    [0m[0m[1m[38;5;12m|[0m
[2.883s] [0m[1m[38;5;12m196[0m[0m [0m[0m[1m[38;5;12m|[0m[0m [0m[0m#[cfg_attr(feature = "serde", derive(Deserialize, Serialize))][0m
[2.883s] [0m    [0m[0m[1m[38;5;12m|[0m[0m            [0m[0m[1m[33m^^^^^^^^^^^^^^^^^[0m
[2.883s] [0m    [0m[0m[1m[38;5;12m|[0m
[2.883s] [0m    [0m[0m[1m[38;5;12m= [0m[0m[1mnote[0m[0m: expected values for `feature` are: `ament_rs`, `default`, `dyn_msg`, `generate_docs`, and `libloading`[0m
[2.883s] [0m    [0m[0m[1m[38;5;12m= [0m[0m[1mhelp[0m[0m: consider adding `serde` as a feature in `Cargo.toml`[0m
[2.884s] [0m    [0m[0m[1m[38;5;12m= [0m[0m[1mnote[0m[0m: see <https://doc.rust-lang.org/nightly/rustc/check-cfg/cargo-specifics.html> for more information about checking conditional configuration[0m
[2.884s] 
[2.884s] [0m[1m[33mwarning[0m[0m[1m: unexpected `cfg` condition value: `serde`[0m
[2.884s] [0m   [0m[0m[1m[38;5;12m--> [0m[0m/home/hiromichi/rost2/install/rclrs/share/rclrs/rust/src/vendor/rcl_interfaces/srv.rs:235:12[0m
[2.884s] [0m    [0m[0m[1m[38;5;12m|[0m
[2.884s] [0m[1m[38;5;12m235[0m[0m [0m[0m[1m[38;5;12m|[0m[0m [0m[0m#[cfg_attr(feature = "serde", derive(Deserialize, Serialize))][0m
[2.884s] [0m    [0m[0m[1m[38;5;12m|[0m[0m            [0m[0m[1m[33m^^^^^^^^^^^^^^^^^[0m
[2.884s] [0m    [0m[0m[1m[38;5;12m|[0m
[2.884s] [0m    [0m[0m[1m[38;5;12m= [0m[0m[1mnote[0m[0m: expected values for `feature` are: `ament_rs`, `default`, `dyn_msg`, `generate_docs`, and `libloading`[0m
[2.884s] [0m    [0m[0m[1m[38;5;12m= [0m[0m[1mhelp[0m[0m: consider adding `serde` as a feature in `Cargo.toml`[0m
[2.884s] [0m    [0m[0m[1m[38;5;12m= [0m[0m[1mnote[0m[0m: see <https://doc.rust-lang.org/nightly/rustc/check-cfg/cargo-specifics.html> for more information about checking conditional configuration[0m
[2.884s] 
[2.884s] [0m[1m[33mwarning[0m[0m[1m: unexpected `cfg` condition value: `serde`[0m
[2.884s] [0m   [0m[0m[1m[38;5;12m--> [0m[0m/home/hiromichi/rost2/install/rclrs/share/rclrs/rust/src/vendor/rcl_interfaces/srv.rs:270:12[0m
[2.884s] [0m    [0m[0m[1m[38;5;12m|[0m
[2.884s] [0m[1m[38;5;12m270[0m[0m [0m[0m[1m[38;5;12m|[0m[0m [0m[0m#[cfg_attr(feature = "serde", derive(Deserialize, Serialize))][0m
[2.885s] [0m    [0m[0m[1m[38;5;12m|[0m[0m            [0m[0m[1m[33m^^^^^^^^^^^^^^^^^[0m
[2.885s] [0m    [0m[0m[1m[38;5;12m|[0m
[2.885s] [0m    [0m[0m[1m[38;5;12m= [0m[0m[1mnote[0m[0m: expected values for `feature` are: `ament_rs`, `default`, `dyn_msg`, `generate_docs`, and `libloading`[0m
[2.885s] [0m    [0m[0m[1m[38;5;12m= [0m[0m[1mhelp[0m[0m: consider adding `serde` as a feature in `Cargo.toml`[0m
[2.885s] [0m    [0m[0m[1m[38;5;12m= [0m[0m[1mnote[0m[0m: see <https://doc.rust-lang.org/nightly/rustc/check-cfg/cargo-specifics.html> for more information about checking conditional configuration[0m
[2.885s] 
[2.885s] [0m[1m[33mwarning[0m[0m[1m: unexpected `cfg` condition value: `serde`[0m
[2.885s] [0m   [0m[0m[1m[38;5;12m--> [0m[0m/home/hiromichi/rost2/install/rclrs/share/rclrs/rust/src/vendor/rcl_interfaces/srv.rs:325:12[0m
[2.885s] [0m    [0m[0m[1m[38;5;12m|[0m
[2.886s] [0m[1m[38;5;12m325[0m[0m [0m[0m[1m[38;5;12m|[0m[0m [0m[0m#[cfg_attr(feature = "serde", derive(Deserialize, Serialize))][0m
[2.886s] [0m    [0m[0m[1m[38;5;12m|[0m[0m            [0m[0m[1m[33m^^^^^^^^^^^^^^^^^[0m
[2.886s] [0m    [0m[0m[1m[38;5;12m|[0m
[2.886s] [0m    [0m[0m[1m[38;5;12m= [0m[0m[1mnote[0m[0m: expected values for `feature` are: `ament_rs`, `default`, `dyn_msg`, `generate_docs`, and `libloading`[0m
[2.886s] [0m    [0m[0m[1m[38;5;12m= [0m[0m[1mhelp[0m[0m: consider adding `serde` as a feature in `Cargo.toml`[0m
[2.886s] [0m    [0m[0m[1m[38;5;12m= [0m[0m[1mnote[0m[0m: see <https://doc.rust-lang.org/nightly/rustc/check-cfg/cargo-specifics.html> for more information about checking conditional configuration[0m
[2.886s] 
[2.886s] [0m[1m[33mwarning[0m[0m[1m: unexpected `cfg` condition value: `serde`[0m
[2.886s] [0m   [0m[0m[1m[38;5;12m--> [0m[0m/home/hiromichi/rost2/install/rclrs/share/rclrs/rust/src/vendor/rcl_interfaces/srv.rs:368:12[0m
[2.887s] [0m    [0m[0m[1m[38;5;12m|[0m
[2.887s] [0m[1m[38;5;12m368[0m[0m [0m[0m[1m[38;5;12m|[0m[0m [0m[0m#[cfg_attr(feature = "serde", derive(Deserialize, Serialize))][0m
[2.887s] [0m    [0m[0m[1m[38;5;12m|[0m[0m            [0m[0m[1m[33m^^^^^^^^^^^^^^^^^[0m
[2.887s] [0m    [0m[0m[1m[38;5;12m|[0m
[2.887s] [0m    [0m[0m[1m[38;5;12m= [0m[0m[1mnote[0m[0m: expected values for `feature` are: `ament_rs`, `default`, `dyn_msg`, `generate_docs`, and `libloading`[0m
[2.887s] [0m    [0m[0m[1m[38;5;12m= [0m[0m[1mhelp[0m[0m: consider adding `serde` as a feature in `Cargo.toml`[0m
[2.887s] [0m    [0m[0m[1m[38;5;12m= [0m[0m[1mnote[0m[0m: see <https://doc.rust-lang.org/nightly/rustc/check-cfg/cargo-specifics.html> for more information about checking conditional configuration[0m
[2.887s] 
[2.887s] [0m[1m[33mwarning[0m[0m[1m: unexpected `cfg` condition value: `serde`[0m
[2.887s] [0m   [0m[0m[1m[38;5;12m--> [0m[0m/home/hiromichi/rost2/install/rclrs/share/rclrs/rust/src/vendor/rcl_interfaces/srv.rs:425:12[0m
[2.887s] [0m    [0m[0m[1m[38;5;12m|[0m
[2.887s] [0m[1m[38;5;12m425[0m[0m [0m[0m[1m[38;5;12m|[0m[0m [0m[0m#[cfg_attr(feature = "serde", derive(Deserialize, Serialize))][0m
[2.887s] [0m    [0m[0m[1m[38;5;12m|[0m[0m            [0m[0m[1m[33m^^^^^^^^^^^^^^^^^[0m
[2.888s] [0m    [0m[0m[1m[38;5;12m|[0m
[2.888s] [0m    [0m[0m[1m[38;5;12m= [0m[0m[1mnote[0m[0m: expected values for `feature` are: `ament_rs`, `default`, `dyn_msg`, `generate_docs`, and `libloading`[0m
[2.888s] [0m    [0m[0m[1m[38;5;12m= [0m[0m[1mhelp[0m[0m: consider adding `serde` as a feature in `Cargo.toml`[0m
[2.888s] [0m    [0m[0m[1m[38;5;12m= [0m[0m[1mnote[0m[0m: see <https://doc.rust-lang.org/nightly/rustc/check-cfg/cargo-specifics.html> for more information about checking conditional configuration[0m
[2.888s] 
[2.888s] [0m[1m[33mwarning[0m[0m[1m: unexpected `cfg` condition value: `serde`[0m
[2.888s] [0m   [0m[0m[1m[38;5;12m--> [0m[0m/home/hiromichi/rost2/install/rclrs/share/rclrs/rust/src/vendor/rcl_interfaces/srv.rs:468:12[0m
[2.888s] [0m    [0m[0m[1m[38;5;12m|[0m
[2.888s] [0m[1m[38;5;12m468[0m[0m [0m[0m[1m[38;5;12m|[0m[0m [0m[0m#[cfg_attr(feature = "serde", derive(Deserialize, Serialize))][0m
[2.889s] [0m    [0m[0m[1m[38;5;12m|[0m[0m            [0m[0m[1m[33m^^^^^^^^^^^^^^^^^[0m
[2.889s] [0m    [0m[0m[1m[38;5;12m|[0m
[2.889s] [0m    [0m[0m[1m[38;5;12m= [0m[0m[1mnote[0m[0m: expected values for `feature` are: `ament_rs`, `default`, `dyn_msg`, `generate_docs`, and `libloading`[0m
[2.889s] [0m    [0m[0m[1m[38;5;12m= [0m[0m[1mhelp[0m[0m: consider adding `serde` as a feature in `Cargo.toml`[0m
[2.889s] [0m    [0m[0m[1m[38;5;12m= [0m[0m[1mnote[0m[0m: see <https://doc.rust-lang.org/nightly/rustc/check-cfg/cargo-specifics.html> for more information about checking conditional configuration[0m
[2.889s] 
[2.889s] [0m[1m[33mwarning[0m[0m[1m: unexpected `cfg` condition value: `serde`[0m
[2.889s] [0m   [0m[0m[1m[38;5;12m--> [0m[0m/home/hiromichi/rost2/install/rclrs/share/rclrs/rust/src/vendor/rcl_interfaces/srv.rs:525:12[0m
[2.890s] [0m    [0m[0m[1m[38;5;12m|[0m
[2.890s] [0m[1m[38;5;12m525[0m[0m [0m[0m[1m[38;5;12m|[0m[0m [0m[0m#[cfg_attr(feature = "serde", derive(Deserialize, Serialize))][0m
[2.890s] [0m    [0m[0m[1m[38;5;12m|[0m[0m            [0m[0m[1m[33m^^^^^^^^^^^^^^^^^[0m
[2.890s] [0m    [0m[0m[1m[38;5;12m|[0m
[2.890s] [0m    [0m[0m[1m[38;5;12m= [0m[0m[1mnote[0m[0m: expected values for `feature` are: `ament_rs`, `default`, `dyn_msg`, `generate_docs`, and `libloading`[0m
[2.890s] [0m    [0m[0m[1m[38;5;12m= [0m[0m[1mhelp[0m[0m: consider adding `serde` as a feature in `Cargo.toml`[0m
[2.890s] [0m    [0m[0m[1m[38;5;12m= [0m[0m[1mnote[0m[0m: see <https://doc.rust-lang.org/nightly/rustc/check-cfg/cargo-specifics.html> for more information about checking conditional configuration[0m
[2.890s] 
[2.890s] [0m[1m[33mwarning[0m[0m[1m: unexpected `cfg` condition value: `serde`[0m
[2.890s] [0m   [0m[0m[1m[38;5;12m--> [0m[0m/home/hiromichi/rost2/install/rclrs/share/rclrs/rust/src/vendor/rcl_interfaces/srv.rs:709:11[0m
[2.890s] [0m    [0m[0m[1m[38;5;12m|[0m
[2.890s] [0m[1m[38;5;12m709[0m[0m [0m[0m[1m[38;5;12m|[0m[0m [0m[0m    #[cfg(feature = "serde")][0m
[2.890s] [0m    [0m[0m[1m[38;5;12m|[0m[0m           [0m[0m[1m[33m^^^^^^^^^^^^^^^^^[0m
[2.890s] [0m    [0m[0m[1m[38;5;12m|[0m
[2.891s] [0m    [0m[0m[1m[38;5;12m= [0m[0m[1mnote[0m[0m: expected values for `feature` are: `ament_rs`, `default`, `dyn_msg`, `generate_docs`, and `libloading`[0m
[2.891s] [0m    [0m[0m[1m[38;5;12m= [0m[0m[1mhelp[0m[0m: consider adding `serde` as a feature in `Cargo.toml`[0m
[2.891s] [0m    [0m[0m[1m[38;5;12m= [0m[0m[1mnote[0m[0m: see <https://doc.rust-lang.org/nightly/rustc/check-cfg/cargo-specifics.html> for more information about checking conditional configuration[0m
[2.891s] 
[2.891s] [0m[1m[33mwarning[0m[0m[1m: unexpected `cfg` condition value: `serde`[0m
[2.891s] [0m   [0m[0m[1m[38;5;12m--> [0m[0m/home/hiromichi/rost2/install/rclrs/share/rclrs/rust/src/vendor/rcl_interfaces/srv.rs:738:16[0m
[2.891s] [0m    [0m[0m[1m[38;5;12m|[0m
[2.892s] [0m[1m[38;5;12m738[0m[0m [0m[0m[1m[38;5;12m|[0m[0m [0m[0m    #[cfg_attr(feature = "serde", derive(Deserialize, Serialize))][0m
[2.892s] [0m    [0m[0m[1m[38;5;12m|[0m[0m                [0m[0m[1m[33m^^^^^^^^^^^^^^^^^[0m
[2.892s] [0m    [0m[0m[1m[38;5;12m|[0m
[2.892s] [0m    [0m[0m[1m[38;5;12m= [0m[0m[1mnote[0m[0m: expected values for `feature` are: `ament_rs`, `default`, `dyn_msg`, `generate_docs`, and `libloading`[0m
[2.892s] [0m    [0m[0m[1m[38;5;12m= [0m[0m[1mhelp[0m[0m: consider adding `serde` as a feature in `Cargo.toml`[0m
[2.892s] [0m    [0m[0m[1m[38;5;12m= [0m[0m[1mnote[0m[0m: see <https://doc.rust-lang.org/nightly/rustc/check-cfg/cargo-specifics.html> for more information about checking conditional configuration[0m
[2.892s] 
[2.892s] [0m[1m[33mwarning[0m[0m[1m: unexpected `cfg` condition value: `serde`[0m
[2.892s] [0m   [0m[0m[1m[38;5;12m--> [0m[0m/home/hiromichi/rost2/install/rclrs/share/rclrs/rust/src/vendor/rcl_interfaces/srv.rs:836:16[0m
[2.892s] [0m    [0m[0m[1m[38;5;12m|[0m
[2.892s] [0m[1m[38;5;12m836[0m[0m [0m[0m[1m[38;5;12m|[0m[0m [0m[0m    #[cfg_attr(feature = "serde", derive(Deserialize, Serialize))][0m
[2.892s] [0m    [0m[0m[1m[38;5;12m|[0m[0m                [0m[0m[1m[33m^^^^^^^^^^^^^^^^^[0m
[2.892s] [0m    [0m[0m[1m[38;5;12m|[0m
[2.892s] [0m    [0m[0m[1m[38;5;12m= [0m[0m[1mnote[0m[0m: expected values for `feature` are: `ament_rs`, `default`, `dyn_msg`, `generate_docs`, and `libloading`[0m
[2.893s] [0m    [0m[0m[1m[38;5;12m= [0m[0m[1mhelp[0m[0m: consider adding `serde` as a feature in `Cargo.toml`[0m
[2.893s] [0m    [0m[0m[1m[38;5;12m= [0m[0m[1mnote[0m[0m: see <https://doc.rust-lang.org/nightly/rustc/check-cfg/cargo-specifics.html> for more information about checking conditional configuration[0m
[2.893s] 
[2.893s] [0m[1m[33mwarning[0m[0m[1m: unexpected `cfg` condition value: `serde`[0m
[2.893s] [0m   [0m[0m[1m[38;5;12m--> [0m[0m/home/hiromichi/rost2/install/rclrs/share/rclrs/rust/src/vendor/rcl_interfaces/srv.rs:939:16[0m
[2.893s] [0m    [0m[0m[1m[38;5;12m|[0m
[2.893s] [0m[1m[38;5;12m939[0m[0m [0m[0m[1m[38;5;12m|[0m[0m [0m[0m    #[cfg_attr(feature = "serde", derive(Deserialize, Serialize))][0m
[2.894s] [0m    [0m[0m[1m[38;5;12m|[0m[0m                [0m[0m[1m[33m^^^^^^^^^^^^^^^^^[0m
[2.894s] [0m    [0m[0m[1m[38;5;12m|[0m
[2.894s] [0m    [0m[0m[1m[38;5;12m= [0m[0m[1mnote[0m[0m: expected values for `feature` are: `ament_rs`, `default`, `dyn_msg`, `generate_docs`, and `libloading`[0m
[2.894s] [0m    [0m[0m[1m[38;5;12m= [0m[0m[1mhelp[0m[0m: consider adding `serde` as a feature in `Cargo.toml`[0m
[2.894s] [0m    [0m[0m[1m[38;5;12m= [0m[0m[1mnote[0m[0m: see <https://doc.rust-lang.org/nightly/rustc/check-cfg/cargo-specifics.html> for more information about checking conditional configuration[0m
[2.894s] 
[2.894s] [0m[1m[33mwarning[0m[0m[1m: unexpected `cfg` condition value: `serde`[0m
[2.894s] [0m    [0m[0m[1m[38;5;12m--> [0m[0m/home/hiromichi/rost2/install/rclrs/share/rclrs/rust/src/vendor/rcl_interfaces/srv.rs:1033:16[0m
[2.894s] [0m     [0m[0m[1m[38;5;12m|[0m
[2.894s] [0m[1m[38;5;12m1033[0m[0m [0m[0m[1m[38;5;12m|[0m[0m [0m[0m    #[cfg_attr(feature = "serde", derive(Deserialize, Serialize))][0m
[2.894s] [0m     [0m[0m[1m[38;5;12m|[0m[0m                [0m[0m[1m[33m^^^^^^^^^^^^^^^^^[0m
[2.895s] [0m     [0m[0m[1m[38;5;12m|[0m
[2.895s] [0m     [0m[0m[1m[38;5;12m= [0m[0m[1mnote[0m[0m: expected values for `feature` are: `ament_rs`, `default`, `dyn_msg`, `generate_docs`, and `libloading`[0m
[2.895s] [0m     [0m[0m[1m[38;5;12m= [0m[0m[1mhelp[0m[0m: consider adding `serde` as a feature in `Cargo.toml`[0m
[2.895s] [0m     [0m[0m[1m[38;5;12m= [0m[0m[1mnote[0m[0m: see <https://doc.rust-lang.org/nightly/rustc/check-cfg/cargo-specifics.html> for more information about checking conditional configuration[0m
[2.895s] 
[2.895s] [0m[1m[33mwarning[0m[0m[1m: unexpected `cfg` condition value: `serde`[0m
[2.895s] [0m    [0m[0m[1m[38;5;12m--> [0m[0m/home/hiromichi/rost2/install/rclrs/share/rclrs/rust/src/vendor/rcl_interfaces/srv.rs:1128:16[0m
[2.895s] [0m     [0m[0m[1m[38;5;12m|[0m
[2.896s] [0m[1m[38;5;12m1128[0m[0m [0m[0m[1m[38;5;12m|[0m[0m [0m[0m    #[cfg_attr(feature = "serde", derive(Deserialize, Serialize))][0m
[2.896s] [0m     [0m[0m[1m[38;5;12m|[0m[0m                [0m[0m[1m[33m^^^^^^^^^^^^^^^^^[0m
[2.896s] [0m     [0m[0m[1m[38;5;12m|[0m
[2.896s] [0m     [0m[0m[1m[38;5;12m= [0m[0m[1mnote[0m[0m: expected values for `feature` are: `ament_rs`, `default`, `dyn_msg`, `generate_docs`, and `libloading`[0m
[2.896s] [0m     [0m[0m[1m[38;5;12m= [0m[0m[1mhelp[0m[0m: consider adding `serde` as a feature in `Cargo.toml`[0m
[2.896s] [0m     [0m[0m[1m[38;5;12m= [0m[0m[1mnote[0m[0m: see <https://doc.rust-lang.org/nightly/rustc/check-cfg/cargo-specifics.html> for more information about checking conditional configuration[0m
[2.896s] 
[2.896s] [0m[1m[33mwarning[0m[0m[1m: unexpected `cfg` condition value: `serde`[0m
[2.897s] [0m    [0m[0m[1m[38;5;12m--> [0m[0m/home/hiromichi/rost2/install/rclrs/share/rclrs/rust/src/vendor/rcl_interfaces/srv.rs:1222:16[0m
[2.897s] [0m     [0m[0m[1m[38;5;12m|[0m
[2.897s] [0m[1m[38;5;12m1222[0m[0m [0m[0m[1m[38;5;12m|[0m[0m [0m[0m    #[cfg_attr(feature = "serde", derive(Deserialize, Serialize))][0m
[2.897s] [0m     [0m[0m[1m[38;5;12m|[0m[0m                [0m[0m[1m[33m^^^^^^^^^^^^^^^^^[0m
[2.897s] [0m     [0m[0m[1m[38;5;12m|[0m
[2.897s] [0m     [0m[0m[1m[38;5;12m= [0m[0m[1mnote[0m[0m: expected values for `feature` are: `ament_rs`, `default`, `dyn_msg`, `generate_docs`, and `libloading`[0m
[2.897s] [0m     [0m[0m[1m[38;5;12m= [0m[0m[1mhelp[0m[0m: consider adding `serde` as a feature in `Cargo.toml`[0m
[2.897s] [0m     [0m[0m[1m[38;5;12m= [0m[0m[1mnote[0m[0m: see <https://doc.rust-lang.org/nightly/rustc/check-cfg/cargo-specifics.html> for more information about checking conditional configuration[0m
[2.897s] 
[2.897s] [0m[1m[33mwarning[0m[0m[1m: unexpected `cfg` condition value: `serde`[0m
[2.898s] [0m    [0m[0m[1m[38;5;12m--> [0m[0m/home/hiromichi/rost2/install/rclrs/share/rclrs/rust/src/vendor/rcl_interfaces/srv.rs:1320:16[0m
[2.898s] [0m     [0m[0m[1m[38;5;12m|[0m
[2.898s] [0m[1m[38;5;12m1320[0m[0m [0m[0m[1m[38;5;12m|[0m[0m [0m[0m    #[cfg_attr(feature = "serde", derive(Deserialize, Serialize))][0m
[2.898s] [0m     [0m[0m[1m[38;5;12m|[0m[0m                [0m[0m[1m[33m^^^^^^^^^^^^^^^^^[0m
[2.898s] [0m     [0m[0m[1m[38;5;12m|[0m
[2.898s] [0m     [0m[0m[1m[38;5;12m= [0m[0m[1mnote[0m[0m: expected values for `feature` are: `ament_rs`, `default`, `dyn_msg`, `generate_docs`, and `libloading`[0m
[2.898s] [0m     [0m[0m[1m[38;5;12m= [0m[0m[1mhelp[0m[0m: consider adding `serde` as a feature in `Cargo.toml`[0m
[2.898s] [0m     [0m[0m[1m[38;5;12m= [0m[0m[1mnote[0m[0m: see <https://doc.rust-lang.org/nightly/rustc/check-cfg/cargo-specifics.html> for more information about checking conditional configuration[0m
[2.898s] 
[2.898s] [0m[1m[33mwarning[0m[0m[1m: unexpected `cfg` condition value: `serde`[0m
[2.898s] [0m    [0m[0m[1m[38;5;12m--> [0m[0m/home/hiromichi/rost2/install/rclrs/share/rclrs/rust/src/vendor/rcl_interfaces/srv.rs:1419:16[0m
[2.898s] [0m     [0m[0m[1m[38;5;12m|[0m
[2.898s] [0m[1m[38;5;12m1419[0m[0m [0m[0m[1m[38;5;12m|[0m[0m [0m[0m    #[cfg_attr(feature = "serde", derive(Deserialize, Serialize))][0m
[2.898s] [0m     [0m[0m[1m[38;5;12m|[0m[0m                [0m[0m[1m[33m^^^^^^^^^^^^^^^^^[0m
[2.899s] [0m     [0m[0m[1m[38;5;12m|[0m
[2.899s] [0m     [0m[0m[1m[38;5;12m= [0m[0m[1mnote[0m[0m: expected values for `feature` are: `ament_rs`, `default`, `dyn_msg`, `generate_docs`, and `libloading`[0m
[2.899s] [0m     [0m[0m[1m[38;5;12m= [0m[0m[1mhelp[0m[0m: consider adding `serde` as a feature in `Cargo.toml`[0m
[2.899s] [0m     [0m[0m[1m[38;5;12m= [0m[0m[1mnote[0m[0m: see <https://doc.rust-lang.org/nightly/rustc/check-cfg/cargo-specifics.html> for more information about checking conditional configuration[0m
[2.899s] 
[2.899s] [0m[1m[33mwarning[0m[0m[1m: unexpected `cfg` condition value: `serde`[0m
[2.899s] [0m    [0m[0m[1m[38;5;12m--> [0m[0m/home/hiromichi/rost2/install/rclrs/share/rclrs/rust/src/vendor/rcl_interfaces/srv.rs:1513:16[0m
[2.899s] [0m     [0m[0m[1m[38;5;12m|[0m
[2.899s] [0m[1m[38;5;12m1513[0m[0m [0m[0m[1m[38;5;12m|[0m[0m [0m[0m    #[cfg_attr(feature = "serde", derive(Deserialize, Serialize))][0m
[2.899s] [0m     [0m[0m[1m[38;5;12m|[0m[0m                [0m[0m[1m[33m^^^^^^^^^^^^^^^^^[0m
[2.899s] [0m     [0m[0m[1m[38;5;12m|[0m
[2.899s] [0m     [0m[0m[1m[38;5;12m= [0m[0m[1mnote[0m[0m: expected values for `feature` are: `ament_rs`, `default`, `dyn_msg`, `generate_docs`, and `libloading`[0m
[2.899s] [0m     [0m[0m[1m[38;5;12m= [0m[0m[1mhelp[0m[0m: consider adding `serde` as a feature in `Cargo.toml`[0m
[2.899s] [0m     [0m[0m[1m[38;5;12m= [0m[0m[1mnote[0m[0m: see <https://doc.rust-lang.org/nightly/rustc/check-cfg/cargo-specifics.html> for more information about checking conditional configuration[0m
[2.899s] 
[2.899s] [0m[1m[33mwarning[0m[0m[1m: unexpected `cfg` condition value: `serde`[0m
[2.899s] [0m    [0m[0m[1m[38;5;12m--> [0m[0m/home/hiromichi/rost2/install/rclrs/share/rclrs/rust/src/vendor/rcl_interfaces/srv.rs:1613:16[0m
[2.899s] [0m     [0m[0m[1m[38;5;12m|[0m
[2.899s] [0m[1m[38;5;12m1613[0m[0m [0m[0m[1m[38;5;12m|[0m[0m [0m[0m    #[cfg_attr(feature = "serde", derive(Deserialize, Serialize))][0m
[2.899s] [0m     [0m[0m[1m[38;5;12m|[0m[0m                [0m[0m[1m[33m^^^^^^^^^^^^^^^^^[0m
[2.899s] [0m     [0m[0m[1m[38;5;12m|[0m
[2.900s] [0m     [0m[0m[1m[38;5;12m= [0m[0m[1mnote[0m[0m: expected values for `feature` are: `ament_rs`, `default`, `dyn_msg`, `generate_docs`, and `libloading`[0m
[2.900s] [0m     [0m[0m[1m[38;5;12m= [0m[0m[1mhelp[0m[0m: consider adding `serde` as a feature in `Cargo.toml`[0m
[2.900s] [0m     [0m[0m[1m[38;5;12m= [0m[0m[1mnote[0m[0m: see <https://doc.rust-lang.org/nightly/rustc/check-cfg/cargo-specifics.html> for more information about checking conditional configuration[0m
[2.900s] 
[2.900s] [0m[1m[33mwarning[0m[0m[1m: unexpected `cfg` condition value: `serde`[0m
[2.900s] [0m    [0m[0m[1m[38;5;12m--> [0m[0m/home/hiromichi/rost2/install/rclrs/share/rclrs/rust/src/vendor/rcl_interfaces/srv.rs:1713:16[0m
[2.900s] [0m     [0m[0m[1m[38;5;12m|[0m
[2.900s] [0m[1m[38;5;12m1713[0m[0m [0m[0m[1m[38;5;12m|[0m[0m [0m[0m    #[cfg_attr(feature = "serde", derive(Deserialize, Serialize))][0m
[2.900s] [0m     [0m[0m[1m[38;5;12m|[0m[0m                [0m[0m[1m[33m^^^^^^^^^^^^^^^^^[0m
[2.900s] [0m     [0m[0m[1m[38;5;12m|[0m
[2.900s] [0m     [0m[0m[1m[38;5;12m= [0m[0m[1mnote[0m[0m: expected values for `feature` are: `ament_rs`, `default`, `dyn_msg`, `generate_docs`, and `libloading`[0m
[2.900s] [0m     [0m[0m[1m[38;5;12m= [0m[0m[1mhelp[0m[0m: consider adding `serde` as a feature in `Cargo.toml`[0m
[2.900s] [0m     [0m[0m[1m[38;5;12m= [0m[0m[1mnote[0m[0m: see <https://doc.rust-lang.org/nightly/rustc/check-cfg/cargo-specifics.html> for more information about checking conditional configuration[0m
[2.901s] 
[2.901s] [0m[1m[33mwarning[0m[0m[1m: unexpected `cfg` condition value: `serde`[0m
[2.901s] [0m    [0m[0m[1m[38;5;12m--> [0m[0m/home/hiromichi/rost2/install/rclrs/share/rclrs/rust/src/vendor/rcl_interfaces/srv.rs:1808:16[0m
[2.901s] [0m     [0m[0m[1m[38;5;12m|[0m
[2.901s] [0m[1m[38;5;12m1808[0m[0m [0m[0m[1m[38;5;12m|[0m[0m [0m[0m    #[cfg_attr(feature = "serde", derive(Deserialize, Serialize))][0m
[2.901s] [0m     [0m[0m[1m[38;5;12m|[0m[0m                [0m[0m[1m[33m^^^^^^^^^^^^^^^^^[0m
[2.902s] [0m     [0m[0m[1m[38;5;12m|[0m
[2.902s] [0m     [0m[0m[1m[38;5;12m= [0m[0m[1mnote[0m[0m: expected values for `feature` are: `ament_rs`, `default`, `dyn_msg`, `generate_docs`, and `libloading`[0m
[2.902s] [0m     [0m[0m[1m[38;5;12m= [0m[0m[1mhelp[0m[0m: consider adding `serde` as a feature in `Cargo.toml`[0m
[2.902s] [0m     [0m[0m[1m[38;5;12m= [0m[0m[1mnote[0m[0m: see <https://doc.rust-lang.org/nightly/rustc/check-cfg/cargo-specifics.html> for more information about checking conditional configuration[0m
[2.902s] 
[2.902s] [0m[1m[33mwarning[0m[0m[1m: unexpected `cfg` condition value: `serde`[0m
[2.902s] [0m  [0m[0m[1m[38;5;12m--> [0m[0m/home/hiromichi/rost2/install/rclrs/share/rclrs/rust/src/vendor/rosgraph_msgs/msg.rs:89:7[0m
[2.902s] [0m   [0m[0m[1m[38;5;12m|[0m
[2.902s] [0m[1m[38;5;12m89[0m[0m [0m[0m[1m[38;5;12m|[0m[0m [0m[0m#[cfg(feature = "serde")][0m
[2.902s] [0m   [0m[0m[1m[38;5;12m|[0m[0m       [0m[0m[1m[33m^^^^^^^^^^^^^^^^^[0m
[2.903s] [0m   [0m[0m[1m[38;5;12m|[0m
[2.903s] [0m   [0m[0m[1m[38;5;12m= [0m[0m[1mnote[0m[0m: expected values for `feature` are: `ament_rs`, `default`, `dyn_msg`, `generate_docs`, and `libloading`[0m
[2.903s] [0m   [0m[0m[1m[38;5;12m= [0m[0m[1mhelp[0m[0m: consider adding `serde` as a feature in `Cargo.toml`[0m
[2.903s] [0m   [0m[0m[1m[38;5;12m= [0m[0m[1mnote[0m[0m: see <https://doc.rust-lang.org/nightly/rustc/check-cfg/cargo-specifics.html> for more information about checking conditional configuration[0m
[2.903s] 
[2.903s] [0m[1m[33mwarning[0m[0m[1m: unexpected `cfg` condition value: `serde`[0m
[2.903s] [0m  [0m[0m[1m[38;5;12m--> [0m[0m/home/hiromichi/rost2/install/rclrs/share/rclrs/rust/src/vendor/rosgraph_msgs/msg.rs:92:12[0m
[2.904s] [0m   [0m[0m[1m[38;5;12m|[0m
[2.904s] [0m[1m[38;5;12m92[0m[0m [0m[0m[1m[38;5;12m|[0m[0m [0m[0m#[cfg_attr(feature = "serde", derive(Deserialize, Serialize))][0m
[2.904s] [0m   [0m[0m[1m[38;5;12m|[0m[0m            [0m[0m[1m[33m^^^^^^^^^^^^^^^^^[0m
[2.904s] [0m   [0m[0m[1m[38;5;12m|[0m
[2.904s] [0m   [0m[0m[1m[38;5;12m= [0m[0m[1mnote[0m[0m: expected values for `feature` are: `ament_rs`, `default`, `dyn_msg`, `generate_docs`, and `libloading`[0m
[2.904s] [0m   [0m[0m[1m[38;5;12m= [0m[0m[1mhelp[0m[0m: consider adding `serde` as a feature in `Cargo.toml`[0m
[2.904s] [0m   [0m[0m[1m[38;5;12m= [0m[0m[1mnote[0m[0m: see <https://doc.rust-lang.org/nightly/rustc/check-cfg/cargo-specifics.html> for more information about checking conditional configuration[0m
[2.904s] 
[2.904s] [0m[1m[33mwarning[0m[0m[1m: unexpected `cfg` condition value: `serde`[0m
[2.904s] [0m [0m[0m[1m[38;5;12m--> [0m[0m/home/hiromichi/rost2/install/rclrs/share/rclrs/rust/src/vendor/rosgraph_msgs/msg.rs:2:11[0m
[2.904s] [0m  [0m[0m[1m[38;5;12m|[0m
[2.904s] [0m[1m[38;5;12m2[0m[0m [0m[0m[1m[38;5;12m|[0m[0m [0m[0m    #[cfg(feature = "serde")][0m
[2.904s] [0m  [0m[0m[1m[38;5;12m|[0m[0m           [0m[0m[1m[33m^^^^^^^^^^^^^^^^^[0m
[2.905s] [0m  [0m[0m[1m[38;5;12m|[0m
[2.905s] [0m  [0m[0m[1m[38;5;12m= [0m[0m[1mnote[0m[0m: expected values for `feature` are: `ament_rs`, `default`, `dyn_msg`, `generate_docs`, and `libloading`[0m
[2.905s] [0m  [0m[0m[1m[38;5;12m= [0m[0m[1mhelp[0m[0m: consider adding `serde` as a feature in `Cargo.toml`[0m
[2.905s] [0m  [0m[0m[1m[38;5;12m= [0m[0m[1mnote[0m[0m: see <https://doc.rust-lang.org/nightly/rustc/check-cfg/cargo-specifics.html> for more information about checking conditional configuration[0m
[2.905s] 
[2.905s] [0m[1m[33mwarning[0m[0m[1m: unexpected `cfg` condition value: `serde`[0m
[2.905s] [0m  [0m[0m[1m[38;5;12m--> [0m[0m/home/hiromichi/rost2/install/rclrs/share/rclrs/rust/src/vendor/rosgraph_msgs/msg.rs:27:16[0m
[2.905s] [0m   [0m[0m[1m[38;5;12m|[0m
[2.905s] [0m[1m[38;5;12m27[0m[0m [0m[0m[1m[38;5;12m|[0m[0m [0m[0m    #[cfg_attr(feature = "serde", derive(Deserialize, Serialize))][0m
[2.905s] [0m   [0m[0m[1m[38;5;12m|[0m[0m                [0m[0m[1m[33m^^^^^^^^^^^^^^^^^[0m
[2.906s] [0m   [0m[0m[1m[38;5;12m|[0m
[2.906s] [0m   [0m[0m[1m[38;5;12m= [0m[0m[1mnote[0m[0m: expected values for `feature` are: `ament_rs`, `default`, `dyn_msg`, `generate_docs`, and `libloading`[0m
[2.906s] [0m   [0m[0m[1m[38;5;12m= [0m[0m[1mhelp[0m[0m: consider adding `serde` as a feature in `Cargo.toml`[0m
[2.906s] [0m   [0m[0m[1m[38;5;12m= [0m[0m[1mnote[0m[0m: see <https://doc.rust-lang.org/nightly/rustc/check-cfg/cargo-specifics.html> for more information about checking conditional configuration[0m
[2.906s] 
[4.233s] Invoked command in 'src/ros2_rust/examples/minimal_client_service' returned '0': AMENT_PREFIX_PATH=/home/hiromichi/rost2/install/rclrs:/home/hiromichi/rost2/install/example_interfaces:/home/hiromichi/rost2/install/rosgraph_msgs:/home/hiromichi/rost2/install/rcl_interfaces:/home/hiromichi/rost2/install/action_msgs:/home/hiromichi/rost2/install/unique_identifier_msgs:/home/hiromichi/rost2/install/builtin_interfaces:/home/hiromichi/rost2/install/rosidl_default_runtime:/home/hiromichi/rost2/install/rosidl_generator_rs:/home/hiromichi/rost2/install/rosidl_runtime_rs:${AMENT_PREFIX_PATH} CMAKE_PREFIX_PATH=/home/hiromichi/rost2/install/example_interfaces:/home/hiromichi/rost2/install/rosgraph_msgs:/home/hiromichi/rost2/install/rcl_interfaces:/home/hiromichi/rost2/install/action_msgs:/home/hiromichi/rost2/install/unique_identifier_msgs:/home/hiromichi/rost2/install/builtin_interfaces:/home/hiromichi/rost2/install/rosidl_default_runtime:/home/hiromichi/rost2/install/rosidl_generator_rs LD_LIBRARY_PATH=/home/hiromichi/rost2/install/example_interfaces/lib:/home/hiromichi/rost2/install/rosgraph_msgs/lib:/home/hiromichi/rost2/install/rcl_interfaces/lib:/home/hiromichi/rost2/install/action_msgs/lib:/home/hiromichi/rost2/install/unique_identifier_msgs/lib:/home/hiromichi/rost2/install/builtin_interfaces/lib:${LD_LIBRARY_PATH} PYTHONPATH=/home/hiromichi/rost2/install/example_interfaces/local/lib/python3.10/dist-packages:/home/hiromichi/rost2/install/rosgraph_msgs/local/lib/python3.10/dist-packages:/home/hiromichi/rost2/install/rcl_interfaces/local/lib/python3.10/dist-packages:/home/hiromichi/rost2/install/action_msgs/local/lib/python3.10/dist-packages:/home/hiromichi/rost2/install/unique_identifier_msgs/local/lib/python3.10/dist-packages:/home/hiromichi/rost2/install/builtin_interfaces/local/lib/python3.10/dist-packages:/home/hiromichi/rost2/install/rosidl_generator_rs/local/lib/python3.10/dist-packages:${PYTHONPATH} /root/.cargo/bin/cargo ament-build --install-base /home/hiromichi/rost2/install/examples_rclrs_minimal_client_service -- --manifest-path /home/hiromichi/rost2/src/ros2_rust/examples/minimal_client_service/Cargo.toml --target-dir /home/hiromichi/rost2/build/examples_rclrs_minimal_client_service --quiet
