[0.592s] Invoking command in '/home/hiromichi/rost2/src/ros2/common_interfaces/sensor_msgs_py': AMENT_PREFIX_PATH=/home/hiromichi/rost2/install/sensor_msgs:/home/hiromichi/rost2/install/geometry_msgs:/home/hiromichi/rost2/install/std_msgs:/home/hiromichi/rost2/install/builtin_interfaces:/home/hiromichi/rost2/install/rosidl_default_runtime:/home/hiromichi/rost2/install/rosidl_generator_rs:/home/hiromichi/rost2/install/rosidl_runtime_rs:${AMENT_PREFIX_PATH} CMAKE_PREFIX_PATH=/home/hiromichi/rost2/install/sensor_msgs:/home/hiromichi/rost2/install/geometry_msgs:/home/hiromichi/rost2/install/std_msgs:/home/hiromichi/rost2/install/builtin_interfaces:/home/hiromichi/rost2/install/rosidl_default_runtime:/home/hiromichi/rost2/install/rosidl_generator_rs LD_LIBRARY_PATH=/home/hiromichi/rost2/install/sensor_msgs/lib:/home/hiromichi/rost2/install/geometry_msgs/lib:/home/hiromichi/rost2/install/std_msgs/lib:/home/hiromichi/rost2/install/builtin_interfaces/lib:${LD_LIBRARY_PATH} PYTHONPATH=/home/hiromichi/rost2/install/sensor_msgs_py/lib/python3.10/site-packages:/home/hiromichi/rost2/install/sensor_msgs/local/lib/python3.10/dist-packages:/home/hiromichi/rost2/install/geometry_msgs/local/lib/python3.10/dist-packages:/home/hiromichi/rost2/install/std_msgs/local/lib/python3.10/dist-packages:/home/hiromichi/rost2/install/builtin_interfaces/local/lib/python3.10/dist-packages:/home/hiromichi/rost2/install/rosidl_generator_rs/local/lib/python3.10/dist-packages:${PYTHONPATH} /usr/bin/python3 setup.py egg_info --egg-base ../../../../build/sensor_msgs_py build --build-base /home/hiromichi/rost2/build/sensor_msgs_py/build install --prefix /home/hiromichi/rost2/install/sensor_msgs_py --record /home/hiromichi/rost2/build/sensor_msgs_py/install.log --single-version-externally-managed
[0.805s] running egg_info
[0.806s] writing ../../../../build/sensor_msgs_py/sensor_msgs_py.egg-info/PKG-INFO
[0.807s] writing dependency_links to ../../../../build/sensor_msgs_py/sensor_msgs_py.egg-info/dependency_links.txt
[0.807s] writing requirements to ../../../../build/sensor_msgs_py/sensor_msgs_py.egg-info/requires.txt
[0.807s] writing top-level names to ../../../../build/sensor_msgs_py/sensor_msgs_py.egg-info/top_level.txt
[0.811s] reading manifest file '../../../../build/sensor_msgs_py/sensor_msgs_py.egg-info/SOURCES.txt'
[0.811s] adding license file 'LICENSE'
[0.812s] writing manifest file '../../../../build/sensor_msgs_py/sensor_msgs_py.egg-info/SOURCES.txt'
[0.812s] running build
[0.812s] running build_py
[0.812s] running install
[0.812s] running install_lib
[0.814s] /usr/lib/python3/dist-packages/setuptools/command/install.py:34: SetuptoolsDeprecationWarning: setup.py install is deprecated. Use build and pip and other standards-based tools.
[0.814s]   warnings.warn(
[0.814s] running install_data
[0.815s] running install_egg_info
[0.816s] removing '/home/hiromichi/rost2/install/sensor_msgs_py/lib/python3.10/site-packages/sensor_msgs_py-4.2.4-py3.10.egg-info' (and everything under it)
[0.816s] Copying ../../../../build/sensor_msgs_py/sensor_msgs_py.egg-info to /home/hiromichi/rost2/install/sensor_msgs_py/lib/python3.10/site-packages/sensor_msgs_py-4.2.4-py3.10.egg-info
[0.816s] running install_scripts
[0.825s] writing list of installed files to '/home/hiromichi/rost2/build/sensor_msgs_py/install.log'
[0.852s] Invoked command in '/home/hiromichi/rost2/src/ros2/common_interfaces/sensor_msgs_py' returned '0': AMENT_PREFIX_PATH=/home/hiromichi/rost2/install/sensor_msgs:/home/hiromichi/rost2/install/geometry_msgs:/home/hiromichi/rost2/install/std_msgs:/home/hiromichi/rost2/install/builtin_interfaces:/home/hiromichi/rost2/install/rosidl_default_runtime:/home/hiromichi/rost2/install/rosidl_generator_rs:/home/hiromichi/rost2/install/rosidl_runtime_rs:${AMENT_PREFIX_PATH} CMAKE_PREFIX_PATH=/home/hiromichi/rost2/install/sensor_msgs:/home/hiromichi/rost2/install/geometry_msgs:/home/hiromichi/rost2/install/std_msgs:/home/hiromichi/rost2/install/builtin_interfaces:/home/hiromichi/rost2/install/rosidl_default_runtime:/home/hiromichi/rost2/install/rosidl_generator_rs LD_LIBRARY_PATH=/home/hiromichi/rost2/install/sensor_msgs/lib:/home/hiromichi/rost2/install/geometry_msgs/lib:/home/hiromichi/rost2/install/std_msgs/lib:/home/hiromichi/rost2/install/builtin_interfaces/lib:${LD_LIBRARY_PATH} PYTHONPATH=/home/hiromichi/rost2/install/sensor_msgs_py/lib/python3.10/site-packages:/home/hiromichi/rost2/install/sensor_msgs/local/lib/python3.10/dist-packages:/home/hiromichi/rost2/install/geometry_msgs/local/lib/python3.10/dist-packages:/home/hiromichi/rost2/install/std_msgs/local/lib/python3.10/dist-packages:/home/hiromichi/rost2/install/builtin_interfaces/local/lib/python3.10/dist-packages:/home/hiromichi/rost2/install/rosidl_generator_rs/local/lib/python3.10/dist-packages:${PYTHONPATH} /usr/bin/python3 setup.py egg_info --egg-base ../../../../build/sensor_msgs_py build --build-base /home/hiromichi/rost2/build/sensor_msgs_py/build install --prefix /home/hiromichi/rost2/install/sensor_msgs_py --record /home/hiromichi/rost2/build/sensor_msgs_py/install.log --single-version-externally-managed
