[0.356s] Invoking command in '/home/hiro/rust_ws/build/nav_msgs': AMENT_PREFIX_PATH=/home/hiro/rust_ws/install/rosidl_runtime_rs:/home/hiro/rust_ws/install/common_interfaces:/home/hiro/rust_ws/install/visualization_msgs:/home/hiro/rust_ws/install/test_msgs:/home/hiro/rust_ws/install/examples_rclrs_minimal_client_service:/home/hiro/rust_ws/install/example_interfaces:/home/hiro/rust_ws/install/action_msgs:/home/hiro/rust_ws/install/unique_identifier_msgs:/home/hiro/rust_ws/install/trajectory_msgs:/home/hiro/rust_ws/install/test_interface_files:/home/hiro/rust_ws/install/stereo_msgs:/home/hiro/rust_ws/install/std_srvs:/home/hiro/rust_ws/install/shape_msgs:/home/hiro/rust_ws/install/sensor_msgs_py:/home/hiro/rust_ws/install/sensor_msgs:/home/hiro/rust_ws/install/rust_pubsub:/home/hiro/rust_ws/install/nav_msgs:/home/hiro/rust_ws/install/diagnostic_msgs:/home/hiro/rust_ws/install/geometry_msgs:/home/hiro/rust_ws/install/examples_rclrs_minimal_pub_sub:/home/hiro/rust_ws/install/actionlib_msgs:/home/hiro/rust_ws/install/std_msgs:/home/hiro/rust_ws/install/statistics_msgs:/home/hiro/rust_ws/install/examples_rclrs_message_demo:/home/hiro/rust_ws/install/rclrs:/home/hiro/rust_ws/install/rosgraph_msgs:/home/hiro/rust_ws/install/rclrs_example_msgs:/home/hiro/rust_ws/install/composition_interfaces:/home/hiro/rust_ws/install/rcl_interfaces:/home/hiro/rust_ws/install/lifecycle_msgs:/home/hiro/rust_ws/install/builtin_interfaces:/home/hiro/rust_ws/install/rosidl_default_runtime:/home/hiro/rust_ws/install/rosidl_default_generators:/home/hiro/rust_ws/install/rosidl_generator_rs:/home/hiro/ws_livox/install/livox_ros_driver2:/opt/ros/humble CMAKE_PREFIX_PATH=/home/hiro/rust_ws/install/geometry_msgs:/home/hiro/rust_ws/install/std_msgs:/home/hiro/rust_ws/install/builtin_interfaces:/home/hiro/rust_ws/install/rosidl_default_runtime:/home/hiro/rust_ws/install/rosidl_default_generators:/home/hiro/rust_ws/install/rosidl_generator_rs:/home/hiro/rust_ws/install/common_interfaces:/home/hiro/rust_ws/install/visualization_msgs:/home/hiro/rust_ws/install/test_msgs:/home/hiro/rust_ws/install/example_interfaces:/home/hiro/rust_ws/install/action_msgs:/home/hiro/rust_ws/install/unique_identifier_msgs:/home/hiro/rust_ws/install/trajectory_msgs:/home/hiro/rust_ws/install/test_interface_files:/home/hiro/rust_ws/install/stereo_msgs:/home/hiro/rust_ws/install/std_srvs:/home/hiro/rust_ws/install/shape_msgs:/home/hiro/rust_ws/install/sensor_msgs:/home/hiro/rust_ws/install/nav_msgs:/home/hiro/rust_ws/install/diagnostic_msgs:/home/hiro/rust_ws/install/actionlib_msgs:/home/hiro/rust_ws/install/statistics_msgs:/home/hiro/rust_ws/install/rosgraph_msgs:/home/hiro/rust_ws/install/rclrs_example_msgs:/home/hiro/rust_ws/install/composition_interfaces:/home/hiro/rust_ws/install/rcl_interfaces:/home/hiro/rust_ws/install/lifecycle_msgs:/home/hiro/ws_livox/install/livox_ros_driver2:/home/hiro/rust_ws/install/examples_rclrs_minimal_client_service:/home/hiro/rust_ws/install/sensor_msgs_py:/home/hiro/rust_ws/install/rust_pubsub:/home/hiro/rust_ws/install/examples_rclrs_minimal_pub_sub:/home/hiro/rust_ws/install/examples_rclrs_message_demo:/home/hiro/rust_ws/install/rclrs:/home/hiro/rust_ws/install/rosidl_runtime_rs:/opt/ros/humble LD_LIBRARY_PATH=/home/hiro/rust_ws/install/geometry_msgs/lib:/home/hiro/rust_ws/install/std_msgs/lib:/home/hiro/rust_ws/install/builtin_interfaces/lib:/home/hiro/rust_ws/install/visualization_msgs/lib:/home/hiro/rust_ws/install/test_msgs/lib:/home/hiro/rust_ws/install/example_interfaces/lib:/home/hiro/rust_ws/install/action_msgs/lib:/home/hiro/rust_ws/install/unique_identifier_msgs/lib:/home/hiro/rust_ws/install/trajectory_msgs/lib:/home/hiro/rust_ws/install/stereo_msgs/lib:/home/hiro/rust_ws/install/std_srvs/lib:/home/hiro/rust_ws/install/shape_msgs/lib:/home/hiro/rust_ws/install/sensor_msgs/lib:/home/hiro/rust_ws/install/nav_msgs/lib:/home/hiro/rust_ws/install/diagnostic_msgs/lib:/home/hiro/rust_ws/install/actionlib_msgs/lib:/home/hiro/rust_ws/install/statistics_msgs/lib:/home/hiro/rust_ws/install/rosgraph_msgs/lib:/home/hiro/rust_ws/install/rclrs_example_msgs/lib:/home/hiro/rust_ws/install/composition_interfaces/lib:/home/hiro/rust_ws/install/rcl_interfaces/lib:/home/hiro/rust_ws/install/lifecycle_msgs/lib:/home/hiro/ws_livox/install/livox_ros_driver2/lib:/opt/ros/humble/opt/rviz_ogre_vendor/lib:/opt/ros/humble/lib/x86_64-linux-gnu:/opt/ros/humble/lib /usr/bin/cmake --build /home/hiro/rust_ws/build/nav_msgs -- -j22 -l22
[0.421s] [35m[1mConsolidate compiler generated dependencies of target nav_msgs__rosidl_generator_c[0m
[0.424s] [  1%] Built target nav_msgs__rs
[0.435s] [  2%] Built target nav_msgs__cpp
[0.443s] [ 13%] Built target nav_msgs__rosidl_generator_c
[0.450s] [ 13%] Built target ament_cmake_python_copy_nav_msgs
[0.481s] [35m[1mConsolidate compiler generated dependencies of target nav_msgs__rosidl_typesupport_fastrtps_cpp[0m
[0.496s] [35m[1mConsolidate compiler generated dependencies of target nav_msgs__rosidl_typesupport_introspection_cpp[0m
[0.505s] [35m[1mConsolidate compiler generated dependencies of target nav_msgs__rosidl_typesupport_cpp[0m
[0.523s] [ 25%] Built target nav_msgs__rosidl_typesupport_fastrtps_cpp
[0.527s] [ 36%] Built target nav_msgs__rosidl_typesupport_introspection_cpp
[0.547s] [ 47%] Built target nav_msgs__rosidl_typesupport_cpp
[0.553s] [35m[1mConsolidate compiler generated dependencies of target nav_msgs__rosidl_typesupport_c[0m
[0.553s] [35m[1mConsolidate compiler generated dependencies of target nav_msgs__rosidl_typesupport_introspection_c[0m
[0.554s] [35m[1mConsolidate compiler generated dependencies of target nav_msgs__rosidl_typesupport_fastrtps_c[0m
[0.575s] [ 70%] Built target nav_msgs__rosidl_typesupport_introspection_c
[0.576s] [ 70%] Built target nav_msgs__rosidl_typesupport_c
[0.585s] [ 82%] Built target nav_msgs__rosidl_typesupport_fastrtps_c
[0.609s] [ 82%] Built target nav_msgs
[0.637s] [ 83%] Built target nav_msgs__py
[0.653s] [35m[1mConsolidate compiler generated dependencies of target nav_msgs__rosidl_generator_py[0m
[0.680s] [ 93%] Built target nav_msgs__rosidl_generator_py
[0.692s] [35m[1mConsolidate compiler generated dependencies of target nav_msgs__rosidl_typesupport_c__pyext[0m
[0.692s] [35m[1mConsolidate compiler generated dependencies of target nav_msgs__rosidl_typesupport_fastrtps_c__pyext[0m
[0.692s] [35m[1mConsolidate compiler generated dependencies of target nav_msgs__rosidl_typesupport_introspection_c__pyext[0m
[0.709s] [ 95%] Built target nav_msgs__rosidl_typesupport_c__pyext
[0.711s] [ 97%] Built target nav_msgs__rosidl_typesupport_introspection_c__pyext
[0.711s] [100%] Built target nav_msgs__rosidl_typesupport_fastrtps_c__pyext
[1.016s] running egg_info
[1.033s] writing nav_msgs.egg-info/PKG-INFO
[1.033s] writing dependency_links to nav_msgs.egg-info/dependency_links.txt
[1.033s] writing top-level names to nav_msgs.egg-info/top_level.txt
[1.084s] reading manifest file 'nav_msgs.egg-info/SOURCES.txt'
[1.085s] writing manifest file 'nav_msgs.egg-info/SOURCES.txt'
[1.150s] [100%] Built target ament_cmake_python_build_nav_msgs_egg
[1.161s] Invoked command in '/home/hiro/rust_ws/build/nav_msgs' returned '0': AMENT_PREFIX_PATH=/home/hiro/rust_ws/install/rosidl_runtime_rs:/home/hiro/rust_ws/install/common_interfaces:/home/hiro/rust_ws/install/visualization_msgs:/home/hiro/rust_ws/install/test_msgs:/home/hiro/rust_ws/install/examples_rclrs_minimal_client_service:/home/hiro/rust_ws/install/example_interfaces:/home/hiro/rust_ws/install/action_msgs:/home/hiro/rust_ws/install/unique_identifier_msgs:/home/hiro/rust_ws/install/trajectory_msgs:/home/hiro/rust_ws/install/test_interface_files:/home/hiro/rust_ws/install/stereo_msgs:/home/hiro/rust_ws/install/std_srvs:/home/hiro/rust_ws/install/shape_msgs:/home/hiro/rust_ws/install/sensor_msgs_py:/home/hiro/rust_ws/install/sensor_msgs:/home/hiro/rust_ws/install/rust_pubsub:/home/hiro/rust_ws/install/nav_msgs:/home/hiro/rust_ws/install/diagnostic_msgs:/home/hiro/rust_ws/install/geometry_msgs:/home/hiro/rust_ws/install/examples_rclrs_minimal_pub_sub:/home/hiro/rust_ws/install/actionlib_msgs:/home/hiro/rust_ws/install/std_msgs:/home/hiro/rust_ws/install/statistics_msgs:/home/hiro/rust_ws/install/examples_rclrs_message_demo:/home/hiro/rust_ws/install/rclrs:/home/hiro/rust_ws/install/rosgraph_msgs:/home/hiro/rust_ws/install/rclrs_example_msgs:/home/hiro/rust_ws/install/composition_interfaces:/home/hiro/rust_ws/install/rcl_interfaces:/home/hiro/rust_ws/install/lifecycle_msgs:/home/hiro/rust_ws/install/builtin_interfaces:/home/hiro/rust_ws/install/rosidl_default_runtime:/home/hiro/rust_ws/install/rosidl_default_generators:/home/hiro/rust_ws/install/rosidl_generator_rs:/home/hiro/ws_livox/install/livox_ros_driver2:/opt/ros/humble CMAKE_PREFIX_PATH=/home/hiro/rust_ws/install/geometry_msgs:/home/hiro/rust_ws/install/std_msgs:/home/hiro/rust_ws/install/builtin_interfaces:/home/hiro/rust_ws/install/rosidl_default_runtime:/home/hiro/rust_ws/install/rosidl_default_generators:/home/hiro/rust_ws/install/rosidl_generator_rs:/home/hiro/rust_ws/install/common_interfaces:/home/hiro/rust_ws/install/visualization_msgs:/home/hiro/rust_ws/install/test_msgs:/home/hiro/rust_ws/install/example_interfaces:/home/hiro/rust_ws/install/action_msgs:/home/hiro/rust_ws/install/unique_identifier_msgs:/home/hiro/rust_ws/install/trajectory_msgs:/home/hiro/rust_ws/install/test_interface_files:/home/hiro/rust_ws/install/stereo_msgs:/home/hiro/rust_ws/install/std_srvs:/home/hiro/rust_ws/install/shape_msgs:/home/hiro/rust_ws/install/sensor_msgs:/home/hiro/rust_ws/install/nav_msgs:/home/hiro/rust_ws/install/diagnostic_msgs:/home/hiro/rust_ws/install/actionlib_msgs:/home/hiro/rust_ws/install/statistics_msgs:/home/hiro/rust_ws/install/rosgraph_msgs:/home/hiro/rust_ws/install/rclrs_example_msgs:/home/hiro/rust_ws/install/composition_interfaces:/home/hiro/rust_ws/install/rcl_interfaces:/home/hiro/rust_ws/install/lifecycle_msgs:/home/hiro/ws_livox/install/livox_ros_driver2:/home/hiro/rust_ws/install/examples_rclrs_minimal_client_service:/home/hiro/rust_ws/install/sensor_msgs_py:/home/hiro/rust_ws/install/rust_pubsub:/home/hiro/rust_ws/install/examples_rclrs_minimal_pub_sub:/home/hiro/rust_ws/install/examples_rclrs_message_demo:/home/hiro/rust_ws/install/rclrs:/home/hiro/rust_ws/install/rosidl_runtime_rs:/opt/ros/humble LD_LIBRARY_PATH=/home/hiro/rust_ws/install/geometry_msgs/lib:/home/hiro/rust_ws/install/std_msgs/lib:/home/hiro/rust_ws/install/builtin_interfaces/lib:/home/hiro/rust_ws/install/visualization_msgs/lib:/home/hiro/rust_ws/install/test_msgs/lib:/home/hiro/rust_ws/install/example_interfaces/lib:/home/hiro/rust_ws/install/action_msgs/lib:/home/hiro/rust_ws/install/unique_identifier_msgs/lib:/home/hiro/rust_ws/install/trajectory_msgs/lib:/home/hiro/rust_ws/install/stereo_msgs/lib:/home/hiro/rust_ws/install/std_srvs/lib:/home/hiro/rust_ws/install/shape_msgs/lib:/home/hiro/rust_ws/install/sensor_msgs/lib:/home/hiro/rust_ws/install/nav_msgs/lib:/home/hiro/rust_ws/install/diagnostic_msgs/lib:/home/hiro/rust_ws/install/actionlib_msgs/lib:/home/hiro/rust_ws/install/statistics_msgs/lib:/home/hiro/rust_ws/install/rosgraph_msgs/lib:/home/hiro/rust_ws/install/rclrs_example_msgs/lib:/home/hiro/rust_ws/install/composition_interfaces/lib:/home/hiro/rust_ws/install/rcl_interfaces/lib:/home/hiro/rust_ws/install/lifecycle_msgs/lib:/home/hiro/ws_livox/install/livox_ros_driver2/lib:/opt/ros/humble/opt/rviz_ogre_vendor/lib:/opt/ros/humble/lib/x86_64-linux-gnu:/opt/ros/humble/lib /usr/bin/cmake --build /home/hiro/rust_ws/build/nav_msgs -- -j22 -l22
[1.458s] Invoking command in '/home/hiro/rust_ws/build/nav_msgs': AMENT_PREFIX_PATH=/home/hiro/rust_ws/install/rosidl_runtime_rs:/home/hiro/rust_ws/install/common_interfaces:/home/hiro/rust_ws/install/visualization_msgs:/home/hiro/rust_ws/install/test_msgs:/home/hiro/rust_ws/install/examples_rclrs_minimal_client_service:/home/hiro/rust_ws/install/example_interfaces:/home/hiro/rust_ws/install/action_msgs:/home/hiro/rust_ws/install/unique_identifier_msgs:/home/hiro/rust_ws/install/trajectory_msgs:/home/hiro/rust_ws/install/test_interface_files:/home/hiro/rust_ws/install/stereo_msgs:/home/hiro/rust_ws/install/std_srvs:/home/hiro/rust_ws/install/shape_msgs:/home/hiro/rust_ws/install/sensor_msgs_py:/home/hiro/rust_ws/install/sensor_msgs:/home/hiro/rust_ws/install/rust_pubsub:/home/hiro/rust_ws/install/nav_msgs:/home/hiro/rust_ws/install/diagnostic_msgs:/home/hiro/rust_ws/install/geometry_msgs:/home/hiro/rust_ws/install/examples_rclrs_minimal_pub_sub:/home/hiro/rust_ws/install/actionlib_msgs:/home/hiro/rust_ws/install/std_msgs:/home/hiro/rust_ws/install/statistics_msgs:/home/hiro/rust_ws/install/examples_rclrs_message_demo:/home/hiro/rust_ws/install/rclrs:/home/hiro/rust_ws/install/rosgraph_msgs:/home/hiro/rust_ws/install/rclrs_example_msgs:/home/hiro/rust_ws/install/composition_interfaces:/home/hiro/rust_ws/install/rcl_interfaces:/home/hiro/rust_ws/install/lifecycle_msgs:/home/hiro/rust_ws/install/builtin_interfaces:/home/hiro/rust_ws/install/rosidl_default_runtime:/home/hiro/rust_ws/install/rosidl_default_generators:/home/hiro/rust_ws/install/rosidl_generator_rs:/home/hiro/ws_livox/install/livox_ros_driver2:/opt/ros/humble CMAKE_PREFIX_PATH=/home/hiro/rust_ws/install/geometry_msgs:/home/hiro/rust_ws/install/std_msgs:/home/hiro/rust_ws/install/builtin_interfaces:/home/hiro/rust_ws/install/rosidl_default_runtime:/home/hiro/rust_ws/install/rosidl_default_generators:/home/hiro/rust_ws/install/rosidl_generator_rs:/home/hiro/rust_ws/install/common_interfaces:/home/hiro/rust_ws/install/visualization_msgs:/home/hiro/rust_ws/install/test_msgs:/home/hiro/rust_ws/install/example_interfaces:/home/hiro/rust_ws/install/action_msgs:/home/hiro/rust_ws/install/unique_identifier_msgs:/home/hiro/rust_ws/install/trajectory_msgs:/home/hiro/rust_ws/install/test_interface_files:/home/hiro/rust_ws/install/stereo_msgs:/home/hiro/rust_ws/install/std_srvs:/home/hiro/rust_ws/install/shape_msgs:/home/hiro/rust_ws/install/sensor_msgs:/home/hiro/rust_ws/install/nav_msgs:/home/hiro/rust_ws/install/diagnostic_msgs:/home/hiro/rust_ws/install/actionlib_msgs:/home/hiro/rust_ws/install/statistics_msgs:/home/hiro/rust_ws/install/rosgraph_msgs:/home/hiro/rust_ws/install/rclrs_example_msgs:/home/hiro/rust_ws/install/composition_interfaces:/home/hiro/rust_ws/install/rcl_interfaces:/home/hiro/rust_ws/install/lifecycle_msgs:/home/hiro/ws_livox/install/livox_ros_driver2:/home/hiro/rust_ws/install/examples_rclrs_minimal_client_service:/home/hiro/rust_ws/install/sensor_msgs_py:/home/hiro/rust_ws/install/rust_pubsub:/home/hiro/rust_ws/install/examples_rclrs_minimal_pub_sub:/home/hiro/rust_ws/install/examples_rclrs_message_demo:/home/hiro/rust_ws/install/rclrs:/home/hiro/rust_ws/install/rosidl_runtime_rs:/opt/ros/humble LD_LIBRARY_PATH=/home/hiro/rust_ws/install/geometry_msgs/lib:/home/hiro/rust_ws/install/std_msgs/lib:/home/hiro/rust_ws/install/builtin_interfaces/lib:/home/hiro/rust_ws/install/visualization_msgs/lib:/home/hiro/rust_ws/install/test_msgs/lib:/home/hiro/rust_ws/install/example_interfaces/lib:/home/hiro/rust_ws/install/action_msgs/lib:/home/hiro/rust_ws/install/unique_identifier_msgs/lib:/home/hiro/rust_ws/install/trajectory_msgs/lib:/home/hiro/rust_ws/install/stereo_msgs/lib:/home/hiro/rust_ws/install/std_srvs/lib:/home/hiro/rust_ws/install/shape_msgs/lib:/home/hiro/rust_ws/install/sensor_msgs/lib:/home/hiro/rust_ws/install/nav_msgs/lib:/home/hiro/rust_ws/install/diagnostic_msgs/lib:/home/hiro/rust_ws/install/actionlib_msgs/lib:/home/hiro/rust_ws/install/statistics_msgs/lib:/home/hiro/rust_ws/install/rosgraph_msgs/lib:/home/hiro/rust_ws/install/rclrs_example_msgs/lib:/home/hiro/rust_ws/install/composition_interfaces/lib:/home/hiro/rust_ws/install/rcl_interfaces/lib:/home/hiro/rust_ws/install/lifecycle_msgs/lib:/home/hiro/ws_livox/install/livox_ros_driver2/lib:/opt/ros/humble/opt/rviz_ogre_vendor/lib:/opt/ros/humble/lib/x86_64-linux-gnu:/opt/ros/humble/lib /usr/bin/cmake --install /home/hiro/rust_ws/build/nav_msgs
[1.464s] -- Install configuration: ""
[1.464s] -- Up-to-date: /home/hiro/rust_ws/install/nav_msgs/share/ament_index/resource_index/rosidl_interfaces/nav_msgs
[1.465s] -- Up-to-date: /home/hiro/rust_ws/install/nav_msgs/include/nav_msgs/nav_msgs
[1.466s] -- Up-to-date: /home/hiro/rust_ws/install/nav_msgs/include/nav_msgs/nav_msgs/msg
[1.468s] -- Up-to-date: /home/hiro/rust_ws/install/nav_msgs/include/nav_msgs/nav_msgs/msg/path.h
[1.470s] -- Up-to-date: /home/hiro/rust_ws/install/nav_msgs/include/nav_msgs/nav_msgs/msg/occupancy_grid.h
[1.470s] -- Up-to-date: /home/hiro/rust_ws/install/nav_msgs/include/nav_msgs/nav_msgs/msg/grid_cells.h
[1.472s] -- Up-to-date: /home/hiro/rust_ws/install/nav_msgs/include/nav_msgs/nav_msgs/msg/rosidl_generator_c__visibility_control.h
[1.473s] -- Up-to-date: /home/hiro/rust_ws/install/nav_msgs/include/nav_msgs/nav_msgs/msg/odometry.h
[1.473s] -- Up-to-date: /home/hiro/rust_ws/install/nav_msgs/include/nav_msgs/nav_msgs/msg/detail
[1.474s] -- Up-to-date: /home/hiro/rust_ws/install/nav_msgs/include/nav_msgs/nav_msgs/msg/detail/odometry__functions.c
[1.475s] -- Up-to-date: /home/hiro/rust_ws/install/nav_msgs/include/nav_msgs/nav_msgs/msg/detail/occupancy_grid__functions.c
[1.475s] -- Up-to-date: /home/hiro/rust_ws/install/nav_msgs/include/nav_msgs/nav_msgs/msg/detail/occupancy_grid__functions.h
[1.475s] -- Up-to-date: /home/hiro/rust_ws/install/nav_msgs/include/nav_msgs/nav_msgs/msg/detail/odometry__type_support.h
[1.475s] -- Up-to-date: /home/hiro/rust_ws/install/nav_msgs/include/nav_msgs/nav_msgs/msg/detail/grid_cells__functions.h
[1.476s] -- Up-to-date: /home/hiro/rust_ws/install/nav_msgs/include/nav_msgs/nav_msgs/msg/detail/odometry__functions.h
[1.476s] -- Up-to-date: /home/hiro/rust_ws/install/nav_msgs/include/nav_msgs/nav_msgs/msg/detail/path__functions.c
[1.477s] -- Up-to-date: /home/hiro/rust_ws/install/nav_msgs/include/nav_msgs/nav_msgs/msg/detail/grid_cells__struct.h
[1.478s] -- Up-to-date: /home/hiro/rust_ws/install/nav_msgs/include/nav_msgs/nav_msgs/msg/detail/path__functions.h
[1.478s] -- Up-to-date: /home/hiro/rust_ws/install/nav_msgs/include/nav_msgs/nav_msgs/msg/detail/grid_cells__type_support.h
[1.479s] -- Up-to-date: /home/hiro/rust_ws/install/nav_msgs/include/nav_msgs/nav_msgs/msg/detail/map_meta_data__functions.h
[1.479s] -- Up-to-date: /home/hiro/rust_ws/install/nav_msgs/include/nav_msgs/nav_msgs/msg/detail/occupancy_grid__struct.h
[1.479s] -- Up-to-date: /home/hiro/rust_ws/install/nav_msgs/include/nav_msgs/nav_msgs/msg/detail/map_meta_data__type_support.h
[1.479s] -- Up-to-date: /home/hiro/rust_ws/install/nav_msgs/include/nav_msgs/nav_msgs/msg/detail/grid_cells__functions.c
[1.479s] -- Up-to-date: /home/hiro/rust_ws/install/nav_msgs/include/nav_msgs/nav_msgs/msg/detail/odometry__struct.h
[1.479s] -- Up-to-date: /home/hiro/rust_ws/install/nav_msgs/include/nav_msgs/nav_msgs/msg/detail/map_meta_data__struct.h
[1.480s] -- Up-to-date: /home/hiro/rust_ws/install/nav_msgs/include/nav_msgs/nav_msgs/msg/detail/map_meta_data__functions.c
[1.480s] -- Up-to-date: /home/hiro/rust_ws/install/nav_msgs/include/nav_msgs/nav_msgs/msg/detail/path__type_support.h
[1.481s] -- Up-to-date: /home/hiro/rust_ws/install/nav_msgs/include/nav_msgs/nav_msgs/msg/detail/occupancy_grid__type_support.h
[1.481s] -- Up-to-date: /home/hiro/rust_ws/install/nav_msgs/include/nav_msgs/nav_msgs/msg/detail/path__struct.h
[1.481s] -- Up-to-date: /home/hiro/rust_ws/install/nav_msgs/include/nav_msgs/nav_msgs/msg/map_meta_data.h
[1.481s] -- Up-to-date: /home/hiro/rust_ws/install/nav_msgs/include/nav_msgs/nav_msgs/srv
[1.481s] -- Up-to-date: /home/hiro/rust_ws/install/nav_msgs/include/nav_msgs/nav_msgs/srv/get_plan.h
[1.481s] -- Up-to-date: /home/hiro/rust_ws/install/nav_msgs/include/nav_msgs/nav_msgs/srv/set_map.h
[1.482s] -- Up-to-date: /home/hiro/rust_ws/install/nav_msgs/include/nav_msgs/nav_msgs/srv/load_map.h
[1.482s] -- Up-to-date: /home/hiro/rust_ws/install/nav_msgs/include/nav_msgs/nav_msgs/srv/get_map.h
[1.482s] -- Up-to-date: /home/hiro/rust_ws/install/nav_msgs/include/nav_msgs/nav_msgs/srv/detail
[1.482s] -- Up-to-date: /home/hiro/rust_ws/install/nav_msgs/include/nav_msgs/nav_msgs/srv/detail/get_map__functions.h
[1.483s] -- Up-to-date: /home/hiro/rust_ws/install/nav_msgs/include/nav_msgs/nav_msgs/srv/detail/set_map__struct.h
[1.483s] -- Up-to-date: /home/hiro/rust_ws/install/nav_msgs/include/nav_msgs/nav_msgs/srv/detail/get_plan__type_support.h
[1.483s] -- Up-to-date: /home/hiro/rust_ws/install/nav_msgs/include/nav_msgs/nav_msgs/srv/detail/get_map__functions.c
[1.483s] -- Up-to-date: /home/hiro/rust_ws/install/nav_msgs/include/nav_msgs/nav_msgs/srv/detail/load_map__struct.h
[1.483s] -- Up-to-date: /home/hiro/rust_ws/install/nav_msgs/include/nav_msgs/nav_msgs/srv/detail/get_map__type_support.h
[1.483s] -- Up-to-date: /home/hiro/rust_ws/install/nav_msgs/include/nav_msgs/nav_msgs/srv/detail/set_map__functions.h
[1.484s] -- Up-to-date: /home/hiro/rust_ws/install/nav_msgs/include/nav_msgs/nav_msgs/srv/detail/set_map__functions.c
[1.484s] -- Up-to-date: /home/hiro/rust_ws/install/nav_msgs/include/nav_msgs/nav_msgs/srv/detail/load_map__functions.c
[1.484s] -- Up-to-date: /home/hiro/rust_ws/install/nav_msgs/include/nav_msgs/nav_msgs/srv/detail/load_map__functions.h
[1.484s] -- Up-to-date: /home/hiro/rust_ws/install/nav_msgs/include/nav_msgs/nav_msgs/srv/detail/set_map__type_support.h
[1.484s] -- Up-to-date: /home/hiro/rust_ws/install/nav_msgs/include/nav_msgs/nav_msgs/srv/detail/get_plan__functions.h
[1.484s] -- Up-to-date: /home/hiro/rust_ws/install/nav_msgs/include/nav_msgs/nav_msgs/srv/detail/load_map__type_support.h
[1.485s] -- Up-to-date: /home/hiro/rust_ws/install/nav_msgs/include/nav_msgs/nav_msgs/srv/detail/get_map__struct.h
[1.485s] -- Up-to-date: /home/hiro/rust_ws/install/nav_msgs/include/nav_msgs/nav_msgs/srv/detail/get_plan__struct.h
[1.485s] -- Up-to-date: /home/hiro/rust_ws/install/nav_msgs/include/nav_msgs/nav_msgs/srv/detail/get_plan__functions.c
[1.486s] -- Up-to-date: /home/hiro/rust_ws/install/nav_msgs/share/nav_msgs/environment/library_path.sh
[1.486s] -- Up-to-date: /home/hiro/rust_ws/install/nav_msgs/share/nav_msgs/environment/library_path.dsv
[1.486s] -- Up-to-date: /home/hiro/rust_ws/install/nav_msgs/lib/libnav_msgs__rosidl_generator_c.so
[1.486s] -- Up-to-date: /home/hiro/rust_ws/install/nav_msgs/include/nav_msgs/nav_msgs
[1.486s] -- Up-to-date: /home/hiro/rust_ws/install/nav_msgs/include/nav_msgs/nav_msgs/msg
[1.486s] -- Up-to-date: /home/hiro/rust_ws/install/nav_msgs/include/nav_msgs/nav_msgs/msg/detail
[1.486s] -- Up-to-date: /home/hiro/rust_ws/install/nav_msgs/include/nav_msgs/nav_msgs/msg/detail/grid_cells__rosidl_typesupport_fastrtps_c.h
[1.486s] -- Up-to-date: /home/hiro/rust_ws/install/nav_msgs/include/nav_msgs/nav_msgs/msg/detail/map_meta_data__rosidl_typesupport_fastrtps_c.h
[1.487s] -- Up-to-date: /home/hiro/rust_ws/install/nav_msgs/include/nav_msgs/nav_msgs/msg/detail/occupancy_grid__rosidl_typesupport_fastrtps_c.h
[1.487s] -- Up-to-date: /home/hiro/rust_ws/install/nav_msgs/include/nav_msgs/nav_msgs/msg/detail/odometry__rosidl_typesupport_fastrtps_c.h
[1.487s] -- Up-to-date: /home/hiro/rust_ws/install/nav_msgs/include/nav_msgs/nav_msgs/msg/detail/path__rosidl_typesupport_fastrtps_c.h
[1.487s] -- Up-to-date: /home/hiro/rust_ws/install/nav_msgs/include/nav_msgs/nav_msgs/msg/rosidl_typesupport_fastrtps_c__visibility_control.h
[1.488s] -- Up-to-date: /home/hiro/rust_ws/install/nav_msgs/include/nav_msgs/nav_msgs/srv
[1.488s] -- Up-to-date: /home/hiro/rust_ws/install/nav_msgs/include/nav_msgs/nav_msgs/srv/detail
[1.489s] -- Up-to-date: /home/hiro/rust_ws/install/nav_msgs/include/nav_msgs/nav_msgs/srv/detail/get_plan__rosidl_typesupport_fastrtps_c.h
[1.489s] -- Up-to-date: /home/hiro/rust_ws/install/nav_msgs/include/nav_msgs/nav_msgs/srv/detail/load_map__rosidl_typesupport_fastrtps_c.h
[1.489s] -- Up-to-date: /home/hiro/rust_ws/install/nav_msgs/include/nav_msgs/nav_msgs/srv/detail/get_map__rosidl_typesupport_fastrtps_c.h
[1.489s] -- Up-to-date: /home/hiro/rust_ws/install/nav_msgs/include/nav_msgs/nav_msgs/srv/detail/set_map__rosidl_typesupport_fastrtps_c.h
[1.489s] -- Up-to-date: /home/hiro/rust_ws/install/nav_msgs/lib/libnav_msgs__rosidl_typesupport_fastrtps_c.so
[1.489s] -- Up-to-date: /home/hiro/rust_ws/install/nav_msgs/include/nav_msgs/nav_msgs
[1.490s] -- Up-to-date: /home/hiro/rust_ws/install/nav_msgs/include/nav_msgs/nav_msgs/msg
[1.490s] -- Up-to-date: /home/hiro/rust_ws/install/nav_msgs/include/nav_msgs/nav_msgs/msg/odometry.hpp
[1.490s] -- Up-to-date: /home/hiro/rust_ws/install/nav_msgs/include/nav_msgs/nav_msgs/msg/map_meta_data.hpp
[1.490s] -- Up-to-date: /home/hiro/rust_ws/install/nav_msgs/include/nav_msgs/nav_msgs/msg/occupancy_grid.hpp
[1.490s] -- Up-to-date: /home/hiro/rust_ws/install/nav_msgs/include/nav_msgs/nav_msgs/msg/path.hpp
[1.490s] -- Up-to-date: /home/hiro/rust_ws/install/nav_msgs/include/nav_msgs/nav_msgs/msg/detail
[1.490s] -- Up-to-date: /home/hiro/rust_ws/install/nav_msgs/include/nav_msgs/nav_msgs/msg/detail/path__builder.hpp
[1.490s] -- Up-to-date: /home/hiro/rust_ws/install/nav_msgs/include/nav_msgs/nav_msgs/msg/detail/odometry__traits.hpp
[1.490s] -- Up-to-date: /home/hiro/rust_ws/install/nav_msgs/include/nav_msgs/nav_msgs/msg/detail/map_meta_data__traits.hpp
[1.490s] -- Up-to-date: /home/hiro/rust_ws/install/nav_msgs/include/nav_msgs/nav_msgs/msg/detail/occupancy_grid__traits.hpp
[1.491s] -- Up-to-date: /home/hiro/rust_ws/install/nav_msgs/include/nav_msgs/nav_msgs/msg/detail/grid_cells__struct.hpp
[1.491s] -- Up-to-date: /home/hiro/rust_ws/install/nav_msgs/include/nav_msgs/nav_msgs/msg/detail/odometry__builder.hpp
[1.491s] -- Up-to-date: /home/hiro/rust_ws/install/nav_msgs/include/nav_msgs/nav_msgs/msg/detail/path__struct.hpp
[1.491s] -- Up-to-date: /home/hiro/rust_ws/install/nav_msgs/include/nav_msgs/nav_msgs/msg/detail/occupancy_grid__builder.hpp
[1.491s] -- Up-to-date: /home/hiro/rust_ws/install/nav_msgs/include/nav_msgs/nav_msgs/msg/detail/odometry__struct.hpp
[1.492s] -- Up-to-date: /home/hiro/rust_ws/install/nav_msgs/include/nav_msgs/nav_msgs/msg/detail/grid_cells__traits.hpp
[1.492s] -- Up-to-date: /home/hiro/rust_ws/install/nav_msgs/include/nav_msgs/nav_msgs/msg/detail/map_meta_data__struct.hpp
[1.492s] -- Up-to-date: /home/hiro/rust_ws/install/nav_msgs/include/nav_msgs/nav_msgs/msg/detail/occupancy_grid__struct.hpp
[1.493s] -- Up-to-date: /home/hiro/rust_ws/install/nav_msgs/include/nav_msgs/nav_msgs/msg/detail/map_meta_data__builder.hpp
[1.493s] -- Up-to-date: /home/hiro/rust_ws/install/nav_msgs/include/nav_msgs/nav_msgs/msg/detail/path__traits.hpp
[1.494s] -- Up-to-date: /home/hiro/rust_ws/install/nav_msgs/include/nav_msgs/nav_msgs/msg/detail/grid_cells__builder.hpp
[1.494s] -- Up-to-date: /home/hiro/rust_ws/install/nav_msgs/include/nav_msgs/nav_msgs/msg/grid_cells.hpp
[1.494s] -- Up-to-date: /home/hiro/rust_ws/install/nav_msgs/include/nav_msgs/nav_msgs/srv
[1.494s] -- Up-to-date: /home/hiro/rust_ws/install/nav_msgs/include/nav_msgs/nav_msgs/srv/set_map.hpp
[1.494s] -- Up-to-date: /home/hiro/rust_ws/install/nav_msgs/include/nav_msgs/nav_msgs/srv/get_plan.hpp
[1.494s] -- Up-to-date: /home/hiro/rust_ws/install/nav_msgs/include/nav_msgs/nav_msgs/srv/get_map.hpp
[1.495s] -- Up-to-date: /home/hiro/rust_ws/install/nav_msgs/include/nav_msgs/nav_msgs/srv/detail
[1.495s] -- Up-to-date: /home/hiro/rust_ws/install/nav_msgs/include/nav_msgs/nav_msgs/srv/detail/get_plan__builder.hpp
[1.495s] -- Up-to-date: /home/hiro/rust_ws/install/nav_msgs/include/nav_msgs/nav_msgs/srv/detail/set_map__traits.hpp
[1.495s] -- Up-to-date: /home/hiro/rust_ws/install/nav_msgs/include/nav_msgs/nav_msgs/srv/detail/set_map__struct.hpp
[1.495s] -- Up-to-date: /home/hiro/rust_ws/install/nav_msgs/include/nav_msgs/nav_msgs/srv/detail/load_map__traits.hpp
[1.495s] -- Up-to-date: /home/hiro/rust_ws/install/nav_msgs/include/nav_msgs/nav_msgs/srv/detail/get_map__traits.hpp
[1.496s] -- Up-to-date: /home/hiro/rust_ws/install/nav_msgs/include/nav_msgs/nav_msgs/srv/detail/load_map__struct.hpp
[1.496s] -- Up-to-date: /home/hiro/rust_ws/install/nav_msgs/include/nav_msgs/nav_msgs/srv/detail/get_plan__traits.hpp
[1.497s] -- Up-to-date: /home/hiro/rust_ws/install/nav_msgs/include/nav_msgs/nav_msgs/srv/detail/get_map__builder.hpp
[1.497s] -- Up-to-date: /home/hiro/rust_ws/install/nav_msgs/include/nav_msgs/nav_msgs/srv/detail/get_map__struct.hpp
[1.498s] -- Up-to-date: /home/hiro/rust_ws/install/nav_msgs/include/nav_msgs/nav_msgs/srv/detail/get_plan__struct.hpp
[1.498s] -- Up-to-date: /home/hiro/rust_ws/install/nav_msgs/include/nav_msgs/nav_msgs/srv/detail/set_map__builder.hpp
[1.498s] -- Up-to-date: /home/hiro/rust_ws/install/nav_msgs/include/nav_msgs/nav_msgs/srv/detail/load_map__builder.hpp
[1.498s] -- Up-to-date: /home/hiro/rust_ws/install/nav_msgs/include/nav_msgs/nav_msgs/srv/load_map.hpp
[1.499s] -- Up-to-date: /home/hiro/rust_ws/install/nav_msgs/include/nav_msgs/nav_msgs
[1.499s] -- Up-to-date: /home/hiro/rust_ws/install/nav_msgs/include/nav_msgs/nav_msgs/msg
[1.499s] -- Up-to-date: /home/hiro/rust_ws/install/nav_msgs/include/nav_msgs/nav_msgs/msg/rosidl_typesupport_fastrtps_cpp__visibility_control.h
[1.499s] -- Up-to-date: /home/hiro/rust_ws/install/nav_msgs/include/nav_msgs/nav_msgs/msg/detail
[1.499s] -- Up-to-date: /home/hiro/rust_ws/install/nav_msgs/include/nav_msgs/nav_msgs/msg/detail/map_meta_data__rosidl_typesupport_fastrtps_cpp.hpp
[1.499s] -- Up-to-date: /home/hiro/rust_ws/install/nav_msgs/include/nav_msgs/nav_msgs/msg/detail/dds_fastrtps
[1.499s] -- Up-to-date: /home/hiro/rust_ws/install/nav_msgs/include/nav_msgs/nav_msgs/msg/detail/odometry__rosidl_typesupport_fastrtps_cpp.hpp
[1.500s] -- Up-to-date: /home/hiro/rust_ws/install/nav_msgs/include/nav_msgs/nav_msgs/msg/detail/occupancy_grid__rosidl_typesupport_fastrtps_cpp.hpp
[1.500s] -- Up-to-date: /home/hiro/rust_ws/install/nav_msgs/include/nav_msgs/nav_msgs/msg/detail/path__rosidl_typesupport_fastrtps_cpp.hpp
[1.500s] -- Up-to-date: /home/hiro/rust_ws/install/nav_msgs/include/nav_msgs/nav_msgs/msg/detail/grid_cells__rosidl_typesupport_fastrtps_cpp.hpp
[1.500s] -- Up-to-date: /home/hiro/rust_ws/install/nav_msgs/include/nav_msgs/nav_msgs/srv
[1.500s] -- Up-to-date: /home/hiro/rust_ws/install/nav_msgs/include/nav_msgs/nav_msgs/srv/detail
[1.500s] -- Up-to-date: /home/hiro/rust_ws/install/nav_msgs/include/nav_msgs/nav_msgs/srv/detail/dds_fastrtps
[1.500s] -- Up-to-date: /home/hiro/rust_ws/install/nav_msgs/include/nav_msgs/nav_msgs/srv/detail/get_map__rosidl_typesupport_fastrtps_cpp.hpp
[1.501s] -- Up-to-date: /home/hiro/rust_ws/install/nav_msgs/include/nav_msgs/nav_msgs/srv/detail/load_map__rosidl_typesupport_fastrtps_cpp.hpp
[1.501s] -- Up-to-date: /home/hiro/rust_ws/install/nav_msgs/include/nav_msgs/nav_msgs/srv/detail/get_plan__rosidl_typesupport_fastrtps_cpp.hpp
[1.501s] -- Up-to-date: /home/hiro/rust_ws/install/nav_msgs/include/nav_msgs/nav_msgs/srv/detail/set_map__rosidl_typesupport_fastrtps_cpp.hpp
[1.501s] -- Up-to-date: /home/hiro/rust_ws/install/nav_msgs/lib/libnav_msgs__rosidl_typesupport_fastrtps_cpp.so
[1.501s] -- Up-to-date: /home/hiro/rust_ws/install/nav_msgs/include/nav_msgs/nav_msgs
[1.502s] -- Up-to-date: /home/hiro/rust_ws/install/nav_msgs/include/nav_msgs/nav_msgs/msg
[1.502s] -- Up-to-date: /home/hiro/rust_ws/install/nav_msgs/include/nav_msgs/nav_msgs/msg/rosidl_typesupport_introspection_c__visibility_control.h
[1.503s] -- Up-to-date: /home/hiro/rust_ws/install/nav_msgs/include/nav_msgs/nav_msgs/msg/detail
[1.503s] -- Up-to-date: /home/hiro/rust_ws/install/nav_msgs/include/nav_msgs/nav_msgs/msg/detail/path__type_support.c
[1.503s] -- Up-to-date: /home/hiro/rust_ws/install/nav_msgs/include/nav_msgs/nav_msgs/msg/detail/grid_cells__rosidl_typesupport_introspection_c.h
[1.504s] -- Up-to-date: /home/hiro/rust_ws/install/nav_msgs/include/nav_msgs/nav_msgs/msg/detail/occupancy_grid__rosidl_typesupport_introspection_c.h
[1.504s] -- Up-to-date: /home/hiro/rust_ws/install/nav_msgs/include/nav_msgs/nav_msgs/msg/detail/map_meta_data__type_support.c
[1.504s] -- Up-to-date: /home/hiro/rust_ws/install/nav_msgs/include/nav_msgs/nav_msgs/msg/detail/grid_cells__type_support.c
[1.504s] -- Up-to-date: /home/hiro/rust_ws/install/nav_msgs/include/nav_msgs/nav_msgs/msg/detail/odometry__type_support.c
[1.504s] -- Up-to-date: /home/hiro/rust_ws/install/nav_msgs/include/nav_msgs/nav_msgs/msg/detail/occupancy_grid__type_support.c
[1.504s] -- Up-to-date: /home/hiro/rust_ws/install/nav_msgs/include/nav_msgs/nav_msgs/msg/detail/path__rosidl_typesupport_introspection_c.h
[1.504s] -- Up-to-date: /home/hiro/rust_ws/install/nav_msgs/include/nav_msgs/nav_msgs/msg/detail/map_meta_data__rosidl_typesupport_introspection_c.h
[1.505s] -- Up-to-date: /home/hiro/rust_ws/install/nav_msgs/include/nav_msgs/nav_msgs/msg/detail/odometry__rosidl_typesupport_introspection_c.h
[1.505s] -- Up-to-date: /home/hiro/rust_ws/install/nav_msgs/include/nav_msgs/nav_msgs/srv
[1.505s] -- Up-to-date: /home/hiro/rust_ws/install/nav_msgs/include/nav_msgs/nav_msgs/srv/detail
[1.505s] -- Up-to-date: /home/hiro/rust_ws/install/nav_msgs/include/nav_msgs/nav_msgs/srv/detail/get_map__type_support.c
[1.505s] -- Up-to-date: /home/hiro/rust_ws/install/nav_msgs/include/nav_msgs/nav_msgs/srv/detail/load_map__rosidl_typesupport_introspection_c.h
[1.506s] -- Up-to-date: /home/hiro/rust_ws/install/nav_msgs/include/nav_msgs/nav_msgs/srv/detail/load_map__type_support.c
[1.506s] -- Up-to-date: /home/hiro/rust_ws/install/nav_msgs/include/nav_msgs/nav_msgs/srv/detail/get_plan__type_support.c
[1.506s] -- Up-to-date: /home/hiro/rust_ws/install/nav_msgs/include/nav_msgs/nav_msgs/srv/detail/get_map__rosidl_typesupport_introspection_c.h
[1.506s] -- Up-to-date: /home/hiro/rust_ws/install/nav_msgs/include/nav_msgs/nav_msgs/srv/detail/set_map__rosidl_typesupport_introspection_c.h
[1.506s] -- Up-to-date: /home/hiro/rust_ws/install/nav_msgs/include/nav_msgs/nav_msgs/srv/detail/get_plan__rosidl_typesupport_introspection_c.h
[1.506s] -- Up-to-date: /home/hiro/rust_ws/install/nav_msgs/include/nav_msgs/nav_msgs/srv/detail/set_map__type_support.c
[1.507s] -- Up-to-date: /home/hiro/rust_ws/install/nav_msgs/lib/libnav_msgs__rosidl_typesupport_introspection_c.so
[1.507s] -- Up-to-date: /home/hiro/rust_ws/install/nav_msgs/lib/libnav_msgs__rosidl_typesupport_c.so
[1.507s] -- Up-to-date: /home/hiro/rust_ws/install/nav_msgs/include/nav_msgs/nav_msgs
[1.507s] -- Up-to-date: /home/hiro/rust_ws/install/nav_msgs/include/nav_msgs/nav_msgs/msg
[1.507s] -- Up-to-date: /home/hiro/rust_ws/install/nav_msgs/include/nav_msgs/nav_msgs/msg/detail
[1.507s] -- Up-to-date: /home/hiro/rust_ws/install/nav_msgs/include/nav_msgs/nav_msgs/msg/detail/path__type_support.cpp
[1.507s] -- Up-to-date: /home/hiro/rust_ws/install/nav_msgs/include/nav_msgs/nav_msgs/msg/detail/grid_cells__rosidl_typesupport_introspection_cpp.hpp
[1.507s] -- Up-to-date: /home/hiro/rust_ws/install/nav_msgs/include/nav_msgs/nav_msgs/msg/detail/map_meta_data__rosidl_typesupport_introspection_cpp.hpp
[1.507s] -- Up-to-date: /home/hiro/rust_ws/install/nav_msgs/include/nav_msgs/nav_msgs/msg/detail/odometry__rosidl_typesupport_introspection_cpp.hpp
[1.507s] -- Up-to-date: /home/hiro/rust_ws/install/nav_msgs/include/nav_msgs/nav_msgs/msg/detail/grid_cells__type_support.cpp
[1.508s] -- Up-to-date: /home/hiro/rust_ws/install/nav_msgs/include/nav_msgs/nav_msgs/msg/detail/path__rosidl_typesupport_introspection_cpp.hpp
[1.508s] -- Up-to-date: /home/hiro/rust_ws/install/nav_msgs/include/nav_msgs/nav_msgs/msg/detail/map_meta_data__type_support.cpp
[1.508s] -- Up-to-date: /home/hiro/rust_ws/install/nav_msgs/include/nav_msgs/nav_msgs/msg/detail/odometry__type_support.cpp
[1.509s] -- Up-to-date: /home/hiro/rust_ws/install/nav_msgs/include/nav_msgs/nav_msgs/msg/detail/occupancy_grid__type_support.cpp
[1.509s] -- Up-to-date: /home/hiro/rust_ws/install/nav_msgs/include/nav_msgs/nav_msgs/msg/detail/occupancy_grid__rosidl_typesupport_introspection_cpp.hpp
[1.509s] -- Up-to-date: /home/hiro/rust_ws/install/nav_msgs/include/nav_msgs/nav_msgs/srv
[1.509s] -- Up-to-date: /home/hiro/rust_ws/install/nav_msgs/include/nav_msgs/nav_msgs/srv/detail
[1.509s] -- Up-to-date: /home/hiro/rust_ws/install/nav_msgs/include/nav_msgs/nav_msgs/srv/detail/set_map__rosidl_typesupport_introspection_cpp.hpp
[1.509s] -- Up-to-date: /home/hiro/rust_ws/install/nav_msgs/include/nav_msgs/nav_msgs/srv/detail/get_plan__type_support.cpp
[1.509s] -- Up-to-date: /home/hiro/rust_ws/install/nav_msgs/include/nav_msgs/nav_msgs/srv/detail/get_map__rosidl_typesupport_introspection_cpp.hpp
[1.510s] -- Up-to-date: /home/hiro/rust_ws/install/nav_msgs/include/nav_msgs/nav_msgs/srv/detail/load_map__rosidl_typesupport_introspection_cpp.hpp
[1.510s] -- Up-to-date: /home/hiro/rust_ws/install/nav_msgs/include/nav_msgs/nav_msgs/srv/detail/get_map__type_support.cpp
[1.510s] -- Up-to-date: /home/hiro/rust_ws/install/nav_msgs/include/nav_msgs/nav_msgs/srv/detail/load_map__type_support.cpp
[1.510s] -- Up-to-date: /home/hiro/rust_ws/install/nav_msgs/include/nav_msgs/nav_msgs/srv/detail/get_plan__rosidl_typesupport_introspection_cpp.hpp
[1.510s] -- Up-to-date: /home/hiro/rust_ws/install/nav_msgs/include/nav_msgs/nav_msgs/srv/detail/set_map__type_support.cpp
[1.510s] -- Up-to-date: /home/hiro/rust_ws/install/nav_msgs/lib/libnav_msgs__rosidl_typesupport_introspection_cpp.so
[1.510s] -- Up-to-date: /home/hiro/rust_ws/install/nav_msgs/lib/libnav_msgs__rosidl_typesupport_cpp.so
[1.510s] -- Up-to-date: /home/hiro/rust_ws/install/nav_msgs/share/ament_index/resource_index/rust_packages/nav_msgs
[1.510s] -- Up-to-date: /home/hiro/rust_ws/install/nav_msgs/share/nav_msgs/rust
[1.510s] -- Up-to-date: /home/hiro/rust_ws/install/nav_msgs/share/nav_msgs/rust/Cargo.toml
[1.511s] -- Up-to-date: /home/hiro/rust_ws/install/nav_msgs/share/nav_msgs/rust/build.rs
[1.511s] -- Up-to-date: /home/hiro/rust_ws/install/nav_msgs/share/nav_msgs/rust/src
[1.511s] -- Up-to-date: /home/hiro/rust_ws/install/nav_msgs/share/nav_msgs/rust/src/msg.rs
[1.511s] -- Up-to-date: /home/hiro/rust_ws/install/nav_msgs/share/nav_msgs/rust/src/srv.rs
[1.511s] -- Up-to-date: /home/hiro/rust_ws/install/nav_msgs/share/nav_msgs/rust/src/lib.rs
[1.511s] -- Up-to-date: /home/hiro/rust_ws/install/nav_msgs/share/nav_msgs/environment/pythonpath.sh
[1.512s] -- Up-to-date: /home/hiro/rust_ws/install/nav_msgs/share/nav_msgs/environment/pythonpath.dsv
[1.512s] -- Up-to-date: /home/hiro/rust_ws/install/nav_msgs/local/lib/python3.10/dist-packages/nav_msgs-4.2.4-py3.10.egg-info
[1.512s] -- Installing: /home/hiro/rust_ws/install/nav_msgs/local/lib/python3.10/dist-packages/nav_msgs-4.2.4-py3.10.egg-info/top_level.txt
[1.512s] -- Installing: /home/hiro/rust_ws/install/nav_msgs/local/lib/python3.10/dist-packages/nav_msgs-4.2.4-py3.10.egg-info/PKG-INFO
[1.512s] -- Installing: /home/hiro/rust_ws/install/nav_msgs/local/lib/python3.10/dist-packages/nav_msgs-4.2.4-py3.10.egg-info/SOURCES.txt
[1.512s] -- Installing: /home/hiro/rust_ws/install/nav_msgs/local/lib/python3.10/dist-packages/nav_msgs-4.2.4-py3.10.egg-info/dependency_links.txt
[1.513s] -- Up-to-date: /home/hiro/rust_ws/install/nav_msgs/local/lib/python3.10/dist-packages/nav_msgs
[1.513s] -- Up-to-date: /home/hiro/rust_ws/install/nav_msgs/local/lib/python3.10/dist-packages/nav_msgs/nav_msgs_s__rosidl_typesupport_introspection_c.cpython-310-x86_64-linux-gnu.so
[1.513s] -- Up-to-date: /home/hiro/rust_ws/install/nav_msgs/local/lib/python3.10/dist-packages/nav_msgs/libnav_msgs__rosidl_generator_py.so
[1.513s] -- Up-to-date: /home/hiro/rust_ws/install/nav_msgs/local/lib/python3.10/dist-packages/nav_msgs/_nav_msgs_s.ep.rosidl_typesupport_fastrtps_c.c
[1.514s] -- Up-to-date: /home/hiro/rust_ws/install/nav_msgs/local/lib/python3.10/dist-packages/nav_msgs/nav_msgs_s__rosidl_typesupport_c.cpython-310-x86_64-linux-gnu.so
[1.514s] -- Up-to-date: /home/hiro/rust_ws/install/nav_msgs/local/lib/python3.10/dist-packages/nav_msgs/__init__.py
[1.515s] -- Up-to-date: /home/hiro/rust_ws/install/nav_msgs/local/lib/python3.10/dist-packages/nav_msgs/_nav_msgs_s.ep.rosidl_typesupport_c.c
[1.515s] -- Up-to-date: /home/hiro/rust_ws/install/nav_msgs/local/lib/python3.10/dist-packages/nav_msgs/msg
[1.515s] -- Up-to-date: /home/hiro/rust_ws/install/nav_msgs/local/lib/python3.10/dist-packages/nav_msgs/msg/_path_s.c
[1.515s] -- Up-to-date: /home/hiro/rust_ws/install/nav_msgs/local/lib/python3.10/dist-packages/nav_msgs/msg/_map_meta_data.py
[1.516s] -- Up-to-date: /home/hiro/rust_ws/install/nav_msgs/local/lib/python3.10/dist-packages/nav_msgs/msg/_odometry.py
[1.516s] -- Up-to-date: /home/hiro/rust_ws/install/nav_msgs/local/lib/python3.10/dist-packages/nav_msgs/msg/_occupancy_grid_s.c
[1.516s] -- Up-to-date: /home/hiro/rust_ws/install/nav_msgs/local/lib/python3.10/dist-packages/nav_msgs/msg/_occupancy_grid.py
[1.517s] -- Up-to-date: /home/hiro/rust_ws/install/nav_msgs/local/lib/python3.10/dist-packages/nav_msgs/msg/_odometry_s.c
[1.518s] -- Up-to-date: /home/hiro/rust_ws/install/nav_msgs/local/lib/python3.10/dist-packages/nav_msgs/msg/_grid_cells.py
[1.518s] -- Up-to-date: /home/hiro/rust_ws/install/nav_msgs/local/lib/python3.10/dist-packages/nav_msgs/msg/__init__.py
[1.518s] -- Up-to-date: /home/hiro/rust_ws/install/nav_msgs/local/lib/python3.10/dist-packages/nav_msgs/msg/_map_meta_data_s.c
[1.519s] -- Up-to-date: /home/hiro/rust_ws/install/nav_msgs/local/lib/python3.10/dist-packages/nav_msgs/msg/_grid_cells_s.c
[1.519s] -- Up-to-date: /home/hiro/rust_ws/install/nav_msgs/local/lib/python3.10/dist-packages/nav_msgs/msg/_path.py
[1.519s] -- Up-to-date: /home/hiro/rust_ws/install/nav_msgs/local/lib/python3.10/dist-packages/nav_msgs/srv
[1.519s] -- Up-to-date: /home/hiro/rust_ws/install/nav_msgs/local/lib/python3.10/dist-packages/nav_msgs/srv/_get_map_s.c
[1.520s] -- Up-to-date: /home/hiro/rust_ws/install/nav_msgs/local/lib/python3.10/dist-packages/nav_msgs/srv/_set_map_s.c
[1.520s] -- Up-to-date: /home/hiro/rust_ws/install/nav_msgs/local/lib/python3.10/dist-packages/nav_msgs/srv/_get_plan_s.c
[1.520s] -- Up-to-date: /home/hiro/rust_ws/install/nav_msgs/local/lib/python3.10/dist-packages/nav_msgs/srv/_get_map.py
[1.521s] -- Up-to-date: /home/hiro/rust_ws/install/nav_msgs/local/lib/python3.10/dist-packages/nav_msgs/srv/__init__.py
[1.521s] -- Up-to-date: /home/hiro/rust_ws/install/nav_msgs/local/lib/python3.10/dist-packages/nav_msgs/srv/_load_map.py
[1.521s] -- Up-to-date: /home/hiro/rust_ws/install/nav_msgs/local/lib/python3.10/dist-packages/nav_msgs/srv/_get_plan.py
[1.522s] -- Up-to-date: /home/hiro/rust_ws/install/nav_msgs/local/lib/python3.10/dist-packages/nav_msgs/srv/_set_map.py
[1.522s] -- Up-to-date: /home/hiro/rust_ws/install/nav_msgs/local/lib/python3.10/dist-packages/nav_msgs/srv/_load_map_s.c
[1.522s] -- Up-to-date: /home/hiro/rust_ws/install/nav_msgs/local/lib/python3.10/dist-packages/nav_msgs/_nav_msgs_s.ep.rosidl_typesupport_introspection_c.c
[1.522s] -- Up-to-date: /home/hiro/rust_ws/install/nav_msgs/local/lib/python3.10/dist-packages/nav_msgs/nav_msgs_s__rosidl_typesupport_fastrtps_c.cpython-310-x86_64-linux-gnu.so
[1.540s] Listing '/home/hiro/rust_ws/install/nav_msgs/local/lib/python3.10/dist-packages/nav_msgs'...
[1.540s] Listing '/home/hiro/rust_ws/install/nav_msgs/local/lib/python3.10/dist-packages/nav_msgs/msg'...
[1.540s] Listing '/home/hiro/rust_ws/install/nav_msgs/local/lib/python3.10/dist-packages/nav_msgs/srv'...
[1.547s] -- Up-to-date: /home/hiro/rust_ws/install/nav_msgs/local/lib/python3.10/dist-packages/nav_msgs/nav_msgs_s__rosidl_typesupport_fastrtps_c.cpython-310-x86_64-linux-gnu.so
[1.549s] -- Up-to-date: /home/hiro/rust_ws/install/nav_msgs/local/lib/python3.10/dist-packages/nav_msgs/nav_msgs_s__rosidl_typesupport_introspection_c.cpython-310-x86_64-linux-gnu.so
[1.550s] -- Up-to-date: /home/hiro/rust_ws/install/nav_msgs/local/lib/python3.10/dist-packages/nav_msgs/nav_msgs_s__rosidl_typesupport_c.cpython-310-x86_64-linux-gnu.so
[1.550s] -- Up-to-date: /home/hiro/rust_ws/install/nav_msgs/lib/libnav_msgs__rosidl_generator_py.so
[1.550s] -- Up-to-date: /home/hiro/rust_ws/install/nav_msgs/share/nav_msgs/msg/GridCells.idl
[1.551s] -- Up-to-date: /home/hiro/rust_ws/install/nav_msgs/share/nav_msgs/msg/MapMetaData.idl
[1.551s] -- Up-to-date: /home/hiro/rust_ws/install/nav_msgs/share/nav_msgs/msg/OccupancyGrid.idl
[1.551s] -- Up-to-date: /home/hiro/rust_ws/install/nav_msgs/share/nav_msgs/msg/Odometry.idl
[1.551s] -- Up-to-date: /home/hiro/rust_ws/install/nav_msgs/share/nav_msgs/msg/Path.idl
[1.552s] -- Up-to-date: /home/hiro/rust_ws/install/nav_msgs/share/nav_msgs/srv/GetMap.idl
[1.552s] -- Up-to-date: /home/hiro/rust_ws/install/nav_msgs/share/nav_msgs/srv/GetPlan.idl
[1.552s] -- Up-to-date: /home/hiro/rust_ws/install/nav_msgs/share/nav_msgs/srv/LoadMap.idl
[1.552s] -- Up-to-date: /home/hiro/rust_ws/install/nav_msgs/share/nav_msgs/srv/SetMap.idl
[1.553s] -- Up-to-date: /home/hiro/rust_ws/install/nav_msgs/share/nav_msgs/msg/GridCells.msg
[1.553s] -- Up-to-date: /home/hiro/rust_ws/install/nav_msgs/share/nav_msgs/msg/MapMetaData.msg
[1.553s] -- Up-to-date: /home/hiro/rust_ws/install/nav_msgs/share/nav_msgs/msg/OccupancyGrid.msg
[1.554s] -- Up-to-date: /home/hiro/rust_ws/install/nav_msgs/share/nav_msgs/msg/Odometry.msg
[1.554s] -- Up-to-date: /home/hiro/rust_ws/install/nav_msgs/share/nav_msgs/msg/Path.msg
[1.555s] -- Up-to-date: /home/hiro/rust_ws/install/nav_msgs/share/nav_msgs/srv/GetMap.srv
[1.556s] -- Up-to-date: /home/hiro/rust_ws/install/nav_msgs/share/nav_msgs/srv/GetMap_Request.msg
[1.557s] -- Up-to-date: /home/hiro/rust_ws/install/nav_msgs/share/nav_msgs/srv/GetMap_Response.msg
[1.558s] -- Up-to-date: /home/hiro/rust_ws/install/nav_msgs/share/nav_msgs/srv/GetPlan.srv
[1.559s] -- Up-to-date: /home/hiro/rust_ws/install/nav_msgs/share/nav_msgs/srv/GetPlan_Request.msg
[1.559s] -- Up-to-date: /home/hiro/rust_ws/install/nav_msgs/share/nav_msgs/srv/GetPlan_Response.msg
[1.559s] -- Up-to-date: /home/hiro/rust_ws/install/nav_msgs/share/nav_msgs/srv/LoadMap.srv
[1.559s] -- Up-to-date: /home/hiro/rust_ws/install/nav_msgs/share/nav_msgs/srv/LoadMap_Request.msg
[1.560s] -- Up-to-date: /home/hiro/rust_ws/install/nav_msgs/share/nav_msgs/srv/LoadMap_Response.msg
[1.560s] -- Up-to-date: /home/hiro/rust_ws/install/nav_msgs/share/nav_msgs/srv/SetMap.srv
[1.560s] -- Up-to-date: /home/hiro/rust_ws/install/nav_msgs/share/nav_msgs/srv/SetMap_Request.msg
[1.560s] -- Up-to-date: /home/hiro/rust_ws/install/nav_msgs/share/nav_msgs/srv/SetMap_Response.msg
[1.560s] -- Up-to-date: /home/hiro/rust_ws/install/nav_msgs/share/ament_index/resource_index/package_run_dependencies/nav_msgs
[1.561s] -- Up-to-date: /home/hiro/rust_ws/install/nav_msgs/share/ament_index/resource_index/parent_prefix_path/nav_msgs
[1.561s] -- Up-to-date: /home/hiro/rust_ws/install/nav_msgs/share/nav_msgs/environment/ament_prefix_path.sh
[1.561s] -- Up-to-date: /home/hiro/rust_ws/install/nav_msgs/share/nav_msgs/environment/ament_prefix_path.dsv
[1.562s] -- Up-to-date: /home/hiro/rust_ws/install/nav_msgs/share/nav_msgs/environment/path.sh
[1.563s] -- Up-to-date: /home/hiro/rust_ws/install/nav_msgs/share/nav_msgs/environment/path.dsv
[1.563s] -- Up-to-date: /home/hiro/rust_ws/install/nav_msgs/share/nav_msgs/local_setup.bash
[1.564s] -- Up-to-date: /home/hiro/rust_ws/install/nav_msgs/share/nav_msgs/local_setup.sh
[1.564s] -- Up-to-date: /home/hiro/rust_ws/install/nav_msgs/share/nav_msgs/local_setup.zsh
[1.564s] -- Up-to-date: /home/hiro/rust_ws/install/nav_msgs/share/nav_msgs/local_setup.dsv
[1.564s] -- Installing: /home/hiro/rust_ws/install/nav_msgs/share/nav_msgs/package.dsv
[1.565s] -- Up-to-date: /home/hiro/rust_ws/install/nav_msgs/share/ament_index/resource_index/packages/nav_msgs
[1.565s] -- Up-to-date: /home/hiro/rust_ws/install/nav_msgs/share/nav_msgs/cmake/export_nav_msgs__rosidl_generator_cExport.cmake
[1.565s] -- Up-to-date: /home/hiro/rust_ws/install/nav_msgs/share/nav_msgs/cmake/export_nav_msgs__rosidl_generator_cExport-noconfig.cmake
[1.565s] -- Up-to-date: /home/hiro/rust_ws/install/nav_msgs/share/nav_msgs/cmake/export_nav_msgs__rosidl_typesupport_fastrtps_cExport.cmake
[1.565s] -- Up-to-date: /home/hiro/rust_ws/install/nav_msgs/share/nav_msgs/cmake/export_nav_msgs__rosidl_typesupport_fastrtps_cExport-noconfig.cmake
[1.566s] -- Up-to-date: /home/hiro/rust_ws/install/nav_msgs/share/nav_msgs/cmake/export_nav_msgs__rosidl_generator_cppExport.cmake
[1.566s] -- Up-to-date: /home/hiro/rust_ws/install/nav_msgs/share/nav_msgs/cmake/export_nav_msgs__rosidl_typesupport_fastrtps_cppExport.cmake
[1.567s] -- Up-to-date: /home/hiro/rust_ws/install/nav_msgs/share/nav_msgs/cmake/export_nav_msgs__rosidl_typesupport_fastrtps_cppExport-noconfig.cmake
[1.567s] -- Up-to-date: /home/hiro/rust_ws/install/nav_msgs/share/nav_msgs/cmake/nav_msgs__rosidl_typesupport_introspection_cExport.cmake
[1.568s] -- Up-to-date: /home/hiro/rust_ws/install/nav_msgs/share/nav_msgs/cmake/nav_msgs__rosidl_typesupport_introspection_cExport-noconfig.cmake
[1.569s] -- Up-to-date: /home/hiro/rust_ws/install/nav_msgs/share/nav_msgs/cmake/nav_msgs__rosidl_typesupport_cExport.cmake
[1.569s] -- Up-to-date: /home/hiro/rust_ws/install/nav_msgs/share/nav_msgs/cmake/nav_msgs__rosidl_typesupport_cExport-noconfig.cmake
[1.569s] -- Up-to-date: /home/hiro/rust_ws/install/nav_msgs/share/nav_msgs/cmake/nav_msgs__rosidl_typesupport_introspection_cppExport.cmake
[1.569s] -- Up-to-date: /home/hiro/rust_ws/install/nav_msgs/share/nav_msgs/cmake/nav_msgs__rosidl_typesupport_introspection_cppExport-noconfig.cmake
[1.570s] -- Up-to-date: /home/hiro/rust_ws/install/nav_msgs/share/nav_msgs/cmake/nav_msgs__rosidl_typesupport_cppExport.cmake
[1.570s] -- Up-to-date: /home/hiro/rust_ws/install/nav_msgs/share/nav_msgs/cmake/nav_msgs__rosidl_typesupport_cppExport-noconfig.cmake
[1.570s] -- Up-to-date: /home/hiro/rust_ws/install/nav_msgs/share/nav_msgs/cmake/export_nav_msgs__rosidl_generator_pyExport.cmake
[1.571s] -- Up-to-date: /home/hiro/rust_ws/install/nav_msgs/share/nav_msgs/cmake/export_nav_msgs__rosidl_generator_pyExport-noconfig.cmake
[1.571s] -- Up-to-date: /home/hiro/rust_ws/install/nav_msgs/share/nav_msgs/cmake/rosidl_cmake-extras.cmake
[1.571s] -- Up-to-date: /home/hiro/rust_ws/install/nav_msgs/share/nav_msgs/cmake/ament_cmake_export_dependencies-extras.cmake
[1.571s] -- Up-to-date: /home/hiro/rust_ws/install/nav_msgs/share/nav_msgs/cmake/ament_cmake_export_include_directories-extras.cmake
[1.572s] -- Up-to-date: /home/hiro/rust_ws/install/nav_msgs/share/nav_msgs/cmake/ament_cmake_export_libraries-extras.cmake
[1.572s] -- Up-to-date: /home/hiro/rust_ws/install/nav_msgs/share/nav_msgs/cmake/ament_cmake_export_targets-extras.cmake
[1.572s] -- Up-to-date: /home/hiro/rust_ws/install/nav_msgs/share/nav_msgs/cmake/rosidl_cmake_export_typesupport_targets-extras.cmake
[1.572s] -- Up-to-date: /home/hiro/rust_ws/install/nav_msgs/share/nav_msgs/cmake/rosidl_cmake_export_typesupport_libraries-extras.cmake
[1.573s] -- Up-to-date: /home/hiro/rust_ws/install/nav_msgs/share/nav_msgs/cmake/nav_msgsConfig.cmake
[1.574s] -- Up-to-date: /home/hiro/rust_ws/install/nav_msgs/share/nav_msgs/cmake/nav_msgsConfig-version.cmake
[1.574s] -- Up-to-date: /home/hiro/rust_ws/install/nav_msgs/share/nav_msgs/package.xml
[1.575s] Invoked command in '/home/hiro/rust_ws/build/nav_msgs' returned '0': AMENT_PREFIX_PATH=/home/hiro/rust_ws/install/rosidl_runtime_rs:/home/hiro/rust_ws/install/common_interfaces:/home/hiro/rust_ws/install/visualization_msgs:/home/hiro/rust_ws/install/test_msgs:/home/hiro/rust_ws/install/examples_rclrs_minimal_client_service:/home/hiro/rust_ws/install/example_interfaces:/home/hiro/rust_ws/install/action_msgs:/home/hiro/rust_ws/install/unique_identifier_msgs:/home/hiro/rust_ws/install/trajectory_msgs:/home/hiro/rust_ws/install/test_interface_files:/home/hiro/rust_ws/install/stereo_msgs:/home/hiro/rust_ws/install/std_srvs:/home/hiro/rust_ws/install/shape_msgs:/home/hiro/rust_ws/install/sensor_msgs_py:/home/hiro/rust_ws/install/sensor_msgs:/home/hiro/rust_ws/install/rust_pubsub:/home/hiro/rust_ws/install/nav_msgs:/home/hiro/rust_ws/install/diagnostic_msgs:/home/hiro/rust_ws/install/geometry_msgs:/home/hiro/rust_ws/install/examples_rclrs_minimal_pub_sub:/home/hiro/rust_ws/install/actionlib_msgs:/home/hiro/rust_ws/install/std_msgs:/home/hiro/rust_ws/install/statistics_msgs:/home/hiro/rust_ws/install/examples_rclrs_message_demo:/home/hiro/rust_ws/install/rclrs:/home/hiro/rust_ws/install/rosgraph_msgs:/home/hiro/rust_ws/install/rclrs_example_msgs:/home/hiro/rust_ws/install/composition_interfaces:/home/hiro/rust_ws/install/rcl_interfaces:/home/hiro/rust_ws/install/lifecycle_msgs:/home/hiro/rust_ws/install/builtin_interfaces:/home/hiro/rust_ws/install/rosidl_default_runtime:/home/hiro/rust_ws/install/rosidl_default_generators:/home/hiro/rust_ws/install/rosidl_generator_rs:/home/hiro/ws_livox/install/livox_ros_driver2:/opt/ros/humble CMAKE_PREFIX_PATH=/home/hiro/rust_ws/install/geometry_msgs:/home/hiro/rust_ws/install/std_msgs:/home/hiro/rust_ws/install/builtin_interfaces:/home/hiro/rust_ws/install/rosidl_default_runtime:/home/hiro/rust_ws/install/rosidl_default_generators:/home/hiro/rust_ws/install/rosidl_generator_rs:/home/hiro/rust_ws/install/common_interfaces:/home/hiro/rust_ws/install/visualization_msgs:/home/hiro/rust_ws/install/test_msgs:/home/hiro/rust_ws/install/example_interfaces:/home/hiro/rust_ws/install/action_msgs:/home/hiro/rust_ws/install/unique_identifier_msgs:/home/hiro/rust_ws/install/trajectory_msgs:/home/hiro/rust_ws/install/test_interface_files:/home/hiro/rust_ws/install/stereo_msgs:/home/hiro/rust_ws/install/std_srvs:/home/hiro/rust_ws/install/shape_msgs:/home/hiro/rust_ws/install/sensor_msgs:/home/hiro/rust_ws/install/nav_msgs:/home/hiro/rust_ws/install/diagnostic_msgs:/home/hiro/rust_ws/install/actionlib_msgs:/home/hiro/rust_ws/install/statistics_msgs:/home/hiro/rust_ws/install/rosgraph_msgs:/home/hiro/rust_ws/install/rclrs_example_msgs:/home/hiro/rust_ws/install/composition_interfaces:/home/hiro/rust_ws/install/rcl_interfaces:/home/hiro/rust_ws/install/lifecycle_msgs:/home/hiro/ws_livox/install/livox_ros_driver2:/home/hiro/rust_ws/install/examples_rclrs_minimal_client_service:/home/hiro/rust_ws/install/sensor_msgs_py:/home/hiro/rust_ws/install/rust_pubsub:/home/hiro/rust_ws/install/examples_rclrs_minimal_pub_sub:/home/hiro/rust_ws/install/examples_rclrs_message_demo:/home/hiro/rust_ws/install/rclrs:/home/hiro/rust_ws/install/rosidl_runtime_rs:/opt/ros/humble LD_LIBRARY_PATH=/home/hiro/rust_ws/install/geometry_msgs/lib:/home/hiro/rust_ws/install/std_msgs/lib:/home/hiro/rust_ws/install/builtin_interfaces/lib:/home/hiro/rust_ws/install/visualization_msgs/lib:/home/hiro/rust_ws/install/test_msgs/lib:/home/hiro/rust_ws/install/example_interfaces/lib:/home/hiro/rust_ws/install/action_msgs/lib:/home/hiro/rust_ws/install/unique_identifier_msgs/lib:/home/hiro/rust_ws/install/trajectory_msgs/lib:/home/hiro/rust_ws/install/stereo_msgs/lib:/home/hiro/rust_ws/install/std_srvs/lib:/home/hiro/rust_ws/install/shape_msgs/lib:/home/hiro/rust_ws/install/sensor_msgs/lib:/home/hiro/rust_ws/install/nav_msgs/lib:/home/hiro/rust_ws/install/diagnostic_msgs/lib:/home/hiro/rust_ws/install/actionlib_msgs/lib:/home/hiro/rust_ws/install/statistics_msgs/lib:/home/hiro/rust_ws/install/rosgraph_msgs/lib:/home/hiro/rust_ws/install/rclrs_example_msgs/lib:/home/hiro/rust_ws/install/composition_interfaces/lib:/home/hiro/rust_ws/install/rcl_interfaces/lib:/home/hiro/rust_ws/install/lifecycle_msgs/lib:/home/hiro/ws_livox/install/livox_ros_driver2/lib:/opt/ros/humble/opt/rviz_ogre_vendor/lib:/opt/ros/humble/lib/x86_64-linux-gnu:/opt/ros/humble/lib /usr/bin/cmake --install /home/hiro/rust_ws/build/nav_msgs
