[0.049s] Invoking command in '/home/hiromichi/rost2/build/rosgraph_msgs': AMENT_PREFIX_PATH=/home/hiromichi/rost2/install/builtin_interfaces:/home/hiromichi/rost2/install/rosidl_default_runtime:/home/hiromichi/rost2/install/rosidl_default_generators:/home/hiromichi/rost2/install/rosidl_generator_rs:/home/hiromichi/rost2/install/rosidl_runtime_rs:${AMENT_PREFIX_PATH} CMAKE_PREFIX_PATH=/home/hiromichi/rost2/install/builtin_interfaces:/home/hiromichi/rost2/install/rosidl_default_runtime:/home/hiromichi/rost2/install/rosidl_default_generators:/home/hiromichi/rost2/install/rosidl_generator_rs:/opt/ros/humble LD_LIBRARY_PATH=/home/hiromichi/rost2/install/builtin_interfaces/lib:${LD_LIBRARY_PATH} PYTHONPATH=/home/hiromichi/rost2/install/builtin_interfaces/local/lib/python3.10/dist-packages:/home/hiromichi/rost2/install/rosidl_generator_rs/local/lib/python3.10/dist-packages:${PYTHONPATH} /usr/bin/cmake --build /home/hiromichi/rost2/build/rosgraph_msgs -- -j20 -l20
[0.090s] [  3%] Built target rosgraph_msgs__rs
[0.091s] [  6%] Built target rosgraph_msgs__cpp
[0.096s] [ 15%] Built target rosgraph_msgs__rosidl_generator_c
[0.111s] [ 15%] Built target ament_cmake_python_copy_rosgraph_msgs
[0.124s] [ 25%] Built target rosgraph_msgs__rosidl_typesupport_fastrtps_cpp
[0.136s] [ 34%] Built target rosgraph_msgs__rosidl_typesupport_introspection_cpp
[0.142s] [ 43%] Built target rosgraph_msgs__rosidl_typesupport_fastrtps_c
[0.144s] [ 53%] Built target rosgraph_msgs__rosidl_typesupport_introspection_c
[0.146s] [ 62%] Built target rosgraph_msgs__rosidl_typesupport_cpp
[0.156s] [ 71%] Built target rosgraph_msgs__rosidl_typesupport_c
[0.182s] [ 71%] Built target rosgraph_msgs
[0.200s] [ 75%] Built target rosgraph_msgs__py
[0.223s] [ 81%] Built target rosgraph_msgs__rosidl_generator_py
[0.247s] [ 87%] Built target rosgraph_msgs__rosidl_typesupport_c__pyext
[0.248s] [100%] Built target rosgraph_msgs__rosidl_typesupport_introspection_c__pyext
[0.248s] [100%] Built target rosgraph_msgs__rosidl_typesupport_fastrtps_c__pyext
[0.357s] running egg_info
[0.358s] writing rosgraph_msgs.egg-info/PKG-INFO
[0.358s] writing dependency_links to rosgraph_msgs.egg-info/dependency_links.txt
[0.359s] writing top-level names to rosgraph_msgs.egg-info/top_level.txt
[0.361s] reading manifest file 'rosgraph_msgs.egg-info/SOURCES.txt'
[0.362s] writing manifest file 'rosgraph_msgs.egg-info/SOURCES.txt'
[0.388s] [100%] Built target ament_cmake_python_build_rosgraph_msgs_egg
[0.397s] Invoked command in '/home/hiromichi/rost2/build/rosgraph_msgs' returned '0': AMENT_PREFIX_PATH=/home/hiromichi/rost2/install/builtin_interfaces:/home/hiromichi/rost2/install/rosidl_default_runtime:/home/hiromichi/rost2/install/rosidl_default_generators:/home/hiromichi/rost2/install/rosidl_generator_rs:/home/hiromichi/rost2/install/rosidl_runtime_rs:${AMENT_PREFIX_PATH} CMAKE_PREFIX_PATH=/home/hiromichi/rost2/install/builtin_interfaces:/home/hiromichi/rost2/install/rosidl_default_runtime:/home/hiromichi/rost2/install/rosidl_default_generators:/home/hiromichi/rost2/install/rosidl_generator_rs:/opt/ros/humble LD_LIBRARY_PATH=/home/hiromichi/rost2/install/builtin_interfaces/lib:${LD_LIBRARY_PATH} PYTHONPATH=/home/hiromichi/rost2/install/builtin_interfaces/local/lib/python3.10/dist-packages:/home/hiromichi/rost2/install/rosidl_generator_rs/local/lib/python3.10/dist-packages:${PYTHONPATH} /usr/bin/cmake --build /home/hiromichi/rost2/build/rosgraph_msgs -- -j20 -l20
[0.443s] Invoking command in '/home/hiromichi/rost2/build/rosgraph_msgs': AMENT_PREFIX_PATH=/home/hiromichi/rost2/install/builtin_interfaces:/home/hiromichi/rost2/install/rosidl_default_runtime:/home/hiromichi/rost2/install/rosidl_default_generators:/home/hiromichi/rost2/install/rosidl_generator_rs:/home/hiromichi/rost2/install/rosidl_runtime_rs:${AMENT_PREFIX_PATH} CMAKE_PREFIX_PATH=/home/hiromichi/rost2/install/builtin_interfaces:/home/hiromichi/rost2/install/rosidl_default_runtime:/home/hiromichi/rost2/install/rosidl_default_generators:/home/hiromichi/rost2/install/rosidl_generator_rs:/opt/ros/humble LD_LIBRARY_PATH=/home/hiromichi/rost2/install/builtin_interfaces/lib:${LD_LIBRARY_PATH} PYTHONPATH=/home/hiromichi/rost2/install/builtin_interfaces/local/lib/python3.10/dist-packages:/home/hiromichi/rost2/install/rosidl_generator_rs/local/lib/python3.10/dist-packages:${PYTHONPATH} /usr/bin/cmake --install /home/hiromichi/rost2/build/rosgraph_msgs
[0.450s] -- Install configuration: ""
[0.450s] -- Up-to-date: /home/hiromichi/rost2/install/rosgraph_msgs/share/ament_index/resource_index/rosidl_interfaces/rosgraph_msgs
[0.450s] -- Up-to-date: /home/hiromichi/rost2/install/rosgraph_msgs/include/rosgraph_msgs/rosgraph_msgs
[0.451s] -- Up-to-date: /home/hiromichi/rost2/install/rosgraph_msgs/include/rosgraph_msgs/rosgraph_msgs/msg
[0.452s] -- Up-to-date: /home/hiromichi/rost2/install/rosgraph_msgs/include/rosgraph_msgs/rosgraph_msgs/msg/clock.h
[0.452s] -- Up-to-date: /home/hiromichi/rost2/install/rosgraph_msgs/include/rosgraph_msgs/rosgraph_msgs/msg/rosidl_generator_c__visibility_control.h
[0.452s] -- Up-to-date: /home/hiromichi/rost2/install/rosgraph_msgs/include/rosgraph_msgs/rosgraph_msgs/msg/detail
[0.452s] -- Up-to-date: /home/hiromichi/rost2/install/rosgraph_msgs/include/rosgraph_msgs/rosgraph_msgs/msg/detail/clock__functions.h
[0.453s] -- Up-to-date: /home/hiromichi/rost2/install/rosgraph_msgs/include/rosgraph_msgs/rosgraph_msgs/msg/detail/clock__struct.h
[0.454s] -- Up-to-date: /home/hiromichi/rost2/install/rosgraph_msgs/include/rosgraph_msgs/rosgraph_msgs/msg/detail/clock__type_support.h
[0.454s] -- Up-to-date: /home/hiromichi/rost2/install/rosgraph_msgs/include/rosgraph_msgs/rosgraph_msgs/msg/detail/clock__functions.c
[0.454s] -- Up-to-date: /home/hiromichi/rost2/install/rosgraph_msgs/share/rosgraph_msgs/environment/library_path.sh
[0.455s] -- Up-to-date: /home/hiromichi/rost2/install/rosgraph_msgs/share/rosgraph_msgs/environment/library_path.dsv
[0.455s] -- Up-to-date: /home/hiromichi/rost2/install/rosgraph_msgs/lib/librosgraph_msgs__rosidl_generator_c.so
[0.456s] -- Up-to-date: /home/hiromichi/rost2/install/rosgraph_msgs/include/rosgraph_msgs/rosgraph_msgs
[0.456s] -- Up-to-date: /home/hiromichi/rost2/install/rosgraph_msgs/include/rosgraph_msgs/rosgraph_msgs/msg
[0.456s] -- Up-to-date: /home/hiromichi/rost2/install/rosgraph_msgs/include/rosgraph_msgs/rosgraph_msgs/msg/rosidl_typesupport_fastrtps_c__visibility_control.h
[0.457s] -- Up-to-date: /home/hiromichi/rost2/install/rosgraph_msgs/include/rosgraph_msgs/rosgraph_msgs/msg/detail
[0.457s] -- Up-to-date: /home/hiromichi/rost2/install/rosgraph_msgs/include/rosgraph_msgs/rosgraph_msgs/msg/detail/clock__rosidl_typesupport_fastrtps_c.h
[0.457s] -- Up-to-date: /home/hiromichi/rost2/install/rosgraph_msgs/lib/librosgraph_msgs__rosidl_typesupport_fastrtps_c.so
[0.457s] -- Up-to-date: /home/hiromichi/rost2/install/rosgraph_msgs/include/rosgraph_msgs/rosgraph_msgs
[0.457s] -- Up-to-date: /home/hiromichi/rost2/install/rosgraph_msgs/include/rosgraph_msgs/rosgraph_msgs/msg
[0.457s] -- Up-to-date: /home/hiromichi/rost2/install/rosgraph_msgs/include/rosgraph_msgs/rosgraph_msgs/msg/clock.hpp
[0.457s] -- Up-to-date: /home/hiromichi/rost2/install/rosgraph_msgs/include/rosgraph_msgs/rosgraph_msgs/msg/detail
[0.458s] -- Up-to-date: /home/hiromichi/rost2/install/rosgraph_msgs/include/rosgraph_msgs/rosgraph_msgs/msg/detail/clock__builder.hpp
[0.458s] -- Up-to-date: /home/hiromichi/rost2/install/rosgraph_msgs/include/rosgraph_msgs/rosgraph_msgs/msg/detail/clock__traits.hpp
[0.458s] -- Up-to-date: /home/hiromichi/rost2/install/rosgraph_msgs/include/rosgraph_msgs/rosgraph_msgs/msg/detail/clock__struct.hpp
[0.458s] -- Up-to-date: /home/hiromichi/rost2/install/rosgraph_msgs/include/rosgraph_msgs/rosgraph_msgs
[0.459s] -- Up-to-date: /home/hiromichi/rost2/install/rosgraph_msgs/include/rosgraph_msgs/rosgraph_msgs/msg
[0.459s] -- Up-to-date: /home/hiromichi/rost2/install/rosgraph_msgs/include/rosgraph_msgs/rosgraph_msgs/msg/rosidl_typesupport_fastrtps_cpp__visibility_control.h
[0.459s] -- Up-to-date: /home/hiromichi/rost2/install/rosgraph_msgs/include/rosgraph_msgs/rosgraph_msgs/msg/detail
[0.459s] -- Up-to-date: /home/hiromichi/rost2/install/rosgraph_msgs/include/rosgraph_msgs/rosgraph_msgs/msg/detail/clock__rosidl_typesupport_fastrtps_cpp.hpp
[0.459s] -- Up-to-date: /home/hiromichi/rost2/install/rosgraph_msgs/include/rosgraph_msgs/rosgraph_msgs/msg/detail/dds_fastrtps
[0.460s] -- Up-to-date: /home/hiromichi/rost2/install/rosgraph_msgs/lib/librosgraph_msgs__rosidl_typesupport_fastrtps_cpp.so
[0.460s] -- Up-to-date: /home/hiromichi/rost2/install/rosgraph_msgs/include/rosgraph_msgs/rosgraph_msgs
[0.460s] -- Up-to-date: /home/hiromichi/rost2/install/rosgraph_msgs/include/rosgraph_msgs/rosgraph_msgs/msg
[0.460s] -- Up-to-date: /home/hiromichi/rost2/install/rosgraph_msgs/include/rosgraph_msgs/rosgraph_msgs/msg/rosidl_typesupport_introspection_c__visibility_control.h
[0.460s] -- Up-to-date: /home/hiromichi/rost2/install/rosgraph_msgs/include/rosgraph_msgs/rosgraph_msgs/msg/detail
[0.460s] -- Up-to-date: /home/hiromichi/rost2/install/rosgraph_msgs/include/rosgraph_msgs/rosgraph_msgs/msg/detail/clock__rosidl_typesupport_introspection_c.h
[0.460s] -- Up-to-date: /home/hiromichi/rost2/install/rosgraph_msgs/include/rosgraph_msgs/rosgraph_msgs/msg/detail/clock__type_support.c
[0.461s] -- Up-to-date: /home/hiromichi/rost2/install/rosgraph_msgs/lib/librosgraph_msgs__rosidl_typesupport_introspection_c.so
[0.461s] -- Up-to-date: /home/hiromichi/rost2/install/rosgraph_msgs/lib/librosgraph_msgs__rosidl_typesupport_c.so
[0.461s] -- Up-to-date: /home/hiromichi/rost2/install/rosgraph_msgs/include/rosgraph_msgs/rosgraph_msgs
[0.461s] -- Up-to-date: /home/hiromichi/rost2/install/rosgraph_msgs/include/rosgraph_msgs/rosgraph_msgs/msg
[0.461s] -- Up-to-date: /home/hiromichi/rost2/install/rosgraph_msgs/include/rosgraph_msgs/rosgraph_msgs/msg/detail
[0.461s] -- Up-to-date: /home/hiromichi/rost2/install/rosgraph_msgs/include/rosgraph_msgs/rosgraph_msgs/msg/detail/clock__rosidl_typesupport_introspection_cpp.hpp
[0.461s] -- Up-to-date: /home/hiromichi/rost2/install/rosgraph_msgs/include/rosgraph_msgs/rosgraph_msgs/msg/detail/clock__type_support.cpp
[0.461s] -- Up-to-date: /home/hiromichi/rost2/install/rosgraph_msgs/lib/librosgraph_msgs__rosidl_typesupport_introspection_cpp.so
[0.461s] -- Up-to-date: /home/hiromichi/rost2/install/rosgraph_msgs/lib/librosgraph_msgs__rosidl_typesupport_cpp.so
[0.462s] -- Up-to-date: /home/hiromichi/rost2/install/rosgraph_msgs/share/ament_index/resource_index/rust_packages/rosgraph_msgs
[0.462s] -- Up-to-date: /home/hiromichi/rost2/install/rosgraph_msgs/share/rosgraph_msgs/rust
[0.462s] -- Up-to-date: /home/hiromichi/rost2/install/rosgraph_msgs/share/rosgraph_msgs/rust/src
[0.462s] -- Up-to-date: /home/hiromichi/rost2/install/rosgraph_msgs/share/rosgraph_msgs/rust/src/msg.rs
[0.462s] -- Up-to-date: /home/hiromichi/rost2/install/rosgraph_msgs/share/rosgraph_msgs/rust/src/lib.rs
[0.462s] -- Up-to-date: /home/hiromichi/rost2/install/rosgraph_msgs/share/rosgraph_msgs/rust/Cargo.toml
[0.462s] -- Up-to-date: /home/hiromichi/rost2/install/rosgraph_msgs/share/rosgraph_msgs/rust/build.rs
[0.462s] -- Up-to-date: /home/hiromichi/rost2/install/rosgraph_msgs/share/rosgraph_msgs/environment/pythonpath.sh
[0.463s] -- Up-to-date: /home/hiromichi/rost2/install/rosgraph_msgs/share/rosgraph_msgs/environment/pythonpath.dsv
[0.463s] -- Up-to-date: /home/hiromichi/rost2/install/rosgraph_msgs/local/lib/python3.10/dist-packages/rosgraph_msgs-1.2.1-py3.10.egg-info
[0.463s] -- Installing: /home/hiromichi/rost2/install/rosgraph_msgs/local/lib/python3.10/dist-packages/rosgraph_msgs-1.2.1-py3.10.egg-info/top_level.txt
[0.463s] -- Installing: /home/hiromichi/rost2/install/rosgraph_msgs/local/lib/python3.10/dist-packages/rosgraph_msgs-1.2.1-py3.10.egg-info/dependency_links.txt
[0.463s] -- Installing: /home/hiromichi/rost2/install/rosgraph_msgs/local/lib/python3.10/dist-packages/rosgraph_msgs-1.2.1-py3.10.egg-info/SOURCES.txt
[0.463s] -- Installing: /home/hiromichi/rost2/install/rosgraph_msgs/local/lib/python3.10/dist-packages/rosgraph_msgs-1.2.1-py3.10.egg-info/PKG-INFO
[0.463s] -- Up-to-date: /home/hiromichi/rost2/install/rosgraph_msgs/local/lib/python3.10/dist-packages/rosgraph_msgs
[0.464s] -- Up-to-date: /home/hiromichi/rost2/install/rosgraph_msgs/local/lib/python3.10/dist-packages/rosgraph_msgs/_rosgraph_msgs_s.ep.rosidl_typesupport_fastrtps_c.c
[0.464s] -- Up-to-date: /home/hiromichi/rost2/install/rosgraph_msgs/local/lib/python3.10/dist-packages/rosgraph_msgs/rosgraph_msgs_s__rosidl_typesupport_c.cpython-310-x86_64-linux-gnu.so
[0.464s] -- Up-to-date: /home/hiromichi/rost2/install/rosgraph_msgs/local/lib/python3.10/dist-packages/rosgraph_msgs/rosgraph_msgs_s__rosidl_typesupport_introspection_c.cpython-310-x86_64-linux-gnu.so
[0.464s] -- Up-to-date: /home/hiromichi/rost2/install/rosgraph_msgs/local/lib/python3.10/dist-packages/rosgraph_msgs/_rosgraph_msgs_s.ep.rosidl_typesupport_c.c
[0.464s] -- Up-to-date: /home/hiromichi/rost2/install/rosgraph_msgs/local/lib/python3.10/dist-packages/rosgraph_msgs/_rosgraph_msgs_s.ep.rosidl_typesupport_introspection_c.c
[0.464s] -- Up-to-date: /home/hiromichi/rost2/install/rosgraph_msgs/local/lib/python3.10/dist-packages/rosgraph_msgs/msg
[0.464s] -- Up-to-date: /home/hiromichi/rost2/install/rosgraph_msgs/local/lib/python3.10/dist-packages/rosgraph_msgs/msg/_clock.py
[0.464s] -- Up-to-date: /home/hiromichi/rost2/install/rosgraph_msgs/local/lib/python3.10/dist-packages/rosgraph_msgs/msg/__init__.py
[0.465s] -- Up-to-date: /home/hiromichi/rost2/install/rosgraph_msgs/local/lib/python3.10/dist-packages/rosgraph_msgs/msg/_clock_s.c
[0.465s] -- Up-to-date: /home/hiromichi/rost2/install/rosgraph_msgs/local/lib/python3.10/dist-packages/rosgraph_msgs/librosgraph_msgs__rosidl_generator_py.so
[0.465s] -- Up-to-date: /home/hiromichi/rost2/install/rosgraph_msgs/local/lib/python3.10/dist-packages/rosgraph_msgs/rosgraph_msgs_s__rosidl_typesupport_fastrtps_c.cpython-310-x86_64-linux-gnu.so
[0.465s] -- Up-to-date: /home/hiromichi/rost2/install/rosgraph_msgs/local/lib/python3.10/dist-packages/rosgraph_msgs/__init__.py
[0.484s] Listing '/home/hiromichi/rost2/install/rosgraph_msgs/local/lib/python3.10/dist-packages/rosgraph_msgs'...
[0.484s] Listing '/home/hiromichi/rost2/install/rosgraph_msgs/local/lib/python3.10/dist-packages/rosgraph_msgs/msg'...
[0.497s] -- Up-to-date: /home/hiromichi/rost2/install/rosgraph_msgs/local/lib/python3.10/dist-packages/rosgraph_msgs/rosgraph_msgs_s__rosidl_typesupport_fastrtps_c.cpython-310-x86_64-linux-gnu.so
[0.500s] -- Up-to-date: /home/hiromichi/rost2/install/rosgraph_msgs/local/lib/python3.10/dist-packages/rosgraph_msgs/rosgraph_msgs_s__rosidl_typesupport_introspection_c.cpython-310-x86_64-linux-gnu.so
[0.504s] -- Up-to-date: /home/hiromichi/rost2/install/rosgraph_msgs/local/lib/python3.10/dist-packages/rosgraph_msgs/rosgraph_msgs_s__rosidl_typesupport_c.cpython-310-x86_64-linux-gnu.so
[0.504s] -- Up-to-date: /home/hiromichi/rost2/install/rosgraph_msgs/lib/librosgraph_msgs__rosidl_generator_py.so
[0.504s] -- Up-to-date: /home/hiromichi/rost2/install/rosgraph_msgs/share/rosgraph_msgs/msg/Clock.idl
[0.510s] -- Up-to-date: /home/hiromichi/rost2/install/rosgraph_msgs/share/rosgraph_msgs/msg/Clock.msg
[0.510s] -- Up-to-date: /home/hiromichi/rost2/install/rosgraph_msgs/share/ament_index/resource_index/package_run_dependencies/rosgraph_msgs
[0.510s] -- Up-to-date: /home/hiromichi/rost2/install/rosgraph_msgs/share/ament_index/resource_index/parent_prefix_path/rosgraph_msgs
[0.511s] -- Up-to-date: /home/hiromichi/rost2/install/rosgraph_msgs/share/rosgraph_msgs/environment/ament_prefix_path.sh
[0.511s] -- Up-to-date: /home/hiromichi/rost2/install/rosgraph_msgs/share/rosgraph_msgs/environment/ament_prefix_path.dsv
[0.511s] -- Up-to-date: /home/hiromichi/rost2/install/rosgraph_msgs/share/rosgraph_msgs/environment/path.sh
[0.511s] -- Up-to-date: /home/hiromichi/rost2/install/rosgraph_msgs/share/rosgraph_msgs/environment/path.dsv
[0.511s] -- Up-to-date: /home/hiromichi/rost2/install/rosgraph_msgs/share/rosgraph_msgs/local_setup.bash
[0.512s] -- Up-to-date: /home/hiromichi/rost2/install/rosgraph_msgs/share/rosgraph_msgs/local_setup.sh
[0.512s] -- Up-to-date: /home/hiromichi/rost2/install/rosgraph_msgs/share/rosgraph_msgs/local_setup.zsh
[0.513s] -- Up-to-date: /home/hiromichi/rost2/install/rosgraph_msgs/share/rosgraph_msgs/local_setup.dsv
[0.513s] -- Installing: /home/hiromichi/rost2/install/rosgraph_msgs/share/rosgraph_msgs/package.dsv
[0.514s] -- Up-to-date: /home/hiromichi/rost2/install/rosgraph_msgs/share/ament_index/resource_index/packages/rosgraph_msgs
[0.515s] -- Up-to-date: /home/hiromichi/rost2/install/rosgraph_msgs/share/rosgraph_msgs/cmake/export_rosgraph_msgs__rosidl_generator_cExport.cmake
[0.515s] -- Up-to-date: /home/hiromichi/rost2/install/rosgraph_msgs/share/rosgraph_msgs/cmake/export_rosgraph_msgs__rosidl_generator_cExport-noconfig.cmake
[0.515s] -- Up-to-date: /home/hiromichi/rost2/install/rosgraph_msgs/share/rosgraph_msgs/cmake/export_rosgraph_msgs__rosidl_typesupport_fastrtps_cExport.cmake
[0.517s] -- Up-to-date: /home/hiromichi/rost2/install/rosgraph_msgs/share/rosgraph_msgs/cmake/export_rosgraph_msgs__rosidl_typesupport_fastrtps_cExport-noconfig.cmake
[0.517s] -- Up-to-date: /home/hiromichi/rost2/install/rosgraph_msgs/share/rosgraph_msgs/cmake/export_rosgraph_msgs__rosidl_generator_cppExport.cmake
[0.518s] -- Up-to-date: /home/hiromichi/rost2/install/rosgraph_msgs/share/rosgraph_msgs/cmake/export_rosgraph_msgs__rosidl_typesupport_fastrtps_cppExport.cmake
[0.518s] -- Up-to-date: /home/hiromichi/rost2/install/rosgraph_msgs/share/rosgraph_msgs/cmake/export_rosgraph_msgs__rosidl_typesupport_fastrtps_cppExport-noconfig.cmake
[0.523s] -- Up-to-date: /home/hiromichi/rost2/install/rosgraph_msgs/share/rosgraph_msgs/cmake/rosgraph_msgs__rosidl_typesupport_introspection_cExport.cmake
[0.524s] -- Up-to-date: /home/hiromichi/rost2/install/rosgraph_msgs/share/rosgraph_msgs/cmake/rosgraph_msgs__rosidl_typesupport_introspection_cExport-noconfig.cmake
[0.524s] -- Up-to-date: /home/hiromichi/rost2/install/rosgraph_msgs/share/rosgraph_msgs/cmake/rosgraph_msgs__rosidl_typesupport_cExport.cmake
[0.524s] -- Up-to-date: /home/hiromichi/rost2/install/rosgraph_msgs/share/rosgraph_msgs/cmake/rosgraph_msgs__rosidl_typesupport_cExport-noconfig.cmake
[0.524s] -- Up-to-date: /home/hiromichi/rost2/install/rosgraph_msgs/share/rosgraph_msgs/cmake/rosgraph_msgs__rosidl_typesupport_introspection_cppExport.cmake
[0.525s] -- Up-to-date: /home/hiromichi/rost2/install/rosgraph_msgs/share/rosgraph_msgs/cmake/rosgraph_msgs__rosidl_typesupport_introspection_cppExport-noconfig.cmake
[0.525s] -- Up-to-date: /home/hiromichi/rost2/install/rosgraph_msgs/share/rosgraph_msgs/cmake/rosgraph_msgs__rosidl_typesupport_cppExport.cmake
[0.526s] -- Up-to-date: /home/hiromichi/rost2/install/rosgraph_msgs/share/rosgraph_msgs/cmake/rosgraph_msgs__rosidl_typesupport_cppExport-noconfig.cmake
[0.526s] -- Up-to-date: /home/hiromichi/rost2/install/rosgraph_msgs/share/rosgraph_msgs/cmake/export_rosgraph_msgs__rosidl_generator_pyExport.cmake
[0.526s] -- Up-to-date: /home/hiromichi/rost2/install/rosgraph_msgs/share/rosgraph_msgs/cmake/export_rosgraph_msgs__rosidl_generator_pyExport-noconfig.cmake
[0.526s] -- Up-to-date: /home/hiromichi/rost2/install/rosgraph_msgs/share/rosgraph_msgs/cmake/rosidl_cmake-extras.cmake
[0.526s] -- Up-to-date: /home/hiromichi/rost2/install/rosgraph_msgs/share/rosgraph_msgs/cmake/ament_cmake_export_dependencies-extras.cmake
[0.527s] -- Up-to-date: /home/hiromichi/rost2/install/rosgraph_msgs/share/rosgraph_msgs/cmake/ament_cmake_export_include_directories-extras.cmake
[0.527s] -- Up-to-date: /home/hiromichi/rost2/install/rosgraph_msgs/share/rosgraph_msgs/cmake/ament_cmake_export_libraries-extras.cmake
[0.527s] -- Up-to-date: /home/hiromichi/rost2/install/rosgraph_msgs/share/rosgraph_msgs/cmake/ament_cmake_export_targets-extras.cmake
[0.528s] -- Up-to-date: /home/hiromichi/rost2/install/rosgraph_msgs/share/rosgraph_msgs/cmake/rosidl_cmake_export_typesupport_targets-extras.cmake
[0.529s] -- Up-to-date: /home/hiromichi/rost2/install/rosgraph_msgs/share/rosgraph_msgs/cmake/rosidl_cmake_export_typesupport_libraries-extras.cmake
[0.529s] -- Up-to-date: /home/hiromichi/rost2/install/rosgraph_msgs/share/rosgraph_msgs/cmake/rosgraph_msgsConfig.cmake
[0.529s] -- Up-to-date: /home/hiromichi/rost2/install/rosgraph_msgs/share/rosgraph_msgs/cmake/rosgraph_msgsConfig-version.cmake
[0.529s] -- Up-to-date: /home/hiromichi/rost2/install/rosgraph_msgs/share/rosgraph_msgs/package.xml
[0.530s] Invoked command in '/home/hiromichi/rost2/build/rosgraph_msgs' returned '0': AMENT_PREFIX_PATH=/home/hiromichi/rost2/install/builtin_interfaces:/home/hiromichi/rost2/install/rosidl_default_runtime:/home/hiromichi/rost2/install/rosidl_default_generators:/home/hiromichi/rost2/install/rosidl_generator_rs:/home/hiromichi/rost2/install/rosidl_runtime_rs:${AMENT_PREFIX_PATH} CMAKE_PREFIX_PATH=/home/hiromichi/rost2/install/builtin_interfaces:/home/hiromichi/rost2/install/rosidl_default_runtime:/home/hiromichi/rost2/install/rosidl_default_generators:/home/hiromichi/rost2/install/rosidl_generator_rs:/opt/ros/humble LD_LIBRARY_PATH=/home/hiromichi/rost2/install/builtin_interfaces/lib:${LD_LIBRARY_PATH} PYTHONPATH=/home/hiromichi/rost2/install/builtin_interfaces/local/lib/python3.10/dist-packages:/home/hiromichi/rost2/install/rosidl_generator_rs/local/lib/python3.10/dist-packages:${PYTHONPATH} /usr/bin/cmake --install /home/hiromichi/rost2/build/rosgraph_msgs
