[0.329s] Invoking command in '/home/hiro/rust_ws/build/actionlib_msgs': AMENT_PREFIX_PATH=/home/hiro/rust_ws/install/rosidl_runtime_rs:/home/hiro/rust_ws/install/common_interfaces:/home/hiro/rust_ws/install/visualization_msgs:/home/hiro/rust_ws/install/test_msgs:/home/hiro/rust_ws/install/examples_rclrs_minimal_client_service:/home/hiro/rust_ws/install/example_interfaces:/home/hiro/rust_ws/install/action_msgs:/home/hiro/rust_ws/install/unique_identifier_msgs:/home/hiro/rust_ws/install/trajectory_msgs:/home/hiro/rust_ws/install/test_interface_files:/home/hiro/rust_ws/install/stereo_msgs:/home/hiro/rust_ws/install/std_srvs:/home/hiro/rust_ws/install/shape_msgs:/home/hiro/rust_ws/install/sensor_msgs_py:/home/hiro/rust_ws/install/sensor_msgs:/home/hiro/rust_ws/install/rust_pubsub:/home/hiro/rust_ws/install/nav_msgs:/home/hiro/rust_ws/install/diagnostic_msgs:/home/hiro/rust_ws/install/geometry_msgs:/home/hiro/rust_ws/install/examples_rclrs_minimal_pub_sub:/home/hiro/rust_ws/install/actionlib_msgs:/home/hiro/rust_ws/install/std_msgs:/home/hiro/rust_ws/install/statistics_msgs:/home/hiro/rust_ws/install/examples_rclrs_message_demo:/home/hiro/rust_ws/install/rclrs:/home/hiro/rust_ws/install/rosgraph_msgs:/home/hiro/rust_ws/install/rclrs_example_msgs:/home/hiro/rust_ws/install/composition_interfaces:/home/hiro/rust_ws/install/rcl_interfaces:/home/hiro/rust_ws/install/lifecycle_msgs:/home/hiro/rust_ws/install/builtin_interfaces:/home/hiro/rust_ws/install/rosidl_default_runtime:/home/hiro/rust_ws/install/rosidl_default_generators:/home/hiro/rust_ws/install/rosidl_generator_rs:/home/hiro/ws_livox/install/livox_ros_driver2:/opt/ros/humble CMAKE_PREFIX_PATH=/home/hiro/rust_ws/install/std_msgs:/home/hiro/rust_ws/install/builtin_interfaces:/home/hiro/rust_ws/install/rosidl_default_runtime:/home/hiro/rust_ws/install/rosidl_default_generators:/home/hiro/rust_ws/install/rosidl_generator_rs:/home/hiro/rust_ws/install/common_interfaces:/home/hiro/rust_ws/install/visualization_msgs:/home/hiro/rust_ws/install/test_msgs:/home/hiro/rust_ws/install/example_interfaces:/home/hiro/rust_ws/install/action_msgs:/home/hiro/rust_ws/install/unique_identifier_msgs:/home/hiro/rust_ws/install/trajectory_msgs:/home/hiro/rust_ws/install/test_interface_files:/home/hiro/rust_ws/install/stereo_msgs:/home/hiro/rust_ws/install/std_srvs:/home/hiro/rust_ws/install/shape_msgs:/home/hiro/rust_ws/install/sensor_msgs:/home/hiro/rust_ws/install/nav_msgs:/home/hiro/rust_ws/install/diagnostic_msgs:/home/hiro/rust_ws/install/geometry_msgs:/home/hiro/rust_ws/install/actionlib_msgs:/home/hiro/rust_ws/install/statistics_msgs:/home/hiro/rust_ws/install/rosgraph_msgs:/home/hiro/rust_ws/install/rclrs_example_msgs:/home/hiro/rust_ws/install/composition_interfaces:/home/hiro/rust_ws/install/rcl_interfaces:/home/hiro/rust_ws/install/lifecycle_msgs:/home/hiro/ws_livox/install/livox_ros_driver2:/home/hiro/rust_ws/install/examples_rclrs_minimal_client_service:/home/hiro/rust_ws/install/sensor_msgs_py:/home/hiro/rust_ws/install/rust_pubsub:/home/hiro/rust_ws/install/examples_rclrs_minimal_pub_sub:/home/hiro/rust_ws/install/examples_rclrs_message_demo:/home/hiro/rust_ws/install/rclrs:/home/hiro/rust_ws/install/rosidl_runtime_rs:/opt/ros/humble LD_LIBRARY_PATH=/home/hiro/rust_ws/install/std_msgs/lib:/home/hiro/rust_ws/install/builtin_interfaces/lib:/home/hiro/rust_ws/install/visualization_msgs/lib:/home/hiro/rust_ws/install/test_msgs/lib:/home/hiro/rust_ws/install/example_interfaces/lib:/home/hiro/rust_ws/install/action_msgs/lib:/home/hiro/rust_ws/install/unique_identifier_msgs/lib:/home/hiro/rust_ws/install/trajectory_msgs/lib:/home/hiro/rust_ws/install/stereo_msgs/lib:/home/hiro/rust_ws/install/std_srvs/lib:/home/hiro/rust_ws/install/shape_msgs/lib:/home/hiro/rust_ws/install/sensor_msgs/lib:/home/hiro/rust_ws/install/nav_msgs/lib:/home/hiro/rust_ws/install/diagnostic_msgs/lib:/home/hiro/rust_ws/install/geometry_msgs/lib:/home/hiro/rust_ws/install/actionlib_msgs/lib:/home/hiro/rust_ws/install/statistics_msgs/lib:/home/hiro/rust_ws/install/rosgraph_msgs/lib:/home/hiro/rust_ws/install/rclrs_example_msgs/lib:/home/hiro/rust_ws/install/composition_interfaces/lib:/home/hiro/rust_ws/install/rcl_interfaces/lib:/home/hiro/rust_ws/install/lifecycle_msgs/lib:/home/hiro/ws_livox/install/livox_ros_driver2/lib:/opt/ros/humble/opt/rviz_ogre_vendor/lib:/opt/ros/humble/lib/x86_64-linux-gnu:/opt/ros/humble/lib /usr/bin/cmake /home/hiro/rust_ws/src/ros2/common_interfaces/actionlib_msgs -DCMAKE_INSTALL_PREFIX=/home/hiro/rust_ws/install/actionlib_msgs
[0.454s] -- The C compiler identification is GNU 11.4.0
[0.903s] -- The CXX compiler identification is GNU 11.4.0
[1.277s] -- Detecting C compiler ABI info
[1.575s] -- Detecting C compiler ABI info - done
[1.588s] -- Check for working C compiler: /usr/bin/cc - skipped
[1.588s] -- Detecting C compile features
[1.589s] -- Detecting C compile features - done
[1.595s] -- Detecting CXX compiler ABI info
[1.834s] -- Detecting CXX compiler ABI info - done
[1.847s] -- Check for working CXX compiler: /usr/bin/c++ - skipped
[1.847s] -- Detecting CXX compile features
[1.848s] -- Detecting CXX compile features - done
[1.854s] -- Found ament_cmake: 1.3.10 (/opt/ros/humble/share/ament_cmake/cmake)
[3.886s] -- Found Python3: /usr/bin/python3 (found version "3.10.12") found components: Interpreter 
[4.357s] -- Found builtin_interfaces: 1.2.1 (/home/hiro/rust_ws/install/builtin_interfaces/share/builtin_interfaces/cmake)
[4.872s] -- Found rosidl_generator_c: 3.1.5 (/opt/ros/humble/share/rosidl_generator_c/cmake)
[4.904s] -- Found rosidl_adapter: 3.1.5 (/opt/ros/humble/share/rosidl_adapter/cmake)
[4.935s] -- Found rosidl_generator_cpp: 3.1.5 (/opt/ros/humble/share/rosidl_generator_cpp/cmake)
[4.974s] -- Using all available rosidl_typesupport_c: rosidl_typesupport_fastrtps_c;rosidl_typesupport_introspection_c
[5.087s] -- Using all available rosidl_typesupport_cpp: rosidl_typesupport_fastrtps_cpp;rosidl_typesupport_introspection_cpp
[5.137s] -- Found rosidl_default_generators: 1.2.0 (/home/hiro/rust_ws/install/rosidl_default_generators/share/rosidl_default_generators/cmake)
[5.245s] -- Found std_msgs: 4.2.4 (/home/hiro/rust_ws/install/std_msgs/share/std_msgs/cmake)
[6.759s] -- Found ament_cmake_cppcheck: 0.12.11 (/opt/ros/humble/share/ament_cmake_cppcheck/cmake)
[6.774s] -- Found ament_cmake_cpplint: 0.12.11 (/opt/ros/humble/share/ament_cmake_cpplint/cmake)
[6.790s] -- Found ament_cmake_uncrustify: 0.12.11 (/opt/ros/humble/share/ament_cmake_uncrustify/cmake)
[6.795s] -- Found ament_cmake_ros: 0.10.0 (/opt/ros/humble/share/ament_cmake_ros/cmake)
[8.937s] -- Using all available rosidl_typesupport_c: rosidl_typesupport_fastrtps_c;rosidl_typesupport_introspection_c
[10.120s] -- Using all available rosidl_typesupport_cpp: rosidl_typesupport_fastrtps_cpp;rosidl_typesupport_introspection_cpp
[10.550s] -- Found PythonInterp: /usr/bin/python3 (found suitable version "3.10.12", minimum required is "3.6") 
[10.553s] -- Found python_cmake_module: 0.10.0 (/opt/ros/humble/share/python_cmake_module/cmake)
[11.705s] -- Found PythonLibs: /usr/lib/x86_64-linux-gnu/libpython3.10.so (found suitable version "3.10.12", minimum required is "3.5") 
[11.706s] -- Using PYTHON_EXECUTABLE: /usr/bin/python3
[11.706s] -- Using PYTHON_INCLUDE_DIRS: /usr/include/python3.10
[11.706s] -- Using PYTHON_LIBRARIES: /usr/lib/x86_64-linux-gnu/libpython3.10.so
[11.923s] -- Found PythonExtra: .so  
[12.611s] -- Found ament_cmake_flake8: 0.12.11 (/opt/ros/humble/share/ament_cmake_flake8/cmake)
[12.657s] -- Found ament_cmake_pep257: 0.12.11 (/opt/ros/humble/share/ament_cmake_pep257/cmake)
[12.702s] -- Configuring done
[13.061s] -- Generating done
[13.103s] -- Build files have been written to: /home/hiro/rust_ws/build/actionlib_msgs
[13.156s] Invoked command in '/home/hiro/rust_ws/build/actionlib_msgs' returned '0': AMENT_PREFIX_PATH=/home/hiro/rust_ws/install/rosidl_runtime_rs:/home/hiro/rust_ws/install/common_interfaces:/home/hiro/rust_ws/install/visualization_msgs:/home/hiro/rust_ws/install/test_msgs:/home/hiro/rust_ws/install/examples_rclrs_minimal_client_service:/home/hiro/rust_ws/install/example_interfaces:/home/hiro/rust_ws/install/action_msgs:/home/hiro/rust_ws/install/unique_identifier_msgs:/home/hiro/rust_ws/install/trajectory_msgs:/home/hiro/rust_ws/install/test_interface_files:/home/hiro/rust_ws/install/stereo_msgs:/home/hiro/rust_ws/install/std_srvs:/home/hiro/rust_ws/install/shape_msgs:/home/hiro/rust_ws/install/sensor_msgs_py:/home/hiro/rust_ws/install/sensor_msgs:/home/hiro/rust_ws/install/rust_pubsub:/home/hiro/rust_ws/install/nav_msgs:/home/hiro/rust_ws/install/diagnostic_msgs:/home/hiro/rust_ws/install/geometry_msgs:/home/hiro/rust_ws/install/examples_rclrs_minimal_pub_sub:/home/hiro/rust_ws/install/actionlib_msgs:/home/hiro/rust_ws/install/std_msgs:/home/hiro/rust_ws/install/statistics_msgs:/home/hiro/rust_ws/install/examples_rclrs_message_demo:/home/hiro/rust_ws/install/rclrs:/home/hiro/rust_ws/install/rosgraph_msgs:/home/hiro/rust_ws/install/rclrs_example_msgs:/home/hiro/rust_ws/install/composition_interfaces:/home/hiro/rust_ws/install/rcl_interfaces:/home/hiro/rust_ws/install/lifecycle_msgs:/home/hiro/rust_ws/install/builtin_interfaces:/home/hiro/rust_ws/install/rosidl_default_runtime:/home/hiro/rust_ws/install/rosidl_default_generators:/home/hiro/rust_ws/install/rosidl_generator_rs:/home/hiro/ws_livox/install/livox_ros_driver2:/opt/ros/humble CMAKE_PREFIX_PATH=/home/hiro/rust_ws/install/std_msgs:/home/hiro/rust_ws/install/builtin_interfaces:/home/hiro/rust_ws/install/rosidl_default_runtime:/home/hiro/rust_ws/install/rosidl_default_generators:/home/hiro/rust_ws/install/rosidl_generator_rs:/home/hiro/rust_ws/install/common_interfaces:/home/hiro/rust_ws/install/visualization_msgs:/home/hiro/rust_ws/install/test_msgs:/home/hiro/rust_ws/install/example_interfaces:/home/hiro/rust_ws/install/action_msgs:/home/hiro/rust_ws/install/unique_identifier_msgs:/home/hiro/rust_ws/install/trajectory_msgs:/home/hiro/rust_ws/install/test_interface_files:/home/hiro/rust_ws/install/stereo_msgs:/home/hiro/rust_ws/install/std_srvs:/home/hiro/rust_ws/install/shape_msgs:/home/hiro/rust_ws/install/sensor_msgs:/home/hiro/rust_ws/install/nav_msgs:/home/hiro/rust_ws/install/diagnostic_msgs:/home/hiro/rust_ws/install/geometry_msgs:/home/hiro/rust_ws/install/actionlib_msgs:/home/hiro/rust_ws/install/statistics_msgs:/home/hiro/rust_ws/install/rosgraph_msgs:/home/hiro/rust_ws/install/rclrs_example_msgs:/home/hiro/rust_ws/install/composition_interfaces:/home/hiro/rust_ws/install/rcl_interfaces:/home/hiro/rust_ws/install/lifecycle_msgs:/home/hiro/ws_livox/install/livox_ros_driver2:/home/hiro/rust_ws/install/examples_rclrs_minimal_client_service:/home/hiro/rust_ws/install/sensor_msgs_py:/home/hiro/rust_ws/install/rust_pubsub:/home/hiro/rust_ws/install/examples_rclrs_minimal_pub_sub:/home/hiro/rust_ws/install/examples_rclrs_message_demo:/home/hiro/rust_ws/install/rclrs:/home/hiro/rust_ws/install/rosidl_runtime_rs:/opt/ros/humble LD_LIBRARY_PATH=/home/hiro/rust_ws/install/std_msgs/lib:/home/hiro/rust_ws/install/builtin_interfaces/lib:/home/hiro/rust_ws/install/visualization_msgs/lib:/home/hiro/rust_ws/install/test_msgs/lib:/home/hiro/rust_ws/install/example_interfaces/lib:/home/hiro/rust_ws/install/action_msgs/lib:/home/hiro/rust_ws/install/unique_identifier_msgs/lib:/home/hiro/rust_ws/install/trajectory_msgs/lib:/home/hiro/rust_ws/install/stereo_msgs/lib:/home/hiro/rust_ws/install/std_srvs/lib:/home/hiro/rust_ws/install/shape_msgs/lib:/home/hiro/rust_ws/install/sensor_msgs/lib:/home/hiro/rust_ws/install/nav_msgs/lib:/home/hiro/rust_ws/install/diagnostic_msgs/lib:/home/hiro/rust_ws/install/geometry_msgs/lib:/home/hiro/rust_ws/install/actionlib_msgs/lib:/home/hiro/rust_ws/install/statistics_msgs/lib:/home/hiro/rust_ws/install/rosgraph_msgs/lib:/home/hiro/rust_ws/install/rclrs_example_msgs/lib:/home/hiro/rust_ws/install/composition_interfaces/lib:/home/hiro/rust_ws/install/rcl_interfaces/lib:/home/hiro/rust_ws/install/lifecycle_msgs/lib:/home/hiro/ws_livox/install/livox_ros_driver2/lib:/opt/ros/humble/opt/rviz_ogre_vendor/lib:/opt/ros/humble/lib/x86_64-linux-gnu:/opt/ros/humble/lib /usr/bin/cmake /home/hiro/rust_ws/src/ros2/common_interfaces/actionlib_msgs -DCMAKE_INSTALL_PREFIX=/home/hiro/rust_ws/install/actionlib_msgs
[13.157s] Invoking command in '/home/hiro/rust_ws/build/actionlib_msgs': AMENT_PREFIX_PATH=/home/hiro/rust_ws/install/rosidl_runtime_rs:/home/hiro/rust_ws/install/common_interfaces:/home/hiro/rust_ws/install/visualization_msgs:/home/hiro/rust_ws/install/test_msgs:/home/hiro/rust_ws/install/examples_rclrs_minimal_client_service:/home/hiro/rust_ws/install/example_interfaces:/home/hiro/rust_ws/install/action_msgs:/home/hiro/rust_ws/install/unique_identifier_msgs:/home/hiro/rust_ws/install/trajectory_msgs:/home/hiro/rust_ws/install/test_interface_files:/home/hiro/rust_ws/install/stereo_msgs:/home/hiro/rust_ws/install/std_srvs:/home/hiro/rust_ws/install/shape_msgs:/home/hiro/rust_ws/install/sensor_msgs_py:/home/hiro/rust_ws/install/sensor_msgs:/home/hiro/rust_ws/install/rust_pubsub:/home/hiro/rust_ws/install/nav_msgs:/home/hiro/rust_ws/install/diagnostic_msgs:/home/hiro/rust_ws/install/geometry_msgs:/home/hiro/rust_ws/install/examples_rclrs_minimal_pub_sub:/home/hiro/rust_ws/install/actionlib_msgs:/home/hiro/rust_ws/install/std_msgs:/home/hiro/rust_ws/install/statistics_msgs:/home/hiro/rust_ws/install/examples_rclrs_message_demo:/home/hiro/rust_ws/install/rclrs:/home/hiro/rust_ws/install/rosgraph_msgs:/home/hiro/rust_ws/install/rclrs_example_msgs:/home/hiro/rust_ws/install/composition_interfaces:/home/hiro/rust_ws/install/rcl_interfaces:/home/hiro/rust_ws/install/lifecycle_msgs:/home/hiro/rust_ws/install/builtin_interfaces:/home/hiro/rust_ws/install/rosidl_default_runtime:/home/hiro/rust_ws/install/rosidl_default_generators:/home/hiro/rust_ws/install/rosidl_generator_rs:/home/hiro/ws_livox/install/livox_ros_driver2:/opt/ros/humble CMAKE_PREFIX_PATH=/home/hiro/rust_ws/install/std_msgs:/home/hiro/rust_ws/install/builtin_interfaces:/home/hiro/rust_ws/install/rosidl_default_runtime:/home/hiro/rust_ws/install/rosidl_default_generators:/home/hiro/rust_ws/install/rosidl_generator_rs:/home/hiro/rust_ws/install/common_interfaces:/home/hiro/rust_ws/install/visualization_msgs:/home/hiro/rust_ws/install/test_msgs:/home/hiro/rust_ws/install/example_interfaces:/home/hiro/rust_ws/install/action_msgs:/home/hiro/rust_ws/install/unique_identifier_msgs:/home/hiro/rust_ws/install/trajectory_msgs:/home/hiro/rust_ws/install/test_interface_files:/home/hiro/rust_ws/install/stereo_msgs:/home/hiro/rust_ws/install/std_srvs:/home/hiro/rust_ws/install/shape_msgs:/home/hiro/rust_ws/install/sensor_msgs:/home/hiro/rust_ws/install/nav_msgs:/home/hiro/rust_ws/install/diagnostic_msgs:/home/hiro/rust_ws/install/geometry_msgs:/home/hiro/rust_ws/install/actionlib_msgs:/home/hiro/rust_ws/install/statistics_msgs:/home/hiro/rust_ws/install/rosgraph_msgs:/home/hiro/rust_ws/install/rclrs_example_msgs:/home/hiro/rust_ws/install/composition_interfaces:/home/hiro/rust_ws/install/rcl_interfaces:/home/hiro/rust_ws/install/lifecycle_msgs:/home/hiro/ws_livox/install/livox_ros_driver2:/home/hiro/rust_ws/install/examples_rclrs_minimal_client_service:/home/hiro/rust_ws/install/sensor_msgs_py:/home/hiro/rust_ws/install/rust_pubsub:/home/hiro/rust_ws/install/examples_rclrs_minimal_pub_sub:/home/hiro/rust_ws/install/examples_rclrs_message_demo:/home/hiro/rust_ws/install/rclrs:/home/hiro/rust_ws/install/rosidl_runtime_rs:/opt/ros/humble LD_LIBRARY_PATH=/home/hiro/rust_ws/install/std_msgs/lib:/home/hiro/rust_ws/install/builtin_interfaces/lib:/home/hiro/rust_ws/install/visualization_msgs/lib:/home/hiro/rust_ws/install/test_msgs/lib:/home/hiro/rust_ws/install/example_interfaces/lib:/home/hiro/rust_ws/install/action_msgs/lib:/home/hiro/rust_ws/install/unique_identifier_msgs/lib:/home/hiro/rust_ws/install/trajectory_msgs/lib:/home/hiro/rust_ws/install/stereo_msgs/lib:/home/hiro/rust_ws/install/std_srvs/lib:/home/hiro/rust_ws/install/shape_msgs/lib:/home/hiro/rust_ws/install/sensor_msgs/lib:/home/hiro/rust_ws/install/nav_msgs/lib:/home/hiro/rust_ws/install/diagnostic_msgs/lib:/home/hiro/rust_ws/install/geometry_msgs/lib:/home/hiro/rust_ws/install/actionlib_msgs/lib:/home/hiro/rust_ws/install/statistics_msgs/lib:/home/hiro/rust_ws/install/rosgraph_msgs/lib:/home/hiro/rust_ws/install/rclrs_example_msgs/lib:/home/hiro/rust_ws/install/composition_interfaces/lib:/home/hiro/rust_ws/install/rcl_interfaces/lib:/home/hiro/rust_ws/install/lifecycle_msgs/lib:/home/hiro/ws_livox/install/livox_ros_driver2/lib:/opt/ros/humble/opt/rviz_ogre_vendor/lib:/opt/ros/humble/lib/x86_64-linux-gnu:/opt/ros/humble/lib /usr/bin/cmake --build /home/hiro/rust_ws/build/actionlib_msgs -- -j22 -l22
[13.398s] [  2%] [34m[1mGenerating C code for ROS interfaces[0m
[13.460s] [  4%] [34m[1mGenerating C++ code for ROS interfaces[0m
[13.521s] [  6%] [34m[1mGenerating Rust code for ROS interfaces[0m
[13.596s] [  6%] Built target ament_cmake_python_copy_actionlib_msgs
[15.480s] [  8%] [32mBuilding C object CMakeFiles/actionlib_msgs__rosidl_generator_c.dir/rosidl_generator_c/actionlib_msgs/msg/detail/goal_id__functions.c.o[0m
[15.489s] [ 10%] [32mBuilding C object CMakeFiles/actionlib_msgs__rosidl_generator_c.dir/rosidl_generator_c/actionlib_msgs/msg/detail/goal_status__functions.c.o[0m
[15.502s] [ 10%] Built target actionlib_msgs__rs
[15.509s] [ 12%] [32mBuilding C object CMakeFiles/actionlib_msgs__rosidl_generator_c.dir/rosidl_generator_c/actionlib_msgs/msg/detail/goal_status_array__functions.c.o[0m
[15.520s] running egg_info
[15.533s] creating actionlib_msgs.egg-info
[15.601s] writing actionlib_msgs.egg-info/PKG-INFO
[15.602s] writing dependency_links to actionlib_msgs.egg-info/dependency_links.txt
[15.603s] writing top-level names to actionlib_msgs.egg-info/top_level.txt
[15.605s] writing manifest file 'actionlib_msgs.egg-info/SOURCES.txt'
[15.761s] reading manifest file 'actionlib_msgs.egg-info/SOURCES.txt'
[15.763s] writing manifest file 'actionlib_msgs.egg-info/SOURCES.txt'
[15.820s] [ 14%] [32m[1mLinking C shared library libactionlib_msgs__rosidl_generator_c.so[0m
[15.956s] [ 14%] Built target ament_cmake_python_build_actionlib_msgs_egg
[16.088s] [ 14%] Built target actionlib_msgs__rosidl_generator_c
[16.153s] [ 16%] [34m[1mGenerating C introspection for ROS interfaces[0m
[16.159s] [ 18%] [34m[1mGenerating C type support for eProsima Fast-RTPS[0m
[16.179s] [ 20%] [34m[1mGenerating C type support dispatch for ROS interfaces[0m
[16.746s] [ 20%] Built target actionlib_msgs__cpp
[16.775s] [ 22%] [34m[1mGenerating C++ introspection for ROS interfaces[0m
[16.776s] [ 25%] [34m[1mGenerating C++ type support dispatch for ROS interfaces[0m
[16.776s] [ 27%] [34m[1mGenerating C++ type support for eProsima Fast-RTPS[0m
[17.398s] [ 29%] [32mBuilding CXX object CMakeFiles/actionlib_msgs__rosidl_typesupport_c.dir/rosidl_typesupport_c/actionlib_msgs/msg/goal_status_array__type_support.cpp.o[0m
[17.400s] [ 33%] [32mBuilding CXX object CMakeFiles/actionlib_msgs__rosidl_typesupport_c.dir/rosidl_typesupport_c/actionlib_msgs/msg/goal_status__type_support.cpp.o[0m
[17.404s] [ 33%] [32mBuilding CXX object CMakeFiles/actionlib_msgs__rosidl_typesupport_c.dir/rosidl_typesupport_c/actionlib_msgs/msg/goal_id__type_support.cpp.o[0m
[17.449s] [ 35%] [32mBuilding C object CMakeFiles/actionlib_msgs__rosidl_typesupport_introspection_c.dir/rosidl_typesupport_introspection_c/actionlib_msgs/msg/detail/goal_id__type_support.c.o[0m
[17.458s] [ 41%] [32m[1mLinking CXX shared library libactionlib_msgs__rosidl_typesupport_c.so[0m
[17.458s] [ 41%] [32mBuilding C object CMakeFiles/actionlib_msgs__rosidl_typesupport_introspection_c.dir/rosidl_typesupport_introspection_c/actionlib_msgs/msg/detail/goal_status_array__type_support.c.o[0m
[17.459s] [ 41%] [32mBuilding C object CMakeFiles/actionlib_msgs__rosidl_typesupport_introspection_c.dir/rosidl_typesupport_introspection_c/actionlib_msgs/msg/detail/goal_status__type_support.c.o[0m
[17.541s] [ 43%] [32m[1mLinking C shared library libactionlib_msgs__rosidl_typesupport_introspection_c.so[0m
[17.665s] [ 45%] [32mBuilding CXX object CMakeFiles/actionlib_msgs__rosidl_typesupport_fastrtps_c.dir/rosidl_typesupport_fastrtps_c/actionlib_msgs/msg/detail/goal_status__type_support_c.cpp.o[0m
[17.668s] [ 50%] [32mBuilding CXX object CMakeFiles/actionlib_msgs__rosidl_typesupport_fastrtps_c.dir/rosidl_typesupport_fastrtps_c/actionlib_msgs/msg/detail/goal_status_array__type_support_c.cpp.o[0m
[17.669s] [ 50%] [32mBuilding CXX object CMakeFiles/actionlib_msgs__rosidl_typesupport_fastrtps_c.dir/rosidl_typesupport_fastrtps_c/actionlib_msgs/msg/detail/goal_id__type_support_c.cpp.o[0m
[17.794s] [ 50%] Built target actionlib_msgs__rosidl_typesupport_c
[17.867s] [ 52%] [32mBuilding CXX object CMakeFiles/actionlib_msgs__rosidl_typesupport_cpp.dir/rosidl_typesupport_cpp/actionlib_msgs/msg/goal_id__type_support.cpp.o[0m
[17.876s] [ 54%] [32mBuilding CXX object CMakeFiles/actionlib_msgs__rosidl_typesupport_cpp.dir/rosidl_typesupport_cpp/actionlib_msgs/msg/goal_status__type_support.cpp.o[0m
[17.877s] [ 54%] Built target actionlib_msgs__rosidl_typesupport_introspection_c
[17.884s] [ 56%] [32mBuilding CXX object CMakeFiles/actionlib_msgs__rosidl_typesupport_fastrtps_cpp.dir/rosidl_typesupport_fastrtps_cpp/actionlib_msgs/msg/detail/dds_fastrtps/goal_status_array__type_support.cpp.o[0m
[17.895s] [ 58%] [32mBuilding CXX object CMakeFiles/actionlib_msgs__rosidl_typesupport_cpp.dir/rosidl_typesupport_cpp/actionlib_msgs/msg/goal_status_array__type_support.cpp.o[0m
[17.898s] [ 60%] [32mBuilding CXX object CMakeFiles/actionlib_msgs__rosidl_typesupport_fastrtps_cpp.dir/rosidl_typesupport_fastrtps_cpp/actionlib_msgs/msg/detail/dds_fastrtps/goal_id__type_support.cpp.o[0m
[17.913s] [ 66%] [32mBuilding CXX object CMakeFiles/actionlib_msgs__rosidl_typesupport_introspection_cpp.dir/rosidl_typesupport_introspection_cpp/actionlib_msgs/msg/detail/goal_id__type_support.cpp.o[0m
[17.914s] [ 66%] [32mBuilding CXX object CMakeFiles/actionlib_msgs__rosidl_typesupport_introspection_cpp.dir/rosidl_typesupport_introspection_cpp/actionlib_msgs/msg/detail/goal_status__type_support.cpp.o[0m
[17.914s] [ 66%] [32mBuilding CXX object CMakeFiles/actionlib_msgs__rosidl_typesupport_fastrtps_cpp.dir/rosidl_typesupport_fastrtps_cpp/actionlib_msgs/msg/detail/dds_fastrtps/goal_status__type_support.cpp.o[0m
[17.914s] [ 68%] [32mBuilding CXX object CMakeFiles/actionlib_msgs__rosidl_typesupport_introspection_cpp.dir/rosidl_typesupport_introspection_cpp/actionlib_msgs/msg/detail/goal_status_array__type_support.cpp.o[0m
[19.057s] [ 70%] [32m[1mLinking CXX shared library libactionlib_msgs__rosidl_typesupport_cpp.so[0m
[19.105s] [ 72%] [32m[1mLinking CXX shared library libactionlib_msgs__rosidl_typesupport_introspection_cpp.so[0m
[19.188s] [ 75%] [32m[1mLinking CXX shared library libactionlib_msgs__rosidl_typesupport_fastrtps_c.so[0m
[19.334s] [ 75%] Built target actionlib_msgs__rosidl_typesupport_cpp
[19.424s] [ 77%] [32m[1mLinking CXX shared library libactionlib_msgs__rosidl_typesupport_fastrtps_cpp.so[0m
[19.465s] [ 77%] Built target actionlib_msgs__rosidl_typesupport_fastrtps_c
[19.469s] [ 77%] Built target actionlib_msgs__rosidl_typesupport_introspection_cpp
[19.857s] [ 77%] Built target actionlib_msgs__rosidl_typesupport_fastrtps_cpp
[19.884s] [ 77%] Built target actionlib_msgs
[19.910s] [ 79%] [34m[1mGenerating Python code for ROS interfaces[0m
[21.342s] [ 79%] Built target actionlib_msgs__py
[21.377s] [ 85%] [32mBuilding C object CMakeFiles/actionlib_msgs__rosidl_generator_py.dir/rosidl_generator_py/actionlib_msgs/msg/_goal_status_s.c.o[0m
[21.377s] [ 85%] [32mBuilding C object CMakeFiles/actionlib_msgs__rosidl_generator_py.dir/rosidl_generator_py/actionlib_msgs/msg/_goal_status_array_s.c.o[0m
[21.378s] [ 85%] [32mBuilding C object CMakeFiles/actionlib_msgs__rosidl_generator_py.dir/rosidl_generator_py/actionlib_msgs/msg/_goal_id_s.c.o[0m
[21.575s] [ 87%] [32m[1mLinking C shared library rosidl_generator_py/actionlib_msgs/libactionlib_msgs__rosidl_generator_py.so[0m
[21.714s] [ 87%] Built target actionlib_msgs__rosidl_generator_py
[21.740s] [ 89%] [32mBuilding C object CMakeFiles/actionlib_msgs__rosidl_typesupport_fastrtps_c__pyext.dir/rosidl_generator_py/actionlib_msgs/_actionlib_msgs_s.ep.rosidl_typesupport_fastrtps_c.c.o[0m
[21.741s] [ 91%] [32mBuilding C object CMakeFiles/actionlib_msgs__rosidl_typesupport_c__pyext.dir/rosidl_generator_py/actionlib_msgs/_actionlib_msgs_s.ep.rosidl_typesupport_c.c.o[0m
[21.742s] [ 93%] [32mBuilding C object CMakeFiles/actionlib_msgs__rosidl_typesupport_introspection_c__pyext.dir/rosidl_generator_py/actionlib_msgs/_actionlib_msgs_s.ep.rosidl_typesupport_introspection_c.c.o[0m
[21.883s] [ 95%] [32m[1mLinking C shared library rosidl_generator_py/actionlib_msgs/actionlib_msgs_s__rosidl_typesupport_c.cpython-310-x86_64-linux-gnu.so[0m
[21.889s] [ 97%] [32m[1mLinking C shared library rosidl_generator_py/actionlib_msgs/actionlib_msgs_s__rosidl_typesupport_fastrtps_c.cpython-310-x86_64-linux-gnu.so[0m
[21.920s] [100%] [32m[1mLinking C shared library rosidl_generator_py/actionlib_msgs/actionlib_msgs_s__rosidl_typesupport_introspection_c.cpython-310-x86_64-linux-gnu.so[0m
[22.047s] [100%] Built target actionlib_msgs__rosidl_typesupport_fastrtps_c__pyext
[22.047s] [100%] Built target actionlib_msgs__rosidl_typesupport_c__pyext
[22.155s] [100%] Built target actionlib_msgs__rosidl_typesupport_introspection_c__pyext
[22.182s] Invoked command in '/home/hiro/rust_ws/build/actionlib_msgs' returned '0': AMENT_PREFIX_PATH=/home/hiro/rust_ws/install/rosidl_runtime_rs:/home/hiro/rust_ws/install/common_interfaces:/home/hiro/rust_ws/install/visualization_msgs:/home/hiro/rust_ws/install/test_msgs:/home/hiro/rust_ws/install/examples_rclrs_minimal_client_service:/home/hiro/rust_ws/install/example_interfaces:/home/hiro/rust_ws/install/action_msgs:/home/hiro/rust_ws/install/unique_identifier_msgs:/home/hiro/rust_ws/install/trajectory_msgs:/home/hiro/rust_ws/install/test_interface_files:/home/hiro/rust_ws/install/stereo_msgs:/home/hiro/rust_ws/install/std_srvs:/home/hiro/rust_ws/install/shape_msgs:/home/hiro/rust_ws/install/sensor_msgs_py:/home/hiro/rust_ws/install/sensor_msgs:/home/hiro/rust_ws/install/rust_pubsub:/home/hiro/rust_ws/install/nav_msgs:/home/hiro/rust_ws/install/diagnostic_msgs:/home/hiro/rust_ws/install/geometry_msgs:/home/hiro/rust_ws/install/examples_rclrs_minimal_pub_sub:/home/hiro/rust_ws/install/actionlib_msgs:/home/hiro/rust_ws/install/std_msgs:/home/hiro/rust_ws/install/statistics_msgs:/home/hiro/rust_ws/install/examples_rclrs_message_demo:/home/hiro/rust_ws/install/rclrs:/home/hiro/rust_ws/install/rosgraph_msgs:/home/hiro/rust_ws/install/rclrs_example_msgs:/home/hiro/rust_ws/install/composition_interfaces:/home/hiro/rust_ws/install/rcl_interfaces:/home/hiro/rust_ws/install/lifecycle_msgs:/home/hiro/rust_ws/install/builtin_interfaces:/home/hiro/rust_ws/install/rosidl_default_runtime:/home/hiro/rust_ws/install/rosidl_default_generators:/home/hiro/rust_ws/install/rosidl_generator_rs:/home/hiro/ws_livox/install/livox_ros_driver2:/opt/ros/humble CMAKE_PREFIX_PATH=/home/hiro/rust_ws/install/std_msgs:/home/hiro/rust_ws/install/builtin_interfaces:/home/hiro/rust_ws/install/rosidl_default_runtime:/home/hiro/rust_ws/install/rosidl_default_generators:/home/hiro/rust_ws/install/rosidl_generator_rs:/home/hiro/rust_ws/install/common_interfaces:/home/hiro/rust_ws/install/visualization_msgs:/home/hiro/rust_ws/install/test_msgs:/home/hiro/rust_ws/install/example_interfaces:/home/hiro/rust_ws/install/action_msgs:/home/hiro/rust_ws/install/unique_identifier_msgs:/home/hiro/rust_ws/install/trajectory_msgs:/home/hiro/rust_ws/install/test_interface_files:/home/hiro/rust_ws/install/stereo_msgs:/home/hiro/rust_ws/install/std_srvs:/home/hiro/rust_ws/install/shape_msgs:/home/hiro/rust_ws/install/sensor_msgs:/home/hiro/rust_ws/install/nav_msgs:/home/hiro/rust_ws/install/diagnostic_msgs:/home/hiro/rust_ws/install/geometry_msgs:/home/hiro/rust_ws/install/actionlib_msgs:/home/hiro/rust_ws/install/statistics_msgs:/home/hiro/rust_ws/install/rosgraph_msgs:/home/hiro/rust_ws/install/rclrs_example_msgs:/home/hiro/rust_ws/install/composition_interfaces:/home/hiro/rust_ws/install/rcl_interfaces:/home/hiro/rust_ws/install/lifecycle_msgs:/home/hiro/ws_livox/install/livox_ros_driver2:/home/hiro/rust_ws/install/examples_rclrs_minimal_client_service:/home/hiro/rust_ws/install/sensor_msgs_py:/home/hiro/rust_ws/install/rust_pubsub:/home/hiro/rust_ws/install/examples_rclrs_minimal_pub_sub:/home/hiro/rust_ws/install/examples_rclrs_message_demo:/home/hiro/rust_ws/install/rclrs:/home/hiro/rust_ws/install/rosidl_runtime_rs:/opt/ros/humble LD_LIBRARY_PATH=/home/hiro/rust_ws/install/std_msgs/lib:/home/hiro/rust_ws/install/builtin_interfaces/lib:/home/hiro/rust_ws/install/visualization_msgs/lib:/home/hiro/rust_ws/install/test_msgs/lib:/home/hiro/rust_ws/install/example_interfaces/lib:/home/hiro/rust_ws/install/action_msgs/lib:/home/hiro/rust_ws/install/unique_identifier_msgs/lib:/home/hiro/rust_ws/install/trajectory_msgs/lib:/home/hiro/rust_ws/install/stereo_msgs/lib:/home/hiro/rust_ws/install/std_srvs/lib:/home/hiro/rust_ws/install/shape_msgs/lib:/home/hiro/rust_ws/install/sensor_msgs/lib:/home/hiro/rust_ws/install/nav_msgs/lib:/home/hiro/rust_ws/install/diagnostic_msgs/lib:/home/hiro/rust_ws/install/geometry_msgs/lib:/home/hiro/rust_ws/install/actionlib_msgs/lib:/home/hiro/rust_ws/install/statistics_msgs/lib:/home/hiro/rust_ws/install/rosgraph_msgs/lib:/home/hiro/rust_ws/install/rclrs_example_msgs/lib:/home/hiro/rust_ws/install/composition_interfaces/lib:/home/hiro/rust_ws/install/rcl_interfaces/lib:/home/hiro/rust_ws/install/lifecycle_msgs/lib:/home/hiro/ws_livox/install/livox_ros_driver2/lib:/opt/ros/humble/opt/rviz_ogre_vendor/lib:/opt/ros/humble/lib/x86_64-linux-gnu:/opt/ros/humble/lib /usr/bin/cmake --build /home/hiro/rust_ws/build/actionlib_msgs -- -j22 -l22
[22.633s] Invoking command in '/home/hiro/rust_ws/build/actionlib_msgs': AMENT_PREFIX_PATH=/home/hiro/rust_ws/install/rosidl_runtime_rs:/home/hiro/rust_ws/install/common_interfaces:/home/hiro/rust_ws/install/visualization_msgs:/home/hiro/rust_ws/install/test_msgs:/home/hiro/rust_ws/install/examples_rclrs_minimal_client_service:/home/hiro/rust_ws/install/example_interfaces:/home/hiro/rust_ws/install/action_msgs:/home/hiro/rust_ws/install/unique_identifier_msgs:/home/hiro/rust_ws/install/trajectory_msgs:/home/hiro/rust_ws/install/test_interface_files:/home/hiro/rust_ws/install/stereo_msgs:/home/hiro/rust_ws/install/std_srvs:/home/hiro/rust_ws/install/shape_msgs:/home/hiro/rust_ws/install/sensor_msgs_py:/home/hiro/rust_ws/install/sensor_msgs:/home/hiro/rust_ws/install/rust_pubsub:/home/hiro/rust_ws/install/nav_msgs:/home/hiro/rust_ws/install/diagnostic_msgs:/home/hiro/rust_ws/install/geometry_msgs:/home/hiro/rust_ws/install/examples_rclrs_minimal_pub_sub:/home/hiro/rust_ws/install/actionlib_msgs:/home/hiro/rust_ws/install/std_msgs:/home/hiro/rust_ws/install/statistics_msgs:/home/hiro/rust_ws/install/examples_rclrs_message_demo:/home/hiro/rust_ws/install/rclrs:/home/hiro/rust_ws/install/rosgraph_msgs:/home/hiro/rust_ws/install/rclrs_example_msgs:/home/hiro/rust_ws/install/composition_interfaces:/home/hiro/rust_ws/install/rcl_interfaces:/home/hiro/rust_ws/install/lifecycle_msgs:/home/hiro/rust_ws/install/builtin_interfaces:/home/hiro/rust_ws/install/rosidl_default_runtime:/home/hiro/rust_ws/install/rosidl_default_generators:/home/hiro/rust_ws/install/rosidl_generator_rs:/home/hiro/ws_livox/install/livox_ros_driver2:/opt/ros/humble CMAKE_PREFIX_PATH=/home/hiro/rust_ws/install/std_msgs:/home/hiro/rust_ws/install/builtin_interfaces:/home/hiro/rust_ws/install/rosidl_default_runtime:/home/hiro/rust_ws/install/rosidl_default_generators:/home/hiro/rust_ws/install/rosidl_generator_rs:/home/hiro/rust_ws/install/common_interfaces:/home/hiro/rust_ws/install/visualization_msgs:/home/hiro/rust_ws/install/test_msgs:/home/hiro/rust_ws/install/example_interfaces:/home/hiro/rust_ws/install/action_msgs:/home/hiro/rust_ws/install/unique_identifier_msgs:/home/hiro/rust_ws/install/trajectory_msgs:/home/hiro/rust_ws/install/test_interface_files:/home/hiro/rust_ws/install/stereo_msgs:/home/hiro/rust_ws/install/std_srvs:/home/hiro/rust_ws/install/shape_msgs:/home/hiro/rust_ws/install/sensor_msgs:/home/hiro/rust_ws/install/nav_msgs:/home/hiro/rust_ws/install/diagnostic_msgs:/home/hiro/rust_ws/install/geometry_msgs:/home/hiro/rust_ws/install/actionlib_msgs:/home/hiro/rust_ws/install/statistics_msgs:/home/hiro/rust_ws/install/rosgraph_msgs:/home/hiro/rust_ws/install/rclrs_example_msgs:/home/hiro/rust_ws/install/composition_interfaces:/home/hiro/rust_ws/install/rcl_interfaces:/home/hiro/rust_ws/install/lifecycle_msgs:/home/hiro/ws_livox/install/livox_ros_driver2:/home/hiro/rust_ws/install/examples_rclrs_minimal_client_service:/home/hiro/rust_ws/install/sensor_msgs_py:/home/hiro/rust_ws/install/rust_pubsub:/home/hiro/rust_ws/install/examples_rclrs_minimal_pub_sub:/home/hiro/rust_ws/install/examples_rclrs_message_demo:/home/hiro/rust_ws/install/rclrs:/home/hiro/rust_ws/install/rosidl_runtime_rs:/opt/ros/humble LD_LIBRARY_PATH=/home/hiro/rust_ws/install/std_msgs/lib:/home/hiro/rust_ws/install/builtin_interfaces/lib:/home/hiro/rust_ws/install/visualization_msgs/lib:/home/hiro/rust_ws/install/test_msgs/lib:/home/hiro/rust_ws/install/example_interfaces/lib:/home/hiro/rust_ws/install/action_msgs/lib:/home/hiro/rust_ws/install/unique_identifier_msgs/lib:/home/hiro/rust_ws/install/trajectory_msgs/lib:/home/hiro/rust_ws/install/stereo_msgs/lib:/home/hiro/rust_ws/install/std_srvs/lib:/home/hiro/rust_ws/install/shape_msgs/lib:/home/hiro/rust_ws/install/sensor_msgs/lib:/home/hiro/rust_ws/install/nav_msgs/lib:/home/hiro/rust_ws/install/diagnostic_msgs/lib:/home/hiro/rust_ws/install/geometry_msgs/lib:/home/hiro/rust_ws/install/actionlib_msgs/lib:/home/hiro/rust_ws/install/statistics_msgs/lib:/home/hiro/rust_ws/install/rosgraph_msgs/lib:/home/hiro/rust_ws/install/rclrs_example_msgs/lib:/home/hiro/rust_ws/install/composition_interfaces/lib:/home/hiro/rust_ws/install/rcl_interfaces/lib:/home/hiro/rust_ws/install/lifecycle_msgs/lib:/home/hiro/ws_livox/install/livox_ros_driver2/lib:/opt/ros/humble/opt/rviz_ogre_vendor/lib:/opt/ros/humble/lib/x86_64-linux-gnu:/opt/ros/humble/lib /usr/bin/cmake --install /home/hiro/rust_ws/build/actionlib_msgs
[22.683s] -- Install configuration: ""
[22.684s] -- Installing: /home/hiro/rust_ws/install/actionlib_msgs/share/ament_index/resource_index/rosidl_interfaces/actionlib_msgs
[22.684s] -- Installing: /home/hiro/rust_ws/install/actionlib_msgs/include/actionlib_msgs/actionlib_msgs
[22.685s] -- Installing: /home/hiro/rust_ws/install/actionlib_msgs/include/actionlib_msgs/actionlib_msgs/msg
[22.685s] -- Installing: /home/hiro/rust_ws/install/actionlib_msgs/include/actionlib_msgs/actionlib_msgs/msg/goal_id.h
[22.685s] -- Installing: /home/hiro/rust_ws/install/actionlib_msgs/include/actionlib_msgs/actionlib_msgs/msg/rosidl_generator_c__visibility_control.h
[22.686s] -- Installing: /home/hiro/rust_ws/install/actionlib_msgs/include/actionlib_msgs/actionlib_msgs/msg/detail
[22.686s] -- Installing: /home/hiro/rust_ws/install/actionlib_msgs/include/actionlib_msgs/actionlib_msgs/msg/detail/goal_status_array__functions.c
[22.686s] -- Installing: /home/hiro/rust_ws/install/actionlib_msgs/include/actionlib_msgs/actionlib_msgs/msg/detail/goal_id__struct.h
[22.686s] -- Installing: /home/hiro/rust_ws/install/actionlib_msgs/include/actionlib_msgs/actionlib_msgs/msg/detail/goal_status__struct.h
[22.686s] -- Installing: /home/hiro/rust_ws/install/actionlib_msgs/include/actionlib_msgs/actionlib_msgs/msg/detail/goal_status__type_support.h
[22.686s] -- Installing: /home/hiro/rust_ws/install/actionlib_msgs/include/actionlib_msgs/actionlib_msgs/msg/detail/goal_status__functions.h
[22.686s] -- Installing: /home/hiro/rust_ws/install/actionlib_msgs/include/actionlib_msgs/actionlib_msgs/msg/detail/goal_status_array__type_support.h
[22.686s] -- Installing: /home/hiro/rust_ws/install/actionlib_msgs/include/actionlib_msgs/actionlib_msgs/msg/detail/goal_status_array__struct.h
[22.687s] -- Installing: /home/hiro/rust_ws/install/actionlib_msgs/include/actionlib_msgs/actionlib_msgs/msg/detail/goal_status__functions.c
[22.687s] -- Installing: /home/hiro/rust_ws/install/actionlib_msgs/include/actionlib_msgs/actionlib_msgs/msg/detail/goal_status_array__functions.h
[22.687s] -- Installing: /home/hiro/rust_ws/install/actionlib_msgs/include/actionlib_msgs/actionlib_msgs/msg/detail/goal_id__type_support.h
[22.687s] -- Installing: /home/hiro/rust_ws/install/actionlib_msgs/include/actionlib_msgs/actionlib_msgs/msg/detail/goal_id__functions.c
[22.687s] -- Installing: /home/hiro/rust_ws/install/actionlib_msgs/include/actionlib_msgs/actionlib_msgs/msg/detail/goal_id__functions.h
[22.687s] -- Installing: /home/hiro/rust_ws/install/actionlib_msgs/include/actionlib_msgs/actionlib_msgs/msg/goal_status_array.h
[22.687s] -- Installing: /home/hiro/rust_ws/install/actionlib_msgs/include/actionlib_msgs/actionlib_msgs/msg/goal_status.h
[22.688s] -- Installing: /home/hiro/rust_ws/install/actionlib_msgs/share/actionlib_msgs/environment/library_path.sh
[22.688s] -- Installing: /home/hiro/rust_ws/install/actionlib_msgs/share/actionlib_msgs/environment/library_path.dsv
[22.688s] -- Installing: /home/hiro/rust_ws/install/actionlib_msgs/lib/libactionlib_msgs__rosidl_generator_c.so
[22.688s] -- Set runtime path of "/home/hiro/rust_ws/install/actionlib_msgs/lib/libactionlib_msgs__rosidl_generator_c.so" to ""
[22.688s] -- Up-to-date: /home/hiro/rust_ws/install/actionlib_msgs/include/actionlib_msgs/actionlib_msgs
[22.688s] -- Up-to-date: /home/hiro/rust_ws/install/actionlib_msgs/include/actionlib_msgs/actionlib_msgs/msg
[22.688s] -- Up-to-date: /home/hiro/rust_ws/install/actionlib_msgs/include/actionlib_msgs/actionlib_msgs/msg/detail
[22.688s] -- Installing: /home/hiro/rust_ws/install/actionlib_msgs/include/actionlib_msgs/actionlib_msgs/msg/detail/goal_status__rosidl_typesupport_fastrtps_c.h
[22.689s] -- Installing: /home/hiro/rust_ws/install/actionlib_msgs/include/actionlib_msgs/actionlib_msgs/msg/detail/goal_id__rosidl_typesupport_fastrtps_c.h
[22.689s] -- Installing: /home/hiro/rust_ws/install/actionlib_msgs/include/actionlib_msgs/actionlib_msgs/msg/detail/goal_status_array__rosidl_typesupport_fastrtps_c.h
[22.689s] -- Installing: /home/hiro/rust_ws/install/actionlib_msgs/include/actionlib_msgs/actionlib_msgs/msg/rosidl_typesupport_fastrtps_c__visibility_control.h
[22.689s] -- Installing: /home/hiro/rust_ws/install/actionlib_msgs/lib/libactionlib_msgs__rosidl_typesupport_fastrtps_c.so
[22.689s] -- Set runtime path of "/home/hiro/rust_ws/install/actionlib_msgs/lib/libactionlib_msgs__rosidl_typesupport_fastrtps_c.so" to ""
[22.689s] -- Up-to-date: /home/hiro/rust_ws/install/actionlib_msgs/include/actionlib_msgs/actionlib_msgs
[22.690s] -- Up-to-date: /home/hiro/rust_ws/install/actionlib_msgs/include/actionlib_msgs/actionlib_msgs/msg
[22.690s] -- Installing: /home/hiro/rust_ws/install/actionlib_msgs/include/actionlib_msgs/actionlib_msgs/msg/goal_status.hpp
[22.690s] -- Installing: /home/hiro/rust_ws/install/actionlib_msgs/include/actionlib_msgs/actionlib_msgs/msg/goal_id.hpp
[22.690s] -- Up-to-date: /home/hiro/rust_ws/install/actionlib_msgs/include/actionlib_msgs/actionlib_msgs/msg/detail
[22.690s] -- Installing: /home/hiro/rust_ws/install/actionlib_msgs/include/actionlib_msgs/actionlib_msgs/msg/detail/goal_id__builder.hpp
[22.690s] -- Installing: /home/hiro/rust_ws/install/actionlib_msgs/include/actionlib_msgs/actionlib_msgs/msg/detail/goal_status__traits.hpp
[22.690s] -- Installing: /home/hiro/rust_ws/install/actionlib_msgs/include/actionlib_msgs/actionlib_msgs/msg/detail/goal_status__struct.hpp
[22.691s] -- Installing: /home/hiro/rust_ws/install/actionlib_msgs/include/actionlib_msgs/actionlib_msgs/msg/detail/goal_status__builder.hpp
[22.691s] -- Installing: /home/hiro/rust_ws/install/actionlib_msgs/include/actionlib_msgs/actionlib_msgs/msg/detail/goal_id__traits.hpp
[22.691s] -- Installing: /home/hiro/rust_ws/install/actionlib_msgs/include/actionlib_msgs/actionlib_msgs/msg/detail/goal_status_array__struct.hpp
[22.691s] -- Installing: /home/hiro/rust_ws/install/actionlib_msgs/include/actionlib_msgs/actionlib_msgs/msg/detail/goal_id__struct.hpp
[22.691s] -- Installing: /home/hiro/rust_ws/install/actionlib_msgs/include/actionlib_msgs/actionlib_msgs/msg/detail/goal_status_array__builder.hpp
[22.691s] -- Installing: /home/hiro/rust_ws/install/actionlib_msgs/include/actionlib_msgs/actionlib_msgs/msg/detail/goal_status_array__traits.hpp
[22.691s] -- Installing: /home/hiro/rust_ws/install/actionlib_msgs/include/actionlib_msgs/actionlib_msgs/msg/goal_status_array.hpp
[22.691s] -- Up-to-date: /home/hiro/rust_ws/install/actionlib_msgs/include/actionlib_msgs/actionlib_msgs
[22.691s] -- Up-to-date: /home/hiro/rust_ws/install/actionlib_msgs/include/actionlib_msgs/actionlib_msgs/msg
[22.692s] -- Installing: /home/hiro/rust_ws/install/actionlib_msgs/include/actionlib_msgs/actionlib_msgs/msg/rosidl_typesupport_fastrtps_cpp__visibility_control.h
[22.692s] -- Up-to-date: /home/hiro/rust_ws/install/actionlib_msgs/include/actionlib_msgs/actionlib_msgs/msg/detail
[22.692s] -- Installing: /home/hiro/rust_ws/install/actionlib_msgs/include/actionlib_msgs/actionlib_msgs/msg/detail/goal_status__rosidl_typesupport_fastrtps_cpp.hpp
[22.692s] -- Installing: /home/hiro/rust_ws/install/actionlib_msgs/include/actionlib_msgs/actionlib_msgs/msg/detail/dds_fastrtps
[22.699s] -- Installing: /home/hiro/rust_ws/install/actionlib_msgs/include/actionlib_msgs/actionlib_msgs/msg/detail/goal_status_array__rosidl_typesupport_fastrtps_cpp.hpp
[22.705s] -- Installing: /home/hiro/rust_ws/install/actionlib_msgs/include/actionlib_msgs/actionlib_msgs/msg/detail/goal_id__rosidl_typesupport_fastrtps_cpp.hpp
[22.705s] -- Installing: /home/hiro/rust_ws/install/actionlib_msgs/lib/libactionlib_msgs__rosidl_typesupport_fastrtps_cpp.so
[22.705s] -- Set runtime path of "/home/hiro/rust_ws/install/actionlib_msgs/lib/libactionlib_msgs__rosidl_typesupport_fastrtps_cpp.so" to ""
[22.705s] -- Up-to-date: /home/hiro/rust_ws/install/actionlib_msgs/include/actionlib_msgs/actionlib_msgs
[22.706s] -- Up-to-date: /home/hiro/rust_ws/install/actionlib_msgs/include/actionlib_msgs/actionlib_msgs/msg
[22.706s] -- Installing: /home/hiro/rust_ws/install/actionlib_msgs/include/actionlib_msgs/actionlib_msgs/msg/rosidl_typesupport_introspection_c__visibility_control.h
[22.706s] -- Up-to-date: /home/hiro/rust_ws/install/actionlib_msgs/include/actionlib_msgs/actionlib_msgs/msg/detail
[22.706s] -- Installing: /home/hiro/rust_ws/install/actionlib_msgs/include/actionlib_msgs/actionlib_msgs/msg/detail/goal_id__type_support.c
[22.706s] -- Installing: /home/hiro/rust_ws/install/actionlib_msgs/include/actionlib_msgs/actionlib_msgs/msg/detail/goal_status_array__type_support.c
[22.706s] -- Installing: /home/hiro/rust_ws/install/actionlib_msgs/include/actionlib_msgs/actionlib_msgs/msg/detail/goal_id__rosidl_typesupport_introspection_c.h
[22.706s] -- Installing: /home/hiro/rust_ws/install/actionlib_msgs/include/actionlib_msgs/actionlib_msgs/msg/detail/goal_status__type_support.c
[22.706s] -- Installing: /home/hiro/rust_ws/install/actionlib_msgs/include/actionlib_msgs/actionlib_msgs/msg/detail/goal_status__rosidl_typesupport_introspection_c.h
[22.706s] -- Installing: /home/hiro/rust_ws/install/actionlib_msgs/include/actionlib_msgs/actionlib_msgs/msg/detail/goal_status_array__rosidl_typesupport_introspection_c.h
[22.706s] -- Installing: /home/hiro/rust_ws/install/actionlib_msgs/lib/libactionlib_msgs__rosidl_typesupport_introspection_c.so
[22.706s] -- Set runtime path of "/home/hiro/rust_ws/install/actionlib_msgs/lib/libactionlib_msgs__rosidl_typesupport_introspection_c.so" to ""
[22.706s] -- Installing: /home/hiro/rust_ws/install/actionlib_msgs/lib/libactionlib_msgs__rosidl_typesupport_c.so
[22.706s] -- Set runtime path of "/home/hiro/rust_ws/install/actionlib_msgs/lib/libactionlib_msgs__rosidl_typesupport_c.so" to ""
[22.707s] -- Up-to-date: /home/hiro/rust_ws/install/actionlib_msgs/include/actionlib_msgs/actionlib_msgs
[22.707s] -- Up-to-date: /home/hiro/rust_ws/install/actionlib_msgs/include/actionlib_msgs/actionlib_msgs/msg
[22.707s] -- Up-to-date: /home/hiro/rust_ws/install/actionlib_msgs/include/actionlib_msgs/actionlib_msgs/msg/detail
[22.707s] -- Installing: /home/hiro/rust_ws/install/actionlib_msgs/include/actionlib_msgs/actionlib_msgs/msg/detail/goal_status__type_support.cpp
[22.707s] -- Installing: /home/hiro/rust_ws/install/actionlib_msgs/include/actionlib_msgs/actionlib_msgs/msg/detail/goal_id__rosidl_typesupport_introspection_cpp.hpp
[22.707s] -- Installing: /home/hiro/rust_ws/install/actionlib_msgs/include/actionlib_msgs/actionlib_msgs/msg/detail/goal_status__rosidl_typesupport_introspection_cpp.hpp
[22.707s] -- Installing: /home/hiro/rust_ws/install/actionlib_msgs/include/actionlib_msgs/actionlib_msgs/msg/detail/goal_id__type_support.cpp
[22.707s] -- Installing: /home/hiro/rust_ws/install/actionlib_msgs/include/actionlib_msgs/actionlib_msgs/msg/detail/goal_status_array__type_support.cpp
[22.707s] -- Installing: /home/hiro/rust_ws/install/actionlib_msgs/include/actionlib_msgs/actionlib_msgs/msg/detail/goal_status_array__rosidl_typesupport_introspection_cpp.hpp
[22.707s] -- Installing: /home/hiro/rust_ws/install/actionlib_msgs/lib/libactionlib_msgs__rosidl_typesupport_introspection_cpp.so
[22.707s] -- Set runtime path of "/home/hiro/rust_ws/install/actionlib_msgs/lib/libactionlib_msgs__rosidl_typesupport_introspection_cpp.so" to ""
[22.707s] -- Installing: /home/hiro/rust_ws/install/actionlib_msgs/lib/libactionlib_msgs__rosidl_typesupport_cpp.so
[22.707s] -- Set runtime path of "/home/hiro/rust_ws/install/actionlib_msgs/lib/libactionlib_msgs__rosidl_typesupport_cpp.so" to ""
[22.708s] -- Installing: /home/hiro/rust_ws/install/actionlib_msgs/share/ament_index/resource_index/rust_packages/actionlib_msgs
[22.708s] -- Installing: /home/hiro/rust_ws/install/actionlib_msgs/share/actionlib_msgs/rust
[22.708s] -- Installing: /home/hiro/rust_ws/install/actionlib_msgs/share/actionlib_msgs/rust/Cargo.toml
[22.708s] -- Installing: /home/hiro/rust_ws/install/actionlib_msgs/share/actionlib_msgs/rust/build.rs
[22.708s] -- Installing: /home/hiro/rust_ws/install/actionlib_msgs/share/actionlib_msgs/rust/src
[22.708s] -- Installing: /home/hiro/rust_ws/install/actionlib_msgs/share/actionlib_msgs/rust/src/msg.rs
[22.708s] -- Installing: /home/hiro/rust_ws/install/actionlib_msgs/share/actionlib_msgs/rust/src/lib.rs
[22.708s] -- Installing: /home/hiro/rust_ws/install/actionlib_msgs/share/actionlib_msgs/environment/pythonpath.sh
[22.711s] -- Installing: /home/hiro/rust_ws/install/actionlib_msgs/share/actionlib_msgs/environment/pythonpath.dsv
[22.711s] -- Installing: /home/hiro/rust_ws/install/actionlib_msgs/local/lib/python3.10/dist-packages/actionlib_msgs-4.2.4-py3.10.egg-info
[22.711s] -- Installing: /home/hiro/rust_ws/install/actionlib_msgs/local/lib/python3.10/dist-packages/actionlib_msgs-4.2.4-py3.10.egg-info/top_level.txt
[22.712s] -- Installing: /home/hiro/rust_ws/install/actionlib_msgs/local/lib/python3.10/dist-packages/actionlib_msgs-4.2.4-py3.10.egg-info/PKG-INFO
[22.712s] -- Installing: /home/hiro/rust_ws/install/actionlib_msgs/local/lib/python3.10/dist-packages/actionlib_msgs-4.2.4-py3.10.egg-info/SOURCES.txt
[22.712s] -- Installing: /home/hiro/rust_ws/install/actionlib_msgs/local/lib/python3.10/dist-packages/actionlib_msgs-4.2.4-py3.10.egg-info/dependency_links.txt
[22.712s] -- Installing: /home/hiro/rust_ws/install/actionlib_msgs/local/lib/python3.10/dist-packages/actionlib_msgs
[22.712s] -- Installing: /home/hiro/rust_ws/install/actionlib_msgs/local/lib/python3.10/dist-packages/actionlib_msgs/actionlib_msgs_s__rosidl_typesupport_fastrtps_c.cpython-310-x86_64-linux-gnu.so
[22.713s] -- Installing: /home/hiro/rust_ws/install/actionlib_msgs/local/lib/python3.10/dist-packages/actionlib_msgs/_actionlib_msgs_s.ep.rosidl_typesupport_introspection_c.c
[22.713s] -- Installing: /home/hiro/rust_ws/install/actionlib_msgs/local/lib/python3.10/dist-packages/actionlib_msgs/_actionlib_msgs_s.ep.rosidl_typesupport_c.c
[22.713s] -- Installing: /home/hiro/rust_ws/install/actionlib_msgs/local/lib/python3.10/dist-packages/actionlib_msgs/_actionlib_msgs_s.ep.rosidl_typesupport_fastrtps_c.c
[22.713s] -- Installing: /home/hiro/rust_ws/install/actionlib_msgs/local/lib/python3.10/dist-packages/actionlib_msgs/actionlib_msgs_s__rosidl_typesupport_introspection_c.cpython-310-x86_64-linux-gnu.so
[22.713s] -- Installing: /home/hiro/rust_ws/install/actionlib_msgs/local/lib/python3.10/dist-packages/actionlib_msgs/libactionlib_msgs__rosidl_generator_py.so
[22.713s] -- Installing: /home/hiro/rust_ws/install/actionlib_msgs/local/lib/python3.10/dist-packages/actionlib_msgs/__init__.py
[22.713s] -- Installing: /home/hiro/rust_ws/install/actionlib_msgs/local/lib/python3.10/dist-packages/actionlib_msgs/msg
[22.713s] -- Installing: /home/hiro/rust_ws/install/actionlib_msgs/local/lib/python3.10/dist-packages/actionlib_msgs/msg/_goal_id.py
[22.713s] -- Installing: /home/hiro/rust_ws/install/actionlib_msgs/local/lib/python3.10/dist-packages/actionlib_msgs/msg/_goal_status.py
[22.714s] -- Installing: /home/hiro/rust_ws/install/actionlib_msgs/local/lib/python3.10/dist-packages/actionlib_msgs/msg/_goal_id_s.c
[22.714s] -- Installing: /home/hiro/rust_ws/install/actionlib_msgs/local/lib/python3.10/dist-packages/actionlib_msgs/msg/__init__.py
[22.714s] -- Installing: /home/hiro/rust_ws/install/actionlib_msgs/local/lib/python3.10/dist-packages/actionlib_msgs/msg/_goal_status_s.c
[22.714s] -- Installing: /home/hiro/rust_ws/install/actionlib_msgs/local/lib/python3.10/dist-packages/actionlib_msgs/msg/_goal_status_array_s.c
[22.714s] -- Installing: /home/hiro/rust_ws/install/actionlib_msgs/local/lib/python3.10/dist-packages/actionlib_msgs/msg/_goal_status_array.py
[22.714s] -- Installing: /home/hiro/rust_ws/install/actionlib_msgs/local/lib/python3.10/dist-packages/actionlib_msgs/actionlib_msgs_s__rosidl_typesupport_c.cpython-310-x86_64-linux-gnu.so
[22.846s] Listing '/home/hiro/rust_ws/install/actionlib_msgs/local/lib/python3.10/dist-packages/actionlib_msgs'...
[22.846s] Compiling '/home/hiro/rust_ws/install/actionlib_msgs/local/lib/python3.10/dist-packages/actionlib_msgs/__init__.py'...
[22.846s] Listing '/home/hiro/rust_ws/install/actionlib_msgs/local/lib/python3.10/dist-packages/actionlib_msgs/msg'...
[22.846s] Compiling '/home/hiro/rust_ws/install/actionlib_msgs/local/lib/python3.10/dist-packages/actionlib_msgs/msg/__init__.py'...
[22.847s] Compiling '/home/hiro/rust_ws/install/actionlib_msgs/local/lib/python3.10/dist-packages/actionlib_msgs/msg/_goal_id.py'...
[22.848s] Compiling '/home/hiro/rust_ws/install/actionlib_msgs/local/lib/python3.10/dist-packages/actionlib_msgs/msg/_goal_status.py'...
[22.849s] Compiling '/home/hiro/rust_ws/install/actionlib_msgs/local/lib/python3.10/dist-packages/actionlib_msgs/msg/_goal_status_array.py'...
[22.862s] -- Installing: /home/hiro/rust_ws/install/actionlib_msgs/local/lib/python3.10/dist-packages/actionlib_msgs/actionlib_msgs_s__rosidl_typesupport_fastrtps_c.cpython-310-x86_64-linux-gnu.so
[22.863s] -- Set runtime path of "/home/hiro/rust_ws/install/actionlib_msgs/local/lib/python3.10/dist-packages/actionlib_msgs/actionlib_msgs_s__rosidl_typesupport_fastrtps_c.cpython-310-x86_64-linux-gnu.so" to ""
[22.864s] -- Installing: /home/hiro/rust_ws/install/actionlib_msgs/local/lib/python3.10/dist-packages/actionlib_msgs/actionlib_msgs_s__rosidl_typesupport_introspection_c.cpython-310-x86_64-linux-gnu.so
[22.865s] -- Set runtime path of "/home/hiro/rust_ws/install/actionlib_msgs/local/lib/python3.10/dist-packages/actionlib_msgs/actionlib_msgs_s__rosidl_typesupport_introspection_c.cpython-310-x86_64-linux-gnu.so" to ""
[22.865s] -- Installing: /home/hiro/rust_ws/install/actionlib_msgs/local/lib/python3.10/dist-packages/actionlib_msgs/actionlib_msgs_s__rosidl_typesupport_c.cpython-310-x86_64-linux-gnu.so
[22.865s] -- Set runtime path of "/home/hiro/rust_ws/install/actionlib_msgs/local/lib/python3.10/dist-packages/actionlib_msgs/actionlib_msgs_s__rosidl_typesupport_c.cpython-310-x86_64-linux-gnu.so" to ""
[22.865s] -- Installing: /home/hiro/rust_ws/install/actionlib_msgs/lib/libactionlib_msgs__rosidl_generator_py.so
[22.865s] -- Set runtime path of "/home/hiro/rust_ws/install/actionlib_msgs/lib/libactionlib_msgs__rosidl_generator_py.so" to ""
[22.865s] -- Installing: /home/hiro/rust_ws/install/actionlib_msgs/share/actionlib_msgs/msg/GoalID.idl
[22.866s] -- Installing: /home/hiro/rust_ws/install/actionlib_msgs/share/actionlib_msgs/msg/GoalStatus.idl
[22.866s] -- Installing: /home/hiro/rust_ws/install/actionlib_msgs/share/actionlib_msgs/msg/GoalStatusArray.idl
[22.866s] -- Installing: /home/hiro/rust_ws/install/actionlib_msgs/share/actionlib_msgs/msg/GoalID.msg
[22.869s] -- Installing: /home/hiro/rust_ws/install/actionlib_msgs/share/actionlib_msgs/msg/GoalStatus.msg
[22.869s] -- Installing: /home/hiro/rust_ws/install/actionlib_msgs/share/actionlib_msgs/msg/GoalStatusArray.msg
[22.870s] -- Installing: /home/hiro/rust_ws/install/actionlib_msgs/share/ament_index/resource_index/package_run_dependencies/actionlib_msgs
[22.870s] -- Installing: /home/hiro/rust_ws/install/actionlib_msgs/share/ament_index/resource_index/parent_prefix_path/actionlib_msgs
[22.870s] -- Installing: /home/hiro/rust_ws/install/actionlib_msgs/share/actionlib_msgs/environment/ament_prefix_path.sh
[22.870s] -- Installing: /home/hiro/rust_ws/install/actionlib_msgs/share/actionlib_msgs/environment/ament_prefix_path.dsv
[22.870s] -- Installing: /home/hiro/rust_ws/install/actionlib_msgs/share/actionlib_msgs/environment/path.sh
[22.870s] -- Installing: /home/hiro/rust_ws/install/actionlib_msgs/share/actionlib_msgs/environment/path.dsv
[22.870s] -- Installing: /home/hiro/rust_ws/install/actionlib_msgs/share/actionlib_msgs/local_setup.bash
[22.870s] -- Installing: /home/hiro/rust_ws/install/actionlib_msgs/share/actionlib_msgs/local_setup.sh
[22.871s] -- Installing: /home/hiro/rust_ws/install/actionlib_msgs/share/actionlib_msgs/local_setup.zsh
[22.872s] -- Installing: /home/hiro/rust_ws/install/actionlib_msgs/share/actionlib_msgs/local_setup.dsv
[22.872s] -- Installing: /home/hiro/rust_ws/install/actionlib_msgs/share/actionlib_msgs/package.dsv
[22.872s] -- Installing: /home/hiro/rust_ws/install/actionlib_msgs/share/ament_index/resource_index/packages/actionlib_msgs
[22.872s] -- Installing: /home/hiro/rust_ws/install/actionlib_msgs/share/actionlib_msgs/cmake/export_actionlib_msgs__rosidl_generator_cExport.cmake
[22.872s] -- Installing: /home/hiro/rust_ws/install/actionlib_msgs/share/actionlib_msgs/cmake/export_actionlib_msgs__rosidl_generator_cExport-noconfig.cmake
[22.875s] -- Installing: /home/hiro/rust_ws/install/actionlib_msgs/share/actionlib_msgs/cmake/export_actionlib_msgs__rosidl_typesupport_fastrtps_cExport.cmake
[22.875s] -- Installing: /home/hiro/rust_ws/install/actionlib_msgs/share/actionlib_msgs/cmake/export_actionlib_msgs__rosidl_typesupport_fastrtps_cExport-noconfig.cmake
[22.875s] -- Installing: /home/hiro/rust_ws/install/actionlib_msgs/share/actionlib_msgs/cmake/export_actionlib_msgs__rosidl_generator_cppExport.cmake
[22.877s] -- Installing: /home/hiro/rust_ws/install/actionlib_msgs/share/actionlib_msgs/cmake/export_actionlib_msgs__rosidl_typesupport_fastrtps_cppExport.cmake
[22.877s] -- Installing: /home/hiro/rust_ws/install/actionlib_msgs/share/actionlib_msgs/cmake/export_actionlib_msgs__rosidl_typesupport_fastrtps_cppExport-noconfig.cmake
[22.878s] -- Installing: /home/hiro/rust_ws/install/actionlib_msgs/share/actionlib_msgs/cmake/actionlib_msgs__rosidl_typesupport_introspection_cExport.cmake
[22.879s] -- Installing: /home/hiro/rust_ws/install/actionlib_msgs/share/actionlib_msgs/cmake/actionlib_msgs__rosidl_typesupport_introspection_cExport-noconfig.cmake
[22.880s] -- Installing: /home/hiro/rust_ws/install/actionlib_msgs/share/actionlib_msgs/cmake/actionlib_msgs__rosidl_typesupport_cExport.cmake
[22.880s] -- Installing: /home/hiro/rust_ws/install/actionlib_msgs/share/actionlib_msgs/cmake/actionlib_msgs__rosidl_typesupport_cExport-noconfig.cmake
[22.881s] -- Installing: /home/hiro/rust_ws/install/actionlib_msgs/share/actionlib_msgs/cmake/actionlib_msgs__rosidl_typesupport_introspection_cppExport.cmake
[22.881s] -- Installing: /home/hiro/rust_ws/install/actionlib_msgs/share/actionlib_msgs/cmake/actionlib_msgs__rosidl_typesupport_introspection_cppExport-noconfig.cmake
[22.881s] -- Installing: /home/hiro/rust_ws/install/actionlib_msgs/share/actionlib_msgs/cmake/actionlib_msgs__rosidl_typesupport_cppExport.cmake
[22.881s] -- Installing: /home/hiro/rust_ws/install/actionlib_msgs/share/actionlib_msgs/cmake/actionlib_msgs__rosidl_typesupport_cppExport-noconfig.cmake
[22.882s] -- Installing: /home/hiro/rust_ws/install/actionlib_msgs/share/actionlib_msgs/cmake/export_actionlib_msgs__rosidl_generator_pyExport.cmake
[22.883s] -- Installing: /home/hiro/rust_ws/install/actionlib_msgs/share/actionlib_msgs/cmake/export_actionlib_msgs__rosidl_generator_pyExport-noconfig.cmake
[22.883s] -- Installing: /home/hiro/rust_ws/install/actionlib_msgs/share/actionlib_msgs/cmake/rosidl_cmake-extras.cmake
[22.884s] -- Installing: /home/hiro/rust_ws/install/actionlib_msgs/share/actionlib_msgs/cmake/ament_cmake_export_dependencies-extras.cmake
[22.884s] -- Installing: /home/hiro/rust_ws/install/actionlib_msgs/share/actionlib_msgs/cmake/ament_cmake_export_include_directories-extras.cmake
[22.885s] -- Installing: /home/hiro/rust_ws/install/actionlib_msgs/share/actionlib_msgs/cmake/ament_cmake_export_libraries-extras.cmake
[22.885s] -- Installing: /home/hiro/rust_ws/install/actionlib_msgs/share/actionlib_msgs/cmake/ament_cmake_export_targets-extras.cmake
[22.886s] -- Installing: /home/hiro/rust_ws/install/actionlib_msgs/share/actionlib_msgs/cmake/rosidl_cmake_export_typesupport_targets-extras.cmake
[22.886s] -- Installing: /home/hiro/rust_ws/install/actionlib_msgs/share/actionlib_msgs/cmake/rosidl_cmake_export_typesupport_libraries-extras.cmake
[22.893s] -- Installing: /home/hiro/rust_ws/install/actionlib_msgs/share/actionlib_msgs/cmake/actionlib_msgsConfig.cmake
[22.893s] -- Installing: /home/hiro/rust_ws/install/actionlib_msgs/share/actionlib_msgs/cmake/actionlib_msgsConfig-version.cmake
[22.894s] -- Installing: /home/hiro/rust_ws/install/actionlib_msgs/share/actionlib_msgs/package.xml
[22.899s] Invoked command in '/home/hiro/rust_ws/build/actionlib_msgs' returned '0': AMENT_PREFIX_PATH=/home/hiro/rust_ws/install/rosidl_runtime_rs:/home/hiro/rust_ws/install/common_interfaces:/home/hiro/rust_ws/install/visualization_msgs:/home/hiro/rust_ws/install/test_msgs:/home/hiro/rust_ws/install/examples_rclrs_minimal_client_service:/home/hiro/rust_ws/install/example_interfaces:/home/hiro/rust_ws/install/action_msgs:/home/hiro/rust_ws/install/unique_identifier_msgs:/home/hiro/rust_ws/install/trajectory_msgs:/home/hiro/rust_ws/install/test_interface_files:/home/hiro/rust_ws/install/stereo_msgs:/home/hiro/rust_ws/install/std_srvs:/home/hiro/rust_ws/install/shape_msgs:/home/hiro/rust_ws/install/sensor_msgs_py:/home/hiro/rust_ws/install/sensor_msgs:/home/hiro/rust_ws/install/rust_pubsub:/home/hiro/rust_ws/install/nav_msgs:/home/hiro/rust_ws/install/diagnostic_msgs:/home/hiro/rust_ws/install/geometry_msgs:/home/hiro/rust_ws/install/examples_rclrs_minimal_pub_sub:/home/hiro/rust_ws/install/actionlib_msgs:/home/hiro/rust_ws/install/std_msgs:/home/hiro/rust_ws/install/statistics_msgs:/home/hiro/rust_ws/install/examples_rclrs_message_demo:/home/hiro/rust_ws/install/rclrs:/home/hiro/rust_ws/install/rosgraph_msgs:/home/hiro/rust_ws/install/rclrs_example_msgs:/home/hiro/rust_ws/install/composition_interfaces:/home/hiro/rust_ws/install/rcl_interfaces:/home/hiro/rust_ws/install/lifecycle_msgs:/home/hiro/rust_ws/install/builtin_interfaces:/home/hiro/rust_ws/install/rosidl_default_runtime:/home/hiro/rust_ws/install/rosidl_default_generators:/home/hiro/rust_ws/install/rosidl_generator_rs:/home/hiro/ws_livox/install/livox_ros_driver2:/opt/ros/humble CMAKE_PREFIX_PATH=/home/hiro/rust_ws/install/std_msgs:/home/hiro/rust_ws/install/builtin_interfaces:/home/hiro/rust_ws/install/rosidl_default_runtime:/home/hiro/rust_ws/install/rosidl_default_generators:/home/hiro/rust_ws/install/rosidl_generator_rs:/home/hiro/rust_ws/install/common_interfaces:/home/hiro/rust_ws/install/visualization_msgs:/home/hiro/rust_ws/install/test_msgs:/home/hiro/rust_ws/install/example_interfaces:/home/hiro/rust_ws/install/action_msgs:/home/hiro/rust_ws/install/unique_identifier_msgs:/home/hiro/rust_ws/install/trajectory_msgs:/home/hiro/rust_ws/install/test_interface_files:/home/hiro/rust_ws/install/stereo_msgs:/home/hiro/rust_ws/install/std_srvs:/home/hiro/rust_ws/install/shape_msgs:/home/hiro/rust_ws/install/sensor_msgs:/home/hiro/rust_ws/install/nav_msgs:/home/hiro/rust_ws/install/diagnostic_msgs:/home/hiro/rust_ws/install/geometry_msgs:/home/hiro/rust_ws/install/actionlib_msgs:/home/hiro/rust_ws/install/statistics_msgs:/home/hiro/rust_ws/install/rosgraph_msgs:/home/hiro/rust_ws/install/rclrs_example_msgs:/home/hiro/rust_ws/install/composition_interfaces:/home/hiro/rust_ws/install/rcl_interfaces:/home/hiro/rust_ws/install/lifecycle_msgs:/home/hiro/ws_livox/install/livox_ros_driver2:/home/hiro/rust_ws/install/examples_rclrs_minimal_client_service:/home/hiro/rust_ws/install/sensor_msgs_py:/home/hiro/rust_ws/install/rust_pubsub:/home/hiro/rust_ws/install/examples_rclrs_minimal_pub_sub:/home/hiro/rust_ws/install/examples_rclrs_message_demo:/home/hiro/rust_ws/install/rclrs:/home/hiro/rust_ws/install/rosidl_runtime_rs:/opt/ros/humble LD_LIBRARY_PATH=/home/hiro/rust_ws/install/std_msgs/lib:/home/hiro/rust_ws/install/builtin_interfaces/lib:/home/hiro/rust_ws/install/visualization_msgs/lib:/home/hiro/rust_ws/install/test_msgs/lib:/home/hiro/rust_ws/install/example_interfaces/lib:/home/hiro/rust_ws/install/action_msgs/lib:/home/hiro/rust_ws/install/unique_identifier_msgs/lib:/home/hiro/rust_ws/install/trajectory_msgs/lib:/home/hiro/rust_ws/install/stereo_msgs/lib:/home/hiro/rust_ws/install/std_srvs/lib:/home/hiro/rust_ws/install/shape_msgs/lib:/home/hiro/rust_ws/install/sensor_msgs/lib:/home/hiro/rust_ws/install/nav_msgs/lib:/home/hiro/rust_ws/install/diagnostic_msgs/lib:/home/hiro/rust_ws/install/geometry_msgs/lib:/home/hiro/rust_ws/install/actionlib_msgs/lib:/home/hiro/rust_ws/install/statistics_msgs/lib:/home/hiro/rust_ws/install/rosgraph_msgs/lib:/home/hiro/rust_ws/install/rclrs_example_msgs/lib:/home/hiro/rust_ws/install/composition_interfaces/lib:/home/hiro/rust_ws/install/rcl_interfaces/lib:/home/hiro/rust_ws/install/lifecycle_msgs/lib:/home/hiro/ws_livox/install/livox_ros_driver2/lib:/opt/ros/humble/opt/rviz_ogre_vendor/lib:/opt/ros/humble/lib/x86_64-linux-gnu:/opt/ros/humble/lib /usr/bin/cmake --install /home/hiro/rust_ws/build/actionlib_msgs
