[0.263s] Invoking command in '/home/hiro/rust_ws/src/build/shape_msgs': AMENT_PREFIX_PATH=/home/hiro/rust_ws/src/install/geometry_msgs:/home/hiro/rust_ws/src/install/std_msgs:/home/hiro/rust_ws/src/install/builtin_interfaces:/home/hiro/rust_ws/src/install/rosidl_default_runtime:/home/hiro/rust_ws/src/install/rosidl_default_generators:/home/hiro/rust_ws/src/install/rosidl_generator_rs:/home/hiro/rust_ws/src/install/rosidl_runtime_rs:${AMENT_PREFIX_PATH} CMAKE_PREFIX_PATH=/home/hiro/rust_ws/src/install/geometry_msgs:/home/hiro/rust_ws/src/install/std_msgs:/home/hiro/rust_ws/src/install/builtin_interfaces:/home/hiro/rust_ws/src/install/rosidl_default_runtime:/home/hiro/rust_ws/src/install/rosidl_default_generators:/home/hiro/rust_ws/src/install/rosidl_generator_rs:/home/hiro/ws_livox/install/livox_ros_driver2:/opt/ros/humble LD_LIBRARY_PATH=/home/hiro/rust_ws/src/install/geometry_msgs/lib:/home/hiro/rust_ws/src/install/std_msgs/lib:/home/hiro/rust_ws/src/install/builtin_interfaces/lib:${LD_LIBRARY_PATH} PYTHONPATH=/home/hiro/rust_ws/src/install/geometry_msgs/local/lib/python3.10/dist-packages:/home/hiro/rust_ws/src/install/std_msgs/local/lib/python3.10/dist-packages:/home/hiro/rust_ws/src/install/builtin_interfaces/local/lib/python3.10/dist-packages:/home/hiro/rust_ws/src/install/rosidl_generator_rs/local/lib/python3.10/dist-packages:${PYTHONPATH} /usr/bin/cmake /home/hiro/rust_ws/src/src/ros2/common_interfaces/shape_msgs -DCMAKE_INSTALL_PREFIX=/home/hiro/rust_ws/src/install/shape_msgs
[0.374s] -- The C compiler identification is GNU 11.4.0
[0.940s] -- The CXX compiler identification is GNU 11.4.0
[1.240s] -- Detecting C compiler ABI info
[1.354s] -- Detecting C compiler ABI info - done
[1.359s] -- Check for working C compiler: /usr/bin/cc - skipped
[1.360s] -- Detecting C compile features
[1.360s] -- Detecting C compile features - done
[1.363s] -- Detecting CXX compiler ABI info
[1.491s] -- Detecting CXX compiler ABI info - done
[1.499s] -- Check for working CXX compiler: /usr/bin/c++ - skipped
[1.500s] -- Detecting CXX compile features
[1.501s] -- Detecting CXX compile features - done
[1.502s] -- Found ament_cmake: 1.3.10 (/opt/ros/humble/share/ament_cmake/cmake)
[2.165s] -- Found Python3: /usr/bin/python3 (found version "3.10.12") found components: Interpreter 
[2.248s] -- Found geometry_msgs: 4.2.4 (/home/hiro/rust_ws/src/install/geometry_msgs/share/geometry_msgs/cmake)
[2.364s] -- Found rosidl_generator_c: 3.1.5 (/opt/ros/humble/share/rosidl_generator_c/cmake)
[2.367s] -- Found rosidl_adapter: 3.1.5 (/opt/ros/humble/share/rosidl_adapter/cmake)
[2.374s] -- Found rosidl_generator_cpp: 3.1.5 (/opt/ros/humble/share/rosidl_generator_cpp/cmake)
[2.384s] -- Using all available rosidl_typesupport_c: rosidl_typesupport_fastrtps_c;rosidl_typesupport_introspection_c
[2.396s] -- Using all available rosidl_typesupport_cpp: rosidl_typesupport_fastrtps_cpp;rosidl_typesupport_introspection_cpp
[2.441s] -- Found rosidl_default_generators: 1.2.0 (/home/hiro/rust_ws/src/install/rosidl_default_generators/share/rosidl_default_generators/cmake)
[2.762s] -- Found ament_cmake_cppcheck: 0.12.11 (/opt/ros/humble/share/ament_cmake_cppcheck/cmake)
[2.764s] -- Found ament_cmake_cpplint: 0.12.11 (/opt/ros/humble/share/ament_cmake_cpplint/cmake)
[2.765s] -- Found ament_cmake_uncrustify: 0.12.11 (/opt/ros/humble/share/ament_cmake_uncrustify/cmake)
[2.767s] -- Found ament_cmake_ros: 0.10.0 (/opt/ros/humble/share/ament_cmake_ros/cmake)
[3.236s] -- Using all available rosidl_typesupport_c: rosidl_typesupport_fastrtps_c;rosidl_typesupport_introspection_c
[3.495s] -- Using all available rosidl_typesupport_cpp: rosidl_typesupport_fastrtps_cpp;rosidl_typesupport_introspection_cpp
[3.994s] -- Found PythonInterp: /usr/bin/python3 (found suitable version "3.10.12", minimum required is "3.6") 
[3.997s] -- Found python_cmake_module: 0.10.0 (/opt/ros/humble/share/python_cmake_module/cmake)
[4.599s] -- Found PythonLibs: /usr/lib/x86_64-linux-gnu/libpython3.10.so (found suitable version "3.10.12", minimum required is "3.5") 
[4.599s] -- Using PYTHON_EXECUTABLE: /usr/bin/python3
[4.599s] -- Using PYTHON_INCLUDE_DIRS: /usr/include/python3.10
[4.599s] -- Using PYTHON_LIBRARIES: /usr/lib/x86_64-linux-gnu/libpython3.10.so
[4.657s] -- Found PythonExtra: .so  
[4.804s] -- Found ament_cmake_flake8: 0.12.11 (/opt/ros/humble/share/ament_cmake_flake8/cmake)
[4.808s] -- Found ament_cmake_pep257: 0.12.11 (/opt/ros/humble/share/ament_cmake_pep257/cmake)
[4.821s] -- Configuring done
[4.902s] -- Generating done
[4.906s] -- Build files have been written to: /home/hiro/rust_ws/src/build/shape_msgs
[4.935s] Invoked command in '/home/hiro/rust_ws/src/build/shape_msgs' returned '0': AMENT_PREFIX_PATH=/home/hiro/rust_ws/src/install/geometry_msgs:/home/hiro/rust_ws/src/install/std_msgs:/home/hiro/rust_ws/src/install/builtin_interfaces:/home/hiro/rust_ws/src/install/rosidl_default_runtime:/home/hiro/rust_ws/src/install/rosidl_default_generators:/home/hiro/rust_ws/src/install/rosidl_generator_rs:/home/hiro/rust_ws/src/install/rosidl_runtime_rs:${AMENT_PREFIX_PATH} CMAKE_PREFIX_PATH=/home/hiro/rust_ws/src/install/geometry_msgs:/home/hiro/rust_ws/src/install/std_msgs:/home/hiro/rust_ws/src/install/builtin_interfaces:/home/hiro/rust_ws/src/install/rosidl_default_runtime:/home/hiro/rust_ws/src/install/rosidl_default_generators:/home/hiro/rust_ws/src/install/rosidl_generator_rs:/home/hiro/ws_livox/install/livox_ros_driver2:/opt/ros/humble LD_LIBRARY_PATH=/home/hiro/rust_ws/src/install/geometry_msgs/lib:/home/hiro/rust_ws/src/install/std_msgs/lib:/home/hiro/rust_ws/src/install/builtin_interfaces/lib:${LD_LIBRARY_PATH} PYTHONPATH=/home/hiro/rust_ws/src/install/geometry_msgs/local/lib/python3.10/dist-packages:/home/hiro/rust_ws/src/install/std_msgs/local/lib/python3.10/dist-packages:/home/hiro/rust_ws/src/install/builtin_interfaces/local/lib/python3.10/dist-packages:/home/hiro/rust_ws/src/install/rosidl_generator_rs/local/lib/python3.10/dist-packages:${PYTHONPATH} /usr/bin/cmake /home/hiro/rust_ws/src/src/ros2/common_interfaces/shape_msgs -DCMAKE_INSTALL_PREFIX=/home/hiro/rust_ws/src/install/shape_msgs
[4.939s] Invoking command in '/home/hiro/rust_ws/src/build/shape_msgs': AMENT_PREFIX_PATH=/home/hiro/rust_ws/src/install/geometry_msgs:/home/hiro/rust_ws/src/install/std_msgs:/home/hiro/rust_ws/src/install/builtin_interfaces:/home/hiro/rust_ws/src/install/rosidl_default_runtime:/home/hiro/rust_ws/src/install/rosidl_default_generators:/home/hiro/rust_ws/src/install/rosidl_generator_rs:/home/hiro/rust_ws/src/install/rosidl_runtime_rs:${AMENT_PREFIX_PATH} CMAKE_PREFIX_PATH=/home/hiro/rust_ws/src/install/geometry_msgs:/home/hiro/rust_ws/src/install/std_msgs:/home/hiro/rust_ws/src/install/builtin_interfaces:/home/hiro/rust_ws/src/install/rosidl_default_runtime:/home/hiro/rust_ws/src/install/rosidl_default_generators:/home/hiro/rust_ws/src/install/rosidl_generator_rs:/home/hiro/ws_livox/install/livox_ros_driver2:/opt/ros/humble LD_LIBRARY_PATH=/home/hiro/rust_ws/src/install/geometry_msgs/lib:/home/hiro/rust_ws/src/install/std_msgs/lib:/home/hiro/rust_ws/src/install/builtin_interfaces/lib:${LD_LIBRARY_PATH} PYTHONPATH=/home/hiro/rust_ws/src/install/geometry_msgs/local/lib/python3.10/dist-packages:/home/hiro/rust_ws/src/install/std_msgs/local/lib/python3.10/dist-packages:/home/hiro/rust_ws/src/install/builtin_interfaces/local/lib/python3.10/dist-packages:/home/hiro/rust_ws/src/install/rosidl_generator_rs/local/lib/python3.10/dist-packages:${PYTHONPATH} /usr/bin/cmake --build /home/hiro/rust_ws/src/build/shape_msgs -- -j22 -l22
[5.013s] [  1%] [34m[1mGenerating C code for ROS interfaces[0m
[5.028s] [  3%] [34m[1mGenerating C++ code for ROS interfaces[0m
[5.033s] [  5%] [34m[1mGenerating Rust code for ROS interfaces[0m
[5.042s] [  5%] Built target ament_cmake_python_copy_shape_msgs
[5.953s] running egg_info
[5.955s] creating shape_msgs.egg-info
[5.984s] writing shape_msgs.egg-info/PKG-INFO
[5.984s] writing dependency_links to shape_msgs.egg-info/dependency_links.txt
[5.984s] writing top-level names to shape_msgs.egg-info/top_level.txt
[5.985s] writing manifest file 'shape_msgs.egg-info/SOURCES.txt'
[6.093s] reading manifest file 'shape_msgs.egg-info/SOURCES.txt'
[6.095s] writing manifest file 'shape_msgs.egg-info/SOURCES.txt'
[6.310s] [  5%] Built target ament_cmake_python_build_shape_msgs_egg
[6.392s] [  5%] Built target shape_msgs__rs
[6.568s] [  8%] [32mBuilding C object CMakeFiles/shape_msgs__rosidl_generator_c.dir/rosidl_generator_c/shape_msgs/msg/detail/mesh_triangle__functions.c.o[0m
[6.574s] [ 10%] [32mBuilding C object CMakeFiles/shape_msgs__rosidl_generator_c.dir/rosidl_generator_c/shape_msgs/msg/detail/plane__functions.c.o[0m
[6.574s] [ 12%] [32mBuilding C object CMakeFiles/shape_msgs__rosidl_generator_c.dir/rosidl_generator_c/shape_msgs/msg/detail/mesh__functions.c.o[0m
[6.575s] [ 12%] [32mBuilding C object CMakeFiles/shape_msgs__rosidl_generator_c.dir/rosidl_generator_c/shape_msgs/msg/detail/solid_primitive__functions.c.o[0m
[6.741s] [ 14%] [32m[1mLinking C shared library libshape_msgs__rosidl_generator_c.so[0m
[6.783s] [ 14%] Built target shape_msgs__cpp
[6.859s] [ 16%] [34m[1mGenerating C++ introspection for ROS interfaces[0m
[6.881s] [ 17%] [34m[1mGenerating C++ type support for eProsima Fast-RTPS[0m
[6.923s] [ 19%] [34m[1mGenerating C++ type support dispatch for ROS interfaces[0m
[7.115s] [ 19%] Built target shape_msgs__rosidl_generator_c
[7.144s] [ 21%] [34m[1mGenerating C type support dispatch for ROS interfaces[0m
[7.150s] [ 23%] [34m[1mGenerating C introspection for ROS interfaces[0m
[7.166s] [ 25%] [34m[1mGenerating C type support for eProsima Fast-RTPS[0m
[8.749s] [ 26%] [32mBuilding CXX object CMakeFiles/shape_msgs__rosidl_typesupport_introspection_cpp.dir/rosidl_typesupport_introspection_cpp/shape_msgs/msg/detail/mesh_triangle__type_support.cpp.o[0m
[8.768s] [ 28%] [32mBuilding CXX object CMakeFiles/shape_msgs__rosidl_typesupport_introspection_cpp.dir/rosidl_typesupport_introspection_cpp/shape_msgs/msg/detail/mesh__type_support.cpp.o[0m
[8.846s] [ 32%] [32mBuilding CXX object CMakeFiles/shape_msgs__rosidl_typesupport_introspection_cpp.dir/rosidl_typesupport_introspection_cpp/shape_msgs/msg/detail/plane__type_support.cpp.o[0m
[8.847s] [ 30%] [32mBuilding CXX object CMakeFiles/shape_msgs__rosidl_typesupport_fastrtps_cpp.dir/rosidl_typesupport_fastrtps_cpp/shape_msgs/msg/detail/dds_fastrtps/plane__type_support.cpp.o[0m
[8.853s] [ 33%] [32mBuilding CXX object CMakeFiles/shape_msgs__rosidl_typesupport_fastrtps_cpp.dir/rosidl_typesupport_fastrtps_cpp/shape_msgs/msg/detail/dds_fastrtps/mesh__type_support.cpp.o[0m
[8.854s] [ 35%] [32mBuilding CXX object CMakeFiles/shape_msgs__rosidl_typesupport_fastrtps_cpp.dir/rosidl_typesupport_fastrtps_cpp/shape_msgs/msg/detail/dds_fastrtps/solid_primitive__type_support.cpp.o[0m
[8.864s] [ 37%] [32mBuilding CXX object CMakeFiles/shape_msgs__rosidl_typesupport_fastrtps_cpp.dir/rosidl_typesupport_fastrtps_cpp/shape_msgs/msg/detail/dds_fastrtps/mesh_triangle__type_support.cpp.o[0m
[8.873s] [ 39%] [32mBuilding CXX object CMakeFiles/shape_msgs__rosidl_typesupport_introspection_cpp.dir/rosidl_typesupport_introspection_cpp/shape_msgs/msg/detail/solid_primitive__type_support.cpp.o[0m
[9.911s] [ 41%] [32mBuilding CXX object CMakeFiles/shape_msgs__rosidl_typesupport_cpp.dir/rosidl_typesupport_cpp/shape_msgs/msg/mesh__type_support.cpp.o[0m
[10.306s] [ 42%] [32mBuilding CXX object CMakeFiles/shape_msgs__rosidl_typesupport_c.dir/rosidl_typesupport_c/shape_msgs/msg/mesh__type_support.cpp.o[0m
[10.419s] [ 44%] [32mBuilding CXX object CMakeFiles/shape_msgs__rosidl_typesupport_c.dir/rosidl_typesupport_c/shape_msgs/msg/solid_primitive__type_support.cpp.o[0m
[10.542s] [ 46%] [32mBuilding C object CMakeFiles/shape_msgs__rosidl_typesupport_introspection_c.dir/rosidl_typesupport_introspection_c/shape_msgs/msg/detail/mesh__type_support.c.o[0m
[10.552s] [ 48%] [32mBuilding CXX object CMakeFiles/shape_msgs__rosidl_typesupport_c.dir/rosidl_typesupport_c/shape_msgs/msg/plane__type_support.cpp.o[0m
[10.632s] [ 50%] [32mBuilding CXX object CMakeFiles/shape_msgs__rosidl_typesupport_fastrtps_c.dir/rosidl_typesupport_fastrtps_c/shape_msgs/msg/detail/mesh__type_support_c.cpp.o[0m
[10.761s] [ 51%] [32mBuilding C object CMakeFiles/shape_msgs__rosidl_typesupport_introspection_c.dir/rosidl_typesupport_introspection_c/shape_msgs/msg/detail/solid_primitive__type_support.c.o[0m
[10.783s] [ 53%] [32mBuilding CXX object CMakeFiles/shape_msgs__rosidl_typesupport_c.dir/rosidl_typesupport_c/shape_msgs/msg/mesh_triangle__type_support.cpp.o[0m
[10.794s] [ 55%] [32mBuilding CXX object CMakeFiles/shape_msgs__rosidl_typesupport_cpp.dir/rosidl_typesupport_cpp/shape_msgs/msg/solid_primitive__type_support.cpp.o[0m
[10.887s] [ 57%] [32m[1mLinking CXX shared library libshape_msgs__rosidl_typesupport_c.so[0m
[10.925s] [ 58%] [32mBuilding C object CMakeFiles/shape_msgs__rosidl_typesupport_introspection_c.dir/rosidl_typesupport_introspection_c/shape_msgs/msg/detail/plane__type_support.c.o[0m
[11.022s] [ 60%] [32m[1mLinking CXX shared library libshape_msgs__rosidl_typesupport_introspection_cpp.so[0m
[11.047s] [ 62%] [32mBuilding C object CMakeFiles/shape_msgs__rosidl_typesupport_introspection_c.dir/rosidl_typesupport_introspection_c/shape_msgs/msg/detail/mesh_triangle__type_support.c.o[0m
[11.181s] [ 64%] [32m[1mLinking C shared library libshape_msgs__rosidl_typesupport_introspection_c.so[0m
[11.199s] [ 64%] Built target shape_msgs__rosidl_typesupport_c
[11.245s] [ 66%] [32m[1mLinking CXX shared library libshape_msgs__rosidl_typesupport_fastrtps_cpp.so[0m
[11.390s] [ 67%] [32mBuilding CXX object CMakeFiles/shape_msgs__rosidl_typesupport_fastrtps_c.dir/rosidl_typesupport_fastrtps_c/shape_msgs/msg/detail/solid_primitive__type_support_c.cpp.o[0m
[11.404s] [ 67%] Built target shape_msgs__rosidl_typesupport_introspection_c
[11.437s] [ 67%] Built target shape_msgs__rosidl_typesupport_introspection_cpp
[11.445s] [ 69%] [32mBuilding CXX object CMakeFiles/shape_msgs__rosidl_typesupport_cpp.dir/rosidl_typesupport_cpp/shape_msgs/msg/plane__type_support.cpp.o[0m
[11.597s] [ 69%] Built target shape_msgs__rosidl_typesupport_fastrtps_cpp
[11.959s] [ 71%] [32mBuilding CXX object CMakeFiles/shape_msgs__rosidl_typesupport_cpp.dir/rosidl_typesupport_cpp/shape_msgs/msg/mesh_triangle__type_support.cpp.o[0m
[12.014s] [ 73%] [32mBuilding CXX object CMakeFiles/shape_msgs__rosidl_typesupport_fastrtps_c.dir/rosidl_typesupport_fastrtps_c/shape_msgs/msg/detail/plane__type_support_c.cpp.o[0m
[12.513s] [ 75%] [32m[1mLinking CXX shared library libshape_msgs__rosidl_typesupport_cpp.so[0m
[12.708s] [ 76%] [32mBuilding CXX object CMakeFiles/shape_msgs__rosidl_typesupport_fastrtps_c.dir/rosidl_typesupport_fastrtps_c/shape_msgs/msg/detail/mesh_triangle__type_support_c.cpp.o[0m
[12.804s] [ 76%] Built target shape_msgs__rosidl_typesupport_cpp
[13.284s] [ 78%] [32m[1mLinking CXX shared library libshape_msgs__rosidl_typesupport_fastrtps_c.so[0m
[13.526s] [ 78%] Built target shape_msgs__rosidl_typesupport_fastrtps_c
[13.557s] [ 78%] Built target shape_msgs
[13.584s] [ 80%] [34m[1mGenerating Python code for ROS interfaces[0m
[15.187s] [ 80%] Built target shape_msgs__py
[15.214s] [ 83%] [32mBuilding C object CMakeFiles/shape_msgs__rosidl_generator_py.dir/rosidl_generator_py/shape_msgs/msg/_mesh_triangle_s.c.o[0m
[15.214s] [ 83%] [32mBuilding C object CMakeFiles/shape_msgs__rosidl_generator_py.dir/rosidl_generator_py/shape_msgs/msg/_mesh_s.c.o[0m
[15.215s] [ 87%] [32mBuilding C object CMakeFiles/shape_msgs__rosidl_generator_py.dir/rosidl_generator_py/shape_msgs/msg/_solid_primitive_s.c.o[0m
[15.215s] [ 87%] [32mBuilding C object CMakeFiles/shape_msgs__rosidl_generator_py.dir/rosidl_generator_py/shape_msgs/msg/_plane_s.c.o[0m
[15.403s] [ 89%] [32m[1mLinking C shared library rosidl_generator_py/shape_msgs/libshape_msgs__rosidl_generator_py.so[0m
[15.529s] [ 89%] Built target shape_msgs__rosidl_generator_py
[15.556s] [ 91%] [32mBuilding C object CMakeFiles/shape_msgs__rosidl_typesupport_fastrtps_c__pyext.dir/rosidl_generator_py/shape_msgs/_shape_msgs_s.ep.rosidl_typesupport_fastrtps_c.c.o[0m
[15.557s] [ 92%] [32mBuilding C object CMakeFiles/shape_msgs__rosidl_typesupport_c__pyext.dir/rosidl_generator_py/shape_msgs/_shape_msgs_s.ep.rosidl_typesupport_c.c.o[0m
[15.557s] [ 94%] [32mBuilding C object CMakeFiles/shape_msgs__rosidl_typesupport_introspection_c__pyext.dir/rosidl_generator_py/shape_msgs/_shape_msgs_s.ep.rosidl_typesupport_introspection_c.c.o[0m
[15.707s] [ 96%] [32m[1mLinking C shared library rosidl_generator_py/shape_msgs/shape_msgs_s__rosidl_typesupport_c.cpython-310-x86_64-linux-gnu.so[0m
[15.720s] [ 98%] [32m[1mLinking C shared library rosidl_generator_py/shape_msgs/shape_msgs_s__rosidl_typesupport_introspection_c.cpython-310-x86_64-linux-gnu.so[0m
[15.730s] [100%] [32m[1mLinking C shared library rosidl_generator_py/shape_msgs/shape_msgs_s__rosidl_typesupport_fastrtps_c.cpython-310-x86_64-linux-gnu.so[0m
[15.868s] [100%] Built target shape_msgs__rosidl_typesupport_c__pyext
[15.868s] [100%] Built target shape_msgs__rosidl_typesupport_introspection_c__pyext
[15.894s] [100%] Built target shape_msgs__rosidl_typesupport_fastrtps_c__pyext
[15.910s] Invoked command in '/home/hiro/rust_ws/src/build/shape_msgs' returned '0': AMENT_PREFIX_PATH=/home/hiro/rust_ws/src/install/geometry_msgs:/home/hiro/rust_ws/src/install/std_msgs:/home/hiro/rust_ws/src/install/builtin_interfaces:/home/hiro/rust_ws/src/install/rosidl_default_runtime:/home/hiro/rust_ws/src/install/rosidl_default_generators:/home/hiro/rust_ws/src/install/rosidl_generator_rs:/home/hiro/rust_ws/src/install/rosidl_runtime_rs:${AMENT_PREFIX_PATH} CMAKE_PREFIX_PATH=/home/hiro/rust_ws/src/install/geometry_msgs:/home/hiro/rust_ws/src/install/std_msgs:/home/hiro/rust_ws/src/install/builtin_interfaces:/home/hiro/rust_ws/src/install/rosidl_default_runtime:/home/hiro/rust_ws/src/install/rosidl_default_generators:/home/hiro/rust_ws/src/install/rosidl_generator_rs:/home/hiro/ws_livox/install/livox_ros_driver2:/opt/ros/humble LD_LIBRARY_PATH=/home/hiro/rust_ws/src/install/geometry_msgs/lib:/home/hiro/rust_ws/src/install/std_msgs/lib:/home/hiro/rust_ws/src/install/builtin_interfaces/lib:${LD_LIBRARY_PATH} PYTHONPATH=/home/hiro/rust_ws/src/install/geometry_msgs/local/lib/python3.10/dist-packages:/home/hiro/rust_ws/src/install/std_msgs/local/lib/python3.10/dist-packages:/home/hiro/rust_ws/src/install/builtin_interfaces/local/lib/python3.10/dist-packages:/home/hiro/rust_ws/src/install/rosidl_generator_rs/local/lib/python3.10/dist-packages:${PYTHONPATH} /usr/bin/cmake --build /home/hiro/rust_ws/src/build/shape_msgs -- -j22 -l22
[16.033s] Invoking command in '/home/hiro/rust_ws/src/build/shape_msgs': AMENT_PREFIX_PATH=/home/hiro/rust_ws/src/install/geometry_msgs:/home/hiro/rust_ws/src/install/std_msgs:/home/hiro/rust_ws/src/install/builtin_interfaces:/home/hiro/rust_ws/src/install/rosidl_default_runtime:/home/hiro/rust_ws/src/install/rosidl_default_generators:/home/hiro/rust_ws/src/install/rosidl_generator_rs:/home/hiro/rust_ws/src/install/rosidl_runtime_rs:${AMENT_PREFIX_PATH} CMAKE_PREFIX_PATH=/home/hiro/rust_ws/src/install/geometry_msgs:/home/hiro/rust_ws/src/install/std_msgs:/home/hiro/rust_ws/src/install/builtin_interfaces:/home/hiro/rust_ws/src/install/rosidl_default_runtime:/home/hiro/rust_ws/src/install/rosidl_default_generators:/home/hiro/rust_ws/src/install/rosidl_generator_rs:/home/hiro/ws_livox/install/livox_ros_driver2:/opt/ros/humble LD_LIBRARY_PATH=/home/hiro/rust_ws/src/install/geometry_msgs/lib:/home/hiro/rust_ws/src/install/std_msgs/lib:/home/hiro/rust_ws/src/install/builtin_interfaces/lib:${LD_LIBRARY_PATH} PYTHONPATH=/home/hiro/rust_ws/src/install/geometry_msgs/local/lib/python3.10/dist-packages:/home/hiro/rust_ws/src/install/std_msgs/local/lib/python3.10/dist-packages:/home/hiro/rust_ws/src/install/builtin_interfaces/local/lib/python3.10/dist-packages:/home/hiro/rust_ws/src/install/rosidl_generator_rs/local/lib/python3.10/dist-packages:${PYTHONPATH} /usr/bin/cmake --install /home/hiro/rust_ws/src/build/shape_msgs
[16.041s] -- Install configuration: ""
[16.042s] -- Installing: /home/hiro/rust_ws/src/install/shape_msgs/share/ament_index/resource_index/rosidl_interfaces/shape_msgs
[16.042s] -- Installing: /home/hiro/rust_ws/src/install/shape_msgs/include/shape_msgs/shape_msgs
[16.043s] -- Installing: /home/hiro/rust_ws/src/install/shape_msgs/include/shape_msgs/shape_msgs/msg
[16.043s] -- Installing: /home/hiro/rust_ws/src/install/shape_msgs/include/shape_msgs/shape_msgs/msg/rosidl_generator_c__visibility_control.h
[16.044s] -- Installing: /home/hiro/rust_ws/src/install/shape_msgs/include/shape_msgs/shape_msgs/msg/mesh.h
[16.044s] -- Installing: /home/hiro/rust_ws/src/install/shape_msgs/include/shape_msgs/shape_msgs/msg/solid_primitive.h
[16.044s] -- Installing: /home/hiro/rust_ws/src/install/shape_msgs/include/shape_msgs/shape_msgs/msg/detail
[16.044s] -- Installing: /home/hiro/rust_ws/src/install/shape_msgs/include/shape_msgs/shape_msgs/msg/detail/solid_primitive__struct.h
[16.044s] -- Installing: /home/hiro/rust_ws/src/install/shape_msgs/include/shape_msgs/shape_msgs/msg/detail/mesh_triangle__functions.h
[16.044s] -- Installing: /home/hiro/rust_ws/src/install/shape_msgs/include/shape_msgs/shape_msgs/msg/detail/mesh_triangle__struct.h
[16.045s] -- Installing: /home/hiro/rust_ws/src/install/shape_msgs/include/shape_msgs/shape_msgs/msg/detail/plane__struct.h
[16.045s] -- Installing: /home/hiro/rust_ws/src/install/shape_msgs/include/shape_msgs/shape_msgs/msg/detail/solid_primitive__type_support.h
[16.045s] -- Installing: /home/hiro/rust_ws/src/install/shape_msgs/include/shape_msgs/shape_msgs/msg/detail/mesh__struct.h
[16.045s] -- Installing: /home/hiro/rust_ws/src/install/shape_msgs/include/shape_msgs/shape_msgs/msg/detail/solid_primitive__functions.c
[16.045s] -- Installing: /home/hiro/rust_ws/src/install/shape_msgs/include/shape_msgs/shape_msgs/msg/detail/mesh__functions.h
[16.045s] -- Installing: /home/hiro/rust_ws/src/install/shape_msgs/include/shape_msgs/shape_msgs/msg/detail/mesh_triangle__functions.c
[16.045s] -- Installing: /home/hiro/rust_ws/src/install/shape_msgs/include/shape_msgs/shape_msgs/msg/detail/plane__functions.c
[16.046s] -- Installing: /home/hiro/rust_ws/src/install/shape_msgs/include/shape_msgs/shape_msgs/msg/detail/mesh__type_support.h
[16.046s] -- Installing: /home/hiro/rust_ws/src/install/shape_msgs/include/shape_msgs/shape_msgs/msg/detail/mesh_triangle__type_support.h
[16.046s] -- Installing: /home/hiro/rust_ws/src/install/shape_msgs/include/shape_msgs/shape_msgs/msg/detail/plane__type_support.h
[16.046s] -- Installing: /home/hiro/rust_ws/src/install/shape_msgs/include/shape_msgs/shape_msgs/msg/detail/solid_primitive__functions.h
[16.047s] -- Installing: /home/hiro/rust_ws/src/install/shape_msgs/include/shape_msgs/shape_msgs/msg/detail/mesh__functions.c
[16.047s] -- Installing: /home/hiro/rust_ws/src/install/shape_msgs/include/shape_msgs/shape_msgs/msg/detail/plane__functions.h
[16.047s] -- Installing: /home/hiro/rust_ws/src/install/shape_msgs/include/shape_msgs/shape_msgs/msg/plane.h
[16.047s] -- Installing: /home/hiro/rust_ws/src/install/shape_msgs/include/shape_msgs/shape_msgs/msg/mesh_triangle.h
[16.048s] -- Installing: /home/hiro/rust_ws/src/install/shape_msgs/share/shape_msgs/environment/library_path.sh
[16.048s] -- Installing: /home/hiro/rust_ws/src/install/shape_msgs/share/shape_msgs/environment/library_path.dsv
[16.048s] -- Installing: /home/hiro/rust_ws/src/install/shape_msgs/lib/libshape_msgs__rosidl_generator_c.so
[16.049s] -- Set runtime path of "/home/hiro/rust_ws/src/install/shape_msgs/lib/libshape_msgs__rosidl_generator_c.so" to ""
[16.049s] -- Up-to-date: /home/hiro/rust_ws/src/install/shape_msgs/include/shape_msgs/shape_msgs
[16.049s] -- Up-to-date: /home/hiro/rust_ws/src/install/shape_msgs/include/shape_msgs/shape_msgs/msg
[16.049s] -- Up-to-date: /home/hiro/rust_ws/src/install/shape_msgs/include/shape_msgs/shape_msgs/msg/detail
[16.050s] -- Installing: /home/hiro/rust_ws/src/install/shape_msgs/include/shape_msgs/shape_msgs/msg/detail/plane__rosidl_typesupport_fastrtps_c.h
[16.050s] -- Installing: /home/hiro/rust_ws/src/install/shape_msgs/include/shape_msgs/shape_msgs/msg/detail/mesh_triangle__rosidl_typesupport_fastrtps_c.h
[16.050s] -- Installing: /home/hiro/rust_ws/src/install/shape_msgs/include/shape_msgs/shape_msgs/msg/detail/mesh__rosidl_typesupport_fastrtps_c.h
[16.050s] -- Installing: /home/hiro/rust_ws/src/install/shape_msgs/include/shape_msgs/shape_msgs/msg/detail/solid_primitive__rosidl_typesupport_fastrtps_c.h
[16.050s] -- Installing: /home/hiro/rust_ws/src/install/shape_msgs/include/shape_msgs/shape_msgs/msg/rosidl_typesupport_fastrtps_c__visibility_control.h
[16.050s] -- Installing: /home/hiro/rust_ws/src/install/shape_msgs/lib/libshape_msgs__rosidl_typesupport_fastrtps_c.so
[16.051s] -- Set runtime path of "/home/hiro/rust_ws/src/install/shape_msgs/lib/libshape_msgs__rosidl_typesupport_fastrtps_c.so" to ""
[16.051s] -- Up-to-date: /home/hiro/rust_ws/src/install/shape_msgs/include/shape_msgs/shape_msgs
[16.051s] -- Up-to-date: /home/hiro/rust_ws/src/install/shape_msgs/include/shape_msgs/shape_msgs/msg
[16.051s] -- Installing: /home/hiro/rust_ws/src/install/shape_msgs/include/shape_msgs/shape_msgs/msg/plane.hpp
[16.051s] -- Installing: /home/hiro/rust_ws/src/install/shape_msgs/include/shape_msgs/shape_msgs/msg/mesh_triangle.hpp
[16.051s] -- Installing: /home/hiro/rust_ws/src/install/shape_msgs/include/shape_msgs/shape_msgs/msg/mesh.hpp
[16.051s] -- Up-to-date: /home/hiro/rust_ws/src/install/shape_msgs/include/shape_msgs/shape_msgs/msg/detail
[16.052s] -- Installing: /home/hiro/rust_ws/src/install/shape_msgs/include/shape_msgs/shape_msgs/msg/detail/mesh_triangle__traits.hpp
[16.052s] -- Installing: /home/hiro/rust_ws/src/install/shape_msgs/include/shape_msgs/shape_msgs/msg/detail/mesh__builder.hpp
[16.052s] -- Installing: /home/hiro/rust_ws/src/install/shape_msgs/include/shape_msgs/shape_msgs/msg/detail/mesh_triangle__struct.hpp
[16.052s] -- Installing: /home/hiro/rust_ws/src/install/shape_msgs/include/shape_msgs/shape_msgs/msg/detail/solid_primitive__struct.hpp
[16.052s] -- Installing: /home/hiro/rust_ws/src/install/shape_msgs/include/shape_msgs/shape_msgs/msg/detail/plane__traits.hpp
[16.052s] -- Installing: /home/hiro/rust_ws/src/install/shape_msgs/include/shape_msgs/shape_msgs/msg/detail/solid_primitive__builder.hpp
[16.053s] -- Installing: /home/hiro/rust_ws/src/install/shape_msgs/include/shape_msgs/shape_msgs/msg/detail/mesh__traits.hpp
[16.053s] -- Installing: /home/hiro/rust_ws/src/install/shape_msgs/include/shape_msgs/shape_msgs/msg/detail/solid_primitive__traits.hpp
[16.053s] -- Installing: /home/hiro/rust_ws/src/install/shape_msgs/include/shape_msgs/shape_msgs/msg/detail/mesh_triangle__builder.hpp
[16.053s] -- Installing: /home/hiro/rust_ws/src/install/shape_msgs/include/shape_msgs/shape_msgs/msg/detail/plane__builder.hpp
[16.053s] -- Installing: /home/hiro/rust_ws/src/install/shape_msgs/include/shape_msgs/shape_msgs/msg/detail/mesh__struct.hpp
[16.053s] -- Installing: /home/hiro/rust_ws/src/install/shape_msgs/include/shape_msgs/shape_msgs/msg/detail/plane__struct.hpp
[16.053s] -- Installing: /home/hiro/rust_ws/src/install/shape_msgs/include/shape_msgs/shape_msgs/msg/solid_primitive.hpp
[16.054s] -- Up-to-date: /home/hiro/rust_ws/src/install/shape_msgs/include/shape_msgs/shape_msgs
[16.054s] -- Up-to-date: /home/hiro/rust_ws/src/install/shape_msgs/include/shape_msgs/shape_msgs/msg
[16.054s] -- Installing: /home/hiro/rust_ws/src/install/shape_msgs/include/shape_msgs/shape_msgs/msg/rosidl_typesupport_fastrtps_cpp__visibility_control.h
[16.054s] -- Up-to-date: /home/hiro/rust_ws/src/install/shape_msgs/include/shape_msgs/shape_msgs/msg/detail
[16.054s] -- Installing: /home/hiro/rust_ws/src/install/shape_msgs/include/shape_msgs/shape_msgs/msg/detail/mesh__rosidl_typesupport_fastrtps_cpp.hpp
[16.054s] -- Installing: /home/hiro/rust_ws/src/install/shape_msgs/include/shape_msgs/shape_msgs/msg/detail/dds_fastrtps
[16.055s] -- Installing: /home/hiro/rust_ws/src/install/shape_msgs/include/shape_msgs/shape_msgs/msg/detail/plane__rosidl_typesupport_fastrtps_cpp.hpp
[16.055s] -- Installing: /home/hiro/rust_ws/src/install/shape_msgs/include/shape_msgs/shape_msgs/msg/detail/solid_primitive__rosidl_typesupport_fastrtps_cpp.hpp
[16.055s] -- Installing: /home/hiro/rust_ws/src/install/shape_msgs/include/shape_msgs/shape_msgs/msg/detail/mesh_triangle__rosidl_typesupport_fastrtps_cpp.hpp
[16.055s] -- Installing: /home/hiro/rust_ws/src/install/shape_msgs/lib/libshape_msgs__rosidl_typesupport_fastrtps_cpp.so
[16.055s] -- Set runtime path of "/home/hiro/rust_ws/src/install/shape_msgs/lib/libshape_msgs__rosidl_typesupport_fastrtps_cpp.so" to ""
[16.055s] -- Up-to-date: /home/hiro/rust_ws/src/install/shape_msgs/include/shape_msgs/shape_msgs
[16.055s] -- Up-to-date: /home/hiro/rust_ws/src/install/shape_msgs/include/shape_msgs/shape_msgs/msg
[16.055s] -- Installing: /home/hiro/rust_ws/src/install/shape_msgs/include/shape_msgs/shape_msgs/msg/rosidl_typesupport_introspection_c__visibility_control.h
[16.056s] -- Up-to-date: /home/hiro/rust_ws/src/install/shape_msgs/include/shape_msgs/shape_msgs/msg/detail
[16.056s] -- Installing: /home/hiro/rust_ws/src/install/shape_msgs/include/shape_msgs/shape_msgs/msg/detail/mesh__type_support.c
[16.056s] -- Installing: /home/hiro/rust_ws/src/install/shape_msgs/include/shape_msgs/shape_msgs/msg/detail/solid_primitive__type_support.c
[16.056s] -- Installing: /home/hiro/rust_ws/src/install/shape_msgs/include/shape_msgs/shape_msgs/msg/detail/plane__rosidl_typesupport_introspection_c.h
[16.056s] -- Installing: /home/hiro/rust_ws/src/install/shape_msgs/include/shape_msgs/shape_msgs/msg/detail/mesh__rosidl_typesupport_introspection_c.h
[16.057s] -- Installing: /home/hiro/rust_ws/src/install/shape_msgs/include/shape_msgs/shape_msgs/msg/detail/solid_primitive__rosidl_typesupport_introspection_c.h
[16.057s] -- Installing: /home/hiro/rust_ws/src/install/shape_msgs/include/shape_msgs/shape_msgs/msg/detail/mesh_triangle__rosidl_typesupport_introspection_c.h
[16.057s] -- Installing: /home/hiro/rust_ws/src/install/shape_msgs/include/shape_msgs/shape_msgs/msg/detail/mesh_triangle__type_support.c
[16.057s] -- Installing: /home/hiro/rust_ws/src/install/shape_msgs/include/shape_msgs/shape_msgs/msg/detail/plane__type_support.c
[16.057s] -- Installing: /home/hiro/rust_ws/src/install/shape_msgs/lib/libshape_msgs__rosidl_typesupport_introspection_c.so
[16.057s] -- Set runtime path of "/home/hiro/rust_ws/src/install/shape_msgs/lib/libshape_msgs__rosidl_typesupport_introspection_c.so" to ""
[16.058s] -- Installing: /home/hiro/rust_ws/src/install/shape_msgs/lib/libshape_msgs__rosidl_typesupport_c.so
[16.058s] -- Set runtime path of "/home/hiro/rust_ws/src/install/shape_msgs/lib/libshape_msgs__rosidl_typesupport_c.so" to ""
[16.058s] -- Up-to-date: /home/hiro/rust_ws/src/install/shape_msgs/include/shape_msgs/shape_msgs
[16.058s] -- Up-to-date: /home/hiro/rust_ws/src/install/shape_msgs/include/shape_msgs/shape_msgs/msg
[16.058s] -- Up-to-date: /home/hiro/rust_ws/src/install/shape_msgs/include/shape_msgs/shape_msgs/msg/detail
[16.058s] -- Installing: /home/hiro/rust_ws/src/install/shape_msgs/include/shape_msgs/shape_msgs/msg/detail/mesh__type_support.cpp
[16.058s] -- Installing: /home/hiro/rust_ws/src/install/shape_msgs/include/shape_msgs/shape_msgs/msg/detail/solid_primitive__rosidl_typesupport_introspection_cpp.hpp
[16.059s] -- Installing: /home/hiro/rust_ws/src/install/shape_msgs/include/shape_msgs/shape_msgs/msg/detail/solid_primitive__type_support.cpp
[16.059s] -- Installing: /home/hiro/rust_ws/src/install/shape_msgs/include/shape_msgs/shape_msgs/msg/detail/plane__rosidl_typesupport_introspection_cpp.hpp
[16.059s] -- Installing: /home/hiro/rust_ws/src/install/shape_msgs/include/shape_msgs/shape_msgs/msg/detail/mesh__rosidl_typesupport_introspection_cpp.hpp
[16.059s] -- Installing: /home/hiro/rust_ws/src/install/shape_msgs/include/shape_msgs/shape_msgs/msg/detail/plane__type_support.cpp
[16.059s] -- Installing: /home/hiro/rust_ws/src/install/shape_msgs/include/shape_msgs/shape_msgs/msg/detail/mesh_triangle__type_support.cpp
[16.059s] -- Installing: /home/hiro/rust_ws/src/install/shape_msgs/include/shape_msgs/shape_msgs/msg/detail/mesh_triangle__rosidl_typesupport_introspection_cpp.hpp
[16.059s] -- Installing: /home/hiro/rust_ws/src/install/shape_msgs/lib/libshape_msgs__rosidl_typesupport_introspection_cpp.so
[16.060s] -- Set runtime path of "/home/hiro/rust_ws/src/install/shape_msgs/lib/libshape_msgs__rosidl_typesupport_introspection_cpp.so" to ""
[16.060s] -- Installing: /home/hiro/rust_ws/src/install/shape_msgs/lib/libshape_msgs__rosidl_typesupport_cpp.so
[16.060s] -- Set runtime path of "/home/hiro/rust_ws/src/install/shape_msgs/lib/libshape_msgs__rosidl_typesupport_cpp.so" to ""
[16.060s] -- Installing: /home/hiro/rust_ws/src/install/shape_msgs/share/ament_index/resource_index/rust_packages/shape_msgs
[16.061s] -- Installing: /home/hiro/rust_ws/src/install/shape_msgs/share/shape_msgs/rust
[16.061s] -- Installing: /home/hiro/rust_ws/src/install/shape_msgs/share/shape_msgs/rust/Cargo.toml
[16.061s] -- Installing: /home/hiro/rust_ws/src/install/shape_msgs/share/shape_msgs/rust/build.rs
[16.061s] -- Installing: /home/hiro/rust_ws/src/install/shape_msgs/share/shape_msgs/rust/src
[16.061s] -- Installing: /home/hiro/rust_ws/src/install/shape_msgs/share/shape_msgs/rust/src/msg.rs
[16.061s] -- Installing: /home/hiro/rust_ws/src/install/shape_msgs/share/shape_msgs/rust/src/lib.rs
[16.062s] -- Installing: /home/hiro/rust_ws/src/install/shape_msgs/share/shape_msgs/environment/pythonpath.sh
[16.062s] -- Installing: /home/hiro/rust_ws/src/install/shape_msgs/share/shape_msgs/environment/pythonpath.dsv
[16.062s] -- Installing: /home/hiro/rust_ws/src/install/shape_msgs/local/lib/python3.10/dist-packages/shape_msgs-4.2.4-py3.10.egg-info
[16.062s] -- Installing: /home/hiro/rust_ws/src/install/shape_msgs/local/lib/python3.10/dist-packages/shape_msgs-4.2.4-py3.10.egg-info/top_level.txt
[16.062s] -- Installing: /home/hiro/rust_ws/src/install/shape_msgs/local/lib/python3.10/dist-packages/shape_msgs-4.2.4-py3.10.egg-info/PKG-INFO
[16.062s] -- Installing: /home/hiro/rust_ws/src/install/shape_msgs/local/lib/python3.10/dist-packages/shape_msgs-4.2.4-py3.10.egg-info/SOURCES.txt
[16.063s] -- Installing: /home/hiro/rust_ws/src/install/shape_msgs/local/lib/python3.10/dist-packages/shape_msgs-4.2.4-py3.10.egg-info/dependency_links.txt
[16.063s] -- Installing: /home/hiro/rust_ws/src/install/shape_msgs/local/lib/python3.10/dist-packages/shape_msgs
[16.063s] -- Installing: /home/hiro/rust_ws/src/install/shape_msgs/local/lib/python3.10/dist-packages/shape_msgs/shape_msgs_s__rosidl_typesupport_fastrtps_c.cpython-310-x86_64-linux-gnu.so
[16.063s] -- Installing: /home/hiro/rust_ws/src/install/shape_msgs/local/lib/python3.10/dist-packages/shape_msgs/_shape_msgs_s.ep.rosidl_typesupport_c.c
[16.063s] -- Installing: /home/hiro/rust_ws/src/install/shape_msgs/local/lib/python3.10/dist-packages/shape_msgs/_shape_msgs_s.ep.rosidl_typesupport_introspection_c.c
[16.063s] -- Installing: /home/hiro/rust_ws/src/install/shape_msgs/local/lib/python3.10/dist-packages/shape_msgs/libshape_msgs__rosidl_generator_py.so
[16.064s] -- Installing: /home/hiro/rust_ws/src/install/shape_msgs/local/lib/python3.10/dist-packages/shape_msgs/shape_msgs_s__rosidl_typesupport_introspection_c.cpython-310-x86_64-linux-gnu.so
[16.064s] -- Installing: /home/hiro/rust_ws/src/install/shape_msgs/local/lib/python3.10/dist-packages/shape_msgs/_shape_msgs_s.ep.rosidl_typesupport_fastrtps_c.c
[16.064s] -- Installing: /home/hiro/rust_ws/src/install/shape_msgs/local/lib/python3.10/dist-packages/shape_msgs/__init__.py
[16.064s] -- Installing: /home/hiro/rust_ws/src/install/shape_msgs/local/lib/python3.10/dist-packages/shape_msgs/shape_msgs_s__rosidl_typesupport_c.cpython-310-x86_64-linux-gnu.so
[16.064s] -- Installing: /home/hiro/rust_ws/src/install/shape_msgs/local/lib/python3.10/dist-packages/shape_msgs/msg
[16.065s] -- Installing: /home/hiro/rust_ws/src/install/shape_msgs/local/lib/python3.10/dist-packages/shape_msgs/msg/_mesh.py
[16.065s] -- Installing: /home/hiro/rust_ws/src/install/shape_msgs/local/lib/python3.10/dist-packages/shape_msgs/msg/_solid_primitive.py
[16.065s] -- Installing: /home/hiro/rust_ws/src/install/shape_msgs/local/lib/python3.10/dist-packages/shape_msgs/msg/_mesh_triangle_s.c
[16.065s] -- Installing: /home/hiro/rust_ws/src/install/shape_msgs/local/lib/python3.10/dist-packages/shape_msgs/msg/_mesh_s.c
[16.065s] -- Installing: /home/hiro/rust_ws/src/install/shape_msgs/local/lib/python3.10/dist-packages/shape_msgs/msg/_plane.py
[16.065s] -- Installing: /home/hiro/rust_ws/src/install/shape_msgs/local/lib/python3.10/dist-packages/shape_msgs/msg/_plane_s.c
[16.065s] -- Installing: /home/hiro/rust_ws/src/install/shape_msgs/local/lib/python3.10/dist-packages/shape_msgs/msg/__init__.py
[16.065s] -- Installing: /home/hiro/rust_ws/src/install/shape_msgs/local/lib/python3.10/dist-packages/shape_msgs/msg/_mesh_triangle.py
[16.065s] -- Installing: /home/hiro/rust_ws/src/install/shape_msgs/local/lib/python3.10/dist-packages/shape_msgs/msg/_solid_primitive_s.c
[16.138s] Listing '/home/hiro/rust_ws/src/install/shape_msgs/local/lib/python3.10/dist-packages/shape_msgs'...
[16.138s] Compiling '/home/hiro/rust_ws/src/install/shape_msgs/local/lib/python3.10/dist-packages/shape_msgs/__init__.py'...
[16.138s] Listing '/home/hiro/rust_ws/src/install/shape_msgs/local/lib/python3.10/dist-packages/shape_msgs/msg'...
[16.138s] Compiling '/home/hiro/rust_ws/src/install/shape_msgs/local/lib/python3.10/dist-packages/shape_msgs/msg/__init__.py'...
[16.138s] Compiling '/home/hiro/rust_ws/src/install/shape_msgs/local/lib/python3.10/dist-packages/shape_msgs/msg/_mesh.py'...
[16.139s] Compiling '/home/hiro/rust_ws/src/install/shape_msgs/local/lib/python3.10/dist-packages/shape_msgs/msg/_mesh_triangle.py'...
[16.139s] Compiling '/home/hiro/rust_ws/src/install/shape_msgs/local/lib/python3.10/dist-packages/shape_msgs/msg/_plane.py'...
[16.139s] Compiling '/home/hiro/rust_ws/src/install/shape_msgs/local/lib/python3.10/dist-packages/shape_msgs/msg/_solid_primitive.py'...
[16.148s] -- Installing: /home/hiro/rust_ws/src/install/shape_msgs/local/lib/python3.10/dist-packages/shape_msgs/shape_msgs_s__rosidl_typesupport_fastrtps_c.cpython-310-x86_64-linux-gnu.so
[16.148s] -- Set runtime path of "/home/hiro/rust_ws/src/install/shape_msgs/local/lib/python3.10/dist-packages/shape_msgs/shape_msgs_s__rosidl_typesupport_fastrtps_c.cpython-310-x86_64-linux-gnu.so" to ""
[16.149s] -- Installing: /home/hiro/rust_ws/src/install/shape_msgs/local/lib/python3.10/dist-packages/shape_msgs/shape_msgs_s__rosidl_typesupport_introspection_c.cpython-310-x86_64-linux-gnu.so
[16.149s] -- Set runtime path of "/home/hiro/rust_ws/src/install/shape_msgs/local/lib/python3.10/dist-packages/shape_msgs/shape_msgs_s__rosidl_typesupport_introspection_c.cpython-310-x86_64-linux-gnu.so" to ""
[16.149s] -- Installing: /home/hiro/rust_ws/src/install/shape_msgs/local/lib/python3.10/dist-packages/shape_msgs/shape_msgs_s__rosidl_typesupport_c.cpython-310-x86_64-linux-gnu.so
[16.150s] -- Set runtime path of "/home/hiro/rust_ws/src/install/shape_msgs/local/lib/python3.10/dist-packages/shape_msgs/shape_msgs_s__rosidl_typesupport_c.cpython-310-x86_64-linux-gnu.so" to ""
[16.150s] -- Installing: /home/hiro/rust_ws/src/install/shape_msgs/lib/libshape_msgs__rosidl_generator_py.so
[16.150s] -- Set runtime path of "/home/hiro/rust_ws/src/install/shape_msgs/lib/libshape_msgs__rosidl_generator_py.so" to ""
[16.150s] -- Installing: /home/hiro/rust_ws/src/install/shape_msgs/share/shape_msgs/msg/Mesh.idl
[16.151s] -- Installing: /home/hiro/rust_ws/src/install/shape_msgs/share/shape_msgs/msg/MeshTriangle.idl
[16.151s] -- Installing: /home/hiro/rust_ws/src/install/shape_msgs/share/shape_msgs/msg/Plane.idl
[16.151s] -- Installing: /home/hiro/rust_ws/src/install/shape_msgs/share/shape_msgs/msg/SolidPrimitive.idl
[16.151s] -- Installing: /home/hiro/rust_ws/src/install/shape_msgs/share/shape_msgs/msg/Mesh.msg
[16.151s] -- Installing: /home/hiro/rust_ws/src/install/shape_msgs/share/shape_msgs/msg/MeshTriangle.msg
[16.151s] -- Installing: /home/hiro/rust_ws/src/install/shape_msgs/share/shape_msgs/msg/Plane.msg
[16.151s] -- Installing: /home/hiro/rust_ws/src/install/shape_msgs/share/shape_msgs/msg/SolidPrimitive.msg
[16.152s] -- Installing: /home/hiro/rust_ws/src/install/shape_msgs/share/ament_index/resource_index/package_run_dependencies/shape_msgs
[16.152s] -- Installing: /home/hiro/rust_ws/src/install/shape_msgs/share/ament_index/resource_index/parent_prefix_path/shape_msgs
[16.152s] -- Installing: /home/hiro/rust_ws/src/install/shape_msgs/share/shape_msgs/environment/ament_prefix_path.sh
[16.153s] -- Installing: /home/hiro/rust_ws/src/install/shape_msgs/share/shape_msgs/environment/ament_prefix_path.dsv
[16.153s] -- Installing: /home/hiro/rust_ws/src/install/shape_msgs/share/shape_msgs/environment/path.sh
[16.154s] -- Installing: /home/hiro/rust_ws/src/install/shape_msgs/share/shape_msgs/environment/path.dsv
[16.155s] -- Installing: /home/hiro/rust_ws/src/install/shape_msgs/share/shape_msgs/local_setup.bash
[16.155s] -- Installing: /home/hiro/rust_ws/src/install/shape_msgs/share/shape_msgs/local_setup.sh
[16.155s] -- Installing: /home/hiro/rust_ws/src/install/shape_msgs/share/shape_msgs/local_setup.zsh
[16.156s] -- Installing: /home/hiro/rust_ws/src/install/shape_msgs/share/shape_msgs/local_setup.dsv
[16.157s] -- Installing: /home/hiro/rust_ws/src/install/shape_msgs/share/shape_msgs/package.dsv
[16.157s] -- Installing: /home/hiro/rust_ws/src/install/shape_msgs/share/ament_index/resource_index/packages/shape_msgs
[16.157s] -- Installing: /home/hiro/rust_ws/src/install/shape_msgs/share/shape_msgs/cmake/export_shape_msgs__rosidl_generator_cExport.cmake
[16.158s] -- Installing: /home/hiro/rust_ws/src/install/shape_msgs/share/shape_msgs/cmake/export_shape_msgs__rosidl_generator_cExport-noconfig.cmake
[16.158s] -- Installing: /home/hiro/rust_ws/src/install/shape_msgs/share/shape_msgs/cmake/export_shape_msgs__rosidl_typesupport_fastrtps_cExport.cmake
[16.158s] -- Installing: /home/hiro/rust_ws/src/install/shape_msgs/share/shape_msgs/cmake/export_shape_msgs__rosidl_typesupport_fastrtps_cExport-noconfig.cmake
[16.158s] -- Installing: /home/hiro/rust_ws/src/install/shape_msgs/share/shape_msgs/cmake/export_shape_msgs__rosidl_generator_cppExport.cmake
[16.159s] -- Installing: /home/hiro/rust_ws/src/install/shape_msgs/share/shape_msgs/cmake/export_shape_msgs__rosidl_typesupport_fastrtps_cppExport.cmake
[16.159s] -- Installing: /home/hiro/rust_ws/src/install/shape_msgs/share/shape_msgs/cmake/export_shape_msgs__rosidl_typesupport_fastrtps_cppExport-noconfig.cmake
[16.159s] -- Installing: /home/hiro/rust_ws/src/install/shape_msgs/share/shape_msgs/cmake/shape_msgs__rosidl_typesupport_introspection_cExport.cmake
[16.160s] -- Installing: /home/hiro/rust_ws/src/install/shape_msgs/share/shape_msgs/cmake/shape_msgs__rosidl_typesupport_introspection_cExport-noconfig.cmake
[16.160s] -- Installing: /home/hiro/rust_ws/src/install/shape_msgs/share/shape_msgs/cmake/shape_msgs__rosidl_typesupport_cExport.cmake
[16.161s] -- Installing: /home/hiro/rust_ws/src/install/shape_msgs/share/shape_msgs/cmake/shape_msgs__rosidl_typesupport_cExport-noconfig.cmake
[16.161s] -- Installing: /home/hiro/rust_ws/src/install/shape_msgs/share/shape_msgs/cmake/shape_msgs__rosidl_typesupport_introspection_cppExport.cmake
[16.161s] -- Installing: /home/hiro/rust_ws/src/install/shape_msgs/share/shape_msgs/cmake/shape_msgs__rosidl_typesupport_introspection_cppExport-noconfig.cmake
[16.161s] -- Installing: /home/hiro/rust_ws/src/install/shape_msgs/share/shape_msgs/cmake/shape_msgs__rosidl_typesupport_cppExport.cmake
[16.161s] -- Installing: /home/hiro/rust_ws/src/install/shape_msgs/share/shape_msgs/cmake/shape_msgs__rosidl_typesupport_cppExport-noconfig.cmake
[16.161s] -- Installing: /home/hiro/rust_ws/src/install/shape_msgs/share/shape_msgs/cmake/export_shape_msgs__rosidl_generator_pyExport.cmake
[16.161s] -- Installing: /home/hiro/rust_ws/src/install/shape_msgs/share/shape_msgs/cmake/export_shape_msgs__rosidl_generator_pyExport-noconfig.cmake
[16.161s] -- Installing: /home/hiro/rust_ws/src/install/shape_msgs/share/shape_msgs/cmake/rosidl_cmake-extras.cmake
[16.161s] -- Installing: /home/hiro/rust_ws/src/install/shape_msgs/share/shape_msgs/cmake/ament_cmake_export_dependencies-extras.cmake
[16.161s] -- Installing: /home/hiro/rust_ws/src/install/shape_msgs/share/shape_msgs/cmake/ament_cmake_export_include_directories-extras.cmake
[16.161s] -- Installing: /home/hiro/rust_ws/src/install/shape_msgs/share/shape_msgs/cmake/ament_cmake_export_libraries-extras.cmake
[16.161s] -- Installing: /home/hiro/rust_ws/src/install/shape_msgs/share/shape_msgs/cmake/ament_cmake_export_targets-extras.cmake
[16.162s] -- Installing: /home/hiro/rust_ws/src/install/shape_msgs/share/shape_msgs/cmake/rosidl_cmake_export_typesupport_targets-extras.cmake
[16.162s] -- Installing: /home/hiro/rust_ws/src/install/shape_msgs/share/shape_msgs/cmake/rosidl_cmake_export_typesupport_libraries-extras.cmake
[16.162s] -- Installing: /home/hiro/rust_ws/src/install/shape_msgs/share/shape_msgs/cmake/shape_msgsConfig.cmake
[16.162s] -- Installing: /home/hiro/rust_ws/src/install/shape_msgs/share/shape_msgs/cmake/shape_msgsConfig-version.cmake
[16.162s] -- Installing: /home/hiro/rust_ws/src/install/shape_msgs/share/shape_msgs/package.xml
[16.167s] Invoked command in '/home/hiro/rust_ws/src/build/shape_msgs' returned '0': AMENT_PREFIX_PATH=/home/hiro/rust_ws/src/install/geometry_msgs:/home/hiro/rust_ws/src/install/std_msgs:/home/hiro/rust_ws/src/install/builtin_interfaces:/home/hiro/rust_ws/src/install/rosidl_default_runtime:/home/hiro/rust_ws/src/install/rosidl_default_generators:/home/hiro/rust_ws/src/install/rosidl_generator_rs:/home/hiro/rust_ws/src/install/rosidl_runtime_rs:${AMENT_PREFIX_PATH} CMAKE_PREFIX_PATH=/home/hiro/rust_ws/src/install/geometry_msgs:/home/hiro/rust_ws/src/install/std_msgs:/home/hiro/rust_ws/src/install/builtin_interfaces:/home/hiro/rust_ws/src/install/rosidl_default_runtime:/home/hiro/rust_ws/src/install/rosidl_default_generators:/home/hiro/rust_ws/src/install/rosidl_generator_rs:/home/hiro/ws_livox/install/livox_ros_driver2:/opt/ros/humble LD_LIBRARY_PATH=/home/hiro/rust_ws/src/install/geometry_msgs/lib:/home/hiro/rust_ws/src/install/std_msgs/lib:/home/hiro/rust_ws/src/install/builtin_interfaces/lib:${LD_LIBRARY_PATH} PYTHONPATH=/home/hiro/rust_ws/src/install/geometry_msgs/local/lib/python3.10/dist-packages:/home/hiro/rust_ws/src/install/std_msgs/local/lib/python3.10/dist-packages:/home/hiro/rust_ws/src/install/builtin_interfaces/local/lib/python3.10/dist-packages:/home/hiro/rust_ws/src/install/rosidl_generator_rs/local/lib/python3.10/dist-packages:${PYTHONPATH} /usr/bin/cmake --install /home/hiro/rust_ws/src/build/shape_msgs
