[0.274s] Invoking command in '/home/hiro/rust_ws/src/build/shape_msgs': AMENT_PREFIX_PATH=/home/hiro/rust_ws/src/install/geometry_msgs:/home/hiro/rust_ws/src/install/std_msgs:/home/hiro/rust_ws/src/install/builtin_interfaces:/home/hiro/rust_ws/src/install/rosidl_default_runtime:/home/hiro/rust_ws/src/install/rosidl_default_generators:/home/hiro/rust_ws/src/install/rosidl_generator_rs:/home/hiro/rust_ws/src/install/rosidl_runtime_rs:${AMENT_PREFIX_PATH} CMAKE_PREFIX_PATH=/home/hiro/rust_ws/src/install/geometry_msgs:/home/hiro/rust_ws/src/install/std_msgs:/home/hiro/rust_ws/src/install/builtin_interfaces:/home/hiro/rust_ws/src/install/rosidl_default_runtime:/home/hiro/rust_ws/src/install/rosidl_default_generators:/home/hiro/rust_ws/src/install/rosidl_generator_rs:/home/hiro/ws_livox/install/livox_ros_driver2:/opt/ros/humble LD_LIBRARY_PATH=/home/hiro/rust_ws/src/install/geometry_msgs/lib:/home/hiro/rust_ws/src/install/std_msgs/lib:/home/hiro/rust_ws/src/install/builtin_interfaces/lib:${LD_LIBRARY_PATH} PYTHONPATH=/home/hiro/rust_ws/src/install/geometry_msgs/local/lib/python3.10/dist-packages:/home/hiro/rust_ws/src/install/std_msgs/local/lib/python3.10/dist-packages:/home/hiro/rust_ws/src/install/builtin_interfaces/local/lib/python3.10/dist-packages:/home/hiro/rust_ws/src/install/rosidl_generator_rs/local/lib/python3.10/dist-packages:${PYTHONPATH} /usr/bin/cmake --build /home/hiro/rust_ws/src/build/shape_msgs -- -j22 -l22
[0.306s] [35m[1mConsolidate compiler generated dependencies of target shape_msgs__rosidl_generator_c[0m
[0.314s] [  1%] Built target shape_msgs__rs
[0.316s] [  3%] Built target shape_msgs__cpp
[0.319s] [ 14%] Built target shape_msgs__rosidl_generator_c
[0.329s] [ 14%] Built target ament_cmake_python_copy_shape_msgs
[0.332s] [35m[1mConsolidate compiler generated dependencies of target shape_msgs__rosidl_typesupport_fastrtps_cpp[0m
[0.334s] [35m[1mConsolidate compiler generated dependencies of target shape_msgs__rosidl_typesupport_fastrtps_c[0m
[0.334s] [35m[1mConsolidate compiler generated dependencies of target shape_msgs__rosidl_typesupport_introspection_cpp[0m
[0.335s] [35m[1mConsolidate compiler generated dependencies of target shape_msgs__rosidl_typesupport_cpp[0m
[0.335s] [35m[1mConsolidate compiler generated dependencies of target shape_msgs__rosidl_typesupport_c[0m
[0.342s] [35m[1mConsolidate compiler generated dependencies of target shape_msgs__rosidl_typesupport_introspection_c[0m
[0.350s] [ 25%] Built target shape_msgs__rosidl_typesupport_c
[0.359s] [ 35%] Built target shape_msgs__rosidl_typesupport_fastrtps_c
[0.367s] [ 46%] Built target shape_msgs__rosidl_typesupport_fastrtps_cpp
[0.372s] [ 57%] Built target shape_msgs__rosidl_typesupport_introspection_cpp
[0.372s] [ 67%] Built target shape_msgs__rosidl_typesupport_cpp
[0.381s] [ 78%] Built target shape_msgs__rosidl_typesupport_introspection_c
[0.425s] [ 78%] Built target shape_msgs
[0.451s] [ 80%] Built target shape_msgs__py
[0.470s] [35m[1mConsolidate compiler generated dependencies of target shape_msgs__rosidl_generator_py[0m
[0.492s] [ 89%] Built target shape_msgs__rosidl_generator_py
[0.506s] [35m[1mConsolidate compiler generated dependencies of target shape_msgs__rosidl_typesupport_fastrtps_c__pyext[0m
[0.506s] [35m[1mConsolidate compiler generated dependencies of target shape_msgs__rosidl_typesupport_introspection_c__pyext[0m
[0.509s] [35m[1mConsolidate compiler generated dependencies of target shape_msgs__rosidl_typesupport_c__pyext[0m
[0.522s] [ 92%] Built target shape_msgs__rosidl_typesupport_introspection_c__pyext
[0.523s] [ 96%] Built target shape_msgs__rosidl_typesupport_fastrtps_c__pyext
[0.523s] [100%] Built target shape_msgs__rosidl_typesupport_c__pyext
[0.807s] running egg_info
[0.819s] writing shape_msgs.egg-info/PKG-INFO
[0.819s] writing dependency_links to shape_msgs.egg-info/dependency_links.txt
[0.819s] writing top-level names to shape_msgs.egg-info/top_level.txt
[0.859s] reading manifest file 'shape_msgs.egg-info/SOURCES.txt'
[0.860s] writing manifest file 'shape_msgs.egg-info/SOURCES.txt'
[0.903s] [100%] Built target ament_cmake_python_build_shape_msgs_egg
[0.914s] Invoked command in '/home/hiro/rust_ws/src/build/shape_msgs' returned '0': AMENT_PREFIX_PATH=/home/hiro/rust_ws/src/install/geometry_msgs:/home/hiro/rust_ws/src/install/std_msgs:/home/hiro/rust_ws/src/install/builtin_interfaces:/home/hiro/rust_ws/src/install/rosidl_default_runtime:/home/hiro/rust_ws/src/install/rosidl_default_generators:/home/hiro/rust_ws/src/install/rosidl_generator_rs:/home/hiro/rust_ws/src/install/rosidl_runtime_rs:${AMENT_PREFIX_PATH} CMAKE_PREFIX_PATH=/home/hiro/rust_ws/src/install/geometry_msgs:/home/hiro/rust_ws/src/install/std_msgs:/home/hiro/rust_ws/src/install/builtin_interfaces:/home/hiro/rust_ws/src/install/rosidl_default_runtime:/home/hiro/rust_ws/src/install/rosidl_default_generators:/home/hiro/rust_ws/src/install/rosidl_generator_rs:/home/hiro/ws_livox/install/livox_ros_driver2:/opt/ros/humble LD_LIBRARY_PATH=/home/hiro/rust_ws/src/install/geometry_msgs/lib:/home/hiro/rust_ws/src/install/std_msgs/lib:/home/hiro/rust_ws/src/install/builtin_interfaces/lib:${LD_LIBRARY_PATH} PYTHONPATH=/home/hiro/rust_ws/src/install/geometry_msgs/local/lib/python3.10/dist-packages:/home/hiro/rust_ws/src/install/std_msgs/local/lib/python3.10/dist-packages:/home/hiro/rust_ws/src/install/builtin_interfaces/local/lib/python3.10/dist-packages:/home/hiro/rust_ws/src/install/rosidl_generator_rs/local/lib/python3.10/dist-packages:${PYTHONPATH} /usr/bin/cmake --build /home/hiro/rust_ws/src/build/shape_msgs -- -j22 -l22
[1.026s] Invoking command in '/home/hiro/rust_ws/src/build/shape_msgs': AMENT_PREFIX_PATH=/home/hiro/rust_ws/src/install/geometry_msgs:/home/hiro/rust_ws/src/install/std_msgs:/home/hiro/rust_ws/src/install/builtin_interfaces:/home/hiro/rust_ws/src/install/rosidl_default_runtime:/home/hiro/rust_ws/src/install/rosidl_default_generators:/home/hiro/rust_ws/src/install/rosidl_generator_rs:/home/hiro/rust_ws/src/install/rosidl_runtime_rs:${AMENT_PREFIX_PATH} CMAKE_PREFIX_PATH=/home/hiro/rust_ws/src/install/geometry_msgs:/home/hiro/rust_ws/src/install/std_msgs:/home/hiro/rust_ws/src/install/builtin_interfaces:/home/hiro/rust_ws/src/install/rosidl_default_runtime:/home/hiro/rust_ws/src/install/rosidl_default_generators:/home/hiro/rust_ws/src/install/rosidl_generator_rs:/home/hiro/ws_livox/install/livox_ros_driver2:/opt/ros/humble LD_LIBRARY_PATH=/home/hiro/rust_ws/src/install/geometry_msgs/lib:/home/hiro/rust_ws/src/install/std_msgs/lib:/home/hiro/rust_ws/src/install/builtin_interfaces/lib:${LD_LIBRARY_PATH} PYTHONPATH=/home/hiro/rust_ws/src/install/geometry_msgs/local/lib/python3.10/dist-packages:/home/hiro/rust_ws/src/install/std_msgs/local/lib/python3.10/dist-packages:/home/hiro/rust_ws/src/install/builtin_interfaces/local/lib/python3.10/dist-packages:/home/hiro/rust_ws/src/install/rosidl_generator_rs/local/lib/python3.10/dist-packages:${PYTHONPATH} /usr/bin/cmake --install /home/hiro/rust_ws/src/build/shape_msgs
[1.032s] -- Install configuration: ""
[1.034s] -- Up-to-date: /home/hiro/rust_ws/src/install/shape_msgs/share/ament_index/resource_index/rosidl_interfaces/shape_msgs
[1.035s] -- Up-to-date: /home/hiro/rust_ws/src/install/shape_msgs/include/shape_msgs/shape_msgs
[1.035s] -- Up-to-date: /home/hiro/rust_ws/src/install/shape_msgs/include/shape_msgs/shape_msgs/msg
[1.035s] -- Up-to-date: /home/hiro/rust_ws/src/install/shape_msgs/include/shape_msgs/shape_msgs/msg/rosidl_generator_c__visibility_control.h
[1.035s] -- Up-to-date: /home/hiro/rust_ws/src/install/shape_msgs/include/shape_msgs/shape_msgs/msg/mesh.h
[1.036s] -- Up-to-date: /home/hiro/rust_ws/src/install/shape_msgs/include/shape_msgs/shape_msgs/msg/solid_primitive.h
[1.036s] -- Up-to-date: /home/hiro/rust_ws/src/install/shape_msgs/include/shape_msgs/shape_msgs/msg/detail
[1.037s] -- Up-to-date: /home/hiro/rust_ws/src/install/shape_msgs/include/shape_msgs/shape_msgs/msg/detail/solid_primitive__struct.h
[1.037s] -- Up-to-date: /home/hiro/rust_ws/src/install/shape_msgs/include/shape_msgs/shape_msgs/msg/detail/mesh_triangle__functions.h
[1.037s] -- Up-to-date: /home/hiro/rust_ws/src/install/shape_msgs/include/shape_msgs/shape_msgs/msg/detail/mesh_triangle__struct.h
[1.038s] -- Up-to-date: /home/hiro/rust_ws/src/install/shape_msgs/include/shape_msgs/shape_msgs/msg/detail/plane__struct.h
[1.039s] -- Up-to-date: /home/hiro/rust_ws/src/install/shape_msgs/include/shape_msgs/shape_msgs/msg/detail/solid_primitive__type_support.h
[1.040s] -- Up-to-date: /home/hiro/rust_ws/src/install/shape_msgs/include/shape_msgs/shape_msgs/msg/detail/mesh__struct.h
[1.042s] -- Up-to-date: /home/hiro/rust_ws/src/install/shape_msgs/include/shape_msgs/shape_msgs/msg/detail/solid_primitive__functions.c
[1.046s] -- Up-to-date: /home/hiro/rust_ws/src/install/shape_msgs/include/shape_msgs/shape_msgs/msg/detail/mesh__functions.h
[1.046s] -- Up-to-date: /home/hiro/rust_ws/src/install/shape_msgs/include/shape_msgs/shape_msgs/msg/detail/mesh_triangle__functions.c
[1.046s] -- Up-to-date: /home/hiro/rust_ws/src/install/shape_msgs/include/shape_msgs/shape_msgs/msg/detail/plane__functions.c
[1.047s] -- Up-to-date: /home/hiro/rust_ws/src/install/shape_msgs/include/shape_msgs/shape_msgs/msg/detail/mesh__type_support.h
[1.047s] -- Up-to-date: /home/hiro/rust_ws/src/install/shape_msgs/include/shape_msgs/shape_msgs/msg/detail/mesh_triangle__type_support.h
[1.047s] -- Up-to-date: /home/hiro/rust_ws/src/install/shape_msgs/include/shape_msgs/shape_msgs/msg/detail/plane__type_support.h
[1.047s] -- Up-to-date: /home/hiro/rust_ws/src/install/shape_msgs/include/shape_msgs/shape_msgs/msg/detail/solid_primitive__functions.h
[1.047s] -- Up-to-date: /home/hiro/rust_ws/src/install/shape_msgs/include/shape_msgs/shape_msgs/msg/detail/mesh__functions.c
[1.048s] -- Up-to-date: /home/hiro/rust_ws/src/install/shape_msgs/include/shape_msgs/shape_msgs/msg/detail/plane__functions.h
[1.048s] -- Up-to-date: /home/hiro/rust_ws/src/install/shape_msgs/include/shape_msgs/shape_msgs/msg/plane.h
[1.048s] -- Up-to-date: /home/hiro/rust_ws/src/install/shape_msgs/include/shape_msgs/shape_msgs/msg/mesh_triangle.h
[1.049s] -- Up-to-date: /home/hiro/rust_ws/src/install/shape_msgs/share/shape_msgs/environment/library_path.sh
[1.051s] -- Up-to-date: /home/hiro/rust_ws/src/install/shape_msgs/share/shape_msgs/environment/library_path.dsv
[1.053s] -- Up-to-date: /home/hiro/rust_ws/src/install/shape_msgs/lib/libshape_msgs__rosidl_generator_c.so
[1.053s] -- Up-to-date: /home/hiro/rust_ws/src/install/shape_msgs/include/shape_msgs/shape_msgs
[1.053s] -- Up-to-date: /home/hiro/rust_ws/src/install/shape_msgs/include/shape_msgs/shape_msgs/msg
[1.054s] -- Up-to-date: /home/hiro/rust_ws/src/install/shape_msgs/include/shape_msgs/shape_msgs/msg/detail
[1.055s] -- Up-to-date: /home/hiro/rust_ws/src/install/shape_msgs/include/shape_msgs/shape_msgs/msg/detail/plane__rosidl_typesupport_fastrtps_c.h
[1.055s] -- Up-to-date: /home/hiro/rust_ws/src/install/shape_msgs/include/shape_msgs/shape_msgs/msg/detail/mesh_triangle__rosidl_typesupport_fastrtps_c.h
[1.055s] -- Up-to-date: /home/hiro/rust_ws/src/install/shape_msgs/include/shape_msgs/shape_msgs/msg/detail/mesh__rosidl_typesupport_fastrtps_c.h
[1.056s] -- Up-to-date: /home/hiro/rust_ws/src/install/shape_msgs/include/shape_msgs/shape_msgs/msg/detail/solid_primitive__rosidl_typesupport_fastrtps_c.h
[1.056s] -- Up-to-date: /home/hiro/rust_ws/src/install/shape_msgs/include/shape_msgs/shape_msgs/msg/rosidl_typesupport_fastrtps_c__visibility_control.h
[1.056s] -- Up-to-date: /home/hiro/rust_ws/src/install/shape_msgs/lib/libshape_msgs__rosidl_typesupport_fastrtps_c.so
[1.056s] -- Up-to-date: /home/hiro/rust_ws/src/install/shape_msgs/include/shape_msgs/shape_msgs
[1.057s] -- Up-to-date: /home/hiro/rust_ws/src/install/shape_msgs/include/shape_msgs/shape_msgs/msg
[1.057s] -- Up-to-date: /home/hiro/rust_ws/src/install/shape_msgs/include/shape_msgs/shape_msgs/msg/plane.hpp
[1.057s] -- Up-to-date: /home/hiro/rust_ws/src/install/shape_msgs/include/shape_msgs/shape_msgs/msg/mesh_triangle.hpp
[1.057s] -- Up-to-date: /home/hiro/rust_ws/src/install/shape_msgs/include/shape_msgs/shape_msgs/msg/mesh.hpp
[1.058s] -- Up-to-date: /home/hiro/rust_ws/src/install/shape_msgs/include/shape_msgs/shape_msgs/msg/detail
[1.058s] -- Up-to-date: /home/hiro/rust_ws/src/install/shape_msgs/include/shape_msgs/shape_msgs/msg/detail/mesh_triangle__traits.hpp
[1.058s] -- Up-to-date: /home/hiro/rust_ws/src/install/shape_msgs/include/shape_msgs/shape_msgs/msg/detail/mesh__builder.hpp
[1.059s] -- Up-to-date: /home/hiro/rust_ws/src/install/shape_msgs/include/shape_msgs/shape_msgs/msg/detail/mesh_triangle__struct.hpp
[1.059s] -- Up-to-date: /home/hiro/rust_ws/src/install/shape_msgs/include/shape_msgs/shape_msgs/msg/detail/solid_primitive__struct.hpp
[1.059s] -- Up-to-date: /home/hiro/rust_ws/src/install/shape_msgs/include/shape_msgs/shape_msgs/msg/detail/plane__traits.hpp
[1.060s] -- Up-to-date: /home/hiro/rust_ws/src/install/shape_msgs/include/shape_msgs/shape_msgs/msg/detail/solid_primitive__builder.hpp
[1.060s] -- Up-to-date: /home/hiro/rust_ws/src/install/shape_msgs/include/shape_msgs/shape_msgs/msg/detail/mesh__traits.hpp
[1.060s] -- Up-to-date: /home/hiro/rust_ws/src/install/shape_msgs/include/shape_msgs/shape_msgs/msg/detail/solid_primitive__traits.hpp
[1.060s] -- Up-to-date: /home/hiro/rust_ws/src/install/shape_msgs/include/shape_msgs/shape_msgs/msg/detail/mesh_triangle__builder.hpp
[1.060s] -- Up-to-date: /home/hiro/rust_ws/src/install/shape_msgs/include/shape_msgs/shape_msgs/msg/detail/plane__builder.hpp
[1.060s] -- Up-to-date: /home/hiro/rust_ws/src/install/shape_msgs/include/shape_msgs/shape_msgs/msg/detail/mesh__struct.hpp
[1.060s] -- Up-to-date: /home/hiro/rust_ws/src/install/shape_msgs/include/shape_msgs/shape_msgs/msg/detail/plane__struct.hpp
[1.061s] -- Up-to-date: /home/hiro/rust_ws/src/install/shape_msgs/include/shape_msgs/shape_msgs/msg/solid_primitive.hpp
[1.061s] -- Up-to-date: /home/hiro/rust_ws/src/install/shape_msgs/include/shape_msgs/shape_msgs
[1.061s] -- Up-to-date: /home/hiro/rust_ws/src/install/shape_msgs/include/shape_msgs/shape_msgs/msg
[1.061s] -- Up-to-date: /home/hiro/rust_ws/src/install/shape_msgs/include/shape_msgs/shape_msgs/msg/rosidl_typesupport_fastrtps_cpp__visibility_control.h
[1.061s] -- Up-to-date: /home/hiro/rust_ws/src/install/shape_msgs/include/shape_msgs/shape_msgs/msg/detail
[1.061s] -- Up-to-date: /home/hiro/rust_ws/src/install/shape_msgs/include/shape_msgs/shape_msgs/msg/detail/mesh__rosidl_typesupport_fastrtps_cpp.hpp
[1.062s] -- Up-to-date: /home/hiro/rust_ws/src/install/shape_msgs/include/shape_msgs/shape_msgs/msg/detail/dds_fastrtps
[1.063s] -- Up-to-date: /home/hiro/rust_ws/src/install/shape_msgs/include/shape_msgs/shape_msgs/msg/detail/plane__rosidl_typesupport_fastrtps_cpp.hpp
[1.064s] -- Up-to-date: /home/hiro/rust_ws/src/install/shape_msgs/include/shape_msgs/shape_msgs/msg/detail/solid_primitive__rosidl_typesupport_fastrtps_cpp.hpp
[1.064s] -- Up-to-date: /home/hiro/rust_ws/src/install/shape_msgs/include/shape_msgs/shape_msgs/msg/detail/mesh_triangle__rosidl_typesupport_fastrtps_cpp.hpp
[1.065s] -- Up-to-date: /home/hiro/rust_ws/src/install/shape_msgs/lib/libshape_msgs__rosidl_typesupport_fastrtps_cpp.so
[1.065s] -- Up-to-date: /home/hiro/rust_ws/src/install/shape_msgs/include/shape_msgs/shape_msgs
[1.066s] -- Up-to-date: /home/hiro/rust_ws/src/install/shape_msgs/include/shape_msgs/shape_msgs/msg
[1.066s] -- Up-to-date: /home/hiro/rust_ws/src/install/shape_msgs/include/shape_msgs/shape_msgs/msg/rosidl_typesupport_introspection_c__visibility_control.h
[1.066s] -- Up-to-date: /home/hiro/rust_ws/src/install/shape_msgs/include/shape_msgs/shape_msgs/msg/detail
[1.066s] -- Up-to-date: /home/hiro/rust_ws/src/install/shape_msgs/include/shape_msgs/shape_msgs/msg/detail/mesh__type_support.c
[1.066s] -- Up-to-date: /home/hiro/rust_ws/src/install/shape_msgs/include/shape_msgs/shape_msgs/msg/detail/solid_primitive__type_support.c
[1.066s] -- Up-to-date: /home/hiro/rust_ws/src/install/shape_msgs/include/shape_msgs/shape_msgs/msg/detail/plane__rosidl_typesupport_introspection_c.h
[1.066s] -- Up-to-date: /home/hiro/rust_ws/src/install/shape_msgs/include/shape_msgs/shape_msgs/msg/detail/mesh__rosidl_typesupport_introspection_c.h
[1.066s] -- Up-to-date: /home/hiro/rust_ws/src/install/shape_msgs/include/shape_msgs/shape_msgs/msg/detail/solid_primitive__rosidl_typesupport_introspection_c.h
[1.067s] -- Up-to-date: /home/hiro/rust_ws/src/install/shape_msgs/include/shape_msgs/shape_msgs/msg/detail/mesh_triangle__rosidl_typesupport_introspection_c.h
[1.067s] -- Up-to-date: /home/hiro/rust_ws/src/install/shape_msgs/include/shape_msgs/shape_msgs/msg/detail/mesh_triangle__type_support.c
[1.068s] -- Up-to-date: /home/hiro/rust_ws/src/install/shape_msgs/include/shape_msgs/shape_msgs/msg/detail/plane__type_support.c
[1.068s] -- Up-to-date: /home/hiro/rust_ws/src/install/shape_msgs/lib/libshape_msgs__rosidl_typesupport_introspection_c.so
[1.068s] -- Up-to-date: /home/hiro/rust_ws/src/install/shape_msgs/lib/libshape_msgs__rosidl_typesupport_c.so
[1.068s] -- Up-to-date: /home/hiro/rust_ws/src/install/shape_msgs/include/shape_msgs/shape_msgs
[1.068s] -- Up-to-date: /home/hiro/rust_ws/src/install/shape_msgs/include/shape_msgs/shape_msgs/msg
[1.069s] -- Up-to-date: /home/hiro/rust_ws/src/install/shape_msgs/include/shape_msgs/shape_msgs/msg/detail
[1.069s] -- Up-to-date: /home/hiro/rust_ws/src/install/shape_msgs/include/shape_msgs/shape_msgs/msg/detail/mesh__type_support.cpp
[1.070s] -- Up-to-date: /home/hiro/rust_ws/src/install/shape_msgs/include/shape_msgs/shape_msgs/msg/detail/solid_primitive__rosidl_typesupport_introspection_cpp.hpp
[1.070s] -- Up-to-date: /home/hiro/rust_ws/src/install/shape_msgs/include/shape_msgs/shape_msgs/msg/detail/solid_primitive__type_support.cpp
[1.070s] -- Up-to-date: /home/hiro/rust_ws/src/install/shape_msgs/include/shape_msgs/shape_msgs/msg/detail/plane__rosidl_typesupport_introspection_cpp.hpp
[1.071s] -- Up-to-date: /home/hiro/rust_ws/src/install/shape_msgs/include/shape_msgs/shape_msgs/msg/detail/mesh__rosidl_typesupport_introspection_cpp.hpp
[1.071s] -- Up-to-date: /home/hiro/rust_ws/src/install/shape_msgs/include/shape_msgs/shape_msgs/msg/detail/plane__type_support.cpp
[1.071s] -- Up-to-date: /home/hiro/rust_ws/src/install/shape_msgs/include/shape_msgs/shape_msgs/msg/detail/mesh_triangle__type_support.cpp
[1.071s] -- Up-to-date: /home/hiro/rust_ws/src/install/shape_msgs/include/shape_msgs/shape_msgs/msg/detail/mesh_triangle__rosidl_typesupport_introspection_cpp.hpp
[1.071s] -- Up-to-date: /home/hiro/rust_ws/src/install/shape_msgs/lib/libshape_msgs__rosidl_typesupport_introspection_cpp.so
[1.072s] -- Up-to-date: /home/hiro/rust_ws/src/install/shape_msgs/lib/libshape_msgs__rosidl_typesupport_cpp.so
[1.072s] -- Up-to-date: /home/hiro/rust_ws/src/install/shape_msgs/share/ament_index/resource_index/rust_packages/shape_msgs
[1.072s] -- Up-to-date: /home/hiro/rust_ws/src/install/shape_msgs/share/shape_msgs/rust
[1.072s] -- Up-to-date: /home/hiro/rust_ws/src/install/shape_msgs/share/shape_msgs/rust/Cargo.toml
[1.073s] -- Up-to-date: /home/hiro/rust_ws/src/install/shape_msgs/share/shape_msgs/rust/build.rs
[1.073s] -- Up-to-date: /home/hiro/rust_ws/src/install/shape_msgs/share/shape_msgs/rust/src
[1.073s] -- Up-to-date: /home/hiro/rust_ws/src/install/shape_msgs/share/shape_msgs/rust/src/msg.rs
[1.074s] -- Up-to-date: /home/hiro/rust_ws/src/install/shape_msgs/share/shape_msgs/rust/src/lib.rs
[1.075s] -- Up-to-date: /home/hiro/rust_ws/src/install/shape_msgs/share/shape_msgs/environment/pythonpath.sh
[1.075s] -- Up-to-date: /home/hiro/rust_ws/src/install/shape_msgs/share/shape_msgs/environment/pythonpath.dsv
[1.075s] -- Up-to-date: /home/hiro/rust_ws/src/install/shape_msgs/local/lib/python3.10/dist-packages/shape_msgs-4.2.4-py3.10.egg-info
[1.075s] -- Installing: /home/hiro/rust_ws/src/install/shape_msgs/local/lib/python3.10/dist-packages/shape_msgs-4.2.4-py3.10.egg-info/top_level.txt
[1.075s] -- Installing: /home/hiro/rust_ws/src/install/shape_msgs/local/lib/python3.10/dist-packages/shape_msgs-4.2.4-py3.10.egg-info/PKG-INFO
[1.076s] -- Installing: /home/hiro/rust_ws/src/install/shape_msgs/local/lib/python3.10/dist-packages/shape_msgs-4.2.4-py3.10.egg-info/SOURCES.txt
[1.076s] -- Installing: /home/hiro/rust_ws/src/install/shape_msgs/local/lib/python3.10/dist-packages/shape_msgs-4.2.4-py3.10.egg-info/dependency_links.txt
[1.076s] -- Up-to-date: /home/hiro/rust_ws/src/install/shape_msgs/local/lib/python3.10/dist-packages/shape_msgs
[1.076s] -- Up-to-date: /home/hiro/rust_ws/src/install/shape_msgs/local/lib/python3.10/dist-packages/shape_msgs/shape_msgs_s__rosidl_typesupport_fastrtps_c.cpython-310-x86_64-linux-gnu.so
[1.076s] -- Up-to-date: /home/hiro/rust_ws/src/install/shape_msgs/local/lib/python3.10/dist-packages/shape_msgs/_shape_msgs_s.ep.rosidl_typesupport_c.c
[1.076s] -- Up-to-date: /home/hiro/rust_ws/src/install/shape_msgs/local/lib/python3.10/dist-packages/shape_msgs/_shape_msgs_s.ep.rosidl_typesupport_introspection_c.c
[1.076s] -- Up-to-date: /home/hiro/rust_ws/src/install/shape_msgs/local/lib/python3.10/dist-packages/shape_msgs/libshape_msgs__rosidl_generator_py.so
[1.077s] -- Up-to-date: /home/hiro/rust_ws/src/install/shape_msgs/local/lib/python3.10/dist-packages/shape_msgs/shape_msgs_s__rosidl_typesupport_introspection_c.cpython-310-x86_64-linux-gnu.so
[1.077s] -- Up-to-date: /home/hiro/rust_ws/src/install/shape_msgs/local/lib/python3.10/dist-packages/shape_msgs/_shape_msgs_s.ep.rosidl_typesupport_fastrtps_c.c
[1.077s] -- Up-to-date: /home/hiro/rust_ws/src/install/shape_msgs/local/lib/python3.10/dist-packages/shape_msgs/__init__.py
[1.077s] -- Up-to-date: /home/hiro/rust_ws/src/install/shape_msgs/local/lib/python3.10/dist-packages/shape_msgs/shape_msgs_s__rosidl_typesupport_c.cpython-310-x86_64-linux-gnu.so
[1.077s] -- Up-to-date: /home/hiro/rust_ws/src/install/shape_msgs/local/lib/python3.10/dist-packages/shape_msgs/msg
[1.078s] -- Up-to-date: /home/hiro/rust_ws/src/install/shape_msgs/local/lib/python3.10/dist-packages/shape_msgs/msg/_mesh.py
[1.078s] -- Up-to-date: /home/hiro/rust_ws/src/install/shape_msgs/local/lib/python3.10/dist-packages/shape_msgs/msg/_solid_primitive.py
[1.078s] -- Up-to-date: /home/hiro/rust_ws/src/install/shape_msgs/local/lib/python3.10/dist-packages/shape_msgs/msg/_mesh_triangle_s.c
[1.078s] -- Up-to-date: /home/hiro/rust_ws/src/install/shape_msgs/local/lib/python3.10/dist-packages/shape_msgs/msg/_mesh_s.c
[1.078s] -- Up-to-date: /home/hiro/rust_ws/src/install/shape_msgs/local/lib/python3.10/dist-packages/shape_msgs/msg/_plane.py
[1.078s] -- Up-to-date: /home/hiro/rust_ws/src/install/shape_msgs/local/lib/python3.10/dist-packages/shape_msgs/msg/_plane_s.c
[1.078s] -- Up-to-date: /home/hiro/rust_ws/src/install/shape_msgs/local/lib/python3.10/dist-packages/shape_msgs/msg/__init__.py
[1.078s] -- Up-to-date: /home/hiro/rust_ws/src/install/shape_msgs/local/lib/python3.10/dist-packages/shape_msgs/msg/_mesh_triangle.py
[1.079s] -- Up-to-date: /home/hiro/rust_ws/src/install/shape_msgs/local/lib/python3.10/dist-packages/shape_msgs/msg/_solid_primitive_s.c
[1.114s] Listing '/home/hiro/rust_ws/src/install/shape_msgs/local/lib/python3.10/dist-packages/shape_msgs'...
[1.114s] Listing '/home/hiro/rust_ws/src/install/shape_msgs/local/lib/python3.10/dist-packages/shape_msgs/msg'...
[1.115s] -- Up-to-date: /home/hiro/rust_ws/src/install/shape_msgs/local/lib/python3.10/dist-packages/shape_msgs/shape_msgs_s__rosidl_typesupport_fastrtps_c.cpython-310-x86_64-linux-gnu.so
[1.116s] -- Up-to-date: /home/hiro/rust_ws/src/install/shape_msgs/local/lib/python3.10/dist-packages/shape_msgs/shape_msgs_s__rosidl_typesupport_introspection_c.cpython-310-x86_64-linux-gnu.so
[1.116s] -- Up-to-date: /home/hiro/rust_ws/src/install/shape_msgs/local/lib/python3.10/dist-packages/shape_msgs/shape_msgs_s__rosidl_typesupport_c.cpython-310-x86_64-linux-gnu.so
[1.116s] -- Up-to-date: /home/hiro/rust_ws/src/install/shape_msgs/lib/libshape_msgs__rosidl_generator_py.so
[1.116s] -- Up-to-date: /home/hiro/rust_ws/src/install/shape_msgs/share/shape_msgs/msg/Mesh.idl
[1.116s] -- Up-to-date: /home/hiro/rust_ws/src/install/shape_msgs/share/shape_msgs/msg/MeshTriangle.idl
[1.116s] -- Up-to-date: /home/hiro/rust_ws/src/install/shape_msgs/share/shape_msgs/msg/Plane.idl
[1.116s] -- Up-to-date: /home/hiro/rust_ws/src/install/shape_msgs/share/shape_msgs/msg/SolidPrimitive.idl
[1.116s] -- Up-to-date: /home/hiro/rust_ws/src/install/shape_msgs/share/shape_msgs/msg/Mesh.msg
[1.117s] -- Up-to-date: /home/hiro/rust_ws/src/install/shape_msgs/share/shape_msgs/msg/MeshTriangle.msg
[1.117s] -- Up-to-date: /home/hiro/rust_ws/src/install/shape_msgs/share/shape_msgs/msg/Plane.msg
[1.117s] -- Up-to-date: /home/hiro/rust_ws/src/install/shape_msgs/share/shape_msgs/msg/SolidPrimitive.msg
[1.117s] -- Up-to-date: /home/hiro/rust_ws/src/install/shape_msgs/share/ament_index/resource_index/package_run_dependencies/shape_msgs
[1.117s] -- Up-to-date: /home/hiro/rust_ws/src/install/shape_msgs/share/ament_index/resource_index/parent_prefix_path/shape_msgs
[1.117s] -- Up-to-date: /home/hiro/rust_ws/src/install/shape_msgs/share/shape_msgs/environment/ament_prefix_path.sh
[1.118s] -- Up-to-date: /home/hiro/rust_ws/src/install/shape_msgs/share/shape_msgs/environment/ament_prefix_path.dsv
[1.118s] -- Up-to-date: /home/hiro/rust_ws/src/install/shape_msgs/share/shape_msgs/environment/path.sh
[1.118s] -- Up-to-date: /home/hiro/rust_ws/src/install/shape_msgs/share/shape_msgs/environment/path.dsv
[1.118s] -- Up-to-date: /home/hiro/rust_ws/src/install/shape_msgs/share/shape_msgs/local_setup.bash
[1.118s] -- Up-to-date: /home/hiro/rust_ws/src/install/shape_msgs/share/shape_msgs/local_setup.sh
[1.118s] -- Up-to-date: /home/hiro/rust_ws/src/install/shape_msgs/share/shape_msgs/local_setup.zsh
[1.119s] -- Up-to-date: /home/hiro/rust_ws/src/install/shape_msgs/share/shape_msgs/local_setup.dsv
[1.119s] -- Installing: /home/hiro/rust_ws/src/install/shape_msgs/share/shape_msgs/package.dsv
[1.119s] -- Up-to-date: /home/hiro/rust_ws/src/install/shape_msgs/share/ament_index/resource_index/packages/shape_msgs
[1.119s] -- Up-to-date: /home/hiro/rust_ws/src/install/shape_msgs/share/shape_msgs/cmake/export_shape_msgs__rosidl_generator_cExport.cmake
[1.120s] -- Up-to-date: /home/hiro/rust_ws/src/install/shape_msgs/share/shape_msgs/cmake/export_shape_msgs__rosidl_generator_cExport-noconfig.cmake
[1.120s] -- Up-to-date: /home/hiro/rust_ws/src/install/shape_msgs/share/shape_msgs/cmake/export_shape_msgs__rosidl_typesupport_fastrtps_cExport.cmake
[1.120s] -- Up-to-date: /home/hiro/rust_ws/src/install/shape_msgs/share/shape_msgs/cmake/export_shape_msgs__rosidl_typesupport_fastrtps_cExport-noconfig.cmake
[1.121s] -- Up-to-date: /home/hiro/rust_ws/src/install/shape_msgs/share/shape_msgs/cmake/export_shape_msgs__rosidl_generator_cppExport.cmake
[1.121s] -- Up-to-date: /home/hiro/rust_ws/src/install/shape_msgs/share/shape_msgs/cmake/export_shape_msgs__rosidl_typesupport_fastrtps_cppExport.cmake
[1.122s] -- Up-to-date: /home/hiro/rust_ws/src/install/shape_msgs/share/shape_msgs/cmake/export_shape_msgs__rosidl_typesupport_fastrtps_cppExport-noconfig.cmake
[1.122s] -- Up-to-date: /home/hiro/rust_ws/src/install/shape_msgs/share/shape_msgs/cmake/shape_msgs__rosidl_typesupport_introspection_cExport.cmake
[1.122s] -- Up-to-date: /home/hiro/rust_ws/src/install/shape_msgs/share/shape_msgs/cmake/shape_msgs__rosidl_typesupport_introspection_cExport-noconfig.cmake
[1.122s] -- Up-to-date: /home/hiro/rust_ws/src/install/shape_msgs/share/shape_msgs/cmake/shape_msgs__rosidl_typesupport_cExport.cmake
[1.122s] -- Up-to-date: /home/hiro/rust_ws/src/install/shape_msgs/share/shape_msgs/cmake/shape_msgs__rosidl_typesupport_cExport-noconfig.cmake
[1.122s] -- Up-to-date: /home/hiro/rust_ws/src/install/shape_msgs/share/shape_msgs/cmake/shape_msgs__rosidl_typesupport_introspection_cppExport.cmake
[1.123s] -- Up-to-date: /home/hiro/rust_ws/src/install/shape_msgs/share/shape_msgs/cmake/shape_msgs__rosidl_typesupport_introspection_cppExport-noconfig.cmake
[1.123s] -- Up-to-date: /home/hiro/rust_ws/src/install/shape_msgs/share/shape_msgs/cmake/shape_msgs__rosidl_typesupport_cppExport.cmake
[1.123s] -- Up-to-date: /home/hiro/rust_ws/src/install/shape_msgs/share/shape_msgs/cmake/shape_msgs__rosidl_typesupport_cppExport-noconfig.cmake
[1.123s] -- Up-to-date: /home/hiro/rust_ws/src/install/shape_msgs/share/shape_msgs/cmake/export_shape_msgs__rosidl_generator_pyExport.cmake
[1.124s] -- Up-to-date: /home/hiro/rust_ws/src/install/shape_msgs/share/shape_msgs/cmake/export_shape_msgs__rosidl_generator_pyExport-noconfig.cmake
[1.124s] -- Up-to-date: /home/hiro/rust_ws/src/install/shape_msgs/share/shape_msgs/cmake/rosidl_cmake-extras.cmake
[1.124s] -- Up-to-date: /home/hiro/rust_ws/src/install/shape_msgs/share/shape_msgs/cmake/ament_cmake_export_dependencies-extras.cmake
[1.125s] -- Up-to-date: /home/hiro/rust_ws/src/install/shape_msgs/share/shape_msgs/cmake/ament_cmake_export_include_directories-extras.cmake
[1.125s] -- Up-to-date: /home/hiro/rust_ws/src/install/shape_msgs/share/shape_msgs/cmake/ament_cmake_export_libraries-extras.cmake
[1.125s] -- Up-to-date: /home/hiro/rust_ws/src/install/shape_msgs/share/shape_msgs/cmake/ament_cmake_export_targets-extras.cmake
[1.125s] -- Up-to-date: /home/hiro/rust_ws/src/install/shape_msgs/share/shape_msgs/cmake/rosidl_cmake_export_typesupport_targets-extras.cmake
[1.125s] -- Up-to-date: /home/hiro/rust_ws/src/install/shape_msgs/share/shape_msgs/cmake/rosidl_cmake_export_typesupport_libraries-extras.cmake
[1.125s] -- Up-to-date: /home/hiro/rust_ws/src/install/shape_msgs/share/shape_msgs/cmake/shape_msgsConfig.cmake
[1.125s] -- Up-to-date: /home/hiro/rust_ws/src/install/shape_msgs/share/shape_msgs/cmake/shape_msgsConfig-version.cmake
[1.126s] -- Up-to-date: /home/hiro/rust_ws/src/install/shape_msgs/share/shape_msgs/package.xml
[1.149s] Invoked command in '/home/hiro/rust_ws/src/build/shape_msgs' returned '0': AMENT_PREFIX_PATH=/home/hiro/rust_ws/src/install/geometry_msgs:/home/hiro/rust_ws/src/install/std_msgs:/home/hiro/rust_ws/src/install/builtin_interfaces:/home/hiro/rust_ws/src/install/rosidl_default_runtime:/home/hiro/rust_ws/src/install/rosidl_default_generators:/home/hiro/rust_ws/src/install/rosidl_generator_rs:/home/hiro/rust_ws/src/install/rosidl_runtime_rs:${AMENT_PREFIX_PATH} CMAKE_PREFIX_PATH=/home/hiro/rust_ws/src/install/geometry_msgs:/home/hiro/rust_ws/src/install/std_msgs:/home/hiro/rust_ws/src/install/builtin_interfaces:/home/hiro/rust_ws/src/install/rosidl_default_runtime:/home/hiro/rust_ws/src/install/rosidl_default_generators:/home/hiro/rust_ws/src/install/rosidl_generator_rs:/home/hiro/ws_livox/install/livox_ros_driver2:/opt/ros/humble LD_LIBRARY_PATH=/home/hiro/rust_ws/src/install/geometry_msgs/lib:/home/hiro/rust_ws/src/install/std_msgs/lib:/home/hiro/rust_ws/src/install/builtin_interfaces/lib:${LD_LIBRARY_PATH} PYTHONPATH=/home/hiro/rust_ws/src/install/geometry_msgs/local/lib/python3.10/dist-packages:/home/hiro/rust_ws/src/install/std_msgs/local/lib/python3.10/dist-packages:/home/hiro/rust_ws/src/install/builtin_interfaces/local/lib/python3.10/dist-packages:/home/hiro/rust_ws/src/install/rosidl_generator_rs/local/lib/python3.10/dist-packages:${PYTHONPATH} /usr/bin/cmake --install /home/hiro/rust_ws/src/build/shape_msgs
