[1.603s] Invoking command in '/home/hiro/rust_ws/src/src/ros2/common_interfaces/sensor_msgs_py': AMENT_PREFIX_PATH=/home/hiro/rust_ws/install/sensor_msgs:/home/hiro/rust_ws/install/geometry_msgs:/home/hiro/rust_ws/install/std_msgs:/home/hiro/rust_ws/install/builtin_interfaces:/home/hiro/rust_ws/install/rosidl_default_runtime:/home/hiro/rust_ws/install/rosidl_default_generators:/home/hiro/rust_ws/install/rosidl_generator_rs:/home/hiro/rust_ws/install/rosidl_runtime_rs:${AMENT_PREFIX_PATH} CMAKE_PREFIX_PATH=/home/hiro/rust_ws/install/sensor_msgs:/home/hiro/rust_ws/install/geometry_msgs:/home/hiro/rust_ws/install/std_msgs:/home/hiro/rust_ws/install/builtin_interfaces:/home/hiro/rust_ws/install/rosidl_default_runtime:/home/hiro/rust_ws/install/rosidl_default_generators:/home/hiro/rust_ws/install/rosidl_generator_rs:${CMAKE_PREFIX_PATH} LD_LIBRARY_PATH=/home/hiro/rust_ws/install/sensor_msgs/lib:/home/hiro/rust_ws/install/geometry_msgs/lib:/home/hiro/rust_ws/install/std_msgs/lib:/home/hiro/rust_ws/install/builtin_interfaces/lib:${LD_LIBRARY_PATH} PYTHONPATH=/home/hiro/rust_ws/build/sensor_msgs_py/prefix_override:/usr/lib/python3/dist-packages/colcon_core/task/python/colcon_distutils_commands:/home/hiro/rust_ws/install/sensor_msgs_py/lib/python3.10/site-packages:/home/hiro/rust_ws/install/sensor_msgs/local/lib/python3.10/dist-packages:/home/hiro/rust_ws/install/geometry_msgs/local/lib/python3.10/dist-packages:/home/hiro/rust_ws/install/std_msgs/local/lib/python3.10/dist-packages:/home/hiro/rust_ws/install/builtin_interfaces/local/lib/python3.10/dist-packages:/home/hiro/rust_ws/install/rosidl_generator_rs/local/lib/python3.10/dist-packages:${PYTHONPATH} /usr/bin/python3 -W ignore:setup.py install is deprecated setup.py egg_info --egg-base ../../../../../build/sensor_msgs_py build --build-base /home/hiro/rust_ws/build/sensor_msgs_py/build install --record /home/hiro/rust_ws/build/sensor_msgs_py/install.log --single-version-externally-managed install_data
[1.880s] running egg_info
[1.890s] writing ../../../../../build/sensor_msgs_py/sensor_msgs_py.egg-info/PKG-INFO
[1.890s] writing dependency_links to ../../../../../build/sensor_msgs_py/sensor_msgs_py.egg-info/dependency_links.txt
[1.890s] writing requirements to ../../../../../build/sensor_msgs_py/sensor_msgs_py.egg-info/requires.txt
[1.890s] writing top-level names to ../../../../../build/sensor_msgs_py/sensor_msgs_py.egg-info/top_level.txt
[1.907s] reading manifest file '../../../../../build/sensor_msgs_py/sensor_msgs_py.egg-info/SOURCES.txt'
[1.907s] adding license file 'LICENSE'
[1.908s] writing manifest file '../../../../../build/sensor_msgs_py/sensor_msgs_py.egg-info/SOURCES.txt'
[1.908s] running build
[1.908s] running build_py
[1.909s] running install
[1.914s] running install_lib
[1.925s] running install_data
[1.925s] running install_egg_info
[1.937s] removing '/home/hiro/rust_ws/install/sensor_msgs_py/lib/python3.10/site-packages/sensor_msgs_py-4.2.4-py3.10.egg-info' (and everything under it)
[1.937s] Copying ../../../../../build/sensor_msgs_py/sensor_msgs_py.egg-info to /home/hiro/rust_ws/install/sensor_msgs_py/lib/python3.10/site-packages/sensor_msgs_py-4.2.4-py3.10.egg-info
[1.938s] running install_scripts
[1.986s] writing list of installed files to '/home/hiro/rust_ws/build/sensor_msgs_py/install.log'
[2.016s] Invoked command in '/home/hiro/rust_ws/src/src/ros2/common_interfaces/sensor_msgs_py' returned '0': AMENT_PREFIX_PATH=/home/hiro/rust_ws/install/sensor_msgs:/home/hiro/rust_ws/install/geometry_msgs:/home/hiro/rust_ws/install/std_msgs:/home/hiro/rust_ws/install/builtin_interfaces:/home/hiro/rust_ws/install/rosidl_default_runtime:/home/hiro/rust_ws/install/rosidl_default_generators:/home/hiro/rust_ws/install/rosidl_generator_rs:/home/hiro/rust_ws/install/rosidl_runtime_rs:${AMENT_PREFIX_PATH} CMAKE_PREFIX_PATH=/home/hiro/rust_ws/install/sensor_msgs:/home/hiro/rust_ws/install/geometry_msgs:/home/hiro/rust_ws/install/std_msgs:/home/hiro/rust_ws/install/builtin_interfaces:/home/hiro/rust_ws/install/rosidl_default_runtime:/home/hiro/rust_ws/install/rosidl_default_generators:/home/hiro/rust_ws/install/rosidl_generator_rs:${CMAKE_PREFIX_PATH} LD_LIBRARY_PATH=/home/hiro/rust_ws/install/sensor_msgs/lib:/home/hiro/rust_ws/install/geometry_msgs/lib:/home/hiro/rust_ws/install/std_msgs/lib:/home/hiro/rust_ws/install/builtin_interfaces/lib:${LD_LIBRARY_PATH} PYTHONPATH=/home/hiro/rust_ws/build/sensor_msgs_py/prefix_override:/usr/lib/python3/dist-packages/colcon_core/task/python/colcon_distutils_commands:/home/hiro/rust_ws/install/sensor_msgs_py/lib/python3.10/site-packages:/home/hiro/rust_ws/install/sensor_msgs/local/lib/python3.10/dist-packages:/home/hiro/rust_ws/install/geometry_msgs/local/lib/python3.10/dist-packages:/home/hiro/rust_ws/install/std_msgs/local/lib/python3.10/dist-packages:/home/hiro/rust_ws/install/builtin_interfaces/local/lib/python3.10/dist-packages:/home/hiro/rust_ws/install/rosidl_generator_rs/local/lib/python3.10/dist-packages:${PYTHONPATH} /usr/bin/python3 -W ignore:setup.py install is deprecated setup.py egg_info --egg-base ../../../../../build/sensor_msgs_py build --build-base /home/hiro/rust_ws/build/sensor_msgs_py/build install --record /home/hiro/rust_ws/build/sensor_msgs_py/install.log --single-version-externally-managed install_data
