[0.225s] Invoking command in '/home/hiro/rust_ws/src/build/statistics_msgs': AMENT_PREFIX_PATH=/home/hiro/rust_ws/src/install/builtin_interfaces:/home/hiro/rust_ws/src/install/rosidl_default_runtime:/home/hiro/rust_ws/src/install/rosidl_default_generators:/home/hiro/rust_ws/src/install/rosidl_generator_rs:/home/hiro/rust_ws/src/install/rosidl_runtime_rs:${AMENT_PREFIX_PATH} CMAKE_PREFIX_PATH=/home/hiro/rust_ws/src/install/builtin_interfaces:/home/hiro/rust_ws/src/install/rosidl_default_runtime:/home/hiro/rust_ws/src/install/rosidl_default_generators:/home/hiro/rust_ws/src/install/rosidl_generator_rs:/home/hiro/ws_livox/install/livox_ros_driver2:/opt/ros/humble LD_LIBRARY_PATH=/home/hiro/rust_ws/src/install/builtin_interfaces/lib:${LD_LIBRARY_PATH} PYTHONPATH=/home/hiro/rust_ws/src/install/builtin_interfaces/local/lib/python3.10/dist-packages:/home/hiro/rust_ws/src/install/rosidl_generator_rs/local/lib/python3.10/dist-packages:${PYTHONPATH} /usr/bin/cmake --build /home/hiro/rust_ws/src/build/statistics_msgs -- -j22 -l22
[0.270s] [35m[1mConsolidate compiler generated dependencies of target statistics_msgs__rosidl_generator_c[0m
[0.283s] [  2%] Built target statistics_msgs__cpp
[0.284s] [  4%] Built target statistics_msgs__rs
[0.292s] [ 14%] Built target statistics_msgs__rosidl_generator_c
[0.295s] [35m[1mConsolidate compiler generated dependencies of target statistics_msgs__rosidl_typesupport_cpp[0m
[0.295s] [35m[1mConsolidate compiler generated dependencies of target statistics_msgs__rosidl_typesupport_introspection_cpp[0m
[0.295s] [35m[1mConsolidate compiler generated dependencies of target statistics_msgs__rosidl_typesupport_fastrtps_cpp[0m
[0.299s] [ 14%] Built target ament_cmake_python_copy_statistics_msgs
[0.315s] [35m[1mConsolidate compiler generated dependencies of target statistics_msgs__rosidl_typesupport_fastrtps_c[0m
[0.315s] [35m[1mConsolidate compiler generated dependencies of target statistics_msgs__rosidl_typesupport_introspection_c[0m
[0.317s] [ 25%] Built target statistics_msgs__rosidl_typesupport_fastrtps_cpp
[0.317s] [ 35%] Built target statistics_msgs__rosidl_typesupport_introspection_cpp
[0.318s] [35m[1mConsolidate compiler generated dependencies of target statistics_msgs__rosidl_typesupport_c[0m
[0.320s] [ 45%] Built target statistics_msgs__rosidl_typesupport_cpp
[0.337s] [ 56%] Built target statistics_msgs__rosidl_typesupport_c
[0.339s] [ 66%] Built target statistics_msgs__rosidl_typesupport_introspection_c
[0.339s] [ 77%] Built target statistics_msgs__rosidl_typesupport_fastrtps_c
[0.369s] [ 77%] Built target statistics_msgs
[0.396s] [ 79%] Built target statistics_msgs__py
[0.410s] [35m[1mConsolidate compiler generated dependencies of target statistics_msgs__rosidl_generator_py[0m
[0.429s] [ 87%] Built target statistics_msgs__rosidl_generator_py
[0.441s] [35m[1mConsolidate compiler generated dependencies of target statistics_msgs__rosidl_typesupport_introspection_c__pyext[0m
[0.442s] [35m[1mConsolidate compiler generated dependencies of target statistics_msgs__rosidl_typesupport_c__pyext[0m
[0.442s] [35m[1mConsolidate compiler generated dependencies of target statistics_msgs__rosidl_typesupport_fastrtps_c__pyext[0m
[0.454s] [ 93%] Built target statistics_msgs__rosidl_typesupport_introspection_c__pyext
[0.454s] [ 95%] Built target statistics_msgs__rosidl_typesupport_c__pyext
[0.457s] [100%] Built target statistics_msgs__rosidl_typesupport_fastrtps_c__pyext
[0.725s] running egg_info
[0.739s] writing statistics_msgs.egg-info/PKG-INFO
[0.740s] writing dependency_links to statistics_msgs.egg-info/dependency_links.txt
[0.740s] writing top-level names to statistics_msgs.egg-info/top_level.txt
[0.773s] reading manifest file 'statistics_msgs.egg-info/SOURCES.txt'
[0.774s] writing manifest file 'statistics_msgs.egg-info/SOURCES.txt'
[0.830s] [100%] Built target ament_cmake_python_build_statistics_msgs_egg
[0.841s] Invoked command in '/home/hiro/rust_ws/src/build/statistics_msgs' returned '0': AMENT_PREFIX_PATH=/home/hiro/rust_ws/src/install/builtin_interfaces:/home/hiro/rust_ws/src/install/rosidl_default_runtime:/home/hiro/rust_ws/src/install/rosidl_default_generators:/home/hiro/rust_ws/src/install/rosidl_generator_rs:/home/hiro/rust_ws/src/install/rosidl_runtime_rs:${AMENT_PREFIX_PATH} CMAKE_PREFIX_PATH=/home/hiro/rust_ws/src/install/builtin_interfaces:/home/hiro/rust_ws/src/install/rosidl_default_runtime:/home/hiro/rust_ws/src/install/rosidl_default_generators:/home/hiro/rust_ws/src/install/rosidl_generator_rs:/home/hiro/ws_livox/install/livox_ros_driver2:/opt/ros/humble LD_LIBRARY_PATH=/home/hiro/rust_ws/src/install/builtin_interfaces/lib:${LD_LIBRARY_PATH} PYTHONPATH=/home/hiro/rust_ws/src/install/builtin_interfaces/local/lib/python3.10/dist-packages:/home/hiro/rust_ws/src/install/rosidl_generator_rs/local/lib/python3.10/dist-packages:${PYTHONPATH} /usr/bin/cmake --build /home/hiro/rust_ws/src/build/statistics_msgs -- -j22 -l22
[0.930s] Invoking command in '/home/hiro/rust_ws/src/build/statistics_msgs': AMENT_PREFIX_PATH=/home/hiro/rust_ws/src/install/builtin_interfaces:/home/hiro/rust_ws/src/install/rosidl_default_runtime:/home/hiro/rust_ws/src/install/rosidl_default_generators:/home/hiro/rust_ws/src/install/rosidl_generator_rs:/home/hiro/rust_ws/src/install/rosidl_runtime_rs:${AMENT_PREFIX_PATH} CMAKE_PREFIX_PATH=/home/hiro/rust_ws/src/install/builtin_interfaces:/home/hiro/rust_ws/src/install/rosidl_default_runtime:/home/hiro/rust_ws/src/install/rosidl_default_generators:/home/hiro/rust_ws/src/install/rosidl_generator_rs:/home/hiro/ws_livox/install/livox_ros_driver2:/opt/ros/humble LD_LIBRARY_PATH=/home/hiro/rust_ws/src/install/builtin_interfaces/lib:${LD_LIBRARY_PATH} PYTHONPATH=/home/hiro/rust_ws/src/install/builtin_interfaces/local/lib/python3.10/dist-packages:/home/hiro/rust_ws/src/install/rosidl_generator_rs/local/lib/python3.10/dist-packages:${PYTHONPATH} /usr/bin/cmake --install /home/hiro/rust_ws/src/build/statistics_msgs
[0.938s] -- Install configuration: ""
[0.939s] -- Up-to-date: /home/hiro/rust_ws/src/install/statistics_msgs/share/ament_index/resource_index/rosidl_interfaces/statistics_msgs
[0.939s] -- Up-to-date: /home/hiro/rust_ws/src/install/statistics_msgs/include/statistics_msgs/statistics_msgs
[0.939s] -- Up-to-date: /home/hiro/rust_ws/src/install/statistics_msgs/include/statistics_msgs/statistics_msgs/msg
[0.940s] -- Up-to-date: /home/hiro/rust_ws/src/install/statistics_msgs/include/statistics_msgs/statistics_msgs/msg/metrics_message.h
[0.940s] -- Up-to-date: /home/hiro/rust_ws/src/install/statistics_msgs/include/statistics_msgs/statistics_msgs/msg/statistic_data_point.h
[0.940s] -- Up-to-date: /home/hiro/rust_ws/src/install/statistics_msgs/include/statistics_msgs/statistics_msgs/msg/rosidl_generator_c__visibility_control.h
[0.940s] -- Up-to-date: /home/hiro/rust_ws/src/install/statistics_msgs/include/statistics_msgs/statistics_msgs/msg/statistic_data_type.h
[0.942s] -- Up-to-date: /home/hiro/rust_ws/src/install/statistics_msgs/include/statistics_msgs/statistics_msgs/msg/detail
[0.942s] -- Up-to-date: /home/hiro/rust_ws/src/install/statistics_msgs/include/statistics_msgs/statistics_msgs/msg/detail/statistic_data_type__type_support.h
[0.942s] -- Up-to-date: /home/hiro/rust_ws/src/install/statistics_msgs/include/statistics_msgs/statistics_msgs/msg/detail/statistic_data_type__functions.h
[0.943s] -- Up-to-date: /home/hiro/rust_ws/src/install/statistics_msgs/include/statistics_msgs/statistics_msgs/msg/detail/metrics_message__type_support.h
[0.945s] -- Up-to-date: /home/hiro/rust_ws/src/install/statistics_msgs/include/statistics_msgs/statistics_msgs/msg/detail/metrics_message__functions.c
[0.946s] -- Up-to-date: /home/hiro/rust_ws/src/install/statistics_msgs/include/statistics_msgs/statistics_msgs/msg/detail/statistic_data_type__struct.h
[0.946s] -- Up-to-date: /home/hiro/rust_ws/src/install/statistics_msgs/include/statistics_msgs/statistics_msgs/msg/detail/statistic_data_point__type_support.h
[0.947s] -- Up-to-date: /home/hiro/rust_ws/src/install/statistics_msgs/include/statistics_msgs/statistics_msgs/msg/detail/statistic_data_point__functions.c
[0.948s] -- Up-to-date: /home/hiro/rust_ws/src/install/statistics_msgs/include/statistics_msgs/statistics_msgs/msg/detail/metrics_message__functions.h
[0.948s] -- Up-to-date: /home/hiro/rust_ws/src/install/statistics_msgs/include/statistics_msgs/statistics_msgs/msg/detail/statistic_data_type__functions.c
[0.948s] -- Up-to-date: /home/hiro/rust_ws/src/install/statistics_msgs/include/statistics_msgs/statistics_msgs/msg/detail/statistic_data_point__struct.h
[0.951s] -- Up-to-date: /home/hiro/rust_ws/src/install/statistics_msgs/include/statistics_msgs/statistics_msgs/msg/detail/statistic_data_point__functions.h
[0.951s] -- Up-to-date: /home/hiro/rust_ws/src/install/statistics_msgs/include/statistics_msgs/statistics_msgs/msg/detail/metrics_message__struct.h
[0.951s] -- Up-to-date: /home/hiro/rust_ws/src/install/statistics_msgs/share/statistics_msgs/environment/library_path.sh
[0.951s] -- Up-to-date: /home/hiro/rust_ws/src/install/statistics_msgs/share/statistics_msgs/environment/library_path.dsv
[0.951s] -- Up-to-date: /home/hiro/rust_ws/src/install/statistics_msgs/lib/libstatistics_msgs__rosidl_generator_c.so
[0.951s] -- Up-to-date: /home/hiro/rust_ws/src/install/statistics_msgs/include/statistics_msgs/statistics_msgs
[0.951s] -- Up-to-date: /home/hiro/rust_ws/src/install/statistics_msgs/include/statistics_msgs/statistics_msgs/msg
[0.953s] -- Up-to-date: /home/hiro/rust_ws/src/install/statistics_msgs/include/statistics_msgs/statistics_msgs/msg/detail
[0.953s] -- Up-to-date: /home/hiro/rust_ws/src/install/statistics_msgs/include/statistics_msgs/statistics_msgs/msg/detail/metrics_message__rosidl_typesupport_fastrtps_c.h
[0.953s] -- Up-to-date: /home/hiro/rust_ws/src/install/statistics_msgs/include/statistics_msgs/statistics_msgs/msg/detail/statistic_data_point__rosidl_typesupport_fastrtps_c.h
[0.954s] -- Up-to-date: /home/hiro/rust_ws/src/install/statistics_msgs/include/statistics_msgs/statistics_msgs/msg/detail/statistic_data_type__rosidl_typesupport_fastrtps_c.h
[0.954s] -- Up-to-date: /home/hiro/rust_ws/src/install/statistics_msgs/include/statistics_msgs/statistics_msgs/msg/rosidl_typesupport_fastrtps_c__visibility_control.h
[0.954s] -- Up-to-date: /home/hiro/rust_ws/src/install/statistics_msgs/lib/libstatistics_msgs__rosidl_typesupport_fastrtps_c.so
[0.954s] -- Up-to-date: /home/hiro/rust_ws/src/install/statistics_msgs/include/statistics_msgs/statistics_msgs
[0.954s] -- Up-to-date: /home/hiro/rust_ws/src/install/statistics_msgs/include/statistics_msgs/statistics_msgs/msg
[0.954s] -- Up-to-date: /home/hiro/rust_ws/src/install/statistics_msgs/include/statistics_msgs/statistics_msgs/msg/statistic_data_point.hpp
[0.955s] -- Up-to-date: /home/hiro/rust_ws/src/install/statistics_msgs/include/statistics_msgs/statistics_msgs/msg/statistic_data_type.hpp
[0.955s] -- Up-to-date: /home/hiro/rust_ws/src/install/statistics_msgs/include/statistics_msgs/statistics_msgs/msg/metrics_message.hpp
[0.955s] -- Up-to-date: /home/hiro/rust_ws/src/install/statistics_msgs/include/statistics_msgs/statistics_msgs/msg/detail
[0.955s] -- Up-to-date: /home/hiro/rust_ws/src/install/statistics_msgs/include/statistics_msgs/statistics_msgs/msg/detail/statistic_data_point__traits.hpp
[0.955s] -- Up-to-date: /home/hiro/rust_ws/src/install/statistics_msgs/include/statistics_msgs/statistics_msgs/msg/detail/metrics_message__traits.hpp
[0.955s] -- Up-to-date: /home/hiro/rust_ws/src/install/statistics_msgs/include/statistics_msgs/statistics_msgs/msg/detail/statistic_data_type__struct.hpp
[0.956s] -- Up-to-date: /home/hiro/rust_ws/src/install/statistics_msgs/include/statistics_msgs/statistics_msgs/msg/detail/statistic_data_point__struct.hpp
[0.956s] -- Up-to-date: /home/hiro/rust_ws/src/install/statistics_msgs/include/statistics_msgs/statistics_msgs/msg/detail/statistic_data_type__traits.hpp
[0.957s] -- Up-to-date: /home/hiro/rust_ws/src/install/statistics_msgs/include/statistics_msgs/statistics_msgs/msg/detail/statistic_data_type__builder.hpp
[0.957s] -- Up-to-date: /home/hiro/rust_ws/src/install/statistics_msgs/include/statistics_msgs/statistics_msgs/msg/detail/metrics_message__builder.hpp
[0.957s] -- Up-to-date: /home/hiro/rust_ws/src/install/statistics_msgs/include/statistics_msgs/statistics_msgs/msg/detail/metrics_message__struct.hpp
[0.960s] -- Up-to-date: /home/hiro/rust_ws/src/install/statistics_msgs/include/statistics_msgs/statistics_msgs/msg/detail/statistic_data_point__builder.hpp
[0.960s] -- Up-to-date: /home/hiro/rust_ws/src/install/statistics_msgs/include/statistics_msgs/statistics_msgs
[0.961s] -- Up-to-date: /home/hiro/rust_ws/src/install/statistics_msgs/include/statistics_msgs/statistics_msgs/msg
[0.961s] -- Up-to-date: /home/hiro/rust_ws/src/install/statistics_msgs/include/statistics_msgs/statistics_msgs/msg/rosidl_typesupport_fastrtps_cpp__visibility_control.h
[0.961s] -- Up-to-date: /home/hiro/rust_ws/src/install/statistics_msgs/include/statistics_msgs/statistics_msgs/msg/detail
[0.961s] -- Up-to-date: /home/hiro/rust_ws/src/install/statistics_msgs/include/statistics_msgs/statistics_msgs/msg/detail/dds_fastrtps
[0.961s] -- Up-to-date: /home/hiro/rust_ws/src/install/statistics_msgs/include/statistics_msgs/statistics_msgs/msg/detail/statistic_data_type__rosidl_typesupport_fastrtps_cpp.hpp
[0.961s] -- Up-to-date: /home/hiro/rust_ws/src/install/statistics_msgs/include/statistics_msgs/statistics_msgs/msg/detail/statistic_data_point__rosidl_typesupport_fastrtps_cpp.hpp
[0.961s] -- Up-to-date: /home/hiro/rust_ws/src/install/statistics_msgs/include/statistics_msgs/statistics_msgs/msg/detail/metrics_message__rosidl_typesupport_fastrtps_cpp.hpp
[0.961s] -- Up-to-date: /home/hiro/rust_ws/src/install/statistics_msgs/lib/libstatistics_msgs__rosidl_typesupport_fastrtps_cpp.so
[0.962s] -- Up-to-date: /home/hiro/rust_ws/src/install/statistics_msgs/include/statistics_msgs/statistics_msgs
[0.962s] -- Up-to-date: /home/hiro/rust_ws/src/install/statistics_msgs/include/statistics_msgs/statistics_msgs/msg
[0.962s] -- Up-to-date: /home/hiro/rust_ws/src/install/statistics_msgs/include/statistics_msgs/statistics_msgs/msg/rosidl_typesupport_introspection_c__visibility_control.h
[0.962s] -- Up-to-date: /home/hiro/rust_ws/src/install/statistics_msgs/include/statistics_msgs/statistics_msgs/msg/detail
[0.962s] -- Up-to-date: /home/hiro/rust_ws/src/install/statistics_msgs/include/statistics_msgs/statistics_msgs/msg/detail/metrics_message__type_support.c
[0.962s] -- Up-to-date: /home/hiro/rust_ws/src/install/statistics_msgs/include/statistics_msgs/statistics_msgs/msg/detail/statistic_data_type__rosidl_typesupport_introspection_c.h
[0.963s] -- Up-to-date: /home/hiro/rust_ws/src/install/statistics_msgs/include/statistics_msgs/statistics_msgs/msg/detail/statistic_data_type__type_support.c
[0.963s] -- Up-to-date: /home/hiro/rust_ws/src/install/statistics_msgs/include/statistics_msgs/statistics_msgs/msg/detail/metrics_message__rosidl_typesupport_introspection_c.h
[0.964s] -- Up-to-date: /home/hiro/rust_ws/src/install/statistics_msgs/include/statistics_msgs/statistics_msgs/msg/detail/statistic_data_point__rosidl_typesupport_introspection_c.h
[0.964s] -- Up-to-date: /home/hiro/rust_ws/src/install/statistics_msgs/include/statistics_msgs/statistics_msgs/msg/detail/statistic_data_point__type_support.c
[0.964s] -- Up-to-date: /home/hiro/rust_ws/src/install/statistics_msgs/lib/libstatistics_msgs__rosidl_typesupport_introspection_c.so
[0.964s] -- Up-to-date: /home/hiro/rust_ws/src/install/statistics_msgs/lib/libstatistics_msgs__rosidl_typesupport_c.so
[0.965s] -- Up-to-date: /home/hiro/rust_ws/src/install/statistics_msgs/include/statistics_msgs/statistics_msgs
[0.965s] -- Up-to-date: /home/hiro/rust_ws/src/install/statistics_msgs/include/statistics_msgs/statistics_msgs/msg
[0.965s] -- Up-to-date: /home/hiro/rust_ws/src/install/statistics_msgs/include/statistics_msgs/statistics_msgs/msg/detail
[0.965s] -- Up-to-date: /home/hiro/rust_ws/src/install/statistics_msgs/include/statistics_msgs/statistics_msgs/msg/detail/statistic_data_type__rosidl_typesupport_introspection_cpp.hpp
[0.965s] -- Up-to-date: /home/hiro/rust_ws/src/install/statistics_msgs/include/statistics_msgs/statistics_msgs/msg/detail/statistic_data_type__type_support.cpp
[0.965s] -- Up-to-date: /home/hiro/rust_ws/src/install/statistics_msgs/include/statistics_msgs/statistics_msgs/msg/detail/metrics_message__rosidl_typesupport_introspection_cpp.hpp
[0.965s] -- Up-to-date: /home/hiro/rust_ws/src/install/statistics_msgs/include/statistics_msgs/statistics_msgs/msg/detail/statistic_data_point__type_support.cpp
[0.965s] -- Up-to-date: /home/hiro/rust_ws/src/install/statistics_msgs/include/statistics_msgs/statistics_msgs/msg/detail/statistic_data_point__rosidl_typesupport_introspection_cpp.hpp
[0.965s] -- Up-to-date: /home/hiro/rust_ws/src/install/statistics_msgs/include/statistics_msgs/statistics_msgs/msg/detail/metrics_message__type_support.cpp
[0.965s] -- Up-to-date: /home/hiro/rust_ws/src/install/statistics_msgs/lib/libstatistics_msgs__rosidl_typesupport_introspection_cpp.so
[0.968s] -- Up-to-date: /home/hiro/rust_ws/src/install/statistics_msgs/lib/libstatistics_msgs__rosidl_typesupport_cpp.so
[0.968s] -- Up-to-date: /home/hiro/rust_ws/src/install/statistics_msgs/share/ament_index/resource_index/rust_packages/statistics_msgs
[0.968s] -- Up-to-date: /home/hiro/rust_ws/src/install/statistics_msgs/share/statistics_msgs/rust
[0.968s] -- Up-to-date: /home/hiro/rust_ws/src/install/statistics_msgs/share/statistics_msgs/rust/Cargo.toml
[0.969s] -- Up-to-date: /home/hiro/rust_ws/src/install/statistics_msgs/share/statistics_msgs/rust/build.rs
[0.969s] -- Up-to-date: /home/hiro/rust_ws/src/install/statistics_msgs/share/statistics_msgs/rust/src
[0.969s] -- Up-to-date: /home/hiro/rust_ws/src/install/statistics_msgs/share/statistics_msgs/rust/src/msg.rs
[0.969s] -- Up-to-date: /home/hiro/rust_ws/src/install/statistics_msgs/share/statistics_msgs/rust/src/lib.rs
[0.969s] -- Up-to-date: /home/hiro/rust_ws/src/install/statistics_msgs/share/statistics_msgs/environment/pythonpath.sh
[0.969s] -- Up-to-date: /home/hiro/rust_ws/src/install/statistics_msgs/share/statistics_msgs/environment/pythonpath.dsv
[0.969s] -- Up-to-date: /home/hiro/rust_ws/src/install/statistics_msgs/local/lib/python3.10/dist-packages/statistics_msgs-1.2.1-py3.10.egg-info
[0.970s] -- Installing: /home/hiro/rust_ws/src/install/statistics_msgs/local/lib/python3.10/dist-packages/statistics_msgs-1.2.1-py3.10.egg-info/top_level.txt
[0.971s] -- Installing: /home/hiro/rust_ws/src/install/statistics_msgs/local/lib/python3.10/dist-packages/statistics_msgs-1.2.1-py3.10.egg-info/PKG-INFO
[0.971s] -- Installing: /home/hiro/rust_ws/src/install/statistics_msgs/local/lib/python3.10/dist-packages/statistics_msgs-1.2.1-py3.10.egg-info/SOURCES.txt
[0.971s] -- Installing: /home/hiro/rust_ws/src/install/statistics_msgs/local/lib/python3.10/dist-packages/statistics_msgs-1.2.1-py3.10.egg-info/dependency_links.txt
[0.971s] -- Up-to-date: /home/hiro/rust_ws/src/install/statistics_msgs/local/lib/python3.10/dist-packages/statistics_msgs
[0.971s] -- Up-to-date: /home/hiro/rust_ws/src/install/statistics_msgs/local/lib/python3.10/dist-packages/statistics_msgs/statistics_msgs_s__rosidl_typesupport_introspection_c.cpython-310-x86_64-linux-gnu.so
[0.971s] -- Up-to-date: /home/hiro/rust_ws/src/install/statistics_msgs/local/lib/python3.10/dist-packages/statistics_msgs/libstatistics_msgs__rosidl_generator_py.so
[0.971s] -- Up-to-date: /home/hiro/rust_ws/src/install/statistics_msgs/local/lib/python3.10/dist-packages/statistics_msgs/_statistics_msgs_s.ep.rosidl_typesupport_c.c
[0.972s] -- Up-to-date: /home/hiro/rust_ws/src/install/statistics_msgs/local/lib/python3.10/dist-packages/statistics_msgs/_statistics_msgs_s.ep.rosidl_typesupport_introspection_c.c
[0.972s] -- Up-to-date: /home/hiro/rust_ws/src/install/statistics_msgs/local/lib/python3.10/dist-packages/statistics_msgs/_statistics_msgs_s.ep.rosidl_typesupport_fastrtps_c.c
[0.972s] -- Up-to-date: /home/hiro/rust_ws/src/install/statistics_msgs/local/lib/python3.10/dist-packages/statistics_msgs/__init__.py
[0.972s] -- Up-to-date: /home/hiro/rust_ws/src/install/statistics_msgs/local/lib/python3.10/dist-packages/statistics_msgs/msg
[0.972s] -- Up-to-date: /home/hiro/rust_ws/src/install/statistics_msgs/local/lib/python3.10/dist-packages/statistics_msgs/msg/_statistic_data_type_s.c
[0.972s] -- Up-to-date: /home/hiro/rust_ws/src/install/statistics_msgs/local/lib/python3.10/dist-packages/statistics_msgs/msg/_metrics_message_s.c
[0.972s] -- Up-to-date: /home/hiro/rust_ws/src/install/statistics_msgs/local/lib/python3.10/dist-packages/statistics_msgs/msg/_statistic_data_type.py
[0.972s] -- Up-to-date: /home/hiro/rust_ws/src/install/statistics_msgs/local/lib/python3.10/dist-packages/statistics_msgs/msg/_statistic_data_point_s.c
[0.972s] -- Up-to-date: /home/hiro/rust_ws/src/install/statistics_msgs/local/lib/python3.10/dist-packages/statistics_msgs/msg/_metrics_message.py
[0.973s] -- Up-to-date: /home/hiro/rust_ws/src/install/statistics_msgs/local/lib/python3.10/dist-packages/statistics_msgs/msg/__init__.py
[0.973s] -- Up-to-date: /home/hiro/rust_ws/src/install/statistics_msgs/local/lib/python3.10/dist-packages/statistics_msgs/msg/_statistic_data_point.py
[0.973s] -- Up-to-date: /home/hiro/rust_ws/src/install/statistics_msgs/local/lib/python3.10/dist-packages/statistics_msgs/statistics_msgs_s__rosidl_typesupport_c.cpython-310-x86_64-linux-gnu.so
[0.973s] -- Up-to-date: /home/hiro/rust_ws/src/install/statistics_msgs/local/lib/python3.10/dist-packages/statistics_msgs/statistics_msgs_s__rosidl_typesupport_fastrtps_c.cpython-310-x86_64-linux-gnu.so
[0.978s] Listing '/home/hiro/rust_ws/src/install/statistics_msgs/local/lib/python3.10/dist-packages/statistics_msgs'...
[0.979s] Listing '/home/hiro/rust_ws/src/install/statistics_msgs/local/lib/python3.10/dist-packages/statistics_msgs/msg'...
[0.984s] -- Up-to-date: /home/hiro/rust_ws/src/install/statistics_msgs/local/lib/python3.10/dist-packages/statistics_msgs/statistics_msgs_s__rosidl_typesupport_fastrtps_c.cpython-310-x86_64-linux-gnu.so
[0.984s] -- Up-to-date: /home/hiro/rust_ws/src/install/statistics_msgs/local/lib/python3.10/dist-packages/statistics_msgs/statistics_msgs_s__rosidl_typesupport_introspection_c.cpython-310-x86_64-linux-gnu.so
[0.986s] -- Up-to-date: /home/hiro/rust_ws/src/install/statistics_msgs/local/lib/python3.10/dist-packages/statistics_msgs/statistics_msgs_s__rosidl_typesupport_c.cpython-310-x86_64-linux-gnu.so
[0.987s] -- Up-to-date: /home/hiro/rust_ws/src/install/statistics_msgs/lib/libstatistics_msgs__rosidl_generator_py.so
[0.987s] -- Up-to-date: /home/hiro/rust_ws/src/install/statistics_msgs/share/statistics_msgs/msg/MetricsMessage.idl
[0.987s] -- Up-to-date: /home/hiro/rust_ws/src/install/statistics_msgs/share/statistics_msgs/msg/StatisticDataPoint.idl
[0.988s] -- Up-to-date: /home/hiro/rust_ws/src/install/statistics_msgs/share/statistics_msgs/msg/StatisticDataType.idl
[0.988s] -- Up-to-date: /home/hiro/rust_ws/src/install/statistics_msgs/share/statistics_msgs/msg/MetricsMessage.msg
[0.989s] -- Up-to-date: /home/hiro/rust_ws/src/install/statistics_msgs/share/statistics_msgs/msg/StatisticDataPoint.msg
[0.989s] -- Up-to-date: /home/hiro/rust_ws/src/install/statistics_msgs/share/statistics_msgs/msg/StatisticDataType.msg
[0.989s] -- Up-to-date: /home/hiro/rust_ws/src/install/statistics_msgs/share/ament_index/resource_index/package_run_dependencies/statistics_msgs
[0.989s] -- Up-to-date: /home/hiro/rust_ws/src/install/statistics_msgs/share/ament_index/resource_index/parent_prefix_path/statistics_msgs
[0.989s] -- Up-to-date: /home/hiro/rust_ws/src/install/statistics_msgs/share/statistics_msgs/environment/ament_prefix_path.sh
[0.989s] -- Up-to-date: /home/hiro/rust_ws/src/install/statistics_msgs/share/statistics_msgs/environment/ament_prefix_path.dsv
[0.990s] -- Up-to-date: /home/hiro/rust_ws/src/install/statistics_msgs/share/statistics_msgs/environment/path.sh
[0.990s] -- Up-to-date: /home/hiro/rust_ws/src/install/statistics_msgs/share/statistics_msgs/environment/path.dsv
[0.991s] -- Up-to-date: /home/hiro/rust_ws/src/install/statistics_msgs/share/statistics_msgs/local_setup.bash
[0.992s] -- Up-to-date: /home/hiro/rust_ws/src/install/statistics_msgs/share/statistics_msgs/local_setup.sh
[0.992s] -- Up-to-date: /home/hiro/rust_ws/src/install/statistics_msgs/share/statistics_msgs/local_setup.zsh
[0.994s] -- Up-to-date: /home/hiro/rust_ws/src/install/statistics_msgs/share/statistics_msgs/local_setup.dsv
[0.994s] -- Installing: /home/hiro/rust_ws/src/install/statistics_msgs/share/statistics_msgs/package.dsv
[0.994s] -- Up-to-date: /home/hiro/rust_ws/src/install/statistics_msgs/share/ament_index/resource_index/packages/statistics_msgs
[0.994s] -- Up-to-date: /home/hiro/rust_ws/src/install/statistics_msgs/share/statistics_msgs/cmake/export_statistics_msgs__rosidl_generator_cExport.cmake
[0.994s] -- Up-to-date: /home/hiro/rust_ws/src/install/statistics_msgs/share/statistics_msgs/cmake/export_statistics_msgs__rosidl_generator_cExport-noconfig.cmake
[0.994s] -- Up-to-date: /home/hiro/rust_ws/src/install/statistics_msgs/share/statistics_msgs/cmake/export_statistics_msgs__rosidl_typesupport_fastrtps_cExport.cmake
[0.995s] -- Up-to-date: /home/hiro/rust_ws/src/install/statistics_msgs/share/statistics_msgs/cmake/export_statistics_msgs__rosidl_typesupport_fastrtps_cExport-noconfig.cmake
[0.995s] -- Up-to-date: /home/hiro/rust_ws/src/install/statistics_msgs/share/statistics_msgs/cmake/export_statistics_msgs__rosidl_generator_cppExport.cmake
[0.995s] -- Up-to-date: /home/hiro/rust_ws/src/install/statistics_msgs/share/statistics_msgs/cmake/export_statistics_msgs__rosidl_typesupport_fastrtps_cppExport.cmake
[0.996s] -- Up-to-date: /home/hiro/rust_ws/src/install/statistics_msgs/share/statistics_msgs/cmake/export_statistics_msgs__rosidl_typesupport_fastrtps_cppExport-noconfig.cmake
[0.998s] -- Up-to-date: /home/hiro/rust_ws/src/install/statistics_msgs/share/statistics_msgs/cmake/statistics_msgs__rosidl_typesupport_introspection_cExport.cmake
[0.998s] -- Up-to-date: /home/hiro/rust_ws/src/install/statistics_msgs/share/statistics_msgs/cmake/statistics_msgs__rosidl_typesupport_introspection_cExport-noconfig.cmake
[0.998s] -- Up-to-date: /home/hiro/rust_ws/src/install/statistics_msgs/share/statistics_msgs/cmake/statistics_msgs__rosidl_typesupport_cExport.cmake
[0.999s] -- Up-to-date: /home/hiro/rust_ws/src/install/statistics_msgs/share/statistics_msgs/cmake/statistics_msgs__rosidl_typesupport_cExport-noconfig.cmake
[0.999s] -- Up-to-date: /home/hiro/rust_ws/src/install/statistics_msgs/share/statistics_msgs/cmake/statistics_msgs__rosidl_typesupport_introspection_cppExport.cmake
[0.999s] -- Up-to-date: /home/hiro/rust_ws/src/install/statistics_msgs/share/statistics_msgs/cmake/statistics_msgs__rosidl_typesupport_introspection_cppExport-noconfig.cmake
[1.000s] -- Up-to-date: /home/hiro/rust_ws/src/install/statistics_msgs/share/statistics_msgs/cmake/statistics_msgs__rosidl_typesupport_cppExport.cmake
[1.001s] -- Up-to-date: /home/hiro/rust_ws/src/install/statistics_msgs/share/statistics_msgs/cmake/statistics_msgs__rosidl_typesupport_cppExport-noconfig.cmake
[1.001s] -- Up-to-date: /home/hiro/rust_ws/src/install/statistics_msgs/share/statistics_msgs/cmake/export_statistics_msgs__rosidl_generator_pyExport.cmake
[1.001s] -- Up-to-date: /home/hiro/rust_ws/src/install/statistics_msgs/share/statistics_msgs/cmake/export_statistics_msgs__rosidl_generator_pyExport-noconfig.cmake
[1.002s] -- Up-to-date: /home/hiro/rust_ws/src/install/statistics_msgs/share/statistics_msgs/cmake/rosidl_cmake-extras.cmake
[1.003s] -- Up-to-date: /home/hiro/rust_ws/src/install/statistics_msgs/share/statistics_msgs/cmake/ament_cmake_export_dependencies-extras.cmake
[1.004s] -- Up-to-date: /home/hiro/rust_ws/src/install/statistics_msgs/share/statistics_msgs/cmake/ament_cmake_export_include_directories-extras.cmake
[1.004s] -- Up-to-date: /home/hiro/rust_ws/src/install/statistics_msgs/share/statistics_msgs/cmake/ament_cmake_export_libraries-extras.cmake
[1.004s] -- Up-to-date: /home/hiro/rust_ws/src/install/statistics_msgs/share/statistics_msgs/cmake/ament_cmake_export_targets-extras.cmake
[1.004s] -- Up-to-date: /home/hiro/rust_ws/src/install/statistics_msgs/share/statistics_msgs/cmake/rosidl_cmake_export_typesupport_targets-extras.cmake
[1.005s] -- Up-to-date: /home/hiro/rust_ws/src/install/statistics_msgs/share/statistics_msgs/cmake/rosidl_cmake_export_typesupport_libraries-extras.cmake
[1.005s] -- Up-to-date: /home/hiro/rust_ws/src/install/statistics_msgs/share/statistics_msgs/cmake/statistics_msgsConfig.cmake
[1.005s] -- Up-to-date: /home/hiro/rust_ws/src/install/statistics_msgs/share/statistics_msgs/cmake/statistics_msgsConfig-version.cmake
[1.005s] -- Up-to-date: /home/hiro/rust_ws/src/install/statistics_msgs/share/statistics_msgs/package.xml
[1.007s] Invoked command in '/home/hiro/rust_ws/src/build/statistics_msgs' returned '0': AMENT_PREFIX_PATH=/home/hiro/rust_ws/src/install/builtin_interfaces:/home/hiro/rust_ws/src/install/rosidl_default_runtime:/home/hiro/rust_ws/src/install/rosidl_default_generators:/home/hiro/rust_ws/src/install/rosidl_generator_rs:/home/hiro/rust_ws/src/install/rosidl_runtime_rs:${AMENT_PREFIX_PATH} CMAKE_PREFIX_PATH=/home/hiro/rust_ws/src/install/builtin_interfaces:/home/hiro/rust_ws/src/install/rosidl_default_runtime:/home/hiro/rust_ws/src/install/rosidl_default_generators:/home/hiro/rust_ws/src/install/rosidl_generator_rs:/home/hiro/ws_livox/install/livox_ros_driver2:/opt/ros/humble LD_LIBRARY_PATH=/home/hiro/rust_ws/src/install/builtin_interfaces/lib:${LD_LIBRARY_PATH} PYTHONPATH=/home/hiro/rust_ws/src/install/builtin_interfaces/local/lib/python3.10/dist-packages:/home/hiro/rust_ws/src/install/rosidl_generator_rs/local/lib/python3.10/dist-packages:${PYTHONPATH} /usr/bin/cmake --install /home/hiro/rust_ws/src/build/statistics_msgs
