[0.196s] Invoking command in '/home/hiro/rust_ws/build/rosgraph_msgs': AMENT_PREFIX_PATH=/home/hiro/rust_ws/install/builtin_interfaces:/home/hiro/rust_ws/install/rosidl_default_runtime:/home/hiro/rust_ws/install/rosidl_default_generators:/home/hiro/rust_ws/install/rosidl_generator_rs:/home/hiro/rust_ws/install/rosidl_runtime_rs:${AMENT_PREFIX_PATH} CMAKE_PREFIX_PATH=/home/hiro/rust_ws/install/builtin_interfaces:/home/hiro/rust_ws/install/rosidl_default_runtime:/home/hiro/rust_ws/install/rosidl_default_generators:/home/hiro/rust_ws/install/rosidl_generator_rs:/home/hiro/ws_livox/install/livox_ros_driver2:/opt/ros/humble LD_LIBRARY_PATH=/home/hiro/rust_ws/install/builtin_interfaces/lib:${LD_LIBRARY_PATH} PYTHONPATH=/home/hiro/rust_ws/install/builtin_interfaces/local/lib/python3.10/dist-packages:/home/hiro/rust_ws/install/rosidl_generator_rs/local/lib/python3.10/dist-packages:${PYTHONPATH} /usr/bin/cmake --build /home/hiro/rust_ws/build/rosgraph_msgs -- -j22 -l22
[0.229s] [35m[1mConsolidate compiler generated dependencies of target rosgraph_msgs__rosidl_generator_c[0m
[0.235s] [  3%] Built target rosgraph_msgs__cpp
[0.236s] [  6%] Built target rosgraph_msgs__rs
[0.238s] [ 15%] Built target rosgraph_msgs__rosidl_generator_c
[0.245s] [ 15%] Built target ament_cmake_python_copy_rosgraph_msgs
[0.245s] [35m[1mConsolidate compiler generated dependencies of target rosgraph_msgs__rosidl_typesupport_cpp[0m
[0.246s] [35m[1mConsolidate compiler generated dependencies of target rosgraph_msgs__rosidl_typesupport_introspection_cpp[0m
[0.247s] [35m[1mConsolidate compiler generated dependencies of target rosgraph_msgs__rosidl_typesupport_fastrtps_cpp[0m
[0.247s] [35m[1mConsolidate compiler generated dependencies of target rosgraph_msgs__rosidl_typesupport_introspection_c[0m
[0.247s] [35m[1mConsolidate compiler generated dependencies of target rosgraph_msgs__rosidl_typesupport_fastrtps_c[0m
[0.249s] [35m[1mConsolidate compiler generated dependencies of target rosgraph_msgs__rosidl_typesupport_c[0m
[0.257s] [ 25%] Built target rosgraph_msgs__rosidl_typesupport_cpp
[0.257s] [ 34%] Built target rosgraph_msgs__rosidl_typesupport_introspection_c
[0.259s] [ 43%] Built target rosgraph_msgs__rosidl_typesupport_fastrtps_c
[0.259s] [ 53%] Built target rosgraph_msgs__rosidl_typesupport_fastrtps_cpp
[0.260s] [ 62%] Built target rosgraph_msgs__rosidl_typesupport_introspection_cpp
[0.269s] [ 71%] Built target rosgraph_msgs__rosidl_typesupport_c
[0.288s] [ 71%] Built target rosgraph_msgs
[0.302s] [ 75%] Built target rosgraph_msgs__py
[0.313s] [35m[1mConsolidate compiler generated dependencies of target rosgraph_msgs__rosidl_generator_py[0m
[0.323s] [ 81%] Built target rosgraph_msgs__rosidl_generator_py
[0.332s] [35m[1mConsolidate compiler generated dependencies of target rosgraph_msgs__rosidl_typesupport_fastrtps_c__pyext[0m
[0.332s] [35m[1mConsolidate compiler generated dependencies of target rosgraph_msgs__rosidl_typesupport_introspection_c__pyext[0m
[0.333s] [35m[1mConsolidate compiler generated dependencies of target rosgraph_msgs__rosidl_typesupport_c__pyext[0m
[0.344s] [ 90%] Built target rosgraph_msgs__rosidl_typesupport_introspection_c__pyext
[0.345s] [ 93%] Built target rosgraph_msgs__rosidl_typesupport_c__pyext
[0.347s] [100%] Built target rosgraph_msgs__rosidl_typesupport_fastrtps_c__pyext
[0.589s] running egg_info
[0.602s] writing rosgraph_msgs.egg-info/PKG-INFO
[0.603s] writing dependency_links to rosgraph_msgs.egg-info/dependency_links.txt
[0.604s] writing top-level names to rosgraph_msgs.egg-info/top_level.txt
[0.635s] reading manifest file 'rosgraph_msgs.egg-info/SOURCES.txt'
[0.635s] writing manifest file 'rosgraph_msgs.egg-info/SOURCES.txt'
[0.686s] [100%] Built target ament_cmake_python_build_rosgraph_msgs_egg
[0.696s] Invoked command in '/home/hiro/rust_ws/build/rosgraph_msgs' returned '0': AMENT_PREFIX_PATH=/home/hiro/rust_ws/install/builtin_interfaces:/home/hiro/rust_ws/install/rosidl_default_runtime:/home/hiro/rust_ws/install/rosidl_default_generators:/home/hiro/rust_ws/install/rosidl_generator_rs:/home/hiro/rust_ws/install/rosidl_runtime_rs:${AMENT_PREFIX_PATH} CMAKE_PREFIX_PATH=/home/hiro/rust_ws/install/builtin_interfaces:/home/hiro/rust_ws/install/rosidl_default_runtime:/home/hiro/rust_ws/install/rosidl_default_generators:/home/hiro/rust_ws/install/rosidl_generator_rs:/home/hiro/ws_livox/install/livox_ros_driver2:/opt/ros/humble LD_LIBRARY_PATH=/home/hiro/rust_ws/install/builtin_interfaces/lib:${LD_LIBRARY_PATH} PYTHONPATH=/home/hiro/rust_ws/install/builtin_interfaces/local/lib/python3.10/dist-packages:/home/hiro/rust_ws/install/rosidl_generator_rs/local/lib/python3.10/dist-packages:${PYTHONPATH} /usr/bin/cmake --build /home/hiro/rust_ws/build/rosgraph_msgs -- -j22 -l22
[0.744s] Invoking command in '/home/hiro/rust_ws/build/rosgraph_msgs': AMENT_PREFIX_PATH=/home/hiro/rust_ws/install/builtin_interfaces:/home/hiro/rust_ws/install/rosidl_default_runtime:/home/hiro/rust_ws/install/rosidl_default_generators:/home/hiro/rust_ws/install/rosidl_generator_rs:/home/hiro/rust_ws/install/rosidl_runtime_rs:${AMENT_PREFIX_PATH} CMAKE_PREFIX_PATH=/home/hiro/rust_ws/install/builtin_interfaces:/home/hiro/rust_ws/install/rosidl_default_runtime:/home/hiro/rust_ws/install/rosidl_default_generators:/home/hiro/rust_ws/install/rosidl_generator_rs:/home/hiro/ws_livox/install/livox_ros_driver2:/opt/ros/humble LD_LIBRARY_PATH=/home/hiro/rust_ws/install/builtin_interfaces/lib:${LD_LIBRARY_PATH} PYTHONPATH=/home/hiro/rust_ws/install/builtin_interfaces/local/lib/python3.10/dist-packages:/home/hiro/rust_ws/install/rosidl_generator_rs/local/lib/python3.10/dist-packages:${PYTHONPATH} /usr/bin/cmake --install /home/hiro/rust_ws/build/rosgraph_msgs
[0.752s] -- Install configuration: ""
[0.754s] -- Up-to-date: /home/hiro/rust_ws/install/rosgraph_msgs/share/ament_index/resource_index/rosidl_interfaces/rosgraph_msgs
[0.755s] -- Up-to-date: /home/hiro/rust_ws/install/rosgraph_msgs/include/rosgraph_msgs/rosgraph_msgs
[0.756s] -- Up-to-date: /home/hiro/rust_ws/install/rosgraph_msgs/include/rosgraph_msgs/rosgraph_msgs/msg
[0.756s] -- Up-to-date: /home/hiro/rust_ws/install/rosgraph_msgs/include/rosgraph_msgs/rosgraph_msgs/msg/rosidl_generator_c__visibility_control.h
[0.757s] -- Up-to-date: /home/hiro/rust_ws/install/rosgraph_msgs/include/rosgraph_msgs/rosgraph_msgs/msg/clock.h
[0.757s] -- Up-to-date: /home/hiro/rust_ws/install/rosgraph_msgs/include/rosgraph_msgs/rosgraph_msgs/msg/detail
[0.757s] -- Up-to-date: /home/hiro/rust_ws/install/rosgraph_msgs/include/rosgraph_msgs/rosgraph_msgs/msg/detail/clock__functions.h
[0.758s] -- Up-to-date: /home/hiro/rust_ws/install/rosgraph_msgs/include/rosgraph_msgs/rosgraph_msgs/msg/detail/clock__type_support.h
[0.758s] -- Up-to-date: /home/hiro/rust_ws/install/rosgraph_msgs/include/rosgraph_msgs/rosgraph_msgs/msg/detail/clock__functions.c
[0.758s] -- Up-to-date: /home/hiro/rust_ws/install/rosgraph_msgs/include/rosgraph_msgs/rosgraph_msgs/msg/detail/clock__struct.h
[0.758s] -- Up-to-date: /home/hiro/rust_ws/install/rosgraph_msgs/share/rosgraph_msgs/environment/library_path.sh
[0.758s] -- Up-to-date: /home/hiro/rust_ws/install/rosgraph_msgs/share/rosgraph_msgs/environment/library_path.dsv
[0.758s] -- Up-to-date: /home/hiro/rust_ws/install/rosgraph_msgs/lib/librosgraph_msgs__rosidl_generator_c.so
[0.758s] -- Up-to-date: /home/hiro/rust_ws/install/rosgraph_msgs/include/rosgraph_msgs/rosgraph_msgs
[0.759s] -- Up-to-date: /home/hiro/rust_ws/install/rosgraph_msgs/include/rosgraph_msgs/rosgraph_msgs/msg
[0.759s] -- Up-to-date: /home/hiro/rust_ws/install/rosgraph_msgs/include/rosgraph_msgs/rosgraph_msgs/msg/detail
[0.759s] -- Up-to-date: /home/hiro/rust_ws/install/rosgraph_msgs/include/rosgraph_msgs/rosgraph_msgs/msg/detail/clock__rosidl_typesupport_fastrtps_c.h
[0.759s] -- Up-to-date: /home/hiro/rust_ws/install/rosgraph_msgs/include/rosgraph_msgs/rosgraph_msgs/msg/rosidl_typesupport_fastrtps_c__visibility_control.h
[0.760s] -- Up-to-date: /home/hiro/rust_ws/install/rosgraph_msgs/lib/librosgraph_msgs__rosidl_typesupport_fastrtps_c.so
[0.760s] -- Up-to-date: /home/hiro/rust_ws/install/rosgraph_msgs/include/rosgraph_msgs/rosgraph_msgs
[0.760s] -- Up-to-date: /home/hiro/rust_ws/install/rosgraph_msgs/include/rosgraph_msgs/rosgraph_msgs/msg
[0.761s] -- Up-to-date: /home/hiro/rust_ws/install/rosgraph_msgs/include/rosgraph_msgs/rosgraph_msgs/msg/clock.hpp
[0.761s] -- Up-to-date: /home/hiro/rust_ws/install/rosgraph_msgs/include/rosgraph_msgs/rosgraph_msgs/msg/detail
[0.761s] -- Up-to-date: /home/hiro/rust_ws/install/rosgraph_msgs/include/rosgraph_msgs/rosgraph_msgs/msg/detail/clock__struct.hpp
[0.762s] -- Up-to-date: /home/hiro/rust_ws/install/rosgraph_msgs/include/rosgraph_msgs/rosgraph_msgs/msg/detail/clock__traits.hpp
[0.762s] -- Up-to-date: /home/hiro/rust_ws/install/rosgraph_msgs/include/rosgraph_msgs/rosgraph_msgs/msg/detail/clock__builder.hpp
[0.762s] -- Up-to-date: /home/hiro/rust_ws/install/rosgraph_msgs/include/rosgraph_msgs/rosgraph_msgs
[0.762s] -- Up-to-date: /home/hiro/rust_ws/install/rosgraph_msgs/include/rosgraph_msgs/rosgraph_msgs/msg
[0.763s] -- Up-to-date: /home/hiro/rust_ws/install/rosgraph_msgs/include/rosgraph_msgs/rosgraph_msgs/msg/rosidl_typesupport_fastrtps_cpp__visibility_control.h
[0.763s] -- Up-to-date: /home/hiro/rust_ws/install/rosgraph_msgs/include/rosgraph_msgs/rosgraph_msgs/msg/detail
[0.763s] -- Up-to-date: /home/hiro/rust_ws/install/rosgraph_msgs/include/rosgraph_msgs/rosgraph_msgs/msg/detail/clock__rosidl_typesupport_fastrtps_cpp.hpp
[0.763s] -- Up-to-date: /home/hiro/rust_ws/install/rosgraph_msgs/include/rosgraph_msgs/rosgraph_msgs/msg/detail/dds_fastrtps
[0.763s] -- Up-to-date: /home/hiro/rust_ws/install/rosgraph_msgs/lib/librosgraph_msgs__rosidl_typesupport_fastrtps_cpp.so
[0.763s] -- Up-to-date: /home/hiro/rust_ws/install/rosgraph_msgs/include/rosgraph_msgs/rosgraph_msgs
[0.763s] -- Up-to-date: /home/hiro/rust_ws/install/rosgraph_msgs/include/rosgraph_msgs/rosgraph_msgs/msg
[0.764s] -- Up-to-date: /home/hiro/rust_ws/install/rosgraph_msgs/include/rosgraph_msgs/rosgraph_msgs/msg/rosidl_typesupport_introspection_c__visibility_control.h
[0.764s] -- Up-to-date: /home/hiro/rust_ws/install/rosgraph_msgs/include/rosgraph_msgs/rosgraph_msgs/msg/detail
[0.764s] -- Up-to-date: /home/hiro/rust_ws/install/rosgraph_msgs/include/rosgraph_msgs/rosgraph_msgs/msg/detail/clock__type_support.c
[0.765s] -- Up-to-date: /home/hiro/rust_ws/install/rosgraph_msgs/include/rosgraph_msgs/rosgraph_msgs/msg/detail/clock__rosidl_typesupport_introspection_c.h
[0.765s] -- Up-to-date: /home/hiro/rust_ws/install/rosgraph_msgs/lib/librosgraph_msgs__rosidl_typesupport_introspection_c.so
[0.767s] -- Up-to-date: /home/hiro/rust_ws/install/rosgraph_msgs/lib/librosgraph_msgs__rosidl_typesupport_c.so
[0.767s] -- Up-to-date: /home/hiro/rust_ws/install/rosgraph_msgs/include/rosgraph_msgs/rosgraph_msgs
[0.767s] -- Up-to-date: /home/hiro/rust_ws/install/rosgraph_msgs/include/rosgraph_msgs/rosgraph_msgs/msg
[0.767s] -- Up-to-date: /home/hiro/rust_ws/install/rosgraph_msgs/include/rosgraph_msgs/rosgraph_msgs/msg/detail
[0.767s] -- Up-to-date: /home/hiro/rust_ws/install/rosgraph_msgs/include/rosgraph_msgs/rosgraph_msgs/msg/detail/clock__rosidl_typesupport_introspection_cpp.hpp
[0.767s] -- Up-to-date: /home/hiro/rust_ws/install/rosgraph_msgs/include/rosgraph_msgs/rosgraph_msgs/msg/detail/clock__type_support.cpp
[0.768s] -- Up-to-date: /home/hiro/rust_ws/install/rosgraph_msgs/lib/librosgraph_msgs__rosidl_typesupport_introspection_cpp.so
[0.768s] -- Up-to-date: /home/hiro/rust_ws/install/rosgraph_msgs/lib/librosgraph_msgs__rosidl_typesupport_cpp.so
[0.768s] -- Up-to-date: /home/hiro/rust_ws/install/rosgraph_msgs/share/ament_index/resource_index/rust_packages/rosgraph_msgs
[0.768s] -- Up-to-date: /home/hiro/rust_ws/install/rosgraph_msgs/share/rosgraph_msgs/rust
[0.768s] -- Up-to-date: /home/hiro/rust_ws/install/rosgraph_msgs/share/rosgraph_msgs/rust/Cargo.toml
[0.768s] -- Up-to-date: /home/hiro/rust_ws/install/rosgraph_msgs/share/rosgraph_msgs/rust/build.rs
[0.768s] -- Up-to-date: /home/hiro/rust_ws/install/rosgraph_msgs/share/rosgraph_msgs/rust/src
[0.768s] -- Up-to-date: /home/hiro/rust_ws/install/rosgraph_msgs/share/rosgraph_msgs/rust/src/msg.rs
[0.768s] -- Up-to-date: /home/hiro/rust_ws/install/rosgraph_msgs/share/rosgraph_msgs/rust/src/lib.rs
[0.768s] -- Up-to-date: /home/hiro/rust_ws/install/rosgraph_msgs/share/rosgraph_msgs/environment/pythonpath.sh
[0.768s] -- Up-to-date: /home/hiro/rust_ws/install/rosgraph_msgs/share/rosgraph_msgs/environment/pythonpath.dsv
[0.768s] -- Up-to-date: /home/hiro/rust_ws/install/rosgraph_msgs/local/lib/python3.10/dist-packages/rosgraph_msgs-1.2.1-py3.10.egg-info
[0.768s] -- Installing: /home/hiro/rust_ws/install/rosgraph_msgs/local/lib/python3.10/dist-packages/rosgraph_msgs-1.2.1-py3.10.egg-info/top_level.txt
[0.768s] -- Installing: /home/hiro/rust_ws/install/rosgraph_msgs/local/lib/python3.10/dist-packages/rosgraph_msgs-1.2.1-py3.10.egg-info/PKG-INFO
[0.768s] -- Installing: /home/hiro/rust_ws/install/rosgraph_msgs/local/lib/python3.10/dist-packages/rosgraph_msgs-1.2.1-py3.10.egg-info/SOURCES.txt
[0.769s] -- Installing: /home/hiro/rust_ws/install/rosgraph_msgs/local/lib/python3.10/dist-packages/rosgraph_msgs-1.2.1-py3.10.egg-info/dependency_links.txt
[0.769s] -- Up-to-date: /home/hiro/rust_ws/install/rosgraph_msgs/local/lib/python3.10/dist-packages/rosgraph_msgs
[0.769s] -- Up-to-date: /home/hiro/rust_ws/install/rosgraph_msgs/local/lib/python3.10/dist-packages/rosgraph_msgs/rosgraph_msgs_s__rosidl_typesupport_c.cpython-310-x86_64-linux-gnu.so
[0.769s] -- Up-to-date: /home/hiro/rust_ws/install/rosgraph_msgs/local/lib/python3.10/dist-packages/rosgraph_msgs/rosgraph_msgs_s__rosidl_typesupport_fastrtps_c.cpython-310-x86_64-linux-gnu.so
[0.769s] -- Up-to-date: /home/hiro/rust_ws/install/rosgraph_msgs/local/lib/python3.10/dist-packages/rosgraph_msgs/rosgraph_msgs_s__rosidl_typesupport_introspection_c.cpython-310-x86_64-linux-gnu.so
[0.769s] -- Up-to-date: /home/hiro/rust_ws/install/rosgraph_msgs/local/lib/python3.10/dist-packages/rosgraph_msgs/librosgraph_msgs__rosidl_generator_py.so
[0.769s] -- Up-to-date: /home/hiro/rust_ws/install/rosgraph_msgs/local/lib/python3.10/dist-packages/rosgraph_msgs/_rosgraph_msgs_s.ep.rosidl_typesupport_c.c
[0.770s] -- Up-to-date: /home/hiro/rust_ws/install/rosgraph_msgs/local/lib/python3.10/dist-packages/rosgraph_msgs/_rosgraph_msgs_s.ep.rosidl_typesupport_fastrtps_c.c
[0.770s] -- Up-to-date: /home/hiro/rust_ws/install/rosgraph_msgs/local/lib/python3.10/dist-packages/rosgraph_msgs/_rosgraph_msgs_s.ep.rosidl_typesupport_introspection_c.c
[0.770s] -- Up-to-date: /home/hiro/rust_ws/install/rosgraph_msgs/local/lib/python3.10/dist-packages/rosgraph_msgs/__init__.py
[0.770s] -- Up-to-date: /home/hiro/rust_ws/install/rosgraph_msgs/local/lib/python3.10/dist-packages/rosgraph_msgs/msg
[0.770s] -- Up-to-date: /home/hiro/rust_ws/install/rosgraph_msgs/local/lib/python3.10/dist-packages/rosgraph_msgs/msg/_clock_s.c
[0.770s] -- Up-to-date: /home/hiro/rust_ws/install/rosgraph_msgs/local/lib/python3.10/dist-packages/rosgraph_msgs/msg/__init__.py
[0.770s] -- Up-to-date: /home/hiro/rust_ws/install/rosgraph_msgs/local/lib/python3.10/dist-packages/rosgraph_msgs/msg/_clock.py
[0.785s] Listing '/home/hiro/rust_ws/install/rosgraph_msgs/local/lib/python3.10/dist-packages/rosgraph_msgs'...
[0.786s] Listing '/home/hiro/rust_ws/install/rosgraph_msgs/local/lib/python3.10/dist-packages/rosgraph_msgs/msg'...
[0.789s] -- Up-to-date: /home/hiro/rust_ws/install/rosgraph_msgs/local/lib/python3.10/dist-packages/rosgraph_msgs/rosgraph_msgs_s__rosidl_typesupport_fastrtps_c.cpython-310-x86_64-linux-gnu.so
[0.789s] -- Up-to-date: /home/hiro/rust_ws/install/rosgraph_msgs/local/lib/python3.10/dist-packages/rosgraph_msgs/rosgraph_msgs_s__rosidl_typesupport_introspection_c.cpython-310-x86_64-linux-gnu.so
[0.790s] -- Up-to-date: /home/hiro/rust_ws/install/rosgraph_msgs/local/lib/python3.10/dist-packages/rosgraph_msgs/rosgraph_msgs_s__rosidl_typesupport_c.cpython-310-x86_64-linux-gnu.so
[0.791s] -- Up-to-date: /home/hiro/rust_ws/install/rosgraph_msgs/lib/librosgraph_msgs__rosidl_generator_py.so
[0.791s] -- Up-to-date: /home/hiro/rust_ws/install/rosgraph_msgs/share/rosgraph_msgs/msg/Clock.idl
[0.792s] -- Up-to-date: /home/hiro/rust_ws/install/rosgraph_msgs/share/rosgraph_msgs/msg/Clock.msg
[0.792s] -- Up-to-date: /home/hiro/rust_ws/install/rosgraph_msgs/share/ament_index/resource_index/package_run_dependencies/rosgraph_msgs
[0.792s] -- Up-to-date: /home/hiro/rust_ws/install/rosgraph_msgs/share/ament_index/resource_index/parent_prefix_path/rosgraph_msgs
[0.792s] -- Up-to-date: /home/hiro/rust_ws/install/rosgraph_msgs/share/rosgraph_msgs/environment/ament_prefix_path.sh
[0.792s] -- Up-to-date: /home/hiro/rust_ws/install/rosgraph_msgs/share/rosgraph_msgs/environment/ament_prefix_path.dsv
[0.792s] -- Up-to-date: /home/hiro/rust_ws/install/rosgraph_msgs/share/rosgraph_msgs/environment/path.sh
[0.792s] -- Up-to-date: /home/hiro/rust_ws/install/rosgraph_msgs/share/rosgraph_msgs/environment/path.dsv
[0.793s] -- Up-to-date: /home/hiro/rust_ws/install/rosgraph_msgs/share/rosgraph_msgs/local_setup.bash
[0.793s] -- Up-to-date: /home/hiro/rust_ws/install/rosgraph_msgs/share/rosgraph_msgs/local_setup.sh
[0.793s] -- Up-to-date: /home/hiro/rust_ws/install/rosgraph_msgs/share/rosgraph_msgs/local_setup.zsh
[0.794s] -- Up-to-date: /home/hiro/rust_ws/install/rosgraph_msgs/share/rosgraph_msgs/local_setup.dsv
[0.794s] -- Installing: /home/hiro/rust_ws/install/rosgraph_msgs/share/rosgraph_msgs/package.dsv
[0.794s] -- Up-to-date: /home/hiro/rust_ws/install/rosgraph_msgs/share/ament_index/resource_index/packages/rosgraph_msgs
[0.795s] -- Up-to-date: /home/hiro/rust_ws/install/rosgraph_msgs/share/rosgraph_msgs/cmake/export_rosgraph_msgs__rosidl_generator_cExport.cmake
[0.795s] -- Up-to-date: /home/hiro/rust_ws/install/rosgraph_msgs/share/rosgraph_msgs/cmake/export_rosgraph_msgs__rosidl_generator_cExport-noconfig.cmake
[0.795s] -- Up-to-date: /home/hiro/rust_ws/install/rosgraph_msgs/share/rosgraph_msgs/cmake/export_rosgraph_msgs__rosidl_typesupport_fastrtps_cExport.cmake
[0.795s] -- Up-to-date: /home/hiro/rust_ws/install/rosgraph_msgs/share/rosgraph_msgs/cmake/export_rosgraph_msgs__rosidl_typesupport_fastrtps_cExport-noconfig.cmake
[0.795s] -- Up-to-date: /home/hiro/rust_ws/install/rosgraph_msgs/share/rosgraph_msgs/cmake/export_rosgraph_msgs__rosidl_generator_cppExport.cmake
[0.795s] -- Up-to-date: /home/hiro/rust_ws/install/rosgraph_msgs/share/rosgraph_msgs/cmake/export_rosgraph_msgs__rosidl_typesupport_fastrtps_cppExport.cmake
[0.795s] -- Up-to-date: /home/hiro/rust_ws/install/rosgraph_msgs/share/rosgraph_msgs/cmake/export_rosgraph_msgs__rosidl_typesupport_fastrtps_cppExport-noconfig.cmake
[0.795s] -- Up-to-date: /home/hiro/rust_ws/install/rosgraph_msgs/share/rosgraph_msgs/cmake/rosgraph_msgs__rosidl_typesupport_introspection_cExport.cmake
[0.795s] -- Up-to-date: /home/hiro/rust_ws/install/rosgraph_msgs/share/rosgraph_msgs/cmake/rosgraph_msgs__rosidl_typesupport_introspection_cExport-noconfig.cmake
[0.796s] -- Up-to-date: /home/hiro/rust_ws/install/rosgraph_msgs/share/rosgraph_msgs/cmake/rosgraph_msgs__rosidl_typesupport_cExport.cmake
[0.796s] -- Up-to-date: /home/hiro/rust_ws/install/rosgraph_msgs/share/rosgraph_msgs/cmake/rosgraph_msgs__rosidl_typesupport_cExport-noconfig.cmake
[0.796s] -- Up-to-date: /home/hiro/rust_ws/install/rosgraph_msgs/share/rosgraph_msgs/cmake/rosgraph_msgs__rosidl_typesupport_introspection_cppExport.cmake
[0.796s] -- Up-to-date: /home/hiro/rust_ws/install/rosgraph_msgs/share/rosgraph_msgs/cmake/rosgraph_msgs__rosidl_typesupport_introspection_cppExport-noconfig.cmake
[0.796s] -- Up-to-date: /home/hiro/rust_ws/install/rosgraph_msgs/share/rosgraph_msgs/cmake/rosgraph_msgs__rosidl_typesupport_cppExport.cmake
[0.796s] -- Up-to-date: /home/hiro/rust_ws/install/rosgraph_msgs/share/rosgraph_msgs/cmake/rosgraph_msgs__rosidl_typesupport_cppExport-noconfig.cmake
[0.796s] -- Up-to-date: /home/hiro/rust_ws/install/rosgraph_msgs/share/rosgraph_msgs/cmake/export_rosgraph_msgs__rosidl_generator_pyExport.cmake
[0.797s] -- Up-to-date: /home/hiro/rust_ws/install/rosgraph_msgs/share/rosgraph_msgs/cmake/export_rosgraph_msgs__rosidl_generator_pyExport-noconfig.cmake
[0.797s] -- Up-to-date: /home/hiro/rust_ws/install/rosgraph_msgs/share/rosgraph_msgs/cmake/rosidl_cmake-extras.cmake
[0.797s] -- Up-to-date: /home/hiro/rust_ws/install/rosgraph_msgs/share/rosgraph_msgs/cmake/ament_cmake_export_dependencies-extras.cmake
[0.797s] -- Up-to-date: /home/hiro/rust_ws/install/rosgraph_msgs/share/rosgraph_msgs/cmake/ament_cmake_export_include_directories-extras.cmake
[0.797s] -- Up-to-date: /home/hiro/rust_ws/install/rosgraph_msgs/share/rosgraph_msgs/cmake/ament_cmake_export_libraries-extras.cmake
[0.798s] -- Up-to-date: /home/hiro/rust_ws/install/rosgraph_msgs/share/rosgraph_msgs/cmake/ament_cmake_export_targets-extras.cmake
[0.798s] -- Up-to-date: /home/hiro/rust_ws/install/rosgraph_msgs/share/rosgraph_msgs/cmake/rosidl_cmake_export_typesupport_targets-extras.cmake
[0.798s] -- Up-to-date: /home/hiro/rust_ws/install/rosgraph_msgs/share/rosgraph_msgs/cmake/rosidl_cmake_export_typesupport_libraries-extras.cmake
[0.798s] -- Up-to-date: /home/hiro/rust_ws/install/rosgraph_msgs/share/rosgraph_msgs/cmake/rosgraph_msgsConfig.cmake
[0.798s] -- Up-to-date: /home/hiro/rust_ws/install/rosgraph_msgs/share/rosgraph_msgs/cmake/rosgraph_msgsConfig-version.cmake
[0.798s] -- Up-to-date: /home/hiro/rust_ws/install/rosgraph_msgs/share/rosgraph_msgs/package.xml
[0.799s] Invoked command in '/home/hiro/rust_ws/build/rosgraph_msgs' returned '0': AMENT_PREFIX_PATH=/home/hiro/rust_ws/install/builtin_interfaces:/home/hiro/rust_ws/install/rosidl_default_runtime:/home/hiro/rust_ws/install/rosidl_default_generators:/home/hiro/rust_ws/install/rosidl_generator_rs:/home/hiro/rust_ws/install/rosidl_runtime_rs:${AMENT_PREFIX_PATH} CMAKE_PREFIX_PATH=/home/hiro/rust_ws/install/builtin_interfaces:/home/hiro/rust_ws/install/rosidl_default_runtime:/home/hiro/rust_ws/install/rosidl_default_generators:/home/hiro/rust_ws/install/rosidl_generator_rs:/home/hiro/ws_livox/install/livox_ros_driver2:/opt/ros/humble LD_LIBRARY_PATH=/home/hiro/rust_ws/install/builtin_interfaces/lib:${LD_LIBRARY_PATH} PYTHONPATH=/home/hiro/rust_ws/install/builtin_interfaces/local/lib/python3.10/dist-packages:/home/hiro/rust_ws/install/rosidl_generator_rs/local/lib/python3.10/dist-packages:${PYTHONPATH} /usr/bin/cmake --install /home/hiro/rust_ws/build/rosgraph_msgs
