[0.024s] Invoking command in '/home/hiromichi/rost2/build/sensor_msgs': AMENT_PREFIX_PATH=/home/hiromichi/rost2/install/geometry_msgs:/home/hiromichi/rost2/install/std_msgs:/home/hiromichi/rost2/install/builtin_interfaces:/home/hiromichi/rost2/install/rosidl_default_runtime:/home/hiromichi/rost2/install/rosidl_default_generators:/home/hiromichi/rost2/install/rosidl_generator_rs:/home/hiromichi/rost2/install/rosidl_runtime_rs:${AMENT_PREFIX_PATH} CMAKE_PREFIX_PATH=/home/hiromichi/rost2/install/geometry_msgs:/home/hiromichi/rost2/install/std_msgs:/home/hiromichi/rost2/install/builtin_interfaces:/home/hiromichi/rost2/install/rosidl_default_runtime:/home/hiromichi/rost2/install/rosidl_default_generators:/home/hiromichi/rost2/install/rosidl_generator_rs:/opt/ros/humble LD_LIBRARY_PATH=/home/hiromichi/rost2/install/geometry_msgs/lib:/home/hiromichi/rost2/install/std_msgs/lib:/home/hiromichi/rost2/install/builtin_interfaces/lib:${LD_LIBRARY_PATH} PYTHONPATH=/home/hiromichi/rost2/install/geometry_msgs/local/lib/python3.10/dist-packages:/home/hiromichi/rost2/install/std_msgs/local/lib/python3.10/dist-packages:/home/hiromichi/rost2/install/builtin_interfaces/local/lib/python3.10/dist-packages:/home/hiromichi/rost2/install/rosidl_generator_rs/local/lib/python3.10/dist-packages:${PYTHONPATH} /usr/bin/cmake --build /home/hiromichi/rost2/build/sensor_msgs -- -j20 -l20
[0.097s] [  0%] Built target sensor_msgs__rs
[0.098s] [  0%] Built target gtest
[0.099s] [  1%] Built target gtest_main
[0.099s] [  1%] Built target sensor_msgs__cpp
[0.117s] [ 13%] Built target sensor_msgs__rosidl_generator_c
[0.151s] [ 25%] Built target sensor_msgs__rosidl_typesupport_cpp
[0.158s] [ 37%] Built target sensor_msgs__rosidl_typesupport_introspection_cpp
[0.179s] [ 48%] Built target sensor_msgs__rosidl_typesupport_fastrtps_cpp
[0.181s] [ 60%] Built target sensor_msgs__rosidl_typesupport_c
[0.182s] [ 60%] Built target ament_cmake_python_copy_sensor_msgs
[0.186s] [ 62%] Built target test_sensor_msgs
[0.188s] [ 74%] Built target sensor_msgs__rosidl_typesupport_introspection_c
[0.193s] [ 86%] Built target sensor_msgs__rosidl_typesupport_fastrtps_c
[0.211s] [ 86%] Built target sensor_msgs
[0.241s] [ 87%] Built target sensor_msgs__py
[0.299s] [ 98%] Built target sensor_msgs__rosidl_generator_py
[0.323s] [ 99%] Built target sensor_msgs__rosidl_typesupport_introspection_c__pyext
[0.328s] [100%] Built target sensor_msgs__rosidl_typesupport_fastrtps_c__pyext
[0.329s] [100%] Built target sensor_msgs__rosidl_typesupport_c__pyext
[0.425s] running egg_info
[0.426s] writing sensor_msgs.egg-info/PKG-INFO
[0.426s] writing dependency_links to sensor_msgs.egg-info/dependency_links.txt
[0.426s] writing top-level names to sensor_msgs.egg-info/top_level.txt
[0.429s] reading manifest file 'sensor_msgs.egg-info/SOURCES.txt'
[0.431s] writing manifest file 'sensor_msgs.egg-info/SOURCES.txt'
[0.459s] [100%] Built target ament_cmake_python_build_sensor_msgs_egg
[0.470s] Invoked command in '/home/hiromichi/rost2/build/sensor_msgs' returned '0': AMENT_PREFIX_PATH=/home/hiromichi/rost2/install/geometry_msgs:/home/hiromichi/rost2/install/std_msgs:/home/hiromichi/rost2/install/builtin_interfaces:/home/hiromichi/rost2/install/rosidl_default_runtime:/home/hiromichi/rost2/install/rosidl_default_generators:/home/hiromichi/rost2/install/rosidl_generator_rs:/home/hiromichi/rost2/install/rosidl_runtime_rs:${AMENT_PREFIX_PATH} CMAKE_PREFIX_PATH=/home/hiromichi/rost2/install/geometry_msgs:/home/hiromichi/rost2/install/std_msgs:/home/hiromichi/rost2/install/builtin_interfaces:/home/hiromichi/rost2/install/rosidl_default_runtime:/home/hiromichi/rost2/install/rosidl_default_generators:/home/hiromichi/rost2/install/rosidl_generator_rs:/opt/ros/humble LD_LIBRARY_PATH=/home/hiromichi/rost2/install/geometry_msgs/lib:/home/hiromichi/rost2/install/std_msgs/lib:/home/hiromichi/rost2/install/builtin_interfaces/lib:${LD_LIBRARY_PATH} PYTHONPATH=/home/hiromichi/rost2/install/geometry_msgs/local/lib/python3.10/dist-packages:/home/hiromichi/rost2/install/std_msgs/local/lib/python3.10/dist-packages:/home/hiromichi/rost2/install/builtin_interfaces/local/lib/python3.10/dist-packages:/home/hiromichi/rost2/install/rosidl_generator_rs/local/lib/python3.10/dist-packages:${PYTHONPATH} /usr/bin/cmake --build /home/hiromichi/rost2/build/sensor_msgs -- -j20 -l20
[1.025s] Invoking command in '/home/hiromichi/rost2/build/sensor_msgs': AMENT_PREFIX_PATH=/home/hiromichi/rost2/install/geometry_msgs:/home/hiromichi/rost2/install/std_msgs:/home/hiromichi/rost2/install/builtin_interfaces:/home/hiromichi/rost2/install/rosidl_default_runtime:/home/hiromichi/rost2/install/rosidl_default_generators:/home/hiromichi/rost2/install/rosidl_generator_rs:/home/hiromichi/rost2/install/rosidl_runtime_rs:${AMENT_PREFIX_PATH} CMAKE_PREFIX_PATH=/home/hiromichi/rost2/install/geometry_msgs:/home/hiromichi/rost2/install/std_msgs:/home/hiromichi/rost2/install/builtin_interfaces:/home/hiromichi/rost2/install/rosidl_default_runtime:/home/hiromichi/rost2/install/rosidl_default_generators:/home/hiromichi/rost2/install/rosidl_generator_rs:/opt/ros/humble LD_LIBRARY_PATH=/home/hiromichi/rost2/install/geometry_msgs/lib:/home/hiromichi/rost2/install/std_msgs/lib:/home/hiromichi/rost2/install/builtin_interfaces/lib:${LD_LIBRARY_PATH} PYTHONPATH=/home/hiromichi/rost2/install/geometry_msgs/local/lib/python3.10/dist-packages:/home/hiromichi/rost2/install/std_msgs/local/lib/python3.10/dist-packages:/home/hiromichi/rost2/install/builtin_interfaces/local/lib/python3.10/dist-packages:/home/hiromichi/rost2/install/rosidl_generator_rs/local/lib/python3.10/dist-packages:${PYTHONPATH} /usr/bin/cmake --install /home/hiromichi/rost2/build/sensor_msgs
[1.045s] -- Install configuration: ""
[1.045s] -- Up-to-date: /home/hiromichi/rost2/install/sensor_msgs/share/ament_index/resource_index/rosidl_interfaces/sensor_msgs
[1.045s] -- Up-to-date: /home/hiromichi/rost2/install/sensor_msgs/include/sensor_msgs/sensor_msgs
[1.046s] -- Up-to-date: /home/hiromichi/rost2/install/sensor_msgs/include/sensor_msgs/sensor_msgs/srv
[1.046s] -- Up-to-date: /home/hiromichi/rost2/install/sensor_msgs/include/sensor_msgs/sensor_msgs/srv/set_camera_info.h
[1.046s] -- Up-to-date: /home/hiromichi/rost2/install/sensor_msgs/include/sensor_msgs/sensor_msgs/srv/detail
[1.046s] -- Up-to-date: /home/hiromichi/rost2/install/sensor_msgs/include/sensor_msgs/sensor_msgs/srv/detail/set_camera_info__type_support.h
[1.047s] -- Up-to-date: /home/hiromichi/rost2/install/sensor_msgs/include/sensor_msgs/sensor_msgs/srv/detail/set_camera_info__struct.h
[1.047s] -- Up-to-date: /home/hiromichi/rost2/install/sensor_msgs/include/sensor_msgs/sensor_msgs/srv/detail/set_camera_info__functions.c
[1.047s] -- Up-to-date: /home/hiromichi/rost2/install/sensor_msgs/include/sensor_msgs/sensor_msgs/srv/detail/set_camera_info__functions.h
[1.047s] -- Up-to-date: /home/hiromichi/rost2/install/sensor_msgs/include/sensor_msgs/sensor_msgs/msg
[1.047s] -- Up-to-date: /home/hiromichi/rost2/install/sensor_msgs/include/sensor_msgs/sensor_msgs/msg/point_cloud.h
[1.047s] -- Up-to-date: /home/hiromichi/rost2/install/sensor_msgs/include/sensor_msgs/sensor_msgs/msg/point_field.h
[1.048s] -- Up-to-date: /home/hiromichi/rost2/install/sensor_msgs/include/sensor_msgs/sensor_msgs/msg/multi_echo_laser_scan.h
[1.048s] -- Up-to-date: /home/hiromichi/rost2/install/sensor_msgs/include/sensor_msgs/sensor_msgs/msg/illuminance.h
[1.049s] -- Up-to-date: /home/hiromichi/rost2/install/sensor_msgs/include/sensor_msgs/sensor_msgs/msg/temperature.h
[1.049s] -- Up-to-date: /home/hiromichi/rost2/install/sensor_msgs/include/sensor_msgs/sensor_msgs/msg/laser_echo.h
[1.050s] -- Up-to-date: /home/hiromichi/rost2/install/sensor_msgs/include/sensor_msgs/sensor_msgs/msg/fluid_pressure.h
[1.050s] -- Up-to-date: /home/hiromichi/rost2/install/sensor_msgs/include/sensor_msgs/sensor_msgs/msg/laser_scan.h
[1.050s] -- Up-to-date: /home/hiromichi/rost2/install/sensor_msgs/include/sensor_msgs/sensor_msgs/msg/multi_dof_joint_state.h
[1.050s] -- Up-to-date: /home/hiromichi/rost2/install/sensor_msgs/include/sensor_msgs/sensor_msgs/msg/imu.h
[1.050s] -- Up-to-date: /home/hiromichi/rost2/install/sensor_msgs/include/sensor_msgs/sensor_msgs/msg/magnetic_field.h
[1.050s] -- Up-to-date: /home/hiromichi/rost2/install/sensor_msgs/include/sensor_msgs/sensor_msgs/msg/battery_state.h
[1.052s] -- Up-to-date: /home/hiromichi/rost2/install/sensor_msgs/include/sensor_msgs/sensor_msgs/msg/camera_info.h
[1.052s] -- Up-to-date: /home/hiromichi/rost2/install/sensor_msgs/include/sensor_msgs/sensor_msgs/msg/region_of_interest.h
[1.052s] -- Up-to-date: /home/hiromichi/rost2/install/sensor_msgs/include/sensor_msgs/sensor_msgs/msg/image.h
[1.053s] -- Up-to-date: /home/hiromichi/rost2/install/sensor_msgs/include/sensor_msgs/sensor_msgs/msg/time_reference.h
[1.053s] -- Up-to-date: /home/hiromichi/rost2/install/sensor_msgs/include/sensor_msgs/sensor_msgs/msg/relative_humidity.h
[1.053s] -- Up-to-date: /home/hiromichi/rost2/install/sensor_msgs/include/sensor_msgs/sensor_msgs/msg/point_cloud2.h
[1.053s] -- Up-to-date: /home/hiromichi/rost2/install/sensor_msgs/include/sensor_msgs/sensor_msgs/msg/compressed_image.h
[1.053s] -- Up-to-date: /home/hiromichi/rost2/install/sensor_msgs/include/sensor_msgs/sensor_msgs/msg/joint_state.h
[1.054s] -- Up-to-date: /home/hiromichi/rost2/install/sensor_msgs/include/sensor_msgs/sensor_msgs/msg/nav_sat_status.h
[1.054s] -- Up-to-date: /home/hiromichi/rost2/install/sensor_msgs/include/sensor_msgs/sensor_msgs/msg/range.h
[1.054s] -- Up-to-date: /home/hiromichi/rost2/install/sensor_msgs/include/sensor_msgs/sensor_msgs/msg/channel_float32.h
[1.054s] -- Up-to-date: /home/hiromichi/rost2/install/sensor_msgs/include/sensor_msgs/sensor_msgs/msg/nav_sat_fix.h
[1.054s] -- Up-to-date: /home/hiromichi/rost2/install/sensor_msgs/include/sensor_msgs/sensor_msgs/msg/rosidl_generator_c__visibility_control.h
[1.054s] -- Up-to-date: /home/hiromichi/rost2/install/sensor_msgs/include/sensor_msgs/sensor_msgs/msg/joy_feedback.h
[1.054s] -- Up-to-date: /home/hiromichi/rost2/install/sensor_msgs/include/sensor_msgs/sensor_msgs/msg/joy.h
[1.055s] -- Up-to-date: /home/hiromichi/rost2/install/sensor_msgs/include/sensor_msgs/sensor_msgs/msg/detail
[1.055s] -- Up-to-date: /home/hiromichi/rost2/install/sensor_msgs/include/sensor_msgs/sensor_msgs/msg/detail/nav_sat_status__functions.h
[1.055s] -- Up-to-date: /home/hiromichi/rost2/install/sensor_msgs/include/sensor_msgs/sensor_msgs/msg/detail/multi_echo_laser_scan__struct.h
[1.055s] -- Up-to-date: /home/hiromichi/rost2/install/sensor_msgs/include/sensor_msgs/sensor_msgs/msg/detail/laser_echo__functions.h
[1.055s] -- Up-to-date: /home/hiromichi/rost2/install/sensor_msgs/include/sensor_msgs/sensor_msgs/msg/detail/joint_state__functions.c
[1.055s] -- Up-to-date: /home/hiromichi/rost2/install/sensor_msgs/include/sensor_msgs/sensor_msgs/msg/detail/multi_echo_laser_scan__functions.c
[1.055s] -- Up-to-date: /home/hiromichi/rost2/install/sensor_msgs/include/sensor_msgs/sensor_msgs/msg/detail/joint_state__type_support.h
[1.056s] -- Up-to-date: /home/hiromichi/rost2/install/sensor_msgs/include/sensor_msgs/sensor_msgs/msg/detail/illuminance__functions.c
[1.056s] -- Up-to-date: /home/hiromichi/rost2/install/sensor_msgs/include/sensor_msgs/sensor_msgs/msg/detail/nav_sat_fix__functions.c
[1.056s] -- Up-to-date: /home/hiromichi/rost2/install/sensor_msgs/include/sensor_msgs/sensor_msgs/msg/detail/laser_echo__struct.h
[1.056s] -- Up-to-date: /home/hiromichi/rost2/install/sensor_msgs/include/sensor_msgs/sensor_msgs/msg/detail/time_reference__struct.h
[1.056s] -- Up-to-date: /home/hiromichi/rost2/install/sensor_msgs/include/sensor_msgs/sensor_msgs/msg/detail/region_of_interest__functions.c
[1.056s] -- Up-to-date: /home/hiromichi/rost2/install/sensor_msgs/include/sensor_msgs/sensor_msgs/msg/detail/laser_scan__type_support.h
[1.056s] -- Up-to-date: /home/hiromichi/rost2/install/sensor_msgs/include/sensor_msgs/sensor_msgs/msg/detail/channel_float32__struct.h
[1.056s] -- Up-to-date: /home/hiromichi/rost2/install/sensor_msgs/include/sensor_msgs/sensor_msgs/msg/detail/nav_sat_fix__functions.h
[1.056s] -- Up-to-date: /home/hiromichi/rost2/install/sensor_msgs/include/sensor_msgs/sensor_msgs/msg/detail/image__functions.h
[1.056s] -- Up-to-date: /home/hiromichi/rost2/install/sensor_msgs/include/sensor_msgs/sensor_msgs/msg/detail/point_field__functions.h
[1.057s] -- Up-to-date: /home/hiromichi/rost2/install/sensor_msgs/include/sensor_msgs/sensor_msgs/msg/detail/time_reference__functions.c
[1.057s] -- Up-to-date: /home/hiromichi/rost2/install/sensor_msgs/include/sensor_msgs/sensor_msgs/msg/detail/channel_float32__functions.h
[1.057s] -- Up-to-date: /home/hiromichi/rost2/install/sensor_msgs/include/sensor_msgs/sensor_msgs/msg/detail/nav_sat_fix__type_support.h
[1.057s] -- Up-to-date: /home/hiromichi/rost2/install/sensor_msgs/include/sensor_msgs/sensor_msgs/msg/detail/fluid_pressure__functions.h
[1.058s] -- Up-to-date: /home/hiromichi/rost2/install/sensor_msgs/include/sensor_msgs/sensor_msgs/msg/detail/magnetic_field__type_support.h
[1.058s] -- Up-to-date: /home/hiromichi/rost2/install/sensor_msgs/include/sensor_msgs/sensor_msgs/msg/detail/point_cloud2__struct.h
[1.058s] -- Up-to-date: /home/hiromichi/rost2/install/sensor_msgs/include/sensor_msgs/sensor_msgs/msg/detail/region_of_interest__type_support.h
[1.059s] -- Up-to-date: /home/hiromichi/rost2/install/sensor_msgs/include/sensor_msgs/sensor_msgs/msg/detail/region_of_interest__functions.h
[1.059s] -- Up-to-date: /home/hiromichi/rost2/install/sensor_msgs/include/sensor_msgs/sensor_msgs/msg/detail/image__functions.c
[1.059s] -- Up-to-date: /home/hiromichi/rost2/install/sensor_msgs/include/sensor_msgs/sensor_msgs/msg/detail/laser_echo__type_support.h
[1.059s] -- Up-to-date: /home/hiromichi/rost2/install/sensor_msgs/include/sensor_msgs/sensor_msgs/msg/detail/multi_dof_joint_state__struct.h
[1.059s] -- Up-to-date: /home/hiromichi/rost2/install/sensor_msgs/include/sensor_msgs/sensor_msgs/msg/detail/illuminance__type_support.h
[1.059s] -- Up-to-date: /home/hiromichi/rost2/install/sensor_msgs/include/sensor_msgs/sensor_msgs/msg/detail/battery_state__struct.h
[1.059s] -- Up-to-date: /home/hiromichi/rost2/install/sensor_msgs/include/sensor_msgs/sensor_msgs/msg/detail/joy_feedback__functions.h
[1.059s] -- Up-to-date: /home/hiromichi/rost2/install/sensor_msgs/include/sensor_msgs/sensor_msgs/msg/detail/camera_info__struct.h
[1.059s] -- Up-to-date: /home/hiromichi/rost2/install/sensor_msgs/include/sensor_msgs/sensor_msgs/msg/detail/point_cloud2__functions.h
[1.059s] -- Up-to-date: /home/hiromichi/rost2/install/sensor_msgs/include/sensor_msgs/sensor_msgs/msg/detail/channel_float32__functions.c
[1.059s] -- Up-to-date: /home/hiromichi/rost2/install/sensor_msgs/include/sensor_msgs/sensor_msgs/msg/detail/fluid_pressure__functions.c
[1.059s] -- Up-to-date: /home/hiromichi/rost2/install/sensor_msgs/include/sensor_msgs/sensor_msgs/msg/detail/multi_echo_laser_scan__functions.h
[1.059s] -- Up-to-date: /home/hiromichi/rost2/install/sensor_msgs/include/sensor_msgs/sensor_msgs/msg/detail/range__functions.h
[1.059s] -- Up-to-date: /home/hiromichi/rost2/install/sensor_msgs/include/sensor_msgs/sensor_msgs/msg/detail/imu__type_support.h
[1.059s] -- Up-to-date: /home/hiromichi/rost2/install/sensor_msgs/include/sensor_msgs/sensor_msgs/msg/detail/temperature__functions.c
[1.059s] -- Up-to-date: /home/hiromichi/rost2/install/sensor_msgs/include/sensor_msgs/sensor_msgs/msg/detail/joy_feedback_array__struct.h
[1.059s] -- Up-to-date: /home/hiromichi/rost2/install/sensor_msgs/include/sensor_msgs/sensor_msgs/msg/detail/joy__struct.h
[1.059s] -- Up-to-date: /home/hiromichi/rost2/install/sensor_msgs/include/sensor_msgs/sensor_msgs/msg/detail/camera_info__type_support.h
[1.059s] -- Up-to-date: /home/hiromichi/rost2/install/sensor_msgs/include/sensor_msgs/sensor_msgs/msg/detail/point_cloud2__functions.c
[1.059s] -- Up-to-date: /home/hiromichi/rost2/install/sensor_msgs/include/sensor_msgs/sensor_msgs/msg/detail/compressed_image__type_support.h
[1.059s] -- Up-to-date: /home/hiromichi/rost2/install/sensor_msgs/include/sensor_msgs/sensor_msgs/msg/detail/channel_float32__type_support.h
[1.059s] -- Up-to-date: /home/hiromichi/rost2/install/sensor_msgs/include/sensor_msgs/sensor_msgs/msg/detail/magnetic_field__struct.h
[1.059s] -- Up-to-date: /home/hiromichi/rost2/install/sensor_msgs/include/sensor_msgs/sensor_msgs/msg/detail/joy_feedback__type_support.h
[1.059s] -- Up-to-date: /home/hiromichi/rost2/install/sensor_msgs/include/sensor_msgs/sensor_msgs/msg/detail/range__type_support.h
[1.060s] -- Up-to-date: /home/hiromichi/rost2/install/sensor_msgs/include/sensor_msgs/sensor_msgs/msg/detail/time_reference__type_support.h
[1.060s] -- Up-to-date: /home/hiromichi/rost2/install/sensor_msgs/include/sensor_msgs/sensor_msgs/msg/detail/joy_feedback__functions.c
[1.060s] -- Up-to-date: /home/hiromichi/rost2/install/sensor_msgs/include/sensor_msgs/sensor_msgs/msg/detail/camera_info__functions.h
[1.060s] -- Up-to-date: /home/hiromichi/rost2/install/sensor_msgs/include/sensor_msgs/sensor_msgs/msg/detail/temperature__struct.h
[1.060s] -- Up-to-date: /home/hiromichi/rost2/install/sensor_msgs/include/sensor_msgs/sensor_msgs/msg/detail/relative_humidity__struct.h
[1.060s] -- Up-to-date: /home/hiromichi/rost2/install/sensor_msgs/include/sensor_msgs/sensor_msgs/msg/detail/magnetic_field__functions.h
[1.061s] -- Up-to-date: /home/hiromichi/rost2/install/sensor_msgs/include/sensor_msgs/sensor_msgs/msg/detail/nav_sat_status__struct.h
[1.061s] -- Up-to-date: /home/hiromichi/rost2/install/sensor_msgs/include/sensor_msgs/sensor_msgs/msg/detail/fluid_pressure__struct.h
[1.061s] -- Up-to-date: /home/hiromichi/rost2/install/sensor_msgs/include/sensor_msgs/sensor_msgs/msg/detail/joy_feedback_array__type_support.h
[1.061s] -- Up-to-date: /home/hiromichi/rost2/install/sensor_msgs/include/sensor_msgs/sensor_msgs/msg/detail/illuminance__struct.h
[1.061s] -- Up-to-date: /home/hiromichi/rost2/install/sensor_msgs/include/sensor_msgs/sensor_msgs/msg/detail/joy__functions.c
[1.061s] -- Up-to-date: /home/hiromichi/rost2/install/sensor_msgs/include/sensor_msgs/sensor_msgs/msg/detail/point_cloud__type_support.h
[1.061s] -- Up-to-date: /home/hiromichi/rost2/install/sensor_msgs/include/sensor_msgs/sensor_msgs/msg/detail/illuminance__functions.h
[1.061s] -- Up-to-date: /home/hiromichi/rost2/install/sensor_msgs/include/sensor_msgs/sensor_msgs/msg/detail/point_cloud__functions.c
[1.062s] -- Up-to-date: /home/hiromichi/rost2/install/sensor_msgs/include/sensor_msgs/sensor_msgs/msg/detail/joy_feedback_array__functions.h
[1.062s] -- Up-to-date: /home/hiromichi/rost2/install/sensor_msgs/include/sensor_msgs/sensor_msgs/msg/detail/point_field__type_support.h
[1.062s] -- Up-to-date: /home/hiromichi/rost2/install/sensor_msgs/include/sensor_msgs/sensor_msgs/msg/detail/compressed_image__functions.c
[1.062s] -- Up-to-date: /home/hiromichi/rost2/install/sensor_msgs/include/sensor_msgs/sensor_msgs/msg/detail/nav_sat_status__functions.c
[1.062s] -- Up-to-date: /home/hiromichi/rost2/install/sensor_msgs/include/sensor_msgs/sensor_msgs/msg/detail/laser_echo__functions.c
[1.062s] -- Up-to-date: /home/hiromichi/rost2/install/sensor_msgs/include/sensor_msgs/sensor_msgs/msg/detail/fluid_pressure__type_support.h
[1.062s] -- Up-to-date: /home/hiromichi/rost2/install/sensor_msgs/include/sensor_msgs/sensor_msgs/msg/detail/battery_state__type_support.h
[1.062s] -- Up-to-date: /home/hiromichi/rost2/install/sensor_msgs/include/sensor_msgs/sensor_msgs/msg/detail/camera_info__functions.c
[1.062s] -- Up-to-date: /home/hiromichi/rost2/install/sensor_msgs/include/sensor_msgs/sensor_msgs/msg/detail/point_field__functions.c
[1.062s] -- Up-to-date: /home/hiromichi/rost2/install/sensor_msgs/include/sensor_msgs/sensor_msgs/msg/detail/imu__functions.h
[1.062s] -- Up-to-date: /home/hiromichi/rost2/install/sensor_msgs/include/sensor_msgs/sensor_msgs/msg/detail/image__struct.h
[1.063s] -- Up-to-date: /home/hiromichi/rost2/install/sensor_msgs/include/sensor_msgs/sensor_msgs/msg/detail/battery_state__functions.c
[1.063s] -- Up-to-date: /home/hiromichi/rost2/install/sensor_msgs/include/sensor_msgs/sensor_msgs/msg/detail/laser_scan__functions.h
[1.063s] -- Up-to-date: /home/hiromichi/rost2/install/sensor_msgs/include/sensor_msgs/sensor_msgs/msg/detail/joy__type_support.h
[1.063s] -- Up-to-date: /home/hiromichi/rost2/install/sensor_msgs/include/sensor_msgs/sensor_msgs/msg/detail/imu__struct.h
[1.063s] -- Up-to-date: /home/hiromichi/rost2/install/sensor_msgs/include/sensor_msgs/sensor_msgs/msg/detail/point_cloud__struct.h
[1.063s] -- Up-to-date: /home/hiromichi/rost2/install/sensor_msgs/include/sensor_msgs/sensor_msgs/msg/detail/relative_humidity__functions.c
[1.063s] -- Up-to-date: /home/hiromichi/rost2/install/sensor_msgs/include/sensor_msgs/sensor_msgs/msg/detail/point_field__struct.h
[1.063s] -- Up-to-date: /home/hiromichi/rost2/install/sensor_msgs/include/sensor_msgs/sensor_msgs/msg/detail/joint_state__struct.h
[1.063s] -- Up-to-date: /home/hiromichi/rost2/install/sensor_msgs/include/sensor_msgs/sensor_msgs/msg/detail/relative_humidity__type_support.h
[1.063s] -- Up-to-date: /home/hiromichi/rost2/install/sensor_msgs/include/sensor_msgs/sensor_msgs/msg/detail/relative_humidity__functions.h
[1.063s] -- Up-to-date: /home/hiromichi/rost2/install/sensor_msgs/include/sensor_msgs/sensor_msgs/msg/detail/range__struct.h
[1.063s] -- Up-to-date: /home/hiromichi/rost2/install/sensor_msgs/include/sensor_msgs/sensor_msgs/msg/detail/imu__functions.c
[1.063s] -- Up-to-date: /home/hiromichi/rost2/install/sensor_msgs/include/sensor_msgs/sensor_msgs/msg/detail/multi_dof_joint_state__type_support.h
[1.063s] -- Up-to-date: /home/hiromichi/rost2/install/sensor_msgs/include/sensor_msgs/sensor_msgs/msg/detail/point_cloud__functions.h
[1.063s] -- Up-to-date: /home/hiromichi/rost2/install/sensor_msgs/include/sensor_msgs/sensor_msgs/msg/detail/image__type_support.h
[1.063s] -- Up-to-date: /home/hiromichi/rost2/install/sensor_msgs/include/sensor_msgs/sensor_msgs/msg/detail/temperature__type_support.h
[1.063s] -- Up-to-date: /home/hiromichi/rost2/install/sensor_msgs/include/sensor_msgs/sensor_msgs/msg/detail/multi_dof_joint_state__functions.c
[1.063s] -- Up-to-date: /home/hiromichi/rost2/install/sensor_msgs/include/sensor_msgs/sensor_msgs/msg/detail/joy__functions.h
[1.063s] -- Up-to-date: /home/hiromichi/rost2/install/sensor_msgs/include/sensor_msgs/sensor_msgs/msg/detail/multi_dof_joint_state__functions.h
[1.063s] -- Up-to-date: /home/hiromichi/rost2/install/sensor_msgs/include/sensor_msgs/sensor_msgs/msg/detail/magnetic_field__functions.c
[1.063s] -- Up-to-date: /home/hiromichi/rost2/install/sensor_msgs/include/sensor_msgs/sensor_msgs/msg/detail/joy_feedback__struct.h
[1.063s] -- Up-to-date: /home/hiromichi/rost2/install/sensor_msgs/include/sensor_msgs/sensor_msgs/msg/detail/time_reference__functions.h
[1.063s] -- Up-to-date: /home/hiromichi/rost2/install/sensor_msgs/include/sensor_msgs/sensor_msgs/msg/detail/region_of_interest__struct.h
[1.063s] -- Up-to-date: /home/hiromichi/rost2/install/sensor_msgs/include/sensor_msgs/sensor_msgs/msg/detail/multi_echo_laser_scan__type_support.h
[1.063s] -- Up-to-date: /home/hiromichi/rost2/install/sensor_msgs/include/sensor_msgs/sensor_msgs/msg/detail/compressed_image__functions.h
[1.063s] -- Up-to-date: /home/hiromichi/rost2/install/sensor_msgs/include/sensor_msgs/sensor_msgs/msg/detail/range__functions.c
[1.064s] -- Up-to-date: /home/hiromichi/rost2/install/sensor_msgs/include/sensor_msgs/sensor_msgs/msg/detail/laser_scan__struct.h
[1.064s] -- Up-to-date: /home/hiromichi/rost2/install/sensor_msgs/include/sensor_msgs/sensor_msgs/msg/detail/compressed_image__struct.h
[1.064s] -- Up-to-date: /home/hiromichi/rost2/install/sensor_msgs/include/sensor_msgs/sensor_msgs/msg/detail/laser_scan__functions.c
[1.064s] -- Up-to-date: /home/hiromichi/rost2/install/sensor_msgs/include/sensor_msgs/sensor_msgs/msg/detail/nav_sat_fix__struct.h
[1.064s] -- Up-to-date: /home/hiromichi/rost2/install/sensor_msgs/include/sensor_msgs/sensor_msgs/msg/detail/battery_state__functions.h
[1.064s] -- Up-to-date: /home/hiromichi/rost2/install/sensor_msgs/include/sensor_msgs/sensor_msgs/msg/detail/joint_state__functions.h
[1.064s] -- Up-to-date: /home/hiromichi/rost2/install/sensor_msgs/include/sensor_msgs/sensor_msgs/msg/detail/joy_feedback_array__functions.c
[1.064s] -- Up-to-date: /home/hiromichi/rost2/install/sensor_msgs/include/sensor_msgs/sensor_msgs/msg/detail/point_cloud2__type_support.h
[1.064s] -- Up-to-date: /home/hiromichi/rost2/install/sensor_msgs/include/sensor_msgs/sensor_msgs/msg/detail/temperature__functions.h
[1.064s] -- Up-to-date: /home/hiromichi/rost2/install/sensor_msgs/include/sensor_msgs/sensor_msgs/msg/detail/nav_sat_status__type_support.h
[1.065s] -- Up-to-date: /home/hiromichi/rost2/install/sensor_msgs/include/sensor_msgs/sensor_msgs/msg/joy_feedback_array.h
[1.065s] -- Up-to-date: /home/hiromichi/rost2/install/sensor_msgs/share/sensor_msgs/environment/library_path.sh
[1.065s] -- Up-to-date: /home/hiromichi/rost2/install/sensor_msgs/share/sensor_msgs/environment/library_path.dsv
[1.065s] -- Up-to-date: /home/hiromichi/rost2/install/sensor_msgs/lib/libsensor_msgs__rosidl_generator_c.so
[1.065s] -- Up-to-date: /home/hiromichi/rost2/install/sensor_msgs/include/sensor_msgs/sensor_msgs
[1.065s] -- Up-to-date: /home/hiromichi/rost2/install/sensor_msgs/include/sensor_msgs/sensor_msgs/srv
[1.065s] -- Up-to-date: /home/hiromichi/rost2/install/sensor_msgs/include/sensor_msgs/sensor_msgs/srv/detail
[1.065s] -- Up-to-date: /home/hiromichi/rost2/install/sensor_msgs/include/sensor_msgs/sensor_msgs/srv/detail/set_camera_info__rosidl_typesupport_fastrtps_c.h
[1.066s] -- Up-to-date: /home/hiromichi/rost2/install/sensor_msgs/include/sensor_msgs/sensor_msgs/msg
[1.066s] -- Up-to-date: /home/hiromichi/rost2/install/sensor_msgs/include/sensor_msgs/sensor_msgs/msg/rosidl_typesupport_fastrtps_c__visibility_control.h
[1.066s] -- Up-to-date: /home/hiromichi/rost2/install/sensor_msgs/include/sensor_msgs/sensor_msgs/msg/detail
[1.067s] -- Up-to-date: /home/hiromichi/rost2/install/sensor_msgs/include/sensor_msgs/sensor_msgs/msg/detail/battery_state__rosidl_typesupport_fastrtps_c.h
[1.067s] -- Up-to-date: /home/hiromichi/rost2/install/sensor_msgs/include/sensor_msgs/sensor_msgs/msg/detail/imu__rosidl_typesupport_fastrtps_c.h
[1.067s] -- Up-to-date: /home/hiromichi/rost2/install/sensor_msgs/include/sensor_msgs/sensor_msgs/msg/detail/compressed_image__rosidl_typesupport_fastrtps_c.h
[1.067s] -- Up-to-date: /home/hiromichi/rost2/install/sensor_msgs/include/sensor_msgs/sensor_msgs/msg/detail/joy_feedback_array__rosidl_typesupport_fastrtps_c.h
[1.067s] -- Up-to-date: /home/hiromichi/rost2/install/sensor_msgs/include/sensor_msgs/sensor_msgs/msg/detail/laser_echo__rosidl_typesupport_fastrtps_c.h
[1.067s] -- Up-to-date: /home/hiromichi/rost2/install/sensor_msgs/include/sensor_msgs/sensor_msgs/msg/detail/nav_sat_status__rosidl_typesupport_fastrtps_c.h
[1.067s] -- Up-to-date: /home/hiromichi/rost2/install/sensor_msgs/include/sensor_msgs/sensor_msgs/msg/detail/illuminance__rosidl_typesupport_fastrtps_c.h
[1.067s] -- Up-to-date: /home/hiromichi/rost2/install/sensor_msgs/include/sensor_msgs/sensor_msgs/msg/detail/multi_echo_laser_scan__rosidl_typesupport_fastrtps_c.h
[1.067s] -- Up-to-date: /home/hiromichi/rost2/install/sensor_msgs/include/sensor_msgs/sensor_msgs/msg/detail/time_reference__rosidl_typesupport_fastrtps_c.h
[1.067s] -- Up-to-date: /home/hiromichi/rost2/install/sensor_msgs/include/sensor_msgs/sensor_msgs/msg/detail/fluid_pressure__rosidl_typesupport_fastrtps_c.h
[1.068s] -- Up-to-date: /home/hiromichi/rost2/install/sensor_msgs/include/sensor_msgs/sensor_msgs/msg/detail/range__rosidl_typesupport_fastrtps_c.h
[1.068s] -- Up-to-date: /home/hiromichi/rost2/install/sensor_msgs/include/sensor_msgs/sensor_msgs/msg/detail/point_cloud2__rosidl_typesupport_fastrtps_c.h
[1.068s] -- Up-to-date: /home/hiromichi/rost2/install/sensor_msgs/include/sensor_msgs/sensor_msgs/msg/detail/region_of_interest__rosidl_typesupport_fastrtps_c.h
[1.068s] -- Up-to-date: /home/hiromichi/rost2/install/sensor_msgs/include/sensor_msgs/sensor_msgs/msg/detail/camera_info__rosidl_typesupport_fastrtps_c.h
[1.068s] -- Up-to-date: /home/hiromichi/rost2/install/sensor_msgs/include/sensor_msgs/sensor_msgs/msg/detail/joy__rosidl_typesupport_fastrtps_c.h
[1.068s] -- Up-to-date: /home/hiromichi/rost2/install/sensor_msgs/include/sensor_msgs/sensor_msgs/msg/detail/relative_humidity__rosidl_typesupport_fastrtps_c.h
[1.068s] -- Up-to-date: /home/hiromichi/rost2/install/sensor_msgs/include/sensor_msgs/sensor_msgs/msg/detail/magnetic_field__rosidl_typesupport_fastrtps_c.h
[1.068s] -- Up-to-date: /home/hiromichi/rost2/install/sensor_msgs/include/sensor_msgs/sensor_msgs/msg/detail/joy_feedback__rosidl_typesupport_fastrtps_c.h
[1.068s] -- Up-to-date: /home/hiromichi/rost2/install/sensor_msgs/include/sensor_msgs/sensor_msgs/msg/detail/point_field__rosidl_typesupport_fastrtps_c.h
[1.068s] -- Up-to-date: /home/hiromichi/rost2/install/sensor_msgs/include/sensor_msgs/sensor_msgs/msg/detail/point_cloud__rosidl_typesupport_fastrtps_c.h
[1.068s] -- Up-to-date: /home/hiromichi/rost2/install/sensor_msgs/include/sensor_msgs/sensor_msgs/msg/detail/channel_float32__rosidl_typesupport_fastrtps_c.h
[1.068s] -- Up-to-date: /home/hiromichi/rost2/install/sensor_msgs/include/sensor_msgs/sensor_msgs/msg/detail/laser_scan__rosidl_typesupport_fastrtps_c.h
[1.068s] -- Up-to-date: /home/hiromichi/rost2/install/sensor_msgs/include/sensor_msgs/sensor_msgs/msg/detail/image__rosidl_typesupport_fastrtps_c.h
[1.068s] -- Up-to-date: /home/hiromichi/rost2/install/sensor_msgs/include/sensor_msgs/sensor_msgs/msg/detail/joint_state__rosidl_typesupport_fastrtps_c.h
[1.068s] -- Up-to-date: /home/hiromichi/rost2/install/sensor_msgs/include/sensor_msgs/sensor_msgs/msg/detail/multi_dof_joint_state__rosidl_typesupport_fastrtps_c.h
[1.069s] -- Up-to-date: /home/hiromichi/rost2/install/sensor_msgs/include/sensor_msgs/sensor_msgs/msg/detail/temperature__rosidl_typesupport_fastrtps_c.h
[1.069s] -- Up-to-date: /home/hiromichi/rost2/install/sensor_msgs/include/sensor_msgs/sensor_msgs/msg/detail/nav_sat_fix__rosidl_typesupport_fastrtps_c.h
[1.069s] -- Up-to-date: /home/hiromichi/rost2/install/sensor_msgs/lib/libsensor_msgs__rosidl_typesupport_fastrtps_c.so
[1.069s] -- Up-to-date: /home/hiromichi/rost2/install/sensor_msgs/include/sensor_msgs/sensor_msgs
[1.069s] -- Up-to-date: /home/hiromichi/rost2/install/sensor_msgs/include/sensor_msgs/sensor_msgs/srv
[1.069s] -- Up-to-date: /home/hiromichi/rost2/install/sensor_msgs/include/sensor_msgs/sensor_msgs/srv/set_camera_info.hpp
[1.070s] -- Up-to-date: /home/hiromichi/rost2/install/sensor_msgs/include/sensor_msgs/sensor_msgs/srv/detail
[1.070s] -- Up-to-date: /home/hiromichi/rost2/install/sensor_msgs/include/sensor_msgs/sensor_msgs/srv/detail/set_camera_info__builder.hpp
[1.070s] -- Up-to-date: /home/hiromichi/rost2/install/sensor_msgs/include/sensor_msgs/sensor_msgs/srv/detail/set_camera_info__struct.hpp
[1.070s] -- Up-to-date: /home/hiromichi/rost2/install/sensor_msgs/include/sensor_msgs/sensor_msgs/srv/detail/set_camera_info__traits.hpp
[1.071s] -- Up-to-date: /home/hiromichi/rost2/install/sensor_msgs/include/sensor_msgs/sensor_msgs/msg
[1.071s] -- Up-to-date: /home/hiromichi/rost2/install/sensor_msgs/include/sensor_msgs/sensor_msgs/msg/time_reference.hpp
[1.071s] -- Up-to-date: /home/hiromichi/rost2/install/sensor_msgs/include/sensor_msgs/sensor_msgs/msg/compressed_image.hpp
[1.072s] -- Up-to-date: /home/hiromichi/rost2/install/sensor_msgs/include/sensor_msgs/sensor_msgs/msg/laser_scan.hpp
[1.072s] -- Up-to-date: /home/hiromichi/rost2/install/sensor_msgs/include/sensor_msgs/sensor_msgs/msg/joy.hpp
[1.072s] -- Up-to-date: /home/hiromichi/rost2/install/sensor_msgs/include/sensor_msgs/sensor_msgs/msg/joy_feedback_array.hpp
[1.072s] -- Up-to-date: /home/hiromichi/rost2/install/sensor_msgs/include/sensor_msgs/sensor_msgs/msg/fluid_pressure.hpp
[1.072s] -- Up-to-date: /home/hiromichi/rost2/install/sensor_msgs/include/sensor_msgs/sensor_msgs/msg/joint_state.hpp
[1.072s] -- Up-to-date: /home/hiromichi/rost2/install/sensor_msgs/include/sensor_msgs/sensor_msgs/msg/region_of_interest.hpp
[1.072s] -- Up-to-date: /home/hiromichi/rost2/install/sensor_msgs/include/sensor_msgs/sensor_msgs/msg/nav_sat_fix.hpp
[1.072s] -- Up-to-date: /home/hiromichi/rost2/install/sensor_msgs/include/sensor_msgs/sensor_msgs/msg/point_cloud.hpp
[1.072s] -- Up-to-date: /home/hiromichi/rost2/install/sensor_msgs/include/sensor_msgs/sensor_msgs/msg/image.hpp
[1.072s] -- Up-to-date: /home/hiromichi/rost2/install/sensor_msgs/include/sensor_msgs/sensor_msgs/msg/laser_echo.hpp
[1.072s] -- Up-to-date: /home/hiromichi/rost2/install/sensor_msgs/include/sensor_msgs/sensor_msgs/msg/point_cloud2.hpp
[1.073s] -- Up-to-date: /home/hiromichi/rost2/install/sensor_msgs/include/sensor_msgs/sensor_msgs/msg/temperature.hpp
[1.073s] -- Up-to-date: /home/hiromichi/rost2/install/sensor_msgs/include/sensor_msgs/sensor_msgs/msg/magnetic_field.hpp
[1.073s] -- Up-to-date: /home/hiromichi/rost2/install/sensor_msgs/include/sensor_msgs/sensor_msgs/msg/illuminance.hpp
[1.073s] -- Up-to-date: /home/hiromichi/rost2/install/sensor_msgs/include/sensor_msgs/sensor_msgs/msg/channel_float32.hpp
[1.073s] -- Up-to-date: /home/hiromichi/rost2/install/sensor_msgs/include/sensor_msgs/sensor_msgs/msg/joy_feedback.hpp
[1.073s] -- Up-to-date: /home/hiromichi/rost2/install/sensor_msgs/include/sensor_msgs/sensor_msgs/msg/relative_humidity.hpp
[1.073s] -- Up-to-date: /home/hiromichi/rost2/install/sensor_msgs/include/sensor_msgs/sensor_msgs/msg/point_field.hpp
[1.073s] -- Up-to-date: /home/hiromichi/rost2/install/sensor_msgs/include/sensor_msgs/sensor_msgs/msg/battery_state.hpp
[1.073s] -- Up-to-date: /home/hiromichi/rost2/install/sensor_msgs/include/sensor_msgs/sensor_msgs/msg/nav_sat_status.hpp
[1.073s] -- Up-to-date: /home/hiromichi/rost2/install/sensor_msgs/include/sensor_msgs/sensor_msgs/msg/camera_info.hpp
[1.073s] -- Up-to-date: /home/hiromichi/rost2/install/sensor_msgs/include/sensor_msgs/sensor_msgs/msg/multi_echo_laser_scan.hpp
[1.073s] -- Up-to-date: /home/hiromichi/rost2/install/sensor_msgs/include/sensor_msgs/sensor_msgs/msg/range.hpp
[1.073s] -- Up-to-date: /home/hiromichi/rost2/install/sensor_msgs/include/sensor_msgs/sensor_msgs/msg/detail
[1.073s] -- Up-to-date: /home/hiromichi/rost2/install/sensor_msgs/include/sensor_msgs/sensor_msgs/msg/detail/nav_sat_status__struct.hpp
[1.073s] -- Up-to-date: /home/hiromichi/rost2/install/sensor_msgs/include/sensor_msgs/sensor_msgs/msg/detail/point_field__traits.hpp
[1.073s] -- Up-to-date: /home/hiromichi/rost2/install/sensor_msgs/include/sensor_msgs/sensor_msgs/msg/detail/image__traits.hpp
[1.073s] -- Up-to-date: /home/hiromichi/rost2/install/sensor_msgs/include/sensor_msgs/sensor_msgs/msg/detail/multi_echo_laser_scan__traits.hpp
[1.073s] -- Up-to-date: /home/hiromichi/rost2/install/sensor_msgs/include/sensor_msgs/sensor_msgs/msg/detail/range__builder.hpp
[1.073s] -- Up-to-date: /home/hiromichi/rost2/install/sensor_msgs/include/sensor_msgs/sensor_msgs/msg/detail/joy_feedback__traits.hpp
[1.073s] -- Up-to-date: /home/hiromichi/rost2/install/sensor_msgs/include/sensor_msgs/sensor_msgs/msg/detail/range__struct.hpp
[1.073s] -- Up-to-date: /home/hiromichi/rost2/install/sensor_msgs/include/sensor_msgs/sensor_msgs/msg/detail/multi_dof_joint_state__builder.hpp
[1.073s] -- Up-to-date: /home/hiromichi/rost2/install/sensor_msgs/include/sensor_msgs/sensor_msgs/msg/detail/joy_feedback__builder.hpp
[1.073s] -- Up-to-date: /home/hiromichi/rost2/install/sensor_msgs/include/sensor_msgs/sensor_msgs/msg/detail/nav_sat_status__builder.hpp
[1.073s] -- Up-to-date: /home/hiromichi/rost2/install/sensor_msgs/include/sensor_msgs/sensor_msgs/msg/detail/magnetic_field__struct.hpp
[1.073s] -- Up-to-date: /home/hiromichi/rost2/install/sensor_msgs/include/sensor_msgs/sensor_msgs/msg/detail/laser_scan__traits.hpp
[1.073s] -- Up-to-date: /home/hiromichi/rost2/install/sensor_msgs/include/sensor_msgs/sensor_msgs/msg/detail/multi_echo_laser_scan__struct.hpp
[1.074s] -- Up-to-date: /home/hiromichi/rost2/install/sensor_msgs/include/sensor_msgs/sensor_msgs/msg/detail/battery_state__builder.hpp
[1.074s] -- Up-to-date: /home/hiromichi/rost2/install/sensor_msgs/include/sensor_msgs/sensor_msgs/msg/detail/fluid_pressure__struct.hpp
[1.074s] -- Up-to-date: /home/hiromichi/rost2/install/sensor_msgs/include/sensor_msgs/sensor_msgs/msg/detail/temperature__traits.hpp
[1.074s] -- Up-to-date: /home/hiromichi/rost2/install/sensor_msgs/include/sensor_msgs/sensor_msgs/msg/detail/joint_state__traits.hpp
[1.074s] -- Up-to-date: /home/hiromichi/rost2/install/sensor_msgs/include/sensor_msgs/sensor_msgs/msg/detail/multi_echo_laser_scan__builder.hpp
[1.074s] -- Up-to-date: /home/hiromichi/rost2/install/sensor_msgs/include/sensor_msgs/sensor_msgs/msg/detail/fluid_pressure__traits.hpp
[1.074s] -- Up-to-date: /home/hiromichi/rost2/install/sensor_msgs/include/sensor_msgs/sensor_msgs/msg/detail/point_cloud__traits.hpp
[1.074s] -- Up-to-date: /home/hiromichi/rost2/install/sensor_msgs/include/sensor_msgs/sensor_msgs/msg/detail/channel_float32__struct.hpp
[1.074s] -- Up-to-date: /home/hiromichi/rost2/install/sensor_msgs/include/sensor_msgs/sensor_msgs/msg/detail/camera_info__builder.hpp
[1.074s] -- Up-to-date: /home/hiromichi/rost2/install/sensor_msgs/include/sensor_msgs/sensor_msgs/msg/detail/nav_sat_status__traits.hpp
[1.074s] -- Up-to-date: /home/hiromichi/rost2/install/sensor_msgs/include/sensor_msgs/sensor_msgs/msg/detail/channel_float32__traits.hpp
[1.074s] -- Up-to-date: /home/hiromichi/rost2/install/sensor_msgs/include/sensor_msgs/sensor_msgs/msg/detail/battery_state__struct.hpp
[1.074s] -- Up-to-date: /home/hiromichi/rost2/install/sensor_msgs/include/sensor_msgs/sensor_msgs/msg/detail/battery_state__traits.hpp
[1.074s] -- Up-to-date: /home/hiromichi/rost2/install/sensor_msgs/include/sensor_msgs/sensor_msgs/msg/detail/camera_info__struct.hpp
[1.074s] -- Up-to-date: /home/hiromichi/rost2/install/sensor_msgs/include/sensor_msgs/sensor_msgs/msg/detail/relative_humidity__struct.hpp
[1.074s] -- Up-to-date: /home/hiromichi/rost2/install/sensor_msgs/include/sensor_msgs/sensor_msgs/msg/detail/laser_echo__traits.hpp
[1.074s] -- Up-to-date: /home/hiromichi/rost2/install/sensor_msgs/include/sensor_msgs/sensor_msgs/msg/detail/range__traits.hpp
[1.074s] -- Up-to-date: /home/hiromichi/rost2/install/sensor_msgs/include/sensor_msgs/sensor_msgs/msg/detail/laser_echo__builder.hpp
[1.074s] -- Up-to-date: /home/hiromichi/rost2/install/sensor_msgs/include/sensor_msgs/sensor_msgs/msg/detail/temperature__builder.hpp
[1.074s] -- Up-to-date: /home/hiromichi/rost2/install/sensor_msgs/include/sensor_msgs/sensor_msgs/msg/detail/point_field__builder.hpp
[1.074s] -- Up-to-date: /home/hiromichi/rost2/install/sensor_msgs/include/sensor_msgs/sensor_msgs/msg/detail/joy__struct.hpp
[1.074s] -- Up-to-date: /home/hiromichi/rost2/install/sensor_msgs/include/sensor_msgs/sensor_msgs/msg/detail/laser_scan__builder.hpp
[1.074s] -- Up-to-date: /home/hiromichi/rost2/install/sensor_msgs/include/sensor_msgs/sensor_msgs/msg/detail/illuminance__builder.hpp
[1.074s] -- Up-to-date: /home/hiromichi/rost2/install/sensor_msgs/include/sensor_msgs/sensor_msgs/msg/detail/nav_sat_fix__traits.hpp
[1.074s] -- Up-to-date: /home/hiromichi/rost2/install/sensor_msgs/include/sensor_msgs/sensor_msgs/msg/detail/joy_feedback__struct.hpp
[1.074s] -- Up-to-date: /home/hiromichi/rost2/install/sensor_msgs/include/sensor_msgs/sensor_msgs/msg/detail/point_cloud__struct.hpp
[1.074s] -- Up-to-date: /home/hiromichi/rost2/install/sensor_msgs/include/sensor_msgs/sensor_msgs/msg/detail/time_reference__traits.hpp
[1.074s] -- Up-to-date: /home/hiromichi/rost2/install/sensor_msgs/include/sensor_msgs/sensor_msgs/msg/detail/magnetic_field__traits.hpp
[1.074s] -- Up-to-date: /home/hiromichi/rost2/install/sensor_msgs/include/sensor_msgs/sensor_msgs/msg/detail/joy_feedback_array__traits.hpp
[1.074s] -- Up-to-date: /home/hiromichi/rost2/install/sensor_msgs/include/sensor_msgs/sensor_msgs/msg/detail/fluid_pressure__builder.hpp
[1.075s] -- Up-to-date: /home/hiromichi/rost2/install/sensor_msgs/include/sensor_msgs/sensor_msgs/msg/detail/joy_feedback_array__builder.hpp
[1.075s] -- Up-to-date: /home/hiromichi/rost2/install/sensor_msgs/include/sensor_msgs/sensor_msgs/msg/detail/compressed_image__traits.hpp
[1.075s] -- Up-to-date: /home/hiromichi/rost2/install/sensor_msgs/include/sensor_msgs/sensor_msgs/msg/detail/laser_echo__struct.hpp
[1.075s] -- Up-to-date: /home/hiromichi/rost2/install/sensor_msgs/include/sensor_msgs/sensor_msgs/msg/detail/illuminance__struct.hpp
[1.075s] -- Up-to-date: /home/hiromichi/rost2/install/sensor_msgs/include/sensor_msgs/sensor_msgs/msg/detail/imu__struct.hpp
[1.075s] -- Up-to-date: /home/hiromichi/rost2/install/sensor_msgs/include/sensor_msgs/sensor_msgs/msg/detail/nav_sat_fix__struct.hpp
[1.075s] -- Up-to-date: /home/hiromichi/rost2/install/sensor_msgs/include/sensor_msgs/sensor_msgs/msg/detail/time_reference__struct.hpp
[1.075s] -- Up-to-date: /home/hiromichi/rost2/install/sensor_msgs/include/sensor_msgs/sensor_msgs/msg/detail/point_cloud__builder.hpp
[1.075s] -- Up-to-date: /home/hiromichi/rost2/install/sensor_msgs/include/sensor_msgs/sensor_msgs/msg/detail/joy__traits.hpp
[1.075s] -- Up-to-date: /home/hiromichi/rost2/install/sensor_msgs/include/sensor_msgs/sensor_msgs/msg/detail/relative_humidity__builder.hpp
[1.075s] -- Up-to-date: /home/hiromichi/rost2/install/sensor_msgs/include/sensor_msgs/sensor_msgs/msg/detail/magnetic_field__builder.hpp
[1.075s] -- Up-to-date: /home/hiromichi/rost2/install/sensor_msgs/include/sensor_msgs/sensor_msgs/msg/detail/region_of_interest__builder.hpp
[1.075s] -- Up-to-date: /home/hiromichi/rost2/install/sensor_msgs/include/sensor_msgs/sensor_msgs/msg/detail/compressed_image__builder.hpp
[1.075s] -- Up-to-date: /home/hiromichi/rost2/install/sensor_msgs/include/sensor_msgs/sensor_msgs/msg/detail/joy__builder.hpp
[1.075s] -- Up-to-date: /home/hiromichi/rost2/install/sensor_msgs/include/sensor_msgs/sensor_msgs/msg/detail/imu__traits.hpp
[1.075s] -- Up-to-date: /home/hiromichi/rost2/install/sensor_msgs/include/sensor_msgs/sensor_msgs/msg/detail/point_cloud2__builder.hpp
[1.075s] -- Up-to-date: /home/hiromichi/rost2/install/sensor_msgs/include/sensor_msgs/sensor_msgs/msg/detail/image__struct.hpp
[1.075s] -- Up-to-date: /home/hiromichi/rost2/install/sensor_msgs/include/sensor_msgs/sensor_msgs/msg/detail/camera_info__traits.hpp
[1.075s] -- Up-to-date: /home/hiromichi/rost2/install/sensor_msgs/include/sensor_msgs/sensor_msgs/msg/detail/region_of_interest__traits.hpp
[1.075s] -- Up-to-date: /home/hiromichi/rost2/install/sensor_msgs/include/sensor_msgs/sensor_msgs/msg/detail/multi_dof_joint_state__struct.hpp
[1.075s] -- Up-to-date: /home/hiromichi/rost2/install/sensor_msgs/include/sensor_msgs/sensor_msgs/msg/detail/multi_dof_joint_state__traits.hpp
[1.075s] -- Up-to-date: /home/hiromichi/rost2/install/sensor_msgs/include/sensor_msgs/sensor_msgs/msg/detail/temperature__struct.hpp
[1.075s] -- Up-to-date: /home/hiromichi/rost2/install/sensor_msgs/include/sensor_msgs/sensor_msgs/msg/detail/channel_float32__builder.hpp
[1.075s] -- Up-to-date: /home/hiromichi/rost2/install/sensor_msgs/include/sensor_msgs/sensor_msgs/msg/detail/point_cloud2__struct.hpp
[1.075s] -- Up-to-date: /home/hiromichi/rost2/install/sensor_msgs/include/sensor_msgs/sensor_msgs/msg/detail/point_cloud2__traits.hpp
[1.075s] -- Up-to-date: /home/hiromichi/rost2/install/sensor_msgs/include/sensor_msgs/sensor_msgs/msg/detail/laser_scan__struct.hpp
[1.075s] -- Up-to-date: /home/hiromichi/rost2/install/sensor_msgs/include/sensor_msgs/sensor_msgs/msg/detail/image__builder.hpp
[1.075s] -- Up-to-date: /home/hiromichi/rost2/install/sensor_msgs/include/sensor_msgs/sensor_msgs/msg/detail/compressed_image__struct.hpp
[1.075s] -- Up-to-date: /home/hiromichi/rost2/install/sensor_msgs/include/sensor_msgs/sensor_msgs/msg/detail/point_field__struct.hpp
[1.075s] -- Up-to-date: /home/hiromichi/rost2/install/sensor_msgs/include/sensor_msgs/sensor_msgs/msg/detail/joint_state__builder.hpp
[1.076s] -- Up-to-date: /home/hiromichi/rost2/install/sensor_msgs/include/sensor_msgs/sensor_msgs/msg/detail/region_of_interest__struct.hpp
[1.076s] -- Up-to-date: /home/hiromichi/rost2/install/sensor_msgs/include/sensor_msgs/sensor_msgs/msg/detail/imu__builder.hpp
[1.076s] -- Up-to-date: /home/hiromichi/rost2/install/sensor_msgs/include/sensor_msgs/sensor_msgs/msg/detail/time_reference__builder.hpp
[1.076s] -- Up-to-date: /home/hiromichi/rost2/install/sensor_msgs/include/sensor_msgs/sensor_msgs/msg/detail/joy_feedback_array__struct.hpp
[1.076s] -- Up-to-date: /home/hiromichi/rost2/install/sensor_msgs/include/sensor_msgs/sensor_msgs/msg/detail/illuminance__traits.hpp
[1.076s] -- Up-to-date: /home/hiromichi/rost2/install/sensor_msgs/include/sensor_msgs/sensor_msgs/msg/detail/nav_sat_fix__builder.hpp
[1.076s] -- Up-to-date: /home/hiromichi/rost2/install/sensor_msgs/include/sensor_msgs/sensor_msgs/msg/detail/relative_humidity__traits.hpp
[1.076s] -- Up-to-date: /home/hiromichi/rost2/install/sensor_msgs/include/sensor_msgs/sensor_msgs/msg/detail/joint_state__struct.hpp
[1.076s] -- Up-to-date: /home/hiromichi/rost2/install/sensor_msgs/include/sensor_msgs/sensor_msgs/msg/imu.hpp
[1.076s] -- Up-to-date: /home/hiromichi/rost2/install/sensor_msgs/include/sensor_msgs/sensor_msgs/msg/multi_dof_joint_state.hpp
[1.076s] -- Up-to-date: /home/hiromichi/rost2/install/sensor_msgs/include/sensor_msgs/sensor_msgs
[1.076s] -- Up-to-date: /home/hiromichi/rost2/install/sensor_msgs/include/sensor_msgs/sensor_msgs/srv
[1.076s] -- Up-to-date: /home/hiromichi/rost2/install/sensor_msgs/include/sensor_msgs/sensor_msgs/srv/detail
[1.076s] -- Up-to-date: /home/hiromichi/rost2/install/sensor_msgs/include/sensor_msgs/sensor_msgs/srv/detail/set_camera_info__rosidl_typesupport_fastrtps_cpp.hpp
[1.076s] -- Up-to-date: /home/hiromichi/rost2/install/sensor_msgs/include/sensor_msgs/sensor_msgs/srv/detail/dds_fastrtps
[1.076s] -- Up-to-date: /home/hiromichi/rost2/install/sensor_msgs/include/sensor_msgs/sensor_msgs/msg
[1.076s] -- Up-to-date: /home/hiromichi/rost2/install/sensor_msgs/include/sensor_msgs/sensor_msgs/msg/rosidl_typesupport_fastrtps_cpp__visibility_control.h
[1.076s] -- Up-to-date: /home/hiromichi/rost2/install/sensor_msgs/include/sensor_msgs/sensor_msgs/msg/detail
[1.076s] -- Up-to-date: /home/hiromichi/rost2/install/sensor_msgs/include/sensor_msgs/sensor_msgs/msg/detail/magnetic_field__rosidl_typesupport_fastrtps_cpp.hpp
[1.076s] -- Up-to-date: /home/hiromichi/rost2/install/sensor_msgs/include/sensor_msgs/sensor_msgs/msg/detail/image__rosidl_typesupport_fastrtps_cpp.hpp
[1.076s] -- Up-to-date: /home/hiromichi/rost2/install/sensor_msgs/include/sensor_msgs/sensor_msgs/msg/detail/joint_state__rosidl_typesupport_fastrtps_cpp.hpp
[1.076s] -- Up-to-date: /home/hiromichi/rost2/install/sensor_msgs/include/sensor_msgs/sensor_msgs/msg/detail/joy_feedback_array__rosidl_typesupport_fastrtps_cpp.hpp
[1.076s] -- Up-to-date: /home/hiromichi/rost2/install/sensor_msgs/include/sensor_msgs/sensor_msgs/msg/detail/compressed_image__rosidl_typesupport_fastrtps_cpp.hpp
[1.076s] -- Up-to-date: /home/hiromichi/rost2/install/sensor_msgs/include/sensor_msgs/sensor_msgs/msg/detail/laser_scan__rosidl_typesupport_fastrtps_cpp.hpp
[1.076s] -- Up-to-date: /home/hiromichi/rost2/install/sensor_msgs/include/sensor_msgs/sensor_msgs/msg/detail/point_field__rosidl_typesupport_fastrtps_cpp.hpp
[1.076s] -- Up-to-date: /home/hiromichi/rost2/install/sensor_msgs/include/sensor_msgs/sensor_msgs/msg/detail/battery_state__rosidl_typesupport_fastrtps_cpp.hpp
[1.076s] -- Up-to-date: /home/hiromichi/rost2/install/sensor_msgs/include/sensor_msgs/sensor_msgs/msg/detail/multi_echo_laser_scan__rosidl_typesupport_fastrtps_cpp.hpp
[1.076s] -- Up-to-date: /home/hiromichi/rost2/install/sensor_msgs/include/sensor_msgs/sensor_msgs/msg/detail/joy_feedback__rosidl_typesupport_fastrtps_cpp.hpp
[1.076s] -- Up-to-date: /home/hiromichi/rost2/install/sensor_msgs/include/sensor_msgs/sensor_msgs/msg/detail/illuminance__rosidl_typesupport_fastrtps_cpp.hpp
[1.076s] -- Up-to-date: /home/hiromichi/rost2/install/sensor_msgs/include/sensor_msgs/sensor_msgs/msg/detail/camera_info__rosidl_typesupport_fastrtps_cpp.hpp
[1.076s] -- Up-to-date: /home/hiromichi/rost2/install/sensor_msgs/include/sensor_msgs/sensor_msgs/msg/detail/relative_humidity__rosidl_typesupport_fastrtps_cpp.hpp
[1.076s] -- Up-to-date: /home/hiromichi/rost2/install/sensor_msgs/include/sensor_msgs/sensor_msgs/msg/detail/laser_echo__rosidl_typesupport_fastrtps_cpp.hpp
[1.076s] -- Up-to-date: /home/hiromichi/rost2/install/sensor_msgs/include/sensor_msgs/sensor_msgs/msg/detail/dds_fastrtps
[1.077s] -- Up-to-date: /home/hiromichi/rost2/install/sensor_msgs/include/sensor_msgs/sensor_msgs/msg/detail/fluid_pressure__rosidl_typesupport_fastrtps_cpp.hpp
[1.077s] -- Up-to-date: /home/hiromichi/rost2/install/sensor_msgs/include/sensor_msgs/sensor_msgs/msg/detail/point_cloud__rosidl_typesupport_fastrtps_cpp.hpp
[1.077s] -- Up-to-date: /home/hiromichi/rost2/install/sensor_msgs/include/sensor_msgs/sensor_msgs/msg/detail/imu__rosidl_typesupport_fastrtps_cpp.hpp
[1.077s] -- Up-to-date: /home/hiromichi/rost2/install/sensor_msgs/include/sensor_msgs/sensor_msgs/msg/detail/channel_float32__rosidl_typesupport_fastrtps_cpp.hpp
[1.077s] -- Up-to-date: /home/hiromichi/rost2/install/sensor_msgs/include/sensor_msgs/sensor_msgs/msg/detail/temperature__rosidl_typesupport_fastrtps_cpp.hpp
[1.077s] -- Up-to-date: /home/hiromichi/rost2/install/sensor_msgs/include/sensor_msgs/sensor_msgs/msg/detail/range__rosidl_typesupport_fastrtps_cpp.hpp
[1.077s] -- Up-to-date: /home/hiromichi/rost2/install/sensor_msgs/include/sensor_msgs/sensor_msgs/msg/detail/nav_sat_status__rosidl_typesupport_fastrtps_cpp.hpp
[1.077s] -- Up-to-date: /home/hiromichi/rost2/install/sensor_msgs/include/sensor_msgs/sensor_msgs/msg/detail/region_of_interest__rosidl_typesupport_fastrtps_cpp.hpp
[1.077s] -- Up-to-date: /home/hiromichi/rost2/install/sensor_msgs/include/sensor_msgs/sensor_msgs/msg/detail/point_cloud2__rosidl_typesupport_fastrtps_cpp.hpp
[1.077s] -- Up-to-date: /home/hiromichi/rost2/install/sensor_msgs/include/sensor_msgs/sensor_msgs/msg/detail/nav_sat_fix__rosidl_typesupport_fastrtps_cpp.hpp
[1.077s] -- Up-to-date: /home/hiromichi/rost2/install/sensor_msgs/include/sensor_msgs/sensor_msgs/msg/detail/time_reference__rosidl_typesupport_fastrtps_cpp.hpp
[1.077s] -- Up-to-date: /home/hiromichi/rost2/install/sensor_msgs/include/sensor_msgs/sensor_msgs/msg/detail/joy__rosidl_typesupport_fastrtps_cpp.hpp
[1.077s] -- Up-to-date: /home/hiromichi/rost2/install/sensor_msgs/include/sensor_msgs/sensor_msgs/msg/detail/multi_dof_joint_state__rosidl_typesupport_fastrtps_cpp.hpp
[1.077s] -- Up-to-date: /home/hiromichi/rost2/install/sensor_msgs/lib/libsensor_msgs__rosidl_typesupport_fastrtps_cpp.so
[1.077s] -- Up-to-date: /home/hiromichi/rost2/install/sensor_msgs/include/sensor_msgs/sensor_msgs
[1.077s] -- Up-to-date: /home/hiromichi/rost2/install/sensor_msgs/include/sensor_msgs/sensor_msgs/srv
[1.077s] -- Up-to-date: /home/hiromichi/rost2/install/sensor_msgs/include/sensor_msgs/sensor_msgs/srv/detail
[1.077s] -- Up-to-date: /home/hiromichi/rost2/install/sensor_msgs/include/sensor_msgs/sensor_msgs/srv/detail/set_camera_info__type_support.c
[1.077s] -- Up-to-date: /home/hiromichi/rost2/install/sensor_msgs/include/sensor_msgs/sensor_msgs/srv/detail/set_camera_info__rosidl_typesupport_introspection_c.h
[1.077s] -- Up-to-date: /home/hiromichi/rost2/install/sensor_msgs/include/sensor_msgs/sensor_msgs/msg
[1.077s] -- Up-to-date: /home/hiromichi/rost2/install/sensor_msgs/include/sensor_msgs/sensor_msgs/msg/rosidl_typesupport_introspection_c__visibility_control.h
[1.077s] -- Up-to-date: /home/hiromichi/rost2/install/sensor_msgs/include/sensor_msgs/sensor_msgs/msg/detail
[1.077s] -- Up-to-date: /home/hiromichi/rost2/install/sensor_msgs/include/sensor_msgs/sensor_msgs/msg/detail/image__rosidl_typesupport_introspection_c.h
[1.077s] -- Up-to-date: /home/hiromichi/rost2/install/sensor_msgs/include/sensor_msgs/sensor_msgs/msg/detail/joy__rosidl_typesupport_introspection_c.h
[1.077s] -- Up-to-date: /home/hiromichi/rost2/install/sensor_msgs/include/sensor_msgs/sensor_msgs/msg/detail/range__rosidl_typesupport_introspection_c.h
[1.077s] -- Up-to-date: /home/hiromichi/rost2/install/sensor_msgs/include/sensor_msgs/sensor_msgs/msg/detail/battery_state__type_support.c
[1.077s] -- Up-to-date: /home/hiromichi/rost2/install/sensor_msgs/include/sensor_msgs/sensor_msgs/msg/detail/multi_dof_joint_state__type_support.c
[1.077s] -- Up-to-date: /home/hiromichi/rost2/install/sensor_msgs/include/sensor_msgs/sensor_msgs/msg/detail/fluid_pressure__rosidl_typesupport_introspection_c.h
[1.077s] -- Up-to-date: /home/hiromichi/rost2/install/sensor_msgs/include/sensor_msgs/sensor_msgs/msg/detail/multi_dof_joint_state__rosidl_typesupport_introspection_c.h
[1.077s] -- Up-to-date: /home/hiromichi/rost2/install/sensor_msgs/include/sensor_msgs/sensor_msgs/msg/detail/temperature__rosidl_typesupport_introspection_c.h
[1.077s] -- Up-to-date: /home/hiromichi/rost2/install/sensor_msgs/include/sensor_msgs/sensor_msgs/msg/detail/camera_info__type_support.c
[1.077s] -- Up-to-date: /home/hiromichi/rost2/install/sensor_msgs/include/sensor_msgs/sensor_msgs/msg/detail/joy_feedback_array__type_support.c
[1.078s] -- Up-to-date: /home/hiromichi/rost2/install/sensor_msgs/include/sensor_msgs/sensor_msgs/msg/detail/compressed_image__rosidl_typesupport_introspection_c.h
[1.078s] -- Up-to-date: /home/hiromichi/rost2/install/sensor_msgs/include/sensor_msgs/sensor_msgs/msg/detail/illuminance__rosidl_typesupport_introspection_c.h
[1.078s] -- Up-to-date: /home/hiromichi/rost2/install/sensor_msgs/include/sensor_msgs/sensor_msgs/msg/detail/joint_state__rosidl_typesupport_introspection_c.h
[1.078s] -- Up-to-date: /home/hiromichi/rost2/install/sensor_msgs/include/sensor_msgs/sensor_msgs/msg/detail/joy_feedback_array__rosidl_typesupport_introspection_c.h
[1.078s] -- Up-to-date: /home/hiromichi/rost2/install/sensor_msgs/include/sensor_msgs/sensor_msgs/msg/detail/joint_state__type_support.c
[1.078s] -- Up-to-date: /home/hiromichi/rost2/install/sensor_msgs/include/sensor_msgs/sensor_msgs/msg/detail/imu__rosidl_typesupport_introspection_c.h
[1.078s] -- Up-to-date: /home/hiromichi/rost2/install/sensor_msgs/include/sensor_msgs/sensor_msgs/msg/detail/point_cloud2__rosidl_typesupport_introspection_c.h
[1.078s] -- Up-to-date: /home/hiromichi/rost2/install/sensor_msgs/include/sensor_msgs/sensor_msgs/msg/detail/laser_echo__rosidl_typesupport_introspection_c.h
[1.078s] -- Up-to-date: /home/hiromichi/rost2/install/sensor_msgs/include/sensor_msgs/sensor_msgs/msg/detail/magnetic_field__rosidl_typesupport_introspection_c.h
[1.078s] -- Up-to-date: /home/hiromichi/rost2/install/sensor_msgs/include/sensor_msgs/sensor_msgs/msg/detail/region_of_interest__rosidl_typesupport_introspection_c.h
[1.078s] -- Up-to-date: /home/hiromichi/rost2/install/sensor_msgs/include/sensor_msgs/sensor_msgs/msg/detail/joy_feedback__type_support.c
[1.078s] -- Up-to-date: /home/hiromichi/rost2/install/sensor_msgs/include/sensor_msgs/sensor_msgs/msg/detail/joy_feedback__rosidl_typesupport_introspection_c.h
[1.078s] -- Up-to-date: /home/hiromichi/rost2/install/sensor_msgs/include/sensor_msgs/sensor_msgs/msg/detail/laser_scan__rosidl_typesupport_introspection_c.h
[1.078s] -- Up-to-date: /home/hiromichi/rost2/install/sensor_msgs/include/sensor_msgs/sensor_msgs/msg/detail/imu__type_support.c
[1.078s] -- Up-to-date: /home/hiromichi/rost2/install/sensor_msgs/include/sensor_msgs/sensor_msgs/msg/detail/relative_humidity__type_support.c
[1.078s] -- Up-to-date: /home/hiromichi/rost2/install/sensor_msgs/include/sensor_msgs/sensor_msgs/msg/detail/joy__type_support.c
[1.078s] -- Up-to-date: /home/hiromichi/rost2/install/sensor_msgs/include/sensor_msgs/sensor_msgs/msg/detail/point_cloud__rosidl_typesupport_introspection_c.h
[1.078s] -- Up-to-date: /home/hiromichi/rost2/install/sensor_msgs/include/sensor_msgs/sensor_msgs/msg/detail/nav_sat_status__type_support.c
[1.078s] -- Up-to-date: /home/hiromichi/rost2/install/sensor_msgs/include/sensor_msgs/sensor_msgs/msg/detail/time_reference__type_support.c
[1.078s] -- Up-to-date: /home/hiromichi/rost2/install/sensor_msgs/include/sensor_msgs/sensor_msgs/msg/detail/nav_sat_fix__rosidl_typesupport_introspection_c.h
[1.078s] -- Up-to-date: /home/hiromichi/rost2/install/sensor_msgs/include/sensor_msgs/sensor_msgs/msg/detail/point_field__type_support.c
[1.078s] -- Up-to-date: /home/hiromichi/rost2/install/sensor_msgs/include/sensor_msgs/sensor_msgs/msg/detail/relative_humidity__rosidl_typesupport_introspection_c.h
[1.078s] -- Up-to-date: /home/hiromichi/rost2/install/sensor_msgs/include/sensor_msgs/sensor_msgs/msg/detail/region_of_interest__type_support.c
[1.078s] -- Up-to-date: /home/hiromichi/rost2/install/sensor_msgs/include/sensor_msgs/sensor_msgs/msg/detail/range__type_support.c
[1.078s] -- Up-to-date: /home/hiromichi/rost2/install/sensor_msgs/include/sensor_msgs/sensor_msgs/msg/detail/channel_float32__type_support.c
[1.078s] -- Up-to-date: /home/hiromichi/rost2/install/sensor_msgs/include/sensor_msgs/sensor_msgs/msg/detail/battery_state__rosidl_typesupport_introspection_c.h
[1.078s] -- Up-to-date: /home/hiromichi/rost2/install/sensor_msgs/include/sensor_msgs/sensor_msgs/msg/detail/magnetic_field__type_support.c
[1.078s] -- Up-to-date: /home/hiromichi/rost2/install/sensor_msgs/include/sensor_msgs/sensor_msgs/msg/detail/channel_float32__rosidl_typesupport_introspection_c.h
[1.078s] -- Up-to-date: /home/hiromichi/rost2/install/sensor_msgs/include/sensor_msgs/sensor_msgs/msg/detail/point_field__rosidl_typesupport_introspection_c.h
[1.078s] -- Up-to-date: /home/hiromichi/rost2/install/sensor_msgs/include/sensor_msgs/sensor_msgs/msg/detail/camera_info__rosidl_typesupport_introspection_c.h
[1.079s] -- Up-to-date: /home/hiromichi/rost2/install/sensor_msgs/include/sensor_msgs/sensor_msgs/msg/detail/time_reference__rosidl_typesupport_introspection_c.h
[1.079s] -- Up-to-date: /home/hiromichi/rost2/install/sensor_msgs/include/sensor_msgs/sensor_msgs/msg/detail/nav_sat_fix__type_support.c
[1.079s] -- Up-to-date: /home/hiromichi/rost2/install/sensor_msgs/include/sensor_msgs/sensor_msgs/msg/detail/point_cloud2__type_support.c
[1.079s] -- Up-to-date: /home/hiromichi/rost2/install/sensor_msgs/include/sensor_msgs/sensor_msgs/msg/detail/compressed_image__type_support.c
[1.079s] -- Up-to-date: /home/hiromichi/rost2/install/sensor_msgs/include/sensor_msgs/sensor_msgs/msg/detail/multi_echo_laser_scan__type_support.c
[1.079s] -- Up-to-date: /home/hiromichi/rost2/install/sensor_msgs/include/sensor_msgs/sensor_msgs/msg/detail/fluid_pressure__type_support.c
[1.079s] -- Up-to-date: /home/hiromichi/rost2/install/sensor_msgs/include/sensor_msgs/sensor_msgs/msg/detail/temperature__type_support.c
[1.079s] -- Up-to-date: /home/hiromichi/rost2/install/sensor_msgs/include/sensor_msgs/sensor_msgs/msg/detail/image__type_support.c
[1.079s] -- Up-to-date: /home/hiromichi/rost2/install/sensor_msgs/include/sensor_msgs/sensor_msgs/msg/detail/laser_echo__type_support.c
[1.079s] -- Up-to-date: /home/hiromichi/rost2/install/sensor_msgs/include/sensor_msgs/sensor_msgs/msg/detail/nav_sat_status__rosidl_typesupport_introspection_c.h
[1.079s] -- Up-to-date: /home/hiromichi/rost2/install/sensor_msgs/include/sensor_msgs/sensor_msgs/msg/detail/multi_echo_laser_scan__rosidl_typesupport_introspection_c.h
[1.079s] -- Up-to-date: /home/hiromichi/rost2/install/sensor_msgs/include/sensor_msgs/sensor_msgs/msg/detail/illuminance__type_support.c
[1.079s] -- Up-to-date: /home/hiromichi/rost2/install/sensor_msgs/include/sensor_msgs/sensor_msgs/msg/detail/point_cloud__type_support.c
[1.079s] -- Up-to-date: /home/hiromichi/rost2/install/sensor_msgs/include/sensor_msgs/sensor_msgs/msg/detail/laser_scan__type_support.c
[1.079s] -- Up-to-date: /home/hiromichi/rost2/install/sensor_msgs/lib/libsensor_msgs__rosidl_typesupport_introspection_c.so
[1.079s] -- Up-to-date: /home/hiromichi/rost2/install/sensor_msgs/lib/libsensor_msgs__rosidl_typesupport_c.so
[1.079s] -- Up-to-date: /home/hiromichi/rost2/install/sensor_msgs/include/sensor_msgs/sensor_msgs
[1.079s] -- Up-to-date: /home/hiromichi/rost2/install/sensor_msgs/include/sensor_msgs/sensor_msgs/srv
[1.079s] -- Up-to-date: /home/hiromichi/rost2/install/sensor_msgs/include/sensor_msgs/sensor_msgs/srv/detail
[1.079s] -- Up-to-date: /home/hiromichi/rost2/install/sensor_msgs/include/sensor_msgs/sensor_msgs/srv/detail/set_camera_info__rosidl_typesupport_introspection_cpp.hpp
[1.079s] -- Up-to-date: /home/hiromichi/rost2/install/sensor_msgs/include/sensor_msgs/sensor_msgs/srv/detail/set_camera_info__type_support.cpp
[1.079s] -- Up-to-date: /home/hiromichi/rost2/install/sensor_msgs/include/sensor_msgs/sensor_msgs/msg
[1.079s] -- Up-to-date: /home/hiromichi/rost2/install/sensor_msgs/include/sensor_msgs/sensor_msgs/msg/detail
[1.079s] -- Up-to-date: /home/hiromichi/rost2/install/sensor_msgs/include/sensor_msgs/sensor_msgs/msg/detail/region_of_interest__type_support.cpp
[1.079s] -- Up-to-date: /home/hiromichi/rost2/install/sensor_msgs/include/sensor_msgs/sensor_msgs/msg/detail/joint_state__type_support.cpp
[1.079s] -- Up-to-date: /home/hiromichi/rost2/install/sensor_msgs/include/sensor_msgs/sensor_msgs/msg/detail/camera_info__rosidl_typesupport_introspection_cpp.hpp
[1.079s] -- Up-to-date: /home/hiromichi/rost2/install/sensor_msgs/include/sensor_msgs/sensor_msgs/msg/detail/nav_sat_fix__type_support.cpp
[1.079s] -- Up-to-date: /home/hiromichi/rost2/install/sensor_msgs/include/sensor_msgs/sensor_msgs/msg/detail/range__rosidl_typesupport_introspection_cpp.hpp
[1.079s] -- Up-to-date: /home/hiromichi/rost2/install/sensor_msgs/include/sensor_msgs/sensor_msgs/msg/detail/image__type_support.cpp
[1.079s] -- Up-to-date: /home/hiromichi/rost2/install/sensor_msgs/include/sensor_msgs/sensor_msgs/msg/detail/magnetic_field__type_support.cpp
[1.079s] -- Up-to-date: /home/hiromichi/rost2/install/sensor_msgs/include/sensor_msgs/sensor_msgs/msg/detail/joy__rosidl_typesupport_introspection_cpp.hpp
[1.079s] -- Up-to-date: /home/hiromichi/rost2/install/sensor_msgs/include/sensor_msgs/sensor_msgs/msg/detail/multi_echo_laser_scan__type_support.cpp
[1.079s] -- Up-to-date: /home/hiromichi/rost2/install/sensor_msgs/include/sensor_msgs/sensor_msgs/msg/detail/multi_dof_joint_state__rosidl_typesupport_introspection_cpp.hpp
[1.079s] -- Up-to-date: /home/hiromichi/rost2/install/sensor_msgs/include/sensor_msgs/sensor_msgs/msg/detail/nav_sat_status__rosidl_typesupport_introspection_cpp.hpp
[1.080s] -- Up-to-date: /home/hiromichi/rost2/install/sensor_msgs/include/sensor_msgs/sensor_msgs/msg/detail/illuminance__rosidl_typesupport_introspection_cpp.hpp
[1.080s] -- Up-to-date: /home/hiromichi/rost2/install/sensor_msgs/include/sensor_msgs/sensor_msgs/msg/detail/point_field__type_support.cpp
[1.080s] -- Up-to-date: /home/hiromichi/rost2/install/sensor_msgs/include/sensor_msgs/sensor_msgs/msg/detail/joy_feedback__type_support.cpp
[1.080s] -- Up-to-date: /home/hiromichi/rost2/install/sensor_msgs/include/sensor_msgs/sensor_msgs/msg/detail/compressed_image__rosidl_typesupport_introspection_cpp.hpp
[1.080s] -- Up-to-date: /home/hiromichi/rost2/install/sensor_msgs/include/sensor_msgs/sensor_msgs/msg/detail/joy_feedback__rosidl_typesupport_introspection_cpp.hpp
[1.080s] -- Up-to-date: /home/hiromichi/rost2/install/sensor_msgs/include/sensor_msgs/sensor_msgs/msg/detail/point_cloud__type_support.cpp
[1.080s] -- Up-to-date: /home/hiromichi/rost2/install/sensor_msgs/include/sensor_msgs/sensor_msgs/msg/detail/joy__type_support.cpp
[1.080s] -- Up-to-date: /home/hiromichi/rost2/install/sensor_msgs/include/sensor_msgs/sensor_msgs/msg/detail/laser_scan__rosidl_typesupport_introspection_cpp.hpp
[1.080s] -- Up-to-date: /home/hiromichi/rost2/install/sensor_msgs/include/sensor_msgs/sensor_msgs/msg/detail/point_cloud__rosidl_typesupport_introspection_cpp.hpp
[1.080s] -- Up-to-date: /home/hiromichi/rost2/install/sensor_msgs/include/sensor_msgs/sensor_msgs/msg/detail/multi_echo_laser_scan__rosidl_typesupport_introspection_cpp.hpp
[1.080s] -- Up-to-date: /home/hiromichi/rost2/install/sensor_msgs/include/sensor_msgs/sensor_msgs/msg/detail/range__type_support.cpp
[1.080s] -- Up-to-date: /home/hiromichi/rost2/install/sensor_msgs/include/sensor_msgs/sensor_msgs/msg/detail/magnetic_field__rosidl_typesupport_introspection_cpp.hpp
[1.080s] -- Up-to-date: /home/hiromichi/rost2/install/sensor_msgs/include/sensor_msgs/sensor_msgs/msg/detail/illuminance__type_support.cpp
[1.080s] -- Up-to-date: /home/hiromichi/rost2/install/sensor_msgs/include/sensor_msgs/sensor_msgs/msg/detail/laser_scan__type_support.cpp
[1.080s] -- Up-to-date: /home/hiromichi/rost2/install/sensor_msgs/include/sensor_msgs/sensor_msgs/msg/detail/imu__type_support.cpp
[1.080s] -- Up-to-date: /home/hiromichi/rost2/install/sensor_msgs/include/sensor_msgs/sensor_msgs/msg/detail/relative_humidity__rosidl_typesupport_introspection_cpp.hpp
[1.080s] -- Up-to-date: /home/hiromichi/rost2/install/sensor_msgs/include/sensor_msgs/sensor_msgs/msg/detail/joint_state__rosidl_typesupport_introspection_cpp.hpp
[1.080s] -- Up-to-date: /home/hiromichi/rost2/install/sensor_msgs/include/sensor_msgs/sensor_msgs/msg/detail/imu__rosidl_typesupport_introspection_cpp.hpp
[1.080s] -- Up-to-date: /home/hiromichi/rost2/install/sensor_msgs/include/sensor_msgs/sensor_msgs/msg/detail/joy_feedback_array__rosidl_typesupport_introspection_cpp.hpp
[1.080s] -- Up-to-date: /home/hiromichi/rost2/install/sensor_msgs/include/sensor_msgs/sensor_msgs/msg/detail/time_reference__type_support.cpp
[1.080s] -- Up-to-date: /home/hiromichi/rost2/install/sensor_msgs/include/sensor_msgs/sensor_msgs/msg/detail/channel_float32__type_support.cpp
[1.080s] -- Up-to-date: /home/hiromichi/rost2/install/sensor_msgs/include/sensor_msgs/sensor_msgs/msg/detail/laser_echo__type_support.cpp
[1.080s] -- Up-to-date: /home/hiromichi/rost2/install/sensor_msgs/include/sensor_msgs/sensor_msgs/msg/detail/battery_state__rosidl_typesupport_introspection_cpp.hpp
[1.080s] -- Up-to-date: /home/hiromichi/rost2/install/sensor_msgs/include/sensor_msgs/sensor_msgs/msg/detail/relative_humidity__type_support.cpp
[1.080s] -- Up-to-date: /home/hiromichi/rost2/install/sensor_msgs/include/sensor_msgs/sensor_msgs/msg/detail/multi_dof_joint_state__type_support.cpp
[1.080s] -- Up-to-date: /home/hiromichi/rost2/install/sensor_msgs/include/sensor_msgs/sensor_msgs/msg/detail/point_cloud2__type_support.cpp
[1.080s] -- Up-to-date: /home/hiromichi/rost2/install/sensor_msgs/include/sensor_msgs/sensor_msgs/msg/detail/battery_state__type_support.cpp
[1.080s] -- Up-to-date: /home/hiromichi/rost2/install/sensor_msgs/include/sensor_msgs/sensor_msgs/msg/detail/channel_float32__rosidl_typesupport_introspection_cpp.hpp
[1.081s] -- Up-to-date: /home/hiromichi/rost2/install/sensor_msgs/include/sensor_msgs/sensor_msgs/msg/detail/point_field__rosidl_typesupport_introspection_cpp.hpp
[1.081s] -- Up-to-date: /home/hiromichi/rost2/install/sensor_msgs/include/sensor_msgs/sensor_msgs/msg/detail/nav_sat_fix__rosidl_typesupport_introspection_cpp.hpp
[1.081s] -- Up-to-date: /home/hiromichi/rost2/install/sensor_msgs/include/sensor_msgs/sensor_msgs/msg/detail/temperature__rosidl_typesupport_introspection_cpp.hpp
[1.081s] -- Up-to-date: /home/hiromichi/rost2/install/sensor_msgs/include/sensor_msgs/sensor_msgs/msg/detail/time_reference__rosidl_typesupport_introspection_cpp.hpp
[1.081s] -- Up-to-date: /home/hiromichi/rost2/install/sensor_msgs/include/sensor_msgs/sensor_msgs/msg/detail/region_of_interest__rosidl_typesupport_introspection_cpp.hpp
[1.081s] -- Up-to-date: /home/hiromichi/rost2/install/sensor_msgs/include/sensor_msgs/sensor_msgs/msg/detail/joy_feedback_array__type_support.cpp
[1.081s] -- Up-to-date: /home/hiromichi/rost2/install/sensor_msgs/include/sensor_msgs/sensor_msgs/msg/detail/temperature__type_support.cpp
[1.081s] -- Up-to-date: /home/hiromichi/rost2/install/sensor_msgs/include/sensor_msgs/sensor_msgs/msg/detail/fluid_pressure__rosidl_typesupport_introspection_cpp.hpp
[1.081s] -- Up-to-date: /home/hiromichi/rost2/install/sensor_msgs/include/sensor_msgs/sensor_msgs/msg/detail/image__rosidl_typesupport_introspection_cpp.hpp
[1.081s] -- Up-to-date: /home/hiromichi/rost2/install/sensor_msgs/include/sensor_msgs/sensor_msgs/msg/detail/laser_echo__rosidl_typesupport_introspection_cpp.hpp
[1.081s] -- Up-to-date: /home/hiromichi/rost2/install/sensor_msgs/include/sensor_msgs/sensor_msgs/msg/detail/fluid_pressure__type_support.cpp
[1.081s] -- Up-to-date: /home/hiromichi/rost2/install/sensor_msgs/include/sensor_msgs/sensor_msgs/msg/detail/nav_sat_status__type_support.cpp
[1.081s] -- Up-to-date: /home/hiromichi/rost2/install/sensor_msgs/include/sensor_msgs/sensor_msgs/msg/detail/compressed_image__type_support.cpp
[1.081s] -- Up-to-date: /home/hiromichi/rost2/install/sensor_msgs/include/sensor_msgs/sensor_msgs/msg/detail/point_cloud2__rosidl_typesupport_introspection_cpp.hpp
[1.081s] -- Up-to-date: /home/hiromichi/rost2/install/sensor_msgs/include/sensor_msgs/sensor_msgs/msg/detail/camera_info__type_support.cpp
[1.081s] -- Up-to-date: /home/hiromichi/rost2/install/sensor_msgs/lib/libsensor_msgs__rosidl_typesupport_introspection_cpp.so
[1.081s] -- Up-to-date: /home/hiromichi/rost2/install/sensor_msgs/lib/libsensor_msgs__rosidl_typesupport_cpp.so
[1.081s] -- Up-to-date: /home/hiromichi/rost2/install/sensor_msgs/share/ament_index/resource_index/rust_packages/sensor_msgs
[1.081s] -- Up-to-date: /home/hiromichi/rost2/install/sensor_msgs/share/sensor_msgs/rust
[1.081s] -- Up-to-date: /home/hiromichi/rost2/install/sensor_msgs/share/sensor_msgs/rust/src
[1.081s] -- Up-to-date: /home/hiromichi/rost2/install/sensor_msgs/share/sensor_msgs/rust/src/msg.rs
[1.081s] -- Up-to-date: /home/hiromichi/rost2/install/sensor_msgs/share/sensor_msgs/rust/src/srv.rs
[1.081s] -- Up-to-date: /home/hiromichi/rost2/install/sensor_msgs/share/sensor_msgs/rust/src/lib.rs
[1.081s] -- Up-to-date: /home/hiromichi/rost2/install/sensor_msgs/share/sensor_msgs/rust/Cargo.toml
[1.082s] -- Up-to-date: /home/hiromichi/rost2/install/sensor_msgs/share/sensor_msgs/rust/build.rs
[1.082s] -- Up-to-date: /home/hiromichi/rost2/install/sensor_msgs/share/sensor_msgs/environment/pythonpath.sh
[1.082s] -- Up-to-date: /home/hiromichi/rost2/install/sensor_msgs/share/sensor_msgs/environment/pythonpath.dsv
[1.082s] -- Up-to-date: /home/hiromichi/rost2/install/sensor_msgs/local/lib/python3.10/dist-packages/sensor_msgs-4.2.4-py3.10.egg-info
[1.082s] -- Installing: /home/hiromichi/rost2/install/sensor_msgs/local/lib/python3.10/dist-packages/sensor_msgs-4.2.4-py3.10.egg-info/top_level.txt
[1.082s] -- Installing: /home/hiromichi/rost2/install/sensor_msgs/local/lib/python3.10/dist-packages/sensor_msgs-4.2.4-py3.10.egg-info/dependency_links.txt
[1.082s] -- Installing: /home/hiromichi/rost2/install/sensor_msgs/local/lib/python3.10/dist-packages/sensor_msgs-4.2.4-py3.10.egg-info/SOURCES.txt
[1.082s] -- Installing: /home/hiromichi/rost2/install/sensor_msgs/local/lib/python3.10/dist-packages/sensor_msgs-4.2.4-py3.10.egg-info/PKG-INFO
[1.082s] -- Up-to-date: /home/hiromichi/rost2/install/sensor_msgs/local/lib/python3.10/dist-packages/sensor_msgs
[1.082s] -- Up-to-date: /home/hiromichi/rost2/install/sensor_msgs/local/lib/python3.10/dist-packages/sensor_msgs/libsensor_msgs__rosidl_generator_py.so
[1.082s] -- Up-to-date: /home/hiromichi/rost2/install/sensor_msgs/local/lib/python3.10/dist-packages/sensor_msgs/srv
[1.082s] -- Up-to-date: /home/hiromichi/rost2/install/sensor_msgs/local/lib/python3.10/dist-packages/sensor_msgs/srv/_set_camera_info_s.c
[1.083s] -- Up-to-date: /home/hiromichi/rost2/install/sensor_msgs/local/lib/python3.10/dist-packages/sensor_msgs/srv/_set_camera_info.py
[1.083s] -- Up-to-date: /home/hiromichi/rost2/install/sensor_msgs/local/lib/python3.10/dist-packages/sensor_msgs/srv/__init__.py
[1.083s] -- Up-to-date: /home/hiromichi/rost2/install/sensor_msgs/local/lib/python3.10/dist-packages/sensor_msgs/sensor_msgs_s__rosidl_typesupport_c.cpython-310-x86_64-linux-gnu.so
[1.083s] -- Up-to-date: /home/hiromichi/rost2/install/sensor_msgs/local/lib/python3.10/dist-packages/sensor_msgs/_sensor_msgs_s.ep.rosidl_typesupport_introspection_c.c
[1.083s] -- Up-to-date: /home/hiromichi/rost2/install/sensor_msgs/local/lib/python3.10/dist-packages/sensor_msgs/sensor_msgs_s__rosidl_typesupport_introspection_c.cpython-310-x86_64-linux-gnu.so
[1.083s] -- Up-to-date: /home/hiromichi/rost2/install/sensor_msgs/local/lib/python3.10/dist-packages/sensor_msgs/_sensor_msgs_s.ep.rosidl_typesupport_fastrtps_c.c
[1.083s] -- Up-to-date: /home/hiromichi/rost2/install/sensor_msgs/local/lib/python3.10/dist-packages/sensor_msgs/msg
[1.083s] -- Up-to-date: /home/hiromichi/rost2/install/sensor_msgs/local/lib/python3.10/dist-packages/sensor_msgs/msg/_joy_feedback_array.py
[1.083s] -- Up-to-date: /home/hiromichi/rost2/install/sensor_msgs/local/lib/python3.10/dist-packages/sensor_msgs/msg/_joy.py
[1.083s] -- Up-to-date: /home/hiromichi/rost2/install/sensor_msgs/local/lib/python3.10/dist-packages/sensor_msgs/msg/_point_field_s.c
[1.083s] -- Up-to-date: /home/hiromichi/rost2/install/sensor_msgs/local/lib/python3.10/dist-packages/sensor_msgs/msg/_multi_echo_laser_scan_s.c
[1.083s] -- Up-to-date: /home/hiromichi/rost2/install/sensor_msgs/local/lib/python3.10/dist-packages/sensor_msgs/msg/_region_of_interest.py
[1.083s] -- Up-to-date: /home/hiromichi/rost2/install/sensor_msgs/local/lib/python3.10/dist-packages/sensor_msgs/msg/_joy_s.c
[1.083s] -- Up-to-date: /home/hiromichi/rost2/install/sensor_msgs/local/lib/python3.10/dist-packages/sensor_msgs/msg/_joy_feedback_s.c
[1.083s] -- Up-to-date: /home/hiromichi/rost2/install/sensor_msgs/local/lib/python3.10/dist-packages/sensor_msgs/msg/_point_cloud.py
[1.083s] -- Up-to-date: /home/hiromichi/rost2/install/sensor_msgs/local/lib/python3.10/dist-packages/sensor_msgs/msg/_compressed_image.py
[1.083s] -- Up-to-date: /home/hiromichi/rost2/install/sensor_msgs/local/lib/python3.10/dist-packages/sensor_msgs/msg/_nav_sat_fix_s.c
[1.083s] -- Up-to-date: /home/hiromichi/rost2/install/sensor_msgs/local/lib/python3.10/dist-packages/sensor_msgs/msg/_laser_scan_s.c
[1.083s] -- Up-to-date: /home/hiromichi/rost2/install/sensor_msgs/local/lib/python3.10/dist-packages/sensor_msgs/msg/_compressed_image_s.c
[1.083s] -- Up-to-date: /home/hiromichi/rost2/install/sensor_msgs/local/lib/python3.10/dist-packages/sensor_msgs/msg/_battery_state.py
[1.084s] -- Up-to-date: /home/hiromichi/rost2/install/sensor_msgs/local/lib/python3.10/dist-packages/sensor_msgs/msg/_channel_float32.py
[1.084s] -- Up-to-date: /home/hiromichi/rost2/install/sensor_msgs/local/lib/python3.10/dist-packages/sensor_msgs/msg/_illuminance.py
[1.084s] -- Up-to-date: /home/hiromichi/rost2/install/sensor_msgs/local/lib/python3.10/dist-packages/sensor_msgs/msg/_multi_dof_joint_state_s.c
[1.084s] -- Up-to-date: /home/hiromichi/rost2/install/sensor_msgs/local/lib/python3.10/dist-packages/sensor_msgs/msg/_joint_state.py
[1.084s] -- Up-to-date: /home/hiromichi/rost2/install/sensor_msgs/local/lib/python3.10/dist-packages/sensor_msgs/msg/_point_cloud_s.c
[1.084s] -- Up-to-date: /home/hiromichi/rost2/install/sensor_msgs/local/lib/python3.10/dist-packages/sensor_msgs/msg/_joy_feedback_array_s.c
[1.084s] -- Up-to-date: /home/hiromichi/rost2/install/sensor_msgs/local/lib/python3.10/dist-packages/sensor_msgs/msg/_magnetic_field.py
[1.084s] -- Up-to-date: /home/hiromichi/rost2/install/sensor_msgs/local/lib/python3.10/dist-packages/sensor_msgs/msg/_laser_scan.py
[1.084s] -- Up-to-date: /home/hiromichi/rost2/install/sensor_msgs/local/lib/python3.10/dist-packages/sensor_msgs/msg/_camera_info_s.c
[1.084s] -- Up-to-date: /home/hiromichi/rost2/install/sensor_msgs/local/lib/python3.10/dist-packages/sensor_msgs/msg/_point_cloud2.py
[1.084s] -- Up-to-date: /home/hiromichi/rost2/install/sensor_msgs/local/lib/python3.10/dist-packages/sensor_msgs/msg/_point_cloud2_s.c
[1.084s] -- Up-to-date: /home/hiromichi/rost2/install/sensor_msgs/local/lib/python3.10/dist-packages/sensor_msgs/msg/_laser_echo_s.c
[1.084s] -- Up-to-date: /home/hiromichi/rost2/install/sensor_msgs/local/lib/python3.10/dist-packages/sensor_msgs/msg/_laser_echo.py
[1.084s] -- Up-to-date: /home/hiromichi/rost2/install/sensor_msgs/local/lib/python3.10/dist-packages/sensor_msgs/msg/_nav_sat_fix.py
[1.084s] -- Up-to-date: /home/hiromichi/rost2/install/sensor_msgs/local/lib/python3.10/dist-packages/sensor_msgs/msg/_image.py
[1.084s] -- Up-to-date: /home/hiromichi/rost2/install/sensor_msgs/local/lib/python3.10/dist-packages/sensor_msgs/msg/_temperature.py
[1.084s] -- Up-to-date: /home/hiromichi/rost2/install/sensor_msgs/local/lib/python3.10/dist-packages/sensor_msgs/msg/_time_reference.py
[1.084s] -- Up-to-date: /home/hiromichi/rost2/install/sensor_msgs/local/lib/python3.10/dist-packages/sensor_msgs/msg/_joy_feedback.py
[1.084s] -- Up-to-date: /home/hiromichi/rost2/install/sensor_msgs/local/lib/python3.10/dist-packages/sensor_msgs/msg/_imu.py
[1.084s] -- Up-to-date: /home/hiromichi/rost2/install/sensor_msgs/local/lib/python3.10/dist-packages/sensor_msgs/msg/_point_field.py
[1.084s] -- Up-to-date: /home/hiromichi/rost2/install/sensor_msgs/local/lib/python3.10/dist-packages/sensor_msgs/msg/_multi_dof_joint_state.py
[1.084s] -- Up-to-date: /home/hiromichi/rost2/install/sensor_msgs/local/lib/python3.10/dist-packages/sensor_msgs/msg/_camera_info.py
[1.084s] -- Up-to-date: /home/hiromichi/rost2/install/sensor_msgs/local/lib/python3.10/dist-packages/sensor_msgs/msg/_relative_humidity_s.c
[1.084s] -- Up-to-date: /home/hiromichi/rost2/install/sensor_msgs/local/lib/python3.10/dist-packages/sensor_msgs/msg/_illuminance_s.c
[1.085s] -- Up-to-date: /home/hiromichi/rost2/install/sensor_msgs/local/lib/python3.10/dist-packages/sensor_msgs/msg/_channel_float32_s.c
[1.085s] -- Up-to-date: /home/hiromichi/rost2/install/sensor_msgs/local/lib/python3.10/dist-packages/sensor_msgs/msg/_joint_state_s.c
[1.085s] -- Up-to-date: /home/hiromichi/rost2/install/sensor_msgs/local/lib/python3.10/dist-packages/sensor_msgs/msg/_image_s.c
[1.085s] -- Up-to-date: /home/hiromichi/rost2/install/sensor_msgs/local/lib/python3.10/dist-packages/sensor_msgs/msg/_relative_humidity.py
[1.085s] -- Up-to-date: /home/hiromichi/rost2/install/sensor_msgs/local/lib/python3.10/dist-packages/sensor_msgs/msg/_nav_sat_status_s.c
[1.085s] -- Up-to-date: /home/hiromichi/rost2/install/sensor_msgs/local/lib/python3.10/dist-packages/sensor_msgs/msg/_range_s.c
[1.085s] -- Up-to-date: /home/hiromichi/rost2/install/sensor_msgs/local/lib/python3.10/dist-packages/sensor_msgs/msg/_nav_sat_status.py
[1.085s] -- Up-to-date: /home/hiromichi/rost2/install/sensor_msgs/local/lib/python3.10/dist-packages/sensor_msgs/msg/_multi_echo_laser_scan.py
[1.085s] -- Up-to-date: /home/hiromichi/rost2/install/sensor_msgs/local/lib/python3.10/dist-packages/sensor_msgs/msg/_temperature_s.c
[1.085s] -- Up-to-date: /home/hiromichi/rost2/install/sensor_msgs/local/lib/python3.10/dist-packages/sensor_msgs/msg/_fluid_pressure_s.c
[1.085s] -- Up-to-date: /home/hiromichi/rost2/install/sensor_msgs/local/lib/python3.10/dist-packages/sensor_msgs/msg/_time_reference_s.c
[1.085s] -- Up-to-date: /home/hiromichi/rost2/install/sensor_msgs/local/lib/python3.10/dist-packages/sensor_msgs/msg/_magnetic_field_s.c
[1.085s] -- Up-to-date: /home/hiromichi/rost2/install/sensor_msgs/local/lib/python3.10/dist-packages/sensor_msgs/msg/_range.py
[1.085s] -- Up-to-date: /home/hiromichi/rost2/install/sensor_msgs/local/lib/python3.10/dist-packages/sensor_msgs/msg/__init__.py
[1.085s] -- Up-to-date: /home/hiromichi/rost2/install/sensor_msgs/local/lib/python3.10/dist-packages/sensor_msgs/msg/_fluid_pressure.py
[1.085s] -- Up-to-date: /home/hiromichi/rost2/install/sensor_msgs/local/lib/python3.10/dist-packages/sensor_msgs/msg/_battery_state_s.c
[1.085s] -- Up-to-date: /home/hiromichi/rost2/install/sensor_msgs/local/lib/python3.10/dist-packages/sensor_msgs/msg/_imu_s.c
[1.085s] -- Up-to-date: /home/hiromichi/rost2/install/sensor_msgs/local/lib/python3.10/dist-packages/sensor_msgs/msg/_region_of_interest_s.c
[1.085s] -- Up-to-date: /home/hiromichi/rost2/install/sensor_msgs/local/lib/python3.10/dist-packages/sensor_msgs/_sensor_msgs_s.ep.rosidl_typesupport_c.c
[1.085s] -- Up-to-date: /home/hiromichi/rost2/install/sensor_msgs/local/lib/python3.10/dist-packages/sensor_msgs/sensor_msgs_s__rosidl_typesupport_fastrtps_c.cpython-310-x86_64-linux-gnu.so
[1.085s] -- Up-to-date: /home/hiromichi/rost2/install/sensor_msgs/local/lib/python3.10/dist-packages/sensor_msgs/__init__.py
[1.114s] Listing '/home/hiromichi/rost2/install/sensor_msgs/local/lib/python3.10/dist-packages/sensor_msgs'...
[1.115s] Listing '/home/hiromichi/rost2/install/sensor_msgs/local/lib/python3.10/dist-packages/sensor_msgs/msg'...
[1.115s] Listing '/home/hiromichi/rost2/install/sensor_msgs/local/lib/python3.10/dist-packages/sensor_msgs/srv'...
[1.123s] -- Up-to-date: /home/hiromichi/rost2/install/sensor_msgs/local/lib/python3.10/dist-packages/sensor_msgs/sensor_msgs_s__rosidl_typesupport_fastrtps_c.cpython-310-x86_64-linux-gnu.so
[1.124s] -- Up-to-date: /home/hiromichi/rost2/install/sensor_msgs/local/lib/python3.10/dist-packages/sensor_msgs/sensor_msgs_s__rosidl_typesupport_introspection_c.cpython-310-x86_64-linux-gnu.so
[1.125s] -- Up-to-date: /home/hiromichi/rost2/install/sensor_msgs/local/lib/python3.10/dist-packages/sensor_msgs/sensor_msgs_s__rosidl_typesupport_c.cpython-310-x86_64-linux-gnu.so
[1.126s] -- Up-to-date: /home/hiromichi/rost2/install/sensor_msgs/lib/libsensor_msgs__rosidl_generator_py.so
[1.126s] -- Up-to-date: /home/hiromichi/rost2/install/sensor_msgs/share/sensor_msgs/msg/BatteryState.idl
[1.127s] -- Up-to-date: /home/hiromichi/rost2/install/sensor_msgs/share/sensor_msgs/msg/CameraInfo.idl
[1.127s] -- Up-to-date: /home/hiromichi/rost2/install/sensor_msgs/share/sensor_msgs/msg/ChannelFloat32.idl
[1.127s] -- Up-to-date: /home/hiromichi/rost2/install/sensor_msgs/share/sensor_msgs/msg/CompressedImage.idl
[1.128s] -- Up-to-date: /home/hiromichi/rost2/install/sensor_msgs/share/sensor_msgs/msg/FluidPressure.idl
[1.128s] -- Up-to-date: /home/hiromichi/rost2/install/sensor_msgs/share/sensor_msgs/msg/Illuminance.idl
[1.128s] -- Up-to-date: /home/hiromichi/rost2/install/sensor_msgs/share/sensor_msgs/msg/Image.idl
[1.128s] -- Up-to-date: /home/hiromichi/rost2/install/sensor_msgs/share/sensor_msgs/msg/Imu.idl
[1.128s] -- Up-to-date: /home/hiromichi/rost2/install/sensor_msgs/share/sensor_msgs/msg/JointState.idl
[1.128s] -- Up-to-date: /home/hiromichi/rost2/install/sensor_msgs/share/sensor_msgs/msg/Joy.idl
[1.129s] -- Up-to-date: /home/hiromichi/rost2/install/sensor_msgs/share/sensor_msgs/msg/JoyFeedback.idl
[1.129s] -- Up-to-date: /home/hiromichi/rost2/install/sensor_msgs/share/sensor_msgs/msg/JoyFeedbackArray.idl
[1.129s] -- Up-to-date: /home/hiromichi/rost2/install/sensor_msgs/share/sensor_msgs/msg/LaserEcho.idl
[1.129s] -- Up-to-date: /home/hiromichi/rost2/install/sensor_msgs/share/sensor_msgs/msg/LaserScan.idl
[1.129s] -- Up-to-date: /home/hiromichi/rost2/install/sensor_msgs/share/sensor_msgs/msg/MagneticField.idl
[1.129s] -- Up-to-date: /home/hiromichi/rost2/install/sensor_msgs/share/sensor_msgs/msg/MultiDOFJointState.idl
[1.129s] -- Up-to-date: /home/hiromichi/rost2/install/sensor_msgs/share/sensor_msgs/msg/MultiEchoLaserScan.idl
[1.129s] -- Up-to-date: /home/hiromichi/rost2/install/sensor_msgs/share/sensor_msgs/msg/NavSatFix.idl
[1.129s] -- Up-to-date: /home/hiromichi/rost2/install/sensor_msgs/share/sensor_msgs/msg/NavSatStatus.idl
[1.130s] -- Up-to-date: /home/hiromichi/rost2/install/sensor_msgs/share/sensor_msgs/msg/PointCloud.idl
[1.130s] -- Up-to-date: /home/hiromichi/rost2/install/sensor_msgs/share/sensor_msgs/msg/PointCloud2.idl
[1.130s] -- Up-to-date: /home/hiromichi/rost2/install/sensor_msgs/share/sensor_msgs/msg/PointField.idl
[1.130s] -- Up-to-date: /home/hiromichi/rost2/install/sensor_msgs/share/sensor_msgs/msg/Range.idl
[1.130s] -- Up-to-date: /home/hiromichi/rost2/install/sensor_msgs/share/sensor_msgs/msg/RegionOfInterest.idl
[1.131s] -- Up-to-date: /home/hiromichi/rost2/install/sensor_msgs/share/sensor_msgs/msg/RelativeHumidity.idl
[1.131s] -- Up-to-date: /home/hiromichi/rost2/install/sensor_msgs/share/sensor_msgs/msg/Temperature.idl
[1.131s] -- Up-to-date: /home/hiromichi/rost2/install/sensor_msgs/share/sensor_msgs/msg/TimeReference.idl
[1.131s] -- Up-to-date: /home/hiromichi/rost2/install/sensor_msgs/share/sensor_msgs/srv/SetCameraInfo.idl
[1.131s] -- Up-to-date: /home/hiromichi/rost2/install/sensor_msgs/share/sensor_msgs/msg/BatteryState.msg
[1.131s] -- Up-to-date: /home/hiromichi/rost2/install/sensor_msgs/share/sensor_msgs/msg/CameraInfo.msg
[1.131s] -- Up-to-date: /home/hiromichi/rost2/install/sensor_msgs/share/sensor_msgs/msg/ChannelFloat32.msg
[1.131s] -- Up-to-date: /home/hiromichi/rost2/install/sensor_msgs/share/sensor_msgs/msg/CompressedImage.msg
[1.131s] -- Up-to-date: /home/hiromichi/rost2/install/sensor_msgs/share/sensor_msgs/msg/FluidPressure.msg
[1.132s] -- Up-to-date: /home/hiromichi/rost2/install/sensor_msgs/share/sensor_msgs/msg/Illuminance.msg
[1.132s] -- Up-to-date: /home/hiromichi/rost2/install/sensor_msgs/share/sensor_msgs/msg/Image.msg
[1.132s] -- Up-to-date: /home/hiromichi/rost2/install/sensor_msgs/share/sensor_msgs/msg/Imu.msg
[1.132s] -- Up-to-date: /home/hiromichi/rost2/install/sensor_msgs/share/sensor_msgs/msg/JointState.msg
[1.132s] -- Up-to-date: /home/hiromichi/rost2/install/sensor_msgs/share/sensor_msgs/msg/Joy.msg
[1.132s] -- Up-to-date: /home/hiromichi/rost2/install/sensor_msgs/share/sensor_msgs/msg/JoyFeedback.msg
[1.132s] -- Up-to-date: /home/hiromichi/rost2/install/sensor_msgs/share/sensor_msgs/msg/JoyFeedbackArray.msg
[1.132s] -- Up-to-date: /home/hiromichi/rost2/install/sensor_msgs/share/sensor_msgs/msg/LaserEcho.msg
[1.132s] -- Up-to-date: /home/hiromichi/rost2/install/sensor_msgs/share/sensor_msgs/msg/LaserScan.msg
[1.133s] -- Up-to-date: /home/hiromichi/rost2/install/sensor_msgs/share/sensor_msgs/msg/MagneticField.msg
[1.133s] -- Up-to-date: /home/hiromichi/rost2/install/sensor_msgs/share/sensor_msgs/msg/MultiDOFJointState.msg
[1.133s] -- Up-to-date: /home/hiromichi/rost2/install/sensor_msgs/share/sensor_msgs/msg/MultiEchoLaserScan.msg
[1.133s] -- Up-to-date: /home/hiromichi/rost2/install/sensor_msgs/share/sensor_msgs/msg/NavSatFix.msg
[1.133s] -- Up-to-date: /home/hiromichi/rost2/install/sensor_msgs/share/sensor_msgs/msg/NavSatStatus.msg
[1.133s] -- Up-to-date: /home/hiromichi/rost2/install/sensor_msgs/share/sensor_msgs/msg/PointCloud.msg
[1.133s] -- Up-to-date: /home/hiromichi/rost2/install/sensor_msgs/share/sensor_msgs/msg/PointCloud2.msg
[1.133s] -- Up-to-date: /home/hiromichi/rost2/install/sensor_msgs/share/sensor_msgs/msg/PointField.msg
[1.133s] -- Up-to-date: /home/hiromichi/rost2/install/sensor_msgs/share/sensor_msgs/msg/Range.msg
[1.133s] -- Up-to-date: /home/hiromichi/rost2/install/sensor_msgs/share/sensor_msgs/msg/RegionOfInterest.msg
[1.133s] -- Up-to-date: /home/hiromichi/rost2/install/sensor_msgs/share/sensor_msgs/msg/RelativeHumidity.msg
[1.133s] -- Up-to-date: /home/hiromichi/rost2/install/sensor_msgs/share/sensor_msgs/msg/Temperature.msg
[1.134s] -- Up-to-date: /home/hiromichi/rost2/install/sensor_msgs/share/sensor_msgs/msg/TimeReference.msg
[1.134s] -- Up-to-date: /home/hiromichi/rost2/install/sensor_msgs/share/sensor_msgs/srv/SetCameraInfo.srv
[1.134s] -- Up-to-date: /home/hiromichi/rost2/install/sensor_msgs/share/sensor_msgs/srv/SetCameraInfo_Request.msg
[1.134s] -- Up-to-date: /home/hiromichi/rost2/install/sensor_msgs/share/sensor_msgs/srv/SetCameraInfo_Response.msg
[1.134s] -- Up-to-date: /home/hiromichi/rost2/install/sensor_msgs/include/sensor_msgs
[1.134s] -- Up-to-date: /home/hiromichi/rost2/install/sensor_msgs/include/sensor_msgs/sensor_msgs
[1.134s] -- Up-to-date: /home/hiromichi/rost2/install/sensor_msgs/include/sensor_msgs/sensor_msgs/point_cloud2_iterator.hpp
[1.134s] -- Up-to-date: /home/hiromichi/rost2/install/sensor_msgs/include/sensor_msgs/sensor_msgs/image_encodings.hpp
[1.134s] -- Up-to-date: /home/hiromichi/rost2/install/sensor_msgs/include/sensor_msgs/sensor_msgs/point_cloud_conversion.hpp
[1.134s] -- Up-to-date: /home/hiromichi/rost2/install/sensor_msgs/include/sensor_msgs/sensor_msgs/distortion_models.hpp
[1.134s] -- Up-to-date: /home/hiromichi/rost2/install/sensor_msgs/include/sensor_msgs/sensor_msgs/impl
[1.134s] -- Up-to-date: /home/hiromichi/rost2/install/sensor_msgs/include/sensor_msgs/sensor_msgs/impl/point_cloud2_iterator.hpp
[1.134s] -- Up-to-date: /home/hiromichi/rost2/install/sensor_msgs/include/sensor_msgs/sensor_msgs/fill_image.hpp
[1.134s] -- Up-to-date: /home/hiromichi/rost2/install/sensor_msgs/include/sensor_msgs/sensor_msgs/point_field_conversion.hpp
[1.134s] -- Up-to-date: /home/hiromichi/rost2/install/sensor_msgs/share/ament_index/resource_index/package_run_dependencies/sensor_msgs
[1.134s] -- Up-to-date: /home/hiromichi/rost2/install/sensor_msgs/share/ament_index/resource_index/parent_prefix_path/sensor_msgs
[1.134s] -- Up-to-date: /home/hiromichi/rost2/install/sensor_msgs/share/sensor_msgs/environment/ament_prefix_path.sh
[1.135s] -- Up-to-date: /home/hiromichi/rost2/install/sensor_msgs/share/sensor_msgs/environment/ament_prefix_path.dsv
[1.135s] -- Up-to-date: /home/hiromichi/rost2/install/sensor_msgs/share/sensor_msgs/environment/path.sh
[1.135s] -- Up-to-date: /home/hiromichi/rost2/install/sensor_msgs/share/sensor_msgs/environment/path.dsv
[1.135s] -- Up-to-date: /home/hiromichi/rost2/install/sensor_msgs/share/sensor_msgs/local_setup.bash
[1.135s] -- Up-to-date: /home/hiromichi/rost2/install/sensor_msgs/share/sensor_msgs/local_setup.sh
[1.135s] -- Up-to-date: /home/hiromichi/rost2/install/sensor_msgs/share/sensor_msgs/local_setup.zsh
[1.135s] -- Up-to-date: /home/hiromichi/rost2/install/sensor_msgs/share/sensor_msgs/local_setup.dsv
[1.135s] -- Installing: /home/hiromichi/rost2/install/sensor_msgs/share/sensor_msgs/package.dsv
[1.135s] -- Up-to-date: /home/hiromichi/rost2/install/sensor_msgs/share/ament_index/resource_index/packages/sensor_msgs
[1.135s] -- Up-to-date: /home/hiromichi/rost2/install/sensor_msgs/share/sensor_msgs/cmake/export_sensor_msgs__rosidl_generator_cExport.cmake
[1.135s] -- Up-to-date: /home/hiromichi/rost2/install/sensor_msgs/share/sensor_msgs/cmake/export_sensor_msgs__rosidl_generator_cExport-noconfig.cmake
[1.135s] -- Up-to-date: /home/hiromichi/rost2/install/sensor_msgs/share/sensor_msgs/cmake/export_sensor_msgs__rosidl_typesupport_fastrtps_cExport.cmake
[1.135s] -- Up-to-date: /home/hiromichi/rost2/install/sensor_msgs/share/sensor_msgs/cmake/export_sensor_msgs__rosidl_typesupport_fastrtps_cExport-noconfig.cmake
[1.135s] -- Up-to-date: /home/hiromichi/rost2/install/sensor_msgs/share/sensor_msgs/cmake/export_sensor_msgs__rosidl_generator_cppExport.cmake
[1.135s] -- Up-to-date: /home/hiromichi/rost2/install/sensor_msgs/share/sensor_msgs/cmake/export_sensor_msgs__rosidl_typesupport_fastrtps_cppExport.cmake
[1.135s] -- Up-to-date: /home/hiromichi/rost2/install/sensor_msgs/share/sensor_msgs/cmake/export_sensor_msgs__rosidl_typesupport_fastrtps_cppExport-noconfig.cmake
[1.136s] -- Up-to-date: /home/hiromichi/rost2/install/sensor_msgs/share/sensor_msgs/cmake/sensor_msgs__rosidl_typesupport_introspection_cExport.cmake
[1.136s] -- Up-to-date: /home/hiromichi/rost2/install/sensor_msgs/share/sensor_msgs/cmake/sensor_msgs__rosidl_typesupport_introspection_cExport-noconfig.cmake
[1.136s] -- Up-to-date: /home/hiromichi/rost2/install/sensor_msgs/share/sensor_msgs/cmake/sensor_msgs__rosidl_typesupport_cExport.cmake
[1.136s] -- Up-to-date: /home/hiromichi/rost2/install/sensor_msgs/share/sensor_msgs/cmake/sensor_msgs__rosidl_typesupport_cExport-noconfig.cmake
[1.136s] -- Up-to-date: /home/hiromichi/rost2/install/sensor_msgs/share/sensor_msgs/cmake/sensor_msgs__rosidl_typesupport_introspection_cppExport.cmake
[1.136s] -- Up-to-date: /home/hiromichi/rost2/install/sensor_msgs/share/sensor_msgs/cmake/sensor_msgs__rosidl_typesupport_introspection_cppExport-noconfig.cmake
[1.136s] -- Up-to-date: /home/hiromichi/rost2/install/sensor_msgs/share/sensor_msgs/cmake/sensor_msgs__rosidl_typesupport_cppExport.cmake
[1.136s] -- Up-to-date: /home/hiromichi/rost2/install/sensor_msgs/share/sensor_msgs/cmake/sensor_msgs__rosidl_typesupport_cppExport-noconfig.cmake
[1.137s] -- Up-to-date: /home/hiromichi/rost2/install/sensor_msgs/share/sensor_msgs/cmake/export_sensor_msgs__rosidl_generator_pyExport.cmake
[1.137s] -- Up-to-date: /home/hiromichi/rost2/install/sensor_msgs/share/sensor_msgs/cmake/export_sensor_msgs__rosidl_generator_pyExport-noconfig.cmake
[1.138s] -- Up-to-date: /home/hiromichi/rost2/install/sensor_msgs/share/sensor_msgs/cmake/export_sensor_msgsExport.cmake
[1.138s] -- Up-to-date: /home/hiromichi/rost2/install/sensor_msgs/share/sensor_msgs/cmake/rosidl_cmake-extras.cmake
[1.138s] -- Up-to-date: /home/hiromichi/rost2/install/sensor_msgs/share/sensor_msgs/cmake/ament_cmake_export_dependencies-extras.cmake
[1.139s] -- Up-to-date: /home/hiromichi/rost2/install/sensor_msgs/share/sensor_msgs/cmake/ament_cmake_export_include_directories-extras.cmake
[1.139s] -- Up-to-date: /home/hiromichi/rost2/install/sensor_msgs/share/sensor_msgs/cmake/ament_cmake_export_libraries-extras.cmake
[1.139s] -- Up-to-date: /home/hiromichi/rost2/install/sensor_msgs/share/sensor_msgs/cmake/ament_cmake_export_targets-extras.cmake
[1.139s] -- Up-to-date: /home/hiromichi/rost2/install/sensor_msgs/share/sensor_msgs/cmake/rosidl_cmake_export_typesupport_targets-extras.cmake
[1.139s] -- Up-to-date: /home/hiromichi/rost2/install/sensor_msgs/share/sensor_msgs/cmake/rosidl_cmake_export_typesupport_libraries-extras.cmake
[1.139s] -- Up-to-date: /home/hiromichi/rost2/install/sensor_msgs/share/sensor_msgs/cmake/sensor_msgsConfig.cmake
[1.139s] -- Up-to-date: /home/hiromichi/rost2/install/sensor_msgs/share/sensor_msgs/cmake/sensor_msgsConfig-version.cmake
[1.139s] -- Up-to-date: /home/hiromichi/rost2/install/sensor_msgs/share/sensor_msgs/package.xml
[1.143s] Invoked command in '/home/hiromichi/rost2/build/sensor_msgs' returned '0': AMENT_PREFIX_PATH=/home/hiromichi/rost2/install/geometry_msgs:/home/hiromichi/rost2/install/std_msgs:/home/hiromichi/rost2/install/builtin_interfaces:/home/hiromichi/rost2/install/rosidl_default_runtime:/home/hiromichi/rost2/install/rosidl_default_generators:/home/hiromichi/rost2/install/rosidl_generator_rs:/home/hiromichi/rost2/install/rosidl_runtime_rs:${AMENT_PREFIX_PATH} CMAKE_PREFIX_PATH=/home/hiromichi/rost2/install/geometry_msgs:/home/hiromichi/rost2/install/std_msgs:/home/hiromichi/rost2/install/builtin_interfaces:/home/hiromichi/rost2/install/rosidl_default_runtime:/home/hiromichi/rost2/install/rosidl_default_generators:/home/hiromichi/rost2/install/rosidl_generator_rs:/opt/ros/humble LD_LIBRARY_PATH=/home/hiromichi/rost2/install/geometry_msgs/lib:/home/hiromichi/rost2/install/std_msgs/lib:/home/hiromichi/rost2/install/builtin_interfaces/lib:${LD_LIBRARY_PATH} PYTHONPATH=/home/hiromichi/rost2/install/geometry_msgs/local/lib/python3.10/dist-packages:/home/hiromichi/rost2/install/std_msgs/local/lib/python3.10/dist-packages:/home/hiromichi/rost2/install/builtin_interfaces/local/lib/python3.10/dist-packages:/home/hiromichi/rost2/install/rosidl_generator_rs/local/lib/python3.10/dist-packages:${PYTHONPATH} /usr/bin/cmake --install /home/hiromichi/rost2/build/sensor_msgs
