[0.037s] Invoking command in '/home/hiro/rust_ws/build/rosidl_generator_rs': AMENT_PREFIX_PATH=/home/hiro/rust_ws/install/rosidl_runtime_rs:${AMENT_PREFIX_PATH} CMAKE_PREFIX_PATH=${CMAKE_PREFIX_PATH}:/opt/ros/humble /usr/bin/cmake /home/hiro/rust_ws/src/src/ros2_rust/rosidl_generator_rs -DCMAKE_INSTALL_PREFIX=/home/hiro/rust_ws/install/rosidl_generator_rs
[0.160s] -- The C compiler identification is GNU 11.4.0
[0.568s] -- The CXX compiler identification is GNU 11.4.0
[0.808s] -- Detecting C compiler ABI info
[0.900s] -- Detecting C compiler ABI info - done
[0.904s] -- Check for working C compiler: /usr/bin/cc - skipped
[0.905s] -- Detecting C compile features
[0.906s] -- Detecting C compile features - done
[0.908s] -- Detecting CXX compiler ABI info
[1.023s] -- Detecting CXX compiler ABI info - done
[1.028s] -- Check for working CXX compiler: /usr/bin/c++ - skipped
[1.028s] -- Detecting CXX compile features
[1.028s] -- Detecting CXX compile features - done
[1.029s] -- Found ament_cmake: 1.3.10 (/opt/ros/humble/share/ament_cmake/cmake)
[1.486s] -- Found Python3: /usr/bin/python3 (found version "3.10.12") found components: Interpreter 
[1.540s] -- Found rosidl_generator_c: 3.1.5 (/opt/ros/humble/share/rosidl_generator_c/cmake)
[1.544s] -- Found rosidl_adapter: 3.1.5 (/opt/ros/humble/share/rosidl_adapter/cmake)
[1.547s] -- Found rosidl_typesupport_introspection_c: 3.1.5 (/opt/ros/humble/share/rosidl_typesupport_introspection_c/cmake)
[1.756s] -- Configuring done
[1.759s] -- Generating done
[1.759s] -- Build files have been written to: /home/hiro/rust_ws/build/rosidl_generator_rs
[1.767s] Invoked command in '/home/hiro/rust_ws/build/rosidl_generator_rs' returned '0': AMENT_PREFIX_PATH=/home/hiro/rust_ws/install/rosidl_runtime_rs:${AMENT_PREFIX_PATH} CMAKE_PREFIX_PATH=${CMAKE_PREFIX_PATH}:/opt/ros/humble /usr/bin/cmake /home/hiro/rust_ws/src/src/ros2_rust/rosidl_generator_rs -DCMAKE_INSTALL_PREFIX=/home/hiro/rust_ws/install/rosidl_generator_rs
[1.768s] Invoking command in '/home/hiro/rust_ws/build/rosidl_generator_rs': AMENT_PREFIX_PATH=/home/hiro/rust_ws/install/rosidl_runtime_rs:${AMENT_PREFIX_PATH} CMAKE_PREFIX_PATH=${CMAKE_PREFIX_PATH}:/opt/ros/humble /usr/bin/cmake --build /home/hiro/rust_ws/build/rosidl_generator_rs -- -j22 -l22
[1.798s] Built target ament_cmake_python_copy_rosidl_generator_rs
[2.020s] running egg_info
[2.021s] creating rosidl_generator_rs.egg-info
[2.029s] writing rosidl_generator_rs.egg-info/PKG-INFO
[2.029s] writing dependency_links to rosidl_generator_rs.egg-info/dependency_links.txt
[2.029s] writing top-level names to rosidl_generator_rs.egg-info/top_level.txt
[2.029s] writing manifest file 'rosidl_generator_rs.egg-info/SOURCES.txt'
[2.056s] reading manifest file 'rosidl_generator_rs.egg-info/SOURCES.txt'
[2.056s] writing manifest file 'rosidl_generator_rs.egg-info/SOURCES.txt'
[2.092s] Built target ament_cmake_python_build_rosidl_generator_rs_egg
[2.100s] Invoked command in '/home/hiro/rust_ws/build/rosidl_generator_rs' returned '0': AMENT_PREFIX_PATH=/home/hiro/rust_ws/install/rosidl_runtime_rs:${AMENT_PREFIX_PATH} CMAKE_PREFIX_PATH=${CMAKE_PREFIX_PATH}:/opt/ros/humble /usr/bin/cmake --build /home/hiro/rust_ws/build/rosidl_generator_rs -- -j22 -l22
[2.114s] Invoking command in '/home/hiro/rust_ws/build/rosidl_generator_rs': AMENT_PREFIX_PATH=/home/hiro/rust_ws/install/rosidl_runtime_rs:${AMENT_PREFIX_PATH} CMAKE_PREFIX_PATH=${CMAKE_PREFIX_PATH}:/opt/ros/humble /usr/bin/cmake --install /home/hiro/rust_ws/build/rosidl_generator_rs
[2.119s] -- Install configuration: ""
[2.119s] -- Installing: /home/hiro/rust_ws/install/rosidl_generator_rs/share/ament_index/resource_index/rosidl_generator_packages/rosidl_generator_rs
[2.119s] -- Installing: /home/hiro/rust_ws/install/rosidl_generator_rs/share/ament_index/resource_index/rosidl_runtime_packages/rosidl_generator_rs
[2.119s] -- Installing: /home/hiro/rust_ws/install/rosidl_generator_rs/share/rosidl_generator_rs/environment/pythonpath.sh
[2.119s] -- Installing: /home/hiro/rust_ws/install/rosidl_generator_rs/share/rosidl_generator_rs/environment/pythonpath.dsv
[2.119s] -- Installing: /home/hiro/rust_ws/install/rosidl_generator_rs/local/lib/python3.10/dist-packages/rosidl_generator_rs-0.4.1-py3.10.egg-info
[2.120s] -- Installing: /home/hiro/rust_ws/install/rosidl_generator_rs/local/lib/python3.10/dist-packages/rosidl_generator_rs-0.4.1-py3.10.egg-info/top_level.txt
[2.120s] -- Installing: /home/hiro/rust_ws/install/rosidl_generator_rs/local/lib/python3.10/dist-packages/rosidl_generator_rs-0.4.1-py3.10.egg-info/PKG-INFO
[2.120s] -- Installing: /home/hiro/rust_ws/install/rosidl_generator_rs/local/lib/python3.10/dist-packages/rosidl_generator_rs-0.4.1-py3.10.egg-info/SOURCES.txt
[2.120s] -- Installing: /home/hiro/rust_ws/install/rosidl_generator_rs/local/lib/python3.10/dist-packages/rosidl_generator_rs-0.4.1-py3.10.egg-info/dependency_links.txt
[2.120s] -- Installing: /home/hiro/rust_ws/install/rosidl_generator_rs/local/lib/python3.10/dist-packages/rosidl_generator_rs
[2.120s] -- Installing: /home/hiro/rust_ws/install/rosidl_generator_rs/local/lib/python3.10/dist-packages/rosidl_generator_rs/__init__.py
[2.142s] Listing '/home/hiro/rust_ws/install/rosidl_generator_rs/local/lib/python3.10/dist-packages/rosidl_generator_rs'...
[2.142s] Compiling '/home/hiro/rust_ws/install/rosidl_generator_rs/local/lib/python3.10/dist-packages/rosidl_generator_rs/__init__.py'...
[2.146s] -- Installing: /home/hiro/rust_ws/install/rosidl_generator_rs/share/ament_index/resource_index/package_run_dependencies/rosidl_generator_rs
[2.146s] -- Installing: /home/hiro/rust_ws/install/rosidl_generator_rs/share/ament_index/resource_index/parent_prefix_path/rosidl_generator_rs
[2.146s] -- Installing: /home/hiro/rust_ws/install/rosidl_generator_rs/share/rosidl_generator_rs/environment/ament_prefix_path.sh
[2.146s] -- Installing: /home/hiro/rust_ws/install/rosidl_generator_rs/share/rosidl_generator_rs/environment/ament_prefix_path.dsv
[2.146s] -- Installing: /home/hiro/rust_ws/install/rosidl_generator_rs/share/rosidl_generator_rs/environment/path.sh
[2.146s] -- Installing: /home/hiro/rust_ws/install/rosidl_generator_rs/share/rosidl_generator_rs/environment/path.dsv
[2.146s] -- Installing: /home/hiro/rust_ws/install/rosidl_generator_rs/share/rosidl_generator_rs/local_setup.bash
[2.147s] -- Installing: /home/hiro/rust_ws/install/rosidl_generator_rs/share/rosidl_generator_rs/local_setup.sh
[2.147s] -- Installing: /home/hiro/rust_ws/install/rosidl_generator_rs/share/rosidl_generator_rs/local_setup.zsh
[2.147s] -- Installing: /home/hiro/rust_ws/install/rosidl_generator_rs/share/rosidl_generator_rs/local_setup.dsv
[2.147s] -- Installing: /home/hiro/rust_ws/install/rosidl_generator_rs/share/rosidl_generator_rs/package.dsv
[2.147s] -- Installing: /home/hiro/rust_ws/install/rosidl_generator_rs/share/ament_index/resource_index/packages/rosidl_generator_rs
[2.147s] -- Installing: /home/hiro/rust_ws/install/rosidl_generator_rs/share/rosidl_generator_rs/cmake/rosidl_generator_rs-extras.cmake
[2.147s] -- Installing: /home/hiro/rust_ws/install/rosidl_generator_rs/share/rosidl_generator_rs/cmake/register_rs.cmake
[2.147s] -- Installing: /home/hiro/rust_ws/install/rosidl_generator_rs/share/rosidl_generator_rs/cmake/ament_cmake_export_dependencies-extras.cmake
[2.148s] -- Installing: /home/hiro/rust_ws/install/rosidl_generator_rs/share/rosidl_generator_rs/cmake/rosidl_generator_rsConfig.cmake
[2.148s] -- Installing: /home/hiro/rust_ws/install/rosidl_generator_rs/share/rosidl_generator_rs/cmake/rosidl_generator_rsConfig-version.cmake
[2.148s] -- Installing: /home/hiro/rust_ws/install/rosidl_generator_rs/share/rosidl_generator_rs/package.xml
[2.148s] -- Up-to-date: /home/hiro/rust_ws/install/rosidl_generator_rs/share/rosidl_generator_rs/cmake
[2.148s] -- Installing: /home/hiro/rust_ws/install/rosidl_generator_rs/share/rosidl_generator_rs/cmake/rosidl_generator_rs_generate_interfaces.cmake
[2.148s] -- Up-to-date: /home/hiro/rust_ws/install/rosidl_generator_rs/share/rosidl_generator_rs/cmake/register_rs.cmake
[2.148s] -- Installing: /home/hiro/rust_ws/install/rosidl_generator_rs/share/rosidl_generator_rs/cmake/custom_command.cmake
[2.148s] -- Installing: /home/hiro/rust_ws/install/rosidl_generator_rs/lib/rosidl_generator_rs/rosidl_generator_rs
[2.148s] -- Up-to-date: /home/hiro/rust_ws/install/rosidl_generator_rs/share/rosidl_generator_rs/cmake
[2.148s] -- Up-to-date: /home/hiro/rust_ws/install/rosidl_generator_rs/share/rosidl_generator_rs/cmake/rosidl_generator_rs_generate_interfaces.cmake
[2.148s] -- Up-to-date: /home/hiro/rust_ws/install/rosidl_generator_rs/share/rosidl_generator_rs/cmake/register_rs.cmake
[2.149s] -- Up-to-date: /home/hiro/rust_ws/install/rosidl_generator_rs/share/rosidl_generator_rs/cmake/custom_command.cmake
[2.149s] -- Installing: /home/hiro/rust_ws/install/rosidl_generator_rs/share/rosidl_generator_rs/resource
[2.149s] -- Installing: /home/hiro/rust_ws/install/rosidl_generator_rs/share/rosidl_generator_rs/resource/msg_idiomatic.rs.em
[2.149s] -- Installing: /home/hiro/rust_ws/install/rosidl_generator_rs/share/rosidl_generator_rs/resource/build.rs.em
[2.149s] -- Installing: /home/hiro/rust_ws/install/rosidl_generator_rs/share/rosidl_generator_rs/resource/Cargo.toml.em
[2.149s] -- Installing: /home/hiro/rust_ws/install/rosidl_generator_rs/share/rosidl_generator_rs/resource/action.rs.em
[2.149s] -- Installing: /home/hiro/rust_ws/install/rosidl_generator_rs/share/rosidl_generator_rs/resource/msg_rmw.rs.em
[2.149s] -- Installing: /home/hiro/rust_ws/install/rosidl_generator_rs/share/rosidl_generator_rs/resource/lib.rs.em
[2.149s] -- Installing: /home/hiro/rust_ws/install/rosidl_generator_rs/share/rosidl_generator_rs/resource/msg.rs.em
[2.149s] -- Installing: /home/hiro/rust_ws/install/rosidl_generator_rs/share/rosidl_generator_rs/resource/srv.rs.em
[2.149s] -- Installing: /home/hiro/rust_ws/install/rosidl_generator_rs/share/rosidl_generator_rs/resource/srv_rmw.rs.em
[2.149s] -- Installing: /home/hiro/rust_ws/install/rosidl_generator_rs/share/rosidl_generator_rs/resource/srv_idiomatic.rs.em
[2.150s] Invoked command in '/home/hiro/rust_ws/build/rosidl_generator_rs' returned '0': AMENT_PREFIX_PATH=/home/hiro/rust_ws/install/rosidl_runtime_rs:${AMENT_PREFIX_PATH} CMAKE_PREFIX_PATH=${CMAKE_PREFIX_PATH}:/opt/ros/humble /usr/bin/cmake --install /home/hiro/rust_ws/build/rosidl_generator_rs
