[0.147s] Invoking command in '/home/hiro/rust_ws/src/build/unique_identifier_msgs': AMENT_PREFIX_PATH=/home/hiro/rust_ws/src/install/rosidl_default_runtime:/home/hiro/rust_ws/src/install/rosidl_default_generators:/home/hiro/rust_ws/src/install/rosidl_generator_rs:/home/hiro/rust_ws/src/install/rosidl_runtime_rs:${AMENT_PREFIX_PATH} CMAKE_PREFIX_PATH=/home/hiro/rust_ws/src/install/rosidl_default_runtime:/home/hiro/rust_ws/src/install/rosidl_default_generators:/home/hiro/rust_ws/src/install/rosidl_generator_rs:/home/hiro/ws_livox/install/livox_ros_driver2:/opt/ros/humble PYTHONPATH=/home/hiro/rust_ws/src/install/rosidl_generator_rs/local/lib/python3.10/dist-packages:${PYTHONPATH} /usr/bin/cmake --build /home/hiro/rust_ws/src/build/unique_identifier_msgs -- -j22 -l22
[0.194s] [  3%] Built target unique_identifier_msgs__cpp
[0.198s] [  6%] Built target unique_identifier_msgs__rs
[0.201s] [ 15%] Built target unique_identifier_msgs__rosidl_generator_c
[0.210s] [ 15%] Built target ament_cmake_python_copy_unique_identifier_msgs
[0.240s] [ 25%] Built target unique_identifier_msgs__rosidl_typesupport_fastrtps_cpp
[0.241s] [ 34%] Built target unique_identifier_msgs__rosidl_typesupport_cpp
[0.242s] [ 53%] Built target unique_identifier_msgs__rosidl_typesupport_introspection_c
[0.242s] [ 53%] Built target unique_identifier_msgs__rosidl_typesupport_fastrtps_c
[0.243s] [ 62%] Built target unique_identifier_msgs__rosidl_typesupport_introspection_cpp
[0.244s] [ 71%] Built target unique_identifier_msgs__rosidl_typesupport_c
[0.266s] [ 71%] Built target unique_identifier_msgs
[0.292s] [ 75%] Built target unique_identifier_msgs__py
[0.317s] [ 81%] Built target unique_identifier_msgs__rosidl_generator_py
[0.344s] [ 87%] Built target unique_identifier_msgs__rosidl_typesupport_fastrtps_c__pyext
[0.348s] [ 93%] Built target unique_identifier_msgs__rosidl_typesupport_c__pyext
[0.356s] [100%] Built target unique_identifier_msgs__rosidl_typesupport_introspection_c__pyext
[0.596s] running egg_info
[0.607s] writing unique_identifier_msgs.egg-info/PKG-INFO
[0.607s] writing dependency_links to unique_identifier_msgs.egg-info/dependency_links.txt
[0.607s] writing top-level names to unique_identifier_msgs.egg-info/top_level.txt
[0.644s] reading manifest file 'unique_identifier_msgs.egg-info/SOURCES.txt'
[0.644s] writing manifest file 'unique_identifier_msgs.egg-info/SOURCES.txt'
[0.690s] [100%] Built target ament_cmake_python_build_unique_identifier_msgs_egg
[0.700s] Invoked command in '/home/hiro/rust_ws/src/build/unique_identifier_msgs' returned '0': AMENT_PREFIX_PATH=/home/hiro/rust_ws/src/install/rosidl_default_runtime:/home/hiro/rust_ws/src/install/rosidl_default_generators:/home/hiro/rust_ws/src/install/rosidl_generator_rs:/home/hiro/rust_ws/src/install/rosidl_runtime_rs:${AMENT_PREFIX_PATH} CMAKE_PREFIX_PATH=/home/hiro/rust_ws/src/install/rosidl_default_runtime:/home/hiro/rust_ws/src/install/rosidl_default_generators:/home/hiro/rust_ws/src/install/rosidl_generator_rs:/home/hiro/ws_livox/install/livox_ros_driver2:/opt/ros/humble PYTHONPATH=/home/hiro/rust_ws/src/install/rosidl_generator_rs/local/lib/python3.10/dist-packages:${PYTHONPATH} /usr/bin/cmake --build /home/hiro/rust_ws/src/build/unique_identifier_msgs -- -j22 -l22
[0.755s] Invoking command in '/home/hiro/rust_ws/src/build/unique_identifier_msgs': AMENT_PREFIX_PATH=/home/hiro/rust_ws/src/install/rosidl_default_runtime:/home/hiro/rust_ws/src/install/rosidl_default_generators:/home/hiro/rust_ws/src/install/rosidl_generator_rs:/home/hiro/rust_ws/src/install/rosidl_runtime_rs:${AMENT_PREFIX_PATH} CMAKE_PREFIX_PATH=/home/hiro/rust_ws/src/install/rosidl_default_runtime:/home/hiro/rust_ws/src/install/rosidl_default_generators:/home/hiro/rust_ws/src/install/rosidl_generator_rs:/home/hiro/ws_livox/install/livox_ros_driver2:/opt/ros/humble PYTHONPATH=/home/hiro/rust_ws/src/install/rosidl_generator_rs/local/lib/python3.10/dist-packages:${PYTHONPATH} /usr/bin/cmake --install /home/hiro/rust_ws/src/build/unique_identifier_msgs
[0.761s] -- Install configuration: ""
[0.764s] -- Up-to-date: /home/hiro/rust_ws/src/install/unique_identifier_msgs/share/ament_index/resource_index/rosidl_interfaces/unique_identifier_msgs
[0.765s] -- Up-to-date: /home/hiro/rust_ws/src/install/unique_identifier_msgs/include/unique_identifier_msgs/unique_identifier_msgs
[0.766s] -- Up-to-date: /home/hiro/rust_ws/src/install/unique_identifier_msgs/include/unique_identifier_msgs/unique_identifier_msgs/msg
[0.766s] -- Up-to-date: /home/hiro/rust_ws/src/install/unique_identifier_msgs/include/unique_identifier_msgs/unique_identifier_msgs/msg/rosidl_generator_c__visibility_control.h
[0.767s] -- Up-to-date: /home/hiro/rust_ws/src/install/unique_identifier_msgs/include/unique_identifier_msgs/unique_identifier_msgs/msg/detail
[0.767s] -- Up-to-date: /home/hiro/rust_ws/src/install/unique_identifier_msgs/include/unique_identifier_msgs/unique_identifier_msgs/msg/detail/uuid__struct.h
[0.767s] -- Up-to-date: /home/hiro/rust_ws/src/install/unique_identifier_msgs/include/unique_identifier_msgs/unique_identifier_msgs/msg/detail/uuid__functions.h
[0.767s] -- Up-to-date: /home/hiro/rust_ws/src/install/unique_identifier_msgs/include/unique_identifier_msgs/unique_identifier_msgs/msg/detail/uuid__functions.c
[0.767s] -- Up-to-date: /home/hiro/rust_ws/src/install/unique_identifier_msgs/include/unique_identifier_msgs/unique_identifier_msgs/msg/detail/uuid__type_support.h
[0.768s] -- Up-to-date: /home/hiro/rust_ws/src/install/unique_identifier_msgs/include/unique_identifier_msgs/unique_identifier_msgs/msg/uuid.h
[0.768s] -- Up-to-date: /home/hiro/rust_ws/src/install/unique_identifier_msgs/share/unique_identifier_msgs/environment/library_path.sh
[0.768s] -- Up-to-date: /home/hiro/rust_ws/src/install/unique_identifier_msgs/share/unique_identifier_msgs/environment/library_path.dsv
[0.768s] -- Up-to-date: /home/hiro/rust_ws/src/install/unique_identifier_msgs/lib/libunique_identifier_msgs__rosidl_generator_c.so
[0.768s] -- Up-to-date: /home/hiro/rust_ws/src/install/unique_identifier_msgs/include/unique_identifier_msgs/unique_identifier_msgs
[0.769s] -- Up-to-date: /home/hiro/rust_ws/src/install/unique_identifier_msgs/include/unique_identifier_msgs/unique_identifier_msgs/msg
[0.769s] -- Up-to-date: /home/hiro/rust_ws/src/install/unique_identifier_msgs/include/unique_identifier_msgs/unique_identifier_msgs/msg/detail
[0.769s] -- Up-to-date: /home/hiro/rust_ws/src/install/unique_identifier_msgs/include/unique_identifier_msgs/unique_identifier_msgs/msg/detail/uuid__rosidl_typesupport_fastrtps_c.h
[0.769s] -- Up-to-date: /home/hiro/rust_ws/src/install/unique_identifier_msgs/include/unique_identifier_msgs/unique_identifier_msgs/msg/rosidl_typesupport_fastrtps_c__visibility_control.h
[0.770s] -- Up-to-date: /home/hiro/rust_ws/src/install/unique_identifier_msgs/lib/libunique_identifier_msgs__rosidl_typesupport_fastrtps_c.so
[0.770s] -- Up-to-date: /home/hiro/rust_ws/src/install/unique_identifier_msgs/include/unique_identifier_msgs/unique_identifier_msgs
[0.770s] -- Up-to-date: /home/hiro/rust_ws/src/install/unique_identifier_msgs/include/unique_identifier_msgs/unique_identifier_msgs/msg
[0.770s] -- Up-to-date: /home/hiro/rust_ws/src/install/unique_identifier_msgs/include/unique_identifier_msgs/unique_identifier_msgs/msg/rosidl_typesupport_introspection_c__visibility_control.h
[0.771s] -- Up-to-date: /home/hiro/rust_ws/src/install/unique_identifier_msgs/include/unique_identifier_msgs/unique_identifier_msgs/msg/detail
[0.771s] -- Up-to-date: /home/hiro/rust_ws/src/install/unique_identifier_msgs/include/unique_identifier_msgs/unique_identifier_msgs/msg/detail/uuid__rosidl_typesupport_introspection_c.h
[0.771s] -- Up-to-date: /home/hiro/rust_ws/src/install/unique_identifier_msgs/include/unique_identifier_msgs/unique_identifier_msgs/msg/detail/uuid__type_support.c
[0.771s] -- Up-to-date: /home/hiro/rust_ws/src/install/unique_identifier_msgs/lib/libunique_identifier_msgs__rosidl_typesupport_introspection_c.so
[0.771s] -- Up-to-date: /home/hiro/rust_ws/src/install/unique_identifier_msgs/lib/libunique_identifier_msgs__rosidl_typesupport_c.so
[0.772s] -- Up-to-date: /home/hiro/rust_ws/src/install/unique_identifier_msgs/include/unique_identifier_msgs/unique_identifier_msgs
[0.772s] -- Up-to-date: /home/hiro/rust_ws/src/install/unique_identifier_msgs/include/unique_identifier_msgs/unique_identifier_msgs/msg
[0.773s] -- Up-to-date: /home/hiro/rust_ws/src/install/unique_identifier_msgs/include/unique_identifier_msgs/unique_identifier_msgs/msg/uuid.hpp
[0.773s] -- Up-to-date: /home/hiro/rust_ws/src/install/unique_identifier_msgs/include/unique_identifier_msgs/unique_identifier_msgs/msg/detail
[0.774s] -- Up-to-date: /home/hiro/rust_ws/src/install/unique_identifier_msgs/include/unique_identifier_msgs/unique_identifier_msgs/msg/detail/uuid__traits.hpp
[0.775s] -- Up-to-date: /home/hiro/rust_ws/src/install/unique_identifier_msgs/include/unique_identifier_msgs/unique_identifier_msgs/msg/detail/uuid__builder.hpp
[0.775s] -- Up-to-date: /home/hiro/rust_ws/src/install/unique_identifier_msgs/include/unique_identifier_msgs/unique_identifier_msgs/msg/detail/uuid__struct.hpp
[0.776s] -- Up-to-date: /home/hiro/rust_ws/src/install/unique_identifier_msgs/include/unique_identifier_msgs/unique_identifier_msgs
[0.776s] -- Up-to-date: /home/hiro/rust_ws/src/install/unique_identifier_msgs/include/unique_identifier_msgs/unique_identifier_msgs/msg
[0.776s] -- Up-to-date: /home/hiro/rust_ws/src/install/unique_identifier_msgs/include/unique_identifier_msgs/unique_identifier_msgs/msg/rosidl_typesupport_fastrtps_cpp__visibility_control.h
[0.777s] -- Up-to-date: /home/hiro/rust_ws/src/install/unique_identifier_msgs/include/unique_identifier_msgs/unique_identifier_msgs/msg/detail
[0.777s] -- Up-to-date: /home/hiro/rust_ws/src/install/unique_identifier_msgs/include/unique_identifier_msgs/unique_identifier_msgs/msg/detail/dds_fastrtps
[0.777s] -- Up-to-date: /home/hiro/rust_ws/src/install/unique_identifier_msgs/include/unique_identifier_msgs/unique_identifier_msgs/msg/detail/uuid__rosidl_typesupport_fastrtps_cpp.hpp
[0.778s] -- Up-to-date: /home/hiro/rust_ws/src/install/unique_identifier_msgs/lib/libunique_identifier_msgs__rosidl_typesupport_fastrtps_cpp.so
[0.778s] -- Up-to-date: /home/hiro/rust_ws/src/install/unique_identifier_msgs/include/unique_identifier_msgs/unique_identifier_msgs
[0.779s] -- Up-to-date: /home/hiro/rust_ws/src/install/unique_identifier_msgs/include/unique_identifier_msgs/unique_identifier_msgs/msg
[0.780s] -- Up-to-date: /home/hiro/rust_ws/src/install/unique_identifier_msgs/include/unique_identifier_msgs/unique_identifier_msgs/msg/detail
[0.780s] -- Up-to-date: /home/hiro/rust_ws/src/install/unique_identifier_msgs/include/unique_identifier_msgs/unique_identifier_msgs/msg/detail/uuid__rosidl_typesupport_introspection_cpp.hpp
[0.780s] -- Up-to-date: /home/hiro/rust_ws/src/install/unique_identifier_msgs/include/unique_identifier_msgs/unique_identifier_msgs/msg/detail/uuid__type_support.cpp
[0.780s] -- Up-to-date: /home/hiro/rust_ws/src/install/unique_identifier_msgs/lib/libunique_identifier_msgs__rosidl_typesupport_introspection_cpp.so
[0.781s] -- Up-to-date: /home/hiro/rust_ws/src/install/unique_identifier_msgs/lib/libunique_identifier_msgs__rosidl_typesupport_cpp.so
[0.781s] -- Up-to-date: /home/hiro/rust_ws/src/install/unique_identifier_msgs/share/ament_index/resource_index/rust_packages/unique_identifier_msgs
[0.782s] -- Up-to-date: /home/hiro/rust_ws/src/install/unique_identifier_msgs/share/unique_identifier_msgs/rust
[0.782s] -- Up-to-date: /home/hiro/rust_ws/src/install/unique_identifier_msgs/share/unique_identifier_msgs/rust/Cargo.toml
[0.782s] -- Up-to-date: /home/hiro/rust_ws/src/install/unique_identifier_msgs/share/unique_identifier_msgs/rust/build.rs
[0.782s] -- Up-to-date: /home/hiro/rust_ws/src/install/unique_identifier_msgs/share/unique_identifier_msgs/rust/src
[0.782s] -- Up-to-date: /home/hiro/rust_ws/src/install/unique_identifier_msgs/share/unique_identifier_msgs/rust/src/msg.rs
[0.782s] -- Up-to-date: /home/hiro/rust_ws/src/install/unique_identifier_msgs/share/unique_identifier_msgs/rust/src/lib.rs
[0.783s] -- Up-to-date: /home/hiro/rust_ws/src/install/unique_identifier_msgs/share/unique_identifier_msgs/environment/pythonpath.sh
[0.783s] -- Up-to-date: /home/hiro/rust_ws/src/install/unique_identifier_msgs/share/unique_identifier_msgs/environment/pythonpath.dsv
[0.784s] -- Up-to-date: /home/hiro/rust_ws/src/install/unique_identifier_msgs/local/lib/python3.10/dist-packages/unique_identifier_msgs-2.2.1-py3.10.egg-info
[0.784s] -- Installing: /home/hiro/rust_ws/src/install/unique_identifier_msgs/local/lib/python3.10/dist-packages/unique_identifier_msgs-2.2.1-py3.10.egg-info/top_level.txt
[0.784s] -- Installing: /home/hiro/rust_ws/src/install/unique_identifier_msgs/local/lib/python3.10/dist-packages/unique_identifier_msgs-2.2.1-py3.10.egg-info/PKG-INFO
[0.785s] -- Installing: /home/hiro/rust_ws/src/install/unique_identifier_msgs/local/lib/python3.10/dist-packages/unique_identifier_msgs-2.2.1-py3.10.egg-info/SOURCES.txt
[0.785s] -- Installing: /home/hiro/rust_ws/src/install/unique_identifier_msgs/local/lib/python3.10/dist-packages/unique_identifier_msgs-2.2.1-py3.10.egg-info/dependency_links.txt
[0.785s] -- Up-to-date: /home/hiro/rust_ws/src/install/unique_identifier_msgs/local/lib/python3.10/dist-packages/unique_identifier_msgs
[0.785s] -- Up-to-date: /home/hiro/rust_ws/src/install/unique_identifier_msgs/local/lib/python3.10/dist-packages/unique_identifier_msgs/unique_identifier_msgs_s__rosidl_typesupport_fastrtps_c.cpython-310-x86_64-linux-gnu.so
[0.785s] -- Up-to-date: /home/hiro/rust_ws/src/install/unique_identifier_msgs/local/lib/python3.10/dist-packages/unique_identifier_msgs/_unique_identifier_msgs_s.ep.rosidl_typesupport_c.c
[0.786s] -- Up-to-date: /home/hiro/rust_ws/src/install/unique_identifier_msgs/local/lib/python3.10/dist-packages/unique_identifier_msgs/_unique_identifier_msgs_s.ep.rosidl_typesupport_fastrtps_c.c
[0.786s] -- Up-to-date: /home/hiro/rust_ws/src/install/unique_identifier_msgs/local/lib/python3.10/dist-packages/unique_identifier_msgs/__init__.py
[0.786s] -- Up-to-date: /home/hiro/rust_ws/src/install/unique_identifier_msgs/local/lib/python3.10/dist-packages/unique_identifier_msgs/unique_identifier_msgs_s__rosidl_typesupport_introspection_c.cpython-310-x86_64-linux-gnu.so
[0.786s] -- Up-to-date: /home/hiro/rust_ws/src/install/unique_identifier_msgs/local/lib/python3.10/dist-packages/unique_identifier_msgs/msg
[0.786s] -- Up-to-date: /home/hiro/rust_ws/src/install/unique_identifier_msgs/local/lib/python3.10/dist-packages/unique_identifier_msgs/msg/__init__.py
[0.787s] -- Up-to-date: /home/hiro/rust_ws/src/install/unique_identifier_msgs/local/lib/python3.10/dist-packages/unique_identifier_msgs/msg/_uuid.py
[0.787s] -- Up-to-date: /home/hiro/rust_ws/src/install/unique_identifier_msgs/local/lib/python3.10/dist-packages/unique_identifier_msgs/msg/_uuid_s.c
[0.788s] -- Up-to-date: /home/hiro/rust_ws/src/install/unique_identifier_msgs/local/lib/python3.10/dist-packages/unique_identifier_msgs/libunique_identifier_msgs__rosidl_generator_py.so
[0.788s] -- Up-to-date: /home/hiro/rust_ws/src/install/unique_identifier_msgs/local/lib/python3.10/dist-packages/unique_identifier_msgs/_unique_identifier_msgs_s.ep.rosidl_typesupport_introspection_c.c
[0.788s] -- Up-to-date: /home/hiro/rust_ws/src/install/unique_identifier_msgs/local/lib/python3.10/dist-packages/unique_identifier_msgs/unique_identifier_msgs_s__rosidl_typesupport_c.cpython-310-x86_64-linux-gnu.so
[0.800s] Listing '/home/hiro/rust_ws/src/install/unique_identifier_msgs/local/lib/python3.10/dist-packages/unique_identifier_msgs'...
[0.800s] Listing '/home/hiro/rust_ws/src/install/unique_identifier_msgs/local/lib/python3.10/dist-packages/unique_identifier_msgs/msg'...
[0.820s] -- Up-to-date: /home/hiro/rust_ws/src/install/unique_identifier_msgs/local/lib/python3.10/dist-packages/unique_identifier_msgs/unique_identifier_msgs_s__rosidl_typesupport_fastrtps_c.cpython-310-x86_64-linux-gnu.so
[0.821s] -- Up-to-date: /home/hiro/rust_ws/src/install/unique_identifier_msgs/local/lib/python3.10/dist-packages/unique_identifier_msgs/unique_identifier_msgs_s__rosidl_typesupport_introspection_c.cpython-310-x86_64-linux-gnu.so
[0.822s] -- Up-to-date: /home/hiro/rust_ws/src/install/unique_identifier_msgs/local/lib/python3.10/dist-packages/unique_identifier_msgs/unique_identifier_msgs_s__rosidl_typesupport_c.cpython-310-x86_64-linux-gnu.so
[0.822s] -- Up-to-date: /home/hiro/rust_ws/src/install/unique_identifier_msgs/lib/libunique_identifier_msgs__rosidl_generator_py.so
[0.823s] -- Up-to-date: /home/hiro/rust_ws/src/install/unique_identifier_msgs/share/unique_identifier_msgs/msg/UUID.idl
[0.823s] -- Up-to-date: /home/hiro/rust_ws/src/install/unique_identifier_msgs/share/unique_identifier_msgs/msg/UUID.msg
[0.823s] -- Up-to-date: /home/hiro/rust_ws/src/install/unique_identifier_msgs/share/ament_index/resource_index/package_run_dependencies/unique_identifier_msgs
[0.823s] -- Up-to-date: /home/hiro/rust_ws/src/install/unique_identifier_msgs/share/ament_index/resource_index/parent_prefix_path/unique_identifier_msgs
[0.823s] -- Up-to-date: /home/hiro/rust_ws/src/install/unique_identifier_msgs/share/unique_identifier_msgs/environment/ament_prefix_path.sh
[0.825s] -- Up-to-date: /home/hiro/rust_ws/src/install/unique_identifier_msgs/share/unique_identifier_msgs/environment/ament_prefix_path.dsv
[0.825s] -- Up-to-date: /home/hiro/rust_ws/src/install/unique_identifier_msgs/share/unique_identifier_msgs/environment/path.sh
[0.825s] -- Up-to-date: /home/hiro/rust_ws/src/install/unique_identifier_msgs/share/unique_identifier_msgs/environment/path.dsv
[0.826s] -- Up-to-date: /home/hiro/rust_ws/src/install/unique_identifier_msgs/share/unique_identifier_msgs/local_setup.bash
[0.826s] -- Up-to-date: /home/hiro/rust_ws/src/install/unique_identifier_msgs/share/unique_identifier_msgs/local_setup.sh
[0.827s] -- Up-to-date: /home/hiro/rust_ws/src/install/unique_identifier_msgs/share/unique_identifier_msgs/local_setup.zsh
[0.827s] -- Up-to-date: /home/hiro/rust_ws/src/install/unique_identifier_msgs/share/unique_identifier_msgs/local_setup.dsv
[0.827s] -- Installing: /home/hiro/rust_ws/src/install/unique_identifier_msgs/share/unique_identifier_msgs/package.dsv
[0.827s] -- Up-to-date: /home/hiro/rust_ws/src/install/unique_identifier_msgs/share/ament_index/resource_index/packages/unique_identifier_msgs
[0.827s] -- Up-to-date: /home/hiro/rust_ws/src/install/unique_identifier_msgs/share/unique_identifier_msgs/cmake/export_unique_identifier_msgs__rosidl_generator_cExport.cmake
[0.828s] -- Up-to-date: /home/hiro/rust_ws/src/install/unique_identifier_msgs/share/unique_identifier_msgs/cmake/export_unique_identifier_msgs__rosidl_generator_cExport-noconfig.cmake
[0.828s] -- Up-to-date: /home/hiro/rust_ws/src/install/unique_identifier_msgs/share/unique_identifier_msgs/cmake/export_unique_identifier_msgs__rosidl_typesupport_fastrtps_cExport.cmake
[0.828s] -- Up-to-date: /home/hiro/rust_ws/src/install/unique_identifier_msgs/share/unique_identifier_msgs/cmake/export_unique_identifier_msgs__rosidl_typesupport_fastrtps_cExport-noconfig.cmake
[0.828s] -- Up-to-date: /home/hiro/rust_ws/src/install/unique_identifier_msgs/share/unique_identifier_msgs/cmake/unique_identifier_msgs__rosidl_typesupport_introspection_cExport.cmake
[0.828s] -- Up-to-date: /home/hiro/rust_ws/src/install/unique_identifier_msgs/share/unique_identifier_msgs/cmake/unique_identifier_msgs__rosidl_typesupport_introspection_cExport-noconfig.cmake
[0.828s] -- Up-to-date: /home/hiro/rust_ws/src/install/unique_identifier_msgs/share/unique_identifier_msgs/cmake/unique_identifier_msgs__rosidl_typesupport_cExport.cmake
[0.829s] -- Up-to-date: /home/hiro/rust_ws/src/install/unique_identifier_msgs/share/unique_identifier_msgs/cmake/unique_identifier_msgs__rosidl_typesupport_cExport-noconfig.cmake
[0.829s] -- Up-to-date: /home/hiro/rust_ws/src/install/unique_identifier_msgs/share/unique_identifier_msgs/cmake/export_unique_identifier_msgs__rosidl_generator_cppExport.cmake
[0.829s] -- Up-to-date: /home/hiro/rust_ws/src/install/unique_identifier_msgs/share/unique_identifier_msgs/cmake/export_unique_identifier_msgs__rosidl_typesupport_fastrtps_cppExport.cmake
[0.829s] -- Up-to-date: /home/hiro/rust_ws/src/install/unique_identifier_msgs/share/unique_identifier_msgs/cmake/export_unique_identifier_msgs__rosidl_typesupport_fastrtps_cppExport-noconfig.cmake
[0.829s] -- Up-to-date: /home/hiro/rust_ws/src/install/unique_identifier_msgs/share/unique_identifier_msgs/cmake/unique_identifier_msgs__rosidl_typesupport_introspection_cppExport.cmake
[0.829s] -- Up-to-date: /home/hiro/rust_ws/src/install/unique_identifier_msgs/share/unique_identifier_msgs/cmake/unique_identifier_msgs__rosidl_typesupport_introspection_cppExport-noconfig.cmake
[0.829s] -- Up-to-date: /home/hiro/rust_ws/src/install/unique_identifier_msgs/share/unique_identifier_msgs/cmake/unique_identifier_msgs__rosidl_typesupport_cppExport.cmake
[0.831s] -- Up-to-date: /home/hiro/rust_ws/src/install/unique_identifier_msgs/share/unique_identifier_msgs/cmake/unique_identifier_msgs__rosidl_typesupport_cppExport-noconfig.cmake
[0.831s] -- Up-to-date: /home/hiro/rust_ws/src/install/unique_identifier_msgs/share/unique_identifier_msgs/cmake/export_unique_identifier_msgs__rosidl_generator_pyExport.cmake
[0.832s] -- Up-to-date: /home/hiro/rust_ws/src/install/unique_identifier_msgs/share/unique_identifier_msgs/cmake/export_unique_identifier_msgs__rosidl_generator_pyExport-noconfig.cmake
[0.832s] -- Up-to-date: /home/hiro/rust_ws/src/install/unique_identifier_msgs/share/unique_identifier_msgs/cmake/rosidl_cmake-extras.cmake
[0.832s] -- Up-to-date: /home/hiro/rust_ws/src/install/unique_identifier_msgs/share/unique_identifier_msgs/cmake/ament_cmake_export_include_directories-extras.cmake
[0.832s] -- Up-to-date: /home/hiro/rust_ws/src/install/unique_identifier_msgs/share/unique_identifier_msgs/cmake/ament_cmake_export_libraries-extras.cmake
[0.832s] -- Up-to-date: /home/hiro/rust_ws/src/install/unique_identifier_msgs/share/unique_identifier_msgs/cmake/ament_cmake_export_targets-extras.cmake
[0.833s] -- Up-to-date: /home/hiro/rust_ws/src/install/unique_identifier_msgs/share/unique_identifier_msgs/cmake/rosidl_cmake_export_typesupport_targets-extras.cmake
[0.833s] -- Up-to-date: /home/hiro/rust_ws/src/install/unique_identifier_msgs/share/unique_identifier_msgs/cmake/ament_cmake_export_dependencies-extras.cmake
[0.833s] -- Up-to-date: /home/hiro/rust_ws/src/install/unique_identifier_msgs/share/unique_identifier_msgs/cmake/rosidl_cmake_export_typesupport_libraries-extras.cmake
[0.833s] -- Up-to-date: /home/hiro/rust_ws/src/install/unique_identifier_msgs/share/unique_identifier_msgs/cmake/unique_identifier_msgsConfig.cmake
[0.833s] -- Up-to-date: /home/hiro/rust_ws/src/install/unique_identifier_msgs/share/unique_identifier_msgs/cmake/unique_identifier_msgsConfig-version.cmake
[0.834s] -- Up-to-date: /home/hiro/rust_ws/src/install/unique_identifier_msgs/share/unique_identifier_msgs/package.xml
[0.834s] -- Up-to-date: /home/hiro/rust_ws/src/install/unique_identifier_msgs/share/unique_identifier_msgs/mapping_rules.yaml
[0.869s] Invoked command in '/home/hiro/rust_ws/src/build/unique_identifier_msgs' returned '0': AMENT_PREFIX_PATH=/home/hiro/rust_ws/src/install/rosidl_default_runtime:/home/hiro/rust_ws/src/install/rosidl_default_generators:/home/hiro/rust_ws/src/install/rosidl_generator_rs:/home/hiro/rust_ws/src/install/rosidl_runtime_rs:${AMENT_PREFIX_PATH} CMAKE_PREFIX_PATH=/home/hiro/rust_ws/src/install/rosidl_default_runtime:/home/hiro/rust_ws/src/install/rosidl_default_generators:/home/hiro/rust_ws/src/install/rosidl_generator_rs:/home/hiro/ws_livox/install/livox_ros_driver2:/opt/ros/humble PYTHONPATH=/home/hiro/rust_ws/src/install/rosidl_generator_rs/local/lib/python3.10/dist-packages:${PYTHONPATH} /usr/bin/cmake --install /home/hiro/rust_ws/src/build/unique_identifier_msgs
