[0.026s] Invoking command in '/home/hiromichi/rost2/build/nav_msgs': AMENT_PREFIX_PATH=/home/hiromichi/rost2/install/geometry_msgs:/home/hiromichi/rost2/install/std_msgs:/home/hiromichi/rost2/install/builtin_interfaces:/home/hiromichi/rost2/install/rosidl_default_runtime:/home/hiromichi/rost2/install/rosidl_default_generators:/home/hiromichi/rost2/install/rosidl_generator_rs:/home/hiromichi/rost2/install/rosidl_runtime_rs:${AMENT_PREFIX_PATH} CMAKE_PREFIX_PATH=/home/hiromichi/rost2/install/geometry_msgs:/home/hiromichi/rost2/install/std_msgs:/home/hiromichi/rost2/install/builtin_interfaces:/home/hiromichi/rost2/install/rosidl_default_runtime:/home/hiromichi/rost2/install/rosidl_default_generators:/home/hiromichi/rost2/install/rosidl_generator_rs:/opt/ros/humble LD_LIBRARY_PATH=/home/hiromichi/rost2/install/geometry_msgs/lib:/home/hiromichi/rost2/install/std_msgs/lib:/home/hiromichi/rost2/install/builtin_interfaces/lib:${LD_LIBRARY_PATH} PYTHONPATH=/home/hiromichi/rost2/install/geometry_msgs/local/lib/python3.10/dist-packages:/home/hiromichi/rost2/install/std_msgs/local/lib/python3.10/dist-packages:/home/hiromichi/rost2/install/builtin_interfaces/local/lib/python3.10/dist-packages:/home/hiromichi/rost2/install/rosidl_generator_rs/local/lib/python3.10/dist-packages:${PYTHONPATH} /usr/bin/cmake /home/hiromichi/rost2/src/ros2/common_interfaces/nav_msgs -DCMAKE_INSTALL_PREFIX=/home/hiromichi/rost2/install/nav_msgs
[0.068s] -- The C compiler identification is GNU 11.4.0
[0.116s] -- The CXX compiler identification is GNU 11.4.0
[0.122s] -- Detecting C compiler ABI info
[0.179s] -- Detecting C compiler ABI info - done
[0.184s] -- Check for working C compiler: /usr/bin/cc - skipped
[0.184s] -- Detecting C compile features
[0.184s] -- Detecting C compile features - done
[0.187s] -- Detecting CXX compiler ABI info
[0.248s] -- Detecting CXX compiler ABI info - done
[0.254s] -- Check for working CXX compiler: /usr/bin/c++ - skipped
[0.254s] -- Detecting CXX compile features
[0.255s] -- Detecting CXX compile features - done
[0.257s] -- Found ament_cmake: 1.3.2 (/opt/ros/humble/share/ament_cmake/cmake)
[0.422s] -- Found Python3: /usr/bin/python3.10 (found version "3.10.12") found components: Interpreter 
[0.503s] -- Found builtin_interfaces: 1.2.1 (/home/hiromichi/rost2/install/builtin_interfaces/share/builtin_interfaces/cmake)
[0.532s] -- Found rosidl_generator_c: 3.1.3 (/opt/ros/humble/share/rosidl_generator_c/cmake)
[0.536s] -- Found rosidl_adapter: 3.1.3 (/opt/ros/humble/share/rosidl_adapter/cmake)
[0.543s] -- Found rosidl_generator_cpp: 3.1.3 (/opt/ros/humble/share/rosidl_generator_cpp/cmake)
[0.555s] -- Using all available rosidl_typesupport_c: rosidl_typesupport_fastrtps_c;rosidl_typesupport_introspection_c
[0.571s] -- Using all available rosidl_typesupport_cpp: rosidl_typesupport_fastrtps_cpp;rosidl_typesupport_introspection_cpp
[0.585s] -- Found geometry_msgs: 4.2.4 (/home/hiromichi/rost2/install/geometry_msgs/share/geometry_msgs/cmake)
[0.665s] -- Found rosidl_default_generators: 1.2.0 (/home/hiromichi/rost2/install/rosidl_default_generators/share/rosidl_default_generators/cmake)
[1.009s] -- Found ament_cmake_cppcheck: 0.12.4 (/opt/ros/humble/share/ament_cmake_cppcheck/cmake)
[1.011s] -- Found ament_cmake_cpplint: 0.12.4 (/opt/ros/humble/share/ament_cmake_cpplint/cmake)
[1.014s] -- Found ament_cmake_uncrustify: 0.12.4 (/opt/ros/humble/share/ament_cmake_uncrustify/cmake)
[1.017s] -- Found ament_cmake_ros: 0.10.0 (/opt/ros/humble/share/ament_cmake_ros/cmake)
[1.449s] -- Using all available rosidl_typesupport_c: rosidl_typesupport_fastrtps_c;rosidl_typesupport_introspection_c
[1.610s] -- Using all available rosidl_typesupport_cpp: rosidl_typesupport_fastrtps_cpp;rosidl_typesupport_introspection_cpp
[1.654s] -- Found PythonInterp: /usr/bin/python3 (found suitable version "3.10.12", minimum required is "3.6") 
[1.657s] -- Found python_cmake_module: 0.10.0 (/opt/ros/humble/share/python_cmake_module/cmake)
[1.679s] -- Found PythonLibs: /usr/lib/x86_64-linux-gnu/libpython3.10.so (found suitable version "3.10.12", minimum required is "3.5") 
[1.679s] -- Using PYTHON_EXECUTABLE: /usr/bin/python3
[1.679s] -- Using PYTHON_INCLUDE_DIRS: /usr/include/python3.10
[1.680s] -- Using PYTHON_LIBRARIES: /usr/lib/x86_64-linux-gnu/libpython3.10.so
[1.710s] -- Found PythonExtra: .so  
[1.792s] -- Found ament_cmake_flake8: 0.12.4 (/opt/ros/humble/share/ament_cmake_flake8/cmake)
[1.794s] -- Found ament_cmake_pep257: 0.12.4 (/opt/ros/humble/share/ament_cmake_pep257/cmake)
[1.799s] -- Configuring done
[1.855s] -- Generating done
[1.858s] -- Build files have been written to: /home/hiromichi/rost2/build/nav_msgs
[1.871s] Invoked command in '/home/hiromichi/rost2/build/nav_msgs' returned '0': AMENT_PREFIX_PATH=/home/hiromichi/rost2/install/geometry_msgs:/home/hiromichi/rost2/install/std_msgs:/home/hiromichi/rost2/install/builtin_interfaces:/home/hiromichi/rost2/install/rosidl_default_runtime:/home/hiromichi/rost2/install/rosidl_default_generators:/home/hiromichi/rost2/install/rosidl_generator_rs:/home/hiromichi/rost2/install/rosidl_runtime_rs:${AMENT_PREFIX_PATH} CMAKE_PREFIX_PATH=/home/hiromichi/rost2/install/geometry_msgs:/home/hiromichi/rost2/install/std_msgs:/home/hiromichi/rost2/install/builtin_interfaces:/home/hiromichi/rost2/install/rosidl_default_runtime:/home/hiromichi/rost2/install/rosidl_default_generators:/home/hiromichi/rost2/install/rosidl_generator_rs:/opt/ros/humble LD_LIBRARY_PATH=/home/hiromichi/rost2/install/geometry_msgs/lib:/home/hiromichi/rost2/install/std_msgs/lib:/home/hiromichi/rost2/install/builtin_interfaces/lib:${LD_LIBRARY_PATH} PYTHONPATH=/home/hiromichi/rost2/install/geometry_msgs/local/lib/python3.10/dist-packages:/home/hiromichi/rost2/install/std_msgs/local/lib/python3.10/dist-packages:/home/hiromichi/rost2/install/builtin_interfaces/local/lib/python3.10/dist-packages:/home/hiromichi/rost2/install/rosidl_generator_rs/local/lib/python3.10/dist-packages:${PYTHONPATH} /usr/bin/cmake /home/hiromichi/rost2/src/ros2/common_interfaces/nav_msgs -DCMAKE_INSTALL_PREFIX=/home/hiromichi/rost2/install/nav_msgs
[1.874s] Invoking command in '/home/hiromichi/rost2/build/nav_msgs': AMENT_PREFIX_PATH=/home/hiromichi/rost2/install/geometry_msgs:/home/hiromichi/rost2/install/std_msgs:/home/hiromichi/rost2/install/builtin_interfaces:/home/hiromichi/rost2/install/rosidl_default_runtime:/home/hiromichi/rost2/install/rosidl_default_generators:/home/hiromichi/rost2/install/rosidl_generator_rs:/home/hiromichi/rost2/install/rosidl_runtime_rs:${AMENT_PREFIX_PATH} CMAKE_PREFIX_PATH=/home/hiromichi/rost2/install/geometry_msgs:/home/hiromichi/rost2/install/std_msgs:/home/hiromichi/rost2/install/builtin_interfaces:/home/hiromichi/rost2/install/rosidl_default_runtime:/home/hiromichi/rost2/install/rosidl_default_generators:/home/hiromichi/rost2/install/rosidl_generator_rs:/opt/ros/humble LD_LIBRARY_PATH=/home/hiromichi/rost2/install/geometry_msgs/lib:/home/hiromichi/rost2/install/std_msgs/lib:/home/hiromichi/rost2/install/builtin_interfaces/lib:${LD_LIBRARY_PATH} PYTHONPATH=/home/hiromichi/rost2/install/geometry_msgs/local/lib/python3.10/dist-packages:/home/hiromichi/rost2/install/std_msgs/local/lib/python3.10/dist-packages:/home/hiromichi/rost2/install/builtin_interfaces/local/lib/python3.10/dist-packages:/home/hiromichi/rost2/install/rosidl_generator_rs/local/lib/python3.10/dist-packages:${PYTHONPATH} /usr/bin/cmake --build /home/hiromichi/rost2/build/nav_msgs -- -j20 -l20
[1.918s] [  1%] [34m[1mGenerating C code for ROS interfaces[0m
[1.925s] [  2%] [34m[1mGenerating Rust code for ROS interfaces[0m
[1.955s] [  2%] Built target ament_cmake_python_copy_nav_msgs
[1.997s] [  3%] [34m[1mGenerating C++ code for ROS interfaces[0m
[2.254s] running egg_info
[2.255s] creating nav_msgs.egg-info
[2.255s] writing nav_msgs.egg-info/PKG-INFO
[2.256s] writing dependency_links to nav_msgs.egg-info/dependency_links.txt
[2.256s] writing top-level names to nav_msgs.egg-info/top_level.txt
[2.256s] writing manifest file 'nav_msgs.egg-info/SOURCES.txt'
[2.259s] reading manifest file 'nav_msgs.egg-info/SOURCES.txt'
[2.260s] writing manifest file 'nav_msgs.egg-info/SOURCES.txt'
[2.326s] [  3%] Built target ament_cmake_python_build_nav_msgs_egg
[3.077s] [  3%] Built target nav_msgs__rs
[4.846s] [  3%] Built target nav_msgs__cpp
[4.943s] [  4%] [34m[1mGenerating C++ introspection for ROS interfaces[0m
[4.944s] [  5%] [34m[1mGenerating C++ type support dispatch for ROS interfaces[0m
[4.957s] [  6%] [34m[1mGenerating C++ type support for eProsima Fast-RTPS[0m
[5.256s] [  7%] [32mBuilding C object CMakeFiles/nav_msgs__rosidl_generator_c.dir/rosidl_generator_c/nav_msgs/msg/detail/grid_cells__functions.c.o[0m
[5.258s] [  8%] [32mBuilding C object CMakeFiles/nav_msgs__rosidl_generator_c.dir/rosidl_generator_c/nav_msgs/msg/detail/map_meta_data__functions.c.o[0m
[5.281s] [  9%] [32mBuilding C object CMakeFiles/nav_msgs__rosidl_generator_c.dir/rosidl_generator_c/nav_msgs/msg/detail/occupancy_grid__functions.c.o[0m
[5.427s] [ 10%] [32mBuilding C object CMakeFiles/nav_msgs__rosidl_generator_c.dir/rosidl_generator_c/nav_msgs/msg/detail/odometry__functions.c.o[0m
[5.447s] [ 11%] [32mBuilding C object CMakeFiles/nav_msgs__rosidl_generator_c.dir/rosidl_generator_c/nav_msgs/msg/detail/path__functions.c.o[0m
[5.448s] [ 12%] [32mBuilding C object CMakeFiles/nav_msgs__rosidl_generator_c.dir/rosidl_generator_c/nav_msgs/srv/detail/get_map__functions.c.o[0m
[5.463s] [ 13%] [32mBuilding C object CMakeFiles/nav_msgs__rosidl_generator_c.dir/rosidl_generator_c/nav_msgs/srv/detail/get_plan__functions.c.o[0m
[5.534s] [ 14%] [32mBuilding C object CMakeFiles/nav_msgs__rosidl_generator_c.dir/rosidl_generator_c/nav_msgs/srv/detail/load_map__functions.c.o[0m
[5.557s] [ 15%] [32mBuilding C object CMakeFiles/nav_msgs__rosidl_generator_c.dir/rosidl_generator_c/nav_msgs/srv/detail/set_map__functions.c.o[0m
[5.773s] [ 16%] [32m[1mLinking C shared library libnav_msgs__rosidl_generator_c.so[0m
[5.884s] [ 16%] Built target nav_msgs__rosidl_generator_c
[5.916s] [ 17%] [34m[1mGenerating C type support for eProsima Fast-RTPS[0m
[5.938s] [ 18%] [34m[1mGenerating C introspection for ROS interfaces[0m
[5.946s] [ 19%] [34m[1mGenerating C type support dispatch for ROS interfaces[0m
[6.408s] [ 20%] [32mBuilding CXX object CMakeFiles/nav_msgs__rosidl_typesupport_introspection_cpp.dir/rosidl_typesupport_introspection_cpp/nav_msgs/msg/detail/map_meta_data__type_support.cpp.o[0m
[6.409s] [ 21%] [32mBuilding CXX object CMakeFiles/nav_msgs__rosidl_typesupport_introspection_cpp.dir/rosidl_typesupport_introspection_cpp/nav_msgs/msg/detail/grid_cells__type_support.cpp.o[0m
[6.409s] [ 23%] [32mBuilding CXX object CMakeFiles/nav_msgs__rosidl_typesupport_introspection_cpp.dir/rosidl_typesupport_introspection_cpp/nav_msgs/msg/detail/occupancy_grid__type_support.cpp.o[0m
[6.409s] [ 23%] [32mBuilding CXX object CMakeFiles/nav_msgs__rosidl_typesupport_introspection_cpp.dir/rosidl_typesupport_introspection_cpp/nav_msgs/msg/detail/odometry__type_support.cpp.o[0m
[6.415s] [ 26%] [32mBuilding CXX object CMakeFiles/nav_msgs__rosidl_typesupport_introspection_cpp.dir/rosidl_typesupport_introspection_cpp/nav_msgs/msg/detail/path__type_support.cpp.o[0m
[6.415s] [ 26%] [32mBuilding CXX object CMakeFiles/nav_msgs__rosidl_typesupport_introspection_cpp.dir/rosidl_typesupport_introspection_cpp/nav_msgs/srv/detail/load_map__type_support.cpp.o[0m
[6.416s] [ 27%] [32mBuilding CXX object CMakeFiles/nav_msgs__rosidl_typesupport_introspection_cpp.dir/rosidl_typesupport_introspection_cpp/nav_msgs/srv/detail/get_plan__type_support.cpp.o[0m
[6.418s] [ 28%] [32mBuilding CXX object CMakeFiles/nav_msgs__rosidl_typesupport_introspection_cpp.dir/rosidl_typesupport_introspection_cpp/nav_msgs/srv/detail/set_map__type_support.cpp.o[0m
[6.419s] [ 29%] [32mBuilding CXX object CMakeFiles/nav_msgs__rosidl_typesupport_introspection_cpp.dir/rosidl_typesupport_introspection_cpp/nav_msgs/srv/detail/get_map__type_support.cpp.o[0m
[6.963s] [ 30%] [32mBuilding CXX object CMakeFiles/nav_msgs__rosidl_typesupport_cpp.dir/rosidl_typesupport_cpp/nav_msgs/msg/grid_cells__type_support.cpp.o[0m
[6.970s] [ 31%] [32mBuilding CXX object CMakeFiles/nav_msgs__rosidl_typesupport_cpp.dir/rosidl_typesupport_cpp/nav_msgs/msg/map_meta_data__type_support.cpp.o[0m
[6.982s] [ 32%] [32mBuilding CXX object CMakeFiles/nav_msgs__rosidl_typesupport_cpp.dir/rosidl_typesupport_cpp/nav_msgs/msg/occupancy_grid__type_support.cpp.o[0m
[7.002s] [ 33%] [32mBuilding CXX object CMakeFiles/nav_msgs__rosidl_typesupport_cpp.dir/rosidl_typesupport_cpp/nav_msgs/msg/odometry__type_support.cpp.o[0m
[7.046s] [ 34%] [32mBuilding CXX object CMakeFiles/nav_msgs__rosidl_typesupport_cpp.dir/rosidl_typesupport_cpp/nav_msgs/msg/path__type_support.cpp.o[0m
[7.062s] [ 35%] [32mBuilding CXX object CMakeFiles/nav_msgs__rosidl_typesupport_cpp.dir/rosidl_typesupport_cpp/nav_msgs/srv/get_map__type_support.cpp.o[0m
[7.084s] [ 36%] [32mBuilding CXX object CMakeFiles/nav_msgs__rosidl_typesupport_fastrtps_cpp.dir/rosidl_typesupport_fastrtps_cpp/nav_msgs/msg/detail/dds_fastrtps/grid_cells__type_support.cpp.o[0m
[7.100s] [ 37%] [32mBuilding CXX object CMakeFiles/nav_msgs__rosidl_typesupport_cpp.dir/rosidl_typesupport_cpp/nav_msgs/srv/get_plan__type_support.cpp.o[0m
[7.104s] [ 38%] [32mBuilding CXX object CMakeFiles/nav_msgs__rosidl_typesupport_fastrtps_cpp.dir/rosidl_typesupport_fastrtps_cpp/nav_msgs/msg/detail/dds_fastrtps/map_meta_data__type_support.cpp.o[0m
[7.126s] [ 39%] [32mBuilding CXX object CMakeFiles/nav_msgs__rosidl_typesupport_cpp.dir/rosidl_typesupport_cpp/nav_msgs/srv/load_map__type_support.cpp.o[0m
[7.146s] [ 40%] [32mBuilding CXX object CMakeFiles/nav_msgs__rosidl_typesupport_cpp.dir/rosidl_typesupport_cpp/nav_msgs/srv/set_map__type_support.cpp.o[0m
[7.150s] [ 41%] [32mBuilding CXX object CMakeFiles/nav_msgs__rosidl_typesupport_fastrtps_cpp.dir/rosidl_typesupport_fastrtps_cpp/nav_msgs/msg/detail/dds_fastrtps/odometry__type_support.cpp.o[0m
[7.159s] [ 42%] [32mBuilding CXX object CMakeFiles/nav_msgs__rosidl_typesupport_fastrtps_cpp.dir/rosidl_typesupport_fastrtps_cpp/nav_msgs/msg/detail/dds_fastrtps/occupancy_grid__type_support.cpp.o[0m
[7.175s] [ 43%] [32mBuilding CXX object CMakeFiles/nav_msgs__rosidl_typesupport_fastrtps_cpp.dir/rosidl_typesupport_fastrtps_cpp/nav_msgs/msg/detail/dds_fastrtps/path__type_support.cpp.o[0m
[7.263s] [ 44%] [32mBuilding CXX object CMakeFiles/nav_msgs__rosidl_typesupport_fastrtps_cpp.dir/rosidl_typesupport_fastrtps_cpp/nav_msgs/srv/detail/dds_fastrtps/get_map__type_support.cpp.o[0m
[7.304s] [ 45%] [32mBuilding CXX object CMakeFiles/nav_msgs__rosidl_typesupport_fastrtps_cpp.dir/rosidl_typesupport_fastrtps_cpp/nav_msgs/srv/detail/dds_fastrtps/get_plan__type_support.cpp.o[0m
[7.330s] [ 46%] [32mBuilding CXX object CMakeFiles/nav_msgs__rosidl_typesupport_fastrtps_cpp.dir/rosidl_typesupport_fastrtps_cpp/nav_msgs/srv/detail/dds_fastrtps/load_map__type_support.cpp.o[0m
[7.353s] [ 47%] [32m[1mLinking CXX shared library libnav_msgs__rosidl_typesupport_introspection_cpp.so[0m
[7.397s] [ 48%] [32mBuilding CXX object CMakeFiles/nav_msgs__rosidl_typesupport_fastrtps_cpp.dir/rosidl_typesupport_fastrtps_cpp/nav_msgs/srv/detail/dds_fastrtps/set_map__type_support.cpp.o[0m
[7.575s] [ 51%] [32mBuilding CXX object CMakeFiles/nav_msgs__rosidl_typesupport_c.dir/rosidl_typesupport_c/nav_msgs/msg/grid_cells__type_support.cpp.o[0m
[7.576s] [ 51%] [32mBuilding CXX object CMakeFiles/nav_msgs__rosidl_typesupport_c.dir/rosidl_typesupport_c/nav_msgs/msg/map_meta_data__type_support.cpp.o[0m
[7.584s] [ 51%] Built target nav_msgs__rosidl_typesupport_introspection_cpp
[7.602s] [ 52%] [32mBuilding CXX object CMakeFiles/nav_msgs__rosidl_typesupport_c.dir/rosidl_typesupport_c/nav_msgs/msg/occupancy_grid__type_support.cpp.o[0m
[7.652s] [ 53%] [32mBuilding CXX object CMakeFiles/nav_msgs__rosidl_typesupport_c.dir/rosidl_typesupport_c/nav_msgs/msg/odometry__type_support.cpp.o[0m
[7.656s] [ 54%] [32mBuilding CXX object CMakeFiles/nav_msgs__rosidl_typesupport_c.dir/rosidl_typesupport_c/nav_msgs/srv/get_plan__type_support.cpp.o[0m
[7.662s] [ 55%] [32mBuilding CXX object CMakeFiles/nav_msgs__rosidl_typesupport_c.dir/rosidl_typesupport_c/nav_msgs/msg/path__type_support.cpp.o[0m
[7.665s] [ 56%] [32mBuilding CXX object CMakeFiles/nav_msgs__rosidl_typesupport_c.dir/rosidl_typesupport_c/nav_msgs/srv/get_map__type_support.cpp.o[0m
[7.684s] [ 57%] [32mBuilding CXX object CMakeFiles/nav_msgs__rosidl_typesupport_c.dir/rosidl_typesupport_c/nav_msgs/srv/load_map__type_support.cpp.o[0m
[7.732s] [ 58%] [32mBuilding CXX object CMakeFiles/nav_msgs__rosidl_typesupport_c.dir/rosidl_typesupport_c/nav_msgs/srv/set_map__type_support.cpp.o[0m
[7.769s] [ 59%] [32m[1mLinking CXX shared library libnav_msgs__rosidl_typesupport_cpp.so[0m
[7.776s] [ 60%] [32mBuilding C object CMakeFiles/nav_msgs__rosidl_typesupport_introspection_c.dir/rosidl_typesupport_introspection_c/nav_msgs/msg/detail/grid_cells__type_support.c.o[0m
[7.790s] [ 61%] [32mBuilding C object CMakeFiles/nav_msgs__rosidl_typesupport_introspection_c.dir/rosidl_typesupport_introspection_c/nav_msgs/msg/detail/map_meta_data__type_support.c.o[0m
[7.790s] [ 62%] [32mBuilding C object CMakeFiles/nav_msgs__rosidl_typesupport_introspection_c.dir/rosidl_typesupport_introspection_c/nav_msgs/msg/detail/occupancy_grid__type_support.c.o[0m
[7.797s] [ 63%] [32m[1mLinking CXX shared library libnav_msgs__rosidl_typesupport_c.so[0m
[7.800s] [ 64%] [32mBuilding C object CMakeFiles/nav_msgs__rosidl_typesupport_introspection_c.dir/rosidl_typesupport_introspection_c/nav_msgs/msg/detail/odometry__type_support.c.o[0m
[7.809s] [ 65%] [32mBuilding C object CMakeFiles/nav_msgs__rosidl_typesupport_introspection_c.dir/rosidl_typesupport_introspection_c/nav_msgs/msg/detail/path__type_support.c.o[0m
[7.817s] [ 66%] [32mBuilding C object CMakeFiles/nav_msgs__rosidl_typesupport_introspection_c.dir/rosidl_typesupport_introspection_c/nav_msgs/srv/detail/get_map__type_support.c.o[0m
[7.826s] [ 67%] [32mBuilding CXX object CMakeFiles/nav_msgs__rosidl_typesupport_fastrtps_c.dir/rosidl_typesupport_fastrtps_c/nav_msgs/msg/detail/map_meta_data__type_support_c.cpp.o[0m
[7.827s] [ 68%] [32mBuilding C object CMakeFiles/nav_msgs__rosidl_typesupport_introspection_c.dir/rosidl_typesupport_introspection_c/nav_msgs/srv/detail/load_map__type_support.c.o[0m
[7.829s] [ 69%] [32mBuilding C object CMakeFiles/nav_msgs__rosidl_typesupport_introspection_c.dir/rosidl_typesupport_introspection_c/nav_msgs/srv/detail/set_map__type_support.c.o[0m
[7.831s] [ 70%] [32mBuilding C object CMakeFiles/nav_msgs__rosidl_typesupport_introspection_c.dir/rosidl_typesupport_introspection_c/nav_msgs/srv/detail/get_plan__type_support.c.o[0m
[7.838s] [ 70%] Built target nav_msgs__rosidl_typesupport_cpp
[7.848s] [ 71%] [32mBuilding CXX object CMakeFiles/nav_msgs__rosidl_typesupport_fastrtps_c.dir/rosidl_typesupport_fastrtps_c/nav_msgs/msg/detail/grid_cells__type_support_c.cpp.o[0m
[7.854s] [ 72%] [32mBuilding CXX object CMakeFiles/nav_msgs__rosidl_typesupport_fastrtps_c.dir/rosidl_typesupport_fastrtps_c/nav_msgs/msg/detail/occupancy_grid__type_support_c.cpp.o[0m
[7.874s] [ 72%] Built target nav_msgs__rosidl_typesupport_c
[7.892s] [ 73%] [32mBuilding CXX object CMakeFiles/nav_msgs__rosidl_typesupport_fastrtps_c.dir/rosidl_typesupport_fastrtps_c/nav_msgs/srv/detail/get_map__type_support_c.cpp.o[0m
[7.893s] [ 75%] [32mBuilding CXX object CMakeFiles/nav_msgs__rosidl_typesupport_fastrtps_c.dir/rosidl_typesupport_fastrtps_c/nav_msgs/msg/detail/odometry__type_support_c.cpp.o[0m
[7.895s] [ 76%] [32mBuilding CXX object CMakeFiles/nav_msgs__rosidl_typesupport_fastrtps_c.dir/rosidl_typesupport_fastrtps_c/nav_msgs/msg/detail/path__type_support_c.cpp.o[0m
[7.903s] [ 77%] [32mBuilding CXX object CMakeFiles/nav_msgs__rosidl_typesupport_fastrtps_c.dir/rosidl_typesupport_fastrtps_c/nav_msgs/srv/detail/get_plan__type_support_c.cpp.o[0m
[7.911s] [ 78%] [32m[1mLinking C shared library libnav_msgs__rosidl_typesupport_introspection_c.so[0m
[7.916s] [ 79%] [32mBuilding CXX object CMakeFiles/nav_msgs__rosidl_typesupport_fastrtps_c.dir/rosidl_typesupport_fastrtps_c/nav_msgs/srv/detail/set_map__type_support_c.cpp.o[0m
[7.916s] [ 80%] [32mBuilding CXX object CMakeFiles/nav_msgs__rosidl_typesupport_fastrtps_c.dir/rosidl_typesupport_fastrtps_c/nav_msgs/srv/detail/load_map__type_support_c.cpp.o[0m
[7.973s] [ 80%] Built target nav_msgs__rosidl_typesupport_introspection_c
[8.077s] [ 81%] [32m[1mLinking CXX shared library libnav_msgs__rosidl_typesupport_fastrtps_cpp.so[0m
[8.218s] [ 81%] Built target nav_msgs__rosidl_typesupport_fastrtps_cpp
[8.442s] [ 82%] [32m[1mLinking CXX shared library libnav_msgs__rosidl_typesupport_fastrtps_c.so[0m
[8.515s] [ 82%] Built target nav_msgs__rosidl_typesupport_fastrtps_c
[8.537s] [ 82%] Built target nav_msgs
[8.558s] [ 83%] [34m[1mGenerating Python code for ROS interfaces[0m
[13.574s] [ 83%] Built target nav_msgs__py
[13.915s] [ 84%] [32mBuilding C object CMakeFiles/nav_msgs__rosidl_generator_py.dir/rosidl_generator_py/nav_msgs/msg/_grid_cells_s.c.o[0m
[15.036s] [ 85%] [32mBuilding C object CMakeFiles/nav_msgs__rosidl_generator_py.dir/rosidl_generator_py/nav_msgs/srv/_set_map_s.c.o[0m
[15.618s] [ 86%] [32mBuilding C object CMakeFiles/nav_msgs__rosidl_generator_py.dir/rosidl_generator_py/nav_msgs/srv/_load_map_s.c.o[0m
[16.325s] [ 87%] [32mBuilding C object CMakeFiles/nav_msgs__rosidl_generator_py.dir/rosidl_generator_py/nav_msgs/srv/_get_plan_s.c.o[0m
[16.774s] [ 88%] [32mBuilding C object CMakeFiles/nav_msgs__rosidl_generator_py.dir/rosidl_generator_py/nav_msgs/srv/_get_map_s.c.o[0m
[17.217s] [ 89%] [32mBuilding C object CMakeFiles/nav_msgs__rosidl_generator_py.dir/rosidl_generator_py/nav_msgs/msg/_path_s.c.o[0m
[17.572s] [ 90%] [32mBuilding C object CMakeFiles/nav_msgs__rosidl_generator_py.dir/rosidl_generator_py/nav_msgs/msg/_odometry_s.c.o[0m
[18.020s] [ 91%] [32mBuilding C object CMakeFiles/nav_msgs__rosidl_generator_py.dir/rosidl_generator_py/nav_msgs/msg/_occupancy_grid_s.c.o[0m
[18.528s] [ 92%] [32mBuilding C object CMakeFiles/nav_msgs__rosidl_generator_py.dir/rosidl_generator_py/nav_msgs/msg/_map_meta_data_s.c.o[0m
[18.965s] [ 93%] [32m[1mLinking C shared library rosidl_generator_py/nav_msgs/libnav_msgs__rosidl_generator_py.so[0m
[19.125s] [ 93%] Built target nav_msgs__rosidl_generator_py
[19.295s] [ 94%] [32mBuilding C object CMakeFiles/nav_msgs__rosidl_typesupport_fastrtps_c__pyext.dir/rosidl_generator_py/nav_msgs/_nav_msgs_s.ep.rosidl_typesupport_fastrtps_c.c.o[0m
[19.670s] [ 95%] [32m[1mLinking C shared library rosidl_generator_py/nav_msgs/nav_msgs_s__rosidl_typesupport_fastrtps_c.cpython-310-x86_64-linux-gnu.so[0m
[19.923s] [ 95%] Built target nav_msgs__rosidl_typesupport_fastrtps_c__pyext
[20.094s] [ 96%] [32mBuilding C object CMakeFiles/nav_msgs__rosidl_typesupport_c__pyext.dir/rosidl_generator_py/nav_msgs/_nav_msgs_s.ep.rosidl_typesupport_c.c.o[0m
[20.317s] [ 97%] [32m[1mLinking C shared library rosidl_generator_py/nav_msgs/nav_msgs_s__rosidl_typesupport_c.cpython-310-x86_64-linux-gnu.so[0m
[20.472s] [ 97%] Built target nav_msgs__rosidl_typesupport_c__pyext
[20.619s] [ 98%] [32mBuilding C object CMakeFiles/nav_msgs__rosidl_typesupport_introspection_c__pyext.dir/rosidl_generator_py/nav_msgs/_nav_msgs_s.ep.rosidl_typesupport_introspection_c.c.o[0m
[20.885s] [100%] [32m[1mLinking C shared library rosidl_generator_py/nav_msgs/nav_msgs_s__rosidl_typesupport_introspection_c.cpython-310-x86_64-linux-gnu.so[0m
[21.024s] [100%] Built target nav_msgs__rosidl_typesupport_introspection_c__pyext
[21.047s] Invoked command in '/home/hiromichi/rost2/build/nav_msgs' returned '0': AMENT_PREFIX_PATH=/home/hiromichi/rost2/install/geometry_msgs:/home/hiromichi/rost2/install/std_msgs:/home/hiromichi/rost2/install/builtin_interfaces:/home/hiromichi/rost2/install/rosidl_default_runtime:/home/hiromichi/rost2/install/rosidl_default_generators:/home/hiromichi/rost2/install/rosidl_generator_rs:/home/hiromichi/rost2/install/rosidl_runtime_rs:${AMENT_PREFIX_PATH} CMAKE_PREFIX_PATH=/home/hiromichi/rost2/install/geometry_msgs:/home/hiromichi/rost2/install/std_msgs:/home/hiromichi/rost2/install/builtin_interfaces:/home/hiromichi/rost2/install/rosidl_default_runtime:/home/hiromichi/rost2/install/rosidl_default_generators:/home/hiromichi/rost2/install/rosidl_generator_rs:/opt/ros/humble LD_LIBRARY_PATH=/home/hiromichi/rost2/install/geometry_msgs/lib:/home/hiromichi/rost2/install/std_msgs/lib:/home/hiromichi/rost2/install/builtin_interfaces/lib:${LD_LIBRARY_PATH} PYTHONPATH=/home/hiromichi/rost2/install/geometry_msgs/local/lib/python3.10/dist-packages:/home/hiromichi/rost2/install/std_msgs/local/lib/python3.10/dist-packages:/home/hiromichi/rost2/install/builtin_interfaces/local/lib/python3.10/dist-packages:/home/hiromichi/rost2/install/rosidl_generator_rs/local/lib/python3.10/dist-packages:${PYTHONPATH} /usr/bin/cmake --build /home/hiromichi/rost2/build/nav_msgs -- -j20 -l20
[21.393s] Invoking command in '/home/hiromichi/rost2/build/nav_msgs': AMENT_PREFIX_PATH=/home/hiromichi/rost2/install/geometry_msgs:/home/hiromichi/rost2/install/std_msgs:/home/hiromichi/rost2/install/builtin_interfaces:/home/hiromichi/rost2/install/rosidl_default_runtime:/home/hiromichi/rost2/install/rosidl_default_generators:/home/hiromichi/rost2/install/rosidl_generator_rs:/home/hiromichi/rost2/install/rosidl_runtime_rs:${AMENT_PREFIX_PATH} CMAKE_PREFIX_PATH=/home/hiromichi/rost2/install/geometry_msgs:/home/hiromichi/rost2/install/std_msgs:/home/hiromichi/rost2/install/builtin_interfaces:/home/hiromichi/rost2/install/rosidl_default_runtime:/home/hiromichi/rost2/install/rosidl_default_generators:/home/hiromichi/rost2/install/rosidl_generator_rs:/opt/ros/humble LD_LIBRARY_PATH=/home/hiromichi/rost2/install/geometry_msgs/lib:/home/hiromichi/rost2/install/std_msgs/lib:/home/hiromichi/rost2/install/builtin_interfaces/lib:${LD_LIBRARY_PATH} PYTHONPATH=/home/hiromichi/rost2/install/geometry_msgs/local/lib/python3.10/dist-packages:/home/hiromichi/rost2/install/std_msgs/local/lib/python3.10/dist-packages:/home/hiromichi/rost2/install/builtin_interfaces/local/lib/python3.10/dist-packages:/home/hiromichi/rost2/install/rosidl_generator_rs/local/lib/python3.10/dist-packages:${PYTHONPATH} /usr/bin/cmake --install /home/hiromichi/rost2/build/nav_msgs
[21.407s] -- Install configuration: ""
[21.410s] -- Installing: /home/hiromichi/rost2/install/nav_msgs/share/ament_index/resource_index/rosidl_interfaces/nav_msgs
[21.417s] -- Installing: /home/hiromichi/rost2/install/nav_msgs/include/nav_msgs/nav_msgs
[21.417s] -- Installing: /home/hiromichi/rost2/install/nav_msgs/include/nav_msgs/nav_msgs/srv
[21.417s] -- Installing: /home/hiromichi/rost2/install/nav_msgs/include/nav_msgs/nav_msgs/srv/get_map.h
[21.418s] -- Installing: /home/hiromichi/rost2/install/nav_msgs/include/nav_msgs/nav_msgs/srv/get_plan.h
[21.419s] -- Installing: /home/hiromichi/rost2/install/nav_msgs/include/nav_msgs/nav_msgs/srv/load_map.h
[21.419s] -- Installing: /home/hiromichi/rost2/install/nav_msgs/include/nav_msgs/nav_msgs/srv/set_map.h
[21.419s] -- Installing: /home/hiromichi/rost2/install/nav_msgs/include/nav_msgs/nav_msgs/srv/detail
[21.420s] -- Installing: /home/hiromichi/rost2/install/nav_msgs/include/nav_msgs/nav_msgs/srv/detail/load_map__functions.c
[21.420s] -- Installing: /home/hiromichi/rost2/install/nav_msgs/include/nav_msgs/nav_msgs/srv/detail/get_plan__struct.h
[21.420s] -- Installing: /home/hiromichi/rost2/install/nav_msgs/include/nav_msgs/nav_msgs/srv/detail/load_map__struct.h
[21.420s] -- Installing: /home/hiromichi/rost2/install/nav_msgs/include/nav_msgs/nav_msgs/srv/detail/get_map__functions.h
[21.420s] -- Installing: /home/hiromichi/rost2/install/nav_msgs/include/nav_msgs/nav_msgs/srv/detail/get_plan__functions.c
[21.421s] -- Installing: /home/hiromichi/rost2/install/nav_msgs/include/nav_msgs/nav_msgs/srv/detail/get_map__functions.c
[21.423s] -- Installing: /home/hiromichi/rost2/install/nav_msgs/include/nav_msgs/nav_msgs/srv/detail/load_map__functions.h
[21.423s] -- Installing: /home/hiromichi/rost2/install/nav_msgs/include/nav_msgs/nav_msgs/srv/detail/get_plan__type_support.h
[21.423s] -- Installing: /home/hiromichi/rost2/install/nav_msgs/include/nav_msgs/nav_msgs/srv/detail/load_map__type_support.h
[21.423s] -- Installing: /home/hiromichi/rost2/install/nav_msgs/include/nav_msgs/nav_msgs/srv/detail/get_map__struct.h
[21.423s] -- Installing: /home/hiromichi/rost2/install/nav_msgs/include/nav_msgs/nav_msgs/srv/detail/set_map__functions.c
[21.423s] -- Installing: /home/hiromichi/rost2/install/nav_msgs/include/nav_msgs/nav_msgs/srv/detail/set_map__functions.h
[21.424s] -- Installing: /home/hiromichi/rost2/install/nav_msgs/include/nav_msgs/nav_msgs/srv/detail/get_map__type_support.h
[21.424s] -- Installing: /home/hiromichi/rost2/install/nav_msgs/include/nav_msgs/nav_msgs/srv/detail/set_map__struct.h
[21.424s] -- Installing: /home/hiromichi/rost2/install/nav_msgs/include/nav_msgs/nav_msgs/srv/detail/set_map__type_support.h
[21.424s] -- Installing: /home/hiromichi/rost2/install/nav_msgs/include/nav_msgs/nav_msgs/srv/detail/get_plan__functions.h
[21.425s] -- Installing: /home/hiromichi/rost2/install/nav_msgs/include/nav_msgs/nav_msgs/msg
[21.425s] -- Installing: /home/hiromichi/rost2/install/nav_msgs/include/nav_msgs/nav_msgs/msg/occupancy_grid.h
[21.425s] -- Installing: /home/hiromichi/rost2/install/nav_msgs/include/nav_msgs/nav_msgs/msg/odometry.h
[21.425s] -- Installing: /home/hiromichi/rost2/install/nav_msgs/include/nav_msgs/nav_msgs/msg/map_meta_data.h
[21.427s] -- Installing: /home/hiromichi/rost2/install/nav_msgs/include/nav_msgs/nav_msgs/msg/path.h
[21.428s] -- Installing: /home/hiromichi/rost2/install/nav_msgs/include/nav_msgs/nav_msgs/msg/rosidl_generator_c__visibility_control.h
[21.428s] -- Installing: /home/hiromichi/rost2/install/nav_msgs/include/nav_msgs/nav_msgs/msg/detail
[21.429s] -- Installing: /home/hiromichi/rost2/install/nav_msgs/include/nav_msgs/nav_msgs/msg/detail/map_meta_data__functions.c
[21.429s] -- Installing: /home/hiromichi/rost2/install/nav_msgs/include/nav_msgs/nav_msgs/msg/detail/path__struct.h
[21.430s] -- Installing: /home/hiromichi/rost2/install/nav_msgs/include/nav_msgs/nav_msgs/msg/detail/map_meta_data__functions.h
[21.430s] -- Installing: /home/hiromichi/rost2/install/nav_msgs/include/nav_msgs/nav_msgs/msg/detail/map_meta_data__type_support.h
[21.430s] -- Installing: /home/hiromichi/rost2/install/nav_msgs/include/nav_msgs/nav_msgs/msg/detail/odometry__functions.c
[21.432s] -- Installing: /home/hiromichi/rost2/install/nav_msgs/include/nav_msgs/nav_msgs/msg/detail/occupancy_grid__functions.c
[21.433s] -- Installing: /home/hiromichi/rost2/install/nav_msgs/include/nav_msgs/nav_msgs/msg/detail/map_meta_data__struct.h
[21.434s] -- Installing: /home/hiromichi/rost2/install/nav_msgs/include/nav_msgs/nav_msgs/msg/detail/grid_cells__type_support.h
[21.434s] -- Installing: /home/hiromichi/rost2/install/nav_msgs/include/nav_msgs/nav_msgs/msg/detail/odometry__struct.h
[21.434s] -- Installing: /home/hiromichi/rost2/install/nav_msgs/include/nav_msgs/nav_msgs/msg/detail/occupancy_grid__functions.h
[21.435s] -- Installing: /home/hiromichi/rost2/install/nav_msgs/include/nav_msgs/nav_msgs/msg/detail/grid_cells__struct.h
[21.435s] -- Installing: /home/hiromichi/rost2/install/nav_msgs/include/nav_msgs/nav_msgs/msg/detail/path__functions.c
[21.437s] -- Installing: /home/hiromichi/rost2/install/nav_msgs/include/nav_msgs/nav_msgs/msg/detail/grid_cells__functions.c
[21.438s] -- Installing: /home/hiromichi/rost2/install/nav_msgs/include/nav_msgs/nav_msgs/msg/detail/occupancy_grid__type_support.h
[21.438s] -- Installing: /home/hiromichi/rost2/install/nav_msgs/include/nav_msgs/nav_msgs/msg/detail/odometry__type_support.h
[21.438s] -- Installing: /home/hiromichi/rost2/install/nav_msgs/include/nav_msgs/nav_msgs/msg/detail/path__type_support.h
[21.438s] -- Installing: /home/hiromichi/rost2/install/nav_msgs/include/nav_msgs/nav_msgs/msg/detail/grid_cells__functions.h
[21.438s] -- Installing: /home/hiromichi/rost2/install/nav_msgs/include/nav_msgs/nav_msgs/msg/detail/odometry__functions.h
[21.438s] -- Installing: /home/hiromichi/rost2/install/nav_msgs/include/nav_msgs/nav_msgs/msg/detail/path__functions.h
[21.438s] -- Installing: /home/hiromichi/rost2/install/nav_msgs/include/nav_msgs/nav_msgs/msg/detail/occupancy_grid__struct.h
[21.439s] -- Installing: /home/hiromichi/rost2/install/nav_msgs/include/nav_msgs/nav_msgs/msg/grid_cells.h
[21.439s] -- Installing: /home/hiromichi/rost2/install/nav_msgs/share/nav_msgs/environment/library_path.sh
[21.440s] -- Installing: /home/hiromichi/rost2/install/nav_msgs/share/nav_msgs/environment/library_path.dsv
[21.445s] -- Installing: /home/hiromichi/rost2/install/nav_msgs/lib/libnav_msgs__rosidl_generator_c.so
[21.446s] -- Set runtime path of "/home/hiromichi/rost2/install/nav_msgs/lib/libnav_msgs__rosidl_generator_c.so" to ""
[21.447s] -- Up-to-date: /home/hiromichi/rost2/install/nav_msgs/include/nav_msgs/nav_msgs
[21.447s] -- Up-to-date: /home/hiromichi/rost2/install/nav_msgs/include/nav_msgs/nav_msgs/srv
[21.447s] -- Up-to-date: /home/hiromichi/rost2/install/nav_msgs/include/nav_msgs/nav_msgs/srv/detail
[21.447s] -- Installing: /home/hiromichi/rost2/install/nav_msgs/include/nav_msgs/nav_msgs/srv/detail/load_map__rosidl_typesupport_fastrtps_c.h
[21.448s] -- Installing: /home/hiromichi/rost2/install/nav_msgs/include/nav_msgs/nav_msgs/srv/detail/get_plan__rosidl_typesupport_fastrtps_c.h
[21.450s] -- Installing: /home/hiromichi/rost2/install/nav_msgs/include/nav_msgs/nav_msgs/srv/detail/set_map__rosidl_typesupport_fastrtps_c.h
[21.451s] -- Installing: /home/hiromichi/rost2/install/nav_msgs/include/nav_msgs/nav_msgs/srv/detail/get_map__rosidl_typesupport_fastrtps_c.h
[21.452s] -- Up-to-date: /home/hiromichi/rost2/install/nav_msgs/include/nav_msgs/nav_msgs/msg
[21.452s] -- Installing: /home/hiromichi/rost2/install/nav_msgs/include/nav_msgs/nav_msgs/msg/rosidl_typesupport_fastrtps_c__visibility_control.h
[21.453s] -- Up-to-date: /home/hiromichi/rost2/install/nav_msgs/include/nav_msgs/nav_msgs/msg/detail
[21.453s] -- Installing: /home/hiromichi/rost2/install/nav_msgs/include/nav_msgs/nav_msgs/msg/detail/map_meta_data__rosidl_typesupport_fastrtps_c.h
[21.454s] -- Installing: /home/hiromichi/rost2/install/nav_msgs/include/nav_msgs/nav_msgs/msg/detail/odometry__rosidl_typesupport_fastrtps_c.h
[21.454s] -- Installing: /home/hiromichi/rost2/install/nav_msgs/include/nav_msgs/nav_msgs/msg/detail/occupancy_grid__rosidl_typesupport_fastrtps_c.h
[21.457s] -- Installing: /home/hiromichi/rost2/install/nav_msgs/include/nav_msgs/nav_msgs/msg/detail/grid_cells__rosidl_typesupport_fastrtps_c.h
[21.458s] -- Installing: /home/hiromichi/rost2/install/nav_msgs/include/nav_msgs/nav_msgs/msg/detail/path__rosidl_typesupport_fastrtps_c.h
[21.459s] -- Installing: /home/hiromichi/rost2/install/nav_msgs/lib/libnav_msgs__rosidl_typesupport_fastrtps_c.so
[21.461s] -- Set runtime path of "/home/hiromichi/rost2/install/nav_msgs/lib/libnav_msgs__rosidl_typesupport_fastrtps_c.so" to ""
[21.461s] -- Up-to-date: /home/hiromichi/rost2/install/nav_msgs/include/nav_msgs/nav_msgs
[21.462s] -- Up-to-date: /home/hiromichi/rost2/install/nav_msgs/include/nav_msgs/nav_msgs/srv
[21.462s] -- Installing: /home/hiromichi/rost2/install/nav_msgs/include/nav_msgs/nav_msgs/srv/get_map.hpp
[21.464s] -- Installing: /home/hiromichi/rost2/install/nav_msgs/include/nav_msgs/nav_msgs/srv/set_map.hpp
[21.464s] -- Installing: /home/hiromichi/rost2/install/nav_msgs/include/nav_msgs/nav_msgs/srv/load_map.hpp
[21.465s] -- Installing: /home/hiromichi/rost2/install/nav_msgs/include/nav_msgs/nav_msgs/srv/get_plan.hpp
[21.466s] -- Up-to-date: /home/hiromichi/rost2/install/nav_msgs/include/nav_msgs/nav_msgs/srv/detail
[21.466s] -- Installing: /home/hiromichi/rost2/install/nav_msgs/include/nav_msgs/nav_msgs/srv/detail/set_map__traits.hpp
[21.466s] -- Installing: /home/hiromichi/rost2/install/nav_msgs/include/nav_msgs/nav_msgs/srv/detail/get_plan__traits.hpp
[21.470s] -- Installing: /home/hiromichi/rost2/install/nav_msgs/include/nav_msgs/nav_msgs/srv/detail/get_plan__struct.hpp
[21.471s] -- Installing: /home/hiromichi/rost2/install/nav_msgs/include/nav_msgs/nav_msgs/srv/detail/set_map__builder.hpp
[21.472s] -- Installing: /home/hiromichi/rost2/install/nav_msgs/include/nav_msgs/nav_msgs/srv/detail/get_map__builder.hpp
[21.475s] -- Installing: /home/hiromichi/rost2/install/nav_msgs/include/nav_msgs/nav_msgs/srv/detail/get_map__struct.hpp
[21.475s] -- Installing: /home/hiromichi/rost2/install/nav_msgs/include/nav_msgs/nav_msgs/srv/detail/load_map__builder.hpp
[21.476s] -- Installing: /home/hiromichi/rost2/install/nav_msgs/include/nav_msgs/nav_msgs/srv/detail/load_map__struct.hpp
[21.477s] -- Installing: /home/hiromichi/rost2/install/nav_msgs/include/nav_msgs/nav_msgs/srv/detail/get_map__traits.hpp
[21.478s] -- Installing: /home/hiromichi/rost2/install/nav_msgs/include/nav_msgs/nav_msgs/srv/detail/load_map__traits.hpp
[21.480s] -- Installing: /home/hiromichi/rost2/install/nav_msgs/include/nav_msgs/nav_msgs/srv/detail/get_plan__builder.hpp
[21.481s] -- Installing: /home/hiromichi/rost2/install/nav_msgs/include/nav_msgs/nav_msgs/srv/detail/set_map__struct.hpp
[21.482s] -- Up-to-date: /home/hiromichi/rost2/install/nav_msgs/include/nav_msgs/nav_msgs/msg
[21.482s] -- Installing: /home/hiromichi/rost2/install/nav_msgs/include/nav_msgs/nav_msgs/msg/occupancy_grid.hpp
[21.485s] -- Installing: /home/hiromichi/rost2/install/nav_msgs/include/nav_msgs/nav_msgs/msg/map_meta_data.hpp
[21.487s] -- Installing: /home/hiromichi/rost2/install/nav_msgs/include/nav_msgs/nav_msgs/msg/grid_cells.hpp
[21.487s] -- Installing: /home/hiromichi/rost2/install/nav_msgs/include/nav_msgs/nav_msgs/msg/odometry.hpp
[21.488s] -- Up-to-date: /home/hiromichi/rost2/install/nav_msgs/include/nav_msgs/nav_msgs/msg/detail
[21.489s] -- Installing: /home/hiromichi/rost2/install/nav_msgs/include/nav_msgs/nav_msgs/msg/detail/path__struct.hpp
[21.489s] -- Installing: /home/hiromichi/rost2/install/nav_msgs/include/nav_msgs/nav_msgs/msg/detail/odometry__struct.hpp
[21.489s] -- Installing: /home/hiromichi/rost2/install/nav_msgs/include/nav_msgs/nav_msgs/msg/detail/map_meta_data__builder.hpp
[21.490s] -- Installing: /home/hiromichi/rost2/install/nav_msgs/include/nav_msgs/nav_msgs/msg/detail/path__builder.hpp
[21.491s] -- Installing: /home/hiromichi/rost2/install/nav_msgs/include/nav_msgs/nav_msgs/msg/detail/odometry__traits.hpp
[21.492s] -- Installing: /home/hiromichi/rost2/install/nav_msgs/include/nav_msgs/nav_msgs/msg/detail/path__traits.hpp
[21.493s] -- Installing: /home/hiromichi/rost2/install/nav_msgs/include/nav_msgs/nav_msgs/msg/detail/occupancy_grid__struct.hpp
[21.494s] -- Installing: /home/hiromichi/rost2/install/nav_msgs/include/nav_msgs/nav_msgs/msg/detail/occupancy_grid__builder.hpp
[21.494s] -- Installing: /home/hiromichi/rost2/install/nav_msgs/include/nav_msgs/nav_msgs/msg/detail/grid_cells__traits.hpp
[21.496s] -- Installing: /home/hiromichi/rost2/install/nav_msgs/include/nav_msgs/nav_msgs/msg/detail/map_meta_data__traits.hpp
[21.496s] -- Installing: /home/hiromichi/rost2/install/nav_msgs/include/nav_msgs/nav_msgs/msg/detail/grid_cells__builder.hpp
[21.499s] -- Installing: /home/hiromichi/rost2/install/nav_msgs/include/nav_msgs/nav_msgs/msg/detail/grid_cells__struct.hpp
[21.499s] -- Installing: /home/hiromichi/rost2/install/nav_msgs/include/nav_msgs/nav_msgs/msg/detail/map_meta_data__struct.hpp
[21.499s] -- Installing: /home/hiromichi/rost2/install/nav_msgs/include/nav_msgs/nav_msgs/msg/detail/odometry__builder.hpp
[21.499s] -- Installing: /home/hiromichi/rost2/install/nav_msgs/include/nav_msgs/nav_msgs/msg/detail/occupancy_grid__traits.hpp
[21.500s] -- Installing: /home/hiromichi/rost2/install/nav_msgs/include/nav_msgs/nav_msgs/msg/path.hpp
[21.501s] -- Up-to-date: /home/hiromichi/rost2/install/nav_msgs/include/nav_msgs/nav_msgs
[21.501s] -- Up-to-date: /home/hiromichi/rost2/install/nav_msgs/include/nav_msgs/nav_msgs/srv
[21.501s] -- Up-to-date: /home/hiromichi/rost2/install/nav_msgs/include/nav_msgs/nav_msgs/srv/detail
[21.501s] -- Installing: /home/hiromichi/rost2/install/nav_msgs/include/nav_msgs/nav_msgs/srv/detail/get_plan__rosidl_typesupport_fastrtps_cpp.hpp
[21.506s] -- Installing: /home/hiromichi/rost2/install/nav_msgs/include/nav_msgs/nav_msgs/srv/detail/get_map__rosidl_typesupport_fastrtps_cpp.hpp
[21.507s] -- Installing: /home/hiromichi/rost2/install/nav_msgs/include/nav_msgs/nav_msgs/srv/detail/dds_fastrtps
[21.507s] -- Installing: /home/hiromichi/rost2/install/nav_msgs/include/nav_msgs/nav_msgs/srv/detail/load_map__rosidl_typesupport_fastrtps_cpp.hpp
[21.508s] -- Installing: /home/hiromichi/rost2/install/nav_msgs/include/nav_msgs/nav_msgs/srv/detail/set_map__rosidl_typesupport_fastrtps_cpp.hpp
[21.508s] -- Up-to-date: /home/hiromichi/rost2/install/nav_msgs/include/nav_msgs/nav_msgs/msg
[21.508s] -- Installing: /home/hiromichi/rost2/install/nav_msgs/include/nav_msgs/nav_msgs/msg/rosidl_typesupport_fastrtps_cpp__visibility_control.h
[21.509s] -- Up-to-date: /home/hiromichi/rost2/install/nav_msgs/include/nav_msgs/nav_msgs/msg/detail
[21.509s] -- Installing: /home/hiromichi/rost2/install/nav_msgs/include/nav_msgs/nav_msgs/msg/detail/odometry__rosidl_typesupport_fastrtps_cpp.hpp
[21.511s] -- Installing: /home/hiromichi/rost2/install/nav_msgs/include/nav_msgs/nav_msgs/msg/detail/path__rosidl_typesupport_fastrtps_cpp.hpp
[21.516s] -- Installing: /home/hiromichi/rost2/install/nav_msgs/include/nav_msgs/nav_msgs/msg/detail/occupancy_grid__rosidl_typesupport_fastrtps_cpp.hpp
[21.521s] -- Installing: /home/hiromichi/rost2/install/nav_msgs/include/nav_msgs/nav_msgs/msg/detail/dds_fastrtps
[21.522s] -- Installing: /home/hiromichi/rost2/install/nav_msgs/include/nav_msgs/nav_msgs/msg/detail/grid_cells__rosidl_typesupport_fastrtps_cpp.hpp
[21.523s] -- Installing: /home/hiromichi/rost2/install/nav_msgs/include/nav_msgs/nav_msgs/msg/detail/map_meta_data__rosidl_typesupport_fastrtps_cpp.hpp
[21.524s] -- Installing: /home/hiromichi/rost2/install/nav_msgs/lib/libnav_msgs__rosidl_typesupport_fastrtps_cpp.so
[21.528s] -- Set runtime path of "/home/hiromichi/rost2/install/nav_msgs/lib/libnav_msgs__rosidl_typesupport_fastrtps_cpp.so" to ""
[21.528s] -- Up-to-date: /home/hiromichi/rost2/install/nav_msgs/include/nav_msgs/nav_msgs
[21.528s] -- Up-to-date: /home/hiromichi/rost2/install/nav_msgs/include/nav_msgs/nav_msgs/srv
[21.528s] -- Up-to-date: /home/hiromichi/rost2/install/nav_msgs/include/nav_msgs/nav_msgs/srv/detail
[21.529s] -- Installing: /home/hiromichi/rost2/install/nav_msgs/include/nav_msgs/nav_msgs/srv/detail/set_map__rosidl_typesupport_introspection_c.h
[21.530s] -- Installing: /home/hiromichi/rost2/install/nav_msgs/include/nav_msgs/nav_msgs/srv/detail/get_plan__rosidl_typesupport_introspection_c.h
[21.531s] -- Installing: /home/hiromichi/rost2/install/nav_msgs/include/nav_msgs/nav_msgs/srv/detail/get_map__type_support.c
[21.532s] -- Installing: /home/hiromichi/rost2/install/nav_msgs/include/nav_msgs/nav_msgs/srv/detail/get_map__rosidl_typesupport_introspection_c.h
[21.533s] -- Installing: /home/hiromichi/rost2/install/nav_msgs/include/nav_msgs/nav_msgs/srv/detail/get_plan__type_support.c
[21.534s] -- Installing: /home/hiromichi/rost2/install/nav_msgs/include/nav_msgs/nav_msgs/srv/detail/set_map__type_support.c
[21.535s] -- Installing: /home/hiromichi/rost2/install/nav_msgs/include/nav_msgs/nav_msgs/srv/detail/load_map__type_support.c
[21.537s] -- Installing: /home/hiromichi/rost2/install/nav_msgs/include/nav_msgs/nav_msgs/srv/detail/load_map__rosidl_typesupport_introspection_c.h
[21.538s] -- Up-to-date: /home/hiromichi/rost2/install/nav_msgs/include/nav_msgs/nav_msgs/msg
[21.539s] -- Installing: /home/hiromichi/rost2/install/nav_msgs/include/nav_msgs/nav_msgs/msg/rosidl_typesupport_introspection_c__visibility_control.h
[21.539s] -- Up-to-date: /home/hiromichi/rost2/install/nav_msgs/include/nav_msgs/nav_msgs/msg/detail
[21.539s] -- Installing: /home/hiromichi/rost2/install/nav_msgs/include/nav_msgs/nav_msgs/msg/detail/odometry__type_support.c
[21.540s] -- Installing: /home/hiromichi/rost2/install/nav_msgs/include/nav_msgs/nav_msgs/msg/detail/occupancy_grid__type_support.c
[21.541s] -- Installing: /home/hiromichi/rost2/install/nav_msgs/include/nav_msgs/nav_msgs/msg/detail/map_meta_data__rosidl_typesupport_introspection_c.h
[21.541s] -- Installing: /home/hiromichi/rost2/install/nav_msgs/include/nav_msgs/nav_msgs/msg/detail/grid_cells__type_support.c
[21.543s] -- Installing: /home/hiromichi/rost2/install/nav_msgs/include/nav_msgs/nav_msgs/msg/detail/grid_cells__rosidl_typesupport_introspection_c.h
[21.544s] -- Installing: /home/hiromichi/rost2/install/nav_msgs/include/nav_msgs/nav_msgs/msg/detail/map_meta_data__type_support.c
[21.545s] -- Installing: /home/hiromichi/rost2/install/nav_msgs/include/nav_msgs/nav_msgs/msg/detail/path__type_support.c
[21.547s] -- Installing: /home/hiromichi/rost2/install/nav_msgs/include/nav_msgs/nav_msgs/msg/detail/occupancy_grid__rosidl_typesupport_introspection_c.h
[21.547s] -- Installing: /home/hiromichi/rost2/install/nav_msgs/include/nav_msgs/nav_msgs/msg/detail/path__rosidl_typesupport_introspection_c.h
[21.547s] -- Installing: /home/hiromichi/rost2/install/nav_msgs/include/nav_msgs/nav_msgs/msg/detail/odometry__rosidl_typesupport_introspection_c.h
[21.553s] -- Installing: /home/hiromichi/rost2/install/nav_msgs/lib/libnav_msgs__rosidl_typesupport_introspection_c.so
[21.554s] -- Set runtime path of "/home/hiromichi/rost2/install/nav_msgs/lib/libnav_msgs__rosidl_typesupport_introspection_c.so" to ""
[21.555s] -- Installing: /home/hiromichi/rost2/install/nav_msgs/lib/libnav_msgs__rosidl_typesupport_c.so
[21.556s] -- Set runtime path of "/home/hiromichi/rost2/install/nav_msgs/lib/libnav_msgs__rosidl_typesupport_c.so" to ""
[21.556s] -- Up-to-date: /home/hiromichi/rost2/install/nav_msgs/include/nav_msgs/nav_msgs
[21.556s] -- Up-to-date: /home/hiromichi/rost2/install/nav_msgs/include/nav_msgs/nav_msgs/srv
[21.556s] -- Up-to-date: /home/hiromichi/rost2/install/nav_msgs/include/nav_msgs/nav_msgs/srv/detail
[21.556s] -- Installing: /home/hiromichi/rost2/install/nav_msgs/include/nav_msgs/nav_msgs/srv/detail/get_plan__rosidl_typesupport_introspection_cpp.hpp
[21.556s] -- Installing: /home/hiromichi/rost2/install/nav_msgs/include/nav_msgs/nav_msgs/srv/detail/get_map__type_support.cpp
[21.557s] -- Installing: /home/hiromichi/rost2/install/nav_msgs/include/nav_msgs/nav_msgs/srv/detail/get_plan__type_support.cpp
[21.558s] -- Installing: /home/hiromichi/rost2/install/nav_msgs/include/nav_msgs/nav_msgs/srv/detail/set_map__type_support.cpp
[21.559s] -- Installing: /home/hiromichi/rost2/install/nav_msgs/include/nav_msgs/nav_msgs/srv/detail/load_map__rosidl_typesupport_introspection_cpp.hpp
[21.560s] -- Installing: /home/hiromichi/rost2/install/nav_msgs/include/nav_msgs/nav_msgs/srv/detail/set_map__rosidl_typesupport_introspection_cpp.hpp
[21.560s] -- Installing: /home/hiromichi/rost2/install/nav_msgs/include/nav_msgs/nav_msgs/srv/detail/get_map__rosidl_typesupport_introspection_cpp.hpp
[21.561s] -- Installing: /home/hiromichi/rost2/install/nav_msgs/include/nav_msgs/nav_msgs/srv/detail/load_map__type_support.cpp
[21.562s] -- Up-to-date: /home/hiromichi/rost2/install/nav_msgs/include/nav_msgs/nav_msgs/msg
[21.562s] -- Up-to-date: /home/hiromichi/rost2/install/nav_msgs/include/nav_msgs/nav_msgs/msg/detail
[21.563s] -- Installing: /home/hiromichi/rost2/install/nav_msgs/include/nav_msgs/nav_msgs/msg/detail/map_meta_data__rosidl_typesupport_introspection_cpp.hpp
[21.563s] -- Installing: /home/hiromichi/rost2/install/nav_msgs/include/nav_msgs/nav_msgs/msg/detail/occupancy_grid__type_support.cpp
[21.564s] -- Installing: /home/hiromichi/rost2/install/nav_msgs/include/nav_msgs/nav_msgs/msg/detail/occupancy_grid__rosidl_typesupport_introspection_cpp.hpp
[21.565s] -- Installing: /home/hiromichi/rost2/install/nav_msgs/include/nav_msgs/nav_msgs/msg/detail/grid_cells__rosidl_typesupport_introspection_cpp.hpp
[21.566s] -- Installing: /home/hiromichi/rost2/install/nav_msgs/include/nav_msgs/nav_msgs/msg/detail/path__rosidl_typesupport_introspection_cpp.hpp
[21.567s] -- Installing: /home/hiromichi/rost2/install/nav_msgs/include/nav_msgs/nav_msgs/msg/detail/grid_cells__type_support.cpp
[21.568s] -- Installing: /home/hiromichi/rost2/install/nav_msgs/include/nav_msgs/nav_msgs/msg/detail/odometry__rosidl_typesupport_introspection_cpp.hpp
[21.574s] -- Installing: /home/hiromichi/rost2/install/nav_msgs/include/nav_msgs/nav_msgs/msg/detail/path__type_support.cpp
[21.577s] -- Installing: /home/hiromichi/rost2/install/nav_msgs/include/nav_msgs/nav_msgs/msg/detail/map_meta_data__type_support.cpp
[21.578s] -- Installing: /home/hiromichi/rost2/install/nav_msgs/include/nav_msgs/nav_msgs/msg/detail/odometry__type_support.cpp
[21.581s] -- Installing: /home/hiromichi/rost2/install/nav_msgs/lib/libnav_msgs__rosidl_typesupport_introspection_cpp.so
[21.593s] -- Set runtime path of "/home/hiromichi/rost2/install/nav_msgs/lib/libnav_msgs__rosidl_typesupport_introspection_cpp.so" to ""
[21.593s] -- Installing: /home/hiromichi/rost2/install/nav_msgs/lib/libnav_msgs__rosidl_typesupport_cpp.so
[21.594s] -- Set runtime path of "/home/hiromichi/rost2/install/nav_msgs/lib/libnav_msgs__rosidl_typesupport_cpp.so" to ""
[21.595s] -- Installing: /home/hiromichi/rost2/install/nav_msgs/share/ament_index/resource_index/rust_packages/nav_msgs
[21.595s] -- Installing: /home/hiromichi/rost2/install/nav_msgs/share/nav_msgs/rust
[21.595s] -- Installing: /home/hiromichi/rost2/install/nav_msgs/share/nav_msgs/rust/src
[21.595s] -- Installing: /home/hiromichi/rost2/install/nav_msgs/share/nav_msgs/rust/src/msg.rs
[21.597s] -- Installing: /home/hiromichi/rost2/install/nav_msgs/share/nav_msgs/rust/src/srv.rs
[21.603s] -- Installing: /home/hiromichi/rost2/install/nav_msgs/share/nav_msgs/rust/src/lib.rs
[21.606s] -- Installing: /home/hiromichi/rost2/install/nav_msgs/share/nav_msgs/rust/Cargo.toml
[21.607s] -- Installing: /home/hiromichi/rost2/install/nav_msgs/share/nav_msgs/rust/build.rs
[21.607s] -- Installing: /home/hiromichi/rost2/install/nav_msgs/share/nav_msgs/environment/pythonpath.sh
[21.608s] -- Installing: /home/hiromichi/rost2/install/nav_msgs/share/nav_msgs/environment/pythonpath.dsv
[21.609s] -- Installing: /home/hiromichi/rost2/install/nav_msgs/local/lib/python3.10/dist-packages/nav_msgs-4.2.4-py3.10.egg-info
[21.609s] -- Installing: /home/hiromichi/rost2/install/nav_msgs/local/lib/python3.10/dist-packages/nav_msgs-4.2.4-py3.10.egg-info/top_level.txt
[21.611s] -- Installing: /home/hiromichi/rost2/install/nav_msgs/local/lib/python3.10/dist-packages/nav_msgs-4.2.4-py3.10.egg-info/dependency_links.txt
[21.612s] -- Installing: /home/hiromichi/rost2/install/nav_msgs/local/lib/python3.10/dist-packages/nav_msgs-4.2.4-py3.10.egg-info/SOURCES.txt
[21.612s] -- Installing: /home/hiromichi/rost2/install/nav_msgs/local/lib/python3.10/dist-packages/nav_msgs-4.2.4-py3.10.egg-info/PKG-INFO
[21.613s] -- Installing: /home/hiromichi/rost2/install/nav_msgs/local/lib/python3.10/dist-packages/nav_msgs
[21.613s] -- Installing: /home/hiromichi/rost2/install/nav_msgs/local/lib/python3.10/dist-packages/nav_msgs/srv
[21.613s] -- Installing: /home/hiromichi/rost2/install/nav_msgs/local/lib/python3.10/dist-packages/nav_msgs/srv/_get_map_s.c
[21.614s] -- Installing: /home/hiromichi/rost2/install/nav_msgs/local/lib/python3.10/dist-packages/nav_msgs/srv/_load_map_s.c
[21.614s] -- Installing: /home/hiromichi/rost2/install/nav_msgs/local/lib/python3.10/dist-packages/nav_msgs/srv/_get_plan.py
[21.614s] -- Installing: /home/hiromichi/rost2/install/nav_msgs/local/lib/python3.10/dist-packages/nav_msgs/srv/_load_map.py
[21.615s] -- Installing: /home/hiromichi/rost2/install/nav_msgs/local/lib/python3.10/dist-packages/nav_msgs/srv/_set_map_s.c
[21.615s] -- Installing: /home/hiromichi/rost2/install/nav_msgs/local/lib/python3.10/dist-packages/nav_msgs/srv/_get_map.py
[21.617s] -- Installing: /home/hiromichi/rost2/install/nav_msgs/local/lib/python3.10/dist-packages/nav_msgs/srv/_get_plan_s.c
[21.620s] -- Installing: /home/hiromichi/rost2/install/nav_msgs/local/lib/python3.10/dist-packages/nav_msgs/srv/__init__.py
[21.621s] -- Installing: /home/hiromichi/rost2/install/nav_msgs/local/lib/python3.10/dist-packages/nav_msgs/srv/_set_map.py
[21.623s] -- Installing: /home/hiromichi/rost2/install/nav_msgs/local/lib/python3.10/dist-packages/nav_msgs/libnav_msgs__rosidl_generator_py.so
[21.623s] -- Installing: /home/hiromichi/rost2/install/nav_msgs/local/lib/python3.10/dist-packages/nav_msgs/msg
[21.623s] -- Installing: /home/hiromichi/rost2/install/nav_msgs/local/lib/python3.10/dist-packages/nav_msgs/msg/_occupancy_grid.py
[21.623s] -- Installing: /home/hiromichi/rost2/install/nav_msgs/local/lib/python3.10/dist-packages/nav_msgs/msg/_path.py
[21.624s] -- Installing: /home/hiromichi/rost2/install/nav_msgs/local/lib/python3.10/dist-packages/nav_msgs/msg/_path_s.c
[21.624s] -- Installing: /home/hiromichi/rost2/install/nav_msgs/local/lib/python3.10/dist-packages/nav_msgs/msg/_occupancy_grid_s.c
[21.624s] -- Installing: /home/hiromichi/rost2/install/nav_msgs/local/lib/python3.10/dist-packages/nav_msgs/msg/_map_meta_data.py
[21.625s] -- Installing: /home/hiromichi/rost2/install/nav_msgs/local/lib/python3.10/dist-packages/nav_msgs/msg/_odometry.py
[21.625s] -- Installing: /home/hiromichi/rost2/install/nav_msgs/local/lib/python3.10/dist-packages/nav_msgs/msg/_grid_cells_s.c
[21.625s] -- Installing: /home/hiromichi/rost2/install/nav_msgs/local/lib/python3.10/dist-packages/nav_msgs/msg/_map_meta_data_s.c
[21.626s] -- Installing: /home/hiromichi/rost2/install/nav_msgs/local/lib/python3.10/dist-packages/nav_msgs/msg/_odometry_s.c
[21.626s] -- Installing: /home/hiromichi/rost2/install/nav_msgs/local/lib/python3.10/dist-packages/nav_msgs/msg/__init__.py
[21.626s] -- Installing: /home/hiromichi/rost2/install/nav_msgs/local/lib/python3.10/dist-packages/nav_msgs/msg/_grid_cells.py
[21.627s] -- Installing: /home/hiromichi/rost2/install/nav_msgs/local/lib/python3.10/dist-packages/nav_msgs/nav_msgs_s__rosidl_typesupport_fastrtps_c.cpython-310-x86_64-linux-gnu.so
[21.627s] -- Installing: /home/hiromichi/rost2/install/nav_msgs/local/lib/python3.10/dist-packages/nav_msgs/nav_msgs_s__rosidl_typesupport_introspection_c.cpython-310-x86_64-linux-gnu.so
[21.627s] -- Installing: /home/hiromichi/rost2/install/nav_msgs/local/lib/python3.10/dist-packages/nav_msgs/nav_msgs_s__rosidl_typesupport_c.cpython-310-x86_64-linux-gnu.so
[21.627s] -- Installing: /home/hiromichi/rost2/install/nav_msgs/local/lib/python3.10/dist-packages/nav_msgs/_nav_msgs_s.ep.rosidl_typesupport_fastrtps_c.c
[21.628s] -- Installing: /home/hiromichi/rost2/install/nav_msgs/local/lib/python3.10/dist-packages/nav_msgs/_nav_msgs_s.ep.rosidl_typesupport_c.c
[21.628s] -- Installing: /home/hiromichi/rost2/install/nav_msgs/local/lib/python3.10/dist-packages/nav_msgs/__init__.py
[21.628s] -- Installing: /home/hiromichi/rost2/install/nav_msgs/local/lib/python3.10/dist-packages/nav_msgs/_nav_msgs_s.ep.rosidl_typesupport_introspection_c.c
[21.732s] Listing '/home/hiromichi/rost2/install/nav_msgs/local/lib/python3.10/dist-packages/nav_msgs'...
[21.732s] Compiling '/home/hiromichi/rost2/install/nav_msgs/local/lib/python3.10/dist-packages/nav_msgs/__init__.py'...
[21.732s] Listing '/home/hiromichi/rost2/install/nav_msgs/local/lib/python3.10/dist-packages/nav_msgs/msg'...
[21.732s] Compiling '/home/hiromichi/rost2/install/nav_msgs/local/lib/python3.10/dist-packages/nav_msgs/msg/__init__.py'...
[21.732s] Compiling '/home/hiromichi/rost2/install/nav_msgs/local/lib/python3.10/dist-packages/nav_msgs/msg/_grid_cells.py'...
[21.732s] Compiling '/home/hiromichi/rost2/install/nav_msgs/local/lib/python3.10/dist-packages/nav_msgs/msg/_map_meta_data.py'...
[21.732s] Compiling '/home/hiromichi/rost2/install/nav_msgs/local/lib/python3.10/dist-packages/nav_msgs/msg/_occupancy_grid.py'...
[21.732s] Compiling '/home/hiromichi/rost2/install/nav_msgs/local/lib/python3.10/dist-packages/nav_msgs/msg/_odometry.py'...
[21.732s] Compiling '/home/hiromichi/rost2/install/nav_msgs/local/lib/python3.10/dist-packages/nav_msgs/msg/_path.py'...
[21.732s] Listing '/home/hiromichi/rost2/install/nav_msgs/local/lib/python3.10/dist-packages/nav_msgs/srv'...
[21.732s] Compiling '/home/hiromichi/rost2/install/nav_msgs/local/lib/python3.10/dist-packages/nav_msgs/srv/__init__.py'...
[21.732s] Compiling '/home/hiromichi/rost2/install/nav_msgs/local/lib/python3.10/dist-packages/nav_msgs/srv/_get_map.py'...
[21.732s] Compiling '/home/hiromichi/rost2/install/nav_msgs/local/lib/python3.10/dist-packages/nav_msgs/srv/_get_plan.py'...
[21.732s] Compiling '/home/hiromichi/rost2/install/nav_msgs/local/lib/python3.10/dist-packages/nav_msgs/srv/_load_map.py'...
[21.733s] Compiling '/home/hiromichi/rost2/install/nav_msgs/local/lib/python3.10/dist-packages/nav_msgs/srv/_set_map.py'...
[21.747s] -- Installing: /home/hiromichi/rost2/install/nav_msgs/local/lib/python3.10/dist-packages/nav_msgs/nav_msgs_s__rosidl_typesupport_fastrtps_c.cpython-310-x86_64-linux-gnu.so
[21.747s] -- Set runtime path of "/home/hiromichi/rost2/install/nav_msgs/local/lib/python3.10/dist-packages/nav_msgs/nav_msgs_s__rosidl_typesupport_fastrtps_c.cpython-310-x86_64-linux-gnu.so" to ""
[21.748s] -- Installing: /home/hiromichi/rost2/install/nav_msgs/local/lib/python3.10/dist-packages/nav_msgs/nav_msgs_s__rosidl_typesupport_introspection_c.cpython-310-x86_64-linux-gnu.so
[21.748s] -- Set runtime path of "/home/hiromichi/rost2/install/nav_msgs/local/lib/python3.10/dist-packages/nav_msgs/nav_msgs_s__rosidl_typesupport_introspection_c.cpython-310-x86_64-linux-gnu.so" to ""
[21.749s] -- Installing: /home/hiromichi/rost2/install/nav_msgs/local/lib/python3.10/dist-packages/nav_msgs/nav_msgs_s__rosidl_typesupport_c.cpython-310-x86_64-linux-gnu.so
[21.749s] -- Set runtime path of "/home/hiromichi/rost2/install/nav_msgs/local/lib/python3.10/dist-packages/nav_msgs/nav_msgs_s__rosidl_typesupport_c.cpython-310-x86_64-linux-gnu.so" to ""
[21.749s] -- Installing: /home/hiromichi/rost2/install/nav_msgs/lib/libnav_msgs__rosidl_generator_py.so
[21.750s] -- Set runtime path of "/home/hiromichi/rost2/install/nav_msgs/lib/libnav_msgs__rosidl_generator_py.so" to ""
[21.750s] -- Installing: /home/hiromichi/rost2/install/nav_msgs/share/nav_msgs/msg/GridCells.idl
[21.750s] -- Installing: /home/hiromichi/rost2/install/nav_msgs/share/nav_msgs/msg/MapMetaData.idl
[21.751s] -- Installing: /home/hiromichi/rost2/install/nav_msgs/share/nav_msgs/msg/OccupancyGrid.idl
[21.751s] -- Installing: /home/hiromichi/rost2/install/nav_msgs/share/nav_msgs/msg/Odometry.idl
[21.751s] -- Installing: /home/hiromichi/rost2/install/nav_msgs/share/nav_msgs/msg/Path.idl
[21.751s] -- Installing: /home/hiromichi/rost2/install/nav_msgs/share/nav_msgs/srv/GetMap.idl
[21.752s] -- Installing: /home/hiromichi/rost2/install/nav_msgs/share/nav_msgs/srv/GetPlan.idl
[21.752s] -- Installing: /home/hiromichi/rost2/install/nav_msgs/share/nav_msgs/srv/LoadMap.idl
[21.752s] -- Installing: /home/hiromichi/rost2/install/nav_msgs/share/nav_msgs/srv/SetMap.idl
[21.752s] -- Installing: /home/hiromichi/rost2/install/nav_msgs/share/nav_msgs/msg/GridCells.msg
[21.760s] -- Installing: /home/hiromichi/rost2/install/nav_msgs/share/nav_msgs/msg/MapMetaData.msg
[21.761s] -- Installing: /home/hiromichi/rost2/install/nav_msgs/share/nav_msgs/msg/OccupancyGrid.msg
[21.763s] -- Installing: /home/hiromichi/rost2/install/nav_msgs/share/nav_msgs/msg/Odometry.msg
[21.765s] -- Installing: /home/hiromichi/rost2/install/nav_msgs/share/nav_msgs/msg/Path.msg
[21.767s] -- Installing: /home/hiromichi/rost2/install/nav_msgs/share/nav_msgs/srv/GetMap.srv
[21.773s] -- Installing: /home/hiromichi/rost2/install/nav_msgs/share/nav_msgs/srv/GetMap_Request.msg
[21.775s] -- Installing: /home/hiromichi/rost2/install/nav_msgs/share/nav_msgs/srv/GetMap_Response.msg
[21.776s] -- Installing: /home/hiromichi/rost2/install/nav_msgs/share/nav_msgs/srv/GetPlan.srv
[21.778s] -- Installing: /home/hiromichi/rost2/install/nav_msgs/share/nav_msgs/srv/GetPlan_Request.msg
[21.779s] -- Installing: /home/hiromichi/rost2/install/nav_msgs/share/nav_msgs/srv/GetPlan_Response.msg
[21.782s] -- Installing: /home/hiromichi/rost2/install/nav_msgs/share/nav_msgs/srv/LoadMap.srv
[21.783s] -- Installing: /home/hiromichi/rost2/install/nav_msgs/share/nav_msgs/srv/LoadMap_Request.msg
[21.785s] -- Installing: /home/hiromichi/rost2/install/nav_msgs/share/nav_msgs/srv/LoadMap_Response.msg
[21.787s] -- Installing: /home/hiromichi/rost2/install/nav_msgs/share/nav_msgs/srv/SetMap.srv
[21.788s] -- Installing: /home/hiromichi/rost2/install/nav_msgs/share/nav_msgs/srv/SetMap_Request.msg
[21.789s] -- Installing: /home/hiromichi/rost2/install/nav_msgs/share/nav_msgs/srv/SetMap_Response.msg
[21.790s] -- Installing: /home/hiromichi/rost2/install/nav_msgs/share/ament_index/resource_index/package_run_dependencies/nav_msgs
[21.792s] -- Installing: /home/hiromichi/rost2/install/nav_msgs/share/ament_index/resource_index/parent_prefix_path/nav_msgs
[21.793s] -- Installing: /home/hiromichi/rost2/install/nav_msgs/share/nav_msgs/environment/ament_prefix_path.sh
[21.793s] -- Installing: /home/hiromichi/rost2/install/nav_msgs/share/nav_msgs/environment/ament_prefix_path.dsv
[21.797s] -- Installing: /home/hiromichi/rost2/install/nav_msgs/share/nav_msgs/environment/path.sh
[21.798s] -- Installing: /home/hiromichi/rost2/install/nav_msgs/share/nav_msgs/environment/path.dsv
[21.799s] -- Installing: /home/hiromichi/rost2/install/nav_msgs/share/nav_msgs/local_setup.bash
[21.801s] -- Installing: /home/hiromichi/rost2/install/nav_msgs/share/nav_msgs/local_setup.sh
[21.802s] -- Installing: /home/hiromichi/rost2/install/nav_msgs/share/nav_msgs/local_setup.zsh
[21.804s] -- Installing: /home/hiromichi/rost2/install/nav_msgs/share/nav_msgs/local_setup.dsv
[21.806s] -- Installing: /home/hiromichi/rost2/install/nav_msgs/share/nav_msgs/package.dsv
[21.809s] -- Installing: /home/hiromichi/rost2/install/nav_msgs/share/ament_index/resource_index/packages/nav_msgs
[21.810s] -- Installing: /home/hiromichi/rost2/install/nav_msgs/share/nav_msgs/cmake/export_nav_msgs__rosidl_generator_cExport.cmake
[21.812s] -- Installing: /home/hiromichi/rost2/install/nav_msgs/share/nav_msgs/cmake/export_nav_msgs__rosidl_generator_cExport-noconfig.cmake
[21.817s] -- Installing: /home/hiromichi/rost2/install/nav_msgs/share/nav_msgs/cmake/export_nav_msgs__rosidl_typesupport_fastrtps_cExport.cmake
[21.819s] -- Installing: /home/hiromichi/rost2/install/nav_msgs/share/nav_msgs/cmake/export_nav_msgs__rosidl_typesupport_fastrtps_cExport-noconfig.cmake
[21.825s] -- Installing: /home/hiromichi/rost2/install/nav_msgs/share/nav_msgs/cmake/export_nav_msgs__rosidl_generator_cppExport.cmake
[21.827s] -- Installing: /home/hiromichi/rost2/install/nav_msgs/share/nav_msgs/cmake/export_nav_msgs__rosidl_typesupport_fastrtps_cppExport.cmake
[21.832s] -- Installing: /home/hiromichi/rost2/install/nav_msgs/share/nav_msgs/cmake/export_nav_msgs__rosidl_typesupport_fastrtps_cppExport-noconfig.cmake
[21.834s] -- Installing: /home/hiromichi/rost2/install/nav_msgs/share/nav_msgs/cmake/nav_msgs__rosidl_typesupport_introspection_cExport.cmake
[21.835s] -- Installing: /home/hiromichi/rost2/install/nav_msgs/share/nav_msgs/cmake/nav_msgs__rosidl_typesupport_introspection_cExport-noconfig.cmake
[21.836s] -- Installing: /home/hiromichi/rost2/install/nav_msgs/share/nav_msgs/cmake/nav_msgs__rosidl_typesupport_cExport.cmake
[21.837s] -- Installing: /home/hiromichi/rost2/install/nav_msgs/share/nav_msgs/cmake/nav_msgs__rosidl_typesupport_cExport-noconfig.cmake
[21.838s] -- Installing: /home/hiromichi/rost2/install/nav_msgs/share/nav_msgs/cmake/nav_msgs__rosidl_typesupport_introspection_cppExport.cmake
[21.840s] -- Installing: /home/hiromichi/rost2/install/nav_msgs/share/nav_msgs/cmake/nav_msgs__rosidl_typesupport_introspection_cppExport-noconfig.cmake
[21.841s] -- Installing: /home/hiromichi/rost2/install/nav_msgs/share/nav_msgs/cmake/nav_msgs__rosidl_typesupport_cppExport.cmake
[21.846s] -- Installing: /home/hiromichi/rost2/install/nav_msgs/share/nav_msgs/cmake/nav_msgs__rosidl_typesupport_cppExport-noconfig.cmake
[21.847s] -- Installing: /home/hiromichi/rost2/install/nav_msgs/share/nav_msgs/cmake/export_nav_msgs__rosidl_generator_pyExport.cmake
[21.848s] -- Installing: /home/hiromichi/rost2/install/nav_msgs/share/nav_msgs/cmake/export_nav_msgs__rosidl_generator_pyExport-noconfig.cmake
[21.849s] -- Installing: /home/hiromichi/rost2/install/nav_msgs/share/nav_msgs/cmake/rosidl_cmake-extras.cmake
[21.850s] -- Installing: /home/hiromichi/rost2/install/nav_msgs/share/nav_msgs/cmake/ament_cmake_export_dependencies-extras.cmake
[21.851s] -- Installing: /home/hiromichi/rost2/install/nav_msgs/share/nav_msgs/cmake/ament_cmake_export_include_directories-extras.cmake
[21.852s] -- Installing: /home/hiromichi/rost2/install/nav_msgs/share/nav_msgs/cmake/ament_cmake_export_libraries-extras.cmake
[21.853s] -- Installing: /home/hiromichi/rost2/install/nav_msgs/share/nav_msgs/cmake/ament_cmake_export_targets-extras.cmake
[21.856s] -- Installing: /home/hiromichi/rost2/install/nav_msgs/share/nav_msgs/cmake/rosidl_cmake_export_typesupport_targets-extras.cmake
[21.858s] -- Installing: /home/hiromichi/rost2/install/nav_msgs/share/nav_msgs/cmake/rosidl_cmake_export_typesupport_libraries-extras.cmake
[21.858s] -- Installing: /home/hiromichi/rost2/install/nav_msgs/share/nav_msgs/cmake/nav_msgsConfig.cmake
[21.859s] -- Installing: /home/hiromichi/rost2/install/nav_msgs/share/nav_msgs/cmake/nav_msgsConfig-version.cmake
[21.860s] -- Installing: /home/hiromichi/rost2/install/nav_msgs/share/nav_msgs/package.xml
[21.873s] Invoked command in '/home/hiromichi/rost2/build/nav_msgs' returned '0': AMENT_PREFIX_PATH=/home/hiromichi/rost2/install/geometry_msgs:/home/hiromichi/rost2/install/std_msgs:/home/hiromichi/rost2/install/builtin_interfaces:/home/hiromichi/rost2/install/rosidl_default_runtime:/home/hiromichi/rost2/install/rosidl_default_generators:/home/hiromichi/rost2/install/rosidl_generator_rs:/home/hiromichi/rost2/install/rosidl_runtime_rs:${AMENT_PREFIX_PATH} CMAKE_PREFIX_PATH=/home/hiromichi/rost2/install/geometry_msgs:/home/hiromichi/rost2/install/std_msgs:/home/hiromichi/rost2/install/builtin_interfaces:/home/hiromichi/rost2/install/rosidl_default_runtime:/home/hiromichi/rost2/install/rosidl_default_generators:/home/hiromichi/rost2/install/rosidl_generator_rs:/opt/ros/humble LD_LIBRARY_PATH=/home/hiromichi/rost2/install/geometry_msgs/lib:/home/hiromichi/rost2/install/std_msgs/lib:/home/hiromichi/rost2/install/builtin_interfaces/lib:${LD_LIBRARY_PATH} PYTHONPATH=/home/hiromichi/rost2/install/geometry_msgs/local/lib/python3.10/dist-packages:/home/hiromichi/rost2/install/std_msgs/local/lib/python3.10/dist-packages:/home/hiromichi/rost2/install/builtin_interfaces/local/lib/python3.10/dist-packages:/home/hiromichi/rost2/install/rosidl_generator_rs/local/lib/python3.10/dist-packages:${PYTHONPATH} /usr/bin/cmake --install /home/hiromichi/rost2/build/nav_msgs
