-- Found ament_cmake: 1.3.2 (/opt/ros/humble/share/ament_cmake/cmake)
-- Found Python3: /usr/bin/python3.10 (found version "3.10.12") found components: Interpreter 
-- Found ament_lint_auto: 0.12.4 (/opt/ros/humble/share/ament_lint_auto/cmake)
-- Added test 'copyright' to check source files copyright and LICENSE
-- Added test 'lint_cmake' to check CMake code style
-- Added test 'xmllint' to check XML markup files
-- Configuring done
-- Generating done
-- Build files have been written to: /home/hiromichi/rost2/build/rosidl_default_generators
-- Install configuration: ""
-- Installing: /home/hiromichi/rost2/install/rosidl_default_generators/share/ament_index/resource_index/package_run_dependencies/rosidl_default_generators
-- Installing: /home/hiromichi/rost2/install/rosidl_default_generators/share/ament_index/resource_index/parent_prefix_path/rosidl_default_generators
-- Installing: /home/hiromichi/rost2/install/rosidl_default_generators/share/rosidl_default_generators/environment/ament_prefix_path.sh
-- Installing: /home/hiromichi/rost2/install/rosidl_default_generators/share/rosidl_default_generators/environment/ament_prefix_path.dsv
-- Installing: /home/hiromichi/rost2/install/rosidl_default_generators/share/rosidl_default_generators/environment/path.sh
-- Installing: /home/hiromichi/rost2/install/rosidl_default_generators/share/rosidl_default_generators/environment/path.dsv
-- Installing: /home/hiromichi/rost2/install/rosidl_default_generators/share/rosidl_default_generators/local_setup.bash
-- Installing: /home/hiromichi/rost2/install/rosidl_default_generators/share/rosidl_default_generators/local_setup.sh
-- Installing: /home/hiromichi/rost2/install/rosidl_default_generators/share/rosidl_default_generators/local_setup.zsh
-- Installing: /home/hiromichi/rost2/install/rosidl_default_generators/share/rosidl_default_generators/local_setup.dsv
-- Installing: /home/hiromichi/rost2/install/rosidl_default_generators/share/rosidl_default_generators/package.dsv
-- Installing: /home/hiromichi/rost2/install/rosidl_default_generators/share/ament_index/resource_index/packages/rosidl_default_generators
-- Installing: /home/hiromichi/rost2/install/rosidl_default_generators/share/rosidl_default_generators/cmake/rosidl_default_generators-extras.cmake
-- Installing: /home/hiromichi/rost2/install/rosidl_default_generators/share/rosidl_default_generators/cmake/ament_cmake_export_dependencies-extras.cmake
-- Installing: /home/hiromichi/rost2/install/rosidl_default_generators/share/rosidl_default_generators/cmake/rosidl_default_generatorsConfig.cmake
-- Installing: /home/hiromichi/rost2/install/rosidl_default_generators/share/rosidl_default_generators/cmake/rosidl_default_generatorsConfig-version.cmake
-- Installing: /home/hiromichi/rost2/install/rosidl_default_generators/share/rosidl_default_generators/package.xml
