[0.009s] Invoking command in '/home/hiromichi/rost2/build/rosidl_default_generators': AMENT_PREFIX_PATH=/home/hiromichi/rost2/install/rosidl_generator_rs:/home/hiromichi/rost2/install/rosidl_runtime_rs:${AMENT_PREFIX_PATH} CMAKE_PREFIX_PATH=/home/hiromichi/rost2/install/rosidl_generator_rs:/opt/ros/humble PYTHONPATH=/home/hiromichi/rost2/install/rosidl_generator_rs/local/lib/python3.10/dist-packages:${PYTHONPATH} /usr/bin/cmake /home/hiromichi/rost2/src/ros2/rosidl_defaults/rosidl_default_generators -DCMAKE_INSTALL_PREFIX=/home/hiromichi/rost2/install/rosidl_default_generators
[0.020s] -- Found ament_cmake: 1.3.2 (/opt/ros/humble/share/ament_cmake/cmake)
[0.135s] -- Found Python3: /usr/bin/python3.10 (found version "3.10.12") found components: Interpreter 
[0.187s] -- Found ament_lint_auto: 0.12.4 (/opt/ros/humble/share/ament_lint_auto/cmake)
[0.246s] -- Added test 'copyright' to check source files copyright and LICENSE
[0.248s] -- Added test 'lint_cmake' to check CMake code style
[0.249s] -- Added test 'xmllint' to check XML markup files
[0.250s] -- Configuring done
[0.251s] -- Generating done
[0.252s] -- Build files have been written to: /home/hiromichi/rost2/build/rosidl_default_generators
[0.254s] Invoked command in '/home/hiromichi/rost2/build/rosidl_default_generators' returned '0': AMENT_PREFIX_PATH=/home/hiromichi/rost2/install/rosidl_generator_rs:/home/hiromichi/rost2/install/rosidl_runtime_rs:${AMENT_PREFIX_PATH} CMAKE_PREFIX_PATH=/home/hiromichi/rost2/install/rosidl_generator_rs:/opt/ros/humble PYTHONPATH=/home/hiromichi/rost2/install/rosidl_generator_rs/local/lib/python3.10/dist-packages:${PYTHONPATH} /usr/bin/cmake /home/hiromichi/rost2/src/ros2/rosidl_defaults/rosidl_default_generators -DCMAKE_INSTALL_PREFIX=/home/hiromichi/rost2/install/rosidl_default_generators
[0.255s] Invoking command in '/home/hiromichi/rost2/build/rosidl_default_generators': AMENT_PREFIX_PATH=/home/hiromichi/rost2/install/rosidl_generator_rs:/home/hiromichi/rost2/install/rosidl_runtime_rs:${AMENT_PREFIX_PATH} CMAKE_PREFIX_PATH=/home/hiromichi/rost2/install/rosidl_generator_rs:/opt/ros/humble PYTHONPATH=/home/hiromichi/rost2/install/rosidl_generator_rs/local/lib/python3.10/dist-packages:${PYTHONPATH} /usr/bin/cmake --build /home/hiromichi/rost2/build/rosidl_default_generators -- -j20 -l20
[0.273s] Invoked command in '/home/hiromichi/rost2/build/rosidl_default_generators' returned '0': AMENT_PREFIX_PATH=/home/hiromichi/rost2/install/rosidl_generator_rs:/home/hiromichi/rost2/install/rosidl_runtime_rs:${AMENT_PREFIX_PATH} CMAKE_PREFIX_PATH=/home/hiromichi/rost2/install/rosidl_generator_rs:/opt/ros/humble PYTHONPATH=/home/hiromichi/rost2/install/rosidl_generator_rs/local/lib/python3.10/dist-packages:${PYTHONPATH} /usr/bin/cmake --build /home/hiromichi/rost2/build/rosidl_default_generators -- -j20 -l20
[0.284s] Invoking command in '/home/hiromichi/rost2/build/rosidl_default_generators': AMENT_PREFIX_PATH=/home/hiromichi/rost2/install/rosidl_generator_rs:/home/hiromichi/rost2/install/rosidl_runtime_rs:${AMENT_PREFIX_PATH} CMAKE_PREFIX_PATH=/home/hiromichi/rost2/install/rosidl_generator_rs:/opt/ros/humble PYTHONPATH=/home/hiromichi/rost2/install/rosidl_generator_rs/local/lib/python3.10/dist-packages:${PYTHONPATH} /usr/bin/cmake --install /home/hiromichi/rost2/build/rosidl_default_generators
[0.287s] -- Install configuration: ""
[0.287s] -- Installing: /home/hiromichi/rost2/install/rosidl_default_generators/share/ament_index/resource_index/package_run_dependencies/rosidl_default_generators
[0.287s] -- Installing: /home/hiromichi/rost2/install/rosidl_default_generators/share/ament_index/resource_index/parent_prefix_path/rosidl_default_generators
[0.288s] -- Installing: /home/hiromichi/rost2/install/rosidl_default_generators/share/rosidl_default_generators/environment/ament_prefix_path.sh
[0.288s] -- Installing: /home/hiromichi/rost2/install/rosidl_default_generators/share/rosidl_default_generators/environment/ament_prefix_path.dsv
[0.288s] -- Installing: /home/hiromichi/rost2/install/rosidl_default_generators/share/rosidl_default_generators/environment/path.sh
[0.288s] -- Installing: /home/hiromichi/rost2/install/rosidl_default_generators/share/rosidl_default_generators/environment/path.dsv
[0.288s] -- Installing: /home/hiromichi/rost2/install/rosidl_default_generators/share/rosidl_default_generators/local_setup.bash
[0.288s] -- Installing: /home/hiromichi/rost2/install/rosidl_default_generators/share/rosidl_default_generators/local_setup.sh
[0.288s] -- Installing: /home/hiromichi/rost2/install/rosidl_default_generators/share/rosidl_default_generators/local_setup.zsh
[0.288s] -- Installing: /home/hiromichi/rost2/install/rosidl_default_generators/share/rosidl_default_generators/local_setup.dsv
[0.288s] -- Installing: /home/hiromichi/rost2/install/rosidl_default_generators/share/rosidl_default_generators/package.dsv
[0.288s] -- Installing: /home/hiromichi/rost2/install/rosidl_default_generators/share/ament_index/resource_index/packages/rosidl_default_generators
[0.289s] -- Installing: /home/hiromichi/rost2/install/rosidl_default_generators/share/rosidl_default_generators/cmake/rosidl_default_generators-extras.cmake
[0.289s] -- Installing: /home/hiromichi/rost2/install/rosidl_default_generators/share/rosidl_default_generators/cmake/ament_cmake_export_dependencies-extras.cmake
[0.289s] -- Installing: /home/hiromichi/rost2/install/rosidl_default_generators/share/rosidl_default_generators/cmake/rosidl_default_generatorsConfig.cmake
[0.289s] -- Installing: /home/hiromichi/rost2/install/rosidl_default_generators/share/rosidl_default_generators/cmake/rosidl_default_generatorsConfig-version.cmake
[0.289s] -- Installing: /home/hiromichi/rost2/install/rosidl_default_generators/share/rosidl_default_generators/package.xml
[0.293s] Invoked command in '/home/hiromichi/rost2/build/rosidl_default_generators' returned '0': AMENT_PREFIX_PATH=/home/hiromichi/rost2/install/rosidl_generator_rs:/home/hiromichi/rost2/install/rosidl_runtime_rs:${AMENT_PREFIX_PATH} CMAKE_PREFIX_PATH=/home/hiromichi/rost2/install/rosidl_generator_rs:/opt/ros/humble PYTHONPATH=/home/hiromichi/rost2/install/rosidl_generator_rs/local/lib/python3.10/dist-packages:${PYTHONPATH} /usr/bin/cmake --install /home/hiromichi/rost2/build/rosidl_default_generators
