[0.017s] Invoking command in '/home/hiromichi/rost2/build/builtin_interfaces': AMENT_PREFIX_PATH=/home/hiromichi/rost2/install/rosidl_default_runtime:/home/hiromichi/rost2/install/rosidl_default_generators:/home/hiromichi/rost2/install/rosidl_generator_rs:/home/hiromichi/rost2/install/rosidl_runtime_rs:${AMENT_PREFIX_PATH} CMAKE_PREFIX_PATH=/home/hiromichi/rost2/install/rosidl_default_runtime:/home/hiromichi/rost2/install/rosidl_default_generators:/home/hiromichi/rost2/install/rosidl_generator_rs:/opt/ros/humble PYTHONPATH=/home/hiromichi/rost2/install/rosidl_generator_rs/local/lib/python3.10/dist-packages:${PYTHONPATH} /usr/bin/cmake /home/hiromichi/rost2/src/ros2/rcl_interfaces/builtin_interfaces -DCMAKE_INSTALL_PREFIX=/home/hiromichi/rost2/install/builtin_interfaces
[0.047s] -- The C compiler identification is GNU 11.4.0
[0.082s] -- The CXX compiler identification is GNU 11.4.0
[0.087s] -- Detecting C compiler ABI info
[0.127s] -- Detecting C compiler ABI info - done
[0.133s] -- Check for working C compiler: /usr/bin/cc - skipped
[0.133s] -- Detecting C compile features
[0.134s] -- Detecting C compile features - done
[0.136s] -- Detecting CXX compiler ABI info
[0.186s] -- Detecting CXX compiler ABI info - done
[0.192s] -- Check for working CXX compiler: /usr/bin/c++ - skipped
[0.192s] -- Detecting CXX compile features
[0.192s] -- Detecting CXX compile features - done
[0.193s] -- Found ament_cmake: 1.3.2 (/opt/ros/humble/share/ament_cmake/cmake)
[0.311s] -- Found Python3: /usr/bin/python3.10 (found version "3.10.12") found components: Interpreter 
[0.372s] -- Found rosidl_default_generators: 1.2.0 (/home/hiromichi/rost2/install/rosidl_default_generators/share/rosidl_default_generators/cmake)
[0.374s] -- Using all available rosidl_typesupport_c: rosidl_typesupport_fastrtps_c;rosidl_typesupport_introspection_c
[0.379s] -- Found rosidl_adapter: 3.1.3 (/opt/ros/humble/share/rosidl_adapter/cmake)
[0.421s] -- Using all available rosidl_typesupport_cpp: rosidl_typesupport_fastrtps_cpp;rosidl_typesupport_introspection_cpp
[0.641s] -- Found ament_cmake_cppcheck: 0.12.4 (/opt/ros/humble/share/ament_cmake_cppcheck/cmake)
[0.642s] -- Found ament_cmake_cpplint: 0.12.4 (/opt/ros/humble/share/ament_cmake_cpplint/cmake)
[0.644s] -- Found ament_cmake_uncrustify: 0.12.4 (/opt/ros/humble/share/ament_cmake_uncrustify/cmake)
[0.645s] -- Found ament_cmake_ros: 0.10.0 (/opt/ros/humble/share/ament_cmake_ros/cmake)
[0.777s] -- Using all available rosidl_typesupport_c: rosidl_typesupport_fastrtps_c;rosidl_typesupport_introspection_c
[0.945s] -- Using all available rosidl_typesupport_cpp: rosidl_typesupport_fastrtps_cpp;rosidl_typesupport_introspection_cpp
[0.963s] -- Found PythonInterp: /usr/bin/python3 (found suitable version "3.10.12", minimum required is "3.6") 
[0.965s] -- Found python_cmake_module: 0.10.0 (/opt/ros/humble/share/python_cmake_module/cmake)
[0.987s] -- Found PythonLibs: /usr/lib/x86_64-linux-gnu/libpython3.10.so (found suitable version "3.10.12", minimum required is "3.5") 
[0.987s] -- Using PYTHON_EXECUTABLE: /usr/bin/python3
[0.987s] -- Using PYTHON_INCLUDE_DIRS: /usr/include/python3.10
[0.987s] -- Using PYTHON_LIBRARIES: /usr/lib/x86_64-linux-gnu/libpython3.10.so
[1.000s] -- Found PythonExtra: .so  
[1.025s] -- Found ament_cmake_flake8: 0.12.4 (/opt/ros/humble/share/ament_cmake_flake8/cmake)
[1.026s] -- Found ament_cmake_pep257: 0.12.4 (/opt/ros/humble/share/ament_cmake_pep257/cmake)
[1.032s] -- Configuring done
[1.057s] -- Generating done
[1.060s] -- Build files have been written to: /home/hiromichi/rost2/build/builtin_interfaces
[1.069s] Invoked command in '/home/hiromichi/rost2/build/builtin_interfaces' returned '0': AMENT_PREFIX_PATH=/home/hiromichi/rost2/install/rosidl_default_runtime:/home/hiromichi/rost2/install/rosidl_default_generators:/home/hiromichi/rost2/install/rosidl_generator_rs:/home/hiromichi/rost2/install/rosidl_runtime_rs:${AMENT_PREFIX_PATH} CMAKE_PREFIX_PATH=/home/hiromichi/rost2/install/rosidl_default_runtime:/home/hiromichi/rost2/install/rosidl_default_generators:/home/hiromichi/rost2/install/rosidl_generator_rs:/opt/ros/humble PYTHONPATH=/home/hiromichi/rost2/install/rosidl_generator_rs/local/lib/python3.10/dist-packages:${PYTHONPATH} /usr/bin/cmake /home/hiromichi/rost2/src/ros2/rcl_interfaces/builtin_interfaces -DCMAKE_INSTALL_PREFIX=/home/hiromichi/rost2/install/builtin_interfaces
[1.071s] Invoking command in '/home/hiromichi/rost2/build/builtin_interfaces': AMENT_PREFIX_PATH=/home/hiromichi/rost2/install/rosidl_default_runtime:/home/hiromichi/rost2/install/rosidl_default_generators:/home/hiromichi/rost2/install/rosidl_generator_rs:/home/hiromichi/rost2/install/rosidl_runtime_rs:${AMENT_PREFIX_PATH} CMAKE_PREFIX_PATH=/home/hiromichi/rost2/install/rosidl_default_runtime:/home/hiromichi/rost2/install/rosidl_default_generators:/home/hiromichi/rost2/install/rosidl_generator_rs:/opt/ros/humble PYTHONPATH=/home/hiromichi/rost2/install/rosidl_generator_rs/local/lib/python3.10/dist-packages:${PYTHONPATH} /usr/bin/cmake --build /home/hiromichi/rost2/build/builtin_interfaces -- -j20 -l20
[1.096s] [  2%] [34m[1mGenerating C code for ROS interfaces[0m
[1.105s] [  5%] [34m[1mGenerating C++ code for ROS interfaces[0m
[1.106s] [  7%] [34m[1mGenerating Rust code for ROS interfaces[0m
[1.112s] [  7%] Built target ament_cmake_python_copy_builtin_interfaces
[1.389s] running egg_info
[1.390s] creating builtin_interfaces.egg-info
[1.391s] writing builtin_interfaces.egg-info/PKG-INFO
[1.394s] writing dependency_links to builtin_interfaces.egg-info/dependency_links.txt
[1.394s] writing top-level names to builtin_interfaces.egg-info/top_level.txt
[1.394s] writing manifest file 'builtin_interfaces.egg-info/SOURCES.txt'
[1.394s] reading manifest file 'builtin_interfaces.egg-info/SOURCES.txt'
[1.398s] writing manifest file 'builtin_interfaces.egg-info/SOURCES.txt'
[1.443s] [  7%] Built target ament_cmake_python_build_builtin_interfaces_egg
[1.475s] [  7%] Built target builtin_interfaces__rs
[1.542s] [  7%] Built target builtin_interfaces__cpp
[1.550s] [ 10%] [34m[1mGenerating C++ type support dispatch for ROS interfaces[0m
[1.552s] [ 12%] [34m[1mGenerating C++ introspection for ROS interfaces[0m
[1.556s] [ 15%] [34m[1mGenerating C++ type support for eProsima Fast-RTPS[0m
[1.577s] [ 17%] [32mBuilding C object CMakeFiles/builtin_interfaces__rosidl_generator_c.dir/rosidl_generator_c/builtin_interfaces/msg/detail/duration__functions.c.o[0m
[1.578s] [ 20%] [32mBuilding C object CMakeFiles/builtin_interfaces__rosidl_generator_c.dir/rosidl_generator_c/builtin_interfaces/msg/detail/time__functions.c.o[0m
[1.641s] [ 22%] [32m[1mLinking C shared library libbuiltin_interfaces__rosidl_generator_c.so[0m
[1.714s] [ 22%] Built target builtin_interfaces__rosidl_generator_c
[1.724s] [ 25%] [34m[1mGenerating C type support for eProsima Fast-RTPS[0m
[1.756s] [ 27%] [34m[1mGenerating C introspection for ROS interfaces[0m
[1.757s] [ 30%] [34m[1mGenerating C type support dispatch for ROS interfaces[0m
[1.971s] [ 32%] [32mBuilding CXX object CMakeFiles/builtin_interfaces__rosidl_typesupport_cpp.dir/rosidl_typesupport_cpp/builtin_interfaces/msg/duration__type_support.cpp.o[0m
[1.978s] [ 35%] [32mBuilding CXX object CMakeFiles/builtin_interfaces__rosidl_typesupport_cpp.dir/rosidl_typesupport_cpp/builtin_interfaces/msg/time__type_support.cpp.o[0m
[1.988s] [ 37%] [32mBuilding CXX object CMakeFiles/builtin_interfaces__rosidl_typesupport_introspection_cpp.dir/rosidl_typesupport_introspection_cpp/builtin_interfaces/msg/detail/time__type_support.cpp.o[0m
[1.995s] [ 40%] [32mBuilding CXX object CMakeFiles/builtin_interfaces__rosidl_typesupport_introspection_cpp.dir/rosidl_typesupport_introspection_cpp/builtin_interfaces/msg/detail/duration__type_support.cpp.o[0m
[2.138s] [ 42%] [32mBuilding CXX object CMakeFiles/builtin_interfaces__rosidl_typesupport_fastrtps_cpp.dir/rosidl_typesupport_fastrtps_cpp/builtin_interfaces/msg/detail/dds_fastrtps/duration__type_support.cpp.o[0m
[2.172s] [ 45%] [32mBuilding CXX object CMakeFiles/builtin_interfaces__rosidl_typesupport_fastrtps_cpp.dir/rosidl_typesupport_fastrtps_cpp/builtin_interfaces/msg/detail/dds_fastrtps/time__type_support.cpp.o[0m
[2.246s] [ 47%] [32mBuilding CXX object CMakeFiles/builtin_interfaces__rosidl_typesupport_c.dir/rosidl_typesupport_c/builtin_interfaces/msg/duration__type_support.cpp.o[0m
[2.259s] [ 50%] [32mBuilding CXX object CMakeFiles/builtin_interfaces__rosidl_typesupport_c.dir/rosidl_typesupport_c/builtin_interfaces/msg/time__type_support.cpp.o[0m
[2.294s] [ 52%] [32mBuilding CXX object CMakeFiles/builtin_interfaces__rosidl_typesupport_fastrtps_c.dir/rosidl_typesupport_fastrtps_c/builtin_interfaces/msg/detail/duration__type_support_c.cpp.o[0m
[2.296s] [ 55%] [32mBuilding C object CMakeFiles/builtin_interfaces__rosidl_typesupport_introspection_c.dir/rosidl_typesupport_introspection_c/builtin_interfaces/msg/detail/time__type_support.c.o[0m
[2.308s] [ 57%] [32mBuilding CXX object CMakeFiles/builtin_interfaces__rosidl_typesupport_fastrtps_c.dir/rosidl_typesupport_fastrtps_c/builtin_interfaces/msg/detail/time__type_support_c.cpp.o[0m
[2.309s] [ 60%] [32mBuilding C object CMakeFiles/builtin_interfaces__rosidl_typesupport_introspection_c.dir/rosidl_typesupport_introspection_c/builtin_interfaces/msg/detail/duration__type_support.c.o[0m
[2.370s] [ 62%] [32m[1mLinking CXX shared library libbuiltin_interfaces__rosidl_typesupport_c.so[0m
[2.415s] [ 65%] [32m[1mLinking CXX shared library libbuiltin_interfaces__rosidl_typesupport_cpp.so[0m
[2.450s] [ 67%] [32m[1mLinking C shared library libbuiltin_interfaces__rosidl_typesupport_introspection_c.so[0m
[2.454s] [ 67%] Built target builtin_interfaces__rosidl_typesupport_c
[2.545s] [ 67%] Built target builtin_interfaces__rosidl_typesupport_cpp
[2.552s] [ 67%] Built target builtin_interfaces__rosidl_typesupport_introspection_c
[2.616s] [ 70%] [32m[1mLinking CXX shared library libbuiltin_interfaces__rosidl_typesupport_introspection_cpp.so[0m
[2.706s] [ 72%] [32m[1mLinking CXX shared library libbuiltin_interfaces__rosidl_typesupport_fastrtps_cpp.so[0m
[2.791s] [ 72%] Built target builtin_interfaces__rosidl_typesupport_introspection_cpp
[2.838s] [ 75%] [32m[1mLinking CXX shared library libbuiltin_interfaces__rosidl_typesupport_fastrtps_c.so[0m
[2.849s] [ 75%] Built target builtin_interfaces__rosidl_typesupport_fastrtps_cpp
[2.955s] [ 75%] Built target builtin_interfaces__rosidl_typesupport_fastrtps_c
[3.008s] [ 75%] Built target builtin_interfaces
[3.026s] [ 77%] [34m[1mGenerating Python code for ROS interfaces[0m
[3.745s] [ 77%] Built target builtin_interfaces__py
[3.762s] [ 80%] [32mBuilding C object CMakeFiles/builtin_interfaces__rosidl_generator_py.dir/rosidl_generator_py/builtin_interfaces/msg/_time_s.c.o[0m
[3.764s] [ 82%] [32mBuilding C object CMakeFiles/builtin_interfaces__rosidl_generator_py.dir/rosidl_generator_py/builtin_interfaces/msg/_duration_s.c.o[0m
[3.995s] [ 85%] [32m[1mLinking C shared library rosidl_generator_py/builtin_interfaces/libbuiltin_interfaces__rosidl_generator_py.so[0m
[4.059s] [ 85%] Built target builtin_interfaces__rosidl_generator_py
[4.097s] [ 87%] [32mBuilding C object CMakeFiles/builtin_interfaces__rosidl_typesupport_introspection_c__pyext.dir/rosidl_generator_py/builtin_interfaces/_builtin_interfaces_s.ep.rosidl_typesupport_introspection_c.c.o[0m
[4.125s] [ 90%] [32mBuilding C object CMakeFiles/builtin_interfaces__rosidl_typesupport_fastrtps_c__pyext.dir/rosidl_generator_py/builtin_interfaces/_builtin_interfaces_s.ep.rosidl_typesupport_fastrtps_c.c.o[0m
[4.165s] [ 92%] [32mBuilding C object CMakeFiles/builtin_interfaces__rosidl_typesupport_c__pyext.dir/rosidl_generator_py/builtin_interfaces/_builtin_interfaces_s.ep.rosidl_typesupport_c.c.o[0m
[4.277s] [ 95%] [32m[1mLinking C shared library rosidl_generator_py/builtin_interfaces/builtin_interfaces_s__rosidl_typesupport_fastrtps_c.cpython-310-x86_64-linux-gnu.so[0m
[4.298s] [ 97%] [32m[1mLinking C shared library rosidl_generator_py/builtin_interfaces/builtin_interfaces_s__rosidl_typesupport_c.cpython-310-x86_64-linux-gnu.so[0m
[4.341s] [100%] [32m[1mLinking C shared library rosidl_generator_py/builtin_interfaces/builtin_interfaces_s__rosidl_typesupport_introspection_c.cpython-310-x86_64-linux-gnu.so[0m
[4.352s] [100%] Built target builtin_interfaces__rosidl_typesupport_fastrtps_c__pyext
[4.377s] [100%] Built target builtin_interfaces__rosidl_typesupport_c__pyext
[4.396s] [100%] Built target builtin_interfaces__rosidl_typesupport_introspection_c__pyext
[4.434s] Invoked command in '/home/hiromichi/rost2/build/builtin_interfaces' returned '0': AMENT_PREFIX_PATH=/home/hiromichi/rost2/install/rosidl_default_runtime:/home/hiromichi/rost2/install/rosidl_default_generators:/home/hiromichi/rost2/install/rosidl_generator_rs:/home/hiromichi/rost2/install/rosidl_runtime_rs:${AMENT_PREFIX_PATH} CMAKE_PREFIX_PATH=/home/hiromichi/rost2/install/rosidl_default_runtime:/home/hiromichi/rost2/install/rosidl_default_generators:/home/hiromichi/rost2/install/rosidl_generator_rs:/opt/ros/humble PYTHONPATH=/home/hiromichi/rost2/install/rosidl_generator_rs/local/lib/python3.10/dist-packages:${PYTHONPATH} /usr/bin/cmake --build /home/hiromichi/rost2/build/builtin_interfaces -- -j20 -l20
[4.581s] Invoking command in '/home/hiromichi/rost2/build/builtin_interfaces': AMENT_PREFIX_PATH=/home/hiromichi/rost2/install/rosidl_default_runtime:/home/hiromichi/rost2/install/rosidl_default_generators:/home/hiromichi/rost2/install/rosidl_generator_rs:/home/hiromichi/rost2/install/rosidl_runtime_rs:${AMENT_PREFIX_PATH} CMAKE_PREFIX_PATH=/home/hiromichi/rost2/install/rosidl_default_runtime:/home/hiromichi/rost2/install/rosidl_default_generators:/home/hiromichi/rost2/install/rosidl_generator_rs:/opt/ros/humble PYTHONPATH=/home/hiromichi/rost2/install/rosidl_generator_rs/local/lib/python3.10/dist-packages:${PYTHONPATH} /usr/bin/cmake --install /home/hiromichi/rost2/build/builtin_interfaces
[4.590s] -- Install configuration: ""
[4.590s] -- Installing: /home/hiromichi/rost2/install/builtin_interfaces/share/ament_index/resource_index/rosidl_interfaces/builtin_interfaces
[4.591s] -- Installing: /home/hiromichi/rost2/install/builtin_interfaces/include/builtin_interfaces/builtin_interfaces
[4.591s] -- Installing: /home/hiromichi/rost2/install/builtin_interfaces/include/builtin_interfaces/builtin_interfaces/msg
[4.591s] -- Installing: /home/hiromichi/rost2/install/builtin_interfaces/include/builtin_interfaces/builtin_interfaces/msg/duration.h
[4.592s] -- Installing: /home/hiromichi/rost2/install/builtin_interfaces/include/builtin_interfaces/builtin_interfaces/msg/rosidl_generator_c__visibility_control.h
[4.592s] -- Installing: /home/hiromichi/rost2/install/builtin_interfaces/include/builtin_interfaces/builtin_interfaces/msg/detail
[4.592s] -- Installing: /home/hiromichi/rost2/install/builtin_interfaces/include/builtin_interfaces/builtin_interfaces/msg/detail/time__type_support.h
[4.592s] -- Installing: /home/hiromichi/rost2/install/builtin_interfaces/include/builtin_interfaces/builtin_interfaces/msg/detail/time__functions.h
[4.592s] -- Installing: /home/hiromichi/rost2/install/builtin_interfaces/include/builtin_interfaces/builtin_interfaces/msg/detail/time__functions.c
[4.592s] -- Installing: /home/hiromichi/rost2/install/builtin_interfaces/include/builtin_interfaces/builtin_interfaces/msg/detail/duration__type_support.h
[4.593s] -- Installing: /home/hiromichi/rost2/install/builtin_interfaces/include/builtin_interfaces/builtin_interfaces/msg/detail/time__struct.h
[4.593s] -- Installing: /home/hiromichi/rost2/install/builtin_interfaces/include/builtin_interfaces/builtin_interfaces/msg/detail/duration__struct.h
[4.593s] -- Installing: /home/hiromichi/rost2/install/builtin_interfaces/include/builtin_interfaces/builtin_interfaces/msg/detail/duration__functions.h
[4.593s] -- Installing: /home/hiromichi/rost2/install/builtin_interfaces/include/builtin_interfaces/builtin_interfaces/msg/detail/duration__functions.c
[4.593s] -- Installing: /home/hiromichi/rost2/install/builtin_interfaces/include/builtin_interfaces/builtin_interfaces/msg/time.h
[4.593s] -- Installing: /home/hiromichi/rost2/install/builtin_interfaces/share/builtin_interfaces/environment/library_path.sh
[4.595s] -- Installing: /home/hiromichi/rost2/install/builtin_interfaces/share/builtin_interfaces/environment/library_path.dsv
[4.595s] -- Installing: /home/hiromichi/rost2/install/builtin_interfaces/lib/libbuiltin_interfaces__rosidl_generator_c.so
[4.595s] -- Set runtime path of "/home/hiromichi/rost2/install/builtin_interfaces/lib/libbuiltin_interfaces__rosidl_generator_c.so" to ""
[4.595s] -- Up-to-date: /home/hiromichi/rost2/install/builtin_interfaces/include/builtin_interfaces/builtin_interfaces
[4.596s] -- Up-to-date: /home/hiromichi/rost2/install/builtin_interfaces/include/builtin_interfaces/builtin_interfaces/msg
[4.596s] -- Installing: /home/hiromichi/rost2/install/builtin_interfaces/include/builtin_interfaces/builtin_interfaces/msg/rosidl_typesupport_fastrtps_c__visibility_control.h
[4.596s] -- Up-to-date: /home/hiromichi/rost2/install/builtin_interfaces/include/builtin_interfaces/builtin_interfaces/msg/detail
[4.597s] -- Installing: /home/hiromichi/rost2/install/builtin_interfaces/include/builtin_interfaces/builtin_interfaces/msg/detail/duration__rosidl_typesupport_fastrtps_c.h
[4.597s] -- Installing: /home/hiromichi/rost2/install/builtin_interfaces/include/builtin_interfaces/builtin_interfaces/msg/detail/time__rosidl_typesupport_fastrtps_c.h
[4.597s] -- Installing: /home/hiromichi/rost2/install/builtin_interfaces/lib/libbuiltin_interfaces__rosidl_typesupport_fastrtps_c.so
[4.597s] -- Set runtime path of "/home/hiromichi/rost2/install/builtin_interfaces/lib/libbuiltin_interfaces__rosidl_typesupport_fastrtps_c.so" to ""
[4.598s] -- Up-to-date: /home/hiromichi/rost2/install/builtin_interfaces/include/builtin_interfaces/builtin_interfaces
[4.598s] -- Up-to-date: /home/hiromichi/rost2/install/builtin_interfaces/include/builtin_interfaces/builtin_interfaces/msg
[4.598s] -- Installing: /home/hiromichi/rost2/install/builtin_interfaces/include/builtin_interfaces/builtin_interfaces/msg/rosidl_typesupport_introspection_c__visibility_control.h
[4.598s] -- Up-to-date: /home/hiromichi/rost2/install/builtin_interfaces/include/builtin_interfaces/builtin_interfaces/msg/detail
[4.598s] -- Installing: /home/hiromichi/rost2/install/builtin_interfaces/include/builtin_interfaces/builtin_interfaces/msg/detail/duration__rosidl_typesupport_introspection_c.h
[4.598s] -- Installing: /home/hiromichi/rost2/install/builtin_interfaces/include/builtin_interfaces/builtin_interfaces/msg/detail/time__rosidl_typesupport_introspection_c.h
[4.598s] -- Installing: /home/hiromichi/rost2/install/builtin_interfaces/include/builtin_interfaces/builtin_interfaces/msg/detail/time__type_support.c
[4.598s] -- Installing: /home/hiromichi/rost2/install/builtin_interfaces/include/builtin_interfaces/builtin_interfaces/msg/detail/duration__type_support.c
[4.599s] -- Installing: /home/hiromichi/rost2/install/builtin_interfaces/lib/libbuiltin_interfaces__rosidl_typesupport_introspection_c.so
[4.599s] -- Set runtime path of "/home/hiromichi/rost2/install/builtin_interfaces/lib/libbuiltin_interfaces__rosidl_typesupport_introspection_c.so" to ""
[4.599s] -- Installing: /home/hiromichi/rost2/install/builtin_interfaces/lib/libbuiltin_interfaces__rosidl_typesupport_c.so
[4.599s] -- Set runtime path of "/home/hiromichi/rost2/install/builtin_interfaces/lib/libbuiltin_interfaces__rosidl_typesupport_c.so" to ""
[4.599s] -- Up-to-date: /home/hiromichi/rost2/install/builtin_interfaces/include/builtin_interfaces/builtin_interfaces
[4.599s] -- Up-to-date: /home/hiromichi/rost2/install/builtin_interfaces/include/builtin_interfaces/builtin_interfaces/msg
[4.599s] -- Installing: /home/hiromichi/rost2/install/builtin_interfaces/include/builtin_interfaces/builtin_interfaces/msg/duration.hpp
[4.599s] -- Installing: /home/hiromichi/rost2/install/builtin_interfaces/include/builtin_interfaces/builtin_interfaces/msg/time.hpp
[4.599s] -- Up-to-date: /home/hiromichi/rost2/install/builtin_interfaces/include/builtin_interfaces/builtin_interfaces/msg/detail
[4.599s] -- Installing: /home/hiromichi/rost2/install/builtin_interfaces/include/builtin_interfaces/builtin_interfaces/msg/detail/time__builder.hpp
[4.599s] -- Installing: /home/hiromichi/rost2/install/builtin_interfaces/include/builtin_interfaces/builtin_interfaces/msg/detail/duration__traits.hpp
[4.599s] -- Installing: /home/hiromichi/rost2/install/builtin_interfaces/include/builtin_interfaces/builtin_interfaces/msg/detail/duration__struct.hpp
[4.599s] -- Installing: /home/hiromichi/rost2/install/builtin_interfaces/include/builtin_interfaces/builtin_interfaces/msg/detail/duration__builder.hpp
[4.600s] -- Installing: /home/hiromichi/rost2/install/builtin_interfaces/include/builtin_interfaces/builtin_interfaces/msg/detail/time__traits.hpp
[4.600s] -- Installing: /home/hiromichi/rost2/install/builtin_interfaces/include/builtin_interfaces/builtin_interfaces/msg/detail/time__struct.hpp
[4.600s] -- Up-to-date: /home/hiromichi/rost2/install/builtin_interfaces/include/builtin_interfaces/builtin_interfaces
[4.601s] -- Up-to-date: /home/hiromichi/rost2/install/builtin_interfaces/include/builtin_interfaces/builtin_interfaces/msg
[4.601s] -- Installing: /home/hiromichi/rost2/install/builtin_interfaces/include/builtin_interfaces/builtin_interfaces/msg/rosidl_typesupport_fastrtps_cpp__visibility_control.h
[4.602s] -- Up-to-date: /home/hiromichi/rost2/install/builtin_interfaces/include/builtin_interfaces/builtin_interfaces/msg/detail
[4.602s] -- Installing: /home/hiromichi/rost2/install/builtin_interfaces/include/builtin_interfaces/builtin_interfaces/msg/detail/duration__rosidl_typesupport_fastrtps_cpp.hpp
[4.602s] -- Installing: /home/hiromichi/rost2/install/builtin_interfaces/include/builtin_interfaces/builtin_interfaces/msg/detail/dds_fastrtps
[4.602s] -- Installing: /home/hiromichi/rost2/install/builtin_interfaces/include/builtin_interfaces/builtin_interfaces/msg/detail/time__rosidl_typesupport_fastrtps_cpp.hpp
[4.603s] -- Installing: /home/hiromichi/rost2/install/builtin_interfaces/lib/libbuiltin_interfaces__rosidl_typesupport_fastrtps_cpp.so
[4.603s] -- Set runtime path of "/home/hiromichi/rost2/install/builtin_interfaces/lib/libbuiltin_interfaces__rosidl_typesupport_fastrtps_cpp.so" to ""
[4.603s] -- Up-to-date: /home/hiromichi/rost2/install/builtin_interfaces/include/builtin_interfaces/builtin_interfaces
[4.603s] -- Up-to-date: /home/hiromichi/rost2/install/builtin_interfaces/include/builtin_interfaces/builtin_interfaces/msg
[4.603s] -- Up-to-date: /home/hiromichi/rost2/install/builtin_interfaces/include/builtin_interfaces/builtin_interfaces/msg/detail
[4.603s] -- Installing: /home/hiromichi/rost2/install/builtin_interfaces/include/builtin_interfaces/builtin_interfaces/msg/detail/duration__rosidl_typesupport_introspection_cpp.hpp
[4.603s] -- Installing: /home/hiromichi/rost2/install/builtin_interfaces/include/builtin_interfaces/builtin_interfaces/msg/detail/time__rosidl_typesupport_introspection_cpp.hpp
[4.603s] -- Installing: /home/hiromichi/rost2/install/builtin_interfaces/include/builtin_interfaces/builtin_interfaces/msg/detail/time__type_support.cpp
[4.603s] -- Installing: /home/hiromichi/rost2/install/builtin_interfaces/include/builtin_interfaces/builtin_interfaces/msg/detail/duration__type_support.cpp
[4.604s] -- Installing: /home/hiromichi/rost2/install/builtin_interfaces/lib/libbuiltin_interfaces__rosidl_typesupport_introspection_cpp.so
[4.604s] -- Set runtime path of "/home/hiromichi/rost2/install/builtin_interfaces/lib/libbuiltin_interfaces__rosidl_typesupport_introspection_cpp.so" to ""
[4.604s] -- Installing: /home/hiromichi/rost2/install/builtin_interfaces/lib/libbuiltin_interfaces__rosidl_typesupport_cpp.so
[4.604s] -- Set runtime path of "/home/hiromichi/rost2/install/builtin_interfaces/lib/libbuiltin_interfaces__rosidl_typesupport_cpp.so" to ""
[4.605s] -- Installing: /home/hiromichi/rost2/install/builtin_interfaces/share/ament_index/resource_index/rust_packages/builtin_interfaces
[4.605s] -- Installing: /home/hiromichi/rost2/install/builtin_interfaces/share/builtin_interfaces/rust
[4.605s] -- Installing: /home/hiromichi/rost2/install/builtin_interfaces/share/builtin_interfaces/rust/src
[4.605s] -- Installing: /home/hiromichi/rost2/install/builtin_interfaces/share/builtin_interfaces/rust/src/msg.rs
[4.605s] -- Installing: /home/hiromichi/rost2/install/builtin_interfaces/share/builtin_interfaces/rust/src/lib.rs
[4.605s] -- Installing: /home/hiromichi/rost2/install/builtin_interfaces/share/builtin_interfaces/rust/Cargo.toml
[4.605s] -- Installing: /home/hiromichi/rost2/install/builtin_interfaces/share/builtin_interfaces/rust/build.rs
[4.605s] -- Installing: /home/hiromichi/rost2/install/builtin_interfaces/share/builtin_interfaces/environment/pythonpath.sh
[4.606s] -- Installing: /home/hiromichi/rost2/install/builtin_interfaces/share/builtin_interfaces/environment/pythonpath.dsv
[4.606s] -- Installing: /home/hiromichi/rost2/install/builtin_interfaces/local/lib/python3.10/dist-packages/builtin_interfaces-1.2.1-py3.10.egg-info
[4.606s] -- Installing: /home/hiromichi/rost2/install/builtin_interfaces/local/lib/python3.10/dist-packages/builtin_interfaces-1.2.1-py3.10.egg-info/top_level.txt
[4.606s] -- Installing: /home/hiromichi/rost2/install/builtin_interfaces/local/lib/python3.10/dist-packages/builtin_interfaces-1.2.1-py3.10.egg-info/dependency_links.txt
[4.606s] -- Installing: /home/hiromichi/rost2/install/builtin_interfaces/local/lib/python3.10/dist-packages/builtin_interfaces-1.2.1-py3.10.egg-info/SOURCES.txt
[4.606s] -- Installing: /home/hiromichi/rost2/install/builtin_interfaces/local/lib/python3.10/dist-packages/builtin_interfaces-1.2.1-py3.10.egg-info/PKG-INFO
[4.606s] -- Installing: /home/hiromichi/rost2/install/builtin_interfaces/local/lib/python3.10/dist-packages/builtin_interfaces
[4.607s] -- Installing: /home/hiromichi/rost2/install/builtin_interfaces/local/lib/python3.10/dist-packages/builtin_interfaces/libbuiltin_interfaces__rosidl_generator_py.so
[4.607s] -- Installing: /home/hiromichi/rost2/install/builtin_interfaces/local/lib/python3.10/dist-packages/builtin_interfaces/builtin_interfaces_s__rosidl_typesupport_introspection_c.cpython-310-x86_64-linux-gnu.so
[4.608s] -- Installing: /home/hiromichi/rost2/install/builtin_interfaces/local/lib/python3.10/dist-packages/builtin_interfaces/builtin_interfaces_s__rosidl_typesupport_fastrtps_c.cpython-310-x86_64-linux-gnu.so
[4.608s] -- Installing: /home/hiromichi/rost2/install/builtin_interfaces/local/lib/python3.10/dist-packages/builtin_interfaces/_builtin_interfaces_s.ep.rosidl_typesupport_fastrtps_c.c
[4.608s] -- Installing: /home/hiromichi/rost2/install/builtin_interfaces/local/lib/python3.10/dist-packages/builtin_interfaces/msg
[4.608s] -- Installing: /home/hiromichi/rost2/install/builtin_interfaces/local/lib/python3.10/dist-packages/builtin_interfaces/msg/_time.py
[4.608s] -- Installing: /home/hiromichi/rost2/install/builtin_interfaces/local/lib/python3.10/dist-packages/builtin_interfaces/msg/_duration_s.c
[4.608s] -- Installing: /home/hiromichi/rost2/install/builtin_interfaces/local/lib/python3.10/dist-packages/builtin_interfaces/msg/_duration.py
[4.608s] -- Installing: /home/hiromichi/rost2/install/builtin_interfaces/local/lib/python3.10/dist-packages/builtin_interfaces/msg/_time_s.c
[4.608s] -- Installing: /home/hiromichi/rost2/install/builtin_interfaces/local/lib/python3.10/dist-packages/builtin_interfaces/msg/__init__.py
[4.608s] -- Installing: /home/hiromichi/rost2/install/builtin_interfaces/local/lib/python3.10/dist-packages/builtin_interfaces/_builtin_interfaces_s.ep.rosidl_typesupport_introspection_c.c
[4.608s] -- Installing: /home/hiromichi/rost2/install/builtin_interfaces/local/lib/python3.10/dist-packages/builtin_interfaces/_builtin_interfaces_s.ep.rosidl_typesupport_c.c
[4.608s] -- Installing: /home/hiromichi/rost2/install/builtin_interfaces/local/lib/python3.10/dist-packages/builtin_interfaces/builtin_interfaces_s__rosidl_typesupport_c.cpython-310-x86_64-linux-gnu.so
[4.609s] -- Installing: /home/hiromichi/rost2/install/builtin_interfaces/local/lib/python3.10/dist-packages/builtin_interfaces/__init__.py
[4.649s] Listing '/home/hiromichi/rost2/install/builtin_interfaces/local/lib/python3.10/dist-packages/builtin_interfaces'...
[4.649s] Compiling '/home/hiromichi/rost2/install/builtin_interfaces/local/lib/python3.10/dist-packages/builtin_interfaces/__init__.py'...
[4.650s] Listing '/home/hiromichi/rost2/install/builtin_interfaces/local/lib/python3.10/dist-packages/builtin_interfaces/msg'...
[4.650s] Compiling '/home/hiromichi/rost2/install/builtin_interfaces/local/lib/python3.10/dist-packages/builtin_interfaces/msg/__init__.py'...
[4.650s] Compiling '/home/hiromichi/rost2/install/builtin_interfaces/local/lib/python3.10/dist-packages/builtin_interfaces/msg/_duration.py'...
[4.650s] Compiling '/home/hiromichi/rost2/install/builtin_interfaces/local/lib/python3.10/dist-packages/builtin_interfaces/msg/_time.py'...
[4.657s] -- Installing: /home/hiromichi/rost2/install/builtin_interfaces/local/lib/python3.10/dist-packages/builtin_interfaces/builtin_interfaces_s__rosidl_typesupport_fastrtps_c.cpython-310-x86_64-linux-gnu.so
[4.657s] -- Set runtime path of "/home/hiromichi/rost2/install/builtin_interfaces/local/lib/python3.10/dist-packages/builtin_interfaces/builtin_interfaces_s__rosidl_typesupport_fastrtps_c.cpython-310-x86_64-linux-gnu.so" to ""
[4.657s] -- Installing: /home/hiromichi/rost2/install/builtin_interfaces/local/lib/python3.10/dist-packages/builtin_interfaces/builtin_interfaces_s__rosidl_typesupport_introspection_c.cpython-310-x86_64-linux-gnu.so
[4.657s] -- Set runtime path of "/home/hiromichi/rost2/install/builtin_interfaces/local/lib/python3.10/dist-packages/builtin_interfaces/builtin_interfaces_s__rosidl_typesupport_introspection_c.cpython-310-x86_64-linux-gnu.so" to ""
[4.658s] -- Installing: /home/hiromichi/rost2/install/builtin_interfaces/local/lib/python3.10/dist-packages/builtin_interfaces/builtin_interfaces_s__rosidl_typesupport_c.cpython-310-x86_64-linux-gnu.so
[4.658s] -- Set runtime path of "/home/hiromichi/rost2/install/builtin_interfaces/local/lib/python3.10/dist-packages/builtin_interfaces/builtin_interfaces_s__rosidl_typesupport_c.cpython-310-x86_64-linux-gnu.so" to ""
[4.659s] -- Installing: /home/hiromichi/rost2/install/builtin_interfaces/lib/libbuiltin_interfaces__rosidl_generator_py.so
[4.661s] -- Set runtime path of "/home/hiromichi/rost2/install/builtin_interfaces/lib/libbuiltin_interfaces__rosidl_generator_py.so" to ""
[4.662s] -- Installing: /home/hiromichi/rost2/install/builtin_interfaces/share/builtin_interfaces/msg/Duration.idl
[4.662s] -- Installing: /home/hiromichi/rost2/install/builtin_interfaces/share/builtin_interfaces/msg/Time.idl
[4.662s] -- Installing: /home/hiromichi/rost2/install/builtin_interfaces/share/builtin_interfaces/msg/Duration.msg
[4.663s] -- Installing: /home/hiromichi/rost2/install/builtin_interfaces/share/builtin_interfaces/msg/Time.msg
[4.663s] -- Installing: /home/hiromichi/rost2/install/builtin_interfaces/share/ament_index/resource_index/package_run_dependencies/builtin_interfaces
[4.663s] -- Installing: /home/hiromichi/rost2/install/builtin_interfaces/share/ament_index/resource_index/parent_prefix_path/builtin_interfaces
[4.664s] -- Installing: /home/hiromichi/rost2/install/builtin_interfaces/share/builtin_interfaces/environment/ament_prefix_path.sh
[4.664s] -- Installing: /home/hiromichi/rost2/install/builtin_interfaces/share/builtin_interfaces/environment/ament_prefix_path.dsv
[4.664s] -- Installing: /home/hiromichi/rost2/install/builtin_interfaces/share/builtin_interfaces/environment/path.sh
[4.665s] -- Installing: /home/hiromichi/rost2/install/builtin_interfaces/share/builtin_interfaces/environment/path.dsv
[4.665s] -- Installing: /home/hiromichi/rost2/install/builtin_interfaces/share/builtin_interfaces/local_setup.bash
[4.665s] -- Installing: /home/hiromichi/rost2/install/builtin_interfaces/share/builtin_interfaces/local_setup.sh
[4.665s] -- Installing: /home/hiromichi/rost2/install/builtin_interfaces/share/builtin_interfaces/local_setup.zsh
[4.666s] -- Installing: /home/hiromichi/rost2/install/builtin_interfaces/share/builtin_interfaces/local_setup.dsv
[4.666s] -- Installing: /home/hiromichi/rost2/install/builtin_interfaces/share/builtin_interfaces/package.dsv
[4.666s] -- Installing: /home/hiromichi/rost2/install/builtin_interfaces/share/ament_index/resource_index/packages/builtin_interfaces
[4.666s] -- Installing: /home/hiromichi/rost2/install/builtin_interfaces/share/builtin_interfaces/cmake/export_builtin_interfaces__rosidl_generator_cExport.cmake
[4.667s] -- Installing: /home/hiromichi/rost2/install/builtin_interfaces/share/builtin_interfaces/cmake/export_builtin_interfaces__rosidl_generator_cExport-noconfig.cmake
[4.667s] -- Installing: /home/hiromichi/rost2/install/builtin_interfaces/share/builtin_interfaces/cmake/export_builtin_interfaces__rosidl_typesupport_fastrtps_cExport.cmake
[4.667s] -- Installing: /home/hiromichi/rost2/install/builtin_interfaces/share/builtin_interfaces/cmake/export_builtin_interfaces__rosidl_typesupport_fastrtps_cExport-noconfig.cmake
[4.667s] -- Installing: /home/hiromichi/rost2/install/builtin_interfaces/share/builtin_interfaces/cmake/builtin_interfaces__rosidl_typesupport_introspection_cExport.cmake
[4.668s] -- Installing: /home/hiromichi/rost2/install/builtin_interfaces/share/builtin_interfaces/cmake/builtin_interfaces__rosidl_typesupport_introspection_cExport-noconfig.cmake
[4.668s] -- Installing: /home/hiromichi/rost2/install/builtin_interfaces/share/builtin_interfaces/cmake/builtin_interfaces__rosidl_typesupport_cExport.cmake
[4.668s] -- Installing: /home/hiromichi/rost2/install/builtin_interfaces/share/builtin_interfaces/cmake/builtin_interfaces__rosidl_typesupport_cExport-noconfig.cmake
[4.668s] -- Installing: /home/hiromichi/rost2/install/builtin_interfaces/share/builtin_interfaces/cmake/export_builtin_interfaces__rosidl_generator_cppExport.cmake
[4.669s] -- Installing: /home/hiromichi/rost2/install/builtin_interfaces/share/builtin_interfaces/cmake/export_builtin_interfaces__rosidl_typesupport_fastrtps_cppExport.cmake
[4.669s] -- Installing: /home/hiromichi/rost2/install/builtin_interfaces/share/builtin_interfaces/cmake/export_builtin_interfaces__rosidl_typesupport_fastrtps_cppExport-noconfig.cmake
[4.669s] -- Installing: /home/hiromichi/rost2/install/builtin_interfaces/share/builtin_interfaces/cmake/builtin_interfaces__rosidl_typesupport_introspection_cppExport.cmake
[4.669s] -- Installing: /home/hiromichi/rost2/install/builtin_interfaces/share/builtin_interfaces/cmake/builtin_interfaces__rosidl_typesupport_introspection_cppExport-noconfig.cmake
[4.670s] -- Installing: /home/hiromichi/rost2/install/builtin_interfaces/share/builtin_interfaces/cmake/builtin_interfaces__rosidl_typesupport_cppExport.cmake
[4.670s] -- Installing: /home/hiromichi/rost2/install/builtin_interfaces/share/builtin_interfaces/cmake/builtin_interfaces__rosidl_typesupport_cppExport-noconfig.cmake
[4.670s] -- Installing: /home/hiromichi/rost2/install/builtin_interfaces/share/builtin_interfaces/cmake/export_builtin_interfaces__rosidl_generator_pyExport.cmake
[4.670s] -- Installing: /home/hiromichi/rost2/install/builtin_interfaces/share/builtin_interfaces/cmake/export_builtin_interfaces__rosidl_generator_pyExport-noconfig.cmake
[4.670s] -- Installing: /home/hiromichi/rost2/install/builtin_interfaces/share/builtin_interfaces/cmake/rosidl_cmake-extras.cmake
[4.671s] -- Installing: /home/hiromichi/rost2/install/builtin_interfaces/share/builtin_interfaces/cmake/ament_cmake_export_include_directories-extras.cmake
[4.671s] -- Installing: /home/hiromichi/rost2/install/builtin_interfaces/share/builtin_interfaces/cmake/ament_cmake_export_libraries-extras.cmake
[4.671s] -- Installing: /home/hiromichi/rost2/install/builtin_interfaces/share/builtin_interfaces/cmake/ament_cmake_export_targets-extras.cmake
[4.671s] -- Installing: /home/hiromichi/rost2/install/builtin_interfaces/share/builtin_interfaces/cmake/rosidl_cmake_export_typesupport_targets-extras.cmake
[4.672s] -- Installing: /home/hiromichi/rost2/install/builtin_interfaces/share/builtin_interfaces/cmake/ament_cmake_export_dependencies-extras.cmake
[4.672s] -- Installing: /home/hiromichi/rost2/install/builtin_interfaces/share/builtin_interfaces/cmake/rosidl_cmake_export_typesupport_libraries-extras.cmake
[4.672s] -- Installing: /home/hiromichi/rost2/install/builtin_interfaces/share/builtin_interfaces/cmake/builtin_interfacesConfig.cmake
[4.672s] -- Installing: /home/hiromichi/rost2/install/builtin_interfaces/share/builtin_interfaces/cmake/builtin_interfacesConfig-version.cmake
[4.673s] -- Installing: /home/hiromichi/rost2/install/builtin_interfaces/share/builtin_interfaces/package.xml
[4.680s] Invoked command in '/home/hiromichi/rost2/build/builtin_interfaces' returned '0': AMENT_PREFIX_PATH=/home/hiromichi/rost2/install/rosidl_default_runtime:/home/hiromichi/rost2/install/rosidl_default_generators:/home/hiromichi/rost2/install/rosidl_generator_rs:/home/hiromichi/rost2/install/rosidl_runtime_rs:${AMENT_PREFIX_PATH} CMAKE_PREFIX_PATH=/home/hiromichi/rost2/install/rosidl_default_runtime:/home/hiromichi/rost2/install/rosidl_default_generators:/home/hiromichi/rost2/install/rosidl_generator_rs:/opt/ros/humble PYTHONPATH=/home/hiromichi/rost2/install/rosidl_generator_rs/local/lib/python3.10/dist-packages:${PYTHONPATH} /usr/bin/cmake --install /home/hiromichi/rost2/build/builtin_interfaces
