[0.220s] Invoking command in '/home/hiro/rust_ws/src/build/rcl_interfaces': AMENT_PREFIX_PATH=/home/hiro/rust_ws/src/install/builtin_interfaces:/home/hiro/rust_ws/src/install/rosidl_default_runtime:/home/hiro/rust_ws/src/install/rosidl_default_generators:/home/hiro/rust_ws/src/install/rosidl_generator_rs:/home/hiro/rust_ws/src/install/rosidl_runtime_rs:${AMENT_PREFIX_PATH} CMAKE_PREFIX_PATH=/home/hiro/rust_ws/src/install/builtin_interfaces:/home/hiro/rust_ws/src/install/rosidl_default_runtime:/home/hiro/rust_ws/src/install/rosidl_default_generators:/home/hiro/rust_ws/src/install/rosidl_generator_rs:/home/hiro/ws_livox/install/livox_ros_driver2:/opt/ros/humble LD_LIBRARY_PATH=/home/hiro/rust_ws/src/install/builtin_interfaces/lib:${LD_LIBRARY_PATH} PYTHONPATH=/home/hiro/rust_ws/src/install/builtin_interfaces/local/lib/python3.10/dist-packages:/home/hiro/rust_ws/src/install/rosidl_generator_rs/local/lib/python3.10/dist-packages:${PYTHONPATH} /usr/bin/cmake --build /home/hiro/rust_ws/src/build/rcl_interfaces -- -j22 -l22
[0.269s] [35m[1mConsolidate compiler generated dependencies of target rcl_interfaces__rosidl_generator_c[0m
[0.270s] [  0%] Built target rcl_interfaces__cpp
[0.272s] [  1%] Built target rcl_interfaces__rs
[0.294s] [35m[1mConsolidate compiler generated dependencies of target rcl_interfaces__rosidl_typesupport_introspection_cpp[0m
[0.294s] [ 11%] Built target ament_cmake_python_copy_rcl_interfaces
[0.294s] [35m[1mConsolidate compiler generated dependencies of target rcl_interfaces__rosidl_typesupport_cpp[0m
[0.295s] [35m[1mConsolidate compiler generated dependencies of target rcl_interfaces__rosidl_typesupport_fastrtps_cpp[0m
[0.296s] [ 13%] Built target rcl_interfaces__rosidl_generator_c
[0.320s] [35m[1mConsolidate compiler generated dependencies of target rcl_interfaces__rosidl_typesupport_fastrtps_c[0m
[0.321s] [35m[1mConsolidate compiler generated dependencies of target rcl_interfaces__rosidl_typesupport_introspection_c[0m
[0.333s] [ 25%] Built target rcl_interfaces__rosidl_typesupport_introspection_cpp
[0.338s] [35m[1mConsolidate compiler generated dependencies of target rcl_interfaces__rosidl_typesupport_c[0m
[0.344s] [ 37%] Built target rcl_interfaces__rosidl_typesupport_cpp
[0.346s] [ 49%] Built target rcl_interfaces__rosidl_typesupport_fastrtps_cpp
[0.348s] [ 61%] Built target rcl_interfaces__rosidl_typesupport_introspection_c
[0.360s] [ 73%] Built target rcl_interfaces__rosidl_typesupport_c
[0.364s] [ 85%] Built target rcl_interfaces__rosidl_typesupport_fastrtps_c
[0.391s] [ 85%] Built target rcl_interfaces
[0.418s] [ 86%] Built target rcl_interfaces__py
[0.434s] [35m[1mConsolidate compiler generated dependencies of target rcl_interfaces__rosidl_generator_py[0m
[0.466s] [ 97%] Built target rcl_interfaces__rosidl_generator_py
[0.476s] [35m[1mConsolidate compiler generated dependencies of target rcl_interfaces__rosidl_typesupport_fastrtps_c__pyext[0m
[0.476s] [35m[1mConsolidate compiler generated dependencies of target rcl_interfaces__rosidl_typesupport_introspection_c__pyext[0m
[0.477s] [35m[1mConsolidate compiler generated dependencies of target rcl_interfaces__rosidl_typesupport_c__pyext[0m
[0.489s] [ 99%] Built target rcl_interfaces__rosidl_typesupport_c__pyext
[0.490s] [ 99%] Built target rcl_interfaces__rosidl_typesupport_introspection_c__pyext
[0.490s] [100%] Built target rcl_interfaces__rosidl_typesupport_fastrtps_c__pyext
[0.725s] running egg_info
[0.741s] writing rcl_interfaces.egg-info/PKG-INFO
[0.742s] writing dependency_links to rcl_interfaces.egg-info/dependency_links.txt
[0.742s] writing top-level names to rcl_interfaces.egg-info/top_level.txt
[0.780s] reading manifest file 'rcl_interfaces.egg-info/SOURCES.txt'
[0.781s] writing manifest file 'rcl_interfaces.egg-info/SOURCES.txt'
[0.822s] [100%] Built target ament_cmake_python_build_rcl_interfaces_egg
[0.834s] Invoked command in '/home/hiro/rust_ws/src/build/rcl_interfaces' returned '0': AMENT_PREFIX_PATH=/home/hiro/rust_ws/src/install/builtin_interfaces:/home/hiro/rust_ws/src/install/rosidl_default_runtime:/home/hiro/rust_ws/src/install/rosidl_default_generators:/home/hiro/rust_ws/src/install/rosidl_generator_rs:/home/hiro/rust_ws/src/install/rosidl_runtime_rs:${AMENT_PREFIX_PATH} CMAKE_PREFIX_PATH=/home/hiro/rust_ws/src/install/builtin_interfaces:/home/hiro/rust_ws/src/install/rosidl_default_runtime:/home/hiro/rust_ws/src/install/rosidl_default_generators:/home/hiro/rust_ws/src/install/rosidl_generator_rs:/home/hiro/ws_livox/install/livox_ros_driver2:/opt/ros/humble LD_LIBRARY_PATH=/home/hiro/rust_ws/src/install/builtin_interfaces/lib:${LD_LIBRARY_PATH} PYTHONPATH=/home/hiro/rust_ws/src/install/builtin_interfaces/local/lib/python3.10/dist-packages:/home/hiro/rust_ws/src/install/rosidl_generator_rs/local/lib/python3.10/dist-packages:${PYTHONPATH} /usr/bin/cmake --build /home/hiro/rust_ws/src/build/rcl_interfaces -- -j22 -l22
[1.154s] Invoking command in '/home/hiro/rust_ws/src/build/rcl_interfaces': AMENT_PREFIX_PATH=/home/hiro/rust_ws/src/install/builtin_interfaces:/home/hiro/rust_ws/src/install/rosidl_default_runtime:/home/hiro/rust_ws/src/install/rosidl_default_generators:/home/hiro/rust_ws/src/install/rosidl_generator_rs:/home/hiro/rust_ws/src/install/rosidl_runtime_rs:${AMENT_PREFIX_PATH} CMAKE_PREFIX_PATH=/home/hiro/rust_ws/src/install/builtin_interfaces:/home/hiro/rust_ws/src/install/rosidl_default_runtime:/home/hiro/rust_ws/src/install/rosidl_default_generators:/home/hiro/rust_ws/src/install/rosidl_generator_rs:/home/hiro/ws_livox/install/livox_ros_driver2:/opt/ros/humble LD_LIBRARY_PATH=/home/hiro/rust_ws/src/install/builtin_interfaces/lib:${LD_LIBRARY_PATH} PYTHONPATH=/home/hiro/rust_ws/src/install/builtin_interfaces/local/lib/python3.10/dist-packages:/home/hiro/rust_ws/src/install/rosidl_generator_rs/local/lib/python3.10/dist-packages:${PYTHONPATH} /usr/bin/cmake --install /home/hiro/rust_ws/src/build/rcl_interfaces
[1.161s] -- Install configuration: ""
[1.161s] -- Up-to-date: /home/hiro/rust_ws/src/install/rcl_interfaces/share/ament_index/resource_index/rosidl_interfaces/rcl_interfaces
[1.161s] -- Up-to-date: /home/hiro/rust_ws/src/install/rcl_interfaces/include/rcl_interfaces/rcl_interfaces
[1.161s] -- Up-to-date: /home/hiro/rust_ws/src/install/rcl_interfaces/include/rcl_interfaces/rcl_interfaces/msg
[1.161s] -- Up-to-date: /home/hiro/rust_ws/src/install/rcl_interfaces/include/rcl_interfaces/rcl_interfaces/msg/floating_point_range.h
[1.163s] -- Up-to-date: /home/hiro/rust_ws/src/install/rcl_interfaces/include/rcl_interfaces/rcl_interfaces/msg/integer_range.h
[1.163s] -- Up-to-date: /home/hiro/rust_ws/src/install/rcl_interfaces/include/rcl_interfaces/rcl_interfaces/msg/parameter.h
[1.163s] -- Up-to-date: /home/hiro/rust_ws/src/install/rcl_interfaces/include/rcl_interfaces/rcl_interfaces/msg/list_parameters_result.h
[1.164s] -- Up-to-date: /home/hiro/rust_ws/src/install/rcl_interfaces/include/rcl_interfaces/rcl_interfaces/msg/parameter_descriptor.h
[1.164s] -- Up-to-date: /home/hiro/rust_ws/src/install/rcl_interfaces/include/rcl_interfaces/rcl_interfaces/msg/log.h
[1.164s] -- Up-to-date: /home/hiro/rust_ws/src/install/rcl_interfaces/include/rcl_interfaces/rcl_interfaces/msg/rosidl_generator_c__visibility_control.h
[1.165s] -- Up-to-date: /home/hiro/rust_ws/src/install/rcl_interfaces/include/rcl_interfaces/rcl_interfaces/msg/parameter_type.h
[1.167s] -- Up-to-date: /home/hiro/rust_ws/src/install/rcl_interfaces/include/rcl_interfaces/rcl_interfaces/msg/parameter_event_descriptors.h
[1.167s] -- Up-to-date: /home/hiro/rust_ws/src/install/rcl_interfaces/include/rcl_interfaces/rcl_interfaces/msg/detail
[1.167s] -- Up-to-date: /home/hiro/rust_ws/src/install/rcl_interfaces/include/rcl_interfaces/rcl_interfaces/msg/detail/list_parameters_result__struct.h
[1.167s] -- Up-to-date: /home/hiro/rust_ws/src/install/rcl_interfaces/include/rcl_interfaces/rcl_interfaces/msg/detail/parameter_type__functions.h
[1.168s] -- Up-to-date: /home/hiro/rust_ws/src/install/rcl_interfaces/include/rcl_interfaces/rcl_interfaces/msg/detail/set_parameters_result__type_support.h
[1.168s] -- Up-to-date: /home/hiro/rust_ws/src/install/rcl_interfaces/include/rcl_interfaces/rcl_interfaces/msg/detail/parameter_event__type_support.h
[1.169s] -- Up-to-date: /home/hiro/rust_ws/src/install/rcl_interfaces/include/rcl_interfaces/rcl_interfaces/msg/detail/integer_range__type_support.h
[1.169s] -- Up-to-date: /home/hiro/rust_ws/src/install/rcl_interfaces/include/rcl_interfaces/rcl_interfaces/msg/detail/parameter_descriptor__functions.c
[1.170s] -- Up-to-date: /home/hiro/rust_ws/src/install/rcl_interfaces/include/rcl_interfaces/rcl_interfaces/msg/detail/parameter_value__type_support.h
[1.170s] -- Up-to-date: /home/hiro/rust_ws/src/install/rcl_interfaces/include/rcl_interfaces/rcl_interfaces/msg/detail/parameter_value__functions.h
[1.170s] -- Up-to-date: /home/hiro/rust_ws/src/install/rcl_interfaces/include/rcl_interfaces/rcl_interfaces/msg/detail/parameter_descriptor__struct.h
[1.171s] -- Up-to-date: /home/hiro/rust_ws/src/install/rcl_interfaces/include/rcl_interfaces/rcl_interfaces/msg/detail/list_parameters_result__type_support.h
[1.171s] -- Up-to-date: /home/hiro/rust_ws/src/install/rcl_interfaces/include/rcl_interfaces/rcl_interfaces/msg/detail/parameter__functions.c
[1.171s] -- Up-to-date: /home/hiro/rust_ws/src/install/rcl_interfaces/include/rcl_interfaces/rcl_interfaces/msg/detail/integer_range__functions.h
[1.172s] -- Up-to-date: /home/hiro/rust_ws/src/install/rcl_interfaces/include/rcl_interfaces/rcl_interfaces/msg/detail/parameter__type_support.h
[1.172s] -- Up-to-date: /home/hiro/rust_ws/src/install/rcl_interfaces/include/rcl_interfaces/rcl_interfaces/msg/detail/parameter_type__type_support.h
[1.172s] -- Up-to-date: /home/hiro/rust_ws/src/install/rcl_interfaces/include/rcl_interfaces/rcl_interfaces/msg/detail/parameter_value__struct.h
[1.172s] -- Up-to-date: /home/hiro/rust_ws/src/install/rcl_interfaces/include/rcl_interfaces/rcl_interfaces/msg/detail/parameter_event_descriptors__functions.h
[1.173s] -- Up-to-date: /home/hiro/rust_ws/src/install/rcl_interfaces/include/rcl_interfaces/rcl_interfaces/msg/detail/parameter__functions.h
[1.173s] -- Up-to-date: /home/hiro/rust_ws/src/install/rcl_interfaces/include/rcl_interfaces/rcl_interfaces/msg/detail/set_parameters_result__functions.h
[1.173s] -- Up-to-date: /home/hiro/rust_ws/src/install/rcl_interfaces/include/rcl_interfaces/rcl_interfaces/msg/detail/parameter_event__struct.h
[1.173s] -- Up-to-date: /home/hiro/rust_ws/src/install/rcl_interfaces/include/rcl_interfaces/rcl_interfaces/msg/detail/list_parameters_result__functions.c
[1.173s] -- Up-to-date: /home/hiro/rust_ws/src/install/rcl_interfaces/include/rcl_interfaces/rcl_interfaces/msg/detail/set_parameters_result__struct.h
[1.174s] -- Up-to-date: /home/hiro/rust_ws/src/install/rcl_interfaces/include/rcl_interfaces/rcl_interfaces/msg/detail/set_parameters_result__functions.c
[1.174s] -- Up-to-date: /home/hiro/rust_ws/src/install/rcl_interfaces/include/rcl_interfaces/rcl_interfaces/msg/detail/parameter_descriptor__type_support.h
[1.174s] -- Up-to-date: /home/hiro/rust_ws/src/install/rcl_interfaces/include/rcl_interfaces/rcl_interfaces/msg/detail/log__struct.h
[1.174s] -- Up-to-date: /home/hiro/rust_ws/src/install/rcl_interfaces/include/rcl_interfaces/rcl_interfaces/msg/detail/integer_range__functions.c
[1.174s] -- Up-to-date: /home/hiro/rust_ws/src/install/rcl_interfaces/include/rcl_interfaces/rcl_interfaces/msg/detail/list_parameters_result__functions.h
[1.174s] -- Up-to-date: /home/hiro/rust_ws/src/install/rcl_interfaces/include/rcl_interfaces/rcl_interfaces/msg/detail/parameter_event_descriptors__struct.h
[1.174s] -- Up-to-date: /home/hiro/rust_ws/src/install/rcl_interfaces/include/rcl_interfaces/rcl_interfaces/msg/detail/parameter__struct.h
[1.175s] -- Up-to-date: /home/hiro/rust_ws/src/install/rcl_interfaces/include/rcl_interfaces/rcl_interfaces/msg/detail/parameter_event_descriptors__type_support.h
[1.175s] -- Up-to-date: /home/hiro/rust_ws/src/install/rcl_interfaces/include/rcl_interfaces/rcl_interfaces/msg/detail/floating_point_range__struct.h
[1.175s] -- Up-to-date: /home/hiro/rust_ws/src/install/rcl_interfaces/include/rcl_interfaces/rcl_interfaces/msg/detail/parameter_type__functions.c
[1.175s] -- Up-to-date: /home/hiro/rust_ws/src/install/rcl_interfaces/include/rcl_interfaces/rcl_interfaces/msg/detail/log__type_support.h
[1.177s] -- Up-to-date: /home/hiro/rust_ws/src/install/rcl_interfaces/include/rcl_interfaces/rcl_interfaces/msg/detail/floating_point_range__functions.h
[1.177s] -- Up-to-date: /home/hiro/rust_ws/src/install/rcl_interfaces/include/rcl_interfaces/rcl_interfaces/msg/detail/parameter_type__struct.h
[1.177s] -- Up-to-date: /home/hiro/rust_ws/src/install/rcl_interfaces/include/rcl_interfaces/rcl_interfaces/msg/detail/floating_point_range__type_support.h
[1.177s] -- Up-to-date: /home/hiro/rust_ws/src/install/rcl_interfaces/include/rcl_interfaces/rcl_interfaces/msg/detail/log__functions.c
[1.178s] -- Up-to-date: /home/hiro/rust_ws/src/install/rcl_interfaces/include/rcl_interfaces/rcl_interfaces/msg/detail/parameter_descriptor__functions.h
[1.178s] -- Up-to-date: /home/hiro/rust_ws/src/install/rcl_interfaces/include/rcl_interfaces/rcl_interfaces/msg/detail/log__functions.h
[1.178s] -- Up-to-date: /home/hiro/rust_ws/src/install/rcl_interfaces/include/rcl_interfaces/rcl_interfaces/msg/detail/parameter_event__functions.h
[1.178s] -- Up-to-date: /home/hiro/rust_ws/src/install/rcl_interfaces/include/rcl_interfaces/rcl_interfaces/msg/detail/floating_point_range__functions.c
[1.178s] -- Up-to-date: /home/hiro/rust_ws/src/install/rcl_interfaces/include/rcl_interfaces/rcl_interfaces/msg/detail/parameter_value__functions.c
[1.178s] -- Up-to-date: /home/hiro/rust_ws/src/install/rcl_interfaces/include/rcl_interfaces/rcl_interfaces/msg/detail/parameter_event__functions.c
[1.178s] -- Up-to-date: /home/hiro/rust_ws/src/install/rcl_interfaces/include/rcl_interfaces/rcl_interfaces/msg/detail/integer_range__struct.h
[1.179s] -- Up-to-date: /home/hiro/rust_ws/src/install/rcl_interfaces/include/rcl_interfaces/rcl_interfaces/msg/detail/parameter_event_descriptors__functions.c
[1.179s] -- Up-to-date: /home/hiro/rust_ws/src/install/rcl_interfaces/include/rcl_interfaces/rcl_interfaces/msg/parameter_event.h
[1.179s] -- Up-to-date: /home/hiro/rust_ws/src/install/rcl_interfaces/include/rcl_interfaces/rcl_interfaces/msg/set_parameters_result.h
[1.179s] -- Up-to-date: /home/hiro/rust_ws/src/install/rcl_interfaces/include/rcl_interfaces/rcl_interfaces/msg/parameter_value.h
[1.179s] -- Up-to-date: /home/hiro/rust_ws/src/install/rcl_interfaces/include/rcl_interfaces/rcl_interfaces/srv
[1.179s] -- Up-to-date: /home/hiro/rust_ws/src/install/rcl_interfaces/include/rcl_interfaces/rcl_interfaces/srv/describe_parameters.h
[1.180s] -- Up-to-date: /home/hiro/rust_ws/src/install/rcl_interfaces/include/rcl_interfaces/rcl_interfaces/srv/get_parameter_types.h
[1.180s] -- Up-to-date: /home/hiro/rust_ws/src/install/rcl_interfaces/include/rcl_interfaces/rcl_interfaces/srv/list_parameters.h
[1.180s] -- Up-to-date: /home/hiro/rust_ws/src/install/rcl_interfaces/include/rcl_interfaces/rcl_interfaces/srv/set_parameters.h
[1.180s] -- Up-to-date: /home/hiro/rust_ws/src/install/rcl_interfaces/include/rcl_interfaces/rcl_interfaces/srv/detail
[1.180s] -- Up-to-date: /home/hiro/rust_ws/src/install/rcl_interfaces/include/rcl_interfaces/rcl_interfaces/srv/detail/set_parameters__functions.c
[1.180s] -- Up-to-date: /home/hiro/rust_ws/src/install/rcl_interfaces/include/rcl_interfaces/rcl_interfaces/srv/detail/set_parameters__functions.h
[1.180s] -- Up-to-date: /home/hiro/rust_ws/src/install/rcl_interfaces/include/rcl_interfaces/rcl_interfaces/srv/detail/set_parameters__struct.h
[1.181s] -- Up-to-date: /home/hiro/rust_ws/src/install/rcl_interfaces/include/rcl_interfaces/rcl_interfaces/srv/detail/set_parameters_atomically__struct.h
[1.181s] -- Up-to-date: /home/hiro/rust_ws/src/install/rcl_interfaces/include/rcl_interfaces/rcl_interfaces/srv/detail/describe_parameters__type_support.h
[1.181s] -- Up-to-date: /home/hiro/rust_ws/src/install/rcl_interfaces/include/rcl_interfaces/rcl_interfaces/srv/detail/list_parameters__functions.c
[1.181s] -- Up-to-date: /home/hiro/rust_ws/src/install/rcl_interfaces/include/rcl_interfaces/rcl_interfaces/srv/detail/describe_parameters__functions.h
[1.181s] -- Up-to-date: /home/hiro/rust_ws/src/install/rcl_interfaces/include/rcl_interfaces/rcl_interfaces/srv/detail/describe_parameters__functions.c
[1.181s] -- Up-to-date: /home/hiro/rust_ws/src/install/rcl_interfaces/include/rcl_interfaces/rcl_interfaces/srv/detail/get_parameters__functions.h
[1.181s] -- Up-to-date: /home/hiro/rust_ws/src/install/rcl_interfaces/include/rcl_interfaces/rcl_interfaces/srv/detail/set_parameters_atomically__type_support.h
[1.182s] -- Up-to-date: /home/hiro/rust_ws/src/install/rcl_interfaces/include/rcl_interfaces/rcl_interfaces/srv/detail/list_parameters__struct.h
[1.182s] -- Up-to-date: /home/hiro/rust_ws/src/install/rcl_interfaces/include/rcl_interfaces/rcl_interfaces/srv/detail/set_parameters_atomically__functions.h
[1.182s] -- Up-to-date: /home/hiro/rust_ws/src/install/rcl_interfaces/include/rcl_interfaces/rcl_interfaces/srv/detail/set_parameters__type_support.h
[1.182s] -- Up-to-date: /home/hiro/rust_ws/src/install/rcl_interfaces/include/rcl_interfaces/rcl_interfaces/srv/detail/describe_parameters__struct.h
[1.182s] -- Up-to-date: /home/hiro/rust_ws/src/install/rcl_interfaces/include/rcl_interfaces/rcl_interfaces/srv/detail/list_parameters__functions.h
[1.182s] -- Up-to-date: /home/hiro/rust_ws/src/install/rcl_interfaces/include/rcl_interfaces/rcl_interfaces/srv/detail/list_parameters__type_support.h
[1.182s] -- Up-to-date: /home/hiro/rust_ws/src/install/rcl_interfaces/include/rcl_interfaces/rcl_interfaces/srv/detail/get_parameters__type_support.h
[1.183s] -- Up-to-date: /home/hiro/rust_ws/src/install/rcl_interfaces/include/rcl_interfaces/rcl_interfaces/srv/detail/get_parameter_types__functions.h
[1.183s] -- Up-to-date: /home/hiro/rust_ws/src/install/rcl_interfaces/include/rcl_interfaces/rcl_interfaces/srv/detail/get_parameter_types__struct.h
[1.183s] -- Up-to-date: /home/hiro/rust_ws/src/install/rcl_interfaces/include/rcl_interfaces/rcl_interfaces/srv/detail/get_parameter_types__type_support.h
[1.183s] -- Up-to-date: /home/hiro/rust_ws/src/install/rcl_interfaces/include/rcl_interfaces/rcl_interfaces/srv/detail/set_parameters_atomically__functions.c
[1.183s] -- Up-to-date: /home/hiro/rust_ws/src/install/rcl_interfaces/include/rcl_interfaces/rcl_interfaces/srv/detail/get_parameters__functions.c
[1.183s] -- Up-to-date: /home/hiro/rust_ws/src/install/rcl_interfaces/include/rcl_interfaces/rcl_interfaces/srv/detail/get_parameters__struct.h
[1.183s] -- Up-to-date: /home/hiro/rust_ws/src/install/rcl_interfaces/include/rcl_interfaces/rcl_interfaces/srv/detail/get_parameter_types__functions.c
[1.183s] -- Up-to-date: /home/hiro/rust_ws/src/install/rcl_interfaces/include/rcl_interfaces/rcl_interfaces/srv/get_parameters.h
[1.183s] -- Up-to-date: /home/hiro/rust_ws/src/install/rcl_interfaces/include/rcl_interfaces/rcl_interfaces/srv/set_parameters_atomically.h
[1.183s] -- Up-to-date: /home/hiro/rust_ws/src/install/rcl_interfaces/share/rcl_interfaces/environment/library_path.sh
[1.184s] -- Up-to-date: /home/hiro/rust_ws/src/install/rcl_interfaces/share/rcl_interfaces/environment/library_path.dsv
[1.184s] -- Up-to-date: /home/hiro/rust_ws/src/install/rcl_interfaces/lib/librcl_interfaces__rosidl_generator_c.so
[1.184s] -- Up-to-date: /home/hiro/rust_ws/src/install/rcl_interfaces/include/rcl_interfaces/rcl_interfaces
[1.184s] -- Up-to-date: /home/hiro/rust_ws/src/install/rcl_interfaces/include/rcl_interfaces/rcl_interfaces/msg
[1.184s] -- Up-to-date: /home/hiro/rust_ws/src/install/rcl_interfaces/include/rcl_interfaces/rcl_interfaces/msg/detail
[1.184s] -- Up-to-date: /home/hiro/rust_ws/src/install/rcl_interfaces/include/rcl_interfaces/rcl_interfaces/msg/detail/floating_point_range__rosidl_typesupport_fastrtps_c.h
[1.184s] -- Up-to-date: /home/hiro/rust_ws/src/install/rcl_interfaces/include/rcl_interfaces/rcl_interfaces/msg/detail/parameter__rosidl_typesupport_fastrtps_c.h
[1.184s] -- Up-to-date: /home/hiro/rust_ws/src/install/rcl_interfaces/include/rcl_interfaces/rcl_interfaces/msg/detail/parameter_type__rosidl_typesupport_fastrtps_c.h
[1.184s] -- Up-to-date: /home/hiro/rust_ws/src/install/rcl_interfaces/include/rcl_interfaces/rcl_interfaces/msg/detail/parameter_descriptor__rosidl_typesupport_fastrtps_c.h
[1.184s] -- Up-to-date: /home/hiro/rust_ws/src/install/rcl_interfaces/include/rcl_interfaces/rcl_interfaces/msg/detail/list_parameters_result__rosidl_typesupport_fastrtps_c.h
[1.184s] -- Up-to-date: /home/hiro/rust_ws/src/install/rcl_interfaces/include/rcl_interfaces/rcl_interfaces/msg/detail/log__rosidl_typesupport_fastrtps_c.h
[1.184s] -- Up-to-date: /home/hiro/rust_ws/src/install/rcl_interfaces/include/rcl_interfaces/rcl_interfaces/msg/detail/parameter_value__rosidl_typesupport_fastrtps_c.h
[1.184s] -- Up-to-date: /home/hiro/rust_ws/src/install/rcl_interfaces/include/rcl_interfaces/rcl_interfaces/msg/detail/parameter_event__rosidl_typesupport_fastrtps_c.h
[1.185s] -- Up-to-date: /home/hiro/rust_ws/src/install/rcl_interfaces/include/rcl_interfaces/rcl_interfaces/msg/detail/parameter_event_descriptors__rosidl_typesupport_fastrtps_c.h
[1.185s] -- Up-to-date: /home/hiro/rust_ws/src/install/rcl_interfaces/include/rcl_interfaces/rcl_interfaces/msg/detail/set_parameters_result__rosidl_typesupport_fastrtps_c.h
[1.185s] -- Up-to-date: /home/hiro/rust_ws/src/install/rcl_interfaces/include/rcl_interfaces/rcl_interfaces/msg/detail/integer_range__rosidl_typesupport_fastrtps_c.h
[1.185s] -- Up-to-date: /home/hiro/rust_ws/src/install/rcl_interfaces/include/rcl_interfaces/rcl_interfaces/msg/rosidl_typesupport_fastrtps_c__visibility_control.h
[1.185s] -- Up-to-date: /home/hiro/rust_ws/src/install/rcl_interfaces/include/rcl_interfaces/rcl_interfaces/srv
[1.185s] -- Up-to-date: /home/hiro/rust_ws/src/install/rcl_interfaces/include/rcl_interfaces/rcl_interfaces/srv/detail
[1.185s] -- Up-to-date: /home/hiro/rust_ws/src/install/rcl_interfaces/include/rcl_interfaces/rcl_interfaces/srv/detail/set_parameters_atomically__rosidl_typesupport_fastrtps_c.h
[1.186s] -- Up-to-date: /home/hiro/rust_ws/src/install/rcl_interfaces/include/rcl_interfaces/rcl_interfaces/srv/detail/get_parameters__rosidl_typesupport_fastrtps_c.h
[1.186s] -- Up-to-date: /home/hiro/rust_ws/src/install/rcl_interfaces/include/rcl_interfaces/rcl_interfaces/srv/detail/list_parameters__rosidl_typesupport_fastrtps_c.h
[1.186s] -- Up-to-date: /home/hiro/rust_ws/src/install/rcl_interfaces/include/rcl_interfaces/rcl_interfaces/srv/detail/get_parameter_types__rosidl_typesupport_fastrtps_c.h
[1.187s] -- Up-to-date: /home/hiro/rust_ws/src/install/rcl_interfaces/include/rcl_interfaces/rcl_interfaces/srv/detail/describe_parameters__rosidl_typesupport_fastrtps_c.h
[1.187s] -- Up-to-date: /home/hiro/rust_ws/src/install/rcl_interfaces/include/rcl_interfaces/rcl_interfaces/srv/detail/set_parameters__rosidl_typesupport_fastrtps_c.h
[1.188s] -- Up-to-date: /home/hiro/rust_ws/src/install/rcl_interfaces/lib/librcl_interfaces__rosidl_typesupport_fastrtps_c.so
[1.188s] -- Up-to-date: /home/hiro/rust_ws/src/install/rcl_interfaces/include/rcl_interfaces/rcl_interfaces
[1.188s] -- Up-to-date: /home/hiro/rust_ws/src/install/rcl_interfaces/include/rcl_interfaces/rcl_interfaces/msg
[1.188s] -- Up-to-date: /home/hiro/rust_ws/src/install/rcl_interfaces/include/rcl_interfaces/rcl_interfaces/msg/rosidl_typesupport_introspection_c__visibility_control.h
[1.188s] -- Up-to-date: /home/hiro/rust_ws/src/install/rcl_interfaces/include/rcl_interfaces/rcl_interfaces/msg/detail
[1.188s] -- Up-to-date: /home/hiro/rust_ws/src/install/rcl_interfaces/include/rcl_interfaces/rcl_interfaces/msg/detail/parameter__type_support.c
[1.189s] -- Up-to-date: /home/hiro/rust_ws/src/install/rcl_interfaces/include/rcl_interfaces/rcl_interfaces/msg/detail/parameter__rosidl_typesupport_introspection_c.h
[1.189s] -- Up-to-date: /home/hiro/rust_ws/src/install/rcl_interfaces/include/rcl_interfaces/rcl_interfaces/msg/detail/integer_range__rosidl_typesupport_introspection_c.h
[1.189s] -- Up-to-date: /home/hiro/rust_ws/src/install/rcl_interfaces/include/rcl_interfaces/rcl_interfaces/msg/detail/set_parameters_result__type_support.c
[1.189s] -- Up-to-date: /home/hiro/rust_ws/src/install/rcl_interfaces/include/rcl_interfaces/rcl_interfaces/msg/detail/parameter_type__type_support.c
[1.189s] -- Up-to-date: /home/hiro/rust_ws/src/install/rcl_interfaces/include/rcl_interfaces/rcl_interfaces/msg/detail/parameter_value__rosidl_typesupport_introspection_c.h
[1.190s] -- Up-to-date: /home/hiro/rust_ws/src/install/rcl_interfaces/include/rcl_interfaces/rcl_interfaces/msg/detail/log__rosidl_typesupport_introspection_c.h
[1.190s] -- Up-to-date: /home/hiro/rust_ws/src/install/rcl_interfaces/include/rcl_interfaces/rcl_interfaces/msg/detail/parameter_value__type_support.c
[1.190s] -- Up-to-date: /home/hiro/rust_ws/src/install/rcl_interfaces/include/rcl_interfaces/rcl_interfaces/msg/detail/floating_point_range__rosidl_typesupport_introspection_c.h
[1.190s] -- Up-to-date: /home/hiro/rust_ws/src/install/rcl_interfaces/include/rcl_interfaces/rcl_interfaces/msg/detail/parameter_type__rosidl_typesupport_introspection_c.h
[1.190s] -- Up-to-date: /home/hiro/rust_ws/src/install/rcl_interfaces/include/rcl_interfaces/rcl_interfaces/msg/detail/parameter_descriptor__type_support.c
[1.190s] -- Up-to-date: /home/hiro/rust_ws/src/install/rcl_interfaces/include/rcl_interfaces/rcl_interfaces/msg/detail/parameter_event_descriptors__type_support.c
[1.190s] -- Up-to-date: /home/hiro/rust_ws/src/install/rcl_interfaces/include/rcl_interfaces/rcl_interfaces/msg/detail/parameter_event__rosidl_typesupport_introspection_c.h
[1.190s] -- Up-to-date: /home/hiro/rust_ws/src/install/rcl_interfaces/include/rcl_interfaces/rcl_interfaces/msg/detail/parameter_event__type_support.c
[1.190s] -- Up-to-date: /home/hiro/rust_ws/src/install/rcl_interfaces/include/rcl_interfaces/rcl_interfaces/msg/detail/parameter_descriptor__rosidl_typesupport_introspection_c.h
[1.191s] -- Up-to-date: /home/hiro/rust_ws/src/install/rcl_interfaces/include/rcl_interfaces/rcl_interfaces/msg/detail/log__type_support.c
[1.191s] -- Up-to-date: /home/hiro/rust_ws/src/install/rcl_interfaces/include/rcl_interfaces/rcl_interfaces/msg/detail/parameter_event_descriptors__rosidl_typesupport_introspection_c.h
[1.191s] -- Up-to-date: /home/hiro/rust_ws/src/install/rcl_interfaces/include/rcl_interfaces/rcl_interfaces/msg/detail/floating_point_range__type_support.c
[1.191s] -- Up-to-date: /home/hiro/rust_ws/src/install/rcl_interfaces/include/rcl_interfaces/rcl_interfaces/msg/detail/list_parameters_result__rosidl_typesupport_introspection_c.h
[1.191s] -- Up-to-date: /home/hiro/rust_ws/src/install/rcl_interfaces/include/rcl_interfaces/rcl_interfaces/msg/detail/list_parameters_result__type_support.c
[1.191s] -- Up-to-date: /home/hiro/rust_ws/src/install/rcl_interfaces/include/rcl_interfaces/rcl_interfaces/msg/detail/set_parameters_result__rosidl_typesupport_introspection_c.h
[1.191s] -- Up-to-date: /home/hiro/rust_ws/src/install/rcl_interfaces/include/rcl_interfaces/rcl_interfaces/msg/detail/integer_range__type_support.c
[1.191s] -- Up-to-date: /home/hiro/rust_ws/src/install/rcl_interfaces/include/rcl_interfaces/rcl_interfaces/srv
[1.191s] -- Up-to-date: /home/hiro/rust_ws/src/install/rcl_interfaces/include/rcl_interfaces/rcl_interfaces/srv/detail
[1.192s] -- Up-to-date: /home/hiro/rust_ws/src/install/rcl_interfaces/include/rcl_interfaces/rcl_interfaces/srv/detail/get_parameter_types__rosidl_typesupport_introspection_c.h
[1.192s] -- Up-to-date: /home/hiro/rust_ws/src/install/rcl_interfaces/include/rcl_interfaces/rcl_interfaces/srv/detail/describe_parameters__rosidl_typesupport_introspection_c.h
[1.192s] -- Up-to-date: /home/hiro/rust_ws/src/install/rcl_interfaces/include/rcl_interfaces/rcl_interfaces/srv/detail/get_parameters__type_support.c
[1.192s] -- Up-to-date: /home/hiro/rust_ws/src/install/rcl_interfaces/include/rcl_interfaces/rcl_interfaces/srv/detail/list_parameters__rosidl_typesupport_introspection_c.h
[1.192s] -- Up-to-date: /home/hiro/rust_ws/src/install/rcl_interfaces/include/rcl_interfaces/rcl_interfaces/srv/detail/set_parameters__rosidl_typesupport_introspection_c.h
[1.192s] -- Up-to-date: /home/hiro/rust_ws/src/install/rcl_interfaces/include/rcl_interfaces/rcl_interfaces/srv/detail/set_parameters_atomically__type_support.c
[1.192s] -- Up-to-date: /home/hiro/rust_ws/src/install/rcl_interfaces/include/rcl_interfaces/rcl_interfaces/srv/detail/set_parameters__type_support.c
[1.192s] -- Up-to-date: /home/hiro/rust_ws/src/install/rcl_interfaces/include/rcl_interfaces/rcl_interfaces/srv/detail/set_parameters_atomically__rosidl_typesupport_introspection_c.h
[1.192s] -- Up-to-date: /home/hiro/rust_ws/src/install/rcl_interfaces/include/rcl_interfaces/rcl_interfaces/srv/detail/describe_parameters__type_support.c
[1.193s] -- Up-to-date: /home/hiro/rust_ws/src/install/rcl_interfaces/include/rcl_interfaces/rcl_interfaces/srv/detail/get_parameters__rosidl_typesupport_introspection_c.h
[1.193s] -- Up-to-date: /home/hiro/rust_ws/src/install/rcl_interfaces/include/rcl_interfaces/rcl_interfaces/srv/detail/list_parameters__type_support.c
[1.193s] -- Up-to-date: /home/hiro/rust_ws/src/install/rcl_interfaces/include/rcl_interfaces/rcl_interfaces/srv/detail/get_parameter_types__type_support.c
[1.193s] -- Up-to-date: /home/hiro/rust_ws/src/install/rcl_interfaces/lib/librcl_interfaces__rosidl_typesupport_introspection_c.so
[1.193s] -- Up-to-date: /home/hiro/rust_ws/src/install/rcl_interfaces/lib/librcl_interfaces__rosidl_typesupport_c.so
[1.194s] -- Up-to-date: /home/hiro/rust_ws/src/install/rcl_interfaces/include/rcl_interfaces/rcl_interfaces
[1.194s] -- Up-to-date: /home/hiro/rust_ws/src/install/rcl_interfaces/include/rcl_interfaces/rcl_interfaces/msg
[1.194s] -- Up-to-date: /home/hiro/rust_ws/src/install/rcl_interfaces/include/rcl_interfaces/rcl_interfaces/msg/list_parameters_result.hpp
[1.194s] -- Up-to-date: /home/hiro/rust_ws/src/install/rcl_interfaces/include/rcl_interfaces/rcl_interfaces/msg/parameter_event_descriptors.hpp
[1.194s] -- Up-to-date: /home/hiro/rust_ws/src/install/rcl_interfaces/include/rcl_interfaces/rcl_interfaces/msg/parameter.hpp
[1.194s] -- Up-to-date: /home/hiro/rust_ws/src/install/rcl_interfaces/include/rcl_interfaces/rcl_interfaces/msg/parameter_event.hpp
[1.194s] -- Up-to-date: /home/hiro/rust_ws/src/install/rcl_interfaces/include/rcl_interfaces/rcl_interfaces/msg/integer_range.hpp
[1.195s] -- Up-to-date: /home/hiro/rust_ws/src/install/rcl_interfaces/include/rcl_interfaces/rcl_interfaces/msg/floating_point_range.hpp
[1.195s] -- Up-to-date: /home/hiro/rust_ws/src/install/rcl_interfaces/include/rcl_interfaces/rcl_interfaces/msg/parameter_descriptor.hpp
[1.195s] -- Up-to-date: /home/hiro/rust_ws/src/install/rcl_interfaces/include/rcl_interfaces/rcl_interfaces/msg/log.hpp
[1.195s] -- Up-to-date: /home/hiro/rust_ws/src/install/rcl_interfaces/include/rcl_interfaces/rcl_interfaces/msg/parameter_value.hpp
[1.195s] -- Up-to-date: /home/hiro/rust_ws/src/install/rcl_interfaces/include/rcl_interfaces/rcl_interfaces/msg/set_parameters_result.hpp
[1.195s] -- Up-to-date: /home/hiro/rust_ws/src/install/rcl_interfaces/include/rcl_interfaces/rcl_interfaces/msg/detail
[1.195s] -- Up-to-date: /home/hiro/rust_ws/src/install/rcl_interfaces/include/rcl_interfaces/rcl_interfaces/msg/detail/parameter_descriptor__builder.hpp
[1.196s] -- Up-to-date: /home/hiro/rust_ws/src/install/rcl_interfaces/include/rcl_interfaces/rcl_interfaces/msg/detail/parameter_value__traits.hpp
[1.196s] -- Up-to-date: /home/hiro/rust_ws/src/install/rcl_interfaces/include/rcl_interfaces/rcl_interfaces/msg/detail/parameter_type__traits.hpp
[1.196s] -- Up-to-date: /home/hiro/rust_ws/src/install/rcl_interfaces/include/rcl_interfaces/rcl_interfaces/msg/detail/integer_range__traits.hpp
[1.197s] -- Up-to-date: /home/hiro/rust_ws/src/install/rcl_interfaces/include/rcl_interfaces/rcl_interfaces/msg/detail/parameter_descriptor__struct.hpp
[1.197s] -- Up-to-date: /home/hiro/rust_ws/src/install/rcl_interfaces/include/rcl_interfaces/rcl_interfaces/msg/detail/parameter__traits.hpp
[1.197s] -- Up-to-date: /home/hiro/rust_ws/src/install/rcl_interfaces/include/rcl_interfaces/rcl_interfaces/msg/detail/parameter_event__traits.hpp
[1.197s] -- Up-to-date: /home/hiro/rust_ws/src/install/rcl_interfaces/include/rcl_interfaces/rcl_interfaces/msg/detail/log__struct.hpp
[1.197s] -- Up-to-date: /home/hiro/rust_ws/src/install/rcl_interfaces/include/rcl_interfaces/rcl_interfaces/msg/detail/set_parameters_result__builder.hpp
[1.197s] -- Up-to-date: /home/hiro/rust_ws/src/install/rcl_interfaces/include/rcl_interfaces/rcl_interfaces/msg/detail/integer_range__builder.hpp
[1.197s] -- Up-to-date: /home/hiro/rust_ws/src/install/rcl_interfaces/include/rcl_interfaces/rcl_interfaces/msg/detail/parameter_event__struct.hpp
[1.197s] -- Up-to-date: /home/hiro/rust_ws/src/install/rcl_interfaces/include/rcl_interfaces/rcl_interfaces/msg/detail/list_parameters_result__traits.hpp
[1.198s] -- Up-to-date: /home/hiro/rust_ws/src/install/rcl_interfaces/include/rcl_interfaces/rcl_interfaces/msg/detail/parameter_event_descriptors__traits.hpp
[1.198s] -- Up-to-date: /home/hiro/rust_ws/src/install/rcl_interfaces/include/rcl_interfaces/rcl_interfaces/msg/detail/parameter__struct.hpp
[1.198s] -- Up-to-date: /home/hiro/rust_ws/src/install/rcl_interfaces/include/rcl_interfaces/rcl_interfaces/msg/detail/list_parameters_result__builder.hpp
[1.198s] -- Up-to-date: /home/hiro/rust_ws/src/install/rcl_interfaces/include/rcl_interfaces/rcl_interfaces/msg/detail/log__traits.hpp
[1.198s] -- Up-to-date: /home/hiro/rust_ws/src/install/rcl_interfaces/include/rcl_interfaces/rcl_interfaces/msg/detail/floating_point_range__struct.hpp
[1.198s] -- Up-to-date: /home/hiro/rust_ws/src/install/rcl_interfaces/include/rcl_interfaces/rcl_interfaces/msg/detail/parameter_type__builder.hpp
[1.198s] -- Up-to-date: /home/hiro/rust_ws/src/install/rcl_interfaces/include/rcl_interfaces/rcl_interfaces/msg/detail/floating_point_range__traits.hpp
[1.198s] -- Up-to-date: /home/hiro/rust_ws/src/install/rcl_interfaces/include/rcl_interfaces/rcl_interfaces/msg/detail/parameter_event_descriptors__builder.hpp
[1.199s] -- Up-to-date: /home/hiro/rust_ws/src/install/rcl_interfaces/include/rcl_interfaces/rcl_interfaces/msg/detail/parameter_event__builder.hpp
[1.199s] -- Up-to-date: /home/hiro/rust_ws/src/install/rcl_interfaces/include/rcl_interfaces/rcl_interfaces/msg/detail/floating_point_range__builder.hpp
[1.199s] -- Up-to-date: /home/hiro/rust_ws/src/install/rcl_interfaces/include/rcl_interfaces/rcl_interfaces/msg/detail/parameter__builder.hpp
[1.199s] -- Up-to-date: /home/hiro/rust_ws/src/install/rcl_interfaces/include/rcl_interfaces/rcl_interfaces/msg/detail/list_parameters_result__struct.hpp
[1.199s] -- Up-to-date: /home/hiro/rust_ws/src/install/rcl_interfaces/include/rcl_interfaces/rcl_interfaces/msg/detail/set_parameters_result__traits.hpp
[1.199s] -- Up-to-date: /home/hiro/rust_ws/src/install/rcl_interfaces/include/rcl_interfaces/rcl_interfaces/msg/detail/set_parameters_result__struct.hpp
[1.199s] -- Up-to-date: /home/hiro/rust_ws/src/install/rcl_interfaces/include/rcl_interfaces/rcl_interfaces/msg/detail/parameter_descriptor__traits.hpp
[1.199s] -- Up-to-date: /home/hiro/rust_ws/src/install/rcl_interfaces/include/rcl_interfaces/rcl_interfaces/msg/detail/parameter_value__struct.hpp
[1.200s] -- Up-to-date: /home/hiro/rust_ws/src/install/rcl_interfaces/include/rcl_interfaces/rcl_interfaces/msg/detail/integer_range__struct.hpp
[1.200s] -- Up-to-date: /home/hiro/rust_ws/src/install/rcl_interfaces/include/rcl_interfaces/rcl_interfaces/msg/detail/parameter_value__builder.hpp
[1.200s] -- Up-to-date: /home/hiro/rust_ws/src/install/rcl_interfaces/include/rcl_interfaces/rcl_interfaces/msg/detail/parameter_event_descriptors__struct.hpp
[1.201s] -- Up-to-date: /home/hiro/rust_ws/src/install/rcl_interfaces/include/rcl_interfaces/rcl_interfaces/msg/detail/parameter_type__struct.hpp
[1.201s] -- Up-to-date: /home/hiro/rust_ws/src/install/rcl_interfaces/include/rcl_interfaces/rcl_interfaces/msg/detail/log__builder.hpp
[1.201s] -- Up-to-date: /home/hiro/rust_ws/src/install/rcl_interfaces/include/rcl_interfaces/rcl_interfaces/msg/parameter_type.hpp
[1.201s] -- Up-to-date: /home/hiro/rust_ws/src/install/rcl_interfaces/include/rcl_interfaces/rcl_interfaces/srv
[1.201s] -- Up-to-date: /home/hiro/rust_ws/src/install/rcl_interfaces/include/rcl_interfaces/rcl_interfaces/srv/list_parameters.hpp
[1.201s] -- Up-to-date: /home/hiro/rust_ws/src/install/rcl_interfaces/include/rcl_interfaces/rcl_interfaces/srv/set_parameters.hpp
[1.201s] -- Up-to-date: /home/hiro/rust_ws/src/install/rcl_interfaces/include/rcl_interfaces/rcl_interfaces/srv/describe_parameters.hpp
[1.202s] -- Up-to-date: /home/hiro/rust_ws/src/install/rcl_interfaces/include/rcl_interfaces/rcl_interfaces/srv/get_parameter_types.hpp
[1.202s] -- Up-to-date: /home/hiro/rust_ws/src/install/rcl_interfaces/include/rcl_interfaces/rcl_interfaces/srv/detail
[1.202s] -- Up-to-date: /home/hiro/rust_ws/src/install/rcl_interfaces/include/rcl_interfaces/rcl_interfaces/srv/detail/describe_parameters__struct.hpp
[1.202s] -- Up-to-date: /home/hiro/rust_ws/src/install/rcl_interfaces/include/rcl_interfaces/rcl_interfaces/srv/detail/set_parameters_atomically__builder.hpp
[1.202s] -- Up-to-date: /home/hiro/rust_ws/src/install/rcl_interfaces/include/rcl_interfaces/rcl_interfaces/srv/detail/set_parameters_atomically__traits.hpp
[1.202s] -- Up-to-date: /home/hiro/rust_ws/src/install/rcl_interfaces/include/rcl_interfaces/rcl_interfaces/srv/detail/get_parameters__builder.hpp
[1.203s] -- Up-to-date: /home/hiro/rust_ws/src/install/rcl_interfaces/include/rcl_interfaces/rcl_interfaces/srv/detail/describe_parameters__traits.hpp
[1.203s] -- Up-to-date: /home/hiro/rust_ws/src/install/rcl_interfaces/include/rcl_interfaces/rcl_interfaces/srv/detail/get_parameter_types__struct.hpp
[1.203s] -- Up-to-date: /home/hiro/rust_ws/src/install/rcl_interfaces/include/rcl_interfaces/rcl_interfaces/srv/detail/list_parameters__traits.hpp
[1.203s] -- Up-to-date: /home/hiro/rust_ws/src/install/rcl_interfaces/include/rcl_interfaces/rcl_interfaces/srv/detail/get_parameters__struct.hpp
[1.203s] -- Up-to-date: /home/hiro/rust_ws/src/install/rcl_interfaces/include/rcl_interfaces/rcl_interfaces/srv/detail/set_parameters_atomically__struct.hpp
[1.203s] -- Up-to-date: /home/hiro/rust_ws/src/install/rcl_interfaces/include/rcl_interfaces/rcl_interfaces/srv/detail/get_parameters__traits.hpp
[1.204s] -- Up-to-date: /home/hiro/rust_ws/src/install/rcl_interfaces/include/rcl_interfaces/rcl_interfaces/srv/detail/list_parameters__builder.hpp
[1.204s] -- Up-to-date: /home/hiro/rust_ws/src/install/rcl_interfaces/include/rcl_interfaces/rcl_interfaces/srv/detail/set_parameters__struct.hpp
[1.204s] -- Up-to-date: /home/hiro/rust_ws/src/install/rcl_interfaces/include/rcl_interfaces/rcl_interfaces/srv/detail/describe_parameters__builder.hpp
[1.204s] -- Up-to-date: /home/hiro/rust_ws/src/install/rcl_interfaces/include/rcl_interfaces/rcl_interfaces/srv/detail/list_parameters__struct.hpp
[1.204s] -- Up-to-date: /home/hiro/rust_ws/src/install/rcl_interfaces/include/rcl_interfaces/rcl_interfaces/srv/detail/get_parameter_types__builder.hpp
[1.204s] -- Up-to-date: /home/hiro/rust_ws/src/install/rcl_interfaces/include/rcl_interfaces/rcl_interfaces/srv/detail/set_parameters__builder.hpp
[1.204s] -- Up-to-date: /home/hiro/rust_ws/src/install/rcl_interfaces/include/rcl_interfaces/rcl_interfaces/srv/detail/get_parameter_types__traits.hpp
[1.204s] -- Up-to-date: /home/hiro/rust_ws/src/install/rcl_interfaces/include/rcl_interfaces/rcl_interfaces/srv/detail/set_parameters__traits.hpp
[1.204s] -- Up-to-date: /home/hiro/rust_ws/src/install/rcl_interfaces/include/rcl_interfaces/rcl_interfaces/srv/set_parameters_atomically.hpp
[1.205s] -- Up-to-date: /home/hiro/rust_ws/src/install/rcl_interfaces/include/rcl_interfaces/rcl_interfaces/srv/get_parameters.hpp
[1.205s] -- Up-to-date: /home/hiro/rust_ws/src/install/rcl_interfaces/include/rcl_interfaces/rcl_interfaces
[1.205s] -- Up-to-date: /home/hiro/rust_ws/src/install/rcl_interfaces/include/rcl_interfaces/rcl_interfaces/msg
[1.205s] -- Up-to-date: /home/hiro/rust_ws/src/install/rcl_interfaces/include/rcl_interfaces/rcl_interfaces/msg/rosidl_typesupport_fastrtps_cpp__visibility_control.h
[1.205s] -- Up-to-date: /home/hiro/rust_ws/src/install/rcl_interfaces/include/rcl_interfaces/rcl_interfaces/msg/detail
[1.205s] -- Up-to-date: /home/hiro/rust_ws/src/install/rcl_interfaces/include/rcl_interfaces/rcl_interfaces/msg/detail/dds_fastrtps
[1.205s] -- Up-to-date: /home/hiro/rust_ws/src/install/rcl_interfaces/include/rcl_interfaces/rcl_interfaces/msg/detail/log__rosidl_typesupport_fastrtps_cpp.hpp
[1.205s] -- Up-to-date: /home/hiro/rust_ws/src/install/rcl_interfaces/include/rcl_interfaces/rcl_interfaces/msg/detail/floating_point_range__rosidl_typesupport_fastrtps_cpp.hpp
[1.206s] -- Up-to-date: /home/hiro/rust_ws/src/install/rcl_interfaces/include/rcl_interfaces/rcl_interfaces/msg/detail/parameter_event_descriptors__rosidl_typesupport_fastrtps_cpp.hpp
[1.206s] -- Up-to-date: /home/hiro/rust_ws/src/install/rcl_interfaces/include/rcl_interfaces/rcl_interfaces/msg/detail/integer_range__rosidl_typesupport_fastrtps_cpp.hpp
[1.206s] -- Up-to-date: /home/hiro/rust_ws/src/install/rcl_interfaces/include/rcl_interfaces/rcl_interfaces/msg/detail/parameter__rosidl_typesupport_fastrtps_cpp.hpp
[1.206s] -- Up-to-date: /home/hiro/rust_ws/src/install/rcl_interfaces/include/rcl_interfaces/rcl_interfaces/msg/detail/parameter_descriptor__rosidl_typesupport_fastrtps_cpp.hpp
[1.206s] -- Up-to-date: /home/hiro/rust_ws/src/install/rcl_interfaces/include/rcl_interfaces/rcl_interfaces/msg/detail/set_parameters_result__rosidl_typesupport_fastrtps_cpp.hpp
[1.206s] -- Up-to-date: /home/hiro/rust_ws/src/install/rcl_interfaces/include/rcl_interfaces/rcl_interfaces/msg/detail/list_parameters_result__rosidl_typesupport_fastrtps_cpp.hpp
[1.206s] -- Up-to-date: /home/hiro/rust_ws/src/install/rcl_interfaces/include/rcl_interfaces/rcl_interfaces/msg/detail/parameter_value__rosidl_typesupport_fastrtps_cpp.hpp
[1.206s] -- Up-to-date: /home/hiro/rust_ws/src/install/rcl_interfaces/include/rcl_interfaces/rcl_interfaces/msg/detail/parameter_event__rosidl_typesupport_fastrtps_cpp.hpp
[1.207s] -- Up-to-date: /home/hiro/rust_ws/src/install/rcl_interfaces/include/rcl_interfaces/rcl_interfaces/msg/detail/parameter_type__rosidl_typesupport_fastrtps_cpp.hpp
[1.207s] -- Up-to-date: /home/hiro/rust_ws/src/install/rcl_interfaces/include/rcl_interfaces/rcl_interfaces/srv
[1.207s] -- Up-to-date: /home/hiro/rust_ws/src/install/rcl_interfaces/include/rcl_interfaces/rcl_interfaces/srv/detail
[1.207s] -- Up-to-date: /home/hiro/rust_ws/src/install/rcl_interfaces/include/rcl_interfaces/rcl_interfaces/srv/detail/dds_fastrtps
[1.207s] -- Up-to-date: /home/hiro/rust_ws/src/install/rcl_interfaces/include/rcl_interfaces/rcl_interfaces/srv/detail/get_parameters__rosidl_typesupport_fastrtps_cpp.hpp
[1.208s] -- Up-to-date: /home/hiro/rust_ws/src/install/rcl_interfaces/include/rcl_interfaces/rcl_interfaces/srv/detail/set_parameters__rosidl_typesupport_fastrtps_cpp.hpp
[1.208s] -- Up-to-date: /home/hiro/rust_ws/src/install/rcl_interfaces/include/rcl_interfaces/rcl_interfaces/srv/detail/set_parameters_atomically__rosidl_typesupport_fastrtps_cpp.hpp
[1.208s] -- Up-to-date: /home/hiro/rust_ws/src/install/rcl_interfaces/include/rcl_interfaces/rcl_interfaces/srv/detail/get_parameter_types__rosidl_typesupport_fastrtps_cpp.hpp
[1.208s] -- Up-to-date: /home/hiro/rust_ws/src/install/rcl_interfaces/include/rcl_interfaces/rcl_interfaces/srv/detail/list_parameters__rosidl_typesupport_fastrtps_cpp.hpp
[1.208s] -- Up-to-date: /home/hiro/rust_ws/src/install/rcl_interfaces/include/rcl_interfaces/rcl_interfaces/srv/detail/describe_parameters__rosidl_typesupport_fastrtps_cpp.hpp
[1.208s] -- Up-to-date: /home/hiro/rust_ws/src/install/rcl_interfaces/lib/librcl_interfaces__rosidl_typesupport_fastrtps_cpp.so
[1.208s] -- Up-to-date: /home/hiro/rust_ws/src/install/rcl_interfaces/include/rcl_interfaces/rcl_interfaces
[1.208s] -- Up-to-date: /home/hiro/rust_ws/src/install/rcl_interfaces/include/rcl_interfaces/rcl_interfaces/msg
[1.209s] -- Up-to-date: /home/hiro/rust_ws/src/install/rcl_interfaces/include/rcl_interfaces/rcl_interfaces/msg/detail
[1.209s] -- Up-to-date: /home/hiro/rust_ws/src/install/rcl_interfaces/include/rcl_interfaces/rcl_interfaces/msg/detail/parameter_value__rosidl_typesupport_introspection_cpp.hpp
[1.209s] -- Up-to-date: /home/hiro/rust_ws/src/install/rcl_interfaces/include/rcl_interfaces/rcl_interfaces/msg/detail/parameter_event__rosidl_typesupport_introspection_cpp.hpp
[1.209s] -- Up-to-date: /home/hiro/rust_ws/src/install/rcl_interfaces/include/rcl_interfaces/rcl_interfaces/msg/detail/parameter_descriptor__rosidl_typesupport_introspection_cpp.hpp
[1.210s] -- Up-to-date: /home/hiro/rust_ws/src/install/rcl_interfaces/include/rcl_interfaces/rcl_interfaces/msg/detail/list_parameters_result__type_support.cpp
[1.210s] -- Up-to-date: /home/hiro/rust_ws/src/install/rcl_interfaces/include/rcl_interfaces/rcl_interfaces/msg/detail/parameter_type__type_support.cpp
[1.210s] -- Up-to-date: /home/hiro/rust_ws/src/install/rcl_interfaces/include/rcl_interfaces/rcl_interfaces/msg/detail/set_parameters_result__type_support.cpp
[1.210s] -- Up-to-date: /home/hiro/rust_ws/src/install/rcl_interfaces/include/rcl_interfaces/rcl_interfaces/msg/detail/parameter_event__type_support.cpp
[1.210s] -- Up-to-date: /home/hiro/rust_ws/src/install/rcl_interfaces/include/rcl_interfaces/rcl_interfaces/msg/detail/parameter_value__type_support.cpp
[1.211s] -- Up-to-date: /home/hiro/rust_ws/src/install/rcl_interfaces/include/rcl_interfaces/rcl_interfaces/msg/detail/floating_point_range__rosidl_typesupport_introspection_cpp.hpp
[1.211s] -- Up-to-date: /home/hiro/rust_ws/src/install/rcl_interfaces/include/rcl_interfaces/rcl_interfaces/msg/detail/parameter_event_descriptors__type_support.cpp
[1.211s] -- Up-to-date: /home/hiro/rust_ws/src/install/rcl_interfaces/include/rcl_interfaces/rcl_interfaces/msg/detail/list_parameters_result__rosidl_typesupport_introspection_cpp.hpp
[1.211s] -- Up-to-date: /home/hiro/rust_ws/src/install/rcl_interfaces/include/rcl_interfaces/rcl_interfaces/msg/detail/floating_point_range__type_support.cpp
[1.211s] -- Up-to-date: /home/hiro/rust_ws/src/install/rcl_interfaces/include/rcl_interfaces/rcl_interfaces/msg/detail/parameter_event_descriptors__rosidl_typesupport_introspection_cpp.hpp
[1.212s] -- Up-to-date: /home/hiro/rust_ws/src/install/rcl_interfaces/include/rcl_interfaces/rcl_interfaces/msg/detail/parameter__type_support.cpp
[1.212s] -- Up-to-date: /home/hiro/rust_ws/src/install/rcl_interfaces/include/rcl_interfaces/rcl_interfaces/msg/detail/log__rosidl_typesupport_introspection_cpp.hpp
[1.213s] -- Up-to-date: /home/hiro/rust_ws/src/install/rcl_interfaces/include/rcl_interfaces/rcl_interfaces/msg/detail/log__type_support.cpp
[1.213s] -- Up-to-date: /home/hiro/rust_ws/src/install/rcl_interfaces/include/rcl_interfaces/rcl_interfaces/msg/detail/parameter__rosidl_typesupport_introspection_cpp.hpp
[1.213s] -- Up-to-date: /home/hiro/rust_ws/src/install/rcl_interfaces/include/rcl_interfaces/rcl_interfaces/msg/detail/parameter_type__rosidl_typesupport_introspection_cpp.hpp
[1.213s] -- Up-to-date: /home/hiro/rust_ws/src/install/rcl_interfaces/include/rcl_interfaces/rcl_interfaces/msg/detail/integer_range__type_support.cpp
[1.213s] -- Up-to-date: /home/hiro/rust_ws/src/install/rcl_interfaces/include/rcl_interfaces/rcl_interfaces/msg/detail/set_parameters_result__rosidl_typesupport_introspection_cpp.hpp
[1.213s] -- Up-to-date: /home/hiro/rust_ws/src/install/rcl_interfaces/include/rcl_interfaces/rcl_interfaces/msg/detail/integer_range__rosidl_typesupport_introspection_cpp.hpp
[1.213s] -- Up-to-date: /home/hiro/rust_ws/src/install/rcl_interfaces/include/rcl_interfaces/rcl_interfaces/msg/detail/parameter_descriptor__type_support.cpp
[1.213s] -- Up-to-date: /home/hiro/rust_ws/src/install/rcl_interfaces/include/rcl_interfaces/rcl_interfaces/srv
[1.214s] -- Up-to-date: /home/hiro/rust_ws/src/install/rcl_interfaces/include/rcl_interfaces/rcl_interfaces/srv/detail
[1.214s] -- Up-to-date: /home/hiro/rust_ws/src/install/rcl_interfaces/include/rcl_interfaces/rcl_interfaces/srv/detail/set_parameters__type_support.cpp
[1.214s] -- Up-to-date: /home/hiro/rust_ws/src/install/rcl_interfaces/include/rcl_interfaces/rcl_interfaces/srv/detail/get_parameters__rosidl_typesupport_introspection_cpp.hpp
[1.214s] -- Up-to-date: /home/hiro/rust_ws/src/install/rcl_interfaces/include/rcl_interfaces/rcl_interfaces/srv/detail/set_parameters__rosidl_typesupport_introspection_cpp.hpp
[1.214s] -- Up-to-date: /home/hiro/rust_ws/src/install/rcl_interfaces/include/rcl_interfaces/rcl_interfaces/srv/detail/list_parameters__rosidl_typesupport_introspection_cpp.hpp
[1.214s] -- Up-to-date: /home/hiro/rust_ws/src/install/rcl_interfaces/include/rcl_interfaces/rcl_interfaces/srv/detail/get_parameters__type_support.cpp
[1.215s] -- Up-to-date: /home/hiro/rust_ws/src/install/rcl_interfaces/include/rcl_interfaces/rcl_interfaces/srv/detail/set_parameters_atomically__type_support.cpp
[1.215s] -- Up-to-date: /home/hiro/rust_ws/src/install/rcl_interfaces/include/rcl_interfaces/rcl_interfaces/srv/detail/describe_parameters__type_support.cpp
[1.215s] -- Up-to-date: /home/hiro/rust_ws/src/install/rcl_interfaces/include/rcl_interfaces/rcl_interfaces/srv/detail/list_parameters__type_support.cpp
[1.215s] -- Up-to-date: /home/hiro/rust_ws/src/install/rcl_interfaces/include/rcl_interfaces/rcl_interfaces/srv/detail/describe_parameters__rosidl_typesupport_introspection_cpp.hpp
[1.215s] -- Up-to-date: /home/hiro/rust_ws/src/install/rcl_interfaces/include/rcl_interfaces/rcl_interfaces/srv/detail/get_parameter_types__type_support.cpp
[1.215s] -- Up-to-date: /home/hiro/rust_ws/src/install/rcl_interfaces/include/rcl_interfaces/rcl_interfaces/srv/detail/set_parameters_atomically__rosidl_typesupport_introspection_cpp.hpp
[1.215s] -- Up-to-date: /home/hiro/rust_ws/src/install/rcl_interfaces/include/rcl_interfaces/rcl_interfaces/srv/detail/get_parameter_types__rosidl_typesupport_introspection_cpp.hpp
[1.215s] -- Up-to-date: /home/hiro/rust_ws/src/install/rcl_interfaces/lib/librcl_interfaces__rosidl_typesupport_introspection_cpp.so
[1.216s] -- Up-to-date: /home/hiro/rust_ws/src/install/rcl_interfaces/lib/librcl_interfaces__rosidl_typesupport_cpp.so
[1.216s] -- Up-to-date: /home/hiro/rust_ws/src/install/rcl_interfaces/share/ament_index/resource_index/rust_packages/rcl_interfaces
[1.216s] -- Up-to-date: /home/hiro/rust_ws/src/install/rcl_interfaces/share/rcl_interfaces/rust
[1.216s] -- Up-to-date: /home/hiro/rust_ws/src/install/rcl_interfaces/share/rcl_interfaces/rust/Cargo.toml
[1.216s] -- Up-to-date: /home/hiro/rust_ws/src/install/rcl_interfaces/share/rcl_interfaces/rust/build.rs
[1.216s] -- Up-to-date: /home/hiro/rust_ws/src/install/rcl_interfaces/share/rcl_interfaces/rust/src
[1.216s] -- Up-to-date: /home/hiro/rust_ws/src/install/rcl_interfaces/share/rcl_interfaces/rust/src/msg.rs
[1.217s] -- Up-to-date: /home/hiro/rust_ws/src/install/rcl_interfaces/share/rcl_interfaces/rust/src/srv.rs
[1.217s] -- Up-to-date: /home/hiro/rust_ws/src/install/rcl_interfaces/share/rcl_interfaces/rust/src/lib.rs
[1.217s] -- Up-to-date: /home/hiro/rust_ws/src/install/rcl_interfaces/share/rcl_interfaces/environment/pythonpath.sh
[1.217s] -- Up-to-date: /home/hiro/rust_ws/src/install/rcl_interfaces/share/rcl_interfaces/environment/pythonpath.dsv
[1.217s] -- Up-to-date: /home/hiro/rust_ws/src/install/rcl_interfaces/local/lib/python3.10/dist-packages/rcl_interfaces-1.2.1-py3.10.egg-info
[1.217s] -- Installing: /home/hiro/rust_ws/src/install/rcl_interfaces/local/lib/python3.10/dist-packages/rcl_interfaces-1.2.1-py3.10.egg-info/top_level.txt
[1.217s] -- Installing: /home/hiro/rust_ws/src/install/rcl_interfaces/local/lib/python3.10/dist-packages/rcl_interfaces-1.2.1-py3.10.egg-info/PKG-INFO
[1.217s] -- Installing: /home/hiro/rust_ws/src/install/rcl_interfaces/local/lib/python3.10/dist-packages/rcl_interfaces-1.2.1-py3.10.egg-info/SOURCES.txt
[1.218s] -- Installing: /home/hiro/rust_ws/src/install/rcl_interfaces/local/lib/python3.10/dist-packages/rcl_interfaces-1.2.1-py3.10.egg-info/dependency_links.txt
[1.218s] -- Up-to-date: /home/hiro/rust_ws/src/install/rcl_interfaces/local/lib/python3.10/dist-packages/rcl_interfaces
[1.218s] -- Up-to-date: /home/hiro/rust_ws/src/install/rcl_interfaces/local/lib/python3.10/dist-packages/rcl_interfaces/_rcl_interfaces_s.ep.rosidl_typesupport_introspection_c.c
[1.218s] -- Up-to-date: /home/hiro/rust_ws/src/install/rcl_interfaces/local/lib/python3.10/dist-packages/rcl_interfaces/rcl_interfaces_s__rosidl_typesupport_introspection_c.cpython-310-x86_64-linux-gnu.so
[1.218s] -- Up-to-date: /home/hiro/rust_ws/src/install/rcl_interfaces/local/lib/python3.10/dist-packages/rcl_interfaces/librcl_interfaces__rosidl_generator_py.so
[1.218s] -- Up-to-date: /home/hiro/rust_ws/src/install/rcl_interfaces/local/lib/python3.10/dist-packages/rcl_interfaces/rcl_interfaces_s__rosidl_typesupport_fastrtps_c.cpython-310-x86_64-linux-gnu.so
[1.218s] -- Up-to-date: /home/hiro/rust_ws/src/install/rcl_interfaces/local/lib/python3.10/dist-packages/rcl_interfaces/rcl_interfaces_s__rosidl_typesupport_c.cpython-310-x86_64-linux-gnu.so
[1.219s] -- Up-to-date: /home/hiro/rust_ws/src/install/rcl_interfaces/local/lib/python3.10/dist-packages/rcl_interfaces/__init__.py
[1.219s] -- Up-to-date: /home/hiro/rust_ws/src/install/rcl_interfaces/local/lib/python3.10/dist-packages/rcl_interfaces/msg
[1.219s] -- Up-to-date: /home/hiro/rust_ws/src/install/rcl_interfaces/local/lib/python3.10/dist-packages/rcl_interfaces/msg/_parameter_value_s.c
[1.219s] -- Up-to-date: /home/hiro/rust_ws/src/install/rcl_interfaces/local/lib/python3.10/dist-packages/rcl_interfaces/msg/_parameter_event_s.c
[1.219s] -- Up-to-date: /home/hiro/rust_ws/src/install/rcl_interfaces/local/lib/python3.10/dist-packages/rcl_interfaces/msg/_parameter_descriptor.py
[1.219s] -- Up-to-date: /home/hiro/rust_ws/src/install/rcl_interfaces/local/lib/python3.10/dist-packages/rcl_interfaces/msg/_list_parameters_result_s.c
[1.219s] -- Up-to-date: /home/hiro/rust_ws/src/install/rcl_interfaces/local/lib/python3.10/dist-packages/rcl_interfaces/msg/_integer_range.py
[1.219s] -- Up-to-date: /home/hiro/rust_ws/src/install/rcl_interfaces/local/lib/python3.10/dist-packages/rcl_interfaces/msg/_set_parameters_result.py
[1.219s] -- Up-to-date: /home/hiro/rust_ws/src/install/rcl_interfaces/local/lib/python3.10/dist-packages/rcl_interfaces/msg/_list_parameters_result.py
[1.220s] -- Up-to-date: /home/hiro/rust_ws/src/install/rcl_interfaces/local/lib/python3.10/dist-packages/rcl_interfaces/msg/_integer_range_s.c
[1.220s] -- Up-to-date: /home/hiro/rust_ws/src/install/rcl_interfaces/local/lib/python3.10/dist-packages/rcl_interfaces/msg/_parameter_s.c
[1.220s] -- Up-to-date: /home/hiro/rust_ws/src/install/rcl_interfaces/local/lib/python3.10/dist-packages/rcl_interfaces/msg/_log.py
[1.220s] -- Up-to-date: /home/hiro/rust_ws/src/install/rcl_interfaces/local/lib/python3.10/dist-packages/rcl_interfaces/msg/_parameter_type_s.c
[1.220s] -- Up-to-date: /home/hiro/rust_ws/src/install/rcl_interfaces/local/lib/python3.10/dist-packages/rcl_interfaces/msg/_parameter.py
[1.220s] -- Up-to-date: /home/hiro/rust_ws/src/install/rcl_interfaces/local/lib/python3.10/dist-packages/rcl_interfaces/msg/_parameter_event.py
[1.220s] -- Up-to-date: /home/hiro/rust_ws/src/install/rcl_interfaces/local/lib/python3.10/dist-packages/rcl_interfaces/msg/_set_parameters_result_s.c
[1.220s] -- Up-to-date: /home/hiro/rust_ws/src/install/rcl_interfaces/local/lib/python3.10/dist-packages/rcl_interfaces/msg/_parameter_event_descriptors.py
[1.220s] -- Up-to-date: /home/hiro/rust_ws/src/install/rcl_interfaces/local/lib/python3.10/dist-packages/rcl_interfaces/msg/_floating_point_range_s.c
[1.221s] -- Up-to-date: /home/hiro/rust_ws/src/install/rcl_interfaces/local/lib/python3.10/dist-packages/rcl_interfaces/msg/_parameter_descriptor_s.c
[1.221s] -- Up-to-date: /home/hiro/rust_ws/src/install/rcl_interfaces/local/lib/python3.10/dist-packages/rcl_interfaces/msg/__init__.py
[1.221s] -- Up-to-date: /home/hiro/rust_ws/src/install/rcl_interfaces/local/lib/python3.10/dist-packages/rcl_interfaces/msg/_log_s.c
[1.221s] -- Up-to-date: /home/hiro/rust_ws/src/install/rcl_interfaces/local/lib/python3.10/dist-packages/rcl_interfaces/msg/_parameter_value.py
[1.221s] -- Up-to-date: /home/hiro/rust_ws/src/install/rcl_interfaces/local/lib/python3.10/dist-packages/rcl_interfaces/msg/_parameter_type.py
[1.221s] -- Up-to-date: /home/hiro/rust_ws/src/install/rcl_interfaces/local/lib/python3.10/dist-packages/rcl_interfaces/msg/_parameter_event_descriptors_s.c
[1.221s] -- Up-to-date: /home/hiro/rust_ws/src/install/rcl_interfaces/local/lib/python3.10/dist-packages/rcl_interfaces/msg/_floating_point_range.py
[1.221s] -- Up-to-date: /home/hiro/rust_ws/src/install/rcl_interfaces/local/lib/python3.10/dist-packages/rcl_interfaces/srv
[1.221s] -- Up-to-date: /home/hiro/rust_ws/src/install/rcl_interfaces/local/lib/python3.10/dist-packages/rcl_interfaces/srv/_set_parameters.py
[1.221s] -- Up-to-date: /home/hiro/rust_ws/src/install/rcl_interfaces/local/lib/python3.10/dist-packages/rcl_interfaces/srv/_list_parameters.py
[1.222s] -- Up-to-date: /home/hiro/rust_ws/src/install/rcl_interfaces/local/lib/python3.10/dist-packages/rcl_interfaces/srv/_describe_parameters_s.c
[1.222s] -- Up-to-date: /home/hiro/rust_ws/src/install/rcl_interfaces/local/lib/python3.10/dist-packages/rcl_interfaces/srv/_get_parameter_types.py
[1.222s] -- Up-to-date: /home/hiro/rust_ws/src/install/rcl_interfaces/local/lib/python3.10/dist-packages/rcl_interfaces/srv/_list_parameters_s.c
[1.222s] -- Up-to-date: /home/hiro/rust_ws/src/install/rcl_interfaces/local/lib/python3.10/dist-packages/rcl_interfaces/srv/_set_parameters_atomically.py
[1.222s] -- Up-to-date: /home/hiro/rust_ws/src/install/rcl_interfaces/local/lib/python3.10/dist-packages/rcl_interfaces/srv/_get_parameters.py
[1.222s] -- Up-to-date: /home/hiro/rust_ws/src/install/rcl_interfaces/local/lib/python3.10/dist-packages/rcl_interfaces/srv/_get_parameter_types_s.c
[1.222s] -- Up-to-date: /home/hiro/rust_ws/src/install/rcl_interfaces/local/lib/python3.10/dist-packages/rcl_interfaces/srv/_get_parameters_s.c
[1.222s] -- Up-to-date: /home/hiro/rust_ws/src/install/rcl_interfaces/local/lib/python3.10/dist-packages/rcl_interfaces/srv/_set_parameters_s.c
[1.222s] -- Up-to-date: /home/hiro/rust_ws/src/install/rcl_interfaces/local/lib/python3.10/dist-packages/rcl_interfaces/srv/__init__.py
[1.223s] -- Up-to-date: /home/hiro/rust_ws/src/install/rcl_interfaces/local/lib/python3.10/dist-packages/rcl_interfaces/srv/_set_parameters_atomically_s.c
[1.223s] -- Up-to-date: /home/hiro/rust_ws/src/install/rcl_interfaces/local/lib/python3.10/dist-packages/rcl_interfaces/srv/_describe_parameters.py
[1.223s] -- Up-to-date: /home/hiro/rust_ws/src/install/rcl_interfaces/local/lib/python3.10/dist-packages/rcl_interfaces/_rcl_interfaces_s.ep.rosidl_typesupport_fastrtps_c.c
[1.223s] -- Up-to-date: /home/hiro/rust_ws/src/install/rcl_interfaces/local/lib/python3.10/dist-packages/rcl_interfaces/_rcl_interfaces_s.ep.rosidl_typesupport_c.c
[1.223s] Listing '/home/hiro/rust_ws/src/install/rcl_interfaces/local/lib/python3.10/dist-packages/rcl_interfaces'...
[1.223s] Listing '/home/hiro/rust_ws/src/install/rcl_interfaces/local/lib/python3.10/dist-packages/rcl_interfaces/msg'...
[1.223s] Listing '/home/hiro/rust_ws/src/install/rcl_interfaces/local/lib/python3.10/dist-packages/rcl_interfaces/srv'...
[1.223s] -- Up-to-date: /home/hiro/rust_ws/src/install/rcl_interfaces/local/lib/python3.10/dist-packages/rcl_interfaces/rcl_interfaces_s__rosidl_typesupport_fastrtps_c.cpython-310-x86_64-linux-gnu.so
[1.223s] -- Up-to-date: /home/hiro/rust_ws/src/install/rcl_interfaces/local/lib/python3.10/dist-packages/rcl_interfaces/rcl_interfaces_s__rosidl_typesupport_introspection_c.cpython-310-x86_64-linux-gnu.so
[1.223s] -- Up-to-date: /home/hiro/rust_ws/src/install/rcl_interfaces/local/lib/python3.10/dist-packages/rcl_interfaces/rcl_interfaces_s__rosidl_typesupport_c.cpython-310-x86_64-linux-gnu.so
[1.224s] -- Up-to-date: /home/hiro/rust_ws/src/install/rcl_interfaces/lib/librcl_interfaces__rosidl_generator_py.so
[1.224s] -- Up-to-date: /home/hiro/rust_ws/src/install/rcl_interfaces/share/rcl_interfaces/msg/FloatingPointRange.idl
[1.224s] -- Up-to-date: /home/hiro/rust_ws/src/install/rcl_interfaces/share/rcl_interfaces/msg/IntegerRange.idl
[1.224s] -- Up-to-date: /home/hiro/rust_ws/src/install/rcl_interfaces/share/rcl_interfaces/msg/ListParametersResult.idl
[1.224s] -- Up-to-date: /home/hiro/rust_ws/src/install/rcl_interfaces/share/rcl_interfaces/msg/Log.idl
[1.224s] -- Up-to-date: /home/hiro/rust_ws/src/install/rcl_interfaces/share/rcl_interfaces/msg/ParameterDescriptor.idl
[1.224s] -- Up-to-date: /home/hiro/rust_ws/src/install/rcl_interfaces/share/rcl_interfaces/msg/ParameterEventDescriptors.idl
[1.224s] -- Up-to-date: /home/hiro/rust_ws/src/install/rcl_interfaces/share/rcl_interfaces/msg/ParameterEvent.idl
[1.224s] -- Up-to-date: /home/hiro/rust_ws/src/install/rcl_interfaces/share/rcl_interfaces/msg/Parameter.idl
[1.225s] -- Up-to-date: /home/hiro/rust_ws/src/install/rcl_interfaces/share/rcl_interfaces/msg/ParameterType.idl
[1.225s] -- Up-to-date: /home/hiro/rust_ws/src/install/rcl_interfaces/share/rcl_interfaces/msg/ParameterValue.idl
[1.225s] -- Up-to-date: /home/hiro/rust_ws/src/install/rcl_interfaces/share/rcl_interfaces/msg/SetParametersResult.idl
[1.225s] -- Up-to-date: /home/hiro/rust_ws/src/install/rcl_interfaces/share/rcl_interfaces/srv/DescribeParameters.idl
[1.225s] -- Up-to-date: /home/hiro/rust_ws/src/install/rcl_interfaces/share/rcl_interfaces/srv/GetParameters.idl
[1.225s] -- Up-to-date: /home/hiro/rust_ws/src/install/rcl_interfaces/share/rcl_interfaces/srv/GetParameterTypes.idl
[1.225s] -- Up-to-date: /home/hiro/rust_ws/src/install/rcl_interfaces/share/rcl_interfaces/srv/ListParameters.idl
[1.225s] -- Up-to-date: /home/hiro/rust_ws/src/install/rcl_interfaces/share/rcl_interfaces/srv/SetParametersAtomically.idl
[1.225s] -- Up-to-date: /home/hiro/rust_ws/src/install/rcl_interfaces/share/rcl_interfaces/srv/SetParameters.idl
[1.225s] -- Up-to-date: /home/hiro/rust_ws/src/install/rcl_interfaces/share/rcl_interfaces/msg/FloatingPointRange.msg
[1.225s] -- Up-to-date: /home/hiro/rust_ws/src/install/rcl_interfaces/share/rcl_interfaces/msg/IntegerRange.msg
[1.225s] -- Up-to-date: /home/hiro/rust_ws/src/install/rcl_interfaces/share/rcl_interfaces/msg/ListParametersResult.msg
[1.226s] -- Up-to-date: /home/hiro/rust_ws/src/install/rcl_interfaces/share/rcl_interfaces/msg/Log.msg
[1.226s] -- Up-to-date: /home/hiro/rust_ws/src/install/rcl_interfaces/share/rcl_interfaces/msg/ParameterDescriptor.msg
[1.226s] -- Up-to-date: /home/hiro/rust_ws/src/install/rcl_interfaces/share/rcl_interfaces/msg/ParameterEventDescriptors.msg
[1.226s] -- Up-to-date: /home/hiro/rust_ws/src/install/rcl_interfaces/share/rcl_interfaces/msg/ParameterEvent.msg
[1.226s] -- Up-to-date: /home/hiro/rust_ws/src/install/rcl_interfaces/share/rcl_interfaces/msg/Parameter.msg
[1.226s] -- Up-to-date: /home/hiro/rust_ws/src/install/rcl_interfaces/share/rcl_interfaces/msg/ParameterType.msg
[1.226s] -- Up-to-date: /home/hiro/rust_ws/src/install/rcl_interfaces/share/rcl_interfaces/msg/ParameterValue.msg
[1.226s] -- Up-to-date: /home/hiro/rust_ws/src/install/rcl_interfaces/share/rcl_interfaces/msg/SetParametersResult.msg
[1.227s] -- Up-to-date: /home/hiro/rust_ws/src/install/rcl_interfaces/share/rcl_interfaces/srv/DescribeParameters.srv
[1.227s] -- Up-to-date: /home/hiro/rust_ws/src/install/rcl_interfaces/share/rcl_interfaces/srv/DescribeParameters_Request.msg
[1.227s] -- Up-to-date: /home/hiro/rust_ws/src/install/rcl_interfaces/share/rcl_interfaces/srv/DescribeParameters_Response.msg
[1.227s] -- Up-to-date: /home/hiro/rust_ws/src/install/rcl_interfaces/share/rcl_interfaces/srv/GetParameters.srv
[1.227s] -- Up-to-date: /home/hiro/rust_ws/src/install/rcl_interfaces/share/rcl_interfaces/srv/GetParameters_Request.msg
[1.228s] -- Up-to-date: /home/hiro/rust_ws/src/install/rcl_interfaces/share/rcl_interfaces/srv/GetParameters_Response.msg
[1.228s] -- Up-to-date: /home/hiro/rust_ws/src/install/rcl_interfaces/share/rcl_interfaces/srv/GetParameterTypes.srv
[1.228s] -- Up-to-date: /home/hiro/rust_ws/src/install/rcl_interfaces/share/rcl_interfaces/srv/GetParameterTypes_Request.msg
[1.228s] -- Up-to-date: /home/hiro/rust_ws/src/install/rcl_interfaces/share/rcl_interfaces/srv/GetParameterTypes_Response.msg
[1.228s] -- Up-to-date: /home/hiro/rust_ws/src/install/rcl_interfaces/share/rcl_interfaces/srv/ListParameters.srv
[1.228s] -- Up-to-date: /home/hiro/rust_ws/src/install/rcl_interfaces/share/rcl_interfaces/srv/ListParameters_Request.msg
[1.228s] -- Up-to-date: /home/hiro/rust_ws/src/install/rcl_interfaces/share/rcl_interfaces/srv/ListParameters_Response.msg
[1.228s] -- Up-to-date: /home/hiro/rust_ws/src/install/rcl_interfaces/share/rcl_interfaces/srv/SetParametersAtomically.srv
[1.228s] -- Up-to-date: /home/hiro/rust_ws/src/install/rcl_interfaces/share/rcl_interfaces/srv/SetParametersAtomically_Request.msg
[1.229s] -- Up-to-date: /home/hiro/rust_ws/src/install/rcl_interfaces/share/rcl_interfaces/srv/SetParametersAtomically_Response.msg
[1.229s] -- Up-to-date: /home/hiro/rust_ws/src/install/rcl_interfaces/share/rcl_interfaces/srv/SetParameters.srv
[1.229s] -- Up-to-date: /home/hiro/rust_ws/src/install/rcl_interfaces/share/rcl_interfaces/srv/SetParameters_Request.msg
[1.229s] -- Up-to-date: /home/hiro/rust_ws/src/install/rcl_interfaces/share/rcl_interfaces/srv/SetParameters_Response.msg
[1.229s] -- Up-to-date: /home/hiro/rust_ws/src/install/rcl_interfaces/share/rcl_interfaces/mapping_rules.yaml
[1.229s] -- Up-to-date: /home/hiro/rust_ws/src/install/rcl_interfaces/share/ament_index/resource_index/package_run_dependencies/rcl_interfaces
[1.229s] -- Up-to-date: /home/hiro/rust_ws/src/install/rcl_interfaces/share/ament_index/resource_index/parent_prefix_path/rcl_interfaces
[1.229s] -- Up-to-date: /home/hiro/rust_ws/src/install/rcl_interfaces/share/rcl_interfaces/environment/ament_prefix_path.sh
[1.229s] -- Up-to-date: /home/hiro/rust_ws/src/install/rcl_interfaces/share/rcl_interfaces/environment/ament_prefix_path.dsv
[1.230s] -- Up-to-date: /home/hiro/rust_ws/src/install/rcl_interfaces/share/rcl_interfaces/environment/path.sh
[1.230s] -- Up-to-date: /home/hiro/rust_ws/src/install/rcl_interfaces/share/rcl_interfaces/environment/path.dsv
[1.230s] -- Up-to-date: /home/hiro/rust_ws/src/install/rcl_interfaces/share/rcl_interfaces/local_setup.bash
[1.230s] -- Up-to-date: /home/hiro/rust_ws/src/install/rcl_interfaces/share/rcl_interfaces/local_setup.sh
[1.230s] -- Up-to-date: /home/hiro/rust_ws/src/install/rcl_interfaces/share/rcl_interfaces/local_setup.zsh
[1.230s] -- Up-to-date: /home/hiro/rust_ws/src/install/rcl_interfaces/share/rcl_interfaces/local_setup.dsv
[1.230s] -- Installing: /home/hiro/rust_ws/src/install/rcl_interfaces/share/rcl_interfaces/package.dsv
[1.230s] -- Up-to-date: /home/hiro/rust_ws/src/install/rcl_interfaces/share/ament_index/resource_index/packages/rcl_interfaces
[1.230s] -- Up-to-date: /home/hiro/rust_ws/src/install/rcl_interfaces/share/rcl_interfaces/cmake/export_rcl_interfaces__rosidl_generator_cExport.cmake
[1.230s] -- Up-to-date: /home/hiro/rust_ws/src/install/rcl_interfaces/share/rcl_interfaces/cmake/export_rcl_interfaces__rosidl_generator_cExport-noconfig.cmake
[1.231s] -- Up-to-date: /home/hiro/rust_ws/src/install/rcl_interfaces/share/rcl_interfaces/cmake/export_rcl_interfaces__rosidl_typesupport_fastrtps_cExport.cmake
[1.231s] -- Up-to-date: /home/hiro/rust_ws/src/install/rcl_interfaces/share/rcl_interfaces/cmake/export_rcl_interfaces__rosidl_typesupport_fastrtps_cExport-noconfig.cmake
[1.231s] -- Up-to-date: /home/hiro/rust_ws/src/install/rcl_interfaces/share/rcl_interfaces/cmake/rcl_interfaces__rosidl_typesupport_introspection_cExport.cmake
[1.231s] -- Up-to-date: /home/hiro/rust_ws/src/install/rcl_interfaces/share/rcl_interfaces/cmake/rcl_interfaces__rosidl_typesupport_introspection_cExport-noconfig.cmake
[1.231s] -- Up-to-date: /home/hiro/rust_ws/src/install/rcl_interfaces/share/rcl_interfaces/cmake/rcl_interfaces__rosidl_typesupport_cExport.cmake
[1.231s] -- Up-to-date: /home/hiro/rust_ws/src/install/rcl_interfaces/share/rcl_interfaces/cmake/rcl_interfaces__rosidl_typesupport_cExport-noconfig.cmake
[1.231s] -- Up-to-date: /home/hiro/rust_ws/src/install/rcl_interfaces/share/rcl_interfaces/cmake/export_rcl_interfaces__rosidl_generator_cppExport.cmake
[1.231s] -- Up-to-date: /home/hiro/rust_ws/src/install/rcl_interfaces/share/rcl_interfaces/cmake/export_rcl_interfaces__rosidl_typesupport_fastrtps_cppExport.cmake
[1.231s] -- Up-to-date: /home/hiro/rust_ws/src/install/rcl_interfaces/share/rcl_interfaces/cmake/export_rcl_interfaces__rosidl_typesupport_fastrtps_cppExport-noconfig.cmake
[1.232s] -- Up-to-date: /home/hiro/rust_ws/src/install/rcl_interfaces/share/rcl_interfaces/cmake/rcl_interfaces__rosidl_typesupport_introspection_cppExport.cmake
[1.232s] -- Up-to-date: /home/hiro/rust_ws/src/install/rcl_interfaces/share/rcl_interfaces/cmake/rcl_interfaces__rosidl_typesupport_introspection_cppExport-noconfig.cmake
[1.232s] -- Up-to-date: /home/hiro/rust_ws/src/install/rcl_interfaces/share/rcl_interfaces/cmake/rcl_interfaces__rosidl_typesupport_cppExport.cmake
[1.232s] -- Up-to-date: /home/hiro/rust_ws/src/install/rcl_interfaces/share/rcl_interfaces/cmake/rcl_interfaces__rosidl_typesupport_cppExport-noconfig.cmake
[1.232s] -- Up-to-date: /home/hiro/rust_ws/src/install/rcl_interfaces/share/rcl_interfaces/cmake/export_rcl_interfaces__rosidl_generator_pyExport.cmake
[1.232s] -- Up-to-date: /home/hiro/rust_ws/src/install/rcl_interfaces/share/rcl_interfaces/cmake/export_rcl_interfaces__rosidl_generator_pyExport-noconfig.cmake
[1.232s] -- Up-to-date: /home/hiro/rust_ws/src/install/rcl_interfaces/share/rcl_interfaces/cmake/rosidl_cmake-extras.cmake
[1.232s] -- Up-to-date: /home/hiro/rust_ws/src/install/rcl_interfaces/share/rcl_interfaces/cmake/ament_cmake_export_dependencies-extras.cmake
[1.232s] -- Up-to-date: /home/hiro/rust_ws/src/install/rcl_interfaces/share/rcl_interfaces/cmake/ament_cmake_export_include_directories-extras.cmake
[1.232s] -- Up-to-date: /home/hiro/rust_ws/src/install/rcl_interfaces/share/rcl_interfaces/cmake/ament_cmake_export_libraries-extras.cmake
[1.233s] -- Up-to-date: /home/hiro/rust_ws/src/install/rcl_interfaces/share/rcl_interfaces/cmake/ament_cmake_export_targets-extras.cmake
[1.233s] -- Up-to-date: /home/hiro/rust_ws/src/install/rcl_interfaces/share/rcl_interfaces/cmake/rosidl_cmake_export_typesupport_targets-extras.cmake
[1.233s] -- Up-to-date: /home/hiro/rust_ws/src/install/rcl_interfaces/share/rcl_interfaces/cmake/rosidl_cmake_export_typesupport_libraries-extras.cmake
[1.233s] -- Up-to-date: /home/hiro/rust_ws/src/install/rcl_interfaces/share/rcl_interfaces/cmake/rcl_interfacesConfig.cmake
[1.233s] -- Up-to-date: /home/hiro/rust_ws/src/install/rcl_interfaces/share/rcl_interfaces/cmake/rcl_interfacesConfig-version.cmake
[1.233s] -- Up-to-date: /home/hiro/rust_ws/src/install/rcl_interfaces/share/rcl_interfaces/package.xml
[1.252s] Invoked command in '/home/hiro/rust_ws/src/build/rcl_interfaces' returned '0': AMENT_PREFIX_PATH=/home/hiro/rust_ws/src/install/builtin_interfaces:/home/hiro/rust_ws/src/install/rosidl_default_runtime:/home/hiro/rust_ws/src/install/rosidl_default_generators:/home/hiro/rust_ws/src/install/rosidl_generator_rs:/home/hiro/rust_ws/src/install/rosidl_runtime_rs:${AMENT_PREFIX_PATH} CMAKE_PREFIX_PATH=/home/hiro/rust_ws/src/install/builtin_interfaces:/home/hiro/rust_ws/src/install/rosidl_default_runtime:/home/hiro/rust_ws/src/install/rosidl_default_generators:/home/hiro/rust_ws/src/install/rosidl_generator_rs:/home/hiro/ws_livox/install/livox_ros_driver2:/opt/ros/humble LD_LIBRARY_PATH=/home/hiro/rust_ws/src/install/builtin_interfaces/lib:${LD_LIBRARY_PATH} PYTHONPATH=/home/hiro/rust_ws/src/install/builtin_interfaces/local/lib/python3.10/dist-packages:/home/hiro/rust_ws/src/install/rosidl_generator_rs/local/lib/python3.10/dist-packages:${PYTHONPATH} /usr/bin/cmake --install /home/hiro/rust_ws/src/build/rcl_interfaces
