[0.224s] Invoking command in '/home/hiro/rust_ws/build/actionlib_msgs': AMENT_PREFIX_PATH=/home/hiro/rust_ws/install/std_msgs:/home/hiro/rust_ws/install/builtin_interfaces:/home/hiro/rust_ws/install/rosidl_default_runtime:/home/hiro/rust_ws/install/rosidl_default_generators:/home/hiro/rust_ws/install/rosidl_generator_rs:/home/hiro/rust_ws/install/rosidl_runtime_rs:${AMENT_PREFIX_PATH} CMAKE_PREFIX_PATH=/home/hiro/rust_ws/install/std_msgs:/home/hiro/rust_ws/install/builtin_interfaces:/home/hiro/rust_ws/install/rosidl_default_runtime:/home/hiro/rust_ws/install/rosidl_default_generators:/home/hiro/rust_ws/install/rosidl_generator_rs:/home/hiro/ws_livox/install/livox_ros_driver2:/opt/ros/humble LD_LIBRARY_PATH=/home/hiro/rust_ws/install/std_msgs/lib:/home/hiro/rust_ws/install/builtin_interfaces/lib:${LD_LIBRARY_PATH} PYTHONPATH=/home/hiro/rust_ws/install/std_msgs/local/lib/python3.10/dist-packages:/home/hiro/rust_ws/install/builtin_interfaces/local/lib/python3.10/dist-packages:/home/hiro/rust_ws/install/rosidl_generator_rs/local/lib/python3.10/dist-packages:${PYTHONPATH} /usr/bin/cmake --build /home/hiro/rust_ws/build/actionlib_msgs -- -j22 -l22
[0.252s] [35m[1mConsolidate compiler generated dependencies of target actionlib_msgs__rosidl_generator_c[0m
[0.262s] [ 10%] Built target actionlib_msgs__rosidl_generator_c
[0.264s] [ 12%] Built target actionlib_msgs__cpp
[0.265s] [ 14%] Built target actionlib_msgs__rs
[0.270s] [ 14%] Built target ament_cmake_python_copy_actionlib_msgs
[0.273s] [35m[1mConsolidate compiler generated dependencies of target actionlib_msgs__rosidl_typesupport_c[0m
[0.274s] [35m[1mConsolidate compiler generated dependencies of target actionlib_msgs__rosidl_typesupport_fastrtps_c[0m
[0.275s] [35m[1mConsolidate compiler generated dependencies of target actionlib_msgs__rosidl_typesupport_introspection_c[0m
[0.275s] [35m[1mConsolidate compiler generated dependencies of target actionlib_msgs__rosidl_typesupport_cpp[0m
[0.276s] [35m[1mConsolidate compiler generated dependencies of target actionlib_msgs__rosidl_typesupport_introspection_cpp[0m
[0.277s] [35m[1mConsolidate compiler generated dependencies of target actionlib_msgs__rosidl_typesupport_fastrtps_cpp[0m
[0.286s] [ 25%] Built target actionlib_msgs__rosidl_typesupport_c
[0.286s] [ 35%] Built target actionlib_msgs__rosidl_typesupport_introspection_c
[0.289s] [ 45%] Built target actionlib_msgs__rosidl_typesupport_introspection_cpp
[0.291s] [ 56%] Built target actionlib_msgs__rosidl_typesupport_cpp
[0.292s] [ 77%] Built target actionlib_msgs__rosidl_typesupport_fastrtps_cpp
[0.292s] [ 77%] Built target actionlib_msgs__rosidl_typesupport_fastrtps_c
[0.309s] [ 77%] Built target actionlib_msgs
[0.330s] [ 79%] Built target actionlib_msgs__py
[0.339s] [35m[1mConsolidate compiler generated dependencies of target actionlib_msgs__rosidl_generator_py[0m
[0.351s] [ 87%] Built target actionlib_msgs__rosidl_generator_py
[0.360s] [35m[1mConsolidate compiler generated dependencies of target actionlib_msgs__rosidl_typesupport_c__pyext[0m
[0.360s] [35m[1mConsolidate compiler generated dependencies of target actionlib_msgs__rosidl_typesupport_introspection_c__pyext[0m
[0.360s] [35m[1mConsolidate compiler generated dependencies of target actionlib_msgs__rosidl_typesupport_fastrtps_c__pyext[0m
[0.371s] [ 91%] Built target actionlib_msgs__rosidl_typesupport_introspection_c__pyext
[0.371s] [ 95%] Built target actionlib_msgs__rosidl_typesupport_c__pyext
[0.372s] [100%] Built target actionlib_msgs__rosidl_typesupport_fastrtps_c__pyext
[0.612s] running egg_info
[0.628s] writing actionlib_msgs.egg-info/PKG-INFO
[0.628s] writing dependency_links to actionlib_msgs.egg-info/dependency_links.txt
[0.628s] writing top-level names to actionlib_msgs.egg-info/top_level.txt
[0.659s] reading manifest file 'actionlib_msgs.egg-info/SOURCES.txt'
[0.659s] writing manifest file 'actionlib_msgs.egg-info/SOURCES.txt'
[0.791s] [100%] Built target ament_cmake_python_build_actionlib_msgs_egg
[0.815s] Invoked command in '/home/hiro/rust_ws/build/actionlib_msgs' returned '0': AMENT_PREFIX_PATH=/home/hiro/rust_ws/install/std_msgs:/home/hiro/rust_ws/install/builtin_interfaces:/home/hiro/rust_ws/install/rosidl_default_runtime:/home/hiro/rust_ws/install/rosidl_default_generators:/home/hiro/rust_ws/install/rosidl_generator_rs:/home/hiro/rust_ws/install/rosidl_runtime_rs:${AMENT_PREFIX_PATH} CMAKE_PREFIX_PATH=/home/hiro/rust_ws/install/std_msgs:/home/hiro/rust_ws/install/builtin_interfaces:/home/hiro/rust_ws/install/rosidl_default_runtime:/home/hiro/rust_ws/install/rosidl_default_generators:/home/hiro/rust_ws/install/rosidl_generator_rs:/home/hiro/ws_livox/install/livox_ros_driver2:/opt/ros/humble LD_LIBRARY_PATH=/home/hiro/rust_ws/install/std_msgs/lib:/home/hiro/rust_ws/install/builtin_interfaces/lib:${LD_LIBRARY_PATH} PYTHONPATH=/home/hiro/rust_ws/install/std_msgs/local/lib/python3.10/dist-packages:/home/hiro/rust_ws/install/builtin_interfaces/local/lib/python3.10/dist-packages:/home/hiro/rust_ws/install/rosidl_generator_rs/local/lib/python3.10/dist-packages:${PYTHONPATH} /usr/bin/cmake --build /home/hiro/rust_ws/build/actionlib_msgs -- -j22 -l22
[0.875s] Invoking command in '/home/hiro/rust_ws/build/actionlib_msgs': AMENT_PREFIX_PATH=/home/hiro/rust_ws/install/std_msgs:/home/hiro/rust_ws/install/builtin_interfaces:/home/hiro/rust_ws/install/rosidl_default_runtime:/home/hiro/rust_ws/install/rosidl_default_generators:/home/hiro/rust_ws/install/rosidl_generator_rs:/home/hiro/rust_ws/install/rosidl_runtime_rs:${AMENT_PREFIX_PATH} CMAKE_PREFIX_PATH=/home/hiro/rust_ws/install/std_msgs:/home/hiro/rust_ws/install/builtin_interfaces:/home/hiro/rust_ws/install/rosidl_default_runtime:/home/hiro/rust_ws/install/rosidl_default_generators:/home/hiro/rust_ws/install/rosidl_generator_rs:/home/hiro/ws_livox/install/livox_ros_driver2:/opt/ros/humble LD_LIBRARY_PATH=/home/hiro/rust_ws/install/std_msgs/lib:/home/hiro/rust_ws/install/builtin_interfaces/lib:${LD_LIBRARY_PATH} PYTHONPATH=/home/hiro/rust_ws/install/std_msgs/local/lib/python3.10/dist-packages:/home/hiro/rust_ws/install/builtin_interfaces/local/lib/python3.10/dist-packages:/home/hiro/rust_ws/install/rosidl_generator_rs/local/lib/python3.10/dist-packages:${PYTHONPATH} /usr/bin/cmake --install /home/hiro/rust_ws/build/actionlib_msgs
[0.881s] -- Install configuration: ""
[0.882s] -- Up-to-date: /home/hiro/rust_ws/install/actionlib_msgs/share/ament_index/resource_index/rosidl_interfaces/actionlib_msgs
[0.882s] -- Up-to-date: /home/hiro/rust_ws/install/actionlib_msgs/include/actionlib_msgs/actionlib_msgs
[0.883s] -- Up-to-date: /home/hiro/rust_ws/install/actionlib_msgs/include/actionlib_msgs/actionlib_msgs/msg
[0.883s] -- Up-to-date: /home/hiro/rust_ws/install/actionlib_msgs/include/actionlib_msgs/actionlib_msgs/msg/goal_id.h
[0.884s] -- Up-to-date: /home/hiro/rust_ws/install/actionlib_msgs/include/actionlib_msgs/actionlib_msgs/msg/rosidl_generator_c__visibility_control.h
[0.884s] -- Up-to-date: /home/hiro/rust_ws/install/actionlib_msgs/include/actionlib_msgs/actionlib_msgs/msg/detail
[0.884s] -- Up-to-date: /home/hiro/rust_ws/install/actionlib_msgs/include/actionlib_msgs/actionlib_msgs/msg/detail/goal_status_array__functions.c
[0.884s] -- Up-to-date: /home/hiro/rust_ws/install/actionlib_msgs/include/actionlib_msgs/actionlib_msgs/msg/detail/goal_id__struct.h
[0.885s] -- Up-to-date: /home/hiro/rust_ws/install/actionlib_msgs/include/actionlib_msgs/actionlib_msgs/msg/detail/goal_status__struct.h
[0.885s] -- Up-to-date: /home/hiro/rust_ws/install/actionlib_msgs/include/actionlib_msgs/actionlib_msgs/msg/detail/goal_status__type_support.h
[0.885s] -- Up-to-date: /home/hiro/rust_ws/install/actionlib_msgs/include/actionlib_msgs/actionlib_msgs/msg/detail/goal_status__functions.h
[0.885s] -- Up-to-date: /home/hiro/rust_ws/install/actionlib_msgs/include/actionlib_msgs/actionlib_msgs/msg/detail/goal_status_array__type_support.h
[0.885s] -- Up-to-date: /home/hiro/rust_ws/install/actionlib_msgs/include/actionlib_msgs/actionlib_msgs/msg/detail/goal_status_array__struct.h
[0.886s] -- Up-to-date: /home/hiro/rust_ws/install/actionlib_msgs/include/actionlib_msgs/actionlib_msgs/msg/detail/goal_status__functions.c
[0.886s] -- Up-to-date: /home/hiro/rust_ws/install/actionlib_msgs/include/actionlib_msgs/actionlib_msgs/msg/detail/goal_status_array__functions.h
[0.886s] -- Up-to-date: /home/hiro/rust_ws/install/actionlib_msgs/include/actionlib_msgs/actionlib_msgs/msg/detail/goal_id__type_support.h
[0.886s] -- Up-to-date: /home/hiro/rust_ws/install/actionlib_msgs/include/actionlib_msgs/actionlib_msgs/msg/detail/goal_id__functions.c
[0.887s] -- Up-to-date: /home/hiro/rust_ws/install/actionlib_msgs/include/actionlib_msgs/actionlib_msgs/msg/detail/goal_id__functions.h
[0.887s] -- Up-to-date: /home/hiro/rust_ws/install/actionlib_msgs/include/actionlib_msgs/actionlib_msgs/msg/goal_status_array.h
[0.887s] -- Up-to-date: /home/hiro/rust_ws/install/actionlib_msgs/include/actionlib_msgs/actionlib_msgs/msg/goal_status.h
[0.887s] -- Up-to-date: /home/hiro/rust_ws/install/actionlib_msgs/share/actionlib_msgs/environment/library_path.sh
[0.888s] -- Up-to-date: /home/hiro/rust_ws/install/actionlib_msgs/share/actionlib_msgs/environment/library_path.dsv
[0.888s] -- Up-to-date: /home/hiro/rust_ws/install/actionlib_msgs/lib/libactionlib_msgs__rosidl_generator_c.so
[0.888s] -- Up-to-date: /home/hiro/rust_ws/install/actionlib_msgs/include/actionlib_msgs/actionlib_msgs
[0.888s] -- Up-to-date: /home/hiro/rust_ws/install/actionlib_msgs/include/actionlib_msgs/actionlib_msgs/msg
[0.888s] -- Up-to-date: /home/hiro/rust_ws/install/actionlib_msgs/include/actionlib_msgs/actionlib_msgs/msg/detail
[0.888s] -- Up-to-date: /home/hiro/rust_ws/install/actionlib_msgs/include/actionlib_msgs/actionlib_msgs/msg/detail/goal_status__rosidl_typesupport_fastrtps_c.h
[0.888s] -- Up-to-date: /home/hiro/rust_ws/install/actionlib_msgs/include/actionlib_msgs/actionlib_msgs/msg/detail/goal_id__rosidl_typesupport_fastrtps_c.h
[0.888s] -- Up-to-date: /home/hiro/rust_ws/install/actionlib_msgs/include/actionlib_msgs/actionlib_msgs/msg/detail/goal_status_array__rosidl_typesupport_fastrtps_c.h
[0.888s] -- Up-to-date: /home/hiro/rust_ws/install/actionlib_msgs/include/actionlib_msgs/actionlib_msgs/msg/rosidl_typesupport_fastrtps_c__visibility_control.h
[0.889s] -- Up-to-date: /home/hiro/rust_ws/install/actionlib_msgs/lib/libactionlib_msgs__rosidl_typesupport_fastrtps_c.so
[0.889s] -- Up-to-date: /home/hiro/rust_ws/install/actionlib_msgs/include/actionlib_msgs/actionlib_msgs
[0.889s] -- Up-to-date: /home/hiro/rust_ws/install/actionlib_msgs/include/actionlib_msgs/actionlib_msgs/msg
[0.889s] -- Up-to-date: /home/hiro/rust_ws/install/actionlib_msgs/include/actionlib_msgs/actionlib_msgs/msg/goal_status.hpp
[0.890s] -- Up-to-date: /home/hiro/rust_ws/install/actionlib_msgs/include/actionlib_msgs/actionlib_msgs/msg/goal_id.hpp
[0.890s] -- Up-to-date: /home/hiro/rust_ws/install/actionlib_msgs/include/actionlib_msgs/actionlib_msgs/msg/detail
[0.890s] -- Up-to-date: /home/hiro/rust_ws/install/actionlib_msgs/include/actionlib_msgs/actionlib_msgs/msg/detail/goal_id__builder.hpp
[0.890s] -- Up-to-date: /home/hiro/rust_ws/install/actionlib_msgs/include/actionlib_msgs/actionlib_msgs/msg/detail/goal_status__traits.hpp
[0.890s] -- Up-to-date: /home/hiro/rust_ws/install/actionlib_msgs/include/actionlib_msgs/actionlib_msgs/msg/detail/goal_status__struct.hpp
[0.890s] -- Up-to-date: /home/hiro/rust_ws/install/actionlib_msgs/include/actionlib_msgs/actionlib_msgs/msg/detail/goal_status__builder.hpp
[0.891s] -- Up-to-date: /home/hiro/rust_ws/install/actionlib_msgs/include/actionlib_msgs/actionlib_msgs/msg/detail/goal_id__traits.hpp
[0.891s] -- Up-to-date: /home/hiro/rust_ws/install/actionlib_msgs/include/actionlib_msgs/actionlib_msgs/msg/detail/goal_status_array__struct.hpp
[0.891s] -- Up-to-date: /home/hiro/rust_ws/install/actionlib_msgs/include/actionlib_msgs/actionlib_msgs/msg/detail/goal_id__struct.hpp
[0.891s] -- Up-to-date: /home/hiro/rust_ws/install/actionlib_msgs/include/actionlib_msgs/actionlib_msgs/msg/detail/goal_status_array__builder.hpp
[0.891s] -- Up-to-date: /home/hiro/rust_ws/install/actionlib_msgs/include/actionlib_msgs/actionlib_msgs/msg/detail/goal_status_array__traits.hpp
[0.891s] -- Up-to-date: /home/hiro/rust_ws/install/actionlib_msgs/include/actionlib_msgs/actionlib_msgs/msg/goal_status_array.hpp
[0.891s] -- Up-to-date: /home/hiro/rust_ws/install/actionlib_msgs/include/actionlib_msgs/actionlib_msgs
[0.892s] -- Up-to-date: /home/hiro/rust_ws/install/actionlib_msgs/include/actionlib_msgs/actionlib_msgs/msg
[0.892s] -- Up-to-date: /home/hiro/rust_ws/install/actionlib_msgs/include/actionlib_msgs/actionlib_msgs/msg/rosidl_typesupport_fastrtps_cpp__visibility_control.h
[0.892s] -- Up-to-date: /home/hiro/rust_ws/install/actionlib_msgs/include/actionlib_msgs/actionlib_msgs/msg/detail
[0.892s] -- Up-to-date: /home/hiro/rust_ws/install/actionlib_msgs/include/actionlib_msgs/actionlib_msgs/msg/detail/goal_status__rosidl_typesupport_fastrtps_cpp.hpp
[0.892s] -- Up-to-date: /home/hiro/rust_ws/install/actionlib_msgs/include/actionlib_msgs/actionlib_msgs/msg/detail/dds_fastrtps
[0.892s] -- Up-to-date: /home/hiro/rust_ws/install/actionlib_msgs/include/actionlib_msgs/actionlib_msgs/msg/detail/goal_status_array__rosidl_typesupport_fastrtps_cpp.hpp
[0.892s] -- Up-to-date: /home/hiro/rust_ws/install/actionlib_msgs/include/actionlib_msgs/actionlib_msgs/msg/detail/goal_id__rosidl_typesupport_fastrtps_cpp.hpp
[0.892s] -- Up-to-date: /home/hiro/rust_ws/install/actionlib_msgs/lib/libactionlib_msgs__rosidl_typesupport_fastrtps_cpp.so
[0.892s] -- Up-to-date: /home/hiro/rust_ws/install/actionlib_msgs/include/actionlib_msgs/actionlib_msgs
[0.892s] -- Up-to-date: /home/hiro/rust_ws/install/actionlib_msgs/include/actionlib_msgs/actionlib_msgs/msg
[0.892s] -- Up-to-date: /home/hiro/rust_ws/install/actionlib_msgs/include/actionlib_msgs/actionlib_msgs/msg/rosidl_typesupport_introspection_c__visibility_control.h
[0.892s] -- Up-to-date: /home/hiro/rust_ws/install/actionlib_msgs/include/actionlib_msgs/actionlib_msgs/msg/detail
[0.893s] -- Up-to-date: /home/hiro/rust_ws/install/actionlib_msgs/include/actionlib_msgs/actionlib_msgs/msg/detail/goal_id__type_support.c
[0.893s] -- Up-to-date: /home/hiro/rust_ws/install/actionlib_msgs/include/actionlib_msgs/actionlib_msgs/msg/detail/goal_status_array__type_support.c
[0.893s] -- Up-to-date: /home/hiro/rust_ws/install/actionlib_msgs/include/actionlib_msgs/actionlib_msgs/msg/detail/goal_id__rosidl_typesupport_introspection_c.h
[0.893s] -- Up-to-date: /home/hiro/rust_ws/install/actionlib_msgs/include/actionlib_msgs/actionlib_msgs/msg/detail/goal_status__type_support.c
[0.893s] -- Up-to-date: /home/hiro/rust_ws/install/actionlib_msgs/include/actionlib_msgs/actionlib_msgs/msg/detail/goal_status__rosidl_typesupport_introspection_c.h
[0.894s] -- Up-to-date: /home/hiro/rust_ws/install/actionlib_msgs/include/actionlib_msgs/actionlib_msgs/msg/detail/goal_status_array__rosidl_typesupport_introspection_c.h
[0.894s] -- Up-to-date: /home/hiro/rust_ws/install/actionlib_msgs/lib/libactionlib_msgs__rosidl_typesupport_introspection_c.so
[0.894s] -- Up-to-date: /home/hiro/rust_ws/install/actionlib_msgs/lib/libactionlib_msgs__rosidl_typesupport_c.so
[0.894s] -- Up-to-date: /home/hiro/rust_ws/install/actionlib_msgs/include/actionlib_msgs/actionlib_msgs
[0.894s] -- Up-to-date: /home/hiro/rust_ws/install/actionlib_msgs/include/actionlib_msgs/actionlib_msgs/msg
[0.894s] -- Up-to-date: /home/hiro/rust_ws/install/actionlib_msgs/include/actionlib_msgs/actionlib_msgs/msg/detail
[0.894s] -- Up-to-date: /home/hiro/rust_ws/install/actionlib_msgs/include/actionlib_msgs/actionlib_msgs/msg/detail/goal_status__type_support.cpp
[0.895s] -- Up-to-date: /home/hiro/rust_ws/install/actionlib_msgs/include/actionlib_msgs/actionlib_msgs/msg/detail/goal_id__rosidl_typesupport_introspection_cpp.hpp
[0.895s] -- Up-to-date: /home/hiro/rust_ws/install/actionlib_msgs/include/actionlib_msgs/actionlib_msgs/msg/detail/goal_status__rosidl_typesupport_introspection_cpp.hpp
[0.895s] -- Up-to-date: /home/hiro/rust_ws/install/actionlib_msgs/include/actionlib_msgs/actionlib_msgs/msg/detail/goal_id__type_support.cpp
[0.895s] -- Up-to-date: /home/hiro/rust_ws/install/actionlib_msgs/include/actionlib_msgs/actionlib_msgs/msg/detail/goal_status_array__type_support.cpp
[0.895s] -- Up-to-date: /home/hiro/rust_ws/install/actionlib_msgs/include/actionlib_msgs/actionlib_msgs/msg/detail/goal_status_array__rosidl_typesupport_introspection_cpp.hpp
[0.895s] -- Up-to-date: /home/hiro/rust_ws/install/actionlib_msgs/lib/libactionlib_msgs__rosidl_typesupport_introspection_cpp.so
[0.895s] -- Up-to-date: /home/hiro/rust_ws/install/actionlib_msgs/lib/libactionlib_msgs__rosidl_typesupport_cpp.so
[0.895s] -- Up-to-date: /home/hiro/rust_ws/install/actionlib_msgs/share/ament_index/resource_index/rust_packages/actionlib_msgs
[0.896s] -- Up-to-date: /home/hiro/rust_ws/install/actionlib_msgs/share/actionlib_msgs/rust
[0.896s] -- Up-to-date: /home/hiro/rust_ws/install/actionlib_msgs/share/actionlib_msgs/rust/Cargo.toml
[0.896s] -- Up-to-date: /home/hiro/rust_ws/install/actionlib_msgs/share/actionlib_msgs/rust/build.rs
[0.897s] -- Up-to-date: /home/hiro/rust_ws/install/actionlib_msgs/share/actionlib_msgs/rust/src
[0.897s] -- Up-to-date: /home/hiro/rust_ws/install/actionlib_msgs/share/actionlib_msgs/rust/src/msg.rs
[0.897s] -- Up-to-date: /home/hiro/rust_ws/install/actionlib_msgs/share/actionlib_msgs/rust/src/lib.rs
[0.897s] -- Up-to-date: /home/hiro/rust_ws/install/actionlib_msgs/share/actionlib_msgs/environment/pythonpath.sh
[0.897s] -- Up-to-date: /home/hiro/rust_ws/install/actionlib_msgs/share/actionlib_msgs/environment/pythonpath.dsv
[0.897s] -- Up-to-date: /home/hiro/rust_ws/install/actionlib_msgs/local/lib/python3.10/dist-packages/actionlib_msgs-4.2.4-py3.10.egg-info
[0.898s] -- Installing: /home/hiro/rust_ws/install/actionlib_msgs/local/lib/python3.10/dist-packages/actionlib_msgs-4.2.4-py3.10.egg-info/top_level.txt
[0.898s] -- Installing: /home/hiro/rust_ws/install/actionlib_msgs/local/lib/python3.10/dist-packages/actionlib_msgs-4.2.4-py3.10.egg-info/PKG-INFO
[0.898s] -- Installing: /home/hiro/rust_ws/install/actionlib_msgs/local/lib/python3.10/dist-packages/actionlib_msgs-4.2.4-py3.10.egg-info/SOURCES.txt
[0.898s] -- Installing: /home/hiro/rust_ws/install/actionlib_msgs/local/lib/python3.10/dist-packages/actionlib_msgs-4.2.4-py3.10.egg-info/dependency_links.txt
[0.898s] -- Up-to-date: /home/hiro/rust_ws/install/actionlib_msgs/local/lib/python3.10/dist-packages/actionlib_msgs
[0.899s] -- Up-to-date: /home/hiro/rust_ws/install/actionlib_msgs/local/lib/python3.10/dist-packages/actionlib_msgs/actionlib_msgs_s__rosidl_typesupport_fastrtps_c.cpython-310-x86_64-linux-gnu.so
[0.899s] -- Up-to-date: /home/hiro/rust_ws/install/actionlib_msgs/local/lib/python3.10/dist-packages/actionlib_msgs/_actionlib_msgs_s.ep.rosidl_typesupport_introspection_c.c
[0.899s] -- Up-to-date: /home/hiro/rust_ws/install/actionlib_msgs/local/lib/python3.10/dist-packages/actionlib_msgs/_actionlib_msgs_s.ep.rosidl_typesupport_c.c
[0.899s] -- Up-to-date: /home/hiro/rust_ws/install/actionlib_msgs/local/lib/python3.10/dist-packages/actionlib_msgs/_actionlib_msgs_s.ep.rosidl_typesupport_fastrtps_c.c
[0.899s] -- Up-to-date: /home/hiro/rust_ws/install/actionlib_msgs/local/lib/python3.10/dist-packages/actionlib_msgs/actionlib_msgs_s__rosidl_typesupport_introspection_c.cpython-310-x86_64-linux-gnu.so
[0.899s] -- Up-to-date: /home/hiro/rust_ws/install/actionlib_msgs/local/lib/python3.10/dist-packages/actionlib_msgs/libactionlib_msgs__rosidl_generator_py.so
[0.899s] -- Up-to-date: /home/hiro/rust_ws/install/actionlib_msgs/local/lib/python3.10/dist-packages/actionlib_msgs/__init__.py
[0.899s] -- Up-to-date: /home/hiro/rust_ws/install/actionlib_msgs/local/lib/python3.10/dist-packages/actionlib_msgs/msg
[0.899s] -- Up-to-date: /home/hiro/rust_ws/install/actionlib_msgs/local/lib/python3.10/dist-packages/actionlib_msgs/msg/_goal_id.py
[0.900s] -- Up-to-date: /home/hiro/rust_ws/install/actionlib_msgs/local/lib/python3.10/dist-packages/actionlib_msgs/msg/_goal_status.py
[0.900s] -- Up-to-date: /home/hiro/rust_ws/install/actionlib_msgs/local/lib/python3.10/dist-packages/actionlib_msgs/msg/_goal_id_s.c
[0.900s] -- Up-to-date: /home/hiro/rust_ws/install/actionlib_msgs/local/lib/python3.10/dist-packages/actionlib_msgs/msg/__init__.py
[0.900s] -- Up-to-date: /home/hiro/rust_ws/install/actionlib_msgs/local/lib/python3.10/dist-packages/actionlib_msgs/msg/_goal_status_s.c
[0.900s] -- Up-to-date: /home/hiro/rust_ws/install/actionlib_msgs/local/lib/python3.10/dist-packages/actionlib_msgs/msg/_goal_status_array_s.c
[0.900s] -- Up-to-date: /home/hiro/rust_ws/install/actionlib_msgs/local/lib/python3.10/dist-packages/actionlib_msgs/msg/_goal_status_array.py
[0.900s] -- Up-to-date: /home/hiro/rust_ws/install/actionlib_msgs/local/lib/python3.10/dist-packages/actionlib_msgs/actionlib_msgs_s__rosidl_typesupport_c.cpython-310-x86_64-linux-gnu.so
[0.912s] Listing '/home/hiro/rust_ws/install/actionlib_msgs/local/lib/python3.10/dist-packages/actionlib_msgs'...
[0.913s] Listing '/home/hiro/rust_ws/install/actionlib_msgs/local/lib/python3.10/dist-packages/actionlib_msgs/msg'...
[0.916s] -- Up-to-date: /home/hiro/rust_ws/install/actionlib_msgs/local/lib/python3.10/dist-packages/actionlib_msgs/actionlib_msgs_s__rosidl_typesupport_fastrtps_c.cpython-310-x86_64-linux-gnu.so
[0.917s] -- Up-to-date: /home/hiro/rust_ws/install/actionlib_msgs/local/lib/python3.10/dist-packages/actionlib_msgs/actionlib_msgs_s__rosidl_typesupport_introspection_c.cpython-310-x86_64-linux-gnu.so
[0.917s] -- Up-to-date: /home/hiro/rust_ws/install/actionlib_msgs/local/lib/python3.10/dist-packages/actionlib_msgs/actionlib_msgs_s__rosidl_typesupport_c.cpython-310-x86_64-linux-gnu.so
[0.917s] -- Up-to-date: /home/hiro/rust_ws/install/actionlib_msgs/lib/libactionlib_msgs__rosidl_generator_py.so
[0.918s] -- Up-to-date: /home/hiro/rust_ws/install/actionlib_msgs/share/actionlib_msgs/msg/GoalID.idl
[0.918s] -- Up-to-date: /home/hiro/rust_ws/install/actionlib_msgs/share/actionlib_msgs/msg/GoalStatus.idl
[0.918s] -- Up-to-date: /home/hiro/rust_ws/install/actionlib_msgs/share/actionlib_msgs/msg/GoalStatusArray.idl
[0.920s] -- Up-to-date: /home/hiro/rust_ws/install/actionlib_msgs/share/actionlib_msgs/msg/GoalID.msg
[0.920s] -- Up-to-date: /home/hiro/rust_ws/install/actionlib_msgs/share/actionlib_msgs/msg/GoalStatus.msg
[0.920s] -- Up-to-date: /home/hiro/rust_ws/install/actionlib_msgs/share/actionlib_msgs/msg/GoalStatusArray.msg
[0.920s] -- Up-to-date: /home/hiro/rust_ws/install/actionlib_msgs/share/ament_index/resource_index/package_run_dependencies/actionlib_msgs
[0.921s] -- Up-to-date: /home/hiro/rust_ws/install/actionlib_msgs/share/ament_index/resource_index/parent_prefix_path/actionlib_msgs
[0.921s] -- Up-to-date: /home/hiro/rust_ws/install/actionlib_msgs/share/actionlib_msgs/environment/ament_prefix_path.sh
[0.921s] -- Up-to-date: /home/hiro/rust_ws/install/actionlib_msgs/share/actionlib_msgs/environment/ament_prefix_path.dsv
[0.921s] -- Up-to-date: /home/hiro/rust_ws/install/actionlib_msgs/share/actionlib_msgs/environment/path.sh
[0.921s] -- Up-to-date: /home/hiro/rust_ws/install/actionlib_msgs/share/actionlib_msgs/environment/path.dsv
[0.921s] -- Up-to-date: /home/hiro/rust_ws/install/actionlib_msgs/share/actionlib_msgs/local_setup.bash
[0.922s] -- Up-to-date: /home/hiro/rust_ws/install/actionlib_msgs/share/actionlib_msgs/local_setup.sh
[0.922s] -- Up-to-date: /home/hiro/rust_ws/install/actionlib_msgs/share/actionlib_msgs/local_setup.zsh
[0.922s] -- Up-to-date: /home/hiro/rust_ws/install/actionlib_msgs/share/actionlib_msgs/local_setup.dsv
[0.922s] -- Installing: /home/hiro/rust_ws/install/actionlib_msgs/share/actionlib_msgs/package.dsv
[0.922s] -- Up-to-date: /home/hiro/rust_ws/install/actionlib_msgs/share/ament_index/resource_index/packages/actionlib_msgs
[0.922s] -- Up-to-date: /home/hiro/rust_ws/install/actionlib_msgs/share/actionlib_msgs/cmake/export_actionlib_msgs__rosidl_generator_cExport.cmake
[0.922s] -- Up-to-date: /home/hiro/rust_ws/install/actionlib_msgs/share/actionlib_msgs/cmake/export_actionlib_msgs__rosidl_generator_cExport-noconfig.cmake
[0.922s] -- Up-to-date: /home/hiro/rust_ws/install/actionlib_msgs/share/actionlib_msgs/cmake/export_actionlib_msgs__rosidl_typesupport_fastrtps_cExport.cmake
[0.923s] -- Up-to-date: /home/hiro/rust_ws/install/actionlib_msgs/share/actionlib_msgs/cmake/export_actionlib_msgs__rosidl_typesupport_fastrtps_cExport-noconfig.cmake
[0.924s] -- Up-to-date: /home/hiro/rust_ws/install/actionlib_msgs/share/actionlib_msgs/cmake/export_actionlib_msgs__rosidl_generator_cppExport.cmake
[0.924s] -- Up-to-date: /home/hiro/rust_ws/install/actionlib_msgs/share/actionlib_msgs/cmake/export_actionlib_msgs__rosidl_typesupport_fastrtps_cppExport.cmake
[0.924s] -- Up-to-date: /home/hiro/rust_ws/install/actionlib_msgs/share/actionlib_msgs/cmake/export_actionlib_msgs__rosidl_typesupport_fastrtps_cppExport-noconfig.cmake
[0.925s] -- Up-to-date: /home/hiro/rust_ws/install/actionlib_msgs/share/actionlib_msgs/cmake/actionlib_msgs__rosidl_typesupport_introspection_cExport.cmake
[0.925s] -- Up-to-date: /home/hiro/rust_ws/install/actionlib_msgs/share/actionlib_msgs/cmake/actionlib_msgs__rosidl_typesupport_introspection_cExport-noconfig.cmake
[0.925s] -- Up-to-date: /home/hiro/rust_ws/install/actionlib_msgs/share/actionlib_msgs/cmake/actionlib_msgs__rosidl_typesupport_cExport.cmake
[0.925s] -- Up-to-date: /home/hiro/rust_ws/install/actionlib_msgs/share/actionlib_msgs/cmake/actionlib_msgs__rosidl_typesupport_cExport-noconfig.cmake
[0.925s] -- Up-to-date: /home/hiro/rust_ws/install/actionlib_msgs/share/actionlib_msgs/cmake/actionlib_msgs__rosidl_typesupport_introspection_cppExport.cmake
[0.925s] -- Up-to-date: /home/hiro/rust_ws/install/actionlib_msgs/share/actionlib_msgs/cmake/actionlib_msgs__rosidl_typesupport_introspection_cppExport-noconfig.cmake
[0.926s] -- Up-to-date: /home/hiro/rust_ws/install/actionlib_msgs/share/actionlib_msgs/cmake/actionlib_msgs__rosidl_typesupport_cppExport.cmake
[0.926s] -- Up-to-date: /home/hiro/rust_ws/install/actionlib_msgs/share/actionlib_msgs/cmake/actionlib_msgs__rosidl_typesupport_cppExport-noconfig.cmake
[0.926s] -- Up-to-date: /home/hiro/rust_ws/install/actionlib_msgs/share/actionlib_msgs/cmake/export_actionlib_msgs__rosidl_generator_pyExport.cmake
[0.926s] -- Up-to-date: /home/hiro/rust_ws/install/actionlib_msgs/share/actionlib_msgs/cmake/export_actionlib_msgs__rosidl_generator_pyExport-noconfig.cmake
[0.926s] -- Up-to-date: /home/hiro/rust_ws/install/actionlib_msgs/share/actionlib_msgs/cmake/rosidl_cmake-extras.cmake
[0.926s] -- Up-to-date: /home/hiro/rust_ws/install/actionlib_msgs/share/actionlib_msgs/cmake/ament_cmake_export_dependencies-extras.cmake
[0.926s] -- Up-to-date: /home/hiro/rust_ws/install/actionlib_msgs/share/actionlib_msgs/cmake/ament_cmake_export_include_directories-extras.cmake
[0.926s] -- Up-to-date: /home/hiro/rust_ws/install/actionlib_msgs/share/actionlib_msgs/cmake/ament_cmake_export_libraries-extras.cmake
[0.926s] -- Up-to-date: /home/hiro/rust_ws/install/actionlib_msgs/share/actionlib_msgs/cmake/ament_cmake_export_targets-extras.cmake
[0.926s] -- Up-to-date: /home/hiro/rust_ws/install/actionlib_msgs/share/actionlib_msgs/cmake/rosidl_cmake_export_typesupport_targets-extras.cmake
[0.927s] -- Up-to-date: /home/hiro/rust_ws/install/actionlib_msgs/share/actionlib_msgs/cmake/rosidl_cmake_export_typesupport_libraries-extras.cmake
[0.927s] -- Up-to-date: /home/hiro/rust_ws/install/actionlib_msgs/share/actionlib_msgs/cmake/actionlib_msgsConfig.cmake
[0.927s] -- Up-to-date: /home/hiro/rust_ws/install/actionlib_msgs/share/actionlib_msgs/cmake/actionlib_msgsConfig-version.cmake
[0.927s] -- Up-to-date: /home/hiro/rust_ws/install/actionlib_msgs/share/actionlib_msgs/package.xml
[0.928s] Invoked command in '/home/hiro/rust_ws/build/actionlib_msgs' returned '0': AMENT_PREFIX_PATH=/home/hiro/rust_ws/install/std_msgs:/home/hiro/rust_ws/install/builtin_interfaces:/home/hiro/rust_ws/install/rosidl_default_runtime:/home/hiro/rust_ws/install/rosidl_default_generators:/home/hiro/rust_ws/install/rosidl_generator_rs:/home/hiro/rust_ws/install/rosidl_runtime_rs:${AMENT_PREFIX_PATH} CMAKE_PREFIX_PATH=/home/hiro/rust_ws/install/std_msgs:/home/hiro/rust_ws/install/builtin_interfaces:/home/hiro/rust_ws/install/rosidl_default_runtime:/home/hiro/rust_ws/install/rosidl_default_generators:/home/hiro/rust_ws/install/rosidl_generator_rs:/home/hiro/ws_livox/install/livox_ros_driver2:/opt/ros/humble LD_LIBRARY_PATH=/home/hiro/rust_ws/install/std_msgs/lib:/home/hiro/rust_ws/install/builtin_interfaces/lib:${LD_LIBRARY_PATH} PYTHONPATH=/home/hiro/rust_ws/install/std_msgs/local/lib/python3.10/dist-packages:/home/hiro/rust_ws/install/builtin_interfaces/local/lib/python3.10/dist-packages:/home/hiro/rust_ws/install/rosidl_generator_rs/local/lib/python3.10/dist-packages:${PYTHONPATH} /usr/bin/cmake --install /home/hiro/rust_ws/build/actionlib_msgs
